Execute Anonymous

================================

Http http = new Http();
HttpRequest request = new HttpRequest();
request.setEndpoint('https://th-apex-http-callout.herokuapp.com/animals');
request.setMethod('GET');
HttpResponse response = http.send(request);
// If the request is successful, parse the JSON response.
if (response.getStatusCode() == 200) {
    // Deserialize the JSON string into collections of primitive data types.
    Map<String, Object> results = (Map<String, Object>) JSON.deserializeUntyped(response.getBody());
    // Cast the values in the 'animals' key as a list
    List<Object> animals = (List<Object>) results.get('animals');
    System.debug('Received the following animals:');
    for (Object animal: animals) {
        System.debug(animal);
    }
}

================================

31.0 APEX_CODE,DEBUG;APEX_PROFILING,DEBUG;CALLOUT,INFO;DB,INFO;VALIDATION,INFO;WORKFLOW,INFO
Execute Anonymous: Http http = new Http();
Execute Anonymous: HttpRequest request = new HttpRequest();
Execute Anonymous: request.setEndpoint('https://th-apex-http-callout.herokuapp.com/animals');
Execute Anonymous: request.setMethod('GET');
Execute Anonymous: HttpResponse response = http.send(request);
Execute Anonymous: // If the request is successful, parse the JSON response.
Execute Anonymous: if (response.getStatusCode() == 200) {
Execute Anonymous:     // Deserialize the JSON string into collections of primitive data types.
Execute Anonymous:     Map<String, Object> results = (Map<String, Object>) JSON.deserializeUntyped(response.getBody());
Execute Anonymous:     // Cast the values in the 'animals' key as a list
Execute Anonymous:     List<Object> animals = (List<Object>) results.get('animals');
Execute Anonymous:     System.debug('Received the following animals:');
Execute Anonymous:     for (Object animal: animals) {
Execute Anonymous:         System.debug(animal);
Execute Anonymous:     }
Execute Anonymous: }
03:32:33.34 (34122899)|EXECUTION_STARTED
03:32:33.34 (34144410)|CODE_UNIT_STARTED|[EXTERNAL]|execute_anonymous_apex
03:32:33.34 (34847685)|CALLOUT_REQUEST|[5]|System.HttpRequest[Endpoint=https://th-apex-http-callout.herokuapp.com/animals, Method=GET]
03:32:33.34 (119554805)|CALLOUT_RESPONSE|[5]|System.HttpResponse[Status=OK, StatusCode=200]
03:32:33.34 (120717210)|USER_DEBUG|[12]|DEBUG|Received the following animals:
03:32:33.34 (120871407)|USER_DEBUG|[14]|DEBUG|majestic badger
03:32:33.34 (120939596)|USER_DEBUG|[14]|DEBUG|fluffy bunny
03:32:33.34 (120973168)|USER_DEBUG|[14]|DEBUG|scary bear
03:32:33.34 (121014171)|USER_DEBUG|[14]|DEBUG|chicken
03:32:33.123 (123510617)|CUMULATIVE_LIMIT_USAGE
03:32:33.123 (123510617)|LIMIT_USAGE_FOR_NS|(default)|
  Number of SOQL queries: 0 out of 100
  Number of query rows: 0 out of 50000
  Number of SOSL queries: 0 out of 20
  Number of DML statements: 0 out of 150
  Number of DML rows: 0 out of 10000
  Maximum CPU time: 0 out of 10000
  Maximum heap size: 0 out of 6000000
  Number of callouts: 1 out of 100
  Number of Email Invocations: 0 out of 10
  Number of future calls: 0 out of 50
  Number of queueable jobs added to the queue: 0 out of 50
  Number of Mobile Apex push calls: 0 out of 10

03:32:33.123 (123510617)|CUMULATIVE_LIMIT_USAGE_END

03:32:33.34 (123591319)|CODE_UNIT_FINISHED|execute_anonymous_apex
03:32:33.34 (124792853)|EXECUTION_FINISHED