36.0 APEX_CODE,FINEST;APEX_PROFILING,INFO;CALLOUT,INFO;DB,INFO;SYSTEM,DEBUG;VALIDATION,INFO;VISUALFORCE,INFO;WORKFLOW,INFO
02:22:30.0 (479400)|EXECUTION_STARTED
02:22:30.0 (517495)|CODE_UNIT_STARTED|[EXTERNAL]|aura
02:22:30.0 (986085)|HEAP_ALLOCATE|[72]|Bytes:3
02:22:30.0 (1041922)|HEAP_ALLOCATE|[77]|Bytes:152
02:22:30.0 (1058898)|HEAP_ALLOCATE|[342]|Bytes:408
02:22:30.0 (1078684)|HEAP_ALLOCATE|[355]|Bytes:408
02:22:30.0 (1094070)|HEAP_ALLOCATE|[467]|Bytes:48
02:22:30.0 (1124385)|HEAP_ALLOCATE|[139]|Bytes:6
02:22:30.0 (1147997)|HEAP_ALLOCATE|[EXTERNAL]|Bytes:3
02:22:30.0 (1166954)|HEAP_ALLOCATE|[EXTERNAL]|Bytes:3
02:22:30.0 (2858009)|CODE_UNIT_STARTED|[EXTERNAL]|01p36000006RnKY|InventoryController.findByString
02:22:30.0 (2977915)|HEAP_ALLOCATE|[EXTERNAL]|Bytes:13
02:22:30.0 (2999795)|METHOD_ENTRY|[1]|01p36000006RnKY|InventoryController.InventoryController()
02:22:30.0 (3005736)|STATEMENT_EXECUTE|[1]
02:22:30.0 (3013682)|STATEMENT_EXECUTE|[1]
02:22:30.0 (3052219)|HEAP_ALLOCATE|[50]|Bytes:5
02:22:30.0 (3079222)|HEAP_ALLOCATE|[56]|Bytes:5
02:22:30.0 (3087715)|HEAP_ALLOCATE|[64]|Bytes:7
02:22:30.0 (3113751)|SYSTEM_MODE_ENTER|false
02:22:30.0 (3135962)|HEAP_ALLOCATE|[EXTERNAL]|Bytes:5
02:22:30.0 (3145758)|SYSTEM_MODE_EXIT|false
02:22:30.0 (3156858)|METHOD_EXIT|[1]|InventoryController
02:22:30.0 (3161879)|HEAP_ALLOCATE|[EXTERNAL]|Bytes:3
02:22:30.0 (3169231)|SYSTEM_MODE_ENTER|false
02:22:30.0 (3179345)|VARIABLE_SCOPE_BEGIN|[26]|searchKey|String|false|false
02:22:30.0 (3207177)|VARIABLE_ASSIGNMENT|[26]|searchKey|"Ipa"
02:22:30.0 (3221820)|HEAP_ALLOCATE|[27]|Bytes:5
02:22:30.0 (3225353)|STATEMENT_EXECUTE|[26]
02:22:30.0 (3227075)|STATEMENT_EXECUTE|[27]
02:22:30.0 (3230604)|HEAP_ALLOCATE|[27]|Bytes:1
02:22:30.0 (3245192)|HEAP_ALLOCATE|[27]|Bytes:5
02:22:30.0 (3251007)|VARIABLE_SCOPE_BEGIN|[27]|searchStr|String|false|false
02:22:30.0 (3257791)|VARIABLE_ASSIGNMENT|[27]|searchStr|"%Ipa%"
02:22:30.0 (3259740)|STATEMENT_EXECUTE|[28]
02:22:30.0 (3262425)|HEAP_ALLOCATE|[28]|Bytes:241
02:22:30.0 (3274111)|HEAP_ALLOCATE|[28]|Bytes:4
02:22:30.0 (3285269)|HEAP_ALLOCATE|[28]|Bytes:7
02:22:30.0 (3303232)|HEAP_ALLOCATE|[28]|Bytes:7
02:22:30.0 (7373902)|SOQL_EXECUTE_BEGIN|[28]|Aggregations:0|SELECT id, name, Inventory_Number__c, Customer__r.Name, Customer__r.id, Contact_Person__r.Name, Contact_Person__r.id, Value__c, LastModifiedDate FROM Computer_Inventory__c WHERE (Customer__r.Name LIKE :tmpVar1 OR name LIKE :tmpVar2) LIMIT 50
02:22:30.0 (29877901)|SOQL_EXECUTE_END|[28]|Rows:2
02:22:30.0 (29900503)|HEAP_ALLOCATE|[28]|Bytes:12
02:22:30.0 (29931568)|HEAP_ALLOCATE|[28]|Bytes:657
02:22:30.0 (29980482)|HEAP_ALLOCATE|[28]|Bytes:12
02:22:30.0 (30006644)|SYSTEM_MODE_EXIT|false
02:22:30.30 (30048529)|CUMULATIVE_LIMIT_USAGE
02:22:30.30 (30048529)|LIMIT_USAGE_FOR_NS|(default)|
  Number of SOQL queries: 1 out of 100
  Number of query rows: 2 out of 50000
  Number of SOSL queries: 0 out of 20
  Number of DML statements: 0 out of 150
  Number of DML rows: 0 out of 10000
  Maximum CPU time: 0 out of 10000
  Maximum heap size: 0 out of 6000000
  Number of callouts: 0 out of 100
  Number of Email Invocations: 0 out of 10
  Number of future calls: 0 out of 50
  Number of queueable jobs added to the queue: 0 out of 50
  Number of Mobile Apex push calls: 0 out of 10

02:22:30.30 (30048529)|CUMULATIVE_LIMIT_USAGE_END

02:22:30.0 (30105895)|CODE_UNIT_FINISHED|InventoryController.findByString
