36.0 APEX_CODE,FINEST;APEX_PROFILING,INFO;CALLOUT,INFO;DB,INFO;SYSTEM,DEBUG;VALIDATION,INFO;VISUALFORCE,INFO;WORKFLOW,INFO
02:40:37.0 (452582)|EXECUTION_STARTED
02:40:37.0 (486878)|CODE_UNIT_STARTED|[EXTERNAL]|aura
02:40:37.0 (967055)|HEAP_ALLOCATE|[72]|Bytes:3
02:40:37.0 (1033434)|HEAP_ALLOCATE|[77]|Bytes:152
02:40:37.0 (1057796)|HEAP_ALLOCATE|[342]|Bytes:408
02:40:37.0 (1078842)|HEAP_ALLOCATE|[355]|Bytes:408
02:40:37.0 (1097692)|HEAP_ALLOCATE|[467]|Bytes:48
02:40:37.0 (1130041)|HEAP_ALLOCATE|[139]|Bytes:6
02:40:37.0 (1159997)|HEAP_ALLOCATE|[EXTERNAL]|Bytes:2
02:40:37.0 (1176723)|HEAP_ALLOCATE|[EXTERNAL]|Bytes:2
02:40:37.0 (2419873)|CODE_UNIT_STARTED|[EXTERNAL]|01p36000006RnKY|InventoryController.findByString
02:40:37.0 (2536039)|HEAP_ALLOCATE|[EXTERNAL]|Bytes:4
02:40:37.0 (2554002)|METHOD_ENTRY|[1]|01p36000006RnKY|InventoryController.InventoryController()
02:40:37.0 (2558718)|STATEMENT_EXECUTE|[1]
02:40:37.0 (2565441)|STATEMENT_EXECUTE|[1]
02:40:37.0 (2606664)|HEAP_ALLOCATE|[50]|Bytes:5
02:40:37.0 (2638338)|HEAP_ALLOCATE|[56]|Bytes:5
02:40:37.0 (2649103)|HEAP_ALLOCATE|[64]|Bytes:7
02:40:37.0 (2678924)|SYSTEM_MODE_ENTER|false
02:40:37.0 (2708906)|HEAP_ALLOCATE|[EXTERNAL]|Bytes:5
02:40:37.0 (2719172)|SYSTEM_MODE_EXIT|false
02:40:37.0 (2730793)|METHOD_EXIT|[1]|InventoryController
02:40:37.0 (2735886)|HEAP_ALLOCATE|[EXTERNAL]|Bytes:2
02:40:37.0 (2742443)|SYSTEM_MODE_ENTER|false
02:40:37.0 (2753871)|VARIABLE_SCOPE_BEGIN|[11]|searchKey|String|false|false
02:40:37.0 (2786390)|VARIABLE_ASSIGNMENT|[11]|searchKey|"As"
02:40:37.0 (2802753)|HEAP_ALLOCATE|[12]|Bytes:5
02:40:37.0 (2808652)|STATEMENT_EXECUTE|[11]
02:40:37.0 (2810312)|STATEMENT_EXECUTE|[12]
02:40:37.0 (2813461)|HEAP_ALLOCATE|[12]|Bytes:1
02:40:37.0 (2830129)|HEAP_ALLOCATE|[12]|Bytes:4
02:40:37.0 (2837133)|VARIABLE_SCOPE_BEGIN|[12]|searchStr|String|false|false
02:40:37.0 (2846894)|VARIABLE_ASSIGNMENT|[12]|searchStr|"%As%"
02:40:37.0 (2849352)|STATEMENT_EXECUTE|[13]
02:40:37.0 (2852668)|HEAP_ALLOCATE|[13]|Bytes:243
02:40:37.0 (2866516)|HEAP_ALLOCATE|[13]|Bytes:4
02:40:37.0 (2878998)|HEAP_ALLOCATE|[13]|Bytes:7
02:40:37.0 (2897775)|HEAP_ALLOCATE|[13]|Bytes:7
02:40:37.0 (7277918)|SOQL_EXECUTE_BEGIN|[13]|Aggregations:0|SELECT id, name, Inventory_Number__c, Customer__r.Name, Customer__r.id, Contact_Person__r.Name, Contact_Person__r.id, Value__c, LastModifiedDate FROM Computer_Inventory__c WHERE (Customer__r.Name LIKE :tmpVar1 OR name LIKE :tmpVar2) LIMIT 1000
02:40:37.0 (23286134)|SOQL_EXECUTE_END|[13]|Rows:1
02:40:37.0 (23306139)|HEAP_ALLOCATE|[13]|Bytes:8
02:40:37.0 (23329908)|HEAP_ALLOCATE|[13]|Bytes:272
02:40:37.0 (23381096)|HEAP_ALLOCATE|[13]|Bytes:8
02:40:37.0 (23411091)|SYSTEM_MODE_EXIT|false
02:40:37.23 (23455869)|CUMULATIVE_LIMIT_USAGE
02:40:37.23 (23455869)|LIMIT_USAGE_FOR_NS|(default)|
  Number of SOQL queries: 1 out of 100
  Number of query rows: 1 out of 50000
  Number of SOSL queries: 0 out of 20
  Number of DML statements: 0 out of 150
  Number of DML rows: 0 out of 10000
  Maximum CPU time: 0 out of 10000
  Maximum heap size: 0 out of 6000000
  Number of callouts: 0 out of 100
  Number of Email Invocations: 0 out of 10
  Number of future calls: 0 out of 50
  Number of queueable jobs added to the queue: 0 out of 50
  Number of Mobile Apex push calls: 0 out of 10

02:40:37.23 (23455869)|CUMULATIVE_LIMIT_USAGE_END

02:40:37.0 (23517861)|CODE_UNIT_FINISHED|InventoryController.findByString
