36.0 APEX_CODE,FINEST;APEX_PROFILING,INFO;CALLOUT,INFO;DB,INFO;SYSTEM,DEBUG;VALIDATION,INFO;VISUALFORCE,INFO;WORKFLOW,INFO
02:24:09.0 (90362)|EXECUTION_STARTED
02:24:09.0 (122917)|CODE_UNIT_STARTED|[EXTERNAL]|aura
02:24:09.0 (623285)|HEAP_ALLOCATE|[72]|Bytes:3
02:24:09.0 (701130)|HEAP_ALLOCATE|[77]|Bytes:152
02:24:09.0 (731937)|HEAP_ALLOCATE|[342]|Bytes:408
02:24:09.0 (757517)|HEAP_ALLOCATE|[355]|Bytes:408
02:24:09.0 (781457)|HEAP_ALLOCATE|[467]|Bytes:48
02:24:09.0 (827849)|HEAP_ALLOCATE|[139]|Bytes:6
02:24:09.0 (863986)|HEAP_ALLOCATE|[EXTERNAL]|Bytes:2
02:24:09.0 (881335)|HEAP_ALLOCATE|[EXTERNAL]|Bytes:2
02:24:09.0 (2200957)|CODE_UNIT_STARTED|[EXTERNAL]|01p36000006RnKY|InventoryController.findByString
02:24:09.0 (2356686)|HEAP_ALLOCATE|[EXTERNAL]|Bytes:13
02:24:09.0 (2381156)|METHOD_ENTRY|[1]|01p36000006RnKY|InventoryController.InventoryController()
02:24:09.0 (2387768)|STATEMENT_EXECUTE|[1]
02:24:09.0 (2396926)|STATEMENT_EXECUTE|[1]
02:24:09.0 (2439997)|HEAP_ALLOCATE|[50]|Bytes:5
02:24:09.0 (2478623)|HEAP_ALLOCATE|[56]|Bytes:5
02:24:09.0 (2498344)|HEAP_ALLOCATE|[64]|Bytes:7
02:24:09.0 (2542808)|SYSTEM_MODE_ENTER|false
02:24:09.0 (2565622)|HEAP_ALLOCATE|[EXTERNAL]|Bytes:5
02:24:09.0 (2578666)|SYSTEM_MODE_EXIT|false
02:24:09.0 (2592747)|METHOD_EXIT|[1]|InventoryController
02:24:09.0 (2598012)|HEAP_ALLOCATE|[EXTERNAL]|Bytes:2
02:24:09.0 (2605870)|SYSTEM_MODE_ENTER|false
02:24:09.0 (2621003)|VARIABLE_SCOPE_BEGIN|[26]|searchKey|String|false|false
02:24:09.0 (2651037)|VARIABLE_ASSIGNMENT|[26]|searchKey|"Go"
02:24:09.0 (2669817)|HEAP_ALLOCATE|[27]|Bytes:5
02:24:09.0 (2675762)|STATEMENT_EXECUTE|[26]
02:24:09.0 (2677306)|STATEMENT_EXECUTE|[27]
02:24:09.0 (2679857)|HEAP_ALLOCATE|[27]|Bytes:1
02:24:09.0 (2705247)|HEAP_ALLOCATE|[27]|Bytes:4
02:24:09.0 (2714132)|VARIABLE_SCOPE_BEGIN|[27]|searchStr|String|false|false
02:24:09.0 (2724682)|VARIABLE_ASSIGNMENT|[27]|searchStr|"%Go%"
02:24:09.0 (2727283)|STATEMENT_EXECUTE|[28]
02:24:09.0 (2731210)|HEAP_ALLOCATE|[28]|Bytes:241
02:24:09.0 (2751072)|HEAP_ALLOCATE|[28]|Bytes:4
02:24:09.0 (2773695)|HEAP_ALLOCATE|[28]|Bytes:7
02:24:09.0 (2798700)|HEAP_ALLOCATE|[28]|Bytes:7
02:24:09.0 (6491447)|SOQL_EXECUTE_BEGIN|[28]|Aggregations:0|SELECT id, name, Inventory_Number__c, Customer__r.Name, Customer__r.id, Contact_Person__r.Name, Contact_Person__r.id, Value__c, LastModifiedDate FROM Computer_Inventory__c WHERE (Customer__r.Name LIKE :tmpVar1 OR name LIKE :tmpVar2) LIMIT 50
02:24:09.0 (27129297)|SOQL_EXECUTE_END|[28]|Rows:6
02:24:09.0 (27160108)|HEAP_ALLOCATE|[28]|Bytes:28
02:24:09.0 (27208702)|HEAP_ALLOCATE|[28]|Bytes:1798
02:24:09.0 (27274631)|HEAP_ALLOCATE|[28]|Bytes:28
02:24:09.0 (27303352)|SYSTEM_MODE_EXIT|false
02:24:09.27 (27355029)|CUMULATIVE_LIMIT_USAGE
02:24:09.27 (27355029)|LIMIT_USAGE_FOR_NS|(default)|
  Number of SOQL queries: 1 out of 100
  Number of query rows: 6 out of 50000
  Number of SOSL queries: 0 out of 20
  Number of DML statements: 0 out of 150
  Number of DML rows: 0 out of 10000
  Maximum CPU time: 0 out of 10000
  Maximum heap size: 0 out of 6000000
  Number of callouts: 0 out of 100
  Number of Email Invocations: 0 out of 10
  Number of future calls: 0 out of 50
  Number of queueable jobs added to the queue: 0 out of 50
  Number of Mobile Apex push calls: 0 out of 10

02:24:09.27 (27355029)|CUMULATIVE_LIMIT_USAGE_END

02:24:09.0 (27412888)|CODE_UNIT_FINISHED|InventoryController.findByString
ing
