36.0 APEX_CODE,FINEST;APEX_PROFILING,INFO;CALLOUT,INFO;DB,INFO;SYSTEM,DEBUG;VALIDATION,INFO;VISUALFORCE,INFO;WORKFLOW,INFO
02:40:38.0 (573863)|EXECUTION_STARTED
02:40:38.0 (616584)|CODE_UNIT_STARTED|[EXTERNAL]|aura
02:40:38.0 (1851400)|HEAP_ALLOCATE|[72]|Bytes:3
02:40:38.0 (1926510)|HEAP_ALLOCATE|[77]|Bytes:152
02:40:38.0 (1948303)|HEAP_ALLOCATE|[342]|Bytes:408
02:40:38.0 (1969322)|HEAP_ALLOCATE|[355]|Bytes:408
02:40:38.0 (1989296)|HEAP_ALLOCATE|[467]|Bytes:48
02:40:38.0 (2021856)|HEAP_ALLOCATE|[139]|Bytes:6
02:40:38.0 (2054241)|HEAP_ALLOCATE|[EXTERNAL]|Bytes:3
02:40:38.0 (2074898)|HEAP_ALLOCATE|[EXTERNAL]|Bytes:3
02:40:38.0 (3649057)|CODE_UNIT_STARTED|[EXTERNAL]|01p36000006RnKY|InventoryController.findByString
02:40:38.0 (3880692)|HEAP_ALLOCATE|[EXTERNAL]|Bytes:4
02:40:38.0 (3901876)|METHOD_ENTRY|[1]|01p36000006RnKY|InventoryController.InventoryController()
02:40:38.0 (3906209)|STATEMENT_EXECUTE|[1]
02:40:38.0 (3912188)|STATEMENT_EXECUTE|[1]
02:40:38.0 (3948797)|HEAP_ALLOCATE|[50]|Bytes:5
02:40:38.0 (3978110)|HEAP_ALLOCATE|[56]|Bytes:5
02:40:38.0 (3992235)|HEAP_ALLOCATE|[64]|Bytes:7
02:40:38.0 (4021434)|SYSTEM_MODE_ENTER|false
02:40:38.0 (4042839)|HEAP_ALLOCATE|[EXTERNAL]|Bytes:5
02:40:38.0 (4052319)|SYSTEM_MODE_EXIT|false
02:40:38.0 (4063280)|METHOD_EXIT|[1]|InventoryController
02:40:38.0 (4068517)|HEAP_ALLOCATE|[EXTERNAL]|Bytes:3
02:40:38.0 (4075777)|SYSTEM_MODE_ENTER|false
02:40:38.0 (4085073)|VARIABLE_SCOPE_BEGIN|[11]|searchKey|String|false|false
02:40:38.0 (4120278)|VARIABLE_ASSIGNMENT|[11]|searchKey|"Asu"
02:40:38.0 (4135080)|HEAP_ALLOCATE|[12]|Bytes:5
02:40:38.0 (4139045)|STATEMENT_EXECUTE|[11]
02:40:38.0 (4140590)|STATEMENT_EXECUTE|[12]
02:40:38.0 (4143207)|HEAP_ALLOCATE|[12]|Bytes:1
02:40:38.0 (4157055)|HEAP_ALLOCATE|[12]|Bytes:5
02:40:38.0 (4163603)|VARIABLE_SCOPE_BEGIN|[12]|searchStr|String|false|false
02:40:38.0 (4170408)|VARIABLE_ASSIGNMENT|[12]|searchStr|"%Asu%"
02:40:38.0 (4172964)|STATEMENT_EXECUTE|[13]
02:40:38.0 (4176156)|HEAP_ALLOCATE|[13]|Bytes:243
02:40:38.0 (4188832)|HEAP_ALLOCATE|[13]|Bytes:4
02:40:38.0 (4201308)|HEAP_ALLOCATE|[13]|Bytes:7
02:40:38.0 (4225499)|HEAP_ALLOCATE|[13]|Bytes:7
02:40:38.0 (9002203)|SOQL_EXECUTE_BEGIN|[13]|Aggregations:0|SELECT id, name, Inventory_Number__c, Customer__r.Name, Customer__r.id, Contact_Person__r.Name, Contact_Person__r.id, Value__c, LastModifiedDate FROM Computer_Inventory__c WHERE (Customer__r.Name LIKE :tmpVar1 OR name LIKE :tmpVar2) LIMIT 1000
02:40:38.0 (29946123)|SOQL_EXECUTE_END|[13]|Rows:1
02:40:38.0 (29982202)|HEAP_ALLOCATE|[13]|Bytes:8
02:40:38.0 (30014044)|HEAP_ALLOCATE|[13]|Bytes:272
02:40:38.0 (30072394)|HEAP_ALLOCATE|[13]|Bytes:8
02:40:38.0 (30110974)|SYSTEM_MODE_EXIT|false
02:40:38.30 (30164767)|CUMULATIVE_LIMIT_USAGE
02:40:38.30 (30164767)|LIMIT_USAGE_FOR_NS|(default)|
  Number of SOQL queries: 1 out of 100
  Number of query rows: 1 out of 50000
  Number of SOSL queries: 0 out of 20
  Number of DML statements: 0 out of 150
  Number of DML rows: 0 out of 10000
  Maximum CPU time: 0 out of 10000
  Maximum heap size: 0 out of 6000000
  Number of callouts: 0 out of 100
  Number of Email Invocations: 0 out of 10
  Number of future calls: 0 out of 50
  Number of queueable jobs added to the queue: 0 out of 50
  Number of Mobile Apex push calls: 0 out of 10

02:40:38.30 (30164767)|CUMULATIVE_LIMIT_USAGE_END

02:40:38.0 (30224657)|CODE_UNIT_FINISHED|InventoryController.findByString
