36.0 APEX_CODE,FINEST;APEX_PROFILING,INFO;CALLOUT,INFO;DB,INFO;SYSTEM,DEBUG;VALIDATION,INFO;VISUALFORCE,INFO;WORKFLOW,INFO
02:24:07.0 (92501)|EXECUTION_STARTED
02:24:07.0 (124080)|CODE_UNIT_STARTED|[EXTERNAL]|aura
02:24:07.0 (591483)|HEAP_ALLOCATE|[72]|Bytes:3
02:24:07.0 (657366)|HEAP_ALLOCATE|[77]|Bytes:152
02:24:07.0 (681452)|HEAP_ALLOCATE|[342]|Bytes:408
02:24:07.0 (704862)|HEAP_ALLOCATE|[355]|Bytes:408
02:24:07.0 (727114)|HEAP_ALLOCATE|[467]|Bytes:48
02:24:07.0 (769177)|HEAP_ALLOCATE|[139]|Bytes:6
02:24:07.0 (802553)|HEAP_ALLOCATE|[EXTERNAL]|Bytes:1
02:24:07.0 (820557)|HEAP_ALLOCATE|[EXTERNAL]|Bytes:1
02:24:07.0 (2019147)|CODE_UNIT_STARTED|[EXTERNAL]|01p36000006RnKY|InventoryController.findByString
02:24:07.0 (2139426)|HEAP_ALLOCATE|[EXTERNAL]|Bytes:13
02:24:07.0 (2158560)|METHOD_ENTRY|[1]|01p36000006RnKY|InventoryController.InventoryController()
02:24:07.0 (2163460)|STATEMENT_EXECUTE|[1]
02:24:07.0 (2171634)|STATEMENT_EXECUTE|[1]
02:24:07.0 (2209774)|HEAP_ALLOCATE|[50]|Bytes:5
02:24:07.0 (2248626)|HEAP_ALLOCATE|[56]|Bytes:5
02:24:07.0 (2263007)|HEAP_ALLOCATE|[64]|Bytes:7
02:24:07.0 (2296442)|SYSTEM_MODE_ENTER|false
02:24:07.0 (2319164)|HEAP_ALLOCATE|[EXTERNAL]|Bytes:5
02:24:07.0 (2327590)|SYSTEM_MODE_EXIT|false
02:24:07.0 (2341188)|METHOD_EXIT|[1]|InventoryController
02:24:07.0 (2346143)|HEAP_ALLOCATE|[EXTERNAL]|Bytes:1
02:24:07.0 (2353445)|SYSTEM_MODE_ENTER|false
02:24:07.0 (2361577)|VARIABLE_SCOPE_BEGIN|[26]|searchKey|String|false|false
02:24:07.0 (2382517)|VARIABLE_ASSIGNMENT|[26]|searchKey|"G"
02:24:07.0 (2398069)|HEAP_ALLOCATE|[27]|Bytes:5
02:24:07.0 (2402323)|STATEMENT_EXECUTE|[26]
02:24:07.0 (2403596)|STATEMENT_EXECUTE|[27]
02:24:07.0 (2406403)|HEAP_ALLOCATE|[27]|Bytes:1
02:24:07.0 (2427701)|HEAP_ALLOCATE|[27]|Bytes:3
02:24:07.0 (2436381)|VARIABLE_SCOPE_BEGIN|[27]|searchStr|String|false|false
02:24:07.0 (2448794)|VARIABLE_ASSIGNMENT|[27]|searchStr|"%G%"
02:24:07.0 (2451725)|STATEMENT_EXECUTE|[28]
02:24:07.0 (2456191)|HEAP_ALLOCATE|[28]|Bytes:241
02:24:07.0 (2475853)|HEAP_ALLOCATE|[28]|Bytes:4
02:24:07.0 (2492010)|HEAP_ALLOCATE|[28]|Bytes:7
02:24:07.0 (2515041)|HEAP_ALLOCATE|[28]|Bytes:7
02:24:07.0 (4135684)|SOQL_EXECUTE_BEGIN|[28]|Aggregations:0|SELECT id, name, Inventory_Number__c, Customer__r.Name, Customer__r.id, Contact_Person__r.Name, Contact_Person__r.id, Value__c, LastModifiedDate FROM Computer_Inventory__c WHERE (Customer__r.Name LIKE :tmpVar1 OR name LIKE :tmpVar2) LIMIT 50
02:24:07.0 (22679497)|SOQL_EXECUTE_END|[28]|Rows:6
02:24:07.0 (22710106)|HEAP_ALLOCATE|[28]|Bytes:28
02:24:07.0 (22755264)|HEAP_ALLOCATE|[28]|Bytes:1798
02:24:07.0 (22896816)|HEAP_ALLOCATE|[28]|Bytes:28
02:24:07.0 (22919415)|SYSTEM_MODE_EXIT|false
02:24:07.22 (22973904)|CUMULATIVE_LIMIT_USAGE
02:24:07.22 (22973904)|LIMIT_USAGE_FOR_NS|(default)|
  Number of SOQL queries: 1 out of 100
  Number of query rows: 6 out of 50000
  Number of SOSL queries: 0 out of 20
  Number of DML statements: 0 out of 150
  Number of DML rows: 0 out of 10000
  Maximum CPU time: 0 out of 10000
  Maximum heap size: 0 out of 6000000
  Number of callouts: 0 out of 100
  Number of Email Invocations: 0 out of 10
  Number of future calls: 0 out of 50
  Number of queueable jobs added to the queue: 0 out of 50
  Number of Mobile Apex push calls: 0 out of 10

02:24:07.22 (22973904)|CUMULATIVE_LIMIT_USAGE_END

02:24:07.0 (23033872)|CODE_UNIT_FINISHED|InventoryController.findByString
