36.0 APEX_CODE,FINEST;APEX_PROFILING,INFO;CALLOUT,INFO;DB,INFO;SYSTEM,DEBUG;VALIDATION,INFO;VISUALFORCE,INFO;WORKFLOW,INFO
02:24:10.0 (477322)|EXECUTION_STARTED
02:24:10.0 (529756)|CODE_UNIT_STARTED|[EXTERNAL]|aura
02:24:10.0 (1069604)|HEAP_ALLOCATE|[72]|Bytes:3
02:24:10.0 (1120995)|HEAP_ALLOCATE|[77]|Bytes:152
02:24:10.0 (1138091)|HEAP_ALLOCATE|[342]|Bytes:408
02:24:10.0 (1154074)|HEAP_ALLOCATE|[355]|Bytes:408
02:24:10.0 (1167650)|HEAP_ALLOCATE|[467]|Bytes:48
02:24:10.0 (1196808)|HEAP_ALLOCATE|[139]|Bytes:6
02:24:10.0 (2862003)|CODE_UNIT_STARTED|[EXTERNAL]|01p36000006RnKY|InventoryController.findByString
02:24:10.0 (3025713)|HEAP_ALLOCATE|[EXTERNAL]|Bytes:13
02:24:10.0 (3049466)|METHOD_ENTRY|[1]|01p36000006RnKY|InventoryController.InventoryController()
02:24:10.0 (3054706)|STATEMENT_EXECUTE|[1]
02:24:10.0 (3060979)|STATEMENT_EXECUTE|[1]
02:24:10.0 (3100971)|HEAP_ALLOCATE|[50]|Bytes:5
02:24:10.0 (3128129)|HEAP_ALLOCATE|[56]|Bytes:5
02:24:10.0 (3137383)|HEAP_ALLOCATE|[64]|Bytes:7
02:24:10.0 (3167041)|SYSTEM_MODE_ENTER|false
02:24:10.0 (3188344)|HEAP_ALLOCATE|[EXTERNAL]|Bytes:5
02:24:10.0 (3196783)|SYSTEM_MODE_EXIT|false
02:24:10.0 (3206781)|METHOD_EXIT|[1]|InventoryController
02:24:10.0 (3216510)|SYSTEM_MODE_ENTER|false
02:24:10.0 (3222815)|VARIABLE_SCOPE_BEGIN|[26]|searchKey|String|false|false
02:24:10.0 (3273651)|VARIABLE_ASSIGNMENT|[26]|searchKey|""
02:24:10.0 (3293774)|HEAP_ALLOCATE|[27]|Bytes:5
02:24:10.0 (3299543)|STATEMENT_EXECUTE|[26]
02:24:10.0 (3302115)|STATEMENT_EXECUTE|[27]
02:24:10.0 (3308342)|HEAP_ALLOCATE|[27]|Bytes:1
02:24:10.0 (3326561)|HEAP_ALLOCATE|[27]|Bytes:2
02:24:10.0 (3332957)|VARIABLE_SCOPE_BEGIN|[27]|searchStr|String|false|false
02:24:10.0 (3342443)|VARIABLE_ASSIGNMENT|[27]|searchStr|"%%"
02:24:10.0 (3344957)|STATEMENT_EXECUTE|[28]
02:24:10.0 (3347860)|HEAP_ALLOCATE|[28]|Bytes:241
02:24:10.0 (3359857)|HEAP_ALLOCATE|[28]|Bytes:4
02:24:10.0 (3370727)|HEAP_ALLOCATE|[28]|Bytes:7
02:24:10.0 (3386165)|HEAP_ALLOCATE|[28]|Bytes:7
02:24:10.0 (13092206)|SOQL_EXECUTE_BEGIN|[28]|Aggregations:0|SELECT id, name, Inventory_Number__c, Customer__r.Name, Customer__r.id, Contact_Person__r.Name, Contact_Person__r.id, Value__c, LastModifiedDate FROM Computer_Inventory__c WHERE (Customer__r.Name LIKE :tmpVar1 OR name LIKE :tmpVar2) LIMIT 50
02:24:10.0 (29356412)|SOQL_EXECUTE_END|[28]|Rows:8
02:24:10.0 (29384141)|HEAP_ALLOCATE|[28]|Bytes:36
02:24:10.0 (29445217)|HEAP_ALLOCATE|[28]|Bytes:2348
02:24:10.0 (34798552)|HEAP_ALLOCATE|[28]|Bytes:36
02:24:10.0 (34832804)|SYSTEM_MODE_EXIT|false
02:24:10.34 (34895092)|CUMULATIVE_LIMIT_USAGE
02:24:10.34 (34895092)|LIMIT_USAGE_FOR_NS|(default)|
  Number of SOQL queries: 1 out of 100
  Number of query rows: 8 out of 50000
  Number of SOSL queries: 0 out of 20
  Number of DML statements: 0 out of 150
  Number of DML rows: 0 out of 10000
  Maximum CPU time: 0 out of 10000
  Maximum heap size: 0 out of 6000000
  Number of callouts: 0 out of 100
  Number of Email Invocations: 0 out of 10
  Number of future calls: 0 out of 50
  Number of queueable jobs added to the queue: 0 out of 50
  Number of Mobile Apex push calls: 0 out of 10

02:24:10.34 (34895092)|CUMULATIVE_LIMIT_USAGE_END

02:24:10.0 (34959972)|CODE_UNIT_FINISHED|InventoryController.findByString
