36.0 APEX_CODE,FINEST;APEX_PROFILING,INFO;CALLOUT,INFO;DB,INFO;SYSTEM,DEBUG;VALIDATION,INFO;VISUALFORCE,INFO;WORKFLOW,INFO
02:26:56.0 (104028)|EXECUTION_STARTED
02:26:56.0 (138771)|CODE_UNIT_STARTED|[EXTERNAL]|01p36000006RnKY|InventoryController.findAll
02:26:56.0 (360319)|HEAP_ALLOCATE|[72]|Bytes:3
02:26:56.0 (434750)|HEAP_ALLOCATE|[77]|Bytes:152
02:26:56.0 (460261)|HEAP_ALLOCATE|[342]|Bytes:408
02:26:56.0 (484923)|HEAP_ALLOCATE|[355]|Bytes:408
02:26:56.0 (507050)|HEAP_ALLOCATE|[467]|Bytes:48
02:26:56.0 (552140)|HEAP_ALLOCATE|[139]|Bytes:6
02:26:56.0 (652886)|HEAP_ALLOCATE|[EXTERNAL]|Bytes:13
02:26:56.0 (673141)|METHOD_ENTRY|[1]|01p36000006RnKY|InventoryController.InventoryController()
02:26:56.0 (678364)|STATEMENT_EXECUTE|[1]
02:26:56.0 (687229)|STATEMENT_EXECUTE|[1]
02:26:56.0 (726747)|HEAP_ALLOCATE|[50]|Bytes:5
02:26:56.0 (759049)|HEAP_ALLOCATE|[56]|Bytes:5
02:26:56.0 (771835)|HEAP_ALLOCATE|[64]|Bytes:7
02:26:56.0 (806113)|SYSTEM_MODE_ENTER|false
02:26:56.0 (828827)|HEAP_ALLOCATE|[EXTERNAL]|Bytes:5
02:26:56.0 (840851)|SYSTEM_MODE_EXIT|false
02:26:56.0 (853428)|METHOD_EXIT|[1]|InventoryController
02:26:56.0 (864146)|SYSTEM_MODE_ENTER|false
02:26:56.0 (877871)|HEAP_ALLOCATE|[5]|Bytes:5
02:26:56.0 (883757)|STATEMENT_EXECUTE|[4]
02:26:56.0 (885153)|STATEMENT_EXECUTE|[5]
02:26:56.0 (887997)|HEAP_ALLOCATE|[5]|Bytes:142
02:26:56.0 (903633)|HEAP_ALLOCATE|[5]|Bytes:4
02:26:56.0 (2293858)|SOQL_EXECUTE_BEGIN|[5]|Aggregations:0|SELECT id, name, Inventory_Number__c, Customer__r.Name, Contact_Person__r.Name, Value__c, LastModifiedDate FROM Computer_Inventory__c LIMIT 50
02:26:56.0 (10461625)|SOQL_EXECUTE_END|[5]|Rows:8
02:26:56.0 (10492175)|HEAP_ALLOCATE|[5]|Bytes:36
02:26:56.0 (10543925)|HEAP_ALLOCATE|[5]|Bytes:2348
02:26:56.0 (10687990)|HEAP_ALLOCATE|[5]|Bytes:36
02:26:56.0 (10711313)|SYSTEM_MODE_EXIT|false
02:26:56.10 (10759939)|CUMULATIVE_LIMIT_USAGE
02:26:56.10 (10759939)|LIMIT_USAGE_FOR_NS|(default)|
  Number of SOQL queries: 1 out of 100
  Number of query rows: 8 out of 50000
  Number of SOSL queries: 0 out of 20
  Number of DML statements: 0 out of 150
  Number of DML rows: 0 out of 10000
  Maximum CPU time: 0 out of 10000
  Maximum heap size: 0 out of 6000000
  Number of callouts: 0 out of 100
  Number of Email Invocations: 0 out of 10
  Number of future calls: 0 out of 50
  Number of queueable jobs added to the queue: 0 out of 50
  Number of Mobile Apex push calls: 0 out of 10

02:26:56.10 (10759939)|CUMULATIVE_LIMIT_USAGE_END

02:26:56.0 (10816455)|CODE_UNIT_FINISHED|InventoryController.findAll
02:26:56.0 (12431980)|EXECUTION_FINISHED
02:26:56.15 (15158537)|EXECUTION_STARTED
02:26:56.15 (15167969)|CODE_UNIT_STARTED|[EXTERNAL]|01p36000006RnKY|InventoryController.findAll
02:26:56.15 (15210942)|SYSTEM_MODE_ENTER|false
02:26:56.15 (15226140)|HEAP_ALLOCATE|[5]|Bytes:5
02:26:56.15 (15233340)|STATEMENT_EXECUTE|[4]
02:26:56.15 (15235147)|STATEMENT_EXECUTE|[5]
02:26:56.15 (15241215)|HEAP_ALLOCATE|[5]|Bytes:4
02:26:56.15 (15702242)|SOQL_EXECUTE_BEGIN|[5]|Aggregations:0|SELECT id, name, Inventory_Number__c, Customer__r.Name, Contact_Person__r.Name, Value__c, LastModifiedDate FROM Computer_Inventory__c LIMIT 50
02:26:56.15 (23046287)|SOQL_EXECUTE_END|[5]|Rows:8
02:26:56.15 (23072807)|HEAP_ALLOCATE|[5]|Bytes:36
02:26:56.15 (23116825)|HEAP_ALLOCATE|[5]|Bytes:2348
02:26:56.15 (23137745)|HEAP_ALLOCATE|[5]|Bytes:36
02:26:56.15 (23162935)|SYSTEM_MODE_EXIT|false
02:26:56.23 (23198028)|CUMULATIVE_LIMIT_USAGE
02:26:56.23 (23198028)|LIMIT_USAGE_FOR_NS|(default)|
  Number of SOQL queries: 2 out of 100
  Number of query rows: 16 out of 50000
  Number of SOSL queries: 0 out of 20
  Number of DML statements: 0 out of 150
  Number of DML rows: 0 out of 10000
  Maximum CPU time: 0 out of 10000
  Maximum heap size: 0 out of 6000000
  Number of callouts: 0 out of 100
  Number of Email Invocations: 0 out of 10
  Number of future calls: 0 out of 50
  Number of queueable jobs added to the queue: 0 out of 50
  Number of Mobile Apex push calls: 0 out of 10

02:26:56.23 (23198028)|CUMULATIVE_LIMIT_USAGE_END

02:26:56.15 (23251765)|CODE_UNIT_FINISHED|InventoryController.findAll
02:26:56.15 (25117967)|EXECUTION_FINISHED
