34.0 APEX_CODE,FINEST;APEX_PROFILING,INFO;CALLOUT,INFO;DB,INFO;SYSTEM,DEBUG;VALIDATION,INFO;VISUALFORCE,INFO;WORKFLOW,INFO
07:16:06.0 (541803)|EXECUTION_STARTED
07:16:06.0 (584793)|CODE_UNIT_STARTED|[EXTERNAL]|06636000002m645|VF: /apex/AngularDemo
07:16:06.0 (2673977)|CODE_UNIT_STARTED|[EXTERNAL]|01p36000006TxsZ|AngularDemoController <init>
07:16:06.0 (2694421)|SYSTEM_MODE_ENTER|true
07:16:06.0 (3293882)|VARIABLE_SCOPE_BEGIN|[4]|AngularDemoController.accountId|String|false|true
07:16:06.0 (3447212)|HEAP_ALLOCATE|[72]|Bytes:3
07:16:06.0 (3497305)|HEAP_ALLOCATE|[77]|Bytes:152
07:16:06.0 (3517720)|HEAP_ALLOCATE|[342]|Bytes:408
07:16:06.0 (3540015)|HEAP_ALLOCATE|[355]|Bytes:408
07:16:06.0 (3559453)|HEAP_ALLOCATE|[467]|Bytes:48
07:16:06.0 (3589871)|HEAP_ALLOCATE|[139]|Bytes:6
07:16:06.0 (3615999)|HEAP_ALLOCATE|[EXTERNAL]|Bytes:4
07:16:06.0 (3635319)|METHOD_ENTRY|[1]|01p36000006TxsZ|AngularDemoController.AngularDemoController()
07:16:06.0 (3639490)|STATEMENT_EXECUTE|[1]
07:16:06.0 (3647153)|STATEMENT_EXECUTE|[1]
07:16:06.0 (3685788)|HEAP_ALLOCATE|[50]|Bytes:5
07:16:06.0 (3712652)|HEAP_ALLOCATE|[56]|Bytes:5
07:16:06.0 (3723295)|HEAP_ALLOCATE|[64]|Bytes:7
07:16:06.0 (3749572)|SYSTEM_MODE_ENTER|false
07:16:06.0 (3767170)|HEAP_ALLOCATE|[4]|Bytes:5
07:16:06.0 (3771841)|STATEMENT_EXECUTE|[4]
07:16:06.0 (3775793)|HEAP_ALLOCATE|[4]|Bytes:15
07:16:06.0 (3816091)|VARIABLE_ASSIGNMENT|[4]|AngularDemoController.accountId|"0017000001CwYz9"
07:16:06.0 (3824723)|SYSTEM_MODE_EXIT|false
07:16:06.0 (3836967)|METHOD_EXIT|[1]|AngularDemoController
07:16:06.0 (3856604)|HEAP_ALLOCATE|[EXTERNAL]|Bytes:4
07:16:06.0 (3865980)|VARIABLE_SCOPE_BEGIN|[1]|this|AngularDemoController|true|false
07:16:06.0 (3896487)|VARIABLE_ASSIGNMENT|[1]|this|{}|0x6be72eaf
07:16:06.0 (3907851)|SYSTEM_MODE_ENTER|false
07:16:06.0 (3913078)|HEAP_ALLOCATE|[EXTERNAL]|Bytes:5
07:16:06.0 (3922402)|HEAP_ALLOCATE|[EXTERNAL]|Bytes:6
07:16:06.0 (3953734)|SYSTEM_MODE_EXIT|false
07:16:06.0 (3958608)|STATEMENT_EXECUTE|[1]
07:16:06.0 (3964067)|SYSTEM_MODE_ENTER|false
07:16:06.0 (3968653)|HEAP_ALLOCATE|[EXTERNAL]|Bytes:5
07:16:06.0 (3973529)|SYSTEM_MODE_EXIT|false
07:16:06.0 (3990245)|CODE_UNIT_FINISHED|AngularDemoController <init>
07:16:06.0 (4049002)|CODE_UNIT_STARTED|[EXTERNAL]|01p36000006TxsZ|AngularDemoController get(account)
07:16:06.0 (4064214)|SYSTEM_MODE_ENTER|true
07:16:06.0 (4090640)|CODE_UNIT_STARTED|[EXTERNAL]|01p36000006TxsZ|AngularDemoController invoke(getaccount)
07:16:06.0 (4131523)|SYSTEM_MODE_ENTER|false
07:16:06.0 (4141454)|HEAP_ALLOCATE|[7]|Bytes:5
07:16:06.0 (4146511)|STATEMENT_EXECUTE|[6]
07:16:06.0 (4148268)|STATEMENT_EXECUTE|[7]
07:16:06.0 (4151581)|HEAP_ALLOCATE|[7]|Bytes:105
07:16:06.0 (4163163)|HEAP_ALLOCATE|[7]|Bytes:4
07:16:06.0 (4173856)|HEAP_ALLOCATE|[7]|Bytes:7
07:16:06.0 (4521721)|SOQL_EXECUTE_BEGIN|[7]|Aggregations:0|SELECT name, billingstreet, billingcity, billingstate, billingpostalcode FROM account WHERE id = :tmpVar1
07:16:06.0 (12113100)|SOQL_EXECUTE_END|[7]|Rows:0
07:16:06.0 (12143578)|HEAP_ALLOCATE|[7]|Bytes:4
07:16:06.0 (12161872)|HEAP_ALLOCATE|[7]|Bytes:0
07:16:06.0 (12329141)|HEAP_ALLOCATE|[7]|Bytes:4
07:16:06.0 (12473484)|HEAP_ALLOCATE|[9]|Bytes:31
07:16:06.0 (12493505)|SYSTEM_MODE_EXIT|false
07:16:06.0 (12664452)|FATAL_ERROR|System.ListException: List index out of bounds: 0

Class.AngularDemoController.getAccount: line 9, column 1
07:16:06.0 (12688339)|CODE_UNIT_FINISHED|AngularDemoController invoke(getaccount)
07:16:06.0 (12770890)|CODE_UNIT_FINISHED|AngularDemoController get(account)
07:16:06.705 (705025616)|CUMULATIVE_LIMIT_USAGE
07:16:06.705 (705025616)|LIMIT_USAGE_FOR_NS|(default)|
  Number of SOQL queries: 1 out of 100
  Number of query rows: 0 out of 50000
  Number of SOSL queries: 0 out of 20
  Number of DML statements: 0 out of 150
  Number of DML rows: 0 out of 10000
  Maximum CPU time: 0 out of 10000
  Maximum heap size: 0 out of 6000000
  Number of callouts: 0 out of 100
  Number of Email Invocations: 0 out of 10
  Number of future calls: 0 out of 50
  Number of queueable jobs added to the queue: 0 out of 50
  Number of Mobile Apex push calls: 0 out of 10

07:16:06.705 (705025616)|CUMULATIVE_LIMIT_USAGE_END

07:16:06.0 (705102422)|CODE_UNIT_FINISHED|VF: /apex/AngularDemo
07:16:06.0 (706311212)|EXECUTION_FINISHED
