36.0 APEX_CODE,FINEST;APEX_PROFILING,INFO;CALLOUT,INFO;DB,INFO;SYSTEM,DEBUG;VALIDATION,INFO;VISUALFORCE,INFO;WORKFLOW,INFO
02:22:35.0 (470665)|EXECUTION_STARTED
02:22:35.0 (512413)|CODE_UNIT_STARTED|[EXTERNAL]|aura
02:22:35.0 (1060813)|HEAP_ALLOCATE|[72]|Bytes:3
02:22:35.0 (1114731)|HEAP_ALLOCATE|[77]|Bytes:152
02:22:35.0 (1132711)|HEAP_ALLOCATE|[342]|Bytes:408
02:22:35.0 (1148764)|HEAP_ALLOCATE|[355]|Bytes:408
02:22:35.0 (1162467)|HEAP_ALLOCATE|[467]|Bytes:48
02:22:35.0 (1198436)|HEAP_ALLOCATE|[139]|Bytes:6
02:22:35.0 (1229944)|HEAP_ALLOCATE|[EXTERNAL]|Bytes:3
02:22:35.0 (1247443)|HEAP_ALLOCATE|[EXTERNAL]|Bytes:3
02:22:35.0 (2678605)|CODE_UNIT_STARTED|[EXTERNAL]|01p36000006RnKY|InventoryController.findByString
02:22:35.0 (2815490)|HEAP_ALLOCATE|[EXTERNAL]|Bytes:13
02:22:35.0 (2834020)|METHOD_ENTRY|[1]|01p36000006RnKY|InventoryController.InventoryController()
02:22:35.0 (2838898)|STATEMENT_EXECUTE|[1]
02:22:35.0 (2844612)|STATEMENT_EXECUTE|[1]
02:22:35.0 (2879779)|HEAP_ALLOCATE|[50]|Bytes:5
02:22:35.0 (2908047)|HEAP_ALLOCATE|[56]|Bytes:5
02:22:35.0 (2918827)|HEAP_ALLOCATE|[64]|Bytes:7
02:22:35.0 (2946983)|SYSTEM_MODE_ENTER|false
02:22:35.0 (2962405)|HEAP_ALLOCATE|[EXTERNAL]|Bytes:5
02:22:35.0 (2971734)|SYSTEM_MODE_EXIT|false
02:22:35.0 (2981887)|METHOD_EXIT|[1]|InventoryController
02:22:35.0 (2987196)|HEAP_ALLOCATE|[EXTERNAL]|Bytes:3
02:22:35.0 (2993550)|SYSTEM_MODE_ENTER|false
02:22:35.0 (3002251)|VARIABLE_SCOPE_BEGIN|[26]|searchKey|String|false|false
02:22:35.0 (3040480)|VARIABLE_ASSIGNMENT|[26]|searchKey|"Ipa"
02:22:35.0 (3053174)|HEAP_ALLOCATE|[27]|Bytes:5
02:22:35.0 (3057005)|STATEMENT_EXECUTE|[26]
02:22:35.0 (3058481)|STATEMENT_EXECUTE|[27]
02:22:35.0 (3081412)|HEAP_ALLOCATE|[27]|Bytes:1
02:22:35.0 (3095689)|HEAP_ALLOCATE|[27]|Bytes:5
02:22:35.0 (3100691)|VARIABLE_SCOPE_BEGIN|[27]|searchStr|String|false|false
02:22:35.0 (3108936)|VARIABLE_ASSIGNMENT|[27]|searchStr|"%Ipa%"
02:22:35.0 (3111298)|STATEMENT_EXECUTE|[28]
02:22:35.0 (3114723)|HEAP_ALLOCATE|[28]|Bytes:241
02:22:35.0 (3126161)|HEAP_ALLOCATE|[28]|Bytes:4
02:22:35.0 (3136347)|HEAP_ALLOCATE|[28]|Bytes:7
02:22:35.0 (3151035)|HEAP_ALLOCATE|[28]|Bytes:7
02:22:35.0 (12330803)|SOQL_EXECUTE_BEGIN|[28]|Aggregations:0|SELECT id, name, Inventory_Number__c, Customer__r.Name, Customer__r.id, Contact_Person__r.Name, Contact_Person__r.id, Value__c, LastModifiedDate FROM Computer_Inventory__c WHERE (Customer__r.Name LIKE :tmpVar1 OR name LIKE :tmpVar2) LIMIT 50
02:22:35.0 (36476973)|SOQL_EXECUTE_END|[28]|Rows:2
02:22:35.0 (36507590)|HEAP_ALLOCATE|[28]|Bytes:12
02:22:35.0 (36547872)|HEAP_ALLOCATE|[28]|Bytes:657
02:22:35.0 (36613213)|HEAP_ALLOCATE|[28]|Bytes:12
02:22:35.0 (36646742)|SYSTEM_MODE_EXIT|false
02:22:35.36 (36702855)|CUMULATIVE_LIMIT_USAGE
02:22:35.36 (36702855)|LIMIT_USAGE_FOR_NS|(default)|
  Number of SOQL queries: 1 out of 100
  Number of query rows: 2 out of 50000
  Number of SOSL queries: 0 out of 20
  Number of DML statements: 0 out of 150
  Number of DML rows: 0 out of 10000
  Maximum CPU time: 0 out of 10000
  Maximum heap size: 0 out of 6000000
  Number of callouts: 0 out of 100
  Number of Email Invocations: 0 out of 10
  Number of future calls: 0 out of 50
  Number of queueable jobs added to the queue: 0 out of 50
  Number of Mobile Apex push calls: 0 out of 10

02:22:35.36 (36702855)|CUMULATIVE_LIMIT_USAGE_END

02:22:35.0 (36765144)|CODE_UNIT_FINISHED|InventoryController.findByString
