36.0 APEX_CODE,FINEST;APEX_PROFILING,INFO;CALLOUT,INFO;DB,INFO;SYSTEM,DEBUG;VALIDATION,INFO;VISUALFORCE,INFO;WORKFLOW,INFO
02:23:57.0 (93017)|EXECUTION_STARTED
02:23:57.0 (124060)|CODE_UNIT_STARTED|[EXTERNAL]|01p36000006RnKY|InventoryController.findAll
02:23:57.0 (628584)|HEAP_ALLOCATE|[72]|Bytes:3
02:23:57.0 (709212)|HEAP_ALLOCATE|[77]|Bytes:152
02:23:57.0 (735290)|HEAP_ALLOCATE|[342]|Bytes:408
02:23:57.0 (760483)|HEAP_ALLOCATE|[355]|Bytes:408
02:23:57.0 (783845)|HEAP_ALLOCATE|[467]|Bytes:48
02:23:57.0 (831770)|HEAP_ALLOCATE|[139]|Bytes:6
02:23:57.0 (863468)|HEAP_ALLOCATE|[EXTERNAL]|Bytes:13
02:23:57.0 (881966)|METHOD_ENTRY|[1]|01p36000006RnKY|InventoryController.InventoryController()
02:23:57.0 (889149)|STATEMENT_EXECUTE|[1]
02:23:57.0 (898704)|STATEMENT_EXECUTE|[1]
02:23:57.0 (937778)|HEAP_ALLOCATE|[50]|Bytes:5
02:23:57.0 (974525)|HEAP_ALLOCATE|[56]|Bytes:5
02:23:57.0 (989726)|HEAP_ALLOCATE|[64]|Bytes:7
02:23:57.0 (1024146)|SYSTEM_MODE_ENTER|false
02:23:57.0 (1049470)|HEAP_ALLOCATE|[EXTERNAL]|Bytes:5
02:23:57.0 (1058781)|SYSTEM_MODE_EXIT|false
02:23:57.0 (1074102)|METHOD_EXIT|[1]|InventoryController
02:23:57.0 (1082983)|SYSTEM_MODE_ENTER|false
02:23:57.0 (1098036)|HEAP_ALLOCATE|[5]|Bytes:5
02:23:57.0 (1103096)|STATEMENT_EXECUTE|[4]
02:23:57.0 (1104825)|STATEMENT_EXECUTE|[5]
02:23:57.0 (1108507)|HEAP_ALLOCATE|[5]|Bytes:142
02:23:57.0 (1124896)|HEAP_ALLOCATE|[5]|Bytes:4
02:23:57.0 (3886976)|SOQL_EXECUTE_BEGIN|[5]|Aggregations:0|SELECT id, name, Inventory_Number__c, Customer__r.Name, Contact_Person__r.Name, Value__c, LastModifiedDate FROM Computer_Inventory__c LIMIT 50
02:23:57.0 (12023364)|SOQL_EXECUTE_END|[5]|Rows:8
02:23:57.0 (12052584)|HEAP_ALLOCATE|[5]|Bytes:36
02:23:57.0 (12104905)|HEAP_ALLOCATE|[5]|Bytes:2348
02:23:57.0 (12154116)|HEAP_ALLOCATE|[5]|Bytes:36
02:23:57.0 (12179034)|SYSTEM_MODE_EXIT|false
02:23:57.12 (12230397)|CUMULATIVE_LIMIT_USAGE
02:23:57.12 (12230397)|LIMIT_USAGE_FOR_NS|(default)|
  Number of SOQL queries: 1 out of 100
  Number of query rows: 8 out of 50000
  Number of SOSL queries: 0 out of 20
  Number of DML statements: 0 out of 150
  Number of DML rows: 0 out of 10000
  Maximum CPU time: 0 out of 10000
  Maximum heap size: 0 out of 6000000
  Number of callouts: 0 out of 100
  Number of Email Invocations: 0 out of 10
  Number of future calls: 0 out of 50
  Number of queueable jobs added to the queue: 0 out of 50
  Number of Mobile Apex push calls: 0 out of 10

02:23:57.12 (12230397)|CUMULATIVE_LIMIT_USAGE_END

02:23:57.0 (12286191)|CODE_UNIT_FINISHED|InventoryController.findAll
02:23:57.0 (14032586)|EXECUTION_FINISHED
02:23:57.16 (16749613)|EXECUTION_STARTED
02:23:57.16 (16758261)|CODE_UNIT_STARTED|[EXTERNAL]|01p36000006RnKY|InventoryController.findAll
02:23:57.16 (16800513)|SYSTEM_MODE_ENTER|false
02:23:57.16 (16815746)|HEAP_ALLOCATE|[5]|Bytes:5
02:23:57.16 (16821989)|STATEMENT_EXECUTE|[4]
02:23:57.16 (16823647)|STATEMENT_EXECUTE|[5]
02:23:57.16 (16830017)|HEAP_ALLOCATE|[5]|Bytes:4
02:23:57.16 (17222393)|SOQL_EXECUTE_BEGIN|[5]|Aggregations:0|SELECT id, name, Inventory_Number__c, Customer__r.Name, Contact_Person__r.Name, Value__c, LastModifiedDate FROM Computer_Inventory__c LIMIT 50
02:23:57.16 (23949454)|SOQL_EXECUTE_END|[5]|Rows:8
02:23:57.16 (23969545)|HEAP_ALLOCATE|[5]|Bytes:36
02:23:57.16 (24010630)|HEAP_ALLOCATE|[5]|Bytes:2348
02:23:57.16 (24028735)|HEAP_ALLOCATE|[5]|Bytes:36
02:23:57.16 (24046751)|SYSTEM_MODE_EXIT|false
02:23:57.24 (24074993)|CUMULATIVE_LIMIT_USAGE
02:23:57.24 (24074993)|LIMIT_USAGE_FOR_NS|(default)|
  Number of SOQL queries: 2 out of 100
  Number of query rows: 16 out of 50000
  Number of SOSL queries: 0 out of 20
  Number of DML statements: 0 out of 150
  Number of DML rows: 0 out of 10000
  Maximum CPU time: 0 out of 10000
  Maximum heap size: 0 out of 6000000
  Number of callouts: 0 out of 100
  Number of Email Invocations: 0 out of 10
  Number of future calls: 0 out of 50
  Number of queueable jobs added to the queue: 0 out of 50
  Number of Mobile Apex push calls: 0 out of 10

02:23:57.24 (24074993)|CUMULATIVE_LIMIT_USAGE_END

02:23:57.16 (24118972)|CODE_UNIT_FINISHED|InventoryController.findAll
02:23:57.16 (25901685)|EXECUTION_FINISHED
