36.0 APEX_CODE,FINEST;APEX_PROFILING,INFO;CALLOUT,INFO;DB,INFO;SYSTEM,DEBUG;VALIDATION,INFO;VISUALFORCE,INFO;WORKFLOW,INFO
02:24:08.0 (87107)|EXECUTION_STARTED
02:24:08.0 (131694)|CODE_UNIT_STARTED|[EXTERNAL]|aura
02:24:08.0 (630451)|HEAP_ALLOCATE|[72]|Bytes:3
02:24:08.0 (708104)|HEAP_ALLOCATE|[77]|Bytes:152
02:24:08.0 (738312)|HEAP_ALLOCATE|[342]|Bytes:408
02:24:08.0 (764625)|HEAP_ALLOCATE|[355]|Bytes:408
02:24:08.0 (788781)|HEAP_ALLOCATE|[467]|Bytes:48
02:24:08.0 (832154)|HEAP_ALLOCATE|[139]|Bytes:6
02:24:08.0 (869322)|HEAP_ALLOCATE|[EXTERNAL]|Bytes:1
02:24:08.0 (890596)|HEAP_ALLOCATE|[EXTERNAL]|Bytes:1
02:24:08.0 (2153303)|CODE_UNIT_STARTED|[EXTERNAL]|01p36000006RnKY|InventoryController.findByString
02:24:08.0 (2272723)|HEAP_ALLOCATE|[EXTERNAL]|Bytes:13
02:24:08.0 (2295008)|METHOD_ENTRY|[1]|01p36000006RnKY|InventoryController.InventoryController()
02:24:08.0 (2302194)|STATEMENT_EXECUTE|[1]
02:24:08.0 (2312606)|STATEMENT_EXECUTE|[1]
02:24:08.0 (2356957)|HEAP_ALLOCATE|[50]|Bytes:5
02:24:08.0 (2393720)|HEAP_ALLOCATE|[56]|Bytes:5
02:24:08.0 (2410510)|HEAP_ALLOCATE|[64]|Bytes:7
02:24:08.0 (2450043)|SYSTEM_MODE_ENTER|false
02:24:08.0 (2474225)|HEAP_ALLOCATE|[EXTERNAL]|Bytes:5
02:24:08.0 (2486422)|SYSTEM_MODE_EXIT|false
02:24:08.0 (2500664)|METHOD_EXIT|[1]|InventoryController
02:24:08.0 (2507866)|HEAP_ALLOCATE|[EXTERNAL]|Bytes:1
02:24:08.0 (2518092)|SYSTEM_MODE_ENTER|false
02:24:08.0 (2528161)|VARIABLE_SCOPE_BEGIN|[26]|searchKey|String|false|false
02:24:08.0 (2559056)|VARIABLE_ASSIGNMENT|[26]|searchKey|"G"
02:24:08.0 (2575936)|HEAP_ALLOCATE|[27]|Bytes:5
02:24:08.0 (2582616)|STATEMENT_EXECUTE|[26]
02:24:08.0 (2585729)|STATEMENT_EXECUTE|[27]
02:24:08.0 (2590417)|HEAP_ALLOCATE|[27]|Bytes:1
02:24:08.0 (2611035)|HEAP_ALLOCATE|[27]|Bytes:3
02:24:08.0 (2622329)|VARIABLE_SCOPE_BEGIN|[27]|searchStr|String|false|false
02:24:08.0 (2633886)|VARIABLE_ASSIGNMENT|[27]|searchStr|"%G%"
02:24:08.0 (2638466)|STATEMENT_EXECUTE|[28]
02:24:08.0 (2643114)|HEAP_ALLOCATE|[28]|Bytes:241
02:24:08.0 (2659125)|HEAP_ALLOCATE|[28]|Bytes:4
02:24:08.0 (2675930)|HEAP_ALLOCATE|[28]|Bytes:7
02:24:08.0 (2704673)|HEAP_ALLOCATE|[28]|Bytes:7
02:24:08.0 (4331144)|SOQL_EXECUTE_BEGIN|[28]|Aggregations:0|SELECT id, name, Inventory_Number__c, Customer__r.Name, Customer__r.id, Contact_Person__r.Name, Contact_Person__r.id, Value__c, LastModifiedDate FROM Computer_Inventory__c WHERE (Customer__r.Name LIKE :tmpVar1 OR name LIKE :tmpVar2) LIMIT 50
02:24:08.0 (24283483)|SOQL_EXECUTE_END|[28]|Rows:6
02:24:08.0 (24312844)|HEAP_ALLOCATE|[28]|Bytes:28
02:24:08.0 (24360575)|HEAP_ALLOCATE|[28]|Bytes:1798
02:24:08.0 (24498458)|HEAP_ALLOCATE|[28]|Bytes:28
02:24:08.0 (24523668)|SYSTEM_MODE_EXIT|false
02:24:08.24 (24580267)|CUMULATIVE_LIMIT_USAGE
02:24:08.24 (24580267)|LIMIT_USAGE_FOR_NS|(default)|
  Number of SOQL queries: 1 out of 100
  Number of query rows: 6 out of 50000
  Number of SOSL queries: 0 out of 20
  Number of DML statements: 0 out of 150
  Number of DML rows: 0 out of 10000
  Maximum CPU time: 0 out of 10000
  Maximum heap size: 0 out of 6000000
  Number of callouts: 0 out of 100
  Number of Email Invocations: 0 out of 10
  Number of future calls: 0 out of 50
  Number of queueable jobs added to the queue: 0 out of 50
  Number of Mobile Apex push calls: 0 out of 10

02:24:08.24 (24580267)|CUMULATIVE_LIMIT_USAGE_END

02:24:08.0 (24642209)|CODE_UNIT_FINISHED|InventoryController.findByString
