36.0 APEX_CODE,FINEST;APEX_PROFILING,INFO;CALLOUT,INFO;DB,INFO;SYSTEM,DEBUG;VALIDATION,INFO;VISUALFORCE,INFO;WORKFLOW,INFO
10:03:17.0 (631842)|EXECUTION_STARTED
10:03:17.0 (669136)|CODE_UNIT_STARTED|[EXTERNAL]|06636000002n7XB|VF: /apex/DraftsToPersonTable
10:03:17.0 (3722218)|CODE_UNIT_STARTED|[EXTERNAL]|01p360000074pQr|DraftsToPersons <init>
10:03:17.0 (3738657)|SYSTEM_MODE_ENTER|true
10:03:17.0 (4331183)|HEAP_ALLOCATE|[72]|Bytes:3
10:03:17.0 (4388519)|HEAP_ALLOCATE|[77]|Bytes:152
10:03:17.0 (4413182)|HEAP_ALLOCATE|[342]|Bytes:408
10:03:17.0 (4433953)|HEAP_ALLOCATE|[355]|Bytes:408
10:03:17.0 (4453205)|HEAP_ALLOCATE|[467]|Bytes:48
10:03:17.0 (4487593)|HEAP_ALLOCATE|[139]|Bytes:6
10:03:17.0 (4515327)|HEAP_ALLOCATE|[EXTERNAL]|Bytes:10
10:03:17.0 (4520718)|HEAP_ALLOCATE|[EXTERNAL]|Bytes:140
10:03:17.0 (4523780)|HEAP_ALLOCATE|[EXTERNAL]|Bytes:21
10:03:17.0 (4535887)|METHOD_ENTRY|[1]|01p360000074pQr|DraftsToPersons.DraftsToPersons()
10:03:17.0 (4539405)|STATEMENT_EXECUTE|[1]
10:03:17.0 (4546913)|STATEMENT_EXECUTE|[1]
10:03:17.0 (4582942)|HEAP_ALLOCATE|[50]|Bytes:5
10:03:17.0 (4609399)|HEAP_ALLOCATE|[56]|Bytes:5
10:03:17.0 (4618001)|HEAP_ALLOCATE|[64]|Bytes:7
10:03:17.0 (4643151)|SYSTEM_MODE_ENTER|false
10:03:17.0 (4662057)|HEAP_ALLOCATE|[EXTERNAL]|Bytes:5
10:03:17.0 (4667127)|STATEMENT_EXECUTE|[69]
10:03:17.0 (4673546)|SYSTEM_MODE_EXIT|false
10:03:17.0 (4682951)|METHOD_EXIT|[1]|DraftsToPersons
10:03:17.0 (4796694)|HEAP_ALLOCATE|[EXTERNAL]|Bytes:20
10:03:17.0 (4812492)|VARIABLE_SCOPE_BEGIN|[7]|this|DraftsToPersons|true|false
10:03:17.0 (4899555)|VARIABLE_ASSIGNMENT|[7]|this|{}|0x32ce1ed9
10:03:17.0 (4912712)|SYSTEM_MODE_ENTER|false
10:03:17.0 (4917974)|HEAP_ALLOCATE|[EXTERNAL]|Bytes:5
10:03:17.0 (4921486)|STATEMENT_EXECUTE|[1]
10:03:17.0 (4924436)|HEAP_ALLOCATE|[EXTERNAL]|Bytes:5
10:03:17.0 (4926358)|STATEMENT_EXECUTE|[2]
10:03:17.0 (4927728)|STATEMENT_EXECUTE|[3]
10:03:17.0 (4928814)|STATEMENT_EXECUTE|[4]
10:03:17.0 (4929741)|STATEMENT_EXECUTE|[5]
10:03:17.0 (4939642)|HEAP_ALLOCATE|[EXTERNAL]|Bytes:6
10:03:17.0 (4963502)|STATEMENT_EXECUTE|[8]
10:03:17.0 (4969612)|SYSTEM_MODE_EXIT|false
10:03:17.0 (4988114)|CODE_UNIT_FINISHED|DraftsToPersons <init>
10:03:17.0 (5042363)|CODE_UNIT_STARTED|[EXTERNAL]|01p360000074pQr|DraftsToPersons get(Persons)
10:03:17.0 (5052196)|SYSTEM_MODE_ENTER|true
10:03:17.0 (5073570)|CODE_UNIT_STARTED|[EXTERNAL]|01p360000074pQr|DraftsToPersons invoke(getPersons)
10:03:17.0 (5112828)|HEAP_ALLOCATE|[EXTERNAL]|Bytes:20
10:03:17.0 (5124226)|VARIABLE_SCOPE_BEGIN|[23]|this|DraftsToPersons|true|false
10:03:17.0 (5143550)|VARIABLE_ASSIGNMENT|[23]|this|{}|0x32ce1ed9
10:03:17.0 (5158709)|SYSTEM_MODE_ENTER|false
10:03:17.0 (5163648)|HEAP_ALLOCATE|[25]|Bytes:5
10:03:17.0 (5167373)|STATEMENT_EXECUTE|[24]
10:03:17.0 (5233730)|VARIABLE_ASSIGNMENT|[EXTERNAL]|this|{}|0x32ce1ed9
10:03:17.0 (5250345)|STATEMENT_EXECUTE|[26]
10:03:17.0 (5252579)|STATEMENT_EXECUTE|[27]
10:03:17.0 (5256654)|HEAP_ALLOCATE|[27]|Bytes:71
10:03:17.0 (5270132)|HEAP_ALLOCATE|[27]|Bytes:4
10:03:17.0 (5618495)|SOQL_EXECUTE_BEGIN|[27]|Aggregations:0|SELECT id, Name FROM Person__c ORDER BY Name ASC NULLS FIRST LIMIT 1000
10:03:17.0 (8941108)|SOQL_EXECUTE_END|[27]|Rows:2
10:03:17.0 (8961926)|HEAP_ALLOCATE|[27]|Bytes:12
10:03:17.0 (8981236)|HEAP_ALLOCATE|[27]|Bytes:97
10:03:17.0 (9021180)|HEAP_ALLOCATE|[27]|Bytes:12
10:03:17.0 (9069054)|VARIABLE_ASSIGNMENT|[EXTERNAL]|this|{}|0x32ce1ed9
10:03:17.0 (9131786)|VARIABLE_ASSIGNMENT|[EXTERNAL]|value|{"s":1,"v":[{"s":2,"v":{"Id":"a0N36000000xneOEAQ","Name":"Andiy Lokotosh"}},{"s":3,"v":{"Id":"a0N36000000xneTEAQ","Name":"Jon Smith"}}]}|0x3ef91e70
10:03:17.0 (9186442)|VARIABLE_ASSIGNMENT|[3]|this.pers|{"s":1,"v":[{"s":2,"v":{"Id":"a0N36000000xneOEAQ","Name":"Andiy Lokotosh"}},{"s":3,"v":{"Id":"a0N36000000xneTEAQ","Name":"Jon Smith"}}]}|0x32ce1ed9
10:03:17.0 (9201273)|STATEMENT_EXECUTE|[31]
10:03:17.0 (9352704)|VARIABLE_ASSIGNMENT|[EXTERNAL]|this|{"pers":"0x3ef91e70"}|0x32ce1ed9
10:03:17.0 (9373606)|SYSTEM_MODE_EXIT|false
10:03:17.0 (9391943)|CODE_UNIT_FINISHED|DraftsToPersons invoke(getPersons)
10:03:17.0 (9434969)|CODE_UNIT_FINISHED|DraftsToPersons get(Persons)
10:03:17.0 (9826450)|CODE_UNIT_STARTED|[EXTERNAL]|01p360000074pQr|DraftsToPersons get(Drafts)
10:03:17.0 (9836496)|SYSTEM_MODE_ENTER|true
10:03:17.0 (9854194)|CODE_UNIT_STARTED|[EXTERNAL]|01p360000074pQr|DraftsToPersons invoke(getDrafts)
10:03:17.0 (9890150)|HEAP_ALLOCATE|[EXTERNAL]|Bytes:20
10:03:17.0 (9901032)|VARIABLE_SCOPE_BEGIN|[12]|this|DraftsToPersons|true|false
10:03:17.0 (9938033)|VARIABLE_ASSIGNMENT|[12]|this|{"pers":"0x3ef91e70"}|0x32ce1ed9
10:03:17.0 (9952083)|SYSTEM_MODE_ENTER|false
10:03:17.0 (9957551)|HEAP_ALLOCATE|[14]|Bytes:5
10:03:17.0 (9961413)|STATEMENT_EXECUTE|[13]
10:03:17.0 (10015665)|VARIABLE_ASSIGNMENT|[EXTERNAL]|this|{"pers":"0x3ef91e70"}|0x32ce1ed9
10:03:17.0 (10043944)|STATEMENT_EXECUTE|[15]
10:03:17.0 (10047555)|STATEMENT_EXECUTE|[16]
10:03:17.0 (10053688)|HEAP_ALLOCATE|[16]|Bytes:70
10:03:17.0 (10063344)|HEAP_ALLOCATE|[16]|Bytes:4
10:03:17.0 (10256024)|SOQL_EXECUTE_BEGIN|[16]|Aggregations:0|SELECT id, Name FROM Draft__c ORDER BY Name ASC NULLS FIRST LIMIT 1000
10:03:17.0 (12003781)|SOQL_EXECUTE_END|[16]|Rows:2
10:03:17.0 (12020733)|HEAP_ALLOCATE|[16]|Bytes:12
10:03:17.0 (12034316)|HEAP_ALLOCATE|[16]|Bytes:95
10:03:17.0 (12058567)|HEAP_ALLOCATE|[16]|Bytes:12
10:03:17.0 (12108186)|VARIABLE_ASSIGNMENT|[EXTERNAL]|this|{"pers":"0x3ef91e70"}|0x32ce1ed9
10:03:17.0 (12130673)|VARIABLE_ASSIGNMENT|[EXTERNAL]|value|{"s":1,"v":[{"s":2,"v":{"Id":"a0R3600000032Q3EAI","Name":"Ebay"}},{"s":3,"v":{"Id":"a0R3600000032PyEAI","Name":"Electronic System"}}]}|0x3dde253e
10:03:17.0 (12150443)|VARIABLE_ASSIGNMENT|[2]|this.draft|{"s":1,"v":[{"s":2,"v":{"Id":"a0R3600000032Q3EAI","Name":"Ebay"}},{"s":3,"v":{"Id":"a0R3600000032PyEAI","Name":"Electronic System"}}]}|0x32ce1ed9
10:03:17.0 (12159579)|STATEMENT_EXECUTE|[21]
10:03:17.0 (12201824)|VARIABLE_ASSIGNMENT|[EXTERNAL]|this|{"draft":"0x3dde253e","pers":"0x3ef91e70"}|0x32ce1ed9
10:03:17.0 (12216761)|SYSTEM_MODE_EXIT|false
10:03:17.0 (12229759)|CODE_UNIT_FINISHED|DraftsToPersons invoke(getDrafts)
10:03:17.0 (12255764)|CODE_UNIT_FINISHED|DraftsToPersons get(Drafts)
10:03:17.44 (44405023)|CUMULATIVE_LIMIT_USAGE
10:03:17.44 (44405023)|LIMIT_USAGE_FOR_NS|(default)|
  Number of SOQL queries: 2 out of 100
  Number of query rows: 4 out of 50000
  Number of SOSL queries: 0 out of 20
  Number of DML statements: 0 out of 150
  Number of DML rows: 0 out of 10000
  Maximum CPU time: 0 out of 10000
  Maximum heap size: 0 out of 6000000
  Number of callouts: 0 out of 100
  Number of Email Invocations: 0 out of 10
  Number of future calls: 0 out of 50
  Number of queueable jobs added to the queue: 0 out of 50
  Number of Mobile Apex push calls: 0 out of 10

10:03:17.44 (44405023)|CUMULATIVE_LIMIT_USAGE_END

10:03:17.0 (44489414)|CODE_UNIT_FINISHED|VF: /apex/DraftsToPersonTable
10:03:17.0 (45911522)|EXECUTION_FINISHED
