36.0 APEX_CODE,FINEST;APEX_PROFILING,INFO;CALLOUT,INFO;DB,INFO;SYSTEM,DEBUG;VALIDATION,INFO;VISUALFORCE,INFO;WORKFLOW,INFO
08:29:09.14 (14079126)|HEAP_ALLOCATE|[139]|Bytes:6
08:29:09.14 (14867360)|CODE_UNIT_FINISHED|VisualForce View State
08:29:09.14 (16385839)|EXECUTION_FINISHED
08:29:09.18 (18055548)|SYSTEM_MODE_ENTER|true
08:29:09.18 (18147312)|HEAP_ALLOCATE|[EXTERNAL]|Bytes:120
08:29:09.18 (18154871)|HEAP_ALLOCATE|[EXTERNAL]|Bytes:10
08:29:09.18 (18172371)|SYSTEM_METHOD_ENTRY|[1]|pagemessagecomponentcontroller.pagemessagecomponentcontroller()
08:29:09.18 (18178423)|STATEMENT_EXECUTE|[1]
08:29:12.843 (3843669554)|CUMULATIVE_LIMIT_USAGE
08:29:12.843 (3843669554)|LIMIT_USAGE_FOR_NS|(default)|
  Number of SOQL queries: 0 out of 100
  Number of query rows: 0 out of 50000
  Number of SOSL queries: 0 out of 20
  Number of DML statements: 0 out of 150
  Number of DML rows: 0 out of 10000
  Maximum CPU time: 0 out of 10000
  Maximum heap size: 0 out of 6000000
  Number of callouts: 0 out of 100
  Number of Email Invocations: 0 out of 10
  Number of future calls: 0 out of 50
  Number of queueable jobs added to the queue: 0 out of 50
  Number of Mobile Apex push calls: 0 out of 10

08:29:12.843 (3843669554)|CUMULATIVE_LIMIT_USAGE_END

