36.0 APEX_CODE,FINEST;APEX_PROFILING,INFO;CALLOUT,INFO;DB,INFO;SYSTEM,DEBUG;VALIDATION,INFO;VISUALFORCE,INFO;WORKFLOW,INFO
06:53:22.0 (470690)|EXECUTION_STARTED
06:53:22.0 (511100)|CODE_UNIT_STARTED|[EXTERNAL]|06636000002n7XB|VF: /apex/DraftsToPersonTable
06:53:22.0 (12330372)|CODE_UNIT_STARTED|[EXTERNAL]|01p360000074pQr|DraftsToPersons <init>
06:53:22.0 (12354478)|SYSTEM_MODE_ENTER|true
06:53:22.0 (14084889)|HEAP_ALLOCATE|[72]|Bytes:3
06:53:22.0 (14150902)|HEAP_ALLOCATE|[77]|Bytes:152
06:53:22.0 (14173022)|HEAP_ALLOCATE|[342]|Bytes:408
06:53:22.0 (14197801)|HEAP_ALLOCATE|[355]|Bytes:408
06:53:22.0 (14216557)|HEAP_ALLOCATE|[467]|Bytes:48
06:53:22.0 (14261765)|HEAP_ALLOCATE|[139]|Bytes:6
06:53:22.0 (14293691)|HEAP_ALLOCATE|[EXTERNAL]|Bytes:10
06:53:22.0 (14298807)|HEAP_ALLOCATE|[EXTERNAL]|Bytes:140
06:53:22.0 (14301136)|HEAP_ALLOCATE|[EXTERNAL]|Bytes:21
06:53:22.0 (14319302)|METHOD_ENTRY|[1]|01p360000074pQr|DraftsToPersons.DraftsToPersons()
06:53:22.0 (14325029)|STATEMENT_EXECUTE|[1]
06:53:22.0 (14335765)|STATEMENT_EXECUTE|[1]
06:53:22.0 (14378946)|HEAP_ALLOCATE|[50]|Bytes:5
06:53:22.0 (14409936)|HEAP_ALLOCATE|[56]|Bytes:5
06:53:22.0 (14425300)|HEAP_ALLOCATE|[64]|Bytes:7
06:53:22.0 (14452940)|SYSTEM_MODE_ENTER|false
06:53:22.0 (14476647)|HEAP_ALLOCATE|[EXTERNAL]|Bytes:5
06:53:22.0 (14482467)|STATEMENT_EXECUTE|[69]
06:53:22.0 (14495295)|SYSTEM_MODE_EXIT|false
06:53:22.0 (14509949)|METHOD_EXIT|[1]|DraftsToPersons
06:53:22.0 (14843349)|HEAP_ALLOCATE|[EXTERNAL]|Bytes:20
06:53:22.0 (14855433)|VARIABLE_SCOPE_BEGIN|[7]|this|DraftsToPersons|true|false
06:53:22.0 (14940165)|VARIABLE_ASSIGNMENT|[7]|this|{}|0x7a9310a0
06:53:22.0 (14953763)|SYSTEM_MODE_ENTER|false
06:53:22.0 (14959391)|HEAP_ALLOCATE|[EXTERNAL]|Bytes:5
06:53:22.0 (14963122)|STATEMENT_EXECUTE|[1]
06:53:22.0 (14965920)|HEAP_ALLOCATE|[EXTERNAL]|Bytes:5
06:53:22.0 (14967592)|STATEMENT_EXECUTE|[2]
06:53:22.0 (14969240)|STATEMENT_EXECUTE|[3]
06:53:22.0 (14970262)|STATEMENT_EXECUTE|[4]
06:53:22.0 (14971229)|STATEMENT_EXECUTE|[5]
06:53:22.0 (14981033)|HEAP_ALLOCATE|[EXTERNAL]|Bytes:6
06:53:22.0 (15009844)|STATEMENT_EXECUTE|[8]
06:53:22.0 (15016752)|SYSTEM_MODE_EXIT|false
06:53:22.0 (15034635)|CODE_UNIT_FINISHED|DraftsToPersons <init>
06:53:22.0 (15086717)|CODE_UNIT_STARTED|[EXTERNAL]|01p360000074pQr|DraftsToPersons get(Persons)
06:53:22.0 (15095077)|SYSTEM_MODE_ENTER|true
06:53:22.0 (15114646)|CODE_UNIT_STARTED|[EXTERNAL]|01p360000074pQr|DraftsToPersons invoke(getPersons)
06:53:22.0 (15154229)|HEAP_ALLOCATE|[EXTERNAL]|Bytes:20
06:53:22.0 (15162704)|VARIABLE_SCOPE_BEGIN|[23]|this|DraftsToPersons|true|false
06:53:22.0 (15181526)|VARIABLE_ASSIGNMENT|[23]|this|{}|0x7a9310a0
06:53:22.0 (15197406)|SYSTEM_MODE_ENTER|false
06:53:22.0 (15202138)|HEAP_ALLOCATE|[25]|Bytes:5
06:53:22.0 (15205898)|STATEMENT_EXECUTE|[24]
06:53:22.0 (15261045)|VARIABLE_ASSIGNMENT|[EXTERNAL]|this|{}|0x7a9310a0
06:53:22.0 (15273756)|STATEMENT_EXECUTE|[26]
06:53:22.0 (15275346)|STATEMENT_EXECUTE|[27]
06:53:22.0 (15278472)|HEAP_ALLOCATE|[27]|Bytes:71
06:53:22.0 (15290730)|HEAP_ALLOCATE|[27]|Bytes:4
06:53:22.0 (16201470)|SOQL_EXECUTE_BEGIN|[27]|Aggregations:0|SELECT id, Name FROM Person__c ORDER BY Name ASC NULLS FIRST LIMIT 1000
06:53:22.0 (19330976)|SOQL_EXECUTE_END|[27]|Rows:2
06:53:22.0 (19353936)|HEAP_ALLOCATE|[27]|Bytes:12
06:53:22.0 (19372441)|HEAP_ALLOCATE|[27]|Bytes:97
06:53:22.0 (19407493)|HEAP_ALLOCATE|[27]|Bytes:12
06:53:22.0 (19460242)|VARIABLE_ASSIGNMENT|[EXTERNAL]|this|{}|0x7a9310a0
06:53:22.0 (19503082)|VARIABLE_ASSIGNMENT|[EXTERNAL]|value|{"s":1,"v":[{"s":2,"v":{"Id":"a0N36000000xneOEAQ","Name":"Andiy Lokotosh"}},{"s":3,"v":{"Id":"a0N36000000xneTEAQ","Name":"Jon Smith"}}]}|0x3f78bd30
06:53:22.0 (19528870)|VARIABLE_ASSIGNMENT|[3]|this.pers|{"s":1,"v":[{"s":2,"v":{"Id":"a0N36000000xneOEAQ","Name":"Andiy Lokotosh"}},{"s":3,"v":{"Id":"a0N36000000xneTEAQ","Name":"Jon Smith"}}]}|0x7a9310a0
06:53:22.0 (19538813)|STATEMENT_EXECUTE|[31]
06:53:22.0 (19583739)|VARIABLE_ASSIGNMENT|[EXTERNAL]|this|{"pers":"0x3f78bd30"}|0x7a9310a0
06:53:22.0 (19599855)|SYSTEM_MODE_EXIT|false
06:53:22.0 (19619288)|CODE_UNIT_FINISHED|DraftsToPersons invoke(getPersons)
06:53:22.0 (19641792)|CODE_UNIT_FINISHED|DraftsToPersons get(Persons)
06:53:22.0 (19984256)|CODE_UNIT_STARTED|[EXTERNAL]|01p360000074pQr|DraftsToPersons get(Drafts)
06:53:22.0 (19993371)|SYSTEM_MODE_ENTER|true
06:53:22.0 (20007361)|CODE_UNIT_STARTED|[EXTERNAL]|01p360000074pQr|DraftsToPersons invoke(getDrafts)
06:53:22.0 (20043974)|HEAP_ALLOCATE|[EXTERNAL]|Bytes:20
06:53:22.0 (20051851)|VARIABLE_SCOPE_BEGIN|[12]|this|DraftsToPersons|true|false
06:53:22.0 (20073393)|VARIABLE_ASSIGNMENT|[12]|this|{"pers":"0x3f78bd30"}|0x7a9310a0
06:53:22.0 (20085727)|SYSTEM_MODE_ENTER|false
06:53:22.0 (20091083)|HEAP_ALLOCATE|[14]|Bytes:5
06:53:22.0 (20094886)|STATEMENT_EXECUTE|[13]
06:53:22.0 (20144765)|VARIABLE_ASSIGNMENT|[EXTERNAL]|this|{"pers":"0x3f78bd30"}|0x7a9310a0
06:53:22.0 (20156278)|STATEMENT_EXECUTE|[15]
06:53:22.0 (20157994)|STATEMENT_EXECUTE|[16]
06:53:22.0 (20161496)|HEAP_ALLOCATE|[16]|Bytes:70
06:53:22.0 (20166892)|HEAP_ALLOCATE|[16]|Bytes:4
06:53:22.0 (20879584)|SOQL_EXECUTE_BEGIN|[16]|Aggregations:0|SELECT id, Name FROM Draft__c ORDER BY Name ASC NULLS FIRST LIMIT 1000
06:53:22.0 (22864148)|SOQL_EXECUTE_END|[16]|Rows:2
06:53:22.0 (22883675)|HEAP_ALLOCATE|[16]|Bytes:12
06:53:22.0 (22901502)|HEAP_ALLOCATE|[16]|Bytes:95
06:53:22.0 (22927093)|HEAP_ALLOCATE|[16]|Bytes:12
06:53:22.0 (22982278)|VARIABLE_ASSIGNMENT|[EXTERNAL]|this|{"pers":"0x3f78bd30"}|0x7a9310a0
06:53:22.0 (23008378)|VARIABLE_ASSIGNMENT|[EXTERNAL]|value|{"s":1,"v":[{"s":2,"v":{"Id":"a0R3600000032Q3EAI","Name":"Ebay"}},{"s":3,"v":{"Id":"a0R3600000032PyEAI","Name":"Electronic System"}}]}|0x67cd68aa
06:53:22.0 (23033813)|VARIABLE_ASSIGNMENT|[2]|this.draft|{"s":1,"v":[{"s":2,"v":{"Id":"a0R3600000032Q3EAI","Name":"Ebay"}},{"s":3,"v":{"Id":"a0R3600000032PyEAI","Name":"Electronic System"}}]}|0x7a9310a0
06:53:22.0 (23043211)|STATEMENT_EXECUTE|[21]
06:53:22.0 (23092230)|VARIABLE_ASSIGNMENT|[EXTERNAL]|this|{"draft":"0x67cd68aa","pers":"0x3f78bd30"}|0x7a9310a0
06:53:22.0 (23107288)|SYSTEM_MODE_EXIT|false
06:53:22.0 (23119976)|CODE_UNIT_FINISHED|DraftsToPersons invoke(getDrafts)
06:53:22.0 (23143421)|CODE_UNIT_FINISHED|DraftsToPersons get(Drafts)
06:53:22.0 (23653082)|CODE_UNIT_STARTED|[EXTERNAL]|01p360000074pQr|DraftsToPersons get(Times)
06:53:22.0 (23662205)|SYSTEM_MODE_ENTER|true
06:53:22.0 (23675526)|CODE_UNIT_STARTED|[EXTERNAL]|01p360000074pQr|DraftsToPersons invoke(getTimes)
06:53:22.0 (23712795)|HEAP_ALLOCATE|[EXTERNAL]|Bytes:20
06:53:22.0 (23721548)|VARIABLE_SCOPE_BEGIN|[34]|this|DraftsToPersons|true|false
06:53:22.0 (23748501)|VARIABLE_ASSIGNMENT|[34]|this|{"draft":"0x67cd68aa","pers":"0x3f78bd30"}|0x7a9310a0
06:53:22.0 (23761277)|SYSTEM_MODE_ENTER|false
06:53:22.0 (23767887)|HEAP_ALLOCATE|[36]|Bytes:5
06:53:22.0 (23773252)|STATEMENT_EXECUTE|[35]
06:53:22.0 (23828463)|VARIABLE_ASSIGNMENT|[EXTERNAL]|this|{"draft":"0x67cd68aa","pers":"0x3f78bd30"}|0x7a9310a0
06:53:22.0 (23840557)|STATEMENT_EXECUTE|[37]
06:53:22.0 (23842396)|STATEMENT_EXECUTE|[38]
06:53:22.0 (23845987)|HEAP_ALLOCATE|[38]|Bytes:66
06:53:22.0 (23851309)|HEAP_ALLOCATE|[38]|Bytes:4
06:53:22.0 (25135927)|SOQL_EXECUTE_BEGIN|[38]|Aggregations:0|SELECT id, Name, Person__r.id, Draft__r.id FROM Time__c LIMIT 1000
06:53:22.0 (32812500)|SOQL_EXECUTE_END|[38]|Rows:3
06:53:22.0 (32830021)|HEAP_ALLOCATE|[38]|Bytes:16
06:53:22.0 (32855172)|HEAP_ALLOCATE|[38]|Bytes:484
06:53:22.0 (32882277)|HEAP_ALLOCATE|[38]|Bytes:16
06:53:22.0 (32935336)|VARIABLE_ASSIGNMENT|[EXTERNAL]|this|{"draft":"0x67cd68aa","pers":"0x3f78bd30"}|0x7a9310a0
06:53:22.0 (32982746)|VARIABLE_ASSIGNMENT|[EXTERNAL]|value|{"s":1,"v":[{"s":2,"v":{"Id":"a0M36000000eD3xEAE","Name":"4","Person__c":"a0N36000000xneTEAQ","Draft__c":"a0R3600000032Q3EAI","Person__r":{"s":3,"v":{"Id":"a0N36000000xneTEAQ"}},"Draft__r":{"s":4,"v":{"Id":"a0R3600000032Q3EAI"}}}},{"s":5,"v":{"Id":"a0M36000000eCJfEAM","Name":"5","Person__c":"a0N36000000xneOEAQ","Draft__c":"a0R3600000032Q3EAI","Person__r":{"s":6,"v":{"Id":"a0N36000000xneOEAQ"}},"Draft__r":{"r":4}}},{"s":7,"v":{"Id":"a0M36000000eCJaEAM","Name":"4","Person__c":"a0N36000000xneTEAQ","Draft__c":"a0R3600000032PyEAI","Person__r":{"r":3},"Draft__r":{"s":8,"v":{"Id":"a0R3600000032PyEAI"}}}}]}|0x74d56008
06:53:22.0 (33028902)|VARIABLE_ASSIGNMENT|[4]|this.tim|{"s":1,"v":[{"s":2,"v":{"Id":"a0M36000000eD3xEAE","Name":"4","Person__c":"a0N36000000xneTEAQ","Draft__c":"a0R3600000032Q3EAI","Person__r":{"s":3,"v":{"Id":"a0N36000000xneTEAQ"}},"Draft__r":{"s":4,"v":{"Id":"a0R3600000032Q3EAI"}}}},{"s":5,"v":{"Id":"a0M36000000eCJfEAM","Name":"5","Person__c":"a0N36000000xneOEAQ","Draft__c":"a0R3600000032Q3EAI","Person__r":{"s":6,"v":{"Id":"a0N36000000xneOEAQ"}},"Draft__r":{"r":4}}},{"s":7,"v":{"Id":"a0M36000000eCJaEAM","Name":"4","Person__c":"a0N36000000xneTEAQ","Draft__c":"a0R3600000032PyEAI","Person__r":{"r":3},"Draft__r":{"s":8,"v":{"Id":"a0R3600000032PyEAI"}}}}]}|0x7a9310a0
06:53:22.0 (33042119)|STATEMENT_EXECUTE|[41]
06:53:22.0 (33094647)|VARIABLE_ASSIGNMENT|[EXTERNAL]|this|{"draft":"0x67cd68aa","pers":"0x3f78bd30","tim":"0x74d56008"}|0x7a9310a0
06:53:22.0 (33110836)|SYSTEM_MODE_EXIT|false
06:53:22.0 (33124905)|CODE_UNIT_FINISHED|DraftsToPersons invoke(getTimes)
06:53:22.0 (33151160)|CODE_UNIT_FINISHED|DraftsToPersons get(Times)
06:53:22.78 (78262255)|CUMULATIVE_LIMIT_USAGE
06:53:22.78 (78262255)|LIMIT_USAGE_FOR_NS|(default)|
  Number of SOQL queries: 3 out of 100
  Number of query rows: 7 out of 50000
  Number of SOSL queries: 0 out of 20
  Number of DML statements: 0 out of 150
  Number of DML rows: 0 out of 10000
  Maximum CPU time: 0 out of 10000
  Maximum heap size: 0 out of 6000000
  Number of callouts: 0 out of 100
  Number of Email Invocations: 0 out of 10
  Number of future calls: 0 out of 50
  Number of queueable jobs added to the queue: 0 out of 50
  Number of Mobile Apex push calls: 0 out of 10

06:53:22.78 (78262255)|CUMULATIVE_LIMIT_USAGE_END

06:53:22.0 (78318299)|CODE_UNIT_FINISHED|VF: /apex/DraftsToPersonTable
06:53:22.0 (79545974)|EXECUTION_FINISHED
