36.0 APEX_CODE,FINEST;APEX_PROFILING,INFO;CALLOUT,INFO;DB,INFO;SYSTEM,DEBUG;VALIDATION,INFO;VISUALFORCE,INFO;WORKFLOW,INFO
08:15:35.0 (466402)|EXECUTION_STARTED
08:15:35.0 (503207)|CODE_UNIT_STARTED|[EXTERNAL]|06636000002mOgR|VF: /apex/AccountWrapper
08:15:35.0 (1255200)|VF_DESERIALIZE_VIEWSTATE_BEGIN|06636000002mOgR
08:15:35.0 (18040482)|HEAP_ALLOCATE|[72]|Bytes:3
08:15:35.0 (18091598)|HEAP_ALLOCATE|[77]|Bytes:152
08:15:35.0 (18111177)|HEAP_ALLOCATE|[342]|Bytes:408
08:15:35.0 (18132149)|HEAP_ALLOCATE|[355]|Bytes:408
08:15:35.0 (18152131)|HEAP_ALLOCATE|[467]|Bytes:48
08:15:35.0 (18188881)|HEAP_ALLOCATE|[139]|Bytes:6
08:15:35.0 (18226152)|HEAP_ALLOCATE|[50]|Bytes:5
08:15:35.0 (18247510)|HEAP_ALLOCATE|[56]|Bytes:5
08:15:35.0 (18257506)|HEAP_ALLOCATE|[64]|Bytes:7
08:15:35.0 (20523699)|VF_DESERIALIZE_VIEWSTATE_END
08:15:35.0 (22146906)|CODE_UNIT_STARTED|[EXTERNAL]|01p360000072U8D|AccountSelectClassController get(wrapAccountList)
08:15:35.0 (22162872)|SYSTEM_MODE_ENTER|true
08:15:35.0 (22212147)|CODE_UNIT_STARTED|[EXTERNAL]|01p360000072U8D|wrapAccountList
08:15:35.0 (22232096)|HEAP_ALLOCATE|[EXTERNAL]|Bytes:11
08:15:35.0 (22240142)|HEAP_ALLOCATE|[EXTERNAL]|Bytes:128
08:15:35.0 (22243743)|HEAP_ALLOCATE|[EXTERNAL]|Bytes:8
08:15:35.0 (22260032)|METHOD_ENTRY|[1]|01p360000072U8D|AccountSelectClassController.AccountSelectClassController()
08:15:35.0 (22265027)|STATEMENT_EXECUTE|[1]
08:15:35.0 (22270373)|STATEMENT_EXECUTE|[1]
08:15:35.0 (22271801)|STATEMENT_EXECUTE|[28]
08:15:35.0 (22277745)|METHOD_EXIT|[1]|AccountSelectClassController
08:15:35.0 (22289551)|CODE_UNIT_FINISHED|wrapAccountList
08:15:35.0 (22308678)|CODE_UNIT_FINISHED|AccountSelectClassController get(wrapAccountList)
08:15:35.0 (23019178)|CODE_UNIT_STARTED|[EXTERNAL]|01p360000072U8D|AccountSelectClassController get(selectedAccounts)
08:15:35.0 (23029277)|SYSTEM_MODE_ENTER|true
08:15:35.0 (23040009)|CODE_UNIT_STARTED|[EXTERNAL]|01p360000072U8D|selectedAccounts
08:15:35.0 (23050061)|CODE_UNIT_FINISHED|selectedAccounts
08:15:35.0 (23085216)|CODE_UNIT_FINISHED|AccountSelectClassController get(selectedAccounts)
08:15:35.0 (23693287)|CODE_UNIT_STARTED|[EXTERNAL]|01p360000072U8D|selected
08:15:35.0 (23709906)|HEAP_ALLOCATE|[EXTERNAL]|Bytes:108
08:15:35.0 (23716416)|HEAP_ALLOCATE|[EXTERNAL]|Bytes:8
08:15:35.0 (23725318)|CODE_UNIT_FINISHED|selected
08:15:35.0 (23796440)|CODE_UNIT_STARTED|[EXTERNAL]|01p360000072U8D|selected
08:15:35.0 (23807247)|CODE_UNIT_FINISHED|selected
08:15:35.0 (23873305)|CODE_UNIT_STARTED|[EXTERNAL]|01p360000072U8D|selected
08:15:35.0 (23883454)|CODE_UNIT_FINISHED|selected
08:15:35.0 (23948007)|CODE_UNIT_STARTED|[EXTERNAL]|01p360000072U8D|selected
08:15:35.0 (23958234)|CODE_UNIT_FINISHED|selected
08:15:35.0 (24032487)|CODE_UNIT_STARTED|[EXTERNAL]|01p360000072U8D|selected
08:15:35.0 (24043531)|CODE_UNIT_FINISHED|selected
08:15:35.0 (24114940)|CODE_UNIT_STARTED|[EXTERNAL]|01p360000072U8D|selected
08:15:35.0 (24125046)|CODE_UNIT_FINISHED|selected
08:15:35.0 (24209782)|CODE_UNIT_STARTED|[EXTERNAL]|01p360000072U8D|selected
08:15:35.0 (24220482)|CODE_UNIT_FINISHED|selected
08:15:35.0 (24293188)|CODE_UNIT_STARTED|[EXTERNAL]|01p360000072U8D|selected
08:15:35.0 (24303854)|CODE_UNIT_FINISHED|selected
08:15:35.0 (24368179)|CODE_UNIT_STARTED|[EXTERNAL]|01p360000072U8D|selected
08:15:35.0 (24378098)|CODE_UNIT_FINISHED|selected
08:15:35.0 (24478537)|CODE_UNIT_STARTED|[EXTERNAL]|01p360000072U8D|selected
08:15:35.0 (24498546)|CODE_UNIT_FINISHED|selected
08:15:35.0 (25140806)|CODE_UNIT_STARTED|[EXTERNAL]|wrapAccount set(selected,false)
08:15:35.0 (25189672)|HEAP_ALLOCATE|[EXTERNAL]|Bytes:5
08:15:35.0 (25200679)|HEAP_ALLOCATE|[EXTERNAL]|Bytes:12
08:15:35.0 (25236218)|VARIABLE_ASSIGNMENT|[EXTERNAL]|this.selected|false|0x1b4833c2
08:15:35.0 (25244364)|CODE_UNIT_FINISHED|wrapAccount set(selected,false)
08:15:35.0 (25316610)|CODE_UNIT_STARTED|[EXTERNAL]|wrapAccount set(selected,false)
08:15:35.0 (25340457)|HEAP_ALLOCATE|[EXTERNAL]|Bytes:5
08:15:35.0 (25344365)|HEAP_ALLOCATE|[EXTERNAL]|Bytes:12
08:15:35.0 (25352735)|VARIABLE_ASSIGNMENT|[EXTERNAL]|this.selected|false|0x5bc08565
08:15:35.0 (25359478)|CODE_UNIT_FINISHED|wrapAccount set(selected,false)
08:15:35.0 (25428771)|CODE_UNIT_STARTED|[EXTERNAL]|wrapAccount set(selected,false)
08:15:35.0 (25451325)|HEAP_ALLOCATE|[EXTERNAL]|Bytes:5
08:15:35.0 (25455087)|HEAP_ALLOCATE|[EXTERNAL]|Bytes:12
08:15:35.0 (25462741)|VARIABLE_ASSIGNMENT|[EXTERNAL]|this.selected|false|0x5388db26
08:15:35.0 (25468859)|CODE_UNIT_FINISHED|wrapAccount set(selected,false)
08:15:35.0 (25541404)|CODE_UNIT_STARTED|[EXTERNAL]|wrapAccount set(selected,false)
08:15:35.0 (25563856)|HEAP_ALLOCATE|[EXTERNAL]|Bytes:5
08:15:35.0 (25567480)|HEAP_ALLOCATE|[EXTERNAL]|Bytes:12
08:15:35.0 (25574999)|VARIABLE_ASSIGNMENT|[EXTERNAL]|this.selected|false|0x329ec9f3
08:15:35.0 (25581122)|CODE_UNIT_FINISHED|wrapAccount set(selected,false)
08:15:35.0 (25649419)|CODE_UNIT_STARTED|[EXTERNAL]|wrapAccount set(selected,false)
08:15:35.0 (25672112)|HEAP_ALLOCATE|[EXTERNAL]|Bytes:5
08:15:35.0 (25675779)|HEAP_ALLOCATE|[EXTERNAL]|Bytes:12
08:15:35.0 (25683164)|VARIABLE_ASSIGNMENT|[EXTERNAL]|this.selected|false|0x68123a41
08:15:35.0 (25689665)|CODE_UNIT_FINISHED|wrapAccount set(selected,false)
08:15:35.0 (25757806)|CODE_UNIT_STARTED|[EXTERNAL]|wrapAccount set(selected,false)
08:15:35.0 (25780216)|HEAP_ALLOCATE|[EXTERNAL]|Bytes:5
08:15:35.0 (25783834)|HEAP_ALLOCATE|[EXTERNAL]|Bytes:12
08:15:35.0 (25791307)|VARIABLE_ASSIGNMENT|[EXTERNAL]|this.selected|false|0x3726718b
08:15:35.0 (25797406)|CODE_UNIT_FINISHED|wrapAccount set(selected,false)
08:15:35.0 (25866046)|CODE_UNIT_STARTED|[EXTERNAL]|wrapAccount set(selected,false)
08:15:35.0 (25888318)|HEAP_ALLOCATE|[EXTERNAL]|Bytes:5
08:15:35.0 (25891835)|HEAP_ALLOCATE|[EXTERNAL]|Bytes:12
08:15:35.0 (25913888)|VARIABLE_ASSIGNMENT|[EXTERNAL]|this.selected|false|0x22e2dda2
08:15:35.0 (25926026)|CODE_UNIT_FINISHED|wrapAccount set(selected,false)
08:15:35.0 (26053396)|CODE_UNIT_STARTED|[EXTERNAL]|wrapAccount set(selected,true)
08:15:35.0 (26085395)|HEAP_ALLOCATE|[EXTERNAL]|Bytes:5
08:15:35.0 (26089625)|HEAP_ALLOCATE|[EXTERNAL]|Bytes:12
08:15:35.0 (26097486)|VARIABLE_ASSIGNMENT|[EXTERNAL]|this.selected|true|0x66f7595c
08:15:35.0 (26104152)|CODE_UNIT_FINISHED|wrapAccount set(selected,true)
08:15:35.0 (26174102)|CODE_UNIT_STARTED|[EXTERNAL]|wrapAccount set(selected,false)
08:15:35.0 (26200670)|HEAP_ALLOCATE|[EXTERNAL]|Bytes:5
08:15:35.0 (26204434)|HEAP_ALLOCATE|[EXTERNAL]|Bytes:12
08:15:35.0 (26211955)|VARIABLE_ASSIGNMENT|[EXTERNAL]|this.selected|false|0x1fceb7f1
08:15:35.0 (26218226)|CODE_UNIT_FINISHED|wrapAccount set(selected,false)
08:15:35.0 (26286172)|CODE_UNIT_STARTED|[EXTERNAL]|wrapAccount set(selected,false)
08:15:35.0 (26308210)|HEAP_ALLOCATE|[EXTERNAL]|Bytes:5
08:15:35.0 (26311811)|HEAP_ALLOCATE|[EXTERNAL]|Bytes:12
08:15:35.0 (26319074)|VARIABLE_ASSIGNMENT|[EXTERNAL]|this.selected|false|0x1be037aa
08:15:35.0 (26325093)|CODE_UNIT_FINISHED|wrapAccount set(selected,false)
08:15:35.0 (27542691)|CODE_UNIT_STARTED|[EXTERNAL]|01p360000072U8D|AccountSelectClassController invoke(processSelected)
08:15:35.0 (27604602)|HEAP_ALLOCATE|[EXTERNAL]|Bytes:12
08:15:35.0 (27619240)|VARIABLE_SCOPE_BEGIN|[17]|this|AccountSelectClassController|true|false
08:15:35.0 (27664953)|VARIABLE_ASSIGNMENT|[17]|this|{"selectedAccounts":"0x70f4f392","wrapAccountList":"0x8cd275b"}|0x474a8b93
08:15:35.0 (27679110)|STATEMENT_EXECUTE|[17]
08:15:35.0 (27680985)|STATEMENT_EXECUTE|[18]
08:15:35.0 (27687693)|HEAP_ALLOCATE|[18]|Bytes:4
08:15:35.0 (27882558)|VARIABLE_ASSIGNMENT|[EXTERNAL]|this|{"selectedAccounts":"0x70f4f392","wrapAccountList":"0x8cd275b"}|0x474a8b93
08:15:35.0 (27906326)|HEAP_ALLOCATE|[EXTERNAL]|Bytes:4
08:15:35.0 (27931415)|VARIABLE_ASSIGNMENT|[EXTERNAL]|value|{"s":1,"v":[]}|0x6afd085c
08:15:35.0 (27952406)|VARIABLE_ASSIGNMENT|[5]|this.selectedAccounts|{"s":1,"v":[]}|0x474a8b93
08:15:35.0 (28004757)|VARIABLE_ASSIGNMENT|[EXTERNAL]|this|{"selectedAccounts":"0x6afd085c","wrapAccountList":"0x8cd275b"}|0x474a8b93
08:15:35.0 (28238390)|HEAP_ALLOCATE|[20]|Bytes:5
08:15:35.0 (28278228)|HEAP_ALLOCATE|[20]|Bytes:12
08:15:35.0 (28286379)|VARIABLE_SCOPE_BEGIN|[20]|wrapAccountObj|AccountSelectClassController.wrapAccount|true|false
08:15:35.0 (28322125)|VARIABLE_ASSIGNMENT|[20]|wrapAccountObj|{"acc":"0x4526c76a","selected":false}|0x1b4833c2
08:15:35.0 (28327087)|STATEMENT_EXECUTE|[20]
08:15:35.0 (28368414)|VARIABLE_ASSIGNMENT|[EXTERNAL]|this|{"acc":"0x4526c76a","selected":false}|0x1b4833c2
08:15:35.0 (28382384)|STATEMENT_EXECUTE|[21]
08:15:35.0 (28393974)|HEAP_ALLOCATE|[20]|Bytes:5
08:15:35.0 (28403499)|HEAP_ALLOCATE|[20]|Bytes:12
08:15:35.0 (28409473)|VARIABLE_SCOPE_BEGIN|[20]|wrapAccountObj|AccountSelectClassController.wrapAccount|true|false
08:15:35.0 (28428103)|VARIABLE_ASSIGNMENT|[20]|wrapAccountObj|{"acc":"0x6a769c99","selected":false}|0x5bc08565
08:15:35.0 (28431624)|STATEMENT_EXECUTE|[20]
08:15:35.0 (28449707)|VARIABLE_ASSIGNMENT|[EXTERNAL]|this|{"acc":"0x6a769c99","selected":false}|0x5bc08565
08:15:35.0 (28458463)|STATEMENT_EXECUTE|[21]
08:15:35.0 (28468584)|HEAP_ALLOCATE|[20]|Bytes:5
08:15:35.0 (28476997)|HEAP_ALLOCATE|[20]|Bytes:12
08:15:35.0 (28482386)|VARIABLE_SCOPE_BEGIN|[20]|wrapAccountObj|AccountSelectClassController.wrapAccount|true|false
08:15:35.0 (28499113)|VARIABLE_ASSIGNMENT|[20]|wrapAccountObj|{"acc":"0x71b7ab1a","selected":false}|0x5388db26
08:15:35.0 (28502456)|STATEMENT_EXECUTE|[20]
08:15:35.0 (28520209)|VARIABLE_ASSIGNMENT|[EXTERNAL]|this|{"acc":"0x71b7ab1a","selected":false}|0x5388db26
08:15:35.0 (28528749)|STATEMENT_EXECUTE|[21]
08:15:35.0 (28538652)|HEAP_ALLOCATE|[20]|Bytes:5
08:15:35.0 (28546875)|HEAP_ALLOCATE|[20]|Bytes:12
08:15:35.0 (28552211)|VARIABLE_SCOPE_BEGIN|[20]|wrapAccountObj|AccountSelectClassController.wrapAccount|true|false
08:15:35.0 (28567822)|VARIABLE_ASSIGNMENT|[20]|wrapAccountObj|{"acc":"0x2fdbe6b9","selected":false}|0x329ec9f3
08:15:35.0 (28571099)|STATEMENT_EXECUTE|[20]
08:15:35.0 (28588563)|VARIABLE_ASSIGNMENT|[EXTERNAL]|this|{"acc":"0x2fdbe6b9","selected":false}|0x329ec9f3
08:15:35.0 (28596773)|STATEMENT_EXECUTE|[21]
08:15:35.0 (28606459)|HEAP_ALLOCATE|[20]|Bytes:5
08:15:35.0 (28614326)|HEAP_ALLOCATE|[20]|Bytes:12
08:15:35.0 (28619380)|VARIABLE_SCOPE_BEGIN|[20]|wrapAccountObj|AccountSelectClassController.wrapAccount|true|false
08:15:35.0 (28635416)|VARIABLE_ASSIGNMENT|[20]|wrapAccountObj|{"acc":"0x73ba77a7","selected":false}|0x68123a41
08:15:35.0 (28638550)|STATEMENT_EXECUTE|[20]
08:15:35.0 (28655695)|VARIABLE_ASSIGNMENT|[EXTERNAL]|this|{"acc":"0x73ba77a7","selected":false}|0x68123a41
08:15:35.0 (28663987)|STATEMENT_EXECUTE|[21]
08:15:35.0 (28673744)|HEAP_ALLOCATE|[20]|Bytes:5
08:15:35.0 (28681777)|HEAP_ALLOCATE|[20]|Bytes:12
08:15:35.0 (28686923)|VARIABLE_SCOPE_BEGIN|[20]|wrapAccountObj|AccountSelectClassController.wrapAccount|true|false
08:15:35.0 (28702607)|VARIABLE_ASSIGNMENT|[20]|wrapAccountObj|{"acc":"0x19a1271e","selected":false}|0x3726718b
08:15:35.0 (28705840)|STATEMENT_EXECUTE|[20]
08:15:35.0 (28722840)|VARIABLE_ASSIGNMENT|[EXTERNAL]|this|{"acc":"0x19a1271e","selected":false}|0x3726718b
08:15:35.0 (28730843)|STATEMENT_EXECUTE|[21]
08:15:35.0 (28740395)|HEAP_ALLOCATE|[20]|Bytes:5
08:15:35.0 (28748524)|HEAP_ALLOCATE|[20]|Bytes:12
08:15:35.0 (28754044)|VARIABLE_SCOPE_BEGIN|[20]|wrapAccountObj|AccountSelectClassController.wrapAccount|true|false
08:15:35.0 (28770079)|VARIABLE_ASSIGNMENT|[20]|wrapAccountObj|{"acc":"0x3660ee7","selected":false}|0x22e2dda2
08:15:35.0 (28773540)|STATEMENT_EXECUTE|[20]
08:15:35.0 (28790435)|VARIABLE_ASSIGNMENT|[EXTERNAL]|this|{"acc":"0x3660ee7","selected":false}|0x22e2dda2
08:15:35.0 (28798635)|STATEMENT_EXECUTE|[21]
08:15:35.0 (28808118)|HEAP_ALLOCATE|[20]|Bytes:5
08:15:35.0 (28816285)|HEAP_ALLOCATE|[20]|Bytes:12
08:15:35.0 (28821392)|VARIABLE_SCOPE_BEGIN|[20]|wrapAccountObj|AccountSelectClassController.wrapAccount|true|false
08:15:35.0 (28837120)|VARIABLE_ASSIGNMENT|[20]|wrapAccountObj|{"acc":"0x73f8ce1c","selected":true}|0x66f7595c
08:15:35.0 (28840426)|STATEMENT_EXECUTE|[20]
08:15:35.0 (28857670)|VARIABLE_ASSIGNMENT|[EXTERNAL]|this|{"acc":"0x73f8ce1c","selected":true}|0x66f7595c
08:15:35.0 (28865877)|STATEMENT_EXECUTE|[21]
08:15:35.0 (28867485)|STATEMENT_EXECUTE|[22]
08:15:35.0 (28906065)|VARIABLE_ASSIGNMENT|[EXTERNAL]|this|{"selectedAccounts":"0x6afd085c","wrapAccountList":"0x8cd275b"}|0x474a8b93
08:15:35.0 (28938895)|VARIABLE_ASSIGNMENT|[EXTERNAL]|this|{"acc":"0x73f8ce1c","selected":true}|0x66f7595c
08:15:35.0 (28958703)|HEAP_ALLOCATE|[EXTERNAL]|Bytes:4
08:15:35.0 (28972170)|HEAP_ALLOCATE|[20]|Bytes:5
08:15:35.0 (28981240)|HEAP_ALLOCATE|[20]|Bytes:12
08:15:35.0 (28986747)|VARIABLE_SCOPE_BEGIN|[20]|wrapAccountObj|AccountSelectClassController.wrapAccount|true|false
08:15:35.0 (29003952)|VARIABLE_ASSIGNMENT|[20]|wrapAccountObj|{"acc":"0x63b2b6ee","selected":false}|0x1fceb7f1
08:15:35.0 (29008433)|STATEMENT_EXECUTE|[20]
08:15:35.0 (29026467)|VARIABLE_ASSIGNMENT|[EXTERNAL]|this|{"acc":"0x63b2b6ee","selected":false}|0x1fceb7f1
08:15:35.0 (29034775)|STATEMENT_EXECUTE|[21]
08:15:35.0 (29044777)|HEAP_ALLOCATE|[20]|Bytes:5
08:15:35.0 (29052917)|HEAP_ALLOCATE|[20]|Bytes:12
08:15:35.0 (29058080)|VARIABLE_SCOPE_BEGIN|[20]|wrapAccountObj|AccountSelectClassController.wrapAccount|true|false
08:15:35.0 (29074328)|VARIABLE_ASSIGNMENT|[20]|wrapAccountObj|{"acc":"0x28de3aee","selected":false}|0x1be037aa
08:15:35.0 (29077924)|STATEMENT_EXECUTE|[20]
08:15:35.0 (29095409)|VARIABLE_ASSIGNMENT|[EXTERNAL]|this|{"acc":"0x28de3aee","selected":false}|0x1be037aa
08:15:35.0 (29103725)|STATEMENT_EXECUTE|[21]
08:15:35.0 (29113400)|HEAP_ALLOCATE|[20]|Bytes:5
08:15:35.0 (29123389)|VARIABLE_ASSIGNMENT|[20]|wrapAccountObj|null|
08:15:35.0 (29170007)|CODE_UNIT_FINISHED|AccountSelectClassController invoke(processSelected)
08:15:35.0 (29222880)|VF_APEX_CALL|j_id5|{!processSelected}|PageReference: none
08:15:35.0 (32024535)|CODE_UNIT_STARTED|[EXTERNAL]|01p360000072U8D|AccountSelectClassController get(wrapAccountList)
08:15:35.0 (32038690)|SYSTEM_MODE_ENTER|true
08:15:35.0 (32051739)|CODE_UNIT_STARTED|[EXTERNAL]|01p360000072U8D|wrapAccountList
08:15:35.0 (32064873)|CODE_UNIT_FINISHED|wrapAccountList
08:15:35.0 (32081491)|CODE_UNIT_FINISHED|AccountSelectClassController get(wrapAccountList)
08:15:35.0 (32308692)|CODE_UNIT_STARTED|[EXTERNAL]|01p360000072U8D|acc
08:15:35.0 (32320280)|CODE_UNIT_FINISHED|acc
08:15:35.0 (38259518)|CODE_UNIT_STARTED|[EXTERNAL]|01p360000072U8D|AccountSelectClassController get(selectedAccounts)
08:15:35.0 (38278224)|SYSTEM_MODE_ENTER|true
08:15:35.0 (38300855)|CODE_UNIT_STARTED|[EXTERNAL]|01p360000072U8D|selectedAccounts
08:15:35.0 (38321003)|CODE_UNIT_FINISHED|selectedAccounts
08:15:35.0 (38346039)|CODE_UNIT_FINISHED|AccountSelectClassController get(selectedAccounts)
08:15:35.0 (44560490)|VF_SERIALIZE_VIEWSTATE_BEGIN|06636000002mOgR
08:15:35.0 (58243846)|VF_SERIALIZE_VIEWSTATE_END
08:15:35.0 (67552020)|CODE_UNIT_STARTED|[EXTERNAL]|Generate Metadata
08:15:35.0 (71491868)|CODE_UNIT_FINISHED|Generate Metadata
08:15:35.79 (79033633)|CUMULATIVE_LIMIT_USAGE
08:15:35.79 (79033633)|LIMIT_USAGE_FOR_NS|(default)|
  Number of SOQL queries: 0 out of 100
  Number of query rows: 0 out of 50000
  Number of SOSL queries: 0 out of 20
  Number of DML statements: 0 out of 150
  Number of DML rows: 0 out of 10000
  Maximum CPU time: 0 out of 10000
  Maximum heap size: 0 out of 6000000
  Number of callouts: 0 out of 100
  Number of Email Invocations: 0 out of 10
  Number of future calls: 0 out of 50
  Number of queueable jobs added to the queue: 0 out of 50
  Number of Mobile Apex push calls: 0 out of 10

08:15:35.79 (79033633)|CUMULATIVE_LIMIT_USAGE_END

08:15:35.0 (79090960)|CODE_UNIT_FINISHED|VF: /apex/AccountWrapper
08:15:35.0 (81327473)|EXECUTION_FINISHED
