36.0 APEX_CODE,FINEST;APEX_PROFILING,INFO;CALLOUT,INFO;DB,INFO;SYSTEM,DEBUG;VALIDATION,INFO;VISUALFORCE,INFO;WORKFLOW,INFO
12:25:33.0 (436385)|EXECUTION_STARTED
12:25:33.0 (473155)|CODE_UNIT_STARTED|[EXTERNAL]|aura
12:25:33.0 (1249177)|HEAP_ALLOCATE|[72]|Bytes:3
12:25:33.0 (1328165)|HEAP_ALLOCATE|[77]|Bytes:152
12:25:33.0 (1348881)|HEAP_ALLOCATE|[342]|Bytes:408
12:25:33.0 (1366544)|HEAP_ALLOCATE|[355]|Bytes:408
12:25:33.0 (1383012)|HEAP_ALLOCATE|[467]|Bytes:48
12:25:33.0 (1412780)|HEAP_ALLOCATE|[139]|Bytes:6
12:25:33.0 (1437330)|HEAP_ALLOCATE|[EXTERNAL]|Bytes:18
12:25:33.0 (1479581)|HEAP_ALLOCATE|[EXTERNAL]|Bytes:18
12:25:33.0 (2946052)|CODE_UNIT_STARTED|[EXTERNAL]|01p36000006TzBn|AwesomeProductController.getProductByName
12:25:33.0 (3074593)|HEAP_ALLOCATE|[EXTERNAL]|Bytes:3
12:25:33.0 (3091741)|METHOD_ENTRY|[1]|01p36000006TzBn|AwesomeProductController.AwesomeProductController()
12:25:33.0 (3096512)|STATEMENT_EXECUTE|[1]
12:25:33.0 (3102383)|STATEMENT_EXECUTE|[1]
12:25:33.0 (3106779)|METHOD_EXIT|[1]|AwesomeProductController
12:25:33.0 (3111295)|HEAP_ALLOCATE|[EXTERNAL]|Bytes:18
12:25:33.0 (3121005)|SYSTEM_MODE_ENTER|false
12:25:33.0 (3134859)|VARIABLE_SCOPE_BEGIN|[8]|name|String|false|false
12:25:33.0 (3167391)|VARIABLE_ASSIGNMENT|[8]|name|"Always Be Yourself"
12:25:33.0 (3178811)|STATEMENT_EXECUTE|[8]
12:25:33.0 (3180420)|STATEMENT_EXECUTE|[9]
12:25:33.0 (3195103)|HEAP_ALLOCATE|[9]|Bytes:167
12:25:33.0 (3222479)|HEAP_ALLOCATE|[9]|Bytes:4
12:25:33.0 (3243783)|HEAP_ALLOCATE|[9]|Bytes:7
12:25:33.0 (3296657)|HEAP_ALLOCATE|[50]|Bytes:5
12:25:33.0 (3321780)|HEAP_ALLOCATE|[56]|Bytes:5
12:25:33.0 (3331265)|HEAP_ALLOCATE|[64]|Bytes:7
12:25:33.0 (5567519)|SOQL_EXECUTE_BEGIN|[9]|Aggregations:1|SELECT id, name, photo__c, color__c, points__c, description__c, (SELECT name FROM product_sizes__r ORDER BY name ASC NULLS FIRST) FROM product__c WHERE name = :tmpVar1
12:25:33.0 (12291503)|SOQL_EXECUTE_END|[9]|Rows:0
12:25:33.0 (12321374)|HEAP_ALLOCATE|[9]|Bytes:4
12:25:33.0 (12347451)|HEAP_ALLOCATE|[9]|Bytes:0
12:25:33.0 (12402536)|HEAP_ALLOCATE|[9]|Bytes:4
12:25:33.0 (12416178)|HEAP_ALLOCATE|[9]|Bytes:36
12:25:33.0 (12552708)|HEAP_ALLOCATE|[9]|Bytes:46
12:25:33.0 (12692237)|FATAL_ERROR|System.QueryException: List has no rows for assignment to SObject

Class.AwesomeProductController.getProductByName: line 9, column 1
12:25:33.0 (12706157)|FATAL_ERROR|System.QueryException: List has no rows for assignment to SObject

Class.AwesomeProductController.getProductByName: line 9, column 1
12:25:33.12 (12717317)|CUMULATIVE_LIMIT_USAGE
12:25:33.12 (12717317)|LIMIT_USAGE_FOR_NS|(default)|
  Number of SOQL queries: 1 out of 100
  Number of query rows: 0 out of 50000
  Number of SOSL queries: 0 out of 20
  Number of DML statements: 0 out of 150
  Number of DML rows: 0 out of 10000
  Maximum CPU time: 0 out of 10000
  Maximum heap size: 0 out of 6000000
  Number of callouts: 0 out of 100
  Number of Email Invocations: 0 out of 10
  Number of future calls: 0 out of 50
  Number of queueable jobs added to the queue: 0 out of 50
  Number of Mobile Apex push calls: 0 out of 10

12:25:33.12 (12717317)|CUMULATIVE_LIMIT_USAGE_END

12:25:33.0 (12758156)|CODE_UNIT_FINISHED|AwesomeProductController.getProductByName
12:25:33.0 (19822958)|CODE_UNIT_STARTED|[EXTERNAL]|01p36000006TzBn|AwesomeProductController.getProducts
12:25:33.0 (19882731)|STATEMENT_EXECUTE|[3]
12:25:33.0 (19886550)|STATEMENT_EXECUTE|[4]
12:25:33.0 (19898691)|HEAP_ALLOCATE|[4]|Bytes:68
12:25:33.0 (19908540)|HEAP_ALLOCATE|[4]|Bytes:4
12:25:33.0 (20110527)|SOQL_EXECUTE_BEGIN|[4]|Aggregations:0|SELECT id, name, photo__c, description__c, points__c FROM product__c
12:25:33.0 (22003690)|SOQL_EXECUTE_END|[4]|Rows:1
12:25:33.0 (22022778)|HEAP_ALLOCATE|[4]|Bytes:8
12:25:33.0 (22041074)|HEAP_ALLOCATE|[4]|Bytes:243
12:25:33.0 (22066348)|HEAP_ALLOCATE|[4]|Bytes:8
12:25:33.22 (22117128)|CUMULATIVE_LIMIT_USAGE
12:25:33.22 (22117128)|LIMIT_USAGE_FOR_NS|(default)|
  Number of SOQL queries: 2 out of 100
  Number of query rows: 1 out of 50000
  Number of SOSL queries: 0 out of 20
  Number of DML statements: 0 out of 150
  Number of DML rows: 0 out of 10000
  Maximum CPU time: 0 out of 10000
  Maximum heap size: 0 out of 6000000
  Number of callouts: 0 out of 100
  Number of Email Invocations: 0 out of 10
  Number of future calls: 0 out of 50
  Number of queueable jobs added to the queue: 0 out of 50
  Number of Mobile Apex push calls: 0 out of 10

12:25:33.22 (22117128)|CUMULATIVE_LIMIT_USAGE_END

12:25:33.0 (22155304)|CODE_UNIT_FINISHED|AwesomeProductController.getProducts
