36.0 APEX_CODE,FINEST;APEX_PROFILING,INFO;CALLOUT,INFO;DB,INFO;SYSTEM,DEBUG;VALIDATION,INFO;VISUALFORCE,INFO;WORKFLOW,INFO
09:00:15.0 (674566)|EXECUTION_STARTED
09:00:15.0 (727149)|CODE_UNIT_STARTED|[EXTERNAL]|06636000002mQIk|VF: /apex/LightningAppVF
09:00:15.52 (52535571)|CUMULATIVE_LIMIT_USAGE
09:00:15.52 (52535571)|LIMIT_USAGE_FOR_NS|(default)|
  Number of SOQL queries: 0 out of 100
  Number of query rows: 0 out of 50000
  Number of SOSL queries: 0 out of 20
  Number of DML statements: 0 out of 150
  Number of DML rows: 0 out of 10000
  Maximum CPU time: 0 out of 10000
  Maximum heap size: 0 out of 6000000
  Number of callouts: 0 out of 100
  Number of Email Invocations: 0 out of 10
  Number of future calls: 0 out of 50
  Number of queueable jobs added to the queue: 0 out of 50
  Number of Mobile Apex push calls: 0 out of 10

09:00:15.52 (52535571)|CUMULATIVE_LIMIT_USAGE_END

09:00:15.0 (52600780)|CODE_UNIT_FINISHED|VF: /apex/LightningAppVF
09:00:15.0 (54009803)|EXECUTION_FINISHED
