36.0 APEX_CODE,FINEST;APEX_PROFILING,INFO;CALLOUT,INFO;DB,INFO;SYSTEM,DEBUG;VALIDATION,INFO;VISUALFORCE,INFO;WORKFLOW,INFO
07:27:03.8 (8632192)|EXECUTION_STARTED
07:27:03.8 (8668062)|CODE_UNIT_STARTED|[EXTERNAL]|06636000001VcbV|VF: /apex/AprooveWraper
07:27:03.8 (10198760)|CODE_UNIT_STARTED|[EXTERNAL]|01p360000072SS3|WrapperEmployeeSkills <init>
07:27:03.8 (10217698)|SYSTEM_MODE_ENTER|true
07:27:03.8 (10801618)|HEAP_ALLOCATE|[72]|Bytes:3
07:27:03.8 (10862120)|HEAP_ALLOCATE|[77]|Bytes:152
07:27:03.8 (10882209)|HEAP_ALLOCATE|[342]|Bytes:408
07:27:03.8 (10902700)|HEAP_ALLOCATE|[355]|Bytes:408
07:27:03.8 (10921854)|HEAP_ALLOCATE|[467]|Bytes:48
07:27:03.8 (10964718)|HEAP_ALLOCATE|[139]|Bytes:6
07:27:03.8 (10990002)|HEAP_ALLOCATE|[EXTERNAL]|Bytes:9
07:27:03.8 (10994847)|HEAP_ALLOCATE|[EXTERNAL]|Bytes:88
07:27:03.8 (10997483)|HEAP_ALLOCATE|[EXTERNAL]|Bytes:6
07:27:03.8 (11000452)|HEAP_ALLOCATE|[EXTERNAL]|Bytes:2
07:27:03.8 (11018150)|METHOD_ENTRY|[1]|01p360000072SS3|WrapperEmployeeSkills.WrapperEmployeeSkills()
07:27:03.8 (11023552)|STATEMENT_EXECUTE|[1]
07:27:03.8 (11033500)|STATEMENT_EXECUTE|[1]
07:27:03.8 (11066423)|HEAP_ALLOCATE|[50]|Bytes:5
07:27:03.8 (11092455)|HEAP_ALLOCATE|[56]|Bytes:5
07:27:03.8 (11102229)|HEAP_ALLOCATE|[64]|Bytes:7
07:27:03.8 (11129373)|SYSTEM_MODE_ENTER|false
07:27:03.8 (11149414)|HEAP_ALLOCATE|[EXTERNAL]|Bytes:5
07:27:03.8 (11153893)|STATEMENT_EXECUTE|[59]
07:27:03.8 (11159629)|SYSTEM_MODE_EXIT|false
07:27:03.8 (11172311)|METHOD_EXIT|[1]|WrapperEmployeeSkills
07:27:03.8 (11192315)|HEAP_ALLOCATE|[EXTERNAL]|Bytes:8
07:27:03.8 (11205439)|VARIABLE_SCOPE_BEGIN|[1]|this|WrapperEmployeeSkills|true|false
07:27:03.8 (11268030)|VARIABLE_ASSIGNMENT|[1]|this|{}|0x68e14b28
07:27:03.8 (11279740)|SYSTEM_MODE_ENTER|false
07:27:03.8 (11285389)|HEAP_ALLOCATE|[EXTERNAL]|Bytes:5
07:27:03.8 (11294474)|HEAP_ALLOCATE|[EXTERNAL]|Bytes:6
07:27:03.8 (11325450)|SYSTEM_MODE_EXIT|false
07:27:03.8 (11330591)|STATEMENT_EXECUTE|[1]
07:27:03.8 (11335732)|SYSTEM_MODE_ENTER|false
07:27:03.8 (11339749)|HEAP_ALLOCATE|[EXTERNAL]|Bytes:5
07:27:03.8 (11342507)|STATEMENT_EXECUTE|[4]
07:27:03.8 (11346266)|SYSTEM_MODE_EXIT|false
07:27:03.8 (11361364)|CODE_UNIT_FINISHED|WrapperEmployeeSkills <init>
07:27:03.8 (11411117)|CODE_UNIT_STARTED|[EXTERNAL]|01p360000072SS3|WrapperEmployeeSkills get(EmployeeSkills)
07:27:03.8 (11426152)|SYSTEM_MODE_ENTER|true
07:27:03.8 (11445575)|CODE_UNIT_STARTED|[EXTERNAL]|01p360000072SS3|WrapperEmployeeSkills invoke(getEmployeeSkills)
07:27:03.8 (11480843)|HEAP_ALLOCATE|[EXTERNAL]|Bytes:8
07:27:03.8 (11490711)|VARIABLE_SCOPE_BEGIN|[7]|this|WrapperEmployeeSkills|true|false
07:27:03.8 (11506434)|VARIABLE_ASSIGNMENT|[7]|this|{}|0x68e14b28
07:27:03.8 (11523243)|SYSTEM_MODE_ENTER|false
07:27:03.8 (11528593)|HEAP_ALLOCATE|[8]|Bytes:5
07:27:03.8 (11532457)|STATEMENT_EXECUTE|[7]
07:27:03.8 (11581539)|VARIABLE_ASSIGNMENT|[EXTERNAL]|this|{}|0x68e14b28
07:27:03.8 (11596586)|STATEMENT_EXECUTE|[8]
07:27:03.8 (11598165)|STATEMENT_EXECUTE|[9]
07:27:03.8 (11604869)|HEAP_ALLOCATE|[9]|Bytes:4
07:27:03.8 (11717356)|VARIABLE_ASSIGNMENT|[EXTERNAL]|this|{}|0x68e14b28
07:27:03.8 (11751176)|HEAP_ALLOCATE|[EXTERNAL]|Bytes:4
07:27:03.8 (11772122)|VARIABLE_ASSIGNMENT|[EXTERNAL]|value|{"s":1,"v":[]}|0x6cf01502
07:27:03.8 (11786024)|VARIABLE_ASSIGNMENT|[4]|this.skillsList|{"s":1,"v":[]}|0x68e14b28
07:27:03.8 (11796597)|HEAP_ALLOCATE|[10]|Bytes:74
07:27:03.8 (11809409)|HEAP_ALLOCATE|[10]|Bytes:4
07:27:03.8 (12260190)|SOQL_EXECUTE_BEGIN|[10]|Aggregations:0|SELECT Id, Name, Employee__r.Name, Project__r.Name FROM Employee_Skills__c
07:27:03.8 (38182359)|SOQL_EXECUTE_END|[10]|Rows:14
07:27:03.8 (38213489)|HEAP_ALLOCATE|[EXTERNAL]|Bytes:60
07:27:03.8 (38408523)|HEAP_ALLOCATE|[10]|Bytes:49
07:27:03.8 (38416134)|HEAP_ALLOCATE|[10]|Bytes:8
07:27:03.8 (38435677)|SYSTEM_METHOD_ENTRY|[7]|QueryLocatorIterator.QueryLocatorIterator()
07:27:03.8 (38439695)|STATEMENT_EXECUTE|[7]
07:27:03.8 (38451862)|SYSTEM_METHOD_EXIT|[7]|QueryLocatorIterator
07:27:03.8 (38458477)|HEAP_ALLOCATE|[10]|Bytes:28
07:27:03.8 (38504263)|HEAP_ALLOCATE|[10]|Bytes:60
07:27:03.8 (38520342)|HEAP_ALLOCATE|[10]|Bytes:8
07:27:03.8 (38522837)|HEAP_ALLOCATE|[10]|Bytes:8
07:27:03.8 (38527082)|VARIABLE_SCOPE_BEGIN|[15]|this|Database.QueryLocatorIterator|true|false
07:27:03.8 (38552705)|VARIABLE_ASSIGNMENT|[15]|this|{}|0x99935df
07:27:03.8 (38556244)|VARIABLE_SCOPE_BEGIN|[15]|values|List<SObject>|true|false
07:27:03.8 (38572204)|VARIABLE_ASSIGNMENT|[15]|values|{"s":1,"v":"List of size 14 too large to display"}|0x6a5bdb14
07:27:03.8 (38575249)|VARIABLE_SCOPE_BEGIN|[15]|ql|Database.QueryLocator|true|false
07:27:03.8 (38591320)|VARIABLE_ASSIGNMENT|[15]|ql|{"query":"SELECT Id, Name, Emp (54 more) ..."}|0x3d6ee21b
07:27:03.8 (38594732)|VARIABLE_SCOPE_BEGIN|[15]|totalNumRecords|Integer|false|false
07:27:03.8 (38598506)|VARIABLE_ASSIGNMENT|[15]|totalNumRecords|14
07:27:03.8 (38600484)|VARIABLE_SCOPE_BEGIN|[15]|queryMoreSize|Integer|false|false
07:27:03.8 (38603251)|VARIABLE_ASSIGNMENT|[15]|queryMoreSize|49986
07:27:03.8 (38665097)|HEAP_ALLOCATE|[10]|Bytes:28
07:27:03.8 (38692012)|METHOD_ENTRY|[10]||Database.QueryLocatorIterator.hasNext()
07:27:03.8 (38780085)|METHOD_EXIT|[10]||Database.QueryLocatorIterator.hasNext()
07:27:03.8 (38790616)|METHOD_ENTRY|[10]||Database.QueryLocatorIterator.next()
07:27:03.8 (38881688)|METHOD_EXIT|[10]||Database.QueryLocatorIterator.next()
07:27:03.8 (38891904)|VARIABLE_SCOPE_BEGIN|[10]|c|Employee_Skills__c|true|false
07:27:03.8 (38919729)|VARIABLE_ASSIGNMENT|[10]|c|{"s":1,"v":{"Id":"a0C360000002n2pEAA","Name":"sdfsdfsdf","Employee__c":"a0A36000001yx5YEAQ","Project__c":"a0736000000Ew01AAC","Employee__r":{"s":2,"v":{"Name":"dssdfsd","Id":"a0A36000001yx5YEAQ"}},"Project__r":{"s":3,"v":{"Name":"eBank","Id":"a0736000000Ew01AAC"}}}}|0x5ded4468
07:27:03.8 (38925310)|STATEMENT_EXECUTE|[10]
07:27:03.8 (38926878)|STATEMENT_EXECUTE|[12]
07:27:03.8 (38961410)|VARIABLE_ASSIGNMENT|[EXTERNAL]|this|{"skillsList":"0x6cf01502"}|0x68e14b28
07:27:03.8 (38977755)|HEAP_ALLOCATE|[12]|Bytes:112
07:27:03.8 (38983373)|HEAP_ALLOCATE|[12]|Bytes:8
07:27:03.8 (39000288)|HEAP_ALLOCATE|[12]|Bytes:12
07:27:03.8 (39022468)|CONSTRUCTOR_ENTRY|[12]|01p360000072SS3|<init>(Employee_Skills__c)
07:27:03.8 (39041170)|VARIABLE_SCOPE_BEGIN|[64]|this|WrapperEmployeeSkills.wEmployee|true|false
07:27:03.8 (39058828)|VARIABLE_ASSIGNMENT|[64]|this|{}|0x5c2b3c77
07:27:03.8 (39066059)|VARIABLE_SCOPE_BEGIN|[64]|s|Employee_Skills__c|true|false
07:27:03.8 (39083630)|VARIABLE_ASSIGNMENT|[64]|s|{"s":1,"v":{"Id":"a0C360000002n2pEAA","Name":"sdfsdfsdf","Employee__c":"a0A36000001yx5YEAQ","Project__c":"a0736000000Ew01AAC","Employee__r":{"s":2,"v":{"Name":"dssdfsd","Id":"a0A36000001yx5YEAQ"}},"Project__r":{"s":3,"v":{"Name":"eBank","Id":"a0736000000Ew01AAC"}}}}|0x5ded4468
07:27:03.8 (39088820)|STATEMENT_EXECUTE|[59]
07:27:03.8 (39090294)|STATEMENT_EXECUTE|[60]
07:27:03.8 (39091472)|STATEMENT_EXECUTE|[61]
07:27:03.8 (39104978)|STATEMENT_EXECUTE|[64]
07:27:03.8 (39106515)|STATEMENT_EXECUTE|[65]
07:27:03.8 (39174223)|VARIABLE_ASSIGNMENT|[EXTERNAL]|this|{}|0x5c2b3c77
07:27:03.8 (39195324)|VARIABLE_ASSIGNMENT|[EXTERNAL]|value|{"s":1,"v":{"Id":"a0C360000002n2pEAA","Name":"sdfsdfsdf","Employee__c":"a0A36000001yx5YEAQ","Project__c":"a0736000000Ew01AAC","Employee__r":{"s":2,"v":{"Name":"dssdfsd","Id":"a0A36000001yx5YEAQ"}},"Project__r":{"s":3,"v":{"Name":"eBank","Id":"a0736000000Ew01AAC"}}}}|0x5ded4468
07:27:03.8 (39213918)|VARIABLE_ASSIGNMENT|[60]|this.skill|{"s":1,"v":{"Id":"a0C360000002n2pEAA","Name":"sdfsdfsdf","Employee__c":"a0A36000001yx5YEAQ","Project__c":"a0736000000Ew01AAC","Employee__r":{"s":2,"v":{"Name":"dssdfsd","Id":"a0A36000001yx5YEAQ"}},"Project__r":{"s":3,"v":{"Name":"eBank","Id":"a0736000000Ew01AAC"}}}}|0x5c2b3c77
07:27:03.8 (39223168)|STATEMENT_EXECUTE|[66]
07:27:03.8 (39274560)|VARIABLE_ASSIGNMENT|[EXTERNAL]|this|{"skill":"0x5ded4468"}|0x5c2b3c77
07:27:03.8 (39285922)|VARIABLE_ASSIGNMENT|[EXTERNAL]|value|false
07:27:03.8 (39291043)|HEAP_ALLOCATE|[61]|Bytes:5
07:27:03.8 (39297691)|VARIABLE_ASSIGNMENT|[61]|this.selected|false|0x5c2b3c77
07:27:03.8 (39310107)|CONSTRUCTOR_EXIT|[12]|01p360000072SS3|<init>(Employee_Skills__c)
07:27:03.8 (39330369)|HEAP_ALLOCATE|[EXTERNAL]|Bytes:4
07:27:03.8 (39341339)|METHOD_ENTRY|[10]||Database.QueryLocatorIterator.hasNext()
07:27:03.8 (39362629)|METHOD_EXIT|[10]||Database.QueryLocatorIterator.hasNext()
07:27:03.8 (39367793)|METHOD_ENTRY|[10]||Database.QueryLocatorIterator.next()
07:27:03.8 (39442570)|METHOD_EXIT|[10]||Database.QueryLocatorIterator.next()
07:27:03.8 (39449352)|VARIABLE_SCOPE_BEGIN|[10]|c|Employee_Skills__c|true|false
07:27:03.8 (39470360)|VARIABLE_ASSIGNMENT|[10]|c|{"s":1,"v":{"Id":"a0C360000003sI7EAI","Name":"Test Skill","Employee__c":"a0A36000002STuDEAW","Project__c":"a07360000014vWtAAI","Employee__r":{"s":2,"v":{"Name":"Jor","Id":"a0A36000002STuDEAW"}},"Project__r":{"s":3,"v":{"Name":"TestProj","Id":"a07360000014vWtAAI"}}}}|0x2caf6840
07:27:03.8 (39477470)|STATEMENT_EXECUTE|[10]
07:27:03.8 (39479132)|STATEMENT_EXECUTE|[12]
07:27:03.8 (39500962)|VARIABLE_ASSIGNMENT|[EXTERNAL]|this|{"skillsList":"0x6cf01502"}|0x68e14b28
07:27:03.8 (39511106)|HEAP_ALLOCATE|[12]|Bytes:12
07:27:03.8 (39519835)|CONSTRUCTOR_ENTRY|[12]|01p360000072SS3|<init>(Employee_Skills__c)
07:27:03.8 (39524248)|VARIABLE_SCOPE_BEGIN|[64]|this|WrapperEmployeeSkills.wEmployee|true|false
07:27:03.8 (39536894)|VARIABLE_ASSIGNMENT|[64]|this|{}|0xda0734b
07:27:03.8 (39539632)|VARIABLE_SCOPE_BEGIN|[64]|s|Employee_Skills__c|true|false
07:27:03.8 (39553679)|VARIABLE_ASSIGNMENT|[64]|s|{"s":1,"v":{"Id":"a0C360000003sI7EAI","Name":"Test Skill","Employee__c":"a0A36000002STuDEAW","Project__c":"a07360000014vWtAAI","Employee__r":{"s":2,"v":{"Name":"Jor","Id":"a0A36000002STuDEAW"}},"Project__r":{"s":3,"v":{"Name":"TestProj","Id":"a07360000014vWtAAI"}}}}|0x2caf6840
07:27:03.8 (39557922)|STATEMENT_EXECUTE|[59]
07:27:03.8 (39559211)|STATEMENT_EXECUTE|[60]
07:27:03.8 (39560362)|STATEMENT_EXECUTE|[61]
07:27:03.8 (39571734)|STATEMENT_EXECUTE|[64]
07:27:03.8 (39573247)|STATEMENT_EXECUTE|[65]
07:27:03.8 (39589727)|VARIABLE_ASSIGNMENT|[EXTERNAL]|this|{}|0xda0734b
07:27:03.8 (39604558)|VARIABLE_ASSIGNMENT|[EXTERNAL]|value|{"s":1,"v":{"Id":"a0C360000003sI7EAI","Name":"Test Skill","Employee__c":"a0A36000002STuDEAW","Project__c":"a07360000014vWtAAI","Employee__r":{"s":2,"v":{"Name":"Jor","Id":"a0A36000002STuDEAW"}},"Project__r":{"s":3,"v":{"Name":"TestProj","Id":"a07360000014vWtAAI"}}}}|0x2caf6840
07:27:03.8 (39620126)|VARIABLE_ASSIGNMENT|[60]|this.skill|{"s":1,"v":{"Id":"a0C360000003sI7EAI","Name":"Test Skill","Employee__c":"a0A36000002STuDEAW","Project__c":"a07360000014vWtAAI","Employee__r":{"s":2,"v":{"Name":"Jor","Id":"a0A36000002STuDEAW"}},"Project__r":{"s":3,"v":{"Name":"TestProj","Id":"a07360000014vWtAAI"}}}}|0xda0734b
07:27:03.8 (39627669)|STATEMENT_EXECUTE|[66]
07:27:03.8 (39646351)|VARIABLE_ASSIGNMENT|[EXTERNAL]|this|{"skill":"0x2caf6840"}|0xda0734b
07:27:03.8 (39652805)|VARIABLE_ASSIGNMENT|[EXTERNAL]|value|false
07:27:03.8 (39656835)|HEAP_ALLOCATE|[61]|Bytes:5
07:27:03.8 (39662647)|VARIABLE_ASSIGNMENT|[61]|this.selected|false|0xda0734b
07:27:03.8 (39672431)|CONSTRUCTOR_EXIT|[12]|01p360000072SS3|<init>(Employee_Skills__c)
07:27:03.8 (39684874)|HEAP_ALLOCATE|[EXTERNAL]|Bytes:4
07:27:03.8 (39694086)|METHOD_ENTRY|[10]||Database.QueryLocatorIterator.hasNext()
07:27:03.8 (39713849)|METHOD_EXIT|[10]||Database.QueryLocatorIterator.hasNext()
07:27:03.8 (39718964)|METHOD_ENTRY|[10]||Database.QueryLocatorIterator.next()
07:27:03.8 (39776721)|METHOD_EXIT|[10]||Database.QueryLocatorIterator.next()
07:27:03.8 (39782608)|VARIABLE_SCOPE_BEGIN|[10]|c|Employee_Skills__c|true|false
07:27:03.8 (39803061)|VARIABLE_ASSIGNMENT|[10]|c|{"s":1,"v":{"Id":"a0C360000003I4VEAU","Name":"Design","Employee__c":"a0A36000001zhkPEAQ","Project__c":"a0736000000F4iQAAS","Employee__r":{"s":2,"v":{"Name":"Robert Dobson","Id":"a0A36000001zhkPEAQ"}},"Project__r":{"s":3,"v":{"Name":"dasdasd","Id":"a0736000000F4iQAAS"}}}}|0x5a9ae7d7
07:27:03.8 (39807086)|STATEMENT_EXECUTE|[10]
07:27:03.8 (39808370)|STATEMENT_EXECUTE|[12]
07:27:03.8 (39828798)|VARIABLE_ASSIGNMENT|[EXTERNAL]|this|{"skillsList":"0x6cf01502"}|0x68e14b28
07:27:03.8 (39838746)|HEAP_ALLOCATE|[12]|Bytes:12
07:27:03.8 (39846938)|CONSTRUCTOR_ENTRY|[12]|01p360000072SS3|<init>(Employee_Skills__c)
07:27:03.8 (39851399)|VARIABLE_SCOPE_BEGIN|[64]|this|WrapperEmployeeSkills.wEmployee|true|false
07:27:03.8 (39863867)|VARIABLE_ASSIGNMENT|[64]|this|{}|0x48c84a29
07:27:03.8 (39866438)|VARIABLE_SCOPE_BEGIN|[64]|s|Employee_Skills__c|true|false
07:27:03.8 (39880210)|VARIABLE_ASSIGNMENT|[64]|s|{"s":1,"v":{"Id":"a0C360000003I4VEAU","Name":"Design","Employee__c":"a0A36000001zhkPEAQ","Project__c":"a0736000000F4iQAAS","Employee__r":{"s":2,"v":{"Name":"Robert Dobson","Id":"a0A36000001zhkPEAQ"}},"Project__r":{"s":3,"v":{"Name":"dasdasd","Id":"a0736000000F4iQAAS"}}}}|0x5a9ae7d7
07:27:03.8 (39884569)|STATEMENT_EXECUTE|[59]
07:27:03.8 (39885808)|STATEMENT_EXECUTE|[60]
07:27:03.8 (39886944)|STATEMENT_EXECUTE|[61]
07:27:03.8 (39897846)|STATEMENT_EXECUTE|[64]
07:27:03.8 (39899404)|STATEMENT_EXECUTE|[65]
07:27:03.8 (39915640)|VARIABLE_ASSIGNMENT|[EXTERNAL]|this|{}|0x48c84a29
07:27:03.8 (39930224)|VARIABLE_ASSIGNMENT|[EXTERNAL]|value|{"s":1,"v":{"Id":"a0C360000003I4VEAU","Name":"Design","Employee__c":"a0A36000001zhkPEAQ","Project__c":"a0736000000F4iQAAS","Employee__r":{"s":2,"v":{"Name":"Robert Dobson","Id":"a0A36000001zhkPEAQ"}},"Project__r":{"s":3,"v":{"Name":"dasdasd","Id":"a0736000000F4iQAAS"}}}}|0x5a9ae7d7
07:27:03.8 (39945503)|VARIABLE_ASSIGNMENT|[60]|this.skill|{"s":1,"v":{"Id":"a0C360000003I4VEAU","Name":"Design","Employee__c":"a0A36000001zhkPEAQ","Project__c":"a0736000000F4iQAAS","Employee__r":{"s":2,"v":{"Name":"Robert Dobson","Id":"a0A36000001zhkPEAQ"}},"Project__r":{"s":3,"v":{"Name":"dasdasd","Id":"a0736000000F4iQAAS"}}}}|0x48c84a29
07:27:03.8 (39953064)|STATEMENT_EXECUTE|[66]
07:27:03.8 (39971237)|VARIABLE_ASSIGNMENT|[EXTERNAL]|this|{"skill":"0x5a9ae7d7"}|0x48c84a29
07:27:03.8 (39977613)|VARIABLE_ASSIGNMENT|[EXTERNAL]|value|false
07:27:03.8 (39981389)|HEAP_ALLOCATE|[61]|Bytes:5
07:27:03.8 (39987189)|VARIABLE_ASSIGNMENT|[61]|this.selected|false|0x48c84a29
07:27:03.8 (39996831)|CONSTRUCTOR_EXIT|[12]|01p360000072SS3|<init>(Employee_Skills__c)
07:27:03.8 (40009138)|HEAP_ALLOCATE|[EXTERNAL]|Bytes:4
07:27:03.8 (40019481)|METHOD_ENTRY|[10]||Database.QueryLocatorIterator.hasNext()
07:27:03.8 (40038688)|METHOD_EXIT|[10]||Database.QueryLocatorIterator.hasNext()
07:27:03.8 (40043782)|METHOD_ENTRY|[10]||Database.QueryLocatorIterator.next()
07:27:03.8 (40100019)|METHOD_EXIT|[10]||Database.QueryLocatorIterator.next()
07:27:03.8 (40105727)|VARIABLE_SCOPE_BEGIN|[10]|c|Employee_Skills__c|true|false
07:27:03.8 (40125220)|VARIABLE_ASSIGNMENT|[10]|c|{"s":1,"v":{"Id":"a0C360000003VRsEAM","Name":"Designer","Employee__c":"a0A36000001ygYkEAI","Project__c":"a0736000000Ex6cAAC","Employee__r":{"s":2,"v":{"Name":"Andriy Lokotosh","Id":"a0A36000001ygYkEAI"}},"Project__r":{"s":3,"v":{"Name":"SolutionSoft","Id":"a0736000000Ex6cAAC"}}}}|0x45e1a8b8
07:27:03.8 (40129871)|STATEMENT_EXECUTE|[10]
07:27:03.8 (40131144)|STATEMENT_EXECUTE|[12]
07:27:03.8 (40151528)|VARIABLE_ASSIGNMENT|[EXTERNAL]|this|{"skillsList":"0x6cf01502"}|0x68e14b28
07:27:03.8 (40161262)|HEAP_ALLOCATE|[12]|Bytes:12
07:27:03.8 (40169298)|CONSTRUCTOR_ENTRY|[12]|01p360000072SS3|<init>(Employee_Skills__c)
07:27:03.8 (40173470)|VARIABLE_SCOPE_BEGIN|[64]|this|WrapperEmployeeSkills.wEmployee|true|false
07:27:03.8 (40186011)|VARIABLE_ASSIGNMENT|[64]|this|{}|0x37b81ccf
07:27:03.8 (40188633)|VARIABLE_SCOPE_BEGIN|[64]|s|Employee_Skills__c|true|false
07:27:03.8 (40202478)|VARIABLE_ASSIGNMENT|[64]|s|{"s":1,"v":{"Id":"a0C360000003VRsEAM","Name":"Designer","Employee__c":"a0A36000001ygYkEAI","Project__c":"a0736000000Ex6cAAC","Employee__r":{"s":2,"v":{"Name":"Andriy Lokotosh","Id":"a0A36000001ygYkEAI"}},"Project__r":{"s":3,"v":{"Name":"SolutionSoft","Id":"a0736000000Ex6cAAC"}}}}|0x45e1a8b8
07:27:03.8 (40206714)|STATEMENT_EXECUTE|[59]
07:27:03.8 (40207888)|STATEMENT_EXECUTE|[60]
07:27:03.8 (40208997)|STATEMENT_EXECUTE|[61]
07:27:03.8 (40219778)|STATEMENT_EXECUTE|[64]
07:27:03.8 (40221533)|STATEMENT_EXECUTE|[65]
07:27:03.8 (40237583)|VARIABLE_ASSIGNMENT|[EXTERNAL]|this|{}|0x37b81ccf
07:27:03.8 (40251824)|VARIABLE_ASSIGNMENT|[EXTERNAL]|value|{"s":1,"v":{"Id":"a0C360000003VRsEAM","Name":"Designer","Employee__c":"a0A36000001ygYkEAI","Project__c":"a0736000000Ex6cAAC","Employee__r":{"s":2,"v":{"Name":"Andriy Lokotosh","Id":"a0A36000001ygYkEAI"}},"Project__r":{"s":3,"v":{"Name":"SolutionSoft","Id":"a0736000000Ex6cAAC"}}}}|0x45e1a8b8
07:27:03.8 (40267034)|VARIABLE_ASSIGNMENT|[60]|this.skill|{"s":1,"v":{"Id":"a0C360000003VRsEAM","Name":"Designer","Employee__c":"a0A36000001ygYkEAI","Project__c":"a0736000000Ex6cAAC","Employee__r":{"s":2,"v":{"Name":"Andriy Lokotosh","Id":"a0A36000001ygYkEAI"}},"Project__r":{"s":3,"v":{"Name":"SolutionSoft","Id":"a0736000000Ex6cAAC"}}}}|0x37b81ccf
07:27:03.8 (40274181)|STATEMENT_EXECUTE|[66]
07:27:03.8 (40292153)|VARIABLE_ASSIGNMENT|[EXTERNAL]|this|{"skill":"0x45e1a8b8"}|0x37b81ccf
07:27:03.8 (40298460)|VARIABLE_ASSIGNMENT|[EXTERNAL]|value|false
07:27:03.8 (40302501)|HEAP_ALLOCATE|[61]|Bytes:5
07:27:03.8 (40308193)|VARIABLE_ASSIGNMENT|[61]|this.selected|false|0x37b81ccf
07:27:03.8 (40317739)|CONSTRUCTOR_EXIT|[12]|01p360000072SS3|<init>(Employee_Skills__c)
07:27:03.8 (40329798)|HEAP_ALLOCATE|[EXTERNAL]|Bytes:4
07:27:03.8 (40338824)|METHOD_ENTRY|[10]||Database.QueryLocatorIterator.hasNext()
07:27:03.8 (40357736)|METHOD_EXIT|[10]||Database.QueryLocatorIterator.hasNext()
07:27:03.8 (40362802)|METHOD_ENTRY|[10]||Database.QueryLocatorIterator.next()
07:27:03.8 (40424563)|METHOD_EXIT|[10]||Database.QueryLocatorIterator.next()
07:27:03.8 (40430764)|VARIABLE_SCOPE_BEGIN|[10]|c|Employee_Skills__c|true|false
07:27:03.8 (40449926)|VARIABLE_ASSIGNMENT|[10]|c|{"s":1,"v":{"Id":"a0C360000003I4aEAE","Name":"QA","Employee__c":"a0A36000001zhkPEAQ","Project__c":"a0736000000Ex6cAAC","Employee__r":{"s":2,"v":{"Name":"Robert Dobson","Id":"a0A36000001zhkPEAQ"}},"Project__r":{"s":3,"v":{"Name":"SolutionSoft","Id":"a0736000000Ex6cAAC"}}}}|0x7f54d6e8
07:27:03.8 (40454302)|STATEMENT_EXECUTE|[10]
07:27:03.8 (40455549)|STATEMENT_EXECUTE|[12]
07:27:03.8 (40476215)|VARIABLE_ASSIGNMENT|[EXTERNAL]|this|{"skillsList":"0x6cf01502"}|0x68e14b28
07:27:03.8 (40485950)|HEAP_ALLOCATE|[12]|Bytes:12
07:27:03.8 (40494087)|CONSTRUCTOR_ENTRY|[12]|01p360000072SS3|<init>(Employee_Skills__c)
07:27:03.8 (40498183)|VARIABLE_SCOPE_BEGIN|[64]|this|WrapperEmployeeSkills.wEmployee|true|false
07:27:03.8 (40510436)|VARIABLE_ASSIGNMENT|[64]|this|{}|0x1e5eead3
07:27:03.8 (40513065)|VARIABLE_SCOPE_BEGIN|[64]|s|Employee_Skills__c|true|false
07:27:03.8 (40527065)|VARIABLE_ASSIGNMENT|[64]|s|{"s":1,"v":{"Id":"a0C360000003I4aEAE","Name":"QA","Employee__c":"a0A36000001zhkPEAQ","Project__c":"a0736000000Ex6cAAC","Employee__r":{"s":2,"v":{"Name":"Robert Dobson","Id":"a0A36000001zhkPEAQ"}},"Project__r":{"s":3,"v":{"Name":"SolutionSoft","Id":"a0736000000Ex6cAAC"}}}}|0x7f54d6e8
07:27:03.8 (40531309)|STATEMENT_EXECUTE|[59]
07:27:03.8 (40532506)|STATEMENT_EXECUTE|[60]
07:27:03.8 (40533703)|STATEMENT_EXECUTE|[61]
07:27:03.8 (40544279)|STATEMENT_EXECUTE|[64]
07:27:03.8 (40545788)|STATEMENT_EXECUTE|[65]
07:27:03.8 (40561776)|VARIABLE_ASSIGNMENT|[EXTERNAL]|this|{}|0x1e5eead3
07:27:03.8 (40576040)|VARIABLE_ASSIGNMENT|[EXTERNAL]|value|{"s":1,"v":{"Id":"a0C360000003I4aEAE","Name":"QA","Employee__c":"a0A36000001zhkPEAQ","Project__c":"a0736000000Ex6cAAC","Employee__r":{"s":2,"v":{"Name":"Robert Dobson","Id":"a0A36000001zhkPEAQ"}},"Project__r":{"s":3,"v":{"Name":"SolutionSoft","Id":"a0736000000Ex6cAAC"}}}}|0x7f54d6e8
07:27:03.8 (40592124)|VARIABLE_ASSIGNMENT|[60]|this.skill|{"s":1,"v":{"Id":"a0C360000003I4aEAE","Name":"QA","Employee__c":"a0A36000001zhkPEAQ","Project__c":"a0736000000Ex6cAAC","Employee__r":{"s":2,"v":{"Name":"Robert Dobson","Id":"a0A36000001zhkPEAQ"}},"Project__r":{"s":3,"v":{"Name":"SolutionSoft","Id":"a0736000000Ex6cAAC"}}}}|0x1e5eead3
07:27:03.8 (40599478)|STATEMENT_EXECUTE|[66]
07:27:03.8 (40617607)|VARIABLE_ASSIGNMENT|[EXTERNAL]|this|{"skill":"0x7f54d6e8"}|0x1e5eead3
07:27:03.8 (40623930)|VARIABLE_ASSIGNMENT|[EXTERNAL]|value|false
07:27:03.8 (40627520)|HEAP_ALLOCATE|[61]|Bytes:5
07:27:03.8 (40633035)|VARIABLE_ASSIGNMENT|[61]|this.selected|false|0x1e5eead3
07:27:03.8 (40642582)|CONSTRUCTOR_EXIT|[12]|01p360000072SS3|<init>(Employee_Skills__c)
07:27:03.8 (40654621)|HEAP_ALLOCATE|[EXTERNAL]|Bytes:4
07:27:03.8 (40663472)|METHOD_ENTRY|[10]||Database.QueryLocatorIterator.hasNext()
07:27:03.8 (40682391)|METHOD_EXIT|[10]||Database.QueryLocatorIterator.hasNext()
07:27:03.8 (40687327)|METHOD_ENTRY|[10]||Database.QueryLocatorIterator.next()
07:27:03.8 (40743455)|METHOD_EXIT|[10]||Database.QueryLocatorIterator.next()
07:27:03.8 (40749093)|VARIABLE_SCOPE_BEGIN|[10]|c|Employee_Skills__c|true|false
07:27:03.8 (40767757)|VARIABLE_ASSIGNMENT|[10]|c|{"s":1,"v":{"Id":"a0C360000003XRiEAM","Name":"Tomato","Employee__c":"a0A36000001ygYkEAI","Project__c":"a0736000000Ew01AAC","Employee__r":{"s":2,"v":{"Name":"Andriy Lokotosh","Id":"a0A36000001ygYkEAI"}},"Project__r":{"s":3,"v":{"Name":"eBank","Id":"a0736000000Ew01AAC"}}}}|0x7f96d851
07:27:03.8 (40772092)|STATEMENT_EXECUTE|[10]
07:27:03.8 (40773274)|STATEMENT_EXECUTE|[12]
07:27:03.8 (40793085)|VARIABLE_ASSIGNMENT|[EXTERNAL]|this|{"skillsList":"0x6cf01502"}|0x68e14b28
07:27:03.8 (40802793)|HEAP_ALLOCATE|[12]|Bytes:12
07:27:03.8 (40810783)|CONSTRUCTOR_ENTRY|[12]|01p360000072SS3|<init>(Employee_Skills__c)
07:27:03.8 (40814853)|VARIABLE_SCOPE_BEGIN|[64]|this|WrapperEmployeeSkills.wEmployee|true|false
07:27:03.8 (40827083)|VARIABLE_ASSIGNMENT|[64]|this|{}|0x83ffd08
07:27:03.8 (40829651)|VARIABLE_SCOPE_BEGIN|[64]|s|Employee_Skills__c|true|false
07:27:03.8 (40843157)|VARIABLE_ASSIGNMENT|[64]|s|{"s":1,"v":{"Id":"a0C360000003XRiEAM","Name":"Tomato","Employee__c":"a0A36000001ygYkEAI","Project__c":"a0736000000Ew01AAC","Employee__r":{"s":2,"v":{"Name":"Andriy Lokotosh","Id":"a0A36000001ygYkEAI"}},"Project__r":{"s":3,"v":{"Name":"eBank","Id":"a0736000000Ew01AAC"}}}}|0x7f96d851
07:27:03.8 (40847034)|STATEMENT_EXECUTE|[59]
07:27:03.8 (40848212)|STATEMENT_EXECUTE|[60]
07:27:03.8 (40849356)|STATEMENT_EXECUTE|[61]
07:27:03.8 (40860444)|STATEMENT_EXECUTE|[64]
07:27:03.8 (40861966)|STATEMENT_EXECUTE|[65]
07:27:03.8 (40877905)|VARIABLE_ASSIGNMENT|[EXTERNAL]|this|{}|0x83ffd08
07:27:03.8 (40892156)|VARIABLE_ASSIGNMENT|[EXTERNAL]|value|{"s":1,"v":{"Id":"a0C360000003XRiEAM","Name":"Tomato","Employee__c":"a0A36000001ygYkEAI","Project__c":"a0736000000Ew01AAC","Employee__r":{"s":2,"v":{"Name":"Andriy Lokotosh","Id":"a0A36000001ygYkEAI"}},"Project__r":{"s":3,"v":{"Name":"eBank","Id":"a0736000000Ew01AAC"}}}}|0x7f96d851
07:27:03.8 (40907110)|VARIABLE_ASSIGNMENT|[60]|this.skill|{"s":1,"v":{"Id":"a0C360000003XRiEAM","Name":"Tomato","Employee__c":"a0A36000001ygYkEAI","Project__c":"a0736000000Ew01AAC","Employee__r":{"s":2,"v":{"Name":"Andriy Lokotosh","Id":"a0A36000001ygYkEAI"}},"Project__r":{"s":3,"v":{"Name":"eBank","Id":"a0736000000Ew01AAC"}}}}|0x83ffd08
07:27:03.8 (40914190)|STATEMENT_EXECUTE|[66]
07:27:03.8 (40931978)|VARIABLE_ASSIGNMENT|[EXTERNAL]|this|{"skill":"0x7f96d851"}|0x83ffd08
07:27:03.8 (40938099)|VARIABLE_ASSIGNMENT|[EXTERNAL]|value|false
07:27:03.8 (40942095)|HEAP_ALLOCATE|[61]|Bytes:5
07:27:03.8 (40947650)|VARIABLE_ASSIGNMENT|[61]|this.selected|false|0x83ffd08
07:27:03.8 (40957270)|CONSTRUCTOR_EXIT|[12]|01p360000072SS3|<init>(Employee_Skills__c)
07:27:03.8 (40969310)|HEAP_ALLOCATE|[EXTERNAL]|Bytes:4
07:27:03.8 (40977976)|METHOD_ENTRY|[10]||Database.QueryLocatorIterator.hasNext()
07:27:03.8 (40996974)|METHOD_EXIT|[10]||Database.QueryLocatorIterator.hasNext()
07:27:03.8 (41002166)|METHOD_ENTRY|[10]||Database.QueryLocatorIterator.next()
07:27:03.8 (41059012)|METHOD_EXIT|[10]||Database.QueryLocatorIterator.next()
07:27:03.8 (41064615)|VARIABLE_SCOPE_BEGIN|[10]|c|Employee_Skills__c|true|false
07:27:03.8 (41083151)|VARIABLE_ASSIGNMENT|[10]|c|{"s":1,"v":{"Id":"a0C360000003YCSEA2","Name":"Enpl","Employee__c":"a0A36000001ygYkEAI","Project__c":"a0736000000Ew01AAC","Employee__r":{"s":2,"v":{"Name":"Andriy Lokotosh","Id":"a0A36000001ygYkEAI"}},"Project__r":{"s":3,"v":{"Name":"eBank","Id":"a0736000000Ew01AAC"}}}}|0x51058971
07:27:03.8 (41086993)|STATEMENT_EXECUTE|[10]
07:27:03.8 (41088219)|STATEMENT_EXECUTE|[12]
07:27:03.8 (41108080)|VARIABLE_ASSIGNMENT|[EXTERNAL]|this|{"skillsList":"0x6cf01502"}|0x68e14b28
07:27:03.8 (41117538)|HEAP_ALLOCATE|[12]|Bytes:12
07:27:03.8 (41125380)|CONSTRUCTOR_ENTRY|[12]|01p360000072SS3|<init>(Employee_Skills__c)
07:27:03.8 (41129362)|VARIABLE_SCOPE_BEGIN|[64]|this|WrapperEmployeeSkills.wEmployee|true|false
07:27:03.8 (41141610)|VARIABLE_ASSIGNMENT|[64]|this|{}|0x38e4e9f0
07:27:03.8 (41144360)|VARIABLE_SCOPE_BEGIN|[64]|s|Employee_Skills__c|true|false
07:27:03.8 (41157881)|VARIABLE_ASSIGNMENT|[64]|s|{"s":1,"v":{"Id":"a0C360000003YCSEA2","Name":"Enpl","Employee__c":"a0A36000001ygYkEAI","Project__c":"a0736000000Ew01AAC","Employee__r":{"s":2,"v":{"Name":"Andriy Lokotosh","Id":"a0A36000001ygYkEAI"}},"Project__r":{"s":3,"v":{"Name":"eBank","Id":"a0736000000Ew01AAC"}}}}|0x51058971
07:27:03.8 (41161738)|STATEMENT_EXECUTE|[59]
07:27:03.8 (41162960)|STATEMENT_EXECUTE|[60]
07:27:03.8 (41164058)|STATEMENT_EXECUTE|[61]
07:27:03.8 (41174623)|STATEMENT_EXECUTE|[64]
07:27:03.8 (41176142)|STATEMENT_EXECUTE|[65]
07:27:03.8 (41192049)|VARIABLE_ASSIGNMENT|[EXTERNAL]|this|{}|0x38e4e9f0
07:27:03.8 (41206160)|VARIABLE_ASSIGNMENT|[EXTERNAL]|value|{"s":1,"v":{"Id":"a0C360000003YCSEA2","Name":"Enpl","Employee__c":"a0A36000001ygYkEAI","Project__c":"a0736000000Ew01AAC","Employee__r":{"s":2,"v":{"Name":"Andriy Lokotosh","Id":"a0A36000001ygYkEAI"}},"Project__r":{"s":3,"v":{"Name":"eBank","Id":"a0736000000Ew01AAC"}}}}|0x51058971
07:27:03.8 (41221280)|VARIABLE_ASSIGNMENT|[60]|this.skill|{"s":1,"v":{"Id":"a0C360000003YCSEA2","Name":"Enpl","Employee__c":"a0A36000001ygYkEAI","Project__c":"a0736000000Ew01AAC","Employee__r":{"s":2,"v":{"Name":"Andriy Lokotosh","Id":"a0A36000001ygYkEAI"}},"Project__r":{"s":3,"v":{"Name":"eBank","Id":"a0736000000Ew01AAC"}}}}|0x38e4e9f0
07:27:03.8 (41228518)|STATEMENT_EXECUTE|[66]
07:27:03.8 (41246134)|VARIABLE_ASSIGNMENT|[EXTERNAL]|this|{"skill":"0x51058971"}|0x38e4e9f0
07:27:03.8 (41252288)|VARIABLE_ASSIGNMENT|[EXTERNAL]|value|false
07:27:03.8 (41255890)|HEAP_ALLOCATE|[61]|Bytes:5
07:27:03.8 (41261409)|VARIABLE_ASSIGNMENT|[61]|this.selected|false|0x38e4e9f0
07:27:03.8 (41270968)|CONSTRUCTOR_EXIT|[12]|01p360000072SS3|<init>(Employee_Skills__c)
07:27:03.8 (41282740)|HEAP_ALLOCATE|[EXTERNAL]|Bytes:4
07:27:03.8 (41291658)|METHOD_ENTRY|[10]||Database.QueryLocatorIterator.hasNext()
07:27:03.8 (41310373)|METHOD_EXIT|[10]||Database.QueryLocatorIterator.hasNext()
07:27:03.8 (41315258)|METHOD_ENTRY|[10]||Database.QueryLocatorIterator.next()
07:27:03.8 (41370405)|METHOD_EXIT|[10]||Database.QueryLocatorIterator.next()
07:27:03.8 (41375991)|VARIABLE_SCOPE_BEGIN|[10]|c|Employee_Skills__c|true|false
07:27:03.8 (41394288)|VARIABLE_ASSIGNMENT|[10]|c|{"s":1,"v":{"Id":"a0C360000003XRnEAM","Name":"potato","Employee__c":"a0A36000001ygYkEAI","Project__c":"a0736000000Ew01AAC","Employee__r":{"s":2,"v":{"Name":"Andriy Lokotosh","Id":"a0A36000001ygYkEAI"}},"Project__r":{"s":3,"v":{"Name":"eBank","Id":"a0736000000Ew01AAC"}}}}|0x71f9eaed
07:27:03.8 (41398468)|STATEMENT_EXECUTE|[10]
07:27:03.8 (41399730)|STATEMENT_EXECUTE|[12]
07:27:03.8 (41424007)|VARIABLE_ASSIGNMENT|[EXTERNAL]|this|{"skillsList":"0x6cf01502"}|0x68e14b28
07:27:03.8 (41434163)|HEAP_ALLOCATE|[12]|Bytes:12
07:27:03.8 (41442421)|CONSTRUCTOR_ENTRY|[12]|01p360000072SS3|<init>(Employee_Skills__c)
07:27:03.8 (41446546)|VARIABLE_SCOPE_BEGIN|[64]|this|WrapperEmployeeSkills.wEmployee|true|false
07:27:03.8 (41459412)|VARIABLE_ASSIGNMENT|[64]|this|{}|0x6d98e67
07:27:03.8 (41462097)|VARIABLE_SCOPE_BEGIN|[64]|s|Employee_Skills__c|true|false
07:27:03.8 (41475833)|VARIABLE_ASSIGNMENT|[64]|s|{"s":1,"v":{"Id":"a0C360000003XRnEAM","Name":"potato","Employee__c":"a0A36000001ygYkEAI","Project__c":"a0736000000Ew01AAC","Employee__r":{"s":2,"v":{"Name":"Andriy Lokotosh","Id":"a0A36000001ygYkEAI"}},"Project__r":{"s":3,"v":{"Name":"eBank","Id":"a0736000000Ew01AAC"}}}}|0x71f9eaed
07:27:03.8 (41479836)|STATEMENT_EXECUTE|[59]
07:27:03.8 (41481051)|STATEMENT_EXECUTE|[60]
07:27:03.8 (41482461)|STATEMENT_EXECUTE|[61]
07:27:03.8 (41507757)|STATEMENT_EXECUTE|[64]
07:27:03.8 (41509714)|STATEMENT_EXECUTE|[65]
07:27:03.8 (41528087)|VARIABLE_ASSIGNMENT|[EXTERNAL]|this|{}|0x6d98e67
07:27:03.8 (41543352)|VARIABLE_ASSIGNMENT|[EXTERNAL]|value|{"s":1,"v":{"Id":"a0C360000003XRnEAM","Name":"potato","Employee__c":"a0A36000001ygYkEAI","Project__c":"a0736000000Ew01AAC","Employee__r":{"s":2,"v":{"Name":"Andriy Lokotosh","Id":"a0A36000001ygYkEAI"}},"Project__r":{"s":3,"v":{"Name":"eBank","Id":"a0736000000Ew01AAC"}}}}|0x71f9eaed
07:27:03.8 (41559107)|VARIABLE_ASSIGNMENT|[60]|this.skill|{"s":1,"v":{"Id":"a0C360000003XRnEAM","Name":"potato","Employee__c":"a0A36000001ygYkEAI","Project__c":"a0736000000Ew01AAC","Employee__r":{"s":2,"v":{"Name":"Andriy Lokotosh","Id":"a0A36000001ygYkEAI"}},"Project__r":{"s":3,"v":{"Name":"eBank","Id":"a0736000000Ew01AAC"}}}}|0x6d98e67
07:27:03.8 (41566526)|STATEMENT_EXECUTE|[66]
07:27:03.8 (41584420)|VARIABLE_ASSIGNMENT|[EXTERNAL]|this|{"skill":"0x71f9eaed"}|0x6d98e67
07:27:03.8 (41590917)|VARIABLE_ASSIGNMENT|[EXTERNAL]|value|false
07:27:03.8 (41594662)|HEAP_ALLOCATE|[61]|Bytes:5
07:27:03.8 (41600058)|VARIABLE_ASSIGNMENT|[61]|this.selected|false|0x6d98e67
07:27:03.8 (41609829)|CONSTRUCTOR_EXIT|[12]|01p360000072SS3|<init>(Employee_Skills__c)
07:27:03.8 (41621872)|HEAP_ALLOCATE|[EXTERNAL]|Bytes:4
07:27:03.8 (41630680)|METHOD_ENTRY|[10]||Database.QueryLocatorIterator.hasNext()
07:27:03.8 (41649770)|METHOD_EXIT|[10]||Database.QueryLocatorIterator.hasNext()
07:27:03.8 (41654602)|METHOD_ENTRY|[10]||Database.QueryLocatorIterator.next()
07:27:03.8 (41754121)|METHOD_EXIT|[10]||Database.QueryLocatorIterator.next()
07:27:03.8 (41760602)|VARIABLE_SCOPE_BEGIN|[10]|c|Employee_Skills__c|true|false
07:27:03.8 (41780200)|VARIABLE_ASSIGNMENT|[10]|c|{"s":1,"v":{"Id":"a0C360000003XTFEA2","Name":"ef","Employee__c":"a0A36000001ygYkEAI","Project__c":"a0736000000Ew01AAC","Employee__r":{"s":2,"v":{"Name":"Andriy Lokotosh","Id":"a0A36000001ygYkEAI"}},"Project__r":{"s":3,"v":{"Name":"eBank","Id":"a0736000000Ew01AAC"}}}}|0x7b6ad1cc
07:27:03.8 (41784205)|STATEMENT_EXECUTE|[10]
07:27:03.8 (41785549)|STATEMENT_EXECUTE|[12]
07:27:03.8 (41806319)|VARIABLE_ASSIGNMENT|[EXTERNAL]|this|{"skillsList":"0x6cf01502"}|0x68e14b28
07:27:03.8 (41816088)|HEAP_ALLOCATE|[12]|Bytes:12
07:27:03.8 (41824407)|CONSTRUCTOR_ENTRY|[12]|01p360000072SS3|<init>(Employee_Skills__c)
07:27:03.8 (41828552)|VARIABLE_SCOPE_BEGIN|[64]|this|WrapperEmployeeSkills.wEmployee|true|false
07:27:03.8 (41841022)|VARIABLE_ASSIGNMENT|[64]|this|{}|0x64de1c38
07:27:03.8 (41843922)|VARIABLE_SCOPE_BEGIN|[64]|s|Employee_Skills__c|true|false
07:27:03.8 (41857360)|VARIABLE_ASSIGNMENT|[64]|s|{"s":1,"v":{"Id":"a0C360000003XTFEA2","Name":"ef","Employee__c":"a0A36000001ygYkEAI","Project__c":"a0736000000Ew01AAC","Employee__r":{"s":2,"v":{"Name":"Andriy Lokotosh","Id":"a0A36000001ygYkEAI"}},"Project__r":{"s":3,"v":{"Name":"eBank","Id":"a0736000000Ew01AAC"}}}}|0x7b6ad1cc
07:27:03.8 (41861175)|STATEMENT_EXECUTE|[59]
07:27:03.8 (41862386)|STATEMENT_EXECUTE|[60]
07:27:03.8 (41863501)|STATEMENT_EXECUTE|[61]
07:27:03.8 (41874179)|STATEMENT_EXECUTE|[64]
07:27:03.8 (41875641)|STATEMENT_EXECUTE|[65]
07:27:03.8 (41906241)|VARIABLE_ASSIGNMENT|[EXTERNAL]|this|{}|0x64de1c38
07:27:03.8 (41922297)|VARIABLE_ASSIGNMENT|[EXTERNAL]|value|{"s":1,"v":{"Id":"a0C360000003XTFEA2","Name":"ef","Employee__c":"a0A36000001ygYkEAI","Project__c":"a0736000000Ew01AAC","Employee__r":{"s":2,"v":{"Name":"Andriy Lokotosh","Id":"a0A36000001ygYkEAI"}},"Project__r":{"s":3,"v":{"Name":"eBank","Id":"a0736000000Ew01AAC"}}}}|0x7b6ad1cc
07:27:03.8 (41937992)|VARIABLE_ASSIGNMENT|[60]|this.skill|{"s":1,"v":{"Id":"a0C360000003XTFEA2","Name":"ef","Employee__c":"a0A36000001ygYkEAI","Project__c":"a0736000000Ew01AAC","Employee__r":{"s":2,"v":{"Name":"Andriy Lokotosh","Id":"a0A36000001ygYkEAI"}},"Project__r":{"s":3,"v":{"Name":"eBank","Id":"a0736000000Ew01AAC"}}}}|0x64de1c38
07:27:03.8 (41945619)|STATEMENT_EXECUTE|[66]
07:27:03.8 (41964074)|VARIABLE_ASSIGNMENT|[EXTERNAL]|this|{"skill":"0x7b6ad1cc"}|0x64de1c38
07:27:03.8 (41970452)|VARIABLE_ASSIGNMENT|[EXTERNAL]|value|false
07:27:03.8 (41974210)|HEAP_ALLOCATE|[61]|Bytes:5
07:27:03.8 (41979904)|VARIABLE_ASSIGNMENT|[61]|this.selected|false|0x64de1c38
07:27:03.8 (41989400)|CONSTRUCTOR_EXIT|[12]|01p360000072SS3|<init>(Employee_Skills__c)
07:27:03.8 (42001515)|HEAP_ALLOCATE|[EXTERNAL]|Bytes:4
07:27:03.8 (42011555)|METHOD_ENTRY|[10]||Database.QueryLocatorIterator.hasNext()
07:27:03.8 (42030520)|METHOD_EXIT|[10]||Database.QueryLocatorIterator.hasNext()
07:27:03.8 (42035463)|METHOD_ENTRY|[10]||Database.QueryLocatorIterator.next()
07:27:03.8 (42090666)|METHOD_EXIT|[10]||Database.QueryLocatorIterator.next()
07:27:03.8 (42096396)|VARIABLE_SCOPE_BEGIN|[10]|c|Employee_Skills__c|true|false
07:27:03.8 (42114824)|VARIABLE_ASSIGNMENT|[10]|c|{"s":1,"v":{"Id":"a0C360000003XTGEA2","Name":"frgt","Employee__c":"a0A36000001ygYkEAI","Project__c":"a0736000000Ew01AAC","Employee__r":{"s":2,"v":{"Name":"Andriy Lokotosh","Id":"a0A36000001ygYkEAI"}},"Project__r":{"s":3,"v":{"Name":"eBank","Id":"a0736000000Ew01AAC"}}}}|0x5ace3ccc
07:27:03.8 (42119025)|STATEMENT_EXECUTE|[10]
07:27:03.8 (42120229)|STATEMENT_EXECUTE|[12]
07:27:03.8 (42140186)|VARIABLE_ASSIGNMENT|[EXTERNAL]|this|{"skillsList":"0x6cf01502"}|0x68e14b28
07:27:03.8 (42149704)|HEAP_ALLOCATE|[12]|Bytes:12
07:27:03.8 (42157612)|CONSTRUCTOR_ENTRY|[12]|01p360000072SS3|<init>(Employee_Skills__c)
07:27:03.8 (42161615)|VARIABLE_SCOPE_BEGIN|[64]|this|WrapperEmployeeSkills.wEmployee|true|false
07:27:03.8 (42174007)|VARIABLE_ASSIGNMENT|[64]|this|{}|0x102e3b44
07:27:03.8 (42176883)|VARIABLE_SCOPE_BEGIN|[64]|s|Employee_Skills__c|true|false
07:27:03.8 (42189832)|VARIABLE_ASSIGNMENT|[64]|s|{"s":1,"v":{"Id":"a0C360000003XTGEA2","Name":"frgt","Employee__c":"a0A36000001ygYkEAI","Project__c":"a0736000000Ew01AAC","Employee__r":{"s":2,"v":{"Name":"Andriy Lokotosh","Id":"a0A36000001ygYkEAI"}},"Project__r":{"s":3,"v":{"Name":"eBank","Id":"a0736000000Ew01AAC"}}}}|0x5ace3ccc
07:27:03.8 (42193828)|STATEMENT_EXECUTE|[59]
07:27:03.8 (42195429)|STATEMENT_EXECUTE|[60]
07:27:03.8 (42196630)|STATEMENT_EXECUTE|[61]
07:27:03.8 (42207389)|STATEMENT_EXECUTE|[64]
07:27:03.8 (42208908)|STATEMENT_EXECUTE|[65]
07:27:03.8 (42224689)|VARIABLE_ASSIGNMENT|[EXTERNAL]|this|{}|0x102e3b44
07:27:03.8 (42238580)|VARIABLE_ASSIGNMENT|[EXTERNAL]|value|{"s":1,"v":{"Id":"a0C360000003XTGEA2","Name":"frgt","Employee__c":"a0A36000001ygYkEAI","Project__c":"a0736000000Ew01AAC","Employee__r":{"s":2,"v":{"Name":"Andriy Lokotosh","Id":"a0A36000001ygYkEAI"}},"Project__r":{"s":3,"v":{"Name":"eBank","Id":"a0736000000Ew01AAC"}}}}|0x5ace3ccc
07:27:03.8 (42253296)|VARIABLE_ASSIGNMENT|[60]|this.skill|{"s":1,"v":{"Id":"a0C360000003XTGEA2","Name":"frgt","Employee__c":"a0A36000001ygYkEAI","Project__c":"a0736000000Ew01AAC","Employee__r":{"s":2,"v":{"Name":"Andriy Lokotosh","Id":"a0A36000001ygYkEAI"}},"Project__r":{"s":3,"v":{"Name":"eBank","Id":"a0736000000Ew01AAC"}}}}|0x102e3b44
07:27:03.8 (42260347)|STATEMENT_EXECUTE|[66]
07:27:03.8 (42278093)|VARIABLE_ASSIGNMENT|[EXTERNAL]|this|{"skill":"0x5ace3ccc"}|0x102e3b44
07:27:03.8 (42284555)|VARIABLE_ASSIGNMENT|[EXTERNAL]|value|false
07:27:03.8 (42288182)|HEAP_ALLOCATE|[61]|Bytes:5
07:27:03.8 (42293656)|VARIABLE_ASSIGNMENT|[61]|this.selected|false|0x102e3b44
07:27:03.8 (42303161)|CONSTRUCTOR_EXIT|[12]|01p360000072SS3|<init>(Employee_Skills__c)
07:27:03.8 (42326433)|HEAP_ALLOCATE|[EXTERNAL]|Bytes:4
07:27:03.8 (42337077)|METHOD_ENTRY|[10]||Database.QueryLocatorIterator.hasNext()
07:27:03.8 (42356851)|METHOD_EXIT|[10]||Database.QueryLocatorIterator.hasNext()
07:27:03.8 (42361674)|METHOD_ENTRY|[10]||Database.QueryLocatorIterator.next()
07:27:03.8 (42421564)|METHOD_EXIT|[10]||Database.QueryLocatorIterator.next()
07:27:03.8 (42428098)|VARIABLE_SCOPE_BEGIN|[10]|c|Employee_Skills__c|true|false
07:27:03.8 (42447179)|VARIABLE_ASSIGNMENT|[10]|c|{"s":1,"v":{"Id":"a0C360000003YGkEAM","Name":"Robert","Employee__c":"a0A36000001ygYkEAI","Project__c":"a0736000000Ew01AAC","Employee__r":{"s":2,"v":{"Name":"Andriy Lokotosh","Id":"a0A36000001ygYkEAI"}},"Project__r":{"s":3,"v":{"Name":"eBank","Id":"a0736000000Ew01AAC"}}}}|0x3de77c3c
07:27:03.8 (42451248)|STATEMENT_EXECUTE|[10]
07:27:03.8 (42452531)|STATEMENT_EXECUTE|[12]
07:27:03.8 (42472788)|VARIABLE_ASSIGNMENT|[EXTERNAL]|this|{"skillsList":"0x6cf01502"}|0x68e14b28
07:27:03.8 (42485699)|HEAP_ALLOCATE|[12]|Bytes:12
07:27:03.8 (42494363)|CONSTRUCTOR_ENTRY|[12]|01p360000072SS3|<init>(Employee_Skills__c)
07:27:03.8 (42498577)|VARIABLE_SCOPE_BEGIN|[64]|this|WrapperEmployeeSkills.wEmployee|true|false
07:27:03.8 (42511697)|VARIABLE_ASSIGNMENT|[64]|this|{}|0x294c8864
07:27:03.8 (42514277)|VARIABLE_SCOPE_BEGIN|[64]|s|Employee_Skills__c|true|false
07:27:03.8 (42527318)|VARIABLE_ASSIGNMENT|[64]|s|{"s":1,"v":{"Id":"a0C360000003YGkEAM","Name":"Robert","Employee__c":"a0A36000001ygYkEAI","Project__c":"a0736000000Ew01AAC","Employee__r":{"s":2,"v":{"Name":"Andriy Lokotosh","Id":"a0A36000001ygYkEAI"}},"Project__r":{"s":3,"v":{"Name":"eBank","Id":"a0736000000Ew01AAC"}}}}|0x3de77c3c
07:27:03.8 (42531162)|STATEMENT_EXECUTE|[59]
07:27:03.8 (42532299)|STATEMENT_EXECUTE|[60]
07:27:03.8 (42533400)|STATEMENT_EXECUTE|[61]
07:27:03.8 (42544097)|STATEMENT_EXECUTE|[64]
07:27:03.8 (42545618)|STATEMENT_EXECUTE|[65]
07:27:03.8 (42561427)|VARIABLE_ASSIGNMENT|[EXTERNAL]|this|{}|0x294c8864
07:27:03.8 (42575387)|VARIABLE_ASSIGNMENT|[EXTERNAL]|value|{"s":1,"v":{"Id":"a0C360000003YGkEAM","Name":"Robert","Employee__c":"a0A36000001ygYkEAI","Project__c":"a0736000000Ew01AAC","Employee__r":{"s":2,"v":{"Name":"Andriy Lokotosh","Id":"a0A36000001ygYkEAI"}},"Project__r":{"s":3,"v":{"Name":"eBank","Id":"a0736000000Ew01AAC"}}}}|0x3de77c3c
07:27:03.8 (42590707)|VARIABLE_ASSIGNMENT|[60]|this.skill|{"s":1,"v":{"Id":"a0C360000003YGkEAM","Name":"Robert","Employee__c":"a0A36000001ygYkEAI","Project__c":"a0736000000Ew01AAC","Employee__r":{"s":2,"v":{"Name":"Andriy Lokotosh","Id":"a0A36000001ygYkEAI"}},"Project__r":{"s":3,"v":{"Name":"eBank","Id":"a0736000000Ew01AAC"}}}}|0x294c8864
07:27:03.8 (42597494)|STATEMENT_EXECUTE|[66]
07:27:03.8 (42615212)|VARIABLE_ASSIGNMENT|[EXTERNAL]|this|{"skill":"0x3de77c3c"}|0x294c8864
07:27:03.8 (42621463)|VARIABLE_ASSIGNMENT|[EXTERNAL]|value|false
07:27:03.8 (42625104)|HEAP_ALLOCATE|[61]|Bytes:5
07:27:03.8 (42630487)|VARIABLE_ASSIGNMENT|[61]|this.selected|false|0x294c8864
07:27:03.8 (42639922)|CONSTRUCTOR_EXIT|[12]|01p360000072SS3|<init>(Employee_Skills__c)
07:27:03.8 (42652021)|HEAP_ALLOCATE|[EXTERNAL]|Bytes:4
07:27:03.8 (42660846)|METHOD_ENTRY|[10]||Database.QueryLocatorIterator.hasNext()
07:27:03.8 (42679801)|METHOD_EXIT|[10]||Database.QueryLocatorIterator.hasNext()
07:27:03.8 (42684576)|METHOD_ENTRY|[10]||Database.QueryLocatorIterator.next()
07:27:03.8 (42752691)|METHOD_EXIT|[10]||Database.QueryLocatorIterator.next()
07:27:03.8 (42758628)|VARIABLE_SCOPE_BEGIN|[10]|c|Employee_Skills__c|true|false
07:27:03.8 (42777334)|VARIABLE_ASSIGNMENT|[10]|c|{"s":1,"v":{"Id":"a0C360000003XRTEA2","Name":"logo","Employee__c":"a0A36000001ygYkEAI","Project__c":"a0736000000Ew01AAC","Employee__r":{"s":2,"v":{"Name":"Andriy Lokotosh","Id":"a0A36000001ygYkEAI"}},"Project__r":{"s":3,"v":{"Name":"eBank","Id":"a0736000000Ew01AAC"}}}}|0x2cff9dd
07:27:03.8 (42781591)|STATEMENT_EXECUTE|[10]
07:27:03.8 (42782819)|STATEMENT_EXECUTE|[12]
07:27:03.8 (42802998)|VARIABLE_ASSIGNMENT|[EXTERNAL]|this|{"skillsList":"0x6cf01502"}|0x68e14b28
07:27:03.8 (42812474)|HEAP_ALLOCATE|[12]|Bytes:12
07:27:03.8 (42820543)|CONSTRUCTOR_ENTRY|[12]|01p360000072SS3|<init>(Employee_Skills__c)
07:27:03.8 (42824588)|VARIABLE_SCOPE_BEGIN|[64]|this|WrapperEmployeeSkills.wEmployee|true|false
07:27:03.8 (42836966)|VARIABLE_ASSIGNMENT|[64]|this|{}|0x63da06db
07:27:03.8 (42839430)|VARIABLE_SCOPE_BEGIN|[64]|s|Employee_Skills__c|true|false
07:27:03.8 (42852853)|VARIABLE_ASSIGNMENT|[64]|s|{"s":1,"v":{"Id":"a0C360000003XRTEA2","Name":"logo","Employee__c":"a0A36000001ygYkEAI","Project__c":"a0736000000Ew01AAC","Employee__r":{"s":2,"v":{"Name":"Andriy Lokotosh","Id":"a0A36000001ygYkEAI"}},"Project__r":{"s":3,"v":{"Name":"eBank","Id":"a0736000000Ew01AAC"}}}}|0x2cff9dd
07:27:03.8 (42856935)|STATEMENT_EXECUTE|[59]
07:27:03.8 (42858166)|STATEMENT_EXECUTE|[60]
07:27:03.8 (42859287)|STATEMENT_EXECUTE|[61]
07:27:03.8 (42870142)|STATEMENT_EXECUTE|[64]
07:27:03.8 (42871591)|STATEMENT_EXECUTE|[65]
07:27:03.8 (42887586)|VARIABLE_ASSIGNMENT|[EXTERNAL]|this|{}|0x63da06db
07:27:03.8 (42901534)|VARIABLE_ASSIGNMENT|[EXTERNAL]|value|{"s":1,"v":{"Id":"a0C360000003XRTEA2","Name":"logo","Employee__c":"a0A36000001ygYkEAI","Project__c":"a0736000000Ew01AAC","Employee__r":{"s":2,"v":{"Name":"Andriy Lokotosh","Id":"a0A36000001ygYkEAI"}},"Project__r":{"s":3,"v":{"Name":"eBank","Id":"a0736000000Ew01AAC"}}}}|0x2cff9dd
07:27:03.8 (42916168)|VARIABLE_ASSIGNMENT|[60]|this.skill|{"s":1,"v":{"Id":"a0C360000003XRTEA2","Name":"logo","Employee__c":"a0A36000001ygYkEAI","Project__c":"a0736000000Ew01AAC","Employee__r":{"s":2,"v":{"Name":"Andriy Lokotosh","Id":"a0A36000001ygYkEAI"}},"Project__r":{"s":3,"v":{"Name":"eBank","Id":"a0736000000Ew01AAC"}}}}|0x63da06db
07:27:03.8 (42923288)|STATEMENT_EXECUTE|[66]
07:27:03.8 (42941460)|VARIABLE_ASSIGNMENT|[EXTERNAL]|this|{"skill":"0x2cff9dd"}|0x63da06db
07:27:03.8 (42947721)|VARIABLE_ASSIGNMENT|[EXTERNAL]|value|false
07:27:03.8 (42951317)|HEAP_ALLOCATE|[61]|Bytes:5
07:27:03.8 (42956721)|VARIABLE_ASSIGNMENT|[61]|this.selected|false|0x63da06db
07:27:03.8 (42966029)|CONSTRUCTOR_EXIT|[12]|01p360000072SS3|<init>(Employee_Skills__c)
07:27:03.8 (42977758)|HEAP_ALLOCATE|[EXTERNAL]|Bytes:4
07:27:03.8 (42986629)|METHOD_ENTRY|[10]||Database.QueryLocatorIterator.hasNext()
07:27:03.8 (43005643)|METHOD_EXIT|[10]||Database.QueryLocatorIterator.hasNext()
07:27:03.8 (43011466)|METHOD_ENTRY|[10]||Database.QueryLocatorIterator.next()
07:27:03.8 (43066640)|METHOD_EXIT|[10]||Database.QueryLocatorIterator.next()
07:27:03.8 (43072372)|VARIABLE_SCOPE_BEGIN|[10]|c|Employee_Skills__c|true|false
07:27:03.8 (43092026)|VARIABLE_ASSIGNMENT|[10]|c|{"s":1,"v":{"Id":"a0C360000003sIHEAY","Name":"Test Skill","Employee__c":"a0A36000002STuIEAW","Project__c":"a07360000014vWyAAI","Employee__r":{"s":2,"v":{"Name":"Jor","Id":"a0A36000002STuIEAW"}},"Project__r":{"s":3,"v":{"Name":"TestProj","Id":"a07360000014vWyAAI"}}}}|0x655a9000
07:27:03.8 (43096180)|STATEMENT_EXECUTE|[10]
07:27:03.8 (43097379)|STATEMENT_EXECUTE|[12]
07:27:03.8 (43117236)|VARIABLE_ASSIGNMENT|[EXTERNAL]|this|{"skillsList":"0x6cf01502"}|0x68e14b28
07:27:03.8 (43126507)|HEAP_ALLOCATE|[12]|Bytes:12
07:27:03.8 (43134461)|CONSTRUCTOR_ENTRY|[12]|01p360000072SS3|<init>(Employee_Skills__c)
07:27:03.8 (43138390)|VARIABLE_SCOPE_BEGIN|[64]|this|WrapperEmployeeSkills.wEmployee|true|false
07:27:03.8 (43150953)|VARIABLE_ASSIGNMENT|[64]|this|{}|0x66bb1611
07:27:03.8 (43153486)|VARIABLE_SCOPE_BEGIN|[64]|s|Employee_Skills__c|true|false
07:27:03.8 (43166913)|VARIABLE_ASSIGNMENT|[64]|s|{"s":1,"v":{"Id":"a0C360000003sIHEAY","Name":"Test Skill","Employee__c":"a0A36000002STuIEAW","Project__c":"a07360000014vWyAAI","Employee__r":{"s":2,"v":{"Name":"Jor","Id":"a0A36000002STuIEAW"}},"Project__r":{"s":3,"v":{"Name":"TestProj","Id":"a07360000014vWyAAI"}}}}|0x655a9000
07:27:03.8 (43170741)|STATEMENT_EXECUTE|[59]
07:27:03.8 (43171919)|STATEMENT_EXECUTE|[60]
07:27:03.8 (43173080)|STATEMENT_EXECUTE|[61]
07:27:03.8 (43183678)|STATEMENT_EXECUTE|[64]
07:27:03.8 (43185201)|STATEMENT_EXECUTE|[65]
07:27:03.8 (43200833)|VARIABLE_ASSIGNMENT|[EXTERNAL]|this|{}|0x66bb1611
07:27:03.8 (43215059)|VARIABLE_ASSIGNMENT|[EXTERNAL]|value|{"s":1,"v":{"Id":"a0C360000003sIHEAY","Name":"Test Skill","Employee__c":"a0A36000002STuIEAW","Project__c":"a07360000014vWyAAI","Employee__r":{"s":2,"v":{"Name":"Jor","Id":"a0A36000002STuIEAW"}},"Project__r":{"s":3,"v":{"Name":"TestProj","Id":"a07360000014vWyAAI"}}}}|0x655a9000
07:27:03.8 (43230327)|VARIABLE_ASSIGNMENT|[60]|this.skill|{"s":1,"v":{"Id":"a0C360000003sIHEAY","Name":"Test Skill","Employee__c":"a0A36000002STuIEAW","Project__c":"a07360000014vWyAAI","Employee__r":{"s":2,"v":{"Name":"Jor","Id":"a0A36000002STuIEAW"}},"Project__r":{"s":3,"v":{"Name":"TestProj","Id":"a07360000014vWyAAI"}}}}|0x66bb1611
07:27:03.8 (43237342)|STATEMENT_EXECUTE|[66]
07:27:03.8 (43255026)|VARIABLE_ASSIGNMENT|[EXTERNAL]|this|{"skill":"0x655a9000"}|0x66bb1611
07:27:03.8 (43261251)|VARIABLE_ASSIGNMENT|[EXTERNAL]|value|false
07:27:03.8 (43264911)|HEAP_ALLOCATE|[61]|Bytes:5
07:27:03.8 (43270404)|VARIABLE_ASSIGNMENT|[61]|this.selected|false|0x66bb1611
07:27:03.8 (43279663)|CONSTRUCTOR_EXIT|[12]|01p360000072SS3|<init>(Employee_Skills__c)
07:27:03.8 (43291551)|HEAP_ALLOCATE|[EXTERNAL]|Bytes:4
07:27:03.8 (43300075)|METHOD_ENTRY|[10]||Database.QueryLocatorIterator.hasNext()
07:27:03.8 (43318966)|METHOD_EXIT|[10]||Database.QueryLocatorIterator.hasNext()
07:27:03.8 (43323875)|METHOD_ENTRY|[10]||Database.QueryLocatorIterator.next()
07:27:03.8 (43378470)|METHOD_EXIT|[10]||Database.QueryLocatorIterator.next()
07:27:03.8 (43384094)|VARIABLE_SCOPE_BEGIN|[10]|c|Employee_Skills__c|true|false
07:27:03.8 (43402691)|VARIABLE_ASSIGNMENT|[10]|c|{"s":1,"v":{"Id":"a0C36000000ipqeEAA","Name":"Koloboc","Employee__c":"a0A36000001ygYkEAI","Project__c":"a0736000000Ew01AAC","Employee__r":{"s":2,"v":{"Name":"Andriy Lokotosh","Id":"a0A36000001ygYkEAI"}},"Project__r":{"s":3,"v":{"Name":"eBank","Id":"a0736000000Ew01AAC"}}}}|0x57504056
07:27:03.8 (43406863)|STATEMENT_EXECUTE|[10]
07:27:03.8 (43408136)|STATEMENT_EXECUTE|[12]
07:27:03.8 (43438333)|VARIABLE_ASSIGNMENT|[EXTERNAL]|this|{"skillsList":"0x6cf01502"}|0x68e14b28
07:27:03.8 (43448601)|HEAP_ALLOCATE|[12]|Bytes:12
07:27:03.8 (43456754)|CONSTRUCTOR_ENTRY|[12]|01p360000072SS3|<init>(Employee_Skills__c)
07:27:03.8 (43460877)|VARIABLE_SCOPE_BEGIN|[64]|this|WrapperEmployeeSkills.wEmployee|true|false
07:27:03.8 (43473417)|VARIABLE_ASSIGNMENT|[64]|this|{}|0x3e7a0ac8
07:27:03.8 (43476029)|VARIABLE_SCOPE_BEGIN|[64]|s|Employee_Skills__c|true|false
07:27:03.8 (43489839)|VARIABLE_ASSIGNMENT|[64]|s|{"s":1,"v":{"Id":"a0C36000000ipqeEAA","Name":"Koloboc","Employee__c":"a0A36000001ygYkEAI","Project__c":"a0736000000Ew01AAC","Employee__r":{"s":2,"v":{"Name":"Andriy Lokotosh","Id":"a0A36000001ygYkEAI"}},"Project__r":{"s":3,"v":{"Name":"eBank","Id":"a0736000000Ew01AAC"}}}}|0x57504056
07:27:03.8 (43494177)|STATEMENT_EXECUTE|[59]
07:27:03.8 (43495391)|STATEMENT_EXECUTE|[60]
07:27:03.8 (43496472)|STATEMENT_EXECUTE|[61]
07:27:03.8 (43507106)|STATEMENT_EXECUTE|[64]
07:27:03.8 (43508586)|STATEMENT_EXECUTE|[65]
07:27:03.8 (43524580)|VARIABLE_ASSIGNMENT|[EXTERNAL]|this|{}|0x3e7a0ac8
07:27:03.8 (43538554)|VARIABLE_ASSIGNMENT|[EXTERNAL]|value|{"s":1,"v":{"Id":"a0C36000000ipqeEAA","Name":"Koloboc","Employee__c":"a0A36000001ygYkEAI","Project__c":"a0736000000Ew01AAC","Employee__r":{"s":2,"v":{"Name":"Andriy Lokotosh","Id":"a0A36000001ygYkEAI"}},"Project__r":{"s":3,"v":{"Name":"eBank","Id":"a0736000000Ew01AAC"}}}}|0x57504056
07:27:03.8 (43554155)|VARIABLE_ASSIGNMENT|[60]|this.skill|{"s":1,"v":{"Id":"a0C36000000ipqeEAA","Name":"Koloboc","Employee__c":"a0A36000001ygYkEAI","Project__c":"a0736000000Ew01AAC","Employee__r":{"s":2,"v":{"Name":"Andriy Lokotosh","Id":"a0A36000001ygYkEAI"}},"Project__r":{"s":3,"v":{"Name":"eBank","Id":"a0736000000Ew01AAC"}}}}|0x3e7a0ac8
07:27:03.8 (43561653)|STATEMENT_EXECUTE|[66]
07:27:03.8 (43579619)|VARIABLE_ASSIGNMENT|[EXTERNAL]|this|{"skill":"0x57504056"}|0x3e7a0ac8
07:27:03.8 (43585877)|VARIABLE_ASSIGNMENT|[EXTERNAL]|value|false
07:27:03.8 (43589554)|HEAP_ALLOCATE|[61]|Bytes:5
07:27:03.8 (43595060)|VARIABLE_ASSIGNMENT|[61]|this.selected|false|0x3e7a0ac8
07:27:03.8 (43604303)|CONSTRUCTOR_EXIT|[12]|01p360000072SS3|<init>(Employee_Skills__c)
07:27:03.8 (43616196)|HEAP_ALLOCATE|[EXTERNAL]|Bytes:4
07:27:03.8 (43624844)|METHOD_ENTRY|[10]||Database.QueryLocatorIterator.hasNext()
07:27:03.8 (43637914)|METHOD_EXIT|[10]||Database.QueryLocatorIterator.hasNext()
07:27:03.8 (43645521)|VARIABLE_ASSIGNMENT|[10]|c|null|
07:27:03.8 (43668423)|STATEMENT_EXECUTE|[15]
07:27:03.8 (43700662)|VARIABLE_ASSIGNMENT|[EXTERNAL]|this|{"skillsList":"0x6cf01502"}|0x68e14b28
07:27:03.8 (43715215)|SYSTEM_MODE_EXIT|false
07:27:03.8 (43728155)|CODE_UNIT_FINISHED|WrapperEmployeeSkills invoke(getEmployeeSkills)
07:27:03.8 (43747437)|CODE_UNIT_FINISHED|WrapperEmployeeSkills get(EmployeeSkills)
07:27:03.8 (44152828)|CODE_UNIT_STARTED|[EXTERNAL]|01p360000072SS3|skill
07:27:03.8 (44164406)|CODE_UNIT_FINISHED|skill
07:27:03.8 (102459784)|CODE_UNIT_STARTED|[EXTERNAL]|01p360000072SS3|selected
07:27:03.8 (102491497)|CODE_UNIT_FINISHED|selected
07:27:03.8 (103986296)|CODE_UNIT_STARTED|[EXTERNAL]|01p360000072SS3|selected
07:27:03.8 (103999067)|CODE_UNIT_FINISHED|selected
07:27:03.8 (104090134)|CODE_UNIT_STARTED|[EXTERNAL]|01p360000072SS3|skill
07:27:03.8 (104102085)|CODE_UNIT_FINISHED|skill
07:27:03.8 (105053281)|CODE_UNIT_STARTED|[EXTERNAL]|01p360000072SS3|selected
07:27:03.8 (105065488)|CODE_UNIT_FINISHED|selected
07:27:03.8 (105154813)|CODE_UNIT_STARTED|[EXTERNAL]|01p360000072SS3|skill
07:27:03.8 (105165044)|CODE_UNIT_FINISHED|skill
07:27:03.8 (106106095)|CODE_UNIT_STARTED|[EXTERNAL]|01p360000072SS3|selected
07:27:03.8 (106117972)|CODE_UNIT_FINISHED|selected
07:27:03.8 (106207363)|CODE_UNIT_STARTED|[EXTERNAL]|01p360000072SS3|skill
07:27:03.8 (106217192)|CODE_UNIT_FINISHED|skill
07:27:03.8 (107153415)|CODE_UNIT_STARTED|[EXTERNAL]|01p360000072SS3|selected
07:27:03.8 (107165670)|CODE_UNIT_FINISHED|selected
07:27:03.8 (107254169)|CODE_UNIT_STARTED|[EXTERNAL]|01p360000072SS3|skill
07:27:03.8 (107264129)|CODE_UNIT_FINISHED|skill
07:27:03.8 (108188713)|CODE_UNIT_STARTED|[EXTERNAL]|01p360000072SS3|selected
07:27:03.8 (108200233)|CODE_UNIT_FINISHED|selected
07:27:03.8 (108288638)|CODE_UNIT_STARTED|[EXTERNAL]|01p360000072SS3|skill
07:27:03.8 (108298450)|CODE_UNIT_FINISHED|skill
07:27:03.8 (109220884)|CODE_UNIT_STARTED|[EXTERNAL]|01p360000072SS3|selected
07:27:03.8 (109232566)|CODE_UNIT_FINISHED|selected
07:27:03.8 (109321292)|CODE_UNIT_STARTED|[EXTERNAL]|01p360000072SS3|skill
07:27:03.8 (109331309)|CODE_UNIT_FINISHED|skill
07:27:03.8 (110252073)|CODE_UNIT_STARTED|[EXTERNAL]|01p360000072SS3|selected
07:27:03.8 (110263453)|CODE_UNIT_FINISHED|selected
07:27:03.8 (110352141)|CODE_UNIT_STARTED|[EXTERNAL]|01p360000072SS3|skill
07:27:03.8 (110362160)|CODE_UNIT_FINISHED|skill
07:27:03.8 (111283221)|CODE_UNIT_STARTED|[EXTERNAL]|01p360000072SS3|selected
07:27:03.8 (111295121)|CODE_UNIT_FINISHED|selected
07:27:03.8 (111383997)|CODE_UNIT_STARTED|[EXTERNAL]|01p360000072SS3|skill
07:27:03.8 (111393930)|CODE_UNIT_FINISHED|skill
07:27:03.8 (112314629)|CODE_UNIT_STARTED|[EXTERNAL]|01p360000072SS3|selected
07:27:03.8 (112326295)|CODE_UNIT_FINISHED|selected
07:27:03.8 (112414614)|CODE_UNIT_STARTED|[EXTERNAL]|01p360000072SS3|skill
07:27:03.8 (112424460)|CODE_UNIT_FINISHED|skill
07:27:03.8 (113349089)|CODE_UNIT_STARTED|[EXTERNAL]|01p360000072SS3|selected
07:27:03.8 (113360543)|CODE_UNIT_FINISHED|selected
07:27:03.8 (113453507)|CODE_UNIT_STARTED|[EXTERNAL]|01p360000072SS3|skill
07:27:03.8 (113463700)|CODE_UNIT_FINISHED|skill
07:27:03.8 (114422241)|CODE_UNIT_STARTED|[EXTERNAL]|01p360000072SS3|selected
07:27:03.8 (114434035)|CODE_UNIT_FINISHED|selected
07:27:03.8 (114529686)|CODE_UNIT_STARTED|[EXTERNAL]|01p360000072SS3|skill
07:27:03.8 (114539860)|CODE_UNIT_FINISHED|skill
07:27:03.8 (115471955)|CODE_UNIT_STARTED|[EXTERNAL]|01p360000072SS3|selected
07:27:03.8 (115484231)|CODE_UNIT_FINISHED|selected
07:27:03.8 (115573892)|CODE_UNIT_STARTED|[EXTERNAL]|01p360000072SS3|skill
07:27:03.8 (115583956)|CODE_UNIT_FINISHED|skill
07:27:03.8 (116510517)|CODE_UNIT_STARTED|[EXTERNAL]|01p360000072SS3|selected
07:27:03.8 (116522141)|CODE_UNIT_FINISHED|selected
07:27:03.8 (116611050)|CODE_UNIT_STARTED|[EXTERNAL]|01p360000072SS3|skill
07:27:03.8 (116620888)|CODE_UNIT_FINISHED|skill
07:27:03.8 (120129182)|VF_SERIALIZE_VIEWSTATE_BEGIN|06636000001VcbV
07:27:03.8 (129667151)|VF_SERIALIZE_VIEWSTATE_END
07:27:03.8 (145933598)|CODE_UNIT_STARTED|[EXTERNAL]|Generate Metadata
07:27:03.8 (150924369)|CODE_UNIT_FINISHED|Generate Metadata
07:27:03.155 (155766737)|CUMULATIVE_LIMIT_USAGE
07:27:03.155 (155766737)|LIMIT_USAGE_FOR_NS|(default)|
  Number of SOQL queries: 1 out of 100
  Number of query rows: 14 out of 50000
  Number of SOSL queries: 0 out of 20
  Number of DML statements: 0 out of 150
  Number of DML rows: 0 out of 10000
  Maximum CPU time: 0 out of 10000
  Maximum heap size: 0 out of 6000000
  Number of callouts: 0 out of 100
  Number of Email Invocations: 0 out of 10
  Number of future calls: 0 out of 50
  Number of queueable jobs added to the queue: 0 out of 50
  Number of Mobile Apex push calls: 0 out of 10

07:27:03.155 (155766737)|CUMULATIVE_LIMIT_USAGE_END

07:27:03.8 (155822393)|CODE_UNIT_FINISHED|VF: /apex/AprooveWraper
07:27:03.8 (156939805)|EXECUTION_FINISHED
