36.0 APEX_CODE,FINEST;APEX_PROFILING,INFO;CALLOUT,INFO;DB,INFO;SYSTEM,DEBUG;VALIDATION,INFO;VISUALFORCE,INFO;WORKFLOW,INFO
12:34:22.0 (78872)|EXECUTION_STARTED
12:34:22.0 (111796)|CODE_UNIT_STARTED|[EXTERNAL]|aura
12:34:22.0 (678337)|HEAP_ALLOCATE|[72]|Bytes:3
12:34:22.0 (765751)|HEAP_ALLOCATE|[77]|Bytes:152
12:34:22.0 (788007)|HEAP_ALLOCATE|[342]|Bytes:408
12:34:22.0 (807918)|HEAP_ALLOCATE|[355]|Bytes:408
12:34:22.0 (826848)|HEAP_ALLOCATE|[467]|Bytes:48
12:34:22.0 (922981)|HEAP_ALLOCATE|[139]|Bytes:6
12:34:22.0 (971108)|HEAP_ALLOCATE|[EXTERNAL]|Bytes:12
12:34:22.0 (1017071)|HEAP_ALLOCATE|[EXTERNAL]|Bytes:12
12:34:22.0 (2594839)|CODE_UNIT_STARTED|[EXTERNAL]|01p36000006TzBn|AwesomeProductController.getProductByName
12:34:22.0 (2683111)|HEAP_ALLOCATE|[EXTERNAL]|Bytes:3
12:34:22.0 (2722412)|METHOD_ENTRY|[1]|01p36000006TzBn|AwesomeProductController.AwesomeProductController()
12:34:22.0 (2728131)|STATEMENT_EXECUTE|[1]
12:34:22.0 (2735175)|STATEMENT_EXECUTE|[1]
12:34:22.0 (2759815)|METHOD_EXIT|[1]|AwesomeProductController
12:34:22.0 (2765674)|HEAP_ALLOCATE|[EXTERNAL]|Bytes:12
12:34:22.0 (2777985)|SYSTEM_MODE_ENTER|false
12:34:22.0 (2787068)|VARIABLE_SCOPE_BEGIN|[8]|name|String|false|false
12:34:22.0 (2937394)|VARIABLE_ASSIGNMENT|[8]|name|"Vans Classic"
12:34:22.0 (2948255)|STATEMENT_EXECUTE|[8]
12:34:22.0 (2950034)|STATEMENT_EXECUTE|[9]
12:34:22.0 (2953975)|HEAP_ALLOCATE|[9]|Bytes:167
12:34:22.0 (2967162)|HEAP_ALLOCATE|[9]|Bytes:4
12:34:22.0 (2992455)|HEAP_ALLOCATE|[9]|Bytes:7
12:34:22.0 (3049472)|HEAP_ALLOCATE|[50]|Bytes:5
12:34:22.0 (3071332)|HEAP_ALLOCATE|[56]|Bytes:5
12:34:22.0 (3080652)|HEAP_ALLOCATE|[64]|Bytes:7
12:34:22.0 (3880555)|SOQL_EXECUTE_BEGIN|[9]|Aggregations:1|SELECT id, name, photo__c, color__c, points__c, description__c, (SELECT name FROM product_sizes__r ORDER BY name ASC NULLS FIRST) FROM product__c WHERE name = :tmpVar1
12:34:22.0 (12749099)|SOQL_EXECUTE_END|[9]|Rows:1
12:34:22.0 (12782493)|HEAP_ALLOCATE|[9]|Bytes:8
12:34:22.0 (12814899)|HEAP_ALLOCATE|[9]|Bytes:560
12:34:22.0 (12915807)|HEAP_ALLOCATE|[9]|Bytes:8
12:34:22.0 (12931147)|HEAP_ALLOCATE|[9]|Bytes:36
12:34:22.0 (13019966)|HEAP_ALLOCATE|[9]|Bytes:32
12:34:22.0 (13035919)|SYSTEM_MODE_EXIT|false
12:34:22.13 (13079347)|CUMULATIVE_LIMIT_USAGE
12:34:22.13 (13079347)|LIMIT_USAGE_FOR_NS|(default)|
  Number of SOQL queries: 1 out of 100
  Number of query rows: 5 out of 50000
  Number of SOSL queries: 0 out of 20
  Number of DML statements: 0 out of 150
  Number of DML rows: 0 out of 10000
  Maximum CPU time: 0 out of 10000
  Maximum heap size: 0 out of 6000000
  Number of callouts: 0 out of 100
  Number of Email Invocations: 0 out of 10
  Number of future calls: 0 out of 50
  Number of queueable jobs added to the queue: 0 out of 50
  Number of Mobile Apex push calls: 0 out of 10

12:34:22.13 (13079347)|CUMULATIVE_LIMIT_USAGE_END

12:34:22.0 (13121444)|CODE_UNIT_FINISHED|AwesomeProductController.getProductByName
