36.0 APEX_CODE,FINEST;APEX_PROFILING,INFO;CALLOUT,INFO;DB,INFO;SYSTEM,DEBUG;VALIDATION,INFO;VISUALFORCE,INFO;WORKFLOW,INFO
07:27:38.0 (321258)|EXECUTION_STARTED
07:27:38.0 (358929)|CODE_UNIT_STARTED|[EXTERNAL]|06636000001VcbV|VF: /apex/AprooveWraper
07:27:38.0 (2374429)|CODE_UNIT_STARTED|[EXTERNAL]|01p360000072SS3|WrapperEmployeeSkills <init>
07:27:38.0 (2387494)|SYSTEM_MODE_ENTER|true
07:27:38.0 (2839994)|HEAP_ALLOCATE|[72]|Bytes:3
07:27:38.0 (2874141)|HEAP_ALLOCATE|[77]|Bytes:152
07:27:38.0 (2890058)|HEAP_ALLOCATE|[342]|Bytes:408
07:27:38.0 (2908870)|HEAP_ALLOCATE|[355]|Bytes:408
07:27:38.0 (2924863)|HEAP_ALLOCATE|[467]|Bytes:48
07:27:38.0 (2959599)|HEAP_ALLOCATE|[139]|Bytes:6
07:27:38.0 (2976698)|HEAP_ALLOCATE|[EXTERNAL]|Bytes:9
07:27:38.0 (2980851)|HEAP_ALLOCATE|[EXTERNAL]|Bytes:88
07:27:38.0 (2983588)|HEAP_ALLOCATE|[EXTERNAL]|Bytes:6
07:27:38.0 (2986705)|HEAP_ALLOCATE|[EXTERNAL]|Bytes:2
07:27:38.0 (3004637)|METHOD_ENTRY|[1]|01p360000072SS3|WrapperEmployeeSkills.WrapperEmployeeSkills()
07:27:38.0 (3009749)|STATEMENT_EXECUTE|[1]
07:27:38.0 (3015790)|STATEMENT_EXECUTE|[1]
07:27:38.0 (3047359)|HEAP_ALLOCATE|[50]|Bytes:5
07:27:38.0 (3067028)|HEAP_ALLOCATE|[56]|Bytes:5
07:27:38.0 (3075432)|HEAP_ALLOCATE|[64]|Bytes:7
07:27:38.0 (3094276)|SYSTEM_MODE_ENTER|false
07:27:38.0 (3110713)|HEAP_ALLOCATE|[EXTERNAL]|Bytes:5
07:27:38.0 (3115117)|STATEMENT_EXECUTE|[59]
07:27:38.0 (3119319)|SYSTEM_MODE_EXIT|false
07:27:38.0 (3130196)|METHOD_EXIT|[1]|WrapperEmployeeSkills
07:27:38.0 (3146061)|HEAP_ALLOCATE|[EXTERNAL]|Bytes:8
07:27:38.0 (3159245)|VARIABLE_SCOPE_BEGIN|[1]|this|WrapperEmployeeSkills|true|false
07:27:38.0 (3230385)|VARIABLE_ASSIGNMENT|[1]|this|{}|0x418803bb
07:27:38.0 (3239593)|SYSTEM_MODE_ENTER|false
07:27:38.0 (3244639)|HEAP_ALLOCATE|[EXTERNAL]|Bytes:5
07:27:38.0 (3253728)|HEAP_ALLOCATE|[EXTERNAL]|Bytes:6
07:27:38.0 (3278431)|SYSTEM_MODE_EXIT|false
07:27:38.0 (3282146)|STATEMENT_EXECUTE|[1]
07:27:38.0 (3285956)|SYSTEM_MODE_ENTER|false
07:27:38.0 (3289380)|HEAP_ALLOCATE|[EXTERNAL]|Bytes:5
07:27:38.0 (3291945)|STATEMENT_EXECUTE|[4]
07:27:38.0 (3315690)|SYSTEM_MODE_EXIT|false
07:27:38.0 (3333291)|CODE_UNIT_FINISHED|WrapperEmployeeSkills <init>
07:27:38.0 (3382437)|CODE_UNIT_STARTED|[EXTERNAL]|01p360000072SS3|WrapperEmployeeSkills get(EmployeeSkills)
07:27:38.0 (3389598)|SYSTEM_MODE_ENTER|true
07:27:38.0 (3408310)|CODE_UNIT_STARTED|[EXTERNAL]|01p360000072SS3|WrapperEmployeeSkills invoke(getEmployeeSkills)
07:27:38.0 (3445360)|HEAP_ALLOCATE|[EXTERNAL]|Bytes:8
07:27:38.0 (3454328)|VARIABLE_SCOPE_BEGIN|[7]|this|WrapperEmployeeSkills|true|false
07:27:38.0 (3470826)|VARIABLE_ASSIGNMENT|[7]|this|{}|0x418803bb
07:27:38.0 (3484867)|SYSTEM_MODE_ENTER|false
07:27:38.0 (3489556)|HEAP_ALLOCATE|[8]|Bytes:5
07:27:38.0 (3493268)|STATEMENT_EXECUTE|[7]
07:27:38.0 (3535138)|VARIABLE_ASSIGNMENT|[EXTERNAL]|this|{}|0x418803bb
07:27:38.0 (3547250)|STATEMENT_EXECUTE|[8]
07:27:38.0 (3548971)|STATEMENT_EXECUTE|[9]
07:27:38.0 (3554007)|HEAP_ALLOCATE|[9]|Bytes:4
07:27:38.0 (3668395)|VARIABLE_ASSIGNMENT|[EXTERNAL]|this|{}|0x418803bb
07:27:38.0 (3706962)|HEAP_ALLOCATE|[EXTERNAL]|Bytes:4
07:27:38.0 (3727765)|VARIABLE_ASSIGNMENT|[EXTERNAL]|value|{"s":1,"v":[]}|0x355174f0
07:27:38.0 (3742488)|VARIABLE_ASSIGNMENT|[4]|this.skillsList|{"s":1,"v":[]}|0x418803bb
07:27:38.0 (3753401)|HEAP_ALLOCATE|[10]|Bytes:74
07:27:38.0 (3762863)|HEAP_ALLOCATE|[10]|Bytes:4
07:27:38.0 (4236794)|SOQL_EXECUTE_BEGIN|[10]|Aggregations:0|SELECT Id, Name, Employee__r.Name, Project__r.Name FROM Employee_Skills__c
07:27:38.0 (11345928)|SOQL_EXECUTE_END|[10]|Rows:14
07:27:38.0 (11364925)|HEAP_ALLOCATE|[EXTERNAL]|Bytes:60
07:27:38.0 (11576289)|HEAP_ALLOCATE|[10]|Bytes:49
07:27:38.0 (11588870)|HEAP_ALLOCATE|[10]|Bytes:8
07:27:38.0 (11604101)|SYSTEM_METHOD_ENTRY|[7]|QueryLocatorIterator.QueryLocatorIterator()
07:27:38.0 (11607907)|STATEMENT_EXECUTE|[7]
07:27:38.0 (11619267)|SYSTEM_METHOD_EXIT|[7]|QueryLocatorIterator
07:27:38.0 (11626173)|HEAP_ALLOCATE|[10]|Bytes:28
07:27:38.0 (11674981)|HEAP_ALLOCATE|[10]|Bytes:60
07:27:38.0 (11691463)|HEAP_ALLOCATE|[10]|Bytes:8
07:27:38.0 (11694575)|HEAP_ALLOCATE|[10]|Bytes:8
07:27:38.0 (11700804)|VARIABLE_SCOPE_BEGIN|[15]|this|Database.QueryLocatorIterator|true|false
07:27:38.0 (11730857)|VARIABLE_ASSIGNMENT|[15]|this|{}|0x61d1683d
07:27:38.0 (11734775)|VARIABLE_SCOPE_BEGIN|[15]|values|List<SObject>|true|false
07:27:38.0 (11755091)|VARIABLE_ASSIGNMENT|[15]|values|{"s":1,"v":"List of size 14 too large to display"}|0x186c3a8f
07:27:38.0 (11758817)|VARIABLE_SCOPE_BEGIN|[15]|ql|Database.QueryLocator|true|false
07:27:38.0 (11774663)|VARIABLE_ASSIGNMENT|[15]|ql|{"query":"SELECT Id, Name, Emp (54 more) ..."}|0x2046387
07:27:38.0 (11777727)|VARIABLE_SCOPE_BEGIN|[15]|totalNumRecords|Integer|false|false
07:27:38.0 (11781668)|VARIABLE_ASSIGNMENT|[15]|totalNumRecords|14
07:27:38.0 (11783686)|VARIABLE_SCOPE_BEGIN|[15]|queryMoreSize|Integer|false|false
07:27:38.0 (11786535)|VARIABLE_ASSIGNMENT|[15]|queryMoreSize|49986
07:27:38.0 (11838038)|HEAP_ALLOCATE|[10]|Bytes:28
07:27:38.0 (11859736)|METHOD_ENTRY|[10]||Database.QueryLocatorIterator.hasNext()
07:27:38.0 (11953552)|METHOD_EXIT|[10]||Database.QueryLocatorIterator.hasNext()
07:27:38.0 (11963305)|METHOD_ENTRY|[10]||Database.QueryLocatorIterator.next()
07:27:38.0 (12050400)|METHOD_EXIT|[10]||Database.QueryLocatorIterator.next()
07:27:38.0 (12059322)|VARIABLE_SCOPE_BEGIN|[10]|c|Employee_Skills__c|true|false
07:27:38.0 (12087205)|VARIABLE_ASSIGNMENT|[10]|c|{"s":1,"v":{"Id":"a0C360000002n2pEAA","Name":"sdfsdfsdf","Employee__c":"a0A36000001yx5YEAQ","Project__c":"a0736000000Ew01AAC","Employee__r":{"s":2,"v":{"Name":"dssdfsd","Id":"a0A36000001yx5YEAQ"}},"Project__r":{"s":3,"v":{"Name":"eBank","Id":"a0736000000Ew01AAC"}}}}|0x53f3c487
07:27:38.0 (12092515)|STATEMENT_EXECUTE|[10]
07:27:38.0 (12094206)|STATEMENT_EXECUTE|[12]
07:27:38.0 (12128868)|VARIABLE_ASSIGNMENT|[EXTERNAL]|this|{"skillsList":"0x355174f0"}|0x418803bb
07:27:38.0 (12147206)|HEAP_ALLOCATE|[12]|Bytes:112
07:27:38.0 (12152137)|HEAP_ALLOCATE|[12]|Bytes:8
07:27:38.0 (12165479)|HEAP_ALLOCATE|[12]|Bytes:12
07:27:38.0 (12191488)|CONSTRUCTOR_ENTRY|[12]|01p360000072SS3|<init>(Employee_Skills__c)
07:27:38.0 (12211667)|VARIABLE_SCOPE_BEGIN|[64]|this|WrapperEmployeeSkills.wEmployee|true|false
07:27:38.0 (12230323)|VARIABLE_ASSIGNMENT|[64]|this|{}|0x31774d29
07:27:38.0 (12235595)|VARIABLE_SCOPE_BEGIN|[64]|s|Employee_Skills__c|true|false
07:27:38.0 (12253597)|VARIABLE_ASSIGNMENT|[64]|s|{"s":1,"v":{"Id":"a0C360000002n2pEAA","Name":"sdfsdfsdf","Employee__c":"a0A36000001yx5YEAQ","Project__c":"a0736000000Ew01AAC","Employee__r":{"s":2,"v":{"Name":"dssdfsd","Id":"a0A36000001yx5YEAQ"}},"Project__r":{"s":3,"v":{"Name":"eBank","Id":"a0736000000Ew01AAC"}}}}|0x53f3c487
07:27:38.0 (12258699)|STATEMENT_EXECUTE|[59]
07:27:38.0 (12260237)|STATEMENT_EXECUTE|[60]
07:27:38.0 (12261540)|STATEMENT_EXECUTE|[61]
07:27:38.0 (12274602)|STATEMENT_EXECUTE|[64]
07:27:38.0 (12276130)|STATEMENT_EXECUTE|[65]
07:27:38.0 (12350750)|VARIABLE_ASSIGNMENT|[EXTERNAL]|this|{}|0x31774d29
07:27:38.0 (12370349)|VARIABLE_ASSIGNMENT|[EXTERNAL]|value|{"s":1,"v":{"Id":"a0C360000002n2pEAA","Name":"sdfsdfsdf","Employee__c":"a0A36000001yx5YEAQ","Project__c":"a0736000000Ew01AAC","Employee__r":{"s":2,"v":{"Name":"dssdfsd","Id":"a0A36000001yx5YEAQ"}},"Project__r":{"s":3,"v":{"Name":"eBank","Id":"a0736000000Ew01AAC"}}}}|0x53f3c487
07:27:38.0 (12390203)|VARIABLE_ASSIGNMENT|[60]|this.skill|{"s":1,"v":{"Id":"a0C360000002n2pEAA","Name":"sdfsdfsdf","Employee__c":"a0A36000001yx5YEAQ","Project__c":"a0736000000Ew01AAC","Employee__r":{"s":2,"v":{"Name":"dssdfsd","Id":"a0A36000001yx5YEAQ"}},"Project__r":{"s":3,"v":{"Name":"eBank","Id":"a0736000000Ew01AAC"}}}}|0x31774d29
07:27:38.0 (12399639)|STATEMENT_EXECUTE|[66]
07:27:38.0 (12449147)|VARIABLE_ASSIGNMENT|[EXTERNAL]|this|{"skill":"0x53f3c487"}|0x31774d29
07:27:38.0 (12459187)|VARIABLE_ASSIGNMENT|[EXTERNAL]|value|false
07:27:38.0 (12464683)|HEAP_ALLOCATE|[61]|Bytes:5
07:27:38.0 (12471613)|VARIABLE_ASSIGNMENT|[61]|this.selected|false|0x31774d29
07:27:38.0 (12483634)|CONSTRUCTOR_EXIT|[12]|01p360000072SS3|<init>(Employee_Skills__c)
07:27:38.0 (12497838)|HEAP_ALLOCATE|[EXTERNAL]|Bytes:4
07:27:38.0 (12507602)|METHOD_ENTRY|[10]||Database.QueryLocatorIterator.hasNext()
07:27:38.0 (12528317)|METHOD_EXIT|[10]||Database.QueryLocatorIterator.hasNext()
07:27:38.0 (12533456)|METHOD_ENTRY|[10]||Database.QueryLocatorIterator.next()
07:27:38.0 (12594608)|METHOD_EXIT|[10]||Database.QueryLocatorIterator.next()
07:27:38.0 (12601764)|VARIABLE_SCOPE_BEGIN|[10]|c|Employee_Skills__c|true|false
07:27:38.0 (12623035)|VARIABLE_ASSIGNMENT|[10]|c|{"s":1,"v":{"Id":"a0C360000003sI7EAI","Name":"Test Skill","Employee__c":"a0A36000002STuDEAW","Project__c":"a07360000014vWtAAI","Employee__r":{"s":2,"v":{"Name":"Jor","Id":"a0A36000002STuDEAW"}},"Project__r":{"s":3,"v":{"Name":"TestProj","Id":"a07360000014vWtAAI"}}}}|0x327e3c41
07:27:38.0 (12627135)|STATEMENT_EXECUTE|[10]
07:27:38.0 (12628596)|STATEMENT_EXECUTE|[12]
07:27:38.0 (12649371)|VARIABLE_ASSIGNMENT|[EXTERNAL]|this|{"skillsList":"0x355174f0"}|0x418803bb
07:27:38.0 (12659797)|HEAP_ALLOCATE|[12]|Bytes:12
07:27:38.0 (12668316)|CONSTRUCTOR_ENTRY|[12]|01p360000072SS3|<init>(Employee_Skills__c)
07:27:38.0 (12672676)|VARIABLE_SCOPE_BEGIN|[64]|this|WrapperEmployeeSkills.wEmployee|true|false
07:27:38.0 (12686482)|VARIABLE_ASSIGNMENT|[64]|this|{}|0x4197af85
07:27:38.0 (12689236)|VARIABLE_SCOPE_BEGIN|[64]|s|Employee_Skills__c|true|false
07:27:38.0 (12703818)|VARIABLE_ASSIGNMENT|[64]|s|{"s":1,"v":{"Id":"a0C360000003sI7EAI","Name":"Test Skill","Employee__c":"a0A36000002STuDEAW","Project__c":"a07360000014vWtAAI","Employee__r":{"s":2,"v":{"Name":"Jor","Id":"a0A36000002STuDEAW"}},"Project__r":{"s":3,"v":{"Name":"TestProj","Id":"a07360000014vWtAAI"}}}}|0x327e3c41
07:27:38.0 (12710974)|STATEMENT_EXECUTE|[59]
07:27:38.0 (12712383)|STATEMENT_EXECUTE|[60]
07:27:38.0 (12713599)|STATEMENT_EXECUTE|[61]
07:27:38.0 (12724855)|STATEMENT_EXECUTE|[64]
07:27:38.0 (12726395)|STATEMENT_EXECUTE|[65]
07:27:38.0 (12743745)|VARIABLE_ASSIGNMENT|[EXTERNAL]|this|{}|0x4197af85
07:27:38.0 (12759316)|VARIABLE_ASSIGNMENT|[EXTERNAL]|value|{"s":1,"v":{"Id":"a0C360000003sI7EAI","Name":"Test Skill","Employee__c":"a0A36000002STuDEAW","Project__c":"a07360000014vWtAAI","Employee__r":{"s":2,"v":{"Name":"Jor","Id":"a0A36000002STuDEAW"}},"Project__r":{"s":3,"v":{"Name":"TestProj","Id":"a07360000014vWtAAI"}}}}|0x327e3c41
07:27:38.0 (12776076)|VARIABLE_ASSIGNMENT|[60]|this.skill|{"s":1,"v":{"Id":"a0C360000003sI7EAI","Name":"Test Skill","Employee__c":"a0A36000002STuDEAW","Project__c":"a07360000014vWtAAI","Employee__r":{"s":2,"v":{"Name":"Jor","Id":"a0A36000002STuDEAW"}},"Project__r":{"s":3,"v":{"Name":"TestProj","Id":"a07360000014vWtAAI"}}}}|0x4197af85
07:27:38.0 (12783727)|STATEMENT_EXECUTE|[66]
07:27:38.0 (12801845)|VARIABLE_ASSIGNMENT|[EXTERNAL]|this|{"skill":"0x327e3c41"}|0x4197af85
07:27:38.0 (12808099)|VARIABLE_ASSIGNMENT|[EXTERNAL]|value|false
07:27:38.0 (12811967)|HEAP_ALLOCATE|[61]|Bytes:5
07:27:38.0 (12817867)|VARIABLE_ASSIGNMENT|[61]|this.selected|false|0x4197af85
07:27:38.0 (12828082)|CONSTRUCTOR_EXIT|[12]|01p360000072SS3|<init>(Employee_Skills__c)
07:27:38.0 (12836854)|HEAP_ALLOCATE|[EXTERNAL]|Bytes:4
07:27:38.0 (12845404)|METHOD_ENTRY|[10]||Database.QueryLocatorIterator.hasNext()
07:27:38.0 (12864167)|METHOD_EXIT|[10]||Database.QueryLocatorIterator.hasNext()
07:27:38.0 (12869170)|METHOD_ENTRY|[10]||Database.QueryLocatorIterator.next()
07:27:38.0 (12927649)|METHOD_EXIT|[10]||Database.QueryLocatorIterator.next()
07:27:38.0 (12934267)|VARIABLE_SCOPE_BEGIN|[10]|c|Employee_Skills__c|true|false
07:27:38.0 (12962010)|VARIABLE_ASSIGNMENT|[10]|c|{"s":1,"v":{"Id":"a0C360000003I4VEAU","Name":"Design","Employee__c":"a0A36000001zhkPEAQ","Project__c":"a0736000000F4iQAAS","Employee__r":{"s":2,"v":{"Name":"Robert Dobson","Id":"a0A36000001zhkPEAQ"}},"Project__r":{"s":3,"v":{"Name":"dasdasd","Id":"a0736000000F4iQAAS"}}}}|0x2481fc2
07:27:38.0 (12966177)|STATEMENT_EXECUTE|[10]
07:27:38.0 (12967609)|STATEMENT_EXECUTE|[12]
07:27:38.0 (12989262)|VARIABLE_ASSIGNMENT|[EXTERNAL]|this|{"skillsList":"0x355174f0"}|0x418803bb
07:27:38.0 (12999954)|HEAP_ALLOCATE|[12]|Bytes:12
07:27:38.0 (13008548)|CONSTRUCTOR_ENTRY|[12]|01p360000072SS3|<init>(Employee_Skills__c)
07:27:38.0 (13013624)|VARIABLE_SCOPE_BEGIN|[64]|this|WrapperEmployeeSkills.wEmployee|true|false
07:27:38.0 (13027329)|VARIABLE_ASSIGNMENT|[64]|this|{}|0x178fa979
07:27:38.0 (13029983)|VARIABLE_SCOPE_BEGIN|[64]|s|Employee_Skills__c|true|false
07:27:38.0 (13048432)|VARIABLE_ASSIGNMENT|[64]|s|{"s":1,"v":{"Id":"a0C360000003I4VEAU","Name":"Design","Employee__c":"a0A36000001zhkPEAQ","Project__c":"a0736000000F4iQAAS","Employee__r":{"s":2,"v":{"Name":"Robert Dobson","Id":"a0A36000001zhkPEAQ"}},"Project__r":{"s":3,"v":{"Name":"dasdasd","Id":"a0736000000F4iQAAS"}}}}|0x2481fc2
07:27:38.0 (13056011)|STATEMENT_EXECUTE|[59]
07:27:38.0 (13057461)|STATEMENT_EXECUTE|[60]
07:27:38.0 (13058734)|STATEMENT_EXECUTE|[61]
07:27:38.0 (13070136)|STATEMENT_EXECUTE|[64]
07:27:38.0 (13071614)|STATEMENT_EXECUTE|[65]
07:27:38.0 (13089237)|VARIABLE_ASSIGNMENT|[EXTERNAL]|this|{}|0x178fa979
07:27:38.0 (13104667)|VARIABLE_ASSIGNMENT|[EXTERNAL]|value|{"s":1,"v":{"Id":"a0C360000003I4VEAU","Name":"Design","Employee__c":"a0A36000001zhkPEAQ","Project__c":"a0736000000F4iQAAS","Employee__r":{"s":2,"v":{"Name":"Robert Dobson","Id":"a0A36000001zhkPEAQ"}},"Project__r":{"s":3,"v":{"Name":"dasdasd","Id":"a0736000000F4iQAAS"}}}}|0x2481fc2
07:27:38.0 (13121867)|VARIABLE_ASSIGNMENT|[60]|this.skill|{"s":1,"v":{"Id":"a0C360000003I4VEAU","Name":"Design","Employee__c":"a0A36000001zhkPEAQ","Project__c":"a0736000000F4iQAAS","Employee__r":{"s":2,"v":{"Name":"Robert Dobson","Id":"a0A36000001zhkPEAQ"}},"Project__r":{"s":3,"v":{"Name":"dasdasd","Id":"a0736000000F4iQAAS"}}}}|0x178fa979
07:27:38.0 (13129666)|STATEMENT_EXECUTE|[66]
07:27:38.0 (13147612)|VARIABLE_ASSIGNMENT|[EXTERNAL]|this|{"skill":"0x2481fc2"}|0x178fa979
07:27:38.0 (13154024)|VARIABLE_ASSIGNMENT|[EXTERNAL]|value|false
07:27:38.0 (13157911)|HEAP_ALLOCATE|[61]|Bytes:5
07:27:38.0 (13163648)|VARIABLE_ASSIGNMENT|[61]|this.selected|false|0x178fa979
07:27:38.0 (13173937)|CONSTRUCTOR_EXIT|[12]|01p360000072SS3|<init>(Employee_Skills__c)
07:27:38.0 (13182463)|HEAP_ALLOCATE|[EXTERNAL]|Bytes:4
07:27:38.0 (13190521)|METHOD_ENTRY|[10]||Database.QueryLocatorIterator.hasNext()
07:27:38.0 (13209116)|METHOD_EXIT|[10]||Database.QueryLocatorIterator.hasNext()
07:27:38.0 (13213763)|METHOD_ENTRY|[10]||Database.QueryLocatorIterator.next()
07:27:38.0 (13270804)|METHOD_EXIT|[10]||Database.QueryLocatorIterator.next()
07:27:38.0 (13277295)|VARIABLE_SCOPE_BEGIN|[10]|c|Employee_Skills__c|true|false
07:27:38.0 (13298387)|VARIABLE_ASSIGNMENT|[10]|c|{"s":1,"v":{"Id":"a0C360000003VRsEAM","Name":"Designer","Employee__c":"a0A36000001ygYkEAI","Project__c":"a0736000000Ex6cAAC","Employee__r":{"s":2,"v":{"Name":"Andriy Lokotosh","Id":"a0A36000001ygYkEAI"}},"Project__r":{"s":3,"v":{"Name":"SolutionSoft","Id":"a0736000000Ex6cAAC"}}}}|0x55fb1245
07:27:38.0 (13302054)|STATEMENT_EXECUTE|[10]
07:27:38.0 (13303758)|STATEMENT_EXECUTE|[12]
07:27:38.0 (13323883)|VARIABLE_ASSIGNMENT|[EXTERNAL]|this|{"skillsList":"0x355174f0"}|0x418803bb
07:27:38.0 (13334040)|HEAP_ALLOCATE|[12]|Bytes:12
07:27:38.0 (13342164)|CONSTRUCTOR_ENTRY|[12]|01p360000072SS3|<init>(Employee_Skills__c)
07:27:38.0 (13346296)|VARIABLE_SCOPE_BEGIN|[64]|this|WrapperEmployeeSkills.wEmployee|true|false
07:27:38.0 (13359230)|VARIABLE_ASSIGNMENT|[64]|this|{}|0x78ceba06
07:27:38.0 (13361913)|VARIABLE_SCOPE_BEGIN|[64]|s|Employee_Skills__c|true|false
07:27:38.0 (13376309)|VARIABLE_ASSIGNMENT|[64]|s|{"s":1,"v":{"Id":"a0C360000003VRsEAM","Name":"Designer","Employee__c":"a0A36000001ygYkEAI","Project__c":"a0736000000Ex6cAAC","Employee__r":{"s":2,"v":{"Name":"Andriy Lokotosh","Id":"a0A36000001ygYkEAI"}},"Project__r":{"s":3,"v":{"Name":"SolutionSoft","Id":"a0736000000Ex6cAAC"}}}}|0x55fb1245
07:27:38.0 (13380324)|STATEMENT_EXECUTE|[59]
07:27:38.0 (13381735)|STATEMENT_EXECUTE|[60]
07:27:38.0 (13382962)|STATEMENT_EXECUTE|[61]
07:27:38.0 (13393470)|STATEMENT_EXECUTE|[64]
07:27:38.0 (13399636)|STATEMENT_EXECUTE|[65]
07:27:38.0 (13418273)|VARIABLE_ASSIGNMENT|[EXTERNAL]|this|{}|0x78ceba06
07:27:38.0 (13433986)|VARIABLE_ASSIGNMENT|[EXTERNAL]|value|{"s":1,"v":{"Id":"a0C360000003VRsEAM","Name":"Designer","Employee__c":"a0A36000001ygYkEAI","Project__c":"a0736000000Ex6cAAC","Employee__r":{"s":2,"v":{"Name":"Andriy Lokotosh","Id":"a0A36000001ygYkEAI"}},"Project__r":{"s":3,"v":{"Name":"SolutionSoft","Id":"a0736000000Ex6cAAC"}}}}|0x55fb1245
07:27:38.0 (13450871)|VARIABLE_ASSIGNMENT|[60]|this.skill|{"s":1,"v":{"Id":"a0C360000003VRsEAM","Name":"Designer","Employee__c":"a0A36000001ygYkEAI","Project__c":"a0736000000Ex6cAAC","Employee__r":{"s":2,"v":{"Name":"Andriy Lokotosh","Id":"a0A36000001ygYkEAI"}},"Project__r":{"s":3,"v":{"Name":"SolutionSoft","Id":"a0736000000Ex6cAAC"}}}}|0x78ceba06
07:27:38.0 (13458965)|STATEMENT_EXECUTE|[66]
07:27:38.0 (13477601)|VARIABLE_ASSIGNMENT|[EXTERNAL]|this|{"skill":"0x55fb1245"}|0x78ceba06
07:27:38.0 (13483915)|VARIABLE_ASSIGNMENT|[EXTERNAL]|value|false
07:27:38.0 (13487727)|HEAP_ALLOCATE|[61]|Bytes:5
07:27:38.0 (13493988)|VARIABLE_ASSIGNMENT|[61]|this.selected|false|0x78ceba06
07:27:38.0 (13504669)|CONSTRUCTOR_EXIT|[12]|01p360000072SS3|<init>(Employee_Skills__c)
07:27:38.0 (13513163)|HEAP_ALLOCATE|[EXTERNAL]|Bytes:4
07:27:38.0 (13521238)|METHOD_ENTRY|[10]||Database.QueryLocatorIterator.hasNext()
07:27:38.0 (13539711)|METHOD_EXIT|[10]||Database.QueryLocatorIterator.hasNext()
07:27:38.0 (13544929)|METHOD_ENTRY|[10]||Database.QueryLocatorIterator.next()
07:27:38.0 (13602733)|METHOD_EXIT|[10]||Database.QueryLocatorIterator.next()
07:27:38.0 (13609148)|VARIABLE_SCOPE_BEGIN|[10]|c|Employee_Skills__c|true|false
07:27:38.0 (13629427)|VARIABLE_ASSIGNMENT|[10]|c|{"s":1,"v":{"Id":"a0C360000003I4aEAE","Name":"QA","Employee__c":"a0A36000001zhkPEAQ","Project__c":"a0736000000Ex6cAAC","Employee__r":{"s":2,"v":{"Name":"Robert Dobson","Id":"a0A36000001zhkPEAQ"}},"Project__r":{"s":3,"v":{"Name":"SolutionSoft","Id":"a0736000000Ex6cAAC"}}}}|0x75aae660
07:27:38.0 (13633361)|STATEMENT_EXECUTE|[10]
07:27:38.0 (13634754)|STATEMENT_EXECUTE|[12]
07:27:38.0 (13654466)|VARIABLE_ASSIGNMENT|[EXTERNAL]|this|{"skillsList":"0x355174f0"}|0x418803bb
07:27:38.0 (13664638)|HEAP_ALLOCATE|[12]|Bytes:12
07:27:38.0 (13672491)|CONSTRUCTOR_ENTRY|[12]|01p360000072SS3|<init>(Employee_Skills__c)
07:27:38.0 (13676642)|VARIABLE_SCOPE_BEGIN|[64]|this|WrapperEmployeeSkills.wEmployee|true|false
07:27:38.0 (13689544)|VARIABLE_ASSIGNMENT|[64]|this|{}|0x60ff72bf
07:27:38.0 (13692238)|VARIABLE_SCOPE_BEGIN|[64]|s|Employee_Skills__c|true|false
07:27:38.0 (13706629)|VARIABLE_ASSIGNMENT|[64]|s|{"s":1,"v":{"Id":"a0C360000003I4aEAE","Name":"QA","Employee__c":"a0A36000001zhkPEAQ","Project__c":"a0736000000Ex6cAAC","Employee__r":{"s":2,"v":{"Name":"Robert Dobson","Id":"a0A36000001zhkPEAQ"}},"Project__r":{"s":3,"v":{"Name":"SolutionSoft","Id":"a0736000000Ex6cAAC"}}}}|0x75aae660
07:27:38.0 (13710527)|STATEMENT_EXECUTE|[59]
07:27:38.0 (13711955)|STATEMENT_EXECUTE|[60]
07:27:38.0 (13713240)|STATEMENT_EXECUTE|[61]
07:27:38.0 (13723590)|STATEMENT_EXECUTE|[64]
07:27:38.0 (13725069)|STATEMENT_EXECUTE|[65]
07:27:38.0 (13744877)|VARIABLE_ASSIGNMENT|[EXTERNAL]|this|{}|0x60ff72bf
07:27:38.0 (13783968)|VARIABLE_ASSIGNMENT|[EXTERNAL]|value|{"s":1,"v":{"Id":"a0C360000003I4aEAE","Name":"QA","Employee__c":"a0A36000001zhkPEAQ","Project__c":"a0736000000Ex6cAAC","Employee__r":{"s":2,"v":{"Name":"Robert Dobson","Id":"a0A36000001zhkPEAQ"}},"Project__r":{"s":3,"v":{"Name":"SolutionSoft","Id":"a0736000000Ex6cAAC"}}}}|0x75aae660
07:27:38.0 (13819496)|VARIABLE_ASSIGNMENT|[60]|this.skill|{"s":1,"v":{"Id":"a0C360000003I4aEAE","Name":"QA","Employee__c":"a0A36000001zhkPEAQ","Project__c":"a0736000000Ex6cAAC","Employee__r":{"s":2,"v":{"Name":"Robert Dobson","Id":"a0A36000001zhkPEAQ"}},"Project__r":{"s":3,"v":{"Name":"SolutionSoft","Id":"a0736000000Ex6cAAC"}}}}|0x60ff72bf
07:27:38.0 (13831655)|STATEMENT_EXECUTE|[66]
07:27:38.0 (13854278)|VARIABLE_ASSIGNMENT|[EXTERNAL]|this|{"skill":"0x75aae660"}|0x60ff72bf
07:27:38.0 (13860885)|VARIABLE_ASSIGNMENT|[EXTERNAL]|value|false
07:27:38.0 (13864960)|HEAP_ALLOCATE|[61]|Bytes:5
07:27:38.0 (13871365)|VARIABLE_ASSIGNMENT|[61]|this.selected|false|0x60ff72bf
07:27:38.0 (13881899)|CONSTRUCTOR_EXIT|[12]|01p360000072SS3|<init>(Employee_Skills__c)
07:27:38.0 (13890686)|HEAP_ALLOCATE|[EXTERNAL]|Bytes:4
07:27:38.0 (13898945)|METHOD_ENTRY|[10]||Database.QueryLocatorIterator.hasNext()
07:27:38.0 (13918392)|METHOD_EXIT|[10]||Database.QueryLocatorIterator.hasNext()
07:27:38.0 (13923096)|METHOD_ENTRY|[10]||Database.QueryLocatorIterator.next()
07:27:38.0 (14010423)|METHOD_EXIT|[10]||Database.QueryLocatorIterator.next()
07:27:38.0 (14018486)|VARIABLE_SCOPE_BEGIN|[10]|c|Employee_Skills__c|true|false
07:27:38.0 (14039175)|VARIABLE_ASSIGNMENT|[10]|c|{"s":1,"v":{"Id":"a0C360000003XRiEAM","Name":"Tomato","Employee__c":"a0A36000001ygYkEAI","Project__c":"a0736000000Ew01AAC","Employee__r":{"s":2,"v":{"Name":"Andriy Lokotosh","Id":"a0A36000001ygYkEAI"}},"Project__r":{"s":3,"v":{"Name":"eBank","Id":"a0736000000Ew01AAC"}}}}|0x7267797f
07:27:38.0 (14043557)|STATEMENT_EXECUTE|[10]
07:27:38.0 (14045000)|STATEMENT_EXECUTE|[12]
07:27:38.0 (14065660)|VARIABLE_ASSIGNMENT|[EXTERNAL]|this|{"skillsList":"0x355174f0"}|0x418803bb
07:27:38.0 (14079969)|HEAP_ALLOCATE|[12]|Bytes:12
07:27:38.0 (14092000)|CONSTRUCTOR_ENTRY|[12]|01p360000072SS3|<init>(Employee_Skills__c)
07:27:38.0 (14097541)|VARIABLE_SCOPE_BEGIN|[64]|this|WrapperEmployeeSkills.wEmployee|true|false
07:27:38.0 (14112365)|VARIABLE_ASSIGNMENT|[64]|this|{}|0x7f74e3bf
07:27:38.0 (14114970)|VARIABLE_SCOPE_BEGIN|[64]|s|Employee_Skills__c|true|false
07:27:38.0 (14129982)|VARIABLE_ASSIGNMENT|[64]|s|{"s":1,"v":{"Id":"a0C360000003XRiEAM","Name":"Tomato","Employee__c":"a0A36000001ygYkEAI","Project__c":"a0736000000Ew01AAC","Employee__r":{"s":2,"v":{"Name":"Andriy Lokotosh","Id":"a0A36000001ygYkEAI"}},"Project__r":{"s":3,"v":{"Name":"eBank","Id":"a0736000000Ew01AAC"}}}}|0x7267797f
07:27:38.0 (14134378)|STATEMENT_EXECUTE|[59]
07:27:38.0 (14135816)|STATEMENT_EXECUTE|[60]
07:27:38.0 (14137063)|STATEMENT_EXECUTE|[61]
07:27:38.0 (14165089)|STATEMENT_EXECUTE|[64]
07:27:38.0 (14168832)|STATEMENT_EXECUTE|[65]
07:27:38.0 (14199621)|VARIABLE_ASSIGNMENT|[EXTERNAL]|this|{}|0x7f74e3bf
07:27:38.0 (14226857)|VARIABLE_ASSIGNMENT|[EXTERNAL]|value|{"s":1,"v":{"Id":"a0C360000003XRiEAM","Name":"Tomato","Employee__c":"a0A36000001ygYkEAI","Project__c":"a0736000000Ew01AAC","Employee__r":{"s":2,"v":{"Name":"Andriy Lokotosh","Id":"a0A36000001ygYkEAI"}},"Project__r":{"s":3,"v":{"Name":"eBank","Id":"a0736000000Ew01AAC"}}}}|0x7267797f
07:27:38.0 (14245564)|VARIABLE_ASSIGNMENT|[60]|this.skill|{"s":1,"v":{"Id":"a0C360000003XRiEAM","Name":"Tomato","Employee__c":"a0A36000001ygYkEAI","Project__c":"a0736000000Ew01AAC","Employee__r":{"s":2,"v":{"Name":"Andriy Lokotosh","Id":"a0A36000001ygYkEAI"}},"Project__r":{"s":3,"v":{"Name":"eBank","Id":"a0736000000Ew01AAC"}}}}|0x7f74e3bf
07:27:38.0 (14254419)|STATEMENT_EXECUTE|[66]
07:27:38.0 (14274540)|VARIABLE_ASSIGNMENT|[EXTERNAL]|this|{"skill":"0x7267797f"}|0x7f74e3bf
07:27:38.0 (14281334)|VARIABLE_ASSIGNMENT|[EXTERNAL]|value|false
07:27:38.0 (14285749)|HEAP_ALLOCATE|[61]|Bytes:5
07:27:38.0 (14291771)|VARIABLE_ASSIGNMENT|[61]|this.selected|false|0x7f74e3bf
07:27:38.0 (14302249)|CONSTRUCTOR_EXIT|[12]|01p360000072SS3|<init>(Employee_Skills__c)
07:27:38.0 (14311100)|HEAP_ALLOCATE|[EXTERNAL]|Bytes:4
07:27:38.0 (14319287)|METHOD_ENTRY|[10]||Database.QueryLocatorIterator.hasNext()
07:27:38.0 (14338342)|METHOD_EXIT|[10]||Database.QueryLocatorIterator.hasNext()
07:27:38.0 (14343067)|METHOD_ENTRY|[10]||Database.QueryLocatorIterator.next()
07:27:38.0 (14423463)|METHOD_EXIT|[10]||Database.QueryLocatorIterator.next()
07:27:38.0 (14430351)|VARIABLE_SCOPE_BEGIN|[10]|c|Employee_Skills__c|true|false
07:27:38.0 (14450534)|VARIABLE_ASSIGNMENT|[10]|c|{"s":1,"v":{"Id":"a0C360000003YCSEA2","Name":"Enpl","Employee__c":"a0A36000001ygYkEAI","Project__c":"a0736000000Ew01AAC","Employee__r":{"s":2,"v":{"Name":"Andriy Lokotosh","Id":"a0A36000001ygYkEAI"}},"Project__r":{"s":3,"v":{"Name":"eBank","Id":"a0736000000Ew01AAC"}}}}|0x5dcf93d7
07:27:38.0 (14454427)|STATEMENT_EXECUTE|[10]
07:27:38.0 (14455890)|STATEMENT_EXECUTE|[12]
07:27:38.0 (14476640)|VARIABLE_ASSIGNMENT|[EXTERNAL]|this|{"skillsList":"0x355174f0"}|0x418803bb
07:27:38.0 (14487115)|HEAP_ALLOCATE|[12]|Bytes:12
07:27:38.0 (14495379)|CONSTRUCTOR_ENTRY|[12]|01p360000072SS3|<init>(Employee_Skills__c)
07:27:38.0 (14499638)|VARIABLE_SCOPE_BEGIN|[64]|this|WrapperEmployeeSkills.wEmployee|true|false
07:27:38.0 (14513163)|VARIABLE_ASSIGNMENT|[64]|this|{}|0x463e785b
07:27:38.0 (14515933)|VARIABLE_SCOPE_BEGIN|[64]|s|Employee_Skills__c|true|false
07:27:38.0 (14530634)|VARIABLE_ASSIGNMENT|[64]|s|{"s":1,"v":{"Id":"a0C360000003YCSEA2","Name":"Enpl","Employee__c":"a0A36000001ygYkEAI","Project__c":"a0736000000Ew01AAC","Employee__r":{"s":2,"v":{"Name":"Andriy Lokotosh","Id":"a0A36000001ygYkEAI"}},"Project__r":{"s":3,"v":{"Name":"eBank","Id":"a0736000000Ew01AAC"}}}}|0x5dcf93d7
07:27:38.0 (14534558)|STATEMENT_EXECUTE|[59]
07:27:38.0 (14535955)|STATEMENT_EXECUTE|[60]
07:27:38.0 (14537221)|STATEMENT_EXECUTE|[61]
07:27:38.0 (14547685)|STATEMENT_EXECUTE|[64]
07:27:38.0 (14549138)|STATEMENT_EXECUTE|[65]
07:27:38.0 (14565517)|VARIABLE_ASSIGNMENT|[EXTERNAL]|this|{}|0x463e785b
07:27:38.0 (14586027)|VARIABLE_ASSIGNMENT|[EXTERNAL]|value|{"s":1,"v":{"Id":"a0C360000003YCSEA2","Name":"Enpl","Employee__c":"a0A36000001ygYkEAI","Project__c":"a0736000000Ew01AAC","Employee__r":{"s":2,"v":{"Name":"Andriy Lokotosh","Id":"a0A36000001ygYkEAI"}},"Project__r":{"s":3,"v":{"Name":"eBank","Id":"a0736000000Ew01AAC"}}}}|0x5dcf93d7
07:27:38.0 (14604857)|VARIABLE_ASSIGNMENT|[60]|this.skill|{"s":1,"v":{"Id":"a0C360000003YCSEA2","Name":"Enpl","Employee__c":"a0A36000001ygYkEAI","Project__c":"a0736000000Ew01AAC","Employee__r":{"s":2,"v":{"Name":"Andriy Lokotosh","Id":"a0A36000001ygYkEAI"}},"Project__r":{"s":3,"v":{"Name":"eBank","Id":"a0736000000Ew01AAC"}}}}|0x463e785b
07:27:38.0 (14612867)|STATEMENT_EXECUTE|[66]
07:27:38.0 (14631779)|VARIABLE_ASSIGNMENT|[EXTERNAL]|this|{"skill":"0x5dcf93d7"}|0x463e785b
07:27:38.0 (14638108)|VARIABLE_ASSIGNMENT|[EXTERNAL]|value|false
07:27:38.0 (14641944)|HEAP_ALLOCATE|[61]|Bytes:5
07:27:38.0 (14648118)|VARIABLE_ASSIGNMENT|[61]|this.selected|false|0x463e785b
07:27:38.0 (14658381)|CONSTRUCTOR_EXIT|[12]|01p360000072SS3|<init>(Employee_Skills__c)
07:27:38.0 (14666881)|HEAP_ALLOCATE|[EXTERNAL]|Bytes:4
07:27:38.0 (14674882)|METHOD_ENTRY|[10]||Database.QueryLocatorIterator.hasNext()
07:27:38.0 (14693243)|METHOD_EXIT|[10]||Database.QueryLocatorIterator.hasNext()
07:27:38.0 (14697769)|METHOD_ENTRY|[10]||Database.QueryLocatorIterator.next()
07:27:38.0 (14754034)|METHOD_EXIT|[10]||Database.QueryLocatorIterator.next()
07:27:38.0 (14760528)|VARIABLE_SCOPE_BEGIN|[10]|c|Employee_Skills__c|true|false
07:27:38.0 (14780025)|VARIABLE_ASSIGNMENT|[10]|c|{"s":1,"v":{"Id":"a0C360000003XRnEAM","Name":"potato","Employee__c":"a0A36000001ygYkEAI","Project__c":"a0736000000Ew01AAC","Employee__r":{"s":2,"v":{"Name":"Andriy Lokotosh","Id":"a0A36000001ygYkEAI"}},"Project__r":{"s":3,"v":{"Name":"eBank","Id":"a0736000000Ew01AAC"}}}}|0xfdb4d62
07:27:38.0 (14784299)|STATEMENT_EXECUTE|[10]
07:27:38.0 (14785786)|STATEMENT_EXECUTE|[12]
07:27:38.0 (14805241)|VARIABLE_ASSIGNMENT|[EXTERNAL]|this|{"skillsList":"0x355174f0"}|0x418803bb
07:27:38.0 (14815307)|HEAP_ALLOCATE|[12]|Bytes:12
07:27:38.0 (14823127)|CONSTRUCTOR_ENTRY|[12]|01p360000072SS3|<init>(Employee_Skills__c)
07:27:38.0 (14827303)|VARIABLE_SCOPE_BEGIN|[64]|this|WrapperEmployeeSkills.wEmployee|true|false
07:27:38.0 (14840184)|VARIABLE_ASSIGNMENT|[64]|this|{}|0x576a2e3d
07:27:38.0 (14842962)|VARIABLE_SCOPE_BEGIN|[64]|s|Employee_Skills__c|true|false
07:27:38.0 (14857095)|VARIABLE_ASSIGNMENT|[64]|s|{"s":1,"v":{"Id":"a0C360000003XRnEAM","Name":"potato","Employee__c":"a0A36000001ygYkEAI","Project__c":"a0736000000Ew01AAC","Employee__r":{"s":2,"v":{"Name":"Andriy Lokotosh","Id":"a0A36000001ygYkEAI"}},"Project__r":{"s":3,"v":{"Name":"eBank","Id":"a0736000000Ew01AAC"}}}}|0xfdb4d62
07:27:38.0 (14861104)|STATEMENT_EXECUTE|[59]
07:27:38.0 (14862509)|STATEMENT_EXECUTE|[60]
07:27:38.0 (14863752)|STATEMENT_EXECUTE|[61]
07:27:38.0 (14874532)|STATEMENT_EXECUTE|[64]
07:27:38.0 (14876000)|STATEMENT_EXECUTE|[65]
07:27:38.0 (14891930)|VARIABLE_ASSIGNMENT|[EXTERNAL]|this|{}|0x576a2e3d
07:27:38.0 (14906229)|VARIABLE_ASSIGNMENT|[EXTERNAL]|value|{"s":1,"v":{"Id":"a0C360000003XRnEAM","Name":"potato","Employee__c":"a0A36000001ygYkEAI","Project__c":"a0736000000Ew01AAC","Employee__r":{"s":2,"v":{"Name":"Andriy Lokotosh","Id":"a0A36000001ygYkEAI"}},"Project__r":{"s":3,"v":{"Name":"eBank","Id":"a0736000000Ew01AAC"}}}}|0xfdb4d62
07:27:38.0 (14926931)|VARIABLE_ASSIGNMENT|[60]|this.skill|{"s":1,"v":{"Id":"a0C360000003XRnEAM","Name":"potato","Employee__c":"a0A36000001ygYkEAI","Project__c":"a0736000000Ew01AAC","Employee__r":{"s":2,"v":{"Name":"Andriy Lokotosh","Id":"a0A36000001ygYkEAI"}},"Project__r":{"s":3,"v":{"Name":"eBank","Id":"a0736000000Ew01AAC"}}}}|0x576a2e3d
07:27:38.0 (14934676)|STATEMENT_EXECUTE|[66]
07:27:38.0 (14963645)|VARIABLE_ASSIGNMENT|[EXTERNAL]|this|{"skill":"0xfdb4d62"}|0x576a2e3d
07:27:38.0 (14970449)|VARIABLE_ASSIGNMENT|[EXTERNAL]|value|false
07:27:38.0 (14974694)|HEAP_ALLOCATE|[61]|Bytes:5
07:27:38.0 (14980802)|VARIABLE_ASSIGNMENT|[61]|this.selected|false|0x576a2e3d
07:27:38.0 (14991906)|CONSTRUCTOR_EXIT|[12]|01p360000072SS3|<init>(Employee_Skills__c)
07:27:38.0 (15000571)|HEAP_ALLOCATE|[EXTERNAL]|Bytes:4
07:27:38.0 (15009466)|METHOD_ENTRY|[10]||Database.QueryLocatorIterator.hasNext()
07:27:38.0 (15034046)|METHOD_EXIT|[10]||Database.QueryLocatorIterator.hasNext()
07:27:38.0 (15044055)|METHOD_ENTRY|[10]||Database.QueryLocatorIterator.next()
07:27:38.0 (15132700)|METHOD_EXIT|[10]||Database.QueryLocatorIterator.next()
07:27:38.0 (15143572)|VARIABLE_SCOPE_BEGIN|[10]|c|Employee_Skills__c|true|false
07:27:38.0 (15175915)|VARIABLE_ASSIGNMENT|[10]|c|{"s":1,"v":{"Id":"a0C360000003XTFEA2","Name":"ef","Employee__c":"a0A36000001ygYkEAI","Project__c":"a0736000000Ew01AAC","Employee__r":{"s":2,"v":{"Name":"Andriy Lokotosh","Id":"a0A36000001ygYkEAI"}},"Project__r":{"s":3,"v":{"Name":"eBank","Id":"a0736000000Ew01AAC"}}}}|0x761a5e2c
07:27:38.0 (15181191)|STATEMENT_EXECUTE|[10]
07:27:38.0 (15182553)|STATEMENT_EXECUTE|[12]
07:27:38.0 (15206417)|VARIABLE_ASSIGNMENT|[EXTERNAL]|this|{"skillsList":"0x355174f0"}|0x418803bb
07:27:38.0 (15216995)|HEAP_ALLOCATE|[12]|Bytes:12
07:27:38.0 (15225566)|CONSTRUCTOR_ENTRY|[12]|01p360000072SS3|<init>(Employee_Skills__c)
07:27:38.0 (15229845)|VARIABLE_SCOPE_BEGIN|[64]|this|WrapperEmployeeSkills.wEmployee|true|false
07:27:38.0 (15243248)|VARIABLE_ASSIGNMENT|[64]|this|{}|0x43d30c14
07:27:38.0 (15246103)|VARIABLE_SCOPE_BEGIN|[64]|s|Employee_Skills__c|true|false
07:27:38.0 (15260799)|VARIABLE_ASSIGNMENT|[64]|s|{"s":1,"v":{"Id":"a0C360000003XTFEA2","Name":"ef","Employee__c":"a0A36000001ygYkEAI","Project__c":"a0736000000Ew01AAC","Employee__r":{"s":2,"v":{"Name":"Andriy Lokotosh","Id":"a0A36000001ygYkEAI"}},"Project__r":{"s":3,"v":{"Name":"eBank","Id":"a0736000000Ew01AAC"}}}}|0x761a5e2c
07:27:38.0 (15264999)|STATEMENT_EXECUTE|[59]
07:27:38.0 (15266382)|STATEMENT_EXECUTE|[60]
07:27:38.0 (15267641)|STATEMENT_EXECUTE|[61]
07:27:38.0 (15278223)|STATEMENT_EXECUTE|[64]
07:27:38.0 (15279583)|STATEMENT_EXECUTE|[65]
07:27:38.0 (15295692)|VARIABLE_ASSIGNMENT|[EXTERNAL]|this|{}|0x43d30c14
07:27:38.0 (15310293)|VARIABLE_ASSIGNMENT|[EXTERNAL]|value|{"s":1,"v":{"Id":"a0C360000003XTFEA2","Name":"ef","Employee__c":"a0A36000001ygYkEAI","Project__c":"a0736000000Ew01AAC","Employee__r":{"s":2,"v":{"Name":"Andriy Lokotosh","Id":"a0A36000001ygYkEAI"}},"Project__r":{"s":3,"v":{"Name":"eBank","Id":"a0736000000Ew01AAC"}}}}|0x761a5e2c
07:27:38.0 (15333727)|VARIABLE_ASSIGNMENT|[60]|this.skill|{"s":1,"v":{"Id":"a0C360000003XTFEA2","Name":"ef","Employee__c":"a0A36000001ygYkEAI","Project__c":"a0736000000Ew01AAC","Employee__r":{"s":2,"v":{"Name":"Andriy Lokotosh","Id":"a0A36000001ygYkEAI"}},"Project__r":{"s":3,"v":{"Name":"eBank","Id":"a0736000000Ew01AAC"}}}}|0x43d30c14
07:27:38.0 (15341812)|STATEMENT_EXECUTE|[66]
07:27:38.0 (15360528)|VARIABLE_ASSIGNMENT|[EXTERNAL]|this|{"skill":"0x761a5e2c"}|0x43d30c14
07:27:38.0 (15366843)|VARIABLE_ASSIGNMENT|[EXTERNAL]|value|false
07:27:38.0 (15370790)|HEAP_ALLOCATE|[61]|Bytes:5
07:27:38.0 (15376775)|VARIABLE_ASSIGNMENT|[61]|this.selected|false|0x43d30c14
07:27:38.0 (15387019)|CONSTRUCTOR_EXIT|[12]|01p360000072SS3|<init>(Employee_Skills__c)
07:27:38.0 (15395608)|HEAP_ALLOCATE|[EXTERNAL]|Bytes:4
07:27:38.0 (15403729)|METHOD_ENTRY|[10]||Database.QueryLocatorIterator.hasNext()
07:27:38.0 (15421992)|METHOD_EXIT|[10]||Database.QueryLocatorIterator.hasNext()
07:27:38.0 (15426527)|METHOD_ENTRY|[10]||Database.QueryLocatorIterator.next()
07:27:38.0 (15482932)|METHOD_EXIT|[10]||Database.QueryLocatorIterator.next()
07:27:38.0 (15489402)|VARIABLE_SCOPE_BEGIN|[10]|c|Employee_Skills__c|true|false
07:27:38.0 (15508685)|VARIABLE_ASSIGNMENT|[10]|c|{"s":1,"v":{"Id":"a0C360000003XTGEA2","Name":"frgt","Employee__c":"a0A36000001ygYkEAI","Project__c":"a0736000000Ew01AAC","Employee__r":{"s":2,"v":{"Name":"Andriy Lokotosh","Id":"a0A36000001ygYkEAI"}},"Project__r":{"s":3,"v":{"Name":"eBank","Id":"a0736000000Ew01AAC"}}}}|0x1636e951
07:27:38.0 (15512582)|STATEMENT_EXECUTE|[10]
07:27:38.0 (15513990)|STATEMENT_EXECUTE|[12]
07:27:38.0 (15534014)|VARIABLE_ASSIGNMENT|[EXTERNAL]|this|{"skillsList":"0x355174f0"}|0x418803bb
07:27:38.0 (15544379)|HEAP_ALLOCATE|[12]|Bytes:12
07:27:38.0 (15552343)|CONSTRUCTOR_ENTRY|[12]|01p360000072SS3|<init>(Employee_Skills__c)
07:27:38.0 (15556530)|VARIABLE_SCOPE_BEGIN|[64]|this|WrapperEmployeeSkills.wEmployee|true|false
07:27:38.0 (15569499)|VARIABLE_ASSIGNMENT|[64]|this|{}|0x102b366c
07:27:38.0 (15572115)|VARIABLE_SCOPE_BEGIN|[64]|s|Employee_Skills__c|true|false
07:27:38.0 (15586371)|VARIABLE_ASSIGNMENT|[64]|s|{"s":1,"v":{"Id":"a0C360000003XTGEA2","Name":"frgt","Employee__c":"a0A36000001ygYkEAI","Project__c":"a0736000000Ew01AAC","Employee__r":{"s":2,"v":{"Name":"Andriy Lokotosh","Id":"a0A36000001ygYkEAI"}},"Project__r":{"s":3,"v":{"Name":"eBank","Id":"a0736000000Ew01AAC"}}}}|0x1636e951
07:27:38.0 (15590410)|STATEMENT_EXECUTE|[59]
07:27:38.0 (15591786)|STATEMENT_EXECUTE|[60]
07:27:38.0 (15596514)|STATEMENT_EXECUTE|[61]
07:27:38.0 (15607488)|STATEMENT_EXECUTE|[64]
07:27:38.0 (15608911)|STATEMENT_EXECUTE|[65]
07:27:38.0 (15625627)|VARIABLE_ASSIGNMENT|[EXTERNAL]|this|{}|0x102b366c
07:27:38.0 (15640250)|VARIABLE_ASSIGNMENT|[EXTERNAL]|value|{"s":1,"v":{"Id":"a0C360000003XTGEA2","Name":"frgt","Employee__c":"a0A36000001ygYkEAI","Project__c":"a0736000000Ew01AAC","Employee__r":{"s":2,"v":{"Name":"Andriy Lokotosh","Id":"a0A36000001ygYkEAI"}},"Project__r":{"s":3,"v":{"Name":"eBank","Id":"a0736000000Ew01AAC"}}}}|0x1636e951
07:27:38.0 (15662035)|VARIABLE_ASSIGNMENT|[60]|this.skill|{"s":1,"v":{"Id":"a0C360000003XTGEA2","Name":"frgt","Employee__c":"a0A36000001ygYkEAI","Project__c":"a0736000000Ew01AAC","Employee__r":{"s":2,"v":{"Name":"Andriy Lokotosh","Id":"a0A36000001ygYkEAI"}},"Project__r":{"s":3,"v":{"Name":"eBank","Id":"a0736000000Ew01AAC"}}}}|0x102b366c
07:27:38.0 (15670347)|STATEMENT_EXECUTE|[66]
07:27:38.0 (15689721)|VARIABLE_ASSIGNMENT|[EXTERNAL]|this|{"skill":"0x1636e951"}|0x102b366c
07:27:38.0 (15696103)|VARIABLE_ASSIGNMENT|[EXTERNAL]|value|false
07:27:38.0 (15699935)|HEAP_ALLOCATE|[61]|Bytes:5
07:27:38.0 (15709155)|VARIABLE_ASSIGNMENT|[61]|this.selected|false|0x102b366c
07:27:38.0 (15719877)|CONSTRUCTOR_EXIT|[12]|01p360000072SS3|<init>(Employee_Skills__c)
07:27:38.0 (15728253)|HEAP_ALLOCATE|[EXTERNAL]|Bytes:4
07:27:38.0 (15736269)|METHOD_ENTRY|[10]||Database.QueryLocatorIterator.hasNext()
07:27:38.0 (15757316)|METHOD_EXIT|[10]||Database.QueryLocatorIterator.hasNext()
07:27:38.0 (15762283)|METHOD_ENTRY|[10]||Database.QueryLocatorIterator.next()
07:27:38.0 (15818067)|METHOD_EXIT|[10]||Database.QueryLocatorIterator.next()
07:27:38.0 (15824620)|VARIABLE_SCOPE_BEGIN|[10]|c|Employee_Skills__c|true|false
07:27:38.0 (15844380)|VARIABLE_ASSIGNMENT|[10]|c|{"s":1,"v":{"Id":"a0C360000003YGkEAM","Name":"Robert","Employee__c":"a0A36000001ygYkEAI","Project__c":"a0736000000Ew01AAC","Employee__r":{"s":2,"v":{"Name":"Andriy Lokotosh","Id":"a0A36000001ygYkEAI"}},"Project__r":{"s":3,"v":{"Name":"eBank","Id":"a0736000000Ew01AAC"}}}}|0x3464e17b
07:27:38.0 (15848349)|STATEMENT_EXECUTE|[10]
07:27:38.0 (15849800)|STATEMENT_EXECUTE|[12]
07:27:38.0 (15869477)|VARIABLE_ASSIGNMENT|[EXTERNAL]|this|{"skillsList":"0x355174f0"}|0x418803bb
07:27:38.0 (15880197)|HEAP_ALLOCATE|[12]|Bytes:12
07:27:38.0 (15888036)|CONSTRUCTOR_ENTRY|[12]|01p360000072SS3|<init>(Employee_Skills__c)
07:27:38.0 (15892181)|VARIABLE_SCOPE_BEGIN|[64]|this|WrapperEmployeeSkills.wEmployee|true|false
07:27:38.0 (15905085)|VARIABLE_ASSIGNMENT|[64]|this|{}|0x6f0ce84f
07:27:38.0 (15907709)|VARIABLE_SCOPE_BEGIN|[64]|s|Employee_Skills__c|true|false
07:27:38.0 (15921596)|VARIABLE_ASSIGNMENT|[64]|s|{"s":1,"v":{"Id":"a0C360000003YGkEAM","Name":"Robert","Employee__c":"a0A36000001ygYkEAI","Project__c":"a0736000000Ew01AAC","Employee__r":{"s":2,"v":{"Name":"Andriy Lokotosh","Id":"a0A36000001ygYkEAI"}},"Project__r":{"s":3,"v":{"Name":"eBank","Id":"a0736000000Ew01AAC"}}}}|0x3464e17b
07:27:38.0 (15925604)|STATEMENT_EXECUTE|[59]
07:27:38.0 (15927067)|STATEMENT_EXECUTE|[60]
07:27:38.0 (15928343)|STATEMENT_EXECUTE|[61]
07:27:38.0 (15938512)|STATEMENT_EXECUTE|[64]
07:27:38.0 (15939914)|STATEMENT_EXECUTE|[65]
07:27:38.0 (15961136)|VARIABLE_ASSIGNMENT|[EXTERNAL]|this|{}|0x6f0ce84f
07:27:38.0 (15976476)|VARIABLE_ASSIGNMENT|[EXTERNAL]|value|{"s":1,"v":{"Id":"a0C360000003YGkEAM","Name":"Robert","Employee__c":"a0A36000001ygYkEAI","Project__c":"a0736000000Ew01AAC","Employee__r":{"s":2,"v":{"Name":"Andriy Lokotosh","Id":"a0A36000001ygYkEAI"}},"Project__r":{"s":3,"v":{"Name":"eBank","Id":"a0736000000Ew01AAC"}}}}|0x3464e17b
07:27:38.0 (15993076)|VARIABLE_ASSIGNMENT|[60]|this.skill|{"s":1,"v":{"Id":"a0C360000003YGkEAM","Name":"Robert","Employee__c":"a0A36000001ygYkEAI","Project__c":"a0736000000Ew01AAC","Employee__r":{"s":2,"v":{"Name":"Andriy Lokotosh","Id":"a0A36000001ygYkEAI"}},"Project__r":{"s":3,"v":{"Name":"eBank","Id":"a0736000000Ew01AAC"}}}}|0x6f0ce84f
07:27:38.0 (16003740)|STATEMENT_EXECUTE|[66]
07:27:38.0 (16023796)|VARIABLE_ASSIGNMENT|[EXTERNAL]|this|{"skill":"0x3464e17b"}|0x6f0ce84f
07:27:38.0 (16030082)|VARIABLE_ASSIGNMENT|[EXTERNAL]|value|false
07:27:38.0 (16033910)|HEAP_ALLOCATE|[61]|Bytes:5
07:27:38.0 (16039968)|VARIABLE_ASSIGNMENT|[61]|this.selected|false|0x6f0ce84f
07:27:38.0 (16050479)|CONSTRUCTOR_EXIT|[12]|01p360000072SS3|<init>(Employee_Skills__c)
07:27:38.0 (16058760)|HEAP_ALLOCATE|[EXTERNAL]|Bytes:4
07:27:38.0 (16067001)|METHOD_ENTRY|[10]||Database.QueryLocatorIterator.hasNext()
07:27:38.0 (16085383)|METHOD_EXIT|[10]||Database.QueryLocatorIterator.hasNext()
07:27:38.0 (16090020)|METHOD_ENTRY|[10]||Database.QueryLocatorIterator.next()
07:27:38.0 (16146309)|METHOD_EXIT|[10]||Database.QueryLocatorIterator.next()
07:27:38.0 (16152797)|VARIABLE_SCOPE_BEGIN|[10]|c|Employee_Skills__c|true|false
07:27:38.0 (16172510)|VARIABLE_ASSIGNMENT|[10]|c|{"s":1,"v":{"Id":"a0C360000003XRTEA2","Name":"logo","Employee__c":"a0A36000001ygYkEAI","Project__c":"a0736000000Ew01AAC","Employee__r":{"s":2,"v":{"Name":"Andriy Lokotosh","Id":"a0A36000001ygYkEAI"}},"Project__r":{"s":3,"v":{"Name":"eBank","Id":"a0736000000Ew01AAC"}}}}|0x4ed1f89e
07:27:38.0 (16176690)|STATEMENT_EXECUTE|[10]
07:27:38.0 (16178156)|STATEMENT_EXECUTE|[12]
07:27:38.0 (16198137)|VARIABLE_ASSIGNMENT|[EXTERNAL]|this|{"skillsList":"0x355174f0"}|0x418803bb
07:27:38.0 (16208265)|HEAP_ALLOCATE|[12]|Bytes:12
07:27:38.0 (16216115)|CONSTRUCTOR_ENTRY|[12]|01p360000072SS3|<init>(Employee_Skills__c)
07:27:38.0 (16220196)|VARIABLE_SCOPE_BEGIN|[64]|this|WrapperEmployeeSkills.wEmployee|true|false
07:27:38.0 (16232990)|VARIABLE_ASSIGNMENT|[64]|this|{}|0x7002f7e
07:27:38.0 (16235617)|VARIABLE_SCOPE_BEGIN|[64]|s|Employee_Skills__c|true|false
07:27:38.0 (16249233)|VARIABLE_ASSIGNMENT|[64]|s|{"s":1,"v":{"Id":"a0C360000003XRTEA2","Name":"logo","Employee__c":"a0A36000001ygYkEAI","Project__c":"a0736000000Ew01AAC","Employee__r":{"s":2,"v":{"Name":"Andriy Lokotosh","Id":"a0A36000001ygYkEAI"}},"Project__r":{"s":3,"v":{"Name":"eBank","Id":"a0736000000Ew01AAC"}}}}|0x4ed1f89e
07:27:38.0 (16253129)|STATEMENT_EXECUTE|[59]
07:27:38.0 (16254733)|STATEMENT_EXECUTE|[60]
07:27:38.0 (16256076)|STATEMENT_EXECUTE|[61]
07:27:38.0 (16266459)|STATEMENT_EXECUTE|[64]
07:27:38.0 (16267926)|STATEMENT_EXECUTE|[65]
07:27:38.0 (16283899)|VARIABLE_ASSIGNMENT|[EXTERNAL]|this|{}|0x7002f7e
07:27:38.0 (16298489)|VARIABLE_ASSIGNMENT|[EXTERNAL]|value|{"s":1,"v":{"Id":"a0C360000003XRTEA2","Name":"logo","Employee__c":"a0A36000001ygYkEAI","Project__c":"a0736000000Ew01AAC","Employee__r":{"s":2,"v":{"Name":"Andriy Lokotosh","Id":"a0A36000001ygYkEAI"}},"Project__r":{"s":3,"v":{"Name":"eBank","Id":"a0736000000Ew01AAC"}}}}|0x4ed1f89e
07:27:38.0 (16314619)|VARIABLE_ASSIGNMENT|[60]|this.skill|{"s":1,"v":{"Id":"a0C360000003XRTEA2","Name":"logo","Employee__c":"a0A36000001ygYkEAI","Project__c":"a0736000000Ew01AAC","Employee__r":{"s":2,"v":{"Name":"Andriy Lokotosh","Id":"a0A36000001ygYkEAI"}},"Project__r":{"s":3,"v":{"Name":"eBank","Id":"a0736000000Ew01AAC"}}}}|0x7002f7e
07:27:38.0 (16325234)|STATEMENT_EXECUTE|[66]
07:27:38.0 (16343908)|VARIABLE_ASSIGNMENT|[EXTERNAL]|this|{"skill":"0x4ed1f89e"}|0x7002f7e
07:27:38.0 (16350594)|VARIABLE_ASSIGNMENT|[EXTERNAL]|value|false
07:27:38.0 (16354368)|HEAP_ALLOCATE|[61]|Bytes:5
07:27:38.0 (16360170)|VARIABLE_ASSIGNMENT|[61]|this.selected|false|0x7002f7e
07:27:38.0 (16370220)|CONSTRUCTOR_EXIT|[12]|01p360000072SS3|<init>(Employee_Skills__c)
07:27:38.0 (16378429)|HEAP_ALLOCATE|[EXTERNAL]|Bytes:4
07:27:38.0 (16386197)|METHOD_ENTRY|[10]||Database.QueryLocatorIterator.hasNext()
07:27:38.0 (16404462)|METHOD_EXIT|[10]||Database.QueryLocatorIterator.hasNext()
07:27:38.0 (16408996)|METHOD_ENTRY|[10]||Database.QueryLocatorIterator.next()
07:27:38.0 (16464527)|METHOD_EXIT|[10]||Database.QueryLocatorIterator.next()
07:27:38.0 (16471173)|VARIABLE_SCOPE_BEGIN|[10]|c|Employee_Skills__c|true|false
07:27:38.0 (16491607)|VARIABLE_ASSIGNMENT|[10]|c|{"s":1,"v":{"Id":"a0C360000003sIHEAY","Name":"Test Skill","Employee__c":"a0A36000002STuIEAW","Project__c":"a07360000014vWyAAI","Employee__r":{"s":2,"v":{"Name":"Jor","Id":"a0A36000002STuIEAW"}},"Project__r":{"s":3,"v":{"Name":"TestProj","Id":"a07360000014vWyAAI"}}}}|0x14fc69dc
07:27:38.0 (16495236)|STATEMENT_EXECUTE|[10]
07:27:38.0 (16496625)|STATEMENT_EXECUTE|[12]
07:27:38.0 (16516399)|VARIABLE_ASSIGNMENT|[EXTERNAL]|this|{"skillsList":"0x355174f0"}|0x418803bb
07:27:38.0 (16526374)|HEAP_ALLOCATE|[12]|Bytes:12
07:27:38.0 (16534361)|CONSTRUCTOR_ENTRY|[12]|01p360000072SS3|<init>(Employee_Skills__c)
07:27:38.0 (16538323)|VARIABLE_SCOPE_BEGIN|[64]|this|WrapperEmployeeSkills.wEmployee|true|false
07:27:38.0 (16551895)|VARIABLE_ASSIGNMENT|[64]|this|{}|0x5b130481
07:27:38.0 (16554599)|VARIABLE_SCOPE_BEGIN|[64]|s|Employee_Skills__c|true|false
07:27:38.0 (16568941)|VARIABLE_ASSIGNMENT|[64]|s|{"s":1,"v":{"Id":"a0C360000003sIHEAY","Name":"Test Skill","Employee__c":"a0A36000002STuIEAW","Project__c":"a07360000014vWyAAI","Employee__r":{"s":2,"v":{"Name":"Jor","Id":"a0A36000002STuIEAW"}},"Project__r":{"s":3,"v":{"Name":"TestProj","Id":"a07360000014vWyAAI"}}}}|0x14fc69dc
07:27:38.0 (16572744)|STATEMENT_EXECUTE|[59]
07:27:38.0 (16574086)|STATEMENT_EXECUTE|[60]
07:27:38.0 (16575298)|STATEMENT_EXECUTE|[61]
07:27:38.0 (16585515)|STATEMENT_EXECUTE|[64]
07:27:38.0 (16586944)|STATEMENT_EXECUTE|[65]
07:27:38.0 (16603102)|VARIABLE_ASSIGNMENT|[EXTERNAL]|this|{}|0x5b130481
07:27:38.0 (16617387)|VARIABLE_ASSIGNMENT|[EXTERNAL]|value|{"s":1,"v":{"Id":"a0C360000003sIHEAY","Name":"Test Skill","Employee__c":"a0A36000002STuIEAW","Project__c":"a07360000014vWyAAI","Employee__r":{"s":2,"v":{"Name":"Jor","Id":"a0A36000002STuIEAW"}},"Project__r":{"s":3,"v":{"Name":"TestProj","Id":"a07360000014vWyAAI"}}}}|0x14fc69dc
07:27:38.0 (16634308)|VARIABLE_ASSIGNMENT|[60]|this.skill|{"s":1,"v":{"Id":"a0C360000003sIHEAY","Name":"Test Skill","Employee__c":"a0A36000002STuIEAW","Project__c":"a07360000014vWyAAI","Employee__r":{"s":2,"v":{"Name":"Jor","Id":"a0A36000002STuIEAW"}},"Project__r":{"s":3,"v":{"Name":"TestProj","Id":"a07360000014vWyAAI"}}}}|0x5b130481
07:27:38.0 (16641879)|STATEMENT_EXECUTE|[66]
07:27:38.0 (16663699)|VARIABLE_ASSIGNMENT|[EXTERNAL]|this|{"skill":"0x14fc69dc"}|0x5b130481
07:27:38.0 (16670333)|VARIABLE_ASSIGNMENT|[EXTERNAL]|value|false
07:27:38.0 (16674367)|HEAP_ALLOCATE|[61]|Bytes:5
07:27:38.0 (16680427)|VARIABLE_ASSIGNMENT|[61]|this.selected|false|0x5b130481
07:27:38.0 (16690739)|CONSTRUCTOR_EXIT|[12]|01p360000072SS3|<init>(Employee_Skills__c)
07:27:38.0 (16698934)|HEAP_ALLOCATE|[EXTERNAL]|Bytes:4
07:27:38.0 (16706802)|METHOD_ENTRY|[10]||Database.QueryLocatorIterator.hasNext()
07:27:38.0 (16724868)|METHOD_EXIT|[10]||Database.QueryLocatorIterator.hasNext()
07:27:38.0 (16729566)|METHOD_ENTRY|[10]||Database.QueryLocatorIterator.next()
07:27:38.0 (16785167)|METHOD_EXIT|[10]||Database.QueryLocatorIterator.next()
07:27:38.0 (16791446)|VARIABLE_SCOPE_BEGIN|[10]|c|Employee_Skills__c|true|false
07:27:38.0 (16811283)|VARIABLE_ASSIGNMENT|[10]|c|{"s":1,"v":{"Id":"a0C36000000ipqeEAA","Name":"Koloboc","Employee__c":"a0A36000001ygYkEAI","Project__c":"a0736000000Ew01AAC","Employee__r":{"s":2,"v":{"Name":"Andriy Lokotosh","Id":"a0A36000001ygYkEAI"}},"Project__r":{"s":3,"v":{"Name":"eBank","Id":"a0736000000Ew01AAC"}}}}|0x2c5624b6
07:27:38.0 (16815483)|STATEMENT_EXECUTE|[10]
07:27:38.0 (16816842)|STATEMENT_EXECUTE|[12]
07:27:38.0 (16836269)|VARIABLE_ASSIGNMENT|[EXTERNAL]|this|{"skillsList":"0x355174f0"}|0x418803bb
07:27:38.0 (16846299)|HEAP_ALLOCATE|[12]|Bytes:12
07:27:38.0 (16854012)|CONSTRUCTOR_ENTRY|[12]|01p360000072SS3|<init>(Employee_Skills__c)
07:27:38.0 (16858058)|VARIABLE_SCOPE_BEGIN|[64]|this|WrapperEmployeeSkills.wEmployee|true|false
07:27:38.0 (16871010)|VARIABLE_ASSIGNMENT|[64]|this|{}|0x658962f5
07:27:38.0 (16873727)|VARIABLE_SCOPE_BEGIN|[64]|s|Employee_Skills__c|true|false
07:27:38.0 (16887892)|VARIABLE_ASSIGNMENT|[64]|s|{"s":1,"v":{"Id":"a0C36000000ipqeEAA","Name":"Koloboc","Employee__c":"a0A36000001ygYkEAI","Project__c":"a0736000000Ew01AAC","Employee__r":{"s":2,"v":{"Name":"Andriy Lokotosh","Id":"a0A36000001ygYkEAI"}},"Project__r":{"s":3,"v":{"Name":"eBank","Id":"a0736000000Ew01AAC"}}}}|0x2c5624b6
07:27:38.0 (16892098)|STATEMENT_EXECUTE|[59]
07:27:38.0 (16893437)|STATEMENT_EXECUTE|[60]
07:27:38.0 (16894732)|STATEMENT_EXECUTE|[61]
07:27:38.0 (16904862)|STATEMENT_EXECUTE|[64]
07:27:38.0 (16906266)|STATEMENT_EXECUTE|[65]
07:27:38.0 (16922104)|VARIABLE_ASSIGNMENT|[EXTERNAL]|this|{}|0x658962f5
07:27:38.0 (16936480)|VARIABLE_ASSIGNMENT|[EXTERNAL]|value|{"s":1,"v":{"Id":"a0C36000000ipqeEAA","Name":"Koloboc","Employee__c":"a0A36000001ygYkEAI","Project__c":"a0736000000Ew01AAC","Employee__r":{"s":2,"v":{"Name":"Andriy Lokotosh","Id":"a0A36000001ygYkEAI"}},"Project__r":{"s":3,"v":{"Name":"eBank","Id":"a0736000000Ew01AAC"}}}}|0x2c5624b6
07:27:38.0 (16967264)|VARIABLE_ASSIGNMENT|[60]|this.skill|{"s":1,"v":{"Id":"a0C36000000ipqeEAA","Name":"Koloboc","Employee__c":"a0A36000001ygYkEAI","Project__c":"a0736000000Ew01AAC","Employee__r":{"s":2,"v":{"Name":"Andriy Lokotosh","Id":"a0A36000001ygYkEAI"}},"Project__r":{"s":3,"v":{"Name":"eBank","Id":"a0736000000Ew01AAC"}}}}|0x658962f5
07:27:38.0 (16976880)|STATEMENT_EXECUTE|[66]
07:27:38.0 (16998018)|VARIABLE_ASSIGNMENT|[EXTERNAL]|this|{"skill":"0x2c5624b6"}|0x658962f5
07:27:38.0 (17007662)|VARIABLE_ASSIGNMENT|[EXTERNAL]|value|false
07:27:38.0 (17012370)|HEAP_ALLOCATE|[61]|Bytes:5
07:27:38.0 (17019065)|VARIABLE_ASSIGNMENT|[61]|this.selected|false|0x658962f5
07:27:38.0 (17030059)|CONSTRUCTOR_EXIT|[12]|01p360000072SS3|<init>(Employee_Skills__c)
07:27:38.0 (17038391)|HEAP_ALLOCATE|[EXTERNAL]|Bytes:4
07:27:38.0 (17046256)|METHOD_ENTRY|[10]||Database.QueryLocatorIterator.hasNext()
07:27:38.0 (17058700)|METHOD_EXIT|[10]||Database.QueryLocatorIterator.hasNext()
07:27:38.0 (17066431)|VARIABLE_ASSIGNMENT|[10]|c|null|
07:27:38.0 (17091549)|STATEMENT_EXECUTE|[15]
07:27:38.0 (17123301)|VARIABLE_ASSIGNMENT|[EXTERNAL]|this|{"skillsList":"0x355174f0"}|0x418803bb
07:27:38.0 (17135551)|SYSTEM_MODE_EXIT|false
07:27:38.0 (17148510)|CODE_UNIT_FINISHED|WrapperEmployeeSkills invoke(getEmployeeSkills)
07:27:38.0 (17172245)|CODE_UNIT_FINISHED|WrapperEmployeeSkills get(EmployeeSkills)
07:27:38.0 (17788526)|CODE_UNIT_STARTED|[EXTERNAL]|01p360000072SS3|skill
07:27:38.0 (17801212)|CODE_UNIT_FINISHED|skill
07:27:38.0 (81176795)|CODE_UNIT_STARTED|[EXTERNAL]|01p360000072SS3|selected
07:27:38.0 (81201775)|CODE_UNIT_FINISHED|selected
07:27:38.0 (83256545)|CODE_UNIT_STARTED|[EXTERNAL]|01p360000072SS3|selected
07:27:38.0 (83269764)|CODE_UNIT_FINISHED|selected
07:27:38.0 (83363866)|CODE_UNIT_STARTED|[EXTERNAL]|01p360000072SS3|skill
07:27:38.0 (83375096)|CODE_UNIT_FINISHED|skill
07:27:38.0 (84781491)|CODE_UNIT_STARTED|[EXTERNAL]|01p360000072SS3|selected
07:27:38.0 (84793908)|CODE_UNIT_FINISHED|selected
07:27:38.0 (84890055)|CODE_UNIT_STARTED|[EXTERNAL]|01p360000072SS3|skill
07:27:38.0 (84900758)|CODE_UNIT_FINISHED|skill
07:27:38.0 (86285116)|CODE_UNIT_STARTED|[EXTERNAL]|01p360000072SS3|selected
07:27:38.0 (86297621)|CODE_UNIT_FINISHED|selected
07:27:38.0 (86388461)|CODE_UNIT_STARTED|[EXTERNAL]|01p360000072SS3|skill
07:27:38.0 (86398906)|CODE_UNIT_FINISHED|skill
07:27:38.0 (87765863)|CODE_UNIT_STARTED|[EXTERNAL]|01p360000072SS3|selected
07:27:38.0 (87778856)|CODE_UNIT_FINISHED|selected
07:27:38.0 (87869866)|CODE_UNIT_STARTED|[EXTERNAL]|01p360000072SS3|skill
07:27:38.0 (87880439)|CODE_UNIT_FINISHED|skill
07:27:38.0 (89243187)|CODE_UNIT_STARTED|[EXTERNAL]|01p360000072SS3|selected
07:27:38.0 (89255272)|CODE_UNIT_FINISHED|selected
07:27:38.0 (89350110)|CODE_UNIT_STARTED|[EXTERNAL]|01p360000072SS3|skill
07:27:38.0 (89360880)|CODE_UNIT_FINISHED|skill
07:27:38.0 (90755137)|CODE_UNIT_STARTED|[EXTERNAL]|01p360000072SS3|selected
07:27:38.0 (90767586)|CODE_UNIT_FINISHED|selected
07:27:38.0 (90859664)|CODE_UNIT_STARTED|[EXTERNAL]|01p360000072SS3|skill
07:27:38.0 (90870127)|CODE_UNIT_FINISHED|skill
07:27:38.0 (92292407)|CODE_UNIT_STARTED|[EXTERNAL]|01p360000072SS3|selected
07:27:38.0 (92304601)|CODE_UNIT_FINISHED|selected
07:27:38.0 (92396015)|CODE_UNIT_STARTED|[EXTERNAL]|01p360000072SS3|skill
07:27:38.0 (92406661)|CODE_UNIT_FINISHED|skill
07:27:38.0 (93763440)|CODE_UNIT_STARTED|[EXTERNAL]|01p360000072SS3|selected
07:27:38.0 (93775814)|CODE_UNIT_FINISHED|selected
07:27:38.0 (93866667)|CODE_UNIT_STARTED|[EXTERNAL]|01p360000072SS3|skill
07:27:38.0 (93877205)|CODE_UNIT_FINISHED|skill
07:27:38.0 (95234093)|CODE_UNIT_STARTED|[EXTERNAL]|01p360000072SS3|selected
07:27:38.0 (95246247)|CODE_UNIT_FINISHED|selected
07:27:38.0 (95337248)|CODE_UNIT_STARTED|[EXTERNAL]|01p360000072SS3|skill
07:27:38.0 (95347881)|CODE_UNIT_FINISHED|skill
07:27:38.0 (96696632)|CODE_UNIT_STARTED|[EXTERNAL]|01p360000072SS3|selected
07:27:38.0 (96708820)|CODE_UNIT_FINISHED|selected
07:27:38.0 (96799703)|CODE_UNIT_STARTED|[EXTERNAL]|01p360000072SS3|skill
07:27:38.0 (96810056)|CODE_UNIT_FINISHED|skill
07:27:38.0 (98202594)|CODE_UNIT_STARTED|[EXTERNAL]|01p360000072SS3|selected
07:27:38.0 (98214935)|CODE_UNIT_FINISHED|selected
07:27:38.0 (98306582)|CODE_UNIT_STARTED|[EXTERNAL]|01p360000072SS3|skill
07:27:38.0 (98317200)|CODE_UNIT_FINISHED|skill
07:27:38.0 (116283842)|CODE_UNIT_STARTED|[EXTERNAL]|01p360000072SS3|selected
07:27:38.0 (116300997)|CODE_UNIT_FINISHED|selected
07:27:38.0 (116396439)|CODE_UNIT_STARTED|[EXTERNAL]|01p360000072SS3|skill
07:27:38.0 (116407341)|CODE_UNIT_FINISHED|skill
07:27:38.0 (117795348)|CODE_UNIT_STARTED|[EXTERNAL]|01p360000072SS3|selected
07:27:38.0 (117807673)|CODE_UNIT_FINISHED|selected
07:27:38.0 (117909297)|CODE_UNIT_STARTED|[EXTERNAL]|01p360000072SS3|skill
07:27:38.0 (117920064)|CODE_UNIT_FINISHED|skill
07:27:38.0 (122425593)|VF_SERIALIZE_VIEWSTATE_BEGIN|06636000001VcbV
07:27:38.0 (139354023)|VF_SERIALIZE_VIEWSTATE_END
07:27:38.0 (153450393)|CODE_UNIT_STARTED|[EXTERNAL]|Generate Metadata
07:27:38.0 (158957850)|CODE_UNIT_FINISHED|Generate Metadata
07:27:38.164 (164540777)|CUMULATIVE_LIMIT_USAGE
07:27:38.164 (164540777)|LIMIT_USAGE_FOR_NS|(default)|
  Number of SOQL queries: 1 out of 100
  Number of query rows: 14 out of 50000
  Number of SOSL queries: 0 out of 20
  Number of DML statements: 0 out of 150
  Number of DML rows: 0 out of 10000
  Maximum CPU time: 0 out of 10000
  Maximum heap size: 0 out of 6000000
  Number of callouts: 0 out of 100
  Number of Email Invocations: 0 out of 10
  Number of future calls: 0 out of 50
  Number of queueable jobs added to the queue: 0 out of 50
  Number of Mobile Apex push calls: 0 out of 10

07:27:38.164 (164540777)|CUMULATIVE_LIMIT_USAGE_END

07:27:38.0 (164614086)|CODE_UNIT_FINISHED|VF: /apex/AprooveWraper
07:27:38.0 (165649414)|EXECUTION_FINISHED
