36.0 APEX_CODE,FINEST;APEX_PROFILING,INFO;CALLOUT,INFO;DB,INFO;SYSTEM,DEBUG;VALIDATION,INFO;VISUALFORCE,INFO;WORKFLOW,INFO
12:35:19.0 (497031)|EXECUTION_STARTED
12:35:19.0 (539732)|CODE_UNIT_STARTED|[EXTERNAL]|aura
12:35:19.0 (1183274)|HEAP_ALLOCATE|[72]|Bytes:3
12:35:19.0 (1272398)|HEAP_ALLOCATE|[77]|Bytes:152
12:35:19.0 (1316606)|HEAP_ALLOCATE|[342]|Bytes:408
12:35:19.0 (1358502)|HEAP_ALLOCATE|[355]|Bytes:408
12:35:19.0 (1395148)|HEAP_ALLOCATE|[467]|Bytes:48
12:35:19.0 (1455988)|HEAP_ALLOCATE|[139]|Bytes:6
12:35:19.0 (1509206)|HEAP_ALLOCATE|[EXTERNAL]|Bytes:9
12:35:19.0 (1533250)|HEAP_ALLOCATE|[EXTERNAL]|Bytes:9
12:35:19.0 (3250504)|CODE_UNIT_STARTED|[EXTERNAL]|01p36000006TzBn|AwesomeProductController.getProductByName
12:35:19.0 (3474279)|HEAP_ALLOCATE|[EXTERNAL]|Bytes:3
12:35:19.0 (3501723)|METHOD_ENTRY|[1]|01p36000006TzBn|AwesomeProductController.AwesomeProductController()
12:35:19.0 (3509631)|STATEMENT_EXECUTE|[1]
12:35:19.0 (3526081)|STATEMENT_EXECUTE|[1]
12:35:19.0 (3541827)|METHOD_EXIT|[1]|AwesomeProductController
12:35:19.0 (3550755)|HEAP_ALLOCATE|[EXTERNAL]|Bytes:9
12:35:19.0 (3572687)|SYSTEM_MODE_ENTER|false
12:35:19.0 (3594952)|VARIABLE_SCOPE_BEGIN|[8]|name|String|false|false
12:35:19.0 (3635722)|VARIABLE_ASSIGNMENT|[8]|name|"AproveRej"
12:35:19.0 (3653124)|STATEMENT_EXECUTE|[8]
12:35:19.0 (3654960)|STATEMENT_EXECUTE|[9]
12:35:19.0 (3659604)|HEAP_ALLOCATE|[9]|Bytes:167
12:35:19.0 (3674671)|HEAP_ALLOCATE|[9]|Bytes:4
12:35:19.0 (3691807)|HEAP_ALLOCATE|[9]|Bytes:7
12:35:19.0 (3757167)|HEAP_ALLOCATE|[50]|Bytes:5
12:35:19.0 (3784892)|HEAP_ALLOCATE|[56]|Bytes:5
12:35:19.0 (3793177)|HEAP_ALLOCATE|[64]|Bytes:7
12:35:19.0 (5854637)|SOQL_EXECUTE_BEGIN|[9]|Aggregations:1|SELECT id, name, photo__c, color__c, points__c, description__c, (SELECT name FROM product_sizes__r ORDER BY name ASC NULLS FIRST) FROM product__c WHERE name = :tmpVar1
12:35:19.0 (15134054)|SOQL_EXECUTE_END|[9]|Rows:1
12:35:19.0 (15171874)|HEAP_ALLOCATE|[9]|Bytes:8
12:35:19.0 (15203186)|HEAP_ALLOCATE|[9]|Bytes:299
12:35:19.0 (15260370)|HEAP_ALLOCATE|[9]|Bytes:8
12:35:19.0 (15276621)|HEAP_ALLOCATE|[9]|Bytes:36
12:35:19.0 (15376126)|HEAP_ALLOCATE|[9]|Bytes:32
12:35:19.0 (15393072)|SYSTEM_MODE_EXIT|false
12:35:19.15 (15440882)|CUMULATIVE_LIMIT_USAGE
12:35:19.15 (15440882)|LIMIT_USAGE_FOR_NS|(default)|
  Number of SOQL queries: 1 out of 100
  Number of query rows: 2 out of 50000
  Number of SOSL queries: 0 out of 20
  Number of DML statements: 0 out of 150
  Number of DML rows: 0 out of 10000
  Maximum CPU time: 0 out of 10000
  Maximum heap size: 0 out of 6000000
  Number of callouts: 0 out of 100
  Number of Email Invocations: 0 out of 10
  Number of future calls: 0 out of 50
  Number of queueable jobs added to the queue: 0 out of 50
  Number of Mobile Apex push calls: 0 out of 10

12:35:19.15 (15440882)|CUMULATIVE_LIMIT_USAGE_END

12:35:19.0 (15497375)|CODE_UNIT_FINISHED|AwesomeProductController.getProductByName
