36.0 APEX_CODE,FINEST;APEX_PROFILING,INFO;CALLOUT,INFO;DB,INFO;SYSTEM,DEBUG;VALIDATION,INFO;VISUALFORCE,INFO;WORKFLOW,INFO
07:48:57.0 (541288)|EXECUTION_STARTED
07:48:57.0 (576212)|CODE_UNIT_STARTED|[EXTERNAL]|06636000002n6IF|VF: /apex/AccountTabWrap
07:48:57.0 (3484001)|CODE_UNIT_STARTED|[EXTERNAL]|01p360000074iI2|AccountTableWrapper <init>
07:48:57.0 (3501479)|SYSTEM_MODE_ENTER|true
07:48:57.0 (4057332)|HEAP_ALLOCATE|[72]|Bytes:3
07:48:57.0 (4100545)|HEAP_ALLOCATE|[77]|Bytes:152
07:48:57.0 (4120468)|HEAP_ALLOCATE|[342]|Bytes:408
07:48:57.0 (4140941)|HEAP_ALLOCATE|[355]|Bytes:408
07:48:57.0 (4159294)|HEAP_ALLOCATE|[467]|Bytes:48
07:48:57.0 (4200136)|HEAP_ALLOCATE|[139]|Bytes:6
07:48:57.0 (4225162)|HEAP_ALLOCATE|[EXTERNAL]|Bytes:24
07:48:57.0 (4229895)|HEAP_ALLOCATE|[EXTERNAL]|Bytes:120
07:48:57.0 (4232647)|HEAP_ALLOCATE|[EXTERNAL]|Bytes:15
07:48:57.0 (4250904)|METHOD_ENTRY|[1]|01p360000074iI2|AccountTableWrapper.AccountTableWrapper()
07:48:57.0 (4256447)|STATEMENT_EXECUTE|[1]
07:48:57.0 (4263823)|STATEMENT_EXECUTE|[1]
07:48:57.0 (4297925)|HEAP_ALLOCATE|[50]|Bytes:5
07:48:57.0 (4318127)|HEAP_ALLOCATE|[56]|Bytes:5
07:48:57.0 (4326637)|HEAP_ALLOCATE|[64]|Bytes:7
07:48:57.0 (4350429)|SYSTEM_MODE_ENTER|false
07:48:57.0 (4366502)|HEAP_ALLOCATE|[EXTERNAL]|Bytes:5
07:48:57.0 (4370858)|STATEMENT_EXECUTE|[68]
07:48:57.0 (4372391)|STATEMENT_EXECUTE|[86]
07:48:57.0 (4377907)|SYSTEM_MODE_EXIT|false
07:48:57.0 (4389714)|METHOD_EXIT|[1]|AccountTableWrapper
07:48:57.0 (4690870)|HEAP_ALLOCATE|[EXTERNAL]|Bytes:16
07:48:57.0 (4704279)|VARIABLE_SCOPE_BEGIN|[5]|this|AccountTableWrapper|true|false
07:48:57.0 (4790453)|VARIABLE_ASSIGNMENT|[5]|this|{}|0x395bfd6c
07:48:57.0 (4802629)|SYSTEM_MODE_ENTER|false
07:48:57.0 (4807906)|HEAP_ALLOCATE|[EXTERNAL]|Bytes:5
07:48:57.0 (4811852)|STATEMENT_EXECUTE|[1]
07:48:57.0 (4814880)|HEAP_ALLOCATE|[EXTERNAL]|Bytes:5
07:48:57.0 (4816732)|STATEMENT_EXECUTE|[2]
07:48:57.0 (4818486)|STATEMENT_EXECUTE|[3]
07:48:57.0 (4819566)|STATEMENT_EXECUTE|[4]
07:48:57.0 (4828876)|HEAP_ALLOCATE|[EXTERNAL]|Bytes:6
07:48:57.0 (4861382)|STATEMENT_EXECUTE|[5]
07:48:57.0 (4867861)|SYSTEM_MODE_EXIT|false
07:48:57.0 (4886056)|CODE_UNIT_FINISHED|AccountTableWrapper <init>
07:48:57.0 (4935070)|CODE_UNIT_STARTED|[EXTERNAL]|01p360000074iI2|AccountTableWrapper get(Accounts)
07:48:57.0 (4944429)|SYSTEM_MODE_ENTER|true
07:48:57.0 (4970951)|CODE_UNIT_STARTED|[EXTERNAL]|01p360000074iI2|AccountTableWrapper invoke(getAccounts)
07:48:57.0 (5012397)|HEAP_ALLOCATE|[EXTERNAL]|Bytes:16
07:48:57.0 (5022673)|VARIABLE_SCOPE_BEGIN|[9]|this|AccountTableWrapper|true|false
07:48:57.0 (5040460)|VARIABLE_ASSIGNMENT|[9]|this|{}|0x395bfd6c
07:48:57.0 (5055388)|SYSTEM_MODE_ENTER|false
07:48:57.0 (5059836)|HEAP_ALLOCATE|[11]|Bytes:5
07:48:57.0 (5063689)|STATEMENT_EXECUTE|[10]
07:48:57.0 (5110642)|VARIABLE_ASSIGNMENT|[EXTERNAL]|this|{}|0x395bfd6c
07:48:57.0 (5122979)|STATEMENT_EXECUTE|[12]
07:48:57.0 (5124696)|STATEMENT_EXECUTE|[13]
07:48:57.0 (5128458)|HEAP_ALLOCATE|[13]|Bytes:141
07:48:57.0 (5140482)|HEAP_ALLOCATE|[13]|Bytes:4
07:48:57.0 (5500683)|SOQL_EXECUTE_BEGIN|[13]|Aggregations:0|SELECT id, Name, BillingStreet, BillingCity, BillingPostalCode FROM Account WHERE (BillingCity != NULL AND BillingPostalCode != NULL) LIMIT 3
07:48:57.0 (10292404)|SOQL_EXECUTE_END|[13]|Rows:3
07:48:57.0 (10311932)|HEAP_ALLOCATE|[13]|Bytes:16
07:48:57.0 (10327421)|HEAP_ALLOCATE|[13]|Bytes:417
07:48:57.0 (10355953)|HEAP_ALLOCATE|[13]|Bytes:16
07:48:57.0 (10401478)|VARIABLE_ASSIGNMENT|[EXTERNAL]|this|{}|0x395bfd6c
07:48:57.0 (10451095)|VARIABLE_ASSIGNMENT|[EXTERNAL]|value|{"s":1,"v":[{"s":2,"v":{"Id":"0013600000CWofeAAD","Name":"Google inc","BillingStreet":"Green st.","BillingCity":"LA","BillingPostalCode":"442234"}},{"s":3,"v":{"Id":"00136000003VQw8AAG","Name":"Burlington Textiles  (15 more) ...","BillingStreet":"525 S. Lexington Ave","BillingCity":"Burlington","BillingPostalCode":"27215"}},{"s":4,"v":{"Id":"00136000003VQw9AAG","Name":"Pyramid Construction (5 more) ...","BillingStreet":"2 Place Jussieu","BillingCity":"Paris","BillingPostalCode":"75251"}}]}|0x7b9b13cd
07:48:57.0 (10485509)|VARIABLE_ASSIGNMENT|[2]|this.accs|{"s":1,"v":[{"s":2,"v":{"Id":"0013600000CWofeAAD","Name":"Google inc","BillingStreet":"Green st.","BillingCity":"LA","BillingPostalCode":"442234"}},{"s":3,"v":{"Id":"00136000003VQw8AAG","Name":"Burlington Textiles  (15 more) ...","BillingStreet":"525 S. Lexington Ave","BillingCity":"Burlington","BillingPostalCode":"27215"}},{"s":4,"v":{"Id":"00136000003VQw9AAG","Name":"Pyramid Construction (5 more) ...","BillingStreet":"2 Place Jussieu","BillingCity":"Paris","BillingPostalCode":"75251"}}]}|0x395bfd6c
07:48:57.0 (10497529)|STATEMENT_EXECUTE|[17]
07:48:57.0 (10535183)|VARIABLE_ASSIGNMENT|[EXTERNAL]|this|{"accs":"0x7b9b13cd"}|0x395bfd6c
07:48:57.0 (10549655)|SYSTEM_MODE_EXIT|false
07:48:57.0 (10563482)|CODE_UNIT_FINISHED|AccountTableWrapper invoke(getAccounts)
07:48:57.0 (10583925)|CODE_UNIT_FINISHED|AccountTableWrapper get(Accounts)
07:48:57.0 (10822338)|CODE_UNIT_STARTED|[EXTERNAL]|01p360000074iI2|AccountTableWrapper get(rowWrappers)
07:48:57.0 (10832289)|SYSTEM_MODE_ENTER|true
07:48:57.0 (10857501)|CODE_UNIT_STARTED|[EXTERNAL]|01p360000074iI2|AccountTableWrapper invoke(getrowWrappers)
07:48:57.0 (10900234)|HEAP_ALLOCATE|[EXTERNAL]|Bytes:16
07:48:57.0 (10912788)|VARIABLE_SCOPE_BEGIN|[21]|this|AccountTableWrapper|true|false
07:48:57.0 (10935830)|VARIABLE_ASSIGNMENT|[21]|this|{"accs":"0x7b9b13cd"}|0x395bfd6c
07:48:57.0 (10948518)|SYSTEM_MODE_ENTER|false
07:48:57.0 (10954097)|HEAP_ALLOCATE|[23]|Bytes:5
07:48:57.0 (10957814)|STATEMENT_EXECUTE|[22]
07:48:57.0 (11003246)|VARIABLE_ASSIGNMENT|[EXTERNAL]|this|{"accs":"0x7b9b13cd"}|0x395bfd6c
07:48:57.0 (11016109)|STATEMENT_EXECUTE|[24]
07:48:57.0 (11017766)|STATEMENT_EXECUTE|[25]
07:48:57.0 (11026538)|HEAP_ALLOCATE|[25]|Bytes:4
07:48:57.0 (11146408)|VARIABLE_ASSIGNMENT|[EXTERNAL]|this|{"accs":"0x7b9b13cd"}|0x395bfd6c
07:48:57.0 (11168045)|HEAP_ALLOCATE|[EXTERNAL]|Bytes:4
07:48:57.0 (11178451)|VARIABLE_ASSIGNMENT|[EXTERNAL]|value|{"s":1,"v":[]}|0x261725a4
07:48:57.0 (11190354)|VARIABLE_ASSIGNMENT|[3]|this.rows|{"s":1,"v":[]}|0x395bfd6c
07:48:57.0 (11198588)|STATEMENT_EXECUTE|[28]
07:48:57.0 (11206630)|VARIABLE_SCOPE_BEGIN|[28]|idx|Integer|false|false
07:48:57.0 (11211129)|HEAP_ALLOCATE|[28]|Bytes:4
07:48:57.0 (11216476)|VARIABLE_ASSIGNMENT|[28]|idx|0
07:48:57.0 (11221365)|STATEMENT_EXECUTE|[29]
07:48:57.0 (11222641)|STATEMENT_EXECUTE|[30]
07:48:57.0 (11258766)|VARIABLE_ASSIGNMENT|[EXTERNAL]|this|{"accs":"0x7b9b13cd","rows":"0x261725a4"}|0x395bfd6c
07:48:57.0 (11277424)|HEAP_ALLOCATE|[30]|Bytes:84
07:48:57.0 (11282482)|HEAP_ALLOCATE|[30]|Bytes:8
07:48:57.0 (11297356)|HEAP_ALLOCATE|[30]|Bytes:8
07:48:57.0 (11321835)|CONSTRUCTOR_ENTRY|[30]|01p360000074iI2|<init>()
07:48:57.0 (11339824)|VARIABLE_SCOPE_BEGIN|[74]|this|AccountTableWrapper.RowWrapper|true|false
07:48:57.0 (11356897)|VARIABLE_ASSIGNMENT|[74]|this|{}|0x329b50d0
07:48:57.0 (11361218)|STATEMENT_EXECUTE|[68]
07:48:57.0 (11362667)|STATEMENT_EXECUTE|[71]
07:48:57.0 (11375785)|STATEMENT_EXECUTE|[75]
07:48:57.0 (11377555)|STATEMENT_EXECUTE|[76]
07:48:57.0 (11381836)|HEAP_ALLOCATE|[76]|Bytes:4
07:48:57.0 (11459052)|VARIABLE_ASSIGNMENT|[EXTERNAL]|this|{}|0x329b50d0
07:48:57.0 (11486172)|HEAP_ALLOCATE|[EXTERNAL]|Bytes:4
07:48:57.0 (11496207)|VARIABLE_ASSIGNMENT|[EXTERNAL]|value|{"s":1,"v":[]}|0x26c2b574
07:48:57.0 (11508403)|VARIABLE_ASSIGNMENT|[71]|this.values|{"s":1,"v":[]}|0x329b50d0
07:48:57.0 (11517411)|CONSTRUCTOR_EXIT|[30]|01p360000074iI2|<init>()
07:48:57.0 (11533573)|HEAP_ALLOCATE|[EXTERNAL]|Bytes:4
07:48:57.0 (11540848)|HEAP_ALLOCATE|[28]|Bytes:4
07:48:57.0 (11547413)|VARIABLE_ASSIGNMENT|[28]|idx|1
07:48:57.0 (11551851)|STATEMENT_EXECUTE|[29]
07:48:57.0 (11553162)|STATEMENT_EXECUTE|[30]
07:48:57.0 (11575482)|VARIABLE_ASSIGNMENT|[EXTERNAL]|this|{"accs":"0x7b9b13cd","rows":"0x261725a4"}|0x395bfd6c
07:48:57.0 (11586241)|HEAP_ALLOCATE|[30]|Bytes:8
07:48:57.0 (11591041)|CONSTRUCTOR_ENTRY|[30]|01p360000074iI2|<init>()
07:48:57.0 (11595024)|VARIABLE_SCOPE_BEGIN|[74]|this|AccountTableWrapper.RowWrapper|true|false
07:48:57.0 (11607403)|VARIABLE_ASSIGNMENT|[74]|this|{}|0x2791c599
07:48:57.0 (11610771)|STATEMENT_EXECUTE|[68]
07:48:57.0 (11611945)|STATEMENT_EXECUTE|[71]
07:48:57.0 (11622094)|STATEMENT_EXECUTE|[75]
07:48:57.0 (11623641)|STATEMENT_EXECUTE|[76]
07:48:57.0 (11626801)|HEAP_ALLOCATE|[76]|Bytes:4
07:48:57.0 (11648562)|VARIABLE_ASSIGNMENT|[EXTERNAL]|this|{}|0x2791c599
07:48:57.0 (11662945)|HEAP_ALLOCATE|[EXTERNAL]|Bytes:4
07:48:57.0 (11671650)|VARIABLE_ASSIGNMENT|[EXTERNAL]|value|{"s":1,"v":[]}|0x7888e582
07:48:57.0 (11681836)|VARIABLE_ASSIGNMENT|[71]|this.values|{"s":1,"v":[]}|0x2791c599
07:48:57.0 (11689747)|CONSTRUCTOR_EXIT|[30]|01p360000074iI2|<init>()
07:48:57.0 (11700065)|HEAP_ALLOCATE|[EXTERNAL]|Bytes:4
07:48:57.0 (11705260)|HEAP_ALLOCATE|[28]|Bytes:4
07:48:57.0 (11711775)|VARIABLE_ASSIGNMENT|[28]|idx|2
07:48:57.0 (11715604)|STATEMENT_EXECUTE|[29]
07:48:57.0 (11716818)|STATEMENT_EXECUTE|[30]
07:48:57.0 (11737929)|VARIABLE_ASSIGNMENT|[EXTERNAL]|this|{"accs":"0x7b9b13cd","rows":"0x261725a4"}|0x395bfd6c
07:48:57.0 (11748019)|HEAP_ALLOCATE|[30]|Bytes:8
07:48:57.0 (11752469)|CONSTRUCTOR_ENTRY|[30]|01p360000074iI2|<init>()
07:48:57.0 (11756126)|VARIABLE_SCOPE_BEGIN|[74]|this|AccountTableWrapper.RowWrapper|true|false
07:48:57.0 (11768129)|VARIABLE_ASSIGNMENT|[74]|this|{}|0x4bd296f2
07:48:57.0 (11771465)|STATEMENT_EXECUTE|[68]
07:48:57.0 (11772661)|STATEMENT_EXECUTE|[71]
07:48:57.0 (11782321)|STATEMENT_EXECUTE|[75]
07:48:57.0 (11783881)|STATEMENT_EXECUTE|[76]
07:48:57.0 (11786975)|HEAP_ALLOCATE|[76]|Bytes:4
07:48:57.0 (11807961)|VARIABLE_ASSIGNMENT|[EXTERNAL]|this|{}|0x4bd296f2
07:48:57.0 (11821401)|HEAP_ALLOCATE|[EXTERNAL]|Bytes:4
07:48:57.0 (11829839)|VARIABLE_ASSIGNMENT|[EXTERNAL]|value|{"s":1,"v":[]}|0x3e75d138
07:48:57.0 (11846090)|VARIABLE_ASSIGNMENT|[71]|this.values|{"s":1,"v":[]}|0x4bd296f2
07:48:57.0 (11854741)|CONSTRUCTOR_EXIT|[30]|01p360000074iI2|<init>()
07:48:57.0 (11865061)|HEAP_ALLOCATE|[EXTERNAL]|Bytes:4
07:48:57.0 (11870114)|HEAP_ALLOCATE|[28]|Bytes:4
07:48:57.0 (11876209)|VARIABLE_ASSIGNMENT|[28]|idx|3
07:48:57.0 (11880694)|STATEMENT_EXECUTE|[34]
07:48:57.0 (11883764)|VARIABLE_SCOPE_BEGIN|[34]|idx|Integer|false|false
07:48:57.0 (11886618)|HEAP_ALLOCATE|[34]|Bytes:4
07:48:57.0 (11889983)|VARIABLE_ASSIGNMENT|[34]|idx|0
07:48:57.0 (11905721)|METHOD_ENTRY|[34]|01p360000074iI2|AccountTableWrapper.getAccounts()
07:48:57.0 (11921802)|VARIABLE_SCOPE_BEGIN|[9]|this|AccountTableWrapper|true|false
07:48:57.0 (11941751)|VARIABLE_ASSIGNMENT|[9]|this|{"accs":"0x7b9b13cd","rows":"0x261725a4"}|0x395bfd6c
07:48:57.0 (11949764)|HEAP_ALLOCATE|[11]|Bytes:5
07:48:57.0 (11953414)|STATEMENT_EXECUTE|[10]
07:48:57.0 (11973971)|VARIABLE_ASSIGNMENT|[EXTERNAL]|this|{"accs":"0x7b9b13cd","rows":"0x261725a4"}|0x395bfd6c
07:48:57.0 (11981849)|STATEMENT_EXECUTE|[11]
07:48:57.0 (11983405)|STATEMENT_EXECUTE|[17]
07:48:57.0 (11999935)|VARIABLE_ASSIGNMENT|[EXTERNAL]|this|{"accs":"0x7b9b13cd","rows":"0x261725a4"}|0x395bfd6c
07:48:57.0 (12010592)|METHOD_EXIT|[34]|01p360000074iI2|AccountTableWrapper.getAccounts()
07:48:57.0 (12060227)|STATEMENT_EXECUTE|[35]
07:48:57.0 (12062972)|STATEMENT_EXECUTE|[37]
07:48:57.0 (12098314)|VARIABLE_ASSIGNMENT|[EXTERNAL]|this|{"accs":"0x7b9b13cd","rows":"0x261725a4"}|0x395bfd6c
07:48:57.0 (12113666)|HEAP_ALLOCATE|[37]|Bytes:8
07:48:57.0 (12122580)|METHOD_ENTRY|[37]|01p360000074iI2|AccountTableWrapper.getAccounts()
07:48:57.0 (12127263)|VARIABLE_SCOPE_BEGIN|[9]|this|AccountTableWrapper|true|false
07:48:57.0 (12143291)|VARIABLE_ASSIGNMENT|[9]|this|{"accs":"0x7b9b13cd","rows":"0x261725a4"}|0x395bfd6c
07:48:57.0 (12150472)|HEAP_ALLOCATE|[11]|Bytes:5
07:48:57.0 (12153616)|STATEMENT_EXECUTE|[10]
07:48:57.0 (12173362)|VARIABLE_ASSIGNMENT|[EXTERNAL]|this|{"accs":"0x7b9b13cd","rows":"0x261725a4"}|0x395bfd6c
07:48:57.0 (12180691)|STATEMENT_EXECUTE|[11]
07:48:57.0 (12182175)|STATEMENT_EXECUTE|[17]
07:48:57.0 (12199112)|VARIABLE_ASSIGNMENT|[EXTERNAL]|this|{"accs":"0x7b9b13cd","rows":"0x261725a4"}|0x395bfd6c
07:48:57.0 (12209417)|METHOD_EXIT|[37]|01p360000074iI2|AccountTableWrapper.getAccounts()
07:48:57.0 (12236162)|HEAP_ALLOCATE|[37]|Bytes:24
07:48:57.0 (12278004)|METHOD_ENTRY|[37]|01p360000074iI2|AccountTableWrapper.RowWrapper.addValue(String)
07:48:57.0 (12285515)|VARIABLE_SCOPE_BEGIN|[80]|this|AccountTableWrapper.RowWrapper|true|false
07:48:57.0 (12301982)|VARIABLE_ASSIGNMENT|[80]|this|{"values":"0x26c2b574"}|0x329b50d0
07:48:57.0 (12306484)|VARIABLE_SCOPE_BEGIN|[80]|value|String|false|false
07:48:57.0 (12310525)|VARIABLE_ASSIGNMENT|[80]|value|"Green st."
07:48:57.0 (12314556)|STATEMENT_EXECUTE|[81]
07:48:57.0 (12315886)|STATEMENT_EXECUTE|[82]
07:48:57.0 (12355664)|VARIABLE_ASSIGNMENT|[EXTERNAL]|this|{"values":"0x26c2b574"}|0x329b50d0
07:48:57.0 (12375809)|HEAP_ALLOCATE|[EXTERNAL]|Bytes:4
07:48:57.0 (12383419)|METHOD_EXIT|[37]|01p360000074iI2|AccountTableWrapper.RowWrapper.addValue(String)
07:48:57.0 (12386610)|STATEMENT_EXECUTE|[38]
07:48:57.0 (12419118)|VARIABLE_ASSIGNMENT|[EXTERNAL]|this|{"accs":"0x7b9b13cd","rows":"0x261725a4"}|0x395bfd6c
07:48:57.0 (12433210)|HEAP_ALLOCATE|[38]|Bytes:8
07:48:57.0 (12441585)|METHOD_ENTRY|[38]|01p360000074iI2|AccountTableWrapper.getAccounts()
07:48:57.0 (12445784)|VARIABLE_SCOPE_BEGIN|[9]|this|AccountTableWrapper|true|false
07:48:57.0 (12461434)|VARIABLE_ASSIGNMENT|[9]|this|{"accs":"0x7b9b13cd","rows":"0x261725a4"}|0x395bfd6c
07:48:57.0 (12468422)|HEAP_ALLOCATE|[11]|Bytes:5
07:48:57.0 (12471562)|STATEMENT_EXECUTE|[10]
07:48:57.0 (12491093)|VARIABLE_ASSIGNMENT|[EXTERNAL]|this|{"accs":"0x7b9b13cd","rows":"0x261725a4"}|0x395bfd6c
07:48:57.0 (12498524)|STATEMENT_EXECUTE|[11]
07:48:57.0 (12500430)|STATEMENT_EXECUTE|[17]
07:48:57.0 (12517308)|VARIABLE_ASSIGNMENT|[EXTERNAL]|this|{"accs":"0x7b9b13cd","rows":"0x261725a4"}|0x395bfd6c
07:48:57.0 (12527673)|METHOD_EXIT|[38]|01p360000074iI2|AccountTableWrapper.getAccounts()
07:48:57.0 (12536175)|HEAP_ALLOCATE|[38]|Bytes:24
07:48:57.0 (12566453)|METHOD_ENTRY|[38]|01p360000074iI2|AccountTableWrapper.RowWrapper.addValue(String)
07:48:57.0 (12571508)|VARIABLE_SCOPE_BEGIN|[80]|this|AccountTableWrapper.RowWrapper|true|false
07:48:57.0 (12587442)|VARIABLE_ASSIGNMENT|[80]|this|{"values":"0x7888e582"}|0x2791c599
07:48:57.0 (12590145)|VARIABLE_SCOPE_BEGIN|[80]|value|String|false|false
07:48:57.0 (12593892)|VARIABLE_ASSIGNMENT|[80]|value|"LA"
07:48:57.0 (12597146)|STATEMENT_EXECUTE|[81]
07:48:57.0 (12598322)|STATEMENT_EXECUTE|[82]
07:48:57.0 (12614239)|VARIABLE_ASSIGNMENT|[EXTERNAL]|this|{"values":"0x7888e582"}|0x2791c599
07:48:57.0 (12628594)|HEAP_ALLOCATE|[EXTERNAL]|Bytes:4
07:48:57.0 (12635456)|METHOD_EXIT|[38]|01p360000074iI2|AccountTableWrapper.RowWrapper.addValue(String)
07:48:57.0 (12638454)|STATEMENT_EXECUTE|[39]
07:48:57.0 (12670400)|VARIABLE_ASSIGNMENT|[EXTERNAL]|this|{"accs":"0x7b9b13cd","rows":"0x261725a4"}|0x395bfd6c
07:48:57.0 (12684055)|HEAP_ALLOCATE|[39]|Bytes:8
07:48:57.0 (12692365)|METHOD_ENTRY|[39]|01p360000074iI2|AccountTableWrapper.getAccounts()
07:48:57.0 (12696626)|VARIABLE_SCOPE_BEGIN|[9]|this|AccountTableWrapper|true|false
07:48:57.0 (12712640)|VARIABLE_ASSIGNMENT|[9]|this|{"accs":"0x7b9b13cd","rows":"0x261725a4"}|0x395bfd6c
07:48:57.0 (12719508)|HEAP_ALLOCATE|[11]|Bytes:5
07:48:57.0 (12722591)|STATEMENT_EXECUTE|[10]
07:48:57.0 (12741660)|VARIABLE_ASSIGNMENT|[EXTERNAL]|this|{"accs":"0x7b9b13cd","rows":"0x261725a4"}|0x395bfd6c
07:48:57.0 (12748999)|STATEMENT_EXECUTE|[11]
07:48:57.0 (12750553)|STATEMENT_EXECUTE|[17]
07:48:57.0 (12766845)|VARIABLE_ASSIGNMENT|[EXTERNAL]|this|{"accs":"0x7b9b13cd","rows":"0x261725a4"}|0x395bfd6c
07:48:57.0 (12777150)|METHOD_EXIT|[39]|01p360000074iI2|AccountTableWrapper.getAccounts()
07:48:57.0 (12785531)|HEAP_ALLOCATE|[39]|Bytes:24
07:48:57.0 (12814794)|METHOD_ENTRY|[39]|01p360000074iI2|AccountTableWrapper.RowWrapper.addValue(String)
07:48:57.0 (12819838)|VARIABLE_SCOPE_BEGIN|[80]|this|AccountTableWrapper.RowWrapper|true|false
07:48:57.0 (12839944)|VARIABLE_ASSIGNMENT|[80]|this|{"values":"0x3e75d138"}|0x4bd296f2
07:48:57.0 (12842811)|VARIABLE_SCOPE_BEGIN|[80]|value|String|false|false
07:48:57.0 (12846763)|VARIABLE_ASSIGNMENT|[80]|value|"442234"
07:48:57.0 (12850117)|STATEMENT_EXECUTE|[81]
07:48:57.0 (12851242)|STATEMENT_EXECUTE|[82]
07:48:57.0 (12868025)|VARIABLE_ASSIGNMENT|[EXTERNAL]|this|{"values":"0x3e75d138"}|0x4bd296f2
07:48:57.0 (12883080)|HEAP_ALLOCATE|[EXTERNAL]|Bytes:4
07:48:57.0 (12889842)|METHOD_EXIT|[39]|01p360000074iI2|AccountTableWrapper.RowWrapper.addValue(String)
07:48:57.0 (12893403)|HEAP_ALLOCATE|[34]|Bytes:4
07:48:57.0 (12899686)|VARIABLE_ASSIGNMENT|[34]|idx|1
07:48:57.0 (12905880)|METHOD_ENTRY|[34]|01p360000074iI2|AccountTableWrapper.getAccounts()
07:48:57.0 (12909733)|VARIABLE_SCOPE_BEGIN|[9]|this|AccountTableWrapper|true|false
07:48:57.0 (12925687)|VARIABLE_ASSIGNMENT|[9]|this|{"accs":"0x7b9b13cd","rows":"0x261725a4"}|0x395bfd6c
07:48:57.0 (12932535)|HEAP_ALLOCATE|[11]|Bytes:5
07:48:57.0 (12935535)|STATEMENT_EXECUTE|[10]
07:48:57.0 (12954973)|VARIABLE_ASSIGNMENT|[EXTERNAL]|this|{"accs":"0x7b9b13cd","rows":"0x261725a4"}|0x395bfd6c
07:48:57.0 (12962290)|STATEMENT_EXECUTE|[11]
07:48:57.0 (12963851)|STATEMENT_EXECUTE|[17]
07:48:57.0 (12980173)|VARIABLE_ASSIGNMENT|[EXTERNAL]|this|{"accs":"0x7b9b13cd","rows":"0x261725a4"}|0x395bfd6c
07:48:57.0 (12990429)|METHOD_EXIT|[34]|01p360000074iI2|AccountTableWrapper.getAccounts()
07:48:57.0 (13000379)|STATEMENT_EXECUTE|[35]
07:48:57.0 (13002617)|STATEMENT_EXECUTE|[37]
07:48:57.0 (13020942)|VARIABLE_ASSIGNMENT|[EXTERNAL]|this|{"accs":"0x7b9b13cd","rows":"0x261725a4"}|0x395bfd6c
07:48:57.0 (13031621)|HEAP_ALLOCATE|[37]|Bytes:8
07:48:57.0 (13037908)|METHOD_ENTRY|[37]|01p360000074iI2|AccountTableWrapper.getAccounts()
07:48:57.0 (13041549)|VARIABLE_SCOPE_BEGIN|[9]|this|AccountTableWrapper|true|false
07:48:57.0 (13056580)|VARIABLE_ASSIGNMENT|[9]|this|{"accs":"0x7b9b13cd","rows":"0x261725a4"}|0x395bfd6c
07:48:57.0 (13062923)|HEAP_ALLOCATE|[11]|Bytes:5
07:48:57.0 (13065903)|STATEMENT_EXECUTE|[10]
07:48:57.0 (13084952)|VARIABLE_ASSIGNMENT|[EXTERNAL]|this|{"accs":"0x7b9b13cd","rows":"0x261725a4"}|0x395bfd6c
07:48:57.0 (13092027)|STATEMENT_EXECUTE|[11]
07:48:57.0 (13093535)|STATEMENT_EXECUTE|[17]
07:48:57.0 (13109712)|VARIABLE_ASSIGNMENT|[EXTERNAL]|this|{"accs":"0x7b9b13cd","rows":"0x261725a4"}|0x395bfd6c
07:48:57.0 (13119689)|METHOD_EXIT|[37]|01p360000074iI2|AccountTableWrapper.getAccounts()
07:48:57.0 (13135658)|HEAP_ALLOCATE|[37]|Bytes:24
07:48:57.0 (13150248)|METHOD_ENTRY|[37]|01p360000074iI2|AccountTableWrapper.RowWrapper.addValue(String)
07:48:57.0 (13154700)|VARIABLE_SCOPE_BEGIN|[80]|this|AccountTableWrapper.RowWrapper|true|false
07:48:57.0 (13169621)|VARIABLE_ASSIGNMENT|[80]|this|{"values":"0x26c2b574"}|0x329b50d0
07:48:57.0 (13172379)|VARIABLE_SCOPE_BEGIN|[80]|value|String|false|false
07:48:57.0 (13176466)|VARIABLE_ASSIGNMENT|[80]|value|"525 S. Lexington Ave"
07:48:57.0 (13179683)|STATEMENT_EXECUTE|[81]
07:48:57.0 (13181218)|STATEMENT_EXECUTE|[82]
07:48:57.0 (13197098)|VARIABLE_ASSIGNMENT|[EXTERNAL]|this|{"values":"0x26c2b574"}|0x329b50d0
07:48:57.0 (13211624)|HEAP_ALLOCATE|[EXTERNAL]|Bytes:4
07:48:57.0 (13218137)|METHOD_EXIT|[37]|01p360000074iI2|AccountTableWrapper.RowWrapper.addValue(String)
07:48:57.0 (13221203)|STATEMENT_EXECUTE|[38]
07:48:57.0 (13240271)|VARIABLE_ASSIGNMENT|[EXTERNAL]|this|{"accs":"0x7b9b13cd","rows":"0x261725a4"}|0x395bfd6c
07:48:57.0 (13250934)|HEAP_ALLOCATE|[38]|Bytes:8
07:48:57.0 (13256813)|METHOD_ENTRY|[38]|01p360000074iI2|AccountTableWrapper.getAccounts()
07:48:57.0 (13260406)|VARIABLE_SCOPE_BEGIN|[9]|this|AccountTableWrapper|true|false
07:48:57.0 (13275584)|VARIABLE_ASSIGNMENT|[9]|this|{"accs":"0x7b9b13cd","rows":"0x261725a4"}|0x395bfd6c
07:48:57.0 (13282140)|HEAP_ALLOCATE|[11]|Bytes:5
07:48:57.0 (13284971)|STATEMENT_EXECUTE|[10]
07:48:57.0 (13304152)|VARIABLE_ASSIGNMENT|[EXTERNAL]|this|{"accs":"0x7b9b13cd","rows":"0x261725a4"}|0x395bfd6c
07:48:57.0 (13311151)|STATEMENT_EXECUTE|[11]
07:48:57.0 (13312653)|STATEMENT_EXECUTE|[17]
07:48:57.0 (13328585)|VARIABLE_ASSIGNMENT|[EXTERNAL]|this|{"accs":"0x7b9b13cd","rows":"0x261725a4"}|0x395bfd6c
07:48:57.0 (13338568)|METHOD_EXIT|[38]|01p360000074iI2|AccountTableWrapper.getAccounts()
07:48:57.0 (13345415)|HEAP_ALLOCATE|[38]|Bytes:24
07:48:57.0 (13357306)|METHOD_ENTRY|[38]|01p360000074iI2|AccountTableWrapper.RowWrapper.addValue(String)
07:48:57.0 (13361374)|VARIABLE_SCOPE_BEGIN|[80]|this|AccountTableWrapper.RowWrapper|true|false
07:48:57.0 (13375569)|VARIABLE_ASSIGNMENT|[80]|this|{"values":"0x7888e582"}|0x2791c599
07:48:57.0 (13378319)|VARIABLE_SCOPE_BEGIN|[80]|value|String|false|false
07:48:57.0 (13381930)|VARIABLE_ASSIGNMENT|[80]|value|"Burlington"
07:48:57.0 (13385017)|STATEMENT_EXECUTE|[81]
07:48:57.0 (13386140)|STATEMENT_EXECUTE|[82]
07:48:57.0 (13401572)|VARIABLE_ASSIGNMENT|[EXTERNAL]|this|{"values":"0x7888e582"}|0x2791c599
07:48:57.0 (13415009)|HEAP_ALLOCATE|[EXTERNAL]|Bytes:4
07:48:57.0 (13421377)|METHOD_EXIT|[38]|01p360000074iI2|AccountTableWrapper.RowWrapper.addValue(String)
07:48:57.0 (13424680)|STATEMENT_EXECUTE|[39]
07:48:57.0 (13443676)|VARIABLE_ASSIGNMENT|[EXTERNAL]|this|{"accs":"0x7b9b13cd","rows":"0x261725a4"}|0x395bfd6c
07:48:57.0 (13454141)|HEAP_ALLOCATE|[39]|Bytes:8
07:48:57.0 (13460141)|METHOD_ENTRY|[39]|01p360000074iI2|AccountTableWrapper.getAccounts()
07:48:57.0 (13463677)|VARIABLE_SCOPE_BEGIN|[9]|this|AccountTableWrapper|true|false
07:48:57.0 (13478622)|VARIABLE_ASSIGNMENT|[9]|this|{"accs":"0x7b9b13cd","rows":"0x261725a4"}|0x395bfd6c
07:48:57.0 (13485079)|HEAP_ALLOCATE|[11]|Bytes:5
07:48:57.0 (13488415)|STATEMENT_EXECUTE|[10]
07:48:57.0 (13507630)|VARIABLE_ASSIGNMENT|[EXTERNAL]|this|{"accs":"0x7b9b13cd","rows":"0x261725a4"}|0x395bfd6c
07:48:57.0 (13514545)|STATEMENT_EXECUTE|[11]
07:48:57.0 (13516085)|STATEMENT_EXECUTE|[17]
07:48:57.0 (13532147)|VARIABLE_ASSIGNMENT|[EXTERNAL]|this|{"accs":"0x7b9b13cd","rows":"0x261725a4"}|0x395bfd6c
07:48:57.0 (13542351)|METHOD_EXIT|[39]|01p360000074iI2|AccountTableWrapper.getAccounts()
07:48:57.0 (13549072)|HEAP_ALLOCATE|[39]|Bytes:24
07:48:57.0 (13559973)|METHOD_ENTRY|[39]|01p360000074iI2|AccountTableWrapper.RowWrapper.addValue(String)
07:48:57.0 (13564022)|VARIABLE_SCOPE_BEGIN|[80]|this|AccountTableWrapper.RowWrapper|true|false
07:48:57.0 (13577724)|VARIABLE_ASSIGNMENT|[80]|this|{"values":"0x3e75d138"}|0x4bd296f2
07:48:57.0 (13580307)|VARIABLE_SCOPE_BEGIN|[80]|value|String|false|false
07:48:57.0 (13583815)|VARIABLE_ASSIGNMENT|[80]|value|"27215"
07:48:57.0 (13586884)|STATEMENT_EXECUTE|[81]
07:48:57.0 (13587995)|STATEMENT_EXECUTE|[82]
07:48:57.0 (13603335)|VARIABLE_ASSIGNMENT|[EXTERNAL]|this|{"values":"0x3e75d138"}|0x4bd296f2
07:48:57.0 (13616828)|HEAP_ALLOCATE|[EXTERNAL]|Bytes:4
07:48:57.0 (13623080)|METHOD_EXIT|[39]|01p360000074iI2|AccountTableWrapper.RowWrapper.addValue(String)
07:48:57.0 (13625993)|HEAP_ALLOCATE|[34]|Bytes:4
07:48:57.0 (13632460)|VARIABLE_ASSIGNMENT|[34]|idx|2
07:48:57.0 (13638037)|METHOD_ENTRY|[34]|01p360000074iI2|AccountTableWrapper.getAccounts()
07:48:57.0 (13641596)|VARIABLE_SCOPE_BEGIN|[9]|this|AccountTableWrapper|true|false
07:48:57.0 (13657526)|VARIABLE_ASSIGNMENT|[9]|this|{"accs":"0x7b9b13cd","rows":"0x261725a4"}|0x395bfd6c
07:48:57.0 (13664204)|HEAP_ALLOCATE|[11]|Bytes:5
07:48:57.0 (13667258)|STATEMENT_EXECUTE|[10]
07:48:57.0 (13686480)|VARIABLE_ASSIGNMENT|[EXTERNAL]|this|{"accs":"0x7b9b13cd","rows":"0x261725a4"}|0x395bfd6c
07:48:57.0 (13693593)|STATEMENT_EXECUTE|[11]
07:48:57.0 (13695127)|STATEMENT_EXECUTE|[17]
07:48:57.0 (13711298)|VARIABLE_ASSIGNMENT|[EXTERNAL]|this|{"accs":"0x7b9b13cd","rows":"0x261725a4"}|0x395bfd6c
07:48:57.0 (13721366)|METHOD_EXIT|[34]|01p360000074iI2|AccountTableWrapper.getAccounts()
07:48:57.0 (13730906)|STATEMENT_EXECUTE|[35]
07:48:57.0 (13732313)|STATEMENT_EXECUTE|[37]
07:48:57.0 (13750115)|VARIABLE_ASSIGNMENT|[EXTERNAL]|this|{"accs":"0x7b9b13cd","rows":"0x261725a4"}|0x395bfd6c
07:48:57.0 (13760226)|HEAP_ALLOCATE|[37]|Bytes:8
07:48:57.0 (13765804)|METHOD_ENTRY|[37]|01p360000074iI2|AccountTableWrapper.getAccounts()
07:48:57.0 (13769360)|VARIABLE_SCOPE_BEGIN|[9]|this|AccountTableWrapper|true|false
07:48:57.0 (13783853)|VARIABLE_ASSIGNMENT|[9]|this|{"accs":"0x7b9b13cd","rows":"0x261725a4"}|0x395bfd6c
07:48:57.0 (13790464)|HEAP_ALLOCATE|[11]|Bytes:5
07:48:57.0 (13793510)|STATEMENT_EXECUTE|[10]
07:48:57.0 (13812438)|VARIABLE_ASSIGNMENT|[EXTERNAL]|this|{"accs":"0x7b9b13cd","rows":"0x261725a4"}|0x395bfd6c
07:48:57.0 (13819493)|STATEMENT_EXECUTE|[11]
07:48:57.0 (13821075)|STATEMENT_EXECUTE|[17]
07:48:57.0 (13841561)|VARIABLE_ASSIGNMENT|[EXTERNAL]|this|{"accs":"0x7b9b13cd","rows":"0x261725a4"}|0x395bfd6c
07:48:57.0 (13852307)|METHOD_EXIT|[37]|01p360000074iI2|AccountTableWrapper.getAccounts()
07:48:57.0 (13867715)|HEAP_ALLOCATE|[37]|Bytes:24
07:48:57.0 (13881754)|METHOD_ENTRY|[37]|01p360000074iI2|AccountTableWrapper.RowWrapper.addValue(String)
07:48:57.0 (13886143)|VARIABLE_SCOPE_BEGIN|[80]|this|AccountTableWrapper.RowWrapper|true|false
07:48:57.0 (13900704)|VARIABLE_ASSIGNMENT|[80]|this|{"values":"0x26c2b574"}|0x329b50d0
07:48:57.0 (13903324)|VARIABLE_SCOPE_BEGIN|[80]|value|String|false|false
07:48:57.0 (13907184)|VARIABLE_ASSIGNMENT|[80]|value|"2 Place Jussieu"
07:48:57.0 (13910325)|STATEMENT_EXECUTE|[81]
07:48:57.0 (13911476)|STATEMENT_EXECUTE|[82]
07:48:57.0 (13926963)|VARIABLE_ASSIGNMENT|[EXTERNAL]|this|{"values":"0x26c2b574"}|0x329b50d0
07:48:57.0 (13941161)|HEAP_ALLOCATE|[EXTERNAL]|Bytes:4
07:48:57.0 (13947532)|METHOD_EXIT|[37]|01p360000074iI2|AccountTableWrapper.RowWrapper.addValue(String)
07:48:57.0 (13950404)|STATEMENT_EXECUTE|[38]
07:48:57.0 (13969559)|VARIABLE_ASSIGNMENT|[EXTERNAL]|this|{"accs":"0x7b9b13cd","rows":"0x261725a4"}|0x395bfd6c
07:48:57.0 (13980041)|HEAP_ALLOCATE|[38]|Bytes:8
07:48:57.0 (13985954)|METHOD_ENTRY|[38]|01p360000074iI2|AccountTableWrapper.getAccounts()
07:48:57.0 (13989887)|VARIABLE_SCOPE_BEGIN|[9]|this|AccountTableWrapper|true|false
07:48:57.0 (14005215)|VARIABLE_ASSIGNMENT|[9]|this|{"accs":"0x7b9b13cd","rows":"0x261725a4"}|0x395bfd6c
07:48:57.0 (14012776)|HEAP_ALLOCATE|[11]|Bytes:5
07:48:57.0 (14015638)|STATEMENT_EXECUTE|[10]
07:48:57.0 (14035199)|VARIABLE_ASSIGNMENT|[EXTERNAL]|this|{"accs":"0x7b9b13cd","rows":"0x261725a4"}|0x395bfd6c
07:48:57.0 (14042403)|STATEMENT_EXECUTE|[11]
07:48:57.0 (14043923)|STATEMENT_EXECUTE|[17]
07:48:57.0 (14060283)|VARIABLE_ASSIGNMENT|[EXTERNAL]|this|{"accs":"0x7b9b13cd","rows":"0x261725a4"}|0x395bfd6c
07:48:57.0 (14070442)|METHOD_EXIT|[38]|01p360000074iI2|AccountTableWrapper.getAccounts()
07:48:57.0 (14077153)|HEAP_ALLOCATE|[38]|Bytes:24
07:48:57.0 (14088359)|METHOD_ENTRY|[38]|01p360000074iI2|AccountTableWrapper.RowWrapper.addValue(String)
07:48:57.0 (14092414)|VARIABLE_SCOPE_BEGIN|[80]|this|AccountTableWrapper.RowWrapper|true|false
07:48:57.0 (14106300)|VARIABLE_ASSIGNMENT|[80]|this|{"values":"0x7888e582"}|0x2791c599
07:48:57.0 (14109313)|VARIABLE_SCOPE_BEGIN|[80]|value|String|false|false
07:48:57.0 (14113011)|VARIABLE_ASSIGNMENT|[80]|value|"Paris"
07:48:57.0 (14116015)|STATEMENT_EXECUTE|[81]
07:48:57.0 (14117140)|STATEMENT_EXECUTE|[82]
07:48:57.0 (14132591)|VARIABLE_ASSIGNMENT|[EXTERNAL]|this|{"values":"0x7888e582"}|0x2791c599
07:48:57.0 (14146337)|HEAP_ALLOCATE|[EXTERNAL]|Bytes:4
07:48:57.0 (14152664)|METHOD_EXIT|[38]|01p360000074iI2|AccountTableWrapper.RowWrapper.addValue(String)
07:48:57.0 (14155534)|STATEMENT_EXECUTE|[39]
07:48:57.0 (14174282)|VARIABLE_ASSIGNMENT|[EXTERNAL]|this|{"accs":"0x7b9b13cd","rows":"0x261725a4"}|0x395bfd6c
07:48:57.0 (14184802)|HEAP_ALLOCATE|[39]|Bytes:8
07:48:57.0 (14190739)|METHOD_ENTRY|[39]|01p360000074iI2|AccountTableWrapper.getAccounts()
07:48:57.0 (14194244)|VARIABLE_SCOPE_BEGIN|[9]|this|AccountTableWrapper|true|false
07:48:57.0 (14209019)|VARIABLE_ASSIGNMENT|[9]|this|{"accs":"0x7b9b13cd","rows":"0x261725a4"}|0x395bfd6c
07:48:57.0 (14215359)|HEAP_ALLOCATE|[11]|Bytes:5
07:48:57.0 (14218143)|STATEMENT_EXECUTE|[10]
07:48:57.0 (14237171)|VARIABLE_ASSIGNMENT|[EXTERNAL]|this|{"accs":"0x7b9b13cd","rows":"0x261725a4"}|0x395bfd6c
07:48:57.0 (14244587)|STATEMENT_EXECUTE|[11]
07:48:57.0 (14246218)|STATEMENT_EXECUTE|[17]
07:48:57.0 (14262404)|VARIABLE_ASSIGNMENT|[EXTERNAL]|this|{"accs":"0x7b9b13cd","rows":"0x261725a4"}|0x395bfd6c
07:48:57.0 (14272427)|METHOD_EXIT|[39]|01p360000074iI2|AccountTableWrapper.getAccounts()
07:48:57.0 (14279170)|HEAP_ALLOCATE|[39]|Bytes:24
07:48:57.0 (14290168)|METHOD_ENTRY|[39]|01p360000074iI2|AccountTableWrapper.RowWrapper.addValue(String)
07:48:57.0 (14294132)|VARIABLE_SCOPE_BEGIN|[80]|this|AccountTableWrapper.RowWrapper|true|false
07:48:57.0 (14307686)|VARIABLE_ASSIGNMENT|[80]|this|{"values":"0x3e75d138"}|0x4bd296f2
07:48:57.0 (14310245)|VARIABLE_SCOPE_BEGIN|[80]|value|String|false|false
07:48:57.0 (14313559)|VARIABLE_ASSIGNMENT|[80]|value|"75251"
07:48:57.0 (14316382)|STATEMENT_EXECUTE|[81]
07:48:57.0 (14317478)|STATEMENT_EXECUTE|[82]
07:48:57.0 (14332624)|VARIABLE_ASSIGNMENT|[EXTERNAL]|this|{"values":"0x3e75d138"}|0x4bd296f2
07:48:57.0 (14346032)|HEAP_ALLOCATE|[EXTERNAL]|Bytes:4
07:48:57.0 (14352382)|METHOD_EXIT|[39]|01p360000074iI2|AccountTableWrapper.RowWrapper.addValue(String)
07:48:57.0 (14355733)|HEAP_ALLOCATE|[34]|Bytes:4
07:48:57.0 (14361458)|VARIABLE_ASSIGNMENT|[34]|idx|3
07:48:57.0 (14366969)|METHOD_ENTRY|[34]|01p360000074iI2|AccountTableWrapper.getAccounts()
07:48:57.0 (14370468)|VARIABLE_SCOPE_BEGIN|[9]|this|AccountTableWrapper|true|false
07:48:57.0 (14385738)|VARIABLE_ASSIGNMENT|[9]|this|{"accs":"0x7b9b13cd","rows":"0x261725a4"}|0x395bfd6c
07:48:57.0 (14392593)|HEAP_ALLOCATE|[11]|Bytes:5
07:48:57.0 (14395544)|STATEMENT_EXECUTE|[10]
07:48:57.0 (14414736)|VARIABLE_ASSIGNMENT|[EXTERNAL]|this|{"accs":"0x7b9b13cd","rows":"0x261725a4"}|0x395bfd6c
07:48:57.0 (14421972)|STATEMENT_EXECUTE|[11]
07:48:57.0 (14423510)|STATEMENT_EXECUTE|[17]
07:48:57.0 (14439803)|VARIABLE_ASSIGNMENT|[EXTERNAL]|this|{"accs":"0x7b9b13cd","rows":"0x261725a4"}|0x395bfd6c
07:48:57.0 (14449931)|METHOD_EXIT|[34]|01p360000074iI2|AccountTableWrapper.getAccounts()
07:48:57.0 (14460088)|STATEMENT_EXECUTE|[43]
07:48:57.0 (14492939)|VARIABLE_ASSIGNMENT|[EXTERNAL]|this|{"accs":"0x7b9b13cd","rows":"0x261725a4"}|0x395bfd6c
07:48:57.0 (14505702)|SYSTEM_MODE_EXIT|false
07:48:57.0 (14518563)|CODE_UNIT_FINISHED|AccountTableWrapper invoke(getrowWrappers)
07:48:57.0 (14538033)|CODE_UNIT_FINISHED|AccountTableWrapper get(rowWrappers)
07:48:57.0 (14760187)|CODE_UNIT_STARTED|[EXTERNAL]|01p360000074iI2|values
07:48:57.0 (14776220)|CODE_UNIT_FINISHED|values
07:48:57.0 (14928289)|CODE_UNIT_STARTED|[EXTERNAL]|01p360000074iI2|values
07:48:57.0 (14942181)|CODE_UNIT_FINISHED|values
07:48:57.0 (15082676)|CODE_UNIT_STARTED|[EXTERNAL]|01p360000074iI2|values
07:48:57.0 (15096729)|CODE_UNIT_FINISHED|values
07:48:57.40 (40377360)|CUMULATIVE_LIMIT_USAGE
07:48:57.40 (40377360)|LIMIT_USAGE_FOR_NS|(default)|
  Number of SOQL queries: 1 out of 100
  Number of query rows: 3 out of 50000
  Number of SOSL queries: 0 out of 20
  Number of DML statements: 0 out of 150
  Number of DML rows: 0 out of 10000
  Maximum CPU time: 0 out of 10000
  Maximum heap size: 0 out of 6000000
  Number of callouts: 0 out of 100
  Number of Email Invocations: 0 out of 10
  Number of future calls: 0 out of 50
  Number of queueable jobs added to the queue: 0 out of 50
  Number of Mobile Apex push calls: 0 out of 10

07:48:57.40 (40377360)|CUMULATIVE_LIMIT_USAGE_END

07:48:57.0 (40438554)|CODE_UNIT_FINISHED|VF: /apex/AccountTabWrap
07:48:57.0 (41686251)|EXECUTION_FINISHED
