36.0 APEX_CODE,FINEST;APEX_PROFILING,INFO;CALLOUT,INFO;DB,INFO;SYSTEM,DEBUG;VALIDATION,INFO;VISUALFORCE,INFO;WORKFLOW,INFO
04:54:32.0 (404959)|EXECUTION_STARTED
04:54:32.0 (449763)|CODE_UNIT_STARTED|[EXTERNAL]|06636000002n7XB|VF: /apex/DraftsToPersonTable
04:54:32.0 (3377542)|CODE_UNIT_STARTED|[EXTERNAL]|01p360000074pQr|DraftsToPersons <init>
04:54:32.0 (3394197)|SYSTEM_MODE_ENTER|true
04:54:32.0 (3978053)|HEAP_ALLOCATE|[72]|Bytes:3
04:54:32.0 (4040140)|HEAP_ALLOCATE|[77]|Bytes:152
04:54:32.0 (4061098)|HEAP_ALLOCATE|[342]|Bytes:408
04:54:32.0 (4083214)|HEAP_ALLOCATE|[355]|Bytes:408
04:54:32.0 (4103928)|HEAP_ALLOCATE|[467]|Bytes:48
04:54:32.0 (4139970)|HEAP_ALLOCATE|[139]|Bytes:6
04:54:32.0 (4162832)|HEAP_ALLOCATE|[EXTERNAL]|Bytes:10
04:54:32.0 (4167497)|HEAP_ALLOCATE|[EXTERNAL]|Bytes:144
04:54:32.0 (4170567)|HEAP_ALLOCATE|[EXTERNAL]|Bytes:21
04:54:32.0 (4187337)|METHOD_ENTRY|[1]|01p360000074pQr|DraftsToPersons.DraftsToPersons()
04:54:32.0 (4192557)|STATEMENT_EXECUTE|[1]
04:54:32.0 (4201195)|STATEMENT_EXECUTE|[1]
04:54:32.0 (4237099)|HEAP_ALLOCATE|[50]|Bytes:5
04:54:32.0 (4264039)|HEAP_ALLOCATE|[56]|Bytes:5
04:54:32.0 (4273327)|HEAP_ALLOCATE|[64]|Bytes:7
04:54:32.0 (4299175)|SYSTEM_MODE_ENTER|false
04:54:32.0 (4319275)|HEAP_ALLOCATE|[EXTERNAL]|Bytes:5
04:54:32.0 (4324543)|STATEMENT_EXECUTE|[67]
04:54:32.0 (4331917)|SYSTEM_MODE_EXIT|false
04:54:32.0 (4343692)|METHOD_EXIT|[1]|DraftsToPersons
04:54:32.0 (4731447)|HEAP_ALLOCATE|[EXTERNAL]|Bytes:20
04:54:32.0 (4746589)|VARIABLE_SCOPE_BEGIN|[7]|this|DraftsToPersons|true|false
04:54:32.0 (4827037)|VARIABLE_ASSIGNMENT|[7]|this|{}|0x7ee70d00
04:54:32.0 (4841329)|SYSTEM_MODE_ENTER|false
04:54:32.0 (4847196)|HEAP_ALLOCATE|[EXTERNAL]|Bytes:5
04:54:32.0 (4851463)|STATEMENT_EXECUTE|[1]
04:54:32.0 (4855558)|HEAP_ALLOCATE|[EXTERNAL]|Bytes:5
04:54:32.0 (4858255)|STATEMENT_EXECUTE|[2]
04:54:32.0 (4861358)|STATEMENT_EXECUTE|[3]
04:54:32.0 (4863248)|STATEMENT_EXECUTE|[4]
04:54:32.0 (4864913)|STATEMENT_EXECUTE|[5]
04:54:32.0 (4875929)|HEAP_ALLOCATE|[EXTERNAL]|Bytes:6
04:54:32.0 (4900781)|STATEMENT_EXECUTE|[8]
04:54:32.0 (4907476)|SYSTEM_MODE_EXIT|false
04:54:32.0 (4926800)|CODE_UNIT_FINISHED|DraftsToPersons <init>
04:54:32.0 (4981120)|CODE_UNIT_STARTED|[EXTERNAL]|01p360000074pQr|DraftsToPersons get(Persons)
04:54:32.0 (4990978)|SYSTEM_MODE_ENTER|true
04:54:32.0 (5016365)|CODE_UNIT_STARTED|[EXTERNAL]|01p360000074pQr|DraftsToPersons invoke(getPersons)
04:54:32.0 (5058059)|HEAP_ALLOCATE|[EXTERNAL]|Bytes:20
04:54:32.0 (5068160)|VARIABLE_SCOPE_BEGIN|[22]|this|DraftsToPersons|true|false
04:54:32.0 (5087591)|VARIABLE_ASSIGNMENT|[22]|this|{}|0x7ee70d00
04:54:32.0 (5104054)|SYSTEM_MODE_ENTER|false
04:54:32.0 (5109062)|HEAP_ALLOCATE|[24]|Bytes:5
04:54:32.0 (5113659)|STATEMENT_EXECUTE|[23]
04:54:32.0 (5164188)|VARIABLE_ASSIGNMENT|[EXTERNAL]|this|{}|0x7ee70d00
04:54:32.0 (5181125)|STATEMENT_EXECUTE|[25]
04:54:32.0 (5184281)|STATEMENT_EXECUTE|[26]
04:54:32.0 (5188801)|HEAP_ALLOCATE|[26]|Bytes:41
04:54:32.0 (5201119)|HEAP_ALLOCATE|[26]|Bytes:4
04:54:32.0 (5422076)|SOQL_EXECUTE_BEGIN|[26]|Aggregations:0|SELECT id, Name FROM Person__c LIMIT 1000
04:54:32.0 (8080616)|SOQL_EXECUTE_END|[26]|Rows:2
04:54:32.0 (8099952)|HEAP_ALLOCATE|[26]|Bytes:12
04:54:32.0 (8115181)|HEAP_ALLOCATE|[26]|Bytes:97
04:54:32.0 (8149251)|HEAP_ALLOCATE|[26]|Bytes:12
04:54:32.0 (8192314)|VARIABLE_ASSIGNMENT|[EXTERNAL]|this|{}|0x7ee70d00
04:54:32.0 (8231753)|VARIABLE_ASSIGNMENT|[EXTERNAL]|value|{"s":1,"v":[{"s":2,"v":{"Id":"a0N36000000xneOEAQ","Name":"Andiy Lokotosh"}},{"s":3,"v":{"Id":"a0N36000000xneTEAQ","Name":"Jon Smith"}}]}|0x6406b443
04:54:32.0 (8256143)|VARIABLE_ASSIGNMENT|[3]|this.pers|{"s":1,"v":[{"s":2,"v":{"Id":"a0N36000000xneOEAQ","Name":"Andiy Lokotosh"}},{"s":3,"v":{"Id":"a0N36000000xneTEAQ","Name":"Jon Smith"}}]}|0x7ee70d00
04:54:32.0 (8266784)|STATEMENT_EXECUTE|[29]
04:54:32.0 (8302588)|VARIABLE_ASSIGNMENT|[EXTERNAL]|this|{"pers":"0x6406b443"}|0x7ee70d00
04:54:32.0 (8317231)|SYSTEM_MODE_EXIT|false
04:54:32.0 (8331795)|CODE_UNIT_FINISHED|DraftsToPersons invoke(getPersons)
04:54:32.0 (8350887)|CODE_UNIT_FINISHED|DraftsToPersons get(Persons)
04:54:32.36 (36424708)|CUMULATIVE_LIMIT_USAGE
04:54:32.36 (36424708)|LIMIT_USAGE_FOR_NS|(default)|
  Number of SOQL queries: 1 out of 100
  Number of query rows: 2 out of 50000
  Number of SOSL queries: 0 out of 20
  Number of DML statements: 0 out of 150
  Number of DML rows: 0 out of 10000
  Maximum CPU time: 0 out of 10000
  Maximum heap size: 0 out of 6000000
  Number of callouts: 0 out of 100
  Number of Email Invocations: 0 out of 10
  Number of future calls: 0 out of 50
  Number of queueable jobs added to the queue: 0 out of 50
  Number of Mobile Apex push calls: 0 out of 10

04:54:32.36 (36424708)|CUMULATIVE_LIMIT_USAGE_END

04:54:32.0 (36494375)|CODE_UNIT_FINISHED|VF: /apex/DraftsToPersonTable
04:54:32.0 (37485537)|EXECUTION_FINISHED
