36.0 APEX_CODE,FINEST;APEX_PROFILING,INFO;CALLOUT,INFO;DB,INFO;SYSTEM,DEBUG;VALIDATION,INFO;VISUALFORCE,INFO;WORKFLOW,INFO
08:15:08.0 (469491)|EXECUTION_STARTED
08:15:08.0 (508062)|CODE_UNIT_STARTED|[EXTERNAL]|06636000002mOgR|VF: /apex/AccountWrapper
08:15:08.0 (780980)|VF_DESERIALIZE_VIEWSTATE_BEGIN|06636000002mOgR
08:15:08.0 (13742586)|HEAP_ALLOCATE|[72]|Bytes:3
08:15:08.0 (13790039)|HEAP_ALLOCATE|[77]|Bytes:152
08:15:08.0 (13809863)|HEAP_ALLOCATE|[342]|Bytes:408
08:15:08.0 (13832751)|HEAP_ALLOCATE|[355]|Bytes:408
08:15:08.0 (13853037)|HEAP_ALLOCATE|[467]|Bytes:48
08:15:08.0 (13889183)|HEAP_ALLOCATE|[139]|Bytes:6
08:15:08.0 (13922718)|HEAP_ALLOCATE|[50]|Bytes:5
08:15:08.0 (13941182)|HEAP_ALLOCATE|[56]|Bytes:5
08:15:08.0 (13951094)|HEAP_ALLOCATE|[64]|Bytes:7
08:15:08.0 (15892207)|VF_DESERIALIZE_VIEWSTATE_END
08:15:08.0 (17364724)|CODE_UNIT_STARTED|[EXTERNAL]|01p360000072U8D|AccountSelectClassController get(wrapAccountList)
08:15:08.0 (17377672)|SYSTEM_MODE_ENTER|true
08:15:08.0 (17414206)|CODE_UNIT_STARTED|[EXTERNAL]|01p360000072U8D|wrapAccountList
08:15:08.0 (17427237)|HEAP_ALLOCATE|[EXTERNAL]|Bytes:11
08:15:08.0 (17433520)|HEAP_ALLOCATE|[EXTERNAL]|Bytes:128
08:15:08.0 (17436436)|HEAP_ALLOCATE|[EXTERNAL]|Bytes:8
08:15:08.0 (17453248)|METHOD_ENTRY|[1]|01p360000072U8D|AccountSelectClassController.AccountSelectClassController()
08:15:08.0 (17458803)|STATEMENT_EXECUTE|[1]
08:15:08.0 (17467207)|STATEMENT_EXECUTE|[1]
08:15:08.0 (17468692)|STATEMENT_EXECUTE|[28]
08:15:08.0 (17475406)|METHOD_EXIT|[1]|AccountSelectClassController
08:15:08.0 (17485440)|CODE_UNIT_FINISHED|wrapAccountList
08:15:08.0 (17503935)|CODE_UNIT_FINISHED|AccountSelectClassController get(wrapAccountList)
08:15:08.0 (18325165)|CODE_UNIT_STARTED|[EXTERNAL]|01p360000072U8D|AccountSelectClassController get(selectedAccounts)
08:15:08.0 (18334933)|SYSTEM_MODE_ENTER|true
08:15:08.0 (18347487)|CODE_UNIT_STARTED|[EXTERNAL]|01p360000072U8D|selectedAccounts
08:15:08.0 (18358032)|CODE_UNIT_FINISHED|selectedAccounts
08:15:08.0 (18373902)|CODE_UNIT_FINISHED|AccountSelectClassController get(selectedAccounts)
08:15:08.0 (18746918)|CODE_UNIT_STARTED|[EXTERNAL]|01p360000072U8D|selected
08:15:08.0 (18759952)|HEAP_ALLOCATE|[EXTERNAL]|Bytes:108
08:15:08.0 (18765336)|HEAP_ALLOCATE|[EXTERNAL]|Bytes:8
08:15:08.0 (18773812)|CODE_UNIT_FINISHED|selected
08:15:08.0 (18849792)|CODE_UNIT_STARTED|[EXTERNAL]|01p360000072U8D|selected
08:15:08.0 (18861594)|CODE_UNIT_FINISHED|selected
08:15:08.0 (18931102)|CODE_UNIT_STARTED|[EXTERNAL]|01p360000072U8D|selected
08:15:08.0 (18942300)|CODE_UNIT_FINISHED|selected
08:15:08.0 (19010856)|CODE_UNIT_STARTED|[EXTERNAL]|01p360000072U8D|selected
08:15:08.0 (19022837)|CODE_UNIT_FINISHED|selected
08:15:08.0 (19091046)|CODE_UNIT_STARTED|[EXTERNAL]|01p360000072U8D|selected
08:15:08.0 (19101983)|CODE_UNIT_FINISHED|selected
08:15:08.0 (19177454)|CODE_UNIT_STARTED|[EXTERNAL]|01p360000072U8D|selected
08:15:08.0 (19188419)|CODE_UNIT_FINISHED|selected
08:15:08.0 (19277092)|CODE_UNIT_STARTED|[EXTERNAL]|01p360000072U8D|selected
08:15:08.0 (19288285)|CODE_UNIT_FINISHED|selected
08:15:08.0 (19357654)|CODE_UNIT_STARTED|[EXTERNAL]|01p360000072U8D|selected
08:15:08.0 (19368852)|CODE_UNIT_FINISHED|selected
08:15:08.0 (19436139)|CODE_UNIT_STARTED|[EXTERNAL]|01p360000072U8D|selected
08:15:08.0 (19446974)|CODE_UNIT_FINISHED|selected
08:15:08.0 (19514534)|CODE_UNIT_STARTED|[EXTERNAL]|01p360000072U8D|selected
08:15:08.0 (19525544)|CODE_UNIT_FINISHED|selected
08:15:08.0 (19967470)|CODE_UNIT_STARTED|[EXTERNAL]|wrapAccount set(selected,false)
08:15:08.0 (20002991)|HEAP_ALLOCATE|[EXTERNAL]|Bytes:5
08:15:08.0 (20013011)|HEAP_ALLOCATE|[EXTERNAL]|Bytes:12
08:15:08.0 (20045883)|VARIABLE_ASSIGNMENT|[EXTERNAL]|this.selected|false|0x5c1fb05
08:15:08.0 (20053747)|CODE_UNIT_FINISHED|wrapAccount set(selected,false)
08:15:08.0 (20127222)|CODE_UNIT_STARTED|[EXTERNAL]|wrapAccount set(selected,false)
08:15:08.0 (20147995)|HEAP_ALLOCATE|[EXTERNAL]|Bytes:5
08:15:08.0 (20151476)|HEAP_ALLOCATE|[EXTERNAL]|Bytes:12
08:15:08.0 (20159317)|VARIABLE_ASSIGNMENT|[EXTERNAL]|this.selected|false|0x4a2d9a29
08:15:08.0 (20165510)|CODE_UNIT_FINISHED|wrapAccount set(selected,false)
08:15:08.0 (20236361)|CODE_UNIT_STARTED|[EXTERNAL]|wrapAccount set(selected,false)
08:15:08.0 (20256409)|HEAP_ALLOCATE|[EXTERNAL]|Bytes:5
08:15:08.0 (20259765)|HEAP_ALLOCATE|[EXTERNAL]|Bytes:12
08:15:08.0 (20267241)|VARIABLE_ASSIGNMENT|[EXTERNAL]|this.selected|false|0x2b518597
08:15:08.0 (20273059)|CODE_UNIT_FINISHED|wrapAccount set(selected,false)
08:15:08.0 (20343115)|CODE_UNIT_STARTED|[EXTERNAL]|wrapAccount set(selected,false)
08:15:08.0 (20363011)|HEAP_ALLOCATE|[EXTERNAL]|Bytes:5
08:15:08.0 (20366359)|HEAP_ALLOCATE|[EXTERNAL]|Bytes:12
08:15:08.0 (20373619)|VARIABLE_ASSIGNMENT|[EXTERNAL]|this.selected|false|0x802200b
08:15:08.0 (20379378)|CODE_UNIT_FINISHED|wrapAccount set(selected,false)
08:15:08.0 (20448493)|CODE_UNIT_STARTED|[EXTERNAL]|wrapAccount set(selected,true)
08:15:08.0 (20468663)|HEAP_ALLOCATE|[EXTERNAL]|Bytes:5
08:15:08.0 (20471934)|HEAP_ALLOCATE|[EXTERNAL]|Bytes:12
08:15:08.0 (20479217)|VARIABLE_ASSIGNMENT|[EXTERNAL]|this.selected|true|0x291fbdd
08:15:08.0 (20484917)|CODE_UNIT_FINISHED|wrapAccount set(selected,true)
08:15:08.0 (20553839)|CODE_UNIT_STARTED|[EXTERNAL]|wrapAccount set(selected,true)
08:15:08.0 (20578093)|HEAP_ALLOCATE|[EXTERNAL]|Bytes:5
08:15:08.0 (20582040)|HEAP_ALLOCATE|[EXTERNAL]|Bytes:12
08:15:08.0 (20589572)|VARIABLE_ASSIGNMENT|[EXTERNAL]|this.selected|true|0x244bd574
08:15:08.0 (20595588)|CODE_UNIT_FINISHED|wrapAccount set(selected,true)
08:15:08.0 (20665158)|CODE_UNIT_STARTED|[EXTERNAL]|wrapAccount set(selected,false)
08:15:08.0 (20684851)|HEAP_ALLOCATE|[EXTERNAL]|Bytes:5
08:15:08.0 (20688124)|HEAP_ALLOCATE|[EXTERNAL]|Bytes:12
08:15:08.0 (20695369)|VARIABLE_ASSIGNMENT|[EXTERNAL]|this.selected|false|0x3119157
08:15:08.0 (20700992)|CODE_UNIT_FINISHED|wrapAccount set(selected,false)
08:15:08.0 (20770211)|CODE_UNIT_STARTED|[EXTERNAL]|wrapAccount set(selected,false)
08:15:08.0 (20789847)|HEAP_ALLOCATE|[EXTERNAL]|Bytes:5
08:15:08.0 (20793010)|HEAP_ALLOCATE|[EXTERNAL]|Bytes:12
08:15:08.0 (20800282)|VARIABLE_ASSIGNMENT|[EXTERNAL]|this.selected|false|0x1a8aeb46
08:15:08.0 (20805854)|CODE_UNIT_FINISHED|wrapAccount set(selected,false)
08:15:08.0 (20874432)|CODE_UNIT_STARTED|[EXTERNAL]|wrapAccount set(selected,false)
08:15:08.0 (20894207)|HEAP_ALLOCATE|[EXTERNAL]|Bytes:5
08:15:08.0 (20897475)|HEAP_ALLOCATE|[EXTERNAL]|Bytes:12
08:15:08.0 (20904549)|VARIABLE_ASSIGNMENT|[EXTERNAL]|this.selected|false|0x1748a4d9
08:15:08.0 (20910310)|CODE_UNIT_FINISHED|wrapAccount set(selected,false)
08:15:08.0 (20982252)|CODE_UNIT_STARTED|[EXTERNAL]|wrapAccount set(selected,false)
08:15:08.0 (21002332)|HEAP_ALLOCATE|[EXTERNAL]|Bytes:5
08:15:08.0 (21006413)|HEAP_ALLOCATE|[EXTERNAL]|Bytes:12
08:15:08.0 (21013782)|VARIABLE_ASSIGNMENT|[EXTERNAL]|this.selected|false|0x6dd23331
08:15:08.0 (21019541)|CODE_UNIT_FINISHED|wrapAccount set(selected,false)
08:15:08.0 (21548201)|CODE_UNIT_STARTED|[EXTERNAL]|01p360000072U8D|AccountSelectClassController invoke(processSelected)
08:15:08.0 (21604933)|HEAP_ALLOCATE|[EXTERNAL]|Bytes:12
08:15:08.0 (21617213)|VARIABLE_SCOPE_BEGIN|[17]|this|AccountSelectClassController|true|false
08:15:08.0 (21654495)|VARIABLE_ASSIGNMENT|[17]|this|{"wrapAccountList":"0x28f17036"}|0x2a80f3ae
08:15:08.0 (21666228)|STATEMENT_EXECUTE|[17]
08:15:08.0 (21667898)|STATEMENT_EXECUTE|[18]
08:15:08.0 (21673814)|HEAP_ALLOCATE|[18]|Bytes:4
08:15:08.0 (21784116)|VARIABLE_ASSIGNMENT|[EXTERNAL]|this|{"wrapAccountList":"0x28f17036"}|0x2a80f3ae
08:15:08.0 (21792694)|HEAP_ALLOCATE|[EXTERNAL]|Bytes:4
08:15:08.0 (21810137)|VARIABLE_ASSIGNMENT|[EXTERNAL]|value|{"s":1,"v":[]}|0x1506348
08:15:08.0 (21823454)|VARIABLE_ASSIGNMENT|[5]|this.selectedAccounts|{"s":1,"v":[]}|0x2a80f3ae
08:15:08.0 (21873244)|VARIABLE_ASSIGNMENT|[EXTERNAL]|this|{"selectedAccounts":"0x1506348","wrapAccountList":"0x28f17036"}|0x2a80f3ae
08:15:08.0 (22122068)|HEAP_ALLOCATE|[20]|Bytes:5
08:15:08.0 (22140521)|HEAP_ALLOCATE|[20]|Bytes:12
08:15:08.0 (22149534)|VARIABLE_SCOPE_BEGIN|[20]|wrapAccountObj|AccountSelectClassController.wrapAccount|true|false
08:15:08.0 (22182243)|VARIABLE_ASSIGNMENT|[20]|wrapAccountObj|{"acc":"0x67dbec2d","selected":false}|0x5c1fb05
08:15:08.0 (22186896)|STATEMENT_EXECUTE|[20]
08:15:08.0 (22228248)|VARIABLE_ASSIGNMENT|[EXTERNAL]|this|{"acc":"0x67dbec2d","selected":false}|0x5c1fb05
08:15:08.0 (22240712)|STATEMENT_EXECUTE|[21]
08:15:08.0 (22252161)|HEAP_ALLOCATE|[20]|Bytes:5
08:15:08.0 (22261885)|HEAP_ALLOCATE|[20]|Bytes:12
08:15:08.0 (22267697)|VARIABLE_SCOPE_BEGIN|[20]|wrapAccountObj|AccountSelectClassController.wrapAccount|true|false
08:15:08.0 (22285326)|VARIABLE_ASSIGNMENT|[20]|wrapAccountObj|{"acc":"0x1ccfe596","selected":false}|0x4a2d9a29
08:15:08.0 (22288682)|STATEMENT_EXECUTE|[20]
08:15:08.0 (22307803)|VARIABLE_ASSIGNMENT|[EXTERNAL]|this|{"acc":"0x1ccfe596","selected":false}|0x4a2d9a29
08:15:08.0 (22316128)|STATEMENT_EXECUTE|[21]
08:15:08.0 (22325815)|HEAP_ALLOCATE|[20]|Bytes:5
08:15:08.0 (22334448)|HEAP_ALLOCATE|[20]|Bytes:12
08:15:08.0 (22339794)|VARIABLE_SCOPE_BEGIN|[20]|wrapAccountObj|AccountSelectClassController.wrapAccount|true|false
08:15:08.0 (22356062)|VARIABLE_ASSIGNMENT|[20]|wrapAccountObj|{"acc":"0x65ea93c2","selected":false}|0x2b518597
08:15:08.0 (22359260)|STATEMENT_EXECUTE|[20]
08:15:08.0 (22377451)|VARIABLE_ASSIGNMENT|[EXTERNAL]|this|{"acc":"0x65ea93c2","selected":false}|0x2b518597
08:15:08.0 (22385249)|STATEMENT_EXECUTE|[21]
08:15:08.0 (22394313)|HEAP_ALLOCATE|[20]|Bytes:5
08:15:08.0 (22402733)|HEAP_ALLOCATE|[20]|Bytes:12
08:15:08.0 (22407794)|VARIABLE_SCOPE_BEGIN|[20]|wrapAccountObj|AccountSelectClassController.wrapAccount|true|false
08:15:08.0 (22423128)|VARIABLE_ASSIGNMENT|[20]|wrapAccountObj|{"acc":"0x5d68b1d6","selected":false}|0x802200b
08:15:08.0 (22426179)|STATEMENT_EXECUTE|[20]
08:15:08.0 (22444199)|VARIABLE_ASSIGNMENT|[EXTERNAL]|this|{"acc":"0x5d68b1d6","selected":false}|0x802200b
08:15:08.0 (22452296)|STATEMENT_EXECUTE|[21]
08:15:08.0 (22461662)|HEAP_ALLOCATE|[20]|Bytes:5
08:15:08.0 (22470096)|HEAP_ALLOCATE|[20]|Bytes:12
08:15:08.0 (22475180)|VARIABLE_SCOPE_BEGIN|[20]|wrapAccountObj|AccountSelectClassController.wrapAccount|true|false
08:15:08.0 (22490850)|VARIABLE_ASSIGNMENT|[20]|wrapAccountObj|{"acc":"0x5aaebf24","selected":true}|0x291fbdd
08:15:08.0 (22493950)|STATEMENT_EXECUTE|[20]
08:15:08.0 (22511746)|VARIABLE_ASSIGNMENT|[EXTERNAL]|this|{"acc":"0x5aaebf24","selected":true}|0x291fbdd
08:15:08.0 (22519749)|STATEMENT_EXECUTE|[21]
08:15:08.0 (22521156)|STATEMENT_EXECUTE|[22]
08:15:08.0 (22558697)|VARIABLE_ASSIGNMENT|[EXTERNAL]|this|{"selectedAccounts":"0x1506348","wrapAccountList":"0x28f17036"}|0x2a80f3ae
08:15:08.0 (22595524)|VARIABLE_ASSIGNMENT|[EXTERNAL]|this|{"acc":"0x5aaebf24","selected":true}|0x291fbdd
08:15:08.0 (22620546)|HEAP_ALLOCATE|[EXTERNAL]|Bytes:4
08:15:08.0 (22635355)|HEAP_ALLOCATE|[20]|Bytes:5
08:15:08.0 (22644617)|HEAP_ALLOCATE|[20]|Bytes:12
08:15:08.0 (22650504)|VARIABLE_SCOPE_BEGIN|[20]|wrapAccountObj|AccountSelectClassController.wrapAccount|true|false
08:15:08.0 (22668473)|VARIABLE_ASSIGNMENT|[20]|wrapAccountObj|{"acc":"0x3f6ddea5","selected":true}|0x244bd574
08:15:08.0 (22671814)|STATEMENT_EXECUTE|[20]
08:15:08.0 (22690547)|VARIABLE_ASSIGNMENT|[EXTERNAL]|this|{"acc":"0x3f6ddea5","selected":true}|0x244bd574
08:15:08.0 (22698562)|STATEMENT_EXECUTE|[21]
08:15:08.0 (22700141)|STATEMENT_EXECUTE|[22]
08:15:08.0 (22717439)|VARIABLE_ASSIGNMENT|[EXTERNAL]|this|{"selectedAccounts":"0x1506348","wrapAccountList":"0x28f17036"}|0x2a80f3ae
08:15:08.0 (22738113)|VARIABLE_ASSIGNMENT|[EXTERNAL]|this|{"acc":"0x3f6ddea5","selected":true}|0x244bd574
08:15:08.0 (22752711)|HEAP_ALLOCATE|[EXTERNAL]|Bytes:4
08:15:08.0 (22765750)|HEAP_ALLOCATE|[20]|Bytes:5
08:15:08.0 (22774551)|HEAP_ALLOCATE|[20]|Bytes:12
08:15:08.0 (22780113)|VARIABLE_SCOPE_BEGIN|[20]|wrapAccountObj|AccountSelectClassController.wrapAccount|true|false
08:15:08.0 (22797045)|VARIABLE_ASSIGNMENT|[20]|wrapAccountObj|{"acc":"0x761fe068","selected":false}|0x3119157
08:15:08.0 (22800274)|STATEMENT_EXECUTE|[20]
08:15:08.0 (22818378)|VARIABLE_ASSIGNMENT|[EXTERNAL]|this|{"acc":"0x761fe068","selected":false}|0x3119157
08:15:08.0 (22826425)|STATEMENT_EXECUTE|[21]
08:15:08.0 (22835627)|HEAP_ALLOCATE|[20]|Bytes:5
08:15:08.0 (22844582)|HEAP_ALLOCATE|[20]|Bytes:12
08:15:08.0 (22849917)|VARIABLE_SCOPE_BEGIN|[20]|wrapAccountObj|AccountSelectClassController.wrapAccount|true|false
08:15:08.0 (22865512)|VARIABLE_ASSIGNMENT|[20]|wrapAccountObj|{"acc":"0x213541bf","selected":false}|0x1a8aeb46
08:15:08.0 (22868562)|STATEMENT_EXECUTE|[20]
08:15:08.0 (22886269)|VARIABLE_ASSIGNMENT|[EXTERNAL]|this|{"acc":"0x213541bf","selected":false}|0x1a8aeb46
08:15:08.0 (22893964)|STATEMENT_EXECUTE|[21]
08:15:08.0 (22902907)|HEAP_ALLOCATE|[20]|Bytes:5
08:15:08.0 (22911483)|HEAP_ALLOCATE|[20]|Bytes:12
08:15:08.0 (22916760)|VARIABLE_SCOPE_BEGIN|[20]|wrapAccountObj|AccountSelectClassController.wrapAccount|true|false
08:15:08.0 (22932158)|VARIABLE_ASSIGNMENT|[20]|wrapAccountObj|{"acc":"0x19389461","selected":false}|0x1748a4d9
08:15:08.0 (22935192)|STATEMENT_EXECUTE|[20]
08:15:08.0 (22952790)|VARIABLE_ASSIGNMENT|[EXTERNAL]|this|{"acc":"0x19389461","selected":false}|0x1748a4d9
08:15:08.0 (22960442)|STATEMENT_EXECUTE|[21]
08:15:08.0 (22969719)|HEAP_ALLOCATE|[20]|Bytes:5
08:15:08.0 (22988681)|HEAP_ALLOCATE|[20]|Bytes:12
08:15:08.0 (22997922)|VARIABLE_SCOPE_BEGIN|[20]|wrapAccountObj|AccountSelectClassController.wrapAccount|true|false
08:15:08.0 (23016622)|VARIABLE_ASSIGNMENT|[20]|wrapAccountObj|{"acc":"0x4871f915","selected":false}|0x6dd23331
08:15:08.0 (23020971)|STATEMENT_EXECUTE|[20]
08:15:08.0 (23040081)|VARIABLE_ASSIGNMENT|[EXTERNAL]|this|{"acc":"0x4871f915","selected":false}|0x6dd23331
08:15:08.0 (23048196)|STATEMENT_EXECUTE|[21]
08:15:08.0 (23058266)|HEAP_ALLOCATE|[20]|Bytes:5
08:15:08.0 (23068426)|VARIABLE_ASSIGNMENT|[20]|wrapAccountObj|null|
08:15:08.0 (23103439)|CODE_UNIT_FINISHED|AccountSelectClassController invoke(processSelected)
08:15:08.0 (23141814)|VF_APEX_CALL|j_id5|{!processSelected}|PageReference: none
08:15:08.0 (25372209)|CODE_UNIT_STARTED|[EXTERNAL]|01p360000072U8D|AccountSelectClassController get(wrapAccountList)
08:15:08.0 (25383870)|SYSTEM_MODE_ENTER|true
08:15:08.0 (25397421)|CODE_UNIT_STARTED|[EXTERNAL]|01p360000072U8D|wrapAccountList
08:15:08.0 (25409515)|CODE_UNIT_FINISHED|wrapAccountList
08:15:08.0 (25425642)|CODE_UNIT_FINISHED|AccountSelectClassController get(wrapAccountList)
08:15:08.0 (25662047)|CODE_UNIT_STARTED|[EXTERNAL]|01p360000072U8D|acc
08:15:08.0 (25674427)|CODE_UNIT_FINISHED|acc
08:15:08.0 (29961870)|CODE_UNIT_STARTED|[EXTERNAL]|01p360000072U8D|AccountSelectClassController get(selectedAccounts)
08:15:08.0 (29972755)|SYSTEM_MODE_ENTER|true
08:15:08.0 (29986505)|CODE_UNIT_STARTED|[EXTERNAL]|01p360000072U8D|selectedAccounts
08:15:08.0 (29998543)|CODE_UNIT_FINISHED|selectedAccounts
08:15:08.0 (30014448)|CODE_UNIT_FINISHED|AccountSelectClassController get(selectedAccounts)
08:15:08.0 (36777853)|VF_SERIALIZE_VIEWSTATE_BEGIN|06636000002mOgR
08:15:08.0 (48865940)|VF_SERIALIZE_VIEWSTATE_END
08:15:08.0 (57746323)|CODE_UNIT_STARTED|[EXTERNAL]|Generate Metadata
08:15:08.0 (61141952)|CODE_UNIT_FINISHED|Generate Metadata
08:15:08.65 (65663980)|CUMULATIVE_LIMIT_USAGE
08:15:08.65 (65663980)|LIMIT_USAGE_FOR_NS|(default)|
  Number of SOQL queries: 0 out of 100
  Number of query rows: 0 out of 50000
  Number of SOSL queries: 0 out of 20
  Number of DML statements: 0 out of 150
  Number of DML rows: 0 out of 10000
  Maximum CPU time: 0 out of 10000
  Maximum heap size: 0 out of 6000000
  Number of callouts: 0 out of 100
  Number of Email Invocations: 0 out of 10
  Number of future calls: 0 out of 50
  Number of queueable jobs added to the queue: 0 out of 50
  Number of Mobile Apex push calls: 0 out of 10

08:15:08.65 (65663980)|CUMULATIVE_LIMIT_USAGE_END

08:15:08.0 (65713659)|CODE_UNIT_FINISHED|VF: /apex/AccountWrapper
08:15:08.0 (66994592)|EXECUTION_FINISHED
