36.0 APEX_CODE,FINEST;APEX_PROFILING,INFO;CALLOUT,INFO;DB,INFO;SYSTEM,DEBUG;VALIDATION,INFO;VISUALFORCE,INFO;WORKFLOW,INFO
04:45:01.0 (507573)|EXECUTION_STARTED
04:45:01.0 (560202)|CODE_UNIT_STARTED|[EXTERNAL]|06636000002n7XB|VF: /apex/DraftsToPersonTable
04:45:01.0 (4113106)|CODE_UNIT_STARTED|[EXTERNAL]|01p360000074pQr|DraftsToPersons <init>
04:45:01.0 (4130897)|SYSTEM_MODE_ENTER|true
04:45:01.0 (4763219)|HEAP_ALLOCATE|[72]|Bytes:3
04:45:01.0 (4835009)|HEAP_ALLOCATE|[77]|Bytes:152
04:45:01.0 (4858566)|HEAP_ALLOCATE|[342]|Bytes:408
04:45:01.0 (4880022)|HEAP_ALLOCATE|[355]|Bytes:408
04:45:01.0 (4899007)|HEAP_ALLOCATE|[467]|Bytes:48
04:45:01.0 (4947400)|HEAP_ALLOCATE|[139]|Bytes:6
04:45:01.0 (4978822)|HEAP_ALLOCATE|[EXTERNAL]|Bytes:10
04:45:01.0 (4985437)|HEAP_ALLOCATE|[EXTERNAL]|Bytes:144
04:45:01.0 (4989215)|HEAP_ALLOCATE|[EXTERNAL]|Bytes:21
04:45:01.0 (5014731)|METHOD_ENTRY|[1]|01p360000074pQr|DraftsToPersons.DraftsToPersons()
04:45:01.0 (5021998)|STATEMENT_EXECUTE|[1]
04:45:01.0 (5033225)|STATEMENT_EXECUTE|[1]
04:45:01.0 (5073842)|HEAP_ALLOCATE|[50]|Bytes:5
04:45:01.0 (5105364)|HEAP_ALLOCATE|[56]|Bytes:5
04:45:01.0 (5116402)|HEAP_ALLOCATE|[64]|Bytes:7
04:45:01.0 (5145960)|SYSTEM_MODE_ENTER|false
04:45:01.0 (5164403)|HEAP_ALLOCATE|[EXTERNAL]|Bytes:5
04:45:01.0 (5168821)|STATEMENT_EXECUTE|[67]
04:45:01.0 (5175562)|SYSTEM_MODE_EXIT|false
04:45:01.0 (5190472)|METHOD_EXIT|[1]|DraftsToPersons
04:45:01.0 (5703480)|HEAP_ALLOCATE|[EXTERNAL]|Bytes:20
04:45:01.0 (5719303)|VARIABLE_SCOPE_BEGIN|[7]|this|DraftsToPersons|true|false
04:45:01.0 (5811529)|VARIABLE_ASSIGNMENT|[7]|this|{}|0x40b75cea
04:45:01.0 (5825752)|SYSTEM_MODE_ENTER|false
04:45:01.0 (5830949)|HEAP_ALLOCATE|[EXTERNAL]|Bytes:5
04:45:01.0 (5834864)|STATEMENT_EXECUTE|[1]
04:45:01.0 (5837801)|HEAP_ALLOCATE|[EXTERNAL]|Bytes:5
04:45:01.0 (5839737)|STATEMENT_EXECUTE|[2]
04:45:01.0 (5840851)|STATEMENT_EXECUTE|[3]
04:45:01.0 (5841827)|STATEMENT_EXECUTE|[4]
04:45:01.0 (5842800)|STATEMENT_EXECUTE|[5]
04:45:01.0 (5853327)|HEAP_ALLOCATE|[EXTERNAL]|Bytes:6
04:45:01.0 (5881320)|STATEMENT_EXECUTE|[8]
04:45:01.0 (5886898)|SYSTEM_MODE_EXIT|false
04:45:01.0 (5906605)|CODE_UNIT_FINISHED|DraftsToPersons <init>
04:45:01.0 (5969850)|CODE_UNIT_STARTED|[EXTERNAL]|01p360000074pQr|DraftsToPersons get(Persons)
04:45:01.0 (5978546)|SYSTEM_MODE_ENTER|true
04:45:01.0 (6016349)|CODE_UNIT_STARTED|[EXTERNAL]|01p360000074pQr|DraftsToPersons invoke(getPersons)
04:45:01.0 (6062455)|HEAP_ALLOCATE|[EXTERNAL]|Bytes:20
04:45:01.0 (6072756)|VARIABLE_SCOPE_BEGIN|[22]|this|DraftsToPersons|true|false
04:45:01.0 (6092009)|VARIABLE_ASSIGNMENT|[22]|this|{}|0x40b75cea
04:45:01.0 (6107545)|SYSTEM_MODE_ENTER|false
04:45:01.0 (6112169)|HEAP_ALLOCATE|[24]|Bytes:5
04:45:01.0 (6116175)|STATEMENT_EXECUTE|[23]
04:45:01.0 (6178966)|VARIABLE_ASSIGNMENT|[EXTERNAL]|this|{}|0x40b75cea
04:45:01.0 (6194405)|STATEMENT_EXECUTE|[25]
04:45:01.0 (6195947)|STATEMENT_EXECUTE|[26]
04:45:01.0 (6200201)|HEAP_ALLOCATE|[26]|Bytes:41
04:45:01.0 (6215080)|HEAP_ALLOCATE|[26]|Bytes:4
04:45:01.0 (6546574)|SOQL_EXECUTE_BEGIN|[26]|Aggregations:0|SELECT id, Name FROM Person__c LIMIT 1000
04:45:01.0 (9984671)|SOQL_EXECUTE_END|[26]|Rows:2
04:45:01.0 (10009833)|HEAP_ALLOCATE|[26]|Bytes:12
04:45:01.0 (10035713)|HEAP_ALLOCATE|[26]|Bytes:97
04:45:01.0 (10080057)|HEAP_ALLOCATE|[26]|Bytes:12
04:45:01.0 (10127609)|VARIABLE_ASSIGNMENT|[EXTERNAL]|this|{}|0x40b75cea
04:45:01.0 (10172387)|VARIABLE_ASSIGNMENT|[EXTERNAL]|value|{"s":1,"v":[{"s":2,"v":{"Id":"a0N36000000xneOEAQ","Name":"Andiy Lokotosh"}},{"s":3,"v":{"Id":"a0N36000000xneTEAQ","Name":"Jon Smith"}}]}|0x32dbd60
04:45:01.0 (10209694)|VARIABLE_ASSIGNMENT|[3]|this.pers|{"s":1,"v":[{"s":2,"v":{"Id":"a0N36000000xneOEAQ","Name":"Andiy Lokotosh"}},{"s":3,"v":{"Id":"a0N36000000xneTEAQ","Name":"Jon Smith"}}]}|0x40b75cea
04:45:01.0 (10222022)|STATEMENT_EXECUTE|[29]
04:45:01.0 (10281636)|VARIABLE_ASSIGNMENT|[EXTERNAL]|this|{"pers":"0x32dbd60"}|0x40b75cea
04:45:01.0 (10298966)|SYSTEM_MODE_EXIT|false
04:45:01.0 (10320360)|CODE_UNIT_FINISHED|DraftsToPersons invoke(getPersons)
04:45:01.0 (10340926)|CODE_UNIT_FINISHED|DraftsToPersons get(Persons)
04:45:01.38 (38155753)|CUMULATIVE_LIMIT_USAGE
04:45:01.38 (38155753)|LIMIT_USAGE_FOR_NS|(default)|
  Number of SOQL queries: 1 out of 100
  Number of query rows: 2 out of 50000
  Number of SOSL queries: 0 out of 20
  Number of DML statements: 0 out of 150
  Number of DML rows: 0 out of 10000
  Maximum CPU time: 0 out of 10000
  Maximum heap size: 0 out of 6000000
  Number of callouts: 0 out of 100
  Number of Email Invocations: 0 out of 10
  Number of future calls: 0 out of 50
  Number of queueable jobs added to the queue: 0 out of 50
  Number of Mobile Apex push calls: 0 out of 10

04:45:01.38 (38155753)|CUMULATIVE_LIMIT_USAGE_END

04:45:01.0 (38225314)|CODE_UNIT_FINISHED|VF: /apex/DraftsToPersonTable
04:45:01.0 (40041325)|EXECUTION_FINISHED
