36.0 APEX_CODE,FINEST;APEX_PROFILING,INFO;CALLOUT,INFO;DB,INFO;SYSTEM,DEBUG;VALIDATION,INFO;VISUALFORCE,INFO;WORKFLOW,INFO
08:00:54.0 (127485)|EXECUTION_STARTED
08:00:54.0 (182208)|CODE_UNIT_STARTED|[EXTERNAL]|TRIGGERS
08:00:54.0 (247405)|CODE_UNIT_STARTED|[EXTERNAL]|01q3600000069Nx|EmailFieldESkills on Employee_Skills trigger event BeforeInsert for [new]
08:00:54.0 (341418)|HEAP_ALLOCATE|[EXTERNAL]|Bytes:8
08:00:54.0 (1036284)|HEAP_ALLOCATE|[72]|Bytes:3
08:00:54.0 (1133701)|HEAP_ALLOCATE|[77]|Bytes:152
08:00:54.0 (1174771)|HEAP_ALLOCATE|[342]|Bytes:408
08:00:54.0 (1215839)|HEAP_ALLOCATE|[355]|Bytes:408
08:00:54.0 (1253402)|HEAP_ALLOCATE|[467]|Bytes:48
08:00:54.0 (1311533)|HEAP_ALLOCATE|[139]|Bytes:6
08:00:54.0 (1374639)|HEAP_ALLOCATE|[EXTERNAL]|Bytes:4
08:00:54.0 (1392400)|VARIABLE_SCOPE_BEGIN|[1]|this|EmailFieldESkills|true|false
08:00:54.0 (1479575)|VARIABLE_ASSIGNMENT|[1]|this|{}|0x2b5596b8
08:00:54.0 (1573929)|HEAP_ALLOCATE|[EXTERNAL]|Bytes:4
08:00:54.0 (1586773)|VARIABLE_SCOPE_BEGIN|[1]|this|EmailFieldESkills|true|false
08:00:54.0 (1608358)|VARIABLE_ASSIGNMENT|[1]|this|{}|0x2b5596b8
08:00:54.0 (1618264)|STATEMENT_EXECUTE|[1]
08:00:54.0 (1624326)|STATEMENT_EXECUTE|[2]
08:00:54.0 (1639372)|VARIABLE_SCOPE_BEGIN|[2]|i|Integer|false|false
08:00:54.0 (1647192)|HEAP_ALLOCATE|[2]|Bytes:4
08:00:54.0 (1659205)|VARIABLE_ASSIGNMENT|[2]|i|0
08:00:54.0 (1717402)|HEAP_ALLOCATE|[50]|Bytes:5
08:00:54.0 (1761467)|HEAP_ALLOCATE|[56]|Bytes:5
08:00:54.0 (1785210)|HEAP_ALLOCATE|[64]|Bytes:7
08:00:54.0 (2210033)|STATEMENT_EXECUTE|[2]
08:00:54.0 (2622874)|HEAP_ALLOCATE|[6]|Bytes:5
08:00:54.0 (2669537)|HEAP_ALLOCATE|[6]|Bytes:4
08:00:54.0 (2691786)|VARIABLE_SCOPE_BEGIN|[6]|e|Employee_Skills__c|true|false
08:00:54.0 (3394579)|VARIABLE_ASSIGNMENT|[6]|e|{"Employee__c":"a0A36000002VEpNEAW","IsDeleted":false,"Employee_Email__c":"rere@daddsf.com","Project__c":"a0736000000Ex6cAAC","Grade__c":3,"Status__c":"Waiting for Submit","Name":"www"}|0x68eb258
08:00:54.0 (3405745)|STATEMENT_EXECUTE|[7]
08:00:54.0 (3408239)|STATEMENT_EXECUTE|[8]
08:00:54.0 (3413956)|HEAP_ALLOCATE|[8]|Bytes:15
08:00:54.0 (3762991)|VARIABLE_ASSIGNMENT|[8]|this.Employee_Email__c|"example.@ee.com"|0x68eb258
08:00:54.0 (3787268)|HEAP_ALLOCATE|[6]|Bytes:5
08:00:54.0 (3811279)|VARIABLE_ASSIGNMENT|[6]|e|null|
08:00:54.0 (3817567)|HEAP_ALLOCATE|[2]|Bytes:4
08:00:54.0 (3826596)|VARIABLE_ASSIGNMENT|[2]|i|1
08:00:54.3 (3879729)|CUMULATIVE_LIMIT_USAGE
08:00:54.3 (3879729)|LIMIT_USAGE_FOR_NS|(default)|
  Number of SOQL queries: 0 out of 100
  Number of query rows: 0 out of 50000
  Number of SOSL queries: 0 out of 20
  Number of DML statements: 0 out of 150
  Number of DML rows: 0 out of 10000
  Maximum CPU time: 0 out of 10000
  Maximum heap size: 0 out of 6000000
  Number of callouts: 0 out of 100
  Number of Email Invocations: 0 out of 10
  Number of future calls: 0 out of 50
  Number of queueable jobs added to the queue: 0 out of 50
  Number of Mobile Apex push calls: 0 out of 10

08:00:54.3 (3879729)|CUMULATIVE_LIMIT_USAGE_END

08:00:54.0 (5171477)|CODE_UNIT_FINISHED|EmailFieldESkills on Employee_Skills trigger event BeforeInsert for [new]
08:00:54.0 (15962810)|CODE_UNIT_STARTED|[EXTERNAL]|Validation:Employee_Skills:new
08:00:54.0 (15979539)|VALIDATION_RULE|03d360000004uZ7|Grade_Validation
08:00:54.0 (16212856)|VALIDATION_FORMULA|OR( 
ISBLANK(Grade__c),
  Grade__c >5,
  Grade__c <0
)|Grade__c=3
08:00:54.0 (16221492)|VALIDATION_PASS
08:00:54.0 (16252873)|CODE_UNIT_FINISHED|Validation:Employee_Skills:new
08:00:54.0 (47875179)|CODE_UNIT_STARTED|[EXTERNAL]|01q3600000063GL|EmployeeSkillsEmailTrigger on Employee_Skills trigger event AfterInsert for [a0C36000000iqcX]
08:00:54.0 (47921744)|HEAP_ALLOCATE|[EXTERNAL]|Bytes:8
08:00:54.0 (48165130)|HEAP_ALLOCATE|[EXTERNAL]|Bytes:2
08:00:54.0 (48415876)|HEAP_ALLOCATE|[EXTERNAL]|Bytes:48
08:00:54.0 (48436219)|VARIABLE_SCOPE_BEGIN|[48]|this|EmployeeSkillsEmailTrigger|true|false
08:00:54.0 (48520519)|VARIABLE_ASSIGNMENT|[48]|this|{}|0x220dedfc
08:00:54.0 (48613252)|HEAP_ALLOCATE|[EXTERNAL]|Bytes:48
08:00:54.0 (48625750)|VARIABLE_SCOPE_BEGIN|[48]|this|EmployeeSkillsEmailTrigger|true|false
08:00:54.0 (48655407)|VARIABLE_ASSIGNMENT|[48]|this|{}|0x220dedfc
08:00:54.0 (48665833)|STATEMENT_EXECUTE|[48]
08:00:54.0 (48669517)|STATEMENT_EXECUTE|[51]
08:00:54.0 (49247601)|VARIABLE_ASSIGNMENT|[51]|this.rdv|{"LastModifiedDate":"2016-03-31T15:00:54.000Z","IsDeleted":false,"Project__c":"a0736000000Ex6cAAC","Name":"www","SystemModstamp":"2016-03-31T15:00:54.000Z","Employee__c":"a0A36000002VEpNEAW","CreatedById":"005360000011kEEAAY","Employee_Email__c":"example.@ee.com","CreatedDate":"2016-03-31T15:00:54.000Z","Id":"a0C36000000iqcXEAQ","Grade__c":3,"Status__c":"Waiting for Submit","LastModifiedById":"005360000011kEEAAY"}|0x220dedfc
08:00:54.0 (49259555)|STATEMENT_EXECUTE|[52]
08:00:54.0 (49471499)|VARIABLE_ASSIGNMENT|[52]|this.userid|"005360000011kEEAAY"|0x220dedfc
08:00:54.0 (49478835)|STATEMENT_EXECUTE|[53]
08:00:54.0 (49486171)|HEAP_ALLOCATE|[53]|Bytes:56
08:00:54.0 (49509414)|HEAP_ALLOCATE|[53]|Bytes:4
08:00:54.0 (49529245)|HEAP_ALLOCATE|[53]|Bytes:7
08:00:54.0 (51040995)|SOQL_EXECUTE_BEGIN|[53]|Aggregations:0|SELECT Name, Email FROM User WHERE Id = :tmpVar1 LIMIT 1
08:00:54.0 (54452538)|SOQL_EXECUTE_END|[53]|Rows:1
08:00:54.0 (54479382)|HEAP_ALLOCATE|[53]|Bytes:8
08:00:54.0 (54506162)|HEAP_ALLOCATE|[53]|Bytes:86
08:00:54.0 (54577338)|HEAP_ALLOCATE|[53]|Bytes:8
08:00:54.0 (54590477)|HEAP_ALLOCATE|[53]|Bytes:30
08:00:54.0 (54720441)|HEAP_ALLOCATE|[53]|Bytes:16
08:00:54.0 (54775789)|VARIABLE_ASSIGNMENT|[53]|this.activeUser|{"s":1,"v":{"Name":"Andrew Lokotosh","Email":"andriy.lokotosh@gmai (5 more) ...","Id":"005360000011kEEAAY"}}|0x220dedfc
08:00:54.0 (54783851)|STATEMENT_EXECUTE|[54]
08:00:54.0 (54845506)|VARIABLE_ASSIGNMENT|[54]|this.userName|"Andrew Lokotosh"|0x220dedfc
08:00:54.0 (54852162)|STATEMENT_EXECUTE|[55]
08:00:54.0 (54906135)|VARIABLE_ASSIGNMENT|[55]|this.userEmail|"andriy.lokotosh@gmai (5 more) ..."|0x220dedfc
08:00:54.0 (54912329)|STATEMENT_EXECUTE|[56]
08:00:54.0 (54970203)|VARIABLE_ASSIGNMENT|[56]|this.employeeskills|"www"|0x220dedfc
08:00:54.0 (54976644)|STATEMENT_EXECUTE|[58]
08:00:54.0 (55066376)|USER_DEBUG|[58]|DEBUG|andriy.lokotosh@gmail.com
08:00:54.0 (55082169)|STATEMENT_EXECUTE|[59]
08:00:54.0 (55088374)|HEAP_ALLOCATE|[59]|Bytes:94
08:00:54.0 (55098916)|HEAP_ALLOCATE|[59]|Bytes:4
08:00:54.0 (55565725)|SOQL_EXECUTE_BEGIN|[59]|Aggregations:0|SELECT Id, Name, HtmlValue, Subject, Body FROM EmailTemplate WHERE Name = 'NewSkillWasCreated'
08:00:54.0 (95823984)|SOQL_EXECUTE_END|[59]|Rows:1
08:00:54.0 (95856832)|HEAP_ALLOCATE|[59]|Bytes:8
08:00:54.0 (95870475)|HEAP_ALLOCATE|[59]|Bytes:162
08:00:54.0 (95953929)|HEAP_ALLOCATE|[59]|Bytes:8
08:00:54.0 (95973219)|HEAP_ALLOCATE|[59]|Bytes:39
08:00:54.0 (96083522)|HEAP_ALLOCATE|[59]|Bytes:24
08:00:54.0 (96158245)|VARIABLE_ASSIGNMENT|[59]|this.emailTemplate|{"s":1,"v":{"Id":"00X36000000QbewEAC","Name":"NewSkillWasCreated","Subject":"New Skill Was Create (2 more) ...","Body":"Dear, {!CreatedBy}!\r (33 more) ..."}}|0x220dedfc
08:00:54.0 (96165405)|STATEMENT_EXECUTE|[60]
08:00:54.0 (96193401)|VARIABLE_ASSIGNMENT|[60]|this.htmlBody|null|0x220dedfc
08:00:54.0 (96196442)|STATEMENT_EXECUTE|[63]
08:00:54.0 (96237974)|VARIABLE_ASSIGNMENT|[63]|this.plainBody|"Dear, {!CreatedBy}!\r (33 more) ..."|0x220dedfc
08:00:54.0 (96242624)|STATEMENT_EXECUTE|[64]
08:00:54.0 (96251511)|HEAP_ALLOCATE|[64]|Bytes:12
08:00:54.0 (96357134)|HEAP_ALLOCATE|[64]|Bytes:56
08:00:54.0 (96388131)|VARIABLE_ASSIGNMENT|[64]|this.plainBody|"Dear, Andrew Lokotos (36 more) ..."|0x220dedfc
08:00:54.0 (96391739)|STATEMENT_EXECUTE|[65]
08:00:54.0 (96400301)|HEAP_ALLOCATE|[65]|Bytes:7
08:00:54.0 (96445643)|HEAP_ALLOCATE|[65]|Bytes:52
08:00:54.0 (96473492)|VARIABLE_ASSIGNMENT|[65]|this.plainBody|"Dear, Andrew Lokotos (32 more) ..."|0x220dedfc
08:00:54.0 (96476959)|STATEMENT_EXECUTE|[67]
08:00:54.0 (96607283)|VARIABLE_ASSIGNMENT|[67]|this.mail|"common.api.soap.wsdl.SingleEmailMessage@4381ea02"|0x220dedfc
08:00:54.0 (96612437)|STATEMENT_EXECUTE|[68]
08:00:54.0 (96624993)|HEAP_ALLOCATE|[68]|Bytes:18
08:00:54.0 (96700612)|STATEMENT_EXECUTE|[69]
08:00:54.0 (96712436)|HEAP_ALLOCATE|[69]|Bytes:22
08:00:54.0 (96745523)|STATEMENT_EXECUTE|[70]
08:00:54.0 (96789487)|STATEMENT_EXECUTE|[71]
08:00:54.0 (96824480)|STATEMENT_EXECUTE|[72]
08:00:54.0 (96860090)|STATEMENT_EXECUTE|[73]
08:00:54.0 (96920968)|STATEMENT_EXECUTE|[74]
08:00:54.0 (96956707)|STATEMENT_EXECUTE|[75]
08:00:54.0 (96986458)|STATEMENT_EXECUTE|[76]
08:00:54.0 (96995494)|HEAP_ALLOCATE|[76]|Bytes:4
08:00:54.0 (97063617)|HEAP_ALLOCATE|[EXTERNAL]|Bytes:4
08:00:54.0 (97081118)|VARIABLE_ASSIGNMENT|[76]|this.sendTo|{"s":1,"v":[]}|0x220dedfc
08:00:54.0 (97084310)|STATEMENT_EXECUTE|[77]
08:00:54.0 (97130571)|HEAP_ALLOCATE|[EXTERNAL]|Bytes:4
08:00:54.0 (97138990)|STATEMENT_EXECUTE|[78]
08:00:54.0 (97181385)|STATEMENT_EXECUTE|[79]
08:00:54.0 (97206089)|HEAP_ALLOCATE|[79]|Bytes:4
08:00:54.0 (97304308)|HEAP_ALLOCATE|[EXTERNAL]|Bytes:8
08:00:54.0 (97336069)|HEAP_ALLOCATE|[EXTERNAL]|Bytes:8
08:00:54.0 (101197794)|EMAIL_QUEUE|[79]|replyTo: support@salesforce.com, subject: New Skill Was Created!, senderDisplayName: Salesforce Support, bccSender: false, saveAsActivity: false, useSignature: false, toAddresses: [andriy.lokotosh@gmail.com], plainTextBody: Dear, Andrew Lokotosh!

A new skill www was added!, 
08:00:54.0 (101310540)|HEAP_ALLOCATE|[EXTERNAL]|Bytes:8
08:00:54.101 (101348653)|CUMULATIVE_LIMIT_USAGE
08:00:54.101 (101348653)|LIMIT_USAGE_FOR_NS|(default)|
  Number of SOQL queries: 2 out of 100
  Number of query rows: 2 out of 50000
  Number of SOSL queries: 0 out of 20
  Number of DML statements: 0 out of 150
  Number of DML rows: 0 out of 10000
  Maximum CPU time: 0 out of 10000
  Maximum heap size: 0 out of 6000000
  Number of callouts: 0 out of 100
  Number of Email Invocations: 1 out of 10
  Number of future calls: 0 out of 50
  Number of queueable jobs added to the queue: 0 out of 50
  Number of Mobile Apex push calls: 0 out of 10

08:00:54.101 (101348653)|CUMULATIVE_LIMIT_USAGE_END

08:00:54.0 (102763499)|CODE_UNIT_FINISHED|EmployeeSkillsEmailTrigger on Employee_Skills trigger event AfterInsert for [a0C36000000iqcX]
08:00:54.0 (104067220)|CODE_UNIT_STARTED|[EXTERNAL]|Workflow:01I360000002Vi7
08:00:54.0 (118352853)|WF_RULE_EVAL_BEGIN|Workflow
08:00:54.0 (118402031)|WF_CRITERIA_BEGIN|[Employee Skills: www a0C36000000iqcX]|ESkills30136000000L4ky|01Q360000004R9K|ON_ALL_CHANGES|0
08:00:54.0 (118571319)|WF_FORMULA|Formula:ENCODED:[treatNullAsNull]true|Values:
08:00:54.0 (118583290)|WF_CRITERIA_END|true
08:00:54.0 (135825262)|WF_CRITERIA_BEGIN|[Employee Skills: www a0C36000000iqcX]|SendEmailAlert30136000000L4lD|01Q360000004R9P|ON_ALL_CHANGES|0
08:00:54.0 (135958926)|WF_FORMULA|Formula:ENCODED:[treatNullAsNull]true|Values:
08:00:54.0 (135971758)|WF_CRITERIA_END|true
08:00:54.0 (136015910)|WF_SPOOL_ACTION_BEGIN|Workflow
08:00:54.0 (136071693)|WF_ACTION| Flow Trigger: 2;
08:00:54.0 (136078438)|WF_RULE_EVAL_END
08:00:54.0 (137114220)|WF_FLOW_ACTION_BEGIN|09L36000000CiXq
08:00:54.137 (137233087)|FLOW_CREATE_INTERVIEW_BEGIN|00D36000000JiIA|30036000000Gr5Z|30136000000L4ky
08:00:54.137 (139996128)|FLOW_CREATE_INTERVIEW_END|8155172f06ecd80e31a4454529b4153cd2f62e9-762d|UpdateEmail
08:00:54.140 (140575952)|FLOW_START_INTERVIEWS_BEGIN|1
08:00:54.140 (141450947)|FLOW_START_INTERVIEW_BEGIN|8155172f06ecd80e31a4454529b4153cd2f62e9-762d|UpdateEmail
08:00:54.140 (142306089)|FLOW_START_INTERVIEW_END|8155172f06ecd80e31a4454529b4153cd2f62e9-762d|UpdateEmail
08:00:54.176 (176920442)|CODE_UNIT_STARTED|[EXTERNAL]|Validation:Employee_Skills:a0C36000000iqcX
08:00:54.176 (176953549)|VALIDATION_RULE|03d360000004uZ7|Grade_Validation
08:00:54.176 (177096102)|VALIDATION_FORMULA|OR( 
ISBLANK(Grade__c),
  Grade__c >5,
  Grade__c <0
)|Grade__c=3
08:00:54.176 (177102035)|VALIDATION_PASS
08:00:54.176 (177125655)|CODE_UNIT_FINISHED|Validation:Employee_Skills:a0C36000000iqcX
08:00:54.190 (190439534)|CODE_UNIT_STARTED|[EXTERNAL]|01q3600000063GL|EmployeeSkillsEmailTrigger on Employee_Skills trigger event AfterUpdate for [a0C36000000iqcX]
08:00:54.190 (190487205)|HEAP_ALLOCATE|[EXTERNAL]|Bytes:8
08:00:54.190 (190524749)|HEAP_ALLOCATE|[EXTERNAL]|Bytes:8
08:00:54.190 (190611894)|HEAP_ALLOCATE|[EXTERNAL]|Bytes:48
08:00:54.190 (190626198)|VARIABLE_SCOPE_BEGIN|[48]|this|EmployeeSkillsEmailTrigger|true|false
08:00:54.190 (190705443)|VARIABLE_ASSIGNMENT|[48]|this|{}|0x6967d02c
08:00:54.190 (190744789)|HEAP_ALLOCATE|[EXTERNAL]|Bytes:48
08:00:54.190 (190751910)|VARIABLE_SCOPE_BEGIN|[48]|this|EmployeeSkillsEmailTrigger|true|false
08:00:54.190 (190768310)|VARIABLE_ASSIGNMENT|[48]|this|{}|0x6967d02c
08:00:54.190 (190774696)|STATEMENT_EXECUTE|[48]
08:00:54.190 (190776939)|STATEMENT_EXECUTE|[51]
08:00:54.190 (191118330)|VARIABLE_ASSIGNMENT|[51]|this.rdv|{"LastModifiedDate":"2016-03-31T15:00:54.000Z","IsDeleted":false,"Project__c":"a0736000000Ex6cAAC","Name":"www","SystemModstamp":"2016-03-31T15:00:54.000Z","Employee__c":"a0A36000002VEpNEAW","CreatedById":"005360000011kEEAAY","Employee_Email__c":"dasd@sdfsd.com","CreatedDate":"2016-03-31T15:00:54.000Z","Id":"a0C36000000iqcXEAQ","Grade__c":3,"Status__c":"Waiting for Submit","LastModifiedById":"005360000011kEEAAY"}|0x6967d02c
08:00:54.190 (191127413)|STATEMENT_EXECUTE|[52]
08:00:54.190 (191284910)|VARIABLE_ASSIGNMENT|[52]|this.userid|"005360000011kEEAAY"|0x6967d02c
08:00:54.190 (191291833)|STATEMENT_EXECUTE|[53]
08:00:54.190 (191301053)|HEAP_ALLOCATE|[53]|Bytes:4
08:00:54.190 (191583396)|SOQL_EXECUTE_BEGIN|[53]|Aggregations:0|SELECT Name, Email FROM User WHERE Id = :tmpVar1 LIMIT 1
08:00:54.190 (194967752)|SOQL_EXECUTE_END|[53]|Rows:1
08:00:54.190 (194986885)|HEAP_ALLOCATE|[53]|Bytes:8
08:00:54.190 (195005213)|HEAP_ALLOCATE|[53]|Bytes:86
08:00:54.190 (195023208)|HEAP_ALLOCATE|[53]|Bytes:8
08:00:54.190 (195060686)|HEAP_ALLOCATE|[53]|Bytes:16
08:00:54.190 (195097425)|VARIABLE_ASSIGNMENT|[53]|this.activeUser|{"s":1,"v":{"Name":"Andrew Lokotosh","Email":"andriy.lokotosh@gmai (5 more) ...","Id":"005360000011kEEAAY"}}|0x6967d02c
08:00:54.190 (195101997)|STATEMENT_EXECUTE|[54]
08:00:54.190 (195125191)|VARIABLE_ASSIGNMENT|[54]|this.userName|"Andrew Lokotosh"|0x6967d02c
08:00:54.190 (195128102)|STATEMENT_EXECUTE|[55]
08:00:54.190 (195143426)|VARIABLE_ASSIGNMENT|[55]|this.userEmail|"andriy.lokotosh@gmai (5 more) ..."|0x6967d02c
08:00:54.190 (195146101)|STATEMENT_EXECUTE|[56]
08:00:54.190 (195158752)|VARIABLE_ASSIGNMENT|[56]|this.employeeskills|"www"|0x6967d02c
08:00:54.190 (195161211)|STATEMENT_EXECUTE|[58]
08:00:54.190 (195181786)|USER_DEBUG|[58]|DEBUG|andriy.lokotosh@gmail.com
08:00:54.190 (195188321)|STATEMENT_EXECUTE|[59]
08:00:54.190 (195193820)|HEAP_ALLOCATE|[59]|Bytes:4
08:00:54.190 (195417734)|SOQL_EXECUTE_BEGIN|[59]|Aggregations:0|SELECT Id, Name, HtmlValue, Subject, Body FROM EmailTemplate WHERE Name = 'NewSkillWasCreated'
08:00:54.190 (208588791)|SOQL_EXECUTE_END|[59]|Rows:1
08:00:54.190 (208618359)|HEAP_ALLOCATE|[59]|Bytes:8
08:00:54.190 (208631221)|HEAP_ALLOCATE|[59]|Bytes:162
08:00:54.190 (208659283)|HEAP_ALLOCATE|[59]|Bytes:8
08:00:54.190 (208711307)|HEAP_ALLOCATE|[59]|Bytes:24
08:00:54.190 (208782050)|VARIABLE_ASSIGNMENT|[59]|this.emailTemplate|{"s":1,"v":{"Id":"00X36000000QbewEAC","Name":"NewSkillWasCreated","Subject":"New Skill Was Create (2 more) ...","Body":"Dear, {!CreatedBy}!\r (33 more) ..."}}|0x6967d02c
08:00:54.190 (208789742)|STATEMENT_EXECUTE|[60]
08:00:54.190 (208814270)|VARIABLE_ASSIGNMENT|[60]|this.htmlBody|null|0x6967d02c
08:00:54.190 (208817213)|STATEMENT_EXECUTE|[63]
08:00:54.190 (208835913)|VARIABLE_ASSIGNMENT|[63]|this.plainBody|"Dear, {!CreatedBy}!\r (33 more) ..."|0x6967d02c
08:00:54.190 (208839135)|STATEMENT_EXECUTE|[64]
08:00:54.190 (208883669)|HEAP_ALLOCATE|[64]|Bytes:56
08:00:54.190 (208905279)|VARIABLE_ASSIGNMENT|[64]|this.plainBody|"Dear, Andrew Lokotos (36 more) ..."|0x6967d02c
08:00:54.190 (208908513)|STATEMENT_EXECUTE|[65]
08:00:54.190 (208930277)|HEAP_ALLOCATE|[65]|Bytes:52
08:00:54.190 (208948557)|VARIABLE_ASSIGNMENT|[65]|this.plainBody|"Dear, Andrew Lokotos (32 more) ..."|0x6967d02c
08:00:54.190 (208951470)|STATEMENT_EXECUTE|[67]
08:00:54.190 (209068521)|VARIABLE_ASSIGNMENT|[67]|this.mail|"common.api.soap.wsdl.SingleEmailMessage@1587f15f"|0x6967d02c
08:00:54.190 (209074965)|STATEMENT_EXECUTE|[68]
08:00:54.190 (209117043)|STATEMENT_EXECUTE|[69]
08:00:54.190 (209134834)|STATEMENT_EXECUTE|[70]
08:00:54.190 (209152801)|STATEMENT_EXECUTE|[71]
08:00:54.190 (209168165)|STATEMENT_EXECUTE|[72]
08:00:54.190 (209184032)|STATEMENT_EXECUTE|[73]
08:00:54.190 (209207337)|STATEMENT_EXECUTE|[74]
08:00:54.190 (209228987)|STATEMENT_EXECUTE|[75]
08:00:54.190 (209245603)|STATEMENT_EXECUTE|[76]
08:00:54.190 (209252280)|HEAP_ALLOCATE|[76]|Bytes:4
08:00:54.190 (209295963)|HEAP_ALLOCATE|[EXTERNAL]|Bytes:4
08:00:54.190 (209312663)|VARIABLE_ASSIGNMENT|[76]|this.sendTo|{"s":1,"v":[]}|0x6967d02c
08:00:54.190 (209315667)|STATEMENT_EXECUTE|[77]
08:00:54.190 (209333027)|HEAP_ALLOCATE|[EXTERNAL]|Bytes:4
08:00:54.190 (209339007)|STATEMENT_EXECUTE|[78]
08:00:54.190 (209370492)|STATEMENT_EXECUTE|[79]
08:00:54.190 (209376581)|HEAP_ALLOCATE|[79]|Bytes:4
08:00:54.190 (209409103)|HEAP_ALLOCATE|[EXTERNAL]|Bytes:8
08:00:54.190 (209438635)|HEAP_ALLOCATE|[EXTERNAL]|Bytes:8
08:00:54.190 (212524522)|EMAIL_QUEUE|[79]|replyTo: support@salesforce.com, subject: New Skill Was Created!, senderDisplayName: Salesforce Support, bccSender: false, saveAsActivity: false, useSignature: false, toAddresses: [andriy.lokotosh@gmail.com], plainTextBody: Dear, Andrew Lokotosh!

A new skill www was added!, 
08:00:54.190 (212565913)|HEAP_ALLOCATE|[EXTERNAL]|Bytes:8
08:00:54.212 (212594521)|CUMULATIVE_LIMIT_USAGE
08:00:54.212 (212594521)|LIMIT_USAGE_FOR_NS|(default)|
  Number of SOQL queries: 5 out of 100
  Number of query rows: 5 out of 50000
  Number of SOSL queries: 0 out of 20
  Number of DML statements: 1 out of 150
  Number of DML rows: 1 out of 10000
  Maximum CPU time: 0 out of 10000
  Maximum heap size: 0 out of 6000000
  Number of callouts: 0 out of 100
  Number of Email Invocations: 2 out of 10
  Number of future calls: 0 out of 50
  Number of queueable jobs added to the queue: 0 out of 50
  Number of Mobile Apex push calls: 0 out of 10

08:00:54.212 (212594521)|CUMULATIVE_LIMIT_USAGE_END

08:00:54.190 (214008460)|CODE_UNIT_FINISHED|EmployeeSkillsEmailTrigger on Employee_Skills trigger event AfterUpdate for [a0C36000000iqcX]
08:00:54.140 (216094639)|FLOW_START_INTERVIEWS_END|1
08:00:54.0 (217774631)|WF_FLOW_ACTION_END|09L36000000CiXq
08:00:54.0 (217810769)|WF_FLOW_ACTION_BEGIN|09L36000000CiXv
08:00:54.217 (217876253)|FLOW_CREATE_INTERVIEW_BEGIN|00D36000000JiIA|30036000000Gr5j|30136000000L4lD
08:00:54.217 (219751073)|FLOW_CREATE_INTERVIEW_END|8156172f06ecd80e31a4454529b4153cd2f62e9-762c|SendEmailAlert
08:00:54.220 (220072398)|FLOW_START_INTERVIEWS_BEGIN|1
08:00:54.220 (220700716)|FLOW_START_INTERVIEW_BEGIN|8156172f06ecd80e31a4454529b4153cd2f62e9-762c|SendEmailAlert
08:00:54.220 (221180910)|FLOW_START_INTERVIEW_END|8156172f06ecd80e31a4454529b4153cd2f62e9-762c|SendEmailAlert
08:00:54.220 (221200756)|FLOW_START_INTERVIEWS_END|1
08:00:54.0 (222109936)|WF_FLOW_ACTION_END|09L36000000CiXv
08:00:54.0 (222152688)|WF_RULE_EVAL_BEGIN|Workflow
08:00:54.0 (222168741)|WF_SPOOL_ACTION_BEGIN|Workflow
08:00:54.0 (222174742)|WF_ACTION| None
08:00:54.0 (222177542)|WF_RULE_EVAL_END
08:00:54.0 (222249520)|WF_ACTIONS_END| Flow Trigger: 2;
08:00:54.0 (222255369)|CODE_UNIT_FINISHED|Workflow:01I360000002Vi7
08:00:54.0 (255207056)|CODE_UNIT_STARTED|[EXTERNAL]|Workflow:01I360000002SOx
08:00:54.0 (261548247)|WF_RULE_EVAL_BEGIN|Workflow
08:00:54.0 (261581585)|WF_CRITERIA_BEGIN|[Employee: Lololoshka a0A36000002VEpN]|Jon30136000000L4kU|01Q360000004R8v|ON_RECURSIVE_UPDATE|0
08:00:54.0 (261650647)|WF_FORMULA|Formula:ENCODED:[treatNullAsNull]true|Values:
08:00:54.0 (261659206)|WF_CRITERIA_END|true
08:00:54.0 (275035912)|WF_SPOOL_ACTION_BEGIN|Workflow
08:00:54.0 (275080913)|WF_ACTION| Flow Trigger: 1;
08:00:54.0 (275085041)|WF_RULE_EVAL_END
08:00:54.0 (275143137)|WF_FLOW_ACTION_BEGIN|09L36000000CiXg
08:00:54.275 (275242283)|FLOW_CREATE_INTERVIEW_BEGIN|00D36000000JiIA|30036000000Gqzv|30136000000L4kU
08:00:54.275 (277189590)|FLOW_CREATE_INTERVIEW_END|8157172f06ecd80e31a4454529b4153cd2f62e9-762b|Update Intern Language
08:00:54.277 (277736343)|FLOW_START_INTERVIEWS_BEGIN|1
08:00:54.277 (278447178)|FLOW_START_INTERVIEW_BEGIN|8157172f06ecd80e31a4454529b4153cd2f62e9-762b|Update Intern Language
08:00:54.277 (279262855)|FLOW_START_INTERVIEW_END|8157172f06ecd80e31a4454529b4153cd2f62e9-762b|Update Intern Language
08:00:54.277 (279276743)|FLOW_START_INTERVIEWS_END|1
08:00:54.0 (280627266)|WF_FLOW_ACTION_END|09L36000000CiXg
08:00:54.0 (280705951)|WF_ACTIONS_END| Flow Trigger: 1;
08:00:54.0 (280712346)|CODE_UNIT_FINISHED|Workflow:01I360000002SOx
08:00:54.0 (353897035)|CODE_UNIT_FINISHED|TRIGGERS
08:00:54.0 (353917932)|EXECUTION_FINISHED
