36.0 APEX_CODE,FINEST;APEX_PROFILING,INFO;CALLOUT,INFO;DB,INFO;SYSTEM,DEBUG;VALIDATION,INFO;VISUALFORCE,INFO;WORKFLOW,INFO
03:21:41.0 (533892)|EXECUTION_STARTED
03:21:41.0 (578056)|CODE_UNIT_STARTED|[EXTERNAL]|06636000002n6IF|VF: /apex/AccountTabWrap
03:21:41.0 (8045302)|CODE_UNIT_STARTED|[EXTERNAL]|01p360000074iI2|AccountTableWrapper <init>
03:21:41.0 (8063120)|SYSTEM_MODE_ENTER|true
03:21:41.0 (8599758)|HEAP_ALLOCATE|[72]|Bytes:3
03:21:41.0 (8661813)|HEAP_ALLOCATE|[77]|Bytes:152
03:21:41.0 (8683085)|HEAP_ALLOCATE|[342]|Bytes:408
03:21:41.0 (8705016)|HEAP_ALLOCATE|[355]|Bytes:408
03:21:41.0 (8726920)|HEAP_ALLOCATE|[467]|Bytes:48
03:21:41.0 (8768802)|HEAP_ALLOCATE|[139]|Bytes:6
03:21:41.0 (8801816)|HEAP_ALLOCATE|[EXTERNAL]|Bytes:24
03:21:41.0 (8807161)|HEAP_ALLOCATE|[EXTERNAL]|Bytes:120
03:21:41.0 (8810108)|HEAP_ALLOCATE|[EXTERNAL]|Bytes:15
03:21:41.0 (8827905)|METHOD_ENTRY|[1]|01p360000074iI2|AccountTableWrapper.AccountTableWrapper()
03:21:41.0 (8835939)|STATEMENT_EXECUTE|[1]
03:21:41.0 (8847424)|STATEMENT_EXECUTE|[1]
03:21:41.0 (8891775)|HEAP_ALLOCATE|[50]|Bytes:5
03:21:41.0 (8919619)|HEAP_ALLOCATE|[56]|Bytes:5
03:21:41.0 (8929622)|HEAP_ALLOCATE|[64]|Bytes:7
03:21:41.0 (8960618)|SYSTEM_MODE_ENTER|false
03:21:41.0 (8981140)|HEAP_ALLOCATE|[EXTERNAL]|Bytes:5
03:21:41.0 (8987761)|STATEMENT_EXECUTE|[68]
03:21:41.0 (8991872)|STATEMENT_EXECUTE|[86]
03:21:41.0 (8997840)|SYSTEM_MODE_EXIT|false
03:21:41.0 (9010805)|METHOD_EXIT|[1]|AccountTableWrapper
03:21:41.0 (9459391)|HEAP_ALLOCATE|[EXTERNAL]|Bytes:16
03:21:41.0 (9475942)|VARIABLE_SCOPE_BEGIN|[5]|this|AccountTableWrapper|true|false
03:21:41.0 (9562564)|VARIABLE_ASSIGNMENT|[5]|this|{}|0x46728527
03:21:41.0 (9581402)|SYSTEM_MODE_ENTER|false
03:21:41.0 (9587017)|HEAP_ALLOCATE|[EXTERNAL]|Bytes:5
03:21:41.0 (9593231)|STATEMENT_EXECUTE|[1]
03:21:41.0 (9598068)|HEAP_ALLOCATE|[EXTERNAL]|Bytes:5
03:21:41.0 (9601401)|STATEMENT_EXECUTE|[2]
03:21:41.0 (9604697)|STATEMENT_EXECUTE|[3]
03:21:41.0 (9607290)|STATEMENT_EXECUTE|[4]
03:21:41.0 (9618365)|HEAP_ALLOCATE|[EXTERNAL]|Bytes:6
03:21:41.0 (9649497)|STATEMENT_EXECUTE|[5]
03:21:41.0 (9655846)|SYSTEM_MODE_EXIT|false
03:21:41.0 (9673044)|CODE_UNIT_FINISHED|AccountTableWrapper <init>
03:21:41.0 (9725643)|CODE_UNIT_STARTED|[EXTERNAL]|01p360000074iI2|AccountTableWrapper get(Accounts)
03:21:41.0 (9734573)|SYSTEM_MODE_ENTER|true
03:21:41.0 (9759531)|CODE_UNIT_STARTED|[EXTERNAL]|01p360000074iI2|AccountTableWrapper invoke(getAccounts)
03:21:41.0 (9807043)|HEAP_ALLOCATE|[EXTERNAL]|Bytes:16
03:21:41.0 (9817676)|VARIABLE_SCOPE_BEGIN|[9]|this|AccountTableWrapper|true|false
03:21:41.0 (9839786)|VARIABLE_ASSIGNMENT|[9]|this|{}|0x46728527
03:21:41.0 (9858148)|SYSTEM_MODE_ENTER|false
03:21:41.0 (9863293)|HEAP_ALLOCATE|[11]|Bytes:5
03:21:41.0 (9869213)|STATEMENT_EXECUTE|[10]
03:21:41.0 (9933749)|VARIABLE_ASSIGNMENT|[EXTERNAL]|this|{}|0x46728527
03:21:41.0 (9954119)|STATEMENT_EXECUTE|[12]
03:21:41.0 (9958212)|STATEMENT_EXECUTE|[13]
03:21:41.0 (9963189)|HEAP_ALLOCATE|[13]|Bytes:141
03:21:41.0 (9978391)|HEAP_ALLOCATE|[13]|Bytes:4
03:21:41.0 (10961021)|SOQL_EXECUTE_BEGIN|[13]|Aggregations:0|SELECT id, Name, BillingStreet, BillingCity, BillingPostalCode FROM Account WHERE (BillingCity != NULL AND BillingPostalCode != NULL) LIMIT 3
03:21:41.0 (15620832)|SOQL_EXECUTE_END|[13]|Rows:3
03:21:41.0 (15644709)|HEAP_ALLOCATE|[13]|Bytes:16
03:21:41.0 (15666792)|HEAP_ALLOCATE|[13]|Bytes:417
03:21:41.0 (15708727)|HEAP_ALLOCATE|[13]|Bytes:16
03:21:41.0 (15756953)|VARIABLE_ASSIGNMENT|[EXTERNAL]|this|{}|0x46728527
03:21:41.0 (15818080)|VARIABLE_ASSIGNMENT|[EXTERNAL]|value|{"s":1,"v":[{"s":2,"v":{"Id":"0013600000CWofeAAD","Name":"Google inc","BillingStreet":"Green st.","BillingCity":"LA","BillingPostalCode":"442234"}},{"s":3,"v":{"Id":"00136000003VQw8AAG","Name":"Burlington Textiles  (15 more) ...","BillingStreet":"525 S. Lexington Ave","BillingCity":"Burlington","BillingPostalCode":"27215"}},{"s":4,"v":{"Id":"00136000003VQw9AAG","Name":"Pyramid Construction (5 more) ...","BillingStreet":"2 Place Jussieu","BillingCity":"Paris","BillingPostalCode":"75251"}}]}|0x27cd1630
03:21:41.0 (15856243)|VARIABLE_ASSIGNMENT|[2]|this.accs|{"s":1,"v":[{"s":2,"v":{"Id":"0013600000CWofeAAD","Name":"Google inc","BillingStreet":"Green st.","BillingCity":"LA","BillingPostalCode":"442234"}},{"s":3,"v":{"Id":"00136000003VQw8AAG","Name":"Burlington Textiles  (15 more) ...","BillingStreet":"525 S. Lexington Ave","BillingCity":"Burlington","BillingPostalCode":"27215"}},{"s":4,"v":{"Id":"00136000003VQw9AAG","Name":"Pyramid Construction (5 more) ...","BillingStreet":"2 Place Jussieu","BillingCity":"Paris","BillingPostalCode":"75251"}}]}|0x46728527
03:21:41.0 (15871892)|STATEMENT_EXECUTE|[17]
03:21:41.0 (15921114)|VARIABLE_ASSIGNMENT|[EXTERNAL]|this|{"accs":"0x27cd1630"}|0x46728527
03:21:41.0 (15935976)|SYSTEM_MODE_EXIT|false
03:21:41.0 (15949516)|CODE_UNIT_FINISHED|AccountTableWrapper invoke(getAccounts)
03:21:41.0 (15966132)|CODE_UNIT_FINISHED|AccountTableWrapper get(Accounts)
03:21:41.0 (16285139)|CODE_UNIT_STARTED|[EXTERNAL]|01p360000074iI2|AccountTableWrapper get(rowWrappers)
03:21:41.0 (16295261)|SYSTEM_MODE_ENTER|true
03:21:41.0 (16311953)|CODE_UNIT_STARTED|[EXTERNAL]|01p360000074iI2|AccountTableWrapper invoke(getrowWrappers)
03:21:41.0 (16348191)|HEAP_ALLOCATE|[EXTERNAL]|Bytes:16
03:21:41.0 (16358807)|VARIABLE_SCOPE_BEGIN|[21]|this|AccountTableWrapper|true|false
03:21:41.0 (16384335)|VARIABLE_ASSIGNMENT|[21]|this|{"accs":"0x27cd1630"}|0x46728527
03:21:41.0 (16400140)|SYSTEM_MODE_ENTER|false
03:21:41.0 (16406162)|HEAP_ALLOCATE|[23]|Bytes:5
03:21:41.0 (16412343)|STATEMENT_EXECUTE|[22]
03:21:41.0 (16470205)|VARIABLE_ASSIGNMENT|[EXTERNAL]|this|{"accs":"0x27cd1630"}|0x46728527
03:21:41.0 (16487415)|STATEMENT_EXECUTE|[24]
03:21:41.0 (16491661)|STATEMENT_EXECUTE|[25]
03:21:41.0 (16500349)|HEAP_ALLOCATE|[25]|Bytes:4
03:21:41.0 (16634711)|VARIABLE_ASSIGNMENT|[EXTERNAL]|this|{"accs":"0x27cd1630"}|0x46728527
03:21:41.0 (16665341)|HEAP_ALLOCATE|[EXTERNAL]|Bytes:4
03:21:41.0 (16680181)|VARIABLE_ASSIGNMENT|[EXTERNAL]|value|{"s":1,"v":[]}|0x2e24a499
03:21:41.0 (16696830)|VARIABLE_ASSIGNMENT|[3]|this.rows|{"s":1,"v":[]}|0x46728527
03:21:41.0 (16709651)|STATEMENT_EXECUTE|[28]
03:21:41.0 (16720323)|VARIABLE_SCOPE_BEGIN|[28]|idx|Integer|false|false
03:21:41.0 (16725362)|HEAP_ALLOCATE|[28]|Bytes:4
03:21:41.0 (16732334)|VARIABLE_ASSIGNMENT|[28]|idx|0
03:21:41.0 (16739698)|STATEMENT_EXECUTE|[29]
03:21:41.0 (16742866)|STATEMENT_EXECUTE|[30]
03:21:41.0 (16795054)|VARIABLE_ASSIGNMENT|[EXTERNAL]|this|{"accs":"0x27cd1630","rows":"0x2e24a499"}|0x46728527
03:21:41.0 (16891148)|HEAP_ALLOCATE|[30]|Bytes:84
03:21:41.0 (16897789)|HEAP_ALLOCATE|[30]|Bytes:8
03:21:41.0 (16915679)|HEAP_ALLOCATE|[30]|Bytes:8
03:21:41.0 (16935238)|CONSTRUCTOR_ENTRY|[30]|01p360000074iI2|<init>()
03:21:41.0 (16955166)|VARIABLE_SCOPE_BEGIN|[74]|this|AccountTableWrapper.RowWrapper|true|false
03:21:41.0 (16982586)|VARIABLE_ASSIGNMENT|[74]|this|{}|0x7a2a1c17
03:21:41.0 (16991551)|STATEMENT_EXECUTE|[68]
03:21:41.0 (16995321)|STATEMENT_EXECUTE|[71]
03:21:41.0 (17011767)|STATEMENT_EXECUTE|[75]
03:21:41.0 (17015829)|STATEMENT_EXECUTE|[76]
03:21:41.0 (17022516)|HEAP_ALLOCATE|[76]|Bytes:4
03:21:41.0 (17116197)|VARIABLE_ASSIGNMENT|[EXTERNAL]|this|{}|0x7a2a1c17
03:21:41.0 (17148492)|HEAP_ALLOCATE|[EXTERNAL]|Bytes:4
03:21:41.0 (17161734)|VARIABLE_ASSIGNMENT|[EXTERNAL]|value|{"s":1,"v":[]}|0x500aae93
03:21:41.0 (17177647)|VARIABLE_ASSIGNMENT|[71]|this.values|{"s":1,"v":[]}|0x7a2a1c17
03:21:41.0 (17193231)|CONSTRUCTOR_EXIT|[30]|01p360000074iI2|<init>()
03:21:41.0 (17213558)|HEAP_ALLOCATE|[EXTERNAL]|Bytes:4
03:21:41.0 (17222028)|HEAP_ALLOCATE|[28]|Bytes:4
03:21:41.0 (17229859)|VARIABLE_ASSIGNMENT|[28]|idx|1
03:21:41.0 (17237858)|STATEMENT_EXECUTE|[29]
03:21:41.0 (17241632)|STATEMENT_EXECUTE|[30]
03:21:41.0 (17271236)|VARIABLE_ASSIGNMENT|[EXTERNAL]|this|{"accs":"0x27cd1630","rows":"0x2e24a499"}|0x46728527
03:21:41.0 (17283576)|HEAP_ALLOCATE|[30]|Bytes:8
03:21:41.0 (17290897)|CONSTRUCTOR_ENTRY|[30]|01p360000074iI2|<init>()
03:21:41.0 (17295868)|VARIABLE_SCOPE_BEGIN|[74]|this|AccountTableWrapper.RowWrapper|true|false
03:21:41.0 (17311887)|VARIABLE_ASSIGNMENT|[74]|this|{}|0x736da720
03:21:41.0 (17318127)|STATEMENT_EXECUTE|[68]
03:21:41.0 (17321621)|STATEMENT_EXECUTE|[71]
03:21:41.0 (17335199)|STATEMENT_EXECUTE|[75]
03:21:41.0 (17338447)|STATEMENT_EXECUTE|[76]
03:21:41.0 (17344309)|HEAP_ALLOCATE|[76]|Bytes:4
03:21:41.0 (17374672)|VARIABLE_ASSIGNMENT|[EXTERNAL]|this|{}|0x736da720
03:21:41.0 (17392957)|HEAP_ALLOCATE|[EXTERNAL]|Bytes:4
03:21:41.0 (17404821)|VARIABLE_ASSIGNMENT|[EXTERNAL]|value|{"s":1,"v":[]}|0x2a20e30b
03:21:41.0 (17416891)|VARIABLE_ASSIGNMENT|[71]|this.values|{"s":1,"v":[]}|0x736da720
03:21:41.0 (17430818)|CONSTRUCTOR_EXIT|[30]|01p360000074iI2|<init>()
03:21:41.0 (17441942)|HEAP_ALLOCATE|[EXTERNAL]|Bytes:4
03:21:41.0 (17448401)|HEAP_ALLOCATE|[28]|Bytes:4
03:21:41.0 (17454725)|VARIABLE_ASSIGNMENT|[28]|idx|2
03:21:41.0 (17462139)|STATEMENT_EXECUTE|[29]
03:21:41.0 (17465756)|STATEMENT_EXECUTE|[30]
03:21:41.0 (17493957)|VARIABLE_ASSIGNMENT|[EXTERNAL]|this|{"accs":"0x27cd1630","rows":"0x2e24a499"}|0x46728527
03:21:41.0 (17505808)|HEAP_ALLOCATE|[30]|Bytes:8
03:21:41.0 (17512644)|CONSTRUCTOR_ENTRY|[30]|01p360000074iI2|<init>()
03:21:41.0 (17517544)|VARIABLE_SCOPE_BEGIN|[74]|this|AccountTableWrapper.RowWrapper|true|false
03:21:41.0 (17533001)|VARIABLE_ASSIGNMENT|[74]|this|{}|0x2fdbaeea
03:21:41.0 (17539105)|STATEMENT_EXECUTE|[68]
03:21:41.0 (17542596)|STATEMENT_EXECUTE|[71]
03:21:41.0 (17555721)|STATEMENT_EXECUTE|[75]
03:21:41.0 (17558947)|STATEMENT_EXECUTE|[76]
03:21:41.0 (17564568)|HEAP_ALLOCATE|[76]|Bytes:4
03:21:41.0 (17593701)|VARIABLE_ASSIGNMENT|[EXTERNAL]|this|{}|0x2fdbaeea
03:21:41.0 (17610423)|HEAP_ALLOCATE|[EXTERNAL]|Bytes:4
03:21:41.0 (17622025)|VARIABLE_ASSIGNMENT|[EXTERNAL]|value|{"s":1,"v":[]}|0x34cd2e2
03:21:41.0 (17634045)|VARIABLE_ASSIGNMENT|[71]|this.values|{"s":1,"v":[]}|0x2fdbaeea
03:21:41.0 (17648044)|CONSTRUCTOR_EXIT|[30]|01p360000074iI2|<init>()
03:21:41.0 (17658766)|HEAP_ALLOCATE|[EXTERNAL]|Bytes:4
03:21:41.0 (17664928)|HEAP_ALLOCATE|[28]|Bytes:4
03:21:41.0 (17670545)|VARIABLE_ASSIGNMENT|[28]|idx|3
03:21:41.0 (17677891)|STATEMENT_EXECUTE|[29]
03:21:41.0 (17681348)|STATEMENT_EXECUTE|[30]
03:21:41.0 (17709010)|VARIABLE_ASSIGNMENT|[EXTERNAL]|this|{"accs":"0x27cd1630","rows":"0x2e24a499"}|0x46728527
03:21:41.0 (17720341)|HEAP_ALLOCATE|[30]|Bytes:8
03:21:41.0 (17726892)|CONSTRUCTOR_ENTRY|[30]|01p360000074iI2|<init>()
03:21:41.0 (17731762)|VARIABLE_SCOPE_BEGIN|[74]|this|AccountTableWrapper.RowWrapper|true|false
03:21:41.0 (17747205)|VARIABLE_ASSIGNMENT|[74]|this|{}|0x1d06310c
03:21:41.0 (17753049)|STATEMENT_EXECUTE|[68]
03:21:41.0 (17756429)|STATEMENT_EXECUTE|[71]
03:21:41.0 (17769212)|STATEMENT_EXECUTE|[75]
03:21:41.0 (17772335)|STATEMENT_EXECUTE|[76]
03:21:41.0 (17777821)|HEAP_ALLOCATE|[76]|Bytes:4
03:21:41.0 (17812134)|VARIABLE_ASSIGNMENT|[EXTERNAL]|this|{}|0x1d06310c
03:21:41.0 (17828390)|HEAP_ALLOCATE|[EXTERNAL]|Bytes:4
03:21:41.0 (17839984)|VARIABLE_ASSIGNMENT|[EXTERNAL]|value|{"s":1,"v":[]}|0x3013a11c
03:21:41.0 (17851351)|VARIABLE_ASSIGNMENT|[71]|this.values|{"s":1,"v":[]}|0x1d06310c
03:21:41.0 (17865131)|CONSTRUCTOR_EXIT|[30]|01p360000074iI2|<init>()
03:21:41.0 (17875423)|HEAP_ALLOCATE|[EXTERNAL]|Bytes:4
03:21:41.0 (17881475)|HEAP_ALLOCATE|[28]|Bytes:4
03:21:41.0 (17887131)|VARIABLE_ASSIGNMENT|[28]|idx|4
03:21:41.0 (17895438)|STATEMENT_EXECUTE|[34]
03:21:41.0 (17902028)|VARIABLE_SCOPE_BEGIN|[34]|idx|Integer|false|false
03:21:41.0 (17905747)|HEAP_ALLOCATE|[34]|Bytes:4
03:21:41.0 (17910577)|VARIABLE_ASSIGNMENT|[34]|idx|0
03:21:41.0 (17929129)|METHOD_ENTRY|[34]|01p360000074iI2|AccountTableWrapper.getAccounts()
03:21:41.0 (17951773)|VARIABLE_SCOPE_BEGIN|[9]|this|AccountTableWrapper|true|false
03:21:41.0 (17976273)|VARIABLE_ASSIGNMENT|[9]|this|{"accs":"0x27cd1630","rows":"0x2e24a499"}|0x46728527
03:21:41.0 (17985382)|HEAP_ALLOCATE|[11]|Bytes:5
03:21:41.0 (17991870)|STATEMENT_EXECUTE|[10]
03:21:41.0 (18020178)|VARIABLE_ASSIGNMENT|[EXTERNAL]|this|{"accs":"0x27cd1630","rows":"0x2e24a499"}|0x46728527
03:21:41.0 (18032434)|STATEMENT_EXECUTE|[11]
03:21:41.0 (18036275)|STATEMENT_EXECUTE|[17]
03:21:41.0 (18060050)|VARIABLE_ASSIGNMENT|[EXTERNAL]|this|{"accs":"0x27cd1630","rows":"0x2e24a499"}|0x46728527
03:21:41.0 (18072277)|METHOD_EXIT|[34]|01p360000074iI2|AccountTableWrapper.getAccounts()
03:21:41.0 (18125275)|STATEMENT_EXECUTE|[35]
03:21:41.0 (18129804)|STATEMENT_EXECUTE|[36]
03:21:41.0 (18174949)|VARIABLE_ASSIGNMENT|[EXTERNAL]|this|{"accs":"0x27cd1630","rows":"0x2e24a499"}|0x46728527
03:21:41.0 (18193715)|HEAP_ALLOCATE|[36]|Bytes:8
03:21:41.0 (18203107)|METHOD_ENTRY|[36]|01p360000074iI2|AccountTableWrapper.getAccounts()
03:21:41.0 (18208582)|VARIABLE_SCOPE_BEGIN|[9]|this|AccountTableWrapper|true|false
03:21:41.0 (18229616)|VARIABLE_ASSIGNMENT|[9]|this|{"accs":"0x27cd1630","rows":"0x2e24a499"}|0x46728527
03:21:41.0 (18238014)|HEAP_ALLOCATE|[11]|Bytes:5
03:21:41.0 (18244216)|STATEMENT_EXECUTE|[10]
03:21:41.0 (18271282)|VARIABLE_ASSIGNMENT|[EXTERNAL]|this|{"accs":"0x27cd1630","rows":"0x2e24a499"}|0x46728527
03:21:41.0 (18282354)|STATEMENT_EXECUTE|[11]
03:21:41.0 (18289829)|STATEMENT_EXECUTE|[17]
03:21:41.0 (18314747)|VARIABLE_ASSIGNMENT|[EXTERNAL]|this|{"accs":"0x27cd1630","rows":"0x2e24a499"}|0x46728527
03:21:41.0 (18326658)|METHOD_EXIT|[36]|01p360000074iI2|AccountTableWrapper.getAccounts()
03:21:41.0 (18356194)|HEAP_ALLOCATE|[36]|Bytes:24
03:21:41.0 (18403411)|METHOD_ENTRY|[36]|01p360000074iI2|AccountTableWrapper.RowWrapper.addValue(String)
03:21:41.0 (18413627)|VARIABLE_SCOPE_BEGIN|[80]|this|AccountTableWrapper.RowWrapper|true|false
03:21:41.0 (18434271)|VARIABLE_ASSIGNMENT|[80]|this|{"values":"0x500aae93"}|0x7a2a1c17
03:21:41.0 (18440287)|VARIABLE_SCOPE_BEGIN|[80]|value|String|false|false
03:21:41.0 (18445206)|VARIABLE_ASSIGNMENT|[80]|value|"Google inc"
03:21:41.0 (18453150)|STATEMENT_EXECUTE|[81]
03:21:41.0 (18456667)|STATEMENT_EXECUTE|[82]
03:21:41.0 (18508366)|VARIABLE_ASSIGNMENT|[EXTERNAL]|this|{"values":"0x500aae93"}|0x7a2a1c17
03:21:41.0 (18532723)|HEAP_ALLOCATE|[EXTERNAL]|Bytes:4
03:21:41.0 (18542132)|METHOD_EXIT|[36]|01p360000074iI2|AccountTableWrapper.RowWrapper.addValue(String)
03:21:41.0 (18548447)|STATEMENT_EXECUTE|[37]
03:21:41.0 (18592630)|VARIABLE_ASSIGNMENT|[EXTERNAL]|this|{"accs":"0x27cd1630","rows":"0x2e24a499"}|0x46728527
03:21:41.0 (18609126)|HEAP_ALLOCATE|[37]|Bytes:8
03:21:41.0 (18618112)|METHOD_ENTRY|[37]|01p360000074iI2|AccountTableWrapper.getAccounts()
03:21:41.0 (18623496)|VARIABLE_SCOPE_BEGIN|[9]|this|AccountTableWrapper|true|false
03:21:41.0 (18644360)|VARIABLE_ASSIGNMENT|[9]|this|{"accs":"0x27cd1630","rows":"0x2e24a499"}|0x46728527
03:21:41.0 (18652693)|HEAP_ALLOCATE|[11]|Bytes:5
03:21:41.0 (18659070)|STATEMENT_EXECUTE|[10]
03:21:41.0 (18686216)|VARIABLE_ASSIGNMENT|[EXTERNAL]|this|{"accs":"0x27cd1630","rows":"0x2e24a499"}|0x46728527
03:21:41.0 (18697453)|STATEMENT_EXECUTE|[11]
03:21:41.0 (18701079)|STATEMENT_EXECUTE|[17]
03:21:41.0 (18724211)|VARIABLE_ASSIGNMENT|[EXTERNAL]|this|{"accs":"0x27cd1630","rows":"0x2e24a499"}|0x46728527
03:21:41.0 (18735220)|METHOD_EXIT|[37]|01p360000074iI2|AccountTableWrapper.getAccounts()
03:21:41.0 (18745932)|HEAP_ALLOCATE|[37]|Bytes:24
03:21:41.0 (18777174)|METHOD_ENTRY|[37]|01p360000074iI2|AccountTableWrapper.RowWrapper.addValue(String)
03:21:41.0 (18783680)|VARIABLE_SCOPE_BEGIN|[80]|this|AccountTableWrapper.RowWrapper|true|false
03:21:41.0 (18809409)|VARIABLE_ASSIGNMENT|[80]|this|{"values":"0x2a20e30b"}|0x736da720
03:21:41.0 (18813455)|VARIABLE_SCOPE_BEGIN|[80]|value|String|false|false
03:21:41.0 (18817956)|VARIABLE_ASSIGNMENT|[80]|value|"Green st."
03:21:41.0 (18823966)|STATEMENT_EXECUTE|[81]
03:21:41.0 (18827774)|STATEMENT_EXECUTE|[82]
03:21:41.0 (18850343)|VARIABLE_ASSIGNMENT|[EXTERNAL]|this|{"values":"0x2a20e30b"}|0x736da720
03:21:41.0 (18865357)|HEAP_ALLOCATE|[EXTERNAL]|Bytes:4
03:21:41.0 (18874153)|METHOD_EXIT|[37]|01p360000074iI2|AccountTableWrapper.RowWrapper.addValue(String)
03:21:41.0 (18879881)|STATEMENT_EXECUTE|[38]
03:21:41.0 (18923824)|VARIABLE_ASSIGNMENT|[EXTERNAL]|this|{"accs":"0x27cd1630","rows":"0x2e24a499"}|0x46728527
03:21:41.0 (18941204)|HEAP_ALLOCATE|[38]|Bytes:8
03:21:41.0 (18950874)|METHOD_ENTRY|[38]|01p360000074iI2|AccountTableWrapper.getAccounts()
03:21:41.0 (18956363)|VARIABLE_SCOPE_BEGIN|[9]|this|AccountTableWrapper|true|false
03:21:41.0 (18977279)|VARIABLE_ASSIGNMENT|[9]|this|{"accs":"0x27cd1630","rows":"0x2e24a499"}|0x46728527
03:21:41.0 (18985328)|HEAP_ALLOCATE|[11]|Bytes:5
03:21:41.0 (18991439)|STATEMENT_EXECUTE|[10]
03:21:41.0 (19018464)|VARIABLE_ASSIGNMENT|[EXTERNAL]|this|{"accs":"0x27cd1630","rows":"0x2e24a499"}|0x46728527
03:21:41.0 (19030567)|STATEMENT_EXECUTE|[11]
03:21:41.0 (19034324)|STATEMENT_EXECUTE|[17]
03:21:41.0 (19058001)|VARIABLE_ASSIGNMENT|[EXTERNAL]|this|{"accs":"0x27cd1630","rows":"0x2e24a499"}|0x46728527
03:21:41.0 (19069246)|METHOD_EXIT|[38]|01p360000074iI2|AccountTableWrapper.getAccounts()
03:21:41.0 (19079921)|HEAP_ALLOCATE|[38]|Bytes:24
03:21:41.0 (19110162)|METHOD_ENTRY|[38]|01p360000074iI2|AccountTableWrapper.RowWrapper.addValue(String)
03:21:41.0 (19116609)|VARIABLE_SCOPE_BEGIN|[80]|this|AccountTableWrapper.RowWrapper|true|false
03:21:41.0 (19136500)|VARIABLE_ASSIGNMENT|[80]|this|{"values":"0x34cd2e2"}|0x2fdbaeea
03:21:41.0 (19140103)|VARIABLE_SCOPE_BEGIN|[80]|value|String|false|false
03:21:41.0 (19144262)|VARIABLE_ASSIGNMENT|[80]|value|"LA"
03:21:41.0 (19150376)|STATEMENT_EXECUTE|[81]
03:21:41.0 (19153931)|STATEMENT_EXECUTE|[82]
03:21:41.0 (19176568)|VARIABLE_ASSIGNMENT|[EXTERNAL]|this|{"values":"0x34cd2e2"}|0x2fdbaeea
03:21:41.0 (19191401)|HEAP_ALLOCATE|[EXTERNAL]|Bytes:4
03:21:41.0 (19200166)|METHOD_EXIT|[38]|01p360000074iI2|AccountTableWrapper.RowWrapper.addValue(String)
03:21:41.0 (19205701)|STATEMENT_EXECUTE|[39]
03:21:41.0 (19249587)|VARIABLE_ASSIGNMENT|[EXTERNAL]|this|{"accs":"0x27cd1630","rows":"0x2e24a499"}|0x46728527
03:21:41.0 (19266340)|HEAP_ALLOCATE|[39]|Bytes:8
03:21:41.0 (19275410)|METHOD_ENTRY|[39]|01p360000074iI2|AccountTableWrapper.getAccounts()
03:21:41.0 (19280714)|VARIABLE_SCOPE_BEGIN|[9]|this|AccountTableWrapper|true|false
03:21:41.0 (19301329)|VARIABLE_ASSIGNMENT|[9]|this|{"accs":"0x27cd1630","rows":"0x2e24a499"}|0x46728527
03:21:41.0 (19309458)|HEAP_ALLOCATE|[11]|Bytes:5
03:21:41.0 (19315625)|STATEMENT_EXECUTE|[10]
03:21:41.0 (19342432)|VARIABLE_ASSIGNMENT|[EXTERNAL]|this|{"accs":"0x27cd1630","rows":"0x2e24a499"}|0x46728527
03:21:41.0 (19353252)|STATEMENT_EXECUTE|[11]
03:21:41.0 (19356900)|STATEMENT_EXECUTE|[17]
03:21:41.0 (19380113)|VARIABLE_ASSIGNMENT|[EXTERNAL]|this|{"accs":"0x27cd1630","rows":"0x2e24a499"}|0x46728527
03:21:41.0 (19391552)|METHOD_EXIT|[39]|01p360000074iI2|AccountTableWrapper.getAccounts()
03:21:41.0 (19402168)|HEAP_ALLOCATE|[39]|Bytes:24
03:21:41.0 (19432029)|METHOD_ENTRY|[39]|01p360000074iI2|AccountTableWrapper.RowWrapper.addValue(String)
03:21:41.0 (19438690)|VARIABLE_SCOPE_BEGIN|[80]|this|AccountTableWrapper.RowWrapper|true|false
03:21:41.0 (19458429)|VARIABLE_ASSIGNMENT|[80]|this|{"values":"0x3013a11c"}|0x1d06310c
03:21:41.0 (19461962)|VARIABLE_SCOPE_BEGIN|[80]|value|String|false|false
03:21:41.0 (19466115)|VARIABLE_ASSIGNMENT|[80]|value|"442234"
03:21:41.0 (19472251)|STATEMENT_EXECUTE|[81]
03:21:41.0 (19475817)|STATEMENT_EXECUTE|[82]
03:21:41.0 (19497569)|VARIABLE_ASSIGNMENT|[EXTERNAL]|this|{"values":"0x3013a11c"}|0x1d06310c
03:21:41.0 (19512071)|HEAP_ALLOCATE|[EXTERNAL]|Bytes:4
03:21:41.0 (19520700)|METHOD_EXIT|[39]|01p360000074iI2|AccountTableWrapper.RowWrapper.addValue(String)
03:21:41.0 (19524840)|HEAP_ALLOCATE|[34]|Bytes:4
03:21:41.0 (19531345)|VARIABLE_ASSIGNMENT|[34]|idx|1
03:21:41.0 (19537695)|METHOD_ENTRY|[34]|01p360000074iI2|AccountTableWrapper.getAccounts()
03:21:41.0 (19542509)|VARIABLE_SCOPE_BEGIN|[9]|this|AccountTableWrapper|true|false
03:21:41.0 (19563138)|VARIABLE_ASSIGNMENT|[9]|this|{"accs":"0x27cd1630","rows":"0x2e24a499"}|0x46728527
03:21:41.0 (19571068)|HEAP_ALLOCATE|[11]|Bytes:5
03:21:41.0 (19577092)|STATEMENT_EXECUTE|[10]
03:21:41.0 (19604082)|VARIABLE_ASSIGNMENT|[EXTERNAL]|this|{"accs":"0x27cd1630","rows":"0x2e24a499"}|0x46728527
03:21:41.0 (19615320)|STATEMENT_EXECUTE|[11]
03:21:41.0 (19619216)|STATEMENT_EXECUTE|[17]
03:21:41.0 (19642343)|VARIABLE_ASSIGNMENT|[EXTERNAL]|this|{"accs":"0x27cd1630","rows":"0x2e24a499"}|0x46728527
03:21:41.0 (19653454)|METHOD_EXIT|[34]|01p360000074iI2|AccountTableWrapper.getAccounts()
03:21:41.0 (19667204)|STATEMENT_EXECUTE|[35]
03:21:41.0 (19671002)|STATEMENT_EXECUTE|[36]
03:21:41.0 (19695981)|VARIABLE_ASSIGNMENT|[EXTERNAL]|this|{"accs":"0x27cd1630","rows":"0x2e24a499"}|0x46728527
03:21:41.0 (19708342)|HEAP_ALLOCATE|[36]|Bytes:8
03:21:41.0 (19715036)|METHOD_ENTRY|[36]|01p360000074iI2|AccountTableWrapper.getAccounts()
03:21:41.0 (19720015)|VARIABLE_SCOPE_BEGIN|[9]|this|AccountTableWrapper|true|false
03:21:41.0 (19739807)|VARIABLE_ASSIGNMENT|[9]|this|{"accs":"0x27cd1630","rows":"0x2e24a499"}|0x46728527
03:21:41.0 (19747220)|HEAP_ALLOCATE|[11]|Bytes:5
03:21:41.0 (19753044)|STATEMENT_EXECUTE|[10]
03:21:41.0 (19779428)|VARIABLE_ASSIGNMENT|[EXTERNAL]|this|{"accs":"0x27cd1630","rows":"0x2e24a499"}|0x46728527
03:21:41.0 (19794729)|STATEMENT_EXECUTE|[11]
03:21:41.0 (19798596)|STATEMENT_EXECUTE|[17]
03:21:41.0 (19823119)|VARIABLE_ASSIGNMENT|[EXTERNAL]|this|{"accs":"0x27cd1630","rows":"0x2e24a499"}|0x46728527
03:21:41.0 (19834727)|METHOD_EXIT|[36]|01p360000074iI2|AccountTableWrapper.getAccounts()
03:21:41.0 (19851122)|HEAP_ALLOCATE|[36]|Bytes:24
03:21:41.0 (19867949)|METHOD_ENTRY|[36]|01p360000074iI2|AccountTableWrapper.RowWrapper.addValue(String)
03:21:41.0 (19874399)|VARIABLE_SCOPE_BEGIN|[80]|this|AccountTableWrapper.RowWrapper|true|false
03:21:41.0 (19893707)|VARIABLE_ASSIGNMENT|[80]|this|{"values":"0x500aae93"}|0x7a2a1c17
03:21:41.0 (19897151)|VARIABLE_SCOPE_BEGIN|[80]|value|String|false|false
03:21:41.0 (19902837)|VARIABLE_ASSIGNMENT|[80]|value|"Burlington Textiles  (15 more) ..."
03:21:41.0 (19909116)|STATEMENT_EXECUTE|[81]
03:21:41.0 (19912603)|STATEMENT_EXECUTE|[82]
03:21:41.0 (19934650)|VARIABLE_ASSIGNMENT|[EXTERNAL]|this|{"values":"0x500aae93"}|0x7a2a1c17
03:21:41.0 (19948918)|HEAP_ALLOCATE|[EXTERNAL]|Bytes:4
03:21:41.0 (19957273)|METHOD_EXIT|[36]|01p360000074iI2|AccountTableWrapper.RowWrapper.addValue(String)
03:21:41.0 (19962993)|STATEMENT_EXECUTE|[37]
03:21:41.0 (19989436)|VARIABLE_ASSIGNMENT|[EXTERNAL]|this|{"accs":"0x27cd1630","rows":"0x2e24a499"}|0x46728527
03:21:41.0 (20001960)|HEAP_ALLOCATE|[37]|Bytes:8
03:21:41.0 (20009347)|METHOD_ENTRY|[37]|01p360000074iI2|AccountTableWrapper.getAccounts()
03:21:41.0 (20014503)|VARIABLE_SCOPE_BEGIN|[9]|this|AccountTableWrapper|true|false
03:21:41.0 (20034402)|VARIABLE_ASSIGNMENT|[9]|this|{"accs":"0x27cd1630","rows":"0x2e24a499"}|0x46728527
03:21:41.0 (20042569)|HEAP_ALLOCATE|[11]|Bytes:5
03:21:41.0 (20048534)|STATEMENT_EXECUTE|[10]
03:21:41.0 (20075297)|VARIABLE_ASSIGNMENT|[EXTERNAL]|this|{"accs":"0x27cd1630","rows":"0x2e24a499"}|0x46728527
03:21:41.0 (20086194)|STATEMENT_EXECUTE|[11]
03:21:41.0 (20089875)|STATEMENT_EXECUTE|[17]
03:21:41.0 (20112867)|VARIABLE_ASSIGNMENT|[EXTERNAL]|this|{"accs":"0x27cd1630","rows":"0x2e24a499"}|0x46728527
03:21:41.0 (20123669)|METHOD_EXIT|[37]|01p360000074iI2|AccountTableWrapper.getAccounts()
03:21:41.0 (20131695)|HEAP_ALLOCATE|[37]|Bytes:24
03:21:41.0 (20144892)|METHOD_ENTRY|[37]|01p360000074iI2|AccountTableWrapper.RowWrapper.addValue(String)
03:21:41.0 (20150379)|VARIABLE_SCOPE_BEGIN|[80]|this|AccountTableWrapper.RowWrapper|true|false
03:21:41.0 (20168914)|VARIABLE_ASSIGNMENT|[80]|this|{"values":"0x2a20e30b"}|0x736da720
03:21:41.0 (20172318)|VARIABLE_SCOPE_BEGIN|[80]|value|String|false|false
03:21:41.0 (20176922)|VARIABLE_ASSIGNMENT|[80]|value|"525 S. Lexington Ave"
03:21:41.0 (20182579)|STATEMENT_EXECUTE|[81]
03:21:41.0 (20185922)|STATEMENT_EXECUTE|[82]
03:21:41.0 (20207555)|VARIABLE_ASSIGNMENT|[EXTERNAL]|this|{"values":"0x2a20e30b"}|0x736da720
03:21:41.0 (20221673)|HEAP_ALLOCATE|[EXTERNAL]|Bytes:4
03:21:41.0 (20230195)|METHOD_EXIT|[37]|01p360000074iI2|AccountTableWrapper.RowWrapper.addValue(String)
03:21:41.0 (20235638)|STATEMENT_EXECUTE|[38]
03:21:41.0 (20261821)|VARIABLE_ASSIGNMENT|[EXTERNAL]|this|{"accs":"0x27cd1630","rows":"0x2e24a499"}|0x46728527
03:21:41.0 (20275139)|HEAP_ALLOCATE|[38]|Bytes:8
03:21:41.0 (20281955)|METHOD_ENTRY|[38]|01p360000074iI2|AccountTableWrapper.getAccounts()
03:21:41.0 (20286873)|VARIABLE_SCOPE_BEGIN|[9]|this|AccountTableWrapper|true|false
03:21:41.0 (20306961)|VARIABLE_ASSIGNMENT|[9]|this|{"accs":"0x27cd1630","rows":"0x2e24a499"}|0x46728527
03:21:41.0 (20314484)|HEAP_ALLOCATE|[11]|Bytes:5
03:21:41.0 (20320441)|STATEMENT_EXECUTE|[10]
03:21:41.0 (20346926)|VARIABLE_ASSIGNMENT|[EXTERNAL]|this|{"accs":"0x27cd1630","rows":"0x2e24a499"}|0x46728527
03:21:41.0 (20357687)|STATEMENT_EXECUTE|[11]
03:21:41.0 (20361398)|STATEMENT_EXECUTE|[17]
03:21:41.0 (20384562)|VARIABLE_ASSIGNMENT|[EXTERNAL]|this|{"accs":"0x27cd1630","rows":"0x2e24a499"}|0x46728527
03:21:41.0 (20395295)|METHOD_EXIT|[38]|01p360000074iI2|AccountTableWrapper.getAccounts()
03:21:41.0 (20416636)|HEAP_ALLOCATE|[38]|Bytes:24
03:21:41.0 (20434996)|METHOD_ENTRY|[38]|01p360000074iI2|AccountTableWrapper.RowWrapper.addValue(String)
03:21:41.0 (20441049)|VARIABLE_SCOPE_BEGIN|[80]|this|AccountTableWrapper.RowWrapper|true|false
03:21:41.0 (20461014)|VARIABLE_ASSIGNMENT|[80]|this|{"values":"0x34cd2e2"}|0x2fdbaeea
03:21:41.0 (20464972)|VARIABLE_SCOPE_BEGIN|[80]|value|String|false|false
03:21:41.0 (20469292)|VARIABLE_ASSIGNMENT|[80]|value|"Burlington"
03:21:41.0 (20475298)|STATEMENT_EXECUTE|[81]
03:21:41.0 (20478921)|STATEMENT_EXECUTE|[82]
03:21:41.0 (20500909)|VARIABLE_ASSIGNMENT|[EXTERNAL]|this|{"values":"0x34cd2e2"}|0x2fdbaeea
03:21:41.0 (20515207)|HEAP_ALLOCATE|[EXTERNAL]|Bytes:4
03:21:41.0 (20523565)|METHOD_EXIT|[38]|01p360000074iI2|AccountTableWrapper.RowWrapper.addValue(String)
03:21:41.0 (20529150)|STATEMENT_EXECUTE|[39]
03:21:41.0 (20555558)|VARIABLE_ASSIGNMENT|[EXTERNAL]|this|{"accs":"0x27cd1630","rows":"0x2e24a499"}|0x46728527
03:21:41.0 (20568527)|HEAP_ALLOCATE|[39]|Bytes:8
03:21:41.0 (20575375)|METHOD_ENTRY|[39]|01p360000074iI2|AccountTableWrapper.getAccounts()
03:21:41.0 (20580479)|VARIABLE_SCOPE_BEGIN|[9]|this|AccountTableWrapper|true|false
03:21:41.0 (20600386)|VARIABLE_ASSIGNMENT|[9]|this|{"accs":"0x27cd1630","rows":"0x2e24a499"}|0x46728527
03:21:41.0 (20607953)|HEAP_ALLOCATE|[11]|Bytes:5
03:21:41.0 (20613881)|STATEMENT_EXECUTE|[10]
03:21:41.0 (20640343)|VARIABLE_ASSIGNMENT|[EXTERNAL]|this|{"accs":"0x27cd1630","rows":"0x2e24a499"}|0x46728527
03:21:41.0 (20651445)|STATEMENT_EXECUTE|[11]
03:21:41.0 (20655219)|STATEMENT_EXECUTE|[17]
03:21:41.0 (20678602)|VARIABLE_ASSIGNMENT|[EXTERNAL]|this|{"accs":"0x27cd1630","rows":"0x2e24a499"}|0x46728527
03:21:41.0 (20689474)|METHOD_EXIT|[39]|01p360000074iI2|AccountTableWrapper.getAccounts()
03:21:41.0 (20697583)|HEAP_ALLOCATE|[39]|Bytes:24
03:21:41.0 (20710625)|METHOD_ENTRY|[39]|01p360000074iI2|AccountTableWrapper.RowWrapper.addValue(String)
03:21:41.0 (20716142)|VARIABLE_SCOPE_BEGIN|[80]|this|AccountTableWrapper.RowWrapper|true|false
03:21:41.0 (20733935)|VARIABLE_ASSIGNMENT|[80]|this|{"values":"0x3013a11c"}|0x1d06310c
03:21:41.0 (20737332)|VARIABLE_SCOPE_BEGIN|[80]|value|String|false|false
03:21:41.0 (20741344)|VARIABLE_ASSIGNMENT|[80]|value|"27215"
03:21:41.0 (20747164)|STATEMENT_EXECUTE|[81]
03:21:41.0 (20750688)|STATEMENT_EXECUTE|[82]
03:21:41.0 (20772589)|VARIABLE_ASSIGNMENT|[EXTERNAL]|this|{"values":"0x3013a11c"}|0x1d06310c
03:21:41.0 (20791232)|HEAP_ALLOCATE|[EXTERNAL]|Bytes:4
03:21:41.0 (20800210)|METHOD_EXIT|[39]|01p360000074iI2|AccountTableWrapper.RowWrapper.addValue(String)
03:21:41.0 (20804144)|HEAP_ALLOCATE|[34]|Bytes:4
03:21:41.0 (20810878)|VARIABLE_ASSIGNMENT|[34]|idx|2
03:21:41.0 (20817274)|METHOD_ENTRY|[34]|01p360000074iI2|AccountTableWrapper.getAccounts()
03:21:41.0 (20822126)|VARIABLE_SCOPE_BEGIN|[9]|this|AccountTableWrapper|true|false
03:21:41.0 (20843071)|VARIABLE_ASSIGNMENT|[9]|this|{"accs":"0x27cd1630","rows":"0x2e24a499"}|0x46728527
03:21:41.0 (20851387)|HEAP_ALLOCATE|[11]|Bytes:5
03:21:41.0 (20857532)|STATEMENT_EXECUTE|[10]
03:21:41.0 (20884419)|VARIABLE_ASSIGNMENT|[EXTERNAL]|this|{"accs":"0x27cd1630","rows":"0x2e24a499"}|0x46728527
03:21:41.0 (20894890)|STATEMENT_EXECUTE|[11]
03:21:41.0 (20898628)|STATEMENT_EXECUTE|[17]
03:21:41.0 (20921642)|VARIABLE_ASSIGNMENT|[EXTERNAL]|this|{"accs":"0x27cd1630","rows":"0x2e24a499"}|0x46728527
03:21:41.0 (20932695)|METHOD_EXIT|[34]|01p360000074iI2|AccountTableWrapper.getAccounts()
03:21:41.0 (20945891)|STATEMENT_EXECUTE|[35]
03:21:41.0 (20949620)|STATEMENT_EXECUTE|[36]
03:21:41.0 (20974171)|VARIABLE_ASSIGNMENT|[EXTERNAL]|this|{"accs":"0x27cd1630","rows":"0x2e24a499"}|0x46728527
03:21:41.0 (20986174)|HEAP_ALLOCATE|[36]|Bytes:8
03:21:41.0 (20992634)|METHOD_ENTRY|[36]|01p360000074iI2|AccountTableWrapper.getAccounts()
03:21:41.0 (20997536)|VARIABLE_SCOPE_BEGIN|[9]|this|AccountTableWrapper|true|false
03:21:41.0 (21017201)|VARIABLE_ASSIGNMENT|[9]|this|{"accs":"0x27cd1630","rows":"0x2e24a499"}|0x46728527
03:21:41.0 (21025477)|HEAP_ALLOCATE|[11]|Bytes:5
03:21:41.0 (21031535)|STATEMENT_EXECUTE|[10]
03:21:41.0 (21058477)|VARIABLE_ASSIGNMENT|[EXTERNAL]|this|{"accs":"0x27cd1630","rows":"0x2e24a499"}|0x46728527
03:21:41.0 (21069499)|STATEMENT_EXECUTE|[11]
03:21:41.0 (21073162)|STATEMENT_EXECUTE|[17]
03:21:41.0 (21096280)|VARIABLE_ASSIGNMENT|[EXTERNAL]|this|{"accs":"0x27cd1630","rows":"0x2e24a499"}|0x46728527
03:21:41.0 (21107123)|METHOD_EXIT|[36]|01p360000074iI2|AccountTableWrapper.getAccounts()
03:21:41.0 (21122986)|HEAP_ALLOCATE|[36]|Bytes:24
03:21:41.0 (21150767)|METHOD_ENTRY|[36]|01p360000074iI2|AccountTableWrapper.RowWrapper.addValue(String)
03:21:41.0 (21157071)|VARIABLE_SCOPE_BEGIN|[80]|this|AccountTableWrapper.RowWrapper|true|false
03:21:41.0 (21176985)|VARIABLE_ASSIGNMENT|[80]|this|{"values":"0x500aae93"}|0x7a2a1c17
03:21:41.0 (21180461)|VARIABLE_SCOPE_BEGIN|[80]|value|String|false|false
03:21:41.0 (21185824)|VARIABLE_ASSIGNMENT|[80]|value|"Pyramid Construction (5 more) ..."
03:21:41.0 (21192178)|STATEMENT_EXECUTE|[81]
03:21:41.0 (21195672)|STATEMENT_EXECUTE|[82]
03:21:41.0 (21217747)|VARIABLE_ASSIGNMENT|[EXTERNAL]|this|{"values":"0x500aae93"}|0x7a2a1c17
03:21:41.0 (21232369)|HEAP_ALLOCATE|[EXTERNAL]|Bytes:4
03:21:41.0 (21240848)|METHOD_EXIT|[36]|01p360000074iI2|AccountTableWrapper.RowWrapper.addValue(String)
03:21:41.0 (21246389)|STATEMENT_EXECUTE|[37]
03:21:41.0 (21272622)|VARIABLE_ASSIGNMENT|[EXTERNAL]|this|{"accs":"0x27cd1630","rows":"0x2e24a499"}|0x46728527
03:21:41.0 (21285514)|HEAP_ALLOCATE|[37]|Bytes:8
03:21:41.0 (21292230)|METHOD_ENTRY|[37]|01p360000074iI2|AccountTableWrapper.getAccounts()
03:21:41.0 (21297085)|VARIABLE_SCOPE_BEGIN|[9]|this|AccountTableWrapper|true|false
03:21:41.0 (21317042)|VARIABLE_ASSIGNMENT|[9]|this|{"accs":"0x27cd1630","rows":"0x2e24a499"}|0x46728527
03:21:41.0 (21324595)|HEAP_ALLOCATE|[11]|Bytes:5
03:21:41.0 (21330470)|STATEMENT_EXECUTE|[10]
03:21:41.0 (21356985)|VARIABLE_ASSIGNMENT|[EXTERNAL]|this|{"accs":"0x27cd1630","rows":"0x2e24a499"}|0x46728527
03:21:41.0 (21368050)|STATEMENT_EXECUTE|[11]
03:21:41.0 (21371956)|STATEMENT_EXECUTE|[17]
03:21:41.0 (21395186)|VARIABLE_ASSIGNMENT|[EXTERNAL]|this|{"accs":"0x27cd1630","rows":"0x2e24a499"}|0x46728527
03:21:41.0 (21406328)|METHOD_EXIT|[37]|01p360000074iI2|AccountTableWrapper.getAccounts()
03:21:41.0 (21414233)|HEAP_ALLOCATE|[37]|Bytes:24
03:21:41.0 (21427197)|METHOD_ENTRY|[37]|01p360000074iI2|AccountTableWrapper.RowWrapper.addValue(String)
03:21:41.0 (21433083)|VARIABLE_SCOPE_BEGIN|[80]|this|AccountTableWrapper.RowWrapper|true|false
03:21:41.0 (21451346)|VARIABLE_ASSIGNMENT|[80]|this|{"values":"0x2a20e30b"}|0x736da720
03:21:41.0 (21454720)|VARIABLE_SCOPE_BEGIN|[80]|value|String|false|false
03:21:41.0 (21459273)|VARIABLE_ASSIGNMENT|[80]|value|"2 Place Jussieu"
03:21:41.0 (21465328)|STATEMENT_EXECUTE|[81]
03:21:41.0 (21468745)|STATEMENT_EXECUTE|[82]
03:21:41.0 (21490556)|VARIABLE_ASSIGNMENT|[EXTERNAL]|this|{"values":"0x2a20e30b"}|0x736da720
03:21:41.0 (21504650)|HEAP_ALLOCATE|[EXTERNAL]|Bytes:4
03:21:41.0 (21512811)|METHOD_EXIT|[37]|01p360000074iI2|AccountTableWrapper.RowWrapper.addValue(String)
03:21:41.0 (21518276)|STATEMENT_EXECUTE|[38]
03:21:41.0 (21543917)|VARIABLE_ASSIGNMENT|[EXTERNAL]|this|{"accs":"0x27cd1630","rows":"0x2e24a499"}|0x46728527
03:21:41.0 (21557244)|HEAP_ALLOCATE|[38]|Bytes:8
03:21:41.0 (21564170)|METHOD_ENTRY|[38]|01p360000074iI2|AccountTableWrapper.getAccounts()
03:21:41.0 (21569109)|VARIABLE_SCOPE_BEGIN|[9]|this|AccountTableWrapper|true|false
03:21:41.0 (21588930)|VARIABLE_ASSIGNMENT|[9]|this|{"accs":"0x27cd1630","rows":"0x2e24a499"}|0x46728527
03:21:41.0 (21596501)|HEAP_ALLOCATE|[11]|Bytes:5
03:21:41.0 (21602427)|STATEMENT_EXECUTE|[10]
03:21:41.0 (21628981)|VARIABLE_ASSIGNMENT|[EXTERNAL]|this|{"accs":"0x27cd1630","rows":"0x2e24a499"}|0x46728527
03:21:41.0 (21639717)|STATEMENT_EXECUTE|[11]
03:21:41.0 (21643434)|STATEMENT_EXECUTE|[17]
03:21:41.0 (21666399)|VARIABLE_ASSIGNMENT|[EXTERNAL]|this|{"accs":"0x27cd1630","rows":"0x2e24a499"}|0x46728527
03:21:41.0 (21677809)|METHOD_EXIT|[38]|01p360000074iI2|AccountTableWrapper.getAccounts()
03:21:41.0 (21685777)|HEAP_ALLOCATE|[38]|Bytes:24
03:21:41.0 (21698776)|METHOD_ENTRY|[38]|01p360000074iI2|AccountTableWrapper.RowWrapper.addValue(String)
03:21:41.0 (21704353)|VARIABLE_SCOPE_BEGIN|[80]|this|AccountTableWrapper.RowWrapper|true|false
03:21:41.0 (21722378)|VARIABLE_ASSIGNMENT|[80]|this|{"values":"0x34cd2e2"}|0x2fdbaeea
03:21:41.0 (21725941)|VARIABLE_SCOPE_BEGIN|[80]|value|String|false|false
03:21:41.0 (21729957)|VARIABLE_ASSIGNMENT|[80]|value|"Paris"
03:21:41.0 (21735577)|STATEMENT_EXECUTE|[81]
03:21:41.0 (21739002)|STATEMENT_EXECUTE|[82]
03:21:41.0 (21760953)|VARIABLE_ASSIGNMENT|[EXTERNAL]|this|{"values":"0x34cd2e2"}|0x2fdbaeea
03:21:41.0 (21775094)|HEAP_ALLOCATE|[EXTERNAL]|Bytes:4
03:21:41.0 (21783410)|METHOD_EXIT|[38]|01p360000074iI2|AccountTableWrapper.RowWrapper.addValue(String)
03:21:41.0 (21792659)|STATEMENT_EXECUTE|[39]
03:21:41.0 (21819849)|VARIABLE_ASSIGNMENT|[EXTERNAL]|this|{"accs":"0x27cd1630","rows":"0x2e24a499"}|0x46728527
03:21:41.0 (21833238)|HEAP_ALLOCATE|[39]|Bytes:8
03:21:41.0 (21839987)|METHOD_ENTRY|[39]|01p360000074iI2|AccountTableWrapper.getAccounts()
03:21:41.0 (21844947)|VARIABLE_SCOPE_BEGIN|[9]|this|AccountTableWrapper|true|false
03:21:41.0 (21864919)|VARIABLE_ASSIGNMENT|[9]|this|{"accs":"0x27cd1630","rows":"0x2e24a499"}|0x46728527
03:21:41.0 (21872779)|HEAP_ALLOCATE|[11]|Bytes:5
03:21:41.0 (21878802)|STATEMENT_EXECUTE|[10]
03:21:41.0 (21905307)|VARIABLE_ASSIGNMENT|[EXTERNAL]|this|{"accs":"0x27cd1630","rows":"0x2e24a499"}|0x46728527
03:21:41.0 (21916108)|STATEMENT_EXECUTE|[11]
03:21:41.0 (21919868)|STATEMENT_EXECUTE|[17]
03:21:41.0 (21942859)|VARIABLE_ASSIGNMENT|[EXTERNAL]|this|{"accs":"0x27cd1630","rows":"0x2e24a499"}|0x46728527
03:21:41.0 (21954010)|METHOD_EXIT|[39]|01p360000074iI2|AccountTableWrapper.getAccounts()
03:21:41.0 (21961901)|HEAP_ALLOCATE|[39]|Bytes:24
03:21:41.0 (21974901)|METHOD_ENTRY|[39]|01p360000074iI2|AccountTableWrapper.RowWrapper.addValue(String)
03:21:41.0 (21980498)|VARIABLE_SCOPE_BEGIN|[80]|this|AccountTableWrapper.RowWrapper|true|false
03:21:41.0 (21998574)|VARIABLE_ASSIGNMENT|[80]|this|{"values":"0x3013a11c"}|0x1d06310c
03:21:41.0 (22001979)|VARIABLE_SCOPE_BEGIN|[80]|value|String|false|false
03:21:41.0 (22006765)|VARIABLE_ASSIGNMENT|[80]|value|"75251"
03:21:41.0 (22012338)|STATEMENT_EXECUTE|[81]
03:21:41.0 (22015778)|STATEMENT_EXECUTE|[82]
03:21:41.0 (22037680)|VARIABLE_ASSIGNMENT|[EXTERNAL]|this|{"values":"0x3013a11c"}|0x1d06310c
03:21:41.0 (22051589)|HEAP_ALLOCATE|[EXTERNAL]|Bytes:4
03:21:41.0 (22060336)|METHOD_EXIT|[39]|01p360000074iI2|AccountTableWrapper.RowWrapper.addValue(String)
03:21:41.0 (22064341)|HEAP_ALLOCATE|[34]|Bytes:4
03:21:41.0 (22070600)|VARIABLE_ASSIGNMENT|[34]|idx|3
03:21:41.0 (22076765)|METHOD_ENTRY|[34]|01p360000074iI2|AccountTableWrapper.getAccounts()
03:21:41.0 (22081647)|VARIABLE_SCOPE_BEGIN|[9]|this|AccountTableWrapper|true|false
03:21:41.0 (22102061)|VARIABLE_ASSIGNMENT|[9]|this|{"accs":"0x27cd1630","rows":"0x2e24a499"}|0x46728527
03:21:41.0 (22110088)|HEAP_ALLOCATE|[11]|Bytes:5
03:21:41.0 (22116166)|STATEMENT_EXECUTE|[10]
03:21:41.0 (22142942)|VARIABLE_ASSIGNMENT|[EXTERNAL]|this|{"accs":"0x27cd1630","rows":"0x2e24a499"}|0x46728527
03:21:41.0 (22153630)|STATEMENT_EXECUTE|[11]
03:21:41.0 (22157363)|STATEMENT_EXECUTE|[17]
03:21:41.0 (22180343)|VARIABLE_ASSIGNMENT|[EXTERNAL]|this|{"accs":"0x27cd1630","rows":"0x2e24a499"}|0x46728527
03:21:41.0 (22191526)|METHOD_EXIT|[34]|01p360000074iI2|AccountTableWrapper.getAccounts()
03:21:41.0 (22204862)|STATEMENT_EXECUTE|[43]
03:21:41.0 (22261381)|VARIABLE_ASSIGNMENT|[EXTERNAL]|this|{"accs":"0x27cd1630","rows":"0x2e24a499"}|0x46728527
03:21:41.0 (22276625)|SYSTEM_MODE_EXIT|false
03:21:41.0 (22290531)|CODE_UNIT_FINISHED|AccountTableWrapper invoke(getrowWrappers)
03:21:41.0 (22307480)|CODE_UNIT_FINISHED|AccountTableWrapper get(rowWrappers)
03:21:41.0 (22584393)|CODE_UNIT_STARTED|[EXTERNAL]|01p360000074iI2|values
03:21:41.0 (22609148)|CODE_UNIT_FINISHED|values
03:21:41.0 (22790945)|CODE_UNIT_STARTED|[EXTERNAL]|01p360000074iI2|values
03:21:41.0 (22803783)|CODE_UNIT_FINISHED|values
03:21:41.0 (22970825)|CODE_UNIT_STARTED|[EXTERNAL]|01p360000074iI2|values
03:21:41.0 (22982926)|CODE_UNIT_FINISHED|values
03:21:41.0 (23147495)|CODE_UNIT_STARTED|[EXTERNAL]|01p360000074iI2|values
03:21:41.0 (23159903)|CODE_UNIT_FINISHED|values
03:21:41.0 (27484407)|VF_SERIALIZE_VIEWSTATE_BEGIN|06636000002n6IF
03:21:41.0 (44145452)|VF_SERIALIZE_VIEWSTATE_END
03:21:41.0 (50278168)|CODE_UNIT_STARTED|[EXTERNAL]|Generate Metadata
03:21:41.0 (54886455)|CODE_UNIT_FINISHED|Generate Metadata
03:21:41.59 (59285591)|CUMULATIVE_LIMIT_USAGE
03:21:41.59 (59285591)|LIMIT_USAGE_FOR_NS|(default)|
  Number of SOQL queries: 1 out of 100
  Number of query rows: 3 out of 50000
  Number of SOSL queries: 0 out of 20
  Number of DML statements: 0 out of 150
  Number of DML rows: 0 out of 10000
  Maximum CPU time: 0 out of 10000
  Maximum heap size: 0 out of 6000000
  Number of callouts: 0 out of 100
  Number of Email Invocations: 0 out of 10
  Number of future calls: 0 out of 50
  Number of queueable jobs added to the queue: 0 out of 50
  Number of Mobile Apex push calls: 0 out of 10

03:21:41.59 (59285591)|CUMULATIVE_LIMIT_USAGE_END

03:21:41.0 (59358007)|CODE_UNIT_FINISHED|VF: /apex/AccountTabWrap
03:21:41.0 (60626113)|EXECUTION_FINISHED
