36.0 APEX_CODE,FINEST;APEX_PROFILING,INFO;CALLOUT,INFO;DB,INFO;SYSTEM,DEBUG;VALIDATION,INFO;VISUALFORCE,INFO;WORKFLOW,INFO
06:28:50.0 (566463)|EXECUTION_STARTED
06:28:50.0 (605214)|CODE_UNIT_STARTED|[EXTERNAL]|06636000002n7XB|VF: /apex/DraftsToPersonTable
06:28:50.0 (11729395)|CODE_UNIT_STARTED|[EXTERNAL]|01p360000074pQr|DraftsToPersons <init>
06:28:50.0 (11745211)|SYSTEM_MODE_ENTER|true
06:28:50.0 (12237877)|HEAP_ALLOCATE|[72]|Bytes:3
06:28:50.0 (12269741)|HEAP_ALLOCATE|[77]|Bytes:152
06:28:50.0 (12284437)|HEAP_ALLOCATE|[342]|Bytes:408
06:28:50.0 (12300053)|HEAP_ALLOCATE|[355]|Bytes:408
06:28:50.0 (12314677)|HEAP_ALLOCATE|[467]|Bytes:48
06:28:50.0 (12342030)|HEAP_ALLOCATE|[139]|Bytes:6
06:28:50.0 (12358702)|HEAP_ALLOCATE|[EXTERNAL]|Bytes:10
06:28:50.0 (12363180)|HEAP_ALLOCATE|[EXTERNAL]|Bytes:140
06:28:50.0 (12365902)|HEAP_ALLOCATE|[EXTERNAL]|Bytes:21
06:28:50.0 (12375266)|METHOD_ENTRY|[1]|01p360000074pQr|DraftsToPersons.DraftsToPersons()
06:28:50.0 (12379214)|STATEMENT_EXECUTE|[1]
06:28:50.0 (12385692)|STATEMENT_EXECUTE|[1]
06:28:50.0 (12419079)|HEAP_ALLOCATE|[50]|Bytes:5
06:28:50.0 (12445626)|HEAP_ALLOCATE|[56]|Bytes:5
06:28:50.0 (12454706)|HEAP_ALLOCATE|[64]|Bytes:7
06:28:50.0 (12473793)|SYSTEM_MODE_ENTER|false
06:28:50.0 (12491323)|HEAP_ALLOCATE|[EXTERNAL]|Bytes:5
06:28:50.0 (12495709)|STATEMENT_EXECUTE|[69]
06:28:50.0 (12499804)|SYSTEM_MODE_EXIT|false
06:28:50.0 (12511564)|METHOD_EXIT|[1]|DraftsToPersons
06:28:50.0 (12803300)|HEAP_ALLOCATE|[EXTERNAL]|Bytes:20
06:28:50.0 (12815798)|VARIABLE_SCOPE_BEGIN|[7]|this|DraftsToPersons|true|false
06:28:50.0 (12902634)|VARIABLE_ASSIGNMENT|[7]|this|{}|0x561f0ec3
06:28:50.0 (12913657)|SYSTEM_MODE_ENTER|false
06:28:50.0 (12919340)|HEAP_ALLOCATE|[EXTERNAL]|Bytes:5
06:28:50.0 (12922910)|STATEMENT_EXECUTE|[1]
06:28:50.0 (12926001)|HEAP_ALLOCATE|[EXTERNAL]|Bytes:5
06:28:50.0 (12927788)|STATEMENT_EXECUTE|[2]
06:28:50.0 (12929389)|STATEMENT_EXECUTE|[3]
06:28:50.0 (12930359)|STATEMENT_EXECUTE|[4]
06:28:50.0 (12931349)|STATEMENT_EXECUTE|[5]
06:28:50.0 (12940643)|HEAP_ALLOCATE|[EXTERNAL]|Bytes:6
06:28:50.0 (12962235)|STATEMENT_EXECUTE|[8]
06:28:50.0 (12965754)|SYSTEM_MODE_EXIT|false
06:28:50.0 (12981961)|CODE_UNIT_FINISHED|DraftsToPersons <init>
06:28:50.0 (13032312)|CODE_UNIT_STARTED|[EXTERNAL]|01p360000074pQr|DraftsToPersons get(Persons)
06:28:50.0 (13040759)|SYSTEM_MODE_ENTER|true
06:28:50.0 (13066990)|CODE_UNIT_STARTED|[EXTERNAL]|01p360000074pQr|DraftsToPersons invoke(getPersons)
06:28:50.0 (13103225)|HEAP_ALLOCATE|[EXTERNAL]|Bytes:20
06:28:50.0 (13110944)|VARIABLE_SCOPE_BEGIN|[23]|this|DraftsToPersons|true|false
06:28:50.0 (13130865)|VARIABLE_ASSIGNMENT|[23]|this|{}|0x561f0ec3
06:28:50.0 (13145622)|SYSTEM_MODE_ENTER|false
06:28:50.0 (13150711)|HEAP_ALLOCATE|[25]|Bytes:5
06:28:50.0 (13154075)|STATEMENT_EXECUTE|[24]
06:28:50.0 (13198773)|VARIABLE_ASSIGNMENT|[EXTERNAL]|this|{}|0x561f0ec3
06:28:50.0 (13210491)|STATEMENT_EXECUTE|[26]
06:28:50.0 (13212103)|STATEMENT_EXECUTE|[27]
06:28:50.0 (13216223)|HEAP_ALLOCATE|[27]|Bytes:71
06:28:50.0 (13227308)|HEAP_ALLOCATE|[27]|Bytes:4
06:28:50.0 (14161277)|SOQL_EXECUTE_BEGIN|[27]|Aggregations:0|SELECT id, Name FROM Person__c ORDER BY Name ASC NULLS FIRST LIMIT 1000
06:28:50.0 (17048974)|SOQL_EXECUTE_END|[27]|Rows:2
06:28:50.0 (17068106)|HEAP_ALLOCATE|[27]|Bytes:12
06:28:50.0 (17087137)|HEAP_ALLOCATE|[27]|Bytes:97
06:28:50.0 (17115538)|HEAP_ALLOCATE|[27]|Bytes:12
06:28:50.0 (17159686)|VARIABLE_ASSIGNMENT|[EXTERNAL]|this|{}|0x561f0ec3
06:28:50.0 (17197805)|VARIABLE_ASSIGNMENT|[EXTERNAL]|value|{"s":1,"v":[{"s":2,"v":{"Id":"a0N36000000xneOEAQ","Name":"Andiy Lokotosh"}},{"s":3,"v":{"Id":"a0N36000000xneTEAQ","Name":"Jon Smith"}}]}|0x35bc855b
06:28:50.0 (17220620)|VARIABLE_ASSIGNMENT|[3]|this.pers|{"s":1,"v":[{"s":2,"v":{"Id":"a0N36000000xneOEAQ","Name":"Andiy Lokotosh"}},{"s":3,"v":{"Id":"a0N36000000xneTEAQ","Name":"Jon Smith"}}]}|0x561f0ec3
06:28:50.0 (17230350)|STATEMENT_EXECUTE|[31]
06:28:50.0 (17266094)|VARIABLE_ASSIGNMENT|[EXTERNAL]|this|{"pers":"0x35bc855b"}|0x561f0ec3
06:28:50.0 (17277971)|SYSTEM_MODE_EXIT|false
06:28:50.0 (17291379)|CODE_UNIT_FINISHED|DraftsToPersons invoke(getPersons)
06:28:50.0 (17309376)|CODE_UNIT_FINISHED|DraftsToPersons get(Persons)
06:28:50.0 (17575343)|CODE_UNIT_STARTED|[EXTERNAL]|01p360000074pQr|DraftsToPersons get(Drafts)
06:28:50.0 (17583280)|SYSTEM_MODE_ENTER|true
06:28:50.0 (17599600)|CODE_UNIT_STARTED|[EXTERNAL]|01p360000074pQr|DraftsToPersons invoke(getDrafts)
06:28:50.0 (17635943)|HEAP_ALLOCATE|[EXTERNAL]|Bytes:20
06:28:50.0 (17644194)|VARIABLE_SCOPE_BEGIN|[12]|this|DraftsToPersons|true|false
06:28:50.0 (17668044)|VARIABLE_ASSIGNMENT|[12]|this|{"pers":"0x35bc855b"}|0x561f0ec3
06:28:50.0 (17678942)|SYSTEM_MODE_ENTER|false
06:28:50.0 (17684076)|HEAP_ALLOCATE|[14]|Bytes:5
06:28:50.0 (17687761)|STATEMENT_EXECUTE|[13]
06:28:50.0 (17731302)|VARIABLE_ASSIGNMENT|[EXTERNAL]|this|{"pers":"0x35bc855b"}|0x561f0ec3
06:28:50.0 (17742986)|STATEMENT_EXECUTE|[15]
06:28:50.0 (17744611)|STATEMENT_EXECUTE|[16]
06:28:50.0 (17748848)|HEAP_ALLOCATE|[16]|Bytes:70
06:28:50.0 (17754564)|HEAP_ALLOCATE|[16]|Bytes:4
06:28:50.0 (18457968)|SOQL_EXECUTE_BEGIN|[16]|Aggregations:0|SELECT id, Name FROM Draft__c ORDER BY Name ASC NULLS FIRST LIMIT 1000
06:28:50.0 (20070702)|SOQL_EXECUTE_END|[16]|Rows:2
06:28:50.0 (20087002)|HEAP_ALLOCATE|[16]|Bytes:12
06:28:50.0 (20101497)|HEAP_ALLOCATE|[16]|Bytes:95
06:28:50.0 (20125010)|HEAP_ALLOCATE|[16]|Bytes:12
06:28:50.0 (20172377)|VARIABLE_ASSIGNMENT|[EXTERNAL]|this|{"pers":"0x35bc855b"}|0x561f0ec3
06:28:50.0 (20193537)|VARIABLE_ASSIGNMENT|[EXTERNAL]|value|{"s":1,"v":[{"s":2,"v":{"Id":"a0R3600000032Q3EAI","Name":"Ebay"}},{"s":3,"v":{"Id":"a0R3600000032PyEAI","Name":"Electronic System"}}]}|0x66272caf
06:28:50.0 (20212555)|VARIABLE_ASSIGNMENT|[2]|this.draft|{"s":1,"v":[{"s":2,"v":{"Id":"a0R3600000032Q3EAI","Name":"Ebay"}},{"s":3,"v":{"Id":"a0R3600000032PyEAI","Name":"Electronic System"}}]}|0x561f0ec3
06:28:50.0 (20222471)|STATEMENT_EXECUTE|[21]
06:28:50.0 (20258463)|VARIABLE_ASSIGNMENT|[EXTERNAL]|this|{"draft":"0x66272caf","pers":"0x35bc855b"}|0x561f0ec3
06:28:50.0 (20270101)|SYSTEM_MODE_EXIT|false
06:28:50.0 (20281550)|CODE_UNIT_FINISHED|DraftsToPersons invoke(getDrafts)
06:28:50.0 (20298994)|CODE_UNIT_FINISHED|DraftsToPersons get(Drafts)
06:28:50.0 (20545244)|CODE_UNIT_STARTED|[EXTERNAL]|01p360000074pQr|DraftsToPersons get(Times)
06:28:50.0 (20553185)|SYSTEM_MODE_ENTER|true
06:28:50.0 (20570097)|CODE_UNIT_STARTED|[EXTERNAL]|01p360000074pQr|DraftsToPersons invoke(getTimes)
06:28:50.0 (20602606)|HEAP_ALLOCATE|[EXTERNAL]|Bytes:20
06:28:50.0 (20610503)|VARIABLE_SCOPE_BEGIN|[34]|this|DraftsToPersons|true|false
06:28:50.0 (20638874)|VARIABLE_ASSIGNMENT|[34]|this|{"draft":"0x66272caf","pers":"0x35bc855b"}|0x561f0ec3
06:28:50.0 (20650259)|SYSTEM_MODE_ENTER|false
06:28:50.0 (20655510)|HEAP_ALLOCATE|[36]|Bytes:5
06:28:50.0 (20659104)|STATEMENT_EXECUTE|[35]
06:28:50.0 (20704189)|VARIABLE_ASSIGNMENT|[EXTERNAL]|this|{"draft":"0x66272caf","pers":"0x35bc855b"}|0x561f0ec3
06:28:50.0 (20716007)|STATEMENT_EXECUTE|[37]
06:28:50.0 (20717745)|STATEMENT_EXECUTE|[38]
06:28:50.0 (20721903)|HEAP_ALLOCATE|[38]|Bytes:66
06:28:50.0 (20727767)|HEAP_ALLOCATE|[38]|Bytes:4
06:28:50.0 (21871620)|SOQL_EXECUTE_BEGIN|[38]|Aggregations:0|SELECT id, Name, Person__r.id, Draft__r.id FROM Time__c LIMIT 1000
06:28:50.0 (27525370)|SOQL_EXECUTE_END|[38]|Rows:3
06:28:50.0 (27543238)|HEAP_ALLOCATE|[38]|Bytes:16
06:28:50.0 (27572104)|HEAP_ALLOCATE|[38]|Bytes:484
06:28:50.0 (27598469)|HEAP_ALLOCATE|[38]|Bytes:16
06:28:50.0 (27658627)|VARIABLE_ASSIGNMENT|[EXTERNAL]|this|{"draft":"0x66272caf","pers":"0x35bc855b"}|0x561f0ec3
06:28:50.0 (27697711)|VARIABLE_ASSIGNMENT|[EXTERNAL]|value|{"s":1,"v":[{"s":2,"v":{"Id":"a0M36000000eD3xEAE","Name":"4","Person__c":"a0N36000000xneTEAQ","Draft__c":"a0R3600000032Q3EAI","Person__r":{"s":3,"v":{"Id":"a0N36000000xneTEAQ"}},"Draft__r":{"s":4,"v":{"Id":"a0R3600000032Q3EAI"}}}},{"s":5,"v":{"Id":"a0M36000000eCJfEAM","Name":"5","Person__c":"a0N36000000xneOEAQ","Draft__c":"a0R3600000032Q3EAI","Person__r":{"s":6,"v":{"Id":"a0N36000000xneOEAQ"}},"Draft__r":{"r":4}}},{"s":7,"v":{"Id":"a0M36000000eCJaEAM","Name":"4","Person__c":"a0N36000000xneTEAQ","Draft__c":"a0R3600000032PyEAI","Person__r":{"r":3},"Draft__r":{"s":8,"v":{"Id":"a0R3600000032PyEAI"}}}}]}|0x3693eaa9
06:28:50.0 (27734633)|VARIABLE_ASSIGNMENT|[4]|this.tim|{"s":1,"v":[{"s":2,"v":{"Id":"a0M36000000eD3xEAE","Name":"4","Person__c":"a0N36000000xneTEAQ","Draft__c":"a0R3600000032Q3EAI","Person__r":{"s":3,"v":{"Id":"a0N36000000xneTEAQ"}},"Draft__r":{"s":4,"v":{"Id":"a0R3600000032Q3EAI"}}}},{"s":5,"v":{"Id":"a0M36000000eCJfEAM","Name":"5","Person__c":"a0N36000000xneOEAQ","Draft__c":"a0R3600000032Q3EAI","Person__r":{"s":6,"v":{"Id":"a0N36000000xneOEAQ"}},"Draft__r":{"r":4}}},{"s":7,"v":{"Id":"a0M36000000eCJaEAM","Name":"4","Person__c":"a0N36000000xneTEAQ","Draft__c":"a0R3600000032PyEAI","Person__r":{"r":3},"Draft__r":{"s":8,"v":{"Id":"a0R3600000032PyEAI"}}}}]}|0x561f0ec3
06:28:50.0 (27747697)|STATEMENT_EXECUTE|[41]
06:28:50.0 (27788750)|VARIABLE_ASSIGNMENT|[EXTERNAL]|this|{"draft":"0x66272caf","pers":"0x35bc855b","tim":"0x3693eaa9"}|0x561f0ec3
06:28:50.0 (27801053)|SYSTEM_MODE_EXIT|false
06:28:50.0 (27814655)|CODE_UNIT_FINISHED|DraftsToPersons invoke(getTimes)
06:28:50.0 (27834026)|CODE_UNIT_FINISHED|DraftsToPersons get(Times)
06:28:50.65 (65086948)|CUMULATIVE_LIMIT_USAGE
06:28:50.65 (65086948)|LIMIT_USAGE_FOR_NS|(default)|
  Number of SOQL queries: 3 out of 100
  Number of query rows: 7 out of 50000
  Number of SOSL queries: 0 out of 20
  Number of DML statements: 0 out of 150
  Number of DML rows: 0 out of 10000
  Maximum CPU time: 0 out of 10000
  Maximum heap size: 0 out of 6000000
  Number of callouts: 0 out of 100
  Number of Email Invocations: 0 out of 10
  Number of future calls: 0 out of 50
  Number of queueable jobs added to the queue: 0 out of 50
  Number of Mobile Apex push calls: 0 out of 10

06:28:50.65 (65086948)|CUMULATIVE_LIMIT_USAGE_END

06:28:50.0 (65119269)|CODE_UNIT_FINISHED|VF: /apex/DraftsToPersonTable
06:28:50.0 (66298911)|EXECUTION_FINISHED
