36.0 APEX_CODE,FINEST;APEX_PROFILING,INFO;CALLOUT,INFO;DB,INFO;SYSTEM,DEBUG;VALIDATION,INFO;VISUALFORCE,INFO;WORKFLOW,INFO
08:30:44.13 (13704613)|HEAP_ALLOCATE|[139]|Bytes:6
08:30:44.13 (13957441)|HEAP_ALLOCATE|[50]|Bytes:5
08:30:44.13 (13988097)|HEAP_ALLOCATE|[56]|Bytes:5
08:30:44.13 (13999000)|HEAP_ALLOCATE|[64]|Bytes:7
08:30:44.13 (14844247)|VARIABLE_SCOPE_BEGIN|[14]|SitePageOverrideExtension.STANDARD_PAGES|List<Schema.SObjectField>|true|true
08:30:44.13 (19910925)|CODE_UNIT_FINISHED|VisualForce View State
08:30:44.13 (21078696)|EXECUTION_FINISHED
08:30:44.23 (23572895)|SYSTEM_MODE_ENTER|true
08:30:44.23 (23653764)|HEAP_ALLOCATE|[EXTERNAL]|Bytes:38
08:30:44.23 (23663640)|HEAP_ALLOCATE|[EXTERNAL]|Bytes:7
08:30:44.23 (23684178)|SYSTEM_METHOD_ENTRY|[1]|PageMessagesComponentController.PageMessagesComponentController()
08:30:44.23 (23689841)|STATEMENT_EXECUTE|[1]
08:30:47.990 (3990453077)|CUMULATIVE_LIMIT_USAGE
08:30:47.990 (3990453077)|LIMIT_USAGE_FOR_NS|(default)|
  Number of SOQL queries: 0 out of 100
  Number of query rows: 0 out of 50000
  Number of SOSL queries: 0 out of 20
  Number of DML statements: 0 out of 150
  Number of DML rows: 0 out of 10000
  Maximum CPU time: 0 out of 10000
  Maximum heap size: 0 out of 6000000
  Number of callouts: 0 out of 100
  Number of Email Invocations: 0 out of 10
  Number of future calls: 0 out of 50
  Number of queueable jobs added to the queue: 0 out of 50
  Number of Mobile Apex push calls: 0 out of 10

08:30:47.990 (3990453077)|CUMULATIVE_LIMIT_USAGE_END

