36.0 APEX_CODE,FINEST;APEX_PROFILING,INFO;CALLOUT,INFO;DB,INFO;SYSTEM,DEBUG;VALIDATION,INFO;VISUALFORCE,INFO;WORKFLOW,INFO
09:00:20.0 (464535)|EXECUTION_STARTED
09:00:20.0 (502471)|CODE_UNIT_STARTED|[EXTERNAL]|01p36000005H3V7|expansesController.getExpenses
09:00:20.0 (800426)|HEAP_ALLOCATE|[72]|Bytes:3
09:00:20.0 (872418)|HEAP_ALLOCATE|[77]|Bytes:152
09:00:20.0 (897136)|HEAP_ALLOCATE|[342]|Bytes:408
09:00:20.0 (920952)|HEAP_ALLOCATE|[355]|Bytes:408
09:00:20.0 (943554)|HEAP_ALLOCATE|[467]|Bytes:48
09:00:20.0 (987803)|HEAP_ALLOCATE|[139]|Bytes:6
09:00:20.0 (1014379)|HEAP_ALLOCATE|[EXTERNAL]|Bytes:4
09:00:20.0 (1034086)|METHOD_ENTRY|[1]|01p36000005H3V7|expansesController.expansesController()
09:00:20.0 (1039467)|STATEMENT_EXECUTE|[1]
09:00:20.0 (1046319)|STATEMENT_EXECUTE|[1]
09:00:20.0 (1085043)|HEAP_ALLOCATE|[50]|Bytes:5
09:00:20.0 (1112862)|HEAP_ALLOCATE|[56]|Bytes:5
09:00:20.0 (1122764)|HEAP_ALLOCATE|[64]|Bytes:7
09:00:20.0 (1151572)|SYSTEM_MODE_ENTER|false
09:00:20.0 (1172967)|HEAP_ALLOCATE|[EXTERNAL]|Bytes:5
09:00:20.0 (1181567)|SYSTEM_MODE_EXIT|false
09:00:20.0 (1194952)|METHOD_EXIT|[1]|expansesController
09:00:20.0 (1203952)|SYSTEM_MODE_ENTER|false
09:00:20.0 (1217749)|HEAP_ALLOCATE|[6]|Bytes:5
09:00:20.0 (1221522)|STATEMENT_EXECUTE|[3]
09:00:20.0 (1222993)|STATEMENT_EXECUTE|[6]
09:00:20.0 (1225907)|HEAP_ALLOCATE|[6]|Bytes:90
09:00:20.0 (1237791)|HEAP_ALLOCATE|[6]|Bytes:4
09:00:20.0 (1616128)|SOQL_EXECUTE_BEGIN|[6]|Aggregations:0|SELECT Id, Name, Amount__c, Client__c, Date__c, Reimbursed__c, CreatedDate FROM Expense__c
09:00:20.0 (6568475)|SOQL_EXECUTE_END|[6]|Rows:7
09:00:20.0 (6596435)|HEAP_ALLOCATE|[6]|Bytes:32
09:00:20.0 (6631752)|HEAP_ALLOCATE|[6]|Bytes:1030
09:00:20.0 (6677386)|HEAP_ALLOCATE|[6]|Bytes:32
09:00:20.0 (6696959)|SYSTEM_MODE_EXIT|false
09:00:20.6 (6748783)|CUMULATIVE_LIMIT_USAGE
09:00:20.6 (6748783)|LIMIT_USAGE_FOR_NS|(default)|
  Number of SOQL queries: 1 out of 100
  Number of query rows: 7 out of 50000
  Number of SOSL queries: 0 out of 20
  Number of DML statements: 0 out of 150
  Number of DML rows: 0 out of 10000
  Maximum CPU time: 0 out of 10000
  Maximum heap size: 0 out of 6000000
  Number of callouts: 0 out of 100
  Number of Email Invocations: 0 out of 10
  Number of future calls: 0 out of 50
  Number of queueable jobs added to the queue: 0 out of 50
  Number of Mobile Apex push calls: 0 out of 10

09:00:20.6 (6748783)|CUMULATIVE_LIMIT_USAGE_END

09:00:20.0 (6804527)|CODE_UNIT_FINISHED|expansesController.getExpenses
09:00:20.0 (9471008)|EXECUTION_FINISHED
