36.0 APEX_CODE,FINEST;APEX_PROFILING,INFO;CALLOUT,INFO;DB,INFO;SYSTEM,DEBUG;VALIDATION,INFO;VISUALFORCE,INFO;WORKFLOW,INFO
07:55:54.0 (81337)|EXECUTION_STARTED
07:55:54.0 (125121)|CODE_UNIT_STARTED|[EXTERNAL]|06636000001VcbV|VF: /apex/AprooveWraper
07:55:54.0 (5080981)|CODE_UNIT_STARTED|[EXTERNAL]|01p360000072SS3|WrapperEmployeeSkills <init>
07:55:54.0 (5097699)|SYSTEM_MODE_ENTER|true
07:55:54.0 (5575100)|HEAP_ALLOCATE|[72]|Bytes:3
07:55:54.0 (5621846)|HEAP_ALLOCATE|[77]|Bytes:152
07:55:54.0 (5640124)|HEAP_ALLOCATE|[342]|Bytes:408
07:55:54.0 (5660736)|HEAP_ALLOCATE|[355]|Bytes:408
07:55:54.0 (5679952)|HEAP_ALLOCATE|[467]|Bytes:48
07:55:54.0 (5710122)|HEAP_ALLOCATE|[139]|Bytes:6
07:55:54.0 (5733301)|HEAP_ALLOCATE|[EXTERNAL]|Bytes:9
07:55:54.0 (5738707)|HEAP_ALLOCATE|[EXTERNAL]|Bytes:88
07:55:54.0 (5741636)|HEAP_ALLOCATE|[EXTERNAL]|Bytes:6
07:55:54.0 (5745016)|HEAP_ALLOCATE|[EXTERNAL]|Bytes:2
07:55:54.0 (5758472)|METHOD_ENTRY|[1]|01p360000072SS3|WrapperEmployeeSkills.WrapperEmployeeSkills()
07:55:54.0 (5763045)|STATEMENT_EXECUTE|[1]
07:55:54.0 (5769988)|STATEMENT_EXECUTE|[1]
07:55:54.0 (5802555)|HEAP_ALLOCATE|[50]|Bytes:5
07:55:54.0 (5826907)|HEAP_ALLOCATE|[56]|Bytes:5
07:55:54.0 (5837202)|HEAP_ALLOCATE|[64]|Bytes:7
07:55:54.0 (5861919)|SYSTEM_MODE_ENTER|false
07:55:54.0 (5877351)|HEAP_ALLOCATE|[EXTERNAL]|Bytes:5
07:55:54.0 (5881653)|STATEMENT_EXECUTE|[61]
07:55:54.0 (5887443)|SYSTEM_MODE_EXIT|false
07:55:54.0 (5897396)|METHOD_EXIT|[1]|WrapperEmployeeSkills
07:55:54.0 (5903681)|HEAP_ALLOCATE|[EXTERNAL]|Bytes:8
07:55:54.0 (5918364)|VARIABLE_SCOPE_BEGIN|[1]|this|WrapperEmployeeSkills|true|false
07:55:54.0 (5977728)|VARIABLE_ASSIGNMENT|[1]|this|{}|0x13805b4e
07:55:54.0 (5989276)|SYSTEM_MODE_ENTER|false
07:55:54.0 (5994770)|HEAP_ALLOCATE|[EXTERNAL]|Bytes:5
07:55:54.0 (6003331)|HEAP_ALLOCATE|[EXTERNAL]|Bytes:6
07:55:54.0 (6030408)|SYSTEM_MODE_EXIT|false
07:55:54.0 (6034526)|STATEMENT_EXECUTE|[1]
07:55:54.0 (6039767)|SYSTEM_MODE_ENTER|false
07:55:54.0 (6043867)|HEAP_ALLOCATE|[EXTERNAL]|Bytes:5
07:55:54.0 (6046640)|STATEMENT_EXECUTE|[4]
07:55:54.0 (6050184)|SYSTEM_MODE_EXIT|false
07:55:54.0 (6066994)|CODE_UNIT_FINISHED|WrapperEmployeeSkills <init>
07:55:54.0 (6124995)|CODE_UNIT_STARTED|[EXTERNAL]|01p360000072SS3|WrapperEmployeeSkills get(EmployeeSkills)
07:55:54.0 (6133456)|SYSTEM_MODE_ENTER|true
07:55:54.0 (6153640)|CODE_UNIT_STARTED|[EXTERNAL]|01p360000072SS3|WrapperEmployeeSkills invoke(getEmployeeSkills)
07:55:54.0 (6178406)|HEAP_ALLOCATE|[EXTERNAL]|Bytes:8
07:55:54.0 (6186957)|VARIABLE_SCOPE_BEGIN|[7]|this|WrapperEmployeeSkills|true|false
07:55:54.0 (6203443)|VARIABLE_ASSIGNMENT|[7]|this|{}|0x13805b4e
07:55:54.0 (6219897)|SYSTEM_MODE_ENTER|false
07:55:54.0 (6225258)|HEAP_ALLOCATE|[8]|Bytes:5
07:55:54.0 (6229231)|STATEMENT_EXECUTE|[7]
07:55:54.0 (6268703)|VARIABLE_ASSIGNMENT|[EXTERNAL]|this|{}|0x13805b4e
07:55:54.0 (6280074)|STATEMENT_EXECUTE|[8]
07:55:54.0 (6281611)|STATEMENT_EXECUTE|[9]
07:55:54.0 (6378942)|HEAP_ALLOCATE|[9]|Bytes:4
07:55:54.0 (6510620)|VARIABLE_ASSIGNMENT|[EXTERNAL]|this|{}|0x13805b4e
07:55:54.0 (6545086)|HEAP_ALLOCATE|[EXTERNAL]|Bytes:4
07:55:54.0 (6566045)|VARIABLE_ASSIGNMENT|[EXTERNAL]|value|{"s":1,"v":[]}|0xeb066c
07:55:54.0 (6583446)|VARIABLE_ASSIGNMENT|[4]|this.skillsList|{"s":1,"v":[]}|0x13805b4e
07:55:54.0 (6595162)|HEAP_ALLOCATE|[10]|Bytes:85
07:55:54.0 (6605104)|HEAP_ALLOCATE|[10]|Bytes:4
07:55:54.0 (7465834)|SOQL_EXECUTE_BEGIN|[10]|Aggregations:0|SELECT Id, Name, Employee__r.Name, Project__r.Name, Status__c FROM Employee_Skills__c
07:55:54.0 (15255820)|SOQL_EXECUTE_END|[10]|Rows:16
07:55:54.0 (15273904)|HEAP_ALLOCATE|[EXTERNAL]|Bytes:68
07:55:54.0 (15464804)|HEAP_ALLOCATE|[10]|Bytes:49
07:55:54.0 (15473647)|HEAP_ALLOCATE|[10]|Bytes:8
07:55:54.0 (15488682)|SYSTEM_METHOD_ENTRY|[7]|QueryLocatorIterator.QueryLocatorIterator()
07:55:54.0 (15491870)|STATEMENT_EXECUTE|[7]
07:55:54.0 (15502139)|SYSTEM_METHOD_EXIT|[7]|QueryLocatorIterator
07:55:54.0 (15508239)|HEAP_ALLOCATE|[10]|Bytes:28
07:55:54.0 (15587293)|HEAP_ALLOCATE|[10]|Bytes:68
07:55:54.0 (15604072)|HEAP_ALLOCATE|[10]|Bytes:8
07:55:54.0 (15607175)|HEAP_ALLOCATE|[10]|Bytes:8
07:55:54.0 (15616848)|VARIABLE_SCOPE_BEGIN|[15]|this|Database.QueryLocatorIterator|true|false
07:55:54.0 (15658015)|VARIABLE_ASSIGNMENT|[15]|this|{}|0x4b995528
07:55:54.0 (15664291)|VARIABLE_SCOPE_BEGIN|[15]|values|List<SObject>|true|false
07:55:54.0 (15685199)|VARIABLE_ASSIGNMENT|[15]|values|{"s":1,"v":"List of size 16 too large to display"}|0x438e3c20
07:55:54.0 (15689153)|VARIABLE_SCOPE_BEGIN|[15]|ql|Database.QueryLocator|true|false
07:55:54.0 (15705335)|VARIABLE_ASSIGNMENT|[15]|ql|{"query":"SELECT Id, Name, Emp (65 more) ..."}|0x1b5c5c4d
07:55:54.0 (15709843)|VARIABLE_SCOPE_BEGIN|[15]|totalNumRecords|Integer|false|false
07:55:54.0 (15713537)|VARIABLE_ASSIGNMENT|[15]|totalNumRecords|16
07:55:54.0 (15716703)|VARIABLE_SCOPE_BEGIN|[15]|queryMoreSize|Integer|false|false
07:55:54.0 (15719522)|VARIABLE_ASSIGNMENT|[15]|queryMoreSize|49984
07:55:54.0 (15770493)|HEAP_ALLOCATE|[10]|Bytes:28
07:55:54.0 (15793618)|METHOD_ENTRY|[10]||Database.QueryLocatorIterator.hasNext()
07:55:54.0 (15892017)|METHOD_EXIT|[10]||Database.QueryLocatorIterator.hasNext()
07:55:54.0 (15901216)|METHOD_ENTRY|[10]||Database.QueryLocatorIterator.next()
07:55:54.0 (15993782)|METHOD_EXIT|[10]||Database.QueryLocatorIterator.next()
07:55:54.0 (16003000)|VARIABLE_SCOPE_BEGIN|[10]|c|Employee_Skills__c|true|false
07:55:54.0 (16033689)|VARIABLE_ASSIGNMENT|[10]|c|{"s":1,"v":{"Id":"a0C360000002n2pEAA","Name":"sdfsdfsdf","Employee__c":"a0A36000001yx5YEAQ","Project__c":"a0736000000Ew01AAC","Status__c":"Rejected","Employee__r":{"s":2,"v":{"Name":"dssdfsd","Id":"a0A36000001yx5YEAQ"}},"Project__r":{"s":3,"v":{"Name":"eBank","Id":"a0736000000Ew01AAC"}}}}|0x4c336c63
07:55:54.0 (16038164)|STATEMENT_EXECUTE|[12]
07:55:54.0 (16039833)|STATEMENT_EXECUTE|[14]
07:55:54.0 (16077321)|VARIABLE_ASSIGNMENT|[EXTERNAL]|this|{"skillsList":"0xeb066c"}|0x13805b4e
07:55:54.0 (16096261)|HEAP_ALLOCATE|[14]|Bytes:112
07:55:54.0 (16101380)|HEAP_ALLOCATE|[14]|Bytes:8
07:55:54.0 (16107571)|HEAP_ALLOCATE|[14]|Bytes:12
07:55:54.0 (16122267)|CONSTRUCTOR_ENTRY|[14]|01p360000072SS3|<init>(Employee_Skills__c)
07:55:54.0 (16138886)|VARIABLE_SCOPE_BEGIN|[66]|this|WrapperEmployeeSkills.wEmployee|true|false
07:55:54.0 (16156098)|VARIABLE_ASSIGNMENT|[66]|this|{}|0xff4396f
07:55:54.0 (16160448)|VARIABLE_SCOPE_BEGIN|[66]|s|Employee_Skills__c|true|false
07:55:54.0 (16178628)|VARIABLE_ASSIGNMENT|[66]|s|{"s":1,"v":{"Id":"a0C360000002n2pEAA","Name":"sdfsdfsdf","Employee__c":"a0A36000001yx5YEAQ","Project__c":"a0736000000Ew01AAC","Status__c":"Rejected","Employee__r":{"s":2,"v":{"Name":"dssdfsd","Id":"a0A36000001yx5YEAQ"}},"Project__r":{"s":3,"v":{"Name":"eBank","Id":"a0736000000Ew01AAC"}}}}|0x4c336c63
07:55:54.0 (16183740)|STATEMENT_EXECUTE|[61]
07:55:54.0 (16185609)|STATEMENT_EXECUTE|[62]
07:55:54.0 (16186820)|STATEMENT_EXECUTE|[63]
07:55:54.0 (16199444)|STATEMENT_EXECUTE|[66]
07:55:54.0 (16201230)|STATEMENT_EXECUTE|[67]
07:55:54.0 (16275950)|VARIABLE_ASSIGNMENT|[EXTERNAL]|this|{}|0xff4396f
07:55:54.0 (16296039)|VARIABLE_ASSIGNMENT|[EXTERNAL]|value|{"s":1,"v":{"Id":"a0C360000002n2pEAA","Name":"sdfsdfsdf","Employee__c":"a0A36000001yx5YEAQ","Project__c":"a0736000000Ew01AAC","Status__c":"Rejected","Employee__r":{"s":2,"v":{"Name":"dssdfsd","Id":"a0A36000001yx5YEAQ"}},"Project__r":{"s":3,"v":{"Name":"eBank","Id":"a0736000000Ew01AAC"}}}}|0x4c336c63
07:55:54.0 (16317958)|VARIABLE_ASSIGNMENT|[62]|this.skill|{"s":1,"v":{"Id":"a0C360000002n2pEAA","Name":"sdfsdfsdf","Employee__c":"a0A36000001yx5YEAQ","Project__c":"a0736000000Ew01AAC","Status__c":"Rejected","Employee__r":{"s":2,"v":{"Name":"dssdfsd","Id":"a0A36000001yx5YEAQ"}},"Project__r":{"s":3,"v":{"Name":"eBank","Id":"a0736000000Ew01AAC"}}}}|0xff4396f
07:55:54.0 (16328209)|STATEMENT_EXECUTE|[68]
07:55:54.0 (16378695)|VARIABLE_ASSIGNMENT|[EXTERNAL]|this|{"skill":"0x4c336c63"}|0xff4396f
07:55:54.0 (16388319)|VARIABLE_ASSIGNMENT|[EXTERNAL]|value|false
07:55:54.0 (16393616)|HEAP_ALLOCATE|[63]|Bytes:5
07:55:54.0 (16400628)|VARIABLE_ASSIGNMENT|[63]|this.selected|false|0xff4396f
07:55:54.0 (16413660)|CONSTRUCTOR_EXIT|[14]|01p360000072SS3|<init>(Employee_Skills__c)
07:55:54.0 (16427268)|HEAP_ALLOCATE|[EXTERNAL]|Bytes:4
07:55:54.0 (16437640)|METHOD_ENTRY|[10]||Database.QueryLocatorIterator.hasNext()
07:55:54.0 (16459480)|METHOD_EXIT|[10]||Database.QueryLocatorIterator.hasNext()
07:55:54.0 (16464993)|METHOD_ENTRY|[10]||Database.QueryLocatorIterator.next()
07:55:54.0 (16527314)|METHOD_EXIT|[10]||Database.QueryLocatorIterator.next()
07:55:54.0 (16534856)|VARIABLE_SCOPE_BEGIN|[10]|c|Employee_Skills__c|true|false
07:55:54.0 (16556735)|VARIABLE_ASSIGNMENT|[10]|c|{"s":1,"v":{"Id":"a0C360000003sI7EAI","Name":"Test Skill","Employee__c":"a0A36000002STuDEAW","Project__c":"a07360000014vWtAAI","Status__c":"Approved","Employee__r":{"s":2,"v":{"Name":"Jor","Id":"a0A36000002STuDEAW"}},"Project__r":{"s":3,"v":{"Name":"TestProj","Id":"a07360000014vWtAAI"}}}}|0x244a77ea
07:55:54.0 (16561349)|STATEMENT_EXECUTE|[12]
07:55:54.0 (16562699)|STATEMENT_EXECUTE|[14]
07:55:54.0 (16584191)|VARIABLE_ASSIGNMENT|[EXTERNAL]|this|{"skillsList":"0xeb066c"}|0x13805b4e
07:55:54.0 (16595472)|HEAP_ALLOCATE|[14]|Bytes:12
07:55:54.0 (16603911)|CONSTRUCTOR_ENTRY|[14]|01p360000072SS3|<init>(Employee_Skills__c)
07:55:54.0 (16608429)|VARIABLE_SCOPE_BEGIN|[66]|this|WrapperEmployeeSkills.wEmployee|true|false
07:55:54.0 (16627434)|VARIABLE_ASSIGNMENT|[66]|this|{}|0x773fcfc8
07:55:54.0 (16630527)|VARIABLE_SCOPE_BEGIN|[66]|s|Employee_Skills__c|true|false
07:55:54.0 (16646604)|VARIABLE_ASSIGNMENT|[66]|s|{"s":1,"v":{"Id":"a0C360000003sI7EAI","Name":"Test Skill","Employee__c":"a0A36000002STuDEAW","Project__c":"a07360000014vWtAAI","Status__c":"Approved","Employee__r":{"s":2,"v":{"Name":"Jor","Id":"a0A36000002STuDEAW"}},"Project__r":{"s":3,"v":{"Name":"TestProj","Id":"a07360000014vWtAAI"}}}}|0x244a77ea
07:55:54.0 (16651043)|STATEMENT_EXECUTE|[61]
07:55:54.0 (16652337)|STATEMENT_EXECUTE|[62]
07:55:54.0 (16653377)|STATEMENT_EXECUTE|[63]
07:55:54.0 (16664771)|STATEMENT_EXECUTE|[66]
07:55:54.0 (16666578)|STATEMENT_EXECUTE|[67]
07:55:54.0 (16684741)|VARIABLE_ASSIGNMENT|[EXTERNAL]|this|{}|0x773fcfc8
07:55:54.0 (16700591)|VARIABLE_ASSIGNMENT|[EXTERNAL]|value|{"s":1,"v":{"Id":"a0C360000003sI7EAI","Name":"Test Skill","Employee__c":"a0A36000002STuDEAW","Project__c":"a07360000014vWtAAI","Status__c":"Approved","Employee__r":{"s":2,"v":{"Name":"Jor","Id":"a0A36000002STuDEAW"}},"Project__r":{"s":3,"v":{"Name":"TestProj","Id":"a07360000014vWtAAI"}}}}|0x244a77ea
07:55:54.0 (16718593)|VARIABLE_ASSIGNMENT|[62]|this.skill|{"s":1,"v":{"Id":"a0C360000003sI7EAI","Name":"Test Skill","Employee__c":"a0A36000002STuDEAW","Project__c":"a07360000014vWtAAI","Status__c":"Approved","Employee__r":{"s":2,"v":{"Name":"Jor","Id":"a0A36000002STuDEAW"}},"Project__r":{"s":3,"v":{"Name":"TestProj","Id":"a07360000014vWtAAI"}}}}|0x773fcfc8
07:55:54.0 (16726792)|STATEMENT_EXECUTE|[68]
07:55:54.0 (16745676)|VARIABLE_ASSIGNMENT|[EXTERNAL]|this|{"skill":"0x244a77ea"}|0x773fcfc8
07:55:54.0 (16752316)|VARIABLE_ASSIGNMENT|[EXTERNAL]|value|false
07:55:54.0 (16756545)|HEAP_ALLOCATE|[63]|Bytes:5
07:55:54.0 (16763355)|VARIABLE_ASSIGNMENT|[63]|this.selected|false|0x773fcfc8
07:55:54.0 (16774599)|CONSTRUCTOR_EXIT|[14]|01p360000072SS3|<init>(Employee_Skills__c)
07:55:54.0 (16784043)|HEAP_ALLOCATE|[EXTERNAL]|Bytes:4
07:55:54.0 (16793038)|METHOD_ENTRY|[10]||Database.QueryLocatorIterator.hasNext()
07:55:54.0 (16813729)|METHOD_EXIT|[10]||Database.QueryLocatorIterator.hasNext()
07:55:54.0 (16819116)|METHOD_ENTRY|[10]||Database.QueryLocatorIterator.next()
07:55:54.0 (16879654)|METHOD_EXIT|[10]||Database.QueryLocatorIterator.next()
07:55:54.0 (16887094)|VARIABLE_SCOPE_BEGIN|[10]|c|Employee_Skills__c|true|false
07:55:54.0 (16908762)|VARIABLE_ASSIGNMENT|[10]|c|{"s":1,"v":{"Id":"a0C360000003I4VEAU","Name":"Design","Employee__c":"a0A36000001zhkPEAQ","Project__c":"a0736000000F4iQAAS","Status__c":"Pending approval","Employee__r":{"s":2,"v":{"Name":"Robert Dobson","Id":"a0A36000001zhkPEAQ"}},"Project__r":{"s":3,"v":{"Name":"dasdasd","Id":"a0736000000F4iQAAS"}}}}|0xbd03e2
07:55:54.0 (16912534)|STATEMENT_EXECUTE|[12]
07:55:54.0 (16913809)|STATEMENT_EXECUTE|[14]
07:55:54.0 (16934775)|VARIABLE_ASSIGNMENT|[EXTERNAL]|this|{"skillsList":"0xeb066c"}|0x13805b4e
07:55:54.0 (16945958)|HEAP_ALLOCATE|[14]|Bytes:12
07:55:54.0 (16954145)|CONSTRUCTOR_ENTRY|[14]|01p360000072SS3|<init>(Employee_Skills__c)
07:55:54.0 (16958332)|VARIABLE_SCOPE_BEGIN|[66]|this|WrapperEmployeeSkills.wEmployee|true|false
07:55:54.0 (16971632)|VARIABLE_ASSIGNMENT|[66]|this|{}|0x291535d3
07:55:54.0 (16974564)|VARIABLE_SCOPE_BEGIN|[66]|s|Employee_Skills__c|true|false
07:55:54.0 (16989492)|VARIABLE_ASSIGNMENT|[66]|s|{"s":1,"v":{"Id":"a0C360000003I4VEAU","Name":"Design","Employee__c":"a0A36000001zhkPEAQ","Project__c":"a0736000000F4iQAAS","Status__c":"Pending approval","Employee__r":{"s":2,"v":{"Name":"Robert Dobson","Id":"a0A36000001zhkPEAQ"}},"Project__r":{"s":3,"v":{"Name":"dasdasd","Id":"a0736000000F4iQAAS"}}}}|0xbd03e2
07:55:54.0 (16993571)|STATEMENT_EXECUTE|[61]
07:55:54.0 (16994761)|STATEMENT_EXECUTE|[62]
07:55:54.0 (16995772)|STATEMENT_EXECUTE|[63]
07:55:54.0 (17006380)|STATEMENT_EXECUTE|[66]
07:55:54.0 (17008792)|STATEMENT_EXECUTE|[67]
07:55:54.0 (17026492)|VARIABLE_ASSIGNMENT|[EXTERNAL]|this|{}|0x291535d3
07:55:54.0 (17042349)|VARIABLE_ASSIGNMENT|[EXTERNAL]|value|{"s":1,"v":{"Id":"a0C360000003I4VEAU","Name":"Design","Employee__c":"a0A36000001zhkPEAQ","Project__c":"a0736000000F4iQAAS","Status__c":"Pending approval","Employee__r":{"s":2,"v":{"Name":"Robert Dobson","Id":"a0A36000001zhkPEAQ"}},"Project__r":{"s":3,"v":{"Name":"dasdasd","Id":"a0736000000F4iQAAS"}}}}|0xbd03e2
07:55:54.0 (17059807)|VARIABLE_ASSIGNMENT|[62]|this.skill|{"s":1,"v":{"Id":"a0C360000003I4VEAU","Name":"Design","Employee__c":"a0A36000001zhkPEAQ","Project__c":"a0736000000F4iQAAS","Status__c":"Pending approval","Employee__r":{"s":2,"v":{"Name":"Robert Dobson","Id":"a0A36000001zhkPEAQ"}},"Project__r":{"s":3,"v":{"Name":"dasdasd","Id":"a0736000000F4iQAAS"}}}}|0x291535d3
07:55:54.0 (17068928)|STATEMENT_EXECUTE|[68]
07:55:54.0 (17088221)|VARIABLE_ASSIGNMENT|[EXTERNAL]|this|{"skill":"0xbd03e2"}|0x291535d3
07:55:54.0 (17094695)|VARIABLE_ASSIGNMENT|[EXTERNAL]|value|false
07:55:54.0 (17098833)|HEAP_ALLOCATE|[63]|Bytes:5
07:55:54.0 (17105278)|VARIABLE_ASSIGNMENT|[63]|this.selected|false|0x291535d3
07:55:54.0 (17116073)|CONSTRUCTOR_EXIT|[14]|01p360000072SS3|<init>(Employee_Skills__c)
07:55:54.0 (17124962)|HEAP_ALLOCATE|[EXTERNAL]|Bytes:4
07:55:54.0 (17133795)|METHOD_ENTRY|[10]||Database.QueryLocatorIterator.hasNext()
07:55:54.0 (17154115)|METHOD_EXIT|[10]||Database.QueryLocatorIterator.hasNext()
07:55:54.0 (17159402)|METHOD_ENTRY|[10]||Database.QueryLocatorIterator.next()
07:55:54.0 (17219357)|METHOD_EXIT|[10]||Database.QueryLocatorIterator.next()
07:55:54.0 (17226491)|VARIABLE_SCOPE_BEGIN|[10]|c|Employee_Skills__c|true|false
07:55:54.0 (17248556)|VARIABLE_ASSIGNMENT|[10]|c|{"s":1,"v":{"Id":"a0C360000003VRsEAM","Name":"Designer","Employee__c":"a0A36000001ygYkEAI","Project__c":"a0736000000Ex6cAAC","Status__c":"Pending approval","Employee__r":{"s":2,"v":{"Name":"Andriy Lokotosh","Id":"a0A36000001ygYkEAI"}},"Project__r":{"s":3,"v":{"Name":"SolutionSoft","Id":"a0736000000Ex6cAAC"}}}}|0x41df9100
07:55:54.0 (17253105)|STATEMENT_EXECUTE|[12]
07:55:54.0 (17254487)|STATEMENT_EXECUTE|[14]
07:55:54.0 (17275034)|VARIABLE_ASSIGNMENT|[EXTERNAL]|this|{"skillsList":"0xeb066c"}|0x13805b4e
07:55:54.0 (17285946)|HEAP_ALLOCATE|[14]|Bytes:12
07:55:54.0 (17294040)|CONSTRUCTOR_ENTRY|[14]|01p360000072SS3|<init>(Employee_Skills__c)
07:55:54.0 (17298178)|VARIABLE_SCOPE_BEGIN|[66]|this|WrapperEmployeeSkills.wEmployee|true|false
07:55:54.0 (17311454)|VARIABLE_ASSIGNMENT|[66]|this|{}|0x4060afe6
07:55:54.0 (17314029)|VARIABLE_SCOPE_BEGIN|[66]|s|Employee_Skills__c|true|false
07:55:54.0 (17329325)|VARIABLE_ASSIGNMENT|[66]|s|{"s":1,"v":{"Id":"a0C360000003VRsEAM","Name":"Designer","Employee__c":"a0A36000001ygYkEAI","Project__c":"a0736000000Ex6cAAC","Status__c":"Pending approval","Employee__r":{"s":2,"v":{"Name":"Andriy Lokotosh","Id":"a0A36000001ygYkEAI"}},"Project__r":{"s":3,"v":{"Name":"SolutionSoft","Id":"a0736000000Ex6cAAC"}}}}|0x41df9100
07:55:54.0 (17333565)|STATEMENT_EXECUTE|[61]
07:55:54.0 (17334806)|STATEMENT_EXECUTE|[62]
07:55:54.0 (17335929)|STATEMENT_EXECUTE|[63]
07:55:54.0 (17346419)|STATEMENT_EXECUTE|[66]
07:55:54.0 (17347850)|STATEMENT_EXECUTE|[67]
07:55:54.0 (17364854)|VARIABLE_ASSIGNMENT|[EXTERNAL]|this|{}|0x4060afe6
07:55:54.0 (17380421)|VARIABLE_ASSIGNMENT|[EXTERNAL]|value|{"s":1,"v":{"Id":"a0C360000003VRsEAM","Name":"Designer","Employee__c":"a0A36000001ygYkEAI","Project__c":"a0736000000Ex6cAAC","Status__c":"Pending approval","Employee__r":{"s":2,"v":{"Name":"Andriy Lokotosh","Id":"a0A36000001ygYkEAI"}},"Project__r":{"s":3,"v":{"Name":"SolutionSoft","Id":"a0736000000Ex6cAAC"}}}}|0x41df9100
07:55:54.0 (17397966)|VARIABLE_ASSIGNMENT|[62]|this.skill|{"s":1,"v":{"Id":"a0C360000003VRsEAM","Name":"Designer","Employee__c":"a0A36000001ygYkEAI","Project__c":"a0736000000Ex6cAAC","Status__c":"Pending approval","Employee__r":{"s":2,"v":{"Name":"Andriy Lokotosh","Id":"a0A36000001ygYkEAI"}},"Project__r":{"s":3,"v":{"Name":"SolutionSoft","Id":"a0736000000Ex6cAAC"}}}}|0x4060afe6
07:55:54.0 (17406406)|STATEMENT_EXECUTE|[68]
07:55:54.0 (17425108)|VARIABLE_ASSIGNMENT|[EXTERNAL]|this|{"skill":"0x41df9100"}|0x4060afe6
07:55:54.0 (17431295)|VARIABLE_ASSIGNMENT|[EXTERNAL]|value|false
07:55:54.0 (17435267)|HEAP_ALLOCATE|[63]|Bytes:5
07:55:54.0 (17441432)|VARIABLE_ASSIGNMENT|[63]|this.selected|false|0x4060afe6
07:55:54.0 (17451962)|CONSTRUCTOR_EXIT|[14]|01p360000072SS3|<init>(Employee_Skills__c)
07:55:54.0 (17460681)|HEAP_ALLOCATE|[EXTERNAL]|Bytes:4
07:55:54.0 (17469466)|METHOD_ENTRY|[10]||Database.QueryLocatorIterator.hasNext()
07:55:54.0 (17489633)|METHOD_EXIT|[10]||Database.QueryLocatorIterator.hasNext()
07:55:54.0 (17494904)|METHOD_ENTRY|[10]||Database.QueryLocatorIterator.next()
07:55:54.0 (17553751)|METHOD_EXIT|[10]||Database.QueryLocatorIterator.next()
07:55:54.0 (17560672)|VARIABLE_SCOPE_BEGIN|[10]|c|Employee_Skills__c|true|false
07:55:54.0 (17580707)|VARIABLE_ASSIGNMENT|[10]|c|{"s":1,"v":{"Id":"a0C360000003I4aEAE","Name":"QA","Employee__c":"a0A36000001zhkPEAQ","Project__c":"a0736000000Ex6cAAC","Status__c":"Pending approval","Employee__r":{"s":2,"v":{"Name":"Robert Dobson","Id":"a0A36000001zhkPEAQ"}},"Project__r":{"s":3,"v":{"Name":"SolutionSoft","Id":"a0736000000Ex6cAAC"}}}}|0x7d0a717b
07:55:54.0 (17584343)|STATEMENT_EXECUTE|[12]
07:55:54.0 (17585854)|STATEMENT_EXECUTE|[14]
07:55:54.0 (17606294)|VARIABLE_ASSIGNMENT|[EXTERNAL]|this|{"skillsList":"0xeb066c"}|0x13805b4e
07:55:54.0 (17617220)|HEAP_ALLOCATE|[14]|Bytes:12
07:55:54.0 (17629732)|CONSTRUCTOR_ENTRY|[14]|01p360000072SS3|<init>(Employee_Skills__c)
07:55:54.0 (17634127)|VARIABLE_SCOPE_BEGIN|[66]|this|WrapperEmployeeSkills.wEmployee|true|false
07:55:54.0 (17647708)|VARIABLE_ASSIGNMENT|[66]|this|{}|0x5eab8249
07:55:54.0 (17650274)|VARIABLE_SCOPE_BEGIN|[66]|s|Employee_Skills__c|true|false
07:55:54.0 (17665171)|VARIABLE_ASSIGNMENT|[66]|s|{"s":1,"v":{"Id":"a0C360000003I4aEAE","Name":"QA","Employee__c":"a0A36000001zhkPEAQ","Project__c":"a0736000000Ex6cAAC","Status__c":"Pending approval","Employee__r":{"s":2,"v":{"Name":"Robert Dobson","Id":"a0A36000001zhkPEAQ"}},"Project__r":{"s":3,"v":{"Name":"SolutionSoft","Id":"a0736000000Ex6cAAC"}}}}|0x7d0a717b
07:55:54.0 (17669054)|STATEMENT_EXECUTE|[61]
07:55:54.0 (17670274)|STATEMENT_EXECUTE|[62]
07:55:54.0 (17671302)|STATEMENT_EXECUTE|[63]
07:55:54.0 (17681623)|STATEMENT_EXECUTE|[66]
07:55:54.0 (17683075)|STATEMENT_EXECUTE|[67]
07:55:54.0 (17700616)|VARIABLE_ASSIGNMENT|[EXTERNAL]|this|{}|0x5eab8249
07:55:54.0 (17715996)|VARIABLE_ASSIGNMENT|[EXTERNAL]|value|{"s":1,"v":{"Id":"a0C360000003I4aEAE","Name":"QA","Employee__c":"a0A36000001zhkPEAQ","Project__c":"a0736000000Ex6cAAC","Status__c":"Pending approval","Employee__r":{"s":2,"v":{"Name":"Robert Dobson","Id":"a0A36000001zhkPEAQ"}},"Project__r":{"s":3,"v":{"Name":"SolutionSoft","Id":"a0736000000Ex6cAAC"}}}}|0x7d0a717b
07:55:54.0 (17732982)|VARIABLE_ASSIGNMENT|[62]|this.skill|{"s":1,"v":{"Id":"a0C360000003I4aEAE","Name":"QA","Employee__c":"a0A36000001zhkPEAQ","Project__c":"a0736000000Ex6cAAC","Status__c":"Pending approval","Employee__r":{"s":2,"v":{"Name":"Robert Dobson","Id":"a0A36000001zhkPEAQ"}},"Project__r":{"s":3,"v":{"Name":"SolutionSoft","Id":"a0736000000Ex6cAAC"}}}}|0x5eab8249
07:55:54.0 (17740903)|STATEMENT_EXECUTE|[68]
07:55:54.0 (17759472)|VARIABLE_ASSIGNMENT|[EXTERNAL]|this|{"skill":"0x7d0a717b"}|0x5eab8249
07:55:54.0 (17765944)|VARIABLE_ASSIGNMENT|[EXTERNAL]|value|false
07:55:54.0 (17770159)|HEAP_ALLOCATE|[63]|Bytes:5
07:55:54.0 (17776447)|VARIABLE_ASSIGNMENT|[63]|this.selected|false|0x5eab8249
07:55:54.0 (17787058)|CONSTRUCTOR_EXIT|[14]|01p360000072SS3|<init>(Employee_Skills__c)
07:55:54.0 (17796019)|HEAP_ALLOCATE|[EXTERNAL]|Bytes:4
07:55:54.0 (17804736)|METHOD_ENTRY|[10]||Database.QueryLocatorIterator.hasNext()
07:55:54.0 (17824863)|METHOD_EXIT|[10]||Database.QueryLocatorIterator.hasNext()
07:55:54.0 (17830039)|METHOD_ENTRY|[10]||Database.QueryLocatorIterator.next()
07:55:54.0 (17889108)|METHOD_EXIT|[10]||Database.QueryLocatorIterator.next()
07:55:54.0 (17896080)|VARIABLE_SCOPE_BEGIN|[10]|c|Employee_Skills__c|true|false
07:55:54.0 (17916921)|VARIABLE_ASSIGNMENT|[10]|c|{"s":1,"v":{"Id":"a0C360000003XRiEAM","Name":"Tomato","Employee__c":"a0A36000001ygYkEAI","Project__c":"a0736000000Ew01AAC","Status__c":"Pending approval","Employee__r":{"s":2,"v":{"Name":"Andriy Lokotosh","Id":"a0A36000001ygYkEAI"}},"Project__r":{"s":3,"v":{"Name":"eBank","Id":"a0736000000Ew01AAC"}}}}|0x4361f7a6
07:55:54.0 (17920451)|STATEMENT_EXECUTE|[12]
07:55:54.0 (17921696)|STATEMENT_EXECUTE|[14]
07:55:54.0 (17942196)|VARIABLE_ASSIGNMENT|[EXTERNAL]|this|{"skillsList":"0xeb066c"}|0x13805b4e
07:55:54.0 (17956783)|HEAP_ALLOCATE|[14]|Bytes:12
07:55:54.0 (17964981)|CONSTRUCTOR_ENTRY|[14]|01p360000072SS3|<init>(Employee_Skills__c)
07:55:54.0 (17969338)|VARIABLE_SCOPE_BEGIN|[66]|this|WrapperEmployeeSkills.wEmployee|true|false
07:55:54.0 (17982775)|VARIABLE_ASSIGNMENT|[66]|this|{}|0x6bb6fb3
07:55:54.0 (17985629)|VARIABLE_SCOPE_BEGIN|[66]|s|Employee_Skills__c|true|false
07:55:54.0 (18003280)|VARIABLE_ASSIGNMENT|[66]|s|{"s":1,"v":{"Id":"a0C360000003XRiEAM","Name":"Tomato","Employee__c":"a0A36000001ygYkEAI","Project__c":"a0736000000Ew01AAC","Status__c":"Pending approval","Employee__r":{"s":2,"v":{"Name":"Andriy Lokotosh","Id":"a0A36000001ygYkEAI"}},"Project__r":{"s":3,"v":{"Name":"eBank","Id":"a0736000000Ew01AAC"}}}}|0x4361f7a6
07:55:54.0 (18008400)|STATEMENT_EXECUTE|[61]
07:55:54.0 (18009759)|STATEMENT_EXECUTE|[62]
07:55:54.0 (18010784)|STATEMENT_EXECUTE|[63]
07:55:54.0 (18021468)|STATEMENT_EXECUTE|[66]
07:55:54.0 (18022918)|STATEMENT_EXECUTE|[67]
07:55:54.0 (18043523)|VARIABLE_ASSIGNMENT|[EXTERNAL]|this|{}|0x6bb6fb3
07:55:54.0 (18059797)|VARIABLE_ASSIGNMENT|[EXTERNAL]|value|{"s":1,"v":{"Id":"a0C360000003XRiEAM","Name":"Tomato","Employee__c":"a0A36000001ygYkEAI","Project__c":"a0736000000Ew01AAC","Status__c":"Pending approval","Employee__r":{"s":2,"v":{"Name":"Andriy Lokotosh","Id":"a0A36000001ygYkEAI"}},"Project__r":{"s":3,"v":{"Name":"eBank","Id":"a0736000000Ew01AAC"}}}}|0x4361f7a6
07:55:54.0 (18077987)|VARIABLE_ASSIGNMENT|[62]|this.skill|{"s":1,"v":{"Id":"a0C360000003XRiEAM","Name":"Tomato","Employee__c":"a0A36000001ygYkEAI","Project__c":"a0736000000Ew01AAC","Status__c":"Pending approval","Employee__r":{"s":2,"v":{"Name":"Andriy Lokotosh","Id":"a0A36000001ygYkEAI"}},"Project__r":{"s":3,"v":{"Name":"eBank","Id":"a0736000000Ew01AAC"}}}}|0x6bb6fb3
07:55:54.0 (18086365)|STATEMENT_EXECUTE|[68]
07:55:54.0 (18105591)|VARIABLE_ASSIGNMENT|[EXTERNAL]|this|{"skill":"0x4361f7a6"}|0x6bb6fb3
07:55:54.0 (18111993)|VARIABLE_ASSIGNMENT|[EXTERNAL]|value|false
07:55:54.0 (18116004)|HEAP_ALLOCATE|[63]|Bytes:5
07:55:54.0 (18122353)|VARIABLE_ASSIGNMENT|[63]|this.selected|false|0x6bb6fb3
07:55:54.0 (18133010)|CONSTRUCTOR_EXIT|[14]|01p360000072SS3|<init>(Employee_Skills__c)
07:55:54.0 (18141657)|HEAP_ALLOCATE|[EXTERNAL]|Bytes:4
07:55:54.0 (18150423)|METHOD_ENTRY|[10]||Database.QueryLocatorIterator.hasNext()
07:55:54.0 (18171009)|METHOD_EXIT|[10]||Database.QueryLocatorIterator.hasNext()
07:55:54.0 (18176398)|METHOD_ENTRY|[10]||Database.QueryLocatorIterator.next()
07:55:54.0 (18235390)|METHOD_EXIT|[10]||Database.QueryLocatorIterator.next()
07:55:54.0 (18248463)|VARIABLE_SCOPE_BEGIN|[10]|c|Employee_Skills__c|true|false
07:55:54.0 (18268981)|VARIABLE_ASSIGNMENT|[10]|c|{"s":1,"v":{"Id":"a0C360000003YCSEA2","Name":"Enpl","Employee__c":"a0A36000001ygYkEAI","Project__c":"a0736000000Ew01AAC","Status__c":"Pending approval","Employee__r":{"s":2,"v":{"Name":"Andriy Lokotosh","Id":"a0A36000001ygYkEAI"}},"Project__r":{"s":3,"v":{"Name":"eBank","Id":"a0736000000Ew01AAC"}}}}|0x289447b6
07:55:54.0 (18272962)|STATEMENT_EXECUTE|[12]
07:55:54.0 (18274293)|STATEMENT_EXECUTE|[14]
07:55:54.0 (18295223)|VARIABLE_ASSIGNMENT|[EXTERNAL]|this|{"skillsList":"0xeb066c"}|0x13805b4e
07:55:54.0 (18306249)|HEAP_ALLOCATE|[14]|Bytes:12
07:55:54.0 (18314275)|CONSTRUCTOR_ENTRY|[14]|01p360000072SS3|<init>(Employee_Skills__c)
07:55:54.0 (18318252)|VARIABLE_SCOPE_BEGIN|[66]|this|WrapperEmployeeSkills.wEmployee|true|false
07:55:54.0 (18331399)|VARIABLE_ASSIGNMENT|[66]|this|{}|0x2aaf2127
07:55:54.0 (18333987)|VARIABLE_SCOPE_BEGIN|[66]|s|Employee_Skills__c|true|false
07:55:54.0 (18348892)|VARIABLE_ASSIGNMENT|[66]|s|{"s":1,"v":{"Id":"a0C360000003YCSEA2","Name":"Enpl","Employee__c":"a0A36000001ygYkEAI","Project__c":"a0736000000Ew01AAC","Status__c":"Pending approval","Employee__r":{"s":2,"v":{"Name":"Andriy Lokotosh","Id":"a0A36000001ygYkEAI"}},"Project__r":{"s":3,"v":{"Name":"eBank","Id":"a0736000000Ew01AAC"}}}}|0x289447b6
07:55:54.0 (18371492)|STATEMENT_EXECUTE|[61]
07:55:54.0 (18373205)|STATEMENT_EXECUTE|[62]
07:55:54.0 (18374334)|STATEMENT_EXECUTE|[63]
07:55:54.0 (18386207)|STATEMENT_EXECUTE|[66]
07:55:54.0 (18387637)|STATEMENT_EXECUTE|[67]
07:55:54.0 (18407203)|VARIABLE_ASSIGNMENT|[EXTERNAL]|this|{}|0x2aaf2127
07:55:54.0 (18423835)|VARIABLE_ASSIGNMENT|[EXTERNAL]|value|{"s":1,"v":{"Id":"a0C360000003YCSEA2","Name":"Enpl","Employee__c":"a0A36000001ygYkEAI","Project__c":"a0736000000Ew01AAC","Status__c":"Pending approval","Employee__r":{"s":2,"v":{"Name":"Andriy Lokotosh","Id":"a0A36000001ygYkEAI"}},"Project__r":{"s":3,"v":{"Name":"eBank","Id":"a0736000000Ew01AAC"}}}}|0x289447b6
07:55:54.0 (18441046)|VARIABLE_ASSIGNMENT|[62]|this.skill|{"s":1,"v":{"Id":"a0C360000003YCSEA2","Name":"Enpl","Employee__c":"a0A36000001ygYkEAI","Project__c":"a0736000000Ew01AAC","Status__c":"Pending approval","Employee__r":{"s":2,"v":{"Name":"Andriy Lokotosh","Id":"a0A36000001ygYkEAI"}},"Project__r":{"s":3,"v":{"Name":"eBank","Id":"a0736000000Ew01AAC"}}}}|0x2aaf2127
07:55:54.0 (18449759)|STATEMENT_EXECUTE|[68]
07:55:54.0 (18468790)|VARIABLE_ASSIGNMENT|[EXTERNAL]|this|{"skill":"0x289447b6"}|0x2aaf2127
07:55:54.0 (18475316)|VARIABLE_ASSIGNMENT|[EXTERNAL]|value|false
07:55:54.0 (18479359)|HEAP_ALLOCATE|[63]|Bytes:5
07:55:54.0 (18485597)|VARIABLE_ASSIGNMENT|[63]|this.selected|false|0x2aaf2127
07:55:54.0 (18496567)|CONSTRUCTOR_EXIT|[14]|01p360000072SS3|<init>(Employee_Skills__c)
07:55:54.0 (18505568)|HEAP_ALLOCATE|[EXTERNAL]|Bytes:4
07:55:54.0 (18514326)|METHOD_ENTRY|[10]||Database.QueryLocatorIterator.hasNext()
07:55:54.0 (18537781)|METHOD_EXIT|[10]||Database.QueryLocatorIterator.hasNext()
07:55:54.0 (18543039)|METHOD_ENTRY|[10]||Database.QueryLocatorIterator.next()
07:55:54.0 (18605339)|METHOD_EXIT|[10]||Database.QueryLocatorIterator.next()
07:55:54.0 (18612515)|VARIABLE_SCOPE_BEGIN|[10]|c|Employee_Skills__c|true|false
07:55:54.0 (18637331)|VARIABLE_ASSIGNMENT|[10]|c|{"s":1,"v":{"Id":"a0C360000003XRnEAM","Name":"potato","Employee__c":"a0A36000001ygYkEAI","Project__c":"a0736000000Ew01AAC","Status__c":"Pending approval","Employee__r":{"s":2,"v":{"Name":"Andriy Lokotosh","Id":"a0A36000001ygYkEAI"}},"Project__r":{"s":3,"v":{"Name":"eBank","Id":"a0736000000Ew01AAC"}}}}|0x66bf3f13
07:55:54.0 (18641340)|STATEMENT_EXECUTE|[12]
07:55:54.0 (18642649)|STATEMENT_EXECUTE|[14]
07:55:54.0 (18663846)|VARIABLE_ASSIGNMENT|[EXTERNAL]|this|{"skillsList":"0xeb066c"}|0x13805b4e
07:55:54.0 (18675082)|HEAP_ALLOCATE|[14]|Bytes:12
07:55:54.0 (18683287)|CONSTRUCTOR_ENTRY|[14]|01p360000072SS3|<init>(Employee_Skills__c)
07:55:54.0 (18687382)|VARIABLE_SCOPE_BEGIN|[66]|this|WrapperEmployeeSkills.wEmployee|true|false
07:55:54.0 (18721610)|VARIABLE_ASSIGNMENT|[66]|this|{}|0x3ba41280
07:55:54.0 (18725481)|VARIABLE_SCOPE_BEGIN|[66]|s|Employee_Skills__c|true|false
07:55:54.0 (18742012)|VARIABLE_ASSIGNMENT|[66]|s|{"s":1,"v":{"Id":"a0C360000003XRnEAM","Name":"potato","Employee__c":"a0A36000001ygYkEAI","Project__c":"a0736000000Ew01AAC","Status__c":"Pending approval","Employee__r":{"s":2,"v":{"Name":"Andriy Lokotosh","Id":"a0A36000001ygYkEAI"}},"Project__r":{"s":3,"v":{"Name":"eBank","Id":"a0736000000Ew01AAC"}}}}|0x66bf3f13
07:55:54.0 (18759877)|STATEMENT_EXECUTE|[61]
07:55:54.0 (18761366)|STATEMENT_EXECUTE|[62]
07:55:54.0 (18762378)|STATEMENT_EXECUTE|[63]
07:55:54.0 (18774170)|STATEMENT_EXECUTE|[66]
07:55:54.0 (18775717)|STATEMENT_EXECUTE|[67]
07:55:54.0 (18794699)|VARIABLE_ASSIGNMENT|[EXTERNAL]|this|{}|0x3ba41280
07:55:54.0 (18811122)|VARIABLE_ASSIGNMENT|[EXTERNAL]|value|{"s":1,"v":{"Id":"a0C360000003XRnEAM","Name":"potato","Employee__c":"a0A36000001ygYkEAI","Project__c":"a0736000000Ew01AAC","Status__c":"Pending approval","Employee__r":{"s":2,"v":{"Name":"Andriy Lokotosh","Id":"a0A36000001ygYkEAI"}},"Project__r":{"s":3,"v":{"Name":"eBank","Id":"a0736000000Ew01AAC"}}}}|0x66bf3f13
07:55:54.0 (18828201)|VARIABLE_ASSIGNMENT|[62]|this.skill|{"s":1,"v":{"Id":"a0C360000003XRnEAM","Name":"potato","Employee__c":"a0A36000001ygYkEAI","Project__c":"a0736000000Ew01AAC","Status__c":"Pending approval","Employee__r":{"s":2,"v":{"Name":"Andriy Lokotosh","Id":"a0A36000001ygYkEAI"}},"Project__r":{"s":3,"v":{"Name":"eBank","Id":"a0736000000Ew01AAC"}}}}|0x3ba41280
07:55:54.0 (18836659)|STATEMENT_EXECUTE|[68]
07:55:54.0 (18855709)|VARIABLE_ASSIGNMENT|[EXTERNAL]|this|{"skill":"0x66bf3f13"}|0x3ba41280
07:55:54.0 (18861825)|VARIABLE_ASSIGNMENT|[EXTERNAL]|value|false
07:55:54.0 (18865853)|HEAP_ALLOCATE|[63]|Bytes:5
07:55:54.0 (18872208)|VARIABLE_ASSIGNMENT|[63]|this.selected|false|0x3ba41280
07:55:54.0 (18883448)|CONSTRUCTOR_EXIT|[14]|01p360000072SS3|<init>(Employee_Skills__c)
07:55:54.0 (18892287)|HEAP_ALLOCATE|[EXTERNAL]|Bytes:4
07:55:54.0 (18901058)|METHOD_ENTRY|[10]||Database.QueryLocatorIterator.hasNext()
07:55:54.0 (18921104)|METHOD_EXIT|[10]||Database.QueryLocatorIterator.hasNext()
07:55:54.0 (18926143)|METHOD_ENTRY|[10]||Database.QueryLocatorIterator.next()
07:55:54.0 (18985576)|METHOD_EXIT|[10]||Database.QueryLocatorIterator.next()
07:55:54.0 (18992688)|VARIABLE_SCOPE_BEGIN|[10]|c|Employee_Skills__c|true|false
07:55:54.0 (19012990)|VARIABLE_ASSIGNMENT|[10]|c|{"s":1,"v":{"Id":"a0C360000003XTFEA2","Name":"ef","Employee__c":"a0A36000001ygYkEAI","Project__c":"a0736000000Ew01AAC","Status__c":"Pending approval","Employee__r":{"s":2,"v":{"Name":"Andriy Lokotosh","Id":"a0A36000001ygYkEAI"}},"Project__r":{"s":3,"v":{"Name":"eBank","Id":"a0736000000Ew01AAC"}}}}|0x31074bb5
07:55:54.0 (19017689)|STATEMENT_EXECUTE|[12]
07:55:54.0 (19018991)|STATEMENT_EXECUTE|[14]
07:55:54.0 (19039288)|VARIABLE_ASSIGNMENT|[EXTERNAL]|this|{"skillsList":"0xeb066c"}|0x13805b4e
07:55:54.0 (19050131)|HEAP_ALLOCATE|[14]|Bytes:12
07:55:54.0 (19058192)|CONSTRUCTOR_ENTRY|[14]|01p360000072SS3|<init>(Employee_Skills__c)
07:55:54.0 (19062298)|VARIABLE_SCOPE_BEGIN|[66]|this|WrapperEmployeeSkills.wEmployee|true|false
07:55:54.0 (19075530)|VARIABLE_ASSIGNMENT|[66]|this|{}|0x62f2f2ab
07:55:54.0 (19078097)|VARIABLE_SCOPE_BEGIN|[66]|s|Employee_Skills__c|true|false
07:55:54.0 (19093411)|VARIABLE_ASSIGNMENT|[66]|s|{"s":1,"v":{"Id":"a0C360000003XTFEA2","Name":"ef","Employee__c":"a0A36000001ygYkEAI","Project__c":"a0736000000Ew01AAC","Status__c":"Pending approval","Employee__r":{"s":2,"v":{"Name":"Andriy Lokotosh","Id":"a0A36000001ygYkEAI"}},"Project__r":{"s":3,"v":{"Name":"eBank","Id":"a0736000000Ew01AAC"}}}}|0x31074bb5
07:55:54.0 (19097367)|STATEMENT_EXECUTE|[61]
07:55:54.0 (19098568)|STATEMENT_EXECUTE|[62]
07:55:54.0 (19099576)|STATEMENT_EXECUTE|[63]
07:55:54.0 (19109867)|STATEMENT_EXECUTE|[66]
07:55:54.0 (19111246)|STATEMENT_EXECUTE|[67]
07:55:54.0 (19128564)|VARIABLE_ASSIGNMENT|[EXTERNAL]|this|{}|0x62f2f2ab
07:55:54.0 (19144220)|VARIABLE_ASSIGNMENT|[EXTERNAL]|value|{"s":1,"v":{"Id":"a0C360000003XTFEA2","Name":"ef","Employee__c":"a0A36000001ygYkEAI","Project__c":"a0736000000Ew01AAC","Status__c":"Pending approval","Employee__r":{"s":2,"v":{"Name":"Andriy Lokotosh","Id":"a0A36000001ygYkEAI"}},"Project__r":{"s":3,"v":{"Name":"eBank","Id":"a0736000000Ew01AAC"}}}}|0x31074bb5
07:55:54.0 (19160978)|VARIABLE_ASSIGNMENT|[62]|this.skill|{"s":1,"v":{"Id":"a0C360000003XTFEA2","Name":"ef","Employee__c":"a0A36000001ygYkEAI","Project__c":"a0736000000Ew01AAC","Status__c":"Pending approval","Employee__r":{"s":2,"v":{"Name":"Andriy Lokotosh","Id":"a0A36000001ygYkEAI"}},"Project__r":{"s":3,"v":{"Name":"eBank","Id":"a0736000000Ew01AAC"}}}}|0x62f2f2ab
07:55:54.0 (19169339)|STATEMENT_EXECUTE|[68]
07:55:54.0 (19187945)|VARIABLE_ASSIGNMENT|[EXTERNAL]|this|{"skill":"0x31074bb5"}|0x62f2f2ab
07:55:54.0 (19193997)|VARIABLE_ASSIGNMENT|[EXTERNAL]|value|false
07:55:54.0 (19197904)|HEAP_ALLOCATE|[63]|Bytes:5
07:55:54.0 (19204064)|VARIABLE_ASSIGNMENT|[63]|this.selected|false|0x62f2f2ab
07:55:54.0 (19214660)|CONSTRUCTOR_EXIT|[14]|01p360000072SS3|<init>(Employee_Skills__c)
07:55:54.0 (19223147)|HEAP_ALLOCATE|[EXTERNAL]|Bytes:4
07:55:54.0 (19231794)|METHOD_ENTRY|[10]||Database.QueryLocatorIterator.hasNext()
07:55:54.0 (19251664)|METHOD_EXIT|[10]||Database.QueryLocatorIterator.hasNext()
07:55:54.0 (19256715)|METHOD_ENTRY|[10]||Database.QueryLocatorIterator.next()
07:55:54.0 (19315180)|METHOD_EXIT|[10]||Database.QueryLocatorIterator.next()
07:55:54.0 (19322268)|VARIABLE_SCOPE_BEGIN|[10]|c|Employee_Skills__c|true|false
07:55:54.0 (19342211)|VARIABLE_ASSIGNMENT|[10]|c|{"s":1,"v":{"Id":"a0C360000003XTGEA2","Name":"frgt","Employee__c":"a0A36000001ygYkEAI","Project__c":"a0736000000Ew01AAC","Status__c":"Pending approval","Employee__r":{"s":2,"v":{"Name":"Andriy Lokotosh","Id":"a0A36000001ygYkEAI"}},"Project__r":{"s":3,"v":{"Name":"eBank","Id":"a0736000000Ew01AAC"}}}}|0x7daa1e41
07:55:54.0 (19346074)|STATEMENT_EXECUTE|[12]
07:55:54.0 (19347298)|STATEMENT_EXECUTE|[14]
07:55:54.0 (19367450)|VARIABLE_ASSIGNMENT|[EXTERNAL]|this|{"skillsList":"0xeb066c"}|0x13805b4e
07:55:54.0 (19378425)|HEAP_ALLOCATE|[14]|Bytes:12
07:55:54.0 (19386459)|CONSTRUCTOR_ENTRY|[14]|01p360000072SS3|<init>(Employee_Skills__c)
07:55:54.0 (19390430)|VARIABLE_SCOPE_BEGIN|[66]|this|WrapperEmployeeSkills.wEmployee|true|false
07:55:54.0 (19403450)|VARIABLE_ASSIGNMENT|[66]|this|{}|0x66813366
07:55:54.0 (19406134)|VARIABLE_SCOPE_BEGIN|[66]|s|Employee_Skills__c|true|false
07:55:54.0 (19420825)|VARIABLE_ASSIGNMENT|[66]|s|{"s":1,"v":{"Id":"a0C360000003XTGEA2","Name":"frgt","Employee__c":"a0A36000001ygYkEAI","Project__c":"a0736000000Ew01AAC","Status__c":"Pending approval","Employee__r":{"s":2,"v":{"Name":"Andriy Lokotosh","Id":"a0A36000001ygYkEAI"}},"Project__r":{"s":3,"v":{"Name":"eBank","Id":"a0736000000Ew01AAC"}}}}|0x7daa1e41
07:55:54.0 (19424857)|STATEMENT_EXECUTE|[61]
07:55:54.0 (19426339)|STATEMENT_EXECUTE|[62]
07:55:54.0 (19427506)|STATEMENT_EXECUTE|[63]
07:55:54.0 (19437667)|STATEMENT_EXECUTE|[66]
07:55:54.0 (19439121)|STATEMENT_EXECUTE|[67]
07:55:54.0 (19455826)|VARIABLE_ASSIGNMENT|[EXTERNAL]|this|{}|0x66813366
07:55:54.0 (19470704)|VARIABLE_ASSIGNMENT|[EXTERNAL]|value|{"s":1,"v":{"Id":"a0C360000003XTGEA2","Name":"frgt","Employee__c":"a0A36000001ygYkEAI","Project__c":"a0736000000Ew01AAC","Status__c":"Pending approval","Employee__r":{"s":2,"v":{"Name":"Andriy Lokotosh","Id":"a0A36000001ygYkEAI"}},"Project__r":{"s":3,"v":{"Name":"eBank","Id":"a0736000000Ew01AAC"}}}}|0x7daa1e41
07:55:54.0 (19487948)|VARIABLE_ASSIGNMENT|[62]|this.skill|{"s":1,"v":{"Id":"a0C360000003XTGEA2","Name":"frgt","Employee__c":"a0A36000001ygYkEAI","Project__c":"a0736000000Ew01AAC","Status__c":"Pending approval","Employee__r":{"s":2,"v":{"Name":"Andriy Lokotosh","Id":"a0A36000001ygYkEAI"}},"Project__r":{"s":3,"v":{"Name":"eBank","Id":"a0736000000Ew01AAC"}}}}|0x66813366
07:55:54.0 (19496044)|STATEMENT_EXECUTE|[68]
07:55:54.0 (19514703)|VARIABLE_ASSIGNMENT|[EXTERNAL]|this|{"skill":"0x7daa1e41"}|0x66813366
07:55:54.0 (19521007)|VARIABLE_ASSIGNMENT|[EXTERNAL]|value|false
07:55:54.0 (19524914)|HEAP_ALLOCATE|[63]|Bytes:5
07:55:54.0 (19530996)|VARIABLE_ASSIGNMENT|[63]|this.selected|false|0x66813366
07:55:54.0 (19541335)|CONSTRUCTOR_EXIT|[14]|01p360000072SS3|<init>(Employee_Skills__c)
07:55:54.0 (19549696)|HEAP_ALLOCATE|[EXTERNAL]|Bytes:4
07:55:54.0 (19558305)|METHOD_ENTRY|[10]||Database.QueryLocatorIterator.hasNext()
07:55:54.0 (19578187)|METHOD_EXIT|[10]||Database.QueryLocatorIterator.hasNext()
07:55:54.0 (19583244)|METHOD_ENTRY|[10]||Database.QueryLocatorIterator.next()
07:55:54.0 (19646952)|METHOD_EXIT|[10]||Database.QueryLocatorIterator.next()
07:55:54.0 (19654419)|VARIABLE_SCOPE_BEGIN|[10]|c|Employee_Skills__c|true|false
07:55:54.0 (19675047)|VARIABLE_ASSIGNMENT|[10]|c|{"s":1,"v":{"Id":"a0C360000003YGkEAM","Name":"Robert","Employee__c":"a0A36000001ygYkEAI","Project__c":"a0736000000Ew01AAC","Status__c":"Pending approval","Employee__r":{"s":2,"v":{"Name":"Andriy Lokotosh","Id":"a0A36000001ygYkEAI"}},"Project__r":{"s":3,"v":{"Name":"eBank","Id":"a0736000000Ew01AAC"}}}}|0x6dd086e0
07:55:54.0 (19678751)|STATEMENT_EXECUTE|[12]
07:55:54.0 (19679980)|STATEMENT_EXECUTE|[14]
07:55:54.0 (19700078)|VARIABLE_ASSIGNMENT|[EXTERNAL]|this|{"skillsList":"0xeb066c"}|0x13805b4e
07:55:54.0 (19715753)|HEAP_ALLOCATE|[14]|Bytes:12
07:55:54.0 (19724554)|CONSTRUCTOR_ENTRY|[14]|01p360000072SS3|<init>(Employee_Skills__c)
07:55:54.0 (19728789)|VARIABLE_SCOPE_BEGIN|[66]|this|WrapperEmployeeSkills.wEmployee|true|false
07:55:54.0 (19742786)|VARIABLE_ASSIGNMENT|[66]|this|{}|0x1842465b
07:55:54.0 (19745318)|VARIABLE_SCOPE_BEGIN|[66]|s|Employee_Skills__c|true|false
07:55:54.0 (19760092)|VARIABLE_ASSIGNMENT|[66]|s|{"s":1,"v":{"Id":"a0C360000003YGkEAM","Name":"Robert","Employee__c":"a0A36000001ygYkEAI","Project__c":"a0736000000Ew01AAC","Status__c":"Pending approval","Employee__r":{"s":2,"v":{"Name":"Andriy Lokotosh","Id":"a0A36000001ygYkEAI"}},"Project__r":{"s":3,"v":{"Name":"eBank","Id":"a0736000000Ew01AAC"}}}}|0x6dd086e0
07:55:54.0 (19764038)|STATEMENT_EXECUTE|[61]
07:55:54.0 (19765350)|STATEMENT_EXECUTE|[62]
07:55:54.0 (19766350)|STATEMENT_EXECUTE|[63]
07:55:54.0 (19776584)|STATEMENT_EXECUTE|[66]
07:55:54.0 (19777987)|STATEMENT_EXECUTE|[67]
07:55:54.0 (19794900)|VARIABLE_ASSIGNMENT|[EXTERNAL]|this|{}|0x1842465b
07:55:54.0 (19809873)|VARIABLE_ASSIGNMENT|[EXTERNAL]|value|{"s":1,"v":{"Id":"a0C360000003YGkEAM","Name":"Robert","Employee__c":"a0A36000001ygYkEAI","Project__c":"a0736000000Ew01AAC","Status__c":"Pending approval","Employee__r":{"s":2,"v":{"Name":"Andriy Lokotosh","Id":"a0A36000001ygYkEAI"}},"Project__r":{"s":3,"v":{"Name":"eBank","Id":"a0736000000Ew01AAC"}}}}|0x6dd086e0
07:55:54.0 (19827208)|VARIABLE_ASSIGNMENT|[62]|this.skill|{"s":1,"v":{"Id":"a0C360000003YGkEAM","Name":"Robert","Employee__c":"a0A36000001ygYkEAI","Project__c":"a0736000000Ew01AAC","Status__c":"Pending approval","Employee__r":{"s":2,"v":{"Name":"Andriy Lokotosh","Id":"a0A36000001ygYkEAI"}},"Project__r":{"s":3,"v":{"Name":"eBank","Id":"a0736000000Ew01AAC"}}}}|0x1842465b
07:55:54.0 (19835073)|STATEMENT_EXECUTE|[68]
07:55:54.0 (19853635)|VARIABLE_ASSIGNMENT|[EXTERNAL]|this|{"skill":"0x6dd086e0"}|0x1842465b
07:55:54.0 (19859789)|VARIABLE_ASSIGNMENT|[EXTERNAL]|value|false
07:55:54.0 (19863686)|HEAP_ALLOCATE|[63]|Bytes:5
07:55:54.0 (19869840)|VARIABLE_ASSIGNMENT|[63]|this.selected|false|0x1842465b
07:55:54.0 (19880155)|CONSTRUCTOR_EXIT|[14]|01p360000072SS3|<init>(Employee_Skills__c)
07:55:54.0 (19888632)|HEAP_ALLOCATE|[EXTERNAL]|Bytes:4
07:55:54.0 (19897907)|METHOD_ENTRY|[10]||Database.QueryLocatorIterator.hasNext()
07:55:54.0 (19918176)|METHOD_EXIT|[10]||Database.QueryLocatorIterator.hasNext()
07:55:54.0 (19923276)|METHOD_ENTRY|[10]||Database.QueryLocatorIterator.next()
07:55:54.0 (19982151)|METHOD_EXIT|[10]||Database.QueryLocatorIterator.next()
07:55:54.0 (19989269)|VARIABLE_SCOPE_BEGIN|[10]|c|Employee_Skills__c|true|false
07:55:54.0 (20009652)|VARIABLE_ASSIGNMENT|[10]|c|{"s":1,"v":{"Id":"a0C360000003XRTEA2","Name":"logo","Employee__c":"a0A36000001ygYkEAI","Project__c":"a0736000000Ew01AAC","Status__c":"Pending approval","Employee__r":{"s":2,"v":{"Name":"Andriy Lokotosh","Id":"a0A36000001ygYkEAI"}},"Project__r":{"s":3,"v":{"Name":"eBank","Id":"a0736000000Ew01AAC"}}}}|0x35371b04
07:55:54.0 (20014204)|STATEMENT_EXECUTE|[12]
07:55:54.0 (20015563)|STATEMENT_EXECUTE|[14]
07:55:54.0 (20035737)|VARIABLE_ASSIGNMENT|[EXTERNAL]|this|{"skillsList":"0xeb066c"}|0x13805b4e
07:55:54.0 (20046723)|HEAP_ALLOCATE|[14]|Bytes:12
07:55:54.0 (20054638)|CONSTRUCTOR_ENTRY|[14]|01p360000072SS3|<init>(Employee_Skills__c)
07:55:54.0 (20058698)|VARIABLE_SCOPE_BEGIN|[66]|this|WrapperEmployeeSkills.wEmployee|true|false
07:55:54.0 (20071769)|VARIABLE_ASSIGNMENT|[66]|this|{}|0x5a4214c7
07:55:54.0 (20074256)|VARIABLE_SCOPE_BEGIN|[66]|s|Employee_Skills__c|true|false
07:55:54.0 (20088851)|VARIABLE_ASSIGNMENT|[66]|s|{"s":1,"v":{"Id":"a0C360000003XRTEA2","Name":"logo","Employee__c":"a0A36000001ygYkEAI","Project__c":"a0736000000Ew01AAC","Status__c":"Pending approval","Employee__r":{"s":2,"v":{"Name":"Andriy Lokotosh","Id":"a0A36000001ygYkEAI"}},"Project__r":{"s":3,"v":{"Name":"eBank","Id":"a0736000000Ew01AAC"}}}}|0x35371b04
07:55:54.0 (20093032)|STATEMENT_EXECUTE|[61]
07:55:54.0 (20094318)|STATEMENT_EXECUTE|[62]
07:55:54.0 (20095324)|STATEMENT_EXECUTE|[63]
07:55:54.0 (20105430)|STATEMENT_EXECUTE|[66]
07:55:54.0 (20106890)|STATEMENT_EXECUTE|[67]
07:55:54.0 (20123809)|VARIABLE_ASSIGNMENT|[EXTERNAL]|this|{}|0x5a4214c7
07:55:54.0 (20139138)|VARIABLE_ASSIGNMENT|[EXTERNAL]|value|{"s":1,"v":{"Id":"a0C360000003XRTEA2","Name":"logo","Employee__c":"a0A36000001ygYkEAI","Project__c":"a0736000000Ew01AAC","Status__c":"Pending approval","Employee__r":{"s":2,"v":{"Name":"Andriy Lokotosh","Id":"a0A36000001ygYkEAI"}},"Project__r":{"s":3,"v":{"Name":"eBank","Id":"a0736000000Ew01AAC"}}}}|0x35371b04
07:55:54.0 (20156123)|VARIABLE_ASSIGNMENT|[62]|this.skill|{"s":1,"v":{"Id":"a0C360000003XRTEA2","Name":"logo","Employee__c":"a0A36000001ygYkEAI","Project__c":"a0736000000Ew01AAC","Status__c":"Pending approval","Employee__r":{"s":2,"v":{"Name":"Andriy Lokotosh","Id":"a0A36000001ygYkEAI"}},"Project__r":{"s":3,"v":{"Name":"eBank","Id":"a0736000000Ew01AAC"}}}}|0x5a4214c7
07:55:54.0 (20164274)|STATEMENT_EXECUTE|[68]
07:55:54.0 (20182917)|VARIABLE_ASSIGNMENT|[EXTERNAL]|this|{"skill":"0x35371b04"}|0x5a4214c7
07:55:54.0 (20189018)|VARIABLE_ASSIGNMENT|[EXTERNAL]|value|false
07:55:54.0 (20192885)|HEAP_ALLOCATE|[63]|Bytes:5
07:55:54.0 (20199125)|VARIABLE_ASSIGNMENT|[63]|this.selected|false|0x5a4214c7
07:55:54.0 (20209661)|CONSTRUCTOR_EXIT|[14]|01p360000072SS3|<init>(Employee_Skills__c)
07:55:54.0 (20218246)|HEAP_ALLOCATE|[EXTERNAL]|Bytes:4
07:55:54.0 (20226835)|METHOD_ENTRY|[10]||Database.QueryLocatorIterator.hasNext()
07:55:54.0 (20247025)|METHOD_EXIT|[10]||Database.QueryLocatorIterator.hasNext()
07:55:54.0 (20252203)|METHOD_ENTRY|[10]||Database.QueryLocatorIterator.next()
07:55:54.0 (20310603)|METHOD_EXIT|[10]||Database.QueryLocatorIterator.next()
07:55:54.0 (20317892)|VARIABLE_SCOPE_BEGIN|[10]|c|Employee_Skills__c|true|false
07:55:54.0 (20339325)|VARIABLE_ASSIGNMENT|[10]|c|{"s":1,"v":{"Id":"a0C360000003sIHEAY","Name":"Test Skill","Employee__c":"a0A36000002STuIEAW","Project__c":"a07360000014vWyAAI","Status__c":"Approved","Employee__r":{"s":2,"v":{"Name":"Jor","Id":"a0A36000002STuIEAW"}},"Project__r":{"s":3,"v":{"Name":"TestProj","Id":"a07360000014vWyAAI"}}}}|0x334c6ee9
07:55:54.0 (20343463)|STATEMENT_EXECUTE|[12]
07:55:54.0 (20344749)|STATEMENT_EXECUTE|[14]
07:55:54.0 (20364743)|VARIABLE_ASSIGNMENT|[EXTERNAL]|this|{"skillsList":"0xeb066c"}|0x13805b4e
07:55:54.0 (20375396)|HEAP_ALLOCATE|[14]|Bytes:12
07:55:54.0 (20383280)|CONSTRUCTOR_ENTRY|[14]|01p360000072SS3|<init>(Employee_Skills__c)
07:55:54.0 (20387519)|VARIABLE_SCOPE_BEGIN|[66]|this|WrapperEmployeeSkills.wEmployee|true|false
07:55:54.0 (20400177)|VARIABLE_ASSIGNMENT|[66]|this|{}|0x7e7a9b2d
07:55:54.0 (20402678)|VARIABLE_SCOPE_BEGIN|[66]|s|Employee_Skills__c|true|false
07:55:54.0 (20417563)|VARIABLE_ASSIGNMENT|[66]|s|{"s":1,"v":{"Id":"a0C360000003sIHEAY","Name":"Test Skill","Employee__c":"a0A36000002STuIEAW","Project__c":"a07360000014vWyAAI","Status__c":"Approved","Employee__r":{"s":2,"v":{"Name":"Jor","Id":"a0A36000002STuIEAW"}},"Project__r":{"s":3,"v":{"Name":"TestProj","Id":"a07360000014vWyAAI"}}}}|0x334c6ee9
07:55:54.0 (20421449)|STATEMENT_EXECUTE|[61]
07:55:54.0 (20422678)|STATEMENT_EXECUTE|[62]
07:55:54.0 (20423707)|STATEMENT_EXECUTE|[63]
07:55:54.0 (20434055)|STATEMENT_EXECUTE|[66]
07:55:54.0 (20435464)|STATEMENT_EXECUTE|[67]
07:55:54.0 (20452320)|VARIABLE_ASSIGNMENT|[EXTERNAL]|this|{}|0x7e7a9b2d
07:55:54.0 (20467684)|VARIABLE_ASSIGNMENT|[EXTERNAL]|value|{"s":1,"v":{"Id":"a0C360000003sIHEAY","Name":"Test Skill","Employee__c":"a0A36000002STuIEAW","Project__c":"a07360000014vWyAAI","Status__c":"Approved","Employee__r":{"s":2,"v":{"Name":"Jor","Id":"a0A36000002STuIEAW"}},"Project__r":{"s":3,"v":{"Name":"TestProj","Id":"a07360000014vWyAAI"}}}}|0x334c6ee9
07:55:54.0 (20484782)|VARIABLE_ASSIGNMENT|[62]|this.skill|{"s":1,"v":{"Id":"a0C360000003sIHEAY","Name":"Test Skill","Employee__c":"a0A36000002STuIEAW","Project__c":"a07360000014vWyAAI","Status__c":"Approved","Employee__r":{"s":2,"v":{"Name":"Jor","Id":"a0A36000002STuIEAW"}},"Project__r":{"s":3,"v":{"Name":"TestProj","Id":"a07360000014vWyAAI"}}}}|0x7e7a9b2d
07:55:54.0 (20492847)|STATEMENT_EXECUTE|[68]
07:55:54.0 (20511255)|VARIABLE_ASSIGNMENT|[EXTERNAL]|this|{"skill":"0x334c6ee9"}|0x7e7a9b2d
07:55:54.0 (20517739)|VARIABLE_ASSIGNMENT|[EXTERNAL]|value|false
07:55:54.0 (20521722)|HEAP_ALLOCATE|[63]|Bytes:5
07:55:54.0 (20527829)|VARIABLE_ASSIGNMENT|[63]|this.selected|false|0x7e7a9b2d
07:55:54.0 (20538247)|CONSTRUCTOR_EXIT|[14]|01p360000072SS3|<init>(Employee_Skills__c)
07:55:54.0 (20546863)|HEAP_ALLOCATE|[EXTERNAL]|Bytes:4
07:55:54.0 (20555343)|METHOD_ENTRY|[10]||Database.QueryLocatorIterator.hasNext()
07:55:54.0 (20575463)|METHOD_EXIT|[10]||Database.QueryLocatorIterator.hasNext()
07:55:54.0 (20580595)|METHOD_ENTRY|[10]||Database.QueryLocatorIterator.next()
07:55:54.0 (20643386)|METHOD_EXIT|[10]||Database.QueryLocatorIterator.next()
07:55:54.0 (20650429)|VARIABLE_SCOPE_BEGIN|[10]|c|Employee_Skills__c|true|false
07:55:54.0 (20670997)|VARIABLE_ASSIGNMENT|[10]|c|{"s":1,"v":{"Id":"a0C36000000ipqeEAA","Name":"Koloboc","Employee__c":"a0A36000001ygYkEAI","Project__c":"a0736000000Ew01AAC","Status__c":"Approved","Employee__r":{"s":2,"v":{"Name":"Andriy Lokotosh","Id":"a0A36000001ygYkEAI"}},"Project__r":{"s":3,"v":{"Name":"eBank","Id":"a0736000000Ew01AAC"}}}}|0x2e11892d
07:55:54.0 (20675099)|STATEMENT_EXECUTE|[12]
07:55:54.0 (20676273)|STATEMENT_EXECUTE|[14]
07:55:54.0 (20696273)|VARIABLE_ASSIGNMENT|[EXTERNAL]|this|{"skillsList":"0xeb066c"}|0x13805b4e
07:55:54.0 (20706958)|HEAP_ALLOCATE|[14]|Bytes:12
07:55:54.0 (20714965)|CONSTRUCTOR_ENTRY|[14]|01p360000072SS3|<init>(Employee_Skills__c)
07:55:54.0 (20719025)|VARIABLE_SCOPE_BEGIN|[66]|this|WrapperEmployeeSkills.wEmployee|true|false
07:55:54.0 (20732211)|VARIABLE_ASSIGNMENT|[66]|this|{}|0x2398a604
07:55:54.0 (20734646)|VARIABLE_SCOPE_BEGIN|[66]|s|Employee_Skills__c|true|false
07:55:54.0 (20749853)|VARIABLE_ASSIGNMENT|[66]|s|{"s":1,"v":{"Id":"a0C36000000ipqeEAA","Name":"Koloboc","Employee__c":"a0A36000001ygYkEAI","Project__c":"a0736000000Ew01AAC","Status__c":"Approved","Employee__r":{"s":2,"v":{"Name":"Andriy Lokotosh","Id":"a0A36000001ygYkEAI"}},"Project__r":{"s":3,"v":{"Name":"eBank","Id":"a0736000000Ew01AAC"}}}}|0x2e11892d
07:55:54.0 (20753769)|STATEMENT_EXECUTE|[61]
07:55:54.0 (20754980)|STATEMENT_EXECUTE|[62]
07:55:54.0 (20756014)|STATEMENT_EXECUTE|[63]
07:55:54.0 (20766371)|STATEMENT_EXECUTE|[66]
07:55:54.0 (20767819)|STATEMENT_EXECUTE|[67]
07:55:54.0 (20784688)|VARIABLE_ASSIGNMENT|[EXTERNAL]|this|{}|0x2398a604
07:55:54.0 (20800039)|VARIABLE_ASSIGNMENT|[EXTERNAL]|value|{"s":1,"v":{"Id":"a0C36000000ipqeEAA","Name":"Koloboc","Employee__c":"a0A36000001ygYkEAI","Project__c":"a0736000000Ew01AAC","Status__c":"Approved","Employee__r":{"s":2,"v":{"Name":"Andriy Lokotosh","Id":"a0A36000001ygYkEAI"}},"Project__r":{"s":3,"v":{"Name":"eBank","Id":"a0736000000Ew01AAC"}}}}|0x2e11892d
07:55:54.0 (20816851)|VARIABLE_ASSIGNMENT|[62]|this.skill|{"s":1,"v":{"Id":"a0C36000000ipqeEAA","Name":"Koloboc","Employee__c":"a0A36000001ygYkEAI","Project__c":"a0736000000Ew01AAC","Status__c":"Approved","Employee__r":{"s":2,"v":{"Name":"Andriy Lokotosh","Id":"a0A36000001ygYkEAI"}},"Project__r":{"s":3,"v":{"Name":"eBank","Id":"a0736000000Ew01AAC"}}}}|0x2398a604
07:55:54.0 (20825026)|STATEMENT_EXECUTE|[68]
07:55:54.0 (20843599)|VARIABLE_ASSIGNMENT|[EXTERNAL]|this|{"skill":"0x2e11892d"}|0x2398a604
07:55:54.0 (20849682)|VARIABLE_ASSIGNMENT|[EXTERNAL]|value|false
07:55:54.0 (20853601)|HEAP_ALLOCATE|[63]|Bytes:5
07:55:54.0 (20859917)|VARIABLE_ASSIGNMENT|[63]|this.selected|false|0x2398a604
07:55:54.0 (20870332)|CONSTRUCTOR_EXIT|[14]|01p360000072SS3|<init>(Employee_Skills__c)
07:55:54.0 (20878869)|HEAP_ALLOCATE|[EXTERNAL]|Bytes:4
07:55:54.0 (20887602)|METHOD_ENTRY|[10]||Database.QueryLocatorIterator.hasNext()
07:55:54.0 (20907542)|METHOD_EXIT|[10]||Database.QueryLocatorIterator.hasNext()
07:55:54.0 (20912519)|METHOD_ENTRY|[10]||Database.QueryLocatorIterator.next()
07:55:54.0 (20970903)|METHOD_EXIT|[10]||Database.QueryLocatorIterator.next()
07:55:54.0 (20977723)|VARIABLE_SCOPE_BEGIN|[10]|c|Employee_Skills__c|true|false
07:55:54.0 (20998015)|VARIABLE_ASSIGNMENT|[10]|c|{"s":1,"v":{"Id":"a0C36000000iqFYEAY","Name":"fsdfsd","Employee__c":"a0A36000001ygYkEAI","Project__c":"a0736000000Ew01AAC","Status__c":"Waiting for submit","Employee__r":{"s":2,"v":{"Name":"Andriy Lokotosh","Id":"a0A36000001ygYkEAI"}},"Project__r":{"s":3,"v":{"Name":"eBank","Id":"a0736000000Ew01AAC"}}}}|0x35f0f91e
07:55:54.0 (21002000)|STATEMENT_EXECUTE|[12]
07:55:54.0 (21004101)|STATEMENT_EXECUTE|[14]
07:55:54.0 (21024402)|VARIABLE_ASSIGNMENT|[EXTERNAL]|this|{"skillsList":"0xeb066c"}|0x13805b4e
07:55:54.0 (21035002)|HEAP_ALLOCATE|[14]|Bytes:12
07:55:54.0 (21043063)|CONSTRUCTOR_ENTRY|[14]|01p360000072SS3|<init>(Employee_Skills__c)
07:55:54.0 (21047425)|VARIABLE_SCOPE_BEGIN|[66]|this|WrapperEmployeeSkills.wEmployee|true|false
07:55:54.0 (21060461)|VARIABLE_ASSIGNMENT|[66]|this|{}|0x1ff9af7e
07:55:54.0 (21062985)|VARIABLE_SCOPE_BEGIN|[66]|s|Employee_Skills__c|true|false
07:55:54.0 (21077758)|VARIABLE_ASSIGNMENT|[66]|s|{"s":1,"v":{"Id":"a0C36000000iqFYEAY","Name":"fsdfsd","Employee__c":"a0A36000001ygYkEAI","Project__c":"a0736000000Ew01AAC","Status__c":"Waiting for submit","Employee__r":{"s":2,"v":{"Name":"Andriy Lokotosh","Id":"a0A36000001ygYkEAI"}},"Project__r":{"s":3,"v":{"Name":"eBank","Id":"a0736000000Ew01AAC"}}}}|0x35f0f91e
07:55:54.0 (21082072)|STATEMENT_EXECUTE|[61]
07:55:54.0 (21083310)|STATEMENT_EXECUTE|[62]
07:55:54.0 (21084305)|STATEMENT_EXECUTE|[63]
07:55:54.0 (21094577)|STATEMENT_EXECUTE|[66]
07:55:54.0 (21096042)|STATEMENT_EXECUTE|[67]
07:55:54.0 (21113113)|VARIABLE_ASSIGNMENT|[EXTERNAL]|this|{}|0x1ff9af7e
07:55:54.0 (21128364)|VARIABLE_ASSIGNMENT|[EXTERNAL]|value|{"s":1,"v":{"Id":"a0C36000000iqFYEAY","Name":"fsdfsd","Employee__c":"a0A36000001ygYkEAI","Project__c":"a0736000000Ew01AAC","Status__c":"Waiting for submit","Employee__r":{"s":2,"v":{"Name":"Andriy Lokotosh","Id":"a0A36000001ygYkEAI"}},"Project__r":{"s":3,"v":{"Name":"eBank","Id":"a0736000000Ew01AAC"}}}}|0x35f0f91e
07:55:54.0 (21145672)|VARIABLE_ASSIGNMENT|[62]|this.skill|{"s":1,"v":{"Id":"a0C36000000iqFYEAY","Name":"fsdfsd","Employee__c":"a0A36000001ygYkEAI","Project__c":"a0736000000Ew01AAC","Status__c":"Waiting for submit","Employee__r":{"s":2,"v":{"Name":"Andriy Lokotosh","Id":"a0A36000001ygYkEAI"}},"Project__r":{"s":3,"v":{"Name":"eBank","Id":"a0736000000Ew01AAC"}}}}|0x1ff9af7e
07:55:54.0 (21154428)|STATEMENT_EXECUTE|[68]
07:55:54.0 (21172917)|VARIABLE_ASSIGNMENT|[EXTERNAL]|this|{"skill":"0x35f0f91e"}|0x1ff9af7e
07:55:54.0 (21179097)|VARIABLE_ASSIGNMENT|[EXTERNAL]|value|false
07:55:54.0 (21183027)|HEAP_ALLOCATE|[63]|Bytes:5
07:55:54.0 (21189061)|VARIABLE_ASSIGNMENT|[63]|this.selected|false|0x1ff9af7e
07:55:54.0 (21199438)|CONSTRUCTOR_EXIT|[14]|01p360000072SS3|<init>(Employee_Skills__c)
07:55:54.0 (21208218)|HEAP_ALLOCATE|[EXTERNAL]|Bytes:4
07:55:54.0 (21216599)|METHOD_ENTRY|[10]||Database.QueryLocatorIterator.hasNext()
07:55:54.0 (21236384)|METHOD_EXIT|[10]||Database.QueryLocatorIterator.hasNext()
07:55:54.0 (21241540)|METHOD_ENTRY|[10]||Database.QueryLocatorIterator.next()
07:55:54.0 (21306715)|METHOD_EXIT|[10]||Database.QueryLocatorIterator.next()
07:55:54.0 (21315793)|VARIABLE_SCOPE_BEGIN|[10]|c|Employee_Skills__c|true|false
07:55:54.0 (21344828)|VARIABLE_ASSIGNMENT|[10]|c|{"s":1,"v":{"Id":"a0C36000000iqCUEAY","Name":"Tools","Employee__c":"a0A36000001ygYkEAI","Project__c":"a0736000000Ew01AAC","Status__c":"Pending approval","Employee__r":{"s":2,"v":{"Name":"Andriy Lokotosh","Id":"a0A36000001ygYkEAI"}},"Project__r":{"s":3,"v":{"Name":"eBank","Id":"a0736000000Ew01AAC"}}}}|0x3d03054d
07:55:54.0 (21350222)|STATEMENT_EXECUTE|[12]
07:55:54.0 (21353110)|STATEMENT_EXECUTE|[14]
07:55:54.0 (21378262)|VARIABLE_ASSIGNMENT|[EXTERNAL]|this|{"skillsList":"0xeb066c"}|0x13805b4e
07:55:54.0 (21389478)|HEAP_ALLOCATE|[14]|Bytes:12
07:55:54.0 (21397723)|CONSTRUCTOR_ENTRY|[14]|01p360000072SS3|<init>(Employee_Skills__c)
07:55:54.0 (21401772)|VARIABLE_SCOPE_BEGIN|[66]|this|WrapperEmployeeSkills.wEmployee|true|false
07:55:54.0 (21414966)|VARIABLE_ASSIGNMENT|[66]|this|{}|0x5b4d2c6f
07:55:54.0 (21417455)|VARIABLE_SCOPE_BEGIN|[66]|s|Employee_Skills__c|true|false
07:55:54.0 (21432414)|VARIABLE_ASSIGNMENT|[66]|s|{"s":1,"v":{"Id":"a0C36000000iqCUEAY","Name":"Tools","Employee__c":"a0A36000001ygYkEAI","Project__c":"a0736000000Ew01AAC","Status__c":"Pending approval","Employee__r":{"s":2,"v":{"Name":"Andriy Lokotosh","Id":"a0A36000001ygYkEAI"}},"Project__r":{"s":3,"v":{"Name":"eBank","Id":"a0736000000Ew01AAC"}}}}|0x3d03054d
07:55:54.0 (21436575)|STATEMENT_EXECUTE|[61]
07:55:54.0 (21437775)|STATEMENT_EXECUTE|[62]
07:55:54.0 (21438905)|STATEMENT_EXECUTE|[63]
07:55:54.0 (21449086)|STATEMENT_EXECUTE|[66]
07:55:54.0 (21450468)|STATEMENT_EXECUTE|[67]
07:55:54.0 (21467590)|VARIABLE_ASSIGNMENT|[EXTERNAL]|this|{}|0x5b4d2c6f
07:55:54.0 (21485990)|VARIABLE_ASSIGNMENT|[EXTERNAL]|value|{"s":1,"v":{"Id":"a0C36000000iqCUEAY","Name":"Tools","Employee__c":"a0A36000001ygYkEAI","Project__c":"a0736000000Ew01AAC","Status__c":"Pending approval","Employee__r":{"s":2,"v":{"Name":"Andriy Lokotosh","Id":"a0A36000001ygYkEAI"}},"Project__r":{"s":3,"v":{"Name":"eBank","Id":"a0736000000Ew01AAC"}}}}|0x3d03054d
07:55:54.0 (21503630)|VARIABLE_ASSIGNMENT|[62]|this.skill|{"s":1,"v":{"Id":"a0C36000000iqCUEAY","Name":"Tools","Employee__c":"a0A36000001ygYkEAI","Project__c":"a0736000000Ew01AAC","Status__c":"Pending approval","Employee__r":{"s":2,"v":{"Name":"Andriy Lokotosh","Id":"a0A36000001ygYkEAI"}},"Project__r":{"s":3,"v":{"Name":"eBank","Id":"a0736000000Ew01AAC"}}}}|0x5b4d2c6f
07:55:54.0 (21511912)|STATEMENT_EXECUTE|[68]
07:55:54.0 (21531030)|VARIABLE_ASSIGNMENT|[EXTERNAL]|this|{"skill":"0x3d03054d"}|0x5b4d2c6f
07:55:54.0 (21537295)|VARIABLE_ASSIGNMENT|[EXTERNAL]|value|false
07:55:54.0 (21541295)|HEAP_ALLOCATE|[63]|Bytes:5
07:55:54.0 (21547850)|VARIABLE_ASSIGNMENT|[63]|this.selected|false|0x5b4d2c6f
07:55:54.0 (21558460)|CONSTRUCTOR_EXIT|[14]|01p360000072SS3|<init>(Employee_Skills__c)
07:55:54.0 (21567195)|HEAP_ALLOCATE|[EXTERNAL]|Bytes:4
07:55:54.0 (21575951)|METHOD_ENTRY|[10]||Database.QueryLocatorIterator.hasNext()
07:55:54.0 (21589366)|METHOD_EXIT|[10]||Database.QueryLocatorIterator.hasNext()
07:55:54.0 (21596951)|VARIABLE_ASSIGNMENT|[10]|c|null|
07:55:54.0 (21624911)|STATEMENT_EXECUTE|[17]
07:55:54.0 (21657940)|VARIABLE_ASSIGNMENT|[EXTERNAL]|this|{"skillsList":"0xeb066c"}|0x13805b4e
07:55:54.0 (21673636)|SYSTEM_MODE_EXIT|false
07:55:54.0 (21689422)|CODE_UNIT_FINISHED|WrapperEmployeeSkills invoke(getEmployeeSkills)
07:55:54.0 (21719209)|CODE_UNIT_FINISHED|WrapperEmployeeSkills get(EmployeeSkills)
07:55:54.0 (22256181)|CODE_UNIT_STARTED|[EXTERNAL]|01p360000072SS3|skill
07:55:54.0 (22271035)|CODE_UNIT_FINISHED|skill
07:55:54.0 (77991148)|CODE_UNIT_STARTED|[EXTERNAL]|01p360000072SS3|selected
07:55:54.0 (78022553)|CODE_UNIT_FINISHED|selected
07:55:54.0 (80653430)|CODE_UNIT_STARTED|[EXTERNAL]|01p360000072SS3|selected
07:55:54.0 (80667591)|CODE_UNIT_FINISHED|selected
07:55:54.0 (80769068)|CODE_UNIT_STARTED|[EXTERNAL]|01p360000072SS3|skill
07:55:54.0 (80781657)|CODE_UNIT_FINISHED|skill
07:55:54.0 (82743501)|CODE_UNIT_STARTED|[EXTERNAL]|01p360000072SS3|selected
07:55:54.0 (82757749)|CODE_UNIT_FINISHED|selected
07:55:54.0 (82858422)|CODE_UNIT_STARTED|[EXTERNAL]|01p360000072SS3|skill
07:55:54.0 (82870135)|CODE_UNIT_FINISHED|skill
07:55:54.0 (84865558)|CODE_UNIT_STARTED|[EXTERNAL]|01p360000072SS3|selected
07:55:54.0 (84879964)|CODE_UNIT_FINISHED|selected
07:55:54.0 (84981126)|CODE_UNIT_STARTED|[EXTERNAL]|01p360000072SS3|skill
07:55:54.0 (84992766)|CODE_UNIT_FINISHED|skill
07:55:54.0 (86923192)|CODE_UNIT_STARTED|[EXTERNAL]|01p360000072SS3|selected
07:55:54.0 (86938358)|CODE_UNIT_FINISHED|selected
07:55:54.0 (87040151)|CODE_UNIT_STARTED|[EXTERNAL]|01p360000072SS3|skill
07:55:54.0 (87052670)|CODE_UNIT_FINISHED|skill
07:55:54.0 (89046834)|CODE_UNIT_STARTED|[EXTERNAL]|01p360000072SS3|selected
07:55:54.0 (89061006)|CODE_UNIT_FINISHED|selected
07:55:54.0 (89161662)|CODE_UNIT_STARTED|[EXTERNAL]|01p360000072SS3|skill
07:55:54.0 (89173149)|CODE_UNIT_FINISHED|skill
07:55:54.0 (91049987)|CODE_UNIT_STARTED|[EXTERNAL]|01p360000072SS3|selected
07:55:54.0 (91063710)|CODE_UNIT_FINISHED|selected
07:55:54.0 (91163827)|CODE_UNIT_STARTED|[EXTERNAL]|01p360000072SS3|skill
07:55:54.0 (91175088)|CODE_UNIT_FINISHED|skill
07:55:54.0 (93090381)|CODE_UNIT_STARTED|[EXTERNAL]|01p360000072SS3|selected
07:55:54.0 (93104338)|CODE_UNIT_FINISHED|selected
07:55:54.0 (93205322)|CODE_UNIT_STARTED|[EXTERNAL]|01p360000072SS3|skill
07:55:54.0 (93217606)|CODE_UNIT_FINISHED|skill
07:55:54.0 (95324082)|CODE_UNIT_STARTED|[EXTERNAL]|01p360000072SS3|selected
07:55:54.0 (95338264)|CODE_UNIT_FINISHED|selected
07:55:54.0 (95445962)|CODE_UNIT_STARTED|[EXTERNAL]|01p360000072SS3|skill
07:55:54.0 (95457558)|CODE_UNIT_FINISHED|skill
07:55:54.0 (97338873)|CODE_UNIT_STARTED|[EXTERNAL]|01p360000072SS3|selected
07:55:54.0 (97352496)|CODE_UNIT_FINISHED|selected
07:55:54.0 (97458737)|CODE_UNIT_STARTED|[EXTERNAL]|01p360000072SS3|skill
07:55:54.0 (97470313)|CODE_UNIT_FINISHED|skill
07:55:54.0 (99340861)|CODE_UNIT_STARTED|[EXTERNAL]|01p360000072SS3|selected
07:55:54.0 (99354654)|CODE_UNIT_FINISHED|selected
07:55:54.0 (99459876)|CODE_UNIT_STARTED|[EXTERNAL]|01p360000072SS3|skill
07:55:54.0 (99471526)|CODE_UNIT_FINISHED|skill
07:55:54.0 (101348316)|CODE_UNIT_STARTED|[EXTERNAL]|01p360000072SS3|selected
07:55:54.0 (101361895)|CODE_UNIT_FINISHED|selected
07:55:54.0 (101467805)|CODE_UNIT_STARTED|[EXTERNAL]|01p360000072SS3|skill
07:55:54.0 (101479347)|CODE_UNIT_FINISHED|skill
07:55:54.0 (103381973)|CODE_UNIT_STARTED|[EXTERNAL]|01p360000072SS3|selected
07:55:54.0 (103396304)|CODE_UNIT_FINISHED|selected
07:55:54.0 (103503274)|CODE_UNIT_STARTED|[EXTERNAL]|01p360000072SS3|skill
07:55:54.0 (103515415)|CODE_UNIT_FINISHED|skill
07:55:54.0 (105402395)|CODE_UNIT_STARTED|[EXTERNAL]|01p360000072SS3|selected
07:55:54.0 (105420679)|CODE_UNIT_FINISHED|selected
07:55:54.0 (105521909)|CODE_UNIT_STARTED|[EXTERNAL]|01p360000072SS3|skill
07:55:54.0 (105533645)|CODE_UNIT_FINISHED|skill
07:55:54.0 (107399847)|CODE_UNIT_STARTED|[EXTERNAL]|01p360000072SS3|selected
07:55:54.0 (107418989)|CODE_UNIT_FINISHED|selected
07:55:54.0 (107520774)|CODE_UNIT_STARTED|[EXTERNAL]|01p360000072SS3|skill
07:55:54.0 (107532285)|CODE_UNIT_FINISHED|skill
07:55:54.0 (109404792)|CODE_UNIT_STARTED|[EXTERNAL]|01p360000072SS3|selected
07:55:54.0 (109423260)|CODE_UNIT_FINISHED|selected
07:55:54.0 (109524666)|CODE_UNIT_STARTED|[EXTERNAL]|01p360000072SS3|skill
07:55:54.0 (109536151)|CODE_UNIT_FINISHED|skill
07:55:54.0 (114801383)|VF_SERIALIZE_VIEWSTATE_BEGIN|06636000001VcbV
07:55:54.0 (127960089)|VF_SERIALIZE_VIEWSTATE_END
07:55:54.0 (143982554)|CODE_UNIT_STARTED|[EXTERNAL]|Generate Metadata
07:55:54.0 (149715659)|CODE_UNIT_FINISHED|Generate Metadata
07:55:54.155 (155477454)|CUMULATIVE_LIMIT_USAGE
07:55:54.155 (155477454)|LIMIT_USAGE_FOR_NS|(default)|
  Number of SOQL queries: 1 out of 100
  Number of query rows: 16 out of 50000
  Number of SOSL queries: 0 out of 20
  Number of DML statements: 0 out of 150
  Number of DML rows: 0 out of 10000
  Maximum CPU time: 0 out of 10000
  Maximum heap size: 0 out of 6000000
  Number of callouts: 0 out of 100
  Number of Email Invocations: 0 out of 10
  Number of future calls: 0 out of 50
  Number of queueable jobs added to the queue: 0 out of 50
  Number of Mobile Apex push calls: 0 out of 10

07:55:54.155 (155477454)|CUMULATIVE_LIMIT_USAGE_END

07:55:54.0 (155530430)|CODE_UNIT_FINISHED|VF: /apex/AprooveWraper
07:55:54.0 (156536014)|EXECUTION_FINISHED
