36.0 APEX_CODE,FINEST;APEX_PROFILING,INFO;CALLOUT,INFO;DB,INFO;SYSTEM,DEBUG;VALIDATION,INFO;VISUALFORCE,INFO;WORKFLOW,INFO
06:46:42.0 (327919)|EXECUTION_STARTED
06:46:42.0 (360856)|CODE_UNIT_STARTED|[EXTERNAL]|06636000002n7XB|VF: /apex/DraftsToPersonTable
06:46:42.0 (3048644)|CODE_UNIT_STARTED|[EXTERNAL]|01p360000074pQr|DraftsToPersons <init>
06:46:42.0 (3062171)|SYSTEM_MODE_ENTER|true
06:46:42.0 (3619898)|HEAP_ALLOCATE|[72]|Bytes:3
06:46:42.0 (3667108)|HEAP_ALLOCATE|[77]|Bytes:152
06:46:42.0 (3685496)|HEAP_ALLOCATE|[342]|Bytes:408
06:46:42.0 (3706291)|HEAP_ALLOCATE|[355]|Bytes:408
06:46:42.0 (3725654)|HEAP_ALLOCATE|[467]|Bytes:48
06:46:42.0 (3759819)|HEAP_ALLOCATE|[139]|Bytes:6
06:46:42.0 (3782690)|HEAP_ALLOCATE|[EXTERNAL]|Bytes:10
06:46:42.0 (3787910)|HEAP_ALLOCATE|[EXTERNAL]|Bytes:140
06:46:42.0 (3790690)|HEAP_ALLOCATE|[EXTERNAL]|Bytes:21
06:46:42.0 (3806422)|METHOD_ENTRY|[1]|01p360000074pQr|DraftsToPersons.DraftsToPersons()
06:46:42.0 (3811788)|STATEMENT_EXECUTE|[1]
06:46:42.0 (3818945)|STATEMENT_EXECUTE|[1]
06:46:42.0 (3855072)|HEAP_ALLOCATE|[50]|Bytes:5
06:46:42.0 (3876684)|HEAP_ALLOCATE|[56]|Bytes:5
06:46:42.0 (3885130)|HEAP_ALLOCATE|[64]|Bytes:7
06:46:42.0 (3909206)|SYSTEM_MODE_ENTER|false
06:46:42.0 (3924233)|HEAP_ALLOCATE|[EXTERNAL]|Bytes:5
06:46:42.0 (3928519)|STATEMENT_EXECUTE|[69]
06:46:42.0 (3934277)|SYSTEM_MODE_EXIT|false
06:46:42.0 (3944130)|METHOD_EXIT|[1]|DraftsToPersons
06:46:42.0 (3962559)|HEAP_ALLOCATE|[EXTERNAL]|Bytes:20
06:46:42.0 (3975833)|VARIABLE_SCOPE_BEGIN|[7]|this|DraftsToPersons|true|false
06:46:42.0 (4050011)|VARIABLE_ASSIGNMENT|[7]|this|{}|0x60a79d71
06:46:42.0 (4062680)|SYSTEM_MODE_ENTER|false
06:46:42.0 (4067629)|HEAP_ALLOCATE|[EXTERNAL]|Bytes:5
06:46:42.0 (4071226)|STATEMENT_EXECUTE|[1]
06:46:42.0 (4074057)|HEAP_ALLOCATE|[EXTERNAL]|Bytes:5
06:46:42.0 (4076142)|STATEMENT_EXECUTE|[2]
06:46:42.0 (4077679)|STATEMENT_EXECUTE|[3]
06:46:42.0 (4078773)|STATEMENT_EXECUTE|[4]
06:46:42.0 (4079983)|STATEMENT_EXECUTE|[5]
06:46:42.0 (4089391)|HEAP_ALLOCATE|[EXTERNAL]|Bytes:6
06:46:42.0 (4114427)|STATEMENT_EXECUTE|[8]
06:46:42.0 (4119692)|SYSTEM_MODE_EXIT|false
06:46:42.0 (4134856)|CODE_UNIT_FINISHED|DraftsToPersons <init>
06:46:42.0 (4182223)|CODE_UNIT_STARTED|[EXTERNAL]|01p360000074pQr|DraftsToPersons get(Persons)
06:46:42.0 (4189116)|SYSTEM_MODE_ENTER|true
06:46:42.0 (4212606)|CODE_UNIT_STARTED|[EXTERNAL]|01p360000074pQr|DraftsToPersons invoke(getPersons)
06:46:42.0 (4252042)|HEAP_ALLOCATE|[EXTERNAL]|Bytes:20
06:46:42.0 (4261849)|VARIABLE_SCOPE_BEGIN|[23]|this|DraftsToPersons|true|false
06:46:42.0 (4282188)|VARIABLE_ASSIGNMENT|[23]|this|{}|0x60a79d71
06:46:42.0 (4297543)|SYSTEM_MODE_ENTER|false
06:46:42.0 (4302057)|HEAP_ALLOCATE|[25]|Bytes:5
06:46:42.0 (4305594)|STATEMENT_EXECUTE|[24]
06:46:42.0 (4359498)|VARIABLE_ASSIGNMENT|[EXTERNAL]|this|{}|0x60a79d71
06:46:42.0 (4372528)|STATEMENT_EXECUTE|[26]
06:46:42.0 (4374193)|STATEMENT_EXECUTE|[27]
06:46:42.0 (4377988)|HEAP_ALLOCATE|[27]|Bytes:71
06:46:42.0 (4388860)|HEAP_ALLOCATE|[27]|Bytes:4
06:46:42.0 (4631178)|SOQL_EXECUTE_BEGIN|[27]|Aggregations:0|SELECT id, Name FROM Person__c ORDER BY Name ASC NULLS FIRST LIMIT 1000
06:46:42.0 (6977785)|SOQL_EXECUTE_END|[27]|Rows:2
06:46:42.0 (6992472)|HEAP_ALLOCATE|[27]|Bytes:12
06:46:42.0 (7005940)|HEAP_ALLOCATE|[27]|Bytes:97
06:46:42.0 (7033665)|HEAP_ALLOCATE|[27]|Bytes:12
06:46:42.0 (7078496)|VARIABLE_ASSIGNMENT|[EXTERNAL]|this|{}|0x60a79d71
06:46:42.0 (7116225)|VARIABLE_ASSIGNMENT|[EXTERNAL]|value|{"s":1,"v":[{"s":2,"v":{"Id":"a0N36000000xneOEAQ","Name":"Andiy Lokotosh"}},{"s":3,"v":{"Id":"a0N36000000xneTEAQ","Name":"Jon Smith"}}]}|0x21c7da3
06:46:42.0 (7138799)|VARIABLE_ASSIGNMENT|[3]|this.pers|{"s":1,"v":[{"s":2,"v":{"Id":"a0N36000000xneOEAQ","Name":"Andiy Lokotosh"}},{"s":3,"v":{"Id":"a0N36000000xneTEAQ","Name":"Jon Smith"}}]}|0x60a79d71
06:46:42.0 (7147843)|STATEMENT_EXECUTE|[31]
06:46:42.0 (7183567)|VARIABLE_ASSIGNMENT|[EXTERNAL]|this|{"pers":"0x21c7da3"}|0x60a79d71
06:46:42.0 (7197541)|SYSTEM_MODE_EXIT|false
06:46:42.0 (7208714)|CODE_UNIT_FINISHED|DraftsToPersons invoke(getPersons)
06:46:42.0 (7225890)|CODE_UNIT_FINISHED|DraftsToPersons get(Persons)
06:46:42.0 (7463311)|CODE_UNIT_STARTED|[EXTERNAL]|01p360000074pQr|DraftsToPersons get(Drafts)
06:46:42.0 (7471229)|SYSTEM_MODE_ENTER|true
06:46:42.0 (7487646)|CODE_UNIT_STARTED|[EXTERNAL]|01p360000074pQr|DraftsToPersons invoke(getDrafts)
06:46:42.0 (7524612)|HEAP_ALLOCATE|[EXTERNAL]|Bytes:20
06:46:42.0 (7534574)|VARIABLE_SCOPE_BEGIN|[12]|this|DraftsToPersons|true|false
06:46:42.0 (7558059)|VARIABLE_ASSIGNMENT|[12]|this|{"pers":"0x21c7da3"}|0x60a79d71
06:46:42.0 (7570205)|SYSTEM_MODE_ENTER|false
06:46:42.0 (7575257)|HEAP_ALLOCATE|[14]|Bytes:5
06:46:42.0 (7578896)|STATEMENT_EXECUTE|[13]
06:46:42.0 (7623829)|VARIABLE_ASSIGNMENT|[EXTERNAL]|this|{"pers":"0x21c7da3"}|0x60a79d71
06:46:42.0 (7634757)|STATEMENT_EXECUTE|[15]
06:46:42.0 (7636474)|STATEMENT_EXECUTE|[16]
06:46:42.0 (7640403)|HEAP_ALLOCATE|[16]|Bytes:70
06:46:42.0 (7645829)|HEAP_ALLOCATE|[16]|Bytes:4
06:46:42.0 (7801490)|SOQL_EXECUTE_BEGIN|[16]|Aggregations:0|SELECT id, Name FROM Draft__c ORDER BY Name ASC NULLS FIRST LIMIT 1000
06:46:42.0 (9369183)|SOQL_EXECUTE_END|[16]|Rows:2
06:46:42.0 (9382246)|HEAP_ALLOCATE|[16]|Bytes:12
06:46:42.0 (9394089)|HEAP_ALLOCATE|[16]|Bytes:95
06:46:42.0 (9416122)|HEAP_ALLOCATE|[16]|Bytes:12
06:46:42.0 (9463444)|VARIABLE_ASSIGNMENT|[EXTERNAL]|this|{"pers":"0x21c7da3"}|0x60a79d71
06:46:42.0 (9484832)|VARIABLE_ASSIGNMENT|[EXTERNAL]|value|{"s":1,"v":[{"s":2,"v":{"Id":"a0R3600000032Q3EAI","Name":"Ebay"}},{"s":3,"v":{"Id":"a0R3600000032PyEAI","Name":"Electronic System"}}]}|0x70f5c503
06:46:42.0 (9503665)|VARIABLE_ASSIGNMENT|[2]|this.draft|{"s":1,"v":[{"s":2,"v":{"Id":"a0R3600000032Q3EAI","Name":"Ebay"}},{"s":3,"v":{"Id":"a0R3600000032PyEAI","Name":"Electronic System"}}]}|0x60a79d71
06:46:42.0 (9512526)|STATEMENT_EXECUTE|[21]
06:46:42.0 (9548591)|VARIABLE_ASSIGNMENT|[EXTERNAL]|this|{"draft":"0x70f5c503","pers":"0x21c7da3"}|0x60a79d71
06:46:42.0 (9562741)|SYSTEM_MODE_EXIT|false
06:46:42.0 (9573245)|CODE_UNIT_FINISHED|DraftsToPersons invoke(getDrafts)
06:46:42.0 (9589741)|CODE_UNIT_FINISHED|DraftsToPersons get(Drafts)
06:46:42.0 (10062303)|CODE_UNIT_STARTED|[EXTERNAL]|01p360000074pQr|DraftsToPersons get(Times)
06:46:42.0 (10070757)|SYSTEM_MODE_ENTER|true
06:46:42.0 (10086899)|CODE_UNIT_STARTED|[EXTERNAL]|01p360000074pQr|DraftsToPersons invoke(getTimes)
06:46:42.0 (10123921)|HEAP_ALLOCATE|[EXTERNAL]|Bytes:20
06:46:42.0 (10133911)|VARIABLE_SCOPE_BEGIN|[34]|this|DraftsToPersons|true|false
06:46:42.0 (10158077)|VARIABLE_ASSIGNMENT|[34]|this|{"draft":"0x70f5c503","pers":"0x21c7da3"}|0x60a79d71
06:46:42.0 (10170750)|SYSTEM_MODE_ENTER|false
06:46:42.0 (10175703)|HEAP_ALLOCATE|[36]|Bytes:5
06:46:42.0 (10179307)|STATEMENT_EXECUTE|[35]
06:46:42.0 (10224649)|VARIABLE_ASSIGNMENT|[EXTERNAL]|this|{"draft":"0x70f5c503","pers":"0x21c7da3"}|0x60a79d71
06:46:42.0 (10236447)|STATEMENT_EXECUTE|[37]
06:46:42.0 (10238440)|STATEMENT_EXECUTE|[38]
06:46:42.0 (10242410)|HEAP_ALLOCATE|[38]|Bytes:66
06:46:42.0 (10247902)|HEAP_ALLOCATE|[38]|Bytes:4
06:46:42.0 (10599287)|SOQL_EXECUTE_BEGIN|[38]|Aggregations:0|SELECT id, Name, Person__r.id, Draft__r.id FROM Time__c LIMIT 1000
06:46:42.0 (16097970)|SOQL_EXECUTE_END|[38]|Rows:3
06:46:42.0 (16113458)|HEAP_ALLOCATE|[38]|Bytes:16
06:46:42.0 (16136634)|HEAP_ALLOCATE|[38]|Bytes:484
06:46:42.0 (16159003)|HEAP_ALLOCATE|[38]|Bytes:16
06:46:42.0 (16208113)|VARIABLE_ASSIGNMENT|[EXTERNAL]|this|{"draft":"0x70f5c503","pers":"0x21c7da3"}|0x60a79d71
06:46:42.0 (16245396)|VARIABLE_ASSIGNMENT|[EXTERNAL]|value|{"s":1,"v":[{"s":2,"v":{"Id":"a0M36000000eD3xEAE","Name":"4","Person__c":"a0N36000000xneTEAQ","Draft__c":"a0R3600000032Q3EAI","Person__r":{"s":3,"v":{"Id":"a0N36000000xneTEAQ"}},"Draft__r":{"s":4,"v":{"Id":"a0R3600000032Q3EAI"}}}},{"s":5,"v":{"Id":"a0M36000000eCJfEAM","Name":"5","Person__c":"a0N36000000xneOEAQ","Draft__c":"a0R3600000032Q3EAI","Person__r":{"s":6,"v":{"Id":"a0N36000000xneOEAQ"}},"Draft__r":{"r":4}}},{"s":7,"v":{"Id":"a0M36000000eCJaEAM","Name":"4","Person__c":"a0N36000000xneTEAQ","Draft__c":"a0R3600000032PyEAI","Person__r":{"r":3},"Draft__r":{"s":8,"v":{"Id":"a0R3600000032PyEAI"}}}}]}|0x77f5f103
06:46:42.0 (16282013)|VARIABLE_ASSIGNMENT|[4]|this.tim|{"s":1,"v":[{"s":2,"v":{"Id":"a0M36000000eD3xEAE","Name":"4","Person__c":"a0N36000000xneTEAQ","Draft__c":"a0R3600000032Q3EAI","Person__r":{"s":3,"v":{"Id":"a0N36000000xneTEAQ"}},"Draft__r":{"s":4,"v":{"Id":"a0R3600000032Q3EAI"}}}},{"s":5,"v":{"Id":"a0M36000000eCJfEAM","Name":"5","Person__c":"a0N36000000xneOEAQ","Draft__c":"a0R3600000032Q3EAI","Person__r":{"s":6,"v":{"Id":"a0N36000000xneOEAQ"}},"Draft__r":{"r":4}}},{"s":7,"v":{"Id":"a0M36000000eCJaEAM","Name":"4","Person__c":"a0N36000000xneTEAQ","Draft__c":"a0R3600000032PyEAI","Person__r":{"r":3},"Draft__r":{"s":8,"v":{"Id":"a0R3600000032PyEAI"}}}}]}|0x60a79d71
06:46:42.0 (16292897)|STATEMENT_EXECUTE|[41]
06:46:42.0 (16331621)|VARIABLE_ASSIGNMENT|[EXTERNAL]|this|{"draft":"0x70f5c503","pers":"0x21c7da3","tim":"0x77f5f103"}|0x60a79d71
06:46:42.0 (16350618)|SYSTEM_MODE_EXIT|false
06:46:42.0 (16362247)|CODE_UNIT_FINISHED|DraftsToPersons invoke(getTimes)
06:46:42.0 (16379981)|CODE_UNIT_FINISHED|DraftsToPersons get(Times)
06:46:42.54 (54787803)|CUMULATIVE_LIMIT_USAGE
06:46:42.54 (54787803)|LIMIT_USAGE_FOR_NS|(default)|
  Number of SOQL queries: 3 out of 100
  Number of query rows: 7 out of 50000
  Number of SOSL queries: 0 out of 20
  Number of DML statements: 0 out of 150
  Number of DML rows: 0 out of 10000
  Maximum CPU time: 0 out of 10000
  Maximum heap size: 0 out of 6000000
  Number of callouts: 0 out of 100
  Number of Email Invocations: 0 out of 10
  Number of future calls: 0 out of 50
  Number of queueable jobs added to the queue: 0 out of 50
  Number of Mobile Apex push calls: 0 out of 10

06:46:42.54 (54787803)|CUMULATIVE_LIMIT_USAGE_END

06:46:42.0 (54836677)|CODE_UNIT_FINISHED|VF: /apex/DraftsToPersonTable
06:46:42.0 (56012872)|EXECUTION_FINISHED
