36.0 APEX_CODE,FINEST;APEX_PROFILING,INFO;CALLOUT,INFO;DB,INFO;SYSTEM,DEBUG;VALIDATION,INFO;VISUALFORCE,INFO;WORKFLOW,INFO
04:44:42.0 (96637)|EXECUTION_STARTED
04:44:42.0 (135438)|CODE_UNIT_STARTED|[EXTERNAL]|06636000002n7XB|VF: /apex/DraftsToPersonTable
04:44:42.0 (2813809)|CODE_UNIT_STARTED|[EXTERNAL]|01p360000074pQr|DraftsToPersons <init>
04:44:42.0 (2832679)|SYSTEM_MODE_ENTER|true
04:44:42.0 (3347566)|HEAP_ALLOCATE|[72]|Bytes:3
04:44:42.0 (3409398)|HEAP_ALLOCATE|[77]|Bytes:152
04:44:42.0 (3430853)|HEAP_ALLOCATE|[342]|Bytes:408
04:44:42.0 (3455796)|HEAP_ALLOCATE|[355]|Bytes:408
04:44:42.0 (3474833)|HEAP_ALLOCATE|[467]|Bytes:48
04:44:42.0 (3510877)|HEAP_ALLOCATE|[139]|Bytes:6
04:44:42.0 (3600001)|HEAP_ALLOCATE|[EXTERNAL]|Bytes:10
04:44:42.0 (3606839)|HEAP_ALLOCATE|[EXTERNAL]|Bytes:144
04:44:42.0 (3610017)|HEAP_ALLOCATE|[EXTERNAL]|Bytes:21
04:44:42.0 (3630709)|METHOD_ENTRY|[1]|01p360000074pQr|DraftsToPersons.DraftsToPersons()
04:44:42.0 (3636781)|STATEMENT_EXECUTE|[1]
04:44:42.0 (3646044)|STATEMENT_EXECUTE|[1]
04:44:42.0 (3694233)|HEAP_ALLOCATE|[50]|Bytes:5
04:44:42.0 (3722299)|HEAP_ALLOCATE|[56]|Bytes:5
04:44:42.0 (3730838)|HEAP_ALLOCATE|[64]|Bytes:7
04:44:42.0 (3763063)|SYSTEM_MODE_ENTER|false
04:44:42.0 (3783500)|HEAP_ALLOCATE|[EXTERNAL]|Bytes:5
04:44:42.0 (3791305)|STATEMENT_EXECUTE|[67]
04:44:42.0 (3797903)|SYSTEM_MODE_EXIT|false
04:44:42.0 (3811662)|METHOD_EXIT|[1]|DraftsToPersons
04:44:42.0 (3818801)|HEAP_ALLOCATE|[EXTERNAL]|Bytes:20
04:44:42.0 (3828641)|VARIABLE_SCOPE_BEGIN|[7]|this|DraftsToPersons|true|false
04:44:42.0 (3895531)|VARIABLE_ASSIGNMENT|[7]|this|{}|0x3743089c
04:44:42.0 (3911965)|SYSTEM_MODE_ENTER|false
04:44:42.0 (3916745)|HEAP_ALLOCATE|[EXTERNAL]|Bytes:5
04:44:42.0 (3920271)|STATEMENT_EXECUTE|[1]
04:44:42.0 (3922954)|HEAP_ALLOCATE|[EXTERNAL]|Bytes:5
04:44:42.0 (3925031)|STATEMENT_EXECUTE|[2]
04:44:42.0 (3927221)|STATEMENT_EXECUTE|[3]
04:44:42.0 (3928251)|STATEMENT_EXECUTE|[4]
04:44:42.0 (3930121)|STATEMENT_EXECUTE|[5]
04:44:42.0 (3941236)|HEAP_ALLOCATE|[EXTERNAL]|Bytes:6
04:44:42.0 (3967000)|STATEMENT_EXECUTE|[8]
04:44:42.0 (3975876)|SYSTEM_MODE_EXIT|false
04:44:42.0 (3998788)|CODE_UNIT_FINISHED|DraftsToPersons <init>
04:44:42.0 (4056171)|CODE_UNIT_STARTED|[EXTERNAL]|01p360000074pQr|DraftsToPersons get(Drafts)
04:44:42.0 (4064874)|SYSTEM_MODE_ENTER|true
04:44:42.0 (4084880)|CODE_UNIT_STARTED|[EXTERNAL]|01p360000074pQr|Drafts
04:44:42.0 (4099631)|CODE_UNIT_FINISHED|Drafts
04:44:42.0 (4115545)|CODE_UNIT_FINISHED|DraftsToPersons get(Drafts)
04:44:42.28 (28468656)|CUMULATIVE_LIMIT_USAGE
04:44:42.28 (28468656)|LIMIT_USAGE_FOR_NS|(default)|
  Number of SOQL queries: 0 out of 100
  Number of query rows: 0 out of 50000
  Number of SOSL queries: 0 out of 20
  Number of DML statements: 0 out of 150
  Number of DML rows: 0 out of 10000
  Maximum CPU time: 0 out of 10000
  Maximum heap size: 0 out of 6000000
  Number of callouts: 0 out of 100
  Number of Email Invocations: 0 out of 10
  Number of future calls: 0 out of 50
  Number of queueable jobs added to the queue: 0 out of 50
  Number of Mobile Apex push calls: 0 out of 10

04:44:42.28 (28468656)|CUMULATIVE_LIMIT_USAGE_END

04:44:42.0 (28564958)|CODE_UNIT_FINISHED|VF: /apex/DraftsToPersonTable
04:44:42.0 (29605674)|EXECUTION_FINISHED
