36.0 APEX_CODE,FINEST;APEX_PROFILING,INFO;CALLOUT,INFO;DB,INFO;SYSTEM,DEBUG;VALIDATION,INFO;VISUALFORCE,INFO;WORKFLOW,INFO
08:04:04.0 (616732)|EXECUTION_STARTED
08:04:04.0 (661386)|CODE_UNIT_STARTED|[EXTERNAL]|06636000001VcbV|VF: /apex/AprooveWraper
08:04:04.0 (8836341)|CODE_UNIT_STARTED|[EXTERNAL]|01p360000072SS3|WrapperEmployeeSkills <init>
08:04:04.0 (8855050)|SYSTEM_MODE_ENTER|true
08:04:04.0 (9400962)|HEAP_ALLOCATE|[72]|Bytes:3
08:04:04.0 (9455770)|HEAP_ALLOCATE|[77]|Bytes:152
08:04:04.0 (9474893)|HEAP_ALLOCATE|[342]|Bytes:408
08:04:04.0 (9492703)|HEAP_ALLOCATE|[355]|Bytes:408
08:04:04.0 (9510283)|HEAP_ALLOCATE|[467]|Bytes:48
08:04:04.0 (9542844)|HEAP_ALLOCATE|[139]|Bytes:6
08:04:04.0 (9565842)|HEAP_ALLOCATE|[EXTERNAL]|Bytes:9
08:04:04.0 (9570218)|HEAP_ALLOCATE|[EXTERNAL]|Bytes:88
08:04:04.0 (9572747)|HEAP_ALLOCATE|[EXTERNAL]|Bytes:6
08:04:04.0 (9575530)|HEAP_ALLOCATE|[EXTERNAL]|Bytes:2
08:04:04.0 (9587113)|METHOD_ENTRY|[1]|01p360000072SS3|WrapperEmployeeSkills.WrapperEmployeeSkills()
08:04:04.0 (9591045)|STATEMENT_EXECUTE|[1]
08:04:04.0 (9596961)|STATEMENT_EXECUTE|[1]
08:04:04.0 (9629017)|HEAP_ALLOCATE|[50]|Bytes:5
08:04:04.0 (9656633)|HEAP_ALLOCATE|[56]|Bytes:5
08:04:04.0 (9666459)|HEAP_ALLOCATE|[64]|Bytes:7
08:04:04.0 (9689134)|SYSTEM_MODE_ENTER|false
08:04:04.0 (9708007)|HEAP_ALLOCATE|[EXTERNAL]|Bytes:5
08:04:04.0 (9712430)|STATEMENT_EXECUTE|[61]
08:04:04.0 (9717232)|SYSTEM_MODE_EXIT|false
08:04:04.0 (9725573)|METHOD_EXIT|[1]|WrapperEmployeeSkills
08:04:04.0 (9745244)|HEAP_ALLOCATE|[EXTERNAL]|Bytes:8
08:04:04.0 (9756533)|VARIABLE_SCOPE_BEGIN|[1]|this|WrapperEmployeeSkills|true|false
08:04:04.0 (9829272)|VARIABLE_ASSIGNMENT|[1]|this|{}|0x293e3f9a
08:04:04.0 (9839262)|SYSTEM_MODE_ENTER|false
08:04:04.0 (9844347)|HEAP_ALLOCATE|[EXTERNAL]|Bytes:5
08:04:04.0 (9853054)|HEAP_ALLOCATE|[EXTERNAL]|Bytes:6
08:04:04.0 (9879168)|SYSTEM_MODE_EXIT|false
08:04:04.0 (9882621)|STATEMENT_EXECUTE|[1]
08:04:04.0 (9886376)|SYSTEM_MODE_ENTER|false
08:04:04.0 (9889732)|HEAP_ALLOCATE|[EXTERNAL]|Bytes:5
08:04:04.0 (9891977)|STATEMENT_EXECUTE|[4]
08:04:04.0 (9894617)|SYSTEM_MODE_EXIT|false
08:04:04.0 (9910818)|CODE_UNIT_FINISHED|WrapperEmployeeSkills <init>
08:04:04.0 (9958769)|CODE_UNIT_STARTED|[EXTERNAL]|01p360000072SS3|WrapperEmployeeSkills get(EmployeeSkills)
08:04:04.0 (9965476)|SYSTEM_MODE_ENTER|true
08:04:04.0 (9987540)|CODE_UNIT_STARTED|[EXTERNAL]|01p360000072SS3|WrapperEmployeeSkills invoke(getEmployeeSkills)
08:04:04.0 (10018826)|HEAP_ALLOCATE|[EXTERNAL]|Bytes:8
08:04:04.0 (10028786)|VARIABLE_SCOPE_BEGIN|[7]|this|WrapperEmployeeSkills|true|false
08:04:04.0 (10045043)|VARIABLE_ASSIGNMENT|[7]|this|{}|0x293e3f9a
08:04:04.0 (10060633)|SYSTEM_MODE_ENTER|false
08:04:04.0 (10065437)|HEAP_ALLOCATE|[8]|Bytes:5
08:04:04.0 (10068892)|STATEMENT_EXECUTE|[7]
08:04:04.0 (10115659)|VARIABLE_ASSIGNMENT|[EXTERNAL]|this|{}|0x293e3f9a
08:04:04.0 (10130790)|STATEMENT_EXECUTE|[8]
08:04:04.0 (10132424)|STATEMENT_EXECUTE|[9]
08:04:04.0 (10138105)|HEAP_ALLOCATE|[9]|Bytes:4
08:04:04.0 (10252179)|VARIABLE_ASSIGNMENT|[EXTERNAL]|this|{}|0x293e3f9a
08:04:04.0 (10281007)|HEAP_ALLOCATE|[EXTERNAL]|Bytes:4
08:04:04.0 (10302425)|VARIABLE_ASSIGNMENT|[EXTERNAL]|value|{"s":1,"v":[]}|0x8975c11
08:04:04.0 (10316874)|VARIABLE_ASSIGNMENT|[4]|this.skillsList|{"s":1,"v":[]}|0x293e3f9a
08:04:04.0 (10327762)|HEAP_ALLOCATE|[10]|Bytes:85
08:04:04.0 (10339235)|HEAP_ALLOCATE|[10]|Bytes:4
08:04:04.0 (11318769)|SOQL_EXECUTE_BEGIN|[10]|Aggregations:0|SELECT Id, Name, Employee__r.Name, Project__r.Name, Status__c FROM Employee_Skills__c
08:04:04.0 (23458355)|SOQL_EXECUTE_END|[10]|Rows:17
08:04:04.0 (23485393)|HEAP_ALLOCATE|[EXTERNAL]|Bytes:72
08:04:04.0 (23751116)|HEAP_ALLOCATE|[10]|Bytes:49
08:04:04.0 (23764254)|HEAP_ALLOCATE|[10]|Bytes:8
08:04:04.0 (23782072)|SYSTEM_METHOD_ENTRY|[7]|QueryLocatorIterator.QueryLocatorIterator()
08:04:04.0 (23787393)|STATEMENT_EXECUTE|[7]
08:04:04.0 (23802007)|SYSTEM_METHOD_EXIT|[7]|QueryLocatorIterator
08:04:04.0 (23811364)|HEAP_ALLOCATE|[10]|Bytes:28
08:04:04.0 (23892164)|HEAP_ALLOCATE|[10]|Bytes:72
08:04:04.0 (23918033)|HEAP_ALLOCATE|[10]|Bytes:8
08:04:04.0 (23924327)|HEAP_ALLOCATE|[10]|Bytes:8
08:04:04.0 (23931940)|VARIABLE_SCOPE_BEGIN|[15]|this|Database.QueryLocatorIterator|true|false
08:04:04.0 (23975172)|VARIABLE_ASSIGNMENT|[15]|this|{}|0x72a0566a
08:04:04.0 (23981810)|VARIABLE_SCOPE_BEGIN|[15]|values|List<SObject>|true|false
08:04:04.0 (24006796)|VARIABLE_ASSIGNMENT|[15]|values|{"s":1,"v":"List of size 17 too large to display"}|0x4720d4f5
08:04:04.0 (24014374)|VARIABLE_SCOPE_BEGIN|[15]|ql|Database.QueryLocator|true|false
08:04:04.0 (24040327)|VARIABLE_ASSIGNMENT|[15]|ql|{"query":"SELECT Id, Name, Emp (65 more) ..."}|0x2fcadf62
08:04:04.0 (24046777)|VARIABLE_SCOPE_BEGIN|[15]|totalNumRecords|Integer|false|false
08:04:04.0 (24054560)|VARIABLE_ASSIGNMENT|[15]|totalNumRecords|17
08:04:04.0 (24058126)|VARIABLE_SCOPE_BEGIN|[15]|queryMoreSize|Integer|false|false
08:04:04.0 (24063009)|VARIABLE_ASSIGNMENT|[15]|queryMoreSize|49983
08:04:04.0 (24151556)|HEAP_ALLOCATE|[10]|Bytes:28
08:04:04.0 (24188039)|METHOD_ENTRY|[10]||Database.QueryLocatorIterator.hasNext()
08:04:04.0 (24333909)|METHOD_EXIT|[10]||Database.QueryLocatorIterator.hasNext()
08:04:04.0 (24351741)|METHOD_ENTRY|[10]||Database.QueryLocatorIterator.next()
08:04:04.0 (24505811)|METHOD_EXIT|[10]||Database.QueryLocatorIterator.next()
08:04:04.0 (24521517)|VARIABLE_SCOPE_BEGIN|[10]|c|Employee_Skills__c|true|false
08:04:04.0 (24567273)|VARIABLE_ASSIGNMENT|[10]|c|{"s":1,"v":{"Id":"a0C360000002n2pEAA","Name":"sdfsdfsdf","Employee__c":"a0A36000001yx5YEAQ","Project__c":"a0736000000Ew01AAC","Status__c":"Rejected","Employee__r":{"s":2,"v":{"Name":"dssdfsd","Id":"a0A36000001yx5YEAQ"}},"Project__r":{"s":3,"v":{"Name":"eBank","Id":"a0736000000Ew01AAC"}}}}|0x45b03944
08:04:04.0 (24575718)|STATEMENT_EXECUTE|[12]
08:04:04.0 (24578534)|STATEMENT_EXECUTE|[14]
08:04:04.0 (24634354)|VARIABLE_ASSIGNMENT|[EXTERNAL]|this|{"skillsList":"0x8975c11"}|0x293e3f9a
08:04:04.0 (24773339)|HEAP_ALLOCATE|[14]|Bytes:112
08:04:04.0 (24783723)|HEAP_ALLOCATE|[14]|Bytes:8
08:04:04.0 (24812517)|HEAP_ALLOCATE|[14]|Bytes:12
08:04:04.0 (24852936)|CONSTRUCTOR_ENTRY|[14]|01p360000072SS3|<init>(Employee_Skills__c)
08:04:04.0 (24888174)|VARIABLE_SCOPE_BEGIN|[66]|this|WrapperEmployeeSkills.wEmployee|true|false
08:04:04.0 (24937935)|VARIABLE_ASSIGNMENT|[66]|this|{}|0x152b6f38
08:04:04.0 (24947595)|VARIABLE_SCOPE_BEGIN|[66]|s|Employee_Skills__c|true|false
08:04:04.0 (24979369)|VARIABLE_ASSIGNMENT|[66]|s|{"s":1,"v":{"Id":"a0C360000002n2pEAA","Name":"sdfsdfsdf","Employee__c":"a0A36000001yx5YEAQ","Project__c":"a0736000000Ew01AAC","Status__c":"Rejected","Employee__r":{"s":2,"v":{"Name":"dssdfsd","Id":"a0A36000001yx5YEAQ"}},"Project__r":{"s":3,"v":{"Name":"eBank","Id":"a0736000000Ew01AAC"}}}}|0x45b03944
08:04:04.0 (24988403)|STATEMENT_EXECUTE|[61]
08:04:04.0 (24991162)|STATEMENT_EXECUTE|[62]
08:04:04.0 (24993660)|STATEMENT_EXECUTE|[63]
08:04:04.0 (25016177)|STATEMENT_EXECUTE|[66]
08:04:04.0 (25020946)|STATEMENT_EXECUTE|[67]
08:04:04.0 (25127993)|VARIABLE_ASSIGNMENT|[EXTERNAL]|this|{}|0x152b6f38
08:04:04.0 (25164105)|VARIABLE_ASSIGNMENT|[EXTERNAL]|value|{"s":1,"v":{"Id":"a0C360000002n2pEAA","Name":"sdfsdfsdf","Employee__c":"a0A36000001yx5YEAQ","Project__c":"a0736000000Ew01AAC","Status__c":"Rejected","Employee__r":{"s":2,"v":{"Name":"dssdfsd","Id":"a0A36000001yx5YEAQ"}},"Project__r":{"s":3,"v":{"Name":"eBank","Id":"a0736000000Ew01AAC"}}}}|0x45b03944
08:04:04.0 (25206381)|VARIABLE_ASSIGNMENT|[62]|this.skill|{"s":1,"v":{"Id":"a0C360000002n2pEAA","Name":"sdfsdfsdf","Employee__c":"a0A36000001yx5YEAQ","Project__c":"a0736000000Ew01AAC","Status__c":"Rejected","Employee__r":{"s":2,"v":{"Name":"dssdfsd","Id":"a0A36000001yx5YEAQ"}},"Project__r":{"s":3,"v":{"Name":"eBank","Id":"a0736000000Ew01AAC"}}}}|0x152b6f38
08:04:04.0 (25221946)|STATEMENT_EXECUTE|[68]
08:04:04.0 (25301332)|VARIABLE_ASSIGNMENT|[EXTERNAL]|this|{"skill":"0x45b03944"}|0x152b6f38
08:04:04.0 (25318071)|VARIABLE_ASSIGNMENT|[EXTERNAL]|value|false
08:04:04.0 (25326721)|HEAP_ALLOCATE|[63]|Bytes:5
08:04:04.0 (25340281)|VARIABLE_ASSIGNMENT|[63]|this.selected|false|0x152b6f38
08:04:04.0 (25361819)|CONSTRUCTOR_EXIT|[14]|01p360000072SS3|<init>(Employee_Skills__c)
08:04:04.0 (25386958)|HEAP_ALLOCATE|[EXTERNAL]|Bytes:4
08:04:04.0 (25404733)|METHOD_ENTRY|[10]||Database.QueryLocatorIterator.hasNext()
08:04:04.0 (25452178)|METHOD_EXIT|[10]||Database.QueryLocatorIterator.hasNext()
08:04:04.0 (25463281)|METHOD_ENTRY|[10]||Database.QueryLocatorIterator.next()
08:04:04.0 (25573098)|METHOD_EXIT|[10]||Database.QueryLocatorIterator.next()
08:04:04.0 (25584072)|VARIABLE_SCOPE_BEGIN|[10]|c|Employee_Skills__c|true|false
08:04:04.0 (25620606)|VARIABLE_ASSIGNMENT|[10]|c|{"s":1,"v":{"Id":"a0C360000003sI7EAI","Name":"Test Skill","Employee__c":"a0A36000002STuDEAW","Project__c":"a07360000014vWtAAI","Status__c":"Approved","Employee__r":{"s":2,"v":{"Name":"Jor","Id":"a0A36000002STuDEAW"}},"Project__r":{"s":3,"v":{"Name":"TestProj","Id":"a07360000014vWtAAI"}}}}|0x5940cff9
08:04:04.0 (25628158)|STATEMENT_EXECUTE|[12]
08:04:04.0 (25630875)|STATEMENT_EXECUTE|[14]
08:04:04.0 (25668421)|VARIABLE_ASSIGNMENT|[EXTERNAL]|this|{"skillsList":"0x8975c11"}|0x293e3f9a
08:04:04.0 (25686645)|HEAP_ALLOCATE|[14]|Bytes:12
08:04:04.0 (25700137)|CONSTRUCTOR_ENTRY|[14]|01p360000072SS3|<init>(Employee_Skills__c)
08:04:04.0 (25708316)|VARIABLE_SCOPE_BEGIN|[66]|this|WrapperEmployeeSkills.wEmployee|true|false
08:04:04.0 (25732249)|VARIABLE_ASSIGNMENT|[66]|this|{}|0x3e98923a
08:04:04.0 (25737428)|VARIABLE_SCOPE_BEGIN|[66]|s|Employee_Skills__c|true|false
08:04:04.0 (25767276)|VARIABLE_ASSIGNMENT|[66]|s|{"s":1,"v":{"Id":"a0C360000003sI7EAI","Name":"Test Skill","Employee__c":"a0A36000002STuDEAW","Project__c":"a07360000014vWtAAI","Status__c":"Approved","Employee__r":{"s":2,"v":{"Name":"Jor","Id":"a0A36000002STuDEAW"}},"Project__r":{"s":3,"v":{"Name":"TestProj","Id":"a07360000014vWtAAI"}}}}|0x5940cff9
08:04:04.0 (25775037)|STATEMENT_EXECUTE|[61]
08:04:04.0 (25777492)|STATEMENT_EXECUTE|[62]
08:04:04.0 (25779365)|STATEMENT_EXECUTE|[63]
08:04:04.0 (25797704)|STATEMENT_EXECUTE|[66]
08:04:04.0 (25800677)|STATEMENT_EXECUTE|[67]
08:04:04.0 (25831409)|VARIABLE_ASSIGNMENT|[EXTERNAL]|this|{}|0x3e98923a
08:04:04.0 (25862126)|VARIABLE_ASSIGNMENT|[EXTERNAL]|value|{"s":1,"v":{"Id":"a0C360000003sI7EAI","Name":"Test Skill","Employee__c":"a0A36000002STuDEAW","Project__c":"a07360000014vWtAAI","Status__c":"Approved","Employee__r":{"s":2,"v":{"Name":"Jor","Id":"a0A36000002STuDEAW"}},"Project__r":{"s":3,"v":{"Name":"TestProj","Id":"a07360000014vWtAAI"}}}}|0x5940cff9
08:04:04.0 (25899007)|VARIABLE_ASSIGNMENT|[62]|this.skill|{"s":1,"v":{"Id":"a0C360000003sI7EAI","Name":"Test Skill","Employee__c":"a0A36000002STuDEAW","Project__c":"a07360000014vWtAAI","Status__c":"Approved","Employee__r":{"s":2,"v":{"Name":"Jor","Id":"a0A36000002STuDEAW"}},"Project__r":{"s":3,"v":{"Name":"TestProj","Id":"a07360000014vWtAAI"}}}}|0x3e98923a
08:04:04.0 (25914013)|STATEMENT_EXECUTE|[68]
08:04:04.0 (25949727)|VARIABLE_ASSIGNMENT|[EXTERNAL]|this|{"skill":"0x5940cff9"}|0x3e98923a
08:04:04.0 (25961674)|VARIABLE_ASSIGNMENT|[EXTERNAL]|value|false
08:04:04.0 (25968909)|HEAP_ALLOCATE|[63]|Bytes:5
08:04:04.0 (25982347)|VARIABLE_ASSIGNMENT|[63]|this.selected|false|0x3e98923a
08:04:04.0 (26002103)|CONSTRUCTOR_EXIT|[14]|01p360000072SS3|<init>(Employee_Skills__c)
08:04:04.0 (26019068)|HEAP_ALLOCATE|[EXTERNAL]|Bytes:4
08:04:04.0 (26035853)|METHOD_ENTRY|[10]||Database.QueryLocatorIterator.hasNext()
08:04:04.0 (26073713)|METHOD_EXIT|[10]||Database.QueryLocatorIterator.hasNext()
08:04:04.0 (26085687)|METHOD_ENTRY|[10]||Database.QueryLocatorIterator.next()
08:04:04.0 (26194629)|METHOD_EXIT|[10]||Database.QueryLocatorIterator.next()
08:04:04.0 (26206593)|VARIABLE_SCOPE_BEGIN|[10]|c|Employee_Skills__c|true|false
08:04:04.0 (26242071)|VARIABLE_ASSIGNMENT|[10]|c|{"s":1,"v":{"Id":"a0C360000003I4VEAU","Name":"Design","Employee__c":"a0A36000001zhkPEAQ","Project__c":"a0736000000F4iQAAS","Status__c":"Pending approval","Employee__r":{"s":2,"v":{"Name":"Robert Dobson","Id":"a0A36000001zhkPEAQ"}},"Project__r":{"s":3,"v":{"Name":"dasdasd","Id":"a0736000000F4iQAAS"}}}}|0x6178ad17
08:04:04.0 (26249012)|STATEMENT_EXECUTE|[12]
08:04:04.0 (26251161)|STATEMENT_EXECUTE|[14]
08:04:04.0 (26285733)|VARIABLE_ASSIGNMENT|[EXTERNAL]|this|{"skillsList":"0x8975c11"}|0x293e3f9a
08:04:04.0 (26304497)|HEAP_ALLOCATE|[14]|Bytes:12
08:04:04.0 (26318664)|CONSTRUCTOR_ENTRY|[14]|01p360000072SS3|<init>(Employee_Skills__c)
08:04:04.0 (26326230)|VARIABLE_SCOPE_BEGIN|[66]|this|WrapperEmployeeSkills.wEmployee|true|false
08:04:04.0 (26349777)|VARIABLE_ASSIGNMENT|[66]|this|{}|0x5c33872b
08:04:04.0 (26355223)|VARIABLE_SCOPE_BEGIN|[66]|s|Employee_Skills__c|true|false
08:04:04.0 (26384775)|VARIABLE_ASSIGNMENT|[66]|s|{"s":1,"v":{"Id":"a0C360000003I4VEAU","Name":"Design","Employee__c":"a0A36000001zhkPEAQ","Project__c":"a0736000000F4iQAAS","Status__c":"Pending approval","Employee__r":{"s":2,"v":{"Name":"Robert Dobson","Id":"a0A36000001zhkPEAQ"}},"Project__r":{"s":3,"v":{"Name":"dasdasd","Id":"a0736000000F4iQAAS"}}}}|0x6178ad17
08:04:04.0 (26392749)|STATEMENT_EXECUTE|[61]
08:04:04.0 (26395195)|STATEMENT_EXECUTE|[62]
08:04:04.0 (26397234)|STATEMENT_EXECUTE|[63]
08:04:04.0 (26415922)|STATEMENT_EXECUTE|[66]
08:04:04.0 (26419134)|STATEMENT_EXECUTE|[67]
08:04:04.0 (26454816)|VARIABLE_ASSIGNMENT|[EXTERNAL]|this|{}|0x5c33872b
08:04:04.0 (26486221)|VARIABLE_ASSIGNMENT|[EXTERNAL]|value|{"s":1,"v":{"Id":"a0C360000003I4VEAU","Name":"Design","Employee__c":"a0A36000001zhkPEAQ","Project__c":"a0736000000F4iQAAS","Status__c":"Pending approval","Employee__r":{"s":2,"v":{"Name":"Robert Dobson","Id":"a0A36000001zhkPEAQ"}},"Project__r":{"s":3,"v":{"Name":"dasdasd","Id":"a0736000000F4iQAAS"}}}}|0x6178ad17
08:04:04.0 (26523610)|VARIABLE_ASSIGNMENT|[62]|this.skill|{"s":1,"v":{"Id":"a0C360000003I4VEAU","Name":"Design","Employee__c":"a0A36000001zhkPEAQ","Project__c":"a0736000000F4iQAAS","Status__c":"Pending approval","Employee__r":{"s":2,"v":{"Name":"Robert Dobson","Id":"a0A36000001zhkPEAQ"}},"Project__r":{"s":3,"v":{"Name":"dasdasd","Id":"a0736000000F4iQAAS"}}}}|0x5c33872b
08:04:04.0 (26539080)|STATEMENT_EXECUTE|[68]
08:04:04.0 (26574627)|VARIABLE_ASSIGNMENT|[EXTERNAL]|this|{"skill":"0x6178ad17"}|0x5c33872b
08:04:04.0 (26587224)|VARIABLE_ASSIGNMENT|[EXTERNAL]|value|false
08:04:04.0 (26594864)|HEAP_ALLOCATE|[63]|Bytes:5
08:04:04.0 (26608003)|VARIABLE_ASSIGNMENT|[63]|this.selected|false|0x5c33872b
08:04:04.0 (26627261)|CONSTRUCTOR_EXIT|[14]|01p360000072SS3|<init>(Employee_Skills__c)
08:04:04.0 (26644440)|HEAP_ALLOCATE|[EXTERNAL]|Bytes:4
08:04:04.0 (26661765)|METHOD_ENTRY|[10]||Database.QueryLocatorIterator.hasNext()
08:04:04.0 (26698640)|METHOD_EXIT|[10]||Database.QueryLocatorIterator.hasNext()
08:04:04.0 (26709836)|METHOD_ENTRY|[10]||Database.QueryLocatorIterator.next()
08:04:04.0 (26816360)|METHOD_EXIT|[10]||Database.QueryLocatorIterator.next()
08:04:04.0 (26827353)|VARIABLE_SCOPE_BEGIN|[10]|c|Employee_Skills__c|true|false
08:04:04.0 (26864267)|VARIABLE_ASSIGNMENT|[10]|c|{"s":1,"v":{"Id":"a0C360000003VRsEAM","Name":"Designer","Employee__c":"a0A36000001ygYkEAI","Project__c":"a0736000000Ex6cAAC","Status__c":"Pending approval","Employee__r":{"s":2,"v":{"Name":"Andriy Lokotosh","Id":"a0A36000001ygYkEAI"}},"Project__r":{"s":3,"v":{"Name":"SolutionSoft","Id":"a0736000000Ex6cAAC"}}}}|0x780789af
08:04:04.0 (26872856)|STATEMENT_EXECUTE|[12]
08:04:04.0 (26875150)|STATEMENT_EXECUTE|[14]
08:04:04.0 (26908047)|VARIABLE_ASSIGNMENT|[EXTERNAL]|this|{"skillsList":"0x8975c11"}|0x293e3f9a
08:04:04.0 (26925029)|HEAP_ALLOCATE|[14]|Bytes:12
08:04:04.0 (26938833)|CONSTRUCTOR_ENTRY|[14]|01p360000072SS3|<init>(Employee_Skills__c)
08:04:04.0 (26946038)|VARIABLE_SCOPE_BEGIN|[66]|this|WrapperEmployeeSkills.wEmployee|true|false
08:04:04.0 (26968177)|VARIABLE_ASSIGNMENT|[66]|this|{}|0x3ad2aa2b
08:04:04.0 (26973070)|VARIABLE_SCOPE_BEGIN|[66]|s|Employee_Skills__c|true|false
08:04:04.0 (27000941)|VARIABLE_ASSIGNMENT|[66]|s|{"s":1,"v":{"Id":"a0C360000003VRsEAM","Name":"Designer","Employee__c":"a0A36000001ygYkEAI","Project__c":"a0736000000Ex6cAAC","Status__c":"Pending approval","Employee__r":{"s":2,"v":{"Name":"Andriy Lokotosh","Id":"a0A36000001ygYkEAI"}},"Project__r":{"s":3,"v":{"Name":"SolutionSoft","Id":"a0736000000Ex6cAAC"}}}}|0x780789af
08:04:04.0 (27010673)|STATEMENT_EXECUTE|[61]
08:04:04.0 (27013204)|STATEMENT_EXECUTE|[62]
08:04:04.0 (27015324)|STATEMENT_EXECUTE|[63]
08:04:04.0 (27034380)|STATEMENT_EXECUTE|[66]
08:04:04.0 (27037374)|STATEMENT_EXECUTE|[67]
08:04:04.0 (27066755)|VARIABLE_ASSIGNMENT|[EXTERNAL]|this|{}|0x3ad2aa2b
08:04:04.0 (27098224)|VARIABLE_ASSIGNMENT|[EXTERNAL]|value|{"s":1,"v":{"Id":"a0C360000003VRsEAM","Name":"Designer","Employee__c":"a0A36000001ygYkEAI","Project__c":"a0736000000Ex6cAAC","Status__c":"Pending approval","Employee__r":{"s":2,"v":{"Name":"Andriy Lokotosh","Id":"a0A36000001ygYkEAI"}},"Project__r":{"s":3,"v":{"Name":"SolutionSoft","Id":"a0736000000Ex6cAAC"}}}}|0x780789af
08:04:04.0 (27134771)|VARIABLE_ASSIGNMENT|[62]|this.skill|{"s":1,"v":{"Id":"a0C360000003VRsEAM","Name":"Designer","Employee__c":"a0A36000001ygYkEAI","Project__c":"a0736000000Ex6cAAC","Status__c":"Pending approval","Employee__r":{"s":2,"v":{"Name":"Andriy Lokotosh","Id":"a0A36000001ygYkEAI"}},"Project__r":{"s":3,"v":{"Name":"SolutionSoft","Id":"a0736000000Ex6cAAC"}}}}|0x3ad2aa2b
08:04:04.0 (27150382)|STATEMENT_EXECUTE|[68]
08:04:04.0 (27186499)|VARIABLE_ASSIGNMENT|[EXTERNAL]|this|{"skill":"0x780789af"}|0x3ad2aa2b
08:04:04.0 (27197971)|VARIABLE_ASSIGNMENT|[EXTERNAL]|value|false
08:04:04.0 (27204762)|HEAP_ALLOCATE|[63]|Bytes:5
08:04:04.0 (27216785)|VARIABLE_ASSIGNMENT|[63]|this.selected|false|0x3ad2aa2b
08:04:04.0 (27235427)|CONSTRUCTOR_EXIT|[14]|01p360000072SS3|<init>(Employee_Skills__c)
08:04:04.0 (27252785)|HEAP_ALLOCATE|[EXTERNAL]|Bytes:4
08:04:04.0 (27268694)|METHOD_ENTRY|[10]||Database.QueryLocatorIterator.hasNext()
08:04:04.0 (27307998)|METHOD_EXIT|[10]||Database.QueryLocatorIterator.hasNext()
08:04:04.0 (27318957)|METHOD_ENTRY|[10]||Database.QueryLocatorIterator.next()
08:04:04.0 (27432136)|METHOD_EXIT|[10]||Database.QueryLocatorIterator.next()
08:04:04.0 (27444121)|VARIABLE_SCOPE_BEGIN|[10]|c|Employee_Skills__c|true|false
08:04:04.0 (27478506)|VARIABLE_ASSIGNMENT|[10]|c|{"s":1,"v":{"Id":"a0C360000003I4aEAE","Name":"QA","Employee__c":"a0A36000001zhkPEAQ","Project__c":"a0736000000Ex6cAAC","Status__c":"Pending approval","Employee__r":{"s":2,"v":{"Name":"Robert Dobson","Id":"a0A36000001zhkPEAQ"}},"Project__r":{"s":3,"v":{"Name":"SolutionSoft","Id":"a0736000000Ex6cAAC"}}}}|0x7edc062f
08:04:04.0 (27486537)|STATEMENT_EXECUTE|[12]
08:04:04.0 (27488892)|STATEMENT_EXECUTE|[14]
08:04:04.0 (27533947)|VARIABLE_ASSIGNMENT|[EXTERNAL]|this|{"skillsList":"0x8975c11"}|0x293e3f9a
08:04:04.0 (27551776)|HEAP_ALLOCATE|[14]|Bytes:12
08:04:04.0 (27574549)|CONSTRUCTOR_ENTRY|[14]|01p360000072SS3|<init>(Employee_Skills__c)
08:04:04.0 (27584712)|VARIABLE_SCOPE_BEGIN|[66]|this|WrapperEmployeeSkills.wEmployee|true|false
08:04:04.0 (27611081)|VARIABLE_ASSIGNMENT|[66]|this|{}|0x432334db
08:04:04.0 (27616132)|VARIABLE_SCOPE_BEGIN|[66]|s|Employee_Skills__c|true|false
08:04:04.0 (27646846)|VARIABLE_ASSIGNMENT|[66]|s|{"s":1,"v":{"Id":"a0C360000003I4aEAE","Name":"QA","Employee__c":"a0A36000001zhkPEAQ","Project__c":"a0736000000Ex6cAAC","Status__c":"Pending approval","Employee__r":{"s":2,"v":{"Name":"Robert Dobson","Id":"a0A36000001zhkPEAQ"}},"Project__r":{"s":3,"v":{"Name":"SolutionSoft","Id":"a0736000000Ex6cAAC"}}}}|0x7edc062f
08:04:04.0 (27655130)|STATEMENT_EXECUTE|[61]
08:04:04.0 (27657760)|STATEMENT_EXECUTE|[62]
08:04:04.0 (27659731)|STATEMENT_EXECUTE|[63]
08:04:04.0 (27679197)|STATEMENT_EXECUTE|[66]
08:04:04.0 (27682353)|STATEMENT_EXECUTE|[67]
08:04:04.0 (27711600)|VARIABLE_ASSIGNMENT|[EXTERNAL]|this|{}|0x432334db
08:04:04.0 (27741660)|VARIABLE_ASSIGNMENT|[EXTERNAL]|value|{"s":1,"v":{"Id":"a0C360000003I4aEAE","Name":"QA","Employee__c":"a0A36000001zhkPEAQ","Project__c":"a0736000000Ex6cAAC","Status__c":"Pending approval","Employee__r":{"s":2,"v":{"Name":"Robert Dobson","Id":"a0A36000001zhkPEAQ"}},"Project__r":{"s":3,"v":{"Name":"SolutionSoft","Id":"a0736000000Ex6cAAC"}}}}|0x7edc062f
08:04:04.0 (27778462)|VARIABLE_ASSIGNMENT|[62]|this.skill|{"s":1,"v":{"Id":"a0C360000003I4aEAE","Name":"QA","Employee__c":"a0A36000001zhkPEAQ","Project__c":"a0736000000Ex6cAAC","Status__c":"Pending approval","Employee__r":{"s":2,"v":{"Name":"Robert Dobson","Id":"a0A36000001zhkPEAQ"}},"Project__r":{"s":3,"v":{"Name":"SolutionSoft","Id":"a0736000000Ex6cAAC"}}}}|0x432334db
08:04:04.0 (27794339)|STATEMENT_EXECUTE|[68]
08:04:04.0 (27833653)|VARIABLE_ASSIGNMENT|[EXTERNAL]|this|{"skill":"0x7edc062f"}|0x432334db
08:04:04.0 (27844966)|VARIABLE_ASSIGNMENT|[EXTERNAL]|value|false
08:04:04.0 (27851765)|HEAP_ALLOCATE|[63]|Bytes:5
08:04:04.0 (27864677)|VARIABLE_ASSIGNMENT|[63]|this.selected|false|0x432334db
08:04:04.0 (27883999)|CONSTRUCTOR_EXIT|[14]|01p360000072SS3|<init>(Employee_Skills__c)
08:04:04.0 (27900252)|HEAP_ALLOCATE|[EXTERNAL]|Bytes:4
08:04:04.0 (27915559)|METHOD_ENTRY|[10]||Database.QueryLocatorIterator.hasNext()
08:04:04.0 (27952298)|METHOD_EXIT|[10]||Database.QueryLocatorIterator.hasNext()
08:04:04.0 (27962045)|METHOD_ENTRY|[10]||Database.QueryLocatorIterator.next()
08:04:04.0 (28066932)|METHOD_EXIT|[10]||Database.QueryLocatorIterator.next()
08:04:04.0 (28079970)|VARIABLE_SCOPE_BEGIN|[10]|c|Employee_Skills__c|true|false
08:04:04.0 (28116694)|VARIABLE_ASSIGNMENT|[10]|c|{"s":1,"v":{"Id":"a0C360000003XRiEAM","Name":"Tomato","Employee__c":"a0A36000001ygYkEAI","Project__c":"a0736000000Ew01AAC","Status__c":"Pending approval","Employee__r":{"s":2,"v":{"Name":"Andriy Lokotosh","Id":"a0A36000001ygYkEAI"}},"Project__r":{"s":3,"v":{"Name":"eBank","Id":"a0736000000Ew01AAC"}}}}|0x7a0620b3
08:04:04.0 (28124051)|STATEMENT_EXECUTE|[12]
08:04:04.0 (28126558)|STATEMENT_EXECUTE|[14]
08:04:04.0 (28160380)|VARIABLE_ASSIGNMENT|[EXTERNAL]|this|{"skillsList":"0x8975c11"}|0x293e3f9a
08:04:04.0 (28177062)|HEAP_ALLOCATE|[14]|Bytes:12
08:04:04.0 (28189833)|CONSTRUCTOR_ENTRY|[14]|01p360000072SS3|<init>(Employee_Skills__c)
08:04:04.0 (28196902)|VARIABLE_SCOPE_BEGIN|[66]|this|WrapperEmployeeSkills.wEmployee|true|false
08:04:04.0 (28216953)|VARIABLE_ASSIGNMENT|[66]|this|{}|0x55aa5e2a
08:04:04.0 (28225326)|VARIABLE_SCOPE_BEGIN|[66]|s|Employee_Skills__c|true|false
08:04:04.0 (28252584)|VARIABLE_ASSIGNMENT|[66]|s|{"s":1,"v":{"Id":"a0C360000003XRiEAM","Name":"Tomato","Employee__c":"a0A36000001ygYkEAI","Project__c":"a0736000000Ew01AAC","Status__c":"Pending approval","Employee__r":{"s":2,"v":{"Name":"Andriy Lokotosh","Id":"a0A36000001ygYkEAI"}},"Project__r":{"s":3,"v":{"Name":"eBank","Id":"a0736000000Ew01AAC"}}}}|0x7a0620b3
08:04:04.0 (28259165)|STATEMENT_EXECUTE|[61]
08:04:04.0 (28261183)|STATEMENT_EXECUTE|[62]
08:04:04.0 (28262979)|STATEMENT_EXECUTE|[63]
08:04:04.0 (28282101)|STATEMENT_EXECUTE|[66]
08:04:04.0 (28285323)|STATEMENT_EXECUTE|[67]
08:04:04.0 (28312756)|VARIABLE_ASSIGNMENT|[EXTERNAL]|this|{}|0x55aa5e2a
08:04:04.0 (28360337)|VARIABLE_ASSIGNMENT|[EXTERNAL]|value|{"s":1,"v":{"Id":"a0C360000003XRiEAM","Name":"Tomato","Employee__c":"a0A36000001ygYkEAI","Project__c":"a0736000000Ew01AAC","Status__c":"Pending approval","Employee__r":{"s":2,"v":{"Name":"Andriy Lokotosh","Id":"a0A36000001ygYkEAI"}},"Project__r":{"s":3,"v":{"Name":"eBank","Id":"a0736000000Ew01AAC"}}}}|0x7a0620b3
08:04:04.0 (28391031)|VARIABLE_ASSIGNMENT|[62]|this.skill|{"s":1,"v":{"Id":"a0C360000003XRiEAM","Name":"Tomato","Employee__c":"a0A36000001ygYkEAI","Project__c":"a0736000000Ew01AAC","Status__c":"Pending approval","Employee__r":{"s":2,"v":{"Name":"Andriy Lokotosh","Id":"a0A36000001ygYkEAI"}},"Project__r":{"s":3,"v":{"Name":"eBank","Id":"a0736000000Ew01AAC"}}}}|0x55aa5e2a
08:04:04.0 (28401572)|STATEMENT_EXECUTE|[68]
08:04:04.0 (28423820)|VARIABLE_ASSIGNMENT|[EXTERNAL]|this|{"skill":"0x7a0620b3"}|0x55aa5e2a
08:04:04.0 (28431015)|VARIABLE_ASSIGNMENT|[EXTERNAL]|value|false
08:04:04.0 (28435367)|HEAP_ALLOCATE|[63]|Bytes:5
08:04:04.0 (28442048)|VARIABLE_ASSIGNMENT|[63]|this.selected|false|0x55aa5e2a
08:04:04.0 (28453308)|CONSTRUCTOR_EXIT|[14]|01p360000072SS3|<init>(Employee_Skills__c)
08:04:04.0 (28463167)|HEAP_ALLOCATE|[EXTERNAL]|Bytes:4
08:04:04.0 (28472338)|METHOD_ENTRY|[10]||Database.QueryLocatorIterator.hasNext()
08:04:04.0 (28493431)|METHOD_EXIT|[10]||Database.QueryLocatorIterator.hasNext()
08:04:04.0 (28499033)|METHOD_ENTRY|[10]||Database.QueryLocatorIterator.next()
08:04:04.0 (28577572)|METHOD_EXIT|[10]||Database.QueryLocatorIterator.next()
08:04:04.0 (28584556)|VARIABLE_SCOPE_BEGIN|[10]|c|Employee_Skills__c|true|false
08:04:04.0 (28627954)|VARIABLE_ASSIGNMENT|[10]|c|{"s":1,"v":{"Id":"a0C360000003YCSEA2","Name":"Enpl","Employee__c":"a0A36000001ygYkEAI","Project__c":"a0736000000Ew01AAC","Status__c":"Pending approval","Employee__r":{"s":2,"v":{"Name":"Andriy Lokotosh","Id":"a0A36000001ygYkEAI"}},"Project__r":{"s":3,"v":{"Name":"eBank","Id":"a0736000000Ew01AAC"}}}}|0x4b59c7ce
08:04:04.0 (28635637)|STATEMENT_EXECUTE|[12]
08:04:04.0 (28637954)|STATEMENT_EXECUTE|[14]
08:04:04.0 (28673162)|VARIABLE_ASSIGNMENT|[EXTERNAL]|this|{"skillsList":"0x8975c11"}|0x293e3f9a
08:04:04.0 (28690748)|HEAP_ALLOCATE|[14]|Bytes:12
08:04:04.0 (28701120)|CONSTRUCTOR_ENTRY|[14]|01p360000072SS3|<init>(Employee_Skills__c)
08:04:04.0 (28705916)|VARIABLE_SCOPE_BEGIN|[66]|this|WrapperEmployeeSkills.wEmployee|true|false
08:04:04.0 (28721486)|VARIABLE_ASSIGNMENT|[66]|this|{}|0x1106a792
08:04:04.0 (28724021)|VARIABLE_SCOPE_BEGIN|[66]|s|Employee_Skills__c|true|false
08:04:04.0 (28740699)|VARIABLE_ASSIGNMENT|[66]|s|{"s":1,"v":{"Id":"a0C360000003YCSEA2","Name":"Enpl","Employee__c":"a0A36000001ygYkEAI","Project__c":"a0736000000Ew01AAC","Status__c":"Pending approval","Employee__r":{"s":2,"v":{"Name":"Andriy Lokotosh","Id":"a0A36000001ygYkEAI"}},"Project__r":{"s":3,"v":{"Name":"eBank","Id":"a0736000000Ew01AAC"}}}}|0x4b59c7ce
08:04:04.0 (28745071)|STATEMENT_EXECUTE|[61]
08:04:04.0 (28746391)|STATEMENT_EXECUTE|[62]
08:04:04.0 (28747739)|STATEMENT_EXECUTE|[63]
08:04:04.0 (28758823)|STATEMENT_EXECUTE|[66]
08:04:04.0 (28760501)|STATEMENT_EXECUTE|[67]
08:04:04.0 (28777641)|VARIABLE_ASSIGNMENT|[EXTERNAL]|this|{}|0x1106a792
08:04:04.0 (28793388)|VARIABLE_ASSIGNMENT|[EXTERNAL]|value|{"s":1,"v":{"Id":"a0C360000003YCSEA2","Name":"Enpl","Employee__c":"a0A36000001ygYkEAI","Project__c":"a0736000000Ew01AAC","Status__c":"Pending approval","Employee__r":{"s":2,"v":{"Name":"Andriy Lokotosh","Id":"a0A36000001ygYkEAI"}},"Project__r":{"s":3,"v":{"Name":"eBank","Id":"a0736000000Ew01AAC"}}}}|0x4b59c7ce
08:04:04.0 (28811769)|VARIABLE_ASSIGNMENT|[62]|this.skill|{"s":1,"v":{"Id":"a0C360000003YCSEA2","Name":"Enpl","Employee__c":"a0A36000001ygYkEAI","Project__c":"a0736000000Ew01AAC","Status__c":"Pending approval","Employee__r":{"s":2,"v":{"Name":"Andriy Lokotosh","Id":"a0A36000001ygYkEAI"}},"Project__r":{"s":3,"v":{"Name":"eBank","Id":"a0736000000Ew01AAC"}}}}|0x1106a792
08:04:04.0 (28820185)|STATEMENT_EXECUTE|[68]
08:04:04.0 (28839073)|VARIABLE_ASSIGNMENT|[EXTERNAL]|this|{"skill":"0x4b59c7ce"}|0x1106a792
08:04:04.0 (28845879)|VARIABLE_ASSIGNMENT|[EXTERNAL]|value|false
08:04:04.0 (28849915)|HEAP_ALLOCATE|[63]|Bytes:5
08:04:04.0 (28856497)|VARIABLE_ASSIGNMENT|[63]|this.selected|false|0x1106a792
08:04:04.0 (28867431)|CONSTRUCTOR_EXIT|[14]|01p360000072SS3|<init>(Employee_Skills__c)
08:04:04.0 (28876737)|HEAP_ALLOCATE|[EXTERNAL]|Bytes:4
08:04:04.0 (28885387)|METHOD_ENTRY|[10]||Database.QueryLocatorIterator.hasNext()
08:04:04.0 (28905344)|METHOD_EXIT|[10]||Database.QueryLocatorIterator.hasNext()
08:04:04.0 (28910749)|METHOD_ENTRY|[10]||Database.QueryLocatorIterator.next()
08:04:04.0 (28971303)|METHOD_EXIT|[10]||Database.QueryLocatorIterator.next()
08:04:04.0 (28981209)|VARIABLE_SCOPE_BEGIN|[10]|c|Employee_Skills__c|true|false
08:04:04.0 (29014532)|VARIABLE_ASSIGNMENT|[10]|c|{"s":1,"v":{"Id":"a0C360000003XRnEAM","Name":"potato","Employee__c":"a0A36000001ygYkEAI","Project__c":"a0736000000Ew01AAC","Status__c":"Pending approval","Employee__r":{"s":2,"v":{"Name":"Andriy Lokotosh","Id":"a0A36000001ygYkEAI"}},"Project__r":{"s":3,"v":{"Name":"eBank","Id":"a0736000000Ew01AAC"}}}}|0x5a4e0eb9
08:04:04.0 (29023152)|STATEMENT_EXECUTE|[12]
08:04:04.0 (29025529)|STATEMENT_EXECUTE|[14]
08:04:04.0 (29065583)|VARIABLE_ASSIGNMENT|[EXTERNAL]|this|{"skillsList":"0x8975c11"}|0x293e3f9a
08:04:04.0 (29082151)|HEAP_ALLOCATE|[14]|Bytes:12
08:04:04.0 (29094709)|CONSTRUCTOR_ENTRY|[14]|01p360000072SS3|<init>(Employee_Skills__c)
08:04:04.0 (29103151)|VARIABLE_SCOPE_BEGIN|[66]|this|WrapperEmployeeSkills.wEmployee|true|false
08:04:04.0 (29124825)|VARIABLE_ASSIGNMENT|[66]|this|{}|0x5d1240d4
08:04:04.0 (29129025)|VARIABLE_SCOPE_BEGIN|[66]|s|Employee_Skills__c|true|false
08:04:04.0 (29154753)|VARIABLE_ASSIGNMENT|[66]|s|{"s":1,"v":{"Id":"a0C360000003XRnEAM","Name":"potato","Employee__c":"a0A36000001ygYkEAI","Project__c":"a0736000000Ew01AAC","Status__c":"Pending approval","Employee__r":{"s":2,"v":{"Name":"Andriy Lokotosh","Id":"a0A36000001ygYkEAI"}},"Project__r":{"s":3,"v":{"Name":"eBank","Id":"a0736000000Ew01AAC"}}}}|0x5a4e0eb9
08:04:04.0 (29160998)|STATEMENT_EXECUTE|[61]
08:04:04.0 (29163197)|STATEMENT_EXECUTE|[62]
08:04:04.0 (29165025)|STATEMENT_EXECUTE|[63]
08:04:04.0 (29181359)|STATEMENT_EXECUTE|[66]
08:04:04.0 (29184110)|STATEMENT_EXECUTE|[67]
08:04:04.0 (29210672)|VARIABLE_ASSIGNMENT|[EXTERNAL]|this|{}|0x5d1240d4
08:04:04.0 (29237059)|VARIABLE_ASSIGNMENT|[EXTERNAL]|value|{"s":1,"v":{"Id":"a0C360000003XRnEAM","Name":"potato","Employee__c":"a0A36000001ygYkEAI","Project__c":"a0736000000Ew01AAC","Status__c":"Pending approval","Employee__r":{"s":2,"v":{"Name":"Andriy Lokotosh","Id":"a0A36000001ygYkEAI"}},"Project__r":{"s":3,"v":{"Name":"eBank","Id":"a0736000000Ew01AAC"}}}}|0x5a4e0eb9
08:04:04.0 (29268032)|VARIABLE_ASSIGNMENT|[62]|this.skill|{"s":1,"v":{"Id":"a0C360000003XRnEAM","Name":"potato","Employee__c":"a0A36000001ygYkEAI","Project__c":"a0736000000Ew01AAC","Status__c":"Pending approval","Employee__r":{"s":2,"v":{"Name":"Andriy Lokotosh","Id":"a0A36000001ygYkEAI"}},"Project__r":{"s":3,"v":{"Name":"eBank","Id":"a0736000000Ew01AAC"}}}}|0x5d1240d4
08:04:04.0 (29280700)|STATEMENT_EXECUTE|[68]
08:04:04.0 (29312328)|VARIABLE_ASSIGNMENT|[EXTERNAL]|this|{"skill":"0x5a4e0eb9"}|0x5d1240d4
08:04:04.0 (29323661)|VARIABLE_ASSIGNMENT|[EXTERNAL]|value|false
08:04:04.0 (29330473)|HEAP_ALLOCATE|[63]|Bytes:5
08:04:04.0 (29343924)|VARIABLE_ASSIGNMENT|[63]|this.selected|false|0x5d1240d4
08:04:04.0 (29362933)|CONSTRUCTOR_EXIT|[14]|01p360000072SS3|<init>(Employee_Skills__c)
08:04:04.0 (29374928)|HEAP_ALLOCATE|[EXTERNAL]|Bytes:4
08:04:04.0 (29384294)|METHOD_ENTRY|[10]||Database.QueryLocatorIterator.hasNext()
08:04:04.0 (29405120)|METHOD_EXIT|[10]||Database.QueryLocatorIterator.hasNext()
08:04:04.0 (29410414)|METHOD_ENTRY|[10]||Database.QueryLocatorIterator.next()
08:04:04.0 (29471086)|METHOD_EXIT|[10]||Database.QueryLocatorIterator.next()
08:04:04.0 (29477763)|VARIABLE_SCOPE_BEGIN|[10]|c|Employee_Skills__c|true|false
08:04:04.0 (29499773)|VARIABLE_ASSIGNMENT|[10]|c|{"s":1,"v":{"Id":"a0C360000003XTFEA2","Name":"ef","Employee__c":"a0A36000001ygYkEAI","Project__c":"a0736000000Ew01AAC","Status__c":"Pending approval","Employee__r":{"s":2,"v":{"Name":"Andriy Lokotosh","Id":"a0A36000001ygYkEAI"}},"Project__r":{"s":3,"v":{"Name":"eBank","Id":"a0736000000Ew01AAC"}}}}|0x58f08b0f
08:04:04.0 (29503728)|STATEMENT_EXECUTE|[12]
08:04:04.0 (29509365)|STATEMENT_EXECUTE|[14]
08:04:04.0 (29531221)|VARIABLE_ASSIGNMENT|[EXTERNAL]|this|{"skillsList":"0x8975c11"}|0x293e3f9a
08:04:04.0 (29542084)|HEAP_ALLOCATE|[14]|Bytes:12
08:04:04.0 (29550717)|CONSTRUCTOR_ENTRY|[14]|01p360000072SS3|<init>(Employee_Skills__c)
08:04:04.0 (29555013)|VARIABLE_SCOPE_BEGIN|[66]|this|WrapperEmployeeSkills.wEmployee|true|false
08:04:04.0 (29568144)|VARIABLE_ASSIGNMENT|[66]|this|{}|0x7c6e8db4
08:04:04.0 (29570680)|VARIABLE_SCOPE_BEGIN|[66]|s|Employee_Skills__c|true|false
08:04:04.0 (29586683)|VARIABLE_ASSIGNMENT|[66]|s|{"s":1,"v":{"Id":"a0C360000003XTFEA2","Name":"ef","Employee__c":"a0A36000001ygYkEAI","Project__c":"a0736000000Ew01AAC","Status__c":"Pending approval","Employee__r":{"s":2,"v":{"Name":"Andriy Lokotosh","Id":"a0A36000001ygYkEAI"}},"Project__r":{"s":3,"v":{"Name":"eBank","Id":"a0736000000Ew01AAC"}}}}|0x58f08b0f
08:04:04.0 (29590690)|STATEMENT_EXECUTE|[61]
08:04:04.0 (29591788)|STATEMENT_EXECUTE|[62]
08:04:04.0 (29592946)|STATEMENT_EXECUTE|[63]
08:04:04.0 (29603546)|STATEMENT_EXECUTE|[66]
08:04:04.0 (29605060)|STATEMENT_EXECUTE|[67]
08:04:04.0 (29621479)|VARIABLE_ASSIGNMENT|[EXTERNAL]|this|{}|0x7c6e8db4
08:04:04.0 (29636806)|VARIABLE_ASSIGNMENT|[EXTERNAL]|value|{"s":1,"v":{"Id":"a0C360000003XTFEA2","Name":"ef","Employee__c":"a0A36000001ygYkEAI","Project__c":"a0736000000Ew01AAC","Status__c":"Pending approval","Employee__r":{"s":2,"v":{"Name":"Andriy Lokotosh","Id":"a0A36000001ygYkEAI"}},"Project__r":{"s":3,"v":{"Name":"eBank","Id":"a0736000000Ew01AAC"}}}}|0x58f08b0f
08:04:04.0 (29654560)|VARIABLE_ASSIGNMENT|[62]|this.skill|{"s":1,"v":{"Id":"a0C360000003XTFEA2","Name":"ef","Employee__c":"a0A36000001ygYkEAI","Project__c":"a0736000000Ew01AAC","Status__c":"Pending approval","Employee__r":{"s":2,"v":{"Name":"Andriy Lokotosh","Id":"a0A36000001ygYkEAI"}},"Project__r":{"s":3,"v":{"Name":"eBank","Id":"a0736000000Ew01AAC"}}}}|0x7c6e8db4
08:04:04.0 (29662078)|STATEMENT_EXECUTE|[68]
08:04:04.0 (29680203)|VARIABLE_ASSIGNMENT|[EXTERNAL]|this|{"skill":"0x58f08b0f"}|0x7c6e8db4
08:04:04.0 (29686825)|VARIABLE_ASSIGNMENT|[EXTERNAL]|value|false
08:04:04.0 (29690741)|HEAP_ALLOCATE|[63]|Bytes:5
08:04:04.0 (29697447)|VARIABLE_ASSIGNMENT|[63]|this.selected|false|0x7c6e8db4
08:04:04.0 (29707924)|CONSTRUCTOR_EXIT|[14]|01p360000072SS3|<init>(Employee_Skills__c)
08:04:04.0 (29716892)|HEAP_ALLOCATE|[EXTERNAL]|Bytes:4
08:04:04.0 (29725283)|METHOD_ENTRY|[10]||Database.QueryLocatorIterator.hasNext()
08:04:04.0 (29744326)|METHOD_EXIT|[10]||Database.QueryLocatorIterator.hasNext()
08:04:04.0 (29749419)|METHOD_ENTRY|[10]||Database.QueryLocatorIterator.next()
08:04:04.0 (29806571)|METHOD_EXIT|[10]||Database.QueryLocatorIterator.next()
08:04:04.0 (29812702)|VARIABLE_SCOPE_BEGIN|[10]|c|Employee_Skills__c|true|false
08:04:04.0 (29833904)|VARIABLE_ASSIGNMENT|[10]|c|{"s":1,"v":{"Id":"a0C360000003XTGEA2","Name":"frgt","Employee__c":"a0A36000001ygYkEAI","Project__c":"a0736000000Ew01AAC","Status__c":"Pending approval","Employee__r":{"s":2,"v":{"Name":"Andriy Lokotosh","Id":"a0A36000001ygYkEAI"}},"Project__r":{"s":3,"v":{"Name":"eBank","Id":"a0736000000Ew01AAC"}}}}|0x56ff6f46
08:04:04.0 (29838023)|STATEMENT_EXECUTE|[12]
08:04:04.0 (29839219)|STATEMENT_EXECUTE|[14]
08:04:04.0 (29858474)|VARIABLE_ASSIGNMENT|[EXTERNAL]|this|{"skillsList":"0x8975c11"}|0x293e3f9a
08:04:04.0 (29868862)|HEAP_ALLOCATE|[14]|Bytes:12
08:04:04.0 (29877061)|CONSTRUCTOR_ENTRY|[14]|01p360000072SS3|<init>(Employee_Skills__c)
08:04:04.0 (29881020)|VARIABLE_SCOPE_BEGIN|[66]|this|WrapperEmployeeSkills.wEmployee|true|false
08:04:04.0 (29894110)|VARIABLE_ASSIGNMENT|[66]|this|{}|0x19a491ad
08:04:04.0 (29896487)|VARIABLE_SCOPE_BEGIN|[66]|s|Employee_Skills__c|true|false
08:04:04.0 (29911499)|VARIABLE_ASSIGNMENT|[66]|s|{"s":1,"v":{"Id":"a0C360000003XTGEA2","Name":"frgt","Employee__c":"a0A36000001ygYkEAI","Project__c":"a0736000000Ew01AAC","Status__c":"Pending approval","Employee__r":{"s":2,"v":{"Name":"Andriy Lokotosh","Id":"a0A36000001ygYkEAI"}},"Project__r":{"s":3,"v":{"Name":"eBank","Id":"a0736000000Ew01AAC"}}}}|0x56ff6f46
08:04:04.0 (29915590)|STATEMENT_EXECUTE|[61]
08:04:04.0 (29916844)|STATEMENT_EXECUTE|[62]
08:04:04.0 (29917918)|STATEMENT_EXECUTE|[63]
08:04:04.0 (29928047)|STATEMENT_EXECUTE|[66]
08:04:04.0 (29929630)|STATEMENT_EXECUTE|[67]
08:04:04.0 (29945410)|VARIABLE_ASSIGNMENT|[EXTERNAL]|this|{}|0x19a491ad
08:04:04.0 (29964313)|VARIABLE_ASSIGNMENT|[EXTERNAL]|value|{"s":1,"v":{"Id":"a0C360000003XTGEA2","Name":"frgt","Employee__c":"a0A36000001ygYkEAI","Project__c":"a0736000000Ew01AAC","Status__c":"Pending approval","Employee__r":{"s":2,"v":{"Name":"Andriy Lokotosh","Id":"a0A36000001ygYkEAI"}},"Project__r":{"s":3,"v":{"Name":"eBank","Id":"a0736000000Ew01AAC"}}}}|0x56ff6f46
08:04:04.0 (29982560)|VARIABLE_ASSIGNMENT|[62]|this.skill|{"s":1,"v":{"Id":"a0C360000003XTGEA2","Name":"frgt","Employee__c":"a0A36000001ygYkEAI","Project__c":"a0736000000Ew01AAC","Status__c":"Pending approval","Employee__r":{"s":2,"v":{"Name":"Andriy Lokotosh","Id":"a0A36000001ygYkEAI"}},"Project__r":{"s":3,"v":{"Name":"eBank","Id":"a0736000000Ew01AAC"}}}}|0x19a491ad
08:04:04.0 (29990689)|STATEMENT_EXECUTE|[68]
08:04:04.0 (30009707)|VARIABLE_ASSIGNMENT|[EXTERNAL]|this|{"skill":"0x56ff6f46"}|0x19a491ad
08:04:04.0 (30017451)|VARIABLE_ASSIGNMENT|[EXTERNAL]|value|false
08:04:04.0 (30021349)|HEAP_ALLOCATE|[63]|Bytes:5
08:04:04.0 (30027880)|VARIABLE_ASSIGNMENT|[63]|this.selected|false|0x19a491ad
08:04:04.0 (30038472)|CONSTRUCTOR_EXIT|[14]|01p360000072SS3|<init>(Employee_Skills__c)
08:04:04.0 (30047254)|HEAP_ALLOCATE|[EXTERNAL]|Bytes:4
08:04:04.0 (30055421)|METHOD_ENTRY|[10]||Database.QueryLocatorIterator.hasNext()
08:04:04.0 (30074555)|METHOD_EXIT|[10]||Database.QueryLocatorIterator.hasNext()
08:04:04.0 (30079689)|METHOD_ENTRY|[10]||Database.QueryLocatorIterator.next()
08:04:04.0 (30136470)|METHOD_EXIT|[10]||Database.QueryLocatorIterator.next()
08:04:04.0 (30142992)|VARIABLE_SCOPE_BEGIN|[10]|c|Employee_Skills__c|true|false
08:04:04.0 (30163791)|VARIABLE_ASSIGNMENT|[10]|c|{"s":1,"v":{"Id":"a0C360000003YGkEAM","Name":"Robert","Employee__c":"a0A36000001ygYkEAI","Project__c":"a0736000000Ew01AAC","Status__c":"Pending approval","Employee__r":{"s":2,"v":{"Name":"Andriy Lokotosh","Id":"a0A36000001ygYkEAI"}},"Project__r":{"s":3,"v":{"Name":"eBank","Id":"a0736000000Ew01AAC"}}}}|0x45d0c965
08:04:04.0 (30167819)|STATEMENT_EXECUTE|[12]
08:04:04.0 (30169001)|STATEMENT_EXECUTE|[14]
08:04:04.0 (30188361)|VARIABLE_ASSIGNMENT|[EXTERNAL]|this|{"skillsList":"0x8975c11"}|0x293e3f9a
08:04:04.0 (30204083)|HEAP_ALLOCATE|[14]|Bytes:12
08:04:04.0 (30212546)|CONSTRUCTOR_ENTRY|[14]|01p360000072SS3|<init>(Employee_Skills__c)
08:04:04.0 (30216617)|VARIABLE_SCOPE_BEGIN|[66]|this|WrapperEmployeeSkills.wEmployee|true|false
08:04:04.0 (30230242)|VARIABLE_ASSIGNMENT|[66]|this|{}|0x4d5bff46
08:04:04.0 (30232705)|VARIABLE_SCOPE_BEGIN|[66]|s|Employee_Skills__c|true|false
08:04:04.0 (30247797)|VARIABLE_ASSIGNMENT|[66]|s|{"s":1,"v":{"Id":"a0C360000003YGkEAM","Name":"Robert","Employee__c":"a0A36000001ygYkEAI","Project__c":"a0736000000Ew01AAC","Status__c":"Pending approval","Employee__r":{"s":2,"v":{"Name":"Andriy Lokotosh","Id":"a0A36000001ygYkEAI"}},"Project__r":{"s":3,"v":{"Name":"eBank","Id":"a0736000000Ew01AAC"}}}}|0x45d0c965
08:04:04.0 (30251752)|STATEMENT_EXECUTE|[61]
08:04:04.0 (30252904)|STATEMENT_EXECUTE|[62]
08:04:04.0 (30254015)|STATEMENT_EXECUTE|[63]
08:04:04.0 (30264154)|STATEMENT_EXECUTE|[66]
08:04:04.0 (30265667)|STATEMENT_EXECUTE|[67]
08:04:04.0 (30281513)|VARIABLE_ASSIGNMENT|[EXTERNAL]|this|{}|0x4d5bff46
08:04:04.0 (30296459)|VARIABLE_ASSIGNMENT|[EXTERNAL]|value|{"s":1,"v":{"Id":"a0C360000003YGkEAM","Name":"Robert","Employee__c":"a0A36000001ygYkEAI","Project__c":"a0736000000Ew01AAC","Status__c":"Pending approval","Employee__r":{"s":2,"v":{"Name":"Andriy Lokotosh","Id":"a0A36000001ygYkEAI"}},"Project__r":{"s":3,"v":{"Name":"eBank","Id":"a0736000000Ew01AAC"}}}}|0x45d0c965
08:04:04.0 (30314310)|VARIABLE_ASSIGNMENT|[62]|this.skill|{"s":1,"v":{"Id":"a0C360000003YGkEAM","Name":"Robert","Employee__c":"a0A36000001ygYkEAI","Project__c":"a0736000000Ew01AAC","Status__c":"Pending approval","Employee__r":{"s":2,"v":{"Name":"Andriy Lokotosh","Id":"a0A36000001ygYkEAI"}},"Project__r":{"s":3,"v":{"Name":"eBank","Id":"a0736000000Ew01AAC"}}}}|0x4d5bff46
08:04:04.0 (30321756)|STATEMENT_EXECUTE|[68]
08:04:04.0 (30339599)|VARIABLE_ASSIGNMENT|[EXTERNAL]|this|{"skill":"0x45d0c965"}|0x4d5bff46
08:04:04.0 (30345907)|VARIABLE_ASSIGNMENT|[EXTERNAL]|value|false
08:04:04.0 (30349580)|HEAP_ALLOCATE|[63]|Bytes:5
08:04:04.0 (30355745)|VARIABLE_ASSIGNMENT|[63]|this.selected|false|0x4d5bff46
08:04:04.0 (30366137)|CONSTRUCTOR_EXIT|[14]|01p360000072SS3|<init>(Employee_Skills__c)
08:04:04.0 (30375026)|HEAP_ALLOCATE|[EXTERNAL]|Bytes:4
08:04:04.0 (30383438)|METHOD_ENTRY|[10]||Database.QueryLocatorIterator.hasNext()
08:04:04.0 (30428825)|METHOD_EXIT|[10]||Database.QueryLocatorIterator.hasNext()
08:04:04.0 (30440779)|METHOD_ENTRY|[10]||Database.QueryLocatorIterator.next()
08:04:04.0 (30519635)|METHOD_EXIT|[10]||Database.QueryLocatorIterator.next()
08:04:04.0 (30526506)|VARIABLE_SCOPE_BEGIN|[10]|c|Employee_Skills__c|true|false
08:04:04.0 (30548689)|VARIABLE_ASSIGNMENT|[10]|c|{"s":1,"v":{"Id":"a0C360000003XRTEA2","Name":"logo","Employee__c":"a0A36000001ygYkEAI","Project__c":"a0736000000Ew01AAC","Status__c":"Pending approval","Employee__r":{"s":2,"v":{"Name":"Andriy Lokotosh","Id":"a0A36000001ygYkEAI"}},"Project__r":{"s":3,"v":{"Name":"eBank","Id":"a0736000000Ew01AAC"}}}}|0x60732cf4
08:04:04.0 (30552476)|STATEMENT_EXECUTE|[12]
08:04:04.0 (30553704)|STATEMENT_EXECUTE|[14]
08:04:04.0 (30573662)|VARIABLE_ASSIGNMENT|[EXTERNAL]|this|{"skillsList":"0x8975c11"}|0x293e3f9a
08:04:04.0 (30584268)|HEAP_ALLOCATE|[14]|Bytes:12
08:04:04.0 (30592480)|CONSTRUCTOR_ENTRY|[14]|01p360000072SS3|<init>(Employee_Skills__c)
08:04:04.0 (30596622)|VARIABLE_SCOPE_BEGIN|[66]|this|WrapperEmployeeSkills.wEmployee|true|false
08:04:04.0 (30609703)|VARIABLE_ASSIGNMENT|[66]|this|{}|0x5d67e0ae
08:04:04.0 (30612151)|VARIABLE_SCOPE_BEGIN|[66]|s|Employee_Skills__c|true|false
08:04:04.0 (30627193)|VARIABLE_ASSIGNMENT|[66]|s|{"s":1,"v":{"Id":"a0C360000003XRTEA2","Name":"logo","Employee__c":"a0A36000001ygYkEAI","Project__c":"a0736000000Ew01AAC","Status__c":"Pending approval","Employee__r":{"s":2,"v":{"Name":"Andriy Lokotosh","Id":"a0A36000001ygYkEAI"}},"Project__r":{"s":3,"v":{"Name":"eBank","Id":"a0736000000Ew01AAC"}}}}|0x60732cf4
08:04:04.0 (30631642)|STATEMENT_EXECUTE|[61]
08:04:04.0 (30633092)|STATEMENT_EXECUTE|[62]
08:04:04.0 (30634194)|STATEMENT_EXECUTE|[63]
08:04:04.0 (30644448)|STATEMENT_EXECUTE|[66]
08:04:04.0 (30645914)|STATEMENT_EXECUTE|[67]
08:04:04.0 (30661544)|VARIABLE_ASSIGNMENT|[EXTERNAL]|this|{}|0x5d67e0ae
08:04:04.0 (30676824)|VARIABLE_ASSIGNMENT|[EXTERNAL]|value|{"s":1,"v":{"Id":"a0C360000003XRTEA2","Name":"logo","Employee__c":"a0A36000001ygYkEAI","Project__c":"a0736000000Ew01AAC","Status__c":"Pending approval","Employee__r":{"s":2,"v":{"Name":"Andriy Lokotosh","Id":"a0A36000001ygYkEAI"}},"Project__r":{"s":3,"v":{"Name":"eBank","Id":"a0736000000Ew01AAC"}}}}|0x60732cf4
08:04:04.0 (30694249)|VARIABLE_ASSIGNMENT|[62]|this.skill|{"s":1,"v":{"Id":"a0C360000003XRTEA2","Name":"logo","Employee__c":"a0A36000001ygYkEAI","Project__c":"a0736000000Ew01AAC","Status__c":"Pending approval","Employee__r":{"s":2,"v":{"Name":"Andriy Lokotosh","Id":"a0A36000001ygYkEAI"}},"Project__r":{"s":3,"v":{"Name":"eBank","Id":"a0736000000Ew01AAC"}}}}|0x5d67e0ae
08:04:04.0 (30701958)|STATEMENT_EXECUTE|[68]
08:04:04.0 (30719711)|VARIABLE_ASSIGNMENT|[EXTERNAL]|this|{"skill":"0x60732cf4"}|0x5d67e0ae
08:04:04.0 (30726240)|VARIABLE_ASSIGNMENT|[EXTERNAL]|value|false
08:04:04.0 (30729955)|HEAP_ALLOCATE|[63]|Bytes:5
08:04:04.0 (30736187)|VARIABLE_ASSIGNMENT|[63]|this.selected|false|0x5d67e0ae
08:04:04.0 (30746211)|CONSTRUCTOR_EXIT|[14]|01p360000072SS3|<init>(Employee_Skills__c)
08:04:04.0 (30754972)|HEAP_ALLOCATE|[EXTERNAL]|Bytes:4
08:04:04.0 (30763279)|METHOD_ENTRY|[10]||Database.QueryLocatorIterator.hasNext()
08:04:04.0 (30807087)|METHOD_EXIT|[10]||Database.QueryLocatorIterator.hasNext()
08:04:04.0 (30817724)|METHOD_ENTRY|[10]||Database.QueryLocatorIterator.next()
08:04:04.0 (30895190)|METHOD_EXIT|[10]||Database.QueryLocatorIterator.next()
08:04:04.0 (30902089)|VARIABLE_SCOPE_BEGIN|[10]|c|Employee_Skills__c|true|false
08:04:04.0 (30925151)|VARIABLE_ASSIGNMENT|[10]|c|{"s":1,"v":{"Id":"a0C360000003sIHEAY","Name":"Test Skill","Employee__c":"a0A36000002STuIEAW","Project__c":"a07360000014vWyAAI","Status__c":"Approved","Employee__r":{"s":2,"v":{"Name":"Jor","Id":"a0A36000002STuIEAW"}},"Project__r":{"s":3,"v":{"Name":"TestProj","Id":"a07360000014vWyAAI"}}}}|0x1ebf8186
08:04:04.0 (30929144)|STATEMENT_EXECUTE|[12]
08:04:04.0 (30930481)|STATEMENT_EXECUTE|[14]
08:04:04.0 (30950689)|VARIABLE_ASSIGNMENT|[EXTERNAL]|this|{"skillsList":"0x8975c11"}|0x293e3f9a
08:04:04.0 (30961172)|HEAP_ALLOCATE|[14]|Bytes:12
08:04:04.0 (30969404)|CONSTRUCTOR_ENTRY|[14]|01p360000072SS3|<init>(Employee_Skills__c)
08:04:04.0 (30973472)|VARIABLE_SCOPE_BEGIN|[66]|this|WrapperEmployeeSkills.wEmployee|true|false
08:04:04.0 (30986567)|VARIABLE_ASSIGNMENT|[66]|this|{}|0x176199b3
08:04:04.0 (30988900)|VARIABLE_SCOPE_BEGIN|[66]|s|Employee_Skills__c|true|false
08:04:04.0 (31004334)|VARIABLE_ASSIGNMENT|[66]|s|{"s":1,"v":{"Id":"a0C360000003sIHEAY","Name":"Test Skill","Employee__c":"a0A36000002STuIEAW","Project__c":"a07360000014vWyAAI","Status__c":"Approved","Employee__r":{"s":2,"v":{"Name":"Jor","Id":"a0A36000002STuIEAW"}},"Project__r":{"s":3,"v":{"Name":"TestProj","Id":"a07360000014vWyAAI"}}}}|0x1ebf8186
08:04:04.0 (31009433)|STATEMENT_EXECUTE|[61]
08:04:04.0 (31010594)|STATEMENT_EXECUTE|[62]
08:04:04.0 (31011873)|STATEMENT_EXECUTE|[63]
08:04:04.0 (31022285)|STATEMENT_EXECUTE|[66]
08:04:04.0 (31023805)|STATEMENT_EXECUTE|[67]
08:04:04.0 (31039938)|VARIABLE_ASSIGNMENT|[EXTERNAL]|this|{}|0x176199b3
08:04:04.0 (31056222)|VARIABLE_ASSIGNMENT|[EXTERNAL]|value|{"s":1,"v":{"Id":"a0C360000003sIHEAY","Name":"Test Skill","Employee__c":"a0A36000002STuIEAW","Project__c":"a07360000014vWyAAI","Status__c":"Approved","Employee__r":{"s":2,"v":{"Name":"Jor","Id":"a0A36000002STuIEAW"}},"Project__r":{"s":3,"v":{"Name":"TestProj","Id":"a07360000014vWyAAI"}}}}|0x1ebf8186
08:04:04.0 (31073305)|VARIABLE_ASSIGNMENT|[62]|this.skill|{"s":1,"v":{"Id":"a0C360000003sIHEAY","Name":"Test Skill","Employee__c":"a0A36000002STuIEAW","Project__c":"a07360000014vWyAAI","Status__c":"Approved","Employee__r":{"s":2,"v":{"Name":"Jor","Id":"a0A36000002STuIEAW"}},"Project__r":{"s":3,"v":{"Name":"TestProj","Id":"a07360000014vWyAAI"}}}}|0x176199b3
08:04:04.0 (31080847)|STATEMENT_EXECUTE|[68]
08:04:04.0 (31098909)|VARIABLE_ASSIGNMENT|[EXTERNAL]|this|{"skill":"0x1ebf8186"}|0x176199b3
08:04:04.0 (31105543)|VARIABLE_ASSIGNMENT|[EXTERNAL]|value|false
08:04:04.0 (31109166)|HEAP_ALLOCATE|[63]|Bytes:5
08:04:04.0 (31115449)|VARIABLE_ASSIGNMENT|[63]|this.selected|false|0x176199b3
08:04:04.0 (31125684)|CONSTRUCTOR_EXIT|[14]|01p360000072SS3|<init>(Employee_Skills__c)
08:04:04.0 (31134560)|HEAP_ALLOCATE|[EXTERNAL]|Bytes:4
08:04:04.0 (31142725)|METHOD_ENTRY|[10]||Database.QueryLocatorIterator.hasNext()
08:04:04.0 (31161898)|METHOD_EXIT|[10]||Database.QueryLocatorIterator.hasNext()
08:04:04.0 (31166947)|METHOD_ENTRY|[10]||Database.QueryLocatorIterator.next()
08:04:04.0 (31224058)|METHOD_EXIT|[10]||Database.QueryLocatorIterator.next()
08:04:04.0 (31230150)|VARIABLE_SCOPE_BEGIN|[10]|c|Employee_Skills__c|true|false
08:04:04.0 (31251144)|VARIABLE_ASSIGNMENT|[10]|c|{"s":1,"v":{"Id":"a0C36000000ipqeEAA","Name":"Koloboc","Employee__c":"a0A36000001ygYkEAI","Project__c":"a0736000000Ew01AAC","Status__c":"Approved","Employee__r":{"s":2,"v":{"Name":"Andriy Lokotosh","Id":"a0A36000001ygYkEAI"}},"Project__r":{"s":3,"v":{"Name":"eBank","Id":"a0736000000Ew01AAC"}}}}|0x75b08968
08:04:04.0 (31254907)|STATEMENT_EXECUTE|[12]
08:04:04.0 (31256079)|STATEMENT_EXECUTE|[14]
08:04:04.0 (31275267)|VARIABLE_ASSIGNMENT|[EXTERNAL]|this|{"skillsList":"0x8975c11"}|0x293e3f9a
08:04:04.0 (31285416)|HEAP_ALLOCATE|[14]|Bytes:12
08:04:04.0 (31293351)|CONSTRUCTOR_ENTRY|[14]|01p360000072SS3|<init>(Employee_Skills__c)
08:04:04.0 (31297301)|VARIABLE_SCOPE_BEGIN|[66]|this|WrapperEmployeeSkills.wEmployee|true|false
08:04:04.0 (31310580)|VARIABLE_ASSIGNMENT|[66]|this|{}|0x1eb1c13a
08:04:04.0 (31313046)|VARIABLE_SCOPE_BEGIN|[66]|s|Employee_Skills__c|true|false
08:04:04.0 (31328248)|VARIABLE_ASSIGNMENT|[66]|s|{"s":1,"v":{"Id":"a0C36000000ipqeEAA","Name":"Koloboc","Employee__c":"a0A36000001ygYkEAI","Project__c":"a0736000000Ew01AAC","Status__c":"Approved","Employee__r":{"s":2,"v":{"Name":"Andriy Lokotosh","Id":"a0A36000001ygYkEAI"}},"Project__r":{"s":3,"v":{"Name":"eBank","Id":"a0736000000Ew01AAC"}}}}|0x75b08968
08:04:04.0 (31332207)|STATEMENT_EXECUTE|[61]
08:04:04.0 (31333404)|STATEMENT_EXECUTE|[62]
08:04:04.0 (31334467)|STATEMENT_EXECUTE|[63]
08:04:04.0 (31344649)|STATEMENT_EXECUTE|[66]
08:04:04.0 (31346142)|STATEMENT_EXECUTE|[67]
08:04:04.0 (31361862)|VARIABLE_ASSIGNMENT|[EXTERNAL]|this|{}|0x1eb1c13a
08:04:04.0 (31377025)|VARIABLE_ASSIGNMENT|[EXTERNAL]|value|{"s":1,"v":{"Id":"a0C36000000ipqeEAA","Name":"Koloboc","Employee__c":"a0A36000001ygYkEAI","Project__c":"a0736000000Ew01AAC","Status__c":"Approved","Employee__r":{"s":2,"v":{"Name":"Andriy Lokotosh","Id":"a0A36000001ygYkEAI"}},"Project__r":{"s":3,"v":{"Name":"eBank","Id":"a0736000000Ew01AAC"}}}}|0x75b08968
08:04:04.0 (31394835)|VARIABLE_ASSIGNMENT|[62]|this.skill|{"s":1,"v":{"Id":"a0C36000000ipqeEAA","Name":"Koloboc","Employee__c":"a0A36000001ygYkEAI","Project__c":"a0736000000Ew01AAC","Status__c":"Approved","Employee__r":{"s":2,"v":{"Name":"Andriy Lokotosh","Id":"a0A36000001ygYkEAI"}},"Project__r":{"s":3,"v":{"Name":"eBank","Id":"a0736000000Ew01AAC"}}}}|0x1eb1c13a
08:04:04.0 (31402373)|STATEMENT_EXECUTE|[68]
08:04:04.0 (31420390)|VARIABLE_ASSIGNMENT|[EXTERNAL]|this|{"skill":"0x75b08968"}|0x1eb1c13a
08:04:04.0 (31426822)|VARIABLE_ASSIGNMENT|[EXTERNAL]|value|false
08:04:04.0 (31430617)|HEAP_ALLOCATE|[63]|Bytes:5
08:04:04.0 (31436623)|VARIABLE_ASSIGNMENT|[63]|this.selected|false|0x1eb1c13a
08:04:04.0 (31447368)|CONSTRUCTOR_EXIT|[14]|01p360000072SS3|<init>(Employee_Skills__c)
08:04:04.0 (31461208)|HEAP_ALLOCATE|[EXTERNAL]|Bytes:4
08:04:04.0 (31476509)|METHOD_ENTRY|[10]||Database.QueryLocatorIterator.hasNext()
08:04:04.0 (31510076)|METHOD_EXIT|[10]||Database.QueryLocatorIterator.hasNext()
08:04:04.0 (31516627)|METHOD_ENTRY|[10]||Database.QueryLocatorIterator.next()
08:04:04.0 (31576946)|METHOD_EXIT|[10]||Database.QueryLocatorIterator.next()
08:04:04.0 (31583227)|VARIABLE_SCOPE_BEGIN|[10]|c|Employee_Skills__c|true|false
08:04:04.0 (31604595)|VARIABLE_ASSIGNMENT|[10]|c|{"s":1,"v":{"Id":"a0C36000000iqFYEAY","Name":"fsdfsd","Employee__c":"a0A36000001ygYkEAI","Project__c":"a0736000000Ew01AAC","Status__c":"Waiting for Submit","Employee__r":{"s":2,"v":{"Name":"Andriy Lokotosh","Id":"a0A36000001ygYkEAI"}},"Project__r":{"s":3,"v":{"Name":"eBank","Id":"a0736000000Ew01AAC"}}}}|0x6007f730
08:04:04.0 (31608705)|STATEMENT_EXECUTE|[12]
08:04:04.0 (31609972)|STATEMENT_EXECUTE|[14]
08:04:04.0 (31629580)|VARIABLE_ASSIGNMENT|[EXTERNAL]|this|{"skillsList":"0x8975c11"}|0x293e3f9a
08:04:04.0 (31639871)|HEAP_ALLOCATE|[14]|Bytes:12
08:04:04.0 (31647960)|CONSTRUCTOR_ENTRY|[14]|01p360000072SS3|<init>(Employee_Skills__c)
08:04:04.0 (31652181)|VARIABLE_SCOPE_BEGIN|[66]|this|WrapperEmployeeSkills.wEmployee|true|false
08:04:04.0 (31664855)|VARIABLE_ASSIGNMENT|[66]|this|{}|0x7b304682
08:04:04.0 (31667157)|VARIABLE_SCOPE_BEGIN|[66]|s|Employee_Skills__c|true|false
08:04:04.0 (31682827)|VARIABLE_ASSIGNMENT|[66]|s|{"s":1,"v":{"Id":"a0C36000000iqFYEAY","Name":"fsdfsd","Employee__c":"a0A36000001ygYkEAI","Project__c":"a0736000000Ew01AAC","Status__c":"Waiting for Submit","Employee__r":{"s":2,"v":{"Name":"Andriy Lokotosh","Id":"a0A36000001ygYkEAI"}},"Project__r":{"s":3,"v":{"Name":"eBank","Id":"a0736000000Ew01AAC"}}}}|0x6007f730
08:04:04.0 (31687111)|STATEMENT_EXECUTE|[61]
08:04:04.0 (31688349)|STATEMENT_EXECUTE|[62]
08:04:04.0 (31689396)|STATEMENT_EXECUTE|[63]
08:04:04.0 (31699619)|STATEMENT_EXECUTE|[66]
08:04:04.0 (31701116)|STATEMENT_EXECUTE|[67]
08:04:04.0 (31716862)|VARIABLE_ASSIGNMENT|[EXTERNAL]|this|{}|0x7b304682
08:04:04.0 (31732147)|VARIABLE_ASSIGNMENT|[EXTERNAL]|value|{"s":1,"v":{"Id":"a0C36000000iqFYEAY","Name":"fsdfsd","Employee__c":"a0A36000001ygYkEAI","Project__c":"a0736000000Ew01AAC","Status__c":"Waiting for Submit","Employee__r":{"s":2,"v":{"Name":"Andriy Lokotosh","Id":"a0A36000001ygYkEAI"}},"Project__r":{"s":3,"v":{"Name":"eBank","Id":"a0736000000Ew01AAC"}}}}|0x6007f730
08:04:04.0 (31749455)|VARIABLE_ASSIGNMENT|[62]|this.skill|{"s":1,"v":{"Id":"a0C36000000iqFYEAY","Name":"fsdfsd","Employee__c":"a0A36000001ygYkEAI","Project__c":"a0736000000Ew01AAC","Status__c":"Waiting for Submit","Employee__r":{"s":2,"v":{"Name":"Andriy Lokotosh","Id":"a0A36000001ygYkEAI"}},"Project__r":{"s":3,"v":{"Name":"eBank","Id":"a0736000000Ew01AAC"}}}}|0x7b304682
08:04:04.0 (31757359)|STATEMENT_EXECUTE|[68]
08:04:04.0 (31775463)|VARIABLE_ASSIGNMENT|[EXTERNAL]|this|{"skill":"0x6007f730"}|0x7b304682
08:04:04.0 (31781883)|VARIABLE_ASSIGNMENT|[EXTERNAL]|value|false
08:04:04.0 (31785552)|HEAP_ALLOCATE|[63]|Bytes:5
08:04:04.0 (31791667)|VARIABLE_ASSIGNMENT|[63]|this.selected|false|0x7b304682
08:04:04.0 (31801994)|CONSTRUCTOR_EXIT|[14]|01p360000072SS3|<init>(Employee_Skills__c)
08:04:04.0 (31810894)|HEAP_ALLOCATE|[EXTERNAL]|Bytes:4
08:04:04.0 (31818978)|METHOD_ENTRY|[10]||Database.QueryLocatorIterator.hasNext()
08:04:04.0 (31838045)|METHOD_EXIT|[10]||Database.QueryLocatorIterator.hasNext()
08:04:04.0 (31843075)|METHOD_ENTRY|[10]||Database.QueryLocatorIterator.next()
08:04:04.0 (31899117)|METHOD_EXIT|[10]||Database.QueryLocatorIterator.next()
08:04:04.0 (31905005)|VARIABLE_SCOPE_BEGIN|[10]|c|Employee_Skills__c|true|false
08:04:04.0 (31926480)|VARIABLE_ASSIGNMENT|[10]|c|{"s":1,"v":{"Id":"a0C36000000iqcXEAQ","Name":"www","Employee__c":"a0A36000002VEpNEAW","Project__c":"a0736000000Ex6cAAC","Status__c":"Pending approval","Employee__r":{"s":2,"v":{"Name":"Lololoshka","Id":"a0A36000002VEpNEAW"}},"Project__r":{"s":3,"v":{"Name":"SolutionSoft","Id":"a0736000000Ex6cAAC"}}}}|0xaba7b45
08:04:04.0 (31930485)|STATEMENT_EXECUTE|[12]
08:04:04.0 (31931808)|STATEMENT_EXECUTE|[14]
08:04:04.0 (31950682)|VARIABLE_ASSIGNMENT|[EXTERNAL]|this|{"skillsList":"0x8975c11"}|0x293e3f9a
08:04:04.0 (31960841)|HEAP_ALLOCATE|[14]|Bytes:12
08:04:04.0 (31968762)|CONSTRUCTOR_ENTRY|[14]|01p360000072SS3|<init>(Employee_Skills__c)
08:04:04.0 (31973023)|VARIABLE_SCOPE_BEGIN|[66]|this|WrapperEmployeeSkills.wEmployee|true|false
08:04:04.0 (31985556)|VARIABLE_ASSIGNMENT|[66]|this|{}|0x4573193c
08:04:04.0 (31987903)|VARIABLE_SCOPE_BEGIN|[66]|s|Employee_Skills__c|true|false
08:04:04.0 (32002882)|VARIABLE_ASSIGNMENT|[66]|s|{"s":1,"v":{"Id":"a0C36000000iqcXEAQ","Name":"www","Employee__c":"a0A36000002VEpNEAW","Project__c":"a0736000000Ex6cAAC","Status__c":"Pending approval","Employee__r":{"s":2,"v":{"Name":"Lololoshka","Id":"a0A36000002VEpNEAW"}},"Project__r":{"s":3,"v":{"Name":"SolutionSoft","Id":"a0736000000Ex6cAAC"}}}}|0xaba7b45
08:04:04.0 (32007905)|STATEMENT_EXECUTE|[61]
08:04:04.0 (32009190)|STATEMENT_EXECUTE|[62]
08:04:04.0 (32010270)|STATEMENT_EXECUTE|[63]
08:04:04.0 (32020661)|STATEMENT_EXECUTE|[66]
08:04:04.0 (32022499)|STATEMENT_EXECUTE|[67]
08:04:04.0 (32039026)|VARIABLE_ASSIGNMENT|[EXTERNAL]|this|{}|0x4573193c
08:04:04.0 (32055239)|VARIABLE_ASSIGNMENT|[EXTERNAL]|value|{"s":1,"v":{"Id":"a0C36000000iqcXEAQ","Name":"www","Employee__c":"a0A36000002VEpNEAW","Project__c":"a0736000000Ex6cAAC","Status__c":"Pending approval","Employee__r":{"s":2,"v":{"Name":"Lololoshka","Id":"a0A36000002VEpNEAW"}},"Project__r":{"s":3,"v":{"Name":"SolutionSoft","Id":"a0736000000Ex6cAAC"}}}}|0xaba7b45
08:04:04.0 (32072595)|VARIABLE_ASSIGNMENT|[62]|this.skill|{"s":1,"v":{"Id":"a0C36000000iqcXEAQ","Name":"www","Employee__c":"a0A36000002VEpNEAW","Project__c":"a0736000000Ex6cAAC","Status__c":"Pending approval","Employee__r":{"s":2,"v":{"Name":"Lololoshka","Id":"a0A36000002VEpNEAW"}},"Project__r":{"s":3,"v":{"Name":"SolutionSoft","Id":"a0736000000Ex6cAAC"}}}}|0x4573193c
08:04:04.0 (32080112)|STATEMENT_EXECUTE|[68]
08:04:04.0 (32097707)|VARIABLE_ASSIGNMENT|[EXTERNAL]|this|{"skill":"0xaba7b45"}|0x4573193c
08:04:04.0 (32104163)|VARIABLE_ASSIGNMENT|[EXTERNAL]|value|false
08:04:04.0 (32108082)|HEAP_ALLOCATE|[63]|Bytes:5
08:04:04.0 (32114193)|VARIABLE_ASSIGNMENT|[63]|this.selected|false|0x4573193c
08:04:04.0 (32124336)|CONSTRUCTOR_EXIT|[14]|01p360000072SS3|<init>(Employee_Skills__c)
08:04:04.0 (32133065)|HEAP_ALLOCATE|[EXTERNAL]|Bytes:4
08:04:04.0 (32141324)|METHOD_ENTRY|[10]||Database.QueryLocatorIterator.hasNext()
08:04:04.0 (32160189)|METHOD_EXIT|[10]||Database.QueryLocatorIterator.hasNext()
08:04:04.0 (32165187)|METHOD_ENTRY|[10]||Database.QueryLocatorIterator.next()
08:04:04.0 (32220964)|METHOD_EXIT|[10]||Database.QueryLocatorIterator.next()
08:04:04.0 (32227114)|VARIABLE_SCOPE_BEGIN|[10]|c|Employee_Skills__c|true|false
08:04:04.0 (32247985)|VARIABLE_ASSIGNMENT|[10]|c|{"s":1,"v":{"Id":"a0C36000000iqCUEAY","Name":"Tools","Employee__c":"a0A36000001ygYkEAI","Project__c":"a0736000000Ew01AAC","Status__c":"Pending approval","Employee__r":{"s":2,"v":{"Name":"Andriy Lokotosh","Id":"a0A36000001ygYkEAI"}},"Project__r":{"s":3,"v":{"Name":"eBank","Id":"a0736000000Ew01AAC"}}}}|0x3c8e5346
08:04:04.0 (32251937)|STATEMENT_EXECUTE|[12]
08:04:04.0 (32253251)|STATEMENT_EXECUTE|[14]
08:04:04.0 (32272067)|VARIABLE_ASSIGNMENT|[EXTERNAL]|this|{"skillsList":"0x8975c11"}|0x293e3f9a
08:04:04.0 (32282122)|HEAP_ALLOCATE|[14]|Bytes:12
08:04:04.0 (32290044)|CONSTRUCTOR_ENTRY|[14]|01p360000072SS3|<init>(Employee_Skills__c)
08:04:04.0 (32294161)|VARIABLE_SCOPE_BEGIN|[66]|this|WrapperEmployeeSkills.wEmployee|true|false
08:04:04.0 (32306885)|VARIABLE_ASSIGNMENT|[66]|this|{}|0x653767c1
08:04:04.0 (32309552)|VARIABLE_SCOPE_BEGIN|[66]|s|Employee_Skills__c|true|false
08:04:04.0 (32324558)|VARIABLE_ASSIGNMENT|[66]|s|{"s":1,"v":{"Id":"a0C36000000iqCUEAY","Name":"Tools","Employee__c":"a0A36000001ygYkEAI","Project__c":"a0736000000Ew01AAC","Status__c":"Pending approval","Employee__r":{"s":2,"v":{"Name":"Andriy Lokotosh","Id":"a0A36000001ygYkEAI"}},"Project__r":{"s":3,"v":{"Name":"eBank","Id":"a0736000000Ew01AAC"}}}}|0x3c8e5346
08:04:04.0 (32328555)|STATEMENT_EXECUTE|[61]
08:04:04.0 (32329733)|STATEMENT_EXECUTE|[62]
08:04:04.0 (32330793)|STATEMENT_EXECUTE|[63]
08:04:04.0 (32340846)|STATEMENT_EXECUTE|[66]
08:04:04.0 (32342293)|STATEMENT_EXECUTE|[67]
08:04:04.0 (32358007)|VARIABLE_ASSIGNMENT|[EXTERNAL]|this|{}|0x653767c1
08:04:04.0 (32373181)|VARIABLE_ASSIGNMENT|[EXTERNAL]|value|{"s":1,"v":{"Id":"a0C36000000iqCUEAY","Name":"Tools","Employee__c":"a0A36000001ygYkEAI","Project__c":"a0736000000Ew01AAC","Status__c":"Pending approval","Employee__r":{"s":2,"v":{"Name":"Andriy Lokotosh","Id":"a0A36000001ygYkEAI"}},"Project__r":{"s":3,"v":{"Name":"eBank","Id":"a0736000000Ew01AAC"}}}}|0x3c8e5346
08:04:04.0 (32391175)|VARIABLE_ASSIGNMENT|[62]|this.skill|{"s":1,"v":{"Id":"a0C36000000iqCUEAY","Name":"Tools","Employee__c":"a0A36000001ygYkEAI","Project__c":"a0736000000Ew01AAC","Status__c":"Pending approval","Employee__r":{"s":2,"v":{"Name":"Andriy Lokotosh","Id":"a0A36000001ygYkEAI"}},"Project__r":{"s":3,"v":{"Name":"eBank","Id":"a0736000000Ew01AAC"}}}}|0x653767c1
08:04:04.0 (32398578)|STATEMENT_EXECUTE|[68]
08:04:04.0 (32418778)|VARIABLE_ASSIGNMENT|[EXTERNAL]|this|{"skill":"0x3c8e5346"}|0x653767c1
08:04:04.0 (32429447)|VARIABLE_ASSIGNMENT|[EXTERNAL]|value|false
08:04:04.0 (32436119)|HEAP_ALLOCATE|[63]|Bytes:5
08:04:04.0 (32448342)|VARIABLE_ASSIGNMENT|[63]|this.selected|false|0x653767c1
08:04:04.0 (32465985)|CONSTRUCTOR_EXIT|[14]|01p360000072SS3|<init>(Employee_Skills__c)
08:04:04.0 (32481911)|HEAP_ALLOCATE|[EXTERNAL]|Bytes:4
08:04:04.0 (32498280)|METHOD_ENTRY|[10]||Database.QueryLocatorIterator.hasNext()
08:04:04.0 (32524021)|METHOD_EXIT|[10]||Database.QueryLocatorIterator.hasNext()
08:04:04.0 (32534884)|VARIABLE_ASSIGNMENT|[10]|c|null|
08:04:04.0 (32570974)|STATEMENT_EXECUTE|[17]
08:04:04.0 (32615229)|VARIABLE_ASSIGNMENT|[EXTERNAL]|this|{"skillsList":"0x8975c11"}|0x293e3f9a
08:04:04.0 (32629812)|SYSTEM_MODE_EXIT|false
08:04:04.0 (32647570)|CODE_UNIT_FINISHED|WrapperEmployeeSkills invoke(getEmployeeSkills)
08:04:04.0 (32680269)|CODE_UNIT_FINISHED|WrapperEmployeeSkills get(EmployeeSkills)
08:04:04.0 (33271696)|CODE_UNIT_STARTED|[EXTERNAL]|01p360000072SS3|skill
08:04:04.0 (33286686)|CODE_UNIT_FINISHED|skill
08:04:04.0 (99586550)|CODE_UNIT_STARTED|[EXTERNAL]|01p360000072SS3|selected
08:04:04.0 (99621375)|CODE_UNIT_FINISHED|selected
08:04:04.0 (102551927)|CODE_UNIT_STARTED|[EXTERNAL]|01p360000072SS3|selected
08:04:04.0 (102574791)|CODE_UNIT_FINISHED|selected
08:04:04.0 (102705014)|CODE_UNIT_STARTED|[EXTERNAL]|01p360000072SS3|skill
08:04:04.0 (102717852)|CODE_UNIT_FINISHED|skill
08:04:04.0 (104632296)|CODE_UNIT_STARTED|[EXTERNAL]|01p360000072SS3|selected
08:04:04.0 (104647949)|CODE_UNIT_FINISHED|selected
08:04:04.0 (104752549)|CODE_UNIT_STARTED|[EXTERNAL]|01p360000072SS3|skill
08:04:04.0 (104764001)|CODE_UNIT_FINISHED|skill
08:04:04.0 (106681602)|CODE_UNIT_STARTED|[EXTERNAL]|01p360000072SS3|selected
08:04:04.0 (106695296)|CODE_UNIT_FINISHED|selected
08:04:04.0 (106836714)|CODE_UNIT_STARTED|[EXTERNAL]|01p360000072SS3|skill
08:04:04.0 (106853880)|CODE_UNIT_FINISHED|skill
08:04:04.0 (108841143)|CODE_UNIT_STARTED|[EXTERNAL]|01p360000072SS3|selected
08:04:04.0 (108858003)|CODE_UNIT_FINISHED|selected
08:04:04.0 (108952384)|CODE_UNIT_STARTED|[EXTERNAL]|01p360000072SS3|skill
08:04:04.0 (108963979)|CODE_UNIT_FINISHED|skill
08:04:04.0 (111106368)|CODE_UNIT_STARTED|[EXTERNAL]|01p360000072SS3|selected
08:04:04.0 (111120051)|CODE_UNIT_FINISHED|selected
08:04:04.0 (111217966)|CODE_UNIT_STARTED|[EXTERNAL]|01p360000072SS3|skill
08:04:04.0 (111230156)|CODE_UNIT_FINISHED|skill
08:04:04.0 (113064907)|CODE_UNIT_STARTED|[EXTERNAL]|01p360000072SS3|selected
08:04:04.0 (113078621)|CODE_UNIT_FINISHED|selected
08:04:04.0 (113171982)|CODE_UNIT_STARTED|[EXTERNAL]|01p360000072SS3|skill
08:04:04.0 (113183673)|CODE_UNIT_FINISHED|skill
08:04:04.0 (115000566)|CODE_UNIT_STARTED|[EXTERNAL]|01p360000072SS3|selected
08:04:04.0 (115014384)|CODE_UNIT_FINISHED|selected
08:04:04.0 (115106545)|CODE_UNIT_STARTED|[EXTERNAL]|01p360000072SS3|skill
08:04:04.0 (115118202)|CODE_UNIT_FINISHED|skill
08:04:04.0 (116918563)|CODE_UNIT_STARTED|[EXTERNAL]|01p360000072SS3|selected
08:04:04.0 (116932324)|CODE_UNIT_FINISHED|selected
08:04:04.0 (117023619)|CODE_UNIT_STARTED|[EXTERNAL]|01p360000072SS3|skill
08:04:04.0 (117035957)|CODE_UNIT_FINISHED|skill
08:04:04.0 (119143566)|CODE_UNIT_STARTED|[EXTERNAL]|01p360000072SS3|selected
08:04:04.0 (119157847)|CODE_UNIT_FINISHED|selected
08:04:04.0 (119250154)|CODE_UNIT_STARTED|[EXTERNAL]|01p360000072SS3|skill
08:04:04.0 (119261978)|CODE_UNIT_FINISHED|skill
08:04:04.0 (121072743)|CODE_UNIT_STARTED|[EXTERNAL]|01p360000072SS3|selected
08:04:04.0 (121086585)|CODE_UNIT_FINISHED|selected
08:04:04.0 (121182123)|CODE_UNIT_STARTED|[EXTERNAL]|01p360000072SS3|skill
08:04:04.0 (121193950)|CODE_UNIT_FINISHED|skill
08:04:04.0 (123050720)|CODE_UNIT_STARTED|[EXTERNAL]|01p360000072SS3|selected
08:04:04.0 (123064553)|CODE_UNIT_FINISHED|selected
08:04:04.0 (123157112)|CODE_UNIT_STARTED|[EXTERNAL]|01p360000072SS3|skill
08:04:04.0 (123168575)|CODE_UNIT_FINISHED|skill
08:04:04.0 (124988182)|CODE_UNIT_STARTED|[EXTERNAL]|01p360000072SS3|selected
08:04:04.0 (125001902)|CODE_UNIT_FINISHED|selected
08:04:04.0 (125095780)|CODE_UNIT_STARTED|[EXTERNAL]|01p360000072SS3|skill
08:04:04.0 (125107507)|CODE_UNIT_FINISHED|skill
08:04:04.0 (126993261)|CODE_UNIT_STARTED|[EXTERNAL]|01p360000072SS3|selected
08:04:04.0 (127007040)|CODE_UNIT_FINISHED|selected
08:04:04.0 (127099591)|CODE_UNIT_STARTED|[EXTERNAL]|01p360000072SS3|skill
08:04:04.0 (127111217)|CODE_UNIT_FINISHED|skill
08:04:04.0 (128911365)|CODE_UNIT_STARTED|[EXTERNAL]|01p360000072SS3|selected
08:04:04.0 (128924794)|CODE_UNIT_FINISHED|selected
08:04:04.0 (129016170)|CODE_UNIT_STARTED|[EXTERNAL]|01p360000072SS3|skill
08:04:04.0 (129028687)|CODE_UNIT_FINISHED|skill
08:04:04.0 (130883278)|CODE_UNIT_STARTED|[EXTERNAL]|01p360000072SS3|selected
08:04:04.0 (130897410)|CODE_UNIT_FINISHED|selected
08:04:04.0 (131010988)|CODE_UNIT_STARTED|[EXTERNAL]|01p360000072SS3|skill
08:04:04.0 (131023694)|CODE_UNIT_FINISHED|skill
08:04:04.0 (132886852)|CODE_UNIT_STARTED|[EXTERNAL]|01p360000072SS3|selected
08:04:04.0 (132901050)|CODE_UNIT_FINISHED|selected
08:04:04.0 (132993304)|CODE_UNIT_STARTED|[EXTERNAL]|01p360000072SS3|skill
08:04:04.0 (133004875)|CODE_UNIT_FINISHED|skill
08:04:04.0 (138254881)|VF_SERIALIZE_VIEWSTATE_BEGIN|06636000001VcbV
08:04:04.0 (158711646)|VF_SERIALIZE_VIEWSTATE_END
08:04:04.0 (175479191)|CODE_UNIT_STARTED|[EXTERNAL]|Generate Metadata
08:04:04.0 (181848463)|CODE_UNIT_FINISHED|Generate Metadata
08:04:04.189 (189068272)|CUMULATIVE_LIMIT_USAGE
08:04:04.189 (189068272)|LIMIT_USAGE_FOR_NS|(default)|
  Number of SOQL queries: 1 out of 100
  Number of query rows: 17 out of 50000
  Number of SOSL queries: 0 out of 20
  Number of DML statements: 0 out of 150
  Number of DML rows: 0 out of 10000
  Maximum CPU time: 0 out of 10000
  Maximum heap size: 0 out of 6000000
  Number of callouts: 0 out of 100
  Number of Email Invocations: 0 out of 10
  Number of future calls: 0 out of 50
  Number of queueable jobs added to the queue: 0 out of 50
  Number of Mobile Apex push calls: 0 out of 10

08:04:04.189 (189068272)|CUMULATIVE_LIMIT_USAGE_END

08:04:04.0 (189139977)|CODE_UNIT_FINISHED|VF: /apex/AprooveWraper
08:04:04.0 (190519938)|EXECUTION_FINISHED
