36.0 APEX_CODE,FINEST;APEX_PROFILING,INFO;CALLOUT,INFO;DB,INFO;SYSTEM,DEBUG;VALIDATION,INFO;VISUALFORCE,INFO;WORKFLOW,INFO
05:06:00.0 (538251)|EXECUTION_STARTED
05:06:00.0 (573018)|CODE_UNIT_STARTED|[EXTERNAL]|06636000002n7XB|VF: /apex/DraftsToPersonTable
05:06:00.0 (4034037)|CODE_UNIT_STARTED|[EXTERNAL]|01p360000074pQr|DraftsToPersons <init>
05:06:00.0 (4050406)|SYSTEM_MODE_ENTER|true
05:06:00.0 (4683852)|HEAP_ALLOCATE|[72]|Bytes:3
05:06:00.0 (4778978)|HEAP_ALLOCATE|[77]|Bytes:152
05:06:00.0 (4811107)|HEAP_ALLOCATE|[342]|Bytes:408
05:06:00.0 (4843380)|HEAP_ALLOCATE|[355]|Bytes:408
05:06:00.0 (4875026)|HEAP_ALLOCATE|[467]|Bytes:48
05:06:00.0 (4936030)|HEAP_ALLOCATE|[139]|Bytes:6
05:06:00.0 (4978532)|HEAP_ALLOCATE|[EXTERNAL]|Bytes:10
05:06:00.0 (5043270)|HEAP_ALLOCATE|[EXTERNAL]|Bytes:144
05:06:00.0 (5049231)|HEAP_ALLOCATE|[EXTERNAL]|Bytes:21
05:06:00.0 (5083831)|METHOD_ENTRY|[1]|01p360000074pQr|DraftsToPersons.DraftsToPersons()
05:06:00.0 (5089959)|STATEMENT_EXECUTE|[1]
05:06:00.0 (5098657)|STATEMENT_EXECUTE|[1]
05:06:00.0 (5140387)|HEAP_ALLOCATE|[50]|Bytes:5
05:06:00.0 (5164224)|HEAP_ALLOCATE|[56]|Bytes:5
05:06:00.0 (5172875)|HEAP_ALLOCATE|[64]|Bytes:7
05:06:00.0 (5200582)|SYSTEM_MODE_ENTER|false
05:06:00.0 (5217434)|HEAP_ALLOCATE|[EXTERNAL]|Bytes:5
05:06:00.0 (5222157)|STATEMENT_EXECUTE|[68]
05:06:00.0 (5227517)|SYSTEM_MODE_EXIT|false
05:06:00.0 (5241196)|METHOD_EXIT|[1]|DraftsToPersons
05:06:00.0 (5608718)|HEAP_ALLOCATE|[EXTERNAL]|Bytes:20
05:06:00.0 (5620219)|VARIABLE_SCOPE_BEGIN|[7]|this|DraftsToPersons|true|false
05:06:00.0 (5779045)|VARIABLE_ASSIGNMENT|[7]|this|{}|0x2b0c0ec5
05:06:00.0 (5792405)|SYSTEM_MODE_ENTER|false
05:06:00.0 (5798008)|HEAP_ALLOCATE|[EXTERNAL]|Bytes:5
05:06:00.0 (5801779)|STATEMENT_EXECUTE|[1]
05:06:00.0 (5804567)|HEAP_ALLOCATE|[EXTERNAL]|Bytes:5
05:06:00.0 (5806555)|STATEMENT_EXECUTE|[2]
05:06:00.0 (5808070)|STATEMENT_EXECUTE|[3]
05:06:00.0 (5809160)|STATEMENT_EXECUTE|[4]
05:06:00.0 (5810131)|STATEMENT_EXECUTE|[5]
05:06:00.0 (5820273)|HEAP_ALLOCATE|[EXTERNAL]|Bytes:6
05:06:00.0 (5847680)|STATEMENT_EXECUTE|[8]
05:06:00.0 (5853904)|SYSTEM_MODE_EXIT|false
05:06:00.0 (5874811)|CODE_UNIT_FINISHED|DraftsToPersons <init>
05:06:00.0 (5926144)|CODE_UNIT_STARTED|[EXTERNAL]|01p360000074pQr|DraftsToPersons get(Persons)
05:06:00.0 (5934955)|SYSTEM_MODE_ENTER|true
05:06:00.0 (5959009)|CODE_UNIT_STARTED|[EXTERNAL]|01p360000074pQr|DraftsToPersons invoke(getPersons)
05:06:00.0 (6003423)|HEAP_ALLOCATE|[EXTERNAL]|Bytes:20
05:06:00.0 (6012824)|VARIABLE_SCOPE_BEGIN|[23]|this|DraftsToPersons|true|false
05:06:00.0 (6031532)|VARIABLE_ASSIGNMENT|[23]|this|{}|0x2b0c0ec5
05:06:00.0 (6047663)|SYSTEM_MODE_ENTER|false
05:06:00.0 (6052798)|HEAP_ALLOCATE|[25]|Bytes:5
05:06:00.0 (6056709)|STATEMENT_EXECUTE|[24]
05:06:00.0 (6115700)|VARIABLE_ASSIGNMENT|[EXTERNAL]|this|{}|0x2b0c0ec5
05:06:00.0 (6129480)|STATEMENT_EXECUTE|[26]
05:06:00.0 (6131263)|STATEMENT_EXECUTE|[27]
05:06:00.0 (6135022)|HEAP_ALLOCATE|[27]|Bytes:41
05:06:00.0 (6146696)|HEAP_ALLOCATE|[27]|Bytes:4
05:06:00.0 (6387433)|SOQL_EXECUTE_BEGIN|[27]|Aggregations:0|SELECT id, Name FROM Person__c LIMIT 1000
05:06:00.0 (21754305)|SOQL_EXECUTE_END|[27]|Rows:2
05:06:00.0 (21773306)|HEAP_ALLOCATE|[27]|Bytes:12
05:06:00.0 (21791347)|HEAP_ALLOCATE|[27]|Bytes:97
05:06:00.0 (21819101)|HEAP_ALLOCATE|[27]|Bytes:12
05:06:00.0 (21869220)|VARIABLE_ASSIGNMENT|[EXTERNAL]|this|{}|0x2b0c0ec5
05:06:00.0 (21908824)|VARIABLE_ASSIGNMENT|[EXTERNAL]|value|{"s":1,"v":[{"s":2,"v":{"Id":"a0N36000000xneOEAQ","Name":"Andiy Lokotosh"}},{"s":3,"v":{"Id":"a0N36000000xneTEAQ","Name":"Jon Smith"}}]}|0x343e1e2
05:06:00.0 (21945947)|VARIABLE_ASSIGNMENT|[3]|this.pers|{"s":1,"v":[{"s":2,"v":{"Id":"a0N36000000xneOEAQ","Name":"Andiy Lokotosh"}},{"s":3,"v":{"Id":"a0N36000000xneTEAQ","Name":"Jon Smith"}}]}|0x2b0c0ec5
05:06:00.0 (21962679)|STATEMENT_EXECUTE|[30]
05:06:00.0 (22028398)|VARIABLE_ASSIGNMENT|[EXTERNAL]|this|{"pers":"0x343e1e2"}|0x2b0c0ec5
05:06:00.0 (22052409)|SYSTEM_MODE_EXIT|false
05:06:00.0 (22084664)|CODE_UNIT_FINISHED|DraftsToPersons invoke(getPersons)
05:06:00.0 (22114892)|CODE_UNIT_FINISHED|DraftsToPersons get(Persons)
05:06:00.0 (22458763)|CODE_UNIT_STARTED|[EXTERNAL]|01p360000074pQr|DraftsToPersons get(Drafts)
05:06:00.0 (22468425)|SYSTEM_MODE_ENTER|true
05:06:00.0 (22487205)|CODE_UNIT_STARTED|[EXTERNAL]|01p360000074pQr|DraftsToPersons invoke(getDrafts)
05:06:00.0 (22534634)|HEAP_ALLOCATE|[EXTERNAL]|Bytes:20
05:06:00.0 (22543638)|VARIABLE_SCOPE_BEGIN|[12]|this|DraftsToPersons|true|false
05:06:00.0 (22565029)|VARIABLE_ASSIGNMENT|[12]|this|{"pers":"0x343e1e2"}|0x2b0c0ec5
05:06:00.0 (22577587)|SYSTEM_MODE_ENTER|false
05:06:00.0 (22583796)|HEAP_ALLOCATE|[14]|Bytes:5
05:06:00.0 (22587666)|STATEMENT_EXECUTE|[13]
05:06:00.0 (22637688)|VARIABLE_ASSIGNMENT|[EXTERNAL]|this|{"pers":"0x343e1e2"}|0x2b0c0ec5
05:06:00.0 (22649403)|STATEMENT_EXECUTE|[15]
05:06:00.0 (22651257)|STATEMENT_EXECUTE|[16]
05:06:00.0 (22655437)|HEAP_ALLOCATE|[16]|Bytes:70
05:06:00.0 (22662344)|HEAP_ALLOCATE|[16]|Bytes:4
05:06:00.0 (22854382)|SOQL_EXECUTE_BEGIN|[16]|Aggregations:0|SELECT id, Name FROM Draft__c ORDER BY Name ASC NULLS FIRST LIMIT 1000
05:06:00.0 (34671571)|SOQL_EXECUTE_END|[16]|Rows:2
05:06:00.0 (34693384)|HEAP_ALLOCATE|[16]|Bytes:12
05:06:00.0 (34707791)|HEAP_ALLOCATE|[16]|Bytes:95
05:06:00.0 (34740047)|HEAP_ALLOCATE|[16]|Bytes:12
05:06:00.0 (34842149)|VARIABLE_ASSIGNMENT|[EXTERNAL]|this|{"pers":"0x343e1e2"}|0x2b0c0ec5
05:06:00.0 (34897605)|VARIABLE_ASSIGNMENT|[EXTERNAL]|value|{"s":1,"v":[{"s":2,"v":{"Id":"a0R3600000032Q3EAI","Name":"Ebay"}},{"s":3,"v":{"Id":"a0R3600000032PyEAI","Name":"Electronic System"}}]}|0x1a732d5d
05:06:00.0 (34942109)|VARIABLE_ASSIGNMENT|[2]|this.draft|{"s":1,"v":[{"s":2,"v":{"Id":"a0R3600000032Q3EAI","Name":"Ebay"}},{"s":3,"v":{"Id":"a0R3600000032PyEAI","Name":"Electronic System"}}]}|0x2b0c0ec5
05:06:00.0 (34957845)|STATEMENT_EXECUTE|[21]
05:06:00.0 (35025624)|VARIABLE_ASSIGNMENT|[EXTERNAL]|this|{"draft":"0x1a732d5d","pers":"0x343e1e2"}|0x2b0c0ec5
05:06:00.0 (35048770)|SYSTEM_MODE_EXIT|false
05:06:00.0 (35093393)|CODE_UNIT_FINISHED|DraftsToPersons invoke(getDrafts)
05:06:00.0 (35128317)|CODE_UNIT_FINISHED|DraftsToPersons get(Drafts)
05:06:00.67 (67550122)|CUMULATIVE_LIMIT_USAGE
05:06:00.67 (67550122)|LIMIT_USAGE_FOR_NS|(default)|
  Number of SOQL queries: 2 out of 100
  Number of query rows: 4 out of 50000
  Number of SOSL queries: 0 out of 20
  Number of DML statements: 0 out of 150
  Number of DML rows: 0 out of 10000
  Maximum CPU time: 0 out of 10000
  Maximum heap size: 0 out of 6000000
  Number of callouts: 0 out of 100
  Number of Email Invocations: 0 out of 10
  Number of future calls: 0 out of 50
  Number of queueable jobs added to the queue: 0 out of 50
  Number of Mobile Apex push calls: 0 out of 10

05:06:00.67 (67550122)|CUMULATIVE_LIMIT_USAGE_END

05:06:00.0 (67641169)|CODE_UNIT_FINISHED|VF: /apex/DraftsToPersonTable
05:06:00.0 (69195896)|EXECUTION_FINISHED
