36.0 APEX_CODE,FINEST;APEX_PROFILING,INFO;CALLOUT,INFO;DB,INFO;SYSTEM,DEBUG;VALIDATION,INFO;VISUALFORCE,INFO;WORKFLOW,INFO
08:54:11.10 (10034921)|HEAP_ALLOCATE|[139]|Bytes:6
08:54:11.10 (10335907)|HEAP_ALLOCATE|[50]|Bytes:5
08:54:11.10 (10384219)|HEAP_ALLOCATE|[56]|Bytes:5
08:54:11.10 (10403250)|HEAP_ALLOCATE|[64]|Bytes:7
08:54:11.10 (11867827)|VARIABLE_SCOPE_BEGIN|[14]|SitePageOverrideExtension.STANDARD_PAGES|List<Schema.SObjectField>|true|true
08:54:11.10 (17819042)|CODE_UNIT_FINISHED|VisualForce View State
08:54:11.10 (19064878)|EXECUTION_FINISHED
08:54:11.21 (21261890)|SYSTEM_MODE_ENTER|true
08:54:11.21 (21348525)|HEAP_ALLOCATE|[EXTERNAL]|Bytes:38
08:54:11.21 (21358381)|HEAP_ALLOCATE|[EXTERNAL]|Bytes:7
08:54:11.21 (21378658)|SYSTEM_METHOD_ENTRY|[1]|PageMessagesComponentController.PageMessagesComponentController()
08:54:11.21 (21385826)|STATEMENT_EXECUTE|[1]
08:54:11.483 (483118254)|CUMULATIVE_LIMIT_USAGE
08:54:11.483 (483118254)|LIMIT_USAGE_FOR_NS|(default)|
  Number of SOQL queries: 0 out of 100
  Number of query rows: 0 out of 50000
  Number of SOSL queries: 0 out of 20
  Number of DML statements: 0 out of 150
  Number of DML rows: 0 out of 10000
  Maximum CPU time: 104 out of 10000
  Maximum heap size: 0 out of 6000000
  Number of callouts: 0 out of 100
  Number of Email Invocations: 0 out of 10
  Number of future calls: 0 out of 50
  Number of queueable jobs added to the queue: 0 out of 50
  Number of Mobile Apex push calls: 0 out of 10

08:54:11.483 (483118254)|CUMULATIVE_LIMIT_USAGE_END

