36.0 APEX_CODE,FINEST;APEX_PROFILING,INFO;CALLOUT,INFO;DB,INFO;SYSTEM,DEBUG;VALIDATION,INFO;VISUALFORCE,INFO;WORKFLOW,INFO
03:21:57.0 (524612)|EXECUTION_STARTED
03:21:57.0 (577160)|CODE_UNIT_STARTED|[EXTERNAL]|06636000002n6IF|VF: /apex/AccountTabWrap
03:21:57.0 (2872300)|CODE_UNIT_STARTED|[EXTERNAL]|01p360000074iI2|AccountTableWrapper <init>
03:21:57.0 (2891038)|SYSTEM_MODE_ENTER|true
03:21:57.0 (3509332)|HEAP_ALLOCATE|[72]|Bytes:3
03:21:57.0 (3568314)|HEAP_ALLOCATE|[77]|Bytes:152
03:21:57.0 (3597502)|HEAP_ALLOCATE|[342]|Bytes:408
03:21:57.0 (3619819)|HEAP_ALLOCATE|[355]|Bytes:408
03:21:57.0 (3641125)|HEAP_ALLOCATE|[467]|Bytes:48
03:21:57.0 (3677490)|HEAP_ALLOCATE|[139]|Bytes:6
03:21:57.0 (3702198)|HEAP_ALLOCATE|[EXTERNAL]|Bytes:24
03:21:57.0 (3707087)|HEAP_ALLOCATE|[EXTERNAL]|Bytes:120
03:21:57.0 (3709902)|HEAP_ALLOCATE|[EXTERNAL]|Bytes:15
03:21:57.0 (3728012)|METHOD_ENTRY|[1]|01p360000074iI2|AccountTableWrapper.AccountTableWrapper()
03:21:57.0 (3733248)|STATEMENT_EXECUTE|[1]
03:21:57.0 (3741691)|STATEMENT_EXECUTE|[1]
03:21:57.0 (3777141)|HEAP_ALLOCATE|[50]|Bytes:5
03:21:57.0 (3803882)|HEAP_ALLOCATE|[56]|Bytes:5
03:21:57.0 (3812451)|HEAP_ALLOCATE|[64]|Bytes:7
03:21:57.0 (3839303)|SYSTEM_MODE_ENTER|false
03:21:57.0 (3857850)|HEAP_ALLOCATE|[EXTERNAL]|Bytes:5
03:21:57.0 (3862672)|STATEMENT_EXECUTE|[68]
03:21:57.0 (3864330)|STATEMENT_EXECUTE|[86]
03:21:57.0 (3870736)|SYSTEM_MODE_EXIT|false
03:21:57.0 (3882614)|METHOD_EXIT|[1]|AccountTableWrapper
03:21:57.0 (4216178)|HEAP_ALLOCATE|[EXTERNAL]|Bytes:16
03:21:57.0 (4232521)|VARIABLE_SCOPE_BEGIN|[5]|this|AccountTableWrapper|true|false
03:21:57.0 (4317764)|VARIABLE_ASSIGNMENT|[5]|this|{}|0x769c1d7f
03:21:57.0 (4331895)|SYSTEM_MODE_ENTER|false
03:21:57.0 (4337352)|HEAP_ALLOCATE|[EXTERNAL]|Bytes:5
03:21:57.0 (4341218)|STATEMENT_EXECUTE|[1]
03:21:57.0 (4344295)|HEAP_ALLOCATE|[EXTERNAL]|Bytes:5
03:21:57.0 (4346486)|STATEMENT_EXECUTE|[2]
03:21:57.0 (4348334)|STATEMENT_EXECUTE|[3]
03:21:57.0 (4349511)|STATEMENT_EXECUTE|[4]
03:21:57.0 (4359216)|HEAP_ALLOCATE|[EXTERNAL]|Bytes:6
03:21:57.0 (4387577)|STATEMENT_EXECUTE|[5]
03:21:57.0 (4394272)|SYSTEM_MODE_EXIT|false
03:21:57.0 (4414053)|CODE_UNIT_FINISHED|AccountTableWrapper <init>
03:21:57.0 (4481024)|CODE_UNIT_STARTED|[EXTERNAL]|01p360000074iI2|AccountTableWrapper get(Accounts)
03:21:57.0 (4489902)|SYSTEM_MODE_ENTER|true
03:21:57.0 (4519428)|CODE_UNIT_STARTED|[EXTERNAL]|01p360000074iI2|AccountTableWrapper invoke(getAccounts)
03:21:57.0 (4574188)|HEAP_ALLOCATE|[EXTERNAL]|Bytes:16
03:21:57.0 (4586917)|VARIABLE_SCOPE_BEGIN|[9]|this|AccountTableWrapper|true|false
03:21:57.0 (4605641)|VARIABLE_ASSIGNMENT|[9]|this|{}|0x769c1d7f
03:21:57.0 (4622625)|SYSTEM_MODE_ENTER|false
03:21:57.0 (4627664)|HEAP_ALLOCATE|[11]|Bytes:5
03:21:57.0 (4631533)|STATEMENT_EXECUTE|[10]
03:21:57.0 (4694907)|VARIABLE_ASSIGNMENT|[EXTERNAL]|this|{}|0x769c1d7f
03:21:57.0 (4709643)|STATEMENT_EXECUTE|[12]
03:21:57.0 (4711355)|STATEMENT_EXECUTE|[13]
03:21:57.0 (4715439)|HEAP_ALLOCATE|[13]|Bytes:141
03:21:57.0 (4728804)|HEAP_ALLOCATE|[13]|Bytes:4
03:21:57.0 (5116924)|SOQL_EXECUTE_BEGIN|[13]|Aggregations:0|SELECT id, Name, BillingStreet, BillingCity, BillingPostalCode FROM Account WHERE (BillingCity != NULL AND BillingPostalCode != NULL) LIMIT 3
03:21:57.0 (9220046)|SOQL_EXECUTE_END|[13]|Rows:3
03:21:57.0 (9239141)|HEAP_ALLOCATE|[13]|Bytes:16
03:21:57.0 (9257135)|HEAP_ALLOCATE|[13]|Bytes:417
03:21:57.0 (9294131)|HEAP_ALLOCATE|[13]|Bytes:16
03:21:57.0 (9347163)|VARIABLE_ASSIGNMENT|[EXTERNAL]|this|{}|0x769c1d7f
03:21:57.0 (9406175)|VARIABLE_ASSIGNMENT|[EXTERNAL]|value|{"s":1,"v":[{"s":2,"v":{"Id":"0013600000CWofeAAD","Name":"Google inc","BillingStreet":"Green st.","BillingCity":"LA","BillingPostalCode":"442234"}},{"s":3,"v":{"Id":"00136000003VQw8AAG","Name":"Burlington Textiles  (15 more) ...","BillingStreet":"525 S. Lexington Ave","BillingCity":"Burlington","BillingPostalCode":"27215"}},{"s":4,"v":{"Id":"00136000003VQw9AAG","Name":"Pyramid Construction (5 more) ...","BillingStreet":"2 Place Jussieu","BillingCity":"Paris","BillingPostalCode":"75251"}}]}|0x7a146b02
03:21:57.0 (9441765)|VARIABLE_ASSIGNMENT|[2]|this.accs|{"s":1,"v":[{"s":2,"v":{"Id":"0013600000CWofeAAD","Name":"Google inc","BillingStreet":"Green st.","BillingCity":"LA","BillingPostalCode":"442234"}},{"s":3,"v":{"Id":"00136000003VQw8AAG","Name":"Burlington Textiles  (15 more) ...","BillingStreet":"525 S. Lexington Ave","BillingCity":"Burlington","BillingPostalCode":"27215"}},{"s":4,"v":{"Id":"00136000003VQw9AAG","Name":"Pyramid Construction (5 more) ...","BillingStreet":"2 Place Jussieu","BillingCity":"Paris","BillingPostalCode":"75251"}}]}|0x769c1d7f
03:21:57.0 (9454382)|STATEMENT_EXECUTE|[17]
03:21:57.0 (9502433)|VARIABLE_ASSIGNMENT|[EXTERNAL]|this|{"accs":"0x7a146b02"}|0x769c1d7f
03:21:57.0 (9517120)|SYSTEM_MODE_EXIT|false
03:21:57.0 (9536407)|CODE_UNIT_FINISHED|AccountTableWrapper invoke(getAccounts)
03:21:57.0 (9559864)|CODE_UNIT_FINISHED|AccountTableWrapper get(Accounts)
03:21:57.0 (9876608)|CODE_UNIT_STARTED|[EXTERNAL]|01p360000074iI2|AccountTableWrapper get(rowWrappers)
03:21:57.0 (9886206)|SYSTEM_MODE_ENTER|true
03:21:57.0 (9908968)|CODE_UNIT_STARTED|[EXTERNAL]|01p360000074iI2|AccountTableWrapper invoke(getrowWrappers)
03:21:57.0 (9958060)|HEAP_ALLOCATE|[EXTERNAL]|Bytes:16
03:21:57.0 (9969077)|VARIABLE_SCOPE_BEGIN|[21]|this|AccountTableWrapper|true|false
03:21:57.0 (9991043)|VARIABLE_ASSIGNMENT|[21]|this|{"accs":"0x7a146b02"}|0x769c1d7f
03:21:57.0 (10004540)|SYSTEM_MODE_ENTER|false
03:21:57.0 (10011343)|HEAP_ALLOCATE|[23]|Bytes:5
03:21:57.0 (10015837)|STATEMENT_EXECUTE|[22]
03:21:57.0 (10070763)|VARIABLE_ASSIGNMENT|[EXTERNAL]|this|{"accs":"0x7a146b02"}|0x769c1d7f
03:21:57.0 (10082508)|STATEMENT_EXECUTE|[24]
03:21:57.0 (10084221)|STATEMENT_EXECUTE|[25]
03:21:57.0 (10089664)|HEAP_ALLOCATE|[25]|Bytes:4
03:21:57.0 (10227581)|VARIABLE_ASSIGNMENT|[EXTERNAL]|this|{"accs":"0x7a146b02"}|0x769c1d7f
03:21:57.0 (10252339)|HEAP_ALLOCATE|[EXTERNAL]|Bytes:4
03:21:57.0 (10264580)|VARIABLE_ASSIGNMENT|[EXTERNAL]|value|{"s":1,"v":[]}|0x76de4582
03:21:57.0 (10278310)|VARIABLE_ASSIGNMENT|[3]|this.rows|{"s":1,"v":[]}|0x769c1d7f
03:21:57.0 (10287182)|STATEMENT_EXECUTE|[28]
03:21:57.0 (10294833)|VARIABLE_SCOPE_BEGIN|[28]|idx|Integer|false|false
03:21:57.0 (10299065)|HEAP_ALLOCATE|[28]|Bytes:4
03:21:57.0 (10305690)|VARIABLE_ASSIGNMENT|[28]|idx|0
03:21:57.0 (10312449)|STATEMENT_EXECUTE|[29]
03:21:57.0 (10313714)|STATEMENT_EXECUTE|[30]
03:21:57.0 (10358399)|VARIABLE_ASSIGNMENT|[EXTERNAL]|this|{"accs":"0x7a146b02","rows":"0x76de4582"}|0x769c1d7f
03:21:57.0 (10384023)|HEAP_ALLOCATE|[30]|Bytes:84
03:21:57.0 (10389711)|HEAP_ALLOCATE|[30]|Bytes:8
03:21:57.0 (10403497)|HEAP_ALLOCATE|[30]|Bytes:8
03:21:57.0 (10423106)|CONSTRUCTOR_ENTRY|[30]|01p360000074iI2|<init>()
03:21:57.0 (10439975)|VARIABLE_SCOPE_BEGIN|[74]|this|AccountTableWrapper.RowWrapper|true|false
03:21:57.0 (10457473)|VARIABLE_ASSIGNMENT|[74]|this|{}|0x1362a362
03:21:57.0 (10462022)|STATEMENT_EXECUTE|[68]
03:21:57.0 (10463450)|STATEMENT_EXECUTE|[71]
03:21:57.0 (10478019)|STATEMENT_EXECUTE|[75]
03:21:57.0 (10479665)|STATEMENT_EXECUTE|[76]
03:21:57.0 (10483498)|HEAP_ALLOCATE|[76]|Bytes:4
03:21:57.0 (10577985)|VARIABLE_ASSIGNMENT|[EXTERNAL]|this|{}|0x1362a362
03:21:57.0 (10604356)|HEAP_ALLOCATE|[EXTERNAL]|Bytes:4
03:21:57.0 (10615866)|VARIABLE_ASSIGNMENT|[EXTERNAL]|value|{"s":1,"v":[]}|0x63a2c889
03:21:57.0 (10629286)|VARIABLE_ASSIGNMENT|[71]|this.values|{"s":1,"v":[]}|0x1362a362
03:21:57.0 (10638083)|CONSTRUCTOR_EXIT|[30]|01p360000074iI2|<init>()
03:21:57.0 (10654407)|HEAP_ALLOCATE|[EXTERNAL]|Bytes:4
03:21:57.0 (10661620)|HEAP_ALLOCATE|[28]|Bytes:4
03:21:57.0 (10667649)|VARIABLE_ASSIGNMENT|[28]|idx|1
03:21:57.0 (10673420)|STATEMENT_EXECUTE|[29]
03:21:57.0 (10674708)|STATEMENT_EXECUTE|[30]
03:21:57.0 (10698389)|VARIABLE_ASSIGNMENT|[EXTERNAL]|this|{"accs":"0x7a146b02","rows":"0x76de4582"}|0x769c1d7f
03:21:57.0 (10708757)|HEAP_ALLOCATE|[30]|Bytes:8
03:21:57.0 (10713793)|CONSTRUCTOR_ENTRY|[30]|01p360000074iI2|<init>()
03:21:57.0 (10717879)|VARIABLE_SCOPE_BEGIN|[74]|this|AccountTableWrapper.RowWrapper|true|false
03:21:57.0 (10730021)|VARIABLE_ASSIGNMENT|[74]|this|{}|0x7a17770d
03:21:57.0 (10733350)|STATEMENT_EXECUTE|[68]
03:21:57.0 (10734606)|STATEMENT_EXECUTE|[71]
03:21:57.0 (10745292)|STATEMENT_EXECUTE|[75]
03:21:57.0 (10746800)|STATEMENT_EXECUTE|[76]
03:21:57.0 (10749782)|HEAP_ALLOCATE|[76]|Bytes:4
03:21:57.0 (10772381)|VARIABLE_ASSIGNMENT|[EXTERNAL]|this|{}|0x7a17770d
03:21:57.0 (10785913)|HEAP_ALLOCATE|[EXTERNAL]|Bytes:4
03:21:57.0 (10796613)|VARIABLE_ASSIGNMENT|[EXTERNAL]|value|{"s":1,"v":[]}|0x54bc81d4
03:21:57.0 (10807841)|VARIABLE_ASSIGNMENT|[71]|this.values|{"s":1,"v":[]}|0x7a17770d
03:21:57.0 (10815789)|CONSTRUCTOR_EXIT|[30]|01p360000074iI2|<init>()
03:21:57.0 (10824067)|HEAP_ALLOCATE|[EXTERNAL]|Bytes:4
03:21:57.0 (10829305)|HEAP_ALLOCATE|[28]|Bytes:4
03:21:57.0 (10835233)|VARIABLE_ASSIGNMENT|[28]|idx|2
03:21:57.0 (10840350)|STATEMENT_EXECUTE|[29]
03:21:57.0 (10841553)|STATEMENT_EXECUTE|[30]
03:21:57.0 (10863927)|VARIABLE_ASSIGNMENT|[EXTERNAL]|this|{"accs":"0x7a146b02","rows":"0x76de4582"}|0x769c1d7f
03:21:57.0 (10873624)|HEAP_ALLOCATE|[30]|Bytes:8
03:21:57.0 (10878346)|CONSTRUCTOR_ENTRY|[30]|01p360000074iI2|<init>()
03:21:57.0 (10882356)|VARIABLE_SCOPE_BEGIN|[74]|this|AccountTableWrapper.RowWrapper|true|false
03:21:57.0 (10893737)|VARIABLE_ASSIGNMENT|[74]|this|{}|0x212fed4a
03:21:57.0 (10896964)|STATEMENT_EXECUTE|[68]
03:21:57.0 (10898169)|STATEMENT_EXECUTE|[71]
03:21:57.0 (10908236)|STATEMENT_EXECUTE|[75]
03:21:57.0 (10909803)|STATEMENT_EXECUTE|[76]
03:21:57.0 (10912766)|HEAP_ALLOCATE|[76]|Bytes:4
03:21:57.0 (10934413)|VARIABLE_ASSIGNMENT|[EXTERNAL]|this|{}|0x212fed4a
03:21:57.0 (10946748)|HEAP_ALLOCATE|[EXTERNAL]|Bytes:4
03:21:57.0 (10957406)|VARIABLE_ASSIGNMENT|[EXTERNAL]|value|{"s":1,"v":[]}|0x2c0e2b2d
03:21:57.0 (10968491)|VARIABLE_ASSIGNMENT|[71]|this.values|{"s":1,"v":[]}|0x212fed4a
03:21:57.0 (10976292)|CONSTRUCTOR_EXIT|[30]|01p360000074iI2|<init>()
03:21:57.0 (10984202)|HEAP_ALLOCATE|[EXTERNAL]|Bytes:4
03:21:57.0 (10989327)|HEAP_ALLOCATE|[28]|Bytes:4
03:21:57.0 (10994490)|VARIABLE_ASSIGNMENT|[28]|idx|3
03:21:57.0 (10999365)|STATEMENT_EXECUTE|[29]
03:21:57.0 (11000606)|STATEMENT_EXECUTE|[30]
03:21:57.0 (11023470)|VARIABLE_ASSIGNMENT|[EXTERNAL]|this|{"accs":"0x7a146b02","rows":"0x76de4582"}|0x769c1d7f
03:21:57.0 (11032873)|HEAP_ALLOCATE|[30]|Bytes:8
03:21:57.0 (11037420)|CONSTRUCTOR_ENTRY|[30]|01p360000074iI2|<init>()
03:21:57.0 (11041295)|VARIABLE_SCOPE_BEGIN|[74]|this|AccountTableWrapper.RowWrapper|true|false
03:21:57.0 (11052514)|VARIABLE_ASSIGNMENT|[74]|this|{}|0x6de08ebe
03:21:57.0 (11055634)|STATEMENT_EXECUTE|[68]
03:21:57.0 (11056857)|STATEMENT_EXECUTE|[71]
03:21:57.0 (11066684)|STATEMENT_EXECUTE|[75]
03:21:57.0 (11068197)|STATEMENT_EXECUTE|[76]
03:21:57.0 (11071072)|HEAP_ALLOCATE|[76]|Bytes:4
03:21:57.0 (11092760)|VARIABLE_ASSIGNMENT|[EXTERNAL]|this|{}|0x6de08ebe
03:21:57.0 (11104760)|HEAP_ALLOCATE|[EXTERNAL]|Bytes:4
03:21:57.0 (11115263)|VARIABLE_ASSIGNMENT|[EXTERNAL]|value|{"s":1,"v":[]}|0x5de200f7
03:21:57.0 (11125983)|VARIABLE_ASSIGNMENT|[71]|this.values|{"s":1,"v":[]}|0x6de08ebe
03:21:57.0 (11133953)|CONSTRUCTOR_EXIT|[30]|01p360000074iI2|<init>()
03:21:57.0 (11141534)|HEAP_ALLOCATE|[EXTERNAL]|Bytes:4
03:21:57.0 (11146287)|HEAP_ALLOCATE|[28]|Bytes:4
03:21:57.0 (11151442)|VARIABLE_ASSIGNMENT|[28]|idx|4
03:21:57.0 (11157964)|STATEMENT_EXECUTE|[34]
03:21:57.0 (11161335)|VARIABLE_SCOPE_BEGIN|[34]|idx|Integer|false|false
03:21:57.0 (11163996)|HEAP_ALLOCATE|[34]|Bytes:4
03:21:57.0 (11167822)|VARIABLE_ASSIGNMENT|[34]|idx|0
03:21:57.0 (11187014)|METHOD_ENTRY|[34]|01p360000074iI2|AccountTableWrapper.getAccounts()
03:21:57.0 (11211165)|VARIABLE_SCOPE_BEGIN|[9]|this|AccountTableWrapper|true|false
03:21:57.0 (11231522)|VARIABLE_ASSIGNMENT|[9]|this|{"accs":"0x7a146b02","rows":"0x76de4582"}|0x769c1d7f
03:21:57.0 (11240170)|HEAP_ALLOCATE|[11]|Bytes:5
03:21:57.0 (11243622)|STATEMENT_EXECUTE|[10]
03:21:57.0 (11265522)|VARIABLE_ASSIGNMENT|[EXTERNAL]|this|{"accs":"0x7a146b02","rows":"0x76de4582"}|0x769c1d7f
03:21:57.0 (11273382)|STATEMENT_EXECUTE|[11]
03:21:57.0 (11275030)|STATEMENT_EXECUTE|[17]
03:21:57.0 (11292251)|VARIABLE_ASSIGNMENT|[EXTERNAL]|this|{"accs":"0x7a146b02","rows":"0x76de4582"}|0x769c1d7f
03:21:57.0 (11302891)|METHOD_EXIT|[34]|01p360000074iI2|AccountTableWrapper.getAccounts()
03:21:57.0 (11353736)|STATEMENT_EXECUTE|[35]
03:21:57.0 (11355977)|STATEMENT_EXECUTE|[36]
03:21:57.0 (11410729)|VARIABLE_ASSIGNMENT|[EXTERNAL]|this|{"accs":"0x7a146b02","rows":"0x76de4582"}|0x769c1d7f
03:21:57.0 (11427818)|HEAP_ALLOCATE|[36]|Bytes:8
03:21:57.0 (11438146)|METHOD_ENTRY|[36]|01p360000074iI2|AccountTableWrapper.getAccounts()
03:21:57.0 (11442745)|VARIABLE_SCOPE_BEGIN|[9]|this|AccountTableWrapper|true|false
03:21:57.0 (11459346)|VARIABLE_ASSIGNMENT|[9]|this|{"accs":"0x7a146b02","rows":"0x76de4582"}|0x769c1d7f
03:21:57.0 (11467019)|HEAP_ALLOCATE|[11]|Bytes:5
03:21:57.0 (11470326)|STATEMENT_EXECUTE|[10]
03:21:57.0 (11490608)|VARIABLE_ASSIGNMENT|[EXTERNAL]|this|{"accs":"0x7a146b02","rows":"0x76de4582"}|0x769c1d7f
03:21:57.0 (11498046)|STATEMENT_EXECUTE|[11]
03:21:57.0 (11499685)|STATEMENT_EXECUTE|[17]
03:21:57.0 (11516731)|VARIABLE_ASSIGNMENT|[EXTERNAL]|this|{"accs":"0x7a146b02","rows":"0x76de4582"}|0x769c1d7f
03:21:57.0 (11526859)|METHOD_EXIT|[36]|01p360000074iI2|AccountTableWrapper.getAccounts()
03:21:57.0 (11556192)|HEAP_ALLOCATE|[36]|Bytes:24
03:21:57.0 (11603260)|METHOD_ENTRY|[36]|01p360000074iI2|AccountTableWrapper.RowWrapper.addValue(String)
03:21:57.0 (11613011)|VARIABLE_SCOPE_BEGIN|[80]|this|AccountTableWrapper.RowWrapper|true|false
03:21:57.0 (11629744)|VARIABLE_ASSIGNMENT|[80]|this|{"values":"0x63a2c889"}|0x1362a362
03:21:57.0 (11635346)|VARIABLE_SCOPE_BEGIN|[80]|value|String|false|false
03:21:57.0 (11639720)|VARIABLE_ASSIGNMENT|[80]|value|"Google inc"
03:21:57.0 (11643909)|STATEMENT_EXECUTE|[81]
03:21:57.0 (11645471)|STATEMENT_EXECUTE|[82]
03:21:57.0 (11694576)|VARIABLE_ASSIGNMENT|[EXTERNAL]|this|{"values":"0x63a2c889"}|0x1362a362
03:21:57.0 (11714318)|HEAP_ALLOCATE|[EXTERNAL]|Bytes:4
03:21:57.0 (11721816)|METHOD_EXIT|[36]|01p360000074iI2|AccountTableWrapper.RowWrapper.addValue(String)
03:21:57.0 (11725178)|STATEMENT_EXECUTE|[37]
03:21:57.0 (11765958)|VARIABLE_ASSIGNMENT|[EXTERNAL]|this|{"accs":"0x7a146b02","rows":"0x76de4582"}|0x769c1d7f
03:21:57.0 (11780481)|HEAP_ALLOCATE|[37]|Bytes:8
03:21:57.0 (11790005)|METHOD_ENTRY|[37]|01p360000074iI2|AccountTableWrapper.getAccounts()
03:21:57.0 (11794447)|VARIABLE_SCOPE_BEGIN|[9]|this|AccountTableWrapper|true|false
03:21:57.0 (11810984)|VARIABLE_ASSIGNMENT|[9]|this|{"accs":"0x7a146b02","rows":"0x76de4582"}|0x769c1d7f
03:21:57.0 (11818800)|HEAP_ALLOCATE|[11]|Bytes:5
03:21:57.0 (11822002)|STATEMENT_EXECUTE|[10]
03:21:57.0 (11841860)|VARIABLE_ASSIGNMENT|[EXTERNAL]|this|{"accs":"0x7a146b02","rows":"0x76de4582"}|0x769c1d7f
03:21:57.0 (11849883)|STATEMENT_EXECUTE|[11]
03:21:57.0 (11851555)|STATEMENT_EXECUTE|[17]
03:21:57.0 (11868660)|VARIABLE_ASSIGNMENT|[EXTERNAL]|this|{"accs":"0x7a146b02","rows":"0x76de4582"}|0x769c1d7f
03:21:57.0 (11878597)|METHOD_EXIT|[37]|01p360000074iI2|AccountTableWrapper.getAccounts()
03:21:57.0 (11888122)|HEAP_ALLOCATE|[37]|Bytes:24
03:21:57.0 (11919677)|METHOD_ENTRY|[37]|01p360000074iI2|AccountTableWrapper.RowWrapper.addValue(String)
03:21:57.0 (11925555)|VARIABLE_SCOPE_BEGIN|[80]|this|AccountTableWrapper.RowWrapper|true|false
03:21:57.0 (11941541)|VARIABLE_ASSIGNMENT|[80]|this|{"values":"0x54bc81d4"}|0x7a17770d
03:21:57.0 (11944547)|VARIABLE_SCOPE_BEGIN|[80]|value|String|false|false
03:21:57.0 (11948481)|VARIABLE_ASSIGNMENT|[80]|value|"Green st."
03:21:57.0 (11951950)|STATEMENT_EXECUTE|[81]
03:21:57.0 (11953128)|STATEMENT_EXECUTE|[82]
03:21:57.0 (11968994)|VARIABLE_ASSIGNMENT|[EXTERNAL]|this|{"values":"0x54bc81d4"}|0x7a17770d
03:21:57.0 (11980885)|HEAP_ALLOCATE|[EXTERNAL]|Bytes:4
03:21:57.0 (11987320)|METHOD_EXIT|[37]|01p360000074iI2|AccountTableWrapper.RowWrapper.addValue(String)
03:21:57.0 (11990360)|STATEMENT_EXECUTE|[38]
03:21:57.0 (12032045)|VARIABLE_ASSIGNMENT|[EXTERNAL]|this|{"accs":"0x7a146b02","rows":"0x76de4582"}|0x769c1d7f
03:21:57.0 (12047599)|HEAP_ALLOCATE|[38]|Bytes:8
03:21:57.0 (12057132)|METHOD_ENTRY|[38]|01p360000074iI2|AccountTableWrapper.getAccounts()
03:21:57.0 (12061566)|VARIABLE_SCOPE_BEGIN|[9]|this|AccountTableWrapper|true|false
03:21:57.0 (12077818)|VARIABLE_ASSIGNMENT|[9]|this|{"accs":"0x7a146b02","rows":"0x76de4582"}|0x769c1d7f
03:21:57.0 (12085325)|HEAP_ALLOCATE|[11]|Bytes:5
03:21:57.0 (12088578)|STATEMENT_EXECUTE|[10]
03:21:57.0 (12108484)|VARIABLE_ASSIGNMENT|[EXTERNAL]|this|{"accs":"0x7a146b02","rows":"0x76de4582"}|0x769c1d7f
03:21:57.0 (12116005)|STATEMENT_EXECUTE|[11]
03:21:57.0 (12117646)|STATEMENT_EXECUTE|[17]
03:21:57.0 (12134334)|VARIABLE_ASSIGNMENT|[EXTERNAL]|this|{"accs":"0x7a146b02","rows":"0x76de4582"}|0x769c1d7f
03:21:57.0 (12144014)|METHOD_EXIT|[38]|01p360000074iI2|AccountTableWrapper.getAccounts()
03:21:57.0 (12153988)|HEAP_ALLOCATE|[38]|Bytes:24
03:21:57.0 (12184188)|METHOD_ENTRY|[38]|01p360000074iI2|AccountTableWrapper.RowWrapper.addValue(String)
03:21:57.0 (12189684)|VARIABLE_SCOPE_BEGIN|[80]|this|AccountTableWrapper.RowWrapper|true|false
03:21:57.0 (12206003)|VARIABLE_ASSIGNMENT|[80]|this|{"values":"0x2c0e2b2d"}|0x212fed4a
03:21:57.0 (12208869)|VARIABLE_SCOPE_BEGIN|[80]|value|String|false|false
03:21:57.0 (12212701)|VARIABLE_ASSIGNMENT|[80]|value|"LA"
03:21:57.0 (12215859)|STATEMENT_EXECUTE|[81]
03:21:57.0 (12217020)|STATEMENT_EXECUTE|[82]
03:21:57.0 (12232893)|VARIABLE_ASSIGNMENT|[EXTERNAL]|this|{"values":"0x2c0e2b2d"}|0x212fed4a
03:21:57.0 (12244735)|HEAP_ALLOCATE|[EXTERNAL]|Bytes:4
03:21:57.0 (12250944)|METHOD_EXIT|[38]|01p360000074iI2|AccountTableWrapper.RowWrapper.addValue(String)
03:21:57.0 (12253796)|STATEMENT_EXECUTE|[39]
03:21:57.0 (12294555)|VARIABLE_ASSIGNMENT|[EXTERNAL]|this|{"accs":"0x7a146b02","rows":"0x76de4582"}|0x769c1d7f
03:21:57.0 (12308753)|HEAP_ALLOCATE|[39]|Bytes:8
03:21:57.0 (12317959)|METHOD_ENTRY|[39]|01p360000074iI2|AccountTableWrapper.getAccounts()
03:21:57.0 (12322341)|VARIABLE_SCOPE_BEGIN|[9]|this|AccountTableWrapper|true|false
03:21:57.0 (12338285)|VARIABLE_ASSIGNMENT|[9]|this|{"accs":"0x7a146b02","rows":"0x76de4582"}|0x769c1d7f
03:21:57.0 (12345913)|HEAP_ALLOCATE|[11]|Bytes:5
03:21:57.0 (12349157)|STATEMENT_EXECUTE|[10]
03:21:57.0 (12374356)|VARIABLE_ASSIGNMENT|[EXTERNAL]|this|{"accs":"0x7a146b02","rows":"0x76de4582"}|0x769c1d7f
03:21:57.0 (12382578)|STATEMENT_EXECUTE|[11]
03:21:57.0 (12384324)|STATEMENT_EXECUTE|[17]
03:21:57.0 (12401975)|VARIABLE_ASSIGNMENT|[EXTERNAL]|this|{"accs":"0x7a146b02","rows":"0x76de4582"}|0x769c1d7f
03:21:57.0 (12412244)|METHOD_EXIT|[39]|01p360000074iI2|AccountTableWrapper.getAccounts()
03:21:57.0 (12421250)|HEAP_ALLOCATE|[39]|Bytes:24
03:21:57.0 (12450702)|METHOD_ENTRY|[39]|01p360000074iI2|AccountTableWrapper.RowWrapper.addValue(String)
03:21:57.0 (12456150)|VARIABLE_SCOPE_BEGIN|[80]|this|AccountTableWrapper.RowWrapper|true|false
03:21:57.0 (12472345)|VARIABLE_ASSIGNMENT|[80]|this|{"values":"0x5de200f7"}|0x6de08ebe
03:21:57.0 (12475283)|VARIABLE_SCOPE_BEGIN|[80]|value|String|false|false
03:21:57.0 (12479263)|VARIABLE_ASSIGNMENT|[80]|value|"442234"
03:21:57.0 (12482614)|STATEMENT_EXECUTE|[81]
03:21:57.0 (12483816)|STATEMENT_EXECUTE|[82]
03:21:57.0 (12499318)|VARIABLE_ASSIGNMENT|[EXTERNAL]|this|{"values":"0x5de200f7"}|0x6de08ebe
03:21:57.0 (12510859)|HEAP_ALLOCATE|[EXTERNAL]|Bytes:4
03:21:57.0 (12517081)|METHOD_EXIT|[39]|01p360000074iI2|AccountTableWrapper.RowWrapper.addValue(String)
03:21:57.0 (12520351)|HEAP_ALLOCATE|[34]|Bytes:4
03:21:57.0 (12527003)|VARIABLE_ASSIGNMENT|[34]|idx|1
03:21:57.0 (12533383)|METHOD_ENTRY|[34]|01p360000074iI2|AccountTableWrapper.getAccounts()
03:21:57.0 (12537220)|VARIABLE_SCOPE_BEGIN|[9]|this|AccountTableWrapper|true|false
03:21:57.0 (12552931)|VARIABLE_ASSIGNMENT|[9]|this|{"accs":"0x7a146b02","rows":"0x76de4582"}|0x769c1d7f
03:21:57.0 (12560093)|HEAP_ALLOCATE|[11]|Bytes:5
03:21:57.0 (12563049)|STATEMENT_EXECUTE|[10]
03:21:57.0 (12583015)|VARIABLE_ASSIGNMENT|[EXTERNAL]|this|{"accs":"0x7a146b02","rows":"0x76de4582"}|0x769c1d7f
03:21:57.0 (12590586)|STATEMENT_EXECUTE|[11]
03:21:57.0 (12592260)|STATEMENT_EXECUTE|[17]
03:21:57.0 (12608987)|VARIABLE_ASSIGNMENT|[EXTERNAL]|this|{"accs":"0x7a146b02","rows":"0x76de4582"}|0x769c1d7f
03:21:57.0 (12618634)|METHOD_EXIT|[34]|01p360000074iI2|AccountTableWrapper.getAccounts()
03:21:57.0 (12629029)|STATEMENT_EXECUTE|[35]
03:21:57.0 (12630578)|STATEMENT_EXECUTE|[36]
03:21:57.0 (12648414)|VARIABLE_ASSIGNMENT|[EXTERNAL]|this|{"accs":"0x7a146b02","rows":"0x76de4582"}|0x769c1d7f
03:21:57.0 (12658345)|HEAP_ALLOCATE|[36]|Bytes:8
03:21:57.0 (12664887)|METHOD_ENTRY|[36]|01p360000074iI2|AccountTableWrapper.getAccounts()
03:21:57.0 (12669071)|VARIABLE_SCOPE_BEGIN|[9]|this|AccountTableWrapper|true|false
03:21:57.0 (12684211)|VARIABLE_ASSIGNMENT|[9]|this|{"accs":"0x7a146b02","rows":"0x76de4582"}|0x769c1d7f
03:21:57.0 (12690895)|HEAP_ALLOCATE|[11]|Bytes:5
03:21:57.0 (12693778)|STATEMENT_EXECUTE|[10]
03:21:57.0 (12713017)|VARIABLE_ASSIGNMENT|[EXTERNAL]|this|{"accs":"0x7a146b02","rows":"0x76de4582"}|0x769c1d7f
03:21:57.0 (12720060)|STATEMENT_EXECUTE|[11]
03:21:57.0 (12721687)|STATEMENT_EXECUTE|[17]
03:21:57.0 (12738093)|VARIABLE_ASSIGNMENT|[EXTERNAL]|this|{"accs":"0x7a146b02","rows":"0x76de4582"}|0x769c1d7f
03:21:57.0 (12747611)|METHOD_EXIT|[36]|01p360000074iI2|AccountTableWrapper.getAccounts()
03:21:57.0 (12763368)|HEAP_ALLOCATE|[36]|Bytes:24
03:21:57.0 (12779496)|METHOD_ENTRY|[36]|01p360000074iI2|AccountTableWrapper.RowWrapper.addValue(String)
03:21:57.0 (12784812)|VARIABLE_SCOPE_BEGIN|[80]|this|AccountTableWrapper.RowWrapper|true|false
03:21:57.0 (12800139)|VARIABLE_ASSIGNMENT|[80]|this|{"values":"0x63a2c889"}|0x1362a362
03:21:57.0 (12802947)|VARIABLE_SCOPE_BEGIN|[80]|value|String|false|false
03:21:57.0 (12808180)|VARIABLE_ASSIGNMENT|[80]|value|"Burlington Textiles  (15 more) ..."
03:21:57.0 (12811490)|STATEMENT_EXECUTE|[81]
03:21:57.0 (12812698)|STATEMENT_EXECUTE|[82]
03:21:57.0 (12828742)|VARIABLE_ASSIGNMENT|[EXTERNAL]|this|{"values":"0x63a2c889"}|0x1362a362
03:21:57.0 (12840272)|HEAP_ALLOCATE|[EXTERNAL]|Bytes:4
03:21:57.0 (12846425)|METHOD_EXIT|[36]|01p360000074iI2|AccountTableWrapper.RowWrapper.addValue(String)
03:21:57.0 (12849252)|STATEMENT_EXECUTE|[37]
03:21:57.0 (12868462)|VARIABLE_ASSIGNMENT|[EXTERNAL]|this|{"accs":"0x7a146b02","rows":"0x76de4582"}|0x769c1d7f
03:21:57.0 (12878572)|HEAP_ALLOCATE|[37]|Bytes:8
03:21:57.0 (12885282)|METHOD_ENTRY|[37]|01p360000074iI2|AccountTableWrapper.getAccounts()
03:21:57.0 (12889269)|VARIABLE_SCOPE_BEGIN|[9]|this|AccountTableWrapper|true|false
03:21:57.0 (12904306)|VARIABLE_ASSIGNMENT|[9]|this|{"accs":"0x7a146b02","rows":"0x76de4582"}|0x769c1d7f
03:21:57.0 (12911515)|HEAP_ALLOCATE|[11]|Bytes:5
03:21:57.0 (12914399)|STATEMENT_EXECUTE|[10]
03:21:57.0 (12933855)|VARIABLE_ASSIGNMENT|[EXTERNAL]|this|{"accs":"0x7a146b02","rows":"0x76de4582"}|0x769c1d7f
03:21:57.0 (12941136)|STATEMENT_EXECUTE|[11]
03:21:57.0 (12942803)|STATEMENT_EXECUTE|[17]
03:21:57.0 (12959663)|VARIABLE_ASSIGNMENT|[EXTERNAL]|this|{"accs":"0x7a146b02","rows":"0x76de4582"}|0x769c1d7f
03:21:57.0 (12969335)|METHOD_EXIT|[37]|01p360000074iI2|AccountTableWrapper.getAccounts()
03:21:57.0 (12976962)|HEAP_ALLOCATE|[37]|Bytes:24
03:21:57.0 (12989498)|METHOD_ENTRY|[37]|01p360000074iI2|AccountTableWrapper.RowWrapper.addValue(String)
03:21:57.0 (12993889)|VARIABLE_SCOPE_BEGIN|[80]|this|AccountTableWrapper.RowWrapper|true|false
03:21:57.0 (13008225)|VARIABLE_ASSIGNMENT|[80]|this|{"values":"0x54bc81d4"}|0x7a17770d
03:21:57.0 (13011873)|VARIABLE_SCOPE_BEGIN|[80]|value|String|false|false
03:21:57.0 (13016061)|VARIABLE_ASSIGNMENT|[80]|value|"525 S. Lexington Ave"
03:21:57.0 (13019318)|STATEMENT_EXECUTE|[81]
03:21:57.0 (13020471)|STATEMENT_EXECUTE|[82]
03:21:57.0 (13036141)|VARIABLE_ASSIGNMENT|[EXTERNAL]|this|{"values":"0x54bc81d4"}|0x7a17770d
03:21:57.0 (13047073)|HEAP_ALLOCATE|[EXTERNAL]|Bytes:4
03:21:57.0 (13053331)|METHOD_EXIT|[37]|01p360000074iI2|AccountTableWrapper.RowWrapper.addValue(String)
03:21:57.0 (13056091)|STATEMENT_EXECUTE|[38]
03:21:57.0 (13075143)|VARIABLE_ASSIGNMENT|[EXTERNAL]|this|{"accs":"0x7a146b02","rows":"0x76de4582"}|0x769c1d7f
03:21:57.0 (13085245)|HEAP_ALLOCATE|[38]|Bytes:8
03:21:57.0 (13091927)|METHOD_ENTRY|[38]|01p360000074iI2|AccountTableWrapper.getAccounts()
03:21:57.0 (13095928)|VARIABLE_SCOPE_BEGIN|[9]|this|AccountTableWrapper|true|false
03:21:57.0 (13110828)|VARIABLE_ASSIGNMENT|[9]|this|{"accs":"0x7a146b02","rows":"0x76de4582"}|0x769c1d7f
03:21:57.0 (13117719)|HEAP_ALLOCATE|[11]|Bytes:5
03:21:57.0 (13120563)|STATEMENT_EXECUTE|[10]
03:21:57.0 (13140030)|VARIABLE_ASSIGNMENT|[EXTERNAL]|this|{"accs":"0x7a146b02","rows":"0x76de4582"}|0x769c1d7f
03:21:57.0 (13147189)|STATEMENT_EXECUTE|[11]
03:21:57.0 (13148805)|STATEMENT_EXECUTE|[17]
03:21:57.0 (13165288)|VARIABLE_ASSIGNMENT|[EXTERNAL]|this|{"accs":"0x7a146b02","rows":"0x76de4582"}|0x769c1d7f
03:21:57.0 (13174811)|METHOD_EXIT|[38]|01p360000074iI2|AccountTableWrapper.getAccounts()
03:21:57.0 (13182131)|HEAP_ALLOCATE|[38]|Bytes:24
03:21:57.0 (13194624)|METHOD_ENTRY|[38]|01p360000074iI2|AccountTableWrapper.RowWrapper.addValue(String)
03:21:57.0 (13198912)|VARIABLE_SCOPE_BEGIN|[80]|this|AccountTableWrapper.RowWrapper|true|false
03:21:57.0 (13213145)|VARIABLE_ASSIGNMENT|[80]|this|{"values":"0x2c0e2b2d"}|0x212fed4a
03:21:57.0 (13216241)|VARIABLE_SCOPE_BEGIN|[80]|value|String|false|false
03:21:57.0 (13220084)|VARIABLE_ASSIGNMENT|[80]|value|"Burlington"
03:21:57.0 (13223250)|STATEMENT_EXECUTE|[81]
03:21:57.0 (13224423)|STATEMENT_EXECUTE|[82]
03:21:57.0 (13239489)|VARIABLE_ASSIGNMENT|[EXTERNAL]|this|{"values":"0x2c0e2b2d"}|0x212fed4a
03:21:57.0 (13250714)|HEAP_ALLOCATE|[EXTERNAL]|Bytes:4
03:21:57.0 (13256636)|METHOD_EXIT|[38]|01p360000074iI2|AccountTableWrapper.RowWrapper.addValue(String)
03:21:57.0 (13259404)|STATEMENT_EXECUTE|[39]
03:21:57.0 (13278203)|VARIABLE_ASSIGNMENT|[EXTERNAL]|this|{"accs":"0x7a146b02","rows":"0x76de4582"}|0x769c1d7f
03:21:57.0 (13288265)|HEAP_ALLOCATE|[39]|Bytes:8
03:21:57.0 (13294843)|METHOD_ENTRY|[39]|01p360000074iI2|AccountTableWrapper.getAccounts()
03:21:57.0 (13298834)|VARIABLE_SCOPE_BEGIN|[9]|this|AccountTableWrapper|true|false
03:21:57.0 (13314014)|VARIABLE_ASSIGNMENT|[9]|this|{"accs":"0x7a146b02","rows":"0x76de4582"}|0x769c1d7f
03:21:57.0 (13321031)|HEAP_ALLOCATE|[11]|Bytes:5
03:21:57.0 (13323899)|STATEMENT_EXECUTE|[10]
03:21:57.0 (13343096)|VARIABLE_ASSIGNMENT|[EXTERNAL]|this|{"accs":"0x7a146b02","rows":"0x76de4582"}|0x769c1d7f
03:21:57.0 (13350948)|STATEMENT_EXECUTE|[11]
03:21:57.0 (13352635)|STATEMENT_EXECUTE|[17]
03:21:57.0 (13374350)|VARIABLE_ASSIGNMENT|[EXTERNAL]|this|{"accs":"0x7a146b02","rows":"0x76de4582"}|0x769c1d7f
03:21:57.0 (13384776)|METHOD_EXIT|[39]|01p360000074iI2|AccountTableWrapper.getAccounts()
03:21:57.0 (13392519)|HEAP_ALLOCATE|[39]|Bytes:24
03:21:57.0 (13405038)|METHOD_ENTRY|[39]|01p360000074iI2|AccountTableWrapper.RowWrapper.addValue(String)
03:21:57.0 (13409489)|VARIABLE_SCOPE_BEGIN|[80]|this|AccountTableWrapper.RowWrapper|true|false
03:21:57.0 (13423810)|VARIABLE_ASSIGNMENT|[80]|this|{"values":"0x5de200f7"}|0x6de08ebe
03:21:57.0 (13426620)|VARIABLE_SCOPE_BEGIN|[80]|value|String|false|false
03:21:57.0 (13430391)|VARIABLE_ASSIGNMENT|[80]|value|"27215"
03:21:57.0 (13433656)|STATEMENT_EXECUTE|[81]
03:21:57.0 (13434805)|STATEMENT_EXECUTE|[82]
03:21:57.0 (13450282)|VARIABLE_ASSIGNMENT|[EXTERNAL]|this|{"values":"0x5de200f7"}|0x6de08ebe
03:21:57.0 (13461727)|HEAP_ALLOCATE|[EXTERNAL]|Bytes:4
03:21:57.0 (13467924)|METHOD_EXIT|[39]|01p360000074iI2|AccountTableWrapper.RowWrapper.addValue(String)
03:21:57.0 (13470880)|HEAP_ALLOCATE|[34]|Bytes:4
03:21:57.0 (13476995)|VARIABLE_ASSIGNMENT|[34]|idx|2
03:21:57.0 (13482844)|METHOD_ENTRY|[34]|01p360000074iI2|AccountTableWrapper.getAccounts()
03:21:57.0 (13486702)|VARIABLE_SCOPE_BEGIN|[9]|this|AccountTableWrapper|true|false
03:21:57.0 (13502396)|VARIABLE_ASSIGNMENT|[9]|this|{"accs":"0x7a146b02","rows":"0x76de4582"}|0x769c1d7f
03:21:57.0 (13509701)|HEAP_ALLOCATE|[11]|Bytes:5
03:21:57.0 (13512645)|STATEMENT_EXECUTE|[10]
03:21:57.0 (13532284)|VARIABLE_ASSIGNMENT|[EXTERNAL]|this|{"accs":"0x7a146b02","rows":"0x76de4582"}|0x769c1d7f
03:21:57.0 (13539565)|STATEMENT_EXECUTE|[11]
03:21:57.0 (13541265)|STATEMENT_EXECUTE|[17]
03:21:57.0 (13557998)|VARIABLE_ASSIGNMENT|[EXTERNAL]|this|{"accs":"0x7a146b02","rows":"0x76de4582"}|0x769c1d7f
03:21:57.0 (13567530)|METHOD_EXIT|[34]|01p360000074iI2|AccountTableWrapper.getAccounts()
03:21:57.0 (13577811)|STATEMENT_EXECUTE|[35]
03:21:57.0 (13579386)|STATEMENT_EXECUTE|[36]
03:21:57.0 (13597340)|VARIABLE_ASSIGNMENT|[EXTERNAL]|this|{"accs":"0x7a146b02","rows":"0x76de4582"}|0x769c1d7f
03:21:57.0 (13607137)|HEAP_ALLOCATE|[36]|Bytes:8
03:21:57.0 (13613691)|METHOD_ENTRY|[36]|01p360000074iI2|AccountTableWrapper.getAccounts()
03:21:57.0 (13617680)|VARIABLE_SCOPE_BEGIN|[9]|this|AccountTableWrapper|true|false
03:21:57.0 (13632347)|VARIABLE_ASSIGNMENT|[9]|this|{"accs":"0x7a146b02","rows":"0x76de4582"}|0x769c1d7f
03:21:57.0 (13639062)|HEAP_ALLOCATE|[11]|Bytes:5
03:21:57.0 (13641893)|STATEMENT_EXECUTE|[10]
03:21:57.0 (13660977)|VARIABLE_ASSIGNMENT|[EXTERNAL]|this|{"accs":"0x7a146b02","rows":"0x76de4582"}|0x769c1d7f
03:21:57.0 (13668531)|STATEMENT_EXECUTE|[11]
03:21:57.0 (13670199)|STATEMENT_EXECUTE|[17]
03:21:57.0 (13686985)|VARIABLE_ASSIGNMENT|[EXTERNAL]|this|{"accs":"0x7a146b02","rows":"0x76de4582"}|0x769c1d7f
03:21:57.0 (13696683)|METHOD_EXIT|[36]|01p360000074iI2|AccountTableWrapper.getAccounts()
03:21:57.0 (13728091)|HEAP_ALLOCATE|[36]|Bytes:24
03:21:57.0 (13754092)|METHOD_ENTRY|[36]|01p360000074iI2|AccountTableWrapper.RowWrapper.addValue(String)
03:21:57.0 (13762333)|VARIABLE_SCOPE_BEGIN|[80]|this|AccountTableWrapper.RowWrapper|true|false
03:21:57.0 (13785991)|VARIABLE_ASSIGNMENT|[80]|this|{"values":"0x63a2c889"}|0x1362a362
03:21:57.0 (13791710)|VARIABLE_SCOPE_BEGIN|[80]|value|String|false|false
03:21:57.0 (13799897)|VARIABLE_ASSIGNMENT|[80]|value|"Pyramid Construction (5 more) ..."
03:21:57.0 (13804550)|STATEMENT_EXECUTE|[81]
03:21:57.0 (13806276)|STATEMENT_EXECUTE|[82]
03:21:57.0 (13836211)|VARIABLE_ASSIGNMENT|[EXTERNAL]|this|{"values":"0x63a2c889"}|0x1362a362
03:21:57.0 (13856936)|HEAP_ALLOCATE|[EXTERNAL]|Bytes:4
03:21:57.0 (13873179)|METHOD_EXIT|[36]|01p360000074iI2|AccountTableWrapper.RowWrapper.addValue(String)
03:21:57.0 (13878380)|STATEMENT_EXECUTE|[37]
03:21:57.0 (13903902)|VARIABLE_ASSIGNMENT|[EXTERNAL]|this|{"accs":"0x7a146b02","rows":"0x76de4582"}|0x769c1d7f
03:21:57.0 (13915091)|HEAP_ALLOCATE|[37]|Bytes:8
03:21:57.0 (13922416)|METHOD_ENTRY|[37]|01p360000074iI2|AccountTableWrapper.getAccounts()
03:21:57.0 (13926628)|VARIABLE_SCOPE_BEGIN|[9]|this|AccountTableWrapper|true|false
03:21:57.0 (13942018)|VARIABLE_ASSIGNMENT|[9]|this|{"accs":"0x7a146b02","rows":"0x76de4582"}|0x769c1d7f
03:21:57.0 (13949475)|HEAP_ALLOCATE|[11]|Bytes:5
03:21:57.0 (13952457)|STATEMENT_EXECUTE|[10]
03:21:57.0 (13972433)|VARIABLE_ASSIGNMENT|[EXTERNAL]|this|{"accs":"0x7a146b02","rows":"0x76de4582"}|0x769c1d7f
03:21:57.0 (13979811)|STATEMENT_EXECUTE|[11]
03:21:57.0 (13981376)|STATEMENT_EXECUTE|[17]
03:21:57.0 (13998558)|VARIABLE_ASSIGNMENT|[EXTERNAL]|this|{"accs":"0x7a146b02","rows":"0x76de4582"}|0x769c1d7f
03:21:57.0 (14008157)|METHOD_EXIT|[37]|01p360000074iI2|AccountTableWrapper.getAccounts()
03:21:57.0 (14016881)|HEAP_ALLOCATE|[37]|Bytes:24
03:21:57.0 (14030075)|METHOD_ENTRY|[37]|01p360000074iI2|AccountTableWrapper.RowWrapper.addValue(String)
03:21:57.0 (14034747)|VARIABLE_SCOPE_BEGIN|[80]|this|AccountTableWrapper.RowWrapper|true|false
03:21:57.0 (14049216)|VARIABLE_ASSIGNMENT|[80]|this|{"values":"0x54bc81d4"}|0x7a17770d
03:21:57.0 (14051951)|VARIABLE_SCOPE_BEGIN|[80]|value|String|false|false
03:21:57.0 (14056031)|VARIABLE_ASSIGNMENT|[80]|value|"2 Place Jussieu"
03:21:57.0 (14059581)|STATEMENT_EXECUTE|[81]
03:21:57.0 (14060748)|STATEMENT_EXECUTE|[82]
03:21:57.0 (14076333)|VARIABLE_ASSIGNMENT|[EXTERNAL]|this|{"values":"0x54bc81d4"}|0x7a17770d
03:21:57.0 (14087538)|HEAP_ALLOCATE|[EXTERNAL]|Bytes:4
03:21:57.0 (14093553)|METHOD_EXIT|[37]|01p360000074iI2|AccountTableWrapper.RowWrapper.addValue(String)
03:21:57.0 (14096279)|STATEMENT_EXECUTE|[38]
03:21:57.0 (14115355)|VARIABLE_ASSIGNMENT|[EXTERNAL]|this|{"accs":"0x7a146b02","rows":"0x76de4582"}|0x769c1d7f
03:21:57.0 (14125697)|HEAP_ALLOCATE|[38]|Bytes:8
03:21:57.0 (14144353)|METHOD_ENTRY|[38]|01p360000074iI2|AccountTableWrapper.getAccounts()
03:21:57.0 (14152939)|VARIABLE_SCOPE_BEGIN|[9]|this|AccountTableWrapper|true|false
03:21:57.0 (14189478)|VARIABLE_ASSIGNMENT|[9]|this|{"accs":"0x7a146b02","rows":"0x76de4582"}|0x769c1d7f
03:21:57.0 (14203138)|HEAP_ALLOCATE|[11]|Bytes:5
03:21:57.0 (14208299)|STATEMENT_EXECUTE|[10]
03:21:57.0 (14245921)|VARIABLE_ASSIGNMENT|[EXTERNAL]|this|{"accs":"0x7a146b02","rows":"0x76de4582"}|0x769c1d7f
03:21:57.0 (14264463)|STATEMENT_EXECUTE|[11]
03:21:57.0 (14267709)|STATEMENT_EXECUTE|[17]
03:21:57.0 (14292559)|VARIABLE_ASSIGNMENT|[EXTERNAL]|this|{"accs":"0x7a146b02","rows":"0x76de4582"}|0x769c1d7f
03:21:57.0 (14304144)|METHOD_EXIT|[38]|01p360000074iI2|AccountTableWrapper.getAccounts()
03:21:57.0 (14315308)|HEAP_ALLOCATE|[38]|Bytes:24
03:21:57.0 (14329509)|METHOD_ENTRY|[38]|01p360000074iI2|AccountTableWrapper.RowWrapper.addValue(String)
03:21:57.0 (14334152)|VARIABLE_SCOPE_BEGIN|[80]|this|AccountTableWrapper.RowWrapper|true|false
03:21:57.0 (14349090)|VARIABLE_ASSIGNMENT|[80]|this|{"values":"0x2c0e2b2d"}|0x212fed4a
03:21:57.0 (14352039)|VARIABLE_SCOPE_BEGIN|[80]|value|String|false|false
03:21:57.0 (14355559)|VARIABLE_ASSIGNMENT|[80]|value|"Paris"
03:21:57.0 (14358826)|STATEMENT_EXECUTE|[81]
03:21:57.0 (14360028)|STATEMENT_EXECUTE|[82]
03:21:57.0 (14381005)|VARIABLE_ASSIGNMENT|[EXTERNAL]|this|{"values":"0x2c0e2b2d"}|0x212fed4a
03:21:57.0 (14392943)|HEAP_ALLOCATE|[EXTERNAL]|Bytes:4
03:21:57.0 (14399336)|METHOD_EXIT|[38]|01p360000074iI2|AccountTableWrapper.RowWrapper.addValue(String)
03:21:57.0 (14402145)|STATEMENT_EXECUTE|[39]
03:21:57.0 (14421405)|VARIABLE_ASSIGNMENT|[EXTERNAL]|this|{"accs":"0x7a146b02","rows":"0x76de4582"}|0x769c1d7f
03:21:57.0 (14431638)|HEAP_ALLOCATE|[39]|Bytes:8
03:21:57.0 (14438402)|METHOD_ENTRY|[39]|01p360000074iI2|AccountTableWrapper.getAccounts()
03:21:57.0 (14442484)|VARIABLE_SCOPE_BEGIN|[9]|this|AccountTableWrapper|true|false
03:21:57.0 (14457448)|VARIABLE_ASSIGNMENT|[9]|this|{"accs":"0x7a146b02","rows":"0x76de4582"}|0x769c1d7f
03:21:57.0 (14464647)|HEAP_ALLOCATE|[11]|Bytes:5
03:21:57.0 (14467608)|STATEMENT_EXECUTE|[10]
03:21:57.0 (14506646)|VARIABLE_ASSIGNMENT|[EXTERNAL]|this|{"accs":"0x7a146b02","rows":"0x76de4582"}|0x769c1d7f
03:21:57.0 (14516722)|STATEMENT_EXECUTE|[11]
03:21:57.0 (14518599)|STATEMENT_EXECUTE|[17]
03:21:57.0 (14538044)|VARIABLE_ASSIGNMENT|[EXTERNAL]|this|{"accs":"0x7a146b02","rows":"0x76de4582"}|0x769c1d7f
03:21:57.0 (14548009)|METHOD_EXIT|[39]|01p360000074iI2|AccountTableWrapper.getAccounts()
03:21:57.0 (14555713)|HEAP_ALLOCATE|[39]|Bytes:24
03:21:57.0 (14569004)|METHOD_ENTRY|[39]|01p360000074iI2|AccountTableWrapper.RowWrapper.addValue(String)
03:21:57.0 (14573393)|VARIABLE_SCOPE_BEGIN|[80]|this|AccountTableWrapper.RowWrapper|true|false
03:21:57.0 (14588078)|VARIABLE_ASSIGNMENT|[80]|this|{"values":"0x5de200f7"}|0x6de08ebe
03:21:57.0 (14591011)|VARIABLE_SCOPE_BEGIN|[80]|value|String|false|false
03:21:57.0 (14594513)|VARIABLE_ASSIGNMENT|[80]|value|"75251"
03:21:57.0 (14597638)|STATEMENT_EXECUTE|[81]
03:21:57.0 (14598781)|STATEMENT_EXECUTE|[82]
03:21:57.0 (14614030)|VARIABLE_ASSIGNMENT|[EXTERNAL]|this|{"values":"0x5de200f7"}|0x6de08ebe
03:21:57.0 (14625383)|HEAP_ALLOCATE|[EXTERNAL]|Bytes:4
03:21:57.0 (14631692)|METHOD_EXIT|[39]|01p360000074iI2|AccountTableWrapper.RowWrapper.addValue(String)
03:21:57.0 (14634895)|HEAP_ALLOCATE|[34]|Bytes:4
03:21:57.0 (14641288)|VARIABLE_ASSIGNMENT|[34]|idx|3
03:21:57.0 (14647219)|METHOD_ENTRY|[34]|01p360000074iI2|AccountTableWrapper.getAccounts()
03:21:57.0 (14651169)|VARIABLE_SCOPE_BEGIN|[9]|this|AccountTableWrapper|true|false
03:21:57.0 (14666877)|VARIABLE_ASSIGNMENT|[9]|this|{"accs":"0x7a146b02","rows":"0x76de4582"}|0x769c1d7f
03:21:57.0 (14673852)|HEAP_ALLOCATE|[11]|Bytes:5
03:21:57.0 (14676810)|STATEMENT_EXECUTE|[10]
03:21:57.0 (14696284)|VARIABLE_ASSIGNMENT|[EXTERNAL]|this|{"accs":"0x7a146b02","rows":"0x76de4582"}|0x769c1d7f
03:21:57.0 (14703643)|STATEMENT_EXECUTE|[11]
03:21:57.0 (14705255)|STATEMENT_EXECUTE|[17]
03:21:57.0 (14722277)|VARIABLE_ASSIGNMENT|[EXTERNAL]|this|{"accs":"0x7a146b02","rows":"0x76de4582"}|0x769c1d7f
03:21:57.0 (14732303)|METHOD_EXIT|[34]|01p360000074iI2|AccountTableWrapper.getAccounts()
03:21:57.0 (14743734)|STATEMENT_EXECUTE|[43]
03:21:57.0 (14788425)|VARIABLE_ASSIGNMENT|[EXTERNAL]|this|{"accs":"0x7a146b02","rows":"0x76de4582"}|0x769c1d7f
03:21:57.0 (14802383)|SYSTEM_MODE_EXIT|false
03:21:57.0 (14818862)|CODE_UNIT_FINISHED|AccountTableWrapper invoke(getrowWrappers)
03:21:57.0 (14843119)|CODE_UNIT_FINISHED|AccountTableWrapper get(rowWrappers)
03:21:57.0 (15128911)|CODE_UNIT_STARTED|[EXTERNAL]|01p360000074iI2|values
03:21:57.0 (15149184)|CODE_UNIT_FINISHED|values
03:21:57.0 (15336798)|CODE_UNIT_STARTED|[EXTERNAL]|01p360000074iI2|values
03:21:57.0 (15352788)|CODE_UNIT_FINISHED|values
03:21:57.0 (15544324)|CODE_UNIT_STARTED|[EXTERNAL]|01p360000074iI2|values
03:21:57.0 (15560319)|CODE_UNIT_FINISHED|values
03:21:57.0 (15739326)|CODE_UNIT_STARTED|[EXTERNAL]|01p360000074iI2|values
03:21:57.0 (15754457)|CODE_UNIT_FINISHED|values
03:21:57.0 (20298883)|VF_SERIALIZE_VIEWSTATE_BEGIN|06636000002n6IF
03:21:57.0 (35584441)|VF_SERIALIZE_VIEWSTATE_END
03:21:57.0 (41444798)|CODE_UNIT_STARTED|[EXTERNAL]|Generate Metadata
03:21:57.0 (46785052)|CODE_UNIT_FINISHED|Generate Metadata
03:21:57.53 (53245495)|CUMULATIVE_LIMIT_USAGE
03:21:57.53 (53245495)|LIMIT_USAGE_FOR_NS|(default)|
  Number of SOQL queries: 1 out of 100
  Number of query rows: 3 out of 50000
  Number of SOSL queries: 0 out of 20
  Number of DML statements: 0 out of 150
  Number of DML rows: 0 out of 10000
  Maximum CPU time: 0 out of 10000
  Maximum heap size: 0 out of 6000000
  Number of callouts: 0 out of 100
  Number of Email Invocations: 0 out of 10
  Number of future calls: 0 out of 50
  Number of queueable jobs added to the queue: 0 out of 50
  Number of Mobile Apex push calls: 0 out of 10

03:21:57.53 (53245495)|CUMULATIVE_LIMIT_USAGE_END

03:21:57.0 (53321450)|CODE_UNIT_FINISHED|VF: /apex/AccountTabWrap
03:21:57.0 (54962296)|EXECUTION_FINISHED
