36.0 APEX_CODE,FINEST;APEX_PROFILING,INFO;CALLOUT,INFO;DB,INFO;SYSTEM,DEBUG;VALIDATION,INFO;VISUALFORCE,INFO;WORKFLOW,INFO
06:23:13.0 (397573)|EXECUTION_STARTED
06:23:13.0 (431668)|CODE_UNIT_STARTED|[EXTERNAL]|06636000002n7XB|VF: /apex/DraftsToPersonTable
06:23:13.0 (11962981)|CODE_UNIT_STARTED|[EXTERNAL]|01p360000074pQr|DraftsToPersons <init>
06:23:13.0 (11985435)|SYSTEM_MODE_ENTER|true
06:23:13.0 (12610535)|HEAP_ALLOCATE|[72]|Bytes:3
06:23:13.0 (12684815)|HEAP_ALLOCATE|[77]|Bytes:152
06:23:13.0 (12712945)|HEAP_ALLOCATE|[342]|Bytes:408
06:23:13.0 (12734924)|HEAP_ALLOCATE|[355]|Bytes:408
06:23:13.0 (12755062)|HEAP_ALLOCATE|[467]|Bytes:48
06:23:13.0 (12794688)|HEAP_ALLOCATE|[139]|Bytes:6
06:23:13.0 (12820676)|HEAP_ALLOCATE|[EXTERNAL]|Bytes:10
06:23:13.0 (12825962)|HEAP_ALLOCATE|[EXTERNAL]|Bytes:140
06:23:13.0 (12828970)|HEAP_ALLOCATE|[EXTERNAL]|Bytes:21
06:23:13.0 (12847020)|METHOD_ENTRY|[1]|01p360000074pQr|DraftsToPersons.DraftsToPersons()
06:23:13.0 (12852545)|STATEMENT_EXECUTE|[1]
06:23:13.0 (12861163)|STATEMENT_EXECUTE|[1]
06:23:13.0 (12901130)|HEAP_ALLOCATE|[50]|Bytes:5
06:23:13.0 (12924867)|HEAP_ALLOCATE|[56]|Bytes:5
06:23:13.0 (12933340)|HEAP_ALLOCATE|[64]|Bytes:7
06:23:13.0 (12959251)|SYSTEM_MODE_ENTER|false
06:23:13.0 (12977431)|HEAP_ALLOCATE|[EXTERNAL]|Bytes:5
06:23:13.0 (12981864)|STATEMENT_EXECUTE|[69]
06:23:13.0 (12988021)|SYSTEM_MODE_EXIT|false
06:23:13.0 (12998570)|METHOD_EXIT|[1]|DraftsToPersons
06:23:13.0 (13289709)|HEAP_ALLOCATE|[EXTERNAL]|Bytes:20
06:23:13.0 (13305255)|VARIABLE_SCOPE_BEGIN|[7]|this|DraftsToPersons|true|false
06:23:13.0 (13389229)|VARIABLE_ASSIGNMENT|[7]|this|{}|0x5adbfc5b
06:23:13.0 (13402986)|SYSTEM_MODE_ENTER|false
06:23:13.0 (13408275)|HEAP_ALLOCATE|[EXTERNAL]|Bytes:5
06:23:13.0 (13412020)|STATEMENT_EXECUTE|[1]
06:23:13.0 (13415160)|HEAP_ALLOCATE|[EXTERNAL]|Bytes:5
06:23:13.0 (13417184)|STATEMENT_EXECUTE|[2]
06:23:13.0 (13419029)|STATEMENT_EXECUTE|[3]
06:23:13.0 (13420176)|STATEMENT_EXECUTE|[4]
06:23:13.0 (13421421)|STATEMENT_EXECUTE|[5]
06:23:13.0 (13431118)|HEAP_ALLOCATE|[EXTERNAL]|Bytes:6
06:23:13.0 (13456921)|STATEMENT_EXECUTE|[8]
06:23:13.0 (13462573)|SYSTEM_MODE_EXIT|false
06:23:13.0 (13482478)|CODE_UNIT_FINISHED|DraftsToPersons <init>
06:23:13.0 (13539944)|CODE_UNIT_STARTED|[EXTERNAL]|01p360000074pQr|DraftsToPersons get(Persons)
06:23:13.0 (13547201)|SYSTEM_MODE_ENTER|true
06:23:13.0 (13576238)|CODE_UNIT_STARTED|[EXTERNAL]|01p360000074pQr|DraftsToPersons invoke(getPersons)
06:23:13.0 (13617714)|HEAP_ALLOCATE|[EXTERNAL]|Bytes:20
06:23:13.0 (13627715)|VARIABLE_SCOPE_BEGIN|[23]|this|DraftsToPersons|true|false
06:23:13.0 (13647930)|VARIABLE_ASSIGNMENT|[23]|this|{}|0x5adbfc5b
06:23:13.0 (13664611)|SYSTEM_MODE_ENTER|false
06:23:13.0 (13669242)|HEAP_ALLOCATE|[25]|Bytes:5
06:23:13.0 (13673020)|STATEMENT_EXECUTE|[24]
06:23:13.0 (13723970)|VARIABLE_ASSIGNMENT|[EXTERNAL]|this|{}|0x5adbfc5b
06:23:13.0 (13737064)|STATEMENT_EXECUTE|[26]
06:23:13.0 (13738762)|STATEMENT_EXECUTE|[27]
06:23:13.0 (13742341)|HEAP_ALLOCATE|[27]|Bytes:71
06:23:13.0 (13755203)|HEAP_ALLOCATE|[27]|Bytes:4
06:23:13.0 (16497383)|SOQL_EXECUTE_BEGIN|[27]|Aggregations:0|SELECT id, Name FROM Person__c ORDER BY Name ASC NULLS FIRST LIMIT 1000
06:23:13.0 (19640657)|SOQL_EXECUTE_END|[27]|Rows:2
06:23:13.0 (19677386)|HEAP_ALLOCATE|[27]|Bytes:12
06:23:13.0 (19703480)|HEAP_ALLOCATE|[27]|Bytes:97
06:23:13.0 (19771053)|HEAP_ALLOCATE|[27]|Bytes:12
06:23:13.0 (19878518)|VARIABLE_ASSIGNMENT|[EXTERNAL]|this|{}|0x5adbfc5b
06:23:13.0 (19920156)|VARIABLE_ASSIGNMENT|[EXTERNAL]|value|{"s":1,"v":[{"s":2,"v":{"Id":"a0N36000000xneOEAQ","Name":"Andiy Lokotosh"}},{"s":3,"v":{"Id":"a0N36000000xneTEAQ","Name":"Jon Smith"}}]}|0x30c6b27f
06:23:13.0 (19946407)|VARIABLE_ASSIGNMENT|[3]|this.pers|{"s":1,"v":[{"s":2,"v":{"Id":"a0N36000000xneOEAQ","Name":"Andiy Lokotosh"}},{"s":3,"v":{"Id":"a0N36000000xneTEAQ","Name":"Jon Smith"}}]}|0x5adbfc5b
06:23:13.0 (19958701)|STATEMENT_EXECUTE|[31]
06:23:13.0 (20015681)|VARIABLE_ASSIGNMENT|[EXTERNAL]|this|{"pers":"0x30c6b27f"}|0x5adbfc5b
06:23:13.0 (20037149)|SYSTEM_MODE_EXIT|false
06:23:13.0 (20059100)|CODE_UNIT_FINISHED|DraftsToPersons invoke(getPersons)
06:23:13.0 (20085260)|CODE_UNIT_FINISHED|DraftsToPersons get(Persons)
06:23:13.0 (20457369)|CODE_UNIT_STARTED|[EXTERNAL]|01p360000074pQr|DraftsToPersons get(Drafts)
06:23:13.0 (20470430)|SYSTEM_MODE_ENTER|true
06:23:13.0 (20505739)|CODE_UNIT_STARTED|[EXTERNAL]|01p360000074pQr|DraftsToPersons invoke(getDrafts)
06:23:13.0 (20561871)|HEAP_ALLOCATE|[EXTERNAL]|Bytes:20
06:23:13.0 (20574193)|VARIABLE_SCOPE_BEGIN|[12]|this|DraftsToPersons|true|false
06:23:13.0 (20599430)|VARIABLE_ASSIGNMENT|[12]|this|{"pers":"0x30c6b27f"}|0x5adbfc5b
06:23:13.0 (20614301)|SYSTEM_MODE_ENTER|false
06:23:13.0 (20621876)|HEAP_ALLOCATE|[14]|Bytes:5
06:23:13.0 (20625747)|STATEMENT_EXECUTE|[13]
06:23:13.0 (20672995)|VARIABLE_ASSIGNMENT|[EXTERNAL]|this|{"pers":"0x30c6b27f"}|0x5adbfc5b
06:23:13.0 (20685565)|STATEMENT_EXECUTE|[15]
06:23:13.0 (20687403)|STATEMENT_EXECUTE|[16]
06:23:13.0 (20693343)|HEAP_ALLOCATE|[16]|Bytes:70
06:23:13.0 (20703194)|HEAP_ALLOCATE|[16]|Bytes:4
06:23:13.0 (21639150)|SOQL_EXECUTE_BEGIN|[16]|Aggregations:0|SELECT id, Name FROM Draft__c ORDER BY Name ASC NULLS FIRST LIMIT 1000
06:23:13.0 (23775633)|SOQL_EXECUTE_END|[16]|Rows:2
06:23:13.0 (23798014)|HEAP_ALLOCATE|[16]|Bytes:12
06:23:13.0 (23811707)|HEAP_ALLOCATE|[16]|Bytes:95
06:23:13.0 (23833814)|HEAP_ALLOCATE|[16]|Bytes:12
06:23:13.0 (23882773)|VARIABLE_ASSIGNMENT|[EXTERNAL]|this|{"pers":"0x30c6b27f"}|0x5adbfc5b
06:23:13.0 (23904834)|VARIABLE_ASSIGNMENT|[EXTERNAL]|value|{"s":1,"v":[{"s":2,"v":{"Id":"a0R3600000032Q3EAI","Name":"Ebay"}},{"s":3,"v":{"Id":"a0R3600000032PyEAI","Name":"Electronic System"}}]}|0x4e8164ed
06:23:13.0 (23923924)|VARIABLE_ASSIGNMENT|[2]|this.draft|{"s":1,"v":[{"s":2,"v":{"Id":"a0R3600000032Q3EAI","Name":"Ebay"}},{"s":3,"v":{"Id":"a0R3600000032PyEAI","Name":"Electronic System"}}]}|0x5adbfc5b
06:23:13.0 (23933206)|STATEMENT_EXECUTE|[21]
06:23:13.0 (23971763)|VARIABLE_ASSIGNMENT|[EXTERNAL]|this|{"draft":"0x4e8164ed","pers":"0x30c6b27f"}|0x5adbfc5b
06:23:13.0 (23991366)|SYSTEM_MODE_EXIT|false
06:23:13.0 (24005844)|CODE_UNIT_FINISHED|DraftsToPersons invoke(getDrafts)
06:23:13.0 (24026619)|CODE_UNIT_FINISHED|DraftsToPersons get(Drafts)
06:23:13.0 (24331891)|CODE_UNIT_STARTED|[EXTERNAL]|01p360000074pQr|DraftsToPersons get(Times)
06:23:13.0 (24340519)|SYSTEM_MODE_ENTER|true
06:23:13.0 (24359536)|CODE_UNIT_STARTED|[EXTERNAL]|01p360000074pQr|DraftsToPersons invoke(getTimes)
06:23:13.0 (24403242)|HEAP_ALLOCATE|[EXTERNAL]|Bytes:20
06:23:13.0 (24430749)|VARIABLE_SCOPE_BEGIN|[34]|this|DraftsToPersons|true|false
06:23:13.0 (24480039)|VARIABLE_ASSIGNMENT|[34]|this|{"draft":"0x4e8164ed","pers":"0x30c6b27f"}|0x5adbfc5b
06:23:13.0 (24499618)|SYSTEM_MODE_ENTER|false
06:23:13.0 (24506465)|HEAP_ALLOCATE|[36]|Bytes:5
06:23:13.0 (24510807)|STATEMENT_EXECUTE|[35]
06:23:13.0 (24561582)|VARIABLE_ASSIGNMENT|[EXTERNAL]|this|{"draft":"0x4e8164ed","pers":"0x30c6b27f"}|0x5adbfc5b
06:23:13.0 (24574139)|STATEMENT_EXECUTE|[37]
06:23:13.0 (24576068)|STATEMENT_EXECUTE|[38]
06:23:13.0 (24580162)|HEAP_ALLOCATE|[38]|Bytes:66
06:23:13.0 (24585779)|HEAP_ALLOCATE|[38]|Bytes:4
06:23:13.0 (25796624)|SOQL_EXECUTE_BEGIN|[38]|Aggregations:0|SELECT id, Name, Person__r.id, Draft__r.id FROM Time__c LIMIT 1000
06:23:13.0 (34494141)|SOQL_EXECUTE_END|[38]|Rows:2
06:23:13.0 (34514411)|HEAP_ALLOCATE|[38]|Bytes:12
06:23:13.0 (34539260)|HEAP_ALLOCATE|[38]|Bytes:360
06:23:13.0 (34562575)|HEAP_ALLOCATE|[38]|Bytes:12
06:23:13.0 (34618049)|VARIABLE_ASSIGNMENT|[EXTERNAL]|this|{"draft":"0x4e8164ed","pers":"0x30c6b27f"}|0x5adbfc5b
06:23:13.0 (34651551)|VARIABLE_ASSIGNMENT|[EXTERNAL]|value|{"s":1,"v":[{"s":2,"v":{"Id":"a0M36000000eCJfEAM","Name":"5","Person__c":"a0N36000000xneOEAQ","Draft__c":"a0R3600000032Q3EAI","Person__r":{"s":3,"v":{"Id":"a0N36000000xneOEAQ"}},"Draft__r":{"s":4,"v":{"Id":"a0R3600000032Q3EAI"}}}},{"s":5,"v":{"Id":"a0M36000000eCJaEAM","Name":"4","Person__c":"a0N36000000xneTEAQ","Draft__c":"a0R3600000032PyEAI","Person__r":{"s":6,"v":{"Id":"a0N36000000xneTEAQ"}},"Draft__r":{"s":7,"v":{"Id":"a0R3600000032PyEAI"}}}}]}|0x780ca806
06:23:13.0 (34682905)|VARIABLE_ASSIGNMENT|[4]|this.tim|{"s":1,"v":[{"s":2,"v":{"Id":"a0M36000000eCJfEAM","Name":"5","Person__c":"a0N36000000xneOEAQ","Draft__c":"a0R3600000032Q3EAI","Person__r":{"s":3,"v":{"Id":"a0N36000000xneOEAQ"}},"Draft__r":{"s":4,"v":{"Id":"a0R3600000032Q3EAI"}}}},{"s":5,"v":{"Id":"a0M36000000eCJaEAM","Name":"4","Person__c":"a0N36000000xneTEAQ","Draft__c":"a0R3600000032PyEAI","Person__r":{"s":6,"v":{"Id":"a0N36000000xneTEAQ"}},"Draft__r":{"s":7,"v":{"Id":"a0R3600000032PyEAI"}}}}]}|0x5adbfc5b
06:23:13.0 (34693455)|STATEMENT_EXECUTE|[41]
06:23:13.0 (34734256)|VARIABLE_ASSIGNMENT|[EXTERNAL]|this|{"draft":"0x4e8164ed","pers":"0x30c6b27f","tim":"0x780ca806"}|0x5adbfc5b
06:23:13.0 (34749008)|SYSTEM_MODE_EXIT|false
06:23:13.0 (34762219)|CODE_UNIT_FINISHED|DraftsToPersons invoke(getTimes)
06:23:13.0 (34781954)|CODE_UNIT_FINISHED|DraftsToPersons get(Times)
06:23:13.70 (70932136)|CUMULATIVE_LIMIT_USAGE
06:23:13.70 (70932136)|LIMIT_USAGE_FOR_NS|(default)|
  Number of SOQL queries: 3 out of 100
  Number of query rows: 6 out of 50000
  Number of SOSL queries: 0 out of 20
  Number of DML statements: 0 out of 150
  Number of DML rows: 0 out of 10000
  Maximum CPU time: 0 out of 10000
  Maximum heap size: 0 out of 6000000
  Number of callouts: 0 out of 100
  Number of Email Invocations: 0 out of 10
  Number of future calls: 0 out of 50
  Number of queueable jobs added to the queue: 0 out of 50
  Number of Mobile Apex push calls: 0 out of 10

06:23:13.70 (70932136)|CUMULATIVE_LIMIT_USAGE_END

06:23:13.0 (70997562)|CODE_UNIT_FINISHED|VF: /apex/DraftsToPersonTable
06:23:13.0 (72097047)|EXECUTION_FINISHED
