36.0 APEX_CODE,FINEST;APEX_PROFILING,INFO;CALLOUT,INFO;DB,INFO;SYSTEM,DEBUG;VALIDATION,INFO;VISUALFORCE,INFO;WORKFLOW,INFO
07:08:38.0 (460765)|EXECUTION_STARTED
07:08:38.0 (492828)|CODE_UNIT_STARTED|[EXTERNAL]|06636000001VcbV|VF: /apex/AprooveWraper
07:08:38.0 (1057214)|VF_DESERIALIZE_VIEWSTATE_BEGIN|06636000001VcbV
07:08:38.0 (16306283)|HEAP_ALLOCATE|[72]|Bytes:3
07:08:38.0 (16364524)|HEAP_ALLOCATE|[77]|Bytes:152
07:08:38.0 (16385159)|HEAP_ALLOCATE|[342]|Bytes:408
07:08:38.0 (16406837)|HEAP_ALLOCATE|[355]|Bytes:408
07:08:38.0 (16426497)|HEAP_ALLOCATE|[467]|Bytes:48
07:08:38.0 (16466023)|HEAP_ALLOCATE|[139]|Bytes:6
07:08:38.0 (16504827)|HEAP_ALLOCATE|[50]|Bytes:5
07:08:38.0 (16528649)|HEAP_ALLOCATE|[56]|Bytes:5
07:08:38.0 (16537588)|HEAP_ALLOCATE|[64]|Bytes:7
07:08:38.0 (18989470)|VF_DESERIALIZE_VIEWSTATE_END
07:08:38.0 (21222131)|CODE_UNIT_STARTED|[EXTERNAL]|01p360000072SS3|WrapperEmployeeSkills get(EmployeeSkills)
07:08:38.0 (21235747)|SYSTEM_MODE_ENTER|true
07:08:38.0 (21629724)|CODE_UNIT_STARTED|[EXTERNAL]|01p360000072SS3|WrapperEmployeeSkills invoke(getEmployeeSkills)
07:08:38.0 (21677939)|HEAP_ALLOCATE|[EXTERNAL]|Bytes:9
07:08:38.0 (21684250)|HEAP_ALLOCATE|[EXTERNAL]|Bytes:88
07:08:38.0 (21687278)|HEAP_ALLOCATE|[EXTERNAL]|Bytes:6
07:08:38.0 (21689740)|HEAP_ALLOCATE|[EXTERNAL]|Bytes:2
07:08:38.0 (21705704)|METHOD_ENTRY|[1]|01p360000072SS3|WrapperEmployeeSkills.WrapperEmployeeSkills()
07:08:38.0 (21711007)|STATEMENT_EXECUTE|[1]
07:08:38.0 (21719127)|STATEMENT_EXECUTE|[1]
07:08:38.0 (21730609)|SYSTEM_MODE_ENTER|false
07:08:38.0 (21745589)|HEAP_ALLOCATE|[EXTERNAL]|Bytes:5
07:08:38.0 (21749885)|STATEMENT_EXECUTE|[59]
07:08:38.0 (21754847)|SYSTEM_MODE_EXIT|false
07:08:38.0 (21765882)|METHOD_EXIT|[1]|WrapperEmployeeSkills
07:08:38.0 (21776162)|HEAP_ALLOCATE|[EXTERNAL]|Bytes:8
07:08:38.0 (21784558)|VARIABLE_SCOPE_BEGIN|[7]|this|WrapperEmployeeSkills|true|false
07:08:38.0 (21847985)|VARIABLE_ASSIGNMENT|[7]|this|{"skillsList":"0x51561793"}|0x2c4590d1
07:08:38.0 (21865375)|SYSTEM_MODE_ENTER|false
07:08:38.0 (21870092)|HEAP_ALLOCATE|[8]|Bytes:5
07:08:38.0 (21873890)|STATEMENT_EXECUTE|[7]
07:08:38.0 (21926638)|VARIABLE_ASSIGNMENT|[EXTERNAL]|this|{"skillsList":"0x51561793"}|0x2c4590d1
07:08:38.0 (21939837)|STATEMENT_EXECUTE|[8]
07:08:38.0 (21941524)|STATEMENT_EXECUTE|[15]
07:08:38.0 (21969278)|VARIABLE_ASSIGNMENT|[EXTERNAL]|this|{"skillsList":"0x51561793"}|0x2c4590d1
07:08:38.0 (21980873)|SYSTEM_MODE_EXIT|false
07:08:38.0 (21991171)|CODE_UNIT_FINISHED|WrapperEmployeeSkills invoke(getEmployeeSkills)
07:08:38.0 (22007795)|CODE_UNIT_FINISHED|WrapperEmployeeSkills get(EmployeeSkills)
07:08:38.0 (22779075)|CODE_UNIT_STARTED|[EXTERNAL]|01p360000072SS3|selected
07:08:38.0 (22790899)|HEAP_ALLOCATE|[EXTERNAL]|Bytes:112
07:08:38.0 (22796410)|HEAP_ALLOCATE|[EXTERNAL]|Bytes:8
07:08:38.0 (22804758)|CODE_UNIT_FINISHED|selected
07:08:38.0 (22869351)|CODE_UNIT_STARTED|[EXTERNAL]|01p360000072SS3|selected
07:08:38.0 (22880458)|CODE_UNIT_FINISHED|selected
07:08:38.0 (22947279)|CODE_UNIT_STARTED|[EXTERNAL]|01p360000072SS3|selected
07:08:38.0 (22957750)|CODE_UNIT_FINISHED|selected
07:08:38.0 (23014463)|CODE_UNIT_STARTED|[EXTERNAL]|01p360000072SS3|selected
07:08:38.0 (23025980)|CODE_UNIT_FINISHED|selected
07:08:38.0 (23088839)|CODE_UNIT_STARTED|[EXTERNAL]|01p360000072SS3|selected
07:08:38.0 (23099110)|CODE_UNIT_FINISHED|selected
07:08:38.0 (23153863)|CODE_UNIT_STARTED|[EXTERNAL]|01p360000072SS3|selected
07:08:38.0 (23164042)|CODE_UNIT_FINISHED|selected
07:08:38.0 (23225506)|CODE_UNIT_STARTED|[EXTERNAL]|01p360000072SS3|selected
07:08:38.0 (23235793)|CODE_UNIT_FINISHED|selected
07:08:38.0 (23290694)|CODE_UNIT_STARTED|[EXTERNAL]|01p360000072SS3|selected
07:08:38.0 (23300921)|CODE_UNIT_FINISHED|selected
07:08:38.0 (23355351)|CODE_UNIT_STARTED|[EXTERNAL]|01p360000072SS3|selected
07:08:38.0 (23365413)|CODE_UNIT_FINISHED|selected
07:08:38.0 (23419659)|CODE_UNIT_STARTED|[EXTERNAL]|01p360000072SS3|selected
07:08:38.0 (23429713)|CODE_UNIT_FINISHED|selected
07:08:38.0 (23484531)|CODE_UNIT_STARTED|[EXTERNAL]|01p360000072SS3|selected
07:08:38.0 (23494598)|CODE_UNIT_FINISHED|selected
07:08:38.0 (23549018)|CODE_UNIT_STARTED|[EXTERNAL]|01p360000072SS3|selected
07:08:38.0 (23559141)|CODE_UNIT_FINISHED|selected
07:08:38.0 (23618046)|CODE_UNIT_STARTED|[EXTERNAL]|01p360000072SS3|selected
07:08:38.0 (23628490)|CODE_UNIT_FINISHED|selected
07:08:38.0 (23955430)|CODE_UNIT_STARTED|[EXTERNAL]|wEmployee set(selected,false)
07:08:38.0 (23976053)|HEAP_ALLOCATE|[EXTERNAL]|Bytes:5
07:08:38.0 (23985770)|HEAP_ALLOCATE|[EXTERNAL]|Bytes:12
07:08:38.0 (23996650)|VARIABLE_ASSIGNMENT|[EXTERNAL]|this.selected|false|0x6e797da4
07:08:38.0 (24004015)|CODE_UNIT_FINISHED|wEmployee set(selected,false)
07:08:38.0 (24068298)|CODE_UNIT_STARTED|[EXTERNAL]|wEmployee set(selected,true)
07:08:38.0 (24087055)|HEAP_ALLOCATE|[EXTERNAL]|Bytes:5
07:08:38.0 (24090461)|HEAP_ALLOCATE|[EXTERNAL]|Bytes:12
07:08:38.0 (24098168)|VARIABLE_ASSIGNMENT|[EXTERNAL]|this.selected|true|0x1120c095
07:08:38.0 (24104575)|CODE_UNIT_FINISHED|wEmployee set(selected,true)
07:08:38.0 (24164768)|CODE_UNIT_STARTED|[EXTERNAL]|wEmployee set(selected,false)
07:08:38.0 (24182898)|HEAP_ALLOCATE|[EXTERNAL]|Bytes:5
07:08:38.0 (24186246)|HEAP_ALLOCATE|[EXTERNAL]|Bytes:12
07:08:38.0 (24193635)|VARIABLE_ASSIGNMENT|[EXTERNAL]|this.selected|false|0x70aba7ad
07:08:38.0 (24199718)|CODE_UNIT_FINISHED|wEmployee set(selected,false)
07:08:38.0 (24259376)|CODE_UNIT_STARTED|[EXTERNAL]|wEmployee set(selected,true)
07:08:38.0 (24277313)|HEAP_ALLOCATE|[EXTERNAL]|Bytes:5
07:08:38.0 (24280427)|HEAP_ALLOCATE|[EXTERNAL]|Bytes:12
07:08:38.0 (24287749)|VARIABLE_ASSIGNMENT|[EXTERNAL]|this.selected|true|0x2c8cd50f
07:08:38.0 (24293627)|CODE_UNIT_FINISHED|wEmployee set(selected,true)
07:08:38.0 (24352624)|CODE_UNIT_STARTED|[EXTERNAL]|wEmployee set(selected,false)
07:08:38.0 (24370937)|HEAP_ALLOCATE|[EXTERNAL]|Bytes:5
07:08:38.0 (24374057)|HEAP_ALLOCATE|[EXTERNAL]|Bytes:12
07:08:38.0 (24381385)|VARIABLE_ASSIGNMENT|[EXTERNAL]|this.selected|false|0x9bd1967
07:08:38.0 (24387383)|CODE_UNIT_FINISHED|wEmployee set(selected,false)
07:08:38.0 (24445979)|CODE_UNIT_STARTED|[EXTERNAL]|wEmployee set(selected,true)
07:08:38.0 (24463948)|HEAP_ALLOCATE|[EXTERNAL]|Bytes:5
07:08:38.0 (24467101)|HEAP_ALLOCATE|[EXTERNAL]|Bytes:12
07:08:38.0 (24474383)|VARIABLE_ASSIGNMENT|[EXTERNAL]|this.selected|true|0x1e8e44ad
07:08:38.0 (24480485)|CODE_UNIT_FINISHED|wEmployee set(selected,true)
07:08:38.0 (24538942)|CODE_UNIT_STARTED|[EXTERNAL]|wEmployee set(selected,false)
07:08:38.0 (24556726)|HEAP_ALLOCATE|[EXTERNAL]|Bytes:5
07:08:38.0 (24559835)|HEAP_ALLOCATE|[EXTERNAL]|Bytes:12
07:08:38.0 (24567047)|VARIABLE_ASSIGNMENT|[EXTERNAL]|this.selected|false|0x33350e1e
07:08:38.0 (24573010)|CODE_UNIT_FINISHED|wEmployee set(selected,false)
07:08:38.0 (24636099)|CODE_UNIT_STARTED|[EXTERNAL]|wEmployee set(selected,false)
07:08:38.0 (24653764)|HEAP_ALLOCATE|[EXTERNAL]|Bytes:5
07:08:38.0 (24656809)|HEAP_ALLOCATE|[EXTERNAL]|Bytes:12
07:08:38.0 (24664089)|VARIABLE_ASSIGNMENT|[EXTERNAL]|this.selected|false|0x795b91da
07:08:38.0 (24670043)|CODE_UNIT_FINISHED|wEmployee set(selected,false)
07:08:38.0 (24728983)|CODE_UNIT_STARTED|[EXTERNAL]|wEmployee set(selected,false)
07:08:38.0 (24746772)|HEAP_ALLOCATE|[EXTERNAL]|Bytes:5
07:08:38.0 (24749867)|HEAP_ALLOCATE|[EXTERNAL]|Bytes:12
07:08:38.0 (24757211)|VARIABLE_ASSIGNMENT|[EXTERNAL]|this.selected|false|0x184cd9b7
07:08:38.0 (24763078)|CODE_UNIT_FINISHED|wEmployee set(selected,false)
07:08:38.0 (24821556)|CODE_UNIT_STARTED|[EXTERNAL]|wEmployee set(selected,false)
07:08:38.0 (24839285)|HEAP_ALLOCATE|[EXTERNAL]|Bytes:5
07:08:38.0 (24842416)|HEAP_ALLOCATE|[EXTERNAL]|Bytes:12
07:08:38.0 (24849730)|VARIABLE_ASSIGNMENT|[EXTERNAL]|this.selected|false|0x740b4d3f
07:08:38.0 (24855476)|CODE_UNIT_FINISHED|wEmployee set(selected,false)
07:08:38.0 (24914030)|CODE_UNIT_STARTED|[EXTERNAL]|wEmployee set(selected,false)
07:08:38.0 (24931667)|HEAP_ALLOCATE|[EXTERNAL]|Bytes:5
07:08:38.0 (24934929)|HEAP_ALLOCATE|[EXTERNAL]|Bytes:12
07:08:38.0 (24942054)|VARIABLE_ASSIGNMENT|[EXTERNAL]|this.selected|false|0x6f55f85e
07:08:38.0 (24947618)|CODE_UNIT_FINISHED|wEmployee set(selected,false)
07:08:38.0 (25006334)|CODE_UNIT_STARTED|[EXTERNAL]|wEmployee set(selected,false)
07:08:38.0 (25024964)|HEAP_ALLOCATE|[EXTERNAL]|Bytes:5
07:08:38.0 (25028469)|HEAP_ALLOCATE|[EXTERNAL]|Bytes:12
07:08:38.0 (25035800)|VARIABLE_ASSIGNMENT|[EXTERNAL]|this.selected|false|0x4aa5612f
07:08:38.0 (25041593)|CODE_UNIT_FINISHED|wEmployee set(selected,false)
07:08:38.0 (25100551)|CODE_UNIT_STARTED|[EXTERNAL]|wEmployee set(selected,false)
07:08:38.0 (25118082)|HEAP_ALLOCATE|[EXTERNAL]|Bytes:5
07:08:38.0 (25121191)|HEAP_ALLOCATE|[EXTERNAL]|Bytes:12
07:08:38.0 (25128412)|VARIABLE_ASSIGNMENT|[EXTERNAL]|this.selected|false|0x34da88ad
07:08:38.0 (25134111)|CODE_UNIT_FINISHED|wEmployee set(selected,false)
07:08:38.0 (25298417)|CODE_UNIT_STARTED|[EXTERNAL]|01p360000072SS3|WrapperEmployeeSkills invoke(processSelected)
07:08:38.0 (25325027)|HEAP_ALLOCATE|[EXTERNAL]|Bytes:8
07:08:38.0 (25331917)|VARIABLE_SCOPE_BEGIN|[19]|this|WrapperEmployeeSkills|true|false
07:08:38.0 (25350491)|VARIABLE_ASSIGNMENT|[19]|this|{"skillsList":"0x51561793"}|0x2c4590d1
07:08:38.0 (25362838)|SYSTEM_MODE_ENTER|false
07:08:38.0 (25367569)|HEAP_ALLOCATE|[21]|Bytes:5
07:08:38.0 (25371244)|STATEMENT_EXECUTE|[20]
07:08:38.0 (25372798)|STATEMENT_EXECUTE|[21]
07:08:38.0 (25373895)|STATEMENT_EXECUTE|[22]
07:08:38.0 (25375049)|STATEMENT_EXECUTE|[25]
07:08:38.0 (25407467)|HEAP_ALLOCATE|[25]|Bytes:4
07:08:38.0 (25500967)|VARIABLE_SCOPE_BEGIN|[25]|selectedSkills|List<Employee_Skills__c>|true|false
07:08:38.0 (25509162)|HEAP_ALLOCATE|[EXTERNAL]|Bytes:4
07:08:38.0 (25528793)|VARIABLE_ASSIGNMENT|[25]|selectedSkills|{"s":1,"v":[]}|0x3b0c7bd6
07:08:38.0 (25547221)|METHOD_ENTRY|[28]|01p360000072SS3|WrapperEmployeeSkills.getEmployeeSkills()
07:08:38.0 (25560660)|VARIABLE_SCOPE_BEGIN|[7]|this|WrapperEmployeeSkills|true|false
07:08:38.0 (25578024)|VARIABLE_ASSIGNMENT|[7]|this|{"skillsList":"0x51561793"}|0x2c4590d1
07:08:38.0 (25585866)|HEAP_ALLOCATE|[8]|Bytes:5
07:08:38.0 (25589393)|STATEMENT_EXECUTE|[7]
07:08:38.0 (25607651)|VARIABLE_ASSIGNMENT|[EXTERNAL]|this|{"skillsList":"0x51561793"}|0x2c4590d1
07:08:38.0 (25619834)|STATEMENT_EXECUTE|[8]
07:08:38.0 (25621437)|STATEMENT_EXECUTE|[15]
07:08:38.0 (25636616)|VARIABLE_ASSIGNMENT|[EXTERNAL]|this|{"skillsList":"0x51561793"}|0x2c4590d1
07:08:38.0 (25646635)|METHOD_EXIT|[28]|01p360000072SS3|WrapperEmployeeSkills.getEmployeeSkills()
07:08:38.0 (25894316)|HEAP_ALLOCATE|[28]|Bytes:5
07:08:38.0 (25913060)|HEAP_ALLOCATE|[28]|Bytes:12
07:08:38.0 (25923190)|VARIABLE_SCOPE_BEGIN|[28]|wEmp|WrapperEmployeeSkills.wEmployee|true|false
07:08:38.0 (25956437)|VARIABLE_ASSIGNMENT|[28]|wEmp|{"selected":false,"skill":"0x27b89d4c"}|0x6e797da4
07:08:38.0 (25960756)|STATEMENT_EXECUTE|[28]
07:08:38.0 (26001580)|VARIABLE_ASSIGNMENT|[EXTERNAL]|this|{"selected":false,"skill":"0x27b89d4c"}|0x6e797da4
07:08:38.0 (26014426)|STATEMENT_EXECUTE|[29]
07:08:38.0 (26025150)|HEAP_ALLOCATE|[28]|Bytes:5
07:08:38.0 (26034280)|HEAP_ALLOCATE|[28]|Bytes:12
07:08:38.0 (26039766)|VARIABLE_SCOPE_BEGIN|[28]|wEmp|WrapperEmployeeSkills.wEmployee|true|false
07:08:38.0 (26057836)|VARIABLE_ASSIGNMENT|[28]|wEmp|{"selected":true,"skill":"0x3c1db069"}|0x1120c095
07:08:38.0 (26060982)|STATEMENT_EXECUTE|[28]
07:08:38.0 (26079260)|VARIABLE_ASSIGNMENT|[EXTERNAL]|this|{"selected":true,"skill":"0x3c1db069"}|0x1120c095
07:08:38.0 (26087377)|STATEMENT_EXECUTE|[29]
07:08:38.0 (26088904)|STATEMENT_EXECUTE|[30]
07:08:38.0 (26125286)|VARIABLE_ASSIGNMENT|[EXTERNAL]|this|{"selected":true,"skill":"0x3c1db069"}|0x1120c095
07:08:38.0 (26150164)|HEAP_ALLOCATE|[EXTERNAL]|Bytes:4
07:08:38.0 (26163316)|HEAP_ALLOCATE|[28]|Bytes:5
07:08:38.0 (26172065)|HEAP_ALLOCATE|[28]|Bytes:12
07:08:38.0 (26177301)|VARIABLE_SCOPE_BEGIN|[28]|wEmp|WrapperEmployeeSkills.wEmployee|true|false
07:08:38.0 (26195752)|VARIABLE_ASSIGNMENT|[28]|wEmp|{"selected":false,"skill":"0x44d4b558"}|0x70aba7ad
07:08:38.0 (26198963)|STATEMENT_EXECUTE|[28]
07:08:38.0 (26217029)|VARIABLE_ASSIGNMENT|[EXTERNAL]|this|{"selected":false,"skill":"0x44d4b558"}|0x70aba7ad
07:08:38.0 (26224831)|STATEMENT_EXECUTE|[29]
07:08:38.0 (26233523)|HEAP_ALLOCATE|[28]|Bytes:5
07:08:38.0 (26241270)|HEAP_ALLOCATE|[28]|Bytes:12
07:08:38.0 (26246093)|VARIABLE_SCOPE_BEGIN|[28]|wEmp|WrapperEmployeeSkills.wEmployee|true|false
07:08:38.0 (26261814)|VARIABLE_ASSIGNMENT|[28]|wEmp|{"selected":true,"skill":"0x151bcb53"}|0x2c8cd50f
07:08:38.0 (26264657)|STATEMENT_EXECUTE|[28]
07:08:38.0 (26281906)|VARIABLE_ASSIGNMENT|[EXTERNAL]|this|{"selected":true,"skill":"0x151bcb53"}|0x2c8cd50f
07:08:38.0 (26289283)|STATEMENT_EXECUTE|[29]
07:08:38.0 (26290646)|STATEMENT_EXECUTE|[30]
07:08:38.0 (26305791)|VARIABLE_ASSIGNMENT|[EXTERNAL]|this|{"selected":true,"skill":"0x151bcb53"}|0x2c8cd50f
07:08:38.0 (26319892)|HEAP_ALLOCATE|[EXTERNAL]|Bytes:4
07:08:38.0 (26331443)|HEAP_ALLOCATE|[28]|Bytes:5
07:08:38.0 (26339487)|HEAP_ALLOCATE|[28]|Bytes:12
07:08:38.0 (26344247)|VARIABLE_SCOPE_BEGIN|[28]|wEmp|WrapperEmployeeSkills.wEmployee|true|false
07:08:38.0 (26361367)|VARIABLE_ASSIGNMENT|[28]|wEmp|{"selected":false,"skill":"0x15aea5b0"}|0x9bd1967
07:08:38.0 (26364532)|STATEMENT_EXECUTE|[28]
07:08:38.0 (26382070)|VARIABLE_ASSIGNMENT|[EXTERNAL]|this|{"selected":false,"skill":"0x15aea5b0"}|0x9bd1967
07:08:38.0 (26389639)|STATEMENT_EXECUTE|[29]
07:08:38.0 (26398275)|HEAP_ALLOCATE|[28]|Bytes:5
07:08:38.0 (26405913)|HEAP_ALLOCATE|[28]|Bytes:12
07:08:38.0 (26410413)|VARIABLE_SCOPE_BEGIN|[28]|wEmp|WrapperEmployeeSkills.wEmployee|true|false
07:08:38.0 (26426021)|VARIABLE_ASSIGNMENT|[28]|wEmp|{"selected":true,"skill":"0x7b754de5"}|0x1e8e44ad
07:08:38.0 (26428795)|STATEMENT_EXECUTE|[28]
07:08:38.0 (26445950)|VARIABLE_ASSIGNMENT|[EXTERNAL]|this|{"selected":true,"skill":"0x7b754de5"}|0x1e8e44ad
07:08:38.0 (26453398)|STATEMENT_EXECUTE|[29]
07:08:38.0 (26454859)|STATEMENT_EXECUTE|[30]
07:08:38.0 (26469924)|VARIABLE_ASSIGNMENT|[EXTERNAL]|this|{"selected":true,"skill":"0x7b754de5"}|0x1e8e44ad
07:08:38.0 (26483658)|HEAP_ALLOCATE|[EXTERNAL]|Bytes:4
07:08:38.0 (26494681)|HEAP_ALLOCATE|[28]|Bytes:5
07:08:38.0 (26502687)|HEAP_ALLOCATE|[28]|Bytes:12
07:08:38.0 (26507447)|VARIABLE_SCOPE_BEGIN|[28]|wEmp|WrapperEmployeeSkills.wEmployee|true|false
07:08:38.0 (26524363)|VARIABLE_ASSIGNMENT|[28]|wEmp|{"selected":false,"skill":"0x1a6a59a6"}|0x33350e1e
07:08:38.0 (26527334)|STATEMENT_EXECUTE|[28]
07:08:38.0 (26544731)|VARIABLE_ASSIGNMENT|[EXTERNAL]|this|{"selected":false,"skill":"0x1a6a59a6"}|0x33350e1e
07:08:38.0 (26552332)|STATEMENT_EXECUTE|[29]
07:08:38.0 (26560798)|HEAP_ALLOCATE|[28]|Bytes:5
07:08:38.0 (26568551)|HEAP_ALLOCATE|[28]|Bytes:12
07:08:38.0 (26573160)|VARIABLE_SCOPE_BEGIN|[28]|wEmp|WrapperEmployeeSkills.wEmployee|true|false
07:08:38.0 (26588780)|VARIABLE_ASSIGNMENT|[28]|wEmp|{"selected":false,"skill":"0x516058eb"}|0x795b91da
07:08:38.0 (26591555)|STATEMENT_EXECUTE|[28]
07:08:38.0 (26609118)|VARIABLE_ASSIGNMENT|[EXTERNAL]|this|{"selected":false,"skill":"0x516058eb"}|0x795b91da
07:08:38.0 (26631051)|STATEMENT_EXECUTE|[29]
07:08:38.0 (26660301)|HEAP_ALLOCATE|[28]|Bytes:5
07:08:38.0 (26676035)|HEAP_ALLOCATE|[28]|Bytes:12
07:08:38.0 (26685806)|VARIABLE_SCOPE_BEGIN|[28]|wEmp|WrapperEmployeeSkills.wEmployee|true|false
07:08:38.0 (26715516)|VARIABLE_ASSIGNMENT|[28]|wEmp|{"selected":false,"skill":"0x3103e452"}|0x184cd9b7
07:08:38.0 (26721092)|STATEMENT_EXECUTE|[28]
07:08:38.0 (26749651)|VARIABLE_ASSIGNMENT|[EXTERNAL]|this|{"selected":false,"skill":"0x3103e452"}|0x184cd9b7
07:08:38.0 (26759179)|STATEMENT_EXECUTE|[29]
07:08:38.0 (26769122)|HEAP_ALLOCATE|[28]|Bytes:5
07:08:38.0 (26777303)|HEAP_ALLOCATE|[28]|Bytes:12
07:08:38.0 (26782210)|VARIABLE_SCOPE_BEGIN|[28]|wEmp|WrapperEmployeeSkills.wEmployee|true|false
07:08:38.0 (26798808)|VARIABLE_ASSIGNMENT|[28]|wEmp|{"selected":false,"skill":"0x60489df2"}|0x740b4d3f
07:08:38.0 (26801562)|STATEMENT_EXECUTE|[28]
07:08:38.0 (26819125)|VARIABLE_ASSIGNMENT|[EXTERNAL]|this|{"selected":false,"skill":"0x60489df2"}|0x740b4d3f
07:08:38.0 (26826811)|STATEMENT_EXECUTE|[29]
07:08:38.0 (26835386)|HEAP_ALLOCATE|[28]|Bytes:5
07:08:38.0 (26843130)|HEAP_ALLOCATE|[28]|Bytes:12
07:08:38.0 (26847706)|VARIABLE_SCOPE_BEGIN|[28]|wEmp|WrapperEmployeeSkills.wEmployee|true|false
07:08:38.0 (26863224)|VARIABLE_ASSIGNMENT|[28]|wEmp|{"selected":false,"skill":"0x28275f34"}|0x6f55f85e
07:08:38.0 (26882823)|STATEMENT_EXECUTE|[28]
07:08:38.0 (26905768)|VARIABLE_ASSIGNMENT|[EXTERNAL]|this|{"selected":false,"skill":"0x28275f34"}|0x6f55f85e
07:08:38.0 (26914259)|STATEMENT_EXECUTE|[29]
07:08:38.0 (26923607)|HEAP_ALLOCATE|[28]|Bytes:5
07:08:38.0 (26931650)|HEAP_ALLOCATE|[28]|Bytes:12
07:08:38.0 (26936370)|VARIABLE_SCOPE_BEGIN|[28]|wEmp|WrapperEmployeeSkills.wEmployee|true|false
07:08:38.0 (26952486)|VARIABLE_ASSIGNMENT|[28]|wEmp|{"selected":false,"skill":"0x7b53eddb"}|0x4aa5612f
07:08:38.0 (26955363)|STATEMENT_EXECUTE|[28]
07:08:38.0 (26972583)|VARIABLE_ASSIGNMENT|[EXTERNAL]|this|{"selected":false,"skill":"0x7b53eddb"}|0x4aa5612f
07:08:38.0 (26980146)|STATEMENT_EXECUTE|[29]
07:08:38.0 (26988705)|HEAP_ALLOCATE|[28]|Bytes:5
07:08:38.0 (26996376)|HEAP_ALLOCATE|[28]|Bytes:12
07:08:38.0 (27001046)|VARIABLE_SCOPE_BEGIN|[28]|wEmp|WrapperEmployeeSkills.wEmployee|true|false
07:08:38.0 (27017697)|VARIABLE_ASSIGNMENT|[28]|wEmp|{"selected":false,"skill":"0x555cb797"}|0x34da88ad
07:08:38.0 (27020502)|STATEMENT_EXECUTE|[28]
07:08:38.0 (27037974)|VARIABLE_ASSIGNMENT|[EXTERNAL]|this|{"selected":false,"skill":"0x555cb797"}|0x34da88ad
07:08:38.0 (27045665)|STATEMENT_EXECUTE|[29]
07:08:38.0 (27054411)|HEAP_ALLOCATE|[28]|Bytes:5
07:08:38.0 (27064205)|VARIABLE_ASSIGNMENT|[28]|wEmp|null|
07:08:38.0 (27202089)|HEAP_ALLOCATE|[37]|Bytes:5
07:08:38.0 (27240519)|HEAP_ALLOCATE|[37]|Bytes:12
07:08:38.0 (27250658)|VARIABLE_SCOPE_BEGIN|[37]|es|Employee_Skills__c|true|false
07:08:38.0 (27269044)|VARIABLE_ASSIGNMENT|[37]|es|{"s":1,"v":{"Id":"a0C360000003sI7EAI","Name":"Test Skill"}}|0x3c1db069
07:08:38.0 (27272122)|STATEMENT_EXECUTE|[38]
07:08:38.0 (27273660)|STATEMENT_EXECUTE|[39]
07:08:38.0 (27374822)|VARIABLE_SCOPE_BEGIN|[39]|req|Approval.ProcessSubmitRequest|true|false
07:08:38.0 (27485090)|VARIABLE_ASSIGNMENT|[39]|req|"common.api.soap.wsdl.ProcessSubmitRequest@63933833"|0x74a2caf
07:08:38.0 (27490040)|STATEMENT_EXECUTE|[40]
07:08:38.0 (27494392)|HEAP_ALLOCATE|[40]|Bytes:39
07:08:38.0 (27556849)|STATEMENT_EXECUTE|[41]
07:08:38.0 (28956745)|HEAP_ALLOCATE|[41]|Bytes:18
07:08:38.0 (28994561)|STATEMENT_EXECUTE|[43]
07:08:38.0 (29066230)|HEAP_ALLOCATE|[43]|Bytes:8
07:08:38.0 (29085192)|DML_BEGIN|[43]|Op:Process|Type:ProcessRequest|Rows:1
07:08:38.0 (29123573)|HEAP_ALLOCATE|[EXTERNAL]|Bytes:8
07:08:38.0 (122751439)|CODE_UNIT_STARTED|[EXTERNAL]|Workflow:ApprovalProcessActions
07:08:38.0 (134731316)|WF_APPROVAL_SUBMIT|[Employee Skills: Test Skill a0C360000003sI7]
07:08:38.0 (145916963)|WF_APPROVAL_SUBMITTER|Andrew Lokotosh|005360000011kEE
07:08:38.0 (315443242)|WF_RULE_FILTER|[Employee Skills : Status equals Pending approval]
07:08:38.0 (318629591)|WF_RULE_EVAL_VALUE|2
07:08:38.0 (318675053)|WF_EVAL_ENTRY_CRITERIA|Employee skill|00X36000000QVVE|false
07:08:38.0 (318735567)|WF_RULE_FILTER|[Employee Skills : Status equals Pending approval]
07:08:38.0 (318759776)|WF_RULE_EVAL_VALUE|2
07:08:38.0 (318765997)|WF_EVAL_ENTRY_CRITERIA|Employee skill|00X36000000QVVE|false
07:08:38.0 (319035928)|WF_PROCESS_FOUND||No applicable approval process was found.
07:08:38.0 (319937119)|CODE_UNIT_FINISHED|Workflow:ApprovalProcessActions
07:08:38.0 (320631644)|DML_END|[43]
07:08:38.0 (320731008)|EXCEPTION_THROWN|[43]|System.DmlException: Process failed. First exception on row 0; first error: NO_APPLICABLE_PROCESS, No applicable approval process was found.: []
07:08:38.0 (321397513)|HEAP_ALLOCATE|[43]|Bytes:127
07:08:38.0 (321469925)|VARIABLE_SCOPE_BEGIN|[51]|ex|Exception|true|false
07:08:38.0 (321559773)|VARIABLE_ASSIGNMENT|[51]|ex|"common.apex.runtime.impl.DmlExecutionException: Process failed. First exception on row 0; first error: NO_APPLICABLE_PROCESS, No applicable approval process was found.: []"|0x42f91d00
07:08:38.0 (321567129)|STATEMENT_EXECUTE|[51]
07:08:38.0 (321571282)|STATEMENT_EXECUTE|[52]
07:08:38.0 (321585951)|HEAP_ALLOCATE|[52]|Bytes:1
07:08:38.0 (321638715)|VARIABLE_SCOPE_BEGIN|[52]|pageRef|System.PageReference|true|false
07:08:38.0 (321697890)|VARIABLE_ASSIGNMENT|[52]|pageRef|"/"|0x3229e0e
07:08:38.0 (321702770)|STATEMENT_EXECUTE|[53]
07:08:38.0 (321786500)|STATEMENT_EXECUTE|[54]
07:08:38.0 (321795896)|SYSTEM_MODE_EXIT|false
07:08:38.0 (325534962)|CODE_UNIT_FINISHED|WrapperEmployeeSkills invoke(processSelected)
07:08:38.0 (326284552)|VF_APEX_CALL|j_id4|{!processSelected}|PageReference:/
07:08:38.329 (329067011)|CUMULATIVE_LIMIT_USAGE
07:08:38.329 (329067011)|LIMIT_USAGE_FOR_NS|(default)|
  Number of SOQL queries: 0 out of 100
  Number of query rows: 0 out of 50000
  Number of SOSL queries: 0 out of 20
  Number of DML statements: 1 out of 150
  Number of DML rows: 1 out of 10000
  Maximum CPU time: 0 out of 10000
  Maximum heap size: 0 out of 6000000
  Number of callouts: 0 out of 100
  Number of Email Invocations: 0 out of 10
  Number of future calls: 0 out of 50
  Number of queueable jobs added to the queue: 0 out of 50
  Number of Mobile Apex push calls: 0 out of 10

07:08:38.329 (329067011)|CUMULATIVE_LIMIT_USAGE_END

07:08:38.0 (329117360)|CODE_UNIT_FINISHED|VF: /apex/AprooveWraper
07:08:38.0 (330108143)|EXECUTION_FINISHED
