36.0 APEX_CODE,FINEST;APEX_PROFILING,INFO;CALLOUT,INFO;DB,INFO;SYSTEM,DEBUG;VALIDATION,INFO;VISUALFORCE,INFO;WORKFLOW,INFO
08:44:59.0 (88328)|EXECUTION_STARTED
08:44:59.0 (123895)|CODE_UNIT_STARTED|[EXTERNAL]|01p36000005H3V7|expansesController.getExpenses
08:44:59.0 (364651)|HEAP_ALLOCATE|[72]|Bytes:3
08:44:59.0 (443487)|HEAP_ALLOCATE|[77]|Bytes:152
08:44:59.0 (466516)|HEAP_ALLOCATE|[342]|Bytes:408
08:44:59.0 (488242)|HEAP_ALLOCATE|[355]|Bytes:408
08:44:59.0 (509603)|HEAP_ALLOCATE|[467]|Bytes:48
08:44:59.0 (546603)|HEAP_ALLOCATE|[139]|Bytes:6
08:44:59.0 (649780)|HEAP_ALLOCATE|[EXTERNAL]|Bytes:4
08:44:59.0 (680590)|METHOD_ENTRY|[1]|01p36000005H3V7|expansesController.expansesController()
08:44:59.0 (686750)|STATEMENT_EXECUTE|[1]
08:44:59.0 (694803)|STATEMENT_EXECUTE|[1]
08:44:59.0 (738093)|HEAP_ALLOCATE|[50]|Bytes:5
08:44:59.0 (765889)|HEAP_ALLOCATE|[56]|Bytes:5
08:44:59.0 (775582)|HEAP_ALLOCATE|[64]|Bytes:7
08:44:59.0 (801980)|SYSTEM_MODE_ENTER|false
08:44:59.0 (824454)|HEAP_ALLOCATE|[EXTERNAL]|Bytes:5
08:44:59.0 (832009)|SYSTEM_MODE_EXIT|false
08:44:59.0 (844968)|METHOD_EXIT|[1]|expansesController
08:44:59.0 (853547)|SYSTEM_MODE_ENTER|false
08:44:59.0 (868637)|HEAP_ALLOCATE|[6]|Bytes:5
08:44:59.0 (875381)|STATEMENT_EXECUTE|[3]
08:44:59.0 (876931)|STATEMENT_EXECUTE|[6]
08:44:59.0 (880589)|HEAP_ALLOCATE|[6]|Bytes:90
08:44:59.0 (893273)|HEAP_ALLOCATE|[6]|Bytes:4
08:44:59.0 (1239148)|SOQL_EXECUTE_BEGIN|[6]|Aggregations:0|SELECT Id, Name, Amount__c, Client__c, Date__c, Reimbursed__c, CreatedDate FROM Expense__c
08:44:59.0 (4131124)|SOQL_EXECUTE_END|[6]|Rows:7
08:44:59.0 (4155061)|HEAP_ALLOCATE|[6]|Bytes:32
08:44:59.0 (4193002)|HEAP_ALLOCATE|[6]|Bytes:1030
08:44:59.0 (4288296)|HEAP_ALLOCATE|[6]|Bytes:32
08:44:59.0 (4305312)|SYSTEM_MODE_EXIT|false
08:44:59.4 (4352410)|CUMULATIVE_LIMIT_USAGE
08:44:59.4 (4352410)|LIMIT_USAGE_FOR_NS|(default)|
  Number of SOQL queries: 1 out of 100
  Number of query rows: 7 out of 50000
  Number of SOSL queries: 0 out of 20
  Number of DML statements: 0 out of 150
  Number of DML rows: 0 out of 10000
  Maximum CPU time: 0 out of 10000
  Maximum heap size: 0 out of 6000000
  Number of callouts: 0 out of 100
  Number of Email Invocations: 0 out of 10
  Number of future calls: 0 out of 50
  Number of queueable jobs added to the queue: 0 out of 50
  Number of Mobile Apex push calls: 0 out of 10

08:44:59.4 (4352410)|CUMULATIVE_LIMIT_USAGE_END

08:44:59.0 (4402074)|CODE_UNIT_FINISHED|expansesController.getExpenses
08:44:59.0 (6143795)|EXECUTION_FINISHED
