36.0 APEX_CODE,FINEST;APEX_PROFILING,INFO;CALLOUT,INFO;DB,INFO;SYSTEM,DEBUG;VALIDATION,INFO;VISUALFORCE,INFO;WORKFLOW,INFO
06:22:51.0 (526822)|EXECUTION_STARTED
06:22:51.0 (566385)|CODE_UNIT_STARTED|[EXTERNAL]|06636000002n7XB|VF: /apex/DraftsToPersonTable
06:22:51.0 (14730886)|CODE_UNIT_STARTED|[EXTERNAL]|01p360000074pQr|DraftsToPersons <init>
06:22:51.0 (14746668)|SYSTEM_MODE_ENTER|true
06:22:51.0 (15195604)|HEAP_ALLOCATE|[72]|Bytes:3
06:22:51.0 (15224641)|HEAP_ALLOCATE|[77]|Bytes:152
06:22:51.0 (15236508)|HEAP_ALLOCATE|[342]|Bytes:408
06:22:51.0 (15252444)|HEAP_ALLOCATE|[355]|Bytes:408
06:22:51.0 (15268281)|HEAP_ALLOCATE|[467]|Bytes:48
06:22:51.0 (15293380)|HEAP_ALLOCATE|[139]|Bytes:6
06:22:51.0 (15313042)|HEAP_ALLOCATE|[EXTERNAL]|Bytes:10
06:22:51.0 (15318049)|HEAP_ALLOCATE|[EXTERNAL]|Bytes:140
06:22:51.0 (15320978)|HEAP_ALLOCATE|[EXTERNAL]|Bytes:21
06:22:51.0 (15336331)|METHOD_ENTRY|[1]|01p360000074pQr|DraftsToPersons.DraftsToPersons()
06:22:51.0 (15341088)|STATEMENT_EXECUTE|[1]
06:22:51.0 (15348093)|STATEMENT_EXECUTE|[1]
06:22:51.0 (15383467)|HEAP_ALLOCATE|[50]|Bytes:5
06:22:51.0 (15403453)|HEAP_ALLOCATE|[56]|Bytes:5
06:22:51.0 (15412188)|HEAP_ALLOCATE|[64]|Bytes:7
06:22:51.0 (15434807)|SYSTEM_MODE_ENTER|false
06:22:51.0 (15453212)|HEAP_ALLOCATE|[EXTERNAL]|Bytes:5
06:22:51.0 (15457657)|STATEMENT_EXECUTE|[69]
06:22:51.0 (15462731)|SYSTEM_MODE_EXIT|false
06:22:51.0 (15474032)|METHOD_EXIT|[1]|DraftsToPersons
06:22:51.0 (15759594)|HEAP_ALLOCATE|[EXTERNAL]|Bytes:20
06:22:51.0 (15773731)|VARIABLE_SCOPE_BEGIN|[7]|this|DraftsToPersons|true|false
06:22:51.0 (15850539)|VARIABLE_ASSIGNMENT|[7]|this|{}|0x2059a1d5
06:22:51.0 (15861172)|SYSTEM_MODE_ENTER|false
06:22:51.0 (15866839)|HEAP_ALLOCATE|[EXTERNAL]|Bytes:5
06:22:51.0 (15870815)|STATEMENT_EXECUTE|[1]
06:22:51.0 (15873822)|HEAP_ALLOCATE|[EXTERNAL]|Bytes:5
06:22:51.0 (15875864)|STATEMENT_EXECUTE|[2]
06:22:51.0 (15880753)|STATEMENT_EXECUTE|[3]
06:22:51.0 (15881948)|STATEMENT_EXECUTE|[4]
06:22:51.0 (15882999)|STATEMENT_EXECUTE|[5]
06:22:51.0 (15892013)|HEAP_ALLOCATE|[EXTERNAL]|Bytes:6
06:22:51.0 (15915776)|STATEMENT_EXECUTE|[8]
06:22:51.0 (15919655)|SYSTEM_MODE_EXIT|false
06:22:51.0 (15938586)|CODE_UNIT_FINISHED|DraftsToPersons <init>
06:22:51.0 (15996326)|CODE_UNIT_STARTED|[EXTERNAL]|01p360000074pQr|DraftsToPersons get(Persons)
06:22:51.0 (16004489)|SYSTEM_MODE_ENTER|true
06:22:51.0 (16031079)|CODE_UNIT_STARTED|[EXTERNAL]|01p360000074pQr|DraftsToPersons invoke(getPersons)
06:22:51.0 (16069353)|HEAP_ALLOCATE|[EXTERNAL]|Bytes:20
06:22:51.0 (16079117)|VARIABLE_SCOPE_BEGIN|[23]|this|DraftsToPersons|true|false
06:22:51.0 (16096972)|VARIABLE_ASSIGNMENT|[23]|this|{}|0x2059a1d5
06:22:51.0 (16111565)|SYSTEM_MODE_ENTER|false
06:22:51.0 (16116431)|HEAP_ALLOCATE|[25]|Bytes:5
06:22:51.0 (16120112)|STATEMENT_EXECUTE|[24]
06:22:51.0 (16172712)|VARIABLE_ASSIGNMENT|[EXTERNAL]|this|{}|0x2059a1d5
06:22:51.0 (16187000)|STATEMENT_EXECUTE|[26]
06:22:51.0 (16188712)|STATEMENT_EXECUTE|[27]
06:22:51.0 (16192240)|HEAP_ALLOCATE|[27]|Bytes:71
06:22:51.0 (16203396)|HEAP_ALLOCATE|[27]|Bytes:4
06:22:51.0 (17126129)|SOQL_EXECUTE_BEGIN|[27]|Aggregations:0|SELECT id, Name FROM Person__c ORDER BY Name ASC NULLS FIRST LIMIT 1000
06:22:51.0 (20241319)|SOQL_EXECUTE_END|[27]|Rows:2
06:22:51.0 (20268149)|HEAP_ALLOCATE|[27]|Bytes:12
06:22:51.0 (20287151)|HEAP_ALLOCATE|[27]|Bytes:97
06:22:51.0 (20322425)|HEAP_ALLOCATE|[27]|Bytes:12
06:22:51.0 (20376888)|VARIABLE_ASSIGNMENT|[EXTERNAL]|this|{}|0x2059a1d5
06:22:51.0 (20425985)|VARIABLE_ASSIGNMENT|[EXTERNAL]|value|{"s":1,"v":[{"s":2,"v":{"Id":"a0N36000000xneOEAQ","Name":"Andiy Lokotosh"}},{"s":3,"v":{"Id":"a0N36000000xneTEAQ","Name":"Jon Smith"}}]}|0x188f510c
06:22:51.0 (20449227)|VARIABLE_ASSIGNMENT|[3]|this.pers|{"s":1,"v":[{"s":2,"v":{"Id":"a0N36000000xneOEAQ","Name":"Andiy Lokotosh"}},{"s":3,"v":{"Id":"a0N36000000xneTEAQ","Name":"Jon Smith"}}]}|0x2059a1d5
06:22:51.0 (20459130)|STATEMENT_EXECUTE|[31]
06:22:51.0 (20493102)|VARIABLE_ASSIGNMENT|[EXTERNAL]|this|{"pers":"0x188f510c"}|0x2059a1d5
06:22:51.0 (20505703)|SYSTEM_MODE_EXIT|false
06:22:51.0 (20521382)|CODE_UNIT_FINISHED|DraftsToPersons invoke(getPersons)
06:22:51.0 (20545111)|CODE_UNIT_FINISHED|DraftsToPersons get(Persons)
06:22:51.0 (20837736)|CODE_UNIT_STARTED|[EXTERNAL]|01p360000074pQr|DraftsToPersons get(Drafts)
06:22:51.0 (20851232)|SYSTEM_MODE_ENTER|true
06:22:51.0 (20878278)|CODE_UNIT_STARTED|[EXTERNAL]|01p360000074pQr|DraftsToPersons invoke(getDrafts)
06:22:51.0 (20911326)|HEAP_ALLOCATE|[EXTERNAL]|Bytes:20
06:22:51.0 (20920675)|VARIABLE_SCOPE_BEGIN|[12]|this|DraftsToPersons|true|false
06:22:51.0 (20941650)|VARIABLE_ASSIGNMENT|[12]|this|{"pers":"0x188f510c"}|0x2059a1d5
06:22:51.0 (20953156)|SYSTEM_MODE_ENTER|false
06:22:51.0 (20958946)|HEAP_ALLOCATE|[14]|Bytes:5
06:22:51.0 (20962983)|STATEMENT_EXECUTE|[13]
06:22:51.0 (21007085)|VARIABLE_ASSIGNMENT|[EXTERNAL]|this|{"pers":"0x188f510c"}|0x2059a1d5
06:22:51.0 (21019497)|STATEMENT_EXECUTE|[15]
06:22:51.0 (21021342)|STATEMENT_EXECUTE|[16]
06:22:51.0 (21025077)|HEAP_ALLOCATE|[16]|Bytes:70
06:22:51.0 (21031249)|HEAP_ALLOCATE|[16]|Bytes:4
06:22:51.0 (21846931)|SOQL_EXECUTE_BEGIN|[16]|Aggregations:0|SELECT id, Name FROM Draft__c ORDER BY Name ASC NULLS FIRST LIMIT 1000
06:22:51.0 (23579856)|SOQL_EXECUTE_END|[16]|Rows:2
06:22:51.0 (23601122)|HEAP_ALLOCATE|[16]|Bytes:12
06:22:51.0 (23622909)|HEAP_ALLOCATE|[16]|Bytes:95
06:22:51.0 (23663768)|HEAP_ALLOCATE|[16]|Bytes:12
06:22:51.0 (23734896)|VARIABLE_ASSIGNMENT|[EXTERNAL]|this|{"pers":"0x188f510c"}|0x2059a1d5
06:22:51.0 (23761793)|VARIABLE_ASSIGNMENT|[EXTERNAL]|value|{"s":1,"v":[{"s":2,"v":{"Id":"a0R3600000032Q3EAI","Name":"Ebay"}},{"s":3,"v":{"Id":"a0R3600000032PyEAI","Name":"Electronic System"}}]}|0x61e1c0d4
06:22:51.0 (23780404)|VARIABLE_ASSIGNMENT|[2]|this.draft|{"s":1,"v":[{"s":2,"v":{"Id":"a0R3600000032Q3EAI","Name":"Ebay"}},{"s":3,"v":{"Id":"a0R3600000032PyEAI","Name":"Electronic System"}}]}|0x2059a1d5
06:22:51.0 (23789693)|STATEMENT_EXECUTE|[21]
06:22:51.0 (23847051)|VARIABLE_ASSIGNMENT|[EXTERNAL]|this|{"draft":"0x61e1c0d4","pers":"0x188f510c"}|0x2059a1d5
06:22:51.0 (23864320)|SYSTEM_MODE_EXIT|false
06:22:51.0 (23880142)|CODE_UNIT_FINISHED|DraftsToPersons invoke(getDrafts)
06:22:51.0 (23903477)|CODE_UNIT_FINISHED|DraftsToPersons get(Drafts)
06:22:51.0 (24239030)|CODE_UNIT_STARTED|[EXTERNAL]|01p360000074pQr|DraftsToPersons get(Times)
06:22:51.0 (24248508)|SYSTEM_MODE_ENTER|true
06:22:51.0 (24269260)|CODE_UNIT_STARTED|[EXTERNAL]|01p360000074pQr|DraftsToPersons invoke(getTimes)
06:22:51.0 (24301458)|HEAP_ALLOCATE|[EXTERNAL]|Bytes:20
06:22:51.0 (24310746)|VARIABLE_SCOPE_BEGIN|[34]|this|DraftsToPersons|true|false
06:22:51.0 (24333286)|VARIABLE_ASSIGNMENT|[34]|this|{"draft":"0x61e1c0d4","pers":"0x188f510c"}|0x2059a1d5
06:22:51.0 (24343398)|SYSTEM_MODE_ENTER|false
06:22:51.0 (24348588)|HEAP_ALLOCATE|[36]|Bytes:5
06:22:51.0 (24352629)|STATEMENT_EXECUTE|[35]
06:22:51.0 (24397080)|VARIABLE_ASSIGNMENT|[EXTERNAL]|this|{"draft":"0x61e1c0d4","pers":"0x188f510c"}|0x2059a1d5
06:22:51.0 (24409388)|STATEMENT_EXECUTE|[37]
06:22:51.0 (24411269)|STATEMENT_EXECUTE|[38]
06:22:51.0 (24415097)|HEAP_ALLOCATE|[38]|Bytes:66
06:22:51.0 (24420972)|HEAP_ALLOCATE|[38]|Bytes:4
06:22:51.0 (25469238)|SOQL_EXECUTE_BEGIN|[38]|Aggregations:0|SELECT id, Name, Person__r.id, Draft__r.id FROM Time__c LIMIT 1000
06:22:51.0 (37673349)|SOQL_EXECUTE_END|[38]|Rows:2
06:22:51.0 (37708434)|HEAP_ALLOCATE|[38]|Bytes:12
06:22:51.0 (37741521)|HEAP_ALLOCATE|[38]|Bytes:360
06:22:51.0 (37789072)|HEAP_ALLOCATE|[38]|Bytes:12
06:22:51.0 (37886283)|VARIABLE_ASSIGNMENT|[EXTERNAL]|this|{"draft":"0x61e1c0d4","pers":"0x188f510c"}|0x2059a1d5
06:22:51.0 (37931724)|VARIABLE_ASSIGNMENT|[EXTERNAL]|value|{"s":1,"v":[{"s":2,"v":{"Id":"a0M36000000eCJfEAM","Name":"5","Person__c":"a0N36000000xneOEAQ","Draft__c":"a0R3600000032Q3EAI","Person__r":{"s":3,"v":{"Id":"a0N36000000xneOEAQ"}},"Draft__r":{"s":4,"v":{"Id":"a0R3600000032Q3EAI"}}}},{"s":5,"v":{"Id":"a0M36000000eCJaEAM","Name":"4","Person__c":"a0N36000000xneTEAQ","Draft__c":"a0R3600000032PyEAI","Person__r":{"s":6,"v":{"Id":"a0N36000000xneTEAQ"}},"Draft__r":{"s":7,"v":{"Id":"a0R3600000032PyEAI"}}}}]}|0x65dd8f30
06:22:51.0 (38001603)|VARIABLE_ASSIGNMENT|[4]|this.tim|{"s":1,"v":[{"s":2,"v":{"Id":"a0M36000000eCJfEAM","Name":"5","Person__c":"a0N36000000xneOEAQ","Draft__c":"a0R3600000032Q3EAI","Person__r":{"s":3,"v":{"Id":"a0N36000000xneOEAQ"}},"Draft__r":{"s":4,"v":{"Id":"a0R3600000032Q3EAI"}}}},{"s":5,"v":{"Id":"a0M36000000eCJaEAM","Name":"4","Person__c":"a0N36000000xneTEAQ","Draft__c":"a0R3600000032PyEAI","Person__r":{"s":6,"v":{"Id":"a0N36000000xneTEAQ"}},"Draft__r":{"s":7,"v":{"Id":"a0R3600000032PyEAI"}}}}]}|0x2059a1d5
06:22:51.0 (38021653)|STATEMENT_EXECUTE|[41]
06:22:51.0 (38075131)|VARIABLE_ASSIGNMENT|[EXTERNAL]|this|{"draft":"0x61e1c0d4","pers":"0x188f510c","tim":"0x65dd8f30"}|0x2059a1d5
06:22:51.0 (38092866)|SYSTEM_MODE_EXIT|false
06:22:51.0 (38116493)|CODE_UNIT_FINISHED|DraftsToPersons invoke(getTimes)
06:22:51.0 (38145131)|CODE_UNIT_FINISHED|DraftsToPersons get(Times)
06:22:51.76 (76419566)|CUMULATIVE_LIMIT_USAGE
06:22:51.76 (76419566)|LIMIT_USAGE_FOR_NS|(default)|
  Number of SOQL queries: 3 out of 100
  Number of query rows: 6 out of 50000
  Number of SOSL queries: 0 out of 20
  Number of DML statements: 0 out of 150
  Number of DML rows: 0 out of 10000
  Maximum CPU time: 0 out of 10000
  Maximum heap size: 0 out of 6000000
  Number of callouts: 0 out of 100
  Number of Email Invocations: 0 out of 10
  Number of future calls: 0 out of 50
  Number of queueable jobs added to the queue: 0 out of 50
  Number of Mobile Apex push calls: 0 out of 10

06:22:51.76 (76419566)|CUMULATIVE_LIMIT_USAGE_END

06:22:51.0 (76529568)|CODE_UNIT_FINISHED|VF: /apex/DraftsToPersonTable
06:22:51.0 (77686282)|EXECUTION_FINISHED
