36.0 APEX_CODE,FINEST;APEX_PROFILING,INFO;CALLOUT,INFO;DB,INFO;SYSTEM,DEBUG;VALIDATION,INFO;VISUALFORCE,INFO;WORKFLOW,INFO
08:04:05.0 (79652)|EXECUTION_STARTED
08:04:05.0 (125224)|CODE_UNIT_STARTED|[EXTERNAL]|06636000001VcbV|VF: /apex/AprooveWraper
08:04:05.0 (4177899)|CODE_UNIT_STARTED|[EXTERNAL]|01p360000072SS3|WrapperEmployeeSkills <init>
08:04:05.0 (4198805)|SYSTEM_MODE_ENTER|true
08:04:05.0 (4675202)|HEAP_ALLOCATE|[72]|Bytes:3
08:04:05.0 (4726458)|HEAP_ALLOCATE|[77]|Bytes:152
08:04:05.0 (4747447)|HEAP_ALLOCATE|[342]|Bytes:408
08:04:05.0 (4769391)|HEAP_ALLOCATE|[355]|Bytes:408
08:04:05.0 (4788555)|HEAP_ALLOCATE|[467]|Bytes:48
08:04:05.0 (4828746)|HEAP_ALLOCATE|[139]|Bytes:6
08:04:05.0 (4915061)|HEAP_ALLOCATE|[EXTERNAL]|Bytes:9
08:04:05.0 (4921264)|HEAP_ALLOCATE|[EXTERNAL]|Bytes:88
08:04:05.0 (4923999)|HEAP_ALLOCATE|[EXTERNAL]|Bytes:6
08:04:05.0 (4926905)|HEAP_ALLOCATE|[EXTERNAL]|Bytes:2
08:04:05.0 (4942372)|METHOD_ENTRY|[1]|01p360000072SS3|WrapperEmployeeSkills.WrapperEmployeeSkills()
08:04:05.0 (4947745)|STATEMENT_EXECUTE|[1]
08:04:05.0 (4955455)|STATEMENT_EXECUTE|[1]
08:04:05.0 (4993040)|HEAP_ALLOCATE|[50]|Bytes:5
08:04:05.0 (5015159)|HEAP_ALLOCATE|[56]|Bytes:5
08:04:05.0 (5024936)|HEAP_ALLOCATE|[64]|Bytes:7
08:04:05.0 (5049195)|SYSTEM_MODE_ENTER|false
08:04:05.0 (5065193)|HEAP_ALLOCATE|[EXTERNAL]|Bytes:5
08:04:05.0 (5069846)|STATEMENT_EXECUTE|[61]
08:04:05.0 (5074715)|SYSTEM_MODE_EXIT|false
08:04:05.0 (5085540)|METHOD_EXIT|[1]|WrapperEmployeeSkills
08:04:05.0 (5091861)|HEAP_ALLOCATE|[EXTERNAL]|Bytes:8
08:04:05.0 (5099580)|VARIABLE_SCOPE_BEGIN|[1]|this|WrapperEmployeeSkills|true|false
08:04:05.0 (5153019)|VARIABLE_ASSIGNMENT|[1]|this|{}|0x1a798c69
08:04:05.0 (5164762)|SYSTEM_MODE_ENTER|false
08:04:05.0 (5169029)|HEAP_ALLOCATE|[EXTERNAL]|Bytes:5
08:04:05.0 (5177920)|HEAP_ALLOCATE|[EXTERNAL]|Bytes:6
08:04:05.0 (5206478)|SYSTEM_MODE_EXIT|false
08:04:05.0 (5210183)|STATEMENT_EXECUTE|[1]
08:04:05.0 (5214429)|SYSTEM_MODE_ENTER|false
08:04:05.0 (5217788)|HEAP_ALLOCATE|[EXTERNAL]|Bytes:5
08:04:05.0 (5220658)|STATEMENT_EXECUTE|[4]
08:04:05.0 (5223725)|SYSTEM_MODE_EXIT|false
08:04:05.0 (5237403)|CODE_UNIT_FINISHED|WrapperEmployeeSkills <init>
08:04:05.0 (5283886)|CODE_UNIT_STARTED|[EXTERNAL]|01p360000072SS3|WrapperEmployeeSkills get(EmployeeSkills)
08:04:05.0 (5293403)|SYSTEM_MODE_ENTER|true
08:04:05.0 (5313606)|CODE_UNIT_STARTED|[EXTERNAL]|01p360000072SS3|WrapperEmployeeSkills invoke(getEmployeeSkills)
08:04:05.0 (5334664)|HEAP_ALLOCATE|[EXTERNAL]|Bytes:8
08:04:05.0 (5339773)|VARIABLE_SCOPE_BEGIN|[7]|this|WrapperEmployeeSkills|true|false
08:04:05.0 (5354992)|VARIABLE_ASSIGNMENT|[7]|this|{}|0x1a798c69
08:04:05.0 (5370676)|SYSTEM_MODE_ENTER|false
08:04:05.0 (5374970)|HEAP_ALLOCATE|[8]|Bytes:5
08:04:05.0 (5378754)|STATEMENT_EXECUTE|[7]
08:04:05.0 (5427477)|VARIABLE_ASSIGNMENT|[EXTERNAL]|this|{}|0x1a798c69
08:04:05.0 (5440234)|STATEMENT_EXECUTE|[8]
08:04:05.0 (5441799)|STATEMENT_EXECUTE|[9]
08:04:05.0 (5563842)|HEAP_ALLOCATE|[9]|Bytes:4
08:04:05.0 (5685816)|VARIABLE_ASSIGNMENT|[EXTERNAL]|this|{}|0x1a798c69
08:04:05.0 (5716021)|HEAP_ALLOCATE|[EXTERNAL]|Bytes:4
08:04:05.0 (5740021)|VARIABLE_ASSIGNMENT|[EXTERNAL]|value|{"s":1,"v":[]}|0x6a8bf275
08:04:05.0 (5755737)|VARIABLE_ASSIGNMENT|[4]|this.skillsList|{"s":1,"v":[]}|0x1a798c69
08:04:05.0 (5765418)|HEAP_ALLOCATE|[10]|Bytes:85
08:04:05.0 (5776062)|HEAP_ALLOCATE|[10]|Bytes:4
08:04:05.0 (6711157)|SOQL_EXECUTE_BEGIN|[10]|Aggregations:0|SELECT Id, Name, Employee__r.Name, Project__r.Name, Status__c FROM Employee_Skills__c
08:04:05.0 (17985623)|SOQL_EXECUTE_END|[10]|Rows:17
08:04:05.0 (18021822)|HEAP_ALLOCATE|[EXTERNAL]|Bytes:72
08:04:05.0 (18383376)|HEAP_ALLOCATE|[10]|Bytes:49
08:04:05.0 (18394990)|HEAP_ALLOCATE|[10]|Bytes:8
08:04:05.0 (18416161)|SYSTEM_METHOD_ENTRY|[7]|QueryLocatorIterator.QueryLocatorIterator()
08:04:05.0 (18429957)|STATEMENT_EXECUTE|[7]
08:04:05.0 (18451682)|SYSTEM_METHOD_EXIT|[7]|QueryLocatorIterator
08:04:05.0 (18462668)|HEAP_ALLOCATE|[10]|Bytes:28
08:04:05.0 (18577372)|HEAP_ALLOCATE|[10]|Bytes:72
08:04:05.0 (18603254)|HEAP_ALLOCATE|[10]|Bytes:8
08:04:05.0 (18609199)|HEAP_ALLOCATE|[10]|Bytes:8
08:04:05.0 (18615946)|VARIABLE_SCOPE_BEGIN|[15]|this|Database.QueryLocatorIterator|true|false
08:04:05.0 (18649451)|VARIABLE_ASSIGNMENT|[15]|this|{}|0x4d50c049
08:04:05.0 (18655893)|VARIABLE_SCOPE_BEGIN|[15]|values|List<SObject>|true|false
08:04:05.0 (18681643)|VARIABLE_ASSIGNMENT|[15]|values|{"s":1,"v":"List of size 17 too large to display"}|0x3faddd1b
08:04:05.0 (18687418)|VARIABLE_SCOPE_BEGIN|[15]|ql|Database.QueryLocator|true|false
08:04:05.0 (18714145)|VARIABLE_ASSIGNMENT|[15]|ql|{"query":"SELECT Id, Name, Emp (65 more) ..."}|0x29df4789
08:04:05.0 (18720727)|VARIABLE_SCOPE_BEGIN|[15]|totalNumRecords|Integer|false|false
08:04:05.0 (18728975)|VARIABLE_ASSIGNMENT|[15]|totalNumRecords|17
08:04:05.0 (18732532)|VARIABLE_SCOPE_BEGIN|[15]|queryMoreSize|Integer|false|false
08:04:05.0 (18736953)|VARIABLE_ASSIGNMENT|[15]|queryMoreSize|49983
08:04:05.0 (18812197)|HEAP_ALLOCATE|[10]|Bytes:28
08:04:05.0 (18841411)|METHOD_ENTRY|[10]||Database.QueryLocatorIterator.hasNext()
08:04:05.0 (18942016)|METHOD_EXIT|[10]||Database.QueryLocatorIterator.hasNext()
08:04:05.0 (18958220)|METHOD_ENTRY|[10]||Database.QueryLocatorIterator.next()
08:04:05.0 (19102546)|METHOD_EXIT|[10]||Database.QueryLocatorIterator.next()
08:04:05.0 (19118255)|VARIABLE_SCOPE_BEGIN|[10]|c|Employee_Skills__c|true|false
08:04:05.0 (19147990)|VARIABLE_ASSIGNMENT|[10]|c|{"s":1,"v":{"Id":"a0C360000002n2pEAA","Name":"sdfsdfsdf","Employee__c":"a0A36000001yx5YEAQ","Project__c":"a0736000000Ew01AAC","Status__c":"Rejected","Employee__r":{"s":2,"v":{"Name":"dssdfsd","Id":"a0A36000001yx5YEAQ"}},"Project__r":{"s":3,"v":{"Name":"eBank","Id":"a0736000000Ew01AAC"}}}}|0x78d41e36
08:04:05.0 (19153018)|STATEMENT_EXECUTE|[12]
08:04:05.0 (19154798)|STATEMENT_EXECUTE|[14]
08:04:05.0 (19191430)|VARIABLE_ASSIGNMENT|[EXTERNAL]|this|{"skillsList":"0x6a8bf275"}|0x1a798c69
08:04:05.0 (19208693)|HEAP_ALLOCATE|[14]|Bytes:112
08:04:05.0 (19214601)|HEAP_ALLOCATE|[14]|Bytes:8
08:04:05.0 (19224483)|HEAP_ALLOCATE|[14]|Bytes:12
08:04:05.0 (19240893)|CONSTRUCTOR_ENTRY|[14]|01p360000072SS3|<init>(Employee_Skills__c)
08:04:05.0 (19247332)|VARIABLE_SCOPE_BEGIN|[66]|this|WrapperEmployeeSkills.wEmployee|true|false
08:04:05.0 (19264307)|VARIABLE_ASSIGNMENT|[66]|this|{}|0x27f45c6e
08:04:05.0 (19267392)|VARIABLE_SCOPE_BEGIN|[66]|s|Employee_Skills__c|true|false
08:04:05.0 (19284660)|VARIABLE_ASSIGNMENT|[66]|s|{"s":1,"v":{"Id":"a0C360000002n2pEAA","Name":"sdfsdfsdf","Employee__c":"a0A36000001yx5YEAQ","Project__c":"a0736000000Ew01AAC","Status__c":"Rejected","Employee__r":{"s":2,"v":{"Name":"dssdfsd","Id":"a0A36000001yx5YEAQ"}},"Project__r":{"s":3,"v":{"Name":"eBank","Id":"a0736000000Ew01AAC"}}}}|0x78d41e36
08:04:05.0 (19290211)|STATEMENT_EXECUTE|[61]
08:04:05.0 (19291822)|STATEMENT_EXECUTE|[62]
08:04:05.0 (19292994)|STATEMENT_EXECUTE|[63]
08:04:05.0 (19305548)|STATEMENT_EXECUTE|[66]
08:04:05.0 (19307289)|STATEMENT_EXECUTE|[67]
08:04:05.0 (19346125)|VARIABLE_ASSIGNMENT|[EXTERNAL]|this|{}|0x27f45c6e
08:04:05.0 (19363226)|VARIABLE_ASSIGNMENT|[EXTERNAL]|value|{"s":1,"v":{"Id":"a0C360000002n2pEAA","Name":"sdfsdfsdf","Employee__c":"a0A36000001yx5YEAQ","Project__c":"a0736000000Ew01AAC","Status__c":"Rejected","Employee__r":{"s":2,"v":{"Name":"dssdfsd","Id":"a0A36000001yx5YEAQ"}},"Project__r":{"s":3,"v":{"Name":"eBank","Id":"a0736000000Ew01AAC"}}}}|0x78d41e36
08:04:05.0 (19381773)|VARIABLE_ASSIGNMENT|[62]|this.skill|{"s":1,"v":{"Id":"a0C360000002n2pEAA","Name":"sdfsdfsdf","Employee__c":"a0A36000001yx5YEAQ","Project__c":"a0736000000Ew01AAC","Status__c":"Rejected","Employee__r":{"s":2,"v":{"Name":"dssdfsd","Id":"a0A36000001yx5YEAQ"}},"Project__r":{"s":3,"v":{"Name":"eBank","Id":"a0736000000Ew01AAC"}}}}|0x27f45c6e
08:04:05.0 (19390304)|STATEMENT_EXECUTE|[68]
08:04:05.0 (19429598)|VARIABLE_ASSIGNMENT|[EXTERNAL]|this|{"skill":"0x78d41e36"}|0x27f45c6e
08:04:05.0 (19437983)|VARIABLE_ASSIGNMENT|[EXTERNAL]|value|false
08:04:05.0 (19442890)|HEAP_ALLOCATE|[63]|Bytes:5
08:04:05.0 (19449909)|VARIABLE_ASSIGNMENT|[63]|this.selected|false|0x27f45c6e
08:04:05.0 (19460982)|CONSTRUCTOR_EXIT|[14]|01p360000072SS3|<init>(Employee_Skills__c)
08:04:05.0 (19481105)|HEAP_ALLOCATE|[EXTERNAL]|Bytes:4
08:04:05.0 (19491491)|METHOD_ENTRY|[10]||Database.QueryLocatorIterator.hasNext()
08:04:05.0 (19510873)|METHOD_EXIT|[10]||Database.QueryLocatorIterator.hasNext()
08:04:05.0 (19515656)|METHOD_ENTRY|[10]||Database.QueryLocatorIterator.next()
08:04:05.0 (19584826)|METHOD_EXIT|[10]||Database.QueryLocatorIterator.next()
08:04:05.0 (19594720)|VARIABLE_SCOPE_BEGIN|[10]|c|Employee_Skills__c|true|false
08:04:05.0 (19627188)|VARIABLE_ASSIGNMENT|[10]|c|{"s":1,"v":{"Id":"a0C360000003sI7EAI","Name":"Test Skill","Employee__c":"a0A36000002STuDEAW","Project__c":"a07360000014vWtAAI","Status__c":"Approved","Employee__r":{"s":2,"v":{"Name":"Jor","Id":"a0A36000002STuDEAW"}},"Project__r":{"s":3,"v":{"Name":"TestProj","Id":"a07360000014vWtAAI"}}}}|0x546b441a
08:04:05.0 (19632748)|STATEMENT_EXECUTE|[12]
08:04:05.0 (19634111)|STATEMENT_EXECUTE|[14]
08:04:05.0 (19657932)|VARIABLE_ASSIGNMENT|[EXTERNAL]|this|{"skillsList":"0x6a8bf275"}|0x1a798c69
08:04:05.0 (19668116)|HEAP_ALLOCATE|[14]|Bytes:12
08:04:05.0 (19677113)|CONSTRUCTOR_ENTRY|[14]|01p360000072SS3|<init>(Employee_Skills__c)
08:04:05.0 (19681661)|VARIABLE_SCOPE_BEGIN|[66]|this|WrapperEmployeeSkills.wEmployee|true|false
08:04:05.0 (19695786)|VARIABLE_ASSIGNMENT|[66]|this|{}|0x1f929ba8
08:04:05.0 (19698492)|VARIABLE_SCOPE_BEGIN|[66]|s|Employee_Skills__c|true|false
08:04:05.0 (19713954)|VARIABLE_ASSIGNMENT|[66]|s|{"s":1,"v":{"Id":"a0C360000003sI7EAI","Name":"Test Skill","Employee__c":"a0A36000002STuDEAW","Project__c":"a07360000014vWtAAI","Status__c":"Approved","Employee__r":{"s":2,"v":{"Name":"Jor","Id":"a0A36000002STuDEAW"}},"Project__r":{"s":3,"v":{"Name":"TestProj","Id":"a07360000014vWtAAI"}}}}|0x546b441a
08:04:05.0 (19718668)|STATEMENT_EXECUTE|[61]
08:04:05.0 (19719885)|STATEMENT_EXECUTE|[62]
08:04:05.0 (19720949)|STATEMENT_EXECUTE|[63]
08:04:05.0 (19731817)|STATEMENT_EXECUTE|[66]
08:04:05.0 (19733824)|STATEMENT_EXECUTE|[67]
08:04:05.0 (19750193)|VARIABLE_ASSIGNMENT|[EXTERNAL]|this|{}|0x1f929ba8
08:04:05.0 (19765495)|VARIABLE_ASSIGNMENT|[EXTERNAL]|value|{"s":1,"v":{"Id":"a0C360000003sI7EAI","Name":"Test Skill","Employee__c":"a0A36000002STuDEAW","Project__c":"a07360000014vWtAAI","Status__c":"Approved","Employee__r":{"s":2,"v":{"Name":"Jor","Id":"a0A36000002STuDEAW"}},"Project__r":{"s":3,"v":{"Name":"TestProj","Id":"a07360000014vWtAAI"}}}}|0x546b441a
08:04:05.0 (19782310)|VARIABLE_ASSIGNMENT|[62]|this.skill|{"s":1,"v":{"Id":"a0C360000003sI7EAI","Name":"Test Skill","Employee__c":"a0A36000002STuDEAW","Project__c":"a07360000014vWtAAI","Status__c":"Approved","Employee__r":{"s":2,"v":{"Name":"Jor","Id":"a0A36000002STuDEAW"}},"Project__r":{"s":3,"v":{"Name":"TestProj","Id":"a07360000014vWtAAI"}}}}|0x1f929ba8
08:04:05.0 (19789436)|STATEMENT_EXECUTE|[68]
08:04:05.0 (19807714)|VARIABLE_ASSIGNMENT|[EXTERNAL]|this|{"skill":"0x546b441a"}|0x1f929ba8
08:04:05.0 (19814238)|VARIABLE_ASSIGNMENT|[EXTERNAL]|value|false
08:04:05.0 (19818501)|HEAP_ALLOCATE|[63]|Bytes:5
08:04:05.0 (19824723)|VARIABLE_ASSIGNMENT|[63]|this.selected|false|0x1f929ba8
08:04:05.0 (19834149)|CONSTRUCTOR_EXIT|[14]|01p360000072SS3|<init>(Employee_Skills__c)
08:04:05.0 (19846903)|HEAP_ALLOCATE|[EXTERNAL]|Bytes:4
08:04:05.0 (19856247)|METHOD_ENTRY|[10]||Database.QueryLocatorIterator.hasNext()
08:04:05.0 (19874297)|METHOD_EXIT|[10]||Database.QueryLocatorIterator.hasNext()
08:04:05.0 (19878808)|METHOD_ENTRY|[10]||Database.QueryLocatorIterator.next()
08:04:05.0 (19933442)|METHOD_EXIT|[10]||Database.QueryLocatorIterator.next()
08:04:05.0 (19939291)|VARIABLE_SCOPE_BEGIN|[10]|c|Employee_Skills__c|true|false
08:04:05.0 (19960985)|VARIABLE_ASSIGNMENT|[10]|c|{"s":1,"v":{"Id":"a0C360000003I4VEAU","Name":"Design","Employee__c":"a0A36000001zhkPEAQ","Project__c":"a0736000000F4iQAAS","Status__c":"Pending approval","Employee__r":{"s":2,"v":{"Name":"Robert Dobson","Id":"a0A36000001zhkPEAQ"}},"Project__r":{"s":3,"v":{"Name":"dasdasd","Id":"a0736000000F4iQAAS"}}}}|0x115757d4
08:04:05.0 (19965265)|STATEMENT_EXECUTE|[12]
08:04:05.0 (19967598)|STATEMENT_EXECUTE|[14]
08:04:05.0 (19999235)|VARIABLE_ASSIGNMENT|[EXTERNAL]|this|{"skillsList":"0x6a8bf275"}|0x1a798c69
08:04:05.0 (20016187)|HEAP_ALLOCATE|[14]|Bytes:12
08:04:05.0 (20029560)|CONSTRUCTOR_ENTRY|[14]|01p360000072SS3|<init>(Employee_Skills__c)
08:04:05.0 (20036828)|VARIABLE_SCOPE_BEGIN|[66]|this|WrapperEmployeeSkills.wEmployee|true|false
08:04:05.0 (20058428)|VARIABLE_ASSIGNMENT|[66]|this|{}|0xee42be8
08:04:05.0 (20063588)|VARIABLE_SCOPE_BEGIN|[66]|s|Employee_Skills__c|true|false
08:04:05.0 (20091038)|VARIABLE_ASSIGNMENT|[66]|s|{"s":1,"v":{"Id":"a0C360000003I4VEAU","Name":"Design","Employee__c":"a0A36000001zhkPEAQ","Project__c":"a0736000000F4iQAAS","Status__c":"Pending approval","Employee__r":{"s":2,"v":{"Name":"Robert Dobson","Id":"a0A36000001zhkPEAQ"}},"Project__r":{"s":3,"v":{"Name":"dasdasd","Id":"a0736000000F4iQAAS"}}}}|0x115757d4
08:04:05.0 (20098675)|STATEMENT_EXECUTE|[61]
08:04:05.0 (20101052)|STATEMENT_EXECUTE|[62]
08:04:05.0 (20102735)|STATEMENT_EXECUTE|[63]
08:04:05.0 (20119846)|STATEMENT_EXECUTE|[66]
08:04:05.0 (20122327)|STATEMENT_EXECUTE|[67]
08:04:05.0 (20149818)|VARIABLE_ASSIGNMENT|[EXTERNAL]|this|{}|0xee42be8
08:04:05.0 (20179096)|VARIABLE_ASSIGNMENT|[EXTERNAL]|value|{"s":1,"v":{"Id":"a0C360000003I4VEAU","Name":"Design","Employee__c":"a0A36000001zhkPEAQ","Project__c":"a0736000000F4iQAAS","Status__c":"Pending approval","Employee__r":{"s":2,"v":{"Name":"Robert Dobson","Id":"a0A36000001zhkPEAQ"}},"Project__r":{"s":3,"v":{"Name":"dasdasd","Id":"a0736000000F4iQAAS"}}}}|0x115757d4
08:04:05.0 (20204917)|VARIABLE_ASSIGNMENT|[62]|this.skill|{"s":1,"v":{"Id":"a0C360000003I4VEAU","Name":"Design","Employee__c":"a0A36000001zhkPEAQ","Project__c":"a0736000000F4iQAAS","Status__c":"Pending approval","Employee__r":{"s":2,"v":{"Name":"Robert Dobson","Id":"a0A36000001zhkPEAQ"}},"Project__r":{"s":3,"v":{"Name":"dasdasd","Id":"a0736000000F4iQAAS"}}}}|0xee42be8
08:04:05.0 (20215167)|STATEMENT_EXECUTE|[68]
08:04:05.0 (20241277)|VARIABLE_ASSIGNMENT|[EXTERNAL]|this|{"skill":"0x115757d4"}|0xee42be8
08:04:05.0 (20248558)|VARIABLE_ASSIGNMENT|[EXTERNAL]|value|false
08:04:05.0 (20252484)|HEAP_ALLOCATE|[63]|Bytes:5
08:04:05.0 (20259014)|VARIABLE_ASSIGNMENT|[63]|this.selected|false|0xee42be8
08:04:05.0 (20269268)|CONSTRUCTOR_EXIT|[14]|01p360000072SS3|<init>(Employee_Skills__c)
08:04:05.0 (20282335)|HEAP_ALLOCATE|[EXTERNAL]|Bytes:4
08:04:05.0 (20291484)|METHOD_ENTRY|[10]||Database.QueryLocatorIterator.hasNext()
08:04:05.0 (20309931)|METHOD_EXIT|[10]||Database.QueryLocatorIterator.hasNext()
08:04:05.0 (20314500)|METHOD_ENTRY|[10]||Database.QueryLocatorIterator.next()
08:04:05.0 (20369303)|METHOD_EXIT|[10]||Database.QueryLocatorIterator.next()
08:04:05.0 (20375196)|VARIABLE_SCOPE_BEGIN|[10]|c|Employee_Skills__c|true|false
08:04:05.0 (20396740)|VARIABLE_ASSIGNMENT|[10]|c|{"s":1,"v":{"Id":"a0C360000003VRsEAM","Name":"Designer","Employee__c":"a0A36000001ygYkEAI","Project__c":"a0736000000Ex6cAAC","Status__c":"Pending approval","Employee__r":{"s":2,"v":{"Name":"Andriy Lokotosh","Id":"a0A36000001ygYkEAI"}},"Project__r":{"s":3,"v":{"Name":"SolutionSoft","Id":"a0736000000Ex6cAAC"}}}}|0x25a63417
08:04:05.0 (20401259)|STATEMENT_EXECUTE|[12]
08:04:05.0 (20402658)|STATEMENT_EXECUTE|[14]
08:04:05.0 (20427173)|VARIABLE_ASSIGNMENT|[EXTERNAL]|this|{"skillsList":"0x6a8bf275"}|0x1a798c69
08:04:05.0 (20436994)|HEAP_ALLOCATE|[14]|Bytes:12
08:04:05.0 (20445658)|CONSTRUCTOR_ENTRY|[14]|01p360000072SS3|<init>(Employee_Skills__c)
08:04:05.0 (20450121)|VARIABLE_SCOPE_BEGIN|[66]|this|WrapperEmployeeSkills.wEmployee|true|false
08:04:05.0 (20463964)|VARIABLE_ASSIGNMENT|[66]|this|{}|0x4fad9ca5
08:04:05.0 (20466559)|VARIABLE_SCOPE_BEGIN|[66]|s|Employee_Skills__c|true|false
08:04:05.0 (20481559)|VARIABLE_ASSIGNMENT|[66]|s|{"s":1,"v":{"Id":"a0C360000003VRsEAM","Name":"Designer","Employee__c":"a0A36000001ygYkEAI","Project__c":"a0736000000Ex6cAAC","Status__c":"Pending approval","Employee__r":{"s":2,"v":{"Name":"Andriy Lokotosh","Id":"a0A36000001ygYkEAI"}},"Project__r":{"s":3,"v":{"Name":"SolutionSoft","Id":"a0736000000Ex6cAAC"}}}}|0x25a63417
08:04:05.0 (20485920)|STATEMENT_EXECUTE|[61]
08:04:05.0 (20487167)|STATEMENT_EXECUTE|[62]
08:04:05.0 (20488186)|STATEMENT_EXECUTE|[63]
08:04:05.0 (20498834)|STATEMENT_EXECUTE|[66]
08:04:05.0 (20500597)|STATEMENT_EXECUTE|[67]
08:04:05.0 (20516603)|VARIABLE_ASSIGNMENT|[EXTERNAL]|this|{}|0x4fad9ca5
08:04:05.0 (20531546)|VARIABLE_ASSIGNMENT|[EXTERNAL]|value|{"s":1,"v":{"Id":"a0C360000003VRsEAM","Name":"Designer","Employee__c":"a0A36000001ygYkEAI","Project__c":"a0736000000Ex6cAAC","Status__c":"Pending approval","Employee__r":{"s":2,"v":{"Name":"Andriy Lokotosh","Id":"a0A36000001ygYkEAI"}},"Project__r":{"s":3,"v":{"Name":"SolutionSoft","Id":"a0736000000Ex6cAAC"}}}}|0x25a63417
08:04:05.0 (20549661)|VARIABLE_ASSIGNMENT|[62]|this.skill|{"s":1,"v":{"Id":"a0C360000003VRsEAM","Name":"Designer","Employee__c":"a0A36000001ygYkEAI","Project__c":"a0736000000Ex6cAAC","Status__c":"Pending approval","Employee__r":{"s":2,"v":{"Name":"Andriy Lokotosh","Id":"a0A36000001ygYkEAI"}},"Project__r":{"s":3,"v":{"Name":"SolutionSoft","Id":"a0736000000Ex6cAAC"}}}}|0x4fad9ca5
08:04:05.0 (20557380)|STATEMENT_EXECUTE|[68]
08:04:05.0 (20579584)|VARIABLE_ASSIGNMENT|[EXTERNAL]|this|{"skill":"0x25a63417"}|0x4fad9ca5
08:04:05.0 (20590478)|VARIABLE_ASSIGNMENT|[EXTERNAL]|value|false
08:04:05.0 (20596562)|HEAP_ALLOCATE|[63]|Bytes:5
08:04:05.0 (20607991)|VARIABLE_ASSIGNMENT|[63]|this.selected|false|0x4fad9ca5
08:04:05.0 (20625782)|CONSTRUCTOR_EXIT|[14]|01p360000072SS3|<init>(Employee_Skills__c)
08:04:05.0 (20646327)|HEAP_ALLOCATE|[EXTERNAL]|Bytes:4
08:04:05.0 (20662864)|METHOD_ENTRY|[10]||Database.QueryLocatorIterator.hasNext()
08:04:05.0 (20697112)|METHOD_EXIT|[10]||Database.QueryLocatorIterator.hasNext()
08:04:05.0 (20706921)|METHOD_ENTRY|[10]||Database.QueryLocatorIterator.next()
08:04:05.0 (20797066)|METHOD_EXIT|[10]||Database.QueryLocatorIterator.next()
08:04:05.0 (20807218)|VARIABLE_SCOPE_BEGIN|[10]|c|Employee_Skills__c|true|false
08:04:05.0 (20839227)|VARIABLE_ASSIGNMENT|[10]|c|{"s":1,"v":{"Id":"a0C360000003I4aEAE","Name":"QA","Employee__c":"a0A36000001zhkPEAQ","Project__c":"a0736000000Ex6cAAC","Status__c":"Pending approval","Employee__r":{"s":2,"v":{"Name":"Robert Dobson","Id":"a0A36000001zhkPEAQ"}},"Project__r":{"s":3,"v":{"Name":"SolutionSoft","Id":"a0736000000Ex6cAAC"}}}}|0x5b3f1fcb
08:04:05.0 (20846115)|STATEMENT_EXECUTE|[12]
08:04:05.0 (20848949)|STATEMENT_EXECUTE|[14]
08:04:05.0 (20881037)|VARIABLE_ASSIGNMENT|[EXTERNAL]|this|{"skillsList":"0x6a8bf275"}|0x1a798c69
08:04:05.0 (20896730)|HEAP_ALLOCATE|[14]|Bytes:12
08:04:05.0 (20909509)|CONSTRUCTOR_ENTRY|[14]|01p360000072SS3|<init>(Employee_Skills__c)
08:04:05.0 (20916795)|VARIABLE_SCOPE_BEGIN|[66]|this|WrapperEmployeeSkills.wEmployee|true|false
08:04:05.0 (20940126)|VARIABLE_ASSIGNMENT|[66]|this|{}|0x3daf0893
08:04:05.0 (20945631)|VARIABLE_SCOPE_BEGIN|[66]|s|Employee_Skills__c|true|false
08:04:05.0 (20974316)|VARIABLE_ASSIGNMENT|[66]|s|{"s":1,"v":{"Id":"a0C360000003I4aEAE","Name":"QA","Employee__c":"a0A36000001zhkPEAQ","Project__c":"a0736000000Ex6cAAC","Status__c":"Pending approval","Employee__r":{"s":2,"v":{"Name":"Robert Dobson","Id":"a0A36000001zhkPEAQ"}},"Project__r":{"s":3,"v":{"Name":"SolutionSoft","Id":"a0736000000Ex6cAAC"}}}}|0x5b3f1fcb
08:04:05.0 (20982052)|STATEMENT_EXECUTE|[61]
08:04:05.0 (20984504)|STATEMENT_EXECUTE|[62]
08:04:05.0 (20986360)|STATEMENT_EXECUTE|[63]
08:04:05.0 (21004288)|STATEMENT_EXECUTE|[66]
08:04:05.0 (21008225)|STATEMENT_EXECUTE|[67]
08:04:05.0 (21037026)|VARIABLE_ASSIGNMENT|[EXTERNAL]|this|{}|0x3daf0893
08:04:05.0 (21065217)|VARIABLE_ASSIGNMENT|[EXTERNAL]|value|{"s":1,"v":{"Id":"a0C360000003I4aEAE","Name":"QA","Employee__c":"a0A36000001zhkPEAQ","Project__c":"a0736000000Ex6cAAC","Status__c":"Pending approval","Employee__r":{"s":2,"v":{"Name":"Robert Dobson","Id":"a0A36000001zhkPEAQ"}},"Project__r":{"s":3,"v":{"Name":"SolutionSoft","Id":"a0736000000Ex6cAAC"}}}}|0x5b3f1fcb
08:04:05.0 (21098868)|VARIABLE_ASSIGNMENT|[62]|this.skill|{"s":1,"v":{"Id":"a0C360000003I4aEAE","Name":"QA","Employee__c":"a0A36000001zhkPEAQ","Project__c":"a0736000000Ex6cAAC","Status__c":"Pending approval","Employee__r":{"s":2,"v":{"Name":"Robert Dobson","Id":"a0A36000001zhkPEAQ"}},"Project__r":{"s":3,"v":{"Name":"SolutionSoft","Id":"a0736000000Ex6cAAC"}}}}|0x3daf0893
08:04:05.0 (21112945)|STATEMENT_EXECUTE|[68]
08:04:05.0 (21143859)|VARIABLE_ASSIGNMENT|[EXTERNAL]|this|{"skill":"0x5b3f1fcb"}|0x3daf0893
08:04:05.0 (21151555)|VARIABLE_ASSIGNMENT|[EXTERNAL]|value|false
08:04:05.0 (21155961)|HEAP_ALLOCATE|[63]|Bytes:5
08:04:05.0 (21162635)|VARIABLE_ASSIGNMENT|[63]|this.selected|false|0x3daf0893
08:04:05.0 (21173598)|CONSTRUCTOR_EXIT|[14]|01p360000072SS3|<init>(Employee_Skills__c)
08:04:05.0 (21188589)|HEAP_ALLOCATE|[EXTERNAL]|Bytes:4
08:04:05.0 (21199046)|METHOD_ENTRY|[10]||Database.QueryLocatorIterator.hasNext()
08:04:05.0 (21217627)|METHOD_EXIT|[10]||Database.QueryLocatorIterator.hasNext()
08:04:05.0 (21222095)|METHOD_ENTRY|[10]||Database.QueryLocatorIterator.next()
08:04:05.0 (21281439)|METHOD_EXIT|[10]||Database.QueryLocatorIterator.next()
08:04:05.0 (21290462)|VARIABLE_SCOPE_BEGIN|[10]|c|Employee_Skills__c|true|false
08:04:05.0 (21315939)|VARIABLE_ASSIGNMENT|[10]|c|{"s":1,"v":{"Id":"a0C360000003XRiEAM","Name":"Tomato","Employee__c":"a0A36000001ygYkEAI","Project__c":"a0736000000Ew01AAC","Status__c":"Pending approval","Employee__r":{"s":2,"v":{"Name":"Andriy Lokotosh","Id":"a0A36000001ygYkEAI"}},"Project__r":{"s":3,"v":{"Name":"eBank","Id":"a0736000000Ew01AAC"}}}}|0x173d6f4f
08:04:05.0 (21320674)|STATEMENT_EXECUTE|[12]
08:04:05.0 (21322225)|STATEMENT_EXECUTE|[14]
08:04:05.0 (21343426)|VARIABLE_ASSIGNMENT|[EXTERNAL]|this|{"skillsList":"0x6a8bf275"}|0x1a798c69
08:04:05.0 (21353197)|HEAP_ALLOCATE|[14]|Bytes:12
08:04:05.0 (21361610)|CONSTRUCTOR_ENTRY|[14]|01p360000072SS3|<init>(Employee_Skills__c)
08:04:05.0 (21366345)|VARIABLE_SCOPE_BEGIN|[66]|this|WrapperEmployeeSkills.wEmployee|true|false
08:04:05.0 (21379841)|VARIABLE_ASSIGNMENT|[66]|this|{}|0x345691b9
08:04:05.0 (21382644)|VARIABLE_SCOPE_BEGIN|[66]|s|Employee_Skills__c|true|false
08:04:05.0 (21397513)|VARIABLE_ASSIGNMENT|[66]|s|{"s":1,"v":{"Id":"a0C360000003XRiEAM","Name":"Tomato","Employee__c":"a0A36000001ygYkEAI","Project__c":"a0736000000Ew01AAC","Status__c":"Pending approval","Employee__r":{"s":2,"v":{"Name":"Andriy Lokotosh","Id":"a0A36000001ygYkEAI"}},"Project__r":{"s":3,"v":{"Name":"eBank","Id":"a0736000000Ew01AAC"}}}}|0x173d6f4f
08:04:05.0 (21401637)|STATEMENT_EXECUTE|[61]
08:04:05.0 (21402964)|STATEMENT_EXECUTE|[62]
08:04:05.0 (21404044)|STATEMENT_EXECUTE|[63]
08:04:05.0 (21414467)|STATEMENT_EXECUTE|[66]
08:04:05.0 (21416184)|STATEMENT_EXECUTE|[67]
08:04:05.0 (21437157)|VARIABLE_ASSIGNMENT|[EXTERNAL]|this|{}|0x345691b9
08:04:05.0 (21452991)|VARIABLE_ASSIGNMENT|[EXTERNAL]|value|{"s":1,"v":{"Id":"a0C360000003XRiEAM","Name":"Tomato","Employee__c":"a0A36000001ygYkEAI","Project__c":"a0736000000Ew01AAC","Status__c":"Pending approval","Employee__r":{"s":2,"v":{"Name":"Andriy Lokotosh","Id":"a0A36000001ygYkEAI"}},"Project__r":{"s":3,"v":{"Name":"eBank","Id":"a0736000000Ew01AAC"}}}}|0x173d6f4f
08:04:05.0 (21470182)|VARIABLE_ASSIGNMENT|[62]|this.skill|{"s":1,"v":{"Id":"a0C360000003XRiEAM","Name":"Tomato","Employee__c":"a0A36000001ygYkEAI","Project__c":"a0736000000Ew01AAC","Status__c":"Pending approval","Employee__r":{"s":2,"v":{"Name":"Andriy Lokotosh","Id":"a0A36000001ygYkEAI"}},"Project__r":{"s":3,"v":{"Name":"eBank","Id":"a0736000000Ew01AAC"}}}}|0x345691b9
08:04:05.0 (21477519)|STATEMENT_EXECUTE|[68]
08:04:05.0 (21495477)|VARIABLE_ASSIGNMENT|[EXTERNAL]|this|{"skill":"0x173d6f4f"}|0x345691b9
08:04:05.0 (21501968)|VARIABLE_ASSIGNMENT|[EXTERNAL]|value|false
08:04:05.0 (21505686)|HEAP_ALLOCATE|[63]|Bytes:5
08:04:05.0 (21511760)|VARIABLE_ASSIGNMENT|[63]|this.selected|false|0x345691b9
08:04:05.0 (21520943)|CONSTRUCTOR_EXIT|[14]|01p360000072SS3|<init>(Employee_Skills__c)
08:04:05.0 (21533279)|HEAP_ALLOCATE|[EXTERNAL]|Bytes:4
08:04:05.0 (21542050)|METHOD_ENTRY|[10]||Database.QueryLocatorIterator.hasNext()
08:04:05.0 (21559873)|METHOD_EXIT|[10]||Database.QueryLocatorIterator.hasNext()
08:04:05.0 (21564355)|METHOD_ENTRY|[10]||Database.QueryLocatorIterator.next()
08:04:05.0 (21617809)|METHOD_EXIT|[10]||Database.QueryLocatorIterator.next()
08:04:05.0 (21623407)|VARIABLE_SCOPE_BEGIN|[10]|c|Employee_Skills__c|true|false
08:04:05.0 (21643697)|VARIABLE_ASSIGNMENT|[10]|c|{"s":1,"v":{"Id":"a0C360000003YCSEA2","Name":"Enpl","Employee__c":"a0A36000001ygYkEAI","Project__c":"a0736000000Ew01AAC","Status__c":"Pending approval","Employee__r":{"s":2,"v":{"Name":"Andriy Lokotosh","Id":"a0A36000001ygYkEAI"}},"Project__r":{"s":3,"v":{"Name":"eBank","Id":"a0736000000Ew01AAC"}}}}|0x17b411bf
08:04:05.0 (21647931)|STATEMENT_EXECUTE|[12]
08:04:05.0 (21649167)|STATEMENT_EXECUTE|[14]
08:04:05.0 (21668430)|VARIABLE_ASSIGNMENT|[EXTERNAL]|this|{"skillsList":"0x6a8bf275"}|0x1a798c69
08:04:05.0 (21677563)|HEAP_ALLOCATE|[14]|Bytes:12
08:04:05.0 (21685452)|CONSTRUCTOR_ENTRY|[14]|01p360000072SS3|<init>(Employee_Skills__c)
08:04:05.0 (21689806)|VARIABLE_SCOPE_BEGIN|[66]|this|WrapperEmployeeSkills.wEmployee|true|false
08:04:05.0 (21702918)|VARIABLE_ASSIGNMENT|[66]|this|{}|0x529a684a
08:04:05.0 (21705482)|VARIABLE_SCOPE_BEGIN|[66]|s|Employee_Skills__c|true|false
08:04:05.0 (21719554)|VARIABLE_ASSIGNMENT|[66]|s|{"s":1,"v":{"Id":"a0C360000003YCSEA2","Name":"Enpl","Employee__c":"a0A36000001ygYkEAI","Project__c":"a0736000000Ew01AAC","Status__c":"Pending approval","Employee__r":{"s":2,"v":{"Name":"Andriy Lokotosh","Id":"a0A36000001ygYkEAI"}},"Project__r":{"s":3,"v":{"Name":"eBank","Id":"a0736000000Ew01AAC"}}}}|0x17b411bf
08:04:05.0 (21724135)|STATEMENT_EXECUTE|[61]
08:04:05.0 (21725456)|STATEMENT_EXECUTE|[62]
08:04:05.0 (21726590)|STATEMENT_EXECUTE|[63]
08:04:05.0 (21736829)|STATEMENT_EXECUTE|[66]
08:04:05.0 (21738484)|STATEMENT_EXECUTE|[67]
08:04:05.0 (21754354)|VARIABLE_ASSIGNMENT|[EXTERNAL]|this|{}|0x529a684a
08:04:05.0 (21768982)|VARIABLE_ASSIGNMENT|[EXTERNAL]|value|{"s":1,"v":{"Id":"a0C360000003YCSEA2","Name":"Enpl","Employee__c":"a0A36000001ygYkEAI","Project__c":"a0736000000Ew01AAC","Status__c":"Pending approval","Employee__r":{"s":2,"v":{"Name":"Andriy Lokotosh","Id":"a0A36000001ygYkEAI"}},"Project__r":{"s":3,"v":{"Name":"eBank","Id":"a0736000000Ew01AAC"}}}}|0x17b411bf
08:04:05.0 (21786598)|VARIABLE_ASSIGNMENT|[62]|this.skill|{"s":1,"v":{"Id":"a0C360000003YCSEA2","Name":"Enpl","Employee__c":"a0A36000001ygYkEAI","Project__c":"a0736000000Ew01AAC","Status__c":"Pending approval","Employee__r":{"s":2,"v":{"Name":"Andriy Lokotosh","Id":"a0A36000001ygYkEAI"}},"Project__r":{"s":3,"v":{"Name":"eBank","Id":"a0736000000Ew01AAC"}}}}|0x529a684a
08:04:05.0 (21793936)|STATEMENT_EXECUTE|[68]
08:04:05.0 (21811602)|VARIABLE_ASSIGNMENT|[EXTERNAL]|this|{"skill":"0x17b411bf"}|0x529a684a
08:04:05.0 (21818094)|VARIABLE_ASSIGNMENT|[EXTERNAL]|value|false
08:04:05.0 (21821521)|HEAP_ALLOCATE|[63]|Bytes:5
08:04:05.0 (21827486)|VARIABLE_ASSIGNMENT|[63]|this.selected|false|0x529a684a
08:04:05.0 (21836455)|CONSTRUCTOR_EXIT|[14]|01p360000072SS3|<init>(Employee_Skills__c)
08:04:05.0 (21848531)|HEAP_ALLOCATE|[EXTERNAL]|Bytes:4
08:04:05.0 (21857180)|METHOD_ENTRY|[10]||Database.QueryLocatorIterator.hasNext()
08:04:05.0 (21874634)|METHOD_EXIT|[10]||Database.QueryLocatorIterator.hasNext()
08:04:05.0 (21879009)|METHOD_ENTRY|[10]||Database.QueryLocatorIterator.next()
08:04:05.0 (21930940)|METHOD_EXIT|[10]||Database.QueryLocatorIterator.next()
08:04:05.0 (21936402)|VARIABLE_SCOPE_BEGIN|[10]|c|Employee_Skills__c|true|false
08:04:05.0 (21956364)|VARIABLE_ASSIGNMENT|[10]|c|{"s":1,"v":{"Id":"a0C360000003XRnEAM","Name":"potato","Employee__c":"a0A36000001ygYkEAI","Project__c":"a0736000000Ew01AAC","Status__c":"Pending approval","Employee__r":{"s":2,"v":{"Name":"Andriy Lokotosh","Id":"a0A36000001ygYkEAI"}},"Project__r":{"s":3,"v":{"Name":"eBank","Id":"a0736000000Ew01AAC"}}}}|0x2e212241
08:04:05.0 (21960188)|STATEMENT_EXECUTE|[12]
08:04:05.0 (21961420)|STATEMENT_EXECUTE|[14]
08:04:05.0 (21981011)|VARIABLE_ASSIGNMENT|[EXTERNAL]|this|{"skillsList":"0x6a8bf275"}|0x1a798c69
08:04:05.0 (21990265)|HEAP_ALLOCATE|[14]|Bytes:12
08:04:05.0 (21997984)|CONSTRUCTOR_ENTRY|[14]|01p360000072SS3|<init>(Employee_Skills__c)
08:04:05.0 (22002179)|VARIABLE_SCOPE_BEGIN|[66]|this|WrapperEmployeeSkills.wEmployee|true|false
08:04:05.0 (22016406)|VARIABLE_ASSIGNMENT|[66]|this|{}|0x2e7aa565
08:04:05.0 (22018930)|VARIABLE_SCOPE_BEGIN|[66]|s|Employee_Skills__c|true|false
08:04:05.0 (22033821)|VARIABLE_ASSIGNMENT|[66]|s|{"s":1,"v":{"Id":"a0C360000003XRnEAM","Name":"potato","Employee__c":"a0A36000001ygYkEAI","Project__c":"a0736000000Ew01AAC","Status__c":"Pending approval","Employee__r":{"s":2,"v":{"Name":"Andriy Lokotosh","Id":"a0A36000001ygYkEAI"}},"Project__r":{"s":3,"v":{"Name":"eBank","Id":"a0736000000Ew01AAC"}}}}|0x2e212241
08:04:05.0 (22037765)|STATEMENT_EXECUTE|[61]
08:04:05.0 (22039014)|STATEMENT_EXECUTE|[62]
08:04:05.0 (22040095)|STATEMENT_EXECUTE|[63]
08:04:05.0 (22050108)|STATEMENT_EXECUTE|[66]
08:04:05.0 (22051777)|STATEMENT_EXECUTE|[67]
08:04:05.0 (22067184)|VARIABLE_ASSIGNMENT|[EXTERNAL]|this|{}|0x2e7aa565
08:04:05.0 (22082620)|VARIABLE_ASSIGNMENT|[EXTERNAL]|value|{"s":1,"v":{"Id":"a0C360000003XRnEAM","Name":"potato","Employee__c":"a0A36000001ygYkEAI","Project__c":"a0736000000Ew01AAC","Status__c":"Pending approval","Employee__r":{"s":2,"v":{"Name":"Andriy Lokotosh","Id":"a0A36000001ygYkEAI"}},"Project__r":{"s":3,"v":{"Name":"eBank","Id":"a0736000000Ew01AAC"}}}}|0x2e212241
08:04:05.0 (22099581)|VARIABLE_ASSIGNMENT|[62]|this.skill|{"s":1,"v":{"Id":"a0C360000003XRnEAM","Name":"potato","Employee__c":"a0A36000001ygYkEAI","Project__c":"a0736000000Ew01AAC","Status__c":"Pending approval","Employee__r":{"s":2,"v":{"Name":"Andriy Lokotosh","Id":"a0A36000001ygYkEAI"}},"Project__r":{"s":3,"v":{"Name":"eBank","Id":"a0736000000Ew01AAC"}}}}|0x2e7aa565
08:04:05.0 (22107003)|STATEMENT_EXECUTE|[68]
08:04:05.0 (22125812)|VARIABLE_ASSIGNMENT|[EXTERNAL]|this|{"skill":"0x2e212241"}|0x2e7aa565
08:04:05.0 (22136008)|VARIABLE_ASSIGNMENT|[EXTERNAL]|value|false
08:04:05.0 (22142009)|HEAP_ALLOCATE|[63]|Bytes:5
08:04:05.0 (22154054)|VARIABLE_ASSIGNMENT|[63]|this.selected|false|0x2e7aa565
08:04:05.0 (22170108)|CONSTRUCTOR_EXIT|[14]|01p360000072SS3|<init>(Employee_Skills__c)
08:04:05.0 (22189241)|HEAP_ALLOCATE|[EXTERNAL]|Bytes:4
08:04:05.0 (22205773)|METHOD_ENTRY|[10]||Database.QueryLocatorIterator.hasNext()
08:04:05.0 (22239655)|METHOD_EXIT|[10]||Database.QueryLocatorIterator.hasNext()
08:04:05.0 (22248615)|METHOD_ENTRY|[10]||Database.QueryLocatorIterator.next()
08:04:05.0 (22329538)|METHOD_EXIT|[10]||Database.QueryLocatorIterator.next()
08:04:05.0 (22335488)|VARIABLE_SCOPE_BEGIN|[10]|c|Employee_Skills__c|true|false
08:04:05.0 (22356206)|VARIABLE_ASSIGNMENT|[10]|c|{"s":1,"v":{"Id":"a0C360000003XTFEA2","Name":"ef","Employee__c":"a0A36000001ygYkEAI","Project__c":"a0736000000Ew01AAC","Status__c":"Pending approval","Employee__r":{"s":2,"v":{"Name":"Andriy Lokotosh","Id":"a0A36000001ygYkEAI"}},"Project__r":{"s":3,"v":{"Name":"eBank","Id":"a0736000000Ew01AAC"}}}}|0x19f460fc
08:04:05.0 (22360348)|STATEMENT_EXECUTE|[12]
08:04:05.0 (22361658)|STATEMENT_EXECUTE|[14]
08:04:05.0 (22381351)|VARIABLE_ASSIGNMENT|[EXTERNAL]|this|{"skillsList":"0x6a8bf275"}|0x1a798c69
08:04:05.0 (22390356)|HEAP_ALLOCATE|[14]|Bytes:12
08:04:05.0 (22398571)|CONSTRUCTOR_ENTRY|[14]|01p360000072SS3|<init>(Employee_Skills__c)
08:04:05.0 (22403066)|VARIABLE_SCOPE_BEGIN|[66]|this|WrapperEmployeeSkills.wEmployee|true|false
08:04:05.0 (22416290)|VARIABLE_ASSIGNMENT|[66]|this|{}|0x182d83b0
08:04:05.0 (22418947)|VARIABLE_SCOPE_BEGIN|[66]|s|Employee_Skills__c|true|false
08:04:05.0 (22438983)|VARIABLE_ASSIGNMENT|[66]|s|{"s":1,"v":{"Id":"a0C360000003XTFEA2","Name":"ef","Employee__c":"a0A36000001ygYkEAI","Project__c":"a0736000000Ew01AAC","Status__c":"Pending approval","Employee__r":{"s":2,"v":{"Name":"Andriy Lokotosh","Id":"a0A36000001ygYkEAI"}},"Project__r":{"s":3,"v":{"Name":"eBank","Id":"a0736000000Ew01AAC"}}}}|0x19f460fc
08:04:05.0 (22443212)|STATEMENT_EXECUTE|[61]
08:04:05.0 (22444438)|STATEMENT_EXECUTE|[62]
08:04:05.0 (22445490)|STATEMENT_EXECUTE|[63]
08:04:05.0 (22456260)|STATEMENT_EXECUTE|[66]
08:04:05.0 (22457874)|STATEMENT_EXECUTE|[67]
08:04:05.0 (22474332)|VARIABLE_ASSIGNMENT|[EXTERNAL]|this|{}|0x182d83b0
08:04:05.0 (22489412)|VARIABLE_ASSIGNMENT|[EXTERNAL]|value|{"s":1,"v":{"Id":"a0C360000003XTFEA2","Name":"ef","Employee__c":"a0A36000001ygYkEAI","Project__c":"a0736000000Ew01AAC","Status__c":"Pending approval","Employee__r":{"s":2,"v":{"Name":"Andriy Lokotosh","Id":"a0A36000001ygYkEAI"}},"Project__r":{"s":3,"v":{"Name":"eBank","Id":"a0736000000Ew01AAC"}}}}|0x19f460fc
08:04:05.0 (22507464)|VARIABLE_ASSIGNMENT|[62]|this.skill|{"s":1,"v":{"Id":"a0C360000003XTFEA2","Name":"ef","Employee__c":"a0A36000001ygYkEAI","Project__c":"a0736000000Ew01AAC","Status__c":"Pending approval","Employee__r":{"s":2,"v":{"Name":"Andriy Lokotosh","Id":"a0A36000001ygYkEAI"}},"Project__r":{"s":3,"v":{"Name":"eBank","Id":"a0736000000Ew01AAC"}}}}|0x182d83b0
08:04:05.0 (22515083)|STATEMENT_EXECUTE|[68]
08:04:05.0 (22532989)|VARIABLE_ASSIGNMENT|[EXTERNAL]|this|{"skill":"0x19f460fc"}|0x182d83b0
08:04:05.0 (22539815)|VARIABLE_ASSIGNMENT|[EXTERNAL]|value|false
08:04:05.0 (22543349)|HEAP_ALLOCATE|[63]|Bytes:5
08:04:05.0 (22549762)|VARIABLE_ASSIGNMENT|[63]|this.selected|false|0x182d83b0
08:04:05.0 (22559107)|CONSTRUCTOR_EXIT|[14]|01p360000072SS3|<init>(Employee_Skills__c)
08:04:05.0 (22571357)|HEAP_ALLOCATE|[EXTERNAL]|Bytes:4
08:04:05.0 (22580041)|METHOD_ENTRY|[10]||Database.QueryLocatorIterator.hasNext()
08:04:05.0 (22597200)|METHOD_EXIT|[10]||Database.QueryLocatorIterator.hasNext()
08:04:05.0 (22601457)|METHOD_ENTRY|[10]||Database.QueryLocatorIterator.next()
08:04:05.0 (22673994)|METHOD_EXIT|[10]||Database.QueryLocatorIterator.next()
08:04:05.0 (22683079)|VARIABLE_SCOPE_BEGIN|[10]|c|Employee_Skills__c|true|false
08:04:05.0 (22713648)|VARIABLE_ASSIGNMENT|[10]|c|{"s":1,"v":{"Id":"a0C360000003XTGEA2","Name":"frgt","Employee__c":"a0A36000001ygYkEAI","Project__c":"a0736000000Ew01AAC","Status__c":"Pending approval","Employee__r":{"s":2,"v":{"Name":"Andriy Lokotosh","Id":"a0A36000001ygYkEAI"}},"Project__r":{"s":3,"v":{"Name":"eBank","Id":"a0736000000Ew01AAC"}}}}|0x3f3999de
08:04:05.0 (22719821)|STATEMENT_EXECUTE|[12]
08:04:05.0 (22722222)|STATEMENT_EXECUTE|[14]
08:04:05.0 (22749264)|VARIABLE_ASSIGNMENT|[EXTERNAL]|this|{"skillsList":"0x6a8bf275"}|0x1a798c69
08:04:05.0 (22762508)|HEAP_ALLOCATE|[14]|Bytes:12
08:04:05.0 (22775745)|CONSTRUCTOR_ENTRY|[14]|01p360000072SS3|<init>(Employee_Skills__c)
08:04:05.0 (22783395)|VARIABLE_SCOPE_BEGIN|[66]|this|WrapperEmployeeSkills.wEmployee|true|false
08:04:05.0 (22806633)|VARIABLE_ASSIGNMENT|[66]|this|{}|0x441342d1
08:04:05.0 (22812165)|VARIABLE_SCOPE_BEGIN|[66]|s|Employee_Skills__c|true|false
08:04:05.0 (22829832)|VARIABLE_ASSIGNMENT|[66]|s|{"s":1,"v":{"Id":"a0C360000003XTGEA2","Name":"frgt","Employee__c":"a0A36000001ygYkEAI","Project__c":"a0736000000Ew01AAC","Status__c":"Pending approval","Employee__r":{"s":2,"v":{"Name":"Andriy Lokotosh","Id":"a0A36000001ygYkEAI"}},"Project__r":{"s":3,"v":{"Name":"eBank","Id":"a0736000000Ew01AAC"}}}}|0x3f3999de
08:04:05.0 (22834524)|STATEMENT_EXECUTE|[61]
08:04:05.0 (22835742)|STATEMENT_EXECUTE|[62]
08:04:05.0 (22836848)|STATEMENT_EXECUTE|[63]
08:04:05.0 (22848236)|STATEMENT_EXECUTE|[66]
08:04:05.0 (22849879)|STATEMENT_EXECUTE|[67]
08:04:05.0 (22866890)|VARIABLE_ASSIGNMENT|[EXTERNAL]|this|{}|0x441342d1
08:04:05.0 (22881841)|VARIABLE_ASSIGNMENT|[EXTERNAL]|value|{"s":1,"v":{"Id":"a0C360000003XTGEA2","Name":"frgt","Employee__c":"a0A36000001ygYkEAI","Project__c":"a0736000000Ew01AAC","Status__c":"Pending approval","Employee__r":{"s":2,"v":{"Name":"Andriy Lokotosh","Id":"a0A36000001ygYkEAI"}},"Project__r":{"s":3,"v":{"Name":"eBank","Id":"a0736000000Ew01AAC"}}}}|0x3f3999de
08:04:05.0 (22899724)|VARIABLE_ASSIGNMENT|[62]|this.skill|{"s":1,"v":{"Id":"a0C360000003XTGEA2","Name":"frgt","Employee__c":"a0A36000001ygYkEAI","Project__c":"a0736000000Ew01AAC","Status__c":"Pending approval","Employee__r":{"s":2,"v":{"Name":"Andriy Lokotosh","Id":"a0A36000001ygYkEAI"}},"Project__r":{"s":3,"v":{"Name":"eBank","Id":"a0736000000Ew01AAC"}}}}|0x441342d1
08:04:05.0 (22907380)|STATEMENT_EXECUTE|[68]
08:04:05.0 (22925195)|VARIABLE_ASSIGNMENT|[EXTERNAL]|this|{"skill":"0x3f3999de"}|0x441342d1
08:04:05.0 (22931595)|VARIABLE_ASSIGNMENT|[EXTERNAL]|value|false
08:04:05.0 (22935112)|HEAP_ALLOCATE|[63]|Bytes:5
08:04:05.0 (22941149)|VARIABLE_ASSIGNMENT|[63]|this.selected|false|0x441342d1
08:04:05.0 (22950512)|CONSTRUCTOR_EXIT|[14]|01p360000072SS3|<init>(Employee_Skills__c)
08:04:05.0 (22962870)|HEAP_ALLOCATE|[EXTERNAL]|Bytes:4
08:04:05.0 (22971511)|METHOD_ENTRY|[10]||Database.QueryLocatorIterator.hasNext()
08:04:05.0 (22989103)|METHOD_EXIT|[10]||Database.QueryLocatorIterator.hasNext()
08:04:05.0 (22993360)|METHOD_ENTRY|[10]||Database.QueryLocatorIterator.next()
08:04:05.0 (23046373)|METHOD_EXIT|[10]||Database.QueryLocatorIterator.next()
08:04:05.0 (23052857)|VARIABLE_SCOPE_BEGIN|[10]|c|Employee_Skills__c|true|false
08:04:05.0 (23072642)|VARIABLE_ASSIGNMENT|[10]|c|{"s":1,"v":{"Id":"a0C360000003YGkEAM","Name":"Robert","Employee__c":"a0A36000001ygYkEAI","Project__c":"a0736000000Ew01AAC","Status__c":"Pending approval","Employee__r":{"s":2,"v":{"Name":"Andriy Lokotosh","Id":"a0A36000001ygYkEAI"}},"Project__r":{"s":3,"v":{"Name":"eBank","Id":"a0736000000Ew01AAC"}}}}|0x7e5a392f
08:04:05.0 (23077217)|STATEMENT_EXECUTE|[12]
08:04:05.0 (23078561)|STATEMENT_EXECUTE|[14]
08:04:05.0 (23097585)|VARIABLE_ASSIGNMENT|[EXTERNAL]|this|{"skillsList":"0x6a8bf275"}|0x1a798c69
08:04:05.0 (23110694)|HEAP_ALLOCATE|[14]|Bytes:12
08:04:05.0 (23118844)|CONSTRUCTOR_ENTRY|[14]|01p360000072SS3|<init>(Employee_Skills__c)
08:04:05.0 (23123201)|VARIABLE_SCOPE_BEGIN|[66]|this|WrapperEmployeeSkills.wEmployee|true|false
08:04:05.0 (23136757)|VARIABLE_ASSIGNMENT|[66]|this|{}|0xa1e1557
08:04:05.0 (23139355)|VARIABLE_SCOPE_BEGIN|[66]|s|Employee_Skills__c|true|false
08:04:05.0 (23153835)|VARIABLE_ASSIGNMENT|[66]|s|{"s":1,"v":{"Id":"a0C360000003YGkEAM","Name":"Robert","Employee__c":"a0A36000001ygYkEAI","Project__c":"a0736000000Ew01AAC","Status__c":"Pending approval","Employee__r":{"s":2,"v":{"Name":"Andriy Lokotosh","Id":"a0A36000001ygYkEAI"}},"Project__r":{"s":3,"v":{"Name":"eBank","Id":"a0736000000Ew01AAC"}}}}|0x7e5a392f
08:04:05.0 (23158193)|STATEMENT_EXECUTE|[61]
08:04:05.0 (23159447)|STATEMENT_EXECUTE|[62]
08:04:05.0 (23160488)|STATEMENT_EXECUTE|[63]
08:04:05.0 (23170679)|STATEMENT_EXECUTE|[66]
08:04:05.0 (23173076)|STATEMENT_EXECUTE|[67]
08:04:05.0 (23199688)|VARIABLE_ASSIGNMENT|[EXTERNAL]|this|{}|0xa1e1557
08:04:05.0 (23228981)|VARIABLE_ASSIGNMENT|[EXTERNAL]|value|{"s":1,"v":{"Id":"a0C360000003YGkEAM","Name":"Robert","Employee__c":"a0A36000001ygYkEAI","Project__c":"a0736000000Ew01AAC","Status__c":"Pending approval","Employee__r":{"s":2,"v":{"Name":"Andriy Lokotosh","Id":"a0A36000001ygYkEAI"}},"Project__r":{"s":3,"v":{"Name":"eBank","Id":"a0736000000Ew01AAC"}}}}|0x7e5a392f
08:04:05.0 (23263077)|VARIABLE_ASSIGNMENT|[62]|this.skill|{"s":1,"v":{"Id":"a0C360000003YGkEAM","Name":"Robert","Employee__c":"a0A36000001ygYkEAI","Project__c":"a0736000000Ew01AAC","Status__c":"Pending approval","Employee__r":{"s":2,"v":{"Name":"Andriy Lokotosh","Id":"a0A36000001ygYkEAI"}},"Project__r":{"s":3,"v":{"Name":"eBank","Id":"a0736000000Ew01AAC"}}}}|0xa1e1557
08:04:05.0 (23277704)|STATEMENT_EXECUTE|[68]
08:04:05.0 (23309040)|VARIABLE_ASSIGNMENT|[EXTERNAL]|this|{"skill":"0x7e5a392f"}|0xa1e1557
08:04:05.0 (23318714)|VARIABLE_ASSIGNMENT|[EXTERNAL]|value|false
08:04:05.0 (23324245)|HEAP_ALLOCATE|[63]|Bytes:5
08:04:05.0 (23333325)|VARIABLE_ASSIGNMENT|[63]|this.selected|false|0xa1e1557
08:04:05.0 (23348403)|CONSTRUCTOR_EXIT|[14]|01p360000072SS3|<init>(Employee_Skills__c)
08:04:05.0 (23366262)|HEAP_ALLOCATE|[EXTERNAL]|Bytes:4
08:04:05.0 (23381042)|METHOD_ENTRY|[10]||Database.QueryLocatorIterator.hasNext()
08:04:05.0 (23412943)|METHOD_EXIT|[10]||Database.QueryLocatorIterator.hasNext()
08:04:05.0 (23425538)|METHOD_ENTRY|[10]||Database.QueryLocatorIterator.next()
08:04:05.0 (23518562)|METHOD_EXIT|[10]||Database.QueryLocatorIterator.next()
08:04:05.0 (23528208)|VARIABLE_SCOPE_BEGIN|[10]|c|Employee_Skills__c|true|false
08:04:05.0 (23559766)|VARIABLE_ASSIGNMENT|[10]|c|{"s":1,"v":{"Id":"a0C360000003XRTEA2","Name":"logo","Employee__c":"a0A36000001ygYkEAI","Project__c":"a0736000000Ew01AAC","Status__c":"Pending approval","Employee__r":{"s":2,"v":{"Name":"Andriy Lokotosh","Id":"a0A36000001ygYkEAI"}},"Project__r":{"s":3,"v":{"Name":"eBank","Id":"a0736000000Ew01AAC"}}}}|0x791a9aa3
08:04:05.0 (23567413)|STATEMENT_EXECUTE|[12]
08:04:05.0 (23569007)|STATEMENT_EXECUTE|[14]
08:04:05.0 (23592924)|VARIABLE_ASSIGNMENT|[EXTERNAL]|this|{"skillsList":"0x6a8bf275"}|0x1a798c69
08:04:05.0 (23602629)|HEAP_ALLOCATE|[14]|Bytes:12
08:04:05.0 (23611244)|CONSTRUCTOR_ENTRY|[14]|01p360000072SS3|<init>(Employee_Skills__c)
08:04:05.0 (23615645)|VARIABLE_SCOPE_BEGIN|[66]|this|WrapperEmployeeSkills.wEmployee|true|false
08:04:05.0 (23629224)|VARIABLE_ASSIGNMENT|[66]|this|{}|0x27c15a9b
08:04:05.0 (23631700)|VARIABLE_SCOPE_BEGIN|[66]|s|Employee_Skills__c|true|false
08:04:05.0 (23646934)|VARIABLE_ASSIGNMENT|[66]|s|{"s":1,"v":{"Id":"a0C360000003XRTEA2","Name":"logo","Employee__c":"a0A36000001ygYkEAI","Project__c":"a0736000000Ew01AAC","Status__c":"Pending approval","Employee__r":{"s":2,"v":{"Name":"Andriy Lokotosh","Id":"a0A36000001ygYkEAI"}},"Project__r":{"s":3,"v":{"Name":"eBank","Id":"a0736000000Ew01AAC"}}}}|0x791a9aa3
08:04:05.0 (23651360)|STATEMENT_EXECUTE|[61]
08:04:05.0 (23652674)|STATEMENT_EXECUTE|[62]
08:04:05.0 (23653789)|STATEMENT_EXECUTE|[63]
08:04:05.0 (23664169)|STATEMENT_EXECUTE|[66]
08:04:05.0 (23665766)|STATEMENT_EXECUTE|[67]
08:04:05.0 (23681663)|VARIABLE_ASSIGNMENT|[EXTERNAL]|this|{}|0x27c15a9b
08:04:05.0 (23696422)|VARIABLE_ASSIGNMENT|[EXTERNAL]|value|{"s":1,"v":{"Id":"a0C360000003XRTEA2","Name":"logo","Employee__c":"a0A36000001ygYkEAI","Project__c":"a0736000000Ew01AAC","Status__c":"Pending approval","Employee__r":{"s":2,"v":{"Name":"Andriy Lokotosh","Id":"a0A36000001ygYkEAI"}},"Project__r":{"s":3,"v":{"Name":"eBank","Id":"a0736000000Ew01AAC"}}}}|0x791a9aa3
08:04:05.0 (23713617)|VARIABLE_ASSIGNMENT|[62]|this.skill|{"s":1,"v":{"Id":"a0C360000003XRTEA2","Name":"logo","Employee__c":"a0A36000001ygYkEAI","Project__c":"a0736000000Ew01AAC","Status__c":"Pending approval","Employee__r":{"s":2,"v":{"Name":"Andriy Lokotosh","Id":"a0A36000001ygYkEAI"}},"Project__r":{"s":3,"v":{"Name":"eBank","Id":"a0736000000Ew01AAC"}}}}|0x27c15a9b
08:04:05.0 (23722258)|STATEMENT_EXECUTE|[68]
08:04:05.0 (23752871)|VARIABLE_ASSIGNMENT|[EXTERNAL]|this|{"skill":"0x791a9aa3"}|0x27c15a9b
08:04:05.0 (23765430)|VARIABLE_ASSIGNMENT|[EXTERNAL]|value|false
08:04:05.0 (23771453)|HEAP_ALLOCATE|[63]|Bytes:5
08:04:05.0 (23779575)|VARIABLE_ASSIGNMENT|[63]|this.selected|false|0x27c15a9b
08:04:05.0 (23790513)|CONSTRUCTOR_EXIT|[14]|01p360000072SS3|<init>(Employee_Skills__c)
08:04:05.0 (23803518)|HEAP_ALLOCATE|[EXTERNAL]|Bytes:4
08:04:05.0 (23812446)|METHOD_ENTRY|[10]||Database.QueryLocatorIterator.hasNext()
08:04:05.0 (23830691)|METHOD_EXIT|[10]||Database.QueryLocatorIterator.hasNext()
08:04:05.0 (23835079)|METHOD_ENTRY|[10]||Database.QueryLocatorIterator.next()
08:04:05.0 (23888830)|METHOD_EXIT|[10]||Database.QueryLocatorIterator.next()
08:04:05.0 (23894579)|VARIABLE_SCOPE_BEGIN|[10]|c|Employee_Skills__c|true|false
08:04:05.0 (23916341)|VARIABLE_ASSIGNMENT|[10]|c|{"s":1,"v":{"Id":"a0C360000003sIHEAY","Name":"Test Skill","Employee__c":"a0A36000002STuIEAW","Project__c":"a07360000014vWyAAI","Status__c":"Approved","Employee__r":{"s":2,"v":{"Name":"Jor","Id":"a0A36000002STuIEAW"}},"Project__r":{"s":3,"v":{"Name":"TestProj","Id":"a07360000014vWyAAI"}}}}|0x87d9c0d
08:04:05.0 (23920529)|STATEMENT_EXECUTE|[12]
08:04:05.0 (23921781)|STATEMENT_EXECUTE|[14]
08:04:05.0 (23941249)|VARIABLE_ASSIGNMENT|[EXTERNAL]|this|{"skillsList":"0x6a8bf275"}|0x1a798c69
08:04:05.0 (23950532)|HEAP_ALLOCATE|[14]|Bytes:12
08:04:05.0 (23958369)|CONSTRUCTOR_ENTRY|[14]|01p360000072SS3|<init>(Employee_Skills__c)
08:04:05.0 (23962492)|VARIABLE_SCOPE_BEGIN|[66]|this|WrapperEmployeeSkills.wEmployee|true|false
08:04:05.0 (23980301)|VARIABLE_ASSIGNMENT|[66]|this|{}|0x72695b6c
08:04:05.0 (23985070)|VARIABLE_SCOPE_BEGIN|[66]|s|Employee_Skills__c|true|false
08:04:05.0 (24011955)|VARIABLE_ASSIGNMENT|[66]|s|{"s":1,"v":{"Id":"a0C360000003sIHEAY","Name":"Test Skill","Employee__c":"a0A36000002STuIEAW","Project__c":"a07360000014vWyAAI","Status__c":"Approved","Employee__r":{"s":2,"v":{"Name":"Jor","Id":"a0A36000002STuIEAW"}},"Project__r":{"s":3,"v":{"Name":"TestProj","Id":"a07360000014vWyAAI"}}}}|0x87d9c0d
08:04:05.0 (24020388)|STATEMENT_EXECUTE|[61]
08:04:05.0 (24022671)|STATEMENT_EXECUTE|[62]
08:04:05.0 (24024654)|STATEMENT_EXECUTE|[63]
08:04:05.0 (24042745)|STATEMENT_EXECUTE|[66]
08:04:05.0 (24045698)|STATEMENT_EXECUTE|[67]
08:04:05.0 (24074069)|VARIABLE_ASSIGNMENT|[EXTERNAL]|this|{}|0x72695b6c
08:04:05.0 (24103519)|VARIABLE_ASSIGNMENT|[EXTERNAL]|value|{"s":1,"v":{"Id":"a0C360000003sIHEAY","Name":"Test Skill","Employee__c":"a0A36000002STuIEAW","Project__c":"a07360000014vWyAAI","Status__c":"Approved","Employee__r":{"s":2,"v":{"Name":"Jor","Id":"a0A36000002STuIEAW"}},"Project__r":{"s":3,"v":{"Name":"TestProj","Id":"a07360000014vWyAAI"}}}}|0x87d9c0d
08:04:05.0 (24140062)|VARIABLE_ASSIGNMENT|[62]|this.skill|{"s":1,"v":{"Id":"a0C360000003sIHEAY","Name":"Test Skill","Employee__c":"a0A36000002STuIEAW","Project__c":"a07360000014vWyAAI","Status__c":"Approved","Employee__r":{"s":2,"v":{"Name":"Jor","Id":"a0A36000002STuIEAW"}},"Project__r":{"s":3,"v":{"Name":"TestProj","Id":"a07360000014vWyAAI"}}}}|0x72695b6c
08:04:05.0 (24151447)|STATEMENT_EXECUTE|[68]
08:04:05.0 (24174063)|VARIABLE_ASSIGNMENT|[EXTERNAL]|this|{"skill":"0x87d9c0d"}|0x72695b6c
08:04:05.0 (24180987)|VARIABLE_ASSIGNMENT|[EXTERNAL]|value|false
08:04:05.0 (24184726)|HEAP_ALLOCATE|[63]|Bytes:5
08:04:05.0 (24191084)|VARIABLE_ASSIGNMENT|[63]|this.selected|false|0x72695b6c
08:04:05.0 (24200864)|CONSTRUCTOR_EXIT|[14]|01p360000072SS3|<init>(Employee_Skills__c)
08:04:05.0 (24214343)|HEAP_ALLOCATE|[EXTERNAL]|Bytes:4
08:04:05.0 (24225628)|METHOD_ENTRY|[10]||Database.QueryLocatorIterator.hasNext()
08:04:05.0 (24244153)|METHOD_EXIT|[10]||Database.QueryLocatorIterator.hasNext()
08:04:05.0 (24248460)|METHOD_ENTRY|[10]||Database.QueryLocatorIterator.next()
08:04:05.0 (24302586)|METHOD_EXIT|[10]||Database.QueryLocatorIterator.next()
08:04:05.0 (24308140)|VARIABLE_SCOPE_BEGIN|[10]|c|Employee_Skills__c|true|false
08:04:05.0 (24328757)|VARIABLE_ASSIGNMENT|[10]|c|{"s":1,"v":{"Id":"a0C36000000ipqeEAA","Name":"Koloboc","Employee__c":"a0A36000001ygYkEAI","Project__c":"a0736000000Ew01AAC","Status__c":"Approved","Employee__r":{"s":2,"v":{"Name":"Andriy Lokotosh","Id":"a0A36000001ygYkEAI"}},"Project__r":{"s":3,"v":{"Name":"eBank","Id":"a0736000000Ew01AAC"}}}}|0x16902cd8
08:04:05.0 (24332679)|STATEMENT_EXECUTE|[12]
08:04:05.0 (24333866)|STATEMENT_EXECUTE|[14]
08:04:05.0 (24353068)|VARIABLE_ASSIGNMENT|[EXTERNAL]|this|{"skillsList":"0x6a8bf275"}|0x1a798c69
08:04:05.0 (24362474)|HEAP_ALLOCATE|[14]|Bytes:12
08:04:05.0 (24370607)|CONSTRUCTOR_ENTRY|[14]|01p360000072SS3|<init>(Employee_Skills__c)
08:04:05.0 (24375244)|VARIABLE_SCOPE_BEGIN|[66]|this|WrapperEmployeeSkills.wEmployee|true|false
08:04:05.0 (24388996)|VARIABLE_ASSIGNMENT|[66]|this|{}|0x78ea7ea6
08:04:05.0 (24391823)|VARIABLE_SCOPE_BEGIN|[66]|s|Employee_Skills__c|true|false
08:04:05.0 (24406566)|VARIABLE_ASSIGNMENT|[66]|s|{"s":1,"v":{"Id":"a0C36000000ipqeEAA","Name":"Koloboc","Employee__c":"a0A36000001ygYkEAI","Project__c":"a0736000000Ew01AAC","Status__c":"Approved","Employee__r":{"s":2,"v":{"Name":"Andriy Lokotosh","Id":"a0A36000001ygYkEAI"}},"Project__r":{"s":3,"v":{"Name":"eBank","Id":"a0736000000Ew01AAC"}}}}|0x16902cd8
08:04:05.0 (24410907)|STATEMENT_EXECUTE|[61]
08:04:05.0 (24412109)|STATEMENT_EXECUTE|[62]
08:04:05.0 (24413127)|STATEMENT_EXECUTE|[63]
08:04:05.0 (24431216)|STATEMENT_EXECUTE|[66]
08:04:05.0 (24433051)|STATEMENT_EXECUTE|[67]
08:04:05.0 (24449985)|VARIABLE_ASSIGNMENT|[EXTERNAL]|this|{}|0x78ea7ea6
08:04:05.0 (24465173)|VARIABLE_ASSIGNMENT|[EXTERNAL]|value|{"s":1,"v":{"Id":"a0C36000000ipqeEAA","Name":"Koloboc","Employee__c":"a0A36000001ygYkEAI","Project__c":"a0736000000Ew01AAC","Status__c":"Approved","Employee__r":{"s":2,"v":{"Name":"Andriy Lokotosh","Id":"a0A36000001ygYkEAI"}},"Project__r":{"s":3,"v":{"Name":"eBank","Id":"a0736000000Ew01AAC"}}}}|0x16902cd8
08:04:05.0 (24483889)|VARIABLE_ASSIGNMENT|[62]|this.skill|{"s":1,"v":{"Id":"a0C36000000ipqeEAA","Name":"Koloboc","Employee__c":"a0A36000001ygYkEAI","Project__c":"a0736000000Ew01AAC","Status__c":"Approved","Employee__r":{"s":2,"v":{"Name":"Andriy Lokotosh","Id":"a0A36000001ygYkEAI"}},"Project__r":{"s":3,"v":{"Name":"eBank","Id":"a0736000000Ew01AAC"}}}}|0x78ea7ea6
08:04:05.0 (24491105)|STATEMENT_EXECUTE|[68]
08:04:05.0 (24508406)|VARIABLE_ASSIGNMENT|[EXTERNAL]|this|{"skill":"0x16902cd8"}|0x78ea7ea6
08:04:05.0 (24514887)|VARIABLE_ASSIGNMENT|[EXTERNAL]|value|false
08:04:05.0 (24518491)|HEAP_ALLOCATE|[63]|Bytes:5
08:04:05.0 (24524724)|VARIABLE_ASSIGNMENT|[63]|this.selected|false|0x78ea7ea6
08:04:05.0 (24533874)|CONSTRUCTOR_EXIT|[14]|01p360000072SS3|<init>(Employee_Skills__c)
08:04:05.0 (24545889)|HEAP_ALLOCATE|[EXTERNAL]|Bytes:4
08:04:05.0 (24554532)|METHOD_ENTRY|[10]||Database.QueryLocatorIterator.hasNext()
08:04:05.0 (24571872)|METHOD_EXIT|[10]||Database.QueryLocatorIterator.hasNext()
08:04:05.0 (24576154)|METHOD_ENTRY|[10]||Database.QueryLocatorIterator.next()
08:04:05.0 (24632961)|METHOD_EXIT|[10]||Database.QueryLocatorIterator.next()
08:04:05.0 (24642138)|VARIABLE_SCOPE_BEGIN|[10]|c|Employee_Skills__c|true|false
08:04:05.0 (24664807)|VARIABLE_ASSIGNMENT|[10]|c|{"s":1,"v":{"Id":"a0C36000000iqFYEAY","Name":"fsdfsd","Employee__c":"a0A36000001ygYkEAI","Project__c":"a0736000000Ew01AAC","Status__c":"Waiting for Submit","Employee__r":{"s":2,"v":{"Name":"Andriy Lokotosh","Id":"a0A36000001ygYkEAI"}},"Project__r":{"s":3,"v":{"Name":"eBank","Id":"a0736000000Ew01AAC"}}}}|0x29d6338b
08:04:05.0 (24669341)|STATEMENT_EXECUTE|[12]
08:04:05.0 (24670991)|STATEMENT_EXECUTE|[14]
08:04:05.0 (24699823)|VARIABLE_ASSIGNMENT|[EXTERNAL]|this|{"skillsList":"0x6a8bf275"}|0x1a798c69
08:04:05.0 (24714975)|HEAP_ALLOCATE|[14]|Bytes:12
08:04:05.0 (24726677)|CONSTRUCTOR_ENTRY|[14]|01p360000072SS3|<init>(Employee_Skills__c)
08:04:05.0 (24734074)|VARIABLE_SCOPE_BEGIN|[66]|this|WrapperEmployeeSkills.wEmployee|true|false
08:04:05.0 (24757320)|VARIABLE_ASSIGNMENT|[66]|this|{}|0x11dcbfe6
08:04:05.0 (24762765)|VARIABLE_SCOPE_BEGIN|[66]|s|Employee_Skills__c|true|false
08:04:05.0 (24791976)|VARIABLE_ASSIGNMENT|[66]|s|{"s":1,"v":{"Id":"a0C36000000iqFYEAY","Name":"fsdfsd","Employee__c":"a0A36000001ygYkEAI","Project__c":"a0736000000Ew01AAC","Status__c":"Waiting for Submit","Employee__r":{"s":2,"v":{"Name":"Andriy Lokotosh","Id":"a0A36000001ygYkEAI"}},"Project__r":{"s":3,"v":{"Name":"eBank","Id":"a0736000000Ew01AAC"}}}}|0x29d6338b
08:04:05.0 (24800925)|STATEMENT_EXECUTE|[61]
08:04:05.0 (24803648)|STATEMENT_EXECUTE|[62]
08:04:05.0 (24805662)|STATEMENT_EXECUTE|[63]
08:04:05.0 (24824802)|STATEMENT_EXECUTE|[66]
08:04:05.0 (24827726)|STATEMENT_EXECUTE|[67]
08:04:05.0 (24848894)|VARIABLE_ASSIGNMENT|[EXTERNAL]|this|{}|0x11dcbfe6
08:04:05.0 (24865932)|VARIABLE_ASSIGNMENT|[EXTERNAL]|value|{"s":1,"v":{"Id":"a0C36000000iqFYEAY","Name":"fsdfsd","Employee__c":"a0A36000001ygYkEAI","Project__c":"a0736000000Ew01AAC","Status__c":"Waiting for Submit","Employee__r":{"s":2,"v":{"Name":"Andriy Lokotosh","Id":"a0A36000001ygYkEAI"}},"Project__r":{"s":3,"v":{"Name":"eBank","Id":"a0736000000Ew01AAC"}}}}|0x29d6338b
08:04:05.0 (24883056)|VARIABLE_ASSIGNMENT|[62]|this.skill|{"s":1,"v":{"Id":"a0C36000000iqFYEAY","Name":"fsdfsd","Employee__c":"a0A36000001ygYkEAI","Project__c":"a0736000000Ew01AAC","Status__c":"Waiting for Submit","Employee__r":{"s":2,"v":{"Name":"Andriy Lokotosh","Id":"a0A36000001ygYkEAI"}},"Project__r":{"s":3,"v":{"Name":"eBank","Id":"a0736000000Ew01AAC"}}}}|0x11dcbfe6
08:04:05.0 (24891091)|STATEMENT_EXECUTE|[68]
08:04:05.0 (24909236)|VARIABLE_ASSIGNMENT|[EXTERNAL]|this|{"skill":"0x29d6338b"}|0x11dcbfe6
08:04:05.0 (24915741)|VARIABLE_ASSIGNMENT|[EXTERNAL]|value|false
08:04:05.0 (24919292)|HEAP_ALLOCATE|[63]|Bytes:5
08:04:05.0 (24925515)|VARIABLE_ASSIGNMENT|[63]|this.selected|false|0x11dcbfe6
08:04:05.0 (24935163)|CONSTRUCTOR_EXIT|[14]|01p360000072SS3|<init>(Employee_Skills__c)
08:04:05.0 (24947688)|HEAP_ALLOCATE|[EXTERNAL]|Bytes:4
08:04:05.0 (24956604)|METHOD_ENTRY|[10]||Database.QueryLocatorIterator.hasNext()
08:04:05.0 (24980637)|METHOD_EXIT|[10]||Database.QueryLocatorIterator.hasNext()
08:04:05.0 (24989948)|METHOD_ENTRY|[10]||Database.QueryLocatorIterator.next()
08:04:05.0 (25085879)|METHOD_EXIT|[10]||Database.QueryLocatorIterator.next()
08:04:05.0 (25095541)|VARIABLE_SCOPE_BEGIN|[10]|c|Employee_Skills__c|true|false
08:04:05.0 (25126490)|VARIABLE_ASSIGNMENT|[10]|c|{"s":1,"v":{"Id":"a0C36000000iqcXEAQ","Name":"www","Employee__c":"a0A36000002VEpNEAW","Project__c":"a0736000000Ex6cAAC","Status__c":"Pending approval","Employee__r":{"s":2,"v":{"Name":"Lololoshka","Id":"a0A36000002VEpNEAW"}},"Project__r":{"s":3,"v":{"Name":"SolutionSoft","Id":"a0736000000Ex6cAAC"}}}}|0x63db7e9
08:04:05.0 (25133139)|STATEMENT_EXECUTE|[12]
08:04:05.0 (25135905)|STATEMENT_EXECUTE|[14]
08:04:05.0 (25168788)|VARIABLE_ASSIGNMENT|[EXTERNAL]|this|{"skillsList":"0x6a8bf275"}|0x1a798c69
08:04:05.0 (25184825)|HEAP_ALLOCATE|[14]|Bytes:12
08:04:05.0 (25197871)|CONSTRUCTOR_ENTRY|[14]|01p360000072SS3|<init>(Employee_Skills__c)
08:04:05.0 (25205572)|VARIABLE_SCOPE_BEGIN|[66]|this|WrapperEmployeeSkills.wEmployee|true|false
08:04:05.0 (25228851)|VARIABLE_ASSIGNMENT|[66]|this|{}|0x355bd297
08:04:05.0 (25234061)|VARIABLE_SCOPE_BEGIN|[66]|s|Employee_Skills__c|true|false
08:04:05.0 (25262114)|VARIABLE_ASSIGNMENT|[66]|s|{"s":1,"v":{"Id":"a0C36000000iqcXEAQ","Name":"www","Employee__c":"a0A36000002VEpNEAW","Project__c":"a0736000000Ex6cAAC","Status__c":"Pending approval","Employee__r":{"s":2,"v":{"Name":"Lololoshka","Id":"a0A36000002VEpNEAW"}},"Project__r":{"s":3,"v":{"Name":"SolutionSoft","Id":"a0736000000Ex6cAAC"}}}}|0x63db7e9
08:04:05.0 (25269257)|STATEMENT_EXECUTE|[61]
08:04:05.0 (25270635)|STATEMENT_EXECUTE|[62]
08:04:05.0 (25271788)|STATEMENT_EXECUTE|[63]
08:04:05.0 (25284214)|STATEMENT_EXECUTE|[66]
08:04:05.0 (25285785)|STATEMENT_EXECUTE|[67]
08:04:05.0 (25305072)|VARIABLE_ASSIGNMENT|[EXTERNAL]|this|{}|0x355bd297
08:04:05.0 (25321615)|VARIABLE_ASSIGNMENT|[EXTERNAL]|value|{"s":1,"v":{"Id":"a0C36000000iqcXEAQ","Name":"www","Employee__c":"a0A36000002VEpNEAW","Project__c":"a0736000000Ex6cAAC","Status__c":"Pending approval","Employee__r":{"s":2,"v":{"Name":"Lololoshka","Id":"a0A36000002VEpNEAW"}},"Project__r":{"s":3,"v":{"Name":"SolutionSoft","Id":"a0736000000Ex6cAAC"}}}}|0x63db7e9
08:04:05.0 (25339174)|VARIABLE_ASSIGNMENT|[62]|this.skill|{"s":1,"v":{"Id":"a0C36000000iqcXEAQ","Name":"www","Employee__c":"a0A36000002VEpNEAW","Project__c":"a0736000000Ex6cAAC","Status__c":"Pending approval","Employee__r":{"s":2,"v":{"Name":"Lololoshka","Id":"a0A36000002VEpNEAW"}},"Project__r":{"s":3,"v":{"Name":"SolutionSoft","Id":"a0736000000Ex6cAAC"}}}}|0x355bd297
08:04:05.0 (25347041)|STATEMENT_EXECUTE|[68]
08:04:05.0 (25365097)|VARIABLE_ASSIGNMENT|[EXTERNAL]|this|{"skill":"0x63db7e9"}|0x355bd297
08:04:05.0 (25371666)|VARIABLE_ASSIGNMENT|[EXTERNAL]|value|false
08:04:05.0 (25375511)|HEAP_ALLOCATE|[63]|Bytes:5
08:04:05.0 (25381840)|VARIABLE_ASSIGNMENT|[63]|this.selected|false|0x355bd297
08:04:05.0 (25391375)|CONSTRUCTOR_EXIT|[14]|01p360000072SS3|<init>(Employee_Skills__c)
08:04:05.0 (25404082)|HEAP_ALLOCATE|[EXTERNAL]|Bytes:4
08:04:05.0 (25413118)|METHOD_ENTRY|[10]||Database.QueryLocatorIterator.hasNext()
08:04:05.0 (25444736)|METHOD_EXIT|[10]||Database.QueryLocatorIterator.hasNext()
08:04:05.0 (25452132)|METHOD_ENTRY|[10]||Database.QueryLocatorIterator.next()
08:04:05.0 (25537755)|METHOD_EXIT|[10]||Database.QueryLocatorIterator.next()
08:04:05.0 (25544136)|VARIABLE_SCOPE_BEGIN|[10]|c|Employee_Skills__c|true|false
08:04:05.0 (25570387)|VARIABLE_ASSIGNMENT|[10]|c|{"s":1,"v":{"Id":"a0C36000000iqCUEAY","Name":"Tools","Employee__c":"a0A36000001ygYkEAI","Project__c":"a0736000000Ew01AAC","Status__c":"Pending approval","Employee__r":{"s":2,"v":{"Name":"Andriy Lokotosh","Id":"a0A36000001ygYkEAI"}},"Project__r":{"s":3,"v":{"Name":"eBank","Id":"a0736000000Ew01AAC"}}}}|0x410c6855
08:04:05.0 (25577349)|STATEMENT_EXECUTE|[12]
08:04:05.0 (25579441)|STATEMENT_EXECUTE|[14]
08:04:05.0 (25610936)|VARIABLE_ASSIGNMENT|[EXTERNAL]|this|{"skillsList":"0x6a8bf275"}|0x1a798c69
08:04:05.0 (25626257)|HEAP_ALLOCATE|[14]|Bytes:12
08:04:05.0 (25638966)|CONSTRUCTOR_ENTRY|[14]|01p360000072SS3|<init>(Employee_Skills__c)
08:04:05.0 (25646979)|VARIABLE_SCOPE_BEGIN|[66]|this|WrapperEmployeeSkills.wEmployee|true|false
08:04:05.0 (25670112)|VARIABLE_ASSIGNMENT|[66]|this|{}|0x2ae50d62
08:04:05.0 (25675275)|VARIABLE_SCOPE_BEGIN|[66]|s|Employee_Skills__c|true|false
08:04:05.0 (25701430)|VARIABLE_ASSIGNMENT|[66]|s|{"s":1,"v":{"Id":"a0C36000000iqCUEAY","Name":"Tools","Employee__c":"a0A36000001ygYkEAI","Project__c":"a0736000000Ew01AAC","Status__c":"Pending approval","Employee__r":{"s":2,"v":{"Name":"Andriy Lokotosh","Id":"a0A36000001ygYkEAI"}},"Project__r":{"s":3,"v":{"Name":"eBank","Id":"a0736000000Ew01AAC"}}}}|0x410c6855
08:04:05.0 (25709034)|STATEMENT_EXECUTE|[61]
08:04:05.0 (25711076)|STATEMENT_EXECUTE|[62]
08:04:05.0 (25713112)|STATEMENT_EXECUTE|[63]
08:04:05.0 (25729018)|STATEMENT_EXECUTE|[66]
08:04:05.0 (25731277)|STATEMENT_EXECUTE|[67]
08:04:05.0 (25755558)|VARIABLE_ASSIGNMENT|[EXTERNAL]|this|{}|0x2ae50d62
08:04:05.0 (25779852)|VARIABLE_ASSIGNMENT|[EXTERNAL]|value|{"s":1,"v":{"Id":"a0C36000000iqCUEAY","Name":"Tools","Employee__c":"a0A36000001ygYkEAI","Project__c":"a0736000000Ew01AAC","Status__c":"Pending approval","Employee__r":{"s":2,"v":{"Name":"Andriy Lokotosh","Id":"a0A36000001ygYkEAI"}},"Project__r":{"s":3,"v":{"Name":"eBank","Id":"a0736000000Ew01AAC"}}}}|0x410c6855
08:04:05.0 (25811565)|VARIABLE_ASSIGNMENT|[62]|this.skill|{"s":1,"v":{"Id":"a0C36000000iqCUEAY","Name":"Tools","Employee__c":"a0A36000001ygYkEAI","Project__c":"a0736000000Ew01AAC","Status__c":"Pending approval","Employee__r":{"s":2,"v":{"Name":"Andriy Lokotosh","Id":"a0A36000001ygYkEAI"}},"Project__r":{"s":3,"v":{"Name":"eBank","Id":"a0736000000Ew01AAC"}}}}|0x2ae50d62
08:04:05.0 (25824791)|STATEMENT_EXECUTE|[68]
08:04:05.0 (25856742)|VARIABLE_ASSIGNMENT|[EXTERNAL]|this|{"skill":"0x410c6855"}|0x2ae50d62
08:04:05.0 (25867186)|VARIABLE_ASSIGNMENT|[EXTERNAL]|value|false
08:04:05.0 (25873712)|HEAP_ALLOCATE|[63]|Bytes:5
08:04:05.0 (25884433)|VARIABLE_ASSIGNMENT|[63]|this.selected|false|0x2ae50d62
08:04:05.0 (25900667)|CONSTRUCTOR_EXIT|[14]|01p360000072SS3|<init>(Employee_Skills__c)
08:04:05.0 (25921039)|HEAP_ALLOCATE|[EXTERNAL]|Bytes:4
08:04:05.0 (25935917)|METHOD_ENTRY|[10]||Database.QueryLocatorIterator.hasNext()
08:04:05.0 (25955452)|METHOD_EXIT|[10]||Database.QueryLocatorIterator.hasNext()
08:04:05.0 (25966564)|VARIABLE_ASSIGNMENT|[10]|c|null|
08:04:05.0 (25998074)|STATEMENT_EXECUTE|[17]
08:04:05.0 (26043202)|VARIABLE_ASSIGNMENT|[EXTERNAL]|this|{"skillsList":"0x6a8bf275"}|0x1a798c69
08:04:05.0 (26062939)|SYSTEM_MODE_EXIT|false
08:04:05.0 (26079414)|CODE_UNIT_FINISHED|WrapperEmployeeSkills invoke(getEmployeeSkills)
08:04:05.0 (26105324)|CODE_UNIT_FINISHED|WrapperEmployeeSkills get(EmployeeSkills)
08:04:05.0 (26822196)|CODE_UNIT_STARTED|[EXTERNAL]|01p360000072SS3|skill
08:04:05.0 (26838368)|CODE_UNIT_FINISHED|skill
08:04:05.0 (80456642)|CODE_UNIT_STARTED|[EXTERNAL]|01p360000072SS3|selected
08:04:05.0 (80479969)|CODE_UNIT_FINISHED|selected
08:04:05.0 (83119768)|CODE_UNIT_STARTED|[EXTERNAL]|01p360000072SS3|selected
08:04:05.0 (83138885)|CODE_UNIT_FINISHED|selected
08:04:05.0 (83238164)|CODE_UNIT_STARTED|[EXTERNAL]|01p360000072SS3|skill
08:04:05.0 (83253381)|CODE_UNIT_FINISHED|skill
08:04:05.0 (85219895)|CODE_UNIT_STARTED|[EXTERNAL]|01p360000072SS3|selected
08:04:05.0 (85233716)|CODE_UNIT_FINISHED|selected
08:04:05.0 (85324771)|CODE_UNIT_STARTED|[EXTERNAL]|01p360000072SS3|skill
08:04:05.0 (85336309)|CODE_UNIT_FINISHED|skill
08:04:05.0 (87148160)|CODE_UNIT_STARTED|[EXTERNAL]|01p360000072SS3|selected
08:04:05.0 (87161702)|CODE_UNIT_FINISHED|selected
08:04:05.0 (87256918)|CODE_UNIT_STARTED|[EXTERNAL]|01p360000072SS3|skill
08:04:05.0 (87268429)|CODE_UNIT_FINISHED|skill
08:04:05.0 (89121993)|CODE_UNIT_STARTED|[EXTERNAL]|01p360000072SS3|selected
08:04:05.0 (89135277)|CODE_UNIT_FINISHED|selected
08:04:05.0 (89237044)|CODE_UNIT_STARTED|[EXTERNAL]|01p360000072SS3|skill
08:04:05.0 (89248408)|CODE_UNIT_FINISHED|skill
08:04:05.0 (91028187)|CODE_UNIT_STARTED|[EXTERNAL]|01p360000072SS3|selected
08:04:05.0 (91041386)|CODE_UNIT_FINISHED|selected
08:04:05.0 (91130887)|CODE_UNIT_STARTED|[EXTERNAL]|01p360000072SS3|skill
08:04:05.0 (91142354)|CODE_UNIT_FINISHED|skill
08:04:05.0 (92988619)|CODE_UNIT_STARTED|[EXTERNAL]|01p360000072SS3|selected
08:04:05.0 (93002589)|CODE_UNIT_FINISHED|selected
08:04:05.0 (93092675)|CODE_UNIT_STARTED|[EXTERNAL]|01p360000072SS3|skill
08:04:05.0 (93104018)|CODE_UNIT_FINISHED|skill
08:04:05.0 (94886589)|CODE_UNIT_STARTED|[EXTERNAL]|01p360000072SS3|selected
08:04:05.0 (94900327)|CODE_UNIT_FINISHED|selected
08:04:05.0 (94989405)|CODE_UNIT_STARTED|[EXTERNAL]|01p360000072SS3|skill
08:04:05.0 (95000702)|CODE_UNIT_FINISHED|skill
08:04:05.0 (96787645)|CODE_UNIT_STARTED|[EXTERNAL]|01p360000072SS3|selected
08:04:05.0 (96800945)|CODE_UNIT_FINISHED|selected
08:04:05.0 (96889808)|CODE_UNIT_STARTED|[EXTERNAL]|01p360000072SS3|skill
08:04:05.0 (96901291)|CODE_UNIT_FINISHED|skill
08:04:05.0 (98687760)|CODE_UNIT_STARTED|[EXTERNAL]|01p360000072SS3|selected
08:04:05.0 (98701402)|CODE_UNIT_FINISHED|selected
08:04:05.0 (98791057)|CODE_UNIT_STARTED|[EXTERNAL]|01p360000072SS3|skill
08:04:05.0 (98802567)|CODE_UNIT_FINISHED|skill
08:04:05.0 (100580289)|CODE_UNIT_STARTED|[EXTERNAL]|01p360000072SS3|selected
08:04:05.0 (100593793)|CODE_UNIT_FINISHED|selected
08:04:05.0 (100682883)|CODE_UNIT_STARTED|[EXTERNAL]|01p360000072SS3|skill
08:04:05.0 (100695006)|CODE_UNIT_FINISHED|skill
08:04:05.0 (102470081)|CODE_UNIT_STARTED|[EXTERNAL]|01p360000072SS3|selected
08:04:05.0 (102483686)|CODE_UNIT_FINISHED|selected
08:04:05.0 (102573467)|CODE_UNIT_STARTED|[EXTERNAL]|01p360000072SS3|skill
08:04:05.0 (102584932)|CODE_UNIT_FINISHED|skill
08:04:05.0 (104369127)|CODE_UNIT_STARTED|[EXTERNAL]|01p360000072SS3|selected
08:04:05.0 (104382636)|CODE_UNIT_FINISHED|selected
08:04:05.0 (104471689)|CODE_UNIT_STARTED|[EXTERNAL]|01p360000072SS3|skill
08:04:05.0 (104483393)|CODE_UNIT_FINISHED|skill
08:04:05.0 (106263782)|CODE_UNIT_STARTED|[EXTERNAL]|01p360000072SS3|selected
08:04:05.0 (106277338)|CODE_UNIT_FINISHED|selected
08:04:05.0 (106366006)|CODE_UNIT_STARTED|[EXTERNAL]|01p360000072SS3|skill
08:04:05.0 (106377514)|CODE_UNIT_FINISHED|skill
08:04:05.0 (108138662)|CODE_UNIT_STARTED|[EXTERNAL]|01p360000072SS3|selected
08:04:05.0 (108152362)|CODE_UNIT_FINISHED|selected
08:04:05.0 (108246985)|CODE_UNIT_STARTED|[EXTERNAL]|01p360000072SS3|skill
08:04:05.0 (108258961)|CODE_UNIT_FINISHED|skill
08:04:05.0 (110015605)|CODE_UNIT_STARTED|[EXTERNAL]|01p360000072SS3|selected
08:04:05.0 (110028626)|CODE_UNIT_FINISHED|selected
08:04:05.0 (110117613)|CODE_UNIT_STARTED|[EXTERNAL]|01p360000072SS3|skill
08:04:05.0 (110129055)|CODE_UNIT_FINISHED|skill
08:04:05.0 (111898045)|CODE_UNIT_STARTED|[EXTERNAL]|01p360000072SS3|selected
08:04:05.0 (111911113)|CODE_UNIT_FINISHED|selected
08:04:05.0 (111999538)|CODE_UNIT_STARTED|[EXTERNAL]|01p360000072SS3|skill
08:04:05.0 (112011080)|CODE_UNIT_FINISHED|skill
08:04:05.0 (116565271)|VF_SERIALIZE_VIEWSTATE_BEGIN|06636000001VcbV
08:04:05.0 (129781293)|VF_SERIALIZE_VIEWSTATE_END
08:04:05.0 (152582694)|CODE_UNIT_STARTED|[EXTERNAL]|Generate Metadata
08:04:05.0 (159825778)|CODE_UNIT_FINISHED|Generate Metadata
08:04:05.165 (165839171)|CUMULATIVE_LIMIT_USAGE
08:04:05.165 (165839171)|LIMIT_USAGE_FOR_NS|(default)|
  Number of SOQL queries: 1 out of 100
  Number of query rows: 17 out of 50000
  Number of SOSL queries: 0 out of 20
  Number of DML statements: 0 out of 150
  Number of DML rows: 0 out of 10000
  Maximum CPU time: 0 out of 10000
  Maximum heap size: 0 out of 6000000
  Number of callouts: 0 out of 100
  Number of Email Invocations: 0 out of 10
  Number of future calls: 0 out of 50
  Number of queueable jobs added to the queue: 0 out of 50
  Number of Mobile Apex push calls: 0 out of 10

08:04:05.165 (165839171)|CUMULATIVE_LIMIT_USAGE_END

08:04:05.0 (165899613)|CODE_UNIT_FINISHED|VF: /apex/AprooveWraper
08:04:05.0 (167116184)|EXECUTION_FINISHED
