36.0 APEX_CODE,FINEST;APEX_PROFILING,INFO;CALLOUT,INFO;DB,INFO;SYSTEM,DEBUG;VALIDATION,INFO;VISUALFORCE,INFO;WORKFLOW,INFO
12:35:16.2 (2445703)|EXECUTION_STARTED
12:35:16.2 (2481002)|CODE_UNIT_STARTED|[EXTERNAL]|aura
12:35:16.2 (3331061)|HEAP_ALLOCATE|[72]|Bytes:3
12:35:16.2 (3395732)|HEAP_ALLOCATE|[77]|Bytes:152
12:35:16.2 (3417414)|HEAP_ALLOCATE|[342]|Bytes:408
12:35:16.2 (3436812)|HEAP_ALLOCATE|[355]|Bytes:408
12:35:16.2 (3454357)|HEAP_ALLOCATE|[467]|Bytes:48
12:35:16.2 (3493871)|HEAP_ALLOCATE|[139]|Bytes:6
12:35:16.2 (3524792)|HEAP_ALLOCATE|[EXTERNAL]|Bytes:12
12:35:16.2 (3543138)|HEAP_ALLOCATE|[EXTERNAL]|Bytes:12
12:35:16.2 (5191668)|CODE_UNIT_STARTED|[EXTERNAL]|01p36000006TzBn|AwesomeProductController.getProductByName
12:35:16.2 (5340111)|HEAP_ALLOCATE|[EXTERNAL]|Bytes:3
12:35:16.2 (5363481)|METHOD_ENTRY|[1]|01p36000006TzBn|AwesomeProductController.AwesomeProductController()
12:35:16.2 (5369211)|STATEMENT_EXECUTE|[1]
12:35:16.2 (5377258)|STATEMENT_EXECUTE|[1]
12:35:16.2 (5384990)|METHOD_EXIT|[1]|AwesomeProductController
12:35:16.2 (5389685)|HEAP_ALLOCATE|[EXTERNAL]|Bytes:12
12:35:16.2 (5400972)|SYSTEM_MODE_ENTER|false
12:35:16.2 (5415955)|VARIABLE_SCOPE_BEGIN|[8]|name|String|false|false
12:35:16.2 (5440396)|VARIABLE_ASSIGNMENT|[8]|name|"Vans Classic"
12:35:16.2 (5452314)|STATEMENT_EXECUTE|[8]
12:35:16.2 (5453977)|STATEMENT_EXECUTE|[9]
12:35:16.2 (5458535)|HEAP_ALLOCATE|[9]|Bytes:167
12:35:16.2 (5472283)|HEAP_ALLOCATE|[9]|Bytes:4
12:35:16.2 (5484356)|HEAP_ALLOCATE|[9]|Bytes:7
12:35:16.2 (5543143)|HEAP_ALLOCATE|[50]|Bytes:5
12:35:16.2 (5570687)|HEAP_ALLOCATE|[56]|Bytes:5
12:35:16.2 (5580347)|HEAP_ALLOCATE|[64]|Bytes:7
12:35:16.2 (7658680)|SOQL_EXECUTE_BEGIN|[9]|Aggregations:1|SELECT id, name, photo__c, color__c, points__c, description__c, (SELECT name FROM product_sizes__r ORDER BY name ASC NULLS FIRST) FROM product__c WHERE name = :tmpVar1
12:35:16.2 (19640332)|SOQL_EXECUTE_END|[9]|Rows:1
12:35:16.2 (19671710)|HEAP_ALLOCATE|[9]|Bytes:8
12:35:16.2 (19707173)|HEAP_ALLOCATE|[9]|Bytes:560
12:35:16.2 (19815697)|HEAP_ALLOCATE|[9]|Bytes:8
12:35:16.2 (19828090)|HEAP_ALLOCATE|[9]|Bytes:36
12:35:16.2 (19923494)|HEAP_ALLOCATE|[9]|Bytes:32
12:35:16.2 (19937372)|SYSTEM_MODE_EXIT|false
12:35:16.19 (19980715)|CUMULATIVE_LIMIT_USAGE
12:35:16.19 (19980715)|LIMIT_USAGE_FOR_NS|(default)|
  Number of SOQL queries: 1 out of 100
  Number of query rows: 5 out of 50000
  Number of SOSL queries: 0 out of 20
  Number of DML statements: 0 out of 150
  Number of DML rows: 0 out of 10000
  Maximum CPU time: 0 out of 10000
  Maximum heap size: 0 out of 6000000
  Number of callouts: 0 out of 100
  Number of Email Invocations: 0 out of 10
  Number of future calls: 0 out of 50
  Number of queueable jobs added to the queue: 0 out of 50
  Number of Mobile Apex push calls: 0 out of 10

12:35:16.19 (19980715)|CUMULATIVE_LIMIT_USAGE_END

12:35:16.2 (20022837)|CODE_UNIT_FINISHED|AwesomeProductController.getProductByName
