36.0 APEX_CODE,FINEST;APEX_PROFILING,INFO;CALLOUT,INFO;DB,INFO;SYSTEM,DEBUG;VALIDATION,INFO;VISUALFORCE,INFO;WORKFLOW,INFO
08:45:53.0 (410052)|EXECUTION_STARTED
08:45:53.0 (448728)|CODE_UNIT_STARTED|[EXTERNAL]|01p36000005H3V7|expansesController.getExpenses
08:45:53.0 (769224)|HEAP_ALLOCATE|[72]|Bytes:3
08:45:53.0 (845746)|HEAP_ALLOCATE|[77]|Bytes:152
08:45:53.0 (878426)|HEAP_ALLOCATE|[342]|Bytes:408
08:45:53.0 (912447)|HEAP_ALLOCATE|[355]|Bytes:408
08:45:53.0 (944146)|HEAP_ALLOCATE|[467]|Bytes:48
08:45:53.0 (994226)|HEAP_ALLOCATE|[139]|Bytes:6
08:45:53.0 (1032061)|HEAP_ALLOCATE|[EXTERNAL]|Bytes:4
08:45:53.0 (1060744)|METHOD_ENTRY|[1]|01p36000005H3V7|expansesController.expansesController()
08:45:53.0 (1068374)|STATEMENT_EXECUTE|[1]
08:45:53.0 (1079335)|STATEMENT_EXECUTE|[1]
08:45:53.0 (1128032)|HEAP_ALLOCATE|[50]|Bytes:5
08:45:53.0 (1166590)|HEAP_ALLOCATE|[56]|Bytes:5
08:45:53.0 (1185170)|HEAP_ALLOCATE|[64]|Bytes:7
08:45:53.0 (1222715)|SYSTEM_MODE_ENTER|false
08:45:53.0 (1245908)|HEAP_ALLOCATE|[EXTERNAL]|Bytes:5
08:45:53.0 (1258112)|SYSTEM_MODE_EXIT|false
08:45:53.0 (1273917)|METHOD_EXIT|[1]|expansesController
08:45:53.0 (1287094)|SYSTEM_MODE_ENTER|false
08:45:53.0 (1305863)|HEAP_ALLOCATE|[6]|Bytes:5
08:45:53.0 (1311897)|STATEMENT_EXECUTE|[3]
08:45:53.0 (1314216)|STATEMENT_EXECUTE|[6]
08:45:53.0 (1319321)|HEAP_ALLOCATE|[6]|Bytes:90
08:45:53.0 (1334472)|HEAP_ALLOCATE|[6]|Bytes:4
08:45:53.0 (1846700)|SOQL_EXECUTE_BEGIN|[6]|Aggregations:0|SELECT Id, Name, Amount__c, Client__c, Date__c, Reimbursed__c, CreatedDate FROM Expense__c
08:45:53.0 (5322744)|SOQL_EXECUTE_END|[6]|Rows:7
08:45:53.0 (5350459)|HEAP_ALLOCATE|[6]|Bytes:32
08:45:53.0 (5398854)|HEAP_ALLOCATE|[6]|Bytes:1030
08:45:53.0 (5458312)|HEAP_ALLOCATE|[6]|Bytes:32
08:45:53.0 (5484681)|SYSTEM_MODE_EXIT|false
08:45:53.5 (5536230)|CUMULATIVE_LIMIT_USAGE
08:45:53.5 (5536230)|LIMIT_USAGE_FOR_NS|(default)|
  Number of SOQL queries: 1 out of 100
  Number of query rows: 7 out of 50000
  Number of SOSL queries: 0 out of 20
  Number of DML statements: 0 out of 150
  Number of DML rows: 0 out of 10000
  Maximum CPU time: 0 out of 10000
  Maximum heap size: 0 out of 6000000
  Number of callouts: 0 out of 100
  Number of Email Invocations: 0 out of 10
  Number of future calls: 0 out of 50
  Number of queueable jobs added to the queue: 0 out of 50
  Number of Mobile Apex push calls: 0 out of 10

08:45:53.5 (5536230)|CUMULATIVE_LIMIT_USAGE_END

08:45:53.0 (5585910)|CODE_UNIT_FINISHED|expansesController.getExpenses
08:45:53.0 (7356515)|EXECUTION_FINISHED
