36.0 APEX_CODE,FINEST;APEX_PROFILING,INFO;CALLOUT,INFO;DB,INFO;SYSTEM,DEBUG;VALIDATION,INFO;VISUALFORCE,INFO;WORKFLOW,INFO
08:45:08.0 (613687)|EXECUTION_STARTED
08:45:08.0 (650471)|CODE_UNIT_STARTED|[EXTERNAL]|01p36000005H3V7|expansesController.getExpenses
08:45:08.0 (983736)|HEAP_ALLOCATE|[72]|Bytes:3
08:45:08.0 (1042672)|HEAP_ALLOCATE|[77]|Bytes:152
08:45:08.0 (1064001)|HEAP_ALLOCATE|[342]|Bytes:408
08:45:08.0 (1084043)|HEAP_ALLOCATE|[355]|Bytes:408
08:45:08.0 (1103127)|HEAP_ALLOCATE|[467]|Bytes:48
08:45:08.0 (1141166)|HEAP_ALLOCATE|[139]|Bytes:6
08:45:08.0 (1164743)|HEAP_ALLOCATE|[EXTERNAL]|Bytes:4
08:45:08.0 (1184592)|METHOD_ENTRY|[1]|01p36000005H3V7|expansesController.expansesController()
08:45:08.0 (1188736)|STATEMENT_EXECUTE|[1]
08:45:08.0 (1194950)|STATEMENT_EXECUTE|[1]
08:45:08.0 (1227251)|HEAP_ALLOCATE|[50]|Bytes:5
08:45:08.0 (1255684)|HEAP_ALLOCATE|[56]|Bytes:5
08:45:08.0 (1265286)|HEAP_ALLOCATE|[64]|Bytes:7
08:45:08.0 (1293104)|SYSTEM_MODE_ENTER|false
08:45:08.0 (1315892)|HEAP_ALLOCATE|[EXTERNAL]|Bytes:5
08:45:08.0 (1324835)|SYSTEM_MODE_EXIT|false
08:45:08.0 (1335111)|METHOD_EXIT|[1]|expansesController
08:45:08.0 (1344134)|SYSTEM_MODE_ENTER|false
08:45:08.0 (1356676)|HEAP_ALLOCATE|[6]|Bytes:5
08:45:08.0 (1360831)|STATEMENT_EXECUTE|[3]
08:45:08.0 (1362298)|STATEMENT_EXECUTE|[6]
08:45:08.0 (1366001)|HEAP_ALLOCATE|[6]|Bytes:90
08:45:08.0 (1373456)|HEAP_ALLOCATE|[6]|Bytes:4
08:45:08.0 (1778169)|SOQL_EXECUTE_BEGIN|[6]|Aggregations:0|SELECT Id, Name, Amount__c, Client__c, Date__c, Reimbursed__c, CreatedDate FROM Expense__c
08:45:08.0 (4858751)|SOQL_EXECUTE_END|[6]|Rows:7
08:45:08.0 (4887157)|HEAP_ALLOCATE|[6]|Bytes:32
08:45:08.0 (4930649)|HEAP_ALLOCATE|[6]|Bytes:1030
08:45:08.0 (4979277)|HEAP_ALLOCATE|[6]|Bytes:32
08:45:08.0 (4996329)|SYSTEM_MODE_EXIT|false
08:45:08.5 (5041696)|CUMULATIVE_LIMIT_USAGE
08:45:08.5 (5041696)|LIMIT_USAGE_FOR_NS|(default)|
  Number of SOQL queries: 1 out of 100
  Number of query rows: 7 out of 50000
  Number of SOSL queries: 0 out of 20
  Number of DML statements: 0 out of 150
  Number of DML rows: 0 out of 10000
  Maximum CPU time: 0 out of 10000
  Maximum heap size: 0 out of 6000000
  Number of callouts: 0 out of 100
  Number of Email Invocations: 0 out of 10
  Number of future calls: 0 out of 50
  Number of queueable jobs added to the queue: 0 out of 50
  Number of Mobile Apex push calls: 0 out of 10

08:45:08.5 (5041696)|CUMULATIVE_LIMIT_USAGE_END

08:45:08.0 (5093573)|CODE_UNIT_FINISHED|expansesController.getExpenses
08:45:08.0 (7004198)|EXECUTION_FINISHED
