36.0 APEX_CODE,FINEST;APEX_PROFILING,INFO;CALLOUT,INFO;DB,INFO;SYSTEM,DEBUG;VALIDATION,INFO;VISUALFORCE,INFO;WORKFLOW,INFO
04:44:27.0 (79619)|EXECUTION_STARTED
04:44:27.0 (112765)|CODE_UNIT_STARTED|[EXTERNAL]|06636000002n7XB|VF: /apex/DraftsToPersonTable
04:44:27.0 (6320976)|CODE_UNIT_STARTED|[EXTERNAL]|01p360000074pQr|DraftsToPersons <init>
04:44:27.0 (6335792)|SYSTEM_MODE_ENTER|true
04:44:27.0 (6844412)|HEAP_ALLOCATE|[72]|Bytes:3
04:44:27.0 (6904227)|HEAP_ALLOCATE|[77]|Bytes:152
04:44:27.0 (6925912)|HEAP_ALLOCATE|[342]|Bytes:408
04:44:27.0 (6946251)|HEAP_ALLOCATE|[355]|Bytes:408
04:44:27.0 (6965082)|HEAP_ALLOCATE|[467]|Bytes:48
04:44:27.0 (7000026)|HEAP_ALLOCATE|[139]|Bytes:6
04:44:27.0 (7083112)|HEAP_ALLOCATE|[EXTERNAL]|Bytes:10
04:44:27.0 (7089155)|HEAP_ALLOCATE|[EXTERNAL]|Bytes:144
04:44:27.0 (7092057)|HEAP_ALLOCATE|[EXTERNAL]|Bytes:21
04:44:27.0 (7108904)|METHOD_ENTRY|[1]|01p360000074pQr|DraftsToPersons.DraftsToPersons()
04:44:27.0 (7113995)|STATEMENT_EXECUTE|[1]
04:44:27.0 (7122998)|STATEMENT_EXECUTE|[1]
04:44:27.0 (7160848)|HEAP_ALLOCATE|[50]|Bytes:5
04:44:27.0 (7186152)|HEAP_ALLOCATE|[56]|Bytes:5
04:44:27.0 (7194477)|HEAP_ALLOCATE|[64]|Bytes:7
04:44:27.0 (7220969)|SYSTEM_MODE_ENTER|false
04:44:27.0 (7239905)|HEAP_ALLOCATE|[EXTERNAL]|Bytes:5
04:44:27.0 (7244147)|STATEMENT_EXECUTE|[67]
04:44:27.0 (7250720)|SYSTEM_MODE_EXIT|false
04:44:27.0 (7261714)|METHOD_EXIT|[1]|DraftsToPersons
04:44:27.0 (7267946)|HEAP_ALLOCATE|[EXTERNAL]|Bytes:20
04:44:27.0 (7277346)|VARIABLE_SCOPE_BEGIN|[7]|this|DraftsToPersons|true|false
04:44:27.0 (7337054)|VARIABLE_ASSIGNMENT|[7]|this|{}|0x2f19af85
04:44:27.0 (7349206)|SYSTEM_MODE_ENTER|false
04:44:27.0 (7353504)|HEAP_ALLOCATE|[EXTERNAL]|Bytes:5
04:44:27.0 (7356919)|STATEMENT_EXECUTE|[1]
04:44:27.0 (7359402)|HEAP_ALLOCATE|[EXTERNAL]|Bytes:5
04:44:27.0 (7361492)|STATEMENT_EXECUTE|[2]
04:44:27.0 (7363882)|STATEMENT_EXECUTE|[3]
04:44:27.0 (7364934)|STATEMENT_EXECUTE|[4]
04:44:27.0 (7366063)|STATEMENT_EXECUTE|[5]
04:44:27.0 (7375310)|HEAP_ALLOCATE|[EXTERNAL]|Bytes:6
04:44:27.0 (7399749)|STATEMENT_EXECUTE|[8]
04:44:27.0 (7409936)|SYSTEM_MODE_EXIT|false
04:44:27.0 (7429910)|CODE_UNIT_FINISHED|DraftsToPersons <init>
04:44:27.0 (7478282)|CODE_UNIT_STARTED|[EXTERNAL]|01p360000074pQr|DraftsToPersons get(Drafts)
04:44:27.0 (7485411)|SYSTEM_MODE_ENTER|true
04:44:27.0 (7503542)|CODE_UNIT_STARTED|[EXTERNAL]|01p360000074pQr|Drafts
04:44:27.0 (7517620)|CODE_UNIT_FINISHED|Drafts
04:44:27.0 (7533107)|CODE_UNIT_FINISHED|DraftsToPersons get(Drafts)
04:44:27.33 (33354447)|CUMULATIVE_LIMIT_USAGE
04:44:27.33 (33354447)|LIMIT_USAGE_FOR_NS|(default)|
  Number of SOQL queries: 0 out of 100
  Number of query rows: 0 out of 50000
  Number of SOSL queries: 0 out of 20
  Number of DML statements: 0 out of 150
  Number of DML rows: 0 out of 10000
  Maximum CPU time: 0 out of 10000
  Maximum heap size: 0 out of 6000000
  Number of callouts: 0 out of 100
  Number of Email Invocations: 0 out of 10
  Number of future calls: 0 out of 50
  Number of queueable jobs added to the queue: 0 out of 50
  Number of Mobile Apex push calls: 0 out of 10

04:44:27.33 (33354447)|CUMULATIVE_LIMIT_USAGE_END

04:44:27.0 (33419474)|CODE_UNIT_FINISHED|VF: /apex/DraftsToPersonTable
04:44:27.0 (34433246)|EXECUTION_FINISHED
