36.0 APEX_CODE,FINEST;APEX_PROFILING,INFO;CALLOUT,INFO;DB,INFO;SYSTEM,DEBUG;VALIDATION,INFO;VISUALFORCE,INFO;WORKFLOW,INFO
08:58:49.0 (517895)|EXECUTION_STARTED
08:58:49.0 (552935)|CODE_UNIT_STARTED|[EXTERNAL]|01p36000005H3V7|expansesController.getExpenses
08:58:49.0 (901790)|HEAP_ALLOCATE|[72]|Bytes:3
08:58:49.0 (968295)|HEAP_ALLOCATE|[77]|Bytes:152
08:58:49.0 (991109)|HEAP_ALLOCATE|[342]|Bytes:408
08:58:49.0 (1010273)|HEAP_ALLOCATE|[355]|Bytes:408
08:58:49.0 (1029535)|HEAP_ALLOCATE|[467]|Bytes:48
08:58:49.0 (1072100)|HEAP_ALLOCATE|[139]|Bytes:6
08:58:49.0 (1099605)|HEAP_ALLOCATE|[EXTERNAL]|Bytes:4
08:58:49.0 (1119420)|METHOD_ENTRY|[1]|01p36000005H3V7|expansesController.expansesController()
08:58:49.0 (1125190)|STATEMENT_EXECUTE|[1]
08:58:49.0 (1134718)|STATEMENT_EXECUTE|[1]
08:58:49.0 (1171839)|HEAP_ALLOCATE|[50]|Bytes:5
08:58:49.0 (1203140)|HEAP_ALLOCATE|[56]|Bytes:5
08:58:49.0 (1212462)|HEAP_ALLOCATE|[64]|Bytes:7
08:58:49.0 (1240211)|SYSTEM_MODE_ENTER|false
08:58:49.0 (1259480)|HEAP_ALLOCATE|[EXTERNAL]|Bytes:5
08:58:49.0 (1268581)|SYSTEM_MODE_EXIT|false
08:58:49.0 (1281523)|METHOD_EXIT|[1]|expansesController
08:58:49.0 (1291172)|SYSTEM_MODE_ENTER|false
08:58:49.0 (1305060)|HEAP_ALLOCATE|[6]|Bytes:5
08:58:49.0 (1309259)|STATEMENT_EXECUTE|[3]
08:58:49.0 (1311571)|STATEMENT_EXECUTE|[6]
08:58:49.0 (1315023)|HEAP_ALLOCATE|[6]|Bytes:90
08:58:49.0 (1327485)|HEAP_ALLOCATE|[6]|Bytes:4
08:58:49.0 (1688096)|SOQL_EXECUTE_BEGIN|[6]|Aggregations:0|SELECT Id, Name, Amount__c, Client__c, Date__c, Reimbursed__c, CreatedDate FROM Expense__c
08:58:49.0 (4912917)|SOQL_EXECUTE_END|[6]|Rows:7
08:58:49.0 (4937075)|HEAP_ALLOCATE|[6]|Bytes:32
08:58:49.0 (4976310)|HEAP_ALLOCATE|[6]|Bytes:1030
08:58:49.0 (5017379)|HEAP_ALLOCATE|[6]|Bytes:32
08:58:49.0 (5036981)|SYSTEM_MODE_EXIT|false
08:58:49.5 (5081822)|CUMULATIVE_LIMIT_USAGE
08:58:49.5 (5081822)|LIMIT_USAGE_FOR_NS|(default)|
  Number of SOQL queries: 1 out of 100
  Number of query rows: 7 out of 50000
  Number of SOSL queries: 0 out of 20
  Number of DML statements: 0 out of 150
  Number of DML rows: 0 out of 10000
  Maximum CPU time: 0 out of 10000
  Maximum heap size: 0 out of 6000000
  Number of callouts: 0 out of 100
  Number of Email Invocations: 0 out of 10
  Number of future calls: 0 out of 50
  Number of queueable jobs added to the queue: 0 out of 50
  Number of Mobile Apex push calls: 0 out of 10

08:58:49.5 (5081822)|CUMULATIVE_LIMIT_USAGE_END

08:58:49.0 (5126515)|CODE_UNIT_FINISHED|expansesController.getExpenses
08:58:49.0 (6974872)|EXECUTION_FINISHED
