36.0 APEX_CODE,FINEST;APEX_PROFILING,INFO;CALLOUT,INFO;DB,INFO;SYSTEM,DEBUG;VALIDATION,INFO;VISUALFORCE,INFO;WORKFLOW,INFO
07:52:17.0 (69896)|EXECUTION_STARTED
07:52:17.0 (103861)|CODE_UNIT_STARTED|[EXTERNAL]|06636000001VcbV|VF: /apex/AprooveWraper
07:52:17.0 (320038)|VF_DESERIALIZE_VIEWSTATE_BEGIN|06636000001VcbV
07:52:17.0 (14182734)|HEAP_ALLOCATE|[72]|Bytes:3
07:52:17.0 (14250311)|HEAP_ALLOCATE|[77]|Bytes:152
07:52:17.0 (14272235)|HEAP_ALLOCATE|[342]|Bytes:408
07:52:17.0 (14294154)|HEAP_ALLOCATE|[355]|Bytes:408
07:52:17.0 (14314438)|HEAP_ALLOCATE|[467]|Bytes:48
07:52:17.0 (14348698)|HEAP_ALLOCATE|[139]|Bytes:6
07:52:17.0 (14385360)|HEAP_ALLOCATE|[50]|Bytes:5
07:52:17.0 (14412412)|HEAP_ALLOCATE|[56]|Bytes:5
07:52:17.0 (14422350)|HEAP_ALLOCATE|[64]|Bytes:7
07:52:17.0 (17223350)|VF_DESERIALIZE_VIEWSTATE_END
07:52:17.0 (19652774)|CODE_UNIT_STARTED|[EXTERNAL]|01p360000072SS3|WrapperEmployeeSkills get(EmployeeSkills)
07:52:17.0 (19672045)|SYSTEM_MODE_ENTER|true
07:52:17.0 (20059992)|CODE_UNIT_STARTED|[EXTERNAL]|01p360000072SS3|WrapperEmployeeSkills invoke(getEmployeeSkills)
07:52:17.0 (20112739)|HEAP_ALLOCATE|[EXTERNAL]|Bytes:9
07:52:17.0 (20119728)|HEAP_ALLOCATE|[EXTERNAL]|Bytes:88
07:52:17.0 (20122855)|HEAP_ALLOCATE|[EXTERNAL]|Bytes:6
07:52:17.0 (20125537)|HEAP_ALLOCATE|[EXTERNAL]|Bytes:2
07:52:17.0 (20137903)|METHOD_ENTRY|[1]|01p360000072SS3|WrapperEmployeeSkills.WrapperEmployeeSkills()
07:52:17.0 (20141930)|STATEMENT_EXECUTE|[1]
07:52:17.0 (20148220)|STATEMENT_EXECUTE|[1]
07:52:17.0 (20161794)|SYSTEM_MODE_ENTER|false
07:52:17.0 (20184512)|HEAP_ALLOCATE|[EXTERNAL]|Bytes:5
07:52:17.0 (20189124)|STATEMENT_EXECUTE|[61]
07:52:17.0 (20194341)|SYSTEM_MODE_EXIT|false
07:52:17.0 (20203812)|METHOD_EXIT|[1]|WrapperEmployeeSkills
07:52:17.0 (20214175)|HEAP_ALLOCATE|[EXTERNAL]|Bytes:8
07:52:17.0 (20227594)|VARIABLE_SCOPE_BEGIN|[7]|this|WrapperEmployeeSkills|true|false
07:52:17.0 (20302288)|VARIABLE_ASSIGNMENT|[7]|this|{"skillsList":"0x2e018814"}|0x78c1f3aa
07:52:17.0 (20321324)|SYSTEM_MODE_ENTER|false
07:52:17.0 (20326721)|HEAP_ALLOCATE|[8]|Bytes:5
07:52:17.0 (20330465)|STATEMENT_EXECUTE|[7]
07:52:17.0 (20382839)|VARIABLE_ASSIGNMENT|[EXTERNAL]|this|{"skillsList":"0x2e018814"}|0x78c1f3aa
07:52:17.0 (20398540)|STATEMENT_EXECUTE|[8]
07:52:17.0 (20400486)|STATEMENT_EXECUTE|[17]
07:52:17.0 (20426024)|VARIABLE_ASSIGNMENT|[EXTERNAL]|this|{"skillsList":"0x2e018814"}|0x78c1f3aa
07:52:17.0 (20436018)|SYSTEM_MODE_EXIT|false
07:52:17.0 (20449412)|CODE_UNIT_FINISHED|WrapperEmployeeSkills invoke(getEmployeeSkills)
07:52:17.0 (20473694)|CODE_UNIT_FINISHED|WrapperEmployeeSkills get(EmployeeSkills)
07:52:17.0 (21619152)|CODE_UNIT_STARTED|[EXTERNAL]|01p360000072SS3|selected
07:52:17.0 (21632736)|HEAP_ALLOCATE|[EXTERNAL]|Bytes:112
07:52:17.0 (21638091)|HEAP_ALLOCATE|[EXTERNAL]|Bytes:8
07:52:17.0 (21646851)|CODE_UNIT_FINISHED|selected
07:52:17.0 (21721715)|CODE_UNIT_STARTED|[EXTERNAL]|01p360000072SS3|selected
07:52:17.0 (21733074)|CODE_UNIT_FINISHED|selected
07:52:17.0 (21801457)|CODE_UNIT_STARTED|[EXTERNAL]|01p360000072SS3|selected
07:52:17.0 (21811997)|CODE_UNIT_FINISHED|selected
07:52:17.0 (21878231)|CODE_UNIT_STARTED|[EXTERNAL]|01p360000072SS3|selected
07:52:17.0 (21888796)|CODE_UNIT_FINISHED|selected
07:52:17.0 (21954498)|CODE_UNIT_STARTED|[EXTERNAL]|01p360000072SS3|selected
07:52:17.0 (21965016)|CODE_UNIT_FINISHED|selected
07:52:17.0 (22030024)|CODE_UNIT_STARTED|[EXTERNAL]|01p360000072SS3|selected
07:52:17.0 (22045626)|CODE_UNIT_FINISHED|selected
07:52:17.0 (22112072)|CODE_UNIT_STARTED|[EXTERNAL]|01p360000072SS3|selected
07:52:17.0 (22122559)|CODE_UNIT_FINISHED|selected
07:52:17.0 (22187547)|CODE_UNIT_STARTED|[EXTERNAL]|01p360000072SS3|selected
07:52:17.0 (22197855)|CODE_UNIT_FINISHED|selected
07:52:17.0 (22262749)|CODE_UNIT_STARTED|[EXTERNAL]|01p360000072SS3|selected
07:52:17.0 (22273106)|CODE_UNIT_FINISHED|selected
07:52:17.0 (22338329)|CODE_UNIT_STARTED|[EXTERNAL]|01p360000072SS3|selected
07:52:17.0 (22348586)|CODE_UNIT_FINISHED|selected
07:52:17.0 (22414002)|CODE_UNIT_STARTED|[EXTERNAL]|01p360000072SS3|selected
07:52:17.0 (22424286)|CODE_UNIT_FINISHED|selected
07:52:17.0 (22489283)|CODE_UNIT_STARTED|[EXTERNAL]|01p360000072SS3|selected
07:52:17.0 (22499853)|CODE_UNIT_FINISHED|selected
07:52:17.0 (22564924)|CODE_UNIT_STARTED|[EXTERNAL]|01p360000072SS3|selected
07:52:17.0 (22575227)|CODE_UNIT_FINISHED|selected
07:52:17.0 (22640128)|CODE_UNIT_STARTED|[EXTERNAL]|01p360000072SS3|selected
07:52:17.0 (22650537)|CODE_UNIT_FINISHED|selected
07:52:17.0 (22715771)|CODE_UNIT_STARTED|[EXTERNAL]|01p360000072SS3|selected
07:52:17.0 (22726094)|CODE_UNIT_FINISHED|selected
07:52:17.0 (22801265)|CODE_UNIT_STARTED|[EXTERNAL]|01p360000072SS3|selected
07:52:17.0 (22811747)|CODE_UNIT_FINISHED|selected
07:52:17.0 (23233138)|CODE_UNIT_STARTED|[EXTERNAL]|wEmployee set(selected,false)
07:52:17.0 (23267018)|HEAP_ALLOCATE|[EXTERNAL]|Bytes:5
07:52:17.0 (23277104)|HEAP_ALLOCATE|[EXTERNAL]|Bytes:12
07:52:17.0 (23290092)|VARIABLE_ASSIGNMENT|[EXTERNAL]|this.selected|false|0x7aaa3bbf
07:52:17.0 (23297830)|CODE_UNIT_FINISHED|wEmployee set(selected,false)
07:52:17.0 (23369484)|CODE_UNIT_STARTED|[EXTERNAL]|wEmployee set(selected,false)
07:52:17.0 (23388722)|HEAP_ALLOCATE|[EXTERNAL]|Bytes:5
07:52:17.0 (23391733)|HEAP_ALLOCATE|[EXTERNAL]|Bytes:12
07:52:17.0 (23399415)|VARIABLE_ASSIGNMENT|[EXTERNAL]|this.selected|false|0x706b536e
07:52:17.0 (23405814)|CODE_UNIT_FINISHED|wEmployee set(selected,false)
07:52:17.0 (23474632)|CODE_UNIT_STARTED|[EXTERNAL]|wEmployee set(selected,false)
07:52:17.0 (23493509)|HEAP_ALLOCATE|[EXTERNAL]|Bytes:5
07:52:17.0 (23496552)|HEAP_ALLOCATE|[EXTERNAL]|Bytes:12
07:52:17.0 (23504279)|VARIABLE_ASSIGNMENT|[EXTERNAL]|this.selected|false|0x5208245f
07:52:17.0 (23510402)|CODE_UNIT_FINISHED|wEmployee set(selected,false)
07:52:17.0 (23578157)|CODE_UNIT_STARTED|[EXTERNAL]|wEmployee set(selected,false)
07:52:17.0 (23596736)|HEAP_ALLOCATE|[EXTERNAL]|Bytes:5
07:52:17.0 (23599633)|HEAP_ALLOCATE|[EXTERNAL]|Bytes:12
07:52:17.0 (23606998)|VARIABLE_ASSIGNMENT|[EXTERNAL]|this.selected|false|0x1377763c
07:52:17.0 (23612971)|CODE_UNIT_FINISHED|wEmployee set(selected,false)
07:52:17.0 (23680451)|CODE_UNIT_STARTED|[EXTERNAL]|wEmployee set(selected,false)
07:52:17.0 (23698850)|HEAP_ALLOCATE|[EXTERNAL]|Bytes:5
07:52:17.0 (23701734)|HEAP_ALLOCATE|[EXTERNAL]|Bytes:12
07:52:17.0 (23709082)|VARIABLE_ASSIGNMENT|[EXTERNAL]|this.selected|false|0x38abc02e
07:52:17.0 (23714996)|CODE_UNIT_FINISHED|wEmployee set(selected,false)
07:52:17.0 (23782299)|CODE_UNIT_STARTED|[EXTERNAL]|wEmployee set(selected,false)
07:52:17.0 (23800773)|HEAP_ALLOCATE|[EXTERNAL]|Bytes:5
07:52:17.0 (23803627)|HEAP_ALLOCATE|[EXTERNAL]|Bytes:12
07:52:17.0 (23810788)|VARIABLE_ASSIGNMENT|[EXTERNAL]|this.selected|false|0x12f10476
07:52:17.0 (23817106)|CODE_UNIT_FINISHED|wEmployee set(selected,false)
07:52:17.0 (23884414)|CODE_UNIT_STARTED|[EXTERNAL]|wEmployee set(selected,false)
07:52:17.0 (23902952)|HEAP_ALLOCATE|[EXTERNAL]|Bytes:5
07:52:17.0 (23905865)|HEAP_ALLOCATE|[EXTERNAL]|Bytes:12
07:52:17.0 (23913067)|VARIABLE_ASSIGNMENT|[EXTERNAL]|this.selected|false|0x148f0ab
07:52:17.0 (23919130)|CODE_UNIT_FINISHED|wEmployee set(selected,false)
07:52:17.0 (23986470)|CODE_UNIT_STARTED|[EXTERNAL]|wEmployee set(selected,false)
07:52:17.0 (24004836)|HEAP_ALLOCATE|[EXTERNAL]|Bytes:5
07:52:17.0 (24008612)|HEAP_ALLOCATE|[EXTERNAL]|Bytes:12
07:52:17.0 (24015837)|VARIABLE_ASSIGNMENT|[EXTERNAL]|this.selected|false|0x2926b028
07:52:17.0 (24021772)|CODE_UNIT_FINISHED|wEmployee set(selected,false)
07:52:17.0 (24093451)|CODE_UNIT_STARTED|[EXTERNAL]|wEmployee set(selected,false)
07:52:17.0 (24112280)|HEAP_ALLOCATE|[EXTERNAL]|Bytes:5
07:52:17.0 (24115168)|HEAP_ALLOCATE|[EXTERNAL]|Bytes:12
07:52:17.0 (24122281)|VARIABLE_ASSIGNMENT|[EXTERNAL]|this.selected|false|0x4f6aaf92
07:52:17.0 (24128349)|CODE_UNIT_FINISHED|wEmployee set(selected,false)
07:52:17.0 (24196057)|CODE_UNIT_STARTED|[EXTERNAL]|wEmployee set(selected,false)
07:52:17.0 (24214632)|HEAP_ALLOCATE|[EXTERNAL]|Bytes:5
07:52:17.0 (24217748)|HEAP_ALLOCATE|[EXTERNAL]|Bytes:12
07:52:17.0 (24225052)|VARIABLE_ASSIGNMENT|[EXTERNAL]|this.selected|false|0x5522d0bd
07:52:17.0 (24231190)|CODE_UNIT_FINISHED|wEmployee set(selected,false)
07:52:17.0 (24298487)|CODE_UNIT_STARTED|[EXTERNAL]|wEmployee set(selected,false)
07:52:17.0 (24316949)|HEAP_ALLOCATE|[EXTERNAL]|Bytes:5
07:52:17.0 (24319761)|HEAP_ALLOCATE|[EXTERNAL]|Bytes:12
07:52:17.0 (24326836)|VARIABLE_ASSIGNMENT|[EXTERNAL]|this.selected|false|0x1329bf1a
07:52:17.0 (24332553)|CODE_UNIT_FINISHED|wEmployee set(selected,false)
07:52:17.0 (24399759)|CODE_UNIT_STARTED|[EXTERNAL]|wEmployee set(selected,false)
07:52:17.0 (24418178)|HEAP_ALLOCATE|[EXTERNAL]|Bytes:5
07:52:17.0 (24421480)|HEAP_ALLOCATE|[EXTERNAL]|Bytes:12
07:52:17.0 (24428807)|VARIABLE_ASSIGNMENT|[EXTERNAL]|this.selected|false|0xf92faa7
07:52:17.0 (24434516)|CODE_UNIT_FINISHED|wEmployee set(selected,false)
07:52:17.0 (24501833)|CODE_UNIT_STARTED|[EXTERNAL]|wEmployee set(selected,false)
07:52:17.0 (24520413)|HEAP_ALLOCATE|[EXTERNAL]|Bytes:5
07:52:17.0 (24523333)|HEAP_ALLOCATE|[EXTERNAL]|Bytes:12
07:52:17.0 (24530355)|VARIABLE_ASSIGNMENT|[EXTERNAL]|this.selected|false|0x151ec2f8
07:52:17.0 (24536033)|CODE_UNIT_FINISHED|wEmployee set(selected,false)
07:52:17.0 (24603388)|CODE_UNIT_STARTED|[EXTERNAL]|wEmployee set(selected,false)
07:52:17.0 (24622024)|HEAP_ALLOCATE|[EXTERNAL]|Bytes:5
07:52:17.0 (24624894)|HEAP_ALLOCATE|[EXTERNAL]|Bytes:12
07:52:17.0 (24631949)|VARIABLE_ASSIGNMENT|[EXTERNAL]|this.selected|false|0x56fa5fde
07:52:17.0 (24637842)|CODE_UNIT_FINISHED|wEmployee set(selected,false)
07:52:17.0 (24705476)|CODE_UNIT_STARTED|[EXTERNAL]|wEmployee set(selected,true)
07:52:17.0 (24724135)|HEAP_ALLOCATE|[EXTERNAL]|Bytes:5
07:52:17.0 (24727041)|HEAP_ALLOCATE|[EXTERNAL]|Bytes:12
07:52:17.0 (24734205)|VARIABLE_ASSIGNMENT|[EXTERNAL]|this.selected|true|0x8f5eb74
07:52:17.0 (24740274)|CODE_UNIT_FINISHED|wEmployee set(selected,true)
07:52:17.0 (24807672)|CODE_UNIT_STARTED|[EXTERNAL]|wEmployee set(selected,false)
07:52:17.0 (24826378)|HEAP_ALLOCATE|[EXTERNAL]|Bytes:5
07:52:17.0 (24829292)|HEAP_ALLOCATE|[EXTERNAL]|Bytes:12
07:52:17.0 (24836491)|VARIABLE_ASSIGNMENT|[EXTERNAL]|this.selected|false|0x10aa7f0f
07:52:17.0 (24842386)|CODE_UNIT_FINISHED|wEmployee set(selected,false)
07:52:17.0 (25025183)|CODE_UNIT_STARTED|[EXTERNAL]|01p360000072SS3|WrapperEmployeeSkills invoke(processSelected)
07:52:17.0 (25058580)|HEAP_ALLOCATE|[EXTERNAL]|Bytes:8
07:52:17.0 (25068566)|VARIABLE_SCOPE_BEGIN|[21]|this|WrapperEmployeeSkills|true|false
07:52:17.0 (25088274)|VARIABLE_ASSIGNMENT|[21]|this|{"skillsList":"0x2e018814"}|0x78c1f3aa
07:52:17.0 (25099204)|SYSTEM_MODE_ENTER|false
07:52:17.0 (25104290)|HEAP_ALLOCATE|[23]|Bytes:5
07:52:17.0 (25108365)|STATEMENT_EXECUTE|[22]
07:52:17.0 (25110052)|STATEMENT_EXECUTE|[23]
07:52:17.0 (25111149)|STATEMENT_EXECUTE|[24]
07:52:17.0 (25112256)|STATEMENT_EXECUTE|[27]
07:52:17.0 (25148311)|HEAP_ALLOCATE|[27]|Bytes:4
07:52:17.0 (25250577)|VARIABLE_SCOPE_BEGIN|[27]|selectedSkills|List<Employee_Skills__c>|true|false
07:52:17.0 (25259850)|HEAP_ALLOCATE|[EXTERNAL]|Bytes:4
07:52:17.0 (25277779)|VARIABLE_ASSIGNMENT|[27]|selectedSkills|{"s":1,"v":[]}|0x5049383e
07:52:17.0 (25297711)|METHOD_ENTRY|[30]|01p360000072SS3|WrapperEmployeeSkills.getEmployeeSkills()
07:52:17.0 (25309655)|VARIABLE_SCOPE_BEGIN|[7]|this|WrapperEmployeeSkills|true|false
07:52:17.0 (25326392)|VARIABLE_ASSIGNMENT|[7]|this|{"skillsList":"0x2e018814"}|0x78c1f3aa
07:52:17.0 (25334561)|HEAP_ALLOCATE|[8]|Bytes:5
07:52:17.0 (25338263)|STATEMENT_EXECUTE|[7]
07:52:17.0 (25356520)|VARIABLE_ASSIGNMENT|[EXTERNAL]|this|{"skillsList":"0x2e018814"}|0x78c1f3aa
07:52:17.0 (25365054)|STATEMENT_EXECUTE|[8]
07:52:17.0 (25366620)|STATEMENT_EXECUTE|[17]
07:52:17.0 (25380558)|VARIABLE_ASSIGNMENT|[EXTERNAL]|this|{"skillsList":"0x2e018814"}|0x78c1f3aa
07:52:17.0 (25395121)|METHOD_EXIT|[30]|01p360000072SS3|WrapperEmployeeSkills.getEmployeeSkills()
07:52:17.0 (25684265)|HEAP_ALLOCATE|[30]|Bytes:5
07:52:17.0 (25704633)|HEAP_ALLOCATE|[30]|Bytes:12
07:52:17.0 (25713703)|VARIABLE_SCOPE_BEGIN|[30]|wEmp|WrapperEmployeeSkills.wEmployee|true|false
07:52:17.0 (25748159)|VARIABLE_ASSIGNMENT|[30]|wEmp|{"selected":false,"skill":"0x12f1bc4b"}|0x7aaa3bbf
07:52:17.0 (25753228)|STATEMENT_EXECUTE|[30]
07:52:17.0 (25794696)|VARIABLE_ASSIGNMENT|[EXTERNAL]|this|{"selected":false,"skill":"0x12f1bc4b"}|0x7aaa3bbf
07:52:17.0 (25807774)|STATEMENT_EXECUTE|[31]
07:52:17.0 (25819378)|HEAP_ALLOCATE|[30]|Bytes:5
07:52:17.0 (25828723)|HEAP_ALLOCATE|[30]|Bytes:12
07:52:17.0 (25834270)|VARIABLE_SCOPE_BEGIN|[30]|wEmp|WrapperEmployeeSkills.wEmployee|true|false
07:52:17.0 (25851600)|VARIABLE_ASSIGNMENT|[30]|wEmp|{"selected":false,"skill":"0x5b51012f"}|0x706b536e
07:52:17.0 (25855299)|STATEMENT_EXECUTE|[30]
07:52:17.0 (25873653)|VARIABLE_ASSIGNMENT|[EXTERNAL]|this|{"selected":false,"skill":"0x5b51012f"}|0x706b536e
07:52:17.0 (25882249)|STATEMENT_EXECUTE|[31]
07:52:17.0 (25891721)|HEAP_ALLOCATE|[30]|Bytes:5
07:52:17.0 (25900148)|HEAP_ALLOCATE|[30]|Bytes:12
07:52:17.0 (25905380)|VARIABLE_SCOPE_BEGIN|[30]|wEmp|WrapperEmployeeSkills.wEmployee|true|false
07:52:17.0 (25921761)|VARIABLE_ASSIGNMENT|[30]|wEmp|{"selected":false,"skill":"0x433097f3"}|0x5208245f
07:52:17.0 (25924965)|STATEMENT_EXECUTE|[30]
07:52:17.0 (25942461)|VARIABLE_ASSIGNMENT|[EXTERNAL]|this|{"selected":false,"skill":"0x433097f3"}|0x5208245f
07:52:17.0 (25950751)|STATEMENT_EXECUTE|[31]
07:52:17.0 (25959500)|HEAP_ALLOCATE|[30]|Bytes:5
07:52:17.0 (25967714)|HEAP_ALLOCATE|[30]|Bytes:12
07:52:17.0 (25972662)|VARIABLE_SCOPE_BEGIN|[30]|wEmp|WrapperEmployeeSkills.wEmployee|true|false
07:52:17.0 (25988515)|VARIABLE_ASSIGNMENT|[30]|wEmp|{"selected":false,"skill":"0x5c3c683a"}|0x1377763c
07:52:17.0 (25991681)|STATEMENT_EXECUTE|[30]
07:52:17.0 (26009381)|VARIABLE_ASSIGNMENT|[EXTERNAL]|this|{"selected":false,"skill":"0x5c3c683a"}|0x1377763c
07:52:17.0 (26018844)|STATEMENT_EXECUTE|[31]
07:52:17.0 (26027763)|HEAP_ALLOCATE|[30]|Bytes:5
07:52:17.0 (26035915)|HEAP_ALLOCATE|[30]|Bytes:12
07:52:17.0 (26045978)|VARIABLE_SCOPE_BEGIN|[30]|wEmp|WrapperEmployeeSkills.wEmployee|true|false
07:52:17.0 (26062664)|VARIABLE_ASSIGNMENT|[30]|wEmp|{"selected":false,"skill":"0x50a702a8"}|0x38abc02e
07:52:17.0 (26065905)|STATEMENT_EXECUTE|[30]
07:52:17.0 (26083698)|VARIABLE_ASSIGNMENT|[EXTERNAL]|this|{"selected":false,"skill":"0x50a702a8"}|0x38abc02e
07:52:17.0 (26092027)|STATEMENT_EXECUTE|[31]
07:52:17.0 (26101059)|HEAP_ALLOCATE|[30]|Bytes:5
07:52:17.0 (26109406)|HEAP_ALLOCATE|[30]|Bytes:12
07:52:17.0 (26114358)|VARIABLE_SCOPE_BEGIN|[30]|wEmp|WrapperEmployeeSkills.wEmployee|true|false
07:52:17.0 (26129970)|VARIABLE_ASSIGNMENT|[30]|wEmp|{"selected":false,"skill":"0x3ac29ea"}|0x12f10476
07:52:17.0 (26133255)|STATEMENT_EXECUTE|[30]
07:52:17.0 (26150883)|VARIABLE_ASSIGNMENT|[EXTERNAL]|this|{"selected":false,"skill":"0x3ac29ea"}|0x12f10476
07:52:17.0 (26159536)|STATEMENT_EXECUTE|[31]
07:52:17.0 (26168458)|HEAP_ALLOCATE|[30]|Bytes:5
07:52:17.0 (26176561)|HEAP_ALLOCATE|[30]|Bytes:12
07:52:17.0 (26181438)|VARIABLE_SCOPE_BEGIN|[30]|wEmp|WrapperEmployeeSkills.wEmployee|true|false
07:52:17.0 (26196649)|VARIABLE_ASSIGNMENT|[30]|wEmp|{"selected":false,"skill":"0x44e4a963"}|0x148f0ab
07:52:17.0 (26199901)|STATEMENT_EXECUTE|[30]
07:52:17.0 (26216971)|VARIABLE_ASSIGNMENT|[EXTERNAL]|this|{"selected":false,"skill":"0x44e4a963"}|0x148f0ab
07:52:17.0 (26225176)|STATEMENT_EXECUTE|[31]
07:52:17.0 (26234105)|HEAP_ALLOCATE|[30]|Bytes:5
07:52:17.0 (26242328)|HEAP_ALLOCATE|[30]|Bytes:12
07:52:17.0 (26247146)|VARIABLE_SCOPE_BEGIN|[30]|wEmp|WrapperEmployeeSkills.wEmployee|true|false
07:52:17.0 (26262009)|VARIABLE_ASSIGNMENT|[30]|wEmp|{"selected":false,"skill":"0x7b26747d"}|0x2926b028
07:52:17.0 (26265153)|STATEMENT_EXECUTE|[30]
07:52:17.0 (26282458)|VARIABLE_ASSIGNMENT|[EXTERNAL]|this|{"selected":false,"skill":"0x7b26747d"}|0x2926b028
07:52:17.0 (26290751)|STATEMENT_EXECUTE|[31]
07:52:17.0 (26299460)|HEAP_ALLOCATE|[30]|Bytes:5
07:52:17.0 (26307582)|HEAP_ALLOCATE|[30]|Bytes:12
07:52:17.0 (26312382)|VARIABLE_SCOPE_BEGIN|[30]|wEmp|WrapperEmployeeSkills.wEmployee|true|false
07:52:17.0 (26327675)|VARIABLE_ASSIGNMENT|[30]|wEmp|{"selected":false,"skill":"0x13fc8bf3"}|0x4f6aaf92
07:52:17.0 (26330766)|STATEMENT_EXECUTE|[30]
07:52:17.0 (26347904)|VARIABLE_ASSIGNMENT|[EXTERNAL]|this|{"selected":false,"skill":"0x13fc8bf3"}|0x4f6aaf92
07:52:17.0 (26355821)|STATEMENT_EXECUTE|[31]
07:52:17.0 (26364551)|HEAP_ALLOCATE|[30]|Bytes:5
07:52:17.0 (26372532)|HEAP_ALLOCATE|[30]|Bytes:12
07:52:17.0 (26377325)|VARIABLE_SCOPE_BEGIN|[30]|wEmp|WrapperEmployeeSkills.wEmployee|true|false
07:52:17.0 (26392593)|VARIABLE_ASSIGNMENT|[30]|wEmp|{"selected":false,"skill":"0x717d131f"}|0x5522d0bd
07:52:17.0 (26395732)|STATEMENT_EXECUTE|[30]
07:52:17.0 (26412859)|VARIABLE_ASSIGNMENT|[EXTERNAL]|this|{"selected":false,"skill":"0x717d131f"}|0x5522d0bd
07:52:17.0 (26420992)|STATEMENT_EXECUTE|[31]
07:52:17.0 (26429703)|HEAP_ALLOCATE|[30]|Bytes:5
07:52:17.0 (26437790)|HEAP_ALLOCATE|[30]|Bytes:12
07:52:17.0 (26442726)|VARIABLE_SCOPE_BEGIN|[30]|wEmp|WrapperEmployeeSkills.wEmployee|true|false
07:52:17.0 (26457786)|VARIABLE_ASSIGNMENT|[30]|wEmp|{"selected":false,"skill":"0x103303e2"}|0x1329bf1a
07:52:17.0 (26460871)|STATEMENT_EXECUTE|[30]
07:52:17.0 (26477973)|VARIABLE_ASSIGNMENT|[EXTERNAL]|this|{"selected":false,"skill":"0x103303e2"}|0x1329bf1a
07:52:17.0 (26485957)|STATEMENT_EXECUTE|[31]
07:52:17.0 (26494477)|HEAP_ALLOCATE|[30]|Bytes:5
07:52:17.0 (26502549)|HEAP_ALLOCATE|[30]|Bytes:12
07:52:17.0 (26507306)|VARIABLE_SCOPE_BEGIN|[30]|wEmp|WrapperEmployeeSkills.wEmployee|true|false
07:52:17.0 (26522343)|VARIABLE_ASSIGNMENT|[30]|wEmp|{"selected":false,"skill":"0x58fe0805"}|0xf92faa7
07:52:17.0 (26525594)|STATEMENT_EXECUTE|[30]
07:52:17.0 (26542573)|VARIABLE_ASSIGNMENT|[EXTERNAL]|this|{"selected":false,"skill":"0x58fe0805"}|0xf92faa7
07:52:17.0 (26550818)|STATEMENT_EXECUTE|[31]
07:52:17.0 (26559622)|HEAP_ALLOCATE|[30]|Bytes:5
07:52:17.0 (26567670)|HEAP_ALLOCATE|[30]|Bytes:12
07:52:17.0 (26572513)|VARIABLE_SCOPE_BEGIN|[30]|wEmp|WrapperEmployeeSkills.wEmployee|true|false
07:52:17.0 (26587855)|VARIABLE_ASSIGNMENT|[30]|wEmp|{"selected":false,"skill":"0x2faaa3fa"}|0x151ec2f8
07:52:17.0 (26591080)|STATEMENT_EXECUTE|[30]
07:52:17.0 (26608271)|VARIABLE_ASSIGNMENT|[EXTERNAL]|this|{"selected":false,"skill":"0x2faaa3fa"}|0x151ec2f8
07:52:17.0 (26616198)|STATEMENT_EXECUTE|[31]
07:52:17.0 (26624787)|HEAP_ALLOCATE|[30]|Bytes:5
07:52:17.0 (26632755)|HEAP_ALLOCATE|[30]|Bytes:12
07:52:17.0 (26637538)|VARIABLE_SCOPE_BEGIN|[30]|wEmp|WrapperEmployeeSkills.wEmployee|true|false
07:52:17.0 (26652864)|VARIABLE_ASSIGNMENT|[30]|wEmp|{"selected":false,"skill":"0x36d6a8fb"}|0x56fa5fde
07:52:17.0 (26656021)|STATEMENT_EXECUTE|[30]
07:52:17.0 (26673199)|VARIABLE_ASSIGNMENT|[EXTERNAL]|this|{"selected":false,"skill":"0x36d6a8fb"}|0x56fa5fde
07:52:17.0 (26681269)|STATEMENT_EXECUTE|[31]
07:52:17.0 (26690110)|HEAP_ALLOCATE|[30]|Bytes:5
07:52:17.0 (26698187)|HEAP_ALLOCATE|[30]|Bytes:12
07:52:17.0 (26703061)|VARIABLE_SCOPE_BEGIN|[30]|wEmp|WrapperEmployeeSkills.wEmployee|true|false
07:52:17.0 (26718082)|VARIABLE_ASSIGNMENT|[30]|wEmp|{"selected":true,"skill":"0x3ef281d0"}|0x8f5eb74
07:52:17.0 (26721161)|STATEMENT_EXECUTE|[30]
07:52:17.0 (26738315)|VARIABLE_ASSIGNMENT|[EXTERNAL]|this|{"selected":true,"skill":"0x3ef281d0"}|0x8f5eb74
07:52:17.0 (26746563)|STATEMENT_EXECUTE|[31]
07:52:17.0 (26748145)|STATEMENT_EXECUTE|[32]
07:52:17.0 (26786190)|VARIABLE_ASSIGNMENT|[EXTERNAL]|this|{"selected":true,"skill":"0x3ef281d0"}|0x8f5eb74
07:52:17.0 (26808420)|HEAP_ALLOCATE|[EXTERNAL]|Bytes:4
07:52:17.0 (26821287)|HEAP_ALLOCATE|[30]|Bytes:5
07:52:17.0 (26829740)|HEAP_ALLOCATE|[30]|Bytes:12
07:52:17.0 (26834916)|VARIABLE_SCOPE_BEGIN|[30]|wEmp|WrapperEmployeeSkills.wEmployee|true|false
07:52:17.0 (26851931)|VARIABLE_ASSIGNMENT|[30]|wEmp|{"selected":false,"skill":"0x6f392070"}|0x10aa7f0f
07:52:17.0 (26855847)|STATEMENT_EXECUTE|[30]
07:52:17.0 (26873846)|VARIABLE_ASSIGNMENT|[EXTERNAL]|this|{"selected":false,"skill":"0x6f392070"}|0x10aa7f0f
07:52:17.0 (26882113)|STATEMENT_EXECUTE|[31]
07:52:17.0 (26891181)|HEAP_ALLOCATE|[30]|Bytes:5
07:52:17.0 (26901785)|VARIABLE_ASSIGNMENT|[30]|wEmp|null|
07:52:17.0 (27030851)|HEAP_ALLOCATE|[39]|Bytes:5
07:52:17.0 (27084453)|HEAP_ALLOCATE|[39]|Bytes:32
07:52:17.0 (27094500)|VARIABLE_SCOPE_BEGIN|[39]|es|Employee_Skills__c|true|false
07:52:17.0 (27124020)|VARIABLE_ASSIGNMENT|[39]|es|{"s":1,"v":{"Id":"a0C36000000iqFYEAY","Name":"fsdfsd","Employee__c":"a0A36000001ygYkEAI","Project__c":"a0736000000Ew01AAC","Status__c":"Waiting for submit","Employee__r":{"s":2,"v":{"Name":"Andriy Lokotosh","Id":"a0A36000001ygYkEAI"}},"Project__r":{"s":3,"v":{"Name":"eBank","Id":"a0736000000Ew01AAC"}}}}|0x3ef281d0
07:52:17.0 (27129233)|STATEMENT_EXECUTE|[40]
07:52:17.0 (27130520)|STATEMENT_EXECUTE|[41]
07:52:17.0 (27227236)|VARIABLE_SCOPE_BEGIN|[41]|req|Approval.ProcessSubmitRequest|true|false
07:52:17.0 (27335854)|VARIABLE_ASSIGNMENT|[41]|req|"common.api.soap.wsdl.ProcessSubmitRequest@679ac5cd"|0x5cccc488
07:52:17.0 (27341340)|STATEMENT_EXECUTE|[42]
07:52:17.0 (27345783)|HEAP_ALLOCATE|[42]|Bytes:39
07:52:17.0 (27410625)|STATEMENT_EXECUTE|[43]
07:52:17.0 (27634410)|HEAP_ALLOCATE|[43]|Bytes:18
07:52:17.0 (27669210)|STATEMENT_EXECUTE|[45]
07:52:17.0 (27743868)|HEAP_ALLOCATE|[45]|Bytes:8
07:52:17.0 (27766219)|DML_BEGIN|[45]|Op:Process|Type:ProcessRequest|Rows:1
07:52:17.0 (27805900)|HEAP_ALLOCATE|[EXTERNAL]|Bytes:8
07:52:17.0 (44153110)|CODE_UNIT_STARTED|[EXTERNAL]|Workflow:ApprovalProcessActions
07:52:17.0 (56345760)|WF_APPROVAL_SUBMIT|[Employee Skills: fsdfsd a0C36000000iqFY]
07:52:17.0 (57440655)|WF_APPROVAL_SUBMITTER|Andrew Lokotosh|005360000011kEE
07:52:17.0 (78758269)|WF_RULE_FILTER|[Employee Skills : Status equals Pending approval]
07:52:17.0 (79243287)|WF_RULE_EVAL_VALUE|4
07:52:17.0 (79269447)|WF_EVAL_ENTRY_CRITERIA|Employee skill|00X36000000QVVE|false
07:52:17.0 (79301141)|WF_RULE_FILTER|[Employee Skills : Status equals Pending approval]
07:52:17.0 (79317879)|WF_RULE_EVAL_VALUE|4
07:52:17.0 (79324906)|WF_EVAL_ENTRY_CRITERIA|Employee skill|00X36000000QVVE|false
07:52:17.0 (79438154)|WF_PROCESS_FOUND||No applicable approval process was found.
07:52:17.0 (80295417)|CODE_UNIT_FINISHED|Workflow:ApprovalProcessActions
07:52:17.0 (81147669)|DML_END|[45]
07:52:17.0 (81255836)|EXCEPTION_THROWN|[45]|System.DmlException: Process failed. First exception on row 0; first error: NO_APPLICABLE_PROCESS, No applicable approval process was found.: []
07:52:17.0 (81859755)|HEAP_ALLOCATE|[45]|Bytes:127
07:52:17.0 (81938709)|VARIABLE_SCOPE_BEGIN|[53]|ex|Exception|true|false
07:52:17.0 (82044706)|VARIABLE_ASSIGNMENT|[53]|ex|"common.apex.runtime.impl.DmlExecutionException: Process failed. First exception on row 0; first error: NO_APPLICABLE_PROCESS, No applicable approval process was found.: []"|0x48bbde07
07:52:17.0 (82053341)|STATEMENT_EXECUTE|[53]
07:52:17.0 (82058123)|STATEMENT_EXECUTE|[54]
07:52:17.0 (82072972)|HEAP_ALLOCATE|[54]|Bytes:1
07:52:17.0 (82132746)|VARIABLE_SCOPE_BEGIN|[54]|pageRef|System.PageReference|true|false
07:52:17.0 (82192983)|VARIABLE_ASSIGNMENT|[54]|pageRef|"/"|0x63ee5a12
07:52:17.0 (82197922)|STATEMENT_EXECUTE|[55]
07:52:17.0 (82282162)|STATEMENT_EXECUTE|[56]
07:52:17.0 (82290872)|SYSTEM_MODE_EXIT|false
07:52:17.0 (85215216)|CODE_UNIT_FINISHED|WrapperEmployeeSkills invoke(processSelected)
07:52:17.0 (85796178)|VF_APEX_CALL|j_id4|{!processSelected}|PageReference:/
07:52:17.88 (88190873)|CUMULATIVE_LIMIT_USAGE
07:52:17.88 (88190873)|LIMIT_USAGE_FOR_NS|(default)|
  Number of SOQL queries: 0 out of 100
  Number of query rows: 0 out of 50000
  Number of SOSL queries: 0 out of 20
  Number of DML statements: 1 out of 150
  Number of DML rows: 1 out of 10000
  Maximum CPU time: 0 out of 10000
  Maximum heap size: 0 out of 6000000
  Number of callouts: 0 out of 100
  Number of Email Invocations: 0 out of 10
  Number of future calls: 0 out of 50
  Number of queueable jobs added to the queue: 0 out of 50
  Number of Mobile Apex push calls: 0 out of 10

07:52:17.88 (88190873)|CUMULATIVE_LIMIT_USAGE_END

07:52:17.0 (88237541)|CODE_UNIT_FINISHED|VF: /apex/AprooveWraper
07:52:17.0 (89436768)|EXECUTION_FINISHED
