36.0 APEX_CODE,FINEST;APEX_PROFILING,INFO;CALLOUT,INFO;DB,INFO;SYSTEM,DEBUG;VALIDATION,INFO;VISUALFORCE,INFO;WORKFLOW,INFO
12:33:26.0 (102630)|EXECUTION_STARTED
12:33:26.0 (134162)|CODE_UNIT_STARTED|[EXTERNAL]|aura
12:33:26.0 (697118)|HEAP_ALLOCATE|[72]|Bytes:3
12:33:26.0 (767581)|HEAP_ALLOCATE|[77]|Bytes:152
12:33:26.0 (792736)|HEAP_ALLOCATE|[342]|Bytes:408
12:33:26.0 (812575)|HEAP_ALLOCATE|[355]|Bytes:408
12:33:26.0 (830694)|HEAP_ALLOCATE|[467]|Bytes:48
12:33:26.0 (872001)|HEAP_ALLOCATE|[139]|Bytes:6
12:33:26.0 (905943)|HEAP_ALLOCATE|[EXTERNAL]|Bytes:9
12:33:26.0 (924639)|HEAP_ALLOCATE|[EXTERNAL]|Bytes:9
12:33:26.0 (2177045)|CODE_UNIT_STARTED|[EXTERNAL]|01p36000006TzBn|AwesomeProductController.getProductByName
12:33:26.0 (2319661)|HEAP_ALLOCATE|[EXTERNAL]|Bytes:3
12:33:26.0 (2340040)|METHOD_ENTRY|[1]|01p36000006TzBn|AwesomeProductController.AwesomeProductController()
12:33:26.0 (2345403)|STATEMENT_EXECUTE|[1]
12:33:26.0 (2353423)|STATEMENT_EXECUTE|[1]
12:33:26.0 (2361960)|METHOD_EXIT|[1]|AwesomeProductController
12:33:26.0 (2367740)|HEAP_ALLOCATE|[EXTERNAL]|Bytes:9
12:33:26.0 (2380168)|SYSTEM_MODE_ENTER|false
12:33:26.0 (2390566)|VARIABLE_SCOPE_BEGIN|[8]|name|String|false|false
12:33:26.0 (2415597)|VARIABLE_ASSIGNMENT|[8]|name|"AproveRej"
12:33:26.0 (2433545)|STATEMENT_EXECUTE|[8]
12:33:26.0 (2435023)|STATEMENT_EXECUTE|[9]
12:33:26.0 (2438510)|HEAP_ALLOCATE|[9]|Bytes:167
12:33:26.0 (2453243)|HEAP_ALLOCATE|[9]|Bytes:4
12:33:26.0 (2468266)|HEAP_ALLOCATE|[9]|Bytes:7
12:33:26.0 (2528288)|HEAP_ALLOCATE|[50]|Bytes:5
12:33:26.0 (2556047)|HEAP_ALLOCATE|[56]|Bytes:5
12:33:26.0 (2564968)|HEAP_ALLOCATE|[64]|Bytes:7
12:33:26.0 (3411031)|SOQL_EXECUTE_BEGIN|[9]|Aggregations:1|SELECT id, name, photo__c, color__c, points__c, description__c, (SELECT name FROM product_sizes__r ORDER BY name ASC NULLS FIRST) FROM product__c WHERE name = :tmpVar1
12:33:26.0 (28339028)|SOQL_EXECUTE_END|[9]|Rows:1
12:33:26.0 (28398698)|HEAP_ALLOCATE|[9]|Bytes:8
12:33:26.0 (28436733)|HEAP_ALLOCATE|[9]|Bytes:299
12:33:26.0 (28664687)|HEAP_ALLOCATE|[9]|Bytes:8
12:33:26.0 (28693223)|HEAP_ALLOCATE|[9]|Bytes:36
12:33:26.0 (28805987)|HEAP_ALLOCATE|[9]|Bytes:32
12:33:26.0 (28830349)|SYSTEM_MODE_EXIT|false
12:33:26.28 (28884468)|CUMULATIVE_LIMIT_USAGE
12:33:26.28 (28884468)|LIMIT_USAGE_FOR_NS|(default)|
  Number of SOQL queries: 1 out of 100
  Number of query rows: 2 out of 50000
  Number of SOSL queries: 0 out of 20
  Number of DML statements: 0 out of 150
  Number of DML rows: 0 out of 10000
  Maximum CPU time: 0 out of 10000
  Maximum heap size: 0 out of 6000000
  Number of callouts: 0 out of 100
  Number of Email Invocations: 0 out of 10
  Number of future calls: 0 out of 50
  Number of queueable jobs added to the queue: 0 out of 50
  Number of Mobile Apex push calls: 0 out of 10

12:33:26.28 (28884468)|CUMULATIVE_LIMIT_USAGE_END

12:33:26.0 (28955109)|CODE_UNIT_FINISHED|AwesomeProductController.getProductByName
