36.0 APEX_CODE,FINEST;APEX_PROFILING,INFO;CALLOUT,INFO;DB,INFO;SYSTEM,DEBUG;VALIDATION,INFO;VISUALFORCE,INFO;WORKFLOW,INFO
07:34:06.0 (498030)|EXECUTION_STARTED
07:34:06.0 (535656)|CODE_UNIT_STARTED|[EXTERNAL]|06636000001VcbV|VF: /apex/AprooveWraper
07:34:06.0 (2567291)|CODE_UNIT_STARTED|[EXTERNAL]|01p360000072SS3|WrapperEmployeeSkills <init>
07:34:06.0 (2583644)|SYSTEM_MODE_ENTER|true
07:34:06.0 (3233780)|HEAP_ALLOCATE|[72]|Bytes:3
07:34:06.0 (3295582)|HEAP_ALLOCATE|[77]|Bytes:152
07:34:06.0 (3314830)|HEAP_ALLOCATE|[342]|Bytes:408
07:34:06.0 (3333310)|HEAP_ALLOCATE|[355]|Bytes:408
07:34:06.0 (3350728)|HEAP_ALLOCATE|[467]|Bytes:48
07:34:06.0 (3383574)|HEAP_ALLOCATE|[139]|Bytes:6
07:34:06.0 (3405817)|HEAP_ALLOCATE|[EXTERNAL]|Bytes:9
07:34:06.0 (3410905)|HEAP_ALLOCATE|[EXTERNAL]|Bytes:88
07:34:06.0 (3413701)|HEAP_ALLOCATE|[EXTERNAL]|Bytes:6
07:34:06.0 (3416621)|HEAP_ALLOCATE|[EXTERNAL]|Bytes:2
07:34:06.0 (3433340)|METHOD_ENTRY|[1]|01p360000072SS3|WrapperEmployeeSkills.WrapperEmployeeSkills()
07:34:06.0 (3437902)|STATEMENT_EXECUTE|[1]
07:34:06.0 (3444277)|STATEMENT_EXECUTE|[1]
07:34:06.0 (3480525)|HEAP_ALLOCATE|[50]|Bytes:5
07:34:06.0 (3509029)|HEAP_ALLOCATE|[56]|Bytes:5
07:34:06.0 (3518022)|HEAP_ALLOCATE|[64]|Bytes:7
07:34:06.0 (3543594)|SYSTEM_MODE_ENTER|false
07:34:06.0 (3561540)|HEAP_ALLOCATE|[EXTERNAL]|Bytes:5
07:34:06.0 (3565990)|STATEMENT_EXECUTE|[61]
07:34:06.0 (3572865)|SYSTEM_MODE_EXIT|false
07:34:06.0 (3584069)|METHOD_EXIT|[1]|WrapperEmployeeSkills
07:34:06.0 (3606832)|HEAP_ALLOCATE|[EXTERNAL]|Bytes:8
07:34:06.0 (3617909)|VARIABLE_SCOPE_BEGIN|[1]|this|WrapperEmployeeSkills|true|false
07:34:06.0 (3691117)|VARIABLE_ASSIGNMENT|[1]|this|{}|0x37286d47
07:34:06.0 (3702459)|SYSTEM_MODE_ENTER|false
07:34:06.0 (3707839)|HEAP_ALLOCATE|[EXTERNAL]|Bytes:5
07:34:06.0 (3717548)|HEAP_ALLOCATE|[EXTERNAL]|Bytes:6
07:34:06.0 (3744049)|SYSTEM_MODE_EXIT|false
07:34:06.0 (3748288)|STATEMENT_EXECUTE|[1]
07:34:06.0 (3752846)|SYSTEM_MODE_ENTER|false
07:34:06.0 (3756709)|HEAP_ALLOCATE|[EXTERNAL]|Bytes:5
07:34:06.0 (3759526)|STATEMENT_EXECUTE|[4]
07:34:06.0 (3763202)|SYSTEM_MODE_EXIT|false
07:34:06.0 (3779993)|CODE_UNIT_FINISHED|WrapperEmployeeSkills <init>
07:34:06.0 (3829361)|CODE_UNIT_STARTED|[EXTERNAL]|01p360000072SS3|WrapperEmployeeSkills get(EmployeeSkills)
07:34:06.0 (3838575)|SYSTEM_MODE_ENTER|true
07:34:06.0 (3859847)|CODE_UNIT_STARTED|[EXTERNAL]|01p360000072SS3|WrapperEmployeeSkills invoke(getEmployeeSkills)
07:34:06.0 (3892337)|HEAP_ALLOCATE|[EXTERNAL]|Bytes:8
07:34:06.0 (3900731)|VARIABLE_SCOPE_BEGIN|[7]|this|WrapperEmployeeSkills|true|false
07:34:06.0 (3915839)|VARIABLE_ASSIGNMENT|[7]|this|{}|0x37286d47
07:34:06.0 (3932372)|SYSTEM_MODE_ENTER|false
07:34:06.0 (3937538)|HEAP_ALLOCATE|[8]|Bytes:5
07:34:06.0 (3941616)|STATEMENT_EXECUTE|[7]
07:34:06.0 (3994467)|VARIABLE_ASSIGNMENT|[EXTERNAL]|this|{}|0x37286d47
07:34:06.0 (4008972)|STATEMENT_EXECUTE|[8]
07:34:06.0 (4011596)|STATEMENT_EXECUTE|[9]
07:34:06.0 (4019408)|HEAP_ALLOCATE|[9]|Bytes:4
07:34:06.0 (4150615)|VARIABLE_ASSIGNMENT|[EXTERNAL]|this|{}|0x37286d47
07:34:06.0 (4188599)|HEAP_ALLOCATE|[EXTERNAL]|Bytes:4
07:34:06.0 (4207842)|VARIABLE_ASSIGNMENT|[EXTERNAL]|value|{"s":1,"v":[]}|0x76d92cf0
07:34:06.0 (4223961)|VARIABLE_ASSIGNMENT|[4]|this.skillsList|{"s":1,"v":[]}|0x37286d47
07:34:06.0 (4235135)|HEAP_ALLOCATE|[10]|Bytes:122
07:34:06.0 (4248542)|HEAP_ALLOCATE|[10]|Bytes:4
07:34:06.0 (4795919)|SOQL_EXECUTE_BEGIN|[10]|Aggregations:0|SELECT Id, Name, Employee__r.Name, Project__r.Name, Status__c FROM Employee_Skills__c 
07:34:06.0 (14759978)|SOQL_EXECUTE_END|[10]|Rows:10
07:34:06.0 (14781591)|HEAP_ALLOCATE|[EXTERNAL]|Bytes:44
07:34:06.0 (15029848)|HEAP_ALLOCATE|[10]|Bytes:49
07:34:06.0 (15039844)|HEAP_ALLOCATE|[10]|Bytes:8
07:34:06.0 (15056496)|SYSTEM_METHOD_ENTRY|[7]|QueryLocatorIterator.QueryLocatorIterator()
07:34:06.0 (15060329)|STATEMENT_EXECUTE|[7]
07:34:06.0 (15071626)|SYSTEM_METHOD_EXIT|[7]|QueryLocatorIterator
07:34:06.0 (15080374)|HEAP_ALLOCATE|[10]|Bytes:28
07:34:06.0 (15142767)|HEAP_ALLOCATE|[10]|Bytes:44
07:34:06.0 (15158660)|HEAP_ALLOCATE|[10]|Bytes:8
07:34:06.0 (15161850)|HEAP_ALLOCATE|[10]|Bytes:8
07:34:06.0 (15168107)|VARIABLE_SCOPE_BEGIN|[15]|this|Database.QueryLocatorIterator|true|false
07:34:06.0 (15201531)|VARIABLE_ASSIGNMENT|[15]|this|{}|0x427ef2d1
07:34:06.0 (15205444)|VARIABLE_SCOPE_BEGIN|[15]|values|List<SObject>|true|false
07:34:06.0 (15225181)|VARIABLE_ASSIGNMENT|[15]|values|{"s":1,"v":"List of size 10 too large to display"}|0xcfb31c3
07:34:06.0 (15228200)|VARIABLE_SCOPE_BEGIN|[15]|ql|Database.QueryLocator|true|false
07:34:06.0 (15248083)|VARIABLE_ASSIGNMENT|[15]|ql|{"query":"SELECT Id, Name, Emp (102 more) ..."}|0x4b64c1d3
07:34:06.0 (15251366)|VARIABLE_SCOPE_BEGIN|[15]|totalNumRecords|Integer|false|false
07:34:06.0 (15255561)|VARIABLE_ASSIGNMENT|[15]|totalNumRecords|10
07:34:06.0 (15257540)|VARIABLE_SCOPE_BEGIN|[15]|queryMoreSize|Integer|false|false
07:34:06.0 (15260131)|VARIABLE_ASSIGNMENT|[15]|queryMoreSize|49990
07:34:06.0 (15318984)|HEAP_ALLOCATE|[10]|Bytes:28
07:34:06.0 (15346173)|METHOD_ENTRY|[10]||Database.QueryLocatorIterator.hasNext()
07:34:06.0 (15453126)|METHOD_EXIT|[10]||Database.QueryLocatorIterator.hasNext()
07:34:06.0 (15463186)|METHOD_ENTRY|[10]||Database.QueryLocatorIterator.next()
07:34:06.0 (15553349)|METHOD_EXIT|[10]||Database.QueryLocatorIterator.next()
07:34:06.0 (15565897)|VARIABLE_SCOPE_BEGIN|[10]|c|Employee_Skills__c|true|false
07:34:06.0 (15596698)|VARIABLE_ASSIGNMENT|[10]|c|{"s":1,"v":{"Id":"a0C360000003I4VEAU","Name":"Design","Employee__c":"a0A36000001zhkPEAQ","Project__c":"a0736000000F4iQAAS","Status__c":"Pending approval","Employee__r":{"s":2,"v":{"Name":"Robert Dobson","Id":"a0A36000001zhkPEAQ"}},"Project__r":{"s":3,"v":{"Name":"dasdasd","Id":"a0736000000F4iQAAS"}}}}|0x62dd7ee0
07:34:06.0 (15602774)|STATEMENT_EXECUTE|[12]
07:34:06.0 (15604377)|STATEMENT_EXECUTE|[14]
07:34:06.0 (15642337)|VARIABLE_ASSIGNMENT|[EXTERNAL]|this|{"skillsList":"0x76d92cf0"}|0x37286d47
07:34:06.0 (15662497)|HEAP_ALLOCATE|[14]|Bytes:112
07:34:06.0 (15667855)|HEAP_ALLOCATE|[14]|Bytes:8
07:34:06.0 (15690390)|HEAP_ALLOCATE|[14]|Bytes:12
07:34:06.0 (15722044)|CONSTRUCTOR_ENTRY|[14]|01p360000072SS3|<init>(Employee_Skills__c)
07:34:06.0 (15743697)|VARIABLE_SCOPE_BEGIN|[66]|this|WrapperEmployeeSkills.wEmployee|true|false
07:34:06.0 (15761881)|VARIABLE_ASSIGNMENT|[66]|this|{}|0x3bc5e23
07:34:06.0 (15766439)|VARIABLE_SCOPE_BEGIN|[66]|s|Employee_Skills__c|true|false
07:34:06.0 (15784784)|VARIABLE_ASSIGNMENT|[66]|s|{"s":1,"v":{"Id":"a0C360000003I4VEAU","Name":"Design","Employee__c":"a0A36000001zhkPEAQ","Project__c":"a0736000000F4iQAAS","Status__c":"Pending approval","Employee__r":{"s":2,"v":{"Name":"Robert Dobson","Id":"a0A36000001zhkPEAQ"}},"Project__r":{"s":3,"v":{"Name":"dasdasd","Id":"a0736000000F4iQAAS"}}}}|0x62dd7ee0
07:34:06.0 (15790444)|STATEMENT_EXECUTE|[61]
07:34:06.0 (15792023)|STATEMENT_EXECUTE|[62]
07:34:06.0 (15793323)|STATEMENT_EXECUTE|[63]
07:34:06.0 (15806567)|STATEMENT_EXECUTE|[66]
07:34:06.0 (15808276)|STATEMENT_EXECUTE|[67]
07:34:06.0 (15885676)|VARIABLE_ASSIGNMENT|[EXTERNAL]|this|{}|0x3bc5e23
07:34:06.0 (15905713)|VARIABLE_ASSIGNMENT|[EXTERNAL]|value|{"s":1,"v":{"Id":"a0C360000003I4VEAU","Name":"Design","Employee__c":"a0A36000001zhkPEAQ","Project__c":"a0736000000F4iQAAS","Status__c":"Pending approval","Employee__r":{"s":2,"v":{"Name":"Robert Dobson","Id":"a0A36000001zhkPEAQ"}},"Project__r":{"s":3,"v":{"Name":"dasdasd","Id":"a0736000000F4iQAAS"}}}}|0x62dd7ee0
07:34:06.0 (15926232)|VARIABLE_ASSIGNMENT|[62]|this.skill|{"s":1,"v":{"Id":"a0C360000003I4VEAU","Name":"Design","Employee__c":"a0A36000001zhkPEAQ","Project__c":"a0736000000F4iQAAS","Status__c":"Pending approval","Employee__r":{"s":2,"v":{"Name":"Robert Dobson","Id":"a0A36000001zhkPEAQ"}},"Project__r":{"s":3,"v":{"Name":"dasdasd","Id":"a0736000000F4iQAAS"}}}}|0x3bc5e23
07:34:06.0 (15936512)|STATEMENT_EXECUTE|[68]
07:34:06.0 (15992276)|VARIABLE_ASSIGNMENT|[EXTERNAL]|this|{"skill":"0x62dd7ee0"}|0x3bc5e23
07:34:06.0 (16002358)|VARIABLE_ASSIGNMENT|[EXTERNAL]|value|false
07:34:06.0 (16009145)|HEAP_ALLOCATE|[63]|Bytes:5
07:34:06.0 (16016373)|VARIABLE_ASSIGNMENT|[63]|this.selected|false|0x3bc5e23
07:34:06.0 (16032493)|CONSTRUCTOR_EXIT|[14]|01p360000072SS3|<init>(Employee_Skills__c)
07:34:06.0 (16049723)|HEAP_ALLOCATE|[EXTERNAL]|Bytes:4
07:34:06.0 (16059788)|METHOD_ENTRY|[10]||Database.QueryLocatorIterator.hasNext()
07:34:06.0 (16080991)|METHOD_EXIT|[10]||Database.QueryLocatorIterator.hasNext()
07:34:06.0 (16086523)|METHOD_ENTRY|[10]||Database.QueryLocatorIterator.next()
07:34:06.0 (16147652)|METHOD_EXIT|[10]||Database.QueryLocatorIterator.next()
07:34:06.0 (16154645)|VARIABLE_SCOPE_BEGIN|[10]|c|Employee_Skills__c|true|false
07:34:06.0 (16176564)|VARIABLE_ASSIGNMENT|[10]|c|{"s":1,"v":{"Id":"a0C360000003VRsEAM","Name":"Designer","Employee__c":"a0A36000001ygYkEAI","Project__c":"a0736000000Ex6cAAC","Status__c":"Pending approval","Employee__r":{"s":2,"v":{"Name":"Andriy Lokotosh","Id":"a0A36000001ygYkEAI"}},"Project__r":{"s":3,"v":{"Name":"SolutionSoft","Id":"a0736000000Ex6cAAC"}}}}|0x76b86d70
07:34:06.0 (16181511)|STATEMENT_EXECUTE|[12]
07:34:06.0 (16182826)|STATEMENT_EXECUTE|[14]
07:34:06.0 (16203211)|VARIABLE_ASSIGNMENT|[EXTERNAL]|this|{"skillsList":"0x76d92cf0"}|0x37286d47
07:34:06.0 (16214147)|HEAP_ALLOCATE|[14]|Bytes:12
07:34:06.0 (16225908)|CONSTRUCTOR_ENTRY|[14]|01p360000072SS3|<init>(Employee_Skills__c)
07:34:06.0 (16231119)|VARIABLE_SCOPE_BEGIN|[66]|this|WrapperEmployeeSkills.wEmployee|true|false
07:34:06.0 (16244333)|VARIABLE_ASSIGNMENT|[66]|this|{}|0x7fbe83f
07:34:06.0 (16247252)|VARIABLE_SCOPE_BEGIN|[66]|s|Employee_Skills__c|true|false
07:34:06.0 (16263162)|VARIABLE_ASSIGNMENT|[66]|s|{"s":1,"v":{"Id":"a0C360000003VRsEAM","Name":"Designer","Employee__c":"a0A36000001ygYkEAI","Project__c":"a0736000000Ex6cAAC","Status__c":"Pending approval","Employee__r":{"s":2,"v":{"Name":"Andriy Lokotosh","Id":"a0A36000001ygYkEAI"}},"Project__r":{"s":3,"v":{"Name":"SolutionSoft","Id":"a0736000000Ex6cAAC"}}}}|0x76b86d70
07:34:06.0 (16268192)|STATEMENT_EXECUTE|[61]
07:34:06.0 (16269535)|STATEMENT_EXECUTE|[62]
07:34:06.0 (16270894)|STATEMENT_EXECUTE|[63]
07:34:06.0 (16282082)|STATEMENT_EXECUTE|[66]
07:34:06.0 (16283731)|STATEMENT_EXECUTE|[67]
07:34:06.0 (16300135)|VARIABLE_ASSIGNMENT|[EXTERNAL]|this|{}|0x7fbe83f
07:34:06.0 (16315893)|VARIABLE_ASSIGNMENT|[EXTERNAL]|value|{"s":1,"v":{"Id":"a0C360000003VRsEAM","Name":"Designer","Employee__c":"a0A36000001ygYkEAI","Project__c":"a0736000000Ex6cAAC","Status__c":"Pending approval","Employee__r":{"s":2,"v":{"Name":"Andriy Lokotosh","Id":"a0A36000001ygYkEAI"}},"Project__r":{"s":3,"v":{"Name":"SolutionSoft","Id":"a0736000000Ex6cAAC"}}}}|0x76b86d70
07:34:06.0 (16333958)|VARIABLE_ASSIGNMENT|[62]|this.skill|{"s":1,"v":{"Id":"a0C360000003VRsEAM","Name":"Designer","Employee__c":"a0A36000001ygYkEAI","Project__c":"a0736000000Ex6cAAC","Status__c":"Pending approval","Employee__r":{"s":2,"v":{"Name":"Andriy Lokotosh","Id":"a0A36000001ygYkEAI"}},"Project__r":{"s":3,"v":{"Name":"SolutionSoft","Id":"a0736000000Ex6cAAC"}}}}|0x7fbe83f
07:34:06.0 (16342290)|STATEMENT_EXECUTE|[68]
07:34:06.0 (16361556)|VARIABLE_ASSIGNMENT|[EXTERNAL]|this|{"skill":"0x76b86d70"}|0x7fbe83f
07:34:06.0 (16368094)|VARIABLE_ASSIGNMENT|[EXTERNAL]|value|false
07:34:06.0 (16372033)|HEAP_ALLOCATE|[63]|Bytes:5
07:34:06.0 (16378415)|VARIABLE_ASSIGNMENT|[63]|this.selected|false|0x7fbe83f
07:34:06.0 (16391360)|CONSTRUCTOR_EXIT|[14]|01p360000072SS3|<init>(Employee_Skills__c)
07:34:06.0 (16401012)|HEAP_ALLOCATE|[EXTERNAL]|Bytes:4
07:34:06.0 (16409408)|METHOD_ENTRY|[10]||Database.QueryLocatorIterator.hasNext()
07:34:06.0 (16429393)|METHOD_EXIT|[10]||Database.QueryLocatorIterator.hasNext()
07:34:06.0 (16434539)|METHOD_ENTRY|[10]||Database.QueryLocatorIterator.next()
07:34:06.0 (16493450)|METHOD_EXIT|[10]||Database.QueryLocatorIterator.next()
07:34:06.0 (16500080)|VARIABLE_SCOPE_BEGIN|[10]|c|Employee_Skills__c|true|false
07:34:06.0 (16520480)|VARIABLE_ASSIGNMENT|[10]|c|{"s":1,"v":{"Id":"a0C360000003I4aEAE","Name":"QA","Employee__c":"a0A36000001zhkPEAQ","Project__c":"a0736000000Ex6cAAC","Status__c":"Pending approval","Employee__r":{"s":2,"v":{"Name":"Robert Dobson","Id":"a0A36000001zhkPEAQ"}},"Project__r":{"s":3,"v":{"Name":"SolutionSoft","Id":"a0736000000Ex6cAAC"}}}}|0x329dd65d
07:34:06.0 (16524785)|STATEMENT_EXECUTE|[12]
07:34:06.0 (16526088)|STATEMENT_EXECUTE|[14]
07:34:06.0 (16546294)|VARIABLE_ASSIGNMENT|[EXTERNAL]|this|{"skillsList":"0x76d92cf0"}|0x37286d47
07:34:06.0 (16556940)|HEAP_ALLOCATE|[14]|Bytes:12
07:34:06.0 (16568655)|CONSTRUCTOR_ENTRY|[14]|01p360000072SS3|<init>(Employee_Skills__c)
07:34:06.0 (16573693)|VARIABLE_SCOPE_BEGIN|[66]|this|WrapperEmployeeSkills.wEmployee|true|false
07:34:06.0 (16586822)|VARIABLE_ASSIGNMENT|[66]|this|{}|0x738a39fb
07:34:06.0 (16589501)|VARIABLE_SCOPE_BEGIN|[66]|s|Employee_Skills__c|true|false
07:34:06.0 (16604841)|VARIABLE_ASSIGNMENT|[66]|s|{"s":1,"v":{"Id":"a0C360000003I4aEAE","Name":"QA","Employee__c":"a0A36000001zhkPEAQ","Project__c":"a0736000000Ex6cAAC","Status__c":"Pending approval","Employee__r":{"s":2,"v":{"Name":"Robert Dobson","Id":"a0A36000001zhkPEAQ"}},"Project__r":{"s":3,"v":{"Name":"SolutionSoft","Id":"a0736000000Ex6cAAC"}}}}|0x329dd65d
07:34:06.0 (16609923)|STATEMENT_EXECUTE|[61]
07:34:06.0 (16611432)|STATEMENT_EXECUTE|[62]
07:34:06.0 (16612623)|STATEMENT_EXECUTE|[63]
07:34:06.0 (16623526)|STATEMENT_EXECUTE|[66]
07:34:06.0 (16625121)|STATEMENT_EXECUTE|[67]
07:34:06.0 (16641442)|VARIABLE_ASSIGNMENT|[EXTERNAL]|this|{}|0x738a39fb
07:34:06.0 (16657099)|VARIABLE_ASSIGNMENT|[EXTERNAL]|value|{"s":1,"v":{"Id":"a0C360000003I4aEAE","Name":"QA","Employee__c":"a0A36000001zhkPEAQ","Project__c":"a0736000000Ex6cAAC","Status__c":"Pending approval","Employee__r":{"s":2,"v":{"Name":"Robert Dobson","Id":"a0A36000001zhkPEAQ"}},"Project__r":{"s":3,"v":{"Name":"SolutionSoft","Id":"a0736000000Ex6cAAC"}}}}|0x329dd65d
07:34:06.0 (16674633)|VARIABLE_ASSIGNMENT|[62]|this.skill|{"s":1,"v":{"Id":"a0C360000003I4aEAE","Name":"QA","Employee__c":"a0A36000001zhkPEAQ","Project__c":"a0736000000Ex6cAAC","Status__c":"Pending approval","Employee__r":{"s":2,"v":{"Name":"Robert Dobson","Id":"a0A36000001zhkPEAQ"}},"Project__r":{"s":3,"v":{"Name":"SolutionSoft","Id":"a0736000000Ex6cAAC"}}}}|0x738a39fb
07:34:06.0 (16682530)|STATEMENT_EXECUTE|[68]
07:34:06.0 (16701392)|VARIABLE_ASSIGNMENT|[EXTERNAL]|this|{"skill":"0x329dd65d"}|0x738a39fb
07:34:06.0 (16708247)|VARIABLE_ASSIGNMENT|[EXTERNAL]|value|false
07:34:06.0 (16712372)|HEAP_ALLOCATE|[63]|Bytes:5
07:34:06.0 (16718709)|VARIABLE_ASSIGNMENT|[63]|this.selected|false|0x738a39fb
07:34:06.0 (16731694)|CONSTRUCTOR_EXIT|[14]|01p360000072SS3|<init>(Employee_Skills__c)
07:34:06.0 (16744737)|HEAP_ALLOCATE|[EXTERNAL]|Bytes:4
07:34:06.0 (16754527)|METHOD_ENTRY|[10]||Database.QueryLocatorIterator.hasNext()
07:34:06.0 (16774038)|METHOD_EXIT|[10]||Database.QueryLocatorIterator.hasNext()
07:34:06.0 (16778851)|METHOD_ENTRY|[10]||Database.QueryLocatorIterator.next()
07:34:06.0 (16835995)|METHOD_EXIT|[10]||Database.QueryLocatorIterator.next()
07:34:06.0 (16842478)|VARIABLE_SCOPE_BEGIN|[10]|c|Employee_Skills__c|true|false
07:34:06.0 (16863318)|VARIABLE_ASSIGNMENT|[10]|c|{"s":1,"v":{"Id":"a0C360000003XRiEAM","Name":"Tomato","Employee__c":"a0A36000001ygYkEAI","Project__c":"a0736000000Ew01AAC","Status__c":"Pending approval","Employee__r":{"s":2,"v":{"Name":"Andriy Lokotosh","Id":"a0A36000001ygYkEAI"}},"Project__r":{"s":3,"v":{"Name":"eBank","Id":"a0736000000Ew01AAC"}}}}|0x56f748fb
07:34:06.0 (16867369)|STATEMENT_EXECUTE|[12]
07:34:06.0 (16868656)|STATEMENT_EXECUTE|[14]
07:34:06.0 (16888321)|VARIABLE_ASSIGNMENT|[EXTERNAL]|this|{"skillsList":"0x76d92cf0"}|0x37286d47
07:34:06.0 (16898876)|HEAP_ALLOCATE|[14]|Bytes:12
07:34:06.0 (16910032)|CONSTRUCTOR_ENTRY|[14]|01p360000072SS3|<init>(Employee_Skills__c)
07:34:06.0 (16914745)|VARIABLE_SCOPE_BEGIN|[66]|this|WrapperEmployeeSkills.wEmployee|true|false
07:34:06.0 (16927654)|VARIABLE_ASSIGNMENT|[66]|this|{}|0x52e6e8bb
07:34:06.0 (16930323)|VARIABLE_SCOPE_BEGIN|[66]|s|Employee_Skills__c|true|false
07:34:06.0 (16945571)|VARIABLE_ASSIGNMENT|[66]|s|{"s":1,"v":{"Id":"a0C360000003XRiEAM","Name":"Tomato","Employee__c":"a0A36000001ygYkEAI","Project__c":"a0736000000Ew01AAC","Status__c":"Pending approval","Employee__r":{"s":2,"v":{"Name":"Andriy Lokotosh","Id":"a0A36000001ygYkEAI"}},"Project__r":{"s":3,"v":{"Name":"eBank","Id":"a0736000000Ew01AAC"}}}}|0x56f748fb
07:34:06.0 (16950305)|STATEMENT_EXECUTE|[61]
07:34:06.0 (16951714)|STATEMENT_EXECUTE|[62]
07:34:06.0 (16953035)|STATEMENT_EXECUTE|[63]
07:34:06.0 (16964013)|STATEMENT_EXECUTE|[66]
07:34:06.0 (16965655)|STATEMENT_EXECUTE|[67]
07:34:06.0 (16986746)|VARIABLE_ASSIGNMENT|[EXTERNAL]|this|{}|0x52e6e8bb
07:34:06.0 (17002572)|VARIABLE_ASSIGNMENT|[EXTERNAL]|value|{"s":1,"v":{"Id":"a0C360000003XRiEAM","Name":"Tomato","Employee__c":"a0A36000001ygYkEAI","Project__c":"a0736000000Ew01AAC","Status__c":"Pending approval","Employee__r":{"s":2,"v":{"Name":"Andriy Lokotosh","Id":"a0A36000001ygYkEAI"}},"Project__r":{"s":3,"v":{"Name":"eBank","Id":"a0736000000Ew01AAC"}}}}|0x56f748fb
07:34:06.0 (17022059)|VARIABLE_ASSIGNMENT|[62]|this.skill|{"s":1,"v":{"Id":"a0C360000003XRiEAM","Name":"Tomato","Employee__c":"a0A36000001ygYkEAI","Project__c":"a0736000000Ew01AAC","Status__c":"Pending approval","Employee__r":{"s":2,"v":{"Name":"Andriy Lokotosh","Id":"a0A36000001ygYkEAI"}},"Project__r":{"s":3,"v":{"Name":"eBank","Id":"a0736000000Ew01AAC"}}}}|0x52e6e8bb
07:34:06.0 (17030641)|STATEMENT_EXECUTE|[68]
07:34:06.0 (17049955)|VARIABLE_ASSIGNMENT|[EXTERNAL]|this|{"skill":"0x56f748fb"}|0x52e6e8bb
07:34:06.0 (17056125)|VARIABLE_ASSIGNMENT|[EXTERNAL]|value|false
07:34:06.0 (17059942)|HEAP_ALLOCATE|[63]|Bytes:5
07:34:06.0 (17066118)|VARIABLE_ASSIGNMENT|[63]|this.selected|false|0x52e6e8bb
07:34:06.0 (17078751)|CONSTRUCTOR_EXIT|[14]|01p360000072SS3|<init>(Employee_Skills__c)
07:34:06.0 (17087858)|HEAP_ALLOCATE|[EXTERNAL]|Bytes:4
07:34:06.0 (17096243)|METHOD_ENTRY|[10]||Database.QueryLocatorIterator.hasNext()
07:34:06.0 (17116084)|METHOD_EXIT|[10]||Database.QueryLocatorIterator.hasNext()
07:34:06.0 (17121194)|METHOD_ENTRY|[10]||Database.QueryLocatorIterator.next()
07:34:06.0 (17177499)|METHOD_EXIT|[10]||Database.QueryLocatorIterator.next()
07:34:06.0 (17184103)|VARIABLE_SCOPE_BEGIN|[10]|c|Employee_Skills__c|true|false
07:34:06.0 (17204041)|VARIABLE_ASSIGNMENT|[10]|c|{"s":1,"v":{"Id":"a0C360000003YCSEA2","Name":"Enpl","Employee__c":"a0A36000001ygYkEAI","Project__c":"a0736000000Ew01AAC","Status__c":"Pending approval","Employee__r":{"s":2,"v":{"Name":"Andriy Lokotosh","Id":"a0A36000001ygYkEAI"}},"Project__r":{"s":3,"v":{"Name":"eBank","Id":"a0736000000Ew01AAC"}}}}|0x708146fd
07:34:06.0 (17208514)|STATEMENT_EXECUTE|[12]
07:34:06.0 (17209828)|STATEMENT_EXECUTE|[14]
07:34:06.0 (17229379)|VARIABLE_ASSIGNMENT|[EXTERNAL]|this|{"skillsList":"0x76d92cf0"}|0x37286d47
07:34:06.0 (17239724)|HEAP_ALLOCATE|[14]|Bytes:12
07:34:06.0 (17250527)|CONSTRUCTOR_ENTRY|[14]|01p360000072SS3|<init>(Employee_Skills__c)
07:34:06.0 (17255307)|VARIABLE_SCOPE_BEGIN|[66]|this|WrapperEmployeeSkills.wEmployee|true|false
07:34:06.0 (17268084)|VARIABLE_ASSIGNMENT|[66]|this|{}|0x1c5d6886
07:34:06.0 (17270700)|VARIABLE_SCOPE_BEGIN|[66]|s|Employee_Skills__c|true|false
07:34:06.0 (17285715)|VARIABLE_ASSIGNMENT|[66]|s|{"s":1,"v":{"Id":"a0C360000003YCSEA2","Name":"Enpl","Employee__c":"a0A36000001ygYkEAI","Project__c":"a0736000000Ew01AAC","Status__c":"Pending approval","Employee__r":{"s":2,"v":{"Name":"Andriy Lokotosh","Id":"a0A36000001ygYkEAI"}},"Project__r":{"s":3,"v":{"Name":"eBank","Id":"a0736000000Ew01AAC"}}}}|0x708146fd
07:34:06.0 (17290043)|STATEMENT_EXECUTE|[61]
07:34:06.0 (17291356)|STATEMENT_EXECUTE|[62]
07:34:06.0 (17292483)|STATEMENT_EXECUTE|[63]
07:34:06.0 (17303427)|STATEMENT_EXECUTE|[66]
07:34:06.0 (17304997)|STATEMENT_EXECUTE|[67]
07:34:06.0 (17321021)|VARIABLE_ASSIGNMENT|[EXTERNAL]|this|{}|0x1c5d6886
07:34:06.0 (17336399)|VARIABLE_ASSIGNMENT|[EXTERNAL]|value|{"s":1,"v":{"Id":"a0C360000003YCSEA2","Name":"Enpl","Employee__c":"a0A36000001ygYkEAI","Project__c":"a0736000000Ew01AAC","Status__c":"Pending approval","Employee__r":{"s":2,"v":{"Name":"Andriy Lokotosh","Id":"a0A36000001ygYkEAI"}},"Project__r":{"s":3,"v":{"Name":"eBank","Id":"a0736000000Ew01AAC"}}}}|0x708146fd
07:34:06.0 (17353792)|VARIABLE_ASSIGNMENT|[62]|this.skill|{"s":1,"v":{"Id":"a0C360000003YCSEA2","Name":"Enpl","Employee__c":"a0A36000001ygYkEAI","Project__c":"a0736000000Ew01AAC","Status__c":"Pending approval","Employee__r":{"s":2,"v":{"Name":"Andriy Lokotosh","Id":"a0A36000001ygYkEAI"}},"Project__r":{"s":3,"v":{"Name":"eBank","Id":"a0736000000Ew01AAC"}}}}|0x1c5d6886
07:34:06.0 (17361933)|STATEMENT_EXECUTE|[68]
07:34:06.0 (17380251)|VARIABLE_ASSIGNMENT|[EXTERNAL]|this|{"skill":"0x708146fd"}|0x1c5d6886
07:34:06.0 (17386718)|VARIABLE_ASSIGNMENT|[EXTERNAL]|value|false
07:34:06.0 (17390691)|HEAP_ALLOCATE|[63]|Bytes:5
07:34:06.0 (17396833)|VARIABLE_ASSIGNMENT|[63]|this.selected|false|0x1c5d6886
07:34:06.0 (17409454)|CONSTRUCTOR_EXIT|[14]|01p360000072SS3|<init>(Employee_Skills__c)
07:34:06.0 (17418624)|HEAP_ALLOCATE|[EXTERNAL]|Bytes:4
07:34:06.0 (17426817)|METHOD_ENTRY|[10]||Database.QueryLocatorIterator.hasNext()
07:34:06.0 (17445524)|METHOD_EXIT|[10]||Database.QueryLocatorIterator.hasNext()
07:34:06.0 (17450606)|METHOD_ENTRY|[10]||Database.QueryLocatorIterator.next()
07:34:06.0 (17507330)|METHOD_EXIT|[10]||Database.QueryLocatorIterator.next()
07:34:06.0 (17513652)|VARIABLE_SCOPE_BEGIN|[10]|c|Employee_Skills__c|true|false
07:34:06.0 (17533876)|VARIABLE_ASSIGNMENT|[10]|c|{"s":1,"v":{"Id":"a0C360000003XRnEAM","Name":"potato","Employee__c":"a0A36000001ygYkEAI","Project__c":"a0736000000Ew01AAC","Status__c":"Pending approval","Employee__r":{"s":2,"v":{"Name":"Andriy Lokotosh","Id":"a0A36000001ygYkEAI"}},"Project__r":{"s":3,"v":{"Name":"eBank","Id":"a0736000000Ew01AAC"}}}}|0x3da996af
07:34:06.0 (17537991)|STATEMENT_EXECUTE|[12]
07:34:06.0 (17539239)|STATEMENT_EXECUTE|[14]
07:34:06.0 (17558468)|VARIABLE_ASSIGNMENT|[EXTERNAL]|this|{"skillsList":"0x76d92cf0"}|0x37286d47
07:34:06.0 (17568713)|HEAP_ALLOCATE|[14]|Bytes:12
07:34:06.0 (17579479)|CONSTRUCTOR_ENTRY|[14]|01p360000072SS3|<init>(Employee_Skills__c)
07:34:06.0 (17584136)|VARIABLE_SCOPE_BEGIN|[66]|this|WrapperEmployeeSkills.wEmployee|true|false
07:34:06.0 (17596965)|VARIABLE_ASSIGNMENT|[66]|this|{}|0x586f1291
07:34:06.0 (17599612)|VARIABLE_SCOPE_BEGIN|[66]|s|Employee_Skills__c|true|false
07:34:06.0 (17613844)|VARIABLE_ASSIGNMENT|[66]|s|{"s":1,"v":{"Id":"a0C360000003XRnEAM","Name":"potato","Employee__c":"a0A36000001ygYkEAI","Project__c":"a0736000000Ew01AAC","Status__c":"Pending approval","Employee__r":{"s":2,"v":{"Name":"Andriy Lokotosh","Id":"a0A36000001ygYkEAI"}},"Project__r":{"s":3,"v":{"Name":"eBank","Id":"a0736000000Ew01AAC"}}}}|0x3da996af
07:34:06.0 (17618280)|STATEMENT_EXECUTE|[61]
07:34:06.0 (17619639)|STATEMENT_EXECUTE|[62]
07:34:06.0 (17620802)|STATEMENT_EXECUTE|[63]
07:34:06.0 (17631479)|STATEMENT_EXECUTE|[66]
07:34:06.0 (17633053)|STATEMENT_EXECUTE|[67]
07:34:06.0 (17649050)|VARIABLE_ASSIGNMENT|[EXTERNAL]|this|{}|0x586f1291
07:34:06.0 (17663659)|VARIABLE_ASSIGNMENT|[EXTERNAL]|value|{"s":1,"v":{"Id":"a0C360000003XRnEAM","Name":"potato","Employee__c":"a0A36000001ygYkEAI","Project__c":"a0736000000Ew01AAC","Status__c":"Pending approval","Employee__r":{"s":2,"v":{"Name":"Andriy Lokotosh","Id":"a0A36000001ygYkEAI"}},"Project__r":{"s":3,"v":{"Name":"eBank","Id":"a0736000000Ew01AAC"}}}}|0x3da996af
07:34:06.0 (17681402)|VARIABLE_ASSIGNMENT|[62]|this.skill|{"s":1,"v":{"Id":"a0C360000003XRnEAM","Name":"potato","Employee__c":"a0A36000001ygYkEAI","Project__c":"a0736000000Ew01AAC","Status__c":"Pending approval","Employee__r":{"s":2,"v":{"Name":"Andriy Lokotosh","Id":"a0A36000001ygYkEAI"}},"Project__r":{"s":3,"v":{"Name":"eBank","Id":"a0736000000Ew01AAC"}}}}|0x586f1291
07:34:06.0 (17689448)|STATEMENT_EXECUTE|[68]
07:34:06.0 (17708001)|VARIABLE_ASSIGNMENT|[EXTERNAL]|this|{"skill":"0x3da996af"}|0x586f1291
07:34:06.0 (17714233)|VARIABLE_ASSIGNMENT|[EXTERNAL]|value|false
07:34:06.0 (17718099)|HEAP_ALLOCATE|[63]|Bytes:5
07:34:06.0 (17724095)|VARIABLE_ASSIGNMENT|[63]|this.selected|false|0x586f1291
07:34:06.0 (17736581)|CONSTRUCTOR_EXIT|[14]|01p360000072SS3|<init>(Employee_Skills__c)
07:34:06.0 (17745335)|HEAP_ALLOCATE|[EXTERNAL]|Bytes:4
07:34:06.0 (17753395)|METHOD_ENTRY|[10]||Database.QueryLocatorIterator.hasNext()
07:34:06.0 (17772220)|METHOD_EXIT|[10]||Database.QueryLocatorIterator.hasNext()
07:34:06.0 (17777355)|METHOD_ENTRY|[10]||Database.QueryLocatorIterator.next()
07:34:06.0 (17833613)|METHOD_EXIT|[10]||Database.QueryLocatorIterator.next()
07:34:06.0 (17840058)|VARIABLE_SCOPE_BEGIN|[10]|c|Employee_Skills__c|true|false
07:34:06.0 (17860446)|VARIABLE_ASSIGNMENT|[10]|c|{"s":1,"v":{"Id":"a0C360000003XTFEA2","Name":"ef","Employee__c":"a0A36000001ygYkEAI","Project__c":"a0736000000Ew01AAC","Status__c":"Pending approval","Employee__r":{"s":2,"v":{"Name":"Andriy Lokotosh","Id":"a0A36000001ygYkEAI"}},"Project__r":{"s":3,"v":{"Name":"eBank","Id":"a0736000000Ew01AAC"}}}}|0x22a311cf
07:34:06.0 (17864700)|STATEMENT_EXECUTE|[12]
07:34:06.0 (17866026)|STATEMENT_EXECUTE|[14]
07:34:06.0 (17885763)|VARIABLE_ASSIGNMENT|[EXTERNAL]|this|{"skillsList":"0x76d92cf0"}|0x37286d47
07:34:06.0 (17896062)|HEAP_ALLOCATE|[14]|Bytes:12
07:34:06.0 (17908560)|CONSTRUCTOR_ENTRY|[14]|01p360000072SS3|<init>(Employee_Skills__c)
07:34:06.0 (17914936)|VARIABLE_SCOPE_BEGIN|[66]|this|WrapperEmployeeSkills.wEmployee|true|false
07:34:06.0 (17928808)|VARIABLE_ASSIGNMENT|[66]|this|{}|0x554d4445
07:34:06.0 (17931369)|VARIABLE_SCOPE_BEGIN|[66]|s|Employee_Skills__c|true|false
07:34:06.0 (17946672)|VARIABLE_ASSIGNMENT|[66]|s|{"s":1,"v":{"Id":"a0C360000003XTFEA2","Name":"ef","Employee__c":"a0A36000001ygYkEAI","Project__c":"a0736000000Ew01AAC","Status__c":"Pending approval","Employee__r":{"s":2,"v":{"Name":"Andriy Lokotosh","Id":"a0A36000001ygYkEAI"}},"Project__r":{"s":3,"v":{"Name":"eBank","Id":"a0736000000Ew01AAC"}}}}|0x22a311cf
07:34:06.0 (17951668)|STATEMENT_EXECUTE|[61]
07:34:06.0 (17952974)|STATEMENT_EXECUTE|[62]
07:34:06.0 (17954183)|STATEMENT_EXECUTE|[63]
07:34:06.0 (17964944)|STATEMENT_EXECUTE|[66]
07:34:06.0 (17966468)|STATEMENT_EXECUTE|[67]
07:34:06.0 (17987303)|VARIABLE_ASSIGNMENT|[EXTERNAL]|this|{}|0x554d4445
07:34:06.0 (18003058)|VARIABLE_ASSIGNMENT|[EXTERNAL]|value|{"s":1,"v":{"Id":"a0C360000003XTFEA2","Name":"ef","Employee__c":"a0A36000001ygYkEAI","Project__c":"a0736000000Ew01AAC","Status__c":"Pending approval","Employee__r":{"s":2,"v":{"Name":"Andriy Lokotosh","Id":"a0A36000001ygYkEAI"}},"Project__r":{"s":3,"v":{"Name":"eBank","Id":"a0736000000Ew01AAC"}}}}|0x22a311cf
07:34:06.0 (18021462)|VARIABLE_ASSIGNMENT|[62]|this.skill|{"s":1,"v":{"Id":"a0C360000003XTFEA2","Name":"ef","Employee__c":"a0A36000001ygYkEAI","Project__c":"a0736000000Ew01AAC","Status__c":"Pending approval","Employee__r":{"s":2,"v":{"Name":"Andriy Lokotosh","Id":"a0A36000001ygYkEAI"}},"Project__r":{"s":3,"v":{"Name":"eBank","Id":"a0736000000Ew01AAC"}}}}|0x554d4445
07:34:06.0 (18030136)|STATEMENT_EXECUTE|[68]
07:34:06.0 (18048732)|VARIABLE_ASSIGNMENT|[EXTERNAL]|this|{"skill":"0x22a311cf"}|0x554d4445
07:34:06.0 (18054904)|VARIABLE_ASSIGNMENT|[EXTERNAL]|value|false
07:34:06.0 (18058700)|HEAP_ALLOCATE|[63]|Bytes:5
07:34:06.0 (18064834)|VARIABLE_ASSIGNMENT|[63]|this.selected|false|0x554d4445
07:34:06.0 (18077864)|CONSTRUCTOR_EXIT|[14]|01p360000072SS3|<init>(Employee_Skills__c)
07:34:06.0 (18086787)|HEAP_ALLOCATE|[EXTERNAL]|Bytes:4
07:34:06.0 (18094952)|METHOD_ENTRY|[10]||Database.QueryLocatorIterator.hasNext()
07:34:06.0 (18113942)|METHOD_EXIT|[10]||Database.QueryLocatorIterator.hasNext()
07:34:06.0 (18118869)|METHOD_ENTRY|[10]||Database.QueryLocatorIterator.next()
07:34:06.0 (18174636)|METHOD_EXIT|[10]||Database.QueryLocatorIterator.next()
07:34:06.0 (18181017)|VARIABLE_SCOPE_BEGIN|[10]|c|Employee_Skills__c|true|false
07:34:06.0 (18200314)|VARIABLE_ASSIGNMENT|[10]|c|{"s":1,"v":{"Id":"a0C360000003XTGEA2","Name":"frgt","Employee__c":"a0A36000001ygYkEAI","Project__c":"a0736000000Ew01AAC","Status__c":"Pending approval","Employee__r":{"s":2,"v":{"Name":"Andriy Lokotosh","Id":"a0A36000001ygYkEAI"}},"Project__r":{"s":3,"v":{"Name":"eBank","Id":"a0736000000Ew01AAC"}}}}|0x24a0bcad
07:34:06.0 (18204747)|STATEMENT_EXECUTE|[12]
07:34:06.0 (18206119)|STATEMENT_EXECUTE|[14]
07:34:06.0 (18225647)|VARIABLE_ASSIGNMENT|[EXTERNAL]|this|{"skillsList":"0x76d92cf0"}|0x37286d47
07:34:06.0 (18235967)|HEAP_ALLOCATE|[14]|Bytes:12
07:34:06.0 (18246755)|CONSTRUCTOR_ENTRY|[14]|01p360000072SS3|<init>(Employee_Skills__c)
07:34:06.0 (18251632)|VARIABLE_SCOPE_BEGIN|[66]|this|WrapperEmployeeSkills.wEmployee|true|false
07:34:06.0 (18264412)|VARIABLE_ASSIGNMENT|[66]|this|{}|0x4fbc932
07:34:06.0 (18267106)|VARIABLE_SCOPE_BEGIN|[66]|s|Employee_Skills__c|true|false
07:34:06.0 (18281769)|VARIABLE_ASSIGNMENT|[66]|s|{"s":1,"v":{"Id":"a0C360000003XTGEA2","Name":"frgt","Employee__c":"a0A36000001ygYkEAI","Project__c":"a0736000000Ew01AAC","Status__c":"Pending approval","Employee__r":{"s":2,"v":{"Name":"Andriy Lokotosh","Id":"a0A36000001ygYkEAI"}},"Project__r":{"s":3,"v":{"Name":"eBank","Id":"a0736000000Ew01AAC"}}}}|0x24a0bcad
07:34:06.0 (18286502)|STATEMENT_EXECUTE|[61]
07:34:06.0 (18287821)|STATEMENT_EXECUTE|[62]
07:34:06.0 (18289094)|STATEMENT_EXECUTE|[63]
07:34:06.0 (18299870)|STATEMENT_EXECUTE|[66]
07:34:06.0 (18301758)|STATEMENT_EXECUTE|[67]
07:34:06.0 (18318210)|VARIABLE_ASSIGNMENT|[EXTERNAL]|this|{}|0x4fbc932
07:34:06.0 (18333653)|VARIABLE_ASSIGNMENT|[EXTERNAL]|value|{"s":1,"v":{"Id":"a0C360000003XTGEA2","Name":"frgt","Employee__c":"a0A36000001ygYkEAI","Project__c":"a0736000000Ew01AAC","Status__c":"Pending approval","Employee__r":{"s":2,"v":{"Name":"Andriy Lokotosh","Id":"a0A36000001ygYkEAI"}},"Project__r":{"s":3,"v":{"Name":"eBank","Id":"a0736000000Ew01AAC"}}}}|0x24a0bcad
07:34:06.0 (18350356)|VARIABLE_ASSIGNMENT|[62]|this.skill|{"s":1,"v":{"Id":"a0C360000003XTGEA2","Name":"frgt","Employee__c":"a0A36000001ygYkEAI","Project__c":"a0736000000Ew01AAC","Status__c":"Pending approval","Employee__r":{"s":2,"v":{"Name":"Andriy Lokotosh","Id":"a0A36000001ygYkEAI"}},"Project__r":{"s":3,"v":{"Name":"eBank","Id":"a0736000000Ew01AAC"}}}}|0x4fbc932
07:34:06.0 (18358636)|STATEMENT_EXECUTE|[68]
07:34:06.0 (18376880)|VARIABLE_ASSIGNMENT|[EXTERNAL]|this|{"skill":"0x24a0bcad"}|0x4fbc932
07:34:06.0 (18383187)|VARIABLE_ASSIGNMENT|[EXTERNAL]|value|false
07:34:06.0 (18387155)|HEAP_ALLOCATE|[63]|Bytes:5
07:34:06.0 (18393074)|VARIABLE_ASSIGNMENT|[63]|this.selected|false|0x4fbc932
07:34:06.0 (18405377)|CONSTRUCTOR_EXIT|[14]|01p360000072SS3|<init>(Employee_Skills__c)
07:34:06.0 (18414239)|HEAP_ALLOCATE|[EXTERNAL]|Bytes:4
07:34:06.0 (18422159)|METHOD_ENTRY|[10]||Database.QueryLocatorIterator.hasNext()
07:34:06.0 (18440793)|METHOD_EXIT|[10]||Database.QueryLocatorIterator.hasNext()
07:34:06.0 (18445786)|METHOD_ENTRY|[10]||Database.QueryLocatorIterator.next()
07:34:06.0 (18501880)|METHOD_EXIT|[10]||Database.QueryLocatorIterator.next()
07:34:06.0 (18508153)|VARIABLE_SCOPE_BEGIN|[10]|c|Employee_Skills__c|true|false
07:34:06.0 (18527823)|VARIABLE_ASSIGNMENT|[10]|c|{"s":1,"v":{"Id":"a0C360000003YGkEAM","Name":"Robert","Employee__c":"a0A36000001ygYkEAI","Project__c":"a0736000000Ew01AAC","Status__c":"Pending approval","Employee__r":{"s":2,"v":{"Name":"Andriy Lokotosh","Id":"a0A36000001ygYkEAI"}},"Project__r":{"s":3,"v":{"Name":"eBank","Id":"a0736000000Ew01AAC"}}}}|0x3e6c8d0b
07:34:06.0 (18531948)|STATEMENT_EXECUTE|[12]
07:34:06.0 (18533201)|STATEMENT_EXECUTE|[14]
07:34:06.0 (18552570)|VARIABLE_ASSIGNMENT|[EXTERNAL]|this|{"skillsList":"0x76d92cf0"}|0x37286d47
07:34:06.0 (18562727)|HEAP_ALLOCATE|[14]|Bytes:12
07:34:06.0 (18573480)|CONSTRUCTOR_ENTRY|[14]|01p360000072SS3|<init>(Employee_Skills__c)
07:34:06.0 (18578312)|VARIABLE_SCOPE_BEGIN|[66]|this|WrapperEmployeeSkills.wEmployee|true|false
07:34:06.0 (18591180)|VARIABLE_ASSIGNMENT|[66]|this|{}|0x13c99ef
07:34:06.0 (18594161)|VARIABLE_SCOPE_BEGIN|[66]|s|Employee_Skills__c|true|false
07:34:06.0 (18608871)|VARIABLE_ASSIGNMENT|[66]|s|{"s":1,"v":{"Id":"a0C360000003YGkEAM","Name":"Robert","Employee__c":"a0A36000001ygYkEAI","Project__c":"a0736000000Ew01AAC","Status__c":"Pending approval","Employee__r":{"s":2,"v":{"Name":"Andriy Lokotosh","Id":"a0A36000001ygYkEAI"}},"Project__r":{"s":3,"v":{"Name":"eBank","Id":"a0736000000Ew01AAC"}}}}|0x3e6c8d0b
07:34:06.0 (18613638)|STATEMENT_EXECUTE|[61]
07:34:06.0 (18614846)|STATEMENT_EXECUTE|[62]
07:34:06.0 (18616076)|STATEMENT_EXECUTE|[63]
07:34:06.0 (18626565)|STATEMENT_EXECUTE|[66]
07:34:06.0 (18628196)|STATEMENT_EXECUTE|[67]
07:34:06.0 (18644587)|VARIABLE_ASSIGNMENT|[EXTERNAL]|this|{}|0x13c99ef
07:34:06.0 (18659714)|VARIABLE_ASSIGNMENT|[EXTERNAL]|value|{"s":1,"v":{"Id":"a0C360000003YGkEAM","Name":"Robert","Employee__c":"a0A36000001ygYkEAI","Project__c":"a0736000000Ew01AAC","Status__c":"Pending approval","Employee__r":{"s":2,"v":{"Name":"Andriy Lokotosh","Id":"a0A36000001ygYkEAI"}},"Project__r":{"s":3,"v":{"Name":"eBank","Id":"a0736000000Ew01AAC"}}}}|0x3e6c8d0b
07:34:06.0 (18677947)|VARIABLE_ASSIGNMENT|[62]|this.skill|{"s":1,"v":{"Id":"a0C360000003YGkEAM","Name":"Robert","Employee__c":"a0A36000001ygYkEAI","Project__c":"a0736000000Ew01AAC","Status__c":"Pending approval","Employee__r":{"s":2,"v":{"Name":"Andriy Lokotosh","Id":"a0A36000001ygYkEAI"}},"Project__r":{"s":3,"v":{"Name":"eBank","Id":"a0736000000Ew01AAC"}}}}|0x13c99ef
07:34:06.0 (18686066)|STATEMENT_EXECUTE|[68]
07:34:06.0 (18704344)|VARIABLE_ASSIGNMENT|[EXTERNAL]|this|{"skill":"0x3e6c8d0b"}|0x13c99ef
07:34:06.0 (18710586)|VARIABLE_ASSIGNMENT|[EXTERNAL]|value|false
07:34:06.0 (18714272)|HEAP_ALLOCATE|[63]|Bytes:5
07:34:06.0 (18720371)|VARIABLE_ASSIGNMENT|[63]|this.selected|false|0x13c99ef
07:34:06.0 (18732650)|CONSTRUCTOR_EXIT|[14]|01p360000072SS3|<init>(Employee_Skills__c)
07:34:06.0 (18741628)|HEAP_ALLOCATE|[EXTERNAL]|Bytes:4
07:34:06.0 (18749639)|METHOD_ENTRY|[10]||Database.QueryLocatorIterator.hasNext()
07:34:06.0 (18768309)|METHOD_EXIT|[10]||Database.QueryLocatorIterator.hasNext()
07:34:06.0 (18773174)|METHOD_ENTRY|[10]||Database.QueryLocatorIterator.next()
07:34:06.0 (18828756)|METHOD_EXIT|[10]||Database.QueryLocatorIterator.next()
07:34:06.0 (18835005)|VARIABLE_SCOPE_BEGIN|[10]|c|Employee_Skills__c|true|false
07:34:06.0 (18854282)|VARIABLE_ASSIGNMENT|[10]|c|{"s":1,"v":{"Id":"a0C360000003XRTEA2","Name":"logo","Employee__c":"a0A36000001ygYkEAI","Project__c":"a0736000000Ew01AAC","Status__c":"Pending approval","Employee__r":{"s":2,"v":{"Name":"Andriy Lokotosh","Id":"a0A36000001ygYkEAI"}},"Project__r":{"s":3,"v":{"Name":"eBank","Id":"a0736000000Ew01AAC"}}}}|0x20d818b1
07:34:06.0 (18858588)|STATEMENT_EXECUTE|[12]
07:34:06.0 (18859886)|STATEMENT_EXECUTE|[14]
07:34:06.0 (18879293)|VARIABLE_ASSIGNMENT|[EXTERNAL]|this|{"skillsList":"0x76d92cf0"}|0x37286d47
07:34:06.0 (18889513)|HEAP_ALLOCATE|[14]|Bytes:12
07:34:06.0 (18900117)|CONSTRUCTOR_ENTRY|[14]|01p360000072SS3|<init>(Employee_Skills__c)
07:34:06.0 (18904853)|VARIABLE_SCOPE_BEGIN|[66]|this|WrapperEmployeeSkills.wEmployee|true|false
07:34:06.0 (18917378)|VARIABLE_ASSIGNMENT|[66]|this|{}|0x7ab0f7c1
07:34:06.0 (18919956)|VARIABLE_SCOPE_BEGIN|[66]|s|Employee_Skills__c|true|false
07:34:06.0 (18934257)|VARIABLE_ASSIGNMENT|[66]|s|{"s":1,"v":{"Id":"a0C360000003XRTEA2","Name":"logo","Employee__c":"a0A36000001ygYkEAI","Project__c":"a0736000000Ew01AAC","Status__c":"Pending approval","Employee__r":{"s":2,"v":{"Name":"Andriy Lokotosh","Id":"a0A36000001ygYkEAI"}},"Project__r":{"s":3,"v":{"Name":"eBank","Id":"a0736000000Ew01AAC"}}}}|0x20d818b1
07:34:06.0 (18938940)|STATEMENT_EXECUTE|[61]
07:34:06.0 (18940204)|STATEMENT_EXECUTE|[62]
07:34:06.0 (18941367)|STATEMENT_EXECUTE|[63]
07:34:06.0 (18951899)|STATEMENT_EXECUTE|[66]
07:34:06.0 (18953491)|STATEMENT_EXECUTE|[67]
07:34:06.0 (18969458)|VARIABLE_ASSIGNMENT|[EXTERNAL]|this|{}|0x7ab0f7c1
07:34:06.0 (18988970)|VARIABLE_ASSIGNMENT|[EXTERNAL]|value|{"s":1,"v":{"Id":"a0C360000003XRTEA2","Name":"logo","Employee__c":"a0A36000001ygYkEAI","Project__c":"a0736000000Ew01AAC","Status__c":"Pending approval","Employee__r":{"s":2,"v":{"Name":"Andriy Lokotosh","Id":"a0A36000001ygYkEAI"}},"Project__r":{"s":3,"v":{"Name":"eBank","Id":"a0736000000Ew01AAC"}}}}|0x20d818b1
07:34:06.0 (19006499)|VARIABLE_ASSIGNMENT|[62]|this.skill|{"s":1,"v":{"Id":"a0C360000003XRTEA2","Name":"logo","Employee__c":"a0A36000001ygYkEAI","Project__c":"a0736000000Ew01AAC","Status__c":"Pending approval","Employee__r":{"s":2,"v":{"Name":"Andriy Lokotosh","Id":"a0A36000001ygYkEAI"}},"Project__r":{"s":3,"v":{"Name":"eBank","Id":"a0736000000Ew01AAC"}}}}|0x7ab0f7c1
07:34:06.0 (19016040)|STATEMENT_EXECUTE|[68]
07:34:06.0 (19035177)|VARIABLE_ASSIGNMENT|[EXTERNAL]|this|{"skill":"0x20d818b1"}|0x7ab0f7c1
07:34:06.0 (19041500)|VARIABLE_ASSIGNMENT|[EXTERNAL]|value|false
07:34:06.0 (19045217)|HEAP_ALLOCATE|[63]|Bytes:5
07:34:06.0 (19051375)|VARIABLE_ASSIGNMENT|[63]|this.selected|false|0x7ab0f7c1
07:34:06.0 (19063955)|CONSTRUCTOR_EXIT|[14]|01p360000072SS3|<init>(Employee_Skills__c)
07:34:06.0 (19072934)|HEAP_ALLOCATE|[EXTERNAL]|Bytes:4
07:34:06.0 (19081126)|METHOD_ENTRY|[10]||Database.QueryLocatorIterator.hasNext()
07:34:06.0 (19094639)|METHOD_EXIT|[10]||Database.QueryLocatorIterator.hasNext()
07:34:06.0 (19101882)|VARIABLE_ASSIGNMENT|[10]|c|null|
07:34:06.0 (19131132)|STATEMENT_EXECUTE|[17]
07:34:06.0 (19162202)|VARIABLE_ASSIGNMENT|[EXTERNAL]|this|{"skillsList":"0x76d92cf0"}|0x37286d47
07:34:06.0 (19176895)|SYSTEM_MODE_EXIT|false
07:34:06.0 (19191544)|CODE_UNIT_FINISHED|WrapperEmployeeSkills invoke(getEmployeeSkills)
07:34:06.0 (19218917)|CODE_UNIT_FINISHED|WrapperEmployeeSkills get(EmployeeSkills)
07:34:06.0 (19715382)|CODE_UNIT_STARTED|[EXTERNAL]|01p360000072SS3|skill
07:34:06.0 (19728440)|CODE_UNIT_FINISHED|skill
07:34:06.0 (85428207)|CODE_UNIT_STARTED|[EXTERNAL]|01p360000072SS3|selected
07:34:06.0 (85462257)|CODE_UNIT_FINISHED|selected
07:34:06.0 (87974157)|CODE_UNIT_STARTED|[EXTERNAL]|01p360000072SS3|selected
07:34:06.0 (87989015)|CODE_UNIT_FINISHED|selected
07:34:06.0 (88084878)|CODE_UNIT_STARTED|[EXTERNAL]|01p360000072SS3|skill
07:34:06.0 (88099481)|CODE_UNIT_FINISHED|skill
07:34:06.0 (89837901)|CODE_UNIT_STARTED|[EXTERNAL]|01p360000072SS3|selected
07:34:06.0 (89852581)|CODE_UNIT_FINISHED|selected
07:34:06.0 (89947069)|CODE_UNIT_STARTED|[EXTERNAL]|01p360000072SS3|skill
07:34:06.0 (89958897)|CODE_UNIT_FINISHED|skill
07:34:06.0 (91662214)|CODE_UNIT_STARTED|[EXTERNAL]|01p360000072SS3|selected
07:34:06.0 (91676436)|CODE_UNIT_FINISHED|selected
07:34:06.0 (91770035)|CODE_UNIT_STARTED|[EXTERNAL]|01p360000072SS3|skill
07:34:06.0 (91782199)|CODE_UNIT_FINISHED|skill
07:34:06.0 (93482199)|CODE_UNIT_STARTED|[EXTERNAL]|01p360000072SS3|selected
07:34:06.0 (93495994)|CODE_UNIT_FINISHED|selected
07:34:06.0 (93589690)|CODE_UNIT_STARTED|[EXTERNAL]|01p360000072SS3|skill
07:34:06.0 (93601470)|CODE_UNIT_FINISHED|skill
07:34:06.0 (95298146)|CODE_UNIT_STARTED|[EXTERNAL]|01p360000072SS3|selected
07:34:06.0 (95312207)|CODE_UNIT_FINISHED|selected
07:34:06.0 (95406254)|CODE_UNIT_STARTED|[EXTERNAL]|01p360000072SS3|skill
07:34:06.0 (95417984)|CODE_UNIT_FINISHED|skill
07:34:06.0 (97198041)|CODE_UNIT_STARTED|[EXTERNAL]|01p360000072SS3|selected
07:34:06.0 (97212104)|CODE_UNIT_FINISHED|selected
07:34:06.0 (97306189)|CODE_UNIT_STARTED|[EXTERNAL]|01p360000072SS3|skill
07:34:06.0 (97318101)|CODE_UNIT_FINISHED|skill
07:34:06.0 (99022353)|CODE_UNIT_STARTED|[EXTERNAL]|01p360000072SS3|selected
07:34:06.0 (99036407)|CODE_UNIT_FINISHED|selected
07:34:06.0 (99134026)|CODE_UNIT_STARTED|[EXTERNAL]|01p360000072SS3|skill
07:34:06.0 (99146005)|CODE_UNIT_FINISHED|skill
07:34:06.0 (100883907)|CODE_UNIT_STARTED|[EXTERNAL]|01p360000072SS3|selected
07:34:06.0 (100897950)|CODE_UNIT_FINISHED|selected
07:34:06.0 (100991592)|CODE_UNIT_STARTED|[EXTERNAL]|01p360000072SS3|skill
07:34:06.0 (101003403)|CODE_UNIT_FINISHED|skill
07:34:06.0 (102693610)|CODE_UNIT_STARTED|[EXTERNAL]|01p360000072SS3|selected
07:34:06.0 (102707501)|CODE_UNIT_FINISHED|selected
07:34:06.0 (102801042)|CODE_UNIT_STARTED|[EXTERNAL]|01p360000072SS3|skill
07:34:06.0 (102812845)|CODE_UNIT_FINISHED|skill
07:34:06.0 (107265340)|VF_SERIALIZE_VIEWSTATE_BEGIN|06636000001VcbV
07:34:06.0 (120835948)|VF_SERIALIZE_VIEWSTATE_END
07:34:06.0 (130166129)|CODE_UNIT_STARTED|[EXTERNAL]|Generate Metadata
07:34:06.0 (133661143)|CODE_UNIT_FINISHED|Generate Metadata
07:34:06.138 (138521890)|CUMULATIVE_LIMIT_USAGE
07:34:06.138 (138521890)|LIMIT_USAGE_FOR_NS|(default)|
  Number of SOQL queries: 1 out of 100
  Number of query rows: 10 out of 50000
  Number of SOSL queries: 0 out of 20
  Number of DML statements: 0 out of 150
  Number of DML rows: 0 out of 10000
  Maximum CPU time: 0 out of 10000
  Maximum heap size: 0 out of 6000000
  Number of callouts: 0 out of 100
  Number of Email Invocations: 0 out of 10
  Number of future calls: 0 out of 50
  Number of queueable jobs added to the queue: 0 out of 50
  Number of Mobile Apex push calls: 0 out of 10

07:34:06.138 (138521890)|CUMULATIVE_LIMIT_USAGE_END

07:34:06.0 (138575305)|CODE_UNIT_FINISHED|VF: /apex/AprooveWraper
07:34:06.0 (139769076)|EXECUTION_FINISHED
