36.0 APEX_CODE,FINEST;APEX_PROFILING,INFO;CALLOUT,INFO;DB,INFO;SYSTEM,DEBUG;VALIDATION,INFO;VISUALFORCE,INFO;WORKFLOW,INFO
06:24:20.0 (648676)|EXECUTION_STARTED
06:24:20.0 (695026)|CODE_UNIT_STARTED|[EXTERNAL]|06636000002n7XB|VF: /apex/DraftsToPersonTable
06:24:20.0 (3911596)|CODE_UNIT_STARTED|[EXTERNAL]|01p360000074pQr|DraftsToPersons <init>
06:24:20.0 (3928098)|SYSTEM_MODE_ENTER|true
06:24:20.0 (4535667)|HEAP_ALLOCATE|[72]|Bytes:3
06:24:20.0 (4625438)|HEAP_ALLOCATE|[77]|Bytes:152
06:24:20.0 (4647641)|HEAP_ALLOCATE|[342]|Bytes:408
06:24:20.0 (4672130)|HEAP_ALLOCATE|[355]|Bytes:408
06:24:20.0 (4694322)|HEAP_ALLOCATE|[467]|Bytes:48
06:24:20.0 (4738407)|HEAP_ALLOCATE|[139]|Bytes:6
06:24:20.0 (4764356)|HEAP_ALLOCATE|[EXTERNAL]|Bytes:10
06:24:20.0 (4797905)|HEAP_ALLOCATE|[EXTERNAL]|Bytes:140
06:24:20.0 (4801648)|HEAP_ALLOCATE|[EXTERNAL]|Bytes:21
06:24:20.0 (4822364)|METHOD_ENTRY|[1]|01p360000074pQr|DraftsToPersons.DraftsToPersons()
06:24:20.0 (4829321)|STATEMENT_EXECUTE|[1]
06:24:20.0 (4840137)|STATEMENT_EXECUTE|[1]
06:24:20.0 (4876518)|HEAP_ALLOCATE|[50]|Bytes:5
06:24:20.0 (4908422)|HEAP_ALLOCATE|[56]|Bytes:5
06:24:20.0 (4918124)|HEAP_ALLOCATE|[64]|Bytes:7
06:24:20.0 (4945744)|SYSTEM_MODE_ENTER|false
06:24:20.0 (4962903)|HEAP_ALLOCATE|[EXTERNAL]|Bytes:5
06:24:20.0 (4967779)|STATEMENT_EXECUTE|[69]
06:24:20.0 (4974436)|SYSTEM_MODE_EXIT|false
06:24:20.0 (4987606)|METHOD_EXIT|[1]|DraftsToPersons
06:24:20.0 (5322687)|HEAP_ALLOCATE|[EXTERNAL]|Bytes:20
06:24:20.0 (5336348)|VARIABLE_SCOPE_BEGIN|[7]|this|DraftsToPersons|true|false
06:24:20.0 (5531552)|VARIABLE_ASSIGNMENT|[7]|this|{}|0x3f4166fa
06:24:20.0 (5545748)|SYSTEM_MODE_ENTER|false
06:24:20.0 (5551447)|HEAP_ALLOCATE|[EXTERNAL]|Bytes:5
06:24:20.0 (5555304)|STATEMENT_EXECUTE|[1]
06:24:20.0 (5558615)|HEAP_ALLOCATE|[EXTERNAL]|Bytes:5
06:24:20.0 (5560792)|STATEMENT_EXECUTE|[2]
06:24:20.0 (5562697)|STATEMENT_EXECUTE|[3]
06:24:20.0 (5563875)|STATEMENT_EXECUTE|[4]
06:24:20.0 (5565022)|STATEMENT_EXECUTE|[5]
06:24:20.0 (5575138)|HEAP_ALLOCATE|[EXTERNAL]|Bytes:6
06:24:20.0 (5603986)|STATEMENT_EXECUTE|[8]
06:24:20.0 (5610065)|SYSTEM_MODE_EXIT|false
06:24:20.0 (5631805)|CODE_UNIT_FINISHED|DraftsToPersons <init>
06:24:20.0 (5687548)|CODE_UNIT_STARTED|[EXTERNAL]|01p360000074pQr|DraftsToPersons get(Persons)
06:24:20.0 (5696951)|SYSTEM_MODE_ENTER|true
06:24:20.0 (5725401)|CODE_UNIT_STARTED|[EXTERNAL]|01p360000074pQr|DraftsToPersons invoke(getPersons)
06:24:20.0 (5765130)|HEAP_ALLOCATE|[EXTERNAL]|Bytes:20
06:24:20.0 (5774065)|VARIABLE_SCOPE_BEGIN|[23]|this|DraftsToPersons|true|false
06:24:20.0 (5794047)|VARIABLE_ASSIGNMENT|[23]|this|{}|0x3f4166fa
06:24:20.0 (5809852)|SYSTEM_MODE_ENTER|false
06:24:20.0 (5815141)|HEAP_ALLOCATE|[25]|Bytes:5
06:24:20.0 (5818907)|STATEMENT_EXECUTE|[24]
06:24:20.0 (5874758)|VARIABLE_ASSIGNMENT|[EXTERNAL]|this|{}|0x3f4166fa
06:24:20.0 (5888967)|STATEMENT_EXECUTE|[26]
06:24:20.0 (5895146)|STATEMENT_EXECUTE|[27]
06:24:20.0 (5899522)|HEAP_ALLOCATE|[27]|Bytes:71
06:24:20.0 (5912984)|HEAP_ALLOCATE|[27]|Bytes:4
06:24:20.0 (6283358)|SOQL_EXECUTE_BEGIN|[27]|Aggregations:0|SELECT id, Name FROM Person__c ORDER BY Name ASC NULLS FIRST LIMIT 1000
06:24:20.0 (10078437)|SOQL_EXECUTE_END|[27]|Rows:2
06:24:20.0 (10097400)|HEAP_ALLOCATE|[27]|Bytes:12
06:24:20.0 (10116239)|HEAP_ALLOCATE|[27]|Bytes:97
06:24:20.0 (10152881)|HEAP_ALLOCATE|[27]|Bytes:12
06:24:20.0 (10198282)|VARIABLE_ASSIGNMENT|[EXTERNAL]|this|{}|0x3f4166fa
06:24:20.0 (10237837)|VARIABLE_ASSIGNMENT|[EXTERNAL]|value|{"s":1,"v":[{"s":2,"v":{"Id":"a0N36000000xneOEAQ","Name":"Andiy Lokotosh"}},{"s":3,"v":{"Id":"a0N36000000xneTEAQ","Name":"Jon Smith"}}]}|0x5ed6e969
06:24:20.0 (10278938)|VARIABLE_ASSIGNMENT|[3]|this.pers|{"s":1,"v":[{"s":2,"v":{"Id":"a0N36000000xneOEAQ","Name":"Andiy Lokotosh"}},{"s":3,"v":{"Id":"a0N36000000xneTEAQ","Name":"Jon Smith"}}]}|0x3f4166fa
06:24:20.0 (10289532)|STATEMENT_EXECUTE|[31]
06:24:20.0 (10330793)|VARIABLE_ASSIGNMENT|[EXTERNAL]|this|{"pers":"0x5ed6e969"}|0x3f4166fa
06:24:20.0 (10346003)|SYSTEM_MODE_EXIT|false
06:24:20.0 (10390197)|CODE_UNIT_FINISHED|DraftsToPersons invoke(getPersons)
06:24:20.0 (10412242)|CODE_UNIT_FINISHED|DraftsToPersons get(Persons)
06:24:20.0 (10679545)|CODE_UNIT_STARTED|[EXTERNAL]|01p360000074pQr|DraftsToPersons get(Drafts)
06:24:20.0 (10689362)|SYSTEM_MODE_ENTER|true
06:24:20.0 (10709388)|CODE_UNIT_STARTED|[EXTERNAL]|01p360000074pQr|DraftsToPersons invoke(getDrafts)
06:24:20.0 (10741053)|HEAP_ALLOCATE|[EXTERNAL]|Bytes:20
06:24:20.0 (10749432)|VARIABLE_SCOPE_BEGIN|[12]|this|DraftsToPersons|true|false
06:24:20.0 (10773352)|VARIABLE_ASSIGNMENT|[12]|this|{"pers":"0x5ed6e969"}|0x3f4166fa
06:24:20.0 (10786094)|SYSTEM_MODE_ENTER|false
06:24:20.0 (10791824)|HEAP_ALLOCATE|[14]|Bytes:5
06:24:20.0 (10795950)|STATEMENT_EXECUTE|[13]
06:24:20.0 (10843572)|VARIABLE_ASSIGNMENT|[EXTERNAL]|this|{"pers":"0x5ed6e969"}|0x3f4166fa
06:24:20.0 (10856046)|STATEMENT_EXECUTE|[15]
06:24:20.0 (10857750)|STATEMENT_EXECUTE|[16]
06:24:20.0 (10861878)|HEAP_ALLOCATE|[16]|Bytes:70
06:24:20.0 (10867800)|HEAP_ALLOCATE|[16]|Bytes:4
06:24:20.0 (11052420)|SOQL_EXECUTE_BEGIN|[16]|Aggregations:0|SELECT id, Name FROM Draft__c ORDER BY Name ASC NULLS FIRST LIMIT 1000
06:24:20.0 (12744293)|SOQL_EXECUTE_END|[16]|Rows:2
06:24:20.0 (12758362)|HEAP_ALLOCATE|[16]|Bytes:12
06:24:20.0 (12771207)|HEAP_ALLOCATE|[16]|Bytes:95
06:24:20.0 (12793622)|HEAP_ALLOCATE|[16]|Bytes:12
06:24:20.0 (12841835)|VARIABLE_ASSIGNMENT|[EXTERNAL]|this|{"pers":"0x5ed6e969"}|0x3f4166fa
06:24:20.0 (12863922)|VARIABLE_ASSIGNMENT|[EXTERNAL]|value|{"s":1,"v":[{"s":2,"v":{"Id":"a0R3600000032Q3EAI","Name":"Ebay"}},{"s":3,"v":{"Id":"a0R3600000032PyEAI","Name":"Electronic System"}}]}|0x39bffc27
06:24:20.0 (12885066)|VARIABLE_ASSIGNMENT|[2]|this.draft|{"s":1,"v":[{"s":2,"v":{"Id":"a0R3600000032Q3EAI","Name":"Ebay"}},{"s":3,"v":{"Id":"a0R3600000032PyEAI","Name":"Electronic System"}}]}|0x3f4166fa
06:24:20.0 (12899666)|STATEMENT_EXECUTE|[21]
06:24:20.0 (12940697)|VARIABLE_ASSIGNMENT|[EXTERNAL]|this|{"draft":"0x39bffc27","pers":"0x5ed6e969"}|0x3f4166fa
06:24:20.0 (12956059)|SYSTEM_MODE_EXIT|false
06:24:20.0 (12969709)|CODE_UNIT_FINISHED|DraftsToPersons invoke(getDrafts)
06:24:20.0 (12989782)|CODE_UNIT_FINISHED|DraftsToPersons get(Drafts)
06:24:20.0 (13236649)|CODE_UNIT_STARTED|[EXTERNAL]|01p360000074pQr|DraftsToPersons get(Times)
06:24:20.0 (13247334)|SYSTEM_MODE_ENTER|true
06:24:20.0 (13267868)|CODE_UNIT_STARTED|[EXTERNAL]|01p360000074pQr|DraftsToPersons invoke(getTimes)
06:24:20.0 (13300218)|HEAP_ALLOCATE|[EXTERNAL]|Bytes:20
06:24:20.0 (13308827)|VARIABLE_SCOPE_BEGIN|[34]|this|DraftsToPersons|true|false
06:24:20.0 (13333009)|VARIABLE_ASSIGNMENT|[34]|this|{"draft":"0x39bffc27","pers":"0x5ed6e969"}|0x3f4166fa
06:24:20.0 (13346200)|SYSTEM_MODE_ENTER|false
06:24:20.0 (13351829)|HEAP_ALLOCATE|[36]|Bytes:5
06:24:20.0 (13355858)|STATEMENT_EXECUTE|[35]
06:24:20.0 (13403801)|VARIABLE_ASSIGNMENT|[EXTERNAL]|this|{"draft":"0x39bffc27","pers":"0x5ed6e969"}|0x3f4166fa
06:24:20.0 (13416307)|STATEMENT_EXECUTE|[37]
06:24:20.0 (13418093)|STATEMENT_EXECUTE|[38]
06:24:20.0 (13422267)|HEAP_ALLOCATE|[38]|Bytes:66
06:24:20.0 (13428089)|HEAP_ALLOCATE|[38]|Bytes:4
06:24:20.0 (13860232)|SOQL_EXECUTE_BEGIN|[38]|Aggregations:0|SELECT id, Name, Person__r.id, Draft__r.id FROM Time__c LIMIT 1000
06:24:20.0 (19472867)|SOQL_EXECUTE_END|[38]|Rows:2
06:24:20.0 (19489562)|HEAP_ALLOCATE|[38]|Bytes:12
06:24:20.0 (19514110)|HEAP_ALLOCATE|[38]|Bytes:360
06:24:20.0 (19539724)|HEAP_ALLOCATE|[38]|Bytes:12
06:24:20.0 (19594925)|VARIABLE_ASSIGNMENT|[EXTERNAL]|this|{"draft":"0x39bffc27","pers":"0x5ed6e969"}|0x3f4166fa
06:24:20.0 (19629333)|VARIABLE_ASSIGNMENT|[EXTERNAL]|value|{"s":1,"v":[{"s":2,"v":{"Id":"a0M36000000eCJfEAM","Name":"5","Person__c":"a0N36000000xneOEAQ","Draft__c":"a0R3600000032Q3EAI","Person__r":{"s":3,"v":{"Id":"a0N36000000xneOEAQ"}},"Draft__r":{"s":4,"v":{"Id":"a0R3600000032Q3EAI"}}}},{"s":5,"v":{"Id":"a0M36000000eCJaEAM","Name":"4","Person__c":"a0N36000000xneTEAQ","Draft__c":"a0R3600000032PyEAI","Person__r":{"s":6,"v":{"Id":"a0N36000000xneTEAQ"}},"Draft__r":{"s":7,"v":{"Id":"a0R3600000032PyEAI"}}}}]}|0x5b7cd917
06:24:20.0 (19663528)|VARIABLE_ASSIGNMENT|[4]|this.tim|{"s":1,"v":[{"s":2,"v":{"Id":"a0M36000000eCJfEAM","Name":"5","Person__c":"a0N36000000xneOEAQ","Draft__c":"a0R3600000032Q3EAI","Person__r":{"s":3,"v":{"Id":"a0N36000000xneOEAQ"}},"Draft__r":{"s":4,"v":{"Id":"a0R3600000032Q3EAI"}}}},{"s":5,"v":{"Id":"a0M36000000eCJaEAM","Name":"4","Person__c":"a0N36000000xneTEAQ","Draft__c":"a0R3600000032PyEAI","Person__r":{"s":6,"v":{"Id":"a0N36000000xneTEAQ"}},"Draft__r":{"s":7,"v":{"Id":"a0R3600000032PyEAI"}}}}]}|0x3f4166fa
06:24:20.0 (19674931)|STATEMENT_EXECUTE|[41]
06:24:20.0 (19722227)|VARIABLE_ASSIGNMENT|[EXTERNAL]|this|{"draft":"0x39bffc27","pers":"0x5ed6e969","tim":"0x5b7cd917"}|0x3f4166fa
06:24:20.0 (19738334)|SYSTEM_MODE_EXIT|false
06:24:20.0 (19753225)|CODE_UNIT_FINISHED|DraftsToPersons invoke(getTimes)
06:24:20.0 (19774908)|CODE_UNIT_FINISHED|DraftsToPersons get(Times)
06:24:20.53 (53251653)|CUMULATIVE_LIMIT_USAGE
06:24:20.53 (53251653)|LIMIT_USAGE_FOR_NS|(default)|
  Number of SOQL queries: 3 out of 100
  Number of query rows: 6 out of 50000
  Number of SOSL queries: 0 out of 20
  Number of DML statements: 0 out of 150
  Number of DML rows: 0 out of 10000
  Maximum CPU time: 0 out of 10000
  Maximum heap size: 0 out of 6000000
  Number of callouts: 0 out of 100
  Number of Email Invocations: 0 out of 10
  Number of future calls: 0 out of 50
  Number of queueable jobs added to the queue: 0 out of 50
  Number of Mobile Apex push calls: 0 out of 10

06:24:20.53 (53251653)|CUMULATIVE_LIMIT_USAGE_END

06:24:20.0 (53331274)|CODE_UNIT_FINISHED|VF: /apex/DraftsToPersonTable
06:24:20.0 (54497889)|EXECUTION_FINISHED
