36.0 APEX_CODE,FINEST;APEX_PROFILING,INFO;CALLOUT,INFO;DB,INFO;SYSTEM,DEBUG;VALIDATION,INFO;VISUALFORCE,INFO;WORKFLOW,INFO
12:09:36.0 (591817)|EXECUTION_STARTED
12:09:36.0 (628172)|CODE_UNIT_STARTED|[EXTERNAL]|VisualForce View State
12:09:36.0 (13804430)|CODE_UNIT_FINISHED|VisualForce View State
12:09:36.0 (15061308)|EXECUTION_FINISHED
12:09:36.18 (18164746)|EXECUTION_STARTED
12:09:36.18 (18178010)|CODE_UNIT_STARTED|[EXTERNAL]|VF: /apex/editStaticResource.apexp
12:09:36.18 (20669487)|HEAP_ALLOCATE|[EXTERNAL]|Bytes:-4
12:09:36.20 (20856468)|HEAP_ALLOCATE|[EXTERNAL]|Bytes:-4
12:09:36.22 (22758521)|HEAP_ALLOCATE|[EXTERNAL]|Bytes:-4
12:09:36.22 (22915198)|HEAP_ALLOCATE|[EXTERNAL]|Bytes:-4
12:09:36.23 (23348673)|SYSTEM_MODE_ENTER|false
12:09:36.23 (78623707)|HEAP_ALLOCATE|[EXTERNAL]|Bytes:-4
12:09:36.81 (81770551)|CUMULATIVE_LIMIT_USAGE
12:09:36.81 (81770551)|LIMIT_USAGE_FOR_NS|(default)|
  Number of SOQL queries: 0 out of 100
  Number of query rows: 0 out of 50000
  Number of SOSL queries: 0 out of 20
  Number of DML statements: 0 out of 150
  Number of DML rows: 0 out of 10000
  Maximum CPU time: 0 out of 10000
  Maximum heap size: 0 out of 6000000
  Number of callouts: 0 out of 100
  Number of Email Invocations: 0 out of 10
  Number of future calls: 0 out of 50
  Number of queueable jobs added to the queue: 0 out of 50
  Number of Mobile Apex push calls: 0 out of 10

12:09:36.81 (81770551)|CUMULATIVE_LIMIT_USAGE_END

12:09:36.18 (81823546)|CODE_UNIT_FINISHED|VF: /apex/editStaticResource.apexp
12:09:36.18 (82898187)|EXECUTION_FINISHED
