36.0 APEX_CODE,FINEST;APEX_PROFILING,INFO;CALLOUT,INFO;DB,INFO;SYSTEM,DEBUG;VALIDATION,INFO;VISUALFORCE,INFO;WORKFLOW,INFO
07:51:52.0 (673792)|EXECUTION_STARTED
07:51:52.0 (707461)|CODE_UNIT_STARTED|[EXTERNAL]|06636000001VcbV|VF: /apex/AprooveWraper
07:51:52.0 (15653013)|CODE_UNIT_STARTED|[EXTERNAL]|01p360000072SS3|WrapperEmployeeSkills <init>
07:51:52.0 (15673802)|SYSTEM_MODE_ENTER|true
07:51:52.0 (16330263)|HEAP_ALLOCATE|[72]|Bytes:3
07:51:52.0 (16382736)|HEAP_ALLOCATE|[77]|Bytes:152
07:51:52.0 (16396926)|HEAP_ALLOCATE|[342]|Bytes:408
07:51:52.0 (16414529)|HEAP_ALLOCATE|[355]|Bytes:408
07:51:52.0 (16431444)|HEAP_ALLOCATE|[467]|Bytes:48
07:51:52.0 (16493076)|HEAP_ALLOCATE|[139]|Bytes:6
07:51:52.0 (16513541)|HEAP_ALLOCATE|[EXTERNAL]|Bytes:9
07:51:52.0 (16538795)|HEAP_ALLOCATE|[EXTERNAL]|Bytes:88
07:51:52.0 (16541776)|HEAP_ALLOCATE|[EXTERNAL]|Bytes:6
07:51:52.0 (16544981)|HEAP_ALLOCATE|[EXTERNAL]|Bytes:2
07:51:52.0 (16578706)|METHOD_ENTRY|[1]|01p360000072SS3|WrapperEmployeeSkills.WrapperEmployeeSkills()
07:51:52.0 (16583455)|STATEMENT_EXECUTE|[1]
07:51:52.0 (16589994)|STATEMENT_EXECUTE|[1]
07:51:52.0 (16621506)|HEAP_ALLOCATE|[50]|Bytes:5
07:51:52.0 (16639664)|HEAP_ALLOCATE|[56]|Bytes:5
07:51:52.0 (16648536)|HEAP_ALLOCATE|[64]|Bytes:7
07:51:52.0 (16667641)|SYSTEM_MODE_ENTER|false
07:51:52.0 (16676257)|HEAP_ALLOCATE|[EXTERNAL]|Bytes:5
07:51:52.0 (16680232)|STATEMENT_EXECUTE|[61]
07:51:52.0 (16685179)|SYSTEM_MODE_EXIT|false
07:51:52.0 (16715317)|METHOD_EXIT|[1]|WrapperEmployeeSkills
07:51:52.0 (16732164)|HEAP_ALLOCATE|[EXTERNAL]|Bytes:8
07:51:52.0 (16746495)|VARIABLE_SCOPE_BEGIN|[1]|this|WrapperEmployeeSkills|true|false
07:51:52.0 (16878505)|VARIABLE_ASSIGNMENT|[1]|this|{}|0x73f24406
07:51:52.0 (16891062)|SYSTEM_MODE_ENTER|false
07:51:52.0 (16896470)|HEAP_ALLOCATE|[EXTERNAL]|Bytes:5
07:51:52.0 (16905156)|HEAP_ALLOCATE|[EXTERNAL]|Bytes:6
07:51:52.0 (16931462)|SYSTEM_MODE_EXIT|false
07:51:52.0 (16935736)|STATEMENT_EXECUTE|[1]
07:51:52.0 (16940647)|SYSTEM_MODE_ENTER|false
07:51:52.0 (16944354)|HEAP_ALLOCATE|[EXTERNAL]|Bytes:5
07:51:52.0 (16946926)|STATEMENT_EXECUTE|[4]
07:51:52.0 (16964760)|SYSTEM_MODE_EXIT|false
07:51:52.0 (16989440)|CODE_UNIT_FINISHED|WrapperEmployeeSkills <init>
07:51:52.0 (17040839)|CODE_UNIT_STARTED|[EXTERNAL]|01p360000072SS3|WrapperEmployeeSkills get(EmployeeSkills)
07:51:52.0 (17050612)|SYSTEM_MODE_ENTER|true
07:51:52.0 (17072368)|CODE_UNIT_STARTED|[EXTERNAL]|01p360000072SS3|WrapperEmployeeSkills invoke(getEmployeeSkills)
07:51:52.0 (17102405)|HEAP_ALLOCATE|[EXTERNAL]|Bytes:8
07:51:52.0 (17111906)|VARIABLE_SCOPE_BEGIN|[7]|this|WrapperEmployeeSkills|true|false
07:51:52.0 (17128481)|VARIABLE_ASSIGNMENT|[7]|this|{}|0x73f24406
07:51:52.0 (17143630)|SYSTEM_MODE_ENTER|false
07:51:52.0 (17148651)|HEAP_ALLOCATE|[8]|Bytes:5
07:51:52.0 (17152410)|STATEMENT_EXECUTE|[7]
07:51:52.0 (17203965)|VARIABLE_ASSIGNMENT|[EXTERNAL]|this|{}|0x73f24406
07:51:52.0 (17216792)|STATEMENT_EXECUTE|[8]
07:51:52.0 (17218513)|STATEMENT_EXECUTE|[9]
07:51:52.0 (17223360)|HEAP_ALLOCATE|[9]|Bytes:4
07:51:52.0 (17324726)|VARIABLE_ASSIGNMENT|[EXTERNAL]|this|{}|0x73f24406
07:51:52.0 (17358036)|HEAP_ALLOCATE|[EXTERNAL]|Bytes:4
07:51:52.0 (17377510)|VARIABLE_ASSIGNMENT|[EXTERNAL]|value|{"s":1,"v":[]}|0x4eca82ee
07:51:52.0 (17406333)|VARIABLE_ASSIGNMENT|[4]|this.skillsList|{"s":1,"v":[]}|0x73f24406
07:51:52.0 (17418400)|HEAP_ALLOCATE|[10]|Bytes:85
07:51:52.0 (17426782)|HEAP_ALLOCATE|[10]|Bytes:4
07:51:52.0 (17896569)|SOQL_EXECUTE_BEGIN|[10]|Aggregations:0|SELECT Id, Name, Employee__r.Name, Project__r.Name, Status__c FROM Employee_Skills__c
07:51:52.0 (36955175)|SOQL_EXECUTE_END|[10]|Rows:16
07:51:52.0 (36977817)|HEAP_ALLOCATE|[EXTERNAL]|Bytes:68
07:51:52.0 (37186749)|HEAP_ALLOCATE|[10]|Bytes:49
07:51:52.0 (37197518)|HEAP_ALLOCATE|[10]|Bytes:8
07:51:52.0 (37213665)|SYSTEM_METHOD_ENTRY|[7]|QueryLocatorIterator.QueryLocatorIterator()
07:51:52.0 (37217582)|STATEMENT_EXECUTE|[7]
07:51:52.0 (37232446)|SYSTEM_METHOD_EXIT|[7]|QueryLocatorIterator
07:51:52.0 (37239391)|HEAP_ALLOCATE|[10]|Bytes:28
07:51:52.0 (37300750)|HEAP_ALLOCATE|[10]|Bytes:68
07:51:52.0 (37317556)|HEAP_ALLOCATE|[10]|Bytes:8
07:51:52.0 (37320045)|HEAP_ALLOCATE|[10]|Bytes:8
07:51:52.0 (37328092)|VARIABLE_SCOPE_BEGIN|[15]|this|Database.QueryLocatorIterator|true|false
07:51:52.0 (37371766)|VARIABLE_ASSIGNMENT|[15]|this|{}|0x44679295
07:51:52.0 (37376285)|VARIABLE_SCOPE_BEGIN|[15]|values|List<SObject>|true|false
07:51:52.0 (37397383)|VARIABLE_ASSIGNMENT|[15]|values|{"s":1,"v":"List of size 16 too large to display"}|0x3c250e2d
07:51:52.0 (37400356)|VARIABLE_SCOPE_BEGIN|[15]|ql|Database.QueryLocator|true|false
07:51:52.0 (37417129)|VARIABLE_ASSIGNMENT|[15]|ql|{"query":"SELECT Id, Name, Emp (65 more) ..."}|0x211ace8f
07:51:52.0 (37420356)|VARIABLE_SCOPE_BEGIN|[15]|totalNumRecords|Integer|false|false
07:51:52.0 (37423952)|VARIABLE_ASSIGNMENT|[15]|totalNumRecords|16
07:51:52.0 (37425975)|VARIABLE_SCOPE_BEGIN|[15]|queryMoreSize|Integer|false|false
07:51:52.0 (37428753)|VARIABLE_ASSIGNMENT|[15]|queryMoreSize|49984
07:51:52.0 (37482122)|HEAP_ALLOCATE|[10]|Bytes:28
07:51:52.0 (37508096)|METHOD_ENTRY|[10]||Database.QueryLocatorIterator.hasNext()
07:51:52.0 (37602127)|METHOD_EXIT|[10]||Database.QueryLocatorIterator.hasNext()
07:51:52.0 (37611781)|METHOD_ENTRY|[10]||Database.QueryLocatorIterator.next()
07:51:52.0 (37699778)|METHOD_EXIT|[10]||Database.QueryLocatorIterator.next()
07:51:52.0 (37708534)|VARIABLE_SCOPE_BEGIN|[10]|c|Employee_Skills__c|true|false
07:51:52.0 (37737431)|VARIABLE_ASSIGNMENT|[10]|c|{"s":1,"v":{"Id":"a0C360000002n2pEAA","Name":"sdfsdfsdf","Employee__c":"a0A36000001yx5YEAQ","Project__c":"a0736000000Ew01AAC","Status__c":"Rejected","Employee__r":{"s":2,"v":{"Name":"dssdfsd","Id":"a0A36000001yx5YEAQ"}},"Project__r":{"s":3,"v":{"Name":"eBank","Id":"a0736000000Ew01AAC"}}}}|0x466c13f1
07:51:52.0 (37742078)|STATEMENT_EXECUTE|[12]
07:51:52.0 (37743641)|STATEMENT_EXECUTE|[14]
07:51:52.0 (37784557)|VARIABLE_ASSIGNMENT|[EXTERNAL]|this|{"skillsList":"0x4eca82ee"}|0x73f24406
07:51:52.0 (37934720)|HEAP_ALLOCATE|[14]|Bytes:112
07:51:52.0 (37941261)|HEAP_ALLOCATE|[14]|Bytes:8
07:51:52.0 (37960282)|HEAP_ALLOCATE|[14]|Bytes:12
07:51:52.0 (37989780)|CONSTRUCTOR_ENTRY|[14]|01p360000072SS3|<init>(Employee_Skills__c)
07:51:52.0 (38017668)|VARIABLE_SCOPE_BEGIN|[66]|this|WrapperEmployeeSkills.wEmployee|true|false
07:51:52.0 (38051690)|VARIABLE_ASSIGNMENT|[66]|this|{}|0x36bd5bf
07:51:52.0 (38057951)|VARIABLE_SCOPE_BEGIN|[66]|s|Employee_Skills__c|true|false
07:51:52.0 (38077832)|VARIABLE_ASSIGNMENT|[66]|s|{"s":1,"v":{"Id":"a0C360000002n2pEAA","Name":"sdfsdfsdf","Employee__c":"a0A36000001yx5YEAQ","Project__c":"a0736000000Ew01AAC","Status__c":"Rejected","Employee__r":{"s":2,"v":{"Name":"dssdfsd","Id":"a0A36000001yx5YEAQ"}},"Project__r":{"s":3,"v":{"Name":"eBank","Id":"a0736000000Ew01AAC"}}}}|0x466c13f1
07:51:52.0 (38083187)|STATEMENT_EXECUTE|[61]
07:51:52.0 (38084743)|STATEMENT_EXECUTE|[62]
07:51:52.0 (38086056)|STATEMENT_EXECUTE|[63]
07:51:52.0 (38099929)|STATEMENT_EXECUTE|[66]
07:51:52.0 (38101619)|STATEMENT_EXECUTE|[67]
07:51:52.0 (38177377)|VARIABLE_ASSIGNMENT|[EXTERNAL]|this|{}|0x36bd5bf
07:51:52.0 (38199542)|VARIABLE_ASSIGNMENT|[EXTERNAL]|value|{"s":1,"v":{"Id":"a0C360000002n2pEAA","Name":"sdfsdfsdf","Employee__c":"a0A36000001yx5YEAQ","Project__c":"a0736000000Ew01AAC","Status__c":"Rejected","Employee__r":{"s":2,"v":{"Name":"dssdfsd","Id":"a0A36000001yx5YEAQ"}},"Project__r":{"s":3,"v":{"Name":"eBank","Id":"a0736000000Ew01AAC"}}}}|0x466c13f1
07:51:52.0 (38221413)|VARIABLE_ASSIGNMENT|[62]|this.skill|{"s":1,"v":{"Id":"a0C360000002n2pEAA","Name":"sdfsdfsdf","Employee__c":"a0A36000001yx5YEAQ","Project__c":"a0736000000Ew01AAC","Status__c":"Rejected","Employee__r":{"s":2,"v":{"Name":"dssdfsd","Id":"a0A36000001yx5YEAQ"}},"Project__r":{"s":3,"v":{"Name":"eBank","Id":"a0736000000Ew01AAC"}}}}|0x36bd5bf
07:51:52.0 (38237263)|STATEMENT_EXECUTE|[68]
07:51:52.0 (38291456)|VARIABLE_ASSIGNMENT|[EXTERNAL]|this|{"skill":"0x466c13f1"}|0x36bd5bf
07:51:52.0 (38302089)|VARIABLE_ASSIGNMENT|[EXTERNAL]|value|false
07:51:52.0 (38307574)|HEAP_ALLOCATE|[63]|Bytes:5
07:51:52.0 (38315220)|VARIABLE_ASSIGNMENT|[63]|this.selected|false|0x36bd5bf
07:51:52.0 (38327624)|CONSTRUCTOR_EXIT|[14]|01p360000072SS3|<init>(Employee_Skills__c)
07:51:52.0 (38341952)|HEAP_ALLOCATE|[EXTERNAL]|Bytes:4
07:51:52.0 (38352174)|METHOD_ENTRY|[10]||Database.QueryLocatorIterator.hasNext()
07:51:52.0 (38373826)|METHOD_EXIT|[10]||Database.QueryLocatorIterator.hasNext()
07:51:52.0 (38378970)|METHOD_ENTRY|[10]||Database.QueryLocatorIterator.next()
07:51:52.0 (38442532)|METHOD_EXIT|[10]||Database.QueryLocatorIterator.next()
07:51:52.0 (38449813)|VARIABLE_SCOPE_BEGIN|[10]|c|Employee_Skills__c|true|false
07:51:52.0 (38472839)|VARIABLE_ASSIGNMENT|[10]|c|{"s":1,"v":{"Id":"a0C360000003sI7EAI","Name":"Test Skill","Employee__c":"a0A36000002STuDEAW","Project__c":"a07360000014vWtAAI","Status__c":"Approved","Employee__r":{"s":2,"v":{"Name":"Jor","Id":"a0A36000002STuDEAW"}},"Project__r":{"s":3,"v":{"Name":"TestProj","Id":"a07360000014vWtAAI"}}}}|0x7e09e59d
07:51:52.0 (38477158)|STATEMENT_EXECUTE|[12]
07:51:52.0 (38478575)|STATEMENT_EXECUTE|[14]
07:51:52.0 (38499980)|VARIABLE_ASSIGNMENT|[EXTERNAL]|this|{"skillsList":"0x4eca82ee"}|0x73f24406
07:51:52.0 (38510576)|HEAP_ALLOCATE|[14]|Bytes:12
07:51:52.0 (38519821)|CONSTRUCTOR_ENTRY|[14]|01p360000072SS3|<init>(Employee_Skills__c)
07:51:52.0 (38524693)|VARIABLE_SCOPE_BEGIN|[66]|this|WrapperEmployeeSkills.wEmployee|true|false
07:51:52.0 (38538671)|VARIABLE_ASSIGNMENT|[66]|this|{}|0x5dbfe58
07:51:52.0 (38541533)|VARIABLE_SCOPE_BEGIN|[66]|s|Employee_Skills__c|true|false
07:51:52.0 (38564564)|VARIABLE_ASSIGNMENT|[66]|s|{"s":1,"v":{"Id":"a0C360000003sI7EAI","Name":"Test Skill","Employee__c":"a0A36000002STuDEAW","Project__c":"a07360000014vWtAAI","Status__c":"Approved","Employee__r":{"s":2,"v":{"Name":"Jor","Id":"a0A36000002STuDEAW"}},"Project__r":{"s":3,"v":{"Name":"TestProj","Id":"a07360000014vWtAAI"}}}}|0x7e09e59d
07:51:52.0 (38568977)|STATEMENT_EXECUTE|[61]
07:51:52.0 (38570360)|STATEMENT_EXECUTE|[62]
07:51:52.0 (38571547)|STATEMENT_EXECUTE|[63]
07:51:52.0 (38586908)|STATEMENT_EXECUTE|[66]
07:51:52.0 (38588608)|STATEMENT_EXECUTE|[67]
07:51:52.0 (38607386)|VARIABLE_ASSIGNMENT|[EXTERNAL]|this|{}|0x5dbfe58
07:51:52.0 (38624169)|VARIABLE_ASSIGNMENT|[EXTERNAL]|value|{"s":1,"v":{"Id":"a0C360000003sI7EAI","Name":"Test Skill","Employee__c":"a0A36000002STuDEAW","Project__c":"a07360000014vWtAAI","Status__c":"Approved","Employee__r":{"s":2,"v":{"Name":"Jor","Id":"a0A36000002STuDEAW"}},"Project__r":{"s":3,"v":{"Name":"TestProj","Id":"a07360000014vWtAAI"}}}}|0x7e09e59d
07:51:52.0 (38642668)|VARIABLE_ASSIGNMENT|[62]|this.skill|{"s":1,"v":{"Id":"a0C360000003sI7EAI","Name":"Test Skill","Employee__c":"a0A36000002STuDEAW","Project__c":"a07360000014vWtAAI","Status__c":"Approved","Employee__r":{"s":2,"v":{"Name":"Jor","Id":"a0A36000002STuDEAW"}},"Project__r":{"s":3,"v":{"Name":"TestProj","Id":"a07360000014vWtAAI"}}}}|0x5dbfe58
07:51:52.0 (38650636)|STATEMENT_EXECUTE|[68]
07:51:52.0 (38669461)|VARIABLE_ASSIGNMENT|[EXTERNAL]|this|{"skill":"0x7e09e59d"}|0x5dbfe58
07:51:52.0 (38676115)|VARIABLE_ASSIGNMENT|[EXTERNAL]|value|false
07:51:52.0 (38679906)|HEAP_ALLOCATE|[63]|Bytes:5
07:51:52.0 (38686579)|VARIABLE_ASSIGNMENT|[63]|this.selected|false|0x5dbfe58
07:51:52.0 (38696949)|CONSTRUCTOR_EXIT|[14]|01p360000072SS3|<init>(Employee_Skills__c)
07:51:52.0 (38706046)|HEAP_ALLOCATE|[EXTERNAL]|Bytes:4
07:51:52.0 (38714851)|METHOD_ENTRY|[10]||Database.QueryLocatorIterator.hasNext()
07:51:52.0 (38735429)|METHOD_EXIT|[10]||Database.QueryLocatorIterator.hasNext()
07:51:52.0 (38740466)|METHOD_ENTRY|[10]||Database.QueryLocatorIterator.next()
07:51:52.0 (38800162)|METHOD_EXIT|[10]||Database.QueryLocatorIterator.next()
07:51:52.0 (38807083)|VARIABLE_SCOPE_BEGIN|[10]|c|Employee_Skills__c|true|false
07:51:52.0 (38829074)|VARIABLE_ASSIGNMENT|[10]|c|{"s":1,"v":{"Id":"a0C360000003I4VEAU","Name":"Design","Employee__c":"a0A36000001zhkPEAQ","Project__c":"a0736000000F4iQAAS","Status__c":"Pending approval","Employee__r":{"s":2,"v":{"Name":"Robert Dobson","Id":"a0A36000001zhkPEAQ"}},"Project__r":{"s":3,"v":{"Name":"dasdasd","Id":"a0736000000F4iQAAS"}}}}|0x344fd673
07:51:52.0 (38833124)|STATEMENT_EXECUTE|[12]
07:51:52.0 (38834415)|STATEMENT_EXECUTE|[14]
07:51:52.0 (38854848)|VARIABLE_ASSIGNMENT|[EXTERNAL]|this|{"skillsList":"0x4eca82ee"}|0x73f24406
07:51:52.0 (38865223)|HEAP_ALLOCATE|[14]|Bytes:12
07:51:52.0 (38873923)|CONSTRUCTOR_ENTRY|[14]|01p360000072SS3|<init>(Employee_Skills__c)
07:51:52.0 (38878671)|VARIABLE_SCOPE_BEGIN|[66]|this|WrapperEmployeeSkills.wEmployee|true|false
07:51:52.0 (38892270)|VARIABLE_ASSIGNMENT|[66]|this|{}|0x199972bf
07:51:52.0 (38895043)|VARIABLE_SCOPE_BEGIN|[66]|s|Employee_Skills__c|true|false
07:51:52.0 (38910675)|VARIABLE_ASSIGNMENT|[66]|s|{"s":1,"v":{"Id":"a0C360000003I4VEAU","Name":"Design","Employee__c":"a0A36000001zhkPEAQ","Project__c":"a0736000000F4iQAAS","Status__c":"Pending approval","Employee__r":{"s":2,"v":{"Name":"Robert Dobson","Id":"a0A36000001zhkPEAQ"}},"Project__r":{"s":3,"v":{"Name":"dasdasd","Id":"a0736000000F4iQAAS"}}}}|0x344fd673
07:51:52.0 (38914936)|STATEMENT_EXECUTE|[61]
07:51:52.0 (38916235)|STATEMENT_EXECUTE|[62]
07:51:52.0 (38917365)|STATEMENT_EXECUTE|[63]
07:51:52.0 (38931386)|STATEMENT_EXECUTE|[66]
07:51:52.0 (38933107)|STATEMENT_EXECUTE|[67]
07:51:52.0 (38950651)|VARIABLE_ASSIGNMENT|[EXTERNAL]|this|{}|0x199972bf
07:51:52.0 (38968377)|VARIABLE_ASSIGNMENT|[EXTERNAL]|value|{"s":1,"v":{"Id":"a0C360000003I4VEAU","Name":"Design","Employee__c":"a0A36000001zhkPEAQ","Project__c":"a0736000000F4iQAAS","Status__c":"Pending approval","Employee__r":{"s":2,"v":{"Name":"Robert Dobson","Id":"a0A36000001zhkPEAQ"}},"Project__r":{"s":3,"v":{"Name":"dasdasd","Id":"a0736000000F4iQAAS"}}}}|0x344fd673
07:51:52.0 (38986938)|VARIABLE_ASSIGNMENT|[62]|this.skill|{"s":1,"v":{"Id":"a0C360000003I4VEAU","Name":"Design","Employee__c":"a0A36000001zhkPEAQ","Project__c":"a0736000000F4iQAAS","Status__c":"Pending approval","Employee__r":{"s":2,"v":{"Name":"Robert Dobson","Id":"a0A36000001zhkPEAQ"}},"Project__r":{"s":3,"v":{"Name":"dasdasd","Id":"a0736000000F4iQAAS"}}}}|0x199972bf
07:51:52.0 (38994842)|STATEMENT_EXECUTE|[68]
07:51:52.0 (39013298)|VARIABLE_ASSIGNMENT|[EXTERNAL]|this|{"skill":"0x344fd673"}|0x199972bf
07:51:52.0 (39020917)|VARIABLE_ASSIGNMENT|[EXTERNAL]|value|false
07:51:52.0 (39024653)|HEAP_ALLOCATE|[63]|Bytes:5
07:51:52.0 (39031165)|VARIABLE_ASSIGNMENT|[63]|this.selected|false|0x199972bf
07:51:52.0 (39041251)|CONSTRUCTOR_EXIT|[14]|01p360000072SS3|<init>(Employee_Skills__c)
07:51:52.0 (39050247)|HEAP_ALLOCATE|[EXTERNAL]|Bytes:4
07:51:52.0 (39058751)|METHOD_ENTRY|[10]||Database.QueryLocatorIterator.hasNext()
07:51:52.0 (39078325)|METHOD_EXIT|[10]||Database.QueryLocatorIterator.hasNext()
07:51:52.0 (39083368)|METHOD_ENTRY|[10]||Database.QueryLocatorIterator.next()
07:51:52.0 (39142214)|METHOD_EXIT|[10]||Database.QueryLocatorIterator.next()
07:51:52.0 (39148921)|VARIABLE_SCOPE_BEGIN|[10]|c|Employee_Skills__c|true|false
07:51:52.0 (39170738)|VARIABLE_ASSIGNMENT|[10]|c|{"s":1,"v":{"Id":"a0C360000003VRsEAM","Name":"Designer","Employee__c":"a0A36000001ygYkEAI","Project__c":"a0736000000Ex6cAAC","Status__c":"Pending approval","Employee__r":{"s":2,"v":{"Name":"Andriy Lokotosh","Id":"a0A36000001ygYkEAI"}},"Project__r":{"s":3,"v":{"Name":"SolutionSoft","Id":"a0736000000Ex6cAAC"}}}}|0x53afc3b1
07:51:52.0 (39177672)|STATEMENT_EXECUTE|[12]
07:51:52.0 (39179011)|STATEMENT_EXECUTE|[14]
07:51:52.0 (39199975)|VARIABLE_ASSIGNMENT|[EXTERNAL]|this|{"skillsList":"0x4eca82ee"}|0x73f24406
07:51:52.0 (39210371)|HEAP_ALLOCATE|[14]|Bytes:12
07:51:52.0 (39218819)|CONSTRUCTOR_ENTRY|[14]|01p360000072SS3|<init>(Employee_Skills__c)
07:51:52.0 (39223220)|VARIABLE_SCOPE_BEGIN|[66]|this|WrapperEmployeeSkills.wEmployee|true|false
07:51:52.0 (39236776)|VARIABLE_ASSIGNMENT|[66]|this|{}|0x2d3c5b53
07:51:52.0 (39239554)|VARIABLE_SCOPE_BEGIN|[66]|s|Employee_Skills__c|true|false
07:51:52.0 (39255720)|VARIABLE_ASSIGNMENT|[66]|s|{"s":1,"v":{"Id":"a0C360000003VRsEAM","Name":"Designer","Employee__c":"a0A36000001ygYkEAI","Project__c":"a0736000000Ex6cAAC","Status__c":"Pending approval","Employee__r":{"s":2,"v":{"Name":"Andriy Lokotosh","Id":"a0A36000001ygYkEAI"}},"Project__r":{"s":3,"v":{"Name":"SolutionSoft","Id":"a0736000000Ex6cAAC"}}}}|0x53afc3b1
07:51:52.0 (39260378)|STATEMENT_EXECUTE|[61]
07:51:52.0 (39261685)|STATEMENT_EXECUTE|[62]
07:51:52.0 (39262795)|STATEMENT_EXECUTE|[63]
07:51:52.0 (39273923)|STATEMENT_EXECUTE|[66]
07:51:52.0 (39275425)|STATEMENT_EXECUTE|[67]
07:51:52.0 (39292415)|VARIABLE_ASSIGNMENT|[EXTERNAL]|this|{}|0x2d3c5b53
07:51:52.0 (39308544)|VARIABLE_ASSIGNMENT|[EXTERNAL]|value|{"s":1,"v":{"Id":"a0C360000003VRsEAM","Name":"Designer","Employee__c":"a0A36000001ygYkEAI","Project__c":"a0736000000Ex6cAAC","Status__c":"Pending approval","Employee__r":{"s":2,"v":{"Name":"Andriy Lokotosh","Id":"a0A36000001ygYkEAI"}},"Project__r":{"s":3,"v":{"Name":"SolutionSoft","Id":"a0736000000Ex6cAAC"}}}}|0x53afc3b1
07:51:52.0 (39326925)|VARIABLE_ASSIGNMENT|[62]|this.skill|{"s":1,"v":{"Id":"a0C360000003VRsEAM","Name":"Designer","Employee__c":"a0A36000001ygYkEAI","Project__c":"a0736000000Ex6cAAC","Status__c":"Pending approval","Employee__r":{"s":2,"v":{"Name":"Andriy Lokotosh","Id":"a0A36000001ygYkEAI"}},"Project__r":{"s":3,"v":{"Name":"SolutionSoft","Id":"a0736000000Ex6cAAC"}}}}|0x2d3c5b53
07:51:52.0 (39334857)|STATEMENT_EXECUTE|[68]
07:51:52.0 (39353350)|VARIABLE_ASSIGNMENT|[EXTERNAL]|this|{"skill":"0x53afc3b1"}|0x2d3c5b53
07:51:52.0 (39359565)|VARIABLE_ASSIGNMENT|[EXTERNAL]|value|false
07:51:52.0 (39363177)|HEAP_ALLOCATE|[63]|Bytes:5
07:51:52.0 (39369597)|VARIABLE_ASSIGNMENT|[63]|this.selected|false|0x2d3c5b53
07:51:52.0 (39379306)|CONSTRUCTOR_EXIT|[14]|01p360000072SS3|<init>(Employee_Skills__c)
07:51:52.0 (39387932)|HEAP_ALLOCATE|[EXTERNAL]|Bytes:4
07:51:52.0 (39396228)|METHOD_ENTRY|[10]||Database.QueryLocatorIterator.hasNext()
07:51:52.0 (39415726)|METHOD_EXIT|[10]||Database.QueryLocatorIterator.hasNext()
07:51:52.0 (39420856)|METHOD_ENTRY|[10]||Database.QueryLocatorIterator.next()
07:51:52.0 (39482350)|METHOD_EXIT|[10]||Database.QueryLocatorIterator.next()
07:51:52.0 (39489062)|VARIABLE_SCOPE_BEGIN|[10]|c|Employee_Skills__c|true|false
07:51:52.0 (39509779)|VARIABLE_ASSIGNMENT|[10]|c|{"s":1,"v":{"Id":"a0C360000003I4aEAE","Name":"QA","Employee__c":"a0A36000001zhkPEAQ","Project__c":"a0736000000Ex6cAAC","Status__c":"Pending approval","Employee__r":{"s":2,"v":{"Name":"Robert Dobson","Id":"a0A36000001zhkPEAQ"}},"Project__r":{"s":3,"v":{"Name":"SolutionSoft","Id":"a0736000000Ex6cAAC"}}}}|0x23a70e
07:51:52.0 (39513921)|STATEMENT_EXECUTE|[12]
07:51:52.0 (39515190)|STATEMENT_EXECUTE|[14]
07:51:52.0 (39535188)|VARIABLE_ASSIGNMENT|[EXTERNAL]|this|{"skillsList":"0x4eca82ee"}|0x73f24406
07:51:52.0 (39549232)|HEAP_ALLOCATE|[14]|Bytes:12
07:51:52.0 (39557853)|CONSTRUCTOR_ENTRY|[14]|01p360000072SS3|<init>(Employee_Skills__c)
07:51:52.0 (39562450)|VARIABLE_SCOPE_BEGIN|[66]|this|WrapperEmployeeSkills.wEmployee|true|false
07:51:52.0 (39576435)|VARIABLE_ASSIGNMENT|[66]|this|{}|0x43bd17fa
07:51:52.0 (39579035)|VARIABLE_SCOPE_BEGIN|[66]|s|Employee_Skills__c|true|false
07:51:52.0 (39594428)|VARIABLE_ASSIGNMENT|[66]|s|{"s":1,"v":{"Id":"a0C360000003I4aEAE","Name":"QA","Employee__c":"a0A36000001zhkPEAQ","Project__c":"a0736000000Ex6cAAC","Status__c":"Pending approval","Employee__r":{"s":2,"v":{"Name":"Robert Dobson","Id":"a0A36000001zhkPEAQ"}},"Project__r":{"s":3,"v":{"Name":"SolutionSoft","Id":"a0736000000Ex6cAAC"}}}}|0x23a70e
07:51:52.0 (39598541)|STATEMENT_EXECUTE|[61]
07:51:52.0 (39599862)|STATEMENT_EXECUTE|[62]
07:51:52.0 (39601024)|STATEMENT_EXECUTE|[63]
07:51:52.0 (39611740)|STATEMENT_EXECUTE|[66]
07:51:52.0 (39613475)|STATEMENT_EXECUTE|[67]
07:51:52.0 (39630235)|VARIABLE_ASSIGNMENT|[EXTERNAL]|this|{}|0x43bd17fa
07:51:52.0 (39646258)|VARIABLE_ASSIGNMENT|[EXTERNAL]|value|{"s":1,"v":{"Id":"a0C360000003I4aEAE","Name":"QA","Employee__c":"a0A36000001zhkPEAQ","Project__c":"a0736000000Ex6cAAC","Status__c":"Pending approval","Employee__r":{"s":2,"v":{"Name":"Robert Dobson","Id":"a0A36000001zhkPEAQ"}},"Project__r":{"s":3,"v":{"Name":"SolutionSoft","Id":"a0736000000Ex6cAAC"}}}}|0x23a70e
07:51:52.0 (39664008)|VARIABLE_ASSIGNMENT|[62]|this.skill|{"s":1,"v":{"Id":"a0C360000003I4aEAE","Name":"QA","Employee__c":"a0A36000001zhkPEAQ","Project__c":"a0736000000Ex6cAAC","Status__c":"Pending approval","Employee__r":{"s":2,"v":{"Name":"Robert Dobson","Id":"a0A36000001zhkPEAQ"}},"Project__r":{"s":3,"v":{"Name":"SolutionSoft","Id":"a0736000000Ex6cAAC"}}}}|0x43bd17fa
07:51:52.0 (39671669)|STATEMENT_EXECUTE|[68]
07:51:52.0 (39690191)|VARIABLE_ASSIGNMENT|[EXTERNAL]|this|{"skill":"0x23a70e"}|0x43bd17fa
07:51:52.0 (39696374)|VARIABLE_ASSIGNMENT|[EXTERNAL]|value|false
07:51:52.0 (39700254)|HEAP_ALLOCATE|[63]|Bytes:5
07:51:52.0 (39706664)|VARIABLE_ASSIGNMENT|[63]|this.selected|false|0x43bd17fa
07:51:52.0 (39716534)|CONSTRUCTOR_EXIT|[14]|01p360000072SS3|<init>(Employee_Skills__c)
07:51:52.0 (39725010)|HEAP_ALLOCATE|[EXTERNAL]|Bytes:4
07:51:52.0 (39733299)|METHOD_ENTRY|[10]||Database.QueryLocatorIterator.hasNext()
07:51:52.0 (39752955)|METHOD_EXIT|[10]||Database.QueryLocatorIterator.hasNext()
07:51:52.0 (39757697)|METHOD_ENTRY|[10]||Database.QueryLocatorIterator.next()
07:51:52.0 (39815955)|METHOD_EXIT|[10]||Database.QueryLocatorIterator.next()
07:51:52.0 (39822388)|VARIABLE_SCOPE_BEGIN|[10]|c|Employee_Skills__c|true|false
07:51:52.0 (39843221)|VARIABLE_ASSIGNMENT|[10]|c|{"s":1,"v":{"Id":"a0C360000003XRiEAM","Name":"Tomato","Employee__c":"a0A36000001ygYkEAI","Project__c":"a0736000000Ew01AAC","Status__c":"Pending approval","Employee__r":{"s":2,"v":{"Name":"Andriy Lokotosh","Id":"a0A36000001ygYkEAI"}},"Project__r":{"s":3,"v":{"Name":"eBank","Id":"a0736000000Ew01AAC"}}}}|0x2aa2fb05
07:51:52.0 (39847336)|STATEMENT_EXECUTE|[12]
07:51:52.0 (39848702)|STATEMENT_EXECUTE|[14]
07:51:52.0 (39868343)|VARIABLE_ASSIGNMENT|[EXTERNAL]|this|{"skillsList":"0x4eca82ee"}|0x73f24406
07:51:52.0 (39878114)|HEAP_ALLOCATE|[14]|Bytes:12
07:51:52.0 (39886241)|CONSTRUCTOR_ENTRY|[14]|01p360000072SS3|<init>(Employee_Skills__c)
07:51:52.0 (39890746)|VARIABLE_SCOPE_BEGIN|[66]|this|WrapperEmployeeSkills.wEmployee|true|false
07:51:52.0 (39903883)|VARIABLE_ASSIGNMENT|[66]|this|{}|0x658bcbc1
07:51:52.0 (39906723)|VARIABLE_SCOPE_BEGIN|[66]|s|Employee_Skills__c|true|false
07:51:52.0 (39922286)|VARIABLE_ASSIGNMENT|[66]|s|{"s":1,"v":{"Id":"a0C360000003XRiEAM","Name":"Tomato","Employee__c":"a0A36000001ygYkEAI","Project__c":"a0736000000Ew01AAC","Status__c":"Pending approval","Employee__r":{"s":2,"v":{"Name":"Andriy Lokotosh","Id":"a0A36000001ygYkEAI"}},"Project__r":{"s":3,"v":{"Name":"eBank","Id":"a0736000000Ew01AAC"}}}}|0x2aa2fb05
07:51:52.0 (39926245)|STATEMENT_EXECUTE|[61]
07:51:52.0 (39927510)|STATEMENT_EXECUTE|[62]
07:51:52.0 (39928590)|STATEMENT_EXECUTE|[63]
07:51:52.0 (39939114)|STATEMENT_EXECUTE|[66]
07:51:52.0 (39940616)|STATEMENT_EXECUTE|[67]
07:51:52.0 (39957301)|VARIABLE_ASSIGNMENT|[EXTERNAL]|this|{}|0x658bcbc1
07:51:52.0 (39979375)|VARIABLE_ASSIGNMENT|[EXTERNAL]|value|{"s":1,"v":{"Id":"a0C360000003XRiEAM","Name":"Tomato","Employee__c":"a0A36000001ygYkEAI","Project__c":"a0736000000Ew01AAC","Status__c":"Pending approval","Employee__r":{"s":2,"v":{"Name":"Andriy Lokotosh","Id":"a0A36000001ygYkEAI"}},"Project__r":{"s":3,"v":{"Name":"eBank","Id":"a0736000000Ew01AAC"}}}}|0x2aa2fb05
07:51:52.0 (39998748)|VARIABLE_ASSIGNMENT|[62]|this.skill|{"s":1,"v":{"Id":"a0C360000003XRiEAM","Name":"Tomato","Employee__c":"a0A36000001ygYkEAI","Project__c":"a0736000000Ew01AAC","Status__c":"Pending approval","Employee__r":{"s":2,"v":{"Name":"Andriy Lokotosh","Id":"a0A36000001ygYkEAI"}},"Project__r":{"s":3,"v":{"Name":"eBank","Id":"a0736000000Ew01AAC"}}}}|0x658bcbc1
07:51:52.0 (40006911)|STATEMENT_EXECUTE|[68]
07:51:52.0 (40027075)|VARIABLE_ASSIGNMENT|[EXTERNAL]|this|{"skill":"0x2aa2fb05"}|0x658bcbc1
07:51:52.0 (40033569)|VARIABLE_ASSIGNMENT|[EXTERNAL]|value|false
07:51:52.0 (40037232)|HEAP_ALLOCATE|[63]|Bytes:5
07:51:52.0 (40043697)|VARIABLE_ASSIGNMENT|[63]|this.selected|false|0x658bcbc1
07:51:52.0 (40053660)|CONSTRUCTOR_EXIT|[14]|01p360000072SS3|<init>(Employee_Skills__c)
07:51:52.0 (40062235)|HEAP_ALLOCATE|[EXTERNAL]|Bytes:4
07:51:52.0 (40070479)|METHOD_ENTRY|[10]||Database.QueryLocatorIterator.hasNext()
07:51:52.0 (40089407)|METHOD_EXIT|[10]||Database.QueryLocatorIterator.hasNext()
07:51:52.0 (40094323)|METHOD_ENTRY|[10]||Database.QueryLocatorIterator.next()
07:51:52.0 (40151858)|METHOD_EXIT|[10]||Database.QueryLocatorIterator.next()
07:51:52.0 (40158141)|VARIABLE_SCOPE_BEGIN|[10]|c|Employee_Skills__c|true|false
07:51:52.0 (40181463)|VARIABLE_ASSIGNMENT|[10]|c|{"s":1,"v":{"Id":"a0C360000003YCSEA2","Name":"Enpl","Employee__c":"a0A36000001ygYkEAI","Project__c":"a0736000000Ew01AAC","Status__c":"Pending approval","Employee__r":{"s":2,"v":{"Name":"Andriy Lokotosh","Id":"a0A36000001ygYkEAI"}},"Project__r":{"s":3,"v":{"Name":"eBank","Id":"a0736000000Ew01AAC"}}}}|0x780d0ba9
07:51:52.0 (40185613)|STATEMENT_EXECUTE|[12]
07:51:52.0 (40186841)|STATEMENT_EXECUTE|[14]
07:51:52.0 (40207422)|VARIABLE_ASSIGNMENT|[EXTERNAL]|this|{"skillsList":"0x4eca82ee"}|0x73f24406
07:51:52.0 (40217633)|HEAP_ALLOCATE|[14]|Bytes:12
07:51:52.0 (40225730)|CONSTRUCTOR_ENTRY|[14]|01p360000072SS3|<init>(Employee_Skills__c)
07:51:52.0 (40230162)|VARIABLE_SCOPE_BEGIN|[66]|this|WrapperEmployeeSkills.wEmployee|true|false
07:51:52.0 (40245647)|VARIABLE_ASSIGNMENT|[66]|this|{}|0x53a4d195
07:51:52.0 (40248430)|VARIABLE_SCOPE_BEGIN|[66]|s|Employee_Skills__c|true|false
07:51:52.0 (40263822)|VARIABLE_ASSIGNMENT|[66]|s|{"s":1,"v":{"Id":"a0C360000003YCSEA2","Name":"Enpl","Employee__c":"a0A36000001ygYkEAI","Project__c":"a0736000000Ew01AAC","Status__c":"Pending approval","Employee__r":{"s":2,"v":{"Name":"Andriy Lokotosh","Id":"a0A36000001ygYkEAI"}},"Project__r":{"s":3,"v":{"Name":"eBank","Id":"a0736000000Ew01AAC"}}}}|0x780d0ba9
07:51:52.0 (40268170)|STATEMENT_EXECUTE|[61]
07:51:52.0 (40269523)|STATEMENT_EXECUTE|[62]
07:51:52.0 (40270714)|STATEMENT_EXECUTE|[63]
07:51:52.0 (40281370)|STATEMENT_EXECUTE|[66]
07:51:52.0 (40282856)|STATEMENT_EXECUTE|[67]
07:51:52.0 (40299678)|VARIABLE_ASSIGNMENT|[EXTERNAL]|this|{}|0x53a4d195
07:51:52.0 (40315672)|VARIABLE_ASSIGNMENT|[EXTERNAL]|value|{"s":1,"v":{"Id":"a0C360000003YCSEA2","Name":"Enpl","Employee__c":"a0A36000001ygYkEAI","Project__c":"a0736000000Ew01AAC","Status__c":"Pending approval","Employee__r":{"s":2,"v":{"Name":"Andriy Lokotosh","Id":"a0A36000001ygYkEAI"}},"Project__r":{"s":3,"v":{"Name":"eBank","Id":"a0736000000Ew01AAC"}}}}|0x780d0ba9
07:51:52.0 (40333589)|VARIABLE_ASSIGNMENT|[62]|this.skill|{"s":1,"v":{"Id":"a0C360000003YCSEA2","Name":"Enpl","Employee__c":"a0A36000001ygYkEAI","Project__c":"a0736000000Ew01AAC","Status__c":"Pending approval","Employee__r":{"s":2,"v":{"Name":"Andriy Lokotosh","Id":"a0A36000001ygYkEAI"}},"Project__r":{"s":3,"v":{"Name":"eBank","Id":"a0736000000Ew01AAC"}}}}|0x53a4d195
07:51:52.0 (40341276)|STATEMENT_EXECUTE|[68]
07:51:52.0 (40359682)|VARIABLE_ASSIGNMENT|[EXTERNAL]|this|{"skill":"0x780d0ba9"}|0x53a4d195
07:51:52.0 (40365774)|VARIABLE_ASSIGNMENT|[EXTERNAL]|value|false
07:51:52.0 (40369436)|HEAP_ALLOCATE|[63]|Bytes:5
07:51:52.0 (40375838)|VARIABLE_ASSIGNMENT|[63]|this.selected|false|0x53a4d195
07:51:52.0 (40385572)|CONSTRUCTOR_EXIT|[14]|01p360000072SS3|<init>(Employee_Skills__c)
07:51:52.0 (40393887)|HEAP_ALLOCATE|[EXTERNAL]|Bytes:4
07:51:52.0 (40401997)|METHOD_ENTRY|[10]||Database.QueryLocatorIterator.hasNext()
07:51:52.0 (40421073)|METHOD_EXIT|[10]||Database.QueryLocatorIterator.hasNext()
07:51:52.0 (40425697)|METHOD_ENTRY|[10]||Database.QueryLocatorIterator.next()
07:51:52.0 (40483215)|METHOD_EXIT|[10]||Database.QueryLocatorIterator.next()
07:51:52.0 (40489574)|VARIABLE_SCOPE_BEGIN|[10]|c|Employee_Skills__c|true|false
07:51:52.0 (40510380)|VARIABLE_ASSIGNMENT|[10]|c|{"s":1,"v":{"Id":"a0C360000003XRnEAM","Name":"potato","Employee__c":"a0A36000001ygYkEAI","Project__c":"a0736000000Ew01AAC","Status__c":"Pending approval","Employee__r":{"s":2,"v":{"Name":"Andriy Lokotosh","Id":"a0A36000001ygYkEAI"}},"Project__r":{"s":3,"v":{"Name":"eBank","Id":"a0736000000Ew01AAC"}}}}|0x6e637237
07:51:52.0 (40513993)|STATEMENT_EXECUTE|[12]
07:51:52.0 (40515490)|STATEMENT_EXECUTE|[14]
07:51:52.0 (40535181)|VARIABLE_ASSIGNMENT|[EXTERNAL]|this|{"skillsList":"0x4eca82ee"}|0x73f24406
07:51:52.0 (40549062)|HEAP_ALLOCATE|[14]|Bytes:12
07:51:52.0 (40557671)|CONSTRUCTOR_ENTRY|[14]|01p360000072SS3|<init>(Employee_Skills__c)
07:51:52.0 (40562313)|VARIABLE_SCOPE_BEGIN|[66]|this|WrapperEmployeeSkills.wEmployee|true|false
07:51:52.0 (40576097)|VARIABLE_ASSIGNMENT|[66]|this|{}|0x558d79f9
07:51:52.0 (40578794)|VARIABLE_SCOPE_BEGIN|[66]|s|Employee_Skills__c|true|false
07:51:52.0 (40597089)|VARIABLE_ASSIGNMENT|[66]|s|{"s":1,"v":{"Id":"a0C360000003XRnEAM","Name":"potato","Employee__c":"a0A36000001ygYkEAI","Project__c":"a0736000000Ew01AAC","Status__c":"Pending approval","Employee__r":{"s":2,"v":{"Name":"Andriy Lokotosh","Id":"a0A36000001ygYkEAI"}},"Project__r":{"s":3,"v":{"Name":"eBank","Id":"a0736000000Ew01AAC"}}}}|0x6e637237
07:51:52.0 (40601532)|STATEMENT_EXECUTE|[61]
07:51:52.0 (40602838)|STATEMENT_EXECUTE|[62]
07:51:52.0 (40603937)|STATEMENT_EXECUTE|[63]
07:51:52.0 (40614681)|STATEMENT_EXECUTE|[66]
07:51:52.0 (40616184)|STATEMENT_EXECUTE|[67]
07:51:52.0 (40633582)|VARIABLE_ASSIGNMENT|[EXTERNAL]|this|{}|0x558d79f9
07:51:52.0 (40649848)|VARIABLE_ASSIGNMENT|[EXTERNAL]|value|{"s":1,"v":{"Id":"a0C360000003XRnEAM","Name":"potato","Employee__c":"a0A36000001ygYkEAI","Project__c":"a0736000000Ew01AAC","Status__c":"Pending approval","Employee__r":{"s":2,"v":{"Name":"Andriy Lokotosh","Id":"a0A36000001ygYkEAI"}},"Project__r":{"s":3,"v":{"Name":"eBank","Id":"a0736000000Ew01AAC"}}}}|0x6e637237
07:51:52.0 (40667197)|VARIABLE_ASSIGNMENT|[62]|this.skill|{"s":1,"v":{"Id":"a0C360000003XRnEAM","Name":"potato","Employee__c":"a0A36000001ygYkEAI","Project__c":"a0736000000Ew01AAC","Status__c":"Pending approval","Employee__r":{"s":2,"v":{"Name":"Andriy Lokotosh","Id":"a0A36000001ygYkEAI"}},"Project__r":{"s":3,"v":{"Name":"eBank","Id":"a0736000000Ew01AAC"}}}}|0x558d79f9
07:51:52.0 (40674934)|STATEMENT_EXECUTE|[68]
07:51:52.0 (40692948)|VARIABLE_ASSIGNMENT|[EXTERNAL]|this|{"skill":"0x6e637237"}|0x558d79f9
07:51:52.0 (40699318)|VARIABLE_ASSIGNMENT|[EXTERNAL]|value|false
07:51:52.0 (40702811)|HEAP_ALLOCATE|[63]|Bytes:5
07:51:52.0 (40709205)|VARIABLE_ASSIGNMENT|[63]|this.selected|false|0x558d79f9
07:51:52.0 (40718815)|CONSTRUCTOR_EXIT|[14]|01p360000072SS3|<init>(Employee_Skills__c)
07:51:52.0 (40727087)|HEAP_ALLOCATE|[EXTERNAL]|Bytes:4
07:51:52.0 (40735064)|METHOD_ENTRY|[10]||Database.QueryLocatorIterator.hasNext()
07:51:52.0 (40754204)|METHOD_EXIT|[10]||Database.QueryLocatorIterator.hasNext()
07:51:52.0 (40758909)|METHOD_ENTRY|[10]||Database.QueryLocatorIterator.next()
07:51:52.0 (40823185)|METHOD_EXIT|[10]||Database.QueryLocatorIterator.next()
07:51:52.0 (40829799)|VARIABLE_SCOPE_BEGIN|[10]|c|Employee_Skills__c|true|false
07:51:52.0 (40850445)|VARIABLE_ASSIGNMENT|[10]|c|{"s":1,"v":{"Id":"a0C360000003XTFEA2","Name":"ef","Employee__c":"a0A36000001ygYkEAI","Project__c":"a0736000000Ew01AAC","Status__c":"Pending approval","Employee__r":{"s":2,"v":{"Name":"Andriy Lokotosh","Id":"a0A36000001ygYkEAI"}},"Project__r":{"s":3,"v":{"Name":"eBank","Id":"a0736000000Ew01AAC"}}}}|0x454d70a2
07:51:52.0 (40854152)|STATEMENT_EXECUTE|[12]
07:51:52.0 (40855402)|STATEMENT_EXECUTE|[14]
07:51:52.0 (40875123)|VARIABLE_ASSIGNMENT|[EXTERNAL]|this|{"skillsList":"0x4eca82ee"}|0x73f24406
07:51:52.0 (40884966)|HEAP_ALLOCATE|[14]|Bytes:12
07:51:52.0 (40893022)|CONSTRUCTOR_ENTRY|[14]|01p360000072SS3|<init>(Employee_Skills__c)
07:51:52.0 (40897326)|VARIABLE_SCOPE_BEGIN|[66]|this|WrapperEmployeeSkills.wEmployee|true|false
07:51:52.0 (40910299)|VARIABLE_ASSIGNMENT|[66]|this|{}|0x301029e7
07:51:52.0 (40912985)|VARIABLE_SCOPE_BEGIN|[66]|s|Employee_Skills__c|true|false
07:51:52.0 (40928226)|VARIABLE_ASSIGNMENT|[66]|s|{"s":1,"v":{"Id":"a0C360000003XTFEA2","Name":"ef","Employee__c":"a0A36000001ygYkEAI","Project__c":"a0736000000Ew01AAC","Status__c":"Pending approval","Employee__r":{"s":2,"v":{"Name":"Andriy Lokotosh","Id":"a0A36000001ygYkEAI"}},"Project__r":{"s":3,"v":{"Name":"eBank","Id":"a0736000000Ew01AAC"}}}}|0x454d70a2
07:51:52.0 (40932293)|STATEMENT_EXECUTE|[61]
07:51:52.0 (40933574)|STATEMENT_EXECUTE|[62]
07:51:52.0 (40934712)|STATEMENT_EXECUTE|[63]
07:51:52.0 (40945059)|STATEMENT_EXECUTE|[66]
07:51:52.0 (40946575)|STATEMENT_EXECUTE|[67]
07:51:52.0 (40963163)|VARIABLE_ASSIGNMENT|[EXTERNAL]|this|{}|0x301029e7
07:51:52.0 (40979054)|VARIABLE_ASSIGNMENT|[EXTERNAL]|value|{"s":1,"v":{"Id":"a0C360000003XTFEA2","Name":"ef","Employee__c":"a0A36000001ygYkEAI","Project__c":"a0736000000Ew01AAC","Status__c":"Pending approval","Employee__r":{"s":2,"v":{"Name":"Andriy Lokotosh","Id":"a0A36000001ygYkEAI"}},"Project__r":{"s":3,"v":{"Name":"eBank","Id":"a0736000000Ew01AAC"}}}}|0x454d70a2
07:51:52.0 (40997155)|VARIABLE_ASSIGNMENT|[62]|this.skill|{"s":1,"v":{"Id":"a0C360000003XTFEA2","Name":"ef","Employee__c":"a0A36000001ygYkEAI","Project__c":"a0736000000Ew01AAC","Status__c":"Pending approval","Employee__r":{"s":2,"v":{"Name":"Andriy Lokotosh","Id":"a0A36000001ygYkEAI"}},"Project__r":{"s":3,"v":{"Name":"eBank","Id":"a0736000000Ew01AAC"}}}}|0x301029e7
07:51:52.0 (41004673)|STATEMENT_EXECUTE|[68]
07:51:52.0 (41027009)|VARIABLE_ASSIGNMENT|[EXTERNAL]|this|{"skill":"0x454d70a2"}|0x301029e7
07:51:52.0 (41033607)|VARIABLE_ASSIGNMENT|[EXTERNAL]|value|false
07:51:52.0 (41037230)|HEAP_ALLOCATE|[63]|Bytes:5
07:51:52.0 (41043739)|VARIABLE_ASSIGNMENT|[63]|this.selected|false|0x301029e7
07:51:52.0 (41053617)|CONSTRUCTOR_EXIT|[14]|01p360000072SS3|<init>(Employee_Skills__c)
07:51:52.0 (41061982)|HEAP_ALLOCATE|[EXTERNAL]|Bytes:4
07:51:52.0 (41070056)|METHOD_ENTRY|[10]||Database.QueryLocatorIterator.hasNext()
07:51:52.0 (41092147)|METHOD_EXIT|[10]||Database.QueryLocatorIterator.hasNext()
07:51:52.0 (41097017)|METHOD_ENTRY|[10]||Database.QueryLocatorIterator.next()
07:51:52.0 (41154771)|METHOD_EXIT|[10]||Database.QueryLocatorIterator.next()
07:51:52.0 (41161138)|VARIABLE_SCOPE_BEGIN|[10]|c|Employee_Skills__c|true|false
07:51:52.0 (41184473)|VARIABLE_ASSIGNMENT|[10]|c|{"s":1,"v":{"Id":"a0C360000003XTGEA2","Name":"frgt","Employee__c":"a0A36000001ygYkEAI","Project__c":"a0736000000Ew01AAC","Status__c":"Pending approval","Employee__r":{"s":2,"v":{"Name":"Andriy Lokotosh","Id":"a0A36000001ygYkEAI"}},"Project__r":{"s":3,"v":{"Name":"eBank","Id":"a0736000000Ew01AAC"}}}}|0x45171718
07:51:52.0 (41188547)|STATEMENT_EXECUTE|[12]
07:51:52.0 (41189781)|STATEMENT_EXECUTE|[14]
07:51:52.0 (41210002)|VARIABLE_ASSIGNMENT|[EXTERNAL]|this|{"skillsList":"0x4eca82ee"}|0x73f24406
07:51:52.0 (41219788)|HEAP_ALLOCATE|[14]|Bytes:12
07:51:52.0 (41227753)|CONSTRUCTOR_ENTRY|[14]|01p360000072SS3|<init>(Employee_Skills__c)
07:51:52.0 (41232030)|VARIABLE_SCOPE_BEGIN|[66]|this|WrapperEmployeeSkills.wEmployee|true|false
07:51:52.0 (41244810)|VARIABLE_ASSIGNMENT|[66]|this|{}|0x7bebfcf2
07:51:52.0 (41247428)|VARIABLE_SCOPE_BEGIN|[66]|s|Employee_Skills__c|true|false
07:51:52.0 (41262657)|VARIABLE_ASSIGNMENT|[66]|s|{"s":1,"v":{"Id":"a0C360000003XTGEA2","Name":"frgt","Employee__c":"a0A36000001ygYkEAI","Project__c":"a0736000000Ew01AAC","Status__c":"Pending approval","Employee__r":{"s":2,"v":{"Name":"Andriy Lokotosh","Id":"a0A36000001ygYkEAI"}},"Project__r":{"s":3,"v":{"Name":"eBank","Id":"a0736000000Ew01AAC"}}}}|0x45171718
07:51:52.0 (41266776)|STATEMENT_EXECUTE|[61]
07:51:52.0 (41268074)|STATEMENT_EXECUTE|[62]
07:51:52.0 (41269116)|STATEMENT_EXECUTE|[63]
07:51:52.0 (41279627)|STATEMENT_EXECUTE|[66]
07:51:52.0 (41281122)|STATEMENT_EXECUTE|[67]
07:51:52.0 (41297476)|VARIABLE_ASSIGNMENT|[EXTERNAL]|this|{}|0x7bebfcf2
07:51:52.0 (41313557)|VARIABLE_ASSIGNMENT|[EXTERNAL]|value|{"s":1,"v":{"Id":"a0C360000003XTGEA2","Name":"frgt","Employee__c":"a0A36000001ygYkEAI","Project__c":"a0736000000Ew01AAC","Status__c":"Pending approval","Employee__r":{"s":2,"v":{"Name":"Andriy Lokotosh","Id":"a0A36000001ygYkEAI"}},"Project__r":{"s":3,"v":{"Name":"eBank","Id":"a0736000000Ew01AAC"}}}}|0x45171718
07:51:52.0 (41331263)|VARIABLE_ASSIGNMENT|[62]|this.skill|{"s":1,"v":{"Id":"a0C360000003XTGEA2","Name":"frgt","Employee__c":"a0A36000001ygYkEAI","Project__c":"a0736000000Ew01AAC","Status__c":"Pending approval","Employee__r":{"s":2,"v":{"Name":"Andriy Lokotosh","Id":"a0A36000001ygYkEAI"}},"Project__r":{"s":3,"v":{"Name":"eBank","Id":"a0736000000Ew01AAC"}}}}|0x7bebfcf2
07:51:52.0 (41338799)|STATEMENT_EXECUTE|[68]
07:51:52.0 (41356865)|VARIABLE_ASSIGNMENT|[EXTERNAL]|this|{"skill":"0x45171718"}|0x7bebfcf2
07:51:52.0 (41362911)|VARIABLE_ASSIGNMENT|[EXTERNAL]|value|false
07:51:52.0 (41366459)|HEAP_ALLOCATE|[63]|Bytes:5
07:51:52.0 (41372674)|VARIABLE_ASSIGNMENT|[63]|this.selected|false|0x7bebfcf2
07:51:52.0 (41382275)|CONSTRUCTOR_EXIT|[14]|01p360000072SS3|<init>(Employee_Skills__c)
07:51:52.0 (41390456)|HEAP_ALLOCATE|[EXTERNAL]|Bytes:4
07:51:52.0 (41398426)|METHOD_ENTRY|[10]||Database.QueryLocatorIterator.hasNext()
07:51:52.0 (41417589)|METHOD_EXIT|[10]||Database.QueryLocatorIterator.hasNext()
07:51:52.0 (41422143)|METHOD_ENTRY|[10]||Database.QueryLocatorIterator.next()
07:51:52.0 (41482756)|METHOD_EXIT|[10]||Database.QueryLocatorIterator.next()
07:51:52.0 (41489506)|VARIABLE_SCOPE_BEGIN|[10]|c|Employee_Skills__c|true|false
07:51:52.0 (41509716)|VARIABLE_ASSIGNMENT|[10]|c|{"s":1,"v":{"Id":"a0C360000003YGkEAM","Name":"Robert","Employee__c":"a0A36000001ygYkEAI","Project__c":"a0736000000Ew01AAC","Status__c":"Pending approval","Employee__r":{"s":2,"v":{"Name":"Andriy Lokotosh","Id":"a0A36000001ygYkEAI"}},"Project__r":{"s":3,"v":{"Name":"eBank","Id":"a0736000000Ew01AAC"}}}}|0x550d5b4d
07:51:52.0 (41513348)|STATEMENT_EXECUTE|[12]
07:51:52.0 (41514600)|STATEMENT_EXECUTE|[14]
07:51:52.0 (41534303)|VARIABLE_ASSIGNMENT|[EXTERNAL]|this|{"skillsList":"0x4eca82ee"}|0x73f24406
07:51:52.0 (41548202)|HEAP_ALLOCATE|[14]|Bytes:12
07:51:52.0 (41556698)|CONSTRUCTOR_ENTRY|[14]|01p360000072SS3|<init>(Employee_Skills__c)
07:51:52.0 (41561164)|VARIABLE_SCOPE_BEGIN|[66]|this|WrapperEmployeeSkills.wEmployee|true|false
07:51:52.0 (41574889)|VARIABLE_ASSIGNMENT|[66]|this|{}|0x64e31f1a
07:51:52.0 (41577421)|VARIABLE_SCOPE_BEGIN|[66]|s|Employee_Skills__c|true|false
07:51:52.0 (41597836)|VARIABLE_ASSIGNMENT|[66]|s|{"s":1,"v":{"Id":"a0C360000003YGkEAM","Name":"Robert","Employee__c":"a0A36000001ygYkEAI","Project__c":"a0736000000Ew01AAC","Status__c":"Pending approval","Employee__r":{"s":2,"v":{"Name":"Andriy Lokotosh","Id":"a0A36000001ygYkEAI"}},"Project__r":{"s":3,"v":{"Name":"eBank","Id":"a0736000000Ew01AAC"}}}}|0x550d5b4d
07:51:52.0 (41602347)|STATEMENT_EXECUTE|[61]
07:51:52.0 (41603668)|STATEMENT_EXECUTE|[62]
07:51:52.0 (41604942)|STATEMENT_EXECUTE|[63]
07:51:52.0 (41615844)|STATEMENT_EXECUTE|[66]
07:51:52.0 (41617343)|STATEMENT_EXECUTE|[67]
07:51:52.0 (41634743)|VARIABLE_ASSIGNMENT|[EXTERNAL]|this|{}|0x64e31f1a
07:51:52.0 (41651194)|VARIABLE_ASSIGNMENT|[EXTERNAL]|value|{"s":1,"v":{"Id":"a0C360000003YGkEAM","Name":"Robert","Employee__c":"a0A36000001ygYkEAI","Project__c":"a0736000000Ew01AAC","Status__c":"Pending approval","Employee__r":{"s":2,"v":{"Name":"Andriy Lokotosh","Id":"a0A36000001ygYkEAI"}},"Project__r":{"s":3,"v":{"Name":"eBank","Id":"a0736000000Ew01AAC"}}}}|0x550d5b4d
07:51:52.0 (41668724)|VARIABLE_ASSIGNMENT|[62]|this.skill|{"s":1,"v":{"Id":"a0C360000003YGkEAM","Name":"Robert","Employee__c":"a0A36000001ygYkEAI","Project__c":"a0736000000Ew01AAC","Status__c":"Pending approval","Employee__r":{"s":2,"v":{"Name":"Andriy Lokotosh","Id":"a0A36000001ygYkEAI"}},"Project__r":{"s":3,"v":{"Name":"eBank","Id":"a0736000000Ew01AAC"}}}}|0x64e31f1a
07:51:52.0 (41676241)|STATEMENT_EXECUTE|[68]
07:51:52.0 (41694435)|VARIABLE_ASSIGNMENT|[EXTERNAL]|this|{"skill":"0x550d5b4d"}|0x64e31f1a
07:51:52.0 (41700553)|VARIABLE_ASSIGNMENT|[EXTERNAL]|value|false
07:51:52.0 (41704077)|HEAP_ALLOCATE|[63]|Bytes:5
07:51:52.0 (41710475)|VARIABLE_ASSIGNMENT|[63]|this.selected|false|0x64e31f1a
07:51:52.0 (41720012)|CONSTRUCTOR_EXIT|[14]|01p360000072SS3|<init>(Employee_Skills__c)
07:51:52.0 (41728247)|HEAP_ALLOCATE|[EXTERNAL]|Bytes:4
07:51:52.0 (41736401)|METHOD_ENTRY|[10]||Database.QueryLocatorIterator.hasNext()
07:51:52.0 (41756037)|METHOD_EXIT|[10]||Database.QueryLocatorIterator.hasNext()
07:51:52.0 (41760598)|METHOD_ENTRY|[10]||Database.QueryLocatorIterator.next()
07:51:52.0 (41821404)|METHOD_EXIT|[10]||Database.QueryLocatorIterator.next()
07:51:52.0 (41827939)|VARIABLE_SCOPE_BEGIN|[10]|c|Employee_Skills__c|true|false
07:51:52.0 (41851552)|VARIABLE_ASSIGNMENT|[10]|c|{"s":1,"v":{"Id":"a0C360000003XRTEA2","Name":"logo","Employee__c":"a0A36000001ygYkEAI","Project__c":"a0736000000Ew01AAC","Status__c":"Pending approval","Employee__r":{"s":2,"v":{"Name":"Andriy Lokotosh","Id":"a0A36000001ygYkEAI"}},"Project__r":{"s":3,"v":{"Name":"eBank","Id":"a0736000000Ew01AAC"}}}}|0x19317b49
07:51:52.0 (41855154)|STATEMENT_EXECUTE|[12]
07:51:52.0 (41856357)|STATEMENT_EXECUTE|[14]
07:51:52.0 (41876296)|VARIABLE_ASSIGNMENT|[EXTERNAL]|this|{"skillsList":"0x4eca82ee"}|0x73f24406
07:51:52.0 (41886362)|HEAP_ALLOCATE|[14]|Bytes:12
07:51:52.0 (41894329)|CONSTRUCTOR_ENTRY|[14]|01p360000072SS3|<init>(Employee_Skills__c)
07:51:52.0 (41898661)|VARIABLE_SCOPE_BEGIN|[66]|this|WrapperEmployeeSkills.wEmployee|true|false
07:51:52.0 (41911219)|VARIABLE_ASSIGNMENT|[66]|this|{}|0x3d1908f1
07:51:52.0 (41913778)|VARIABLE_SCOPE_BEGIN|[66]|s|Employee_Skills__c|true|false
07:51:52.0 (41929235)|VARIABLE_ASSIGNMENT|[66]|s|{"s":1,"v":{"Id":"a0C360000003XRTEA2","Name":"logo","Employee__c":"a0A36000001ygYkEAI","Project__c":"a0736000000Ew01AAC","Status__c":"Pending approval","Employee__r":{"s":2,"v":{"Name":"Andriy Lokotosh","Id":"a0A36000001ygYkEAI"}},"Project__r":{"s":3,"v":{"Name":"eBank","Id":"a0736000000Ew01AAC"}}}}|0x19317b49
07:51:52.0 (41933494)|STATEMENT_EXECUTE|[61]
07:51:52.0 (41934750)|STATEMENT_EXECUTE|[62]
07:51:52.0 (41935832)|STATEMENT_EXECUTE|[63]
07:51:52.0 (41946220)|STATEMENT_EXECUTE|[66]
07:51:52.0 (41947780)|STATEMENT_EXECUTE|[67]
07:51:52.0 (41964378)|VARIABLE_ASSIGNMENT|[EXTERNAL]|this|{}|0x3d1908f1
07:51:52.0 (41980167)|VARIABLE_ASSIGNMENT|[EXTERNAL]|value|{"s":1,"v":{"Id":"a0C360000003XRTEA2","Name":"logo","Employee__c":"a0A36000001ygYkEAI","Project__c":"a0736000000Ew01AAC","Status__c":"Pending approval","Employee__r":{"s":2,"v":{"Name":"Andriy Lokotosh","Id":"a0A36000001ygYkEAI"}},"Project__r":{"s":3,"v":{"Name":"eBank","Id":"a0736000000Ew01AAC"}}}}|0x19317b49
07:51:52.0 (41997950)|VARIABLE_ASSIGNMENT|[62]|this.skill|{"s":1,"v":{"Id":"a0C360000003XRTEA2","Name":"logo","Employee__c":"a0A36000001ygYkEAI","Project__c":"a0736000000Ew01AAC","Status__c":"Pending approval","Employee__r":{"s":2,"v":{"Name":"Andriy Lokotosh","Id":"a0A36000001ygYkEAI"}},"Project__r":{"s":3,"v":{"Name":"eBank","Id":"a0736000000Ew01AAC"}}}}|0x3d1908f1
07:51:52.0 (42005637)|STATEMENT_EXECUTE|[68]
07:51:52.0 (42024880)|VARIABLE_ASSIGNMENT|[EXTERNAL]|this|{"skill":"0x19317b49"}|0x3d1908f1
07:51:52.0 (42031019)|VARIABLE_ASSIGNMENT|[EXTERNAL]|value|false
07:51:52.0 (42034538)|HEAP_ALLOCATE|[63]|Bytes:5
07:51:52.0 (42040650)|VARIABLE_ASSIGNMENT|[63]|this.selected|false|0x3d1908f1
07:51:52.0 (42050040)|CONSTRUCTOR_EXIT|[14]|01p360000072SS3|<init>(Employee_Skills__c)
07:51:52.0 (42058199)|HEAP_ALLOCATE|[EXTERNAL]|Bytes:4
07:51:52.0 (42066315)|METHOD_ENTRY|[10]||Database.QueryLocatorIterator.hasNext()
07:51:52.0 (42085601)|METHOD_EXIT|[10]||Database.QueryLocatorIterator.hasNext()
07:51:52.0 (42090256)|METHOD_ENTRY|[10]||Database.QueryLocatorIterator.next()
07:51:52.0 (42147084)|METHOD_EXIT|[10]||Database.QueryLocatorIterator.next()
07:51:52.0 (42153759)|VARIABLE_SCOPE_BEGIN|[10]|c|Employee_Skills__c|true|false
07:51:52.0 (42175412)|VARIABLE_ASSIGNMENT|[10]|c|{"s":1,"v":{"Id":"a0C360000003sIHEAY","Name":"Test Skill","Employee__c":"a0A36000002STuIEAW","Project__c":"a07360000014vWyAAI","Status__c":"Approved","Employee__r":{"s":2,"v":{"Name":"Jor","Id":"a0A36000002STuIEAW"}},"Project__r":{"s":3,"v":{"Name":"TestProj","Id":"a07360000014vWyAAI"}}}}|0x2f1fb2c
07:51:52.0 (42179413)|STATEMENT_EXECUTE|[12]
07:51:52.0 (42180741)|STATEMENT_EXECUTE|[14]
07:51:52.0 (42200303)|VARIABLE_ASSIGNMENT|[EXTERNAL]|this|{"skillsList":"0x4eca82ee"}|0x73f24406
07:51:52.0 (42210005)|HEAP_ALLOCATE|[14]|Bytes:12
07:51:52.0 (42218014)|CONSTRUCTOR_ENTRY|[14]|01p360000072SS3|<init>(Employee_Skills__c)
07:51:52.0 (42222238)|VARIABLE_SCOPE_BEGIN|[66]|this|WrapperEmployeeSkills.wEmployee|true|false
07:51:52.0 (42235109)|VARIABLE_ASSIGNMENT|[66]|this|{}|0x19c43bf3
07:51:52.0 (42237661)|VARIABLE_SCOPE_BEGIN|[66]|s|Employee_Skills__c|true|false
07:51:52.0 (42253223)|VARIABLE_ASSIGNMENT|[66]|s|{"s":1,"v":{"Id":"a0C360000003sIHEAY","Name":"Test Skill","Employee__c":"a0A36000002STuIEAW","Project__c":"a07360000014vWyAAI","Status__c":"Approved","Employee__r":{"s":2,"v":{"Name":"Jor","Id":"a0A36000002STuIEAW"}},"Project__r":{"s":3,"v":{"Name":"TestProj","Id":"a07360000014vWyAAI"}}}}|0x2f1fb2c
07:51:52.0 (42257215)|STATEMENT_EXECUTE|[61]
07:51:52.0 (42258772)|STATEMENT_EXECUTE|[62]
07:51:52.0 (42259930)|STATEMENT_EXECUTE|[63]
07:51:52.0 (42270309)|STATEMENT_EXECUTE|[66]
07:51:52.0 (42271847)|STATEMENT_EXECUTE|[67]
07:51:52.0 (42291628)|VARIABLE_ASSIGNMENT|[EXTERNAL]|this|{}|0x19c43bf3
07:51:52.0 (42307871)|VARIABLE_ASSIGNMENT|[EXTERNAL]|value|{"s":1,"v":{"Id":"a0C360000003sIHEAY","Name":"Test Skill","Employee__c":"a0A36000002STuIEAW","Project__c":"a07360000014vWyAAI","Status__c":"Approved","Employee__r":{"s":2,"v":{"Name":"Jor","Id":"a0A36000002STuIEAW"}},"Project__r":{"s":3,"v":{"Name":"TestProj","Id":"a07360000014vWyAAI"}}}}|0x2f1fb2c
07:51:52.0 (42325826)|VARIABLE_ASSIGNMENT|[62]|this.skill|{"s":1,"v":{"Id":"a0C360000003sIHEAY","Name":"Test Skill","Employee__c":"a0A36000002STuIEAW","Project__c":"a07360000014vWyAAI","Status__c":"Approved","Employee__r":{"s":2,"v":{"Name":"Jor","Id":"a0A36000002STuIEAW"}},"Project__r":{"s":3,"v":{"Name":"TestProj","Id":"a07360000014vWyAAI"}}}}|0x19c43bf3
07:51:52.0 (42333532)|STATEMENT_EXECUTE|[68]
07:51:52.0 (42352019)|VARIABLE_ASSIGNMENT|[EXTERNAL]|this|{"skill":"0x2f1fb2c"}|0x19c43bf3
07:51:52.0 (42365711)|VARIABLE_ASSIGNMENT|[EXTERNAL]|value|false
07:51:52.0 (42369567)|HEAP_ALLOCATE|[63]|Bytes:5
07:51:52.0 (42376728)|VARIABLE_ASSIGNMENT|[63]|this.selected|false|0x19c43bf3
07:51:52.0 (42387060)|CONSTRUCTOR_EXIT|[14]|01p360000072SS3|<init>(Employee_Skills__c)
07:51:52.0 (42395502)|HEAP_ALLOCATE|[EXTERNAL]|Bytes:4
07:51:52.0 (42405722)|METHOD_ENTRY|[10]||Database.QueryLocatorIterator.hasNext()
07:51:52.0 (42425611)|METHOD_EXIT|[10]||Database.QueryLocatorIterator.hasNext()
07:51:52.0 (42430220)|METHOD_ENTRY|[10]||Database.QueryLocatorIterator.next()
07:51:52.0 (42487354)|METHOD_EXIT|[10]||Database.QueryLocatorIterator.next()
07:51:52.0 (42493982)|VARIABLE_SCOPE_BEGIN|[10]|c|Employee_Skills__c|true|false
07:51:52.0 (42514574)|VARIABLE_ASSIGNMENT|[10]|c|{"s":1,"v":{"Id":"a0C36000000ipqeEAA","Name":"Koloboc","Employee__c":"a0A36000001ygYkEAI","Project__c":"a0736000000Ew01AAC","Status__c":"Approved","Employee__r":{"s":2,"v":{"Name":"Andriy Lokotosh","Id":"a0A36000001ygYkEAI"}},"Project__r":{"s":3,"v":{"Name":"eBank","Id":"a0736000000Ew01AAC"}}}}|0x14e18b7c
07:51:52.0 (42518310)|STATEMENT_EXECUTE|[12]
07:51:52.0 (42519645)|STATEMENT_EXECUTE|[14]
07:51:52.0 (42539153)|VARIABLE_ASSIGNMENT|[EXTERNAL]|this|{"skillsList":"0x4eca82ee"}|0x73f24406
07:51:52.0 (42552990)|HEAP_ALLOCATE|[14]|Bytes:12
07:51:52.0 (42561183)|CONSTRUCTOR_ENTRY|[14]|01p360000072SS3|<init>(Employee_Skills__c)
07:51:52.0 (42565678)|VARIABLE_SCOPE_BEGIN|[66]|this|WrapperEmployeeSkills.wEmployee|true|false
07:51:52.0 (42579407)|VARIABLE_ASSIGNMENT|[66]|this|{}|0x5bc56540
07:51:52.0 (42582039)|VARIABLE_SCOPE_BEGIN|[66]|s|Employee_Skills__c|true|false
07:51:52.0 (42597418)|VARIABLE_ASSIGNMENT|[66]|s|{"s":1,"v":{"Id":"a0C36000000ipqeEAA","Name":"Koloboc","Employee__c":"a0A36000001ygYkEAI","Project__c":"a0736000000Ew01AAC","Status__c":"Approved","Employee__r":{"s":2,"v":{"Name":"Andriy Lokotosh","Id":"a0A36000001ygYkEAI"}},"Project__r":{"s":3,"v":{"Name":"eBank","Id":"a0736000000Ew01AAC"}}}}|0x14e18b7c
07:51:52.0 (42601339)|STATEMENT_EXECUTE|[61]
07:51:52.0 (42602623)|STATEMENT_EXECUTE|[62]
07:51:52.0 (42603671)|STATEMENT_EXECUTE|[63]
07:51:52.0 (42614121)|STATEMENT_EXECUTE|[66]
07:51:52.0 (42615632)|STATEMENT_EXECUTE|[67]
07:51:52.0 (42632312)|VARIABLE_ASSIGNMENT|[EXTERNAL]|this|{}|0x5bc56540
07:51:52.0 (42648329)|VARIABLE_ASSIGNMENT|[EXTERNAL]|value|{"s":1,"v":{"Id":"a0C36000000ipqeEAA","Name":"Koloboc","Employee__c":"a0A36000001ygYkEAI","Project__c":"a0736000000Ew01AAC","Status__c":"Approved","Employee__r":{"s":2,"v":{"Name":"Andriy Lokotosh","Id":"a0A36000001ygYkEAI"}},"Project__r":{"s":3,"v":{"Name":"eBank","Id":"a0736000000Ew01AAC"}}}}|0x14e18b7c
07:51:52.0 (42666082)|VARIABLE_ASSIGNMENT|[62]|this.skill|{"s":1,"v":{"Id":"a0C36000000ipqeEAA","Name":"Koloboc","Employee__c":"a0A36000001ygYkEAI","Project__c":"a0736000000Ew01AAC","Status__c":"Approved","Employee__r":{"s":2,"v":{"Name":"Andriy Lokotosh","Id":"a0A36000001ygYkEAI"}},"Project__r":{"s":3,"v":{"Name":"eBank","Id":"a0736000000Ew01AAC"}}}}|0x5bc56540
07:51:52.0 (42673504)|STATEMENT_EXECUTE|[68]
07:51:52.0 (42691618)|VARIABLE_ASSIGNMENT|[EXTERNAL]|this|{"skill":"0x14e18b7c"}|0x5bc56540
07:51:52.0 (42698021)|VARIABLE_ASSIGNMENT|[EXTERNAL]|value|false
07:51:52.0 (42701548)|HEAP_ALLOCATE|[63]|Bytes:5
07:51:52.0 (42707871)|VARIABLE_ASSIGNMENT|[63]|this.selected|false|0x5bc56540
07:51:52.0 (42717371)|CONSTRUCTOR_EXIT|[14]|01p360000072SS3|<init>(Employee_Skills__c)
07:51:52.0 (42725496)|HEAP_ALLOCATE|[EXTERNAL]|Bytes:4
07:51:52.0 (42733637)|METHOD_ENTRY|[10]||Database.QueryLocatorIterator.hasNext()
07:51:52.0 (42752757)|METHOD_EXIT|[10]||Database.QueryLocatorIterator.hasNext()
07:51:52.0 (42757391)|METHOD_ENTRY|[10]||Database.QueryLocatorIterator.next()
07:51:52.0 (42817715)|METHOD_EXIT|[10]||Database.QueryLocatorIterator.next()
07:51:52.0 (42824119)|VARIABLE_SCOPE_BEGIN|[10]|c|Employee_Skills__c|true|false
07:51:52.0 (42847875)|VARIABLE_ASSIGNMENT|[10]|c|{"s":1,"v":{"Id":"a0C36000000iqFYEAY","Name":"fsdfsd","Employee__c":"a0A36000001ygYkEAI","Project__c":"a0736000000Ew01AAC","Status__c":"Waiting for submit","Employee__r":{"s":2,"v":{"Name":"Andriy Lokotosh","Id":"a0A36000001ygYkEAI"}},"Project__r":{"s":3,"v":{"Name":"eBank","Id":"a0736000000Ew01AAC"}}}}|0x4879c137
07:51:52.0 (42851744)|STATEMENT_EXECUTE|[12]
07:51:52.0 (42852958)|STATEMENT_EXECUTE|[14]
07:51:52.0 (42873124)|VARIABLE_ASSIGNMENT|[EXTERNAL]|this|{"skillsList":"0x4eca82ee"}|0x73f24406
07:51:52.0 (42882937)|HEAP_ALLOCATE|[14]|Bytes:12
07:51:52.0 (42890839)|CONSTRUCTOR_ENTRY|[14]|01p360000072SS3|<init>(Employee_Skills__c)
07:51:52.0 (42895447)|VARIABLE_SCOPE_BEGIN|[66]|this|WrapperEmployeeSkills.wEmployee|true|false
07:51:52.0 (42908511)|VARIABLE_ASSIGNMENT|[66]|this|{}|0x705a6068
07:51:52.0 (42911095)|VARIABLE_SCOPE_BEGIN|[66]|s|Employee_Skills__c|true|false
07:51:52.0 (42926750)|VARIABLE_ASSIGNMENT|[66]|s|{"s":1,"v":{"Id":"a0C36000000iqFYEAY","Name":"fsdfsd","Employee__c":"a0A36000001ygYkEAI","Project__c":"a0736000000Ew01AAC","Status__c":"Waiting for submit","Employee__r":{"s":2,"v":{"Name":"Andriy Lokotosh","Id":"a0A36000001ygYkEAI"}},"Project__r":{"s":3,"v":{"Name":"eBank","Id":"a0736000000Ew01AAC"}}}}|0x4879c137
07:51:52.0 (42931065)|STATEMENT_EXECUTE|[61]
07:51:52.0 (42932405)|STATEMENT_EXECUTE|[62]
07:51:52.0 (42933537)|STATEMENT_EXECUTE|[63]
07:51:52.0 (42943904)|STATEMENT_EXECUTE|[66]
07:51:52.0 (42945447)|STATEMENT_EXECUTE|[67]
07:51:52.0 (42962042)|VARIABLE_ASSIGNMENT|[EXTERNAL]|this|{}|0x705a6068
07:51:52.0 (42978057)|VARIABLE_ASSIGNMENT|[EXTERNAL]|value|{"s":1,"v":{"Id":"a0C36000000iqFYEAY","Name":"fsdfsd","Employee__c":"a0A36000001ygYkEAI","Project__c":"a0736000000Ew01AAC","Status__c":"Waiting for submit","Employee__r":{"s":2,"v":{"Name":"Andriy Lokotosh","Id":"a0A36000001ygYkEAI"}},"Project__r":{"s":3,"v":{"Name":"eBank","Id":"a0736000000Ew01AAC"}}}}|0x4879c137
07:51:52.0 (42996545)|VARIABLE_ASSIGNMENT|[62]|this.skill|{"s":1,"v":{"Id":"a0C36000000iqFYEAY","Name":"fsdfsd","Employee__c":"a0A36000001ygYkEAI","Project__c":"a0736000000Ew01AAC","Status__c":"Waiting for submit","Employee__r":{"s":2,"v":{"Name":"Andriy Lokotosh","Id":"a0A36000001ygYkEAI"}},"Project__r":{"s":3,"v":{"Name":"eBank","Id":"a0736000000Ew01AAC"}}}}|0x705a6068
07:51:52.0 (43004600)|STATEMENT_EXECUTE|[68]
07:51:52.0 (43023805)|VARIABLE_ASSIGNMENT|[EXTERNAL]|this|{"skill":"0x4879c137"}|0x705a6068
07:51:52.0 (43030045)|VARIABLE_ASSIGNMENT|[EXTERNAL]|value|false
07:51:52.0 (43033567)|HEAP_ALLOCATE|[63]|Bytes:5
07:51:52.0 (43039966)|VARIABLE_ASSIGNMENT|[63]|this.selected|false|0x705a6068
07:51:52.0 (43049485)|CONSTRUCTOR_EXIT|[14]|01p360000072SS3|<init>(Employee_Skills__c)
07:51:52.0 (43057602)|HEAP_ALLOCATE|[EXTERNAL]|Bytes:4
07:51:52.0 (43065559)|METHOD_ENTRY|[10]||Database.QueryLocatorIterator.hasNext()
07:51:52.0 (43084521)|METHOD_EXIT|[10]||Database.QueryLocatorIterator.hasNext()
07:51:52.0 (43089261)|METHOD_ENTRY|[10]||Database.QueryLocatorIterator.next()
07:51:52.0 (43145801)|METHOD_EXIT|[10]||Database.QueryLocatorIterator.next()
07:51:52.0 (43152195)|VARIABLE_SCOPE_BEGIN|[10]|c|Employee_Skills__c|true|false
07:51:52.0 (43173158)|VARIABLE_ASSIGNMENT|[10]|c|{"s":1,"v":{"Id":"a0C36000000iqCUEAY","Name":"Tools","Employee__c":"a0A36000001ygYkEAI","Project__c":"a0736000000Ew01AAC","Status__c":"Pending approval","Employee__r":{"s":2,"v":{"Name":"Andriy Lokotosh","Id":"a0A36000001ygYkEAI"}},"Project__r":{"s":3,"v":{"Name":"eBank","Id":"a0736000000Ew01AAC"}}}}|0x68f8af74
07:51:52.0 (43177106)|STATEMENT_EXECUTE|[12]
07:51:52.0 (43178283)|STATEMENT_EXECUTE|[14]
07:51:52.0 (43197585)|VARIABLE_ASSIGNMENT|[EXTERNAL]|this|{"skillsList":"0x4eca82ee"}|0x73f24406
07:51:52.0 (43210678)|HEAP_ALLOCATE|[14]|Bytes:12
07:51:52.0 (43218908)|CONSTRUCTOR_ENTRY|[14]|01p360000072SS3|<init>(Employee_Skills__c)
07:51:52.0 (43223194)|VARIABLE_SCOPE_BEGIN|[66]|this|WrapperEmployeeSkills.wEmployee|true|false
07:51:52.0 (43236666)|VARIABLE_ASSIGNMENT|[66]|this|{}|0x18e7384e
07:51:52.0 (43242014)|VARIABLE_SCOPE_BEGIN|[66]|s|Employee_Skills__c|true|false
07:51:52.0 (43257867)|VARIABLE_ASSIGNMENT|[66]|s|{"s":1,"v":{"Id":"a0C36000000iqCUEAY","Name":"Tools","Employee__c":"a0A36000001ygYkEAI","Project__c":"a0736000000Ew01AAC","Status__c":"Pending approval","Employee__r":{"s":2,"v":{"Name":"Andriy Lokotosh","Id":"a0A36000001ygYkEAI"}},"Project__r":{"s":3,"v":{"Name":"eBank","Id":"a0736000000Ew01AAC"}}}}|0x68f8af74
07:51:52.0 (43262228)|STATEMENT_EXECUTE|[61]
07:51:52.0 (43263535)|STATEMENT_EXECUTE|[62]
07:51:52.0 (43264641)|STATEMENT_EXECUTE|[63]
07:51:52.0 (43275192)|STATEMENT_EXECUTE|[66]
07:51:52.0 (43276867)|STATEMENT_EXECUTE|[67]
07:51:52.0 (43293907)|VARIABLE_ASSIGNMENT|[EXTERNAL]|this|{}|0x18e7384e
07:51:52.0 (43309546)|VARIABLE_ASSIGNMENT|[EXTERNAL]|value|{"s":1,"v":{"Id":"a0C36000000iqCUEAY","Name":"Tools","Employee__c":"a0A36000001ygYkEAI","Project__c":"a0736000000Ew01AAC","Status__c":"Pending approval","Employee__r":{"s":2,"v":{"Name":"Andriy Lokotosh","Id":"a0A36000001ygYkEAI"}},"Project__r":{"s":3,"v":{"Name":"eBank","Id":"a0736000000Ew01AAC"}}}}|0x68f8af74
07:51:52.0 (43326966)|VARIABLE_ASSIGNMENT|[62]|this.skill|{"s":1,"v":{"Id":"a0C36000000iqCUEAY","Name":"Tools","Employee__c":"a0A36000001ygYkEAI","Project__c":"a0736000000Ew01AAC","Status__c":"Pending approval","Employee__r":{"s":2,"v":{"Name":"Andriy Lokotosh","Id":"a0A36000001ygYkEAI"}},"Project__r":{"s":3,"v":{"Name":"eBank","Id":"a0736000000Ew01AAC"}}}}|0x18e7384e
07:51:52.0 (43334562)|STATEMENT_EXECUTE|[68]
07:51:52.0 (43352829)|VARIABLE_ASSIGNMENT|[EXTERNAL]|this|{"skill":"0x68f8af74"}|0x18e7384e
07:51:52.0 (43359218)|VARIABLE_ASSIGNMENT|[EXTERNAL]|value|false
07:51:52.0 (43362636)|HEAP_ALLOCATE|[63]|Bytes:5
07:51:52.0 (43368838)|VARIABLE_ASSIGNMENT|[63]|this.selected|false|0x18e7384e
07:51:52.0 (43378471)|CONSTRUCTOR_EXIT|[14]|01p360000072SS3|<init>(Employee_Skills__c)
07:51:52.0 (43386711)|HEAP_ALLOCATE|[EXTERNAL]|Bytes:4
07:51:52.0 (43394796)|METHOD_ENTRY|[10]||Database.QueryLocatorIterator.hasNext()
07:51:52.0 (43408167)|METHOD_EXIT|[10]||Database.QueryLocatorIterator.hasNext()
07:51:52.0 (43415997)|VARIABLE_ASSIGNMENT|[10]|c|null|
07:51:52.0 (43439390)|STATEMENT_EXECUTE|[17]
07:51:52.0 (43473436)|VARIABLE_ASSIGNMENT|[EXTERNAL]|this|{"skillsList":"0x4eca82ee"}|0x73f24406
07:51:52.0 (43488553)|SYSTEM_MODE_EXIT|false
07:51:52.0 (43503662)|CODE_UNIT_FINISHED|WrapperEmployeeSkills invoke(getEmployeeSkills)
07:51:52.0 (43529240)|CODE_UNIT_FINISHED|WrapperEmployeeSkills get(EmployeeSkills)
07:51:52.0 (44090782)|CODE_UNIT_STARTED|[EXTERNAL]|01p360000072SS3|skill
07:51:52.0 (44108650)|CODE_UNIT_FINISHED|skill
07:51:52.0 (116118924)|CODE_UNIT_STARTED|[EXTERNAL]|01p360000072SS3|selected
07:51:52.0 (116153975)|CODE_UNIT_FINISHED|selected
07:51:52.0 (119158901)|CODE_UNIT_STARTED|[EXTERNAL]|01p360000072SS3|selected
07:51:52.0 (119177119)|CODE_UNIT_FINISHED|selected
07:51:52.0 (119281661)|CODE_UNIT_STARTED|[EXTERNAL]|01p360000072SS3|skill
07:51:52.0 (119295138)|CODE_UNIT_FINISHED|skill
07:51:52.0 (121568142)|CODE_UNIT_STARTED|[EXTERNAL]|01p360000072SS3|selected
07:51:52.0 (121582607)|CODE_UNIT_FINISHED|selected
07:51:52.0 (121685505)|CODE_UNIT_STARTED|[EXTERNAL]|01p360000072SS3|skill
07:51:52.0 (121698097)|CODE_UNIT_FINISHED|skill
07:51:52.0 (123859516)|CODE_UNIT_STARTED|[EXTERNAL]|01p360000072SS3|selected
07:51:52.0 (123873872)|CODE_UNIT_FINISHED|selected
07:51:52.0 (123972332)|CODE_UNIT_STARTED|[EXTERNAL]|01p360000072SS3|skill
07:51:52.0 (123984493)|CODE_UNIT_FINISHED|skill
07:51:52.0 (126188303)|CODE_UNIT_STARTED|[EXTERNAL]|01p360000072SS3|selected
07:51:52.0 (126202832)|CODE_UNIT_FINISHED|selected
07:51:52.0 (126303188)|CODE_UNIT_STARTED|[EXTERNAL]|01p360000072SS3|skill
07:51:52.0 (126315664)|CODE_UNIT_FINISHED|skill
07:51:52.0 (128450376)|CODE_UNIT_STARTED|[EXTERNAL]|01p360000072SS3|selected
07:51:52.0 (128464584)|CODE_UNIT_FINISHED|selected
07:51:52.0 (128573387)|CODE_UNIT_STARTED|[EXTERNAL]|01p360000072SS3|skill
07:51:52.0 (128585952)|CODE_UNIT_FINISHED|skill
07:51:52.0 (130719591)|CODE_UNIT_STARTED|[EXTERNAL]|01p360000072SS3|selected
07:51:52.0 (130733827)|CODE_UNIT_FINISHED|selected
07:51:52.0 (130833069)|CODE_UNIT_STARTED|[EXTERNAL]|01p360000072SS3|skill
07:51:52.0 (130845401)|CODE_UNIT_FINISHED|skill
07:51:52.0 (132979651)|CODE_UNIT_STARTED|[EXTERNAL]|01p360000072SS3|selected
07:51:52.0 (132997249)|CODE_UNIT_FINISHED|selected
07:51:52.0 (133095577)|CODE_UNIT_STARTED|[EXTERNAL]|01p360000072SS3|skill
07:51:52.0 (133108560)|CODE_UNIT_FINISHED|skill
07:51:52.0 (135265308)|CODE_UNIT_STARTED|[EXTERNAL]|01p360000072SS3|selected
07:51:52.0 (135279562)|CODE_UNIT_FINISHED|selected
07:51:52.0 (135383405)|CODE_UNIT_STARTED|[EXTERNAL]|01p360000072SS3|skill
07:51:52.0 (135395719)|CODE_UNIT_FINISHED|skill
07:51:52.0 (137516976)|CODE_UNIT_STARTED|[EXTERNAL]|01p360000072SS3|selected
07:51:52.0 (137531101)|CODE_UNIT_FINISHED|selected
07:51:52.0 (137637985)|CODE_UNIT_STARTED|[EXTERNAL]|01p360000072SS3|skill
07:51:52.0 (137650162)|CODE_UNIT_FINISHED|skill
07:51:52.0 (139801228)|CODE_UNIT_STARTED|[EXTERNAL]|01p360000072SS3|selected
07:51:52.0 (139815411)|CODE_UNIT_FINISHED|selected
07:51:52.0 (139913956)|CODE_UNIT_STARTED|[EXTERNAL]|01p360000072SS3|skill
07:51:52.0 (139926276)|CODE_UNIT_FINISHED|skill
07:51:52.0 (142062973)|CODE_UNIT_STARTED|[EXTERNAL]|01p360000072SS3|selected
07:51:52.0 (142077259)|CODE_UNIT_FINISHED|selected
07:51:52.0 (142176486)|CODE_UNIT_STARTED|[EXTERNAL]|01p360000072SS3|skill
07:51:52.0 (142188766)|CODE_UNIT_FINISHED|skill
07:51:52.0 (144343617)|CODE_UNIT_STARTED|[EXTERNAL]|01p360000072SS3|selected
07:51:52.0 (144357972)|CODE_UNIT_FINISHED|selected
07:51:52.0 (144457525)|CODE_UNIT_STARTED|[EXTERNAL]|01p360000072SS3|skill
07:51:52.0 (144469881)|CODE_UNIT_FINISHED|skill
07:51:52.0 (146608783)|CODE_UNIT_STARTED|[EXTERNAL]|01p360000072SS3|selected
07:51:52.0 (146622995)|CODE_UNIT_FINISHED|selected
07:51:52.0 (146749259)|CODE_UNIT_STARTED|[EXTERNAL]|01p360000072SS3|skill
07:51:52.0 (146761891)|CODE_UNIT_FINISHED|skill
07:51:52.0 (148885138)|CODE_UNIT_STARTED|[EXTERNAL]|01p360000072SS3|selected
07:51:52.0 (148899098)|CODE_UNIT_FINISHED|selected
07:51:52.0 (148996619)|CODE_UNIT_STARTED|[EXTERNAL]|01p360000072SS3|skill
07:51:52.0 (149009117)|CODE_UNIT_FINISHED|skill
07:51:52.0 (151190182)|CODE_UNIT_STARTED|[EXTERNAL]|01p360000072SS3|selected
07:51:52.0 (151204677)|CODE_UNIT_FINISHED|selected
07:51:52.0 (151305599)|CODE_UNIT_STARTED|[EXTERNAL]|01p360000072SS3|skill
07:51:52.0 (151318097)|CODE_UNIT_FINISHED|skill
07:51:52.0 (156754409)|VF_SERIALIZE_VIEWSTATE_BEGIN|06636000001VcbV
07:51:52.0 (170623913)|VF_SERIALIZE_VIEWSTATE_END
07:51:52.0 (186794933)|CODE_UNIT_STARTED|[EXTERNAL]|Generate Metadata
07:51:52.0 (192851034)|CODE_UNIT_FINISHED|Generate Metadata
07:51:52.198 (198336605)|CUMULATIVE_LIMIT_USAGE
07:51:52.198 (198336605)|LIMIT_USAGE_FOR_NS|(default)|
  Number of SOQL queries: 1 out of 100
  Number of query rows: 16 out of 50000
  Number of SOSL queries: 0 out of 20
  Number of DML statements: 0 out of 150
  Number of DML rows: 0 out of 10000
  Maximum CPU time: 0 out of 10000
  Maximum heap size: 0 out of 6000000
  Number of callouts: 0 out of 100
  Number of Email Invocations: 0 out of 10
  Number of future calls: 0 out of 50
  Number of queueable jobs added to the queue: 0 out of 50
  Number of Mobile Apex push calls: 0 out of 10

07:51:52.198 (198336605)|CUMULATIVE_LIMIT_USAGE_END

07:51:52.0 (198389897)|CODE_UNIT_FINISHED|VF: /apex/AprooveWraper
07:51:52.0 (199686059)|EXECUTION_FINISHED
