36.0 APEX_CODE,FINEST;APEX_PROFILING,INFO;CALLOUT,INFO;DB,INFO;SYSTEM,DEBUG;VALIDATION,INFO;VISUALFORCE,INFO;WORKFLOW,INFO
04:54:05.0 (86961)|EXECUTION_STARTED
04:54:05.0 (149241)|CODE_UNIT_STARTED|[EXTERNAL]|06636000002n7XB|VF: /apex/DraftsToPersonTable
04:54:05.0 (7684305)|CODE_UNIT_STARTED|[EXTERNAL]|01p360000074pQr|DraftsToPersons <init>
04:54:05.0 (7701509)|SYSTEM_MODE_ENTER|true
04:54:05.0 (8176277)|HEAP_ALLOCATE|[72]|Bytes:3
04:54:05.0 (8236065)|HEAP_ALLOCATE|[77]|Bytes:152
04:54:05.0 (8257268)|HEAP_ALLOCATE|[342]|Bytes:408
04:54:05.0 (8278525)|HEAP_ALLOCATE|[355]|Bytes:408
04:54:05.0 (8297355)|HEAP_ALLOCATE|[467]|Bytes:48
04:54:05.0 (8343560)|HEAP_ALLOCATE|[139]|Bytes:6
04:54:05.0 (8438040)|HEAP_ALLOCATE|[EXTERNAL]|Bytes:10
04:54:05.0 (8445639)|HEAP_ALLOCATE|[EXTERNAL]|Bytes:144
04:54:05.0 (8449151)|HEAP_ALLOCATE|[EXTERNAL]|Bytes:21
04:54:05.0 (8466321)|METHOD_ENTRY|[1]|01p360000074pQr|DraftsToPersons.DraftsToPersons()
04:54:05.0 (8472010)|STATEMENT_EXECUTE|[1]
04:54:05.0 (8480862)|STATEMENT_EXECUTE|[1]
04:54:05.0 (8519393)|HEAP_ALLOCATE|[50]|Bytes:5
04:54:05.0 (8546921)|HEAP_ALLOCATE|[56]|Bytes:5
04:54:05.0 (8557576)|HEAP_ALLOCATE|[64]|Bytes:7
04:54:05.0 (8586244)|SYSTEM_MODE_ENTER|false
04:54:05.0 (8604933)|HEAP_ALLOCATE|[EXTERNAL]|Bytes:5
04:54:05.0 (8609115)|STATEMENT_EXECUTE|[67]
04:54:05.0 (8615000)|SYSTEM_MODE_EXIT|false
04:54:05.0 (8629436)|METHOD_EXIT|[1]|DraftsToPersons
04:54:05.0 (8637053)|HEAP_ALLOCATE|[EXTERNAL]|Bytes:20
04:54:05.0 (8645679)|VARIABLE_SCOPE_BEGIN|[7]|this|DraftsToPersons|true|false
04:54:05.0 (8702294)|VARIABLE_ASSIGNMENT|[7]|this|{}|0x44504d87
04:54:05.0 (8715210)|SYSTEM_MODE_ENTER|false
04:54:05.0 (8720047)|HEAP_ALLOCATE|[EXTERNAL]|Bytes:5
04:54:05.0 (8723482)|STATEMENT_EXECUTE|[1]
04:54:05.0 (8726012)|HEAP_ALLOCATE|[EXTERNAL]|Bytes:5
04:54:05.0 (8727783)|STATEMENT_EXECUTE|[2]
04:54:05.0 (8728896)|STATEMENT_EXECUTE|[3]
04:54:05.0 (8730143)|STATEMENT_EXECUTE|[4]
04:54:05.0 (8731082)|STATEMENT_EXECUTE|[5]
04:54:05.0 (8740961)|HEAP_ALLOCATE|[EXTERNAL]|Bytes:6
04:54:05.0 (8766267)|STATEMENT_EXECUTE|[8]
04:54:05.0 (8771586)|SYSTEM_MODE_EXIT|false
04:54:05.0 (8790707)|CODE_UNIT_FINISHED|DraftsToPersons <init>
04:54:05.0 (8844128)|CODE_UNIT_STARTED|[EXTERNAL]|01p360000074pQr|DraftsToPersons get(Persons)
04:54:05.0 (8852927)|SYSTEM_MODE_ENTER|true
04:54:05.0 (8880414)|CODE_UNIT_STARTED|[EXTERNAL]|01p360000074pQr|DraftsToPersons invoke(getPersons)
04:54:05.0 (8918539)|HEAP_ALLOCATE|[EXTERNAL]|Bytes:20
04:54:05.0 (8925533)|VARIABLE_SCOPE_BEGIN|[22]|this|DraftsToPersons|true|false
04:54:05.0 (8943709)|VARIABLE_ASSIGNMENT|[22]|this|{}|0x44504d87
04:54:05.0 (8959358)|SYSTEM_MODE_ENTER|false
04:54:05.0 (8964049)|HEAP_ALLOCATE|[24]|Bytes:5
04:54:05.0 (8967547)|STATEMENT_EXECUTE|[23]
04:54:05.0 (9023171)|VARIABLE_ASSIGNMENT|[EXTERNAL]|this|{}|0x44504d87
04:54:05.0 (9037117)|STATEMENT_EXECUTE|[25]
04:54:05.0 (9042986)|STATEMENT_EXECUTE|[26]
04:54:05.0 (9046656)|HEAP_ALLOCATE|[26]|Bytes:41
04:54:05.0 (9059262)|HEAP_ALLOCATE|[26]|Bytes:4
04:54:05.0 (9456704)|SOQL_EXECUTE_BEGIN|[26]|Aggregations:0|SELECT id, Name FROM Person__c LIMIT 1000
04:54:05.0 (12430210)|SOQL_EXECUTE_END|[26]|Rows:2
04:54:05.0 (12465331)|HEAP_ALLOCATE|[26]|Bytes:12
04:54:05.0 (12495465)|HEAP_ALLOCATE|[26]|Bytes:97
04:54:05.0 (12609763)|HEAP_ALLOCATE|[26]|Bytes:12
04:54:05.0 (12647991)|VARIABLE_ASSIGNMENT|[EXTERNAL]|this|{}|0x44504d87
04:54:05.0 (12688255)|VARIABLE_ASSIGNMENT|[EXTERNAL]|value|{"s":1,"v":[{"s":2,"v":{"Id":"a0N36000000xneOEAQ","Name":"Andiy Lokotosh"}},{"s":3,"v":{"Id":"a0N36000000xneTEAQ","Name":"Jon Smith"}}]}|0x79c5b3cd
04:54:05.0 (12718816)|VARIABLE_ASSIGNMENT|[3]|this.pers|{"s":1,"v":[{"s":2,"v":{"Id":"a0N36000000xneOEAQ","Name":"Andiy Lokotosh"}},{"s":3,"v":{"Id":"a0N36000000xneTEAQ","Name":"Jon Smith"}}]}|0x44504d87
04:54:05.0 (12728414)|STATEMENT_EXECUTE|[29]
04:54:05.0 (12775930)|VARIABLE_ASSIGNMENT|[EXTERNAL]|this|{"pers":"0x79c5b3cd"}|0x44504d87
04:54:05.0 (12790493)|SYSTEM_MODE_EXIT|false
04:54:05.0 (12805898)|CODE_UNIT_FINISHED|DraftsToPersons invoke(getPersons)
04:54:05.0 (12826420)|CODE_UNIT_FINISHED|DraftsToPersons get(Persons)
04:54:05.46 (46897786)|CUMULATIVE_LIMIT_USAGE
04:54:05.46 (46897786)|LIMIT_USAGE_FOR_NS|(default)|
  Number of SOQL queries: 1 out of 100
  Number of query rows: 2 out of 50000
  Number of SOSL queries: 0 out of 20
  Number of DML statements: 0 out of 150
  Number of DML rows: 0 out of 10000
  Maximum CPU time: 0 out of 10000
  Maximum heap size: 0 out of 6000000
  Number of callouts: 0 out of 100
  Number of Email Invocations: 0 out of 10
  Number of future calls: 0 out of 50
  Number of queueable jobs added to the queue: 0 out of 50
  Number of Mobile Apex push calls: 0 out of 10

04:54:05.46 (46897786)|CUMULATIVE_LIMIT_USAGE_END

04:54:05.0 (46984169)|CODE_UNIT_FINISHED|VF: /apex/DraftsToPersonTable
04:54:05.0 (48034566)|EXECUTION_FINISHED
