36.0 APEX_CODE,FINEST;APEX_PROFILING,INFO;CALLOUT,INFO;DB,INFO;SYSTEM,DEBUG;VALIDATION,INFO;VISUALFORCE,INFO;WORKFLOW,INFO
08:53:16.0 (470896)|EXECUTION_STARTED
08:53:16.0 (504848)|CODE_UNIT_STARTED|[EXTERNAL]|01p36000005H3V7|expansesController.getExpenses
08:53:16.0 (788916)|HEAP_ALLOCATE|[72]|Bytes:3
08:53:16.0 (853335)|HEAP_ALLOCATE|[77]|Bytes:152
08:53:16.0 (875909)|HEAP_ALLOCATE|[342]|Bytes:408
08:53:16.0 (897701)|HEAP_ALLOCATE|[355]|Bytes:408
08:53:16.0 (918334)|HEAP_ALLOCATE|[467]|Bytes:48
08:53:16.0 (961672)|HEAP_ALLOCATE|[139]|Bytes:6
08:53:16.0 (987421)|HEAP_ALLOCATE|[EXTERNAL]|Bytes:4
08:53:16.0 (1006354)|METHOD_ENTRY|[1]|01p36000005H3V7|expansesController.expansesController()
08:53:16.0 (1011953)|STATEMENT_EXECUTE|[1]
08:53:16.0 (1020537)|STATEMENT_EXECUTE|[1]
08:53:16.0 (1060996)|HEAP_ALLOCATE|[50]|Bytes:5
08:53:16.0 (1088505)|HEAP_ALLOCATE|[56]|Bytes:5
08:53:16.0 (1097170)|HEAP_ALLOCATE|[64]|Bytes:7
08:53:16.0 (1125531)|SYSTEM_MODE_ENTER|false
08:53:16.0 (1147819)|HEAP_ALLOCATE|[EXTERNAL]|Bytes:5
08:53:16.0 (1155432)|SYSTEM_MODE_EXIT|false
08:53:16.0 (1168427)|METHOD_EXIT|[1]|expansesController
08:53:16.0 (1177041)|SYSTEM_MODE_ENTER|false
08:53:16.0 (1191725)|HEAP_ALLOCATE|[6]|Bytes:5
08:53:16.0 (1194979)|STATEMENT_EXECUTE|[3]
08:53:16.0 (1196508)|STATEMENT_EXECUTE|[6]
08:53:16.0 (1200233)|HEAP_ALLOCATE|[6]|Bytes:90
08:53:16.0 (1212722)|HEAP_ALLOCATE|[6]|Bytes:4
08:53:16.0 (1572793)|SOQL_EXECUTE_BEGIN|[6]|Aggregations:0|SELECT Id, Name, Amount__c, Client__c, Date__c, Reimbursed__c, CreatedDate FROM Expense__c
08:53:16.0 (4921420)|SOQL_EXECUTE_END|[6]|Rows:7
08:53:16.0 (4949618)|HEAP_ALLOCATE|[6]|Bytes:32
08:53:16.0 (4984709)|HEAP_ALLOCATE|[6]|Bytes:1030
08:53:16.0 (5027005)|HEAP_ALLOCATE|[6]|Bytes:32
08:53:16.0 (5046486)|SYSTEM_MODE_EXIT|false
08:53:16.5 (5096134)|CUMULATIVE_LIMIT_USAGE
08:53:16.5 (5096134)|LIMIT_USAGE_FOR_NS|(default)|
  Number of SOQL queries: 1 out of 100
  Number of query rows: 7 out of 50000
  Number of SOSL queries: 0 out of 20
  Number of DML statements: 0 out of 150
  Number of DML rows: 0 out of 10000
  Maximum CPU time: 0 out of 10000
  Maximum heap size: 0 out of 6000000
  Number of callouts: 0 out of 100
  Number of Email Invocations: 0 out of 10
  Number of future calls: 0 out of 50
  Number of queueable jobs added to the queue: 0 out of 50
  Number of Mobile Apex push calls: 0 out of 10

08:53:16.5 (5096134)|CUMULATIVE_LIMIT_USAGE_END

08:53:16.0 (5148460)|CODE_UNIT_FINISHED|expansesController.getExpenses
08:53:16.0 (7635372)|EXECUTION_FINISHED
