36.0 APEX_CODE,FINEST;APEX_PROFILING,INFO;CALLOUT,INFO;DB,INFO;SYSTEM,DEBUG;VALIDATION,INFO;VISUALFORCE,INFO;WORKFLOW,INFO
08:57:55.0 (448911)|EXECUTION_STARTED
08:57:55.0 (497763)|CODE_UNIT_STARTED|[EXTERNAL]|0663600000268wV|VF: /apex/EmployeeDetailPage_SLDS
08:57:55.63 (63827034)|CUMULATIVE_LIMIT_USAGE
08:57:55.63 (63827034)|LIMIT_USAGE_FOR_NS|(default)|
  Number of SOQL queries: 0 out of 100
  Number of query rows: 0 out of 50000
  Number of SOSL queries: 0 out of 20
  Number of DML statements: 0 out of 150
  Number of DML rows: 0 out of 10000
  Maximum CPU time: 0 out of 10000
  Maximum heap size: 0 out of 6000000
  Number of callouts: 0 out of 100
  Number of Email Invocations: 0 out of 10
  Number of future calls: 0 out of 50
  Number of queueable jobs added to the queue: 0 out of 50
  Number of Mobile Apex push calls: 0 out of 10

08:57:55.63 (63827034)|CUMULATIVE_LIMIT_USAGE_END

08:57:55.0 (63887558)|CODE_UNIT_FINISHED|VF: /apex/EmployeeDetailPage_SLDS
08:57:55.0 (64962107)|EXECUTION_FINISHED
