36.0 APEX_CODE,FINEST;APEX_PROFILING,INFO;CALLOUT,INFO;DB,INFO;SYSTEM,DEBUG;VALIDATION,INFO;VISUALFORCE,INFO;WORKFLOW,INFO
04:51:48.0 (93462)|EXECUTION_STARTED
04:51:48.0 (129784)|CODE_UNIT_STARTED|[EXTERNAL]|06636000002n7XB|VF: /apex/DraftsToPersonTable
04:51:48.0 (3214604)|CODE_UNIT_STARTED|[EXTERNAL]|01p360000074pQr|DraftsToPersons <init>
04:51:48.0 (3230169)|SYSTEM_MODE_ENTER|true
04:51:48.0 (3750881)|HEAP_ALLOCATE|[72]|Bytes:3
04:51:48.0 (3817022)|HEAP_ALLOCATE|[77]|Bytes:152
04:51:48.0 (3839993)|HEAP_ALLOCATE|[342]|Bytes:408
04:51:48.0 (3861896)|HEAP_ALLOCATE|[355]|Bytes:408
04:51:48.0 (3887219)|HEAP_ALLOCATE|[467]|Bytes:48
04:51:48.0 (3931690)|HEAP_ALLOCATE|[139]|Bytes:6
04:51:48.0 (4032251)|HEAP_ALLOCATE|[EXTERNAL]|Bytes:10
04:51:48.0 (4040054)|HEAP_ALLOCATE|[EXTERNAL]|Bytes:144
04:51:48.0 (4043419)|HEAP_ALLOCATE|[EXTERNAL]|Bytes:21
04:51:48.0 (4062097)|METHOD_ENTRY|[1]|01p360000074pQr|DraftsToPersons.DraftsToPersons()
04:51:48.0 (4068579)|STATEMENT_EXECUTE|[1]
04:51:48.0 (4077757)|STATEMENT_EXECUTE|[1]
04:51:48.0 (4122832)|HEAP_ALLOCATE|[50]|Bytes:5
04:51:48.0 (4152225)|HEAP_ALLOCATE|[56]|Bytes:5
04:51:48.0 (4161624)|HEAP_ALLOCATE|[64]|Bytes:7
04:51:48.0 (4189076)|SYSTEM_MODE_ENTER|false
04:51:48.0 (4209183)|HEAP_ALLOCATE|[EXTERNAL]|Bytes:5
04:51:48.0 (4213764)|STATEMENT_EXECUTE|[67]
04:51:48.0 (4219220)|SYSTEM_MODE_EXIT|false
04:51:48.0 (4234064)|METHOD_EXIT|[1]|DraftsToPersons
04:51:48.0 (4240695)|HEAP_ALLOCATE|[EXTERNAL]|Bytes:20
04:51:48.0 (4251319)|VARIABLE_SCOPE_BEGIN|[7]|this|DraftsToPersons|true|false
04:51:48.0 (4311828)|VARIABLE_ASSIGNMENT|[7]|this|{}|0x2f839070
04:51:48.0 (4327168)|SYSTEM_MODE_ENTER|false
04:51:48.0 (4332426)|HEAP_ALLOCATE|[EXTERNAL]|Bytes:5
04:51:48.0 (4336156)|STATEMENT_EXECUTE|[1]
04:51:48.0 (4338722)|HEAP_ALLOCATE|[EXTERNAL]|Bytes:5
04:51:48.0 (4340648)|STATEMENT_EXECUTE|[2]
04:51:48.0 (4342263)|STATEMENT_EXECUTE|[3]
04:51:48.0 (4343390)|STATEMENT_EXECUTE|[4]
04:51:48.0 (4344349)|STATEMENT_EXECUTE|[5]
04:51:48.0 (4353920)|HEAP_ALLOCATE|[EXTERNAL]|Bytes:6
04:51:48.0 (4380769)|STATEMENT_EXECUTE|[8]
04:51:48.0 (4384835)|SYSTEM_MODE_EXIT|false
04:51:48.0 (4406604)|CODE_UNIT_FINISHED|DraftsToPersons <init>
04:51:48.0 (4462268)|CODE_UNIT_STARTED|[EXTERNAL]|01p360000074pQr|DraftsToPersons get(Persons)
04:51:48.0 (4470795)|SYSTEM_MODE_ENTER|true
04:51:48.0 (4499223)|CODE_UNIT_STARTED|[EXTERNAL]|01p360000074pQr|DraftsToPersons invoke(getPersons)
04:51:48.0 (4537084)|HEAP_ALLOCATE|[EXTERNAL]|Bytes:20
04:51:48.0 (4544422)|VARIABLE_SCOPE_BEGIN|[22]|this|DraftsToPersons|true|false
04:51:48.0 (4563162)|VARIABLE_ASSIGNMENT|[22]|this|{}|0x2f839070
04:51:48.0 (4579861)|SYSTEM_MODE_ENTER|false
04:51:48.0 (4584682)|HEAP_ALLOCATE|[24]|Bytes:5
04:51:48.0 (4588438)|STATEMENT_EXECUTE|[23]
04:51:48.0 (4649560)|VARIABLE_ASSIGNMENT|[EXTERNAL]|this|{}|0x2f839070
04:51:48.0 (4666077)|STATEMENT_EXECUTE|[25]
04:51:48.0 (4667803)|STATEMENT_EXECUTE|[26]
04:51:48.0 (4671453)|HEAP_ALLOCATE|[26]|Bytes:41
04:51:48.0 (4688105)|HEAP_ALLOCATE|[26]|Bytes:4
04:51:48.0 (5006558)|SOQL_EXECUTE_BEGIN|[26]|Aggregations:0|SELECT id, Name FROM Person__c LIMIT 1000
04:51:48.0 (7925833)|SOQL_EXECUTE_END|[26]|Rows:2
04:51:48.0 (7949862)|HEAP_ALLOCATE|[26]|Bytes:12
04:51:48.0 (7971012)|HEAP_ALLOCATE|[26]|Bytes:97
04:51:48.0 (8085358)|HEAP_ALLOCATE|[26]|Bytes:12
04:51:48.0 (8128199)|VARIABLE_ASSIGNMENT|[EXTERNAL]|this|{}|0x2f839070
04:51:48.0 (8168588)|VARIABLE_ASSIGNMENT|[EXTERNAL]|value|{"s":1,"v":[{"s":2,"v":{"Id":"a0N36000000xneOEAQ","Name":"Andiy Lokotosh"}},{"s":3,"v":{"Id":"a0N36000000xneTEAQ","Name":"Jon Smith"}}]}|0xb07f302
04:51:48.0 (8194759)|VARIABLE_ASSIGNMENT|[3]|this.pers|{"s":1,"v":[{"s":2,"v":{"Id":"a0N36000000xneOEAQ","Name":"Andiy Lokotosh"}},{"s":3,"v":{"Id":"a0N36000000xneTEAQ","Name":"Jon Smith"}}]}|0x2f839070
04:51:48.0 (8205529)|STATEMENT_EXECUTE|[29]
04:51:48.0 (8251886)|VARIABLE_ASSIGNMENT|[EXTERNAL]|this|{"pers":"0xb07f302"}|0x2f839070
04:51:48.0 (8264613)|SYSTEM_MODE_EXIT|false
04:51:48.0 (8280298)|CODE_UNIT_FINISHED|DraftsToPersons invoke(getPersons)
04:51:48.0 (8300810)|CODE_UNIT_FINISHED|DraftsToPersons get(Persons)
04:51:48.36 (36702712)|CUMULATIVE_LIMIT_USAGE
04:51:48.36 (36702712)|LIMIT_USAGE_FOR_NS|(default)|
  Number of SOQL queries: 1 out of 100
  Number of query rows: 2 out of 50000
  Number of SOSL queries: 0 out of 20
  Number of DML statements: 0 out of 150
  Number of DML rows: 0 out of 10000
  Maximum CPU time: 0 out of 10000
  Maximum heap size: 0 out of 6000000
  Number of callouts: 0 out of 100
  Number of Email Invocations: 0 out of 10
  Number of future calls: 0 out of 50
  Number of queueable jobs added to the queue: 0 out of 50
  Number of Mobile Apex push calls: 0 out of 10

04:51:48.36 (36702712)|CUMULATIVE_LIMIT_USAGE_END

04:51:48.0 (36763458)|CODE_UNIT_FINISHED|VF: /apex/DraftsToPersonTable
04:51:48.0 (37768749)|EXECUTION_FINISHED
