36.0 APEX_CODE,FINEST;APEX_PROFILING,INFO;CALLOUT,INFO;DB,INFO;SYSTEM,DEBUG;VALIDATION,INFO;VISUALFORCE,INFO;WORKFLOW,INFO
09:02:11.0 (92714)|EXECUTION_STARTED
09:02:11.0 (130176)|CODE_UNIT_STARTED|[EXTERNAL]|01p36000005H3V7|expansesController.getExpenses
09:02:11.0 (314887)|HEAP_ALLOCATE|[72]|Bytes:3
09:02:11.0 (378484)|HEAP_ALLOCATE|[77]|Bytes:152
09:02:11.0 (397828)|HEAP_ALLOCATE|[342]|Bytes:408
09:02:11.0 (419084)|HEAP_ALLOCATE|[355]|Bytes:408
09:02:11.0 (438467)|HEAP_ALLOCATE|[467]|Bytes:48
09:02:11.0 (482830)|HEAP_ALLOCATE|[139]|Bytes:6
09:02:11.0 (586331)|HEAP_ALLOCATE|[EXTERNAL]|Bytes:4
09:02:11.0 (608254)|METHOD_ENTRY|[1]|01p36000005H3V7|expansesController.expansesController()
09:02:11.0 (614221)|STATEMENT_EXECUTE|[1]
09:02:11.0 (623555)|STATEMENT_EXECUTE|[1]
09:02:11.0 (660315)|HEAP_ALLOCATE|[50]|Bytes:5
09:02:11.0 (684815)|HEAP_ALLOCATE|[56]|Bytes:5
09:02:11.0 (694448)|HEAP_ALLOCATE|[64]|Bytes:7
09:02:11.0 (721775)|SYSTEM_MODE_ENTER|false
09:02:11.0 (741472)|HEAP_ALLOCATE|[EXTERNAL]|Bytes:5
09:02:11.0 (748096)|SYSTEM_MODE_EXIT|false
09:02:11.0 (762176)|METHOD_EXIT|[1]|expansesController
09:02:11.0 (771837)|SYSTEM_MODE_ENTER|false
09:02:11.0 (784431)|HEAP_ALLOCATE|[6]|Bytes:5
09:02:11.0 (788389)|STATEMENT_EXECUTE|[3]
09:02:11.0 (790034)|STATEMENT_EXECUTE|[6]
09:02:11.0 (793596)|HEAP_ALLOCATE|[6]|Bytes:90
09:02:11.0 (802691)|HEAP_ALLOCATE|[6]|Bytes:4
09:02:11.0 (1144868)|SOQL_EXECUTE_BEGIN|[6]|Aggregations:0|SELECT Id, Name, Amount__c, Client__c, Date__c, Reimbursed__c, CreatedDate FROM Expense__c
09:02:11.0 (4181012)|SOQL_EXECUTE_END|[6]|Rows:7
09:02:11.0 (4197052)|HEAP_ALLOCATE|[6]|Bytes:32
09:02:11.0 (4233241)|HEAP_ALLOCATE|[6]|Bytes:1030
09:02:11.0 (4324634)|HEAP_ALLOCATE|[6]|Bytes:32
09:02:11.0 (4340318)|SYSTEM_MODE_EXIT|false
09:02:11.4 (4389303)|CUMULATIVE_LIMIT_USAGE
09:02:11.4 (4389303)|LIMIT_USAGE_FOR_NS|(default)|
  Number of SOQL queries: 1 out of 100
  Number of query rows: 7 out of 50000
  Number of SOSL queries: 0 out of 20
  Number of DML statements: 0 out of 150
  Number of DML rows: 0 out of 10000
  Maximum CPU time: 0 out of 10000
  Maximum heap size: 0 out of 6000000
  Number of callouts: 0 out of 100
  Number of Email Invocations: 0 out of 10
  Number of future calls: 0 out of 50
  Number of queueable jobs added to the queue: 0 out of 50
  Number of Mobile Apex push calls: 0 out of 10

09:02:11.4 (4389303)|CUMULATIVE_LIMIT_USAGE_END

09:02:11.0 (4433339)|CODE_UNIT_FINISHED|expansesController.getExpenses
09:02:11.0 (6717200)|EXECUTION_FINISHED
