36.0 APEX_CODE,FINEST;APEX_PROFILING,INFO;CALLOUT,INFO;DB,INFO;SYSTEM,DEBUG;VALIDATION,INFO;VISUALFORCE,INFO;WORKFLOW,INFO
07:54:14.0 (61330)|EXECUTION_STARTED
07:54:14.0 (91947)|CODE_UNIT_STARTED|[EXTERNAL]|06636000001VcbV|VF: /apex/AprooveWraper
07:54:14.0 (330578)|VF_DESERIALIZE_VIEWSTATE_BEGIN|06636000001VcbV
07:54:14.0 (7719929)|HEAP_ALLOCATE|[72]|Bytes:3
07:54:14.0 (7781792)|HEAP_ALLOCATE|[77]|Bytes:152
07:54:14.0 (7803694)|HEAP_ALLOCATE|[342]|Bytes:408
07:54:14.0 (7823425)|HEAP_ALLOCATE|[355]|Bytes:408
07:54:14.0 (7841464)|HEAP_ALLOCATE|[467]|Bytes:48
07:54:14.0 (7882773)|HEAP_ALLOCATE|[139]|Bytes:6
07:54:14.0 (7923367)|HEAP_ALLOCATE|[50]|Bytes:5
07:54:14.0 (7949911)|HEAP_ALLOCATE|[56]|Bytes:5
07:54:14.0 (7958669)|HEAP_ALLOCATE|[64]|Bytes:7
07:54:14.0 (10792627)|VF_DESERIALIZE_VIEWSTATE_END
07:54:14.0 (12359126)|CODE_UNIT_STARTED|[EXTERNAL]|01p360000072SS3|WrapperEmployeeSkills get(EmployeeSkills)
07:54:14.0 (12372246)|SYSTEM_MODE_ENTER|true
07:54:14.0 (12721615)|CODE_UNIT_STARTED|[EXTERNAL]|01p360000072SS3|WrapperEmployeeSkills invoke(getEmployeeSkills)
07:54:14.0 (12768572)|HEAP_ALLOCATE|[EXTERNAL]|Bytes:9
07:54:14.0 (12774733)|HEAP_ALLOCATE|[EXTERNAL]|Bytes:88
07:54:14.0 (12777491)|HEAP_ALLOCATE|[EXTERNAL]|Bytes:6
07:54:14.0 (12779782)|HEAP_ALLOCATE|[EXTERNAL]|Bytes:2
07:54:14.0 (12795580)|METHOD_ENTRY|[1]|01p360000072SS3|WrapperEmployeeSkills.WrapperEmployeeSkills()
07:54:14.0 (12800642)|STATEMENT_EXECUTE|[1]
07:54:14.0 (12810380)|STATEMENT_EXECUTE|[1]
07:54:14.0 (12827496)|SYSTEM_MODE_ENTER|false
07:54:14.0 (12850053)|HEAP_ALLOCATE|[EXTERNAL]|Bytes:5
07:54:14.0 (12854496)|STATEMENT_EXECUTE|[61]
07:54:14.0 (12861242)|SYSTEM_MODE_EXIT|false
07:54:14.0 (12875183)|METHOD_EXIT|[1]|WrapperEmployeeSkills
07:54:14.0 (12881423)|HEAP_ALLOCATE|[EXTERNAL]|Bytes:8
07:54:14.0 (12890098)|VARIABLE_SCOPE_BEGIN|[7]|this|WrapperEmployeeSkills|true|false
07:54:14.0 (12945352)|VARIABLE_ASSIGNMENT|[7]|this|{"skillsList":"0x16060584"}|0x441ea1e
07:54:14.0 (12962004)|SYSTEM_MODE_ENTER|false
07:54:14.0 (12966913)|HEAP_ALLOCATE|[8]|Bytes:5
07:54:14.0 (12971111)|STATEMENT_EXECUTE|[7]
07:54:14.0 (13028165)|VARIABLE_ASSIGNMENT|[EXTERNAL]|this|{"skillsList":"0x16060584"}|0x441ea1e
07:54:14.0 (13044175)|STATEMENT_EXECUTE|[8]
07:54:14.0 (13046285)|STATEMENT_EXECUTE|[17]
07:54:14.0 (13077553)|VARIABLE_ASSIGNMENT|[EXTERNAL]|this|{"skillsList":"0x16060584"}|0x441ea1e
07:54:14.0 (13089060)|SYSTEM_MODE_EXIT|false
07:54:14.0 (13103150)|CODE_UNIT_FINISHED|WrapperEmployeeSkills invoke(getEmployeeSkills)
07:54:14.0 (13125651)|CODE_UNIT_FINISHED|WrapperEmployeeSkills get(EmployeeSkills)
07:54:14.0 (14387369)|CODE_UNIT_STARTED|[EXTERNAL]|01p360000072SS3|selected
07:54:14.0 (14400912)|HEAP_ALLOCATE|[EXTERNAL]|Bytes:112
07:54:14.0 (14405866)|HEAP_ALLOCATE|[EXTERNAL]|Bytes:8
07:54:14.0 (14414097)|CODE_UNIT_FINISHED|selected
07:54:14.0 (14485720)|CODE_UNIT_STARTED|[EXTERNAL]|01p360000072SS3|selected
07:54:14.0 (14495943)|CODE_UNIT_FINISHED|selected
07:54:14.0 (14565526)|CODE_UNIT_STARTED|[EXTERNAL]|01p360000072SS3|selected
07:54:14.0 (14575347)|CODE_UNIT_FINISHED|selected
07:54:14.0 (14637877)|CODE_UNIT_STARTED|[EXTERNAL]|01p360000072SS3|selected
07:54:14.0 (14647470)|CODE_UNIT_FINISHED|selected
07:54:14.0 (14709307)|CODE_UNIT_STARTED|[EXTERNAL]|01p360000072SS3|selected
07:54:14.0 (14718749)|CODE_UNIT_FINISHED|selected
07:54:14.0 (14779852)|CODE_UNIT_STARTED|[EXTERNAL]|01p360000072SS3|selected
07:54:14.0 (14789254)|CODE_UNIT_FINISHED|selected
07:54:14.0 (14849840)|CODE_UNIT_STARTED|[EXTERNAL]|01p360000072SS3|selected
07:54:14.0 (14859119)|CODE_UNIT_FINISHED|selected
07:54:14.0 (14919807)|CODE_UNIT_STARTED|[EXTERNAL]|01p360000072SS3|selected
07:54:14.0 (14929254)|CODE_UNIT_FINISHED|selected
07:54:14.0 (14989874)|CODE_UNIT_STARTED|[EXTERNAL]|01p360000072SS3|selected
07:54:14.0 (14999313)|CODE_UNIT_FINISHED|selected
07:54:14.0 (15060553)|CODE_UNIT_STARTED|[EXTERNAL]|01p360000072SS3|selected
07:54:14.0 (15070945)|CODE_UNIT_FINISHED|selected
07:54:14.0 (15132875)|CODE_UNIT_STARTED|[EXTERNAL]|01p360000072SS3|selected
07:54:14.0 (15142322)|CODE_UNIT_FINISHED|selected
07:54:14.0 (15213497)|CODE_UNIT_STARTED|[EXTERNAL]|01p360000072SS3|selected
07:54:14.0 (15222991)|CODE_UNIT_FINISHED|selected
07:54:14.0 (15284119)|CODE_UNIT_STARTED|[EXTERNAL]|01p360000072SS3|selected
07:54:14.0 (15293644)|CODE_UNIT_FINISHED|selected
07:54:14.0 (15354454)|CODE_UNIT_STARTED|[EXTERNAL]|01p360000072SS3|selected
07:54:14.0 (15363806)|CODE_UNIT_FINISHED|selected
07:54:14.0 (15424466)|CODE_UNIT_STARTED|[EXTERNAL]|01p360000072SS3|selected
07:54:14.0 (15433787)|CODE_UNIT_FINISHED|selected
07:54:14.0 (15494568)|CODE_UNIT_STARTED|[EXTERNAL]|01p360000072SS3|selected
07:54:14.0 (15503827)|CODE_UNIT_FINISHED|selected
07:54:14.0 (15936887)|CODE_UNIT_STARTED|[EXTERNAL]|wEmployee set(selected,false)
07:54:14.0 (15968015)|HEAP_ALLOCATE|[EXTERNAL]|Bytes:5
07:54:14.0 (15971360)|HEAP_ALLOCATE|[EXTERNAL]|Bytes:12
07:54:14.0 (15981830)|VARIABLE_ASSIGNMENT|[EXTERNAL]|this.selected|false|0xd57564d
07:54:14.0 (15988696)|CODE_UNIT_FINISHED|wEmployee set(selected,false)
07:54:14.0 (16058946)|CODE_UNIT_STARTED|[EXTERNAL]|wEmployee set(selected,false)
07:54:14.0 (16078988)|HEAP_ALLOCATE|[EXTERNAL]|Bytes:5
07:54:14.0 (16082114)|HEAP_ALLOCATE|[EXTERNAL]|Bytes:12
07:54:14.0 (16089288)|VARIABLE_ASSIGNMENT|[EXTERNAL]|this.selected|false|0x1c641a46
07:54:14.0 (16095281)|CODE_UNIT_FINISHED|wEmployee set(selected,false)
07:54:14.0 (16163074)|CODE_UNIT_STARTED|[EXTERNAL]|wEmployee set(selected,false)
07:54:14.0 (16181694)|HEAP_ALLOCATE|[EXTERNAL]|Bytes:5
07:54:14.0 (16184580)|HEAP_ALLOCATE|[EXTERNAL]|Bytes:12
07:54:14.0 (16191593)|VARIABLE_ASSIGNMENT|[EXTERNAL]|this.selected|false|0x177e12ce
07:54:14.0 (16197190)|CODE_UNIT_FINISHED|wEmployee set(selected,false)
07:54:14.0 (16267998)|CODE_UNIT_STARTED|[EXTERNAL]|wEmployee set(selected,false)
07:54:14.0 (16286569)|HEAP_ALLOCATE|[EXTERNAL]|Bytes:5
07:54:14.0 (16289587)|HEAP_ALLOCATE|[EXTERNAL]|Bytes:12
07:54:14.0 (16296601)|VARIABLE_ASSIGNMENT|[EXTERNAL]|this.selected|false|0x31f21f80
07:54:14.0 (16302228)|CODE_UNIT_FINISHED|wEmployee set(selected,false)
07:54:14.0 (16369454)|CODE_UNIT_STARTED|[EXTERNAL]|wEmployee set(selected,false)
07:54:14.0 (16388018)|HEAP_ALLOCATE|[EXTERNAL]|Bytes:5
07:54:14.0 (16390839)|HEAP_ALLOCATE|[EXTERNAL]|Bytes:12
07:54:14.0 (16397890)|VARIABLE_ASSIGNMENT|[EXTERNAL]|this.selected|false|0x620d2cd
07:54:14.0 (16403359)|CODE_UNIT_FINISHED|wEmployee set(selected,false)
07:54:14.0 (16470167)|CODE_UNIT_STARTED|[EXTERNAL]|wEmployee set(selected,false)
07:54:14.0 (16488524)|HEAP_ALLOCATE|[EXTERNAL]|Bytes:5
07:54:14.0 (16491383)|HEAP_ALLOCATE|[EXTERNAL]|Bytes:12
07:54:14.0 (16498454)|VARIABLE_ASSIGNMENT|[EXTERNAL]|this.selected|false|0x3aaa5e65
07:54:14.0 (16504168)|CODE_UNIT_FINISHED|wEmployee set(selected,false)
07:54:14.0 (16574417)|CODE_UNIT_STARTED|[EXTERNAL]|wEmployee set(selected,false)
07:54:14.0 (16596180)|HEAP_ALLOCATE|[EXTERNAL]|Bytes:5
07:54:14.0 (16599170)|HEAP_ALLOCATE|[EXTERNAL]|Bytes:12
07:54:14.0 (16606094)|VARIABLE_ASSIGNMENT|[EXTERNAL]|this.selected|false|0x5da5c39c
07:54:14.0 (16611456)|CODE_UNIT_FINISHED|wEmployee set(selected,false)
07:54:14.0 (16677574)|CODE_UNIT_STARTED|[EXTERNAL]|wEmployee set(selected,false)
07:54:14.0 (16695973)|HEAP_ALLOCATE|[EXTERNAL]|Bytes:5
07:54:14.0 (16698860)|HEAP_ALLOCATE|[EXTERNAL]|Bytes:12
07:54:14.0 (16705809)|VARIABLE_ASSIGNMENT|[EXTERNAL]|this.selected|false|0x7c8ad9b7
07:54:14.0 (16711261)|CODE_UNIT_FINISHED|wEmployee set(selected,false)
07:54:14.0 (16777525)|CODE_UNIT_STARTED|[EXTERNAL]|wEmployee set(selected,false)
07:54:14.0 (16796259)|HEAP_ALLOCATE|[EXTERNAL]|Bytes:5
07:54:14.0 (16799097)|HEAP_ALLOCATE|[EXTERNAL]|Bytes:12
07:54:14.0 (16806004)|VARIABLE_ASSIGNMENT|[EXTERNAL]|this.selected|false|0x7cbcda51
07:54:14.0 (16811400)|CODE_UNIT_FINISHED|wEmployee set(selected,false)
07:54:14.0 (16905385)|CODE_UNIT_STARTED|[EXTERNAL]|wEmployee set(selected,false)
07:54:14.0 (16927669)|HEAP_ALLOCATE|[EXTERNAL]|Bytes:5
07:54:14.0 (16930784)|HEAP_ALLOCATE|[EXTERNAL]|Bytes:12
07:54:14.0 (16938002)|VARIABLE_ASSIGNMENT|[EXTERNAL]|this.selected|false|0x140dead5
07:54:14.0 (16943626)|CODE_UNIT_FINISHED|wEmployee set(selected,false)
07:54:14.0 (17012300)|CODE_UNIT_STARTED|[EXTERNAL]|wEmployee set(selected,true)
07:54:14.0 (17032039)|HEAP_ALLOCATE|[EXTERNAL]|Bytes:5
07:54:14.0 (17034941)|HEAP_ALLOCATE|[EXTERNAL]|Bytes:12
07:54:14.0 (17041983)|VARIABLE_ASSIGNMENT|[EXTERNAL]|this.selected|true|0x67c772eb
07:54:14.0 (17047660)|CODE_UNIT_FINISHED|wEmployee set(selected,true)
07:54:14.0 (17114763)|CODE_UNIT_STARTED|[EXTERNAL]|wEmployee set(selected,false)
07:54:14.0 (17133307)|HEAP_ALLOCATE|[EXTERNAL]|Bytes:5
07:54:14.0 (17140924)|HEAP_ALLOCATE|[EXTERNAL]|Bytes:12
07:54:14.0 (17148211)|VARIABLE_ASSIGNMENT|[EXTERNAL]|this.selected|false|0x4daa58c5
07:54:14.0 (17154126)|CODE_UNIT_FINISHED|wEmployee set(selected,false)
07:54:14.0 (17220925)|CODE_UNIT_STARTED|[EXTERNAL]|wEmployee set(selected,false)
07:54:14.0 (17239232)|HEAP_ALLOCATE|[EXTERNAL]|Bytes:5
07:54:14.0 (17242219)|HEAP_ALLOCATE|[EXTERNAL]|Bytes:12
07:54:14.0 (17249090)|VARIABLE_ASSIGNMENT|[EXTERNAL]|this.selected|false|0x57de6d73
07:54:14.0 (17254397)|CODE_UNIT_FINISHED|wEmployee set(selected,false)
07:54:14.0 (17320554)|CODE_UNIT_STARTED|[EXTERNAL]|wEmployee set(selected,false)
07:54:14.0 (17338991)|HEAP_ALLOCATE|[EXTERNAL]|Bytes:5
07:54:14.0 (17341844)|HEAP_ALLOCATE|[EXTERNAL]|Bytes:12
07:54:14.0 (17348685)|VARIABLE_ASSIGNMENT|[EXTERNAL]|this.selected|false|0x2cfe7e1f
07:54:14.0 (17353970)|CODE_UNIT_FINISHED|wEmployee set(selected,false)
07:54:14.0 (17420142)|CODE_UNIT_STARTED|[EXTERNAL]|wEmployee set(selected,false)
07:54:14.0 (17438524)|HEAP_ALLOCATE|[EXTERNAL]|Bytes:5
07:54:14.0 (17441400)|HEAP_ALLOCATE|[EXTERNAL]|Bytes:12
07:54:14.0 (17448336)|VARIABLE_ASSIGNMENT|[EXTERNAL]|this.selected|false|0x70f20141
07:54:14.0 (17453693)|CODE_UNIT_FINISHED|wEmployee set(selected,false)
07:54:14.0 (17524918)|CODE_UNIT_STARTED|[EXTERNAL]|wEmployee set(selected,false)
07:54:14.0 (17544419)|HEAP_ALLOCATE|[EXTERNAL]|Bytes:5
07:54:14.0 (17547340)|HEAP_ALLOCATE|[EXTERNAL]|Bytes:12
07:54:14.0 (17554496)|VARIABLE_ASSIGNMENT|[EXTERNAL]|this.selected|false|0x6f8113ea
07:54:14.0 (17559802)|CODE_UNIT_FINISHED|wEmployee set(selected,false)
07:54:14.0 (17723555)|CODE_UNIT_STARTED|[EXTERNAL]|01p360000072SS3|WrapperEmployeeSkills invoke(processSelected)
07:54:14.0 (17748302)|HEAP_ALLOCATE|[EXTERNAL]|Bytes:8
07:54:14.0 (17754616)|VARIABLE_SCOPE_BEGIN|[21]|this|WrapperEmployeeSkills|true|false
07:54:14.0 (17773900)|VARIABLE_ASSIGNMENT|[21]|this|{"skillsList":"0x16060584"}|0x441ea1e
07:54:14.0 (17785515)|SYSTEM_MODE_ENTER|false
07:54:14.0 (17790513)|HEAP_ALLOCATE|[23]|Bytes:5
07:54:14.0 (17794318)|STATEMENT_EXECUTE|[22]
07:54:14.0 (17795818)|STATEMENT_EXECUTE|[23]
07:54:14.0 (17796852)|STATEMENT_EXECUTE|[24]
07:54:14.0 (17798087)|STATEMENT_EXECUTE|[27]
07:54:14.0 (17859057)|HEAP_ALLOCATE|[27]|Bytes:4
07:54:14.0 (17964765)|VARIABLE_SCOPE_BEGIN|[27]|selectedSkills|List<Employee_Skills__c>|true|false
07:54:14.0 (17973190)|HEAP_ALLOCATE|[EXTERNAL]|Bytes:4
07:54:14.0 (17993589)|VARIABLE_ASSIGNMENT|[27]|selectedSkills|{"s":1,"v":[]}|0x4b905e9c
07:54:14.0 (18008903)|METHOD_ENTRY|[30]|01p360000072SS3|WrapperEmployeeSkills.getEmployeeSkills()
07:54:14.0 (18027397)|VARIABLE_SCOPE_BEGIN|[7]|this|WrapperEmployeeSkills|true|false
07:54:14.0 (18045001)|VARIABLE_ASSIGNMENT|[7]|this|{"skillsList":"0x16060584"}|0x441ea1e
07:54:14.0 (18053538)|HEAP_ALLOCATE|[8]|Bytes:5
07:54:14.0 (18056946)|STATEMENT_EXECUTE|[7]
07:54:14.0 (18076438)|VARIABLE_ASSIGNMENT|[EXTERNAL]|this|{"skillsList":"0x16060584"}|0x441ea1e
07:54:14.0 (18085170)|STATEMENT_EXECUTE|[8]
07:54:14.0 (18086926)|STATEMENT_EXECUTE|[17]
07:54:14.0 (18101346)|VARIABLE_ASSIGNMENT|[EXTERNAL]|this|{"skillsList":"0x16060584"}|0x441ea1e
07:54:14.0 (18112481)|METHOD_EXIT|[30]|01p360000072SS3|WrapperEmployeeSkills.getEmployeeSkills()
07:54:14.0 (18360868)|HEAP_ALLOCATE|[30]|Bytes:5
07:54:14.0 (18380880)|HEAP_ALLOCATE|[30]|Bytes:12
07:54:14.0 (18391820)|VARIABLE_SCOPE_BEGIN|[30]|wEmp|WrapperEmployeeSkills.wEmployee|true|false
07:54:14.0 (18415216)|VARIABLE_ASSIGNMENT|[30]|wEmp|{"selected":false,"skill":"0x13207f95"}|0xd57564d
07:54:14.0 (18419389)|STATEMENT_EXECUTE|[30]
07:54:14.0 (18462359)|VARIABLE_ASSIGNMENT|[EXTERNAL]|this|{"selected":false,"skill":"0x13207f95"}|0xd57564d
07:54:14.0 (18475014)|STATEMENT_EXECUTE|[31]
07:54:14.0 (18486831)|HEAP_ALLOCATE|[30]|Bytes:5
07:54:14.0 (18496257)|HEAP_ALLOCATE|[30]|Bytes:12
07:54:14.0 (18502072)|VARIABLE_SCOPE_BEGIN|[30]|wEmp|WrapperEmployeeSkills.wEmployee|true|false
07:54:14.0 (18525395)|VARIABLE_ASSIGNMENT|[30]|wEmp|{"selected":false,"skill":"0x5a0db7d3"}|0x1c641a46
07:54:14.0 (18529057)|STATEMENT_EXECUTE|[30]
07:54:14.0 (18549047)|VARIABLE_ASSIGNMENT|[EXTERNAL]|this|{"selected":false,"skill":"0x5a0db7d3"}|0x1c641a46
07:54:14.0 (18557685)|STATEMENT_EXECUTE|[31]
07:54:14.0 (18568157)|HEAP_ALLOCATE|[30]|Bytes:5
07:54:14.0 (18576966)|HEAP_ALLOCATE|[30]|Bytes:12
07:54:14.0 (18582427)|VARIABLE_SCOPE_BEGIN|[30]|wEmp|WrapperEmployeeSkills.wEmployee|true|false
07:54:14.0 (18598772)|VARIABLE_ASSIGNMENT|[30]|wEmp|{"selected":false,"skill":"0x402de192"}|0x177e12ce
07:54:14.0 (18601774)|STATEMENT_EXECUTE|[30]
07:54:14.0 (18619529)|VARIABLE_ASSIGNMENT|[EXTERNAL]|this|{"selected":false,"skill":"0x402de192"}|0x177e12ce
07:54:14.0 (18627475)|STATEMENT_EXECUTE|[31]
07:54:14.0 (18637446)|HEAP_ALLOCATE|[30]|Bytes:5
07:54:14.0 (18645886)|HEAP_ALLOCATE|[30]|Bytes:12
07:54:14.0 (18650925)|VARIABLE_SCOPE_BEGIN|[30]|wEmp|WrapperEmployeeSkills.wEmployee|true|false
07:54:14.0 (18666441)|VARIABLE_ASSIGNMENT|[30]|wEmp|{"selected":false,"skill":"0x7dacc1a4"}|0x31f21f80
07:54:14.0 (18669422)|STATEMENT_EXECUTE|[30]
07:54:14.0 (18687411)|VARIABLE_ASSIGNMENT|[EXTERNAL]|this|{"selected":false,"skill":"0x7dacc1a4"}|0x31f21f80
07:54:14.0 (18695299)|STATEMENT_EXECUTE|[31]
07:54:14.0 (18704902)|HEAP_ALLOCATE|[30]|Bytes:5
07:54:14.0 (18713257)|HEAP_ALLOCATE|[30]|Bytes:12
07:54:14.0 (18718298)|VARIABLE_SCOPE_BEGIN|[30]|wEmp|WrapperEmployeeSkills.wEmployee|true|false
07:54:14.0 (18733739)|VARIABLE_ASSIGNMENT|[30]|wEmp|{"selected":false,"skill":"0x6de0d553"}|0x620d2cd
07:54:14.0 (18736813)|STATEMENT_EXECUTE|[30]
07:54:14.0 (18754215)|VARIABLE_ASSIGNMENT|[EXTERNAL]|this|{"selected":false,"skill":"0x6de0d553"}|0x620d2cd
07:54:14.0 (18762284)|STATEMENT_EXECUTE|[31]
07:54:14.0 (18771873)|HEAP_ALLOCATE|[30]|Bytes:5
07:54:14.0 (18780188)|HEAP_ALLOCATE|[30]|Bytes:12
07:54:14.0 (18785176)|VARIABLE_SCOPE_BEGIN|[30]|wEmp|WrapperEmployeeSkills.wEmployee|true|false
07:54:14.0 (18800352)|VARIABLE_ASSIGNMENT|[30]|wEmp|{"selected":false,"skill":"0x5ae44413"}|0x3aaa5e65
07:54:14.0 (18803345)|STATEMENT_EXECUTE|[30]
07:54:14.0 (18820574)|VARIABLE_ASSIGNMENT|[EXTERNAL]|this|{"selected":false,"skill":"0x5ae44413"}|0x3aaa5e65
07:54:14.0 (18828857)|STATEMENT_EXECUTE|[31]
07:54:14.0 (18838595)|HEAP_ALLOCATE|[30]|Bytes:5
07:54:14.0 (18846815)|HEAP_ALLOCATE|[30]|Bytes:12
07:54:14.0 (18851734)|VARIABLE_SCOPE_BEGIN|[30]|wEmp|WrapperEmployeeSkills.wEmployee|true|false
07:54:14.0 (18866651)|VARIABLE_ASSIGNMENT|[30]|wEmp|{"selected":false,"skill":"0x756a0fac"}|0x5da5c39c
07:54:14.0 (18869576)|STATEMENT_EXECUTE|[30]
07:54:14.0 (18886592)|VARIABLE_ASSIGNMENT|[EXTERNAL]|this|{"selected":false,"skill":"0x756a0fac"}|0x5da5c39c
07:54:14.0 (18894287)|STATEMENT_EXECUTE|[31]
07:54:14.0 (18903687)|HEAP_ALLOCATE|[30]|Bytes:5
07:54:14.0 (18911757)|HEAP_ALLOCATE|[30]|Bytes:12
07:54:14.0 (18916861)|VARIABLE_SCOPE_BEGIN|[30]|wEmp|WrapperEmployeeSkills.wEmployee|true|false
07:54:14.0 (18931874)|VARIABLE_ASSIGNMENT|[30]|wEmp|{"selected":false,"skill":"0x6e504144"}|0x7c8ad9b7
07:54:14.0 (18934686)|STATEMENT_EXECUTE|[30]
07:54:14.0 (18951418)|VARIABLE_ASSIGNMENT|[EXTERNAL]|this|{"selected":false,"skill":"0x6e504144"}|0x7c8ad9b7
07:54:14.0 (18959273)|STATEMENT_EXECUTE|[31]
07:54:14.0 (18968825)|HEAP_ALLOCATE|[30]|Bytes:5
07:54:14.0 (18977024)|HEAP_ALLOCATE|[30]|Bytes:12
07:54:14.0 (18982012)|VARIABLE_SCOPE_BEGIN|[30]|wEmp|WrapperEmployeeSkills.wEmployee|true|false
07:54:14.0 (18996911)|VARIABLE_ASSIGNMENT|[30]|wEmp|{"selected":false,"skill":"0x5715b90"}|0x7cbcda51
07:54:14.0 (18999950)|STATEMENT_EXECUTE|[30]
07:54:14.0 (19017075)|VARIABLE_ASSIGNMENT|[EXTERNAL]|this|{"selected":false,"skill":"0x5715b90"}|0x7cbcda51
07:54:14.0 (19025969)|STATEMENT_EXECUTE|[31]
07:54:14.0 (19035523)|HEAP_ALLOCATE|[30]|Bytes:5
07:54:14.0 (19043658)|HEAP_ALLOCATE|[30]|Bytes:12
07:54:14.0 (19048656)|VARIABLE_SCOPE_BEGIN|[30]|wEmp|WrapperEmployeeSkills.wEmployee|true|false
07:54:14.0 (19063838)|VARIABLE_ASSIGNMENT|[30]|wEmp|{"selected":false,"skill":"0x7d4d53f1"}|0x140dead5
07:54:14.0 (19066755)|STATEMENT_EXECUTE|[30]
07:54:14.0 (19083830)|VARIABLE_ASSIGNMENT|[EXTERNAL]|this|{"selected":false,"skill":"0x7d4d53f1"}|0x140dead5
07:54:14.0 (19091669)|STATEMENT_EXECUTE|[31]
07:54:14.0 (19101204)|HEAP_ALLOCATE|[30]|Bytes:5
07:54:14.0 (19109439)|HEAP_ALLOCATE|[30]|Bytes:12
07:54:14.0 (19114352)|VARIABLE_SCOPE_BEGIN|[30]|wEmp|WrapperEmployeeSkills.wEmployee|true|false
07:54:14.0 (19129710)|VARIABLE_ASSIGNMENT|[30]|wEmp|{"selected":true,"skill":"0x587f249b"}|0x67c772eb
07:54:14.0 (19132624)|STATEMENT_EXECUTE|[30]
07:54:14.0 (19149923)|VARIABLE_ASSIGNMENT|[EXTERNAL]|this|{"selected":true,"skill":"0x587f249b"}|0x67c772eb
07:54:14.0 (19157897)|STATEMENT_EXECUTE|[31]
07:54:14.0 (19159356)|STATEMENT_EXECUTE|[32]
07:54:14.0 (19198114)|VARIABLE_ASSIGNMENT|[EXTERNAL]|this|{"selected":true,"skill":"0x587f249b"}|0x67c772eb
07:54:14.0 (19241118)|HEAP_ALLOCATE|[EXTERNAL]|Bytes:4
07:54:14.0 (19257450)|HEAP_ALLOCATE|[30]|Bytes:5
07:54:14.0 (19266488)|HEAP_ALLOCATE|[30]|Bytes:12
07:54:14.0 (19271968)|VARIABLE_SCOPE_BEGIN|[30]|wEmp|WrapperEmployeeSkills.wEmployee|true|false
07:54:14.0 (19289939)|VARIABLE_ASSIGNMENT|[30]|wEmp|{"selected":false,"skill":"0x3beb6473"}|0x4daa58c5
07:54:14.0 (19293408)|STATEMENT_EXECUTE|[30]
07:54:14.0 (19311185)|VARIABLE_ASSIGNMENT|[EXTERNAL]|this|{"selected":false,"skill":"0x3beb6473"}|0x4daa58c5
07:54:14.0 (19319331)|STATEMENT_EXECUTE|[31]
07:54:14.0 (19329145)|HEAP_ALLOCATE|[30]|Bytes:5
07:54:14.0 (19337544)|HEAP_ALLOCATE|[30]|Bytes:12
07:54:14.0 (19342583)|VARIABLE_SCOPE_BEGIN|[30]|wEmp|WrapperEmployeeSkills.wEmployee|true|false
07:54:14.0 (19358031)|VARIABLE_ASSIGNMENT|[30]|wEmp|{"selected":false,"skill":"0x2c2e6a24"}|0x57de6d73
07:54:14.0 (19361023)|STATEMENT_EXECUTE|[30]
07:54:14.0 (19377987)|VARIABLE_ASSIGNMENT|[EXTERNAL]|this|{"selected":false,"skill":"0x2c2e6a24"}|0x57de6d73
07:54:14.0 (19385927)|STATEMENT_EXECUTE|[31]
07:54:14.0 (19395431)|HEAP_ALLOCATE|[30]|Bytes:5
07:54:14.0 (19403675)|HEAP_ALLOCATE|[30]|Bytes:12
07:54:14.0 (19408611)|VARIABLE_SCOPE_BEGIN|[30]|wEmp|WrapperEmployeeSkills.wEmployee|true|false
07:54:14.0 (19423771)|VARIABLE_ASSIGNMENT|[30]|wEmp|{"selected":false,"skill":"0xdd4c8c6"}|0x2cfe7e1f
07:54:14.0 (19426882)|STATEMENT_EXECUTE|[30]
07:54:14.0 (19443995)|VARIABLE_ASSIGNMENT|[EXTERNAL]|this|{"selected":false,"skill":"0xdd4c8c6"}|0x2cfe7e1f
07:54:14.0 (19451754)|STATEMENT_EXECUTE|[31]
07:54:14.0 (19461376)|HEAP_ALLOCATE|[30]|Bytes:5
07:54:14.0 (19469635)|HEAP_ALLOCATE|[30]|Bytes:12
07:54:14.0 (19474591)|VARIABLE_SCOPE_BEGIN|[30]|wEmp|WrapperEmployeeSkills.wEmployee|true|false
07:54:14.0 (19489919)|VARIABLE_ASSIGNMENT|[30]|wEmp|{"selected":false,"skill":"0x7144a951"}|0x70f20141
07:54:14.0 (19492797)|STATEMENT_EXECUTE|[30]
07:54:14.0 (19509780)|VARIABLE_ASSIGNMENT|[EXTERNAL]|this|{"selected":false,"skill":"0x7144a951"}|0x70f20141
07:54:14.0 (19521973)|STATEMENT_EXECUTE|[31]
07:54:14.0 (19532210)|HEAP_ALLOCATE|[30]|Bytes:5
07:54:14.0 (19540678)|HEAP_ALLOCATE|[30]|Bytes:12
07:54:14.0 (19545656)|VARIABLE_SCOPE_BEGIN|[30]|wEmp|WrapperEmployeeSkills.wEmployee|true|false
07:54:14.0 (19561716)|VARIABLE_ASSIGNMENT|[30]|wEmp|{"selected":false,"skill":"0x11ec83f6"}|0x6f8113ea
07:54:14.0 (19564696)|STATEMENT_EXECUTE|[30]
07:54:14.0 (19582653)|VARIABLE_ASSIGNMENT|[EXTERNAL]|this|{"selected":false,"skill":"0x11ec83f6"}|0x6f8113ea
07:54:14.0 (19590570)|STATEMENT_EXECUTE|[31]
07:54:14.0 (19600358)|HEAP_ALLOCATE|[30]|Bytes:5
07:54:14.0 (19610473)|VARIABLE_ASSIGNMENT|[30]|wEmp|null|
07:54:14.0 (19751059)|HEAP_ALLOCATE|[39]|Bytes:5
07:54:14.0 (19795997)|HEAP_ALLOCATE|[39]|Bytes:32
07:54:14.0 (19807200)|VARIABLE_SCOPE_BEGIN|[39]|es|Employee_Skills__c|true|false
07:54:14.0 (19835227)|VARIABLE_ASSIGNMENT|[39]|es|{"s":1,"v":{"Id":"a0C360000003YGkEAM","Name":"Robert","Employee__c":"a0A36000001ygYkEAI","Project__c":"a0736000000Ew01AAC","Status__c":"Pending approval","Employee__r":{"s":2,"v":{"Name":"Andriy Lokotosh","Id":"a0A36000001ygYkEAI"}},"Project__r":{"s":3,"v":{"Name":"eBank","Id":"a0736000000Ew01AAC"}}}}|0x587f249b
07:54:14.0 (19840295)|STATEMENT_EXECUTE|[40]
07:54:14.0 (19841695)|STATEMENT_EXECUTE|[41]
07:54:14.0 (19942537)|VARIABLE_SCOPE_BEGIN|[41]|req|Approval.ProcessSubmitRequest|true|false
07:54:14.0 (20045597)|VARIABLE_ASSIGNMENT|[41]|req|"common.api.soap.wsdl.ProcessSubmitRequest@44a9226c"|0x6feb5fd0
07:54:14.0 (20051951)|STATEMENT_EXECUTE|[42]
07:54:14.0 (20056432)|HEAP_ALLOCATE|[42]|Bytes:39
07:54:14.0 (20118056)|STATEMENT_EXECUTE|[43]
07:54:14.0 (20325560)|HEAP_ALLOCATE|[43]|Bytes:18
07:54:14.0 (20360628)|STATEMENT_EXECUTE|[45]
07:54:14.0 (20437462)|HEAP_ALLOCATE|[45]|Bytes:8
07:54:14.0 (20457110)|DML_BEGIN|[45]|Op:Process|Type:ProcessRequest|Rows:1
07:54:14.0 (20493409)|HEAP_ALLOCATE|[EXTERNAL]|Bytes:8
07:54:14.0 (45392876)|CODE_UNIT_STARTED|[EXTERNAL]|Workflow:ApprovalProcessActions
07:54:14.0 (58457970)|WF_APPROVAL_SUBMIT|[Employee Skills: Robert a0C360000003YGk]
07:54:14.0 (60321811)|CODE_UNIT_FINISHED|Workflow:ApprovalProcessActions
07:54:14.0 (61128600)|DML_END|[45]
07:54:14.0 (61231361)|EXCEPTION_THROWN|[45]|System.DmlException: Process failed. First exception on row 0; first error: ALREADY_IN_PROCESS, This record is currently in an approval process. A record can be in only one approval process at a time.: []
07:54:14.0 (61874761)|HEAP_ALLOCATE|[45]|Bytes:187
07:54:14.0 (61932187)|VARIABLE_SCOPE_BEGIN|[53]|ex|Exception|true|false
07:54:14.0 (62011814)|VARIABLE_ASSIGNMENT|[53]|ex|"common.apex.runtime.impl.DmlExecutionException: Process failed. First exception on row 0; first error: ALREADY_IN_PROCESS, This record is currently in an approval process. A record can be in only one approval process at a time.: []"|0x4fc6a853
07:54:14.0 (62019837)|STATEMENT_EXECUTE|[53]
07:54:14.0 (62023108)|STATEMENT_EXECUTE|[54]
07:54:14.0 (62033919)|HEAP_ALLOCATE|[54]|Bytes:1
07:54:14.0 (62079971)|VARIABLE_SCOPE_BEGIN|[54]|pageRef|System.PageReference|true|false
07:54:14.0 (62139596)|VARIABLE_ASSIGNMENT|[54]|pageRef|"/"|0x7dfbb72d
07:54:14.0 (62144422)|STATEMENT_EXECUTE|[55]
07:54:14.0 (62215713)|STATEMENT_EXECUTE|[56]
07:54:14.0 (62222040)|SYSTEM_MODE_EXIT|false
07:54:14.0 (65962813)|CODE_UNIT_FINISHED|WrapperEmployeeSkills invoke(processSelected)
07:54:14.0 (66656550)|VF_APEX_CALL|j_id4|{!processSelected}|PageReference:/
07:54:14.69 (69191118)|CUMULATIVE_LIMIT_USAGE
07:54:14.69 (69191118)|LIMIT_USAGE_FOR_NS|(default)|
  Number of SOQL queries: 0 out of 100
  Number of query rows: 0 out of 50000
  Number of SOSL queries: 0 out of 20
  Number of DML statements: 1 out of 150
  Number of DML rows: 1 out of 10000
  Maximum CPU time: 0 out of 10000
  Maximum heap size: 0 out of 6000000
  Number of callouts: 0 out of 100
  Number of Email Invocations: 0 out of 10
  Number of future calls: 0 out of 50
  Number of queueable jobs added to the queue: 0 out of 50
  Number of Mobile Apex push calls: 0 out of 10

07:54:14.69 (69191118)|CUMULATIVE_LIMIT_USAGE_END

07:54:14.0 (69248846)|CODE_UNIT_FINISHED|VF: /apex/AprooveWraper
07:54:14.0 (70289655)|EXECUTION_FINISHED
