36.0 APEX_CODE,FINEST;APEX_PROFILING,INFO;CALLOUT,INFO;DB,INFO;SYSTEM,DEBUG;VALIDATION,INFO;VISUALFORCE,INFO;WORKFLOW,INFO
12:29:49.0 (405168)|EXECUTION_STARTED
12:29:49.0 (442178)|CODE_UNIT_STARTED|[EXTERNAL]|aura
12:29:49.0 (993914)|HEAP_ALLOCATE|[72]|Bytes:3
12:29:49.0 (1062369)|HEAP_ALLOCATE|[77]|Bytes:152
12:29:49.0 (1085918)|HEAP_ALLOCATE|[342]|Bytes:408
12:29:49.0 (1106688)|HEAP_ALLOCATE|[355]|Bytes:408
12:29:49.0 (1125642)|HEAP_ALLOCATE|[467]|Bytes:48
12:29:49.0 (1168636)|HEAP_ALLOCATE|[139]|Bytes:6
12:29:49.0 (1203477)|HEAP_ALLOCATE|[EXTERNAL]|Bytes:9
12:29:49.0 (1219728)|HEAP_ALLOCATE|[EXTERNAL]|Bytes:9
12:29:49.0 (2834776)|CODE_UNIT_STARTED|[EXTERNAL]|01p36000006TzBn|AwesomeProductController.getProductByName
12:29:49.0 (2999096)|HEAP_ALLOCATE|[EXTERNAL]|Bytes:3
12:29:49.0 (3021370)|METHOD_ENTRY|[1]|01p36000006TzBn|AwesomeProductController.AwesomeProductController()
12:29:49.0 (3027240)|STATEMENT_EXECUTE|[1]
12:29:49.0 (3034643)|STATEMENT_EXECUTE|[1]
12:29:49.0 (3043261)|METHOD_EXIT|[1]|AwesomeProductController
12:29:49.0 (3048898)|HEAP_ALLOCATE|[EXTERNAL]|Bytes:9
12:29:49.0 (3061012)|SYSTEM_MODE_ENTER|false
12:29:49.0 (3093274)|VARIABLE_SCOPE_BEGIN|[8]|name|String|false|false
12:29:49.0 (3136165)|VARIABLE_ASSIGNMENT|[8]|name|"AproveRej"
12:29:49.0 (3152222)|STATEMENT_EXECUTE|[8]
12:29:49.0 (3153865)|STATEMENT_EXECUTE|[9]
12:29:49.0 (3157908)|HEAP_ALLOCATE|[9]|Bytes:167
12:29:49.0 (3175549)|HEAP_ALLOCATE|[9]|Bytes:4
12:29:49.0 (3189259)|HEAP_ALLOCATE|[9]|Bytes:7
12:29:49.0 (3247989)|HEAP_ALLOCATE|[50]|Bytes:5
12:29:49.0 (3275247)|HEAP_ALLOCATE|[56]|Bytes:5
12:29:49.0 (3297147)|HEAP_ALLOCATE|[64]|Bytes:7
12:29:49.0 (4917314)|SOQL_EXECUTE_BEGIN|[9]|Aggregations:1|SELECT id, name, photo__c, color__c, points__c, description__c, (SELECT name FROM product_sizes__r ORDER BY name ASC NULLS FIRST) FROM product__c WHERE name = :tmpVar1
12:29:49.0 (14633480)|SOQL_EXECUTE_END|[9]|Rows:1
12:29:49.0 (14672852)|HEAP_ALLOCATE|[9]|Bytes:8
12:29:49.0 (14699295)|HEAP_ALLOCATE|[9]|Bytes:299
12:29:49.0 (14748846)|HEAP_ALLOCATE|[9]|Bytes:8
12:29:49.0 (14761265)|HEAP_ALLOCATE|[9]|Bytes:36
12:29:49.0 (14851449)|HEAP_ALLOCATE|[9]|Bytes:32
12:29:49.0 (14866493)|SYSTEM_MODE_EXIT|false
12:29:49.14 (14905087)|CUMULATIVE_LIMIT_USAGE
12:29:49.14 (14905087)|LIMIT_USAGE_FOR_NS|(default)|
  Number of SOQL queries: 1 out of 100
  Number of query rows: 2 out of 50000
  Number of SOSL queries: 0 out of 20
  Number of DML statements: 0 out of 150
  Number of DML rows: 0 out of 10000
  Maximum CPU time: 0 out of 10000
  Maximum heap size: 0 out of 6000000
  Number of callouts: 0 out of 100
  Number of Email Invocations: 0 out of 10
  Number of future calls: 0 out of 50
  Number of queueable jobs added to the queue: 0 out of 50
  Number of Mobile Apex push calls: 0 out of 10

12:29:49.14 (14905087)|CUMULATIVE_LIMIT_USAGE_END

12:29:49.0 (14974822)|CODE_UNIT_FINISHED|AwesomeProductController.getProductByName
