36.0 APEX_CODE,FINEST;APEX_PROFILING,INFO;CALLOUT,INFO;DB,INFO;SYSTEM,DEBUG;VALIDATION,INFO;VISUALFORCE,INFO;WORKFLOW,INFO
08:55:54.0 (74706)|EXECUTION_STARTED
08:55:54.0 (108119)|CODE_UNIT_STARTED|[EXTERNAL]|01p36000005H3V7|expansesController.getExpenses
08:55:54.0 (332211)|HEAP_ALLOCATE|[72]|Bytes:3
08:55:54.0 (407308)|HEAP_ALLOCATE|[77]|Bytes:152
08:55:54.0 (430351)|HEAP_ALLOCATE|[342]|Bytes:408
08:55:54.0 (452322)|HEAP_ALLOCATE|[355]|Bytes:408
08:55:54.0 (472856)|HEAP_ALLOCATE|[467]|Bytes:48
08:55:54.0 (516872)|HEAP_ALLOCATE|[139]|Bytes:6
08:55:54.0 (631130)|HEAP_ALLOCATE|[EXTERNAL]|Bytes:4
08:55:54.0 (653480)|METHOD_ENTRY|[1]|01p36000005H3V7|expansesController.expansesController()
08:55:54.0 (658856)|STATEMENT_EXECUTE|[1]
08:55:54.0 (667415)|STATEMENT_EXECUTE|[1]
08:55:54.0 (705158)|HEAP_ALLOCATE|[50]|Bytes:5
08:55:54.0 (734179)|HEAP_ALLOCATE|[56]|Bytes:5
08:55:54.0 (743484)|HEAP_ALLOCATE|[64]|Bytes:7
08:55:54.0 (771642)|SYSTEM_MODE_ENTER|false
08:55:54.0 (793930)|HEAP_ALLOCATE|[EXTERNAL]|Bytes:5
08:55:54.0 (801300)|SYSTEM_MODE_EXIT|false
08:55:54.0 (818000)|METHOD_EXIT|[1]|expansesController
08:55:54.0 (826666)|SYSTEM_MODE_ENTER|false
08:55:54.0 (841016)|HEAP_ALLOCATE|[6]|Bytes:5
08:55:54.0 (844738)|STATEMENT_EXECUTE|[3]
08:55:54.0 (846411)|STATEMENT_EXECUTE|[6]
08:55:54.0 (849885)|HEAP_ALLOCATE|[6]|Bytes:90
08:55:54.0 (862307)|HEAP_ALLOCATE|[6]|Bytes:4
08:55:54.0 (1301909)|SOQL_EXECUTE_BEGIN|[6]|Aggregations:0|SELECT Id, Name, Amount__c, Client__c, Date__c, Reimbursed__c, CreatedDate FROM Expense__c
08:55:54.0 (4562175)|SOQL_EXECUTE_END|[6]|Rows:7
08:55:54.0 (4587858)|HEAP_ALLOCATE|[6]|Bytes:32
08:55:54.0 (4625309)|HEAP_ALLOCATE|[6]|Bytes:1030
08:55:54.0 (4735359)|HEAP_ALLOCATE|[6]|Bytes:32
08:55:54.0 (4751621)|SYSTEM_MODE_EXIT|false
08:55:54.4 (4802100)|CUMULATIVE_LIMIT_USAGE
08:55:54.4 (4802100)|LIMIT_USAGE_FOR_NS|(default)|
  Number of SOQL queries: 1 out of 100
  Number of query rows: 7 out of 50000
  Number of SOSL queries: 0 out of 20
  Number of DML statements: 0 out of 150
  Number of DML rows: 0 out of 10000
  Maximum CPU time: 0 out of 10000
  Maximum heap size: 0 out of 6000000
  Number of callouts: 0 out of 100
  Number of Email Invocations: 0 out of 10
  Number of future calls: 0 out of 50
  Number of queueable jobs added to the queue: 0 out of 50
  Number of Mobile Apex push calls: 0 out of 10

08:55:54.4 (4802100)|CUMULATIVE_LIMIT_USAGE_END

08:55:54.0 (4853437)|CODE_UNIT_FINISHED|expansesController.getExpenses
08:55:54.0 (7288334)|EXECUTION_FINISHED
