36.0 APEX_CODE,FINEST;APEX_PROFILING,INFO;CALLOUT,INFO;DB,INFO;SYSTEM,DEBUG;VALIDATION,INFO;VISUALFORCE,INFO;WORKFLOW,INFO
09:57:31.0 (465731)|EXECUTION_STARTED
09:57:31.0 (507481)|CODE_UNIT_STARTED|[EXTERNAL]|06636000002mR8C|VF: /apex/AccountWRap
09:57:31.0 (1190151)|VF_DESERIALIZE_VIEWSTATE_BEGIN|06636000002mR8C
09:57:31.0 (20513046)|HEAP_ALLOCATE|[72]|Bytes:3
09:57:31.0 (20579655)|HEAP_ALLOCATE|[77]|Bytes:152
09:57:31.0 (20607271)|HEAP_ALLOCATE|[342]|Bytes:408
09:57:31.0 (20637025)|HEAP_ALLOCATE|[355]|Bytes:408
09:57:31.0 (20664701)|HEAP_ALLOCATE|[467]|Bytes:48
09:57:31.0 (20716703)|HEAP_ALLOCATE|[139]|Bytes:6
09:57:31.0 (21757899)|HEAP_ALLOCATE|[50]|Bytes:5
09:57:31.0 (21787246)|HEAP_ALLOCATE|[56]|Bytes:5
09:57:31.0 (21797667)|HEAP_ALLOCATE|[64]|Bytes:7
09:57:31.0 (24421321)|VF_DESERIALIZE_VIEWSTATE_END
09:57:31.27 (27635169)|SYSTEM_MODE_ENTER|true
09:57:31.27 (27724591)|HEAP_ALLOCATE|[EXTERNAL]|Bytes:38
09:57:31.27 (27733424)|HEAP_ALLOCATE|[EXTERNAL]|Bytes:7
09:57:31.27 (27747132)|SYSTEM_METHOD_ENTRY|[1]|PageMessagesComponentController.PageMessagesComponentController()
09:57:31.27 (27752125)|STATEMENT_EXECUTE|[1]
09:57:31.0 (29353522)|STATEMENT_EXECUTE|[1]
09:57:31.0 (29372772)|SYSTEM_MODE_ENTER|false
09:57:31.0 (29378951)|HEAP_ALLOCATE|[EXTERNAL]|Bytes:5
09:57:31.0 (29383484)|STATEMENT_EXECUTE|[45]
09:57:31.0 (29389993)|SYSTEM_MODE_EXIT|false
09:57:31.0 (29398898)|METHOD_EXIT|[1]|AccountWRAPcont
09:57:31.0 (29410663)|CODE_UNIT_FINISHED|anacc
09:57:31.0 (29426117)|CODE_UNIT_FINISHED|AccountWRAPcont get(anacc)
09:57:31.0 (36958108)|CODE_UNIT_STARTED|[EXTERNAL]|01p360000072Whw|AccountWRAPcont get(accwrap)
09:57:31.0 (36971158)|SYSTEM_MODE_ENTER|true
09:57:31.0 (36984783)|CODE_UNIT_STARTED|[EXTERNAL]|01p360000072Whw|accwrap
09:57:31.0 (36996894)|CODE_UNIT_FINISHED|accwrap
09:57:31.0 (37012200)|CODE_UNIT_FINISHED|AccountWRAPcont get(accwrap)
09:57:31.0 (38803553)|CODE_UNIT_STARTED|[EXTERNAL]|01p360000072Whw|selected
09:57:31.0 (38818760)|HEAP_ALLOCATE|[EXTERNAL]|Bytes:108
09:57:31.0 (38825247)|HEAP_ALLOCATE|[EXTERNAL]|Bytes:8
09:57:31.0 (38834356)|CODE_UNIT_FINISHED|selected
09:57:31.0 (38908353)|CODE_UNIT_STARTED|[EXTERNAL]|01p360000072Whw|selected
09:57:31.0 (38919697)|CODE_UNIT_FINISHED|selected
09:57:31.0 (38987653)|CODE_UNIT_STARTED|[EXTERNAL]|01p360000072Whw|selected
09:57:31.0 (38999003)|CODE_UNIT_FINISHED|selected
09:57:31.0 (39076188)|CODE_UNIT_STARTED|[EXTERNAL]|01p360000072Whw|selected
09:57:31.0 (39087982)|CODE_UNIT_FINISHED|selected
09:57:31.0 (39154675)|CODE_UNIT_STARTED|[EXTERNAL]|01p360000072Whw|selected
09:57:31.0 (39165281)|CODE_UNIT_FINISHED|selected
09:57:31.0 (39231180)|CODE_UNIT_STARTED|[EXTERNAL]|01p360000072Whw|selected
09:57:31.0 (39241736)|CODE_UNIT_FINISHED|selected
09:57:31.0 (39307412)|CODE_UNIT_STARTED|[EXTERNAL]|01p360000072Whw|selected
09:57:31.0 (39317766)|CODE_UNIT_FINISHED|selected
09:57:31.0 (39383513)|CODE_UNIT_STARTED|[EXTERNAL]|01p360000072Whw|selected
09:57:31.0 (39394042)|CODE_UNIT_FINISHED|selected
09:57:31.0 (39459358)|CODE_UNIT_STARTED|[EXTERNAL]|01p360000072Whw|selected
09:57:31.0 (39469740)|CODE_UNIT_FINISHED|selected
09:57:31.0 (39535304)|CODE_UNIT_STARTED|[EXTERNAL]|01p360000072Whw|selected
09:57:31.0 (39545719)|CODE_UNIT_FINISHED|selected
09:57:31.0 (39611041)|CODE_UNIT_STARTED|[EXTERNAL]|01p360000072Whw|selected
09:57:31.0 (39621623)|CODE_UNIT_FINISHED|selected
09:57:31.0 (39686726)|CODE_UNIT_STARTED|[EXTERNAL]|01p360000072Whw|selected
09:57:31.0 (39697099)|CODE_UNIT_FINISHED|selected
09:57:31.0 (39762234)|CODE_UNIT_STARTED|[EXTERNAL]|01p360000072Whw|selected
09:57:31.0 (39772565)|CODE_UNIT_FINISHED|selected
09:57:31.0 (39837717)|CODE_UNIT_STARTED|[EXTERNAL]|01p360000072Whw|selected
09:57:31.0 (39848141)|CODE_UNIT_FINISHED|selected
09:57:31.40 (40043473)|SYSTEM_MODE_ENTER|true
09:57:31.40 (40107461)|HEAP_ALLOCATE|[EXTERNAL]|Bytes:8
09:57:31.40 (40114484)|VARIABLE_SCOPE_BEGIN|[88]|this|ApexPage.PageMessagesComponentController|true|false
09:57:31.40 (40167629)|VARIABLE_ASSIGNMENT|[88]|this|{}|0x7491d64b
09:57:31.40 (40171518)|VARIABLE_SCOPE_BEGIN|[88]|escape|Boolean|false|false
09:57:31.40 (40176606)|VARIABLE_ASSIGNMENT|[88]|escape|null
09:57:31.0 (42526089)|SYSTEM_MODE_ENTER|false
09:57:31.0 (42533278)|HEAP_ALLOCATE|[8]|Bytes:5
09:57:31.0 (42538785)|STATEMENT_EXECUTE|[7]
09:57:31.0 (42635937)|VARIABLE_ASSIGNMENT|[EXTERNAL]|this|{"accs":"0x245e0d5b","accwrap":"0x4328233a","anacc":"0x251c1ac","selectedaccount":"0x6462e79e"}|0x18083373
09:57:31.0 (42827965)|HEAP_ALLOCATE|[8]|Bytes:5
09:57:31.0 (42864570)|HEAP_ALLOCATE|[8]|Bytes:24
09:57:31.0 (42875671)|VARIABLE_SCOPE_BEGIN|[8]|ac|Account|true|false
09:57:31.0 (42900822)|VARIABLE_ASSIGNMENT|[8]|ac|{"s":1,"v":{"Name":"Google inc","OwnerId":"005360000011kEEAAY","Website":"www.google.com","Type":"Customer","Id":"0013600000CWofeAAD"}}|0x4eb17d8b
09:57:31.0 (42905157)|STATEMENT_EXECUTE|[8]
09:57:31.0 (42906706)|STATEMENT_EXECUTE|[9]
09:57:31.0 (42956029)|VARIABLE_ASSIGNMENT|[EXTERNAL]|this|{"accs":"0x245e0d5b","accwrap":"0x4328233a","anacc":"0x251c1ac","selectedaccount":"0x6462e79e"}|0x18083373
09:57:31.0 (43039831)|VARIABLE_ASSIGNMENT|[9]|this.Type|"Pending"|0x4eb17d8b
09:57:31.0 (61856071)|HEAP_ALLOCATE|[8]|Bytes:5
09:57:31.0 (61966291)|VARIABLE_ASSIGNMENT|[8]|ac|null|
09:57:31.0 (61987458)|SYSTEM_MODE_EXIT|false
09:57:31.0 (62074380)|CODE_UNIT_FINISHED|AccountWRAPcont invoke(Changetype)
09:57:31.0 (62180745)|VF_APEX_CALL|j_id31|{!Changetype}|PageReference: none
09:57:31.65 (65719184)|SYSTEM_MODE_ENTER|true
09:57:31.65 (65830150)|HEAP_ALLOCATE|[EXTERNAL]|Bytes:8
09:57:31.65 (65843529)|VARIABLE_SCOPE_BEGIN|[88]|this|ApexPage.PageMessagesComponentController|true|false
09:57:31.65 (65898075)|VARIABLE_ASSIGNMENT|[88]|this|{}|0x7491d64b
09:57:31.65 (65902656)|VARIABLE_SCOPE_BEGIN|[88]|escape|Boolean|false|false
09:57:31.65 (65906906)|VARIABLE_ASSIGNMENT|[88]|escape|null
09:57:31.157 (157095468)|CUMULATIVE_LIMIT_USAGE
09:57:31.157 (157095468)|LIMIT_USAGE_FOR_NS|(default)|
  Number of SOQL queries: 0 out of 100
  Number of query rows: 0 out of 50000
  Number of SOSL queries: 0 out of 20
  Number of DML statements: 0 out of 150
  Number of DML rows: 0 out of 10000
  Maximum CPU time: 0 out of 10000
  Maximum heap size: 0 out of 6000000
  Number of callouts: 0 out of 100
  Number of Email Invocations: 0 out of 10
  Number of future calls: 0 out of 50
  Number of queueable jobs added to the queue: 0 out of 50
  Number of Mobile Apex push calls: 0 out of 10

09:57:31.157 (157095468)|CUMULATIVE_LIMIT_USAGE_END

