36.0 APEX_CODE,FINEST;APEX_PROFILING,INFO;CALLOUT,INFO;DB,INFO;SYSTEM,DEBUG;VALIDATION,INFO;VISUALFORCE,INFO;WORKFLOW,INFO
09:58:07.0 (526047)|EXECUTION_STARTED
09:58:07.0 (567482)|CODE_UNIT_STARTED|[EXTERNAL]|06636000002mR8C|VF: /apex/AccountWRap
09:58:07.0 (1527420)|VF_DESERIALIZE_VIEWSTATE_BEGIN|06636000002mR8C
09:58:07.0 (21223673)|HEAP_ALLOCATE|[72]|Bytes:3
09:58:07.0 (21282331)|HEAP_ALLOCATE|[77]|Bytes:152
09:58:07.0 (21313097)|HEAP_ALLOCATE|[342]|Bytes:408
09:58:07.0 (21356816)|HEAP_ALLOCATE|[355]|Bytes:408
09:58:07.0 (21394457)|HEAP_ALLOCATE|[467]|Bytes:48
09:58:07.0 (21449259)|HEAP_ALLOCATE|[139]|Bytes:6
09:58:07.0 (22429153)|HEAP_ALLOCATE|[50]|Bytes:5
09:58:07.0 (22463842)|HEAP_ALLOCATE|[56]|Bytes:5
09:58:07.0 (22483884)|HEAP_ALLOCATE|[64]|Bytes:7
09:58:07.0 (26139233)|VF_DESERIALIZE_VIEWSTATE_END
09:58:07.28 (28896794)|SYSTEM_MODE_ENTER|true
09:58:07.28 (28986813)|HEAP_ALLOCATE|[EXTERNAL]|Bytes:38
09:58:07.28 (28994254)|HEAP_ALLOCATE|[EXTERNAL]|Bytes:7
09:58:07.28 (29008866)|SYSTEM_METHOD_ENTRY|[1]|PageMessagesComponentController.PageMessagesComponentController()
09:58:07.28 (29014449)|STATEMENT_EXECUTE|[1]
09:58:07.0 (30411424)|STATEMENT_EXECUTE|[1]
09:58:07.0 (30424183)|SYSTEM_MODE_ENTER|false
09:58:07.0 (30429593)|HEAP_ALLOCATE|[EXTERNAL]|Bytes:5
09:58:07.0 (30434266)|STATEMENT_EXECUTE|[45]
09:58:07.0 (30438719)|SYSTEM_MODE_EXIT|false
09:58:07.0 (30446667)|METHOD_EXIT|[1]|AccountWRAPcont
09:58:07.0 (30460079)|CODE_UNIT_FINISHED|anacc
09:58:07.0 (30479384)|CODE_UNIT_FINISHED|AccountWRAPcont get(anacc)
09:58:07.0 (37422593)|CODE_UNIT_STARTED|[EXTERNAL]|01p360000072Whw|AccountWRAPcont get(accwrap)
09:58:07.0 (37436153)|SYSTEM_MODE_ENTER|true
09:58:07.0 (37449121)|CODE_UNIT_STARTED|[EXTERNAL]|01p360000072Whw|accwrap
09:58:07.0 (37463520)|CODE_UNIT_FINISHED|accwrap
09:58:07.0 (37482443)|CODE_UNIT_FINISHED|AccountWRAPcont get(accwrap)
09:58:07.0 (39274643)|CODE_UNIT_STARTED|[EXTERNAL]|01p360000072Whw|selected
09:58:07.0 (39288347)|HEAP_ALLOCATE|[EXTERNAL]|Bytes:108
09:58:07.0 (39294482)|HEAP_ALLOCATE|[EXTERNAL]|Bytes:8
09:58:07.0 (39307048)|CODE_UNIT_FINISHED|selected
09:58:07.0 (39383652)|CODE_UNIT_STARTED|[EXTERNAL]|01p360000072Whw|selected
09:58:07.0 (39398514)|CODE_UNIT_FINISHED|selected
09:58:07.0 (39468369)|CODE_UNIT_STARTED|[EXTERNAL]|01p360000072Whw|selected
09:58:07.0 (39483016)|CODE_UNIT_FINISHED|selected
09:58:07.0 (39552098)|CODE_UNIT_STARTED|[EXTERNAL]|01p360000072Whw|selected
09:58:07.0 (39565732)|CODE_UNIT_FINISHED|selected
09:58:07.0 (39633623)|CODE_UNIT_STARTED|[EXTERNAL]|01p360000072Whw|selected
09:58:07.0 (39646994)|CODE_UNIT_FINISHED|selected
09:58:07.0 (39713761)|CODE_UNIT_STARTED|[EXTERNAL]|01p360000072Whw|selected
09:58:07.0 (39727295)|CODE_UNIT_FINISHED|selected
09:58:07.0 (39793898)|CODE_UNIT_STARTED|[EXTERNAL]|01p360000072Whw|selected
09:58:07.0 (39807592)|CODE_UNIT_FINISHED|selected
09:58:07.0 (39873449)|CODE_UNIT_STARTED|[EXTERNAL]|01p360000072Whw|selected
09:58:07.0 (39887020)|CODE_UNIT_FINISHED|selected
09:58:07.0 (39953222)|CODE_UNIT_STARTED|[EXTERNAL]|01p360000072Whw|selected
09:58:07.0 (39966656)|CODE_UNIT_FINISHED|selected
09:58:07.0 (40033058)|CODE_UNIT_STARTED|[EXTERNAL]|01p360000072Whw|selected
09:58:07.0 (40047357)|CODE_UNIT_FINISHED|selected
09:58:07.0 (40113993)|CODE_UNIT_STARTED|[EXTERNAL]|01p360000072Whw|selected
09:58:07.0 (40133551)|CODE_UNIT_FINISHED|selected
09:58:07.0 (40200811)|CODE_UNIT_STARTED|[EXTERNAL]|01p360000072Whw|selected
09:58:07.0 (40214390)|CODE_UNIT_FINISHED|selected
09:58:07.0 (40280307)|CODE_UNIT_STARTED|[EXTERNAL]|01p360000072Whw|selected
09:58:07.0 (40294076)|CODE_UNIT_FINISHED|selected
09:58:07.0 (40360259)|CODE_UNIT_STARTED|[EXTERNAL]|01p360000072Whw|selected
09:58:07.0 (40373727)|CODE_UNIT_FINISHED|selected
09:58:07.40 (40563827)|SYSTEM_MODE_ENTER|true
09:58:07.40 (40630073)|HEAP_ALLOCATE|[EXTERNAL]|Bytes:8
09:58:07.40 (40638471)|VARIABLE_SCOPE_BEGIN|[88]|this|ApexPage.PageMessagesComponentController|true|false
09:58:07.40 (40696114)|VARIABLE_ASSIGNMENT|[88]|this|{}|0x2f4fb986
09:58:07.40 (40701049)|VARIABLE_SCOPE_BEGIN|[88]|escape|Boolean|false|false
09:58:07.40 (40706928)|VARIABLE_ASSIGNMENT|[88]|escape|null
09:58:07.0 (43058524)|SYSTEM_MODE_ENTER|false
09:58:07.0 (43065342)|HEAP_ALLOCATE|[8]|Bytes:5
09:58:07.0 (43069913)|STATEMENT_EXECUTE|[7]
09:58:07.0 (43174270)|VARIABLE_ASSIGNMENT|[EXTERNAL]|this|{"accs":"0x6bf9692e","accwrap":"0x27592fa1","anacc":"0x3fb46119","selectedaccount":"0x1b4e04b1"}|0x62626929
09:58:07.0 (43404878)|HEAP_ALLOCATE|[8]|Bytes:5
09:58:07.0 (43434801)|HEAP_ALLOCATE|[8]|Bytes:24
09:58:07.0 (43446691)|VARIABLE_SCOPE_BEGIN|[8]|ac|Account|true|false
09:58:07.0 (43472319)|VARIABLE_ASSIGNMENT|[8]|ac|{"s":1,"v":{"Name":"Google inc","OwnerId":"005360000011kEEAAY","Website":"www.google.com","Type":"Pending","Id":"0013600000CWofeAAD"}}|0x33b6d041
09:58:07.0 (43476401)|STATEMENT_EXECUTE|[8]
09:58:07.0 (43477816)|STATEMENT_EXECUTE|[9]
09:58:07.0 (43531885)|VARIABLE_ASSIGNMENT|[EXTERNAL]|this|{"accs":"0x6bf9692e","accwrap":"0x27592fa1","anacc":"0x3fb46119","selectedaccount":"0x1b4e04b1"}|0x62626929
09:58:07.0 (43604919)|VARIABLE_ASSIGNMENT|[9]|this.Type|"Pending"|0x33b6d041
09:58:07.0 (43621976)|HEAP_ALLOCATE|[8]|Bytes:5
09:58:07.0 (43645230)|HEAP_ALLOCATE|[8]|Bytes:24
09:58:07.0 (43653559)|VARIABLE_SCOPE_BEGIN|[8]|ac|Account|true|false
09:58:07.0 (43673291)|VARIABLE_ASSIGNMENT|[8]|ac|{"s":1,"v":{"Name":"Pyramid Construction (5 more) ...","OwnerId":"005360000011kEEAAY","Website":"www.pyramid.com","Type":"Customer","Id":"00136000003VQw9AAG"}}|0x644aa210
09:58:07.0 (43677536)|STATEMENT_EXECUTE|[8]
09:58:07.0 (43678933)|STATEMENT_EXECUTE|[9]
09:58:07.0 (43710672)|VARIABLE_ASSIGNMENT|[EXTERNAL]|this|{"accs":"0x6bf9692e","accwrap":"0x27592fa1","anacc":"0x3fb46119","selectedaccount":"0x1b4e04b1"}|0x62626929
09:58:07.0 (43757713)|VARIABLE_ASSIGNMENT|[9]|this.Type|"Pending"|0x644aa210
09:58:07.0 (43773365)|HEAP_ALLOCATE|[8]|Bytes:5
09:58:07.0 (43786050)|VARIABLE_ASSIGNMENT|[8]|ac|null|
09:58:07.0 (43793994)|SYSTEM_MODE_EXIT|false
09:58:07.0 (43840291)|CODE_UNIT_FINISHED|AccountWRAPcont invoke(Changetype)
09:58:07.0 (43884928)|VF_APEX_CALL|j_id31|{!Changetype}|PageReference: none
09:58:07.47 (47105591)|SYSTEM_MODE_ENTER|true
09:58:07.47 (47180411)|HEAP_ALLOCATE|[EXTERNAL]|Bytes:8
09:58:07.47 (47187290)|VARIABLE_SCOPE_BEGIN|[88]|this|ApexPage.PageMessagesComponentController|true|false
09:58:07.47 (47218474)|VARIABLE_ASSIGNMENT|[88]|this|{}|0x2f4fb986
09:58:07.47 (47223059)|VARIABLE_SCOPE_BEGIN|[88]|escape|Boolean|false|false
09:58:07.47 (47227266)|VARIABLE_ASSIGNMENT|[88]|escape|null
09:58:07.152 (152471144)|CUMULATIVE_LIMIT_USAGE
09:58:07.152 (152471144)|LIMIT_USAGE_FOR_NS|(default)|
  Number of SOQL queries: 0 out of 100
  Number of query rows: 0 out of 50000
  Number of SOSL queries: 0 out of 20
  Number of DML statements: 0 out of 150
  Number of DML rows: 0 out of 10000
  Maximum CPU time: 0 out of 10000
  Maximum heap size: 0 out of 6000000
  Number of callouts: 0 out of 100
  Number of Email Invocations: 0 out of 10
  Number of future calls: 0 out of 50
  Number of queueable jobs added to the queue: 0 out of 50
  Number of Mobile Apex push calls: 0 out of 10

09:58:07.152 (152471144)|CUMULATIVE_LIMIT_USAGE_END

