36.0 APEX_CODE,FINEST;APEX_PROFILING,INFO;CALLOUT,INFO;DB,INFO;SYSTEM,DEBUG;VALIDATION,INFO;VISUALFORCE,INFO;WORKFLOW,INFO
05:29:01.0 (83598)|EXECUTION_STARTED
05:29:01.0 (128199)|CODE_UNIT_STARTED|[EXTERNAL]|06636000002n7XB|VF: /apex/DraftsToPersonTable
05:29:01.0 (3096440)|CODE_UNIT_STARTED|[EXTERNAL]|01p360000074pQr|DraftsToPersons <init>
05:29:01.0 (3112493)|SYSTEM_MODE_ENTER|true
05:29:01.0 (3612286)|HEAP_ALLOCATE|[72]|Bytes:3
05:29:01.0 (3677285)|HEAP_ALLOCATE|[77]|Bytes:152
05:29:01.0 (3700213)|HEAP_ALLOCATE|[342]|Bytes:408
05:29:01.0 (3721931)|HEAP_ALLOCATE|[355]|Bytes:408
05:29:01.0 (3743590)|HEAP_ALLOCATE|[467]|Bytes:48
05:29:01.0 (3789156)|HEAP_ALLOCATE|[139]|Bytes:6
05:29:01.0 (3891938)|HEAP_ALLOCATE|[EXTERNAL]|Bytes:10
05:29:01.0 (3898143)|HEAP_ALLOCATE|[EXTERNAL]|Bytes:144
05:29:01.0 (3901402)|HEAP_ALLOCATE|[EXTERNAL]|Bytes:21
05:29:01.0 (3917668)|METHOD_ENTRY|[1]|01p360000074pQr|DraftsToPersons.DraftsToPersons()
05:29:01.0 (3923558)|STATEMENT_EXECUTE|[1]
05:29:01.0 (3932599)|STATEMENT_EXECUTE|[1]
05:29:01.0 (3971075)|HEAP_ALLOCATE|[50]|Bytes:5
05:29:01.0 (3999913)|HEAP_ALLOCATE|[56]|Bytes:5
05:29:01.0 (4009956)|HEAP_ALLOCATE|[64]|Bytes:7
05:29:01.0 (4040833)|SYSTEM_MODE_ENTER|false
05:29:01.0 (4061241)|HEAP_ALLOCATE|[EXTERNAL]|Bytes:5
05:29:01.0 (4066121)|STATEMENT_EXECUTE|[68]
05:29:01.0 (4072484)|SYSTEM_MODE_EXIT|false
05:29:01.0 (4086832)|METHOD_EXIT|[1]|DraftsToPersons
05:29:01.0 (4093392)|HEAP_ALLOCATE|[EXTERNAL]|Bytes:20
05:29:01.0 (4102951)|VARIABLE_SCOPE_BEGIN|[7]|this|DraftsToPersons|true|false
05:29:01.0 (4160559)|VARIABLE_ASSIGNMENT|[7]|this|{}|0x377bed73
05:29:01.0 (4173570)|SYSTEM_MODE_ENTER|false
05:29:01.0 (4178689)|HEAP_ALLOCATE|[EXTERNAL]|Bytes:5
05:29:01.0 (4182324)|STATEMENT_EXECUTE|[1]
05:29:01.0 (4185459)|HEAP_ALLOCATE|[EXTERNAL]|Bytes:5
05:29:01.0 (4187523)|STATEMENT_EXECUTE|[2]
05:29:01.0 (4189211)|STATEMENT_EXECUTE|[3]
05:29:01.0 (4190348)|STATEMENT_EXECUTE|[4]
05:29:01.0 (4191426)|STATEMENT_EXECUTE|[5]
05:29:01.0 (4201279)|HEAP_ALLOCATE|[EXTERNAL]|Bytes:6
05:29:01.0 (4227488)|STATEMENT_EXECUTE|[8]
05:29:01.0 (4233153)|SYSTEM_MODE_EXIT|false
05:29:01.0 (4251353)|CODE_UNIT_FINISHED|DraftsToPersons <init>
05:29:01.0 (4302328)|CODE_UNIT_STARTED|[EXTERNAL]|01p360000074pQr|DraftsToPersons get(Persons)
05:29:01.0 (4311122)|SYSTEM_MODE_ENTER|true
05:29:01.0 (4335949)|CODE_UNIT_STARTED|[EXTERNAL]|01p360000074pQr|DraftsToPersons invoke(getPersons)
05:29:01.0 (4369178)|HEAP_ALLOCATE|[EXTERNAL]|Bytes:20
05:29:01.0 (4377853)|VARIABLE_SCOPE_BEGIN|[23]|this|DraftsToPersons|true|false
05:29:01.0 (4396417)|VARIABLE_ASSIGNMENT|[23]|this|{}|0x377bed73
05:29:01.0 (4412436)|SYSTEM_MODE_ENTER|false
05:29:01.0 (4417312)|HEAP_ALLOCATE|[25]|Bytes:5
05:29:01.0 (4421196)|STATEMENT_EXECUTE|[24]
05:29:01.0 (4473909)|VARIABLE_ASSIGNMENT|[EXTERNAL]|this|{}|0x377bed73
05:29:01.0 (4487684)|STATEMENT_EXECUTE|[26]
05:29:01.0 (4489369)|STATEMENT_EXECUTE|[27]
05:29:01.0 (4492804)|HEAP_ALLOCATE|[27]|Bytes:41
05:29:01.0 (4508672)|HEAP_ALLOCATE|[27]|Bytes:4
05:29:01.0 (4780359)|SOQL_EXECUTE_BEGIN|[27]|Aggregations:0|SELECT id, Name FROM Person__c LIMIT 1000
05:29:01.0 (7649155)|SOQL_EXECUTE_END|[27]|Rows:2
05:29:01.0 (7672504)|HEAP_ALLOCATE|[27]|Bytes:12
05:29:01.0 (7693827)|HEAP_ALLOCATE|[27]|Bytes:97
05:29:01.0 (7805343)|HEAP_ALLOCATE|[27]|Bytes:12
05:29:01.0 (7844814)|VARIABLE_ASSIGNMENT|[EXTERNAL]|this|{}|0x377bed73
05:29:01.0 (7884937)|VARIABLE_ASSIGNMENT|[EXTERNAL]|value|{"s":1,"v":[{"s":2,"v":{"Id":"a0N36000000xneOEAQ","Name":"Andiy Lokotosh"}},{"s":3,"v":{"Id":"a0N36000000xneTEAQ","Name":"Jon Smith"}}]}|0x4b25fe5e
05:29:01.0 (7908568)|VARIABLE_ASSIGNMENT|[3]|this.pers|{"s":1,"v":[{"s":2,"v":{"Id":"a0N36000000xneOEAQ","Name":"Andiy Lokotosh"}},{"s":3,"v":{"Id":"a0N36000000xneTEAQ","Name":"Jon Smith"}}]}|0x377bed73
05:29:01.0 (7918927)|STATEMENT_EXECUTE|[30]
05:29:01.0 (7957099)|VARIABLE_ASSIGNMENT|[EXTERNAL]|this|{"pers":"0x4b25fe5e"}|0x377bed73
05:29:01.0 (7972066)|SYSTEM_MODE_EXIT|false
05:29:01.0 (7984520)|CODE_UNIT_FINISHED|DraftsToPersons invoke(getPersons)
05:29:01.0 (8002351)|CODE_UNIT_FINISHED|DraftsToPersons get(Persons)
05:29:01.0 (8258155)|CODE_UNIT_STARTED|[EXTERNAL]|01p360000074pQr|DraftsToPersons get(Drafts)
05:29:01.0 (8267885)|SYSTEM_MODE_ENTER|true
05:29:01.0 (8286100)|CODE_UNIT_STARTED|[EXTERNAL]|01p360000074pQr|DraftsToPersons invoke(getDrafts)
05:29:01.0 (8315997)|HEAP_ALLOCATE|[EXTERNAL]|Bytes:20
05:29:01.0 (8324861)|VARIABLE_SCOPE_BEGIN|[12]|this|DraftsToPersons|true|false
05:29:01.0 (8346548)|VARIABLE_ASSIGNMENT|[12]|this|{"pers":"0x4b25fe5e"}|0x377bed73
05:29:01.0 (8358555)|SYSTEM_MODE_ENTER|false
05:29:01.0 (8363640)|HEAP_ALLOCATE|[14]|Bytes:5
05:29:01.0 (8367819)|STATEMENT_EXECUTE|[13]
05:29:01.0 (8411160)|VARIABLE_ASSIGNMENT|[EXTERNAL]|this|{"pers":"0x4b25fe5e"}|0x377bed73
05:29:01.0 (8422525)|STATEMENT_EXECUTE|[15]
05:29:01.0 (8424239)|STATEMENT_EXECUTE|[16]
05:29:01.0 (8427715)|HEAP_ALLOCATE|[16]|Bytes:70
05:29:01.0 (8435486)|HEAP_ALLOCATE|[16]|Bytes:4
05:29:01.0 (8662947)|SOQL_EXECUTE_BEGIN|[16]|Aggregations:0|SELECT id, Name FROM Draft__c ORDER BY Name ASC NULLS FIRST LIMIT 1000
05:29:01.0 (10795794)|SOQL_EXECUTE_END|[16]|Rows:2
05:29:01.0 (10813866)|HEAP_ALLOCATE|[16]|Bytes:12
05:29:01.0 (10829280)|HEAP_ALLOCATE|[16]|Bytes:95
05:29:01.0 (10874609)|HEAP_ALLOCATE|[16]|Bytes:12
05:29:01.0 (10915596)|VARIABLE_ASSIGNMENT|[EXTERNAL]|this|{"pers":"0x4b25fe5e"}|0x377bed73
05:29:01.0 (10937509)|VARIABLE_ASSIGNMENT|[EXTERNAL]|value|{"s":1,"v":[{"s":2,"v":{"Id":"a0R3600000032Q3EAI","Name":"Ebay"}},{"s":3,"v":{"Id":"a0R3600000032PyEAI","Name":"Electronic System"}}]}|0x2ca738ab
05:29:01.0 (10957473)|VARIABLE_ASSIGNMENT|[2]|this.draft|{"s":1,"v":[{"s":2,"v":{"Id":"a0R3600000032Q3EAI","Name":"Ebay"}},{"s":3,"v":{"Id":"a0R3600000032PyEAI","Name":"Electronic System"}}]}|0x377bed73
05:29:01.0 (10967553)|STATEMENT_EXECUTE|[21]
05:29:01.0 (11005571)|VARIABLE_ASSIGNMENT|[EXTERNAL]|this|{"draft":"0x2ca738ab","pers":"0x4b25fe5e"}|0x377bed73
05:29:01.0 (11021719)|SYSTEM_MODE_EXIT|false
05:29:01.0 (11033064)|CODE_UNIT_FINISHED|DraftsToPersons invoke(getDrafts)
05:29:01.0 (11050340)|CODE_UNIT_FINISHED|DraftsToPersons get(Drafts)
05:29:01.41 (41061380)|CUMULATIVE_LIMIT_USAGE
05:29:01.41 (41061380)|LIMIT_USAGE_FOR_NS|(default)|
  Number of SOQL queries: 2 out of 100
  Number of query rows: 4 out of 50000
  Number of SOSL queries: 0 out of 20
  Number of DML statements: 0 out of 150
  Number of DML rows: 0 out of 10000
  Maximum CPU time: 0 out of 10000
  Maximum heap size: 0 out of 6000000
  Number of callouts: 0 out of 100
  Number of Email Invocations: 0 out of 10
  Number of future calls: 0 out of 50
  Number of queueable jobs added to the queue: 0 out of 50
  Number of Mobile Apex push calls: 0 out of 10

05:29:01.41 (41061380)|CUMULATIVE_LIMIT_USAGE_END

05:29:01.0 (41115422)|CODE_UNIT_FINISHED|VF: /apex/DraftsToPersonTable
05:29:01.0 (42244261)|EXECUTION_FINISHED
