36.0 APEX_CODE,FINEST;APEX_PROFILING,INFO;CALLOUT,INFO;DB,INFO;SYSTEM,DEBUG;VALIDATION,INFO;VISUALFORCE,INFO;WORKFLOW,INFO
09:58:04.0 (600609)|EXECUTION_STARTED
09:58:04.0 (631492)|CODE_UNIT_STARTED|[EXTERNAL]|06636000002mR8C|VF: /apex/AccountWRap
09:58:04.0 (1430025)|VF_DESERIALIZE_VIEWSTATE_BEGIN|06636000002mR8C
09:58:04.0 (17965727)|HEAP_ALLOCATE|[72]|Bytes:3
09:58:04.0 (18029337)|HEAP_ALLOCATE|[77]|Bytes:152
09:58:04.0 (18051696)|HEAP_ALLOCATE|[342]|Bytes:408
09:58:04.0 (18069028)|HEAP_ALLOCATE|[355]|Bytes:408
09:58:04.0 (18084435)|HEAP_ALLOCATE|[467]|Bytes:48
09:58:04.0 (18122203)|HEAP_ALLOCATE|[139]|Bytes:6
09:58:04.0 (19369668)|HEAP_ALLOCATE|[50]|Bytes:5
09:58:04.0 (19401379)|HEAP_ALLOCATE|[56]|Bytes:5
09:58:04.0 (19412253)|HEAP_ALLOCATE|[64]|Bytes:7
09:58:04.0 (22115531)|VF_DESERIALIZE_VIEWSTATE_END
09:58:04.25 (25578338)|SYSTEM_MODE_ENTER|true
09:58:04.25 (25673076)|HEAP_ALLOCATE|[EXTERNAL]|Bytes:38
09:58:04.25 (25680257)|HEAP_ALLOCATE|[EXTERNAL]|Bytes:7
09:58:04.25 (25696262)|SYSTEM_METHOD_ENTRY|[1]|PageMessagesComponentController.PageMessagesComponentController()
09:58:04.25 (25700868)|STATEMENT_EXECUTE|[1]
09:58:04.0 (27200083)|STATEMENT_EXECUTE|[1]
09:58:04.0 (27211113)|SYSTEM_MODE_ENTER|false
09:58:04.0 (27217062)|HEAP_ALLOCATE|[EXTERNAL]|Bytes:5
09:58:04.0 (27221750)|STATEMENT_EXECUTE|[45]
09:58:04.0 (27226310)|SYSTEM_MODE_EXIT|false
09:58:04.0 (27238361)|METHOD_EXIT|[1]|AccountWRAPcont
09:58:04.0 (27251629)|CODE_UNIT_FINISHED|anacc
09:58:04.0 (27268139)|CODE_UNIT_FINISHED|AccountWRAPcont get(anacc)
09:58:04.0 (37689992)|CODE_UNIT_STARTED|[EXTERNAL]|01p360000072Whw|AccountWRAPcont get(accwrap)
09:58:04.0 (37699587)|SYSTEM_MODE_ENTER|true
09:58:04.0 (37713744)|CODE_UNIT_STARTED|[EXTERNAL]|01p360000072Whw|accwrap
09:58:04.0 (37726384)|CODE_UNIT_FINISHED|accwrap
09:58:04.0 (37742238)|CODE_UNIT_FINISHED|AccountWRAPcont get(accwrap)
09:58:04.0 (40500015)|CODE_UNIT_STARTED|[EXTERNAL]|01p360000072Whw|selected
09:58:04.0 (40519548)|HEAP_ALLOCATE|[EXTERNAL]|Bytes:108
09:58:04.0 (40528644)|HEAP_ALLOCATE|[EXTERNAL]|Bytes:8
09:58:04.0 (40542738)|CODE_UNIT_FINISHED|selected
09:58:04.0 (40660557)|CODE_UNIT_STARTED|[EXTERNAL]|01p360000072Whw|selected
09:58:04.0 (40677217)|CODE_UNIT_FINISHED|selected
09:58:04.0 (40773558)|CODE_UNIT_STARTED|[EXTERNAL]|01p360000072Whw|selected
09:58:04.0 (40789458)|CODE_UNIT_FINISHED|selected
09:58:04.0 (40884131)|CODE_UNIT_STARTED|[EXTERNAL]|01p360000072Whw|selected
09:58:04.0 (40899687)|CODE_UNIT_FINISHED|selected
09:58:04.0 (40992369)|CODE_UNIT_STARTED|[EXTERNAL]|01p360000072Whw|selected
09:58:04.0 (41007473)|CODE_UNIT_FINISHED|selected
09:58:04.0 (41102457)|CODE_UNIT_STARTED|[EXTERNAL]|01p360000072Whw|selected
09:58:04.0 (41117575)|CODE_UNIT_FINISHED|selected
09:58:04.0 (41209789)|CODE_UNIT_STARTED|[EXTERNAL]|01p360000072Whw|selected
09:58:04.0 (41224929)|CODE_UNIT_FINISHED|selected
09:58:04.0 (41316545)|CODE_UNIT_STARTED|[EXTERNAL]|01p360000072Whw|selected
09:58:04.0 (41331737)|CODE_UNIT_FINISHED|selected
09:58:04.0 (41424318)|CODE_UNIT_STARTED|[EXTERNAL]|01p360000072Whw|selected
09:58:04.0 (41439296)|CODE_UNIT_FINISHED|selected
09:58:04.0 (41530012)|CODE_UNIT_STARTED|[EXTERNAL]|01p360000072Whw|selected
09:58:04.0 (41544813)|CODE_UNIT_FINISHED|selected
09:58:04.0 (41636433)|CODE_UNIT_STARTED|[EXTERNAL]|01p360000072Whw|selected
09:58:04.0 (41656653)|CODE_UNIT_FINISHED|selected
09:58:04.0 (41753924)|CODE_UNIT_STARTED|[EXTERNAL]|01p360000072Whw|selected
09:58:04.0 (41768902)|CODE_UNIT_FINISHED|selected
09:58:04.0 (41858526)|CODE_UNIT_STARTED|[EXTERNAL]|01p360000072Whw|selected
09:58:04.0 (41873873)|CODE_UNIT_FINISHED|selected
09:58:04.0 (41966366)|CODE_UNIT_STARTED|[EXTERNAL]|01p360000072Whw|selected
09:58:04.0 (41981235)|CODE_UNIT_FINISHED|selected
09:58:04.42 (42370516)|SYSTEM_MODE_ENTER|true
09:58:04.42 (42456688)|HEAP_ALLOCATE|[EXTERNAL]|Bytes:8
09:58:04.42 (42467712)|VARIABLE_SCOPE_BEGIN|[88]|this|ApexPage.PageMessagesComponentController|true|false
09:58:04.42 (42535818)|VARIABLE_ASSIGNMENT|[88]|this|{}|0x52e1d57c
09:58:04.42 (42541932)|VARIABLE_SCOPE_BEGIN|[88]|escape|Boolean|false|false
09:58:04.42 (42550193)|VARIABLE_ASSIGNMENT|[88]|escape|null
09:58:04.0 (45622644)|SYSTEM_MODE_ENTER|false
09:58:04.0 (45630701)|HEAP_ALLOCATE|[36]|Bytes:5
09:58:04.0 (45635883)|STATEMENT_EXECUTE|[35]
09:58:04.0 (45637663)|STATEMENT_EXECUTE|[36]
09:58:04.0 (45648882)|HEAP_ALLOCATE|[36]|Bytes:4
09:58:04.0 (45816997)|VARIABLE_ASSIGNMENT|[EXTERNAL]|this|{"accs":"0x25363432","accwrap":"0x337ee864","anacc":"0x42e79072","selectedaccount":"0x2d593e7a"}|0x3e9f56ac
09:58:04.0 (45832867)|HEAP_ALLOCATE|[EXTERNAL]|Bytes:4
09:58:04.0 (45849691)|VARIABLE_ASSIGNMENT|[EXTERNAL]|value|{"s":1,"v":[]}|0x50c23876
09:58:04.0 (45865347)|VARIABLE_ASSIGNMENT|[5]|this.selectedaccount|{"s":1,"v":[]}|0x3e9f56ac
09:58:04.0 (45875171)|STATEMENT_EXECUTE|[37]
09:58:04.0 (45923797)|VARIABLE_ASSIGNMENT|[EXTERNAL]|this|{"accs":"0x25363432","accwrap":"0x337ee864","anacc":"0x42e79072","selectedaccount":"0x50c23876"}|0x3e9f56ac
09:58:04.0 (45995564)|VARIABLE_ASSIGNMENT|[EXTERNAL]|this|{"accs":"0x25363432","accwrap":"0x337ee864","anacc":"0x42e79072","selectedaccount":"0x50c23876"}|0x3e9f56ac
09:58:04.0 (46182662)|HEAP_ALLOCATE|[38]|Bytes:5
09:58:04.0 (46209897)|HEAP_ALLOCATE|[38]|Bytes:12
09:58:04.0 (46225404)|VARIABLE_SCOPE_BEGIN|[38]|awrap|AccountWRAPcont.accountwrapper|true|false
09:58:04.0 (46262720)|VARIABLE_ASSIGNMENT|[38]|awrap|{"acc":"0x3205e427","selected":true}|0x409cdf65
09:58:04.0 (46307141)|VARIABLE_ASSIGNMENT|[EXTERNAL]|this|{"acc":"0x3205e427","selected":true}|0x409cdf65
09:58:04.0 (46321693)|STATEMENT_EXECUTE|[39]
09:58:04.0 (46323454)|STATEMENT_EXECUTE|[40]
09:58:04.0 (46357876)|VARIABLE_ASSIGNMENT|[EXTERNAL]|this|{"accs":"0x25363432","accwrap":"0x337ee864","anacc":"0x42e79072","selectedaccount":"0x50c23876"}|0x3e9f56ac
09:58:04.0 (46389068)|VARIABLE_ASSIGNMENT|[EXTERNAL]|this|{"acc":"0x3205e427","selected":true}|0x409cdf65
09:58:04.0 (46407580)|HEAP_ALLOCATE|[EXTERNAL]|Bytes:4
09:58:04.0 (46421906)|HEAP_ALLOCATE|[38]|Bytes:5
09:58:04.0 (46432570)|HEAP_ALLOCATE|[38]|Bytes:12
09:58:04.0 (46438781)|VARIABLE_SCOPE_BEGIN|[38]|awrap|AccountWRAPcont.accountwrapper|true|false
09:58:04.0 (46457847)|VARIABLE_ASSIGNMENT|[38]|awrap|{"acc":"0x1929b1fb","selected":false}|0x349c3758
09:58:04.0 (46477930)|VARIABLE_ASSIGNMENT|[EXTERNAL]|this|{"acc":"0x1929b1fb","selected":false}|0x349c3758
09:58:04.0 (46487317)|STATEMENT_EXECUTE|[39]
09:58:04.0 (46496652)|HEAP_ALLOCATE|[38]|Bytes:5
09:58:04.0 (46505919)|HEAP_ALLOCATE|[38]|Bytes:12
09:58:04.0 (46511430)|VARIABLE_SCOPE_BEGIN|[38]|awrap|AccountWRAPcont.accountwrapper|true|false
09:58:04.0 (46529229)|VARIABLE_ASSIGNMENT|[38]|awrap|{"acc":"0x4904a25","selected":false}|0x284f47bc
09:58:04.0 (46552789)|VARIABLE_ASSIGNMENT|[EXTERNAL]|this|{"acc":"0x4904a25","selected":false}|0x284f47bc
09:58:04.0 (46562639)|STATEMENT_EXECUTE|[39]
09:58:04.0 (46572330)|HEAP_ALLOCATE|[38]|Bytes:5
09:58:04.0 (46581256)|HEAP_ALLOCATE|[38]|Bytes:12
09:58:04.0 (46586775)|VARIABLE_SCOPE_BEGIN|[38]|awrap|AccountWRAPcont.accountwrapper|true|false
09:58:04.0 (46603826)|VARIABLE_ASSIGNMENT|[38]|awrap|{"acc":"0x4bf557fc","selected":false}|0x6cb6b719
09:58:04.0 (46622930)|VARIABLE_ASSIGNMENT|[EXTERNAL]|this|{"acc":"0x4bf557fc","selected":false}|0x6cb6b719
09:58:04.0 (46631498)|STATEMENT_EXECUTE|[39]
09:58:04.0 (46640464)|HEAP_ALLOCATE|[38]|Bytes:5
09:58:04.0 (46660805)|HEAP_ALLOCATE|[38]|Bytes:12
09:58:04.0 (46666618)|VARIABLE_SCOPE_BEGIN|[38]|awrap|AccountWRAPcont.accountwrapper|true|false
09:58:04.0 (46684730)|VARIABLE_ASSIGNMENT|[38]|awrap|{"acc":"0x36d10608","selected":false}|0x4af73a1d
09:58:04.0 (46704296)|VARIABLE_ASSIGNMENT|[EXTERNAL]|this|{"acc":"0x36d10608","selected":false}|0x4af73a1d
09:58:04.0 (46713042)|STATEMENT_EXECUTE|[39]
09:58:04.0 (46722309)|HEAP_ALLOCATE|[38]|Bytes:5
09:58:04.0 (46731050)|HEAP_ALLOCATE|[38]|Bytes:12
09:58:04.0 (46736275)|VARIABLE_SCOPE_BEGIN|[38]|awrap|AccountWRAPcont.accountwrapper|true|false
09:58:04.0 (46753015)|VARIABLE_ASSIGNMENT|[38]|awrap|{"acc":"0x6223cf40","selected":false}|0x1f84f2ec
09:58:04.0 (46771929)|VARIABLE_ASSIGNMENT|[EXTERNAL]|this|{"acc":"0x6223cf40","selected":false}|0x1f84f2ec
09:58:04.0 (46780456)|STATEMENT_EXECUTE|[39]
09:58:04.0 (46789249)|HEAP_ALLOCATE|[38]|Bytes:5
09:58:04.0 (46798018)|HEAP_ALLOCATE|[38]|Bytes:12
09:58:04.0 (46803310)|VARIABLE_SCOPE_BEGIN|[38]|awrap|AccountWRAPcont.accountwrapper|true|false
09:58:04.0 (46822446)|VARIABLE_ASSIGNMENT|[38]|awrap|{"acc":"0x64e46043","selected":false}|0x4da43407
09:58:04.0 (46843051)|VARIABLE_ASSIGNMENT|[EXTERNAL]|this|{"acc":"0x64e46043","selected":false}|0x4da43407
09:58:04.0 (46851994)|STATEMENT_EXECUTE|[39]
09:58:04.0 (46861318)|HEAP_ALLOCATE|[38]|Bytes:5
09:58:04.0 (46870092)|HEAP_ALLOCATE|[38]|Bytes:12
09:58:04.0 (46875548)|VARIABLE_SCOPE_BEGIN|[38]|awrap|AccountWRAPcont.accountwrapper|true|false
09:58:04.0 (46892120)|VARIABLE_ASSIGNMENT|[38]|awrap|{"acc":"0x5cf9194","selected":false}|0x14f35cd5
09:58:04.0 (46911101)|VARIABLE_ASSIGNMENT|[EXTERNAL]|this|{"acc":"0x5cf9194","selected":false}|0x14f35cd5
09:58:04.0 (46919611)|STATEMENT_EXECUTE|[39]
09:58:04.0 (46928620)|HEAP_ALLOCATE|[38]|Bytes:5
09:58:04.0 (46937346)|HEAP_ALLOCATE|[38]|Bytes:12
09:58:04.0 (46942590)|VARIABLE_SCOPE_BEGIN|[38]|awrap|AccountWRAPcont.accountwrapper|true|false
09:58:04.0 (46959119)|VARIABLE_ASSIGNMENT|[38]|awrap|{"acc":"0x3b903663","selected":false}|0x67a7bb84
09:58:04.0 (46977859)|VARIABLE_ASSIGNMENT|[EXTERNAL]|this|{"acc":"0x3b903663","selected":false}|0x67a7bb84
09:58:04.0 (46986334)|STATEMENT_EXECUTE|[39]
09:58:04.0 (46995381)|HEAP_ALLOCATE|[38]|Bytes:5
09:58:04.0 (47004063)|HEAP_ALLOCATE|[38]|Bytes:12
09:58:04.0 (47010690)|VARIABLE_SCOPE_BEGIN|[38]|awrap|AccountWRAPcont.accountwrapper|true|false
09:58:04.0 (47027224)|VARIABLE_ASSIGNMENT|[38]|awrap|{"acc":"0x47b5b79e","selected":false}|0x5f0c260e
09:58:04.0 (47046876)|VARIABLE_ASSIGNMENT|[EXTERNAL]|this|{"acc":"0x47b5b79e","selected":false}|0x5f0c260e
09:58:04.0 (47055518)|STATEMENT_EXECUTE|[39]
09:58:04.0 (47064504)|HEAP_ALLOCATE|[38]|Bytes:5
09:58:04.0 (47073705)|HEAP_ALLOCATE|[38]|Bytes:12
09:58:04.0 (47078879)|VARIABLE_SCOPE_BEGIN|[38]|awrap|AccountWRAPcont.accountwrapper|true|false
09:58:04.0 (47095614)|VARIABLE_ASSIGNMENT|[38]|awrap|{"acc":"0x143153","selected":false}|0x33e425e4
09:58:04.0 (47114651)|VARIABLE_ASSIGNMENT|[EXTERNAL]|this|{"acc":"0x143153","selected":false}|0x33e425e4
09:58:04.0 (47123197)|STATEMENT_EXECUTE|[39]
09:58:04.0 (47131981)|HEAP_ALLOCATE|[38]|Bytes:5
09:58:04.0 (47141280)|HEAP_ALLOCATE|[38]|Bytes:12
09:58:04.0 (47146432)|VARIABLE_SCOPE_BEGIN|[38]|awrap|AccountWRAPcont.accountwrapper|true|false
09:58:04.0 (47163084)|VARIABLE_ASSIGNMENT|[38]|awrap|{"acc":"0x792e53f4","selected":false}|0x3dffd2b9
09:58:04.0 (47181938)|VARIABLE_ASSIGNMENT|[EXTERNAL]|this|{"acc":"0x792e53f4","selected":false}|0x3dffd2b9
09:58:04.0 (47190707)|STATEMENT_EXECUTE|[39]
09:58:04.0 (47199614)|HEAP_ALLOCATE|[38]|Bytes:5
09:58:04.0 (47208400)|HEAP_ALLOCATE|[38]|Bytes:12
09:58:04.0 (47213615)|VARIABLE_SCOPE_BEGIN|[38]|awrap|AccountWRAPcont.accountwrapper|true|false
09:58:04.0 (47230116)|VARIABLE_ASSIGNMENT|[38]|awrap|{"acc":"0x4337419c","selected":false}|0x675e2519
09:58:04.0 (47248606)|VARIABLE_ASSIGNMENT|[EXTERNAL]|this|{"acc":"0x4337419c","selected":false}|0x675e2519
09:58:04.0 (47256897)|STATEMENT_EXECUTE|[39]
09:58:04.0 (47265680)|HEAP_ALLOCATE|[38]|Bytes:5
09:58:04.0 (47274539)|HEAP_ALLOCATE|[38]|Bytes:12
09:58:04.0 (47279713)|VARIABLE_SCOPE_BEGIN|[38]|awrap|AccountWRAPcont.accountwrapper|true|false
09:58:04.0 (47296155)|VARIABLE_ASSIGNMENT|[38]|awrap|{"acc":"0x29541723","selected":false}|0x595c43aa
09:58:04.0 (47314935)|VARIABLE_ASSIGNMENT|[EXTERNAL]|this|{"acc":"0x29541723","selected":false}|0x595c43aa
09:58:04.0 (47323518)|STATEMENT_EXECUTE|[39]
09:58:04.0 (47332607)|HEAP_ALLOCATE|[38]|Bytes:5
09:58:04.0 (47342936)|VARIABLE_ASSIGNMENT|[38]|awrap|null|
09:58:04.0 (47349046)|SYSTEM_MODE_EXIT|false
09:58:04.0 (47394277)|CODE_UNIT_FINISHED|AccountWRAPcont invoke(getselected)
09:58:04.0 (47440085)|VF_APEX_CALL|j_id35|{!getselected}|PageReference: none
09:58:04.50 (50857860)|SYSTEM_MODE_ENTER|true
09:58:04.50 (50925622)|HEAP_ALLOCATE|[EXTERNAL]|Bytes:8
09:58:04.50 (50932744)|VARIABLE_SCOPE_BEGIN|[88]|this|ApexPage.PageMessagesComponentController|true|false
09:58:04.50 (50964341)|VARIABLE_ASSIGNMENT|[88]|this|{}|0x52e1d57c
09:58:04.50 (50968809)|VARIABLE_SCOPE_BEGIN|[88]|escape|Boolean|false|false
09:58:04.50 (50973137)|VARIABLE_ASSIGNMENT|[88]|escape|null
09:58:04.95 (95836395)|CUMULATIVE_LIMIT_USAGE
09:58:04.95 (95836395)|LIMIT_USAGE_FOR_NS|(default)|
  Number of SOQL queries: 0 out of 100
  Number of query rows: 0 out of 50000
  Number of SOSL queries: 0 out of 20
  Number of DML statements: 0 out of 150
  Number of DML rows: 0 out of 10000
  Maximum CPU time: 0 out of 10000
  Maximum heap size: 0 out of 6000000
  Number of callouts: 0 out of 100
  Number of Email Invocations: 0 out of 10
  Number of future calls: 0 out of 50
  Number of queueable jobs added to the queue: 0 out of 50
  Number of Mobile Apex push calls: 0 out of 10

09:58:04.95 (95836395)|CUMULATIVE_LIMIT_USAGE_END

