36.0 APEX_CODE,FINEST;APEX_PROFILING,INFO;CALLOUT,INFO;DB,INFO;SYSTEM,DEBUG;VALIDATION,INFO;VISUALFORCE,INFO;WORKFLOW,INFO
04:59:01.0 (543948)|EXECUTION_STARTED
04:59:01.0 (585801)|CODE_UNIT_STARTED|[EXTERNAL]|06636000002n7XB|VF: /apex/DraftsToPersonTable
04:59:01.0 (3817690)|CODE_UNIT_STARTED|[EXTERNAL]|01p360000074pQr|DraftsToPersons <init>
04:59:01.0 (3842868)|SYSTEM_MODE_ENTER|true
04:59:01.0 (4416447)|HEAP_ALLOCATE|[72]|Bytes:3
04:59:01.0 (4464046)|HEAP_ALLOCATE|[77]|Bytes:152
04:59:01.0 (4481916)|HEAP_ALLOCATE|[342]|Bytes:408
04:59:01.0 (4500646)|HEAP_ALLOCATE|[355]|Bytes:408
04:59:01.0 (4518669)|HEAP_ALLOCATE|[467]|Bytes:48
04:59:01.0 (4555806)|HEAP_ALLOCATE|[139]|Bytes:6
04:59:01.0 (4586972)|HEAP_ALLOCATE|[EXTERNAL]|Bytes:10
04:59:01.0 (4592894)|HEAP_ALLOCATE|[EXTERNAL]|Bytes:144
04:59:01.0 (4596129)|HEAP_ALLOCATE|[EXTERNAL]|Bytes:21
04:59:01.0 (4613100)|METHOD_ENTRY|[1]|01p360000074pQr|DraftsToPersons.DraftsToPersons()
04:59:01.0 (4617620)|STATEMENT_EXECUTE|[1]
04:59:01.0 (4628306)|STATEMENT_EXECUTE|[1]
04:59:01.0 (4675956)|HEAP_ALLOCATE|[50]|Bytes:5
04:59:01.0 (4700669)|HEAP_ALLOCATE|[56]|Bytes:5
04:59:01.0 (4709524)|HEAP_ALLOCATE|[64]|Bytes:7
04:59:01.0 (4737224)|SYSTEM_MODE_ENTER|false
04:59:01.0 (4765863)|HEAP_ALLOCATE|[EXTERNAL]|Bytes:5
04:59:01.0 (4771042)|STATEMENT_EXECUTE|[67]
04:59:01.0 (4781007)|SYSTEM_MODE_EXIT|false
04:59:01.0 (4794338)|METHOD_EXIT|[1]|DraftsToPersons
04:59:01.0 (5157119)|HEAP_ALLOCATE|[EXTERNAL]|Bytes:20
04:59:01.0 (5173467)|VARIABLE_SCOPE_BEGIN|[7]|this|DraftsToPersons|true|false
04:59:01.0 (5266692)|VARIABLE_ASSIGNMENT|[7]|this|{}|0x27aa5cf4
04:59:01.0 (5277665)|SYSTEM_MODE_ENTER|false
04:59:01.0 (5283324)|HEAP_ALLOCATE|[EXTERNAL]|Bytes:5
04:59:01.0 (5287464)|STATEMENT_EXECUTE|[1]
04:59:01.0 (5290280)|HEAP_ALLOCATE|[EXTERNAL]|Bytes:5
04:59:01.0 (5292498)|STATEMENT_EXECUTE|[2]
04:59:01.0 (5294459)|STATEMENT_EXECUTE|[3]
04:59:01.0 (5295668)|STATEMENT_EXECUTE|[4]
04:59:01.0 (5296792)|STATEMENT_EXECUTE|[5]
04:59:01.0 (5305976)|HEAP_ALLOCATE|[EXTERNAL]|Bytes:6
04:59:01.0 (5329760)|STATEMENT_EXECUTE|[8]
04:59:01.0 (5333382)|SYSTEM_MODE_EXIT|false
04:59:01.0 (5353398)|CODE_UNIT_FINISHED|DraftsToPersons <init>
04:59:01.0 (5416438)|CODE_UNIT_STARTED|[EXTERNAL]|01p360000074pQr|DraftsToPersons get(Persons)
04:59:01.0 (5424519)|SYSTEM_MODE_ENTER|true
04:59:01.0 (5450631)|CODE_UNIT_STARTED|[EXTERNAL]|01p360000074pQr|DraftsToPersons invoke(getPersons)
04:59:01.0 (5487106)|HEAP_ALLOCATE|[EXTERNAL]|Bytes:20
04:59:01.0 (5497608)|VARIABLE_SCOPE_BEGIN|[22]|this|DraftsToPersons|true|false
04:59:01.0 (5516125)|VARIABLE_ASSIGNMENT|[22]|this|{}|0x27aa5cf4
04:59:01.0 (5530662)|SYSTEM_MODE_ENTER|false
04:59:01.0 (5535590)|HEAP_ALLOCATE|[24]|Bytes:5
04:59:01.0 (5539598)|STATEMENT_EXECUTE|[23]
04:59:01.0 (5589247)|VARIABLE_ASSIGNMENT|[EXTERNAL]|this|{}|0x27aa5cf4
04:59:01.0 (5604012)|STATEMENT_EXECUTE|[25]
04:59:01.0 (5605755)|STATEMENT_EXECUTE|[26]
04:59:01.0 (5609150)|HEAP_ALLOCATE|[26]|Bytes:41
04:59:01.0 (5620112)|HEAP_ALLOCATE|[26]|Bytes:4
04:59:01.0 (5993671)|SOQL_EXECUTE_BEGIN|[26]|Aggregations:0|SELECT id, Name FROM Person__c LIMIT 1000
04:59:01.0 (9307862)|SOQL_EXECUTE_END|[26]|Rows:2
04:59:01.0 (9342992)|HEAP_ALLOCATE|[26]|Bytes:12
04:59:01.0 (9373034)|HEAP_ALLOCATE|[26]|Bytes:97
04:59:01.0 (9434848)|HEAP_ALLOCATE|[26]|Bytes:12
04:59:01.0 (9521790)|VARIABLE_ASSIGNMENT|[EXTERNAL]|this|{}|0x27aa5cf4
04:59:01.0 (9583064)|VARIABLE_ASSIGNMENT|[EXTERNAL]|value|{"s":1,"v":[{"s":2,"v":{"Id":"a0N36000000xneOEAQ","Name":"Andiy Lokotosh"}},{"s":3,"v":{"Id":"a0N36000000xneTEAQ","Name":"Jon Smith"}}]}|0xb2ebe
04:59:01.0 (9624043)|VARIABLE_ASSIGNMENT|[3]|this.pers|{"s":1,"v":[{"s":2,"v":{"Id":"a0N36000000xneOEAQ","Name":"Andiy Lokotosh"}},{"s":3,"v":{"Id":"a0N36000000xneTEAQ","Name":"Jon Smith"}}]}|0x27aa5cf4
04:59:01.0 (9640627)|STATEMENT_EXECUTE|[29]
04:59:01.0 (9706087)|VARIABLE_ASSIGNMENT|[EXTERNAL]|this|{"pers":"0xb2ebe"}|0x27aa5cf4
04:59:01.0 (9726586)|SYSTEM_MODE_EXIT|false
04:59:01.0 (9755976)|CODE_UNIT_FINISHED|DraftsToPersons invoke(getPersons)
04:59:01.0 (9793227)|CODE_UNIT_FINISHED|DraftsToPersons get(Persons)
04:59:01.0 (10236284)|CODE_UNIT_STARTED|[EXTERNAL]|01p360000074pQr|DraftsToPersons get(Drafts)
04:59:01.0 (10250219)|SYSTEM_MODE_ENTER|true
04:59:01.0 (10289497)|CODE_UNIT_STARTED|[EXTERNAL]|01p360000074pQr|DraftsToPersons invoke(getDrafts)
04:59:01.0 (10341143)|HEAP_ALLOCATE|[EXTERNAL]|Bytes:20
04:59:01.0 (10355005)|VARIABLE_SCOPE_BEGIN|[12]|this|DraftsToPersons|true|false
04:59:01.0 (10387956)|VARIABLE_ASSIGNMENT|[12]|this|{"pers":"0xb2ebe"}|0x27aa5cf4
04:59:01.0 (10403632)|SYSTEM_MODE_ENTER|false
04:59:01.0 (10411073)|HEAP_ALLOCATE|[14]|Bytes:5
04:59:01.0 (10416545)|STATEMENT_EXECUTE|[13]
04:59:01.0 (10475777)|VARIABLE_ASSIGNMENT|[EXTERNAL]|this|{"pers":"0xb2ebe"}|0x27aa5cf4
04:59:01.0 (10491256)|STATEMENT_EXECUTE|[15]
04:59:01.0 (10493868)|STATEMENT_EXECUTE|[16]
04:59:01.0 (10499067)|HEAP_ALLOCATE|[16]|Bytes:40
04:59:01.0 (10508669)|HEAP_ALLOCATE|[16]|Bytes:4
04:59:01.0 (10722180)|SOQL_EXECUTE_BEGIN|[16]|Aggregations:0|SELECT id, Name FROM Draft__c LIMIT 1000
04:59:01.0 (23589560)|SOQL_EXECUTE_END|[16]|Rows:2
04:59:01.0 (23641825)|HEAP_ALLOCATE|[16]|Bytes:12
04:59:01.0 (23675697)|HEAP_ALLOCATE|[16]|Bytes:95
04:59:01.0 (23725989)|HEAP_ALLOCATE|[16]|Bytes:12
04:59:01.0 (23831384)|VARIABLE_ASSIGNMENT|[EXTERNAL]|this|{"pers":"0xb2ebe"}|0x27aa5cf4
04:59:01.0 (23866431)|VARIABLE_ASSIGNMENT|[EXTERNAL]|value|{"s":1,"v":[{"s":2,"v":{"Id":"a0R3600000032Q3EAI","Name":"Ebay"}},{"s":3,"v":{"Id":"a0R3600000032PyEAI","Name":"Electronic System"}}]}|0x7b909391
04:59:01.0 (23890080)|VARIABLE_ASSIGNMENT|[2]|this.draft|{"s":1,"v":[{"s":2,"v":{"Id":"a0R3600000032Q3EAI","Name":"Ebay"}},{"s":3,"v":{"Id":"a0R3600000032PyEAI","Name":"Electronic System"}}]}|0x27aa5cf4
04:59:01.0 (23900681)|STATEMENT_EXECUTE|[20]
04:59:01.0 (23955463)|VARIABLE_ASSIGNMENT|[EXTERNAL]|this|{"draft":"0x7b909391","pers":"0xb2ebe"}|0x27aa5cf4
04:59:01.0 (23971279)|SYSTEM_MODE_EXIT|false
04:59:01.0 (23998997)|CODE_UNIT_FINISHED|DraftsToPersons invoke(getDrafts)
04:59:01.0 (24032304)|CODE_UNIT_FINISHED|DraftsToPersons get(Drafts)
04:59:01.54 (54725446)|CUMULATIVE_LIMIT_USAGE
04:59:01.54 (54725446)|LIMIT_USAGE_FOR_NS|(default)|
  Number of SOQL queries: 2 out of 100
  Number of query rows: 4 out of 50000
  Number of SOSL queries: 0 out of 20
  Number of DML statements: 0 out of 150
  Number of DML rows: 0 out of 10000
  Maximum CPU time: 0 out of 10000
  Maximum heap size: 0 out of 6000000
  Number of callouts: 0 out of 100
  Number of Email Invocations: 0 out of 10
  Number of future calls: 0 out of 50
  Number of queueable jobs added to the queue: 0 out of 50
  Number of Mobile Apex push calls: 0 out of 10

04:59:01.54 (54725446)|CUMULATIVE_LIMIT_USAGE_END

04:59:01.0 (54800924)|CODE_UNIT_FINISHED|VF: /apex/DraftsToPersonTable
04:59:01.0 (55947330)|EXECUTION_FINISHED
