34.0 APEX_CODE,FINEST;APEX_PROFILING,INFO;CALLOUT,INFO;DB,INFO;SYSTEM,DEBUG;VALIDATION,INFO;VISUALFORCE,INFO;WORKFLOW,INFO
08:32:22.0 (493107)|EXECUTION_STARTED
08:32:22.0 (543428)|CODE_UNIT_STARTED|[EXTERNAL]|06636000002m645|VF: /apex/AngularDemo
08:32:22.0 (3427145)|CODE_UNIT_STARTED|[EXTERNAL]|01p36000006TxsZ|AngularDemoController <init>
08:32:22.0 (3455038)|SYSTEM_MODE_ENTER|true
08:32:22.0 (3864295)|VARIABLE_SCOPE_BEGIN|[4]|AngularDemoController.accountId|String|false|true
08:32:22.0 (4129295)|HEAP_ALLOCATE|[72]|Bytes:3
08:32:22.0 (4193568)|HEAP_ALLOCATE|[77]|Bytes:152
08:32:22.0 (4230204)|HEAP_ALLOCATE|[342]|Bytes:408
08:32:22.0 (4268507)|HEAP_ALLOCATE|[355]|Bytes:408
08:32:22.0 (4304689)|HEAP_ALLOCATE|[467]|Bytes:48
08:32:22.0 (4373727)|HEAP_ALLOCATE|[139]|Bytes:6
08:32:22.0 (4422467)|HEAP_ALLOCATE|[EXTERNAL]|Bytes:4
08:32:22.0 (4451847)|METHOD_ENTRY|[1]|01p36000006TxsZ|AngularDemoController.AngularDemoController()
08:32:22.0 (4460006)|STATEMENT_EXECUTE|[1]
08:32:22.0 (4471427)|STATEMENT_EXECUTE|[1]
08:32:22.0 (4524270)|HEAP_ALLOCATE|[50]|Bytes:5
08:32:22.0 (4570485)|HEAP_ALLOCATE|[56]|Bytes:5
08:32:22.0 (4592393)|HEAP_ALLOCATE|[64]|Bytes:7
08:32:22.0 (4634654)|SYSTEM_MODE_ENTER|false
08:32:22.0 (4663208)|HEAP_ALLOCATE|[4]|Bytes:5
08:32:22.0 (4670664)|STATEMENT_EXECUTE|[4]
08:32:22.0 (4677017)|HEAP_ALLOCATE|[4]|Bytes:15
08:32:22.0 (4729014)|VARIABLE_ASSIGNMENT|[4]|AngularDemoController.accountId|"0013600000CWofe"
08:32:22.0 (4743110)|SYSTEM_MODE_EXIT|false
08:32:22.0 (4766422)|METHOD_EXIT|[1]|AngularDemoController
08:32:22.0 (4814880)|HEAP_ALLOCATE|[EXTERNAL]|Bytes:4
08:32:22.0 (4828438)|VARIABLE_SCOPE_BEGIN|[1]|this|AngularDemoController|true|false
08:32:22.0 (4870723)|VARIABLE_ASSIGNMENT|[1]|this|{}|0x177d038d
08:32:22.0 (4894779)|SYSTEM_MODE_ENTER|false
08:32:22.0 (4902978)|HEAP_ALLOCATE|[EXTERNAL]|Bytes:5
08:32:22.0 (4918070)|HEAP_ALLOCATE|[EXTERNAL]|Bytes:6
08:32:22.0 (5011261)|SYSTEM_MODE_EXIT|false
08:32:22.0 (5019754)|STATEMENT_EXECUTE|[1]
08:32:22.0 (5030184)|SYSTEM_MODE_ENTER|false
08:32:22.0 (5037748)|HEAP_ALLOCATE|[EXTERNAL]|Bytes:5
08:32:22.0 (5048386)|SYSTEM_MODE_EXIT|false
08:32:22.0 (5075915)|CODE_UNIT_FINISHED|AngularDemoController <init>
08:32:22.0 (5145185)|CODE_UNIT_STARTED|[EXTERNAL]|01p36000006TxsZ|AngularDemoController get(account)
08:32:22.0 (5158512)|SYSTEM_MODE_ENTER|true
08:32:22.0 (5191963)|CODE_UNIT_STARTED|[EXTERNAL]|01p36000006TxsZ|AngularDemoController invoke(getaccount)
08:32:22.0 (5293071)|SYSTEM_MODE_ENTER|false
08:32:22.0 (5307074)|HEAP_ALLOCATE|[7]|Bytes:5
08:32:22.0 (5313799)|STATEMENT_EXECUTE|[6]
08:32:22.0 (5316396)|STATEMENT_EXECUTE|[7]
08:32:22.0 (5321606)|HEAP_ALLOCATE|[7]|Bytes:105
08:32:22.0 (5335848)|HEAP_ALLOCATE|[7]|Bytes:4
08:32:22.0 (5352228)|HEAP_ALLOCATE|[7]|Bytes:7
08:32:22.0 (5810615)|SOQL_EXECUTE_BEGIN|[7]|Aggregations:0|SELECT name, billingstreet, billingcity, billingstate, billingpostalcode FROM account WHERE id = :tmpVar1
08:32:22.0 (11326581)|SOQL_EXECUTE_END|[7]|Rows:1
08:32:22.0 (11354313)|HEAP_ALLOCATE|[7]|Bytes:8
08:32:22.0 (11381103)|HEAP_ALLOCATE|[7]|Bytes:144
08:32:22.0 (11566671)|HEAP_ALLOCATE|[7]|Bytes:8
08:32:22.0 (11686163)|HEAP_ALLOCATE|[9]|Bytes:28
08:32:22.0 (11739445)|HEAP_ALLOCATE|[7]|Bytes:18
08:32:22.0 (11760322)|SYSTEM_METHOD_ENTRY|[1]|JSON.JSON()
08:32:22.0 (11766125)|STATEMENT_EXECUTE|[1]
08:32:22.0 (11781104)|SYSTEM_METHOD_EXIT|[1]|JSON
08:32:22.0 (11798688)|METHOD_ENTRY|[7]||System.JSON.serialize(Object)
08:32:22.0 (11938666)|METHOD_EXIT|[7]||System.JSON.serialize(Object)
08:32:22.0 (11948773)|SYSTEM_MODE_EXIT|false
08:32:22.0 (11965825)|CODE_UNIT_FINISHED|AngularDemoController invoke(getaccount)
08:32:22.0 (11990535)|CODE_UNIT_FINISHED|AngularDemoController get(account)
08:32:22.0 (12094646)|CODE_UNIT_STARTED|[EXTERNAL]|01p36000006TxsZ|AngularDemoController get(contacts)
08:32:22.0 (12105849)|SYSTEM_MODE_ENTER|true
08:32:22.0 (12124056)|CODE_UNIT_STARTED|[EXTERNAL]|01p36000006TxsZ|AngularDemoController invoke(getcontacts)
08:32:22.0 (12173852)|SYSTEM_MODE_ENTER|false
08:32:22.0 (12183674)|HEAP_ALLOCATE|[13]|Bytes:5
08:32:22.0 (12188787)|STATEMENT_EXECUTE|[12]
08:32:22.0 (12190580)|STATEMENT_EXECUTE|[13]
08:32:22.0 (12194663)|HEAP_ALLOCATE|[13]|Bytes:62
08:32:22.0 (12202709)|HEAP_ALLOCATE|[13]|Bytes:4
08:32:22.0 (12440332)|SOQL_EXECUTE_BEGIN|[13]|Aggregations:0|SELECT id, name, email FROM contact WHERE accountId = :tmpVar1
08:32:22.0 (29653455)|SOQL_EXECUTE_END|[13]|Rows:1
08:32:22.0 (29674838)|HEAP_ALLOCATE|[13]|Bytes:8
08:32:22.0 (29693129)|HEAP_ALLOCATE|[13]|Bytes:74
08:32:22.0 (29773654)|HEAP_ALLOCATE|[13]|Bytes:8
08:32:22.0 (29796619)|METHOD_ENTRY|[13]||System.JSON.serialize(Object)
08:32:22.0 (30290856)|METHOD_EXIT|[13]||System.JSON.serialize(Object)
08:32:22.0 (30303491)|SYSTEM_MODE_EXIT|false
08:32:22.0 (30320787)|CODE_UNIT_FINISHED|AngularDemoController invoke(getcontacts)
08:32:22.0 (30344569)|CODE_UNIT_FINISHED|AngularDemoController get(contacts)
08:32:22.39 (39149906)|CUMULATIVE_LIMIT_USAGE
08:32:22.39 (39149906)|LIMIT_USAGE_FOR_NS|(default)|
  Number of SOQL queries: 2 out of 100
  Number of query rows: 2 out of 50000
  Number of SOSL queries: 0 out of 20
  Number of DML statements: 0 out of 150
  Number of DML rows: 0 out of 10000
  Maximum CPU time: 0 out of 10000
  Maximum heap size: 0 out of 6000000
  Number of callouts: 0 out of 100
  Number of Email Invocations: 0 out of 10
  Number of future calls: 0 out of 50
  Number of queueable jobs added to the queue: 0 out of 50
  Number of Mobile Apex push calls: 0 out of 10

08:32:22.39 (39149906)|CUMULATIVE_LIMIT_USAGE_END

08:32:22.0 (39212592)|CODE_UNIT_FINISHED|VF: /apex/AngularDemo
08:32:22.0 (40621296)|EXECUTION_FINISHED
