36.0 APEX_CODE,FINEST;APEX_PROFILING,INFO;CALLOUT,INFO;DB,INFO;SYSTEM,DEBUG;VALIDATION,INFO;VISUALFORCE,INFO;WORKFLOW,INFO
10:02:38.0 (819731)|EXECUTION_STARTED
10:02:38.0 (869500)|CODE_UNIT_STARTED|[EXTERNAL]|06636000002n7XB|VF: /apex/DraftsToPersonTable
10:02:38.0 (4485337)|CODE_UNIT_STARTED|[EXTERNAL]|01p360000074pQr|DraftsToPersons <init>
10:02:38.0 (4502032)|SYSTEM_MODE_ENTER|true
10:02:38.0 (5280773)|HEAP_ALLOCATE|[72]|Bytes:3
10:02:38.0 (5335721)|HEAP_ALLOCATE|[77]|Bytes:152
10:02:38.0 (5356059)|HEAP_ALLOCATE|[342]|Bytes:408
10:02:38.0 (5378970)|HEAP_ALLOCATE|[355]|Bytes:408
10:02:38.0 (5399843)|HEAP_ALLOCATE|[467]|Bytes:48
10:02:38.0 (5445726)|HEAP_ALLOCATE|[139]|Bytes:6
10:02:38.0 (5485183)|HEAP_ALLOCATE|[EXTERNAL]|Bytes:10
10:02:38.0 (5493780)|HEAP_ALLOCATE|[EXTERNAL]|Bytes:140
10:02:38.0 (5499369)|HEAP_ALLOCATE|[EXTERNAL]|Bytes:21
10:02:38.0 (5521020)|METHOD_ENTRY|[1]|01p360000074pQr|DraftsToPersons.DraftsToPersons()
10:02:38.0 (5525810)|STATEMENT_EXECUTE|[1]
10:02:38.0 (5532507)|STATEMENT_EXECUTE|[1]
10:02:38.0 (5569968)|HEAP_ALLOCATE|[50]|Bytes:5
10:02:38.0 (5595687)|HEAP_ALLOCATE|[56]|Bytes:5
10:02:38.0 (5604758)|HEAP_ALLOCATE|[64]|Bytes:7
10:02:38.0 (5628961)|SYSTEM_MODE_ENTER|false
10:02:38.0 (5646636)|HEAP_ALLOCATE|[EXTERNAL]|Bytes:5
10:02:38.0 (5651459)|STATEMENT_EXECUTE|[69]
10:02:38.0 (5656054)|SYSTEM_MODE_EXIT|false
10:02:38.0 (5667149)|METHOD_EXIT|[1]|DraftsToPersons
10:02:38.0 (5790703)|HEAP_ALLOCATE|[EXTERNAL]|Bytes:20
10:02:38.0 (5809252)|VARIABLE_SCOPE_BEGIN|[7]|this|DraftsToPersons|true|false
10:02:38.0 (5919818)|VARIABLE_ASSIGNMENT|[7]|this|{}|0x632e246c
10:02:38.0 (5935086)|SYSTEM_MODE_ENTER|false
10:02:38.0 (5941189)|HEAP_ALLOCATE|[EXTERNAL]|Bytes:5
10:02:38.0 (5945429)|STATEMENT_EXECUTE|[1]
10:02:38.0 (5948622)|HEAP_ALLOCATE|[EXTERNAL]|Bytes:5
10:02:38.0 (5950877)|STATEMENT_EXECUTE|[2]
10:02:38.0 (5953257)|STATEMENT_EXECUTE|[3]
10:02:38.0 (5954604)|STATEMENT_EXECUTE|[4]
10:02:38.0 (5955804)|STATEMENT_EXECUTE|[5]
10:02:38.0 (5966541)|HEAP_ALLOCATE|[EXTERNAL]|Bytes:6
10:02:38.0 (5997250)|STATEMENT_EXECUTE|[8]
10:02:38.0 (6001222)|SYSTEM_MODE_EXIT|false
10:02:38.0 (6025539)|CODE_UNIT_FINISHED|DraftsToPersons <init>
10:02:38.0 (6085877)|CODE_UNIT_STARTED|[EXTERNAL]|01p360000074pQr|DraftsToPersons get(Persons)
10:02:38.0 (6095132)|SYSTEM_MODE_ENTER|true
10:02:38.0 (6123119)|CODE_UNIT_STARTED|[EXTERNAL]|01p360000074pQr|DraftsToPersons invoke(getPersons)
10:02:38.0 (6164822)|HEAP_ALLOCATE|[EXTERNAL]|Bytes:20
10:02:38.0 (6177916)|VARIABLE_SCOPE_BEGIN|[23]|this|DraftsToPersons|true|false
10:02:38.0 (6200937)|VARIABLE_ASSIGNMENT|[23]|this|{}|0x632e246c
10:02:38.0 (6224102)|SYSTEM_MODE_ENTER|false
10:02:38.0 (6231976)|HEAP_ALLOCATE|[25]|Bytes:5
10:02:38.0 (6237744)|STATEMENT_EXECUTE|[24]
10:02:38.0 (6312043)|VARIABLE_ASSIGNMENT|[EXTERNAL]|this|{}|0x632e246c
10:02:38.0 (6334508)|STATEMENT_EXECUTE|[26]
10:02:38.0 (6336581)|STATEMENT_EXECUTE|[27]
10:02:38.0 (6342037)|HEAP_ALLOCATE|[27]|Bytes:71
10:02:38.0 (6357073)|HEAP_ALLOCATE|[27]|Bytes:4
10:02:38.0 (6750517)|SOQL_EXECUTE_BEGIN|[27]|Aggregations:0|SELECT id, Name FROM Person__c ORDER BY Name ASC NULLS FIRST LIMIT 1000
10:02:38.0 (11290022)|SOQL_EXECUTE_END|[27]|Rows:2
10:02:38.0 (11313348)|HEAP_ALLOCATE|[27]|Bytes:12
10:02:38.0 (11333119)|HEAP_ALLOCATE|[27]|Bytes:97
10:02:38.0 (11380389)|HEAP_ALLOCATE|[27]|Bytes:12
10:02:38.0 (11453088)|VARIABLE_ASSIGNMENT|[EXTERNAL]|this|{}|0x632e246c
10:02:38.0 (11510671)|VARIABLE_ASSIGNMENT|[EXTERNAL]|value|{"s":1,"v":[{"s":2,"v":{"Id":"a0N36000000xneOEAQ","Name":"Andiy Lokotosh"}},{"s":3,"v":{"Id":"a0N36000000xneTEAQ","Name":"Jon Smith"}}]}|0x4f09854f
10:02:38.0 (11540858)|VARIABLE_ASSIGNMENT|[3]|this.pers|{"s":1,"v":[{"s":2,"v":{"Id":"a0N36000000xneOEAQ","Name":"Andiy Lokotosh"}},{"s":3,"v":{"Id":"a0N36000000xneTEAQ","Name":"Jon Smith"}}]}|0x632e246c
10:02:38.0 (11553358)|STATEMENT_EXECUTE|[31]
10:02:38.0 (11606550)|VARIABLE_ASSIGNMENT|[EXTERNAL]|this|{"pers":"0x4f09854f"}|0x632e246c
10:02:38.0 (11623375)|SYSTEM_MODE_EXIT|false
10:02:38.0 (11645446)|CODE_UNIT_FINISHED|DraftsToPersons invoke(getPersons)
10:02:38.0 (11675587)|CODE_UNIT_FINISHED|DraftsToPersons get(Persons)
10:02:38.0 (12083930)|CODE_UNIT_STARTED|[EXTERNAL]|01p360000074pQr|DraftsToPersons get(Drafts)
10:02:38.0 (12096495)|SYSTEM_MODE_ENTER|true
10:02:38.0 (12116771)|CODE_UNIT_STARTED|[EXTERNAL]|01p360000074pQr|DraftsToPersons invoke(getDrafts)
10:02:38.0 (12153883)|HEAP_ALLOCATE|[EXTERNAL]|Bytes:20
10:02:38.0 (12169761)|VARIABLE_SCOPE_BEGIN|[12]|this|DraftsToPersons|true|false
10:02:38.0 (12196387)|VARIABLE_ASSIGNMENT|[12]|this|{"pers":"0x4f09854f"}|0x632e246c
10:02:38.0 (12220936)|SYSTEM_MODE_ENTER|false
10:02:38.0 (12229535)|HEAP_ALLOCATE|[14]|Bytes:5
10:02:38.0 (12236199)|STATEMENT_EXECUTE|[13]
10:02:38.0 (12303390)|VARIABLE_ASSIGNMENT|[EXTERNAL]|this|{"pers":"0x4f09854f"}|0x632e246c
10:02:38.0 (12317020)|STATEMENT_EXECUTE|[15]
10:02:38.0 (12318911)|STATEMENT_EXECUTE|[16]
10:02:38.0 (12323254)|HEAP_ALLOCATE|[16]|Bytes:70
10:02:38.0 (12332298)|HEAP_ALLOCATE|[16]|Bytes:4
10:02:38.0 (12567704)|SOQL_EXECUTE_BEGIN|[16]|Aggregations:0|SELECT id, Name FROM Draft__c ORDER BY Name ASC NULLS FIRST LIMIT 1000
10:02:38.0 (15027025)|SOQL_EXECUTE_END|[16]|Rows:2
10:02:38.0 (15044221)|HEAP_ALLOCATE|[16]|Bytes:12
10:02:38.0 (15059308)|HEAP_ALLOCATE|[16]|Bytes:95
10:02:38.0 (15088502)|HEAP_ALLOCATE|[16]|Bytes:12
10:02:38.0 (15140505)|VARIABLE_ASSIGNMENT|[EXTERNAL]|this|{"pers":"0x4f09854f"}|0x632e246c
10:02:38.0 (15165190)|VARIABLE_ASSIGNMENT|[EXTERNAL]|value|{"s":1,"v":[{"s":2,"v":{"Id":"a0R3600000032Q3EAI","Name":"Ebay"}},{"s":3,"v":{"Id":"a0R3600000032PyEAI","Name":"Electronic System"}}]}|0x49ec8526
10:02:38.0 (15186068)|VARIABLE_ASSIGNMENT|[2]|this.draft|{"s":1,"v":[{"s":2,"v":{"Id":"a0R3600000032Q3EAI","Name":"Ebay"}},{"s":3,"v":{"Id":"a0R3600000032PyEAI","Name":"Electronic System"}}]}|0x632e246c
10:02:38.0 (15195994)|STATEMENT_EXECUTE|[21]
10:02:38.0 (15253739)|VARIABLE_ASSIGNMENT|[EXTERNAL]|this|{"draft":"0x49ec8526","pers":"0x4f09854f"}|0x632e246c
10:02:38.0 (15271995)|SYSTEM_MODE_EXIT|false
10:02:38.0 (15300679)|CODE_UNIT_FINISHED|DraftsToPersons invoke(getDrafts)
10:02:38.0 (15327999)|CODE_UNIT_FINISHED|DraftsToPersons get(Drafts)
10:02:38.47 (47162901)|CUMULATIVE_LIMIT_USAGE
10:02:38.47 (47162901)|LIMIT_USAGE_FOR_NS|(default)|
  Number of SOQL queries: 2 out of 100
  Number of query rows: 4 out of 50000
  Number of SOSL queries: 0 out of 20
  Number of DML statements: 0 out of 150
  Number of DML rows: 0 out of 10000
  Maximum CPU time: 0 out of 10000
  Maximum heap size: 0 out of 6000000
  Number of callouts: 0 out of 100
  Number of Email Invocations: 0 out of 10
  Number of future calls: 0 out of 50
  Number of queueable jobs added to the queue: 0 out of 50
  Number of Mobile Apex push calls: 0 out of 10

10:02:38.47 (47162901)|CUMULATIVE_LIMIT_USAGE_END

10:02:38.0 (47239597)|CODE_UNIT_FINISHED|VF: /apex/DraftsToPersonTable
10:02:38.0 (48322895)|EXECUTION_FINISHED
