36.0 APEX_CODE,FINEST;APEX_PROFILING,INFO;CALLOUT,INFO;DB,INFO;SYSTEM,DEBUG;VALIDATION,INFO;VISUALFORCE,INFO;WORKFLOW,INFO
12:30:06.0 (80200)|EXECUTION_STARTED
12:30:06.0 (115706)|CODE_UNIT_STARTED|[EXTERNAL]|aura
12:30:06.0 (607617)|HEAP_ALLOCATE|[72]|Bytes:3
12:30:06.0 (664270)|HEAP_ALLOCATE|[77]|Bytes:152
12:30:06.0 (684107)|HEAP_ALLOCATE|[342]|Bytes:408
12:30:06.0 (705184)|HEAP_ALLOCATE|[355]|Bytes:408
12:30:06.0 (724368)|HEAP_ALLOCATE|[467]|Bytes:48
12:30:06.0 (759975)|HEAP_ALLOCATE|[139]|Bytes:6
12:30:06.0 (793248)|HEAP_ALLOCATE|[EXTERNAL]|Bytes:12
12:30:06.0 (810863)|HEAP_ALLOCATE|[EXTERNAL]|Bytes:12
12:30:06.0 (1927501)|CODE_UNIT_STARTED|[EXTERNAL]|01p36000006TzBn|AwesomeProductController.getProductByName
12:30:06.0 (2055811)|HEAP_ALLOCATE|[EXTERNAL]|Bytes:3
12:30:06.0 (2074066)|METHOD_ENTRY|[1]|01p36000006TzBn|AwesomeProductController.AwesomeProductController()
12:30:06.0 (2078390)|STATEMENT_EXECUTE|[1]
12:30:06.0 (2084735)|STATEMENT_EXECUTE|[1]
12:30:06.0 (2091047)|METHOD_EXIT|[1]|AwesomeProductController
12:30:06.0 (2095899)|HEAP_ALLOCATE|[EXTERNAL]|Bytes:12
12:30:06.0 (2112904)|SYSTEM_MODE_ENTER|false
12:30:06.0 (2123207)|VARIABLE_SCOPE_BEGIN|[8]|name|String|false|false
12:30:06.0 (2154961)|VARIABLE_ASSIGNMENT|[8]|name|"Vans Classic"
12:30:06.0 (2166662)|STATEMENT_EXECUTE|[8]
12:30:06.0 (2168290)|STATEMENT_EXECUTE|[9]
12:30:06.0 (2172125)|HEAP_ALLOCATE|[9]|Bytes:167
12:30:06.0 (2184514)|HEAP_ALLOCATE|[9]|Bytes:4
12:30:06.0 (2196572)|HEAP_ALLOCATE|[9]|Bytes:7
12:30:06.0 (2249615)|HEAP_ALLOCATE|[50]|Bytes:5
12:30:06.0 (2275531)|HEAP_ALLOCATE|[56]|Bytes:5
12:30:06.0 (2284662)|HEAP_ALLOCATE|[64]|Bytes:7
12:30:06.0 (3098239)|SOQL_EXECUTE_BEGIN|[9]|Aggregations:1|SELECT id, name, photo__c, color__c, points__c, description__c, (SELECT name FROM product_sizes__r ORDER BY name ASC NULLS FIRST) FROM product__c WHERE name = :tmpVar1
12:30:06.0 (11701137)|SOQL_EXECUTE_END|[9]|Rows:1
12:30:06.0 (11736427)|HEAP_ALLOCATE|[9]|Bytes:8
12:30:06.0 (11777290)|HEAP_ALLOCATE|[9]|Bytes:560
12:30:06.0 (11897084)|HEAP_ALLOCATE|[9]|Bytes:8
12:30:06.0 (11910194)|HEAP_ALLOCATE|[9]|Bytes:36
12:30:06.0 (12012178)|HEAP_ALLOCATE|[9]|Bytes:32
12:30:06.0 (12029714)|SYSTEM_MODE_EXIT|false
12:30:06.12 (12067458)|CUMULATIVE_LIMIT_USAGE
12:30:06.12 (12067458)|LIMIT_USAGE_FOR_NS|(default)|
  Number of SOQL queries: 1 out of 100
  Number of query rows: 5 out of 50000
  Number of SOSL queries: 0 out of 20
  Number of DML statements: 0 out of 150
  Number of DML rows: 0 out of 10000
  Maximum CPU time: 0 out of 10000
  Maximum heap size: 0 out of 6000000
  Number of callouts: 0 out of 100
  Number of Email Invocations: 0 out of 10
  Number of future calls: 0 out of 50
  Number of queueable jobs added to the queue: 0 out of 50
  Number of Mobile Apex push calls: 0 out of 10

12:30:06.12 (12067458)|CUMULATIVE_LIMIT_USAGE_END

12:30:06.0 (12109640)|CODE_UNIT_FINISHED|AwesomeProductController.getProductByName
