34.0 APEX_CODE,FINEST;APEX_PROFILING,INFO;CALLOUT,INFO;DB,INFO;SYSTEM,DEBUG;VALIDATION,INFO;VISUALFORCE,INFO;WORKFLOW,INFO
07:19:40.0 (441992)|EXECUTION_STARTED
07:19:40.0 (476394)|CODE_UNIT_STARTED|[EXTERNAL]|06636000002m645|VF: /apex/AngularDemo
07:19:40.0 (20238474)|CODE_UNIT_STARTED|[EXTERNAL]|01p36000006TxsZ|AngularDemoController <init>
07:19:40.0 (20258243)|SYSTEM_MODE_ENTER|true
07:19:40.0 (20619146)|VARIABLE_SCOPE_BEGIN|[4]|AngularDemoController.accountId|String|false|true
07:19:40.0 (20814065)|HEAP_ALLOCATE|[72]|Bytes:3
07:19:40.0 (20873455)|HEAP_ALLOCATE|[77]|Bytes:152
07:19:40.0 (20895643)|HEAP_ALLOCATE|[342]|Bytes:408
07:19:40.0 (20917795)|HEAP_ALLOCATE|[355]|Bytes:408
07:19:40.0 (20937732)|HEAP_ALLOCATE|[467]|Bytes:48
07:19:40.0 (20978704)|HEAP_ALLOCATE|[139]|Bytes:6
07:19:40.0 (21003956)|HEAP_ALLOCATE|[EXTERNAL]|Bytes:4
07:19:40.0 (21023016)|METHOD_ENTRY|[1]|01p36000006TxsZ|AngularDemoController.AngularDemoController()
07:19:40.0 (21027635)|STATEMENT_EXECUTE|[1]
07:19:40.0 (21035145)|STATEMENT_EXECUTE|[1]
07:19:40.0 (21074925)|HEAP_ALLOCATE|[50]|Bytes:5
07:19:40.0 (21130845)|HEAP_ALLOCATE|[56]|Bytes:5
07:19:40.0 (21140438)|HEAP_ALLOCATE|[64]|Bytes:7
07:19:40.0 (21166746)|SYSTEM_MODE_ENTER|false
07:19:40.0 (21185036)|HEAP_ALLOCATE|[4]|Bytes:5
07:19:40.0 (21189557)|STATEMENT_EXECUTE|[4]
07:19:40.0 (21192621)|HEAP_ALLOCATE|[4]|Bytes:15
07:19:40.0 (21240601)|VARIABLE_ASSIGNMENT|[4]|AngularDemoController.accountId|"0013600000CWofe"
07:19:40.0 (21249051)|SYSTEM_MODE_EXIT|false
07:19:40.0 (21262104)|METHOD_EXIT|[1]|AngularDemoController
07:19:40.0 (21280674)|HEAP_ALLOCATE|[EXTERNAL]|Bytes:4
07:19:40.0 (21289448)|VARIABLE_SCOPE_BEGIN|[1]|this|AngularDemoController|true|false
07:19:40.0 (21324401)|VARIABLE_ASSIGNMENT|[1]|this|{}|0x353102b3
07:19:40.0 (21335173)|SYSTEM_MODE_ENTER|false
07:19:40.0 (21339497)|HEAP_ALLOCATE|[EXTERNAL]|Bytes:5
07:19:40.0 (21348150)|HEAP_ALLOCATE|[EXTERNAL]|Bytes:6
07:19:40.0 (21377593)|SYSTEM_MODE_EXIT|false
07:19:40.0 (21381371)|STATEMENT_EXECUTE|[1]
07:19:40.0 (21385883)|SYSTEM_MODE_ENTER|false
07:19:40.0 (21388963)|HEAP_ALLOCATE|[EXTERNAL]|Bytes:5
07:19:40.0 (21393145)|SYSTEM_MODE_EXIT|false
07:19:40.0 (21410596)|CODE_UNIT_FINISHED|AngularDemoController <init>
07:19:40.0 (21469362)|CODE_UNIT_STARTED|[EXTERNAL]|01p36000006TxsZ|AngularDemoController get(account)
07:19:40.0 (21477849)|SYSTEM_MODE_ENTER|true
07:19:40.0 (21503360)|CODE_UNIT_STARTED|[EXTERNAL]|01p36000006TxsZ|AngularDemoController invoke(getaccount)
07:19:40.0 (21554476)|SYSTEM_MODE_ENTER|false
07:19:40.0 (21562846)|HEAP_ALLOCATE|[7]|Bytes:5
07:19:40.0 (21567156)|STATEMENT_EXECUTE|[6]
07:19:40.0 (21568637)|STATEMENT_EXECUTE|[7]
07:19:40.0 (21571542)|HEAP_ALLOCATE|[7]|Bytes:105
07:19:40.0 (21585246)|HEAP_ALLOCATE|[7]|Bytes:4
07:19:40.0 (21597616)|HEAP_ALLOCATE|[7]|Bytes:7
07:19:40.0 (21942107)|SOQL_EXECUTE_BEGIN|[7]|Aggregations:0|SELECT name, billingstreet, billingcity, billingstate, billingpostalcode FROM account WHERE id = :tmpVar1
07:19:40.0 (26147785)|SOQL_EXECUTE_END|[7]|Rows:1
07:19:40.0 (26170535)|HEAP_ALLOCATE|[7]|Bytes:8
07:19:40.0 (26191619)|HEAP_ALLOCATE|[7]|Bytes:144
07:19:40.0 (26330025)|HEAP_ALLOCATE|[7]|Bytes:8
07:19:40.0 (26419651)|HEAP_ALLOCATE|[9]|Bytes:28
07:19:40.0 (26485700)|HEAP_ALLOCATE|[7]|Bytes:18
07:19:40.0 (26500831)|SYSTEM_METHOD_ENTRY|[1]|JSON.JSON()
07:19:40.0 (26504459)|STATEMENT_EXECUTE|[1]
07:19:40.0 (26515086)|SYSTEM_METHOD_EXIT|[1]|JSON
07:19:40.0 (26529998)|METHOD_ENTRY|[7]||System.JSON.serialize(Object)
07:19:40.0 (26678853)|METHOD_EXIT|[7]||System.JSON.serialize(Object)
07:19:40.0 (26687760)|SYSTEM_MODE_EXIT|false
07:19:40.0 (26703785)|CODE_UNIT_FINISHED|AngularDemoController invoke(getaccount)
07:19:40.0 (26722404)|CODE_UNIT_FINISHED|AngularDemoController get(account)
07:19:40.0 (26829141)|CODE_UNIT_STARTED|[EXTERNAL]|01p36000006TxsZ|AngularDemoController get(contacts)
07:19:40.0 (26838273)|SYSTEM_MODE_ENTER|true
07:19:40.0 (26856494)|CODE_UNIT_STARTED|[EXTERNAL]|01p36000006TxsZ|AngularDemoController invoke(getcontacts)
07:19:40.0 (26899378)|SYSTEM_MODE_ENTER|false
07:19:40.0 (26908007)|HEAP_ALLOCATE|[13]|Bytes:5
07:19:40.0 (26912354)|STATEMENT_EXECUTE|[12]
07:19:40.0 (26913861)|STATEMENT_EXECUTE|[13]
07:19:40.0 (26916728)|HEAP_ALLOCATE|[13]|Bytes:62
07:19:40.0 (26923343)|HEAP_ALLOCATE|[13]|Bytes:4
07:19:40.0 (27146750)|SOQL_EXECUTE_BEGIN|[13]|Aggregations:0|SELECT id, name, email FROM contact WHERE accountId = :tmpVar1
07:19:40.0 (35411268)|SOQL_EXECUTE_END|[13]|Rows:1
07:19:40.0 (35434986)|HEAP_ALLOCATE|[13]|Bytes:8
07:19:40.0 (35448627)|HEAP_ALLOCATE|[13]|Bytes:74
07:19:40.0 (35510665)|HEAP_ALLOCATE|[13]|Bytes:8
07:19:40.0 (35525362)|METHOD_ENTRY|[13]||System.JSON.serialize(Object)
07:19:40.0 (35978587)|METHOD_EXIT|[13]||System.JSON.serialize(Object)
07:19:40.0 (35987330)|SYSTEM_MODE_EXIT|false
07:19:40.0 (36002273)|CODE_UNIT_FINISHED|AngularDemoController invoke(getcontacts)
07:19:40.0 (36022356)|CODE_UNIT_FINISHED|AngularDemoController get(contacts)
07:19:40.46 (46403880)|CUMULATIVE_LIMIT_USAGE
07:19:40.46 (46403880)|LIMIT_USAGE_FOR_NS|(default)|
  Number of SOQL queries: 2 out of 100
  Number of query rows: 2 out of 50000
  Number of SOSL queries: 0 out of 20
  Number of DML statements: 0 out of 150
  Number of DML rows: 0 out of 10000
  Maximum CPU time: 0 out of 10000
  Maximum heap size: 0 out of 6000000
  Number of callouts: 0 out of 100
  Number of Email Invocations: 0 out of 10
  Number of future calls: 0 out of 50
  Number of queueable jobs added to the queue: 0 out of 50
  Number of Mobile Apex push calls: 0 out of 10

07:19:40.46 (46403880)|CUMULATIVE_LIMIT_USAGE_END

07:19:40.0 (46473090)|CODE_UNIT_FINISHED|VF: /apex/AngularDemo
07:19:40.0 (47478475)|EXECUTION_FINISHED
