36.0 APEX_CODE,FINEST;APEX_PROFILING,INFO;CALLOUT,INFO;DB,INFO;SYSTEM,DEBUG;VALIDATION,INFO;VISUALFORCE,INFO;WORKFLOW,INFO
08:03:58.0 (81341)|EXECUTION_STARTED
08:03:58.0 (130768)|CODE_UNIT_STARTED|[EXTERNAL]|Validation:Employee_Skills:a0C36000000iqcX
08:03:58.0 (148156)|VALIDATION_RULE|03d360000004uZ7|Grade_Validation
08:03:58.0 (434754)|VALIDATION_FORMULA|OR( 
ISBLANK(Grade__c),
  Grade__c >5,
  Grade__c <0
)|Grade__c=3
08:03:58.0 (439649)|VALIDATION_PASS
08:03:58.0 (467956)|CODE_UNIT_FINISHED|Validation:Employee_Skills:a0C36000000iqcX
08:03:58.0 (478462)|EXECUTION_FINISHED
08:03:58.17 (17896683)|EXECUTION_STARTED
08:03:58.17 (17914225)|CODE_UNIT_STARTED|[EXTERNAL]|01q3600000063GL|EmployeeSkillsEmailTrigger on Employee_Skills trigger event AfterUpdate for [a0C36000000iqcX]
08:03:58.17 (17989367)|HEAP_ALLOCATE|[EXTERNAL]|Bytes:8
08:03:58.17 (18058929)|HEAP_ALLOCATE|[EXTERNAL]|Bytes:8
08:03:58.17 (18766483)|HEAP_ALLOCATE|[72]|Bytes:3
08:03:58.17 (18832449)|HEAP_ALLOCATE|[77]|Bytes:152
08:03:58.17 (18867044)|HEAP_ALLOCATE|[342]|Bytes:408
08:03:58.17 (18906273)|HEAP_ALLOCATE|[355]|Bytes:408
08:03:58.17 (18943331)|HEAP_ALLOCATE|[467]|Bytes:48
08:03:58.17 (19053141)|HEAP_ALLOCATE|[139]|Bytes:6
08:03:58.17 (19129457)|HEAP_ALLOCATE|[EXTERNAL]|Bytes:2
08:03:58.17 (19163644)|HEAP_ALLOCATE|[EXTERNAL]|Bytes:48
08:03:58.17 (19176218)|VARIABLE_SCOPE_BEGIN|[48]|this|EmployeeSkillsEmailTrigger|true|false
08:03:58.17 (19259119)|VARIABLE_ASSIGNMENT|[48]|this|{}|0x371b3470
08:03:58.17 (19313662)|HEAP_ALLOCATE|[EXTERNAL]|Bytes:48
08:03:58.17 (19324021)|VARIABLE_SCOPE_BEGIN|[48]|this|EmployeeSkillsEmailTrigger|true|false
08:03:58.17 (19351855)|VARIABLE_ASSIGNMENT|[48]|this|{}|0x371b3470
08:03:58.17 (19362344)|STATEMENT_EXECUTE|[48]
08:03:58.17 (19365598)|STATEMENT_EXECUTE|[51]
08:03:58.17 (19412871)|HEAP_ALLOCATE|[50]|Bytes:5
08:03:58.17 (19448650)|HEAP_ALLOCATE|[56]|Bytes:5
08:03:58.17 (19467968)|HEAP_ALLOCATE|[64]|Bytes:7
08:03:58.17 (20399709)|VARIABLE_ASSIGNMENT|[51]|this.rdv|{"LastModifiedDate":"2016-03-31T15:03:58.000Z","IsDeleted":false,"Project__c":"a0736000000Ex6cAAC","Name":"www","SystemModstamp":"2016-03-31T15:03:58.000Z","Employee__c":"a0A36000002VEpNEAW","CreatedById":"005360000011kEEAAY","Employee_Email__c":"dasd@sdfsd.com","CreatedDate":"2016-03-31T15:00:54.000Z","Id":"a0C36000000iqcXEAQ","Grade__c":3,"Status__c":"Pending approval","LastModifiedById":"005360000011kEEAAY"}|0x371b3470
08:03:58.17 (20412018)|STATEMENT_EXECUTE|[52]
08:03:58.17 (20674866)|VARIABLE_ASSIGNMENT|[52]|this.userid|"005360000011kEEAAY"|0x371b3470
08:03:58.17 (20682772)|STATEMENT_EXECUTE|[53]
08:03:58.17 (20689720)|HEAP_ALLOCATE|[53]|Bytes:56
08:03:58.17 (20704541)|HEAP_ALLOCATE|[53]|Bytes:4
08:03:58.17 (20719475)|HEAP_ALLOCATE|[53]|Bytes:7
08:03:58.17 (22095873)|SOQL_EXECUTE_BEGIN|[53]|Aggregations:0|SELECT Name, Email FROM User WHERE Id = :tmpVar1 LIMIT 1
08:03:58.17 (25422996)|SOQL_EXECUTE_END|[53]|Rows:1
08:03:58.17 (25441444)|HEAP_ALLOCATE|[53]|Bytes:8
08:03:58.17 (25456879)|HEAP_ALLOCATE|[53]|Bytes:86
08:03:58.17 (25524548)|HEAP_ALLOCATE|[53]|Bytes:8
08:03:58.17 (25537777)|HEAP_ALLOCATE|[53]|Bytes:30
08:03:58.17 (25628547)|HEAP_ALLOCATE|[53]|Bytes:16
08:03:58.17 (25681435)|VARIABLE_ASSIGNMENT|[53]|this.activeUser|{"s":1,"v":{"Name":"Andrew Lokotosh","Email":"andriy.lokotosh@gmai (5 more) ...","Id":"005360000011kEEAAY"}}|0x371b3470
08:03:58.17 (25688730)|STATEMENT_EXECUTE|[54]
08:03:58.17 (25749072)|VARIABLE_ASSIGNMENT|[54]|this.userName|"Andrew Lokotosh"|0x371b3470
08:03:58.17 (25755772)|STATEMENT_EXECUTE|[55]
08:03:58.17 (25807429)|VARIABLE_ASSIGNMENT|[55]|this.userEmail|"andriy.lokotosh@gmai (5 more) ..."|0x371b3470
08:03:58.17 (25813116)|STATEMENT_EXECUTE|[56]
08:03:58.17 (25865857)|VARIABLE_ASSIGNMENT|[56]|this.employeeskills|"www"|0x371b3470
08:03:58.17 (25871692)|STATEMENT_EXECUTE|[58]
08:03:58.17 (25932929)|USER_DEBUG|[58]|DEBUG|andriy.lokotosh@gmail.com
08:03:58.17 (25947193)|STATEMENT_EXECUTE|[59]
08:03:58.17 (25952955)|HEAP_ALLOCATE|[59]|Bytes:94
08:03:58.17 (25961971)|HEAP_ALLOCATE|[59]|Bytes:4
08:03:58.17 (26411427)|SOQL_EXECUTE_BEGIN|[59]|Aggregations:0|SELECT Id, Name, HtmlValue, Subject, Body FROM EmailTemplate WHERE Name = 'NewSkillWasCreated'
08:03:58.17 (68123897)|SOQL_EXECUTE_END|[59]|Rows:1
08:03:58.17 (68149016)|HEAP_ALLOCATE|[59]|Bytes:8
08:03:58.17 (68159735)|HEAP_ALLOCATE|[59]|Bytes:162
08:03:58.17 (68289918)|HEAP_ALLOCATE|[59]|Bytes:8
08:03:58.17 (68318806)|HEAP_ALLOCATE|[59]|Bytes:39
08:03:58.17 (68430277)|HEAP_ALLOCATE|[59]|Bytes:24
08:03:58.17 (68507681)|VARIABLE_ASSIGNMENT|[59]|this.emailTemplate|{"s":1,"v":{"Id":"00X36000000QbewEAC","Name":"NewSkillWasCreated","Subject":"New Skill Was Create (2 more) ...","Body":"Dear, {!CreatedBy}!\r (33 more) ..."}}|0x371b3470
08:03:58.17 (68515158)|STATEMENT_EXECUTE|[60]
08:03:58.17 (68540289)|VARIABLE_ASSIGNMENT|[60]|this.htmlBody|null|0x371b3470
08:03:58.17 (68543555)|STATEMENT_EXECUTE|[63]
08:03:58.17 (68581557)|VARIABLE_ASSIGNMENT|[63]|this.plainBody|"Dear, {!CreatedBy}!\r (33 more) ..."|0x371b3470
08:03:58.17 (68585636)|STATEMENT_EXECUTE|[64]
08:03:58.17 (68594425)|HEAP_ALLOCATE|[64]|Bytes:12
08:03:58.17 (68695081)|HEAP_ALLOCATE|[64]|Bytes:56
08:03:58.17 (68724587)|VARIABLE_ASSIGNMENT|[64]|this.plainBody|"Dear, Andrew Lokotos (36 more) ..."|0x371b3470
08:03:58.17 (68728152)|STATEMENT_EXECUTE|[65]
08:03:58.17 (68735738)|HEAP_ALLOCATE|[65]|Bytes:7
08:03:58.17 (68777550)|HEAP_ALLOCATE|[65]|Bytes:52
08:03:58.17 (68803646)|VARIABLE_ASSIGNMENT|[65]|this.plainBody|"Dear, Andrew Lokotos (32 more) ..."|0x371b3470
08:03:58.17 (68807198)|STATEMENT_EXECUTE|[67]
08:03:58.17 (69011101)|VARIABLE_ASSIGNMENT|[67]|this.mail|"common.api.soap.wsdl.SingleEmailMessage@40a5772"|0x371b3470
08:03:58.17 (69019625)|STATEMENT_EXECUTE|[68]
08:03:58.17 (69036849)|HEAP_ALLOCATE|[68]|Bytes:18
08:03:58.17 (69122958)|STATEMENT_EXECUTE|[69]
08:03:58.17 (69134963)|HEAP_ALLOCATE|[69]|Bytes:22
08:03:58.17 (69168908)|STATEMENT_EXECUTE|[70]
08:03:58.17 (69212536)|STATEMENT_EXECUTE|[71]
08:03:58.17 (69246533)|STATEMENT_EXECUTE|[72]
08:03:58.17 (69280473)|STATEMENT_EXECUTE|[73]
08:03:58.17 (69347526)|STATEMENT_EXECUTE|[74]
08:03:58.17 (69382252)|STATEMENT_EXECUTE|[75]
08:03:58.17 (69410811)|STATEMENT_EXECUTE|[76]
08:03:58.17 (69419367)|HEAP_ALLOCATE|[76]|Bytes:4
08:03:58.17 (69505225)|HEAP_ALLOCATE|[EXTERNAL]|Bytes:4
08:03:58.17 (69528276)|VARIABLE_ASSIGNMENT|[76]|this.sendTo|{"s":1,"v":[]}|0x371b3470
08:03:58.17 (69534055)|STATEMENT_EXECUTE|[77]
08:03:58.17 (69586734)|HEAP_ALLOCATE|[EXTERNAL]|Bytes:4
08:03:58.17 (69596041)|STATEMENT_EXECUTE|[78]
08:03:58.17 (69639313)|STATEMENT_EXECUTE|[79]
08:03:58.17 (69665690)|HEAP_ALLOCATE|[79]|Bytes:4
08:03:58.17 (69762840)|HEAP_ALLOCATE|[EXTERNAL]|Bytes:8
08:03:58.17 (69794483)|HEAP_ALLOCATE|[EXTERNAL]|Bytes:8
08:03:58.17 (72771313)|EMAIL_QUEUE|[79]|replyTo: support@salesforce.com, subject: New Skill Was Created!, senderDisplayName: Salesforce Support, bccSender: false, saveAsActivity: false, useSignature: false, toAddresses: [andriy.lokotosh@gmail.com], plainTextBody: Dear, Andrew Lokotosh!

A new skill www was added!, 
08:03:58.17 (72838070)|HEAP_ALLOCATE|[EXTERNAL]|Bytes:8
08:03:58.72 (72865232)|CUMULATIVE_LIMIT_USAGE
08:03:58.72 (72865232)|LIMIT_USAGE_FOR_NS|(default)|
  Number of SOQL queries: 2 out of 100
  Number of query rows: 2 out of 50000
  Number of SOSL queries: 0 out of 20
  Number of DML statements: 0 out of 150
  Number of DML rows: 0 out of 10000
  Maximum CPU time: 0 out of 10000
  Maximum heap size: 0 out of 6000000
  Number of callouts: 0 out of 100
  Number of Email Invocations: 1 out of 10
  Number of future calls: 0 out of 50
  Number of queueable jobs added to the queue: 0 out of 50
  Number of Mobile Apex push calls: 0 out of 10

08:03:58.72 (72865232)|CUMULATIVE_LIMIT_USAGE_END

08:03:58.17 (74277891)|CODE_UNIT_FINISHED|EmployeeSkillsEmailTrigger on Employee_Skills trigger event AfterUpdate for [a0C36000000iqcX]
08:03:58.17 (75379810)|EXECUTION_FINISHED
08:03:58.78 (78266142)|EXECUTION_STARTED
08:03:58.78 (78275188)|CODE_UNIT_STARTED|[EXTERNAL]|Workflow:01I360000002Vi7
08:03:58.78 (92227584)|WF_RULE_EVAL_BEGIN|Workflow
08:03:58.78 (92261893)|WF_CRITERIA_BEGIN|[Employee Skills: www a0C36000000iqcX]|ESkills30136000000L4ky|01Q360000004R9K|ON_ALL_CHANGES|0
08:03:58.78 (92403639)|WF_FORMULA|Formula:ENCODED:[treatNullAsNull]true|Values:
08:03:58.78 (92415036)|WF_CRITERIA_END|true
08:03:58.78 (93143496)|WF_CRITERIA_BEGIN|[Employee Skills: www a0C36000000iqcX]|SendEmailAlert30136000000L4lD|01Q360000004R9P|ON_ALL_CHANGES|0
08:03:58.78 (93186494)|WF_FORMULA|Formula:ENCODED:[treatNullAsNull]true|Values:
08:03:58.78 (93191828)|WF_CRITERIA_END|true
08:03:58.78 (93211485)|WF_SPOOL_ACTION_BEGIN|Workflow
08:03:58.78 (93381925)|WF_ACTION| Flow Trigger: 2;
08:03:58.78 (93386330)|WF_RULE_EVAL_END
08:03:58.78 (93475129)|WF_FLOW_ACTION_BEGIN|09L36000000CiXq
08:03:58.93 (93574287)|FLOW_CREATE_INTERVIEW_BEGIN|00D36000000JiIA|30036000000Gr5Z|30136000000L4ky
08:03:58.93 (95561669)|FLOW_CREATE_INTERVIEW_END|8158172f06ecd80e31a4454529b4153cd2f62e9-643b|UpdateEmail
08:03:58.96 (96117242)|FLOW_START_INTERVIEWS_BEGIN|1
08:03:58.96 (96750584)|FLOW_START_INTERVIEW_BEGIN|8158172f06ecd80e31a4454529b4153cd2f62e9-643b|UpdateEmail
08:03:58.96 (97573939)|FLOW_START_INTERVIEW_END|8158172f06ecd80e31a4454529b4153cd2f62e9-643b|UpdateEmail
08:03:58.125 (125704867)|CODE_UNIT_STARTED|[EXTERNAL]|Validation:Employee_Skills:a0C36000000iqcX
08:03:58.125 (125742826)|VALIDATION_RULE|03d360000004uZ7|Grade_Validation
08:03:58.125 (125936887)|VALIDATION_FORMULA|OR( 
ISBLANK(Grade__c),
  Grade__c >5,
  Grade__c <0
)|Grade__c=3
08:03:58.125 (125944499)|VALIDATION_PASS
08:03:58.125 (125975857)|CODE_UNIT_FINISHED|Validation:Employee_Skills:a0C36000000iqcX
08:03:58.134 (134623330)|CODE_UNIT_STARTED|[EXTERNAL]|01q3600000063GL|EmployeeSkillsEmailTrigger on Employee_Skills trigger event AfterUpdate for [a0C36000000iqcX]
08:03:58.134 (134675322)|HEAP_ALLOCATE|[EXTERNAL]|Bytes:8
08:03:58.134 (134716871)|HEAP_ALLOCATE|[EXTERNAL]|Bytes:8
08:03:58.134 (134808519)|HEAP_ALLOCATE|[EXTERNAL]|Bytes:48
08:03:58.134 (134825900)|VARIABLE_SCOPE_BEGIN|[48]|this|EmployeeSkillsEmailTrigger|true|false
08:03:58.134 (134918302)|VARIABLE_ASSIGNMENT|[48]|this|{}|0x7635682
08:03:58.134 (134969181)|HEAP_ALLOCATE|[EXTERNAL]|Bytes:48
08:03:58.134 (134978789)|VARIABLE_SCOPE_BEGIN|[48]|this|EmployeeSkillsEmailTrigger|true|false
08:03:58.134 (135003139)|VARIABLE_ASSIGNMENT|[48]|this|{}|0x7635682
08:03:58.134 (135013027)|STATEMENT_EXECUTE|[48]
08:03:58.134 (135016369)|STATEMENT_EXECUTE|[51]
08:03:58.134 (135499532)|VARIABLE_ASSIGNMENT|[51]|this.rdv|{"LastModifiedDate":"2016-03-31T15:03:58.000Z","IsDeleted":false,"Project__c":"a0736000000Ex6cAAC","Name":"www","SystemModstamp":"2016-03-31T15:03:58.000Z","Employee__c":"a0A36000002VEpNEAW","CreatedById":"005360000011kEEAAY","Employee_Email__c":"dasd@sdfsd.com","CreatedDate":"2016-03-31T15:00:54.000Z","Id":"a0C36000000iqcXEAQ","Grade__c":3,"Status__c":"Pending approval","LastModifiedById":"005360000011kEEAAY"}|0x7635682
08:03:58.134 (135509677)|STATEMENT_EXECUTE|[52]
08:03:58.134 (135755678)|VARIABLE_ASSIGNMENT|[52]|this.userid|"005360000011kEEAAY"|0x7635682
08:03:58.134 (135762665)|STATEMENT_EXECUTE|[53]
08:03:58.134 (135771348)|HEAP_ALLOCATE|[53]|Bytes:4
08:03:58.134 (136054418)|SOQL_EXECUTE_BEGIN|[53]|Aggregations:0|SELECT Name, Email FROM User WHERE Id = :tmpVar1 LIMIT 1
08:03:58.134 (139893559)|SOQL_EXECUTE_END|[53]|Rows:1
08:03:58.134 (139911219)|HEAP_ALLOCATE|[53]|Bytes:8
08:03:58.134 (139924812)|HEAP_ALLOCATE|[53]|Bytes:86
08:03:58.134 (139940871)|HEAP_ALLOCATE|[53]|Bytes:8
08:03:58.134 (139972035)|HEAP_ALLOCATE|[53]|Bytes:16
08:03:58.134 (140012162)|VARIABLE_ASSIGNMENT|[53]|this.activeUser|{"s":1,"v":{"Name":"Andrew Lokotosh","Email":"andriy.lokotosh@gmai (5 more) ...","Id":"005360000011kEEAAY"}}|0x7635682
08:03:58.134 (140017982)|STATEMENT_EXECUTE|[54]
08:03:58.134 (140040620)|VARIABLE_ASSIGNMENT|[54]|this.userName|"Andrew Lokotosh"|0x7635682
08:03:58.134 (140043750)|STATEMENT_EXECUTE|[55]
08:03:58.134 (140058652)|VARIABLE_ASSIGNMENT|[55]|this.userEmail|"andriy.lokotosh@gmai (5 more) ..."|0x7635682
08:03:58.134 (140061469)|STATEMENT_EXECUTE|[56]
08:03:58.134 (140074622)|VARIABLE_ASSIGNMENT|[56]|this.employeeskills|"www"|0x7635682
08:03:58.134 (140077124)|STATEMENT_EXECUTE|[58]
08:03:58.134 (140113574)|USER_DEBUG|[58]|DEBUG|andriy.lokotosh@gmail.com
08:03:58.134 (140122719)|STATEMENT_EXECUTE|[59]
08:03:58.134 (140127901)|HEAP_ALLOCATE|[59]|Bytes:4
08:03:58.134 (140450943)|SOQL_EXECUTE_BEGIN|[59]|Aggregations:0|SELECT Id, Name, HtmlValue, Subject, Body FROM EmailTemplate WHERE Name = 'NewSkillWasCreated'
08:03:58.134 (155781717)|SOQL_EXECUTE_END|[59]|Rows:1
08:03:58.134 (155805711)|HEAP_ALLOCATE|[59]|Bytes:8
08:03:58.134 (155818168)|HEAP_ALLOCATE|[59]|Bytes:162
08:03:58.134 (155838628)|HEAP_ALLOCATE|[59]|Bytes:8
08:03:58.134 (155889829)|HEAP_ALLOCATE|[59]|Bytes:24
08:03:58.134 (155961047)|VARIABLE_ASSIGNMENT|[59]|this.emailTemplate|{"s":1,"v":{"Id":"00X36000000QbewEAC","Name":"NewSkillWasCreated","Subject":"New Skill Was Create (2 more) ...","Body":"Dear, {!CreatedBy}!\r (33 more) ..."}}|0x7635682
08:03:58.134 (155968912)|STATEMENT_EXECUTE|[60]
08:03:58.134 (155991652)|VARIABLE_ASSIGNMENT|[60]|this.htmlBody|null|0x7635682
08:03:58.134 (155994513)|STATEMENT_EXECUTE|[63]
08:03:58.134 (156013529)|VARIABLE_ASSIGNMENT|[63]|this.plainBody|"Dear, {!CreatedBy}!\r (33 more) ..."|0x7635682
08:03:58.134 (156017818)|STATEMENT_EXECUTE|[64]
08:03:58.134 (156068046)|HEAP_ALLOCATE|[64]|Bytes:56
08:03:58.134 (156090690)|VARIABLE_ASSIGNMENT|[64]|this.plainBody|"Dear, Andrew Lokotos (36 more) ..."|0x7635682
08:03:58.134 (156094008)|STATEMENT_EXECUTE|[65]
08:03:58.134 (156116240)|HEAP_ALLOCATE|[65]|Bytes:52
08:03:58.134 (156135329)|VARIABLE_ASSIGNMENT|[65]|this.plainBody|"Dear, Andrew Lokotos (32 more) ..."|0x7635682
08:03:58.134 (156138449)|STATEMENT_EXECUTE|[67]
08:03:58.134 (156250084)|VARIABLE_ASSIGNMENT|[67]|this.mail|"common.api.soap.wsdl.SingleEmailMessage@66c78a8c"|0x7635682
08:03:58.134 (156255556)|STATEMENT_EXECUTE|[68]
08:03:58.134 (156308825)|STATEMENT_EXECUTE|[69]
08:03:58.134 (156328134)|STATEMENT_EXECUTE|[70]
08:03:58.134 (156347361)|STATEMENT_EXECUTE|[71]
08:03:58.134 (156362868)|STATEMENT_EXECUTE|[72]
08:03:58.134 (156378776)|STATEMENT_EXECUTE|[73]
08:03:58.134 (156402687)|STATEMENT_EXECUTE|[74]
08:03:58.134 (156423862)|STATEMENT_EXECUTE|[75]
08:03:58.134 (156441447)|STATEMENT_EXECUTE|[76]
08:03:58.134 (156446293)|HEAP_ALLOCATE|[76]|Bytes:4
08:03:58.134 (156522460)|HEAP_ALLOCATE|[EXTERNAL]|Bytes:4
08:03:58.134 (156540263)|VARIABLE_ASSIGNMENT|[76]|this.sendTo|{"s":1,"v":[]}|0x7635682
08:03:58.134 (156543669)|STATEMENT_EXECUTE|[77]
08:03:58.134 (156562925)|HEAP_ALLOCATE|[EXTERNAL]|Bytes:4
08:03:58.134 (156568931)|STATEMENT_EXECUTE|[78]
08:03:58.134 (156600909)|STATEMENT_EXECUTE|[79]
08:03:58.134 (156606795)|HEAP_ALLOCATE|[79]|Bytes:4
08:03:58.134 (156641567)|HEAP_ALLOCATE|[EXTERNAL]|Bytes:8
08:03:58.134 (156671729)|HEAP_ALLOCATE|[EXTERNAL]|Bytes:8
08:03:58.134 (159637994)|EMAIL_QUEUE|[79]|replyTo: support@salesforce.com, subject: New Skill Was Created!, senderDisplayName: Salesforce Support, bccSender: false, saveAsActivity: false, useSignature: false, toAddresses: [andriy.lokotosh@gmail.com], plainTextBody: Dear, Andrew Lokotosh!

A new skill www was added!, 
08:03:58.134 (159680942)|HEAP_ALLOCATE|[EXTERNAL]|Bytes:8
08:03:58.159 (159713502)|CUMULATIVE_LIMIT_USAGE
08:03:58.159 (159713502)|LIMIT_USAGE_FOR_NS|(default)|
  Number of SOQL queries: 5 out of 100
  Number of query rows: 5 out of 50000
  Number of SOSL queries: 0 out of 20
  Number of DML statements: 1 out of 150
  Number of DML rows: 1 out of 10000
  Maximum CPU time: 0 out of 10000
  Maximum heap size: 0 out of 6000000
  Number of callouts: 0 out of 100
  Number of Email Invocations: 2 out of 10
  Number of future calls: 0 out of 50
  Number of queueable jobs added to the queue: 0 out of 50
  Number of Mobile Apex push calls: 0 out of 10

08:03:58.159 (159713502)|CUMULATIVE_LIMIT_USAGE_END

08:03:58.134 (161124280)|CODE_UNIT_FINISHED|EmployeeSkillsEmailTrigger on Employee_Skills trigger event AfterUpdate for [a0C36000000iqcX]
08:03:58.96 (162219095)|FLOW_START_INTERVIEWS_END|1
08:03:58.78 (163911621)|WF_FLOW_ACTION_END|09L36000000CiXq
08:03:58.78 (163949858)|WF_FLOW_ACTION_BEGIN|09L36000000CiXv
08:03:58.164 (164026302)|FLOW_CREATE_INTERVIEW_BEGIN|00D36000000JiIA|30036000000Gr5j|30136000000L4lD
08:03:58.164 (165907828)|FLOW_CREATE_INTERVIEW_END|8159172f06ecd80e31a4454529b4153cd2f62e9-643a|SendEmailAlert
08:03:58.166 (166373463)|FLOW_START_INTERVIEWS_BEGIN|1
08:03:58.166 (166977572)|FLOW_START_INTERVIEW_BEGIN|8159172f06ecd80e31a4454529b4153cd2f62e9-643a|SendEmailAlert
08:03:58.166 (167612106)|FLOW_START_INTERVIEW_END|8159172f06ecd80e31a4454529b4153cd2f62e9-643a|SendEmailAlert
08:03:58.166 (271702630)|WF_EMAIL_SENT|Reference:Employee_Skills__c.EmailAlert|Recipients:dasd@sdfsd.com |CcEmails:
08:03:58.166 (271917595)|FLOW_START_INTERVIEWS_END|1
08:03:58.78 (273083467)|WF_FLOW_ACTION_END|09L36000000CiXv
08:03:58.78 (273247496)|WF_ACTIONS_END| Flow Trigger: 2;
08:03:58.78 (273255721)|CODE_UNIT_FINISHED|Workflow:01I360000002Vi7
08:03:58.78 (274459482)|EXECUTION_FINISHED
