36.0 APEX_CODE,FINEST;APEX_PROFILING,INFO;CALLOUT,INFO;DB,INFO;SYSTEM,DEBUG;VALIDATION,INFO;VISUALFORCE,INFO;WORKFLOW,INFO
06:37:17.0 (519728)|EXECUTION_STARTED
06:37:17.0 (560147)|CODE_UNIT_STARTED|[EXTERNAL]|06636000002n7XB|VF: /apex/DraftsToPersonTable
06:37:17.0 (10284978)|CODE_UNIT_STARTED|[EXTERNAL]|01p360000074pQr|DraftsToPersons <init>
06:37:17.0 (10299939)|SYSTEM_MODE_ENTER|true
06:37:17.0 (10783335)|HEAP_ALLOCATE|[72]|Bytes:3
06:37:17.0 (10837651)|HEAP_ALLOCATE|[77]|Bytes:152
06:37:17.0 (10857484)|HEAP_ALLOCATE|[342]|Bytes:408
06:37:17.0 (10879597)|HEAP_ALLOCATE|[355]|Bytes:408
06:37:17.0 (10899822)|HEAP_ALLOCATE|[467]|Bytes:48
06:37:17.0 (10943235)|HEAP_ALLOCATE|[139]|Bytes:6
06:37:17.0 (10968720)|HEAP_ALLOCATE|[EXTERNAL]|Bytes:10
06:37:17.0 (10974472)|HEAP_ALLOCATE|[EXTERNAL]|Bytes:140
06:37:17.0 (10977388)|HEAP_ALLOCATE|[EXTERNAL]|Bytes:21
06:37:17.0 (10995955)|METHOD_ENTRY|[1]|01p360000074pQr|DraftsToPersons.DraftsToPersons()
06:37:17.0 (11002832)|STATEMENT_EXECUTE|[1]
06:37:17.0 (11014795)|STATEMENT_EXECUTE|[1]
06:37:17.0 (11053955)|HEAP_ALLOCATE|[50]|Bytes:5
06:37:17.0 (11079969)|HEAP_ALLOCATE|[56]|Bytes:5
06:37:17.0 (11089271)|HEAP_ALLOCATE|[64]|Bytes:7
06:37:17.0 (11115712)|SYSTEM_MODE_ENTER|false
06:37:17.0 (11133410)|HEAP_ALLOCATE|[EXTERNAL]|Bytes:5
06:37:17.0 (11137981)|STATEMENT_EXECUTE|[69]
06:37:17.0 (11144773)|SYSTEM_MODE_EXIT|false
06:37:17.0 (11157771)|METHOD_EXIT|[1]|DraftsToPersons
06:37:17.0 (11453370)|HEAP_ALLOCATE|[EXTERNAL]|Bytes:20
06:37:17.0 (11465711)|VARIABLE_SCOPE_BEGIN|[7]|this|DraftsToPersons|true|false
06:37:17.0 (11556343)|VARIABLE_ASSIGNMENT|[7]|this|{}|0x4a9fd59e
06:37:17.0 (11571013)|SYSTEM_MODE_ENTER|false
06:37:17.0 (11576848)|HEAP_ALLOCATE|[EXTERNAL]|Bytes:5
06:37:17.0 (11580894)|STATEMENT_EXECUTE|[1]
06:37:17.0 (11583994)|HEAP_ALLOCATE|[EXTERNAL]|Bytes:5
06:37:17.0 (11586007)|STATEMENT_EXECUTE|[2]
06:37:17.0 (11588093)|STATEMENT_EXECUTE|[3]
06:37:17.0 (11589167)|STATEMENT_EXECUTE|[4]
06:37:17.0 (11590247)|STATEMENT_EXECUTE|[5]
06:37:17.0 (11600779)|HEAP_ALLOCATE|[EXTERNAL]|Bytes:6
06:37:17.0 (11629373)|STATEMENT_EXECUTE|[8]
06:37:17.0 (11635484)|SYSTEM_MODE_EXIT|false
06:37:17.0 (11656250)|CODE_UNIT_FINISHED|DraftsToPersons <init>
06:37:17.0 (11712839)|CODE_UNIT_STARTED|[EXTERNAL]|01p360000074pQr|DraftsToPersons get(Persons)
06:37:17.0 (11722970)|SYSTEM_MODE_ENTER|true
06:37:17.0 (11759208)|CODE_UNIT_STARTED|[EXTERNAL]|01p360000074pQr|DraftsToPersons invoke(getPersons)
06:37:17.0 (11799743)|HEAP_ALLOCATE|[EXTERNAL]|Bytes:20
06:37:17.0 (11808293)|VARIABLE_SCOPE_BEGIN|[23]|this|DraftsToPersons|true|false
06:37:17.0 (11828901)|VARIABLE_ASSIGNMENT|[23]|this|{}|0x4a9fd59e
06:37:17.0 (11845203)|SYSTEM_MODE_ENTER|false
06:37:17.0 (11850309)|HEAP_ALLOCATE|[25]|Bytes:5
06:37:17.0 (11853990)|STATEMENT_EXECUTE|[24]
06:37:17.0 (11908633)|VARIABLE_ASSIGNMENT|[EXTERNAL]|this|{}|0x4a9fd59e
06:37:17.0 (11923092)|STATEMENT_EXECUTE|[26]
06:37:17.0 (11924753)|STATEMENT_EXECUTE|[27]
06:37:17.0 (11928306)|HEAP_ALLOCATE|[27]|Bytes:71
06:37:17.0 (11941067)|HEAP_ALLOCATE|[27]|Bytes:4
06:37:17.0 (12861743)|SOQL_EXECUTE_BEGIN|[27]|Aggregations:0|SELECT id, Name FROM Person__c ORDER BY Name ASC NULLS FIRST LIMIT 1000
06:37:17.0 (15680514)|SOQL_EXECUTE_END|[27]|Rows:2
06:37:17.0 (15699288)|HEAP_ALLOCATE|[27]|Bytes:12
06:37:17.0 (15716538)|HEAP_ALLOCATE|[27]|Bytes:97
06:37:17.0 (15752982)|HEAP_ALLOCATE|[27]|Bytes:12
06:37:17.0 (15798341)|VARIABLE_ASSIGNMENT|[EXTERNAL]|this|{}|0x4a9fd59e
06:37:17.0 (15834815)|VARIABLE_ASSIGNMENT|[EXTERNAL]|value|{"s":1,"v":[{"s":2,"v":{"Id":"a0N36000000xneOEAQ","Name":"Andiy Lokotosh"}},{"s":3,"v":{"Id":"a0N36000000xneTEAQ","Name":"Jon Smith"}}]}|0xe16bdff
06:37:17.0 (15859046)|VARIABLE_ASSIGNMENT|[3]|this.pers|{"s":1,"v":[{"s":2,"v":{"Id":"a0N36000000xneOEAQ","Name":"Andiy Lokotosh"}},{"s":3,"v":{"Id":"a0N36000000xneTEAQ","Name":"Jon Smith"}}]}|0x4a9fd59e
06:37:17.0 (15869247)|STATEMENT_EXECUTE|[31]
06:37:17.0 (15909999)|VARIABLE_ASSIGNMENT|[EXTERNAL]|this|{"pers":"0xe16bdff"}|0x4a9fd59e
06:37:17.0 (15925522)|SYSTEM_MODE_EXIT|false
06:37:17.0 (15940603)|CODE_UNIT_FINISHED|DraftsToPersons invoke(getPersons)
06:37:17.0 (15961340)|CODE_UNIT_FINISHED|DraftsToPersons get(Persons)
06:37:17.0 (16237919)|CODE_UNIT_STARTED|[EXTERNAL]|01p360000074pQr|DraftsToPersons get(Drafts)
06:37:17.0 (16249060)|SYSTEM_MODE_ENTER|true
06:37:17.0 (16269822)|CODE_UNIT_STARTED|[EXTERNAL]|01p360000074pQr|DraftsToPersons invoke(getDrafts)
06:37:17.0 (16301714)|HEAP_ALLOCATE|[EXTERNAL]|Bytes:20
06:37:17.0 (16310103)|VARIABLE_SCOPE_BEGIN|[12]|this|DraftsToPersons|true|false
06:37:17.0 (16334432)|VARIABLE_ASSIGNMENT|[12]|this|{"pers":"0xe16bdff"}|0x4a9fd59e
06:37:17.0 (16347202)|SYSTEM_MODE_ENTER|false
06:37:17.0 (16352866)|HEAP_ALLOCATE|[14]|Bytes:5
06:37:17.0 (16356595)|STATEMENT_EXECUTE|[13]
06:37:17.0 (16405361)|VARIABLE_ASSIGNMENT|[EXTERNAL]|this|{"pers":"0xe16bdff"}|0x4a9fd59e
06:37:17.0 (16417580)|STATEMENT_EXECUTE|[15]
06:37:17.0 (16419217)|STATEMENT_EXECUTE|[16]
06:37:17.0 (16422757)|HEAP_ALLOCATE|[16]|Bytes:70
06:37:17.0 (16428552)|HEAP_ALLOCATE|[16]|Bytes:4
06:37:17.0 (17100914)|SOQL_EXECUTE_BEGIN|[16]|Aggregations:0|SELECT id, Name FROM Draft__c ORDER BY Name ASC NULLS FIRST LIMIT 1000
06:37:17.0 (18756879)|SOQL_EXECUTE_END|[16]|Rows:2
06:37:17.0 (18771871)|HEAP_ALLOCATE|[16]|Bytes:12
06:37:17.0 (18784829)|HEAP_ALLOCATE|[16]|Bytes:95
06:37:17.0 (18807655)|HEAP_ALLOCATE|[16]|Bytes:12
06:37:17.0 (18856634)|VARIABLE_ASSIGNMENT|[EXTERNAL]|this|{"pers":"0xe16bdff"}|0x4a9fd59e
06:37:17.0 (18877648)|VARIABLE_ASSIGNMENT|[EXTERNAL]|value|{"s":1,"v":[{"s":2,"v":{"Id":"a0R3600000032Q3EAI","Name":"Ebay"}},{"s":3,"v":{"Id":"a0R3600000032PyEAI","Name":"Electronic System"}}]}|0x1e0f0877
06:37:17.0 (18897295)|VARIABLE_ASSIGNMENT|[2]|this.draft|{"s":1,"v":[{"s":2,"v":{"Id":"a0R3600000032Q3EAI","Name":"Ebay"}},{"s":3,"v":{"Id":"a0R3600000032PyEAI","Name":"Electronic System"}}]}|0x4a9fd59e
06:37:17.0 (18906836)|STATEMENT_EXECUTE|[21]
06:37:17.0 (18947911)|VARIABLE_ASSIGNMENT|[EXTERNAL]|this|{"draft":"0x1e0f0877","pers":"0xe16bdff"}|0x4a9fd59e
06:37:17.0 (18963069)|SYSTEM_MODE_EXIT|false
06:37:17.0 (18976714)|CODE_UNIT_FINISHED|DraftsToPersons invoke(getDrafts)
06:37:17.0 (18996739)|CODE_UNIT_FINISHED|DraftsToPersons get(Drafts)
06:37:17.0 (19250127)|CODE_UNIT_STARTED|[EXTERNAL]|01p360000074pQr|DraftsToPersons get(Times)
06:37:17.0 (19261109)|SYSTEM_MODE_ENTER|true
06:37:17.0 (19281469)|CODE_UNIT_STARTED|[EXTERNAL]|01p360000074pQr|DraftsToPersons invoke(getTimes)
06:37:17.0 (19313565)|HEAP_ALLOCATE|[EXTERNAL]|Bytes:20
06:37:17.0 (19321749)|VARIABLE_SCOPE_BEGIN|[34]|this|DraftsToPersons|true|false
06:37:17.0 (19346936)|VARIABLE_ASSIGNMENT|[34]|this|{"draft":"0x1e0f0877","pers":"0xe16bdff"}|0x4a9fd59e
06:37:17.0 (19360070)|SYSTEM_MODE_ENTER|false
06:37:17.0 (19365945)|HEAP_ALLOCATE|[36]|Bytes:5
06:37:17.0 (19369840)|STATEMENT_EXECUTE|[35]
06:37:17.0 (19418418)|VARIABLE_ASSIGNMENT|[EXTERNAL]|this|{"draft":"0x1e0f0877","pers":"0xe16bdff"}|0x4a9fd59e
06:37:17.0 (19431126)|STATEMENT_EXECUTE|[37]
06:37:17.0 (19432789)|STATEMENT_EXECUTE|[38]
06:37:17.0 (19436357)|HEAP_ALLOCATE|[38]|Bytes:66
06:37:17.0 (19442155)|HEAP_ALLOCATE|[38]|Bytes:4
06:37:17.0 (20509717)|SOQL_EXECUTE_BEGIN|[38]|Aggregations:0|SELECT id, Name, Person__r.id, Draft__r.id FROM Time__c LIMIT 1000
06:37:17.0 (25956075)|SOQL_EXECUTE_END|[38]|Rows:3
06:37:17.0 (25971622)|HEAP_ALLOCATE|[38]|Bytes:16
06:37:17.0 (26003627)|HEAP_ALLOCATE|[38]|Bytes:484
06:37:17.0 (26029761)|HEAP_ALLOCATE|[38]|Bytes:16
06:37:17.0 (26088976)|VARIABLE_ASSIGNMENT|[EXTERNAL]|this|{"draft":"0x1e0f0877","pers":"0xe16bdff"}|0x4a9fd59e
06:37:17.0 (26125505)|VARIABLE_ASSIGNMENT|[EXTERNAL]|value|{"s":1,"v":[{"s":2,"v":{"Id":"a0M36000000eD3xEAE","Name":"4","Person__c":"a0N36000000xneTEAQ","Draft__c":"a0R3600000032Q3EAI","Person__r":{"s":3,"v":{"Id":"a0N36000000xneTEAQ"}},"Draft__r":{"s":4,"v":{"Id":"a0R3600000032Q3EAI"}}}},{"s":5,"v":{"Id":"a0M36000000eCJfEAM","Name":"5","Person__c":"a0N36000000xneOEAQ","Draft__c":"a0R3600000032Q3EAI","Person__r":{"s":6,"v":{"Id":"a0N36000000xneOEAQ"}},"Draft__r":{"r":4}}},{"s":7,"v":{"Id":"a0M36000000eCJaEAM","Name":"4","Person__c":"a0N36000000xneTEAQ","Draft__c":"a0R3600000032PyEAI","Person__r":{"r":3},"Draft__r":{"s":8,"v":{"Id":"a0R3600000032PyEAI"}}}}]}|0x41c05031
06:37:17.0 (26161996)|VARIABLE_ASSIGNMENT|[4]|this.tim|{"s":1,"v":[{"s":2,"v":{"Id":"a0M36000000eD3xEAE","Name":"4","Person__c":"a0N36000000xneTEAQ","Draft__c":"a0R3600000032Q3EAI","Person__r":{"s":3,"v":{"Id":"a0N36000000xneTEAQ"}},"Draft__r":{"s":4,"v":{"Id":"a0R3600000032Q3EAI"}}}},{"s":5,"v":{"Id":"a0M36000000eCJfEAM","Name":"5","Person__c":"a0N36000000xneOEAQ","Draft__c":"a0R3600000032Q3EAI","Person__r":{"s":6,"v":{"Id":"a0N36000000xneOEAQ"}},"Draft__r":{"r":4}}},{"s":7,"v":{"Id":"a0M36000000eCJaEAM","Name":"4","Person__c":"a0N36000000xneTEAQ","Draft__c":"a0R3600000032PyEAI","Person__r":{"r":3},"Draft__r":{"s":8,"v":{"Id":"a0R3600000032PyEAI"}}}}]}|0x4a9fd59e
06:37:17.0 (26174719)|STATEMENT_EXECUTE|[41]
06:37:17.0 (26221684)|VARIABLE_ASSIGNMENT|[EXTERNAL]|this|{"draft":"0x1e0f0877","pers":"0xe16bdff","tim":"0x41c05031"}|0x4a9fd59e
06:37:17.0 (26237683)|SYSTEM_MODE_EXIT|false
06:37:17.0 (26251751)|CODE_UNIT_FINISHED|DraftsToPersons invoke(getTimes)
06:37:17.0 (26272698)|CODE_UNIT_FINISHED|DraftsToPersons get(Times)
06:37:17.61 (61474995)|CUMULATIVE_LIMIT_USAGE
06:37:17.61 (61474995)|LIMIT_USAGE_FOR_NS|(default)|
  Number of SOQL queries: 3 out of 100
  Number of query rows: 7 out of 50000
  Number of SOSL queries: 0 out of 20
  Number of DML statements: 0 out of 150
  Number of DML rows: 0 out of 10000
  Maximum CPU time: 0 out of 10000
  Maximum heap size: 0 out of 6000000
  Number of callouts: 0 out of 100
  Number of Email Invocations: 0 out of 10
  Number of future calls: 0 out of 50
  Number of queueable jobs added to the queue: 0 out of 50
  Number of Mobile Apex push calls: 0 out of 10

06:37:17.61 (61474995)|CUMULATIVE_LIMIT_USAGE_END

06:37:17.0 (61549801)|CODE_UNIT_FINISHED|VF: /apex/DraftsToPersonTable
06:37:17.0 (62526170)|EXECUTION_FINISHED
