36.0 APEX_CODE,FINEST;APEX_PROFILING,INFO;CALLOUT,INFO;DB,INFO;SYSTEM,DEBUG;VALIDATION,INFO;VISUALFORCE,INFO;WORKFLOW,INFO
10:02:43.0 (876002)|EXECUTION_STARTED
10:02:43.0 (911739)|CODE_UNIT_STARTED|[EXTERNAL]|06636000002n7XB|VF: /apex/DraftsToPersonTable
10:02:43.0 (10933436)|CODE_UNIT_STARTED|[EXTERNAL]|01p360000074pQr|DraftsToPersons <init>
10:02:43.0 (10946546)|SYSTEM_MODE_ENTER|true
10:02:43.0 (11430929)|HEAP_ALLOCATE|[72]|Bytes:3
10:02:43.0 (11498913)|HEAP_ALLOCATE|[77]|Bytes:152
10:02:43.0 (11519665)|HEAP_ALLOCATE|[342]|Bytes:408
10:02:43.0 (11541369)|HEAP_ALLOCATE|[355]|Bytes:408
10:02:43.0 (11566390)|HEAP_ALLOCATE|[467]|Bytes:48
10:02:43.0 (11610963)|HEAP_ALLOCATE|[139]|Bytes:6
10:02:43.0 (11637768)|HEAP_ALLOCATE|[EXTERNAL]|Bytes:10
10:02:43.0 (11642912)|HEAP_ALLOCATE|[EXTERNAL]|Bytes:140
10:02:43.0 (11646003)|HEAP_ALLOCATE|[EXTERNAL]|Bytes:21
10:02:43.0 (11679714)|METHOD_ENTRY|[1]|01p360000074pQr|DraftsToPersons.DraftsToPersons()
10:02:43.0 (11689208)|STATEMENT_EXECUTE|[1]
10:02:43.0 (11703029)|STATEMENT_EXECUTE|[1]
10:02:43.0 (11751947)|HEAP_ALLOCATE|[50]|Bytes:5
10:02:43.0 (11780186)|HEAP_ALLOCATE|[56]|Bytes:5
10:02:43.0 (11789734)|HEAP_ALLOCATE|[64]|Bytes:7
10:02:43.0 (11819880)|SYSTEM_MODE_ENTER|false
10:02:43.0 (11839448)|HEAP_ALLOCATE|[EXTERNAL]|Bytes:5
10:02:43.0 (11843989)|STATEMENT_EXECUTE|[69]
10:02:43.0 (11849001)|SYSTEM_MODE_EXIT|false
10:02:43.0 (11862475)|METHOD_EXIT|[1]|DraftsToPersons
10:02:43.0 (12167506)|HEAP_ALLOCATE|[EXTERNAL]|Bytes:20
10:02:43.0 (12184952)|VARIABLE_SCOPE_BEGIN|[7]|this|DraftsToPersons|true|false
10:02:43.0 (12267447)|VARIABLE_ASSIGNMENT|[7]|this|{}|0x5448a272
10:02:43.0 (12279720)|SYSTEM_MODE_ENTER|false
10:02:43.0 (12285290)|HEAP_ALLOCATE|[EXTERNAL]|Bytes:5
10:02:43.0 (12289202)|STATEMENT_EXECUTE|[1]
10:02:43.0 (12291997)|HEAP_ALLOCATE|[EXTERNAL]|Bytes:5
10:02:43.0 (12293756)|STATEMENT_EXECUTE|[2]
10:02:43.0 (12295380)|STATEMENT_EXECUTE|[3]
10:02:43.0 (12296383)|STATEMENT_EXECUTE|[4]
10:02:43.0 (12297321)|STATEMENT_EXECUTE|[5]
10:02:43.0 (12306902)|HEAP_ALLOCATE|[EXTERNAL]|Bytes:6
10:02:43.0 (12334506)|STATEMENT_EXECUTE|[8]
10:02:43.0 (12338561)|SYSTEM_MODE_EXIT|false
10:02:43.0 (12356253)|CODE_UNIT_FINISHED|DraftsToPersons <init>
10:02:43.0 (12408134)|CODE_UNIT_STARTED|[EXTERNAL]|01p360000074pQr|DraftsToPersons get(Persons)
10:02:43.0 (12415623)|SYSTEM_MODE_ENTER|true
10:02:43.0 (12439089)|CODE_UNIT_STARTED|[EXTERNAL]|01p360000074pQr|DraftsToPersons invoke(getPersons)
10:02:43.0 (12478368)|HEAP_ALLOCATE|[EXTERNAL]|Bytes:20
10:02:43.0 (12488926)|VARIABLE_SCOPE_BEGIN|[23]|this|DraftsToPersons|true|false
10:02:43.0 (12508086)|VARIABLE_ASSIGNMENT|[23]|this|{}|0x5448a272
10:02:43.0 (12522917)|SYSTEM_MODE_ENTER|false
10:02:43.0 (12527683)|HEAP_ALLOCATE|[25]|Bytes:5
10:02:43.0 (12531334)|STATEMENT_EXECUTE|[24]
10:02:43.0 (12587013)|VARIABLE_ASSIGNMENT|[EXTERNAL]|this|{}|0x5448a272
10:02:43.0 (12603073)|STATEMENT_EXECUTE|[26]
10:02:43.0 (12604671)|STATEMENT_EXECUTE|[27]
10:02:43.0 (12607914)|HEAP_ALLOCATE|[27]|Bytes:71
10:02:43.0 (12621554)|HEAP_ALLOCATE|[27]|Bytes:4
10:02:43.0 (13690699)|SOQL_EXECUTE_BEGIN|[27]|Aggregations:0|SELECT id, Name FROM Person__c ORDER BY Name ASC NULLS FIRST LIMIT 1000
10:02:43.0 (16849903)|SOQL_EXECUTE_END|[27]|Rows:2
10:02:43.0 (16873207)|HEAP_ALLOCATE|[27]|Bytes:12
10:02:43.0 (16892309)|HEAP_ALLOCATE|[27]|Bytes:97
10:02:43.0 (16931955)|HEAP_ALLOCATE|[27]|Bytes:12
10:02:43.0 (16980851)|VARIABLE_ASSIGNMENT|[EXTERNAL]|this|{}|0x5448a272
10:02:43.0 (17024215)|VARIABLE_ASSIGNMENT|[EXTERNAL]|value|{"s":1,"v":[{"s":2,"v":{"Id":"a0N36000000xneOEAQ","Name":"Andiy Lokotosh"}},{"s":3,"v":{"Id":"a0N36000000xneTEAQ","Name":"Jon Smith"}}]}|0x2ae96c8f
10:02:43.0 (17048027)|VARIABLE_ASSIGNMENT|[3]|this.pers|{"s":1,"v":[{"s":2,"v":{"Id":"a0N36000000xneOEAQ","Name":"Andiy Lokotosh"}},{"s":3,"v":{"Id":"a0N36000000xneTEAQ","Name":"Jon Smith"}}]}|0x5448a272
10:02:43.0 (17058036)|STATEMENT_EXECUTE|[31]
10:02:43.0 (17093796)|VARIABLE_ASSIGNMENT|[EXTERNAL]|this|{"pers":"0x2ae96c8f"}|0x5448a272
10:02:43.0 (17105577)|SYSTEM_MODE_EXIT|false
10:02:43.0 (17116900)|CODE_UNIT_FINISHED|DraftsToPersons invoke(getPersons)
10:02:43.0 (17133660)|CODE_UNIT_FINISHED|DraftsToPersons get(Persons)
10:02:43.0 (17404785)|CODE_UNIT_STARTED|[EXTERNAL]|01p360000074pQr|DraftsToPersons get(Drafts)
10:02:43.0 (17412704)|SYSTEM_MODE_ENTER|true
10:02:43.0 (17427869)|CODE_UNIT_STARTED|[EXTERNAL]|01p360000074pQr|DraftsToPersons invoke(getDrafts)
10:02:43.0 (17462289)|HEAP_ALLOCATE|[EXTERNAL]|Bytes:20
10:02:43.0 (17472931)|VARIABLE_SCOPE_BEGIN|[12]|this|DraftsToPersons|true|false
10:02:43.0 (17498509)|VARIABLE_ASSIGNMENT|[12]|this|{"pers":"0x2ae96c8f"}|0x5448a272
10:02:43.0 (17509492)|SYSTEM_MODE_ENTER|false
10:02:43.0 (17514429)|HEAP_ALLOCATE|[14]|Bytes:5
10:02:43.0 (17518177)|STATEMENT_EXECUTE|[13]
10:02:43.0 (17568907)|VARIABLE_ASSIGNMENT|[EXTERNAL]|this|{"pers":"0x2ae96c8f"}|0x5448a272
10:02:43.0 (17581338)|STATEMENT_EXECUTE|[15]
10:02:43.0 (17583127)|STATEMENT_EXECUTE|[16]
10:02:43.0 (17586459)|HEAP_ALLOCATE|[16]|Bytes:70
10:02:43.0 (17592050)|HEAP_ALLOCATE|[16]|Bytes:4
10:02:43.0 (18382185)|SOQL_EXECUTE_BEGIN|[16]|Aggregations:0|SELECT id, Name FROM Draft__c ORDER BY Name ASC NULLS FIRST LIMIT 1000
10:02:43.0 (20404123)|SOQL_EXECUTE_END|[16]|Rows:2
10:02:43.0 (20422643)|HEAP_ALLOCATE|[16]|Bytes:12
10:02:43.0 (20435998)|HEAP_ALLOCATE|[16]|Bytes:95
10:02:43.0 (20461347)|HEAP_ALLOCATE|[16]|Bytes:12
10:02:43.0 (20531690)|VARIABLE_ASSIGNMENT|[EXTERNAL]|this|{"pers":"0x2ae96c8f"}|0x5448a272
10:02:43.0 (20576847)|VARIABLE_ASSIGNMENT|[EXTERNAL]|value|{"s":1,"v":[{"s":2,"v":{"Id":"a0R3600000032Q3EAI","Name":"Ebay"}},{"s":3,"v":{"Id":"a0R3600000032PyEAI","Name":"Electronic System"}}]}|0x3779ff3e
10:02:43.0 (20601790)|VARIABLE_ASSIGNMENT|[2]|this.draft|{"s":1,"v":[{"s":2,"v":{"Id":"a0R3600000032Q3EAI","Name":"Ebay"}},{"s":3,"v":{"Id":"a0R3600000032PyEAI","Name":"Electronic System"}}]}|0x5448a272
10:02:43.0 (20612111)|STATEMENT_EXECUTE|[21]
10:02:43.0 (20650259)|VARIABLE_ASSIGNMENT|[EXTERNAL]|this|{"draft":"0x3779ff3e","pers":"0x2ae96c8f"}|0x5448a272
10:02:43.0 (20663592)|SYSTEM_MODE_EXIT|false
10:02:43.0 (20673711)|CODE_UNIT_FINISHED|DraftsToPersons invoke(getDrafts)
10:02:43.0 (20690273)|CODE_UNIT_FINISHED|DraftsToPersons get(Drafts)
10:02:43.55 (55375976)|CUMULATIVE_LIMIT_USAGE
10:02:43.55 (55375976)|LIMIT_USAGE_FOR_NS|(default)|
  Number of SOQL queries: 2 out of 100
  Number of query rows: 4 out of 50000
  Number of SOSL queries: 0 out of 20
  Number of DML statements: 0 out of 150
  Number of DML rows: 0 out of 10000
  Maximum CPU time: 0 out of 10000
  Maximum heap size: 0 out of 6000000
  Number of callouts: 0 out of 100
  Number of Email Invocations: 0 out of 10
  Number of future calls: 0 out of 50
  Number of queueable jobs added to the queue: 0 out of 50
  Number of Mobile Apex push calls: 0 out of 10

10:02:43.55 (55375976)|CUMULATIVE_LIMIT_USAGE_END

10:02:43.0 (55448090)|CODE_UNIT_FINISHED|VF: /apex/DraftsToPersonTable
10:02:43.0 (56537340)|EXECUTION_FINISHED
