36.0 APEX_CODE,FINEST;APEX_PROFILING,INFO;CALLOUT,INFO;DB,INFO;SYSTEM,DEBUG;VALIDATION,INFO;VISUALFORCE,INFO;WORKFLOW,INFO
08:15:14.0 (559612)|EXECUTION_STARTED
08:15:14.0 (593012)|CODE_UNIT_STARTED|[EXTERNAL]|06636000002mOgR|VF: /apex/AccountWrapper
08:15:14.0 (1503342)|VF_DESERIALIZE_VIEWSTATE_BEGIN|06636000002mOgR
08:15:14.0 (17733648)|HEAP_ALLOCATE|[72]|Bytes:3
08:15:14.0 (17797440)|HEAP_ALLOCATE|[77]|Bytes:152
08:15:14.0 (17822444)|HEAP_ALLOCATE|[342]|Bytes:408
08:15:14.0 (17843441)|HEAP_ALLOCATE|[355]|Bytes:408
08:15:14.0 (17860948)|HEAP_ALLOCATE|[467]|Bytes:48
08:15:14.0 (17894709)|HEAP_ALLOCATE|[139]|Bytes:6
08:15:14.0 (17926103)|HEAP_ALLOCATE|[50]|Bytes:5
08:15:14.0 (17949464)|HEAP_ALLOCATE|[56]|Bytes:5
08:15:14.0 (17958991)|HEAP_ALLOCATE|[64]|Bytes:7
08:15:14.0 (20499938)|VF_DESERIALIZE_VIEWSTATE_END
08:15:14.0 (22596782)|CODE_UNIT_STARTED|[EXTERNAL]|01p360000072U8D|AccountSelectClassController get(wrapAccountList)
08:15:14.0 (22617991)|SYSTEM_MODE_ENTER|true
08:15:14.0 (22686878)|CODE_UNIT_STARTED|[EXTERNAL]|01p360000072U8D|wrapAccountList
08:15:14.0 (22706097)|HEAP_ALLOCATE|[EXTERNAL]|Bytes:11
08:15:14.0 (22713316)|HEAP_ALLOCATE|[EXTERNAL]|Bytes:128
08:15:14.0 (22716464)|HEAP_ALLOCATE|[EXTERNAL]|Bytes:8
08:15:14.0 (22735089)|METHOD_ENTRY|[1]|01p360000072U8D|AccountSelectClassController.AccountSelectClassController()
08:15:14.0 (22740254)|STATEMENT_EXECUTE|[1]
08:15:14.0 (22746992)|STATEMENT_EXECUTE|[1]
08:15:14.0 (22748508)|STATEMENT_EXECUTE|[28]
08:15:14.0 (22754882)|METHOD_EXIT|[1]|AccountSelectClassController
08:15:14.0 (22769695)|CODE_UNIT_FINISHED|wrapAccountList
08:15:14.0 (22794545)|CODE_UNIT_FINISHED|AccountSelectClassController get(wrapAccountList)
08:15:14.0 (23714522)|CODE_UNIT_STARTED|[EXTERNAL]|01p360000072U8D|AccountSelectClassController get(selectedAccounts)
08:15:14.0 (23725824)|SYSTEM_MODE_ENTER|true
08:15:14.0 (23740630)|CODE_UNIT_STARTED|[EXTERNAL]|01p360000072U8D|selectedAccounts
08:15:14.0 (23770136)|CODE_UNIT_FINISHED|selectedAccounts
08:15:14.0 (23794379)|CODE_UNIT_FINISHED|AccountSelectClassController get(selectedAccounts)
08:15:14.0 (24350369)|CODE_UNIT_STARTED|[EXTERNAL]|01p360000072U8D|selected
08:15:14.0 (24368647)|HEAP_ALLOCATE|[EXTERNAL]|Bytes:108
08:15:14.0 (24381565)|HEAP_ALLOCATE|[EXTERNAL]|Bytes:8
08:15:14.0 (24394738)|CODE_UNIT_FINISHED|selected
08:15:14.0 (24506133)|CODE_UNIT_STARTED|[EXTERNAL]|01p360000072U8D|selected
08:15:14.0 (24519075)|CODE_UNIT_FINISHED|selected
08:15:14.0 (24592873)|CODE_UNIT_STARTED|[EXTERNAL]|01p360000072U8D|selected
08:15:14.0 (24604872)|CODE_UNIT_FINISHED|selected
08:15:14.0 (24700920)|CODE_UNIT_STARTED|[EXTERNAL]|01p360000072U8D|selected
08:15:14.0 (24719217)|CODE_UNIT_FINISHED|selected
08:15:14.0 (24795569)|CODE_UNIT_STARTED|[EXTERNAL]|01p360000072U8D|selected
08:15:14.0 (24807315)|CODE_UNIT_FINISHED|selected
08:15:14.0 (24877281)|CODE_UNIT_STARTED|[EXTERNAL]|01p360000072U8D|selected
08:15:14.0 (24888772)|CODE_UNIT_FINISHED|selected
08:15:14.0 (24958331)|CODE_UNIT_STARTED|[EXTERNAL]|01p360000072U8D|selected
08:15:14.0 (24970106)|CODE_UNIT_FINISHED|selected
08:15:14.0 (25049968)|CODE_UNIT_STARTED|[EXTERNAL]|01p360000072U8D|selected
08:15:14.0 (25062692)|CODE_UNIT_FINISHED|selected
08:15:14.0 (25158460)|CODE_UNIT_STARTED|[EXTERNAL]|01p360000072U8D|selected
08:15:14.0 (25174736)|CODE_UNIT_FINISHED|selected
08:15:14.0 (25256684)|CODE_UNIT_STARTED|[EXTERNAL]|01p360000072U8D|selected
08:15:14.0 (25268349)|CODE_UNIT_FINISHED|selected
08:15:14.0 (25802327)|CODE_UNIT_STARTED|[EXTERNAL]|wrapAccount set(selected,false)
08:15:14.0 (25838987)|HEAP_ALLOCATE|[EXTERNAL]|Bytes:5
08:15:14.0 (25846806)|HEAP_ALLOCATE|[EXTERNAL]|Bytes:12
08:15:14.0 (25918715)|VARIABLE_ASSIGNMENT|[EXTERNAL]|this.selected|false|0x74d06b20
08:15:14.0 (25933966)|CODE_UNIT_FINISHED|wrapAccount set(selected,false)
08:15:14.0 (26011975)|CODE_UNIT_STARTED|[EXTERNAL]|wrapAccount set(selected,false)
08:15:14.0 (26033928)|HEAP_ALLOCATE|[EXTERNAL]|Bytes:5
08:15:14.0 (26037171)|HEAP_ALLOCATE|[EXTERNAL]|Bytes:12
08:15:14.0 (26046746)|VARIABLE_ASSIGNMENT|[EXTERNAL]|this.selected|false|0x5e242518
08:15:14.0 (26053724)|CODE_UNIT_FINISHED|wrapAccount set(selected,false)
08:15:14.0 (26137013)|CODE_UNIT_STARTED|[EXTERNAL]|wrapAccount set(selected,false)
08:15:14.0 (26158419)|HEAP_ALLOCATE|[EXTERNAL]|Bytes:5
08:15:14.0 (26161436)|HEAP_ALLOCATE|[EXTERNAL]|Bytes:12
08:15:14.0 (26170228)|VARIABLE_ASSIGNMENT|[EXTERNAL]|this.selected|false|0x79771d0
08:15:14.0 (26177097)|CODE_UNIT_FINISHED|wrapAccount set(selected,false)
08:15:14.0 (26278410)|CODE_UNIT_STARTED|[EXTERNAL]|wrapAccount set(selected,false)
08:15:14.0 (26299840)|HEAP_ALLOCATE|[EXTERNAL]|Bytes:5
08:15:14.0 (26302876)|HEAP_ALLOCATE|[EXTERNAL]|Bytes:12
08:15:14.0 (26311771)|VARIABLE_ASSIGNMENT|[EXTERNAL]|this.selected|false|0x59a6154d
08:15:14.0 (26318302)|CODE_UNIT_FINISHED|wrapAccount set(selected,false)
08:15:14.0 (26388197)|CODE_UNIT_STARTED|[EXTERNAL]|wrapAccount set(selected,true)
08:15:14.0 (26407845)|HEAP_ALLOCATE|[EXTERNAL]|Bytes:5
08:15:14.0 (26410816)|HEAP_ALLOCATE|[EXTERNAL]|Bytes:12
08:15:14.0 (26418976)|VARIABLE_ASSIGNMENT|[EXTERNAL]|this.selected|true|0x2e58fc32
08:15:14.0 (26425127)|CODE_UNIT_FINISHED|wrapAccount set(selected,true)
08:15:14.0 (26493869)|CODE_UNIT_STARTED|[EXTERNAL]|wrapAccount set(selected,true)
08:15:14.0 (26513214)|HEAP_ALLOCATE|[EXTERNAL]|Bytes:5
08:15:14.0 (26516213)|HEAP_ALLOCATE|[EXTERNAL]|Bytes:12
08:15:14.0 (26524457)|VARIABLE_ASSIGNMENT|[EXTERNAL]|this.selected|true|0x51ab1004
08:15:14.0 (26530446)|CODE_UNIT_FINISHED|wrapAccount set(selected,true)
08:15:14.0 (26599976)|CODE_UNIT_STARTED|[EXTERNAL]|wrapAccount set(selected,true)
08:15:14.0 (26618884)|HEAP_ALLOCATE|[EXTERNAL]|Bytes:5
08:15:14.0 (26621684)|HEAP_ALLOCATE|[EXTERNAL]|Bytes:12
08:15:14.0 (26629658)|VARIABLE_ASSIGNMENT|[EXTERNAL]|this.selected|true|0x6d8ee210
08:15:14.0 (26635730)|CODE_UNIT_FINISHED|wrapAccount set(selected,true)
08:15:14.0 (26726703)|CODE_UNIT_STARTED|[EXTERNAL]|wrapAccount set(selected,true)
08:15:14.0 (26751835)|HEAP_ALLOCATE|[EXTERNAL]|Bytes:5
08:15:14.0 (26755269)|HEAP_ALLOCATE|[EXTERNAL]|Bytes:12
08:15:14.0 (26763644)|VARIABLE_ASSIGNMENT|[EXTERNAL]|this.selected|true|0x4eb8e91
08:15:14.0 (26770233)|CODE_UNIT_FINISHED|wrapAccount set(selected,true)
08:15:14.0 (26839850)|CODE_UNIT_STARTED|[EXTERNAL]|wrapAccount set(selected,false)
08:15:14.0 (26858798)|HEAP_ALLOCATE|[EXTERNAL]|Bytes:5
08:15:14.0 (26861507)|HEAP_ALLOCATE|[EXTERNAL]|Bytes:12
08:15:14.0 (26869576)|VARIABLE_ASSIGNMENT|[EXTERNAL]|this.selected|false|0x6dbb4b52
08:15:14.0 (26875677)|CODE_UNIT_FINISHED|wrapAccount set(selected,false)
08:15:14.0 (26962498)|CODE_UNIT_STARTED|[EXTERNAL]|wrapAccount set(selected,false)
08:15:14.0 (26990907)|HEAP_ALLOCATE|[EXTERNAL]|Bytes:5
08:15:14.0 (26994347)|HEAP_ALLOCATE|[EXTERNAL]|Bytes:12
08:15:14.0 (27002503)|VARIABLE_ASSIGNMENT|[EXTERNAL]|this.selected|false|0x64195dd1
08:15:14.0 (27022656)|CODE_UNIT_FINISHED|wrapAccount set(selected,false)
08:15:14.0 (27680473)|CODE_UNIT_STARTED|[EXTERNAL]|01p360000072U8D|AccountSelectClassController invoke(processSelected)
08:15:14.0 (27736373)|HEAP_ALLOCATE|[EXTERNAL]|Bytes:12
08:15:14.0 (27753208)|VARIABLE_SCOPE_BEGIN|[17]|this|AccountSelectClassController|true|false
08:15:14.0 (27814042)|VARIABLE_ASSIGNMENT|[17]|this|{"selectedAccounts":"0x2cb26b74","wrapAccountList":"0x5f303bf4"}|0x7b4a0022
08:15:14.0 (27834365)|STATEMENT_EXECUTE|[17]
08:15:14.0 (27838202)|STATEMENT_EXECUTE|[18]
08:15:14.0 (27846201)|HEAP_ALLOCATE|[18]|Bytes:4
08:15:14.0 (27995696)|VARIABLE_ASSIGNMENT|[EXTERNAL]|this|{"selectedAccounts":"0x2cb26b74","wrapAccountList":"0x5f303bf4"}|0x7b4a0022
08:15:14.0 (28005850)|HEAP_ALLOCATE|[EXTERNAL]|Bytes:4
08:15:14.0 (28019857)|VARIABLE_ASSIGNMENT|[EXTERNAL]|value|{"s":1,"v":[]}|0x2a907fe6
08:15:14.0 (28032657)|VARIABLE_ASSIGNMENT|[5]|this.selectedAccounts|{"s":1,"v":[]}|0x7b4a0022
08:15:14.0 (28086587)|VARIABLE_ASSIGNMENT|[EXTERNAL]|this|{"selectedAccounts":"0x2a907fe6","wrapAccountList":"0x5f303bf4"}|0x7b4a0022
08:15:14.0 (28315637)|HEAP_ALLOCATE|[20]|Bytes:5
08:15:14.0 (28334998)|HEAP_ALLOCATE|[20]|Bytes:12
08:15:14.0 (28342711)|VARIABLE_SCOPE_BEGIN|[20]|wrapAccountObj|AccountSelectClassController.wrapAccount|true|false
08:15:14.0 (28379168)|VARIABLE_ASSIGNMENT|[20]|wrapAccountObj|{"acc":"0x56f34801","selected":false}|0x74d06b20
08:15:14.0 (28383908)|STATEMENT_EXECUTE|[20]
08:15:14.0 (28447362)|VARIABLE_ASSIGNMENT|[EXTERNAL]|this|{"acc":"0x56f34801","selected":false}|0x74d06b20
08:15:14.0 (28467092)|STATEMENT_EXECUTE|[21]
08:15:14.0 (28486057)|HEAP_ALLOCATE|[20]|Bytes:5
08:15:14.0 (28500601)|HEAP_ALLOCATE|[20]|Bytes:12
08:15:14.0 (28506937)|VARIABLE_SCOPE_BEGIN|[20]|wrapAccountObj|AccountSelectClassController.wrapAccount|true|false
08:15:14.0 (28528670)|VARIABLE_ASSIGNMENT|[20]|wrapAccountObj|{"acc":"0x58828ead","selected":false}|0x5e242518
08:15:14.0 (28532364)|STATEMENT_EXECUTE|[20]
08:15:14.0 (28553101)|VARIABLE_ASSIGNMENT|[EXTERNAL]|this|{"acc":"0x58828ead","selected":false}|0x5e242518
08:15:14.0 (28562139)|STATEMENT_EXECUTE|[21]
08:15:14.0 (28572325)|HEAP_ALLOCATE|[20]|Bytes:5
08:15:14.0 (28581107)|HEAP_ALLOCATE|[20]|Bytes:12
08:15:14.0 (28586360)|VARIABLE_SCOPE_BEGIN|[20]|wrapAccountObj|AccountSelectClassController.wrapAccount|true|false
08:15:14.0 (28604457)|VARIABLE_ASSIGNMENT|[20]|wrapAccountObj|{"acc":"0xcd90d64","selected":false}|0x79771d0
08:15:14.0 (28608015)|STATEMENT_EXECUTE|[20]
08:15:14.0 (28627442)|VARIABLE_ASSIGNMENT|[EXTERNAL]|this|{"acc":"0xcd90d64","selected":false}|0x79771d0
08:15:14.0 (28636407)|STATEMENT_EXECUTE|[21]
08:15:14.0 (28645886)|HEAP_ALLOCATE|[20]|Bytes:5
08:15:14.0 (28654341)|HEAP_ALLOCATE|[20]|Bytes:12
08:15:14.0 (28659313)|VARIABLE_SCOPE_BEGIN|[20]|wrapAccountObj|AccountSelectClassController.wrapAccount|true|false
08:15:14.0 (28676682)|VARIABLE_ASSIGNMENT|[20]|wrapAccountObj|{"acc":"0x4026ffbe","selected":false}|0x59a6154d
08:15:14.0 (28679982)|STATEMENT_EXECUTE|[20]
08:15:14.0 (28699103)|VARIABLE_ASSIGNMENT|[EXTERNAL]|this|{"acc":"0x4026ffbe","selected":false}|0x59a6154d
08:15:14.0 (28707927)|STATEMENT_EXECUTE|[21]
08:15:14.0 (28717284)|HEAP_ALLOCATE|[20]|Bytes:5
08:15:14.0 (28725754)|HEAP_ALLOCATE|[20]|Bytes:12
08:15:14.0 (28730728)|VARIABLE_SCOPE_BEGIN|[20]|wrapAccountObj|AccountSelectClassController.wrapAccount|true|false
08:15:14.0 (28747483)|VARIABLE_ASSIGNMENT|[20]|wrapAccountObj|{"acc":"0x7e1dbd20","selected":true}|0x2e58fc32
08:15:14.0 (28750827)|STATEMENT_EXECUTE|[20]
08:15:14.0 (28769931)|VARIABLE_ASSIGNMENT|[EXTERNAL]|this|{"acc":"0x7e1dbd20","selected":true}|0x2e58fc32
08:15:14.0 (28778738)|STATEMENT_EXECUTE|[21]
08:15:14.0 (28780411)|STATEMENT_EXECUTE|[22]
08:15:14.0 (28822594)|VARIABLE_ASSIGNMENT|[EXTERNAL]|this|{"selectedAccounts":"0x2a907fe6","wrapAccountList":"0x5f303bf4"}|0x7b4a0022
08:15:14.0 (28876021)|VARIABLE_ASSIGNMENT|[EXTERNAL]|this|{"acc":"0x7e1dbd20","selected":true}|0x2e58fc32
08:15:14.0 (28911039)|HEAP_ALLOCATE|[EXTERNAL]|Bytes:4
08:15:14.0 (28930484)|HEAP_ALLOCATE|[20]|Bytes:5
08:15:14.0 (28939928)|HEAP_ALLOCATE|[20]|Bytes:12
08:15:14.0 (28945654)|VARIABLE_SCOPE_BEGIN|[20]|wrapAccountObj|AccountSelectClassController.wrapAccount|true|false
08:15:14.0 (28966489)|VARIABLE_ASSIGNMENT|[20]|wrapAccountObj|{"acc":"0x265a2b74","selected":true}|0x51ab1004
08:15:14.0 (28970436)|STATEMENT_EXECUTE|[20]
08:15:14.0 (28990375)|VARIABLE_ASSIGNMENT|[EXTERNAL]|this|{"acc":"0x265a2b74","selected":true}|0x51ab1004
08:15:14.0 (28999108)|STATEMENT_EXECUTE|[21]
08:15:14.0 (29000712)|STATEMENT_EXECUTE|[22]
08:15:14.0 (29020491)|VARIABLE_ASSIGNMENT|[EXTERNAL]|this|{"selectedAccounts":"0x2a907fe6","wrapAccountList":"0x5f303bf4"}|0x7b4a0022
08:15:14.0 (29042970)|VARIABLE_ASSIGNMENT|[EXTERNAL]|this|{"acc":"0x265a2b74","selected":true}|0x51ab1004
08:15:14.0 (29056929)|HEAP_ALLOCATE|[EXTERNAL]|Bytes:4
08:15:14.0 (29069410)|HEAP_ALLOCATE|[20]|Bytes:5
08:15:14.0 (29078027)|HEAP_ALLOCATE|[20]|Bytes:12
08:15:14.0 (29083258)|VARIABLE_SCOPE_BEGIN|[20]|wrapAccountObj|AccountSelectClassController.wrapAccount|true|false
08:15:14.0 (29101654)|VARIABLE_ASSIGNMENT|[20]|wrapAccountObj|{"acc":"0x6438f928","selected":true}|0x6d8ee210
08:15:14.0 (29104994)|STATEMENT_EXECUTE|[20]
08:15:14.0 (29138289)|VARIABLE_ASSIGNMENT|[EXTERNAL]|this|{"acc":"0x6438f928","selected":true}|0x6d8ee210
08:15:14.0 (29147931)|STATEMENT_EXECUTE|[21]
08:15:14.0 (29149516)|STATEMENT_EXECUTE|[22]
08:15:14.0 (29168373)|VARIABLE_ASSIGNMENT|[EXTERNAL]|this|{"selectedAccounts":"0x2a907fe6","wrapAccountList":"0x5f303bf4"}|0x7b4a0022
08:15:14.0 (29190846)|VARIABLE_ASSIGNMENT|[EXTERNAL]|this|{"acc":"0x6438f928","selected":true}|0x6d8ee210
08:15:14.0 (29208372)|HEAP_ALLOCATE|[EXTERNAL]|Bytes:4
08:15:14.0 (29220498)|HEAP_ALLOCATE|[20]|Bytes:5
08:15:14.0 (29229275)|HEAP_ALLOCATE|[20]|Bytes:12
08:15:14.0 (29234610)|VARIABLE_SCOPE_BEGIN|[20]|wrapAccountObj|AccountSelectClassController.wrapAccount|true|false
08:15:14.0 (29257862)|VARIABLE_ASSIGNMENT|[20]|wrapAccountObj|{"acc":"0x3274b789","selected":true}|0x4eb8e91
08:15:14.0 (29261436)|STATEMENT_EXECUTE|[20]
08:15:14.0 (29306187)|VARIABLE_ASSIGNMENT|[EXTERNAL]|this|{"acc":"0x3274b789","selected":true}|0x4eb8e91
08:15:14.0 (29323278)|STATEMENT_EXECUTE|[21]
08:15:14.0 (29326554)|STATEMENT_EXECUTE|[22]
08:15:14.0 (29358405)|VARIABLE_ASSIGNMENT|[EXTERNAL]|this|{"selectedAccounts":"0x2a907fe6","wrapAccountList":"0x5f303bf4"}|0x7b4a0022
08:15:14.0 (29389890)|VARIABLE_ASSIGNMENT|[EXTERNAL]|this|{"acc":"0x3274b789","selected":true}|0x4eb8e91
08:15:14.0 (29405298)|HEAP_ALLOCATE|[EXTERNAL]|Bytes:4
08:15:14.0 (29418144)|HEAP_ALLOCATE|[20]|Bytes:5
08:15:14.0 (29427011)|HEAP_ALLOCATE|[20]|Bytes:12
08:15:14.0 (29432389)|VARIABLE_SCOPE_BEGIN|[20]|wrapAccountObj|AccountSelectClassController.wrapAccount|true|false
08:15:14.0 (29451333)|VARIABLE_ASSIGNMENT|[20]|wrapAccountObj|{"acc":"0x70065bc3","selected":false}|0x6dbb4b52
08:15:14.0 (29454618)|STATEMENT_EXECUTE|[20]
08:15:14.0 (29473660)|VARIABLE_ASSIGNMENT|[EXTERNAL]|this|{"acc":"0x70065bc3","selected":false}|0x6dbb4b52
08:15:14.0 (29482243)|STATEMENT_EXECUTE|[21]
08:15:14.0 (29491533)|HEAP_ALLOCATE|[20]|Bytes:5
08:15:14.0 (29499829)|HEAP_ALLOCATE|[20]|Bytes:12
08:15:14.0 (29504808)|VARIABLE_SCOPE_BEGIN|[20]|wrapAccountObj|AccountSelectClassController.wrapAccount|true|false
08:15:14.0 (29521934)|VARIABLE_ASSIGNMENT|[20]|wrapAccountObj|{"acc":"0x425fd95f","selected":false}|0x64195dd1
08:15:14.0 (29525255)|STATEMENT_EXECUTE|[20]
08:15:14.0 (29543986)|VARIABLE_ASSIGNMENT|[EXTERNAL]|this|{"acc":"0x425fd95f","selected":false}|0x64195dd1
08:15:14.0 (29552029)|STATEMENT_EXECUTE|[21]
08:15:14.0 (29561211)|HEAP_ALLOCATE|[20]|Bytes:5
08:15:14.0 (29571847)|VARIABLE_ASSIGNMENT|[20]|wrapAccountObj|null|
08:15:14.0 (29621345)|CODE_UNIT_FINISHED|AccountSelectClassController invoke(processSelected)
08:15:14.0 (29669911)|VF_APEX_CALL|j_id5|{!processSelected}|PageReference: none
08:15:14.0 (32985844)|CODE_UNIT_STARTED|[EXTERNAL]|01p360000072U8D|AccountSelectClassController get(wrapAccountList)
08:15:14.0 (33005427)|SYSTEM_MODE_ENTER|true
08:15:14.0 (33028343)|CODE_UNIT_STARTED|[EXTERNAL]|01p360000072U8D|wrapAccountList
08:15:14.0 (33046544)|CODE_UNIT_FINISHED|wrapAccountList
08:15:14.0 (33064509)|CODE_UNIT_FINISHED|AccountSelectClassController get(wrapAccountList)
08:15:14.0 (33371479)|CODE_UNIT_STARTED|[EXTERNAL]|01p360000072U8D|acc
08:15:14.0 (33390713)|CODE_UNIT_FINISHED|acc
08:15:14.0 (40442310)|CODE_UNIT_STARTED|[EXTERNAL]|01p360000072U8D|AccountSelectClassController get(selectedAccounts)
08:15:14.0 (40462231)|SYSTEM_MODE_ENTER|true
08:15:14.0 (40483645)|CODE_UNIT_STARTED|[EXTERNAL]|01p360000072U8D|selectedAccounts
08:15:14.0 (40498408)|CODE_UNIT_FINISHED|selectedAccounts
08:15:14.0 (40517723)|CODE_UNIT_FINISHED|AccountSelectClassController get(selectedAccounts)
08:15:14.0 (51989243)|VF_SERIALIZE_VIEWSTATE_BEGIN|06636000002mOgR
08:15:14.0 (65838369)|VF_SERIALIZE_VIEWSTATE_END
08:15:14.0 (75372222)|CODE_UNIT_STARTED|[EXTERNAL]|Generate Metadata
08:15:14.0 (80944938)|CODE_UNIT_FINISHED|Generate Metadata
08:15:14.87 (87023917)|CUMULATIVE_LIMIT_USAGE
08:15:14.87 (87023917)|LIMIT_USAGE_FOR_NS|(default)|
  Number of SOQL queries: 0 out of 100
  Number of query rows: 0 out of 50000
  Number of SOSL queries: 0 out of 20
  Number of DML statements: 0 out of 150
  Number of DML rows: 0 out of 10000
  Maximum CPU time: 0 out of 10000
  Maximum heap size: 0 out of 6000000
  Number of callouts: 0 out of 100
  Number of Email Invocations: 0 out of 10
  Number of future calls: 0 out of 50
  Number of queueable jobs added to the queue: 0 out of 50
  Number of Mobile Apex push calls: 0 out of 10

08:15:14.87 (87023917)|CUMULATIVE_LIMIT_USAGE_END

08:15:14.0 (87075411)|CODE_UNIT_FINISHED|VF: /apex/AccountWrapper
08:15:14.0 (88189172)|EXECUTION_FINISHED
