36.0 APEX_CODE,FINEST;APEX_PROFILING,INFO;CALLOUT,INFO;DB,INFO;SYSTEM,DEBUG;VALIDATION,INFO;VISUALFORCE,INFO;WORKFLOW,INFO
07:42:17.0 (497002)|EXECUTION_STARTED
07:42:17.0 (534497)|CODE_UNIT_STARTED|[EXTERNAL]|06636000001VcbV|VF: /apex/AprooveWraper
07:42:17.0 (16940754)|CODE_UNIT_STARTED|[EXTERNAL]|01p360000072SS3|WrapperEmployeeSkills <init>
07:42:17.0 (16954942)|SYSTEM_MODE_ENTER|true
07:42:17.0 (17477166)|HEAP_ALLOCATE|[72]|Bytes:3
07:42:17.0 (17536661)|HEAP_ALLOCATE|[77]|Bytes:152
07:42:17.0 (17555751)|HEAP_ALLOCATE|[342]|Bytes:408
07:42:17.0 (17574191)|HEAP_ALLOCATE|[355]|Bytes:408
07:42:17.0 (17591854)|HEAP_ALLOCATE|[467]|Bytes:48
07:42:17.0 (17632439)|HEAP_ALLOCATE|[139]|Bytes:6
07:42:17.0 (17656604)|HEAP_ALLOCATE|[EXTERNAL]|Bytes:9
07:42:17.0 (17690805)|HEAP_ALLOCATE|[EXTERNAL]|Bytes:88
07:42:17.0 (17693650)|HEAP_ALLOCATE|[EXTERNAL]|Bytes:6
07:42:17.0 (17696717)|HEAP_ALLOCATE|[EXTERNAL]|Bytes:2
07:42:17.0 (17714728)|METHOD_ENTRY|[1]|01p360000072SS3|WrapperEmployeeSkills.WrapperEmployeeSkills()
07:42:17.0 (17720048)|STATEMENT_EXECUTE|[1]
07:42:17.0 (17729199)|STATEMENT_EXECUTE|[1]
07:42:17.0 (17767040)|HEAP_ALLOCATE|[50]|Bytes:5
07:42:17.0 (17793293)|HEAP_ALLOCATE|[56]|Bytes:5
07:42:17.0 (17801663)|HEAP_ALLOCATE|[64]|Bytes:7
07:42:17.0 (17827486)|SYSTEM_MODE_ENTER|false
07:42:17.0 (17846563)|HEAP_ALLOCATE|[EXTERNAL]|Bytes:5
07:42:17.0 (17850655)|STATEMENT_EXECUTE|[61]
07:42:17.0 (17856335)|SYSTEM_MODE_EXIT|false
07:42:17.0 (17873515)|METHOD_EXIT|[1]|WrapperEmployeeSkills
07:42:17.0 (17893507)|HEAP_ALLOCATE|[EXTERNAL]|Bytes:8
07:42:17.0 (17906179)|VARIABLE_SCOPE_BEGIN|[1]|this|WrapperEmployeeSkills|true|false
07:42:17.0 (17969617)|VARIABLE_ASSIGNMENT|[1]|this|{}|0x298d1451
07:42:17.0 (17979507)|SYSTEM_MODE_ENTER|false
07:42:17.0 (17984556)|HEAP_ALLOCATE|[EXTERNAL]|Bytes:5
07:42:17.0 (17993747)|HEAP_ALLOCATE|[EXTERNAL]|Bytes:6
07:42:17.0 (18021406)|SYSTEM_MODE_EXIT|false
07:42:17.0 (18026136)|STATEMENT_EXECUTE|[1]
07:42:17.0 (18030501)|SYSTEM_MODE_ENTER|false
07:42:17.0 (18034248)|HEAP_ALLOCATE|[EXTERNAL]|Bytes:5
07:42:17.0 (18036633)|STATEMENT_EXECUTE|[4]
07:42:17.0 (18039131)|SYSTEM_MODE_EXIT|false
07:42:17.0 (18053260)|CODE_UNIT_FINISHED|WrapperEmployeeSkills <init>
07:42:17.0 (18099259)|CODE_UNIT_STARTED|[EXTERNAL]|01p360000072SS3|WrapperEmployeeSkills get(EmployeeSkills)
07:42:17.0 (18106878)|SYSTEM_MODE_ENTER|true
07:42:17.0 (18123722)|CODE_UNIT_STARTED|[EXTERNAL]|01p360000072SS3|WrapperEmployeeSkills invoke(getEmployeeSkills)
07:42:17.0 (18159266)|HEAP_ALLOCATE|[EXTERNAL]|Bytes:8
07:42:17.0 (18167999)|VARIABLE_SCOPE_BEGIN|[7]|this|WrapperEmployeeSkills|true|false
07:42:17.0 (18183920)|VARIABLE_ASSIGNMENT|[7]|this|{}|0x298d1451
07:42:17.0 (18199020)|SYSTEM_MODE_ENTER|false
07:42:17.0 (18203596)|HEAP_ALLOCATE|[8]|Bytes:5
07:42:17.0 (18206981)|STATEMENT_EXECUTE|[7]
07:42:17.0 (18262071)|VARIABLE_ASSIGNMENT|[EXTERNAL]|this|{}|0x298d1451
07:42:17.0 (18276757)|STATEMENT_EXECUTE|[8]
07:42:17.0 (18278321)|STATEMENT_EXECUTE|[9]
07:42:17.0 (18284833)|HEAP_ALLOCATE|[9]|Bytes:4
07:42:17.0 (18404219)|VARIABLE_ASSIGNMENT|[EXTERNAL]|this|{}|0x298d1451
07:42:17.0 (18438359)|HEAP_ALLOCATE|[EXTERNAL]|Bytes:4
07:42:17.0 (18460639)|VARIABLE_ASSIGNMENT|[EXTERNAL]|value|{"s":1,"v":[]}|0x31f48e17
07:42:17.0 (18475946)|VARIABLE_ASSIGNMENT|[4]|this.skillsList|{"s":1,"v":[]}|0x298d1451
07:42:17.0 (18487187)|HEAP_ALLOCATE|[10]|Bytes:124
07:42:17.0 (18500011)|HEAP_ALLOCATE|[10]|Bytes:4
07:42:17.0 (19066353)|SOQL_EXECUTE_BEGIN|[10]|Aggregations:0|SELECT Id, Name, Employee__r.Name, Project__r.Name, Status__c FROM Employee_Skills__c 
07:42:17.0 (34277548)|SOQL_EXECUTE_END|[10]|Rows:1
07:42:17.0 (34300559)|HEAP_ALLOCATE|[EXTERNAL]|Bytes:8
07:42:17.0 (34511745)|HEAP_ALLOCATE|[10]|Bytes:49
07:42:17.0 (34519052)|HEAP_ALLOCATE|[10]|Bytes:8
07:42:17.0 (34532668)|SYSTEM_METHOD_ENTRY|[7]|QueryLocatorIterator.QueryLocatorIterator()
07:42:17.0 (34536764)|STATEMENT_EXECUTE|[7]
07:42:17.0 (34548008)|SYSTEM_METHOD_EXIT|[7]|QueryLocatorIterator
07:42:17.0 (34554407)|HEAP_ALLOCATE|[10]|Bytes:28
07:42:17.0 (34625553)|HEAP_ALLOCATE|[10]|Bytes:8
07:42:17.0 (34648307)|HEAP_ALLOCATE|[10]|Bytes:8
07:42:17.0 (34651103)|HEAP_ALLOCATE|[10]|Bytes:8
07:42:17.0 (34655572)|VARIABLE_SCOPE_BEGIN|[15]|this|Database.QueryLocatorIterator|true|false
07:42:17.0 (34698571)|VARIABLE_ASSIGNMENT|[15]|this|{}|0x367da2b3
07:42:17.0 (34703350)|VARIABLE_SCOPE_BEGIN|[15]|values|List<SObject>|true|false
07:42:17.0 (34738382)|VARIABLE_ASSIGNMENT|[15]|values|{"s":1,"v":[{"s":2,"v":{"Id":"a0C36000000iqCUEAY","Name":"Tools","Employee__c":"a0A36000001ygYkEAI","Project__c":"a0736000000Ew01AAC","Status__c":"Waiting for submit","Employee__r":{"s":3,"v":{"Name":"Andriy Lokotosh","Id":"a0A36000001ygYkEAI"}},"Project__r":{"s":4,"v":{"Name":"eBank","Id":"a0736000000Ew01AAC"}}}}]}|0x552da450
07:42:17.0 (34743835)|VARIABLE_SCOPE_BEGIN|[15]|ql|Database.QueryLocator|true|false
07:42:17.0 (34758241)|VARIABLE_ASSIGNMENT|[15]|ql|{"query":"SELECT Id, Name, Emp (104 more) ..."}|0x1d9ae087
07:42:17.0 (34761335)|VARIABLE_SCOPE_BEGIN|[15]|totalNumRecords|Integer|false|false
07:42:17.0 (34765352)|VARIABLE_ASSIGNMENT|[15]|totalNumRecords|1
07:42:17.0 (34767755)|VARIABLE_SCOPE_BEGIN|[15]|queryMoreSize|Integer|false|false
07:42:17.0 (34770557)|VARIABLE_ASSIGNMENT|[15]|queryMoreSize|49999
07:42:17.0 (34819919)|HEAP_ALLOCATE|[10]|Bytes:28
07:42:17.0 (34843682)|METHOD_ENTRY|[10]||Database.QueryLocatorIterator.hasNext()
07:42:17.0 (34930126)|METHOD_EXIT|[10]||Database.QueryLocatorIterator.hasNext()
07:42:17.0 (34940040)|METHOD_ENTRY|[10]||Database.QueryLocatorIterator.next()
07:42:17.0 (35037021)|METHOD_EXIT|[10]||Database.QueryLocatorIterator.next()
07:42:17.0 (35049187)|VARIABLE_SCOPE_BEGIN|[10]|c|Employee_Skills__c|true|false
07:42:17.0 (35072433)|VARIABLE_ASSIGNMENT|[10]|c|{"s":1,"v":{"Id":"a0C36000000iqCUEAY","Name":"Tools","Employee__c":"a0A36000001ygYkEAI","Project__c":"a0736000000Ew01AAC","Status__c":"Waiting for submit","Employee__r":{"s":2,"v":{"Name":"Andriy Lokotosh","Id":"a0A36000001ygYkEAI"}},"Project__r":{"s":3,"v":{"Name":"eBank","Id":"a0736000000Ew01AAC"}}}}|0x4141438d
07:42:17.0 (35076767)|STATEMENT_EXECUTE|[12]
07:42:17.0 (35078285)|STATEMENT_EXECUTE|[14]
07:42:17.0 (35118637)|VARIABLE_ASSIGNMENT|[EXTERNAL]|this|{"skillsList":"0x31f48e17"}|0x298d1451
07:42:17.0 (35199081)|HEAP_ALLOCATE|[14]|Bytes:112
07:42:17.0 (35205160)|HEAP_ALLOCATE|[14]|Bytes:8
07:42:17.0 (35220715)|HEAP_ALLOCATE|[14]|Bytes:12
07:42:17.0 (35242885)|CONSTRUCTOR_ENTRY|[14]|01p360000072SS3|<init>(Employee_Skills__c)
07:42:17.0 (35261079)|VARIABLE_SCOPE_BEGIN|[66]|this|WrapperEmployeeSkills.wEmployee|true|false
07:42:17.0 (35290238)|VARIABLE_ASSIGNMENT|[66]|this|{}|0x1794d095
07:42:17.0 (35295917)|VARIABLE_SCOPE_BEGIN|[66]|s|Employee_Skills__c|true|false
07:42:17.0 (35314809)|VARIABLE_ASSIGNMENT|[66]|s|{"s":1,"v":{"Id":"a0C36000000iqCUEAY","Name":"Tools","Employee__c":"a0A36000001ygYkEAI","Project__c":"a0736000000Ew01AAC","Status__c":"Waiting for submit","Employee__r":{"s":2,"v":{"Name":"Andriy Lokotosh","Id":"a0A36000001ygYkEAI"}},"Project__r":{"s":3,"v":{"Name":"eBank","Id":"a0736000000Ew01AAC"}}}}|0x4141438d
07:42:17.0 (35319733)|STATEMENT_EXECUTE|[61]
07:42:17.0 (35321206)|STATEMENT_EXECUTE|[62]
07:42:17.0 (35322499)|STATEMENT_EXECUTE|[63]
07:42:17.0 (35334929)|STATEMENT_EXECUTE|[66]
07:42:17.0 (35336615)|STATEMENT_EXECUTE|[67]
07:42:17.0 (35408936)|VARIABLE_ASSIGNMENT|[EXTERNAL]|this|{}|0x1794d095
07:42:17.0 (35430428)|VARIABLE_ASSIGNMENT|[EXTERNAL]|value|{"s":1,"v":{"Id":"a0C36000000iqCUEAY","Name":"Tools","Employee__c":"a0A36000001ygYkEAI","Project__c":"a0736000000Ew01AAC","Status__c":"Waiting for submit","Employee__r":{"s":2,"v":{"Name":"Andriy Lokotosh","Id":"a0A36000001ygYkEAI"}},"Project__r":{"s":3,"v":{"Name":"eBank","Id":"a0736000000Ew01AAC"}}}}|0x4141438d
07:42:17.0 (35451466)|VARIABLE_ASSIGNMENT|[62]|this.skill|{"s":1,"v":{"Id":"a0C36000000iqCUEAY","Name":"Tools","Employee__c":"a0A36000001ygYkEAI","Project__c":"a0736000000Ew01AAC","Status__c":"Waiting for submit","Employee__r":{"s":2,"v":{"Name":"Andriy Lokotosh","Id":"a0A36000001ygYkEAI"}},"Project__r":{"s":3,"v":{"Name":"eBank","Id":"a0736000000Ew01AAC"}}}}|0x1794d095
07:42:17.0 (35461222)|STATEMENT_EXECUTE|[68]
07:42:17.0 (35517822)|VARIABLE_ASSIGNMENT|[EXTERNAL]|this|{"skill":"0x4141438d"}|0x1794d095
07:42:17.0 (35528363)|VARIABLE_ASSIGNMENT|[EXTERNAL]|value|false
07:42:17.0 (35533522)|HEAP_ALLOCATE|[63]|Bytes:5
07:42:17.0 (35540043)|VARIABLE_ASSIGNMENT|[63]|this.selected|false|0x1794d095
07:42:17.0 (35551958)|CONSTRUCTOR_EXIT|[14]|01p360000072SS3|<init>(Employee_Skills__c)
07:42:17.0 (35572457)|HEAP_ALLOCATE|[EXTERNAL]|Bytes:4
07:42:17.0 (35583547)|METHOD_ENTRY|[10]||Database.QueryLocatorIterator.hasNext()
07:42:17.0 (35597571)|METHOD_EXIT|[10]||Database.QueryLocatorIterator.hasNext()
07:42:17.0 (35605731)|VARIABLE_ASSIGNMENT|[10]|c|null|
07:42:17.0 (35628162)|STATEMENT_EXECUTE|[17]
07:42:17.0 (35665501)|VARIABLE_ASSIGNMENT|[EXTERNAL]|this|{"skillsList":"0x31f48e17"}|0x298d1451
07:42:17.0 (35677910)|SYSTEM_MODE_EXIT|false
07:42:17.0 (35690568)|CODE_UNIT_FINISHED|WrapperEmployeeSkills invoke(getEmployeeSkills)
07:42:17.0 (35708289)|CODE_UNIT_FINISHED|WrapperEmployeeSkills get(EmployeeSkills)
07:42:17.0 (36143028)|CODE_UNIT_STARTED|[EXTERNAL]|01p360000072SS3|skill
07:42:17.0 (36157317)|CODE_UNIT_FINISHED|skill
07:42:17.0 (94601964)|CODE_UNIT_STARTED|[EXTERNAL]|01p360000072SS3|selected
07:42:17.0 (94620270)|CODE_UNIT_FINISHED|selected
07:42:17.0 (99489159)|VF_SERIALIZE_VIEWSTATE_BEGIN|06636000001VcbV
07:42:17.0 (109959884)|VF_SERIALIZE_VIEWSTATE_END
07:42:17.0 (111971084)|CODE_UNIT_STARTED|[EXTERNAL]|Generate Metadata
07:42:17.0 (112708548)|CODE_UNIT_FINISHED|Generate Metadata
07:42:17.116 (116459604)|CUMULATIVE_LIMIT_USAGE
07:42:17.116 (116459604)|LIMIT_USAGE_FOR_NS|(default)|
  Number of SOQL queries: 1 out of 100
  Number of query rows: 1 out of 50000
  Number of SOSL queries: 0 out of 20
  Number of DML statements: 0 out of 150
  Number of DML rows: 0 out of 10000
  Maximum CPU time: 0 out of 10000
  Maximum heap size: 0 out of 6000000
  Number of callouts: 0 out of 100
  Number of Email Invocations: 0 out of 10
  Number of future calls: 0 out of 50
  Number of queueable jobs added to the queue: 0 out of 50
  Number of Mobile Apex push calls: 0 out of 10

07:42:17.116 (116459604)|CUMULATIVE_LIMIT_USAGE_END

07:42:17.0 (116514908)|CODE_UNIT_FINISHED|VF: /apex/AprooveWraper
07:42:17.0 (117477911)|EXECUTION_FINISHED
