36.0 APEX_CODE,FINEST;APEX_PROFILING,INFO;CALLOUT,INFO;DB,INFO;SYSTEM,DEBUG;VALIDATION,INFO;VISUALFORCE,INFO;WORKFLOW,INFO
07:08:09.0 (72575)|EXECUTION_STARTED
07:08:09.0 (110620)|CODE_UNIT_STARTED|[EXTERNAL]|06636000001VcbV|VF: /apex/AprooveWraper
07:08:09.0 (8251333)|CODE_UNIT_STARTED|[EXTERNAL]|01p360000072SS3|WrapperEmployeeSkills <init>
07:08:09.0 (8269985)|SYSTEM_MODE_ENTER|true
07:08:09.0 (8749649)|HEAP_ALLOCATE|[72]|Bytes:3
07:08:09.0 (8795869)|HEAP_ALLOCATE|[77]|Bytes:152
07:08:09.0 (8814615)|HEAP_ALLOCATE|[342]|Bytes:408
07:08:09.0 (8834077)|HEAP_ALLOCATE|[355]|Bytes:408
07:08:09.0 (8852147)|HEAP_ALLOCATE|[467]|Bytes:48
07:08:09.0 (8890509)|HEAP_ALLOCATE|[139]|Bytes:6
07:08:09.0 (8914238)|HEAP_ALLOCATE|[EXTERNAL]|Bytes:9
07:08:09.0 (8919213)|HEAP_ALLOCATE|[EXTERNAL]|Bytes:88
07:08:09.0 (8922171)|HEAP_ALLOCATE|[EXTERNAL]|Bytes:6
07:08:09.0 (8925358)|HEAP_ALLOCATE|[EXTERNAL]|Bytes:2
07:08:09.0 (8942736)|METHOD_ENTRY|[1]|01p360000072SS3|WrapperEmployeeSkills.WrapperEmployeeSkills()
07:08:09.0 (8947907)|STATEMENT_EXECUTE|[1]
07:08:09.0 (8955676)|STATEMENT_EXECUTE|[1]
07:08:09.0 (8988801)|HEAP_ALLOCATE|[50]|Bytes:5
07:08:09.0 (9010569)|HEAP_ALLOCATE|[56]|Bytes:5
07:08:09.0 (9020996)|HEAP_ALLOCATE|[64]|Bytes:7
07:08:09.0 (9046244)|SYSTEM_MODE_ENTER|false
07:08:09.0 (9062329)|HEAP_ALLOCATE|[EXTERNAL]|Bytes:5
07:08:09.0 (9066641)|STATEMENT_EXECUTE|[59]
07:08:09.0 (9072461)|SYSTEM_MODE_EXIT|false
07:08:09.0 (9083684)|METHOD_EXIT|[1]|WrapperEmployeeSkills
07:08:09.0 (9101975)|HEAP_ALLOCATE|[EXTERNAL]|Bytes:8
07:08:09.0 (9113283)|VARIABLE_SCOPE_BEGIN|[1]|this|WrapperEmployeeSkills|true|false
07:08:09.0 (9175730)|VARIABLE_ASSIGNMENT|[1]|this|{}|0x11a186af
07:08:09.0 (9188187)|SYSTEM_MODE_ENTER|false
07:08:09.0 (9193275)|HEAP_ALLOCATE|[EXTERNAL]|Bytes:5
07:08:09.0 (9202287)|HEAP_ALLOCATE|[EXTERNAL]|Bytes:6
07:08:09.0 (9234481)|SYSTEM_MODE_EXIT|false
07:08:09.0 (9238878)|STATEMENT_EXECUTE|[1]
07:08:09.0 (9244856)|SYSTEM_MODE_ENTER|false
07:08:09.0 (9248881)|HEAP_ALLOCATE|[EXTERNAL]|Bytes:5
07:08:09.0 (9251603)|STATEMENT_EXECUTE|[4]
07:08:09.0 (9255220)|SYSTEM_MODE_EXIT|false
07:08:09.0 (9271468)|CODE_UNIT_FINISHED|WrapperEmployeeSkills <init>
07:08:09.0 (9317509)|CODE_UNIT_STARTED|[EXTERNAL]|01p360000072SS3|WrapperEmployeeSkills get(EmployeeSkills)
07:08:09.0 (9327900)|SYSTEM_MODE_ENTER|true
07:08:09.0 (9347390)|CODE_UNIT_STARTED|[EXTERNAL]|01p360000072SS3|WrapperEmployeeSkills invoke(getEmployeeSkills)
07:08:09.0 (9376110)|HEAP_ALLOCATE|[EXTERNAL]|Bytes:8
07:08:09.0 (9384795)|VARIABLE_SCOPE_BEGIN|[7]|this|WrapperEmployeeSkills|true|false
07:08:09.0 (9400129)|VARIABLE_ASSIGNMENT|[7]|this|{}|0x11a186af
07:08:09.0 (9415471)|SYSTEM_MODE_ENTER|false
07:08:09.0 (9420021)|HEAP_ALLOCATE|[8]|Bytes:5
07:08:09.0 (9423579)|STATEMENT_EXECUTE|[7]
07:08:09.0 (9472087)|VARIABLE_ASSIGNMENT|[EXTERNAL]|this|{}|0x11a186af
07:08:09.0 (9485187)|STATEMENT_EXECUTE|[8]
07:08:09.0 (9486715)|STATEMENT_EXECUTE|[9]
07:08:09.0 (9491718)|HEAP_ALLOCATE|[9]|Bytes:4
07:08:09.0 (9592196)|VARIABLE_ASSIGNMENT|[EXTERNAL]|this|{}|0x11a186af
07:08:09.0 (9619528)|HEAP_ALLOCATE|[EXTERNAL]|Bytes:4
07:08:09.0 (9638682)|VARIABLE_ASSIGNMENT|[EXTERNAL]|value|{"s":1,"v":[]}|0x16629e5e
07:08:09.0 (9653723)|VARIABLE_ASSIGNMENT|[4]|this.skillsList|{"s":1,"v":[]}|0x11a186af
07:08:09.0 (9664830)|HEAP_ALLOCATE|[10]|Bytes:39
07:08:09.0 (9674709)|HEAP_ALLOCATE|[10]|Bytes:4
07:08:09.0 (11509920)|SOQL_EXECUTE_BEGIN|[10]|Aggregations:0|SELECT Id, Name FROM Employee_Skills__c
07:08:09.0 (14515122)|SOQL_EXECUTE_END|[10]|Rows:13
07:08:09.0 (14535863)|HEAP_ALLOCATE|[EXTERNAL]|Bytes:56
07:08:09.0 (14739774)|HEAP_ALLOCATE|[10]|Bytes:49
07:08:09.0 (14747713)|HEAP_ALLOCATE|[10]|Bytes:8
07:08:09.0 (14762142)|SYSTEM_METHOD_ENTRY|[7]|QueryLocatorIterator.QueryLocatorIterator()
07:08:09.0 (14766440)|STATEMENT_EXECUTE|[7]
07:08:09.0 (14778169)|SYSTEM_METHOD_EXIT|[7]|QueryLocatorIterator
07:08:09.0 (14784960)|HEAP_ALLOCATE|[10]|Bytes:28
07:08:09.0 (14856394)|HEAP_ALLOCATE|[10]|Bytes:56
07:08:09.0 (14876631)|HEAP_ALLOCATE|[10]|Bytes:8
07:08:09.0 (14879819)|HEAP_ALLOCATE|[10]|Bytes:8
07:08:09.0 (14884442)|VARIABLE_SCOPE_BEGIN|[15]|this|Database.QueryLocatorIterator|true|false
07:08:09.0 (14914198)|VARIABLE_ASSIGNMENT|[15]|this|{}|0x82ccca2
07:08:09.0 (14918240)|VARIABLE_SCOPE_BEGIN|[15]|values|List<SObject>|true|false
07:08:09.0 (14933094)|VARIABLE_ASSIGNMENT|[15]|values|{"s":1,"v":"List of size 13 too large to display"}|0x4ad1b224
07:08:09.0 (14936189)|VARIABLE_SCOPE_BEGIN|[15]|ql|Database.QueryLocator|true|false
07:08:09.0 (14954934)|VARIABLE_ASSIGNMENT|[15]|ql|{"query":"SELECT Id, Name FROM (19 more) ..."}|0x6e2860c0
07:08:09.0 (14960344)|VARIABLE_SCOPE_BEGIN|[15]|totalNumRecords|Integer|false|false
07:08:09.0 (14964883)|VARIABLE_ASSIGNMENT|[15]|totalNumRecords|13
07:08:09.0 (14967128)|VARIABLE_SCOPE_BEGIN|[15]|queryMoreSize|Integer|false|false
07:08:09.0 (14970068)|VARIABLE_ASSIGNMENT|[15]|queryMoreSize|49987
07:08:09.0 (15023923)|HEAP_ALLOCATE|[10]|Bytes:28
07:08:09.0 (15047627)|METHOD_ENTRY|[10]||Database.QueryLocatorIterator.hasNext()
07:08:09.0 (15129353)|METHOD_EXIT|[10]||Database.QueryLocatorIterator.hasNext()
07:08:09.0 (15139210)|METHOD_ENTRY|[10]||Database.QueryLocatorIterator.next()
07:08:09.0 (15237416)|METHOD_EXIT|[10]||Database.QueryLocatorIterator.next()
07:08:09.0 (15247088)|VARIABLE_SCOPE_BEGIN|[10]|c|Employee_Skills__c|true|false
07:08:09.0 (15268271)|VARIABLE_ASSIGNMENT|[10]|c|{"s":1,"v":{"Id":"a0C360000002n2pEAA","Name":"sdfsdfsdf"}}|0x14705833
07:08:09.0 (15271687)|STATEMENT_EXECUTE|[10]
07:08:09.0 (15273135)|STATEMENT_EXECUTE|[12]
07:08:09.0 (15306524)|VARIABLE_ASSIGNMENT|[EXTERNAL]|this|{"skillsList":"0x16629e5e"}|0x11a186af
07:08:09.0 (15383951)|HEAP_ALLOCATE|[12]|Bytes:112
07:08:09.0 (15390192)|HEAP_ALLOCATE|[12]|Bytes:8
07:08:09.0 (15407453)|HEAP_ALLOCATE|[12]|Bytes:12
07:08:09.0 (15429915)|CONSTRUCTOR_ENTRY|[12]|01p360000072SS3|<init>(Employee_Skills__c)
07:08:09.0 (15448235)|VARIABLE_SCOPE_BEGIN|[64]|this|WrapperEmployeeSkills.wEmployee|true|false
07:08:09.0 (15475342)|VARIABLE_ASSIGNMENT|[64]|this|{}|0x7ef4ccc5
07:08:09.0 (15480399)|VARIABLE_SCOPE_BEGIN|[64]|s|Employee_Skills__c|true|false
07:08:09.0 (15492374)|VARIABLE_ASSIGNMENT|[64]|s|{"s":1,"v":{"Id":"a0C360000002n2pEAA","Name":"sdfsdfsdf"}}|0x14705833
07:08:09.0 (15496001)|STATEMENT_EXECUTE|[59]
07:08:09.0 (15497330)|STATEMENT_EXECUTE|[60]
07:08:09.0 (15498424)|STATEMENT_EXECUTE|[61]
07:08:09.0 (15511285)|STATEMENT_EXECUTE|[64]
07:08:09.0 (15512847)|STATEMENT_EXECUTE|[65]
07:08:09.0 (15577735)|VARIABLE_ASSIGNMENT|[EXTERNAL]|this|{}|0x7ef4ccc5
07:08:09.0 (15592666)|VARIABLE_ASSIGNMENT|[EXTERNAL]|value|{"s":1,"v":{"Id":"a0C360000002n2pEAA","Name":"sdfsdfsdf"}}|0x14705833
07:08:09.0 (15605666)|VARIABLE_ASSIGNMENT|[60]|this.skill|{"s":1,"v":{"Id":"a0C360000002n2pEAA","Name":"sdfsdfsdf"}}|0x7ef4ccc5
07:08:09.0 (15613845)|STATEMENT_EXECUTE|[66]
07:08:09.0 (15661376)|VARIABLE_ASSIGNMENT|[EXTERNAL]|this|{"skill":"0x14705833"}|0x7ef4ccc5
07:08:09.0 (15671300)|VARIABLE_ASSIGNMENT|[EXTERNAL]|value|false
07:08:09.0 (15676068)|HEAP_ALLOCATE|[61]|Bytes:5
07:08:09.0 (15683040)|VARIABLE_ASSIGNMENT|[61]|this.selected|false|0x7ef4ccc5
07:08:09.0 (15694583)|CONSTRUCTOR_EXIT|[12]|01p360000072SS3|<init>(Employee_Skills__c)
07:08:09.0 (15709130)|HEAP_ALLOCATE|[EXTERNAL]|Bytes:4
07:08:09.0 (15718653)|METHOD_ENTRY|[10]||Database.QueryLocatorIterator.hasNext()
07:08:09.0 (15739429)|METHOD_EXIT|[10]||Database.QueryLocatorIterator.hasNext()
07:08:09.0 (15744536)|METHOD_ENTRY|[10]||Database.QueryLocatorIterator.next()
07:08:09.0 (15836163)|METHOD_EXIT|[10]||Database.QueryLocatorIterator.next()
07:08:09.0 (15847411)|VARIABLE_SCOPE_BEGIN|[10]|c|Employee_Skills__c|true|false
07:08:09.0 (15864590)|VARIABLE_ASSIGNMENT|[10]|c|{"s":1,"v":{"Id":"a0C360000003sI7EAI","Name":"Test Skill"}}|0x1ec3cd1a
07:08:09.0 (15867605)|STATEMENT_EXECUTE|[10]
07:08:09.0 (15868805)|STATEMENT_EXECUTE|[12]
07:08:09.0 (15891460)|VARIABLE_ASSIGNMENT|[EXTERNAL]|this|{"skillsList":"0x16629e5e"}|0x11a186af
07:08:09.0 (15902323)|HEAP_ALLOCATE|[12]|Bytes:12
07:08:09.0 (15910659)|CONSTRUCTOR_ENTRY|[12]|01p360000072SS3|<init>(Employee_Skills__c)
07:08:09.0 (15914661)|VARIABLE_SCOPE_BEGIN|[64]|this|WrapperEmployeeSkills.wEmployee|true|false
07:08:09.0 (15927928)|VARIABLE_ASSIGNMENT|[64]|this|{}|0x367d08c9
07:08:09.0 (15930509)|VARIABLE_SCOPE_BEGIN|[64]|s|Employee_Skills__c|true|false
07:08:09.0 (15940063)|VARIABLE_ASSIGNMENT|[64]|s|{"s":1,"v":{"Id":"a0C360000003sI7EAI","Name":"Test Skill"}}|0x1ec3cd1a
07:08:09.0 (15943124)|STATEMENT_EXECUTE|[59]
07:08:09.0 (15944332)|STATEMENT_EXECUTE|[60]
07:08:09.0 (15945375)|STATEMENT_EXECUTE|[61]
07:08:09.0 (15956328)|STATEMENT_EXECUTE|[64]
07:08:09.0 (15957772)|STATEMENT_EXECUTE|[65]
07:08:09.0 (15973458)|VARIABLE_ASSIGNMENT|[EXTERNAL]|this|{}|0x367d08c9
07:08:09.0 (15994305)|VARIABLE_ASSIGNMENT|[EXTERNAL]|value|{"s":1,"v":{"Id":"a0C360000003sI7EAI","Name":"Test Skill"}}|0x1ec3cd1a
07:08:09.0 (16009038)|VARIABLE_ASSIGNMENT|[60]|this.skill|{"s":1,"v":{"Id":"a0C360000003sI7EAI","Name":"Test Skill"}}|0x367d08c9
07:08:09.0 (16017727)|STATEMENT_EXECUTE|[66]
07:08:09.0 (16038012)|VARIABLE_ASSIGNMENT|[EXTERNAL]|this|{"skill":"0x1ec3cd1a"}|0x367d08c9
07:08:09.0 (16044577)|VARIABLE_ASSIGNMENT|[EXTERNAL]|value|false
07:08:09.0 (16048448)|HEAP_ALLOCATE|[61]|Bytes:5
07:08:09.0 (16054799)|VARIABLE_ASSIGNMENT|[61]|this.selected|false|0x367d08c9
07:08:09.0 (16065353)|CONSTRUCTOR_EXIT|[12]|01p360000072SS3|<init>(Employee_Skills__c)
07:08:09.0 (16074391)|HEAP_ALLOCATE|[EXTERNAL]|Bytes:4
07:08:09.0 (16082933)|METHOD_ENTRY|[10]||Database.QueryLocatorIterator.hasNext()
07:08:09.0 (16102514)|METHOD_EXIT|[10]||Database.QueryLocatorIterator.hasNext()
07:08:09.0 (16108078)|METHOD_ENTRY|[10]||Database.QueryLocatorIterator.next()
07:08:09.0 (16168899)|METHOD_EXIT|[10]||Database.QueryLocatorIterator.next()
07:08:09.0 (16175182)|VARIABLE_SCOPE_BEGIN|[10]|c|Employee_Skills__c|true|false
07:08:09.0 (16189254)|VARIABLE_ASSIGNMENT|[10]|c|{"s":1,"v":{"Id":"a0C360000003I4VEAU","Name":"Design"}}|0x3621f8a6
07:08:09.0 (16192317)|STATEMENT_EXECUTE|[10]
07:08:09.0 (16193465)|STATEMENT_EXECUTE|[12]
07:08:09.0 (16212943)|VARIABLE_ASSIGNMENT|[EXTERNAL]|this|{"skillsList":"0x16629e5e"}|0x11a186af
07:08:09.0 (16223270)|HEAP_ALLOCATE|[12]|Bytes:12
07:08:09.0 (16236511)|CONSTRUCTOR_ENTRY|[12]|01p360000072SS3|<init>(Employee_Skills__c)
07:08:09.0 (16241076)|VARIABLE_SCOPE_BEGIN|[64]|this|WrapperEmployeeSkills.wEmployee|true|false
07:08:09.0 (16254736)|VARIABLE_ASSIGNMENT|[64]|this|{}|0x3dceceec
07:08:09.0 (16257483)|VARIABLE_SCOPE_BEGIN|[64]|s|Employee_Skills__c|true|false
07:08:09.0 (16267167)|VARIABLE_ASSIGNMENT|[64]|s|{"s":1,"v":{"Id":"a0C360000003I4VEAU","Name":"Design"}}|0x3621f8a6
07:08:09.0 (16270228)|STATEMENT_EXECUTE|[59]
07:08:09.0 (16271430)|STATEMENT_EXECUTE|[60]
07:08:09.0 (16272425)|STATEMENT_EXECUTE|[61]
07:08:09.0 (16283080)|STATEMENT_EXECUTE|[64]
07:08:09.0 (16284546)|STATEMENT_EXECUTE|[65]
07:08:09.0 (16303255)|VARIABLE_ASSIGNMENT|[EXTERNAL]|this|{}|0x3dceceec
07:08:09.0 (16313403)|VARIABLE_ASSIGNMENT|[EXTERNAL]|value|{"s":1,"v":{"Id":"a0C360000003I4VEAU","Name":"Design"}}|0x3621f8a6
07:08:09.0 (16324355)|VARIABLE_ASSIGNMENT|[60]|this.skill|{"s":1,"v":{"Id":"a0C360000003I4VEAU","Name":"Design"}}|0x3dceceec
07:08:09.0 (16331195)|STATEMENT_EXECUTE|[66]
07:08:09.0 (16348785)|VARIABLE_ASSIGNMENT|[EXTERNAL]|this|{"skill":"0x3621f8a6"}|0x3dceceec
07:08:09.0 (16354931)|VARIABLE_ASSIGNMENT|[EXTERNAL]|value|false
07:08:09.0 (16358523)|HEAP_ALLOCATE|[61]|Bytes:5
07:08:09.0 (16364804)|VARIABLE_ASSIGNMENT|[61]|this.selected|false|0x3dceceec
07:08:09.0 (16375159)|CONSTRUCTOR_EXIT|[12]|01p360000072SS3|<init>(Employee_Skills__c)
07:08:09.0 (16383996)|HEAP_ALLOCATE|[EXTERNAL]|Bytes:4
07:08:09.0 (16392265)|METHOD_ENTRY|[10]||Database.QueryLocatorIterator.hasNext()
07:08:09.0 (16411863)|METHOD_EXIT|[10]||Database.QueryLocatorIterator.hasNext()
07:08:09.0 (16416691)|METHOD_ENTRY|[10]||Database.QueryLocatorIterator.next()
07:08:09.0 (16476196)|METHOD_EXIT|[10]||Database.QueryLocatorIterator.next()
07:08:09.0 (16482234)|VARIABLE_SCOPE_BEGIN|[10]|c|Employee_Skills__c|true|false
07:08:09.0 (16496282)|VARIABLE_ASSIGNMENT|[10]|c|{"s":1,"v":{"Id":"a0C360000003VRsEAM","Name":"Designer"}}|0x3de57f52
07:08:09.0 (16499064)|STATEMENT_EXECUTE|[10]
07:08:09.0 (16500168)|STATEMENT_EXECUTE|[12]
07:08:09.0 (16519597)|VARIABLE_ASSIGNMENT|[EXTERNAL]|this|{"skillsList":"0x16629e5e"}|0x11a186af
07:08:09.0 (16529679)|HEAP_ALLOCATE|[12]|Bytes:12
07:08:09.0 (16537394)|CONSTRUCTOR_ENTRY|[12]|01p360000072SS3|<init>(Employee_Skills__c)
07:08:09.0 (16541227)|VARIABLE_SCOPE_BEGIN|[64]|this|WrapperEmployeeSkills.wEmployee|true|false
07:08:09.0 (16553311)|VARIABLE_ASSIGNMENT|[64]|this|{}|0x63001367
07:08:09.0 (16555749)|VARIABLE_SCOPE_BEGIN|[64]|s|Employee_Skills__c|true|false
07:08:09.0 (16564890)|VARIABLE_ASSIGNMENT|[64]|s|{"s":1,"v":{"Id":"a0C360000003VRsEAM","Name":"Designer"}}|0x3de57f52
07:08:09.0 (16567909)|STATEMENT_EXECUTE|[59]
07:08:09.0 (16569037)|STATEMENT_EXECUTE|[60]
07:08:09.0 (16570047)|STATEMENT_EXECUTE|[61]
07:08:09.0 (16580635)|STATEMENT_EXECUTE|[64]
07:08:09.0 (16582004)|STATEMENT_EXECUTE|[65]
07:08:09.0 (16596761)|VARIABLE_ASSIGNMENT|[EXTERNAL]|this|{}|0x63001367
07:08:09.0 (16606251)|VARIABLE_ASSIGNMENT|[EXTERNAL]|value|{"s":1,"v":{"Id":"a0C360000003VRsEAM","Name":"Designer"}}|0x3de57f52
07:08:09.0 (16616883)|VARIABLE_ASSIGNMENT|[60]|this.skill|{"s":1,"v":{"Id":"a0C360000003VRsEAM","Name":"Designer"}}|0x63001367
07:08:09.0 (16623331)|STATEMENT_EXECUTE|[66]
07:08:09.0 (16640427)|VARIABLE_ASSIGNMENT|[EXTERNAL]|this|{"skill":"0x3de57f52"}|0x63001367
07:08:09.0 (16646446)|VARIABLE_ASSIGNMENT|[EXTERNAL]|value|false
07:08:09.0 (16650029)|HEAP_ALLOCATE|[61]|Bytes:5
07:08:09.0 (16655849)|VARIABLE_ASSIGNMENT|[61]|this.selected|false|0x63001367
07:08:09.0 (16665605)|CONSTRUCTOR_EXIT|[12]|01p360000072SS3|<init>(Employee_Skills__c)
07:08:09.0 (16674047)|HEAP_ALLOCATE|[EXTERNAL]|Bytes:4
07:08:09.0 (16682275)|METHOD_ENTRY|[10]||Database.QueryLocatorIterator.hasNext()
07:08:09.0 (16701334)|METHOD_EXIT|[10]||Database.QueryLocatorIterator.hasNext()
07:08:09.0 (16705952)|METHOD_ENTRY|[10]||Database.QueryLocatorIterator.next()
07:08:09.0 (16764513)|METHOD_EXIT|[10]||Database.QueryLocatorIterator.next()
07:08:09.0 (16770395)|VARIABLE_SCOPE_BEGIN|[10]|c|Employee_Skills__c|true|false
07:08:09.0 (16783675)|VARIABLE_ASSIGNMENT|[10]|c|{"s":1,"v":{"Id":"a0C360000003I4aEAE","Name":"QA"}}|0x5a5d3369
07:08:09.0 (16786437)|STATEMENT_EXECUTE|[10]
07:08:09.0 (16787843)|STATEMENT_EXECUTE|[12]
07:08:09.0 (16806960)|VARIABLE_ASSIGNMENT|[EXTERNAL]|this|{"skillsList":"0x16629e5e"}|0x11a186af
07:08:09.0 (16816897)|HEAP_ALLOCATE|[12]|Bytes:12
07:08:09.0 (16824455)|CONSTRUCTOR_ENTRY|[12]|01p360000072SS3|<init>(Employee_Skills__c)
07:08:09.0 (16828213)|VARIABLE_SCOPE_BEGIN|[64]|this|WrapperEmployeeSkills.wEmployee|true|false
07:08:09.0 (16840112)|VARIABLE_ASSIGNMENT|[64]|this|{}|0x11af3f60
07:08:09.0 (16842474)|VARIABLE_SCOPE_BEGIN|[64]|s|Employee_Skills__c|true|false
07:08:09.0 (16851456)|VARIABLE_ASSIGNMENT|[64]|s|{"s":1,"v":{"Id":"a0C360000003I4aEAE","Name":"QA"}}|0x5a5d3369
07:08:09.0 (16854346)|STATEMENT_EXECUTE|[59]
07:08:09.0 (16855416)|STATEMENT_EXECUTE|[60]
07:08:09.0 (16856421)|STATEMENT_EXECUTE|[61]
07:08:09.0 (16866197)|STATEMENT_EXECUTE|[64]
07:08:09.0 (16867798)|STATEMENT_EXECUTE|[65]
07:08:09.0 (16882280)|VARIABLE_ASSIGNMENT|[EXTERNAL]|this|{}|0x11af3f60
07:08:09.0 (16891557)|VARIABLE_ASSIGNMENT|[EXTERNAL]|value|{"s":1,"v":{"Id":"a0C360000003I4aEAE","Name":"QA"}}|0x5a5d3369
07:08:09.0 (16901940)|VARIABLE_ASSIGNMENT|[60]|this.skill|{"s":1,"v":{"Id":"a0C360000003I4aEAE","Name":"QA"}}|0x11af3f60
07:08:09.0 (16908568)|STATEMENT_EXECUTE|[66]
07:08:09.0 (16925167)|VARIABLE_ASSIGNMENT|[EXTERNAL]|this|{"skill":"0x5a5d3369"}|0x11af3f60
07:08:09.0 (16931130)|VARIABLE_ASSIGNMENT|[EXTERNAL]|value|false
07:08:09.0 (16934524)|HEAP_ALLOCATE|[61]|Bytes:5
07:08:09.0 (16940335)|VARIABLE_ASSIGNMENT|[61]|this.selected|false|0x11af3f60
07:08:09.0 (16950026)|CONSTRUCTOR_EXIT|[12]|01p360000072SS3|<init>(Employee_Skills__c)
07:08:09.0 (16958448)|HEAP_ALLOCATE|[EXTERNAL]|Bytes:4
07:08:09.0 (16966477)|METHOD_ENTRY|[10]||Database.QueryLocatorIterator.hasNext()
07:08:09.0 (16985262)|METHOD_EXIT|[10]||Database.QueryLocatorIterator.hasNext()
07:08:09.0 (16989852)|METHOD_ENTRY|[10]||Database.QueryLocatorIterator.next()
07:08:09.0 (17047849)|METHOD_EXIT|[10]||Database.QueryLocatorIterator.next()
07:08:09.0 (17054718)|VARIABLE_SCOPE_BEGIN|[10]|c|Employee_Skills__c|true|false
07:08:09.0 (17068424)|VARIABLE_ASSIGNMENT|[10]|c|{"s":1,"v":{"Id":"a0C360000003XRiEAM","Name":"Tomato"}}|0x726dde8
07:08:09.0 (17071546)|STATEMENT_EXECUTE|[10]
07:08:09.0 (17072607)|STATEMENT_EXECUTE|[12]
07:08:09.0 (17091582)|VARIABLE_ASSIGNMENT|[EXTERNAL]|this|{"skillsList":"0x16629e5e"}|0x11a186af
07:08:09.0 (17101365)|HEAP_ALLOCATE|[12]|Bytes:12
07:08:09.0 (17109002)|CONSTRUCTOR_ENTRY|[12]|01p360000072SS3|<init>(Employee_Skills__c)
07:08:09.0 (17112733)|VARIABLE_SCOPE_BEGIN|[64]|this|WrapperEmployeeSkills.wEmployee|true|false
07:08:09.0 (17124641)|VARIABLE_ASSIGNMENT|[64]|this|{}|0x64de6d40
07:08:09.0 (17127188)|VARIABLE_SCOPE_BEGIN|[64]|s|Employee_Skills__c|true|false
07:08:09.0 (17136324)|VARIABLE_ASSIGNMENT|[64]|s|{"s":1,"v":{"Id":"a0C360000003XRiEAM","Name":"Tomato"}}|0x726dde8
07:08:09.0 (17139305)|STATEMENT_EXECUTE|[59]
07:08:09.0 (17140443)|STATEMENT_EXECUTE|[60]
07:08:09.0 (17141413)|STATEMENT_EXECUTE|[61]
07:08:09.0 (17151527)|STATEMENT_EXECUTE|[64]
07:08:09.0 (17152983)|STATEMENT_EXECUTE|[65]
07:08:09.0 (17167731)|VARIABLE_ASSIGNMENT|[EXTERNAL]|this|{}|0x64de6d40
07:08:09.0 (17176937)|VARIABLE_ASSIGNMENT|[EXTERNAL]|value|{"s":1,"v":{"Id":"a0C360000003XRiEAM","Name":"Tomato"}}|0x726dde8
07:08:09.0 (17186981)|VARIABLE_ASSIGNMENT|[60]|this.skill|{"s":1,"v":{"Id":"a0C360000003XRiEAM","Name":"Tomato"}}|0x64de6d40
07:08:09.0 (17193106)|STATEMENT_EXECUTE|[66]
07:08:09.0 (17209834)|VARIABLE_ASSIGNMENT|[EXTERNAL]|this|{"skill":"0x726dde8"}|0x64de6d40
07:08:09.0 (17215867)|VARIABLE_ASSIGNMENT|[EXTERNAL]|value|false
07:08:09.0 (17219421)|HEAP_ALLOCATE|[61]|Bytes:5
07:08:09.0 (17229204)|VARIABLE_ASSIGNMENT|[61]|this.selected|false|0x64de6d40
07:08:09.0 (17239788)|CONSTRUCTOR_EXIT|[12]|01p360000072SS3|<init>(Employee_Skills__c)
07:08:09.0 (17248353)|HEAP_ALLOCATE|[EXTERNAL]|Bytes:4
07:08:09.0 (17256527)|METHOD_ENTRY|[10]||Database.QueryLocatorIterator.hasNext()
07:08:09.0 (17275371)|METHOD_EXIT|[10]||Database.QueryLocatorIterator.hasNext()
07:08:09.0 (17280048)|METHOD_ENTRY|[10]||Database.QueryLocatorIterator.next()
07:08:09.0 (17338252)|METHOD_EXIT|[10]||Database.QueryLocatorIterator.next()
07:08:09.0 (17343997)|VARIABLE_SCOPE_BEGIN|[10]|c|Employee_Skills__c|true|false
07:08:09.0 (17357474)|VARIABLE_ASSIGNMENT|[10]|c|{"s":1,"v":{"Id":"a0C360000003YCSEA2","Name":"Enpl"}}|0x572bdcc9
07:08:09.0 (17360177)|STATEMENT_EXECUTE|[10]
07:08:09.0 (17361307)|STATEMENT_EXECUTE|[12]
07:08:09.0 (17379992)|VARIABLE_ASSIGNMENT|[EXTERNAL]|this|{"skillsList":"0x16629e5e"}|0x11a186af
07:08:09.0 (17390033)|HEAP_ALLOCATE|[12]|Bytes:12
07:08:09.0 (17397475)|CONSTRUCTOR_ENTRY|[12]|01p360000072SS3|<init>(Employee_Skills__c)
07:08:09.0 (17401211)|VARIABLE_SCOPE_BEGIN|[64]|this|WrapperEmployeeSkills.wEmployee|true|false
07:08:09.0 (17413239)|VARIABLE_ASSIGNMENT|[64]|this|{}|0x3f97bd73
07:08:09.0 (17415509)|VARIABLE_SCOPE_BEGIN|[64]|s|Employee_Skills__c|true|false
07:08:09.0 (17424337)|VARIABLE_ASSIGNMENT|[64]|s|{"s":1,"v":{"Id":"a0C360000003YCSEA2","Name":"Enpl"}}|0x572bdcc9
07:08:09.0 (17427471)|STATEMENT_EXECUTE|[59]
07:08:09.0 (17428579)|STATEMENT_EXECUTE|[60]
07:08:09.0 (17429761)|STATEMENT_EXECUTE|[61]
07:08:09.0 (17439832)|STATEMENT_EXECUTE|[64]
07:08:09.0 (17441277)|STATEMENT_EXECUTE|[65]
07:08:09.0 (17456499)|VARIABLE_ASSIGNMENT|[EXTERNAL]|this|{}|0x3f97bd73
07:08:09.0 (17465725)|VARIABLE_ASSIGNMENT|[EXTERNAL]|value|{"s":1,"v":{"Id":"a0C360000003YCSEA2","Name":"Enpl"}}|0x572bdcc9
07:08:09.0 (17476095)|VARIABLE_ASSIGNMENT|[60]|this.skill|{"s":1,"v":{"Id":"a0C360000003YCSEA2","Name":"Enpl"}}|0x3f97bd73
07:08:09.0 (17482216)|STATEMENT_EXECUTE|[66]
07:08:09.0 (17498955)|VARIABLE_ASSIGNMENT|[EXTERNAL]|this|{"skill":"0x572bdcc9"}|0x3f97bd73
07:08:09.0 (17505086)|VARIABLE_ASSIGNMENT|[EXTERNAL]|value|false
07:08:09.0 (17508624)|HEAP_ALLOCATE|[61]|Bytes:5
07:08:09.0 (17514514)|VARIABLE_ASSIGNMENT|[61]|this.selected|false|0x3f97bd73
07:08:09.0 (17524039)|CONSTRUCTOR_EXIT|[12]|01p360000072SS3|<init>(Employee_Skills__c)
07:08:09.0 (17532226)|HEAP_ALLOCATE|[EXTERNAL]|Bytes:4
07:08:09.0 (17540197)|METHOD_ENTRY|[10]||Database.QueryLocatorIterator.hasNext()
07:08:09.0 (17559003)|METHOD_EXIT|[10]||Database.QueryLocatorIterator.hasNext()
07:08:09.0 (17563547)|METHOD_ENTRY|[10]||Database.QueryLocatorIterator.next()
07:08:09.0 (17620424)|METHOD_EXIT|[10]||Database.QueryLocatorIterator.next()
07:08:09.0 (17626005)|VARIABLE_SCOPE_BEGIN|[10]|c|Employee_Skills__c|true|false
07:08:09.0 (17639426)|VARIABLE_ASSIGNMENT|[10]|c|{"s":1,"v":{"Id":"a0C360000003XRnEAM","Name":"potato"}}|0xe6ffef4
07:08:09.0 (17642352)|STATEMENT_EXECUTE|[10]
07:08:09.0 (17643570)|STATEMENT_EXECUTE|[12]
07:08:09.0 (17662017)|VARIABLE_ASSIGNMENT|[EXTERNAL]|this|{"skillsList":"0x16629e5e"}|0x11a186af
07:08:09.0 (17671588)|HEAP_ALLOCATE|[12]|Bytes:12
07:08:09.0 (17679090)|CONSTRUCTOR_ENTRY|[12]|01p360000072SS3|<init>(Employee_Skills__c)
07:08:09.0 (17682952)|VARIABLE_SCOPE_BEGIN|[64]|this|WrapperEmployeeSkills.wEmployee|true|false
07:08:09.0 (17694584)|VARIABLE_ASSIGNMENT|[64]|this|{}|0x194c3614
07:08:09.0 (17696798)|VARIABLE_SCOPE_BEGIN|[64]|s|Employee_Skills__c|true|false
07:08:09.0 (17705645)|VARIABLE_ASSIGNMENT|[64]|s|{"s":1,"v":{"Id":"a0C360000003XRnEAM","Name":"potato"}}|0xe6ffef4
07:08:09.0 (17708542)|STATEMENT_EXECUTE|[59]
07:08:09.0 (17709700)|STATEMENT_EXECUTE|[60]
07:08:09.0 (17710669)|STATEMENT_EXECUTE|[61]
07:08:09.0 (17720780)|STATEMENT_EXECUTE|[64]
07:08:09.0 (17722224)|STATEMENT_EXECUTE|[65]
07:08:09.0 (17736868)|VARIABLE_ASSIGNMENT|[EXTERNAL]|this|{}|0x194c3614
07:08:09.0 (17745981)|VARIABLE_ASSIGNMENT|[EXTERNAL]|value|{"s":1,"v":{"Id":"a0C360000003XRnEAM","Name":"potato"}}|0xe6ffef4
07:08:09.0 (17756849)|VARIABLE_ASSIGNMENT|[60]|this.skill|{"s":1,"v":{"Id":"a0C360000003XRnEAM","Name":"potato"}}|0x194c3614
07:08:09.0 (17762928)|STATEMENT_EXECUTE|[66]
07:08:09.0 (17779148)|VARIABLE_ASSIGNMENT|[EXTERNAL]|this|{"skill":"0xe6ffef4"}|0x194c3614
07:08:09.0 (17785032)|VARIABLE_ASSIGNMENT|[EXTERNAL]|value|false
07:08:09.0 (17788528)|HEAP_ALLOCATE|[61]|Bytes:5
07:08:09.0 (17794237)|VARIABLE_ASSIGNMENT|[61]|this.selected|false|0x194c3614
07:08:09.0 (17803586)|CONSTRUCTOR_EXIT|[12]|01p360000072SS3|<init>(Employee_Skills__c)
07:08:09.0 (17811841)|HEAP_ALLOCATE|[EXTERNAL]|Bytes:4
07:08:09.0 (17819796)|METHOD_ENTRY|[10]||Database.QueryLocatorIterator.hasNext()
07:08:09.0 (17838172)|METHOD_EXIT|[10]||Database.QueryLocatorIterator.hasNext()
07:08:09.0 (17842634)|METHOD_ENTRY|[10]||Database.QueryLocatorIterator.next()
07:08:09.0 (17899569)|METHOD_EXIT|[10]||Database.QueryLocatorIterator.next()
07:08:09.0 (17905560)|VARIABLE_SCOPE_BEGIN|[10]|c|Employee_Skills__c|true|false
07:08:09.0 (17918928)|VARIABLE_ASSIGNMENT|[10]|c|{"s":1,"v":{"Id":"a0C360000003XTFEA2","Name":"ef"}}|0x10886c60
07:08:09.0 (17921602)|STATEMENT_EXECUTE|[10]
07:08:09.0 (17922722)|STATEMENT_EXECUTE|[12]
07:08:09.0 (17941431)|VARIABLE_ASSIGNMENT|[EXTERNAL]|this|{"skillsList":"0x16629e5e"}|0x11a186af
07:08:09.0 (17951306)|HEAP_ALLOCATE|[12]|Bytes:12
07:08:09.0 (17958748)|CONSTRUCTOR_ENTRY|[12]|01p360000072SS3|<init>(Employee_Skills__c)
07:08:09.0 (17962472)|VARIABLE_SCOPE_BEGIN|[64]|this|WrapperEmployeeSkills.wEmployee|true|false
07:08:09.0 (17975121)|VARIABLE_ASSIGNMENT|[64]|this|{}|0x12f63727
07:08:09.0 (17977353)|VARIABLE_SCOPE_BEGIN|[64]|s|Employee_Skills__c|true|false
07:08:09.0 (17986137)|VARIABLE_ASSIGNMENT|[64]|s|{"s":1,"v":{"Id":"a0C360000003XTFEA2","Name":"ef"}}|0x10886c60
07:08:09.0 (17989043)|STATEMENT_EXECUTE|[59]
07:08:09.0 (17990163)|STATEMENT_EXECUTE|[60]
07:08:09.0 (17991170)|STATEMENT_EXECUTE|[61]
07:08:09.0 (18001084)|STATEMENT_EXECUTE|[64]
07:08:09.0 (18003442)|STATEMENT_EXECUTE|[65]
07:08:09.0 (18018579)|VARIABLE_ASSIGNMENT|[EXTERNAL]|this|{}|0x12f63727
07:08:09.0 (18027805)|VARIABLE_ASSIGNMENT|[EXTERNAL]|value|{"s":1,"v":{"Id":"a0C360000003XTFEA2","Name":"ef"}}|0x10886c60
07:08:09.0 (18038005)|VARIABLE_ASSIGNMENT|[60]|this.skill|{"s":1,"v":{"Id":"a0C360000003XTFEA2","Name":"ef"}}|0x12f63727
07:08:09.0 (18044393)|STATEMENT_EXECUTE|[66]
07:08:09.0 (18060964)|VARIABLE_ASSIGNMENT|[EXTERNAL]|this|{"skill":"0x10886c60"}|0x12f63727
07:08:09.0 (18066885)|VARIABLE_ASSIGNMENT|[EXTERNAL]|value|false
07:08:09.0 (18070432)|HEAP_ALLOCATE|[61]|Bytes:5
07:08:09.0 (18076680)|VARIABLE_ASSIGNMENT|[61]|this.selected|false|0x12f63727
07:08:09.0 (18086288)|CONSTRUCTOR_EXIT|[12]|01p360000072SS3|<init>(Employee_Skills__c)
07:08:09.0 (18094663)|HEAP_ALLOCATE|[EXTERNAL]|Bytes:4
07:08:09.0 (18102687)|METHOD_ENTRY|[10]||Database.QueryLocatorIterator.hasNext()
07:08:09.0 (18121361)|METHOD_EXIT|[10]||Database.QueryLocatorIterator.hasNext()
07:08:09.0 (18125836)|METHOD_ENTRY|[10]||Database.QueryLocatorIterator.next()
07:08:09.0 (18182979)|METHOD_EXIT|[10]||Database.QueryLocatorIterator.next()
07:08:09.0 (18188583)|VARIABLE_SCOPE_BEGIN|[10]|c|Employee_Skills__c|true|false
07:08:09.0 (18201955)|VARIABLE_ASSIGNMENT|[10]|c|{"s":1,"v":{"Id":"a0C360000003XTGEA2","Name":"frgt"}}|0x639ff3d3
07:08:09.0 (18204717)|STATEMENT_EXECUTE|[10]
07:08:09.0 (18205786)|STATEMENT_EXECUTE|[12]
07:08:09.0 (18224224)|VARIABLE_ASSIGNMENT|[EXTERNAL]|this|{"skillsList":"0x16629e5e"}|0x11a186af
07:08:09.0 (18238244)|HEAP_ALLOCATE|[12]|Bytes:12
07:08:09.0 (18245894)|CONSTRUCTOR_ENTRY|[12]|01p360000072SS3|<init>(Employee_Skills__c)
07:08:09.0 (18249625)|VARIABLE_SCOPE_BEGIN|[64]|this|WrapperEmployeeSkills.wEmployee|true|false
07:08:09.0 (18262519)|VARIABLE_ASSIGNMENT|[64]|this|{}|0x1b1b8522
07:08:09.0 (18264795)|VARIABLE_SCOPE_BEGIN|[64]|s|Employee_Skills__c|true|false
07:08:09.0 (18273796)|VARIABLE_ASSIGNMENT|[64]|s|{"s":1,"v":{"Id":"a0C360000003XTGEA2","Name":"frgt"}}|0x639ff3d3
07:08:09.0 (18276838)|STATEMENT_EXECUTE|[59]
07:08:09.0 (18277999)|STATEMENT_EXECUTE|[60]
07:08:09.0 (18279374)|STATEMENT_EXECUTE|[61]
07:08:09.0 (18289483)|STATEMENT_EXECUTE|[64]
07:08:09.0 (18290933)|STATEMENT_EXECUTE|[65]
07:08:09.0 (18306119)|VARIABLE_ASSIGNMENT|[EXTERNAL]|this|{}|0x1b1b8522
07:08:09.0 (18315506)|VARIABLE_ASSIGNMENT|[EXTERNAL]|value|{"s":1,"v":{"Id":"a0C360000003XTGEA2","Name":"frgt"}}|0x639ff3d3
07:08:09.0 (18325781)|VARIABLE_ASSIGNMENT|[60]|this.skill|{"s":1,"v":{"Id":"a0C360000003XTGEA2","Name":"frgt"}}|0x1b1b8522
07:08:09.0 (18332383)|STATEMENT_EXECUTE|[66]
07:08:09.0 (18349340)|VARIABLE_ASSIGNMENT|[EXTERNAL]|this|{"skill":"0x639ff3d3"}|0x1b1b8522
07:08:09.0 (18355267)|VARIABLE_ASSIGNMENT|[EXTERNAL]|value|false
07:08:09.0 (18358792)|HEAP_ALLOCATE|[61]|Bytes:5
07:08:09.0 (18364865)|VARIABLE_ASSIGNMENT|[61]|this.selected|false|0x1b1b8522
07:08:09.0 (18374600)|CONSTRUCTOR_EXIT|[12]|01p360000072SS3|<init>(Employee_Skills__c)
07:08:09.0 (18383270)|HEAP_ALLOCATE|[EXTERNAL]|Bytes:4
07:08:09.0 (18391513)|METHOD_ENTRY|[10]||Database.QueryLocatorIterator.hasNext()
07:08:09.0 (18410341)|METHOD_EXIT|[10]||Database.QueryLocatorIterator.hasNext()
07:08:09.0 (18415011)|METHOD_ENTRY|[10]||Database.QueryLocatorIterator.next()
07:08:09.0 (18472114)|METHOD_EXIT|[10]||Database.QueryLocatorIterator.next()
07:08:09.0 (18478220)|VARIABLE_SCOPE_BEGIN|[10]|c|Employee_Skills__c|true|false
07:08:09.0 (18491628)|VARIABLE_ASSIGNMENT|[10]|c|{"s":1,"v":{"Id":"a0C360000003YGkEAM","Name":"Robert"}}|0x48a3114d
07:08:09.0 (18494471)|STATEMENT_EXECUTE|[10]
07:08:09.0 (18495586)|STATEMENT_EXECUTE|[12]
07:08:09.0 (18514357)|VARIABLE_ASSIGNMENT|[EXTERNAL]|this|{"skillsList":"0x16629e5e"}|0x11a186af
07:08:09.0 (18528066)|HEAP_ALLOCATE|[12]|Bytes:12
07:08:09.0 (18536046)|CONSTRUCTOR_ENTRY|[12]|01p360000072SS3|<init>(Employee_Skills__c)
07:08:09.0 (18539844)|VARIABLE_SCOPE_BEGIN|[64]|this|WrapperEmployeeSkills.wEmployee|true|false
07:08:09.0 (18552296)|VARIABLE_ASSIGNMENT|[64]|this|{}|0x6b4f4871
07:08:09.0 (18554502)|VARIABLE_SCOPE_BEGIN|[64]|s|Employee_Skills__c|true|false
07:08:09.0 (18567215)|VARIABLE_ASSIGNMENT|[64]|s|{"s":1,"v":{"Id":"a0C360000003YGkEAM","Name":"Robert"}}|0x48a3114d
07:08:09.0 (18570357)|STATEMENT_EXECUTE|[59]
07:08:09.0 (18571494)|STATEMENT_EXECUTE|[60]
07:08:09.0 (18572517)|STATEMENT_EXECUTE|[61]
07:08:09.0 (18583016)|STATEMENT_EXECUTE|[64]
07:08:09.0 (18584541)|STATEMENT_EXECUTE|[65]
07:08:09.0 (18600079)|VARIABLE_ASSIGNMENT|[EXTERNAL]|this|{}|0x6b4f4871
07:08:09.0 (18609349)|VARIABLE_ASSIGNMENT|[EXTERNAL]|value|{"s":1,"v":{"Id":"a0C360000003YGkEAM","Name":"Robert"}}|0x48a3114d
07:08:09.0 (18619707)|VARIABLE_ASSIGNMENT|[60]|this.skill|{"s":1,"v":{"Id":"a0C360000003YGkEAM","Name":"Robert"}}|0x6b4f4871
07:08:09.0 (18625976)|STATEMENT_EXECUTE|[66]
07:08:09.0 (18642953)|VARIABLE_ASSIGNMENT|[EXTERNAL]|this|{"skill":"0x48a3114d"}|0x6b4f4871
07:08:09.0 (18648961)|VARIABLE_ASSIGNMENT|[EXTERNAL]|value|false
07:08:09.0 (18652438)|HEAP_ALLOCATE|[61]|Bytes:5
07:08:09.0 (18658332)|VARIABLE_ASSIGNMENT|[61]|this.selected|false|0x6b4f4871
07:08:09.0 (18667783)|CONSTRUCTOR_EXIT|[12]|01p360000072SS3|<init>(Employee_Skills__c)
07:08:09.0 (18676346)|HEAP_ALLOCATE|[EXTERNAL]|Bytes:4
07:08:09.0 (18684677)|METHOD_ENTRY|[10]||Database.QueryLocatorIterator.hasNext()
07:08:09.0 (18703439)|METHOD_EXIT|[10]||Database.QueryLocatorIterator.hasNext()
07:08:09.0 (18707940)|METHOD_ENTRY|[10]||Database.QueryLocatorIterator.next()
07:08:09.0 (18764897)|METHOD_EXIT|[10]||Database.QueryLocatorIterator.next()
07:08:09.0 (18770823)|VARIABLE_SCOPE_BEGIN|[10]|c|Employee_Skills__c|true|false
07:08:09.0 (18784121)|VARIABLE_ASSIGNMENT|[10]|c|{"s":1,"v":{"Id":"a0C360000003XRTEA2","Name":"logo"}}|0x77522fa0
07:08:09.0 (18786736)|STATEMENT_EXECUTE|[10]
07:08:09.0 (18787819)|STATEMENT_EXECUTE|[12]
07:08:09.0 (18806349)|VARIABLE_ASSIGNMENT|[EXTERNAL]|this|{"skillsList":"0x16629e5e"}|0x11a186af
07:08:09.0 (18816102)|HEAP_ALLOCATE|[12]|Bytes:12
07:08:09.0 (18823552)|CONSTRUCTOR_ENTRY|[12]|01p360000072SS3|<init>(Employee_Skills__c)
07:08:09.0 (18827286)|VARIABLE_SCOPE_BEGIN|[64]|this|WrapperEmployeeSkills.wEmployee|true|false
07:08:09.0 (18839737)|VARIABLE_ASSIGNMENT|[64]|this|{}|0x302786fd
07:08:09.0 (18841927)|VARIABLE_SCOPE_BEGIN|[64]|s|Employee_Skills__c|true|false
07:08:09.0 (18850864)|VARIABLE_ASSIGNMENT|[64]|s|{"s":1,"v":{"Id":"a0C360000003XRTEA2","Name":"logo"}}|0x77522fa0
07:08:09.0 (18853914)|STATEMENT_EXECUTE|[59]
07:08:09.0 (18855073)|STATEMENT_EXECUTE|[60]
07:08:09.0 (18856058)|STATEMENT_EXECUTE|[61]
07:08:09.0 (18866280)|STATEMENT_EXECUTE|[64]
07:08:09.0 (18867737)|STATEMENT_EXECUTE|[65]
07:08:09.0 (18882710)|VARIABLE_ASSIGNMENT|[EXTERNAL]|this|{}|0x302786fd
07:08:09.0 (18891867)|VARIABLE_ASSIGNMENT|[EXTERNAL]|value|{"s":1,"v":{"Id":"a0C360000003XRTEA2","Name":"logo"}}|0x77522fa0
07:08:09.0 (18901992)|VARIABLE_ASSIGNMENT|[60]|this.skill|{"s":1,"v":{"Id":"a0C360000003XRTEA2","Name":"logo"}}|0x302786fd
07:08:09.0 (18908129)|STATEMENT_EXECUTE|[66]
07:08:09.0 (18924796)|VARIABLE_ASSIGNMENT|[EXTERNAL]|this|{"skill":"0x77522fa0"}|0x302786fd
07:08:09.0 (18930658)|VARIABLE_ASSIGNMENT|[EXTERNAL]|value|false
07:08:09.0 (18934420)|HEAP_ALLOCATE|[61]|Bytes:5
07:08:09.0 (18940388)|VARIABLE_ASSIGNMENT|[61]|this.selected|false|0x302786fd
07:08:09.0 (18949842)|CONSTRUCTOR_EXIT|[12]|01p360000072SS3|<init>(Employee_Skills__c)
07:08:09.0 (18958218)|HEAP_ALLOCATE|[EXTERNAL]|Bytes:4
07:08:09.0 (18966077)|METHOD_ENTRY|[10]||Database.QueryLocatorIterator.hasNext()
07:08:09.0 (18984739)|METHOD_EXIT|[10]||Database.QueryLocatorIterator.hasNext()
07:08:09.0 (18989402)|METHOD_ENTRY|[10]||Database.QueryLocatorIterator.next()
07:08:09.0 (19046745)|METHOD_EXIT|[10]||Database.QueryLocatorIterator.next()
07:08:09.0 (19053332)|VARIABLE_SCOPE_BEGIN|[10]|c|Employee_Skills__c|true|false
07:08:09.0 (19066993)|VARIABLE_ASSIGNMENT|[10]|c|{"s":1,"v":{"Id":"a0C360000003sIHEAY","Name":"Test Skill"}}|0x60ded0cd
07:08:09.0 (19069765)|STATEMENT_EXECUTE|[10]
07:08:09.0 (19070868)|STATEMENT_EXECUTE|[12]
07:08:09.0 (19089622)|VARIABLE_ASSIGNMENT|[EXTERNAL]|this|{"skillsList":"0x16629e5e"}|0x11a186af
07:08:09.0 (19099472)|HEAP_ALLOCATE|[12]|Bytes:12
07:08:09.0 (19107032)|CONSTRUCTOR_ENTRY|[12]|01p360000072SS3|<init>(Employee_Skills__c)
07:08:09.0 (19111156)|VARIABLE_SCOPE_BEGIN|[64]|this|WrapperEmployeeSkills.wEmployee|true|false
07:08:09.0 (19123089)|VARIABLE_ASSIGNMENT|[64]|this|{}|0x71c30067
07:08:09.0 (19125367)|VARIABLE_SCOPE_BEGIN|[64]|s|Employee_Skills__c|true|false
07:08:09.0 (19134509)|VARIABLE_ASSIGNMENT|[64]|s|{"s":1,"v":{"Id":"a0C360000003sIHEAY","Name":"Test Skill"}}|0x60ded0cd
07:08:09.0 (19137486)|STATEMENT_EXECUTE|[59]
07:08:09.0 (19139039)|STATEMENT_EXECUTE|[60]
07:08:09.0 (19140026)|STATEMENT_EXECUTE|[61]
07:08:09.0 (19150116)|STATEMENT_EXECUTE|[64]
07:08:09.0 (19151637)|STATEMENT_EXECUTE|[65]
07:08:09.0 (19166694)|VARIABLE_ASSIGNMENT|[EXTERNAL]|this|{}|0x71c30067
07:08:09.0 (19175976)|VARIABLE_ASSIGNMENT|[EXTERNAL]|value|{"s":1,"v":{"Id":"a0C360000003sIHEAY","Name":"Test Skill"}}|0x60ded0cd
07:08:09.0 (19186359)|VARIABLE_ASSIGNMENT|[60]|this.skill|{"s":1,"v":{"Id":"a0C360000003sIHEAY","Name":"Test Skill"}}|0x71c30067
07:08:09.0 (19192682)|STATEMENT_EXECUTE|[66]
07:08:09.0 (19209171)|VARIABLE_ASSIGNMENT|[EXTERNAL]|this|{"skill":"0x60ded0cd"}|0x71c30067
07:08:09.0 (19215093)|VARIABLE_ASSIGNMENT|[EXTERNAL]|value|false
07:08:09.0 (19218607)|HEAP_ALLOCATE|[61]|Bytes:5
07:08:09.0 (19224216)|VARIABLE_ASSIGNMENT|[61]|this.selected|false|0x71c30067
07:08:09.0 (19239167)|CONSTRUCTOR_EXIT|[12]|01p360000072SS3|<init>(Employee_Skills__c)
07:08:09.0 (19248091)|HEAP_ALLOCATE|[EXTERNAL]|Bytes:4
07:08:09.0 (19256206)|METHOD_ENTRY|[10]||Database.QueryLocatorIterator.hasNext()
07:08:09.0 (19269207)|METHOD_EXIT|[10]||Database.QueryLocatorIterator.hasNext()
07:08:09.0 (19276096)|VARIABLE_ASSIGNMENT|[10]|c|null|
07:08:09.0 (19297410)|STATEMENT_EXECUTE|[15]
07:08:09.0 (19328340)|VARIABLE_ASSIGNMENT|[EXTERNAL]|this|{"skillsList":"0x16629e5e"}|0x11a186af
07:08:09.0 (19342554)|SYSTEM_MODE_EXIT|false
07:08:09.0 (19353849)|CODE_UNIT_FINISHED|WrapperEmployeeSkills invoke(getEmployeeSkills)
07:08:09.0 (19373481)|CODE_UNIT_FINISHED|WrapperEmployeeSkills get(EmployeeSkills)
07:08:09.0 (19761575)|CODE_UNIT_STARTED|[EXTERNAL]|01p360000072SS3|skill
07:08:09.0 (19774849)|CODE_UNIT_FINISHED|skill
07:08:09.0 (58644671)|CODE_UNIT_STARTED|[EXTERNAL]|01p360000072SS3|selected
07:08:09.0 (58679477)|CODE_UNIT_FINISHED|selected
07:08:09.0 (59561059)|CODE_UNIT_STARTED|[EXTERNAL]|01p360000072SS3|selected
07:08:09.0 (59575065)|CODE_UNIT_FINISHED|selected
07:08:09.0 (59673048)|CODE_UNIT_STARTED|[EXTERNAL]|01p360000072SS3|skill
07:08:09.0 (59685012)|CODE_UNIT_FINISHED|skill
07:08:09.0 (60144212)|CODE_UNIT_STARTED|[EXTERNAL]|01p360000072SS3|selected
07:08:09.0 (60157584)|CODE_UNIT_FINISHED|selected
07:08:09.0 (60254537)|CODE_UNIT_STARTED|[EXTERNAL]|01p360000072SS3|skill
07:08:09.0 (60265446)|CODE_UNIT_FINISHED|skill
07:08:09.0 (60775395)|CODE_UNIT_STARTED|[EXTERNAL]|01p360000072SS3|selected
07:08:09.0 (60807520)|CODE_UNIT_FINISHED|selected
07:08:09.0 (60931904)|CODE_UNIT_STARTED|[EXTERNAL]|01p360000072SS3|skill
07:08:09.0 (60943172)|CODE_UNIT_FINISHED|skill
07:08:09.0 (61438374)|CODE_UNIT_STARTED|[EXTERNAL]|01p360000072SS3|selected
07:08:09.0 (61451094)|CODE_UNIT_FINISHED|selected
07:08:09.0 (61542368)|CODE_UNIT_STARTED|[EXTERNAL]|01p360000072SS3|skill
07:08:09.0 (61552879)|CODE_UNIT_FINISHED|skill
07:08:09.0 (62000049)|CODE_UNIT_STARTED|[EXTERNAL]|01p360000072SS3|selected
07:08:09.0 (62012224)|CODE_UNIT_FINISHED|selected
07:08:09.0 (62102783)|CODE_UNIT_STARTED|[EXTERNAL]|01p360000072SS3|skill
07:08:09.0 (62113282)|CODE_UNIT_FINISHED|skill
07:08:09.0 (62563944)|CODE_UNIT_STARTED|[EXTERNAL]|01p360000072SS3|selected
07:08:09.0 (62575385)|CODE_UNIT_FINISHED|selected
07:08:09.0 (62665136)|CODE_UNIT_STARTED|[EXTERNAL]|01p360000072SS3|skill
07:08:09.0 (62675629)|CODE_UNIT_FINISHED|skill
07:08:09.0 (63119777)|CODE_UNIT_STARTED|[EXTERNAL]|01p360000072SS3|selected
07:08:09.0 (63131556)|CODE_UNIT_FINISHED|selected
07:08:09.0 (63220881)|CODE_UNIT_STARTED|[EXTERNAL]|01p360000072SS3|skill
07:08:09.0 (63235448)|CODE_UNIT_FINISHED|skill
07:08:09.0 (63683404)|CODE_UNIT_STARTED|[EXTERNAL]|01p360000072SS3|selected
07:08:09.0 (63694603)|CODE_UNIT_FINISHED|selected
07:08:09.0 (63784497)|CODE_UNIT_STARTED|[EXTERNAL]|01p360000072SS3|skill
07:08:09.0 (63794711)|CODE_UNIT_FINISHED|skill
07:08:09.0 (64238051)|CODE_UNIT_STARTED|[EXTERNAL]|01p360000072SS3|selected
07:08:09.0 (64250012)|CODE_UNIT_FINISHED|selected
07:08:09.0 (64339532)|CODE_UNIT_STARTED|[EXTERNAL]|01p360000072SS3|skill
07:08:09.0 (64349679)|CODE_UNIT_FINISHED|skill
07:08:09.0 (64789621)|CODE_UNIT_STARTED|[EXTERNAL]|01p360000072SS3|selected
07:08:09.0 (64800348)|CODE_UNIT_FINISHED|selected
07:08:09.0 (64889669)|CODE_UNIT_STARTED|[EXTERNAL]|01p360000072SS3|skill
07:08:09.0 (64899829)|CODE_UNIT_FINISHED|skill
07:08:09.0 (65348518)|CODE_UNIT_STARTED|[EXTERNAL]|01p360000072SS3|selected
07:08:09.0 (65360115)|CODE_UNIT_FINISHED|selected
07:08:09.0 (65449247)|CODE_UNIT_STARTED|[EXTERNAL]|01p360000072SS3|skill
07:08:09.0 (65459607)|CODE_UNIT_FINISHED|skill
07:08:09.0 (65904341)|CODE_UNIT_STARTED|[EXTERNAL]|01p360000072SS3|selected
07:08:09.0 (65915735)|CODE_UNIT_FINISHED|selected
07:08:09.0 (66004559)|CODE_UNIT_STARTED|[EXTERNAL]|01p360000072SS3|skill
07:08:09.0 (66015779)|CODE_UNIT_FINISHED|skill
07:08:09.0 (68918973)|VF_SERIALIZE_VIEWSTATE_BEGIN|06636000001VcbV
07:08:09.0 (80259365)|VF_SERIALIZE_VIEWSTATE_END
07:08:09.0 (86647345)|CODE_UNIT_STARTED|[EXTERNAL]|Generate Metadata
07:08:09.0 (89111233)|CODE_UNIT_FINISHED|Generate Metadata
07:08:09.93 (93397289)|CUMULATIVE_LIMIT_USAGE
07:08:09.93 (93397289)|LIMIT_USAGE_FOR_NS|(default)|
  Number of SOQL queries: 1 out of 100
  Number of query rows: 13 out of 50000
  Number of SOSL queries: 0 out of 20
  Number of DML statements: 0 out of 150
  Number of DML rows: 0 out of 10000
  Maximum CPU time: 0 out of 10000
  Maximum heap size: 0 out of 6000000
  Number of callouts: 0 out of 100
  Number of Email Invocations: 0 out of 10
  Number of future calls: 0 out of 50
  Number of queueable jobs added to the queue: 0 out of 50
  Number of Mobile Apex push calls: 0 out of 10

07:08:09.93 (93397289)|CUMULATIVE_LIMIT_USAGE_END

07:08:09.0 (93449835)|CODE_UNIT_FINISHED|VF: /apex/AprooveWraper
07:08:09.0 (94439608)|EXECUTION_FINISHED
