36.0 APEX_CODE,FINEST;APEX_PROFILING,INFO;CALLOUT,INFO;DB,INFO;SYSTEM,DEBUG;VALIDATION,INFO;VISUALFORCE,INFO;WORKFLOW,INFO
12:10:08.0 (85649)|EXECUTION_STARTED
12:10:08.0 (122514)|CODE_UNIT_STARTED|[EXTERNAL]|VisualForce View State
12:10:08.0 (6998816)|CODE_UNIT_FINISHED|VisualForce View State
12:10:08.0 (8105660)|EXECUTION_FINISHED
12:10:08.10 (10855245)|EXECUTION_STARTED
12:10:08.10 (10864765)|CODE_UNIT_STARTED|[EXTERNAL]|VF: /apex/editStaticResource.apexp
12:10:08.10 (12710740)|HEAP_ALLOCATE|[EXTERNAL]|Bytes:-4
12:10:08.12 (12904512)|HEAP_ALLOCATE|[EXTERNAL]|Bytes:-4
12:10:08.14 (14836325)|HEAP_ALLOCATE|[EXTERNAL]|Bytes:-4
12:10:08.15 (15007058)|HEAP_ALLOCATE|[EXTERNAL]|Bytes:-4
12:10:08.15 (15448374)|SYSTEM_MODE_ENTER|false
12:10:08.15 (65831208)|HEAP_ALLOCATE|[EXTERNAL]|Bytes:-4
12:10:08.69 (69503610)|CUMULATIVE_LIMIT_USAGE
12:10:08.69 (69503610)|LIMIT_USAGE_FOR_NS|(default)|
  Number of SOQL queries: 0 out of 100
  Number of query rows: 0 out of 50000
  Number of SOSL queries: 0 out of 20
  Number of DML statements: 0 out of 150
  Number of DML rows: 0 out of 10000
  Maximum CPU time: 0 out of 10000
  Maximum heap size: 0 out of 6000000
  Number of callouts: 0 out of 100
  Number of Email Invocations: 0 out of 10
  Number of future calls: 0 out of 50
  Number of queueable jobs added to the queue: 0 out of 50
  Number of Mobile Apex push calls: 0 out of 10

12:10:08.69 (69503610)|CUMULATIVE_LIMIT_USAGE_END

12:10:08.10 (69576864)|CODE_UNIT_FINISHED|VF: /apex/editStaticResource.apexp
12:10:08.10 (71006719)|EXECUTION_FINISHED
