36.0 APEX_CODE,FINEST;APEX_PROFILING,INFO;CALLOUT,INFO;DB,INFO;SYSTEM,DEBUG;VALIDATION,INFO;VISUALFORCE,INFO;WORKFLOW,INFO
06:27:52.0 (87576)|EXECUTION_STARTED
06:27:52.0 (125096)|CODE_UNIT_STARTED|[EXTERNAL]|06636000002n7XB|VF: /apex/DraftsToPersonTable
06:27:52.0 (3477024)|CODE_UNIT_STARTED|[EXTERNAL]|01p360000074pQr|DraftsToPersons <init>
06:27:52.0 (3515821)|SYSTEM_MODE_ENTER|true
06:27:52.0 (4022106)|HEAP_ALLOCATE|[72]|Bytes:3
06:27:52.0 (4118923)|HEAP_ALLOCATE|[77]|Bytes:152
06:27:52.0 (4162236)|HEAP_ALLOCATE|[342]|Bytes:408
06:27:52.0 (4191386)|HEAP_ALLOCATE|[355]|Bytes:408
06:27:52.0 (4212239)|HEAP_ALLOCATE|[467]|Bytes:48
06:27:52.0 (4264393)|HEAP_ALLOCATE|[139]|Bytes:6
06:27:52.0 (4391860)|HEAP_ALLOCATE|[EXTERNAL]|Bytes:10
06:27:52.0 (4406540)|HEAP_ALLOCATE|[EXTERNAL]|Bytes:140
06:27:52.0 (4411636)|HEAP_ALLOCATE|[EXTERNAL]|Bytes:21
06:27:52.0 (4442369)|METHOD_ENTRY|[1]|01p360000074pQr|DraftsToPersons.DraftsToPersons()
06:27:52.0 (4454606)|STATEMENT_EXECUTE|[1]
06:27:52.0 (4470567)|STATEMENT_EXECUTE|[1]
06:27:52.0 (4521082)|HEAP_ALLOCATE|[50]|Bytes:5
06:27:52.0 (4570100)|HEAP_ALLOCATE|[56]|Bytes:5
06:27:52.0 (4596338)|HEAP_ALLOCATE|[64]|Bytes:7
06:27:52.0 (4633331)|SYSTEM_MODE_ENTER|false
06:27:52.0 (4664971)|HEAP_ALLOCATE|[EXTERNAL]|Bytes:5
06:27:52.0 (4672092)|STATEMENT_EXECUTE|[69]
06:27:52.0 (4680852)|SYSTEM_MODE_EXIT|false
06:27:52.0 (4697091)|METHOD_EXIT|[1]|DraftsToPersons
06:27:52.0 (4706402)|HEAP_ALLOCATE|[EXTERNAL]|Bytes:20
06:27:52.0 (4716761)|VARIABLE_SCOPE_BEGIN|[7]|this|DraftsToPersons|true|false
06:27:52.0 (4785110)|VARIABLE_ASSIGNMENT|[7]|this|{}|0x6248bf8
06:27:52.0 (4801191)|SYSTEM_MODE_ENTER|false
06:27:52.0 (4807375)|HEAP_ALLOCATE|[EXTERNAL]|Bytes:5
06:27:52.0 (4812448)|STATEMENT_EXECUTE|[1]
06:27:52.0 (4816350)|HEAP_ALLOCATE|[EXTERNAL]|Bytes:5
06:27:52.0 (4819374)|STATEMENT_EXECUTE|[2]
06:27:52.0 (4821373)|STATEMENT_EXECUTE|[3]
06:27:52.0 (4823314)|STATEMENT_EXECUTE|[4]
06:27:52.0 (4825111)|STATEMENT_EXECUTE|[5]
06:27:52.0 (4836435)|HEAP_ALLOCATE|[EXTERNAL]|Bytes:6
06:27:52.0 (4882994)|STATEMENT_EXECUTE|[8]
06:27:52.0 (4896100)|SYSTEM_MODE_EXIT|false
06:27:52.0 (4925599)|CODE_UNIT_FINISHED|DraftsToPersons <init>
06:27:52.0 (4983503)|CODE_UNIT_STARTED|[EXTERNAL]|01p360000074pQr|DraftsToPersons get(Persons)
06:27:52.0 (4994371)|SYSTEM_MODE_ENTER|true
06:27:52.0 (5023680)|CODE_UNIT_STARTED|[EXTERNAL]|01p360000074pQr|DraftsToPersons invoke(getPersons)
06:27:52.0 (5065129)|HEAP_ALLOCATE|[EXTERNAL]|Bytes:20
06:27:52.0 (5074192)|VARIABLE_SCOPE_BEGIN|[23]|this|DraftsToPersons|true|false
06:27:52.0 (5094743)|VARIABLE_ASSIGNMENT|[23]|this|{}|0x6248bf8
06:27:52.0 (5112375)|SYSTEM_MODE_ENTER|false
06:27:52.0 (5118573)|HEAP_ALLOCATE|[25]|Bytes:5
06:27:52.0 (5123469)|STATEMENT_EXECUTE|[24]
06:27:52.0 (5180956)|VARIABLE_ASSIGNMENT|[EXTERNAL]|this|{}|0x6248bf8
06:27:52.0 (5197934)|STATEMENT_EXECUTE|[26]
06:27:52.0 (5200872)|STATEMENT_EXECUTE|[27]
06:27:52.0 (5205321)|HEAP_ALLOCATE|[27]|Bytes:71
06:27:52.0 (5219345)|HEAP_ALLOCATE|[27]|Bytes:4
06:27:52.0 (5558046)|SOQL_EXECUTE_BEGIN|[27]|Aggregations:0|SELECT id, Name FROM Person__c ORDER BY Name ASC NULLS FIRST LIMIT 1000
06:27:52.0 (8668955)|SOQL_EXECUTE_END|[27]|Rows:2
06:27:52.0 (8698362)|HEAP_ALLOCATE|[27]|Bytes:12
06:27:52.0 (8720658)|HEAP_ALLOCATE|[27]|Bytes:97
06:27:52.0 (8835132)|HEAP_ALLOCATE|[27]|Bytes:12
06:27:52.0 (8877292)|VARIABLE_ASSIGNMENT|[EXTERNAL]|this|{}|0x6248bf8
06:27:52.0 (8918204)|VARIABLE_ASSIGNMENT|[EXTERNAL]|value|{"s":1,"v":[{"s":2,"v":{"Id":"a0N36000000xneOEAQ","Name":"Andiy Lokotosh"}},{"s":3,"v":{"Id":"a0N36000000xneTEAQ","Name":"Jon Smith"}}]}|0x4e4db367
06:27:52.0 (8949763)|VARIABLE_ASSIGNMENT|[3]|this.pers|{"s":1,"v":[{"s":2,"v":{"Id":"a0N36000000xneOEAQ","Name":"Andiy Lokotosh"}},{"s":3,"v":{"Id":"a0N36000000xneTEAQ","Name":"Jon Smith"}}]}|0x6248bf8
06:27:52.0 (8961507)|STATEMENT_EXECUTE|[31]
06:27:52.0 (9008728)|VARIABLE_ASSIGNMENT|[EXTERNAL]|this|{"pers":"0x4e4db367"}|0x6248bf8
06:27:52.0 (9027230)|SYSTEM_MODE_EXIT|false
06:27:52.0 (9043284)|CODE_UNIT_FINISHED|DraftsToPersons invoke(getPersons)
06:27:52.0 (9065784)|CODE_UNIT_FINISHED|DraftsToPersons get(Persons)
06:27:52.0 (9366109)|CODE_UNIT_STARTED|[EXTERNAL]|01p360000074pQr|DraftsToPersons get(Drafts)
06:27:52.0 (9378370)|SYSTEM_MODE_ENTER|true
06:27:52.0 (9419884)|CODE_UNIT_STARTED|[EXTERNAL]|01p360000074pQr|DraftsToPersons invoke(getDrafts)
06:27:52.0 (9457502)|HEAP_ALLOCATE|[EXTERNAL]|Bytes:20
06:27:52.0 (9466573)|VARIABLE_SCOPE_BEGIN|[12]|this|DraftsToPersons|true|false
06:27:52.0 (9491135)|VARIABLE_ASSIGNMENT|[12]|this|{"pers":"0x4e4db367"}|0x6248bf8
06:27:52.0 (9505365)|SYSTEM_MODE_ENTER|false
06:27:52.0 (9512029)|HEAP_ALLOCATE|[14]|Bytes:5
06:27:52.0 (9517259)|STATEMENT_EXECUTE|[13]
06:27:52.0 (9568362)|VARIABLE_ASSIGNMENT|[EXTERNAL]|this|{"pers":"0x4e4db367"}|0x6248bf8
06:27:52.0 (9581952)|STATEMENT_EXECUTE|[15]
06:27:52.0 (9584827)|STATEMENT_EXECUTE|[16]
06:27:52.0 (9589142)|HEAP_ALLOCATE|[16]|Bytes:70
06:27:52.0 (9595826)|HEAP_ALLOCATE|[16]|Bytes:4
06:27:52.0 (9815594)|SOQL_EXECUTE_BEGIN|[16]|Aggregations:0|SELECT id, Name FROM Draft__c ORDER BY Name ASC NULLS FIRST LIMIT 1000
06:27:52.0 (12038290)|SOQL_EXECUTE_END|[16]|Rows:2
06:27:52.0 (12059736)|HEAP_ALLOCATE|[16]|Bytes:12
06:27:52.0 (12077112)|HEAP_ALLOCATE|[16]|Bytes:95
06:27:52.0 (12128888)|HEAP_ALLOCATE|[16]|Bytes:12
06:27:52.0 (12172802)|VARIABLE_ASSIGNMENT|[EXTERNAL]|this|{"pers":"0x4e4db367"}|0x6248bf8
06:27:52.0 (12197655)|VARIABLE_ASSIGNMENT|[EXTERNAL]|value|{"s":1,"v":[{"s":2,"v":{"Id":"a0R3600000032Q3EAI","Name":"Ebay"}},{"s":3,"v":{"Id":"a0R3600000032PyEAI","Name":"Electronic System"}}]}|0x1f845f22
06:27:52.0 (12225437)|VARIABLE_ASSIGNMENT|[2]|this.draft|{"s":1,"v":[{"s":2,"v":{"Id":"a0R3600000032Q3EAI","Name":"Ebay"}},{"s":3,"v":{"Id":"a0R3600000032PyEAI","Name":"Electronic System"}}]}|0x6248bf8
06:27:52.0 (12237014)|STATEMENT_EXECUTE|[21]
06:27:52.0 (12285030)|VARIABLE_ASSIGNMENT|[EXTERNAL]|this|{"draft":"0x1f845f22","pers":"0x4e4db367"}|0x6248bf8
06:27:52.0 (12315834)|SYSTEM_MODE_EXIT|false
06:27:52.0 (12342596)|CODE_UNIT_FINISHED|DraftsToPersons invoke(getDrafts)
06:27:52.0 (12374666)|CODE_UNIT_FINISHED|DraftsToPersons get(Drafts)
06:27:52.0 (12640730)|CODE_UNIT_STARTED|[EXTERNAL]|01p360000074pQr|DraftsToPersons get(Times)
06:27:52.0 (12652879)|SYSTEM_MODE_ENTER|true
06:27:52.0 (12674480)|CODE_UNIT_STARTED|[EXTERNAL]|01p360000074pQr|DraftsToPersons invoke(getTimes)
06:27:52.0 (12725108)|HEAP_ALLOCATE|[EXTERNAL]|Bytes:20
06:27:52.0 (12738995)|VARIABLE_SCOPE_BEGIN|[34]|this|DraftsToPersons|true|false
06:27:52.0 (12775011)|VARIABLE_ASSIGNMENT|[34]|this|{"draft":"0x1f845f22","pers":"0x4e4db367"}|0x6248bf8
06:27:52.0 (12791757)|SYSTEM_MODE_ENTER|false
06:27:52.0 (12798839)|HEAP_ALLOCATE|[36]|Bytes:5
06:27:52.0 (12803920)|STATEMENT_EXECUTE|[35]
06:27:52.0 (12856796)|VARIABLE_ASSIGNMENT|[EXTERNAL]|this|{"draft":"0x1f845f22","pers":"0x4e4db367"}|0x6248bf8
06:27:52.0 (12871241)|STATEMENT_EXECUTE|[37]
06:27:52.0 (12874271)|STATEMENT_EXECUTE|[38]
06:27:52.0 (12878644)|HEAP_ALLOCATE|[38]|Bytes:66
06:27:52.0 (12885443)|HEAP_ALLOCATE|[38]|Bytes:4
06:27:52.0 (13346750)|SOQL_EXECUTE_BEGIN|[38]|Aggregations:0|SELECT id, Name, Person__r.id, Draft__r.id FROM Time__c LIMIT 1000
06:27:52.0 (19734190)|SOQL_EXECUTE_END|[38]|Rows:2
06:27:52.0 (19757063)|HEAP_ALLOCATE|[38]|Bytes:12
06:27:52.0 (19786190)|HEAP_ALLOCATE|[38]|Bytes:360
06:27:52.0 (19834994)|HEAP_ALLOCATE|[38]|Bytes:12
06:27:52.0 (19881130)|VARIABLE_ASSIGNMENT|[EXTERNAL]|this|{"draft":"0x1f845f22","pers":"0x4e4db367"}|0x6248bf8
06:27:52.0 (19915690)|VARIABLE_ASSIGNMENT|[EXTERNAL]|value|{"s":1,"v":[{"s":2,"v":{"Id":"a0M36000000eCJfEAM","Name":"5","Person__c":"a0N36000000xneOEAQ","Draft__c":"a0R3600000032Q3EAI","Person__r":{"s":3,"v":{"Id":"a0N36000000xneOEAQ"}},"Draft__r":{"s":4,"v":{"Id":"a0R3600000032Q3EAI"}}}},{"s":5,"v":{"Id":"a0M36000000eCJaEAM","Name":"4","Person__c":"a0N36000000xneTEAQ","Draft__c":"a0R3600000032PyEAI","Person__r":{"s":6,"v":{"Id":"a0N36000000xneTEAQ"}},"Draft__r":{"s":7,"v":{"Id":"a0R3600000032PyEAI"}}}}]}|0x676651ee
06:27:52.0 (19954522)|VARIABLE_ASSIGNMENT|[4]|this.tim|{"s":1,"v":[{"s":2,"v":{"Id":"a0M36000000eCJfEAM","Name":"5","Person__c":"a0N36000000xneOEAQ","Draft__c":"a0R3600000032Q3EAI","Person__r":{"s":3,"v":{"Id":"a0N36000000xneOEAQ"}},"Draft__r":{"s":4,"v":{"Id":"a0R3600000032Q3EAI"}}}},{"s":5,"v":{"Id":"a0M36000000eCJaEAM","Name":"4","Person__c":"a0N36000000xneTEAQ","Draft__c":"a0R3600000032PyEAI","Person__r":{"s":6,"v":{"Id":"a0N36000000xneTEAQ"}},"Draft__r":{"s":7,"v":{"Id":"a0R3600000032PyEAI"}}}}]}|0x6248bf8
06:27:52.0 (19968638)|STATEMENT_EXECUTE|[41]
06:27:52.0 (20019042)|VARIABLE_ASSIGNMENT|[EXTERNAL]|this|{"draft":"0x1f845f22","pers":"0x4e4db367","tim":"0x676651ee"}|0x6248bf8
06:27:52.0 (20037501)|SYSTEM_MODE_EXIT|false
06:27:52.0 (20053130)|CODE_UNIT_FINISHED|DraftsToPersons invoke(getTimes)
06:27:52.0 (20075182)|CODE_UNIT_FINISHED|DraftsToPersons get(Times)
06:27:52.50 (50668014)|CUMULATIVE_LIMIT_USAGE
06:27:52.50 (50668014)|LIMIT_USAGE_FOR_NS|(default)|
  Number of SOQL queries: 3 out of 100
  Number of query rows: 6 out of 50000
  Number of SOSL queries: 0 out of 20
  Number of DML statements: 0 out of 150
  Number of DML rows: 0 out of 10000
  Maximum CPU time: 0 out of 10000
  Maximum heap size: 0 out of 6000000
  Number of callouts: 0 out of 100
  Number of Email Invocations: 0 out of 10
  Number of future calls: 0 out of 50
  Number of queueable jobs added to the queue: 0 out of 50
  Number of Mobile Apex push calls: 0 out of 10

06:27:52.50 (50668014)|CUMULATIVE_LIMIT_USAGE_END

06:27:52.0 (50737872)|CODE_UNIT_FINISHED|VF: /apex/DraftsToPersonTable
06:27:52.0 (51760273)|EXECUTION_FINISHED
