36.0 APEX_CODE,FINEST;APEX_PROFILING,INFO;CALLOUT,INFO;DB,INFO;SYSTEM,DEBUG;VALIDATION,INFO;VISUALFORCE,INFO;WORKFLOW,INFO
04:52:32.0 (483227)|EXECUTION_STARTED
04:52:32.0 (517123)|CODE_UNIT_STARTED|[EXTERNAL]|06636000002n7XB|VF: /apex/DraftsToPersonTable
04:52:32.0 (3913659)|CODE_UNIT_STARTED|[EXTERNAL]|01p360000074pQr|DraftsToPersons <init>
04:52:32.0 (3931730)|SYSTEM_MODE_ENTER|true
04:52:32.0 (4739647)|HEAP_ALLOCATE|[72]|Bytes:3
04:52:32.0 (4848572)|HEAP_ALLOCATE|[77]|Bytes:152
04:52:32.0 (4874704)|HEAP_ALLOCATE|[342]|Bytes:408
04:52:32.0 (4913088)|HEAP_ALLOCATE|[355]|Bytes:408
04:52:32.0 (4932212)|HEAP_ALLOCATE|[467]|Bytes:48
04:52:32.0 (5013844)|HEAP_ALLOCATE|[139]|Bytes:6
04:52:32.0 (5121364)|HEAP_ALLOCATE|[EXTERNAL]|Bytes:10
04:52:32.0 (5154233)|HEAP_ALLOCATE|[EXTERNAL]|Bytes:144
04:52:32.0 (5158164)|HEAP_ALLOCATE|[EXTERNAL]|Bytes:21
04:52:32.0 (5214740)|METHOD_ENTRY|[1]|01p360000074pQr|DraftsToPersons.DraftsToPersons()
04:52:32.0 (5222107)|STATEMENT_EXECUTE|[1]
04:52:32.0 (5231224)|STATEMENT_EXECUTE|[1]
04:52:32.0 (5283801)|HEAP_ALLOCATE|[50]|Bytes:5
04:52:32.0 (5307024)|HEAP_ALLOCATE|[56]|Bytes:5
04:52:32.0 (5320841)|HEAP_ALLOCATE|[64]|Bytes:7
04:52:32.0 (5351257)|SYSTEM_MODE_ENTER|false
04:52:32.0 (5370028)|HEAP_ALLOCATE|[EXTERNAL]|Bytes:5
04:52:32.0 (5379918)|STATEMENT_EXECUTE|[67]
04:52:32.0 (5385460)|SYSTEM_MODE_EXIT|false
04:52:32.0 (5420902)|METHOD_EXIT|[1]|DraftsToPersons
04:52:32.0 (5429144)|HEAP_ALLOCATE|[EXTERNAL]|Bytes:20
04:52:32.0 (5437052)|VARIABLE_SCOPE_BEGIN|[7]|this|DraftsToPersons|true|false
04:52:32.0 (5561030)|VARIABLE_ASSIGNMENT|[7]|this|{}|0x50f5226b
04:52:32.0 (5576640)|SYSTEM_MODE_ENTER|false
04:52:32.0 (5587473)|HEAP_ALLOCATE|[EXTERNAL]|Bytes:5
04:52:32.0 (5592434)|STATEMENT_EXECUTE|[1]
04:52:32.0 (5596243)|HEAP_ALLOCATE|[EXTERNAL]|Bytes:5
04:52:32.0 (5598462)|STATEMENT_EXECUTE|[2]
04:52:32.0 (5599920)|STATEMENT_EXECUTE|[3]
04:52:32.0 (5601120)|STATEMENT_EXECUTE|[4]
04:52:32.0 (5602192)|STATEMENT_EXECUTE|[5]
04:52:32.0 (5611676)|HEAP_ALLOCATE|[EXTERNAL]|Bytes:6
04:52:32.0 (5636207)|STATEMENT_EXECUTE|[8]
04:52:32.0 (5639925)|SYSTEM_MODE_EXIT|false
04:52:32.0 (5658940)|CODE_UNIT_FINISHED|DraftsToPersons <init>
04:52:32.0 (5714813)|CODE_UNIT_STARTED|[EXTERNAL]|01p360000074pQr|DraftsToPersons get(Persons)
04:52:32.0 (5722863)|SYSTEM_MODE_ENTER|true
04:52:32.0 (5748625)|CODE_UNIT_STARTED|[EXTERNAL]|01p360000074pQr|DraftsToPersons invoke(getPersons)
04:52:32.0 (5794002)|HEAP_ALLOCATE|[EXTERNAL]|Bytes:20
04:52:32.0 (5806593)|VARIABLE_SCOPE_BEGIN|[22]|this|DraftsToPersons|true|false
04:52:32.0 (5825706)|VARIABLE_ASSIGNMENT|[22]|this|{}|0x50f5226b
04:52:32.0 (5840583)|SYSTEM_MODE_ENTER|false
04:52:32.0 (5845452)|HEAP_ALLOCATE|[24]|Bytes:5
04:52:32.0 (5849408)|STATEMENT_EXECUTE|[23]
04:52:32.0 (5906665)|VARIABLE_ASSIGNMENT|[EXTERNAL]|this|{}|0x50f5226b
04:52:32.0 (5921188)|STATEMENT_EXECUTE|[25]
04:52:32.0 (5927356)|STATEMENT_EXECUTE|[26]
04:52:32.0 (5931218)|HEAP_ALLOCATE|[26]|Bytes:41
04:52:32.0 (5940029)|HEAP_ALLOCATE|[26]|Bytes:4
04:52:32.0 (6230373)|SOQL_EXECUTE_BEGIN|[26]|Aggregations:0|SELECT id, Name FROM Person__c LIMIT 1000
04:52:32.0 (8795053)|SOQL_EXECUTE_END|[26]|Rows:2
04:52:32.0 (8814926)|HEAP_ALLOCATE|[26]|Bytes:12
04:52:32.0 (8832150)|HEAP_ALLOCATE|[26]|Bytes:97
04:52:32.0 (8859122)|HEAP_ALLOCATE|[26]|Bytes:12
04:52:32.0 (8915490)|VARIABLE_ASSIGNMENT|[EXTERNAL]|this|{}|0x50f5226b
04:52:32.0 (8952138)|VARIABLE_ASSIGNMENT|[EXTERNAL]|value|{"s":1,"v":[{"s":2,"v":{"Id":"a0N36000000xneOEAQ","Name":"Andiy Lokotosh"}},{"s":3,"v":{"Id":"a0N36000000xneTEAQ","Name":"Jon Smith"}}]}|0x7fdc2670
04:52:32.0 (8980084)|VARIABLE_ASSIGNMENT|[3]|this.pers|{"s":1,"v":[{"s":2,"v":{"Id":"a0N36000000xneOEAQ","Name":"Andiy Lokotosh"}},{"s":3,"v":{"Id":"a0N36000000xneTEAQ","Name":"Jon Smith"}}]}|0x50f5226b
04:52:32.0 (8990556)|STATEMENT_EXECUTE|[29]
04:52:32.0 (9028135)|VARIABLE_ASSIGNMENT|[EXTERNAL]|this|{"pers":"0x7fdc2670"}|0x50f5226b
04:52:32.0 (9046206)|SYSTEM_MODE_EXIT|false
04:52:32.0 (9061618)|CODE_UNIT_FINISHED|DraftsToPersons invoke(getPersons)
04:52:32.0 (9083487)|CODE_UNIT_FINISHED|DraftsToPersons get(Persons)
04:52:32.38 (38911427)|CUMULATIVE_LIMIT_USAGE
04:52:32.38 (38911427)|LIMIT_USAGE_FOR_NS|(default)|
  Number of SOQL queries: 1 out of 100
  Number of query rows: 2 out of 50000
  Number of SOSL queries: 0 out of 20
  Number of DML statements: 0 out of 150
  Number of DML rows: 0 out of 10000
  Maximum CPU time: 0 out of 10000
  Maximum heap size: 0 out of 6000000
  Number of callouts: 0 out of 100
  Number of Email Invocations: 0 out of 10
  Number of future calls: 0 out of 50
  Number of queueable jobs added to the queue: 0 out of 50
  Number of Mobile Apex push calls: 0 out of 10

04:52:32.38 (38911427)|CUMULATIVE_LIMIT_USAGE_END

04:52:32.0 (39009389)|CODE_UNIT_FINISHED|VF: /apex/DraftsToPersonTable
04:52:32.0 (40091864)|EXECUTION_FINISHED
