36.0 APEX_CODE,FINEST;APEX_PROFILING,INFO;CALLOUT,INFO;DB,INFO;SYSTEM,DEBUG;VALIDATION,INFO;VISUALFORCE,INFO;WORKFLOW,INFO
08:59:36.0 (765581)|EXECUTION_STARTED
08:59:36.0 (808645)|CODE_UNIT_STARTED|[EXTERNAL]|01p36000005H3V7|expansesController.getExpenses
08:59:36.0 (1207598)|HEAP_ALLOCATE|[72]|Bytes:3
08:59:36.0 (1276621)|HEAP_ALLOCATE|[77]|Bytes:152
08:59:36.0 (1302590)|HEAP_ALLOCATE|[342]|Bytes:408
08:59:36.0 (1338265)|HEAP_ALLOCATE|[355]|Bytes:408
08:59:36.0 (1373539)|HEAP_ALLOCATE|[467]|Bytes:48
08:59:36.0 (1426165)|HEAP_ALLOCATE|[139]|Bytes:6
08:59:36.0 (1455981)|HEAP_ALLOCATE|[EXTERNAL]|Bytes:4
08:59:36.0 (1470656)|METHOD_ENTRY|[1]|01p36000005H3V7|expansesController.expansesController()
08:59:36.0 (1474410)|STATEMENT_EXECUTE|[1]
08:59:36.0 (1481072)|STATEMENT_EXECUTE|[1]
08:59:36.0 (1517621)|HEAP_ALLOCATE|[50]|Bytes:5
08:59:36.0 (1544834)|HEAP_ALLOCATE|[56]|Bytes:5
08:59:36.0 (1553715)|HEAP_ALLOCATE|[64]|Bytes:7
08:59:36.0 (1583889)|SYSTEM_MODE_ENTER|false
08:59:36.0 (1608006)|HEAP_ALLOCATE|[EXTERNAL]|Bytes:5
08:59:36.0 (1617535)|SYSTEM_MODE_EXIT|false
08:59:36.0 (1627266)|METHOD_EXIT|[1]|expansesController
08:59:36.0 (1636287)|SYSTEM_MODE_ENTER|false
08:59:36.0 (1651425)|HEAP_ALLOCATE|[6]|Bytes:5
08:59:36.0 (1655397)|STATEMENT_EXECUTE|[3]
08:59:36.0 (1657191)|STATEMENT_EXECUTE|[6]
08:59:36.0 (1660412)|HEAP_ALLOCATE|[6]|Bytes:90
08:59:36.0 (1672303)|HEAP_ALLOCATE|[6]|Bytes:4
08:59:36.0 (2171082)|SOQL_EXECUTE_BEGIN|[6]|Aggregations:0|SELECT Id, Name, Amount__c, Client__c, Date__c, Reimbursed__c, CreatedDate FROM Expense__c
08:59:36.0 (6408200)|SOQL_EXECUTE_END|[6]|Rows:7
08:59:36.0 (6432393)|HEAP_ALLOCATE|[6]|Bytes:32
08:59:36.0 (6471226)|HEAP_ALLOCATE|[6]|Bytes:1030
08:59:36.0 (6521829)|HEAP_ALLOCATE|[6]|Bytes:32
08:59:36.0 (6542389)|SYSTEM_MODE_EXIT|false
08:59:36.6 (6589043)|CUMULATIVE_LIMIT_USAGE
08:59:36.6 (6589043)|LIMIT_USAGE_FOR_NS|(default)|
  Number of SOQL queries: 1 out of 100
  Number of query rows: 7 out of 50000
  Number of SOSL queries: 0 out of 20
  Number of DML statements: 0 out of 150
  Number of DML rows: 0 out of 10000
  Maximum CPU time: 0 out of 10000
  Maximum heap size: 0 out of 6000000
  Number of callouts: 0 out of 100
  Number of Email Invocations: 0 out of 10
  Number of future calls: 0 out of 50
  Number of queueable jobs added to the queue: 0 out of 50
  Number of Mobile Apex push calls: 0 out of 10

08:59:36.6 (6589043)|CUMULATIVE_LIMIT_USAGE_END

08:59:36.0 (6633975)|CODE_UNIT_FINISHED|expansesController.getExpenses
08:59:36.0 (8486021)|EXECUTION_FINISHED
