36.0 APEX_CODE,FINEST;APEX_PROFILING,INFO;CALLOUT,INFO;DB,INFO;SYSTEM,DEBUG;VALIDATION,INFO;VISUALFORCE,INFO;WORKFLOW,INFO
08:58:14.0 (634324)|EXECUTION_STARTED
08:58:14.0 (676955)|CODE_UNIT_STARTED|[EXTERNAL]|01p36000005H3V7|expansesController.getExpenses
08:58:14.0 (874684)|HEAP_ALLOCATE|[72]|Bytes:3
08:58:14.0 (937754)|HEAP_ALLOCATE|[77]|Bytes:152
08:58:14.0 (958284)|HEAP_ALLOCATE|[342]|Bytes:408
08:58:14.0 (979785)|HEAP_ALLOCATE|[355]|Bytes:408
08:58:14.0 (998674)|HEAP_ALLOCATE|[467]|Bytes:48
08:58:14.0 (1050327)|HEAP_ALLOCATE|[139]|Bytes:6
08:58:14.0 (1156194)|HEAP_ALLOCATE|[EXTERNAL]|Bytes:4
08:58:14.0 (1178363)|METHOD_ENTRY|[1]|01p36000005H3V7|expansesController.expansesController()
08:58:14.0 (1184488)|STATEMENT_EXECUTE|[1]
08:58:14.0 (1194845)|STATEMENT_EXECUTE|[1]
08:58:14.0 (1233119)|HEAP_ALLOCATE|[50]|Bytes:5
08:58:14.0 (1262398)|HEAP_ALLOCATE|[56]|Bytes:5
08:58:14.0 (1271950)|HEAP_ALLOCATE|[64]|Bytes:7
08:58:14.0 (1299414)|SYSTEM_MODE_ENTER|false
08:58:14.0 (1320400)|HEAP_ALLOCATE|[EXTERNAL]|Bytes:5
08:58:14.0 (1328071)|SYSTEM_MODE_EXIT|false
08:58:14.0 (1343201)|METHOD_EXIT|[1]|expansesController
08:58:14.0 (1352708)|SYSTEM_MODE_ENTER|false
08:58:14.0 (1372393)|HEAP_ALLOCATE|[6]|Bytes:5
08:58:14.0 (1378587)|STATEMENT_EXECUTE|[3]
08:58:14.0 (1381108)|STATEMENT_EXECUTE|[6]
08:58:14.0 (1386779)|HEAP_ALLOCATE|[6]|Bytes:90
08:58:14.0 (1404333)|HEAP_ALLOCATE|[6]|Bytes:4
08:58:14.0 (1870650)|SOQL_EXECUTE_BEGIN|[6]|Aggregations:0|SELECT Id, Name, Amount__c, Client__c, Date__c, Reimbursed__c, CreatedDate FROM Expense__c
08:58:14.0 (5280364)|SOQL_EXECUTE_END|[6]|Rows:7
08:58:14.0 (5302131)|HEAP_ALLOCATE|[6]|Bytes:32
08:58:14.0 (5340812)|HEAP_ALLOCATE|[6]|Bytes:1030
08:58:14.0 (5446361)|HEAP_ALLOCATE|[6]|Bytes:32
08:58:14.0 (5462451)|SYSTEM_MODE_EXIT|false
08:58:14.5 (5506909)|CUMULATIVE_LIMIT_USAGE
08:58:14.5 (5506909)|LIMIT_USAGE_FOR_NS|(default)|
  Number of SOQL queries: 1 out of 100
  Number of query rows: 7 out of 50000
  Number of SOSL queries: 0 out of 20
  Number of DML statements: 0 out of 150
  Number of DML rows: 0 out of 10000
  Maximum CPU time: 0 out of 10000
  Maximum heap size: 0 out of 6000000
  Number of callouts: 0 out of 100
  Number of Email Invocations: 0 out of 10
  Number of future calls: 0 out of 50
  Number of queueable jobs added to the queue: 0 out of 50
  Number of Mobile Apex push calls: 0 out of 10

08:58:14.5 (5506909)|CUMULATIVE_LIMIT_USAGE_END

08:58:14.0 (5553493)|CODE_UNIT_FINISHED|expansesController.getExpenses
08:58:14.0 (7312086)|EXECUTION_FINISHED
