36.0 APEX_CODE,FINEST;APEX_PROFILING,INFO;CALLOUT,INFO;DB,INFO;SYSTEM,DEBUG;VALIDATION,INFO;VISUALFORCE,INFO;WORKFLOW,INFO
04:54:01.0 (493455)|EXECUTION_STARTED
04:54:01.0 (534381)|CODE_UNIT_STARTED|[EXTERNAL]|06636000002n7XB|VF: /apex/DraftsToPersonTable
04:54:01.0 (3600660)|CODE_UNIT_STARTED|[EXTERNAL]|01p360000074pQr|DraftsToPersons <init>
04:54:01.0 (3617901)|SYSTEM_MODE_ENTER|true
04:54:01.0 (4132301)|HEAP_ALLOCATE|[72]|Bytes:3
04:54:01.0 (4203373)|HEAP_ALLOCATE|[77]|Bytes:152
04:54:01.0 (4224604)|HEAP_ALLOCATE|[342]|Bytes:408
04:54:01.0 (4245787)|HEAP_ALLOCATE|[355]|Bytes:408
04:54:01.0 (4264883)|HEAP_ALLOCATE|[467]|Bytes:48
04:54:01.0 (4314143)|HEAP_ALLOCATE|[139]|Bytes:6
04:54:01.0 (4345053)|HEAP_ALLOCATE|[EXTERNAL]|Bytes:10
04:54:01.0 (4351710)|HEAP_ALLOCATE|[EXTERNAL]|Bytes:144
04:54:01.0 (4355258)|HEAP_ALLOCATE|[EXTERNAL]|Bytes:21
04:54:01.0 (4372940)|METHOD_ENTRY|[1]|01p360000074pQr|DraftsToPersons.DraftsToPersons()
04:54:01.0 (4378932)|STATEMENT_EXECUTE|[1]
04:54:01.0 (4387395)|STATEMENT_EXECUTE|[1]
04:54:01.0 (4424755)|HEAP_ALLOCATE|[50]|Bytes:5
04:54:01.0 (4453095)|HEAP_ALLOCATE|[56]|Bytes:5
04:54:01.0 (4464018)|HEAP_ALLOCATE|[64]|Bytes:7
04:54:01.0 (4492822)|SYSTEM_MODE_ENTER|false
04:54:01.0 (4511386)|HEAP_ALLOCATE|[EXTERNAL]|Bytes:5
04:54:01.0 (4515713)|STATEMENT_EXECUTE|[67]
04:54:01.0 (4522356)|SYSTEM_MODE_EXIT|false
04:54:01.0 (4536845)|METHOD_EXIT|[1]|DraftsToPersons
04:54:01.0 (5029223)|HEAP_ALLOCATE|[EXTERNAL]|Bytes:20
04:54:01.0 (5044833)|VARIABLE_SCOPE_BEGIN|[7]|this|DraftsToPersons|true|false
04:54:01.0 (5133407)|VARIABLE_ASSIGNMENT|[7]|this|{}|0x62bfe740
04:54:01.0 (5147490)|SYSTEM_MODE_ENTER|false
04:54:01.0 (5152933)|HEAP_ALLOCATE|[EXTERNAL]|Bytes:5
04:54:01.0 (5156696)|STATEMENT_EXECUTE|[1]
04:54:01.0 (5159411)|HEAP_ALLOCATE|[EXTERNAL]|Bytes:5
04:54:01.0 (5161188)|STATEMENT_EXECUTE|[2]
04:54:01.0 (5162334)|STATEMENT_EXECUTE|[3]
04:54:01.0 (5163606)|STATEMENT_EXECUTE|[4]
04:54:01.0 (5164544)|STATEMENT_EXECUTE|[5]
04:54:01.0 (5175477)|HEAP_ALLOCATE|[EXTERNAL]|Bytes:6
04:54:01.0 (5202879)|STATEMENT_EXECUTE|[8]
04:54:01.0 (5208668)|SYSTEM_MODE_EXIT|false
04:54:01.0 (5228073)|CODE_UNIT_FINISHED|DraftsToPersons <init>
04:54:01.0 (5279556)|CODE_UNIT_STARTED|[EXTERNAL]|01p360000074pQr|DraftsToPersons get(Persons)
04:54:01.0 (5288226)|SYSTEM_MODE_ENTER|true
04:54:01.0 (5315397)|CODE_UNIT_STARTED|[EXTERNAL]|01p360000074pQr|DraftsToPersons invoke(getPersons)
04:54:01.0 (5359982)|HEAP_ALLOCATE|[EXTERNAL]|Bytes:20
04:54:01.0 (5369775)|VARIABLE_SCOPE_BEGIN|[22]|this|DraftsToPersons|true|false
04:54:01.0 (5389036)|VARIABLE_ASSIGNMENT|[22]|this|{}|0x62bfe740
04:54:01.0 (5404214)|SYSTEM_MODE_ENTER|false
04:54:01.0 (5409239)|HEAP_ALLOCATE|[24]|Bytes:5
04:54:01.0 (5412968)|STATEMENT_EXECUTE|[23]
04:54:01.0 (5472817)|VARIABLE_ASSIGNMENT|[EXTERNAL]|this|{}|0x62bfe740
04:54:01.0 (5487926)|STATEMENT_EXECUTE|[25]
04:54:01.0 (5489474)|STATEMENT_EXECUTE|[26]
04:54:01.0 (5492718)|HEAP_ALLOCATE|[26]|Bytes:41
04:54:01.0 (5504848)|HEAP_ALLOCATE|[26]|Bytes:4
04:54:01.0 (5800769)|SOQL_EXECUTE_BEGIN|[26]|Aggregations:0|SELECT id, Name FROM Person__c LIMIT 1000
04:54:01.0 (8902190)|SOQL_EXECUTE_END|[26]|Rows:2
04:54:01.0 (8927240)|HEAP_ALLOCATE|[26]|Bytes:12
04:54:01.0 (8948224)|HEAP_ALLOCATE|[26]|Bytes:97
04:54:01.0 (8991381)|HEAP_ALLOCATE|[26]|Bytes:12
04:54:01.0 (9038950)|VARIABLE_ASSIGNMENT|[EXTERNAL]|this|{}|0x62bfe740
04:54:01.0 (9083435)|VARIABLE_ASSIGNMENT|[EXTERNAL]|value|{"s":1,"v":[{"s":2,"v":{"Id":"a0N36000000xneOEAQ","Name":"Andiy Lokotosh"}},{"s":3,"v":{"Id":"a0N36000000xneTEAQ","Name":"Jon Smith"}}]}|0x758976b5
04:54:01.0 (9115057)|VARIABLE_ASSIGNMENT|[3]|this.pers|{"s":1,"v":[{"s":2,"v":{"Id":"a0N36000000xneOEAQ","Name":"Andiy Lokotosh"}},{"s":3,"v":{"Id":"a0N36000000xneTEAQ","Name":"Jon Smith"}}]}|0x62bfe740
04:54:01.0 (9129245)|STATEMENT_EXECUTE|[29]
04:54:01.0 (9177561)|VARIABLE_ASSIGNMENT|[EXTERNAL]|this|{"pers":"0x758976b5"}|0x62bfe740
04:54:01.0 (9192246)|SYSTEM_MODE_EXIT|false
04:54:01.0 (9207904)|CODE_UNIT_FINISHED|DraftsToPersons invoke(getPersons)
04:54:01.0 (9228617)|CODE_UNIT_FINISHED|DraftsToPersons get(Persons)
04:54:01.38 (38383139)|CUMULATIVE_LIMIT_USAGE
04:54:01.38 (38383139)|LIMIT_USAGE_FOR_NS|(default)|
  Number of SOQL queries: 1 out of 100
  Number of query rows: 2 out of 50000
  Number of SOSL queries: 0 out of 20
  Number of DML statements: 0 out of 150
  Number of DML rows: 0 out of 10000
  Maximum CPU time: 0 out of 10000
  Maximum heap size: 0 out of 6000000
  Number of callouts: 0 out of 100
  Number of Email Invocations: 0 out of 10
  Number of future calls: 0 out of 50
  Number of queueable jobs added to the queue: 0 out of 50
  Number of Mobile Apex push calls: 0 out of 10

04:54:01.38 (38383139)|CUMULATIVE_LIMIT_USAGE_END

04:54:01.0 (38446250)|CODE_UNIT_FINISHED|VF: /apex/DraftsToPersonTable
04:54:01.0 (39958384)|EXECUTION_FINISHED
