36.0 APEX_CODE,FINEST;APEX_PROFILING,INFO;CALLOUT,INFO;DB,INFO;SYSTEM,DEBUG;VALIDATION,INFO;VISUALFORCE,INFO;WORKFLOW,INFO
06:20:56.0 (586656)|EXECUTION_STARTED
06:20:56.0 (623711)|CODE_UNIT_STARTED|[EXTERNAL]|06636000002n7XB|VF: /apex/DraftsToPersonTable
06:20:56.0 (3441597)|CODE_UNIT_STARTED|[EXTERNAL]|01p360000074pQr|DraftsToPersons <init>
06:20:56.0 (3457830)|SYSTEM_MODE_ENTER|true
06:20:56.0 (3969103)|HEAP_ALLOCATE|[72]|Bytes:3
06:20:56.0 (4028657)|HEAP_ALLOCATE|[77]|Bytes:152
06:20:56.0 (4050864)|HEAP_ALLOCATE|[342]|Bytes:408
06:20:56.0 (4070233)|HEAP_ALLOCATE|[355]|Bytes:408
06:20:56.0 (4087410)|HEAP_ALLOCATE|[467]|Bytes:48
06:20:56.0 (4129551)|HEAP_ALLOCATE|[139]|Bytes:6
06:20:56.0 (4155016)|HEAP_ALLOCATE|[EXTERNAL]|Bytes:10
06:20:56.0 (4159676)|HEAP_ALLOCATE|[EXTERNAL]|Bytes:144
06:20:56.0 (4162214)|HEAP_ALLOCATE|[EXTERNAL]|Bytes:21
06:20:56.0 (4179363)|METHOD_ENTRY|[1]|01p360000074pQr|DraftsToPersons.DraftsToPersons()
06:20:56.0 (4184630)|STATEMENT_EXECUTE|[1]
06:20:56.0 (4194395)|STATEMENT_EXECUTE|[1]
06:20:56.0 (4233565)|HEAP_ALLOCATE|[50]|Bytes:5
06:20:56.0 (4261146)|HEAP_ALLOCATE|[56]|Bytes:5
06:20:56.0 (4270109)|HEAP_ALLOCATE|[64]|Bytes:7
06:20:56.0 (4297986)|SYSTEM_MODE_ENTER|false
06:20:56.0 (4318756)|HEAP_ALLOCATE|[EXTERNAL]|Bytes:5
06:20:56.0 (4325338)|STATEMENT_EXECUTE|[69]
06:20:56.0 (4331639)|SYSTEM_MODE_EXIT|false
06:20:56.0 (4344675)|METHOD_EXIT|[1]|DraftsToPersons
06:20:56.0 (4639436)|HEAP_ALLOCATE|[EXTERNAL]|Bytes:20
06:20:56.0 (4650979)|VARIABLE_SCOPE_BEGIN|[7]|this|DraftsToPersons|true|false
06:20:56.0 (4728596)|VARIABLE_ASSIGNMENT|[7]|this|{}|0x3b9afbd3
06:20:56.0 (4742040)|SYSTEM_MODE_ENTER|false
06:20:56.0 (4747479)|HEAP_ALLOCATE|[EXTERNAL]|Bytes:5
06:20:56.0 (4753347)|STATEMENT_EXECUTE|[1]
06:20:56.0 (4757209)|HEAP_ALLOCATE|[EXTERNAL]|Bytes:5
06:20:56.0 (4760109)|STATEMENT_EXECUTE|[2]
06:20:56.0 (4762601)|STATEMENT_EXECUTE|[3]
06:20:56.0 (4764086)|STATEMENT_EXECUTE|[4]
06:20:56.0 (4765544)|STATEMENT_EXECUTE|[5]
06:20:56.0 (4776012)|HEAP_ALLOCATE|[EXTERNAL]|Bytes:6
06:20:56.0 (4805599)|STATEMENT_EXECUTE|[8]
06:20:56.0 (4811236)|SYSTEM_MODE_EXIT|false
06:20:56.0 (4831638)|CODE_UNIT_FINISHED|DraftsToPersons <init>
06:20:56.0 (4882949)|CODE_UNIT_STARTED|[EXTERNAL]|01p360000074pQr|DraftsToPersons get(Persons)
06:20:56.0 (4891221)|SYSTEM_MODE_ENTER|true
06:20:56.0 (4915236)|CODE_UNIT_STARTED|[EXTERNAL]|01p360000074pQr|DraftsToPersons invoke(getPersons)
06:20:56.0 (4955006)|HEAP_ALLOCATE|[EXTERNAL]|Bytes:20
06:20:56.0 (4963444)|VARIABLE_SCOPE_BEGIN|[23]|this|DraftsToPersons|true|false
06:20:56.0 (4982325)|VARIABLE_ASSIGNMENT|[23]|this|{}|0x3b9afbd3
06:20:56.0 (4999047)|SYSTEM_MODE_ENTER|false
06:20:56.0 (5003751)|HEAP_ALLOCATE|[25]|Bytes:5
06:20:56.0 (5010054)|STATEMENT_EXECUTE|[24]
06:20:56.0 (5058288)|VARIABLE_ASSIGNMENT|[EXTERNAL]|this|{}|0x3b9afbd3
06:20:56.0 (5075575)|STATEMENT_EXECUTE|[26]
06:20:56.0 (5078484)|STATEMENT_EXECUTE|[27]
06:20:56.0 (5082473)|HEAP_ALLOCATE|[27]|Bytes:71
06:20:56.0 (5095193)|HEAP_ALLOCATE|[27]|Bytes:4
06:20:56.0 (5349806)|SOQL_EXECUTE_BEGIN|[27]|Aggregations:0|SELECT id, Name FROM Person__c ORDER BY Name ASC NULLS FIRST LIMIT 1000
06:20:56.0 (20358218)|SOQL_EXECUTE_END|[27]|Rows:2
06:20:56.0 (20378875)|HEAP_ALLOCATE|[27]|Bytes:12
06:20:56.0 (20397130)|HEAP_ALLOCATE|[27]|Bytes:97
06:20:56.0 (20437644)|HEAP_ALLOCATE|[27]|Bytes:12
06:20:56.0 (20488404)|VARIABLE_ASSIGNMENT|[EXTERNAL]|this|{}|0x3b9afbd3
06:20:56.0 (20529178)|VARIABLE_ASSIGNMENT|[EXTERNAL]|value|{"s":1,"v":[{"s":2,"v":{"Id":"a0N36000000xneOEAQ","Name":"Andiy Lokotosh"}},{"s":3,"v":{"Id":"a0N36000000xneTEAQ","Name":"Jon Smith"}}]}|0x52afa4f
06:20:56.0 (20551144)|VARIABLE_ASSIGNMENT|[3]|this.pers|{"s":1,"v":[{"s":2,"v":{"Id":"a0N36000000xneOEAQ","Name":"Andiy Lokotosh"}},{"s":3,"v":{"Id":"a0N36000000xneTEAQ","Name":"Jon Smith"}}]}|0x3b9afbd3
06:20:56.0 (20563569)|STATEMENT_EXECUTE|[31]
06:20:56.0 (20600708)|VARIABLE_ASSIGNMENT|[EXTERNAL]|this|{"pers":"0x52afa4f"}|0x3b9afbd3
06:20:56.0 (20614696)|SYSTEM_MODE_EXIT|false
06:20:56.0 (20630584)|CODE_UNIT_FINISHED|DraftsToPersons invoke(getPersons)
06:20:56.0 (20650530)|CODE_UNIT_FINISHED|DraftsToPersons get(Persons)
06:20:56.0 (20890724)|CODE_UNIT_STARTED|[EXTERNAL]|01p360000074pQr|DraftsToPersons get(Drafts)
06:20:56.0 (20899506)|SYSTEM_MODE_ENTER|true
06:20:56.0 (20915957)|CODE_UNIT_STARTED|[EXTERNAL]|01p360000074pQr|DraftsToPersons invoke(getDrafts)
06:20:56.0 (20952477)|HEAP_ALLOCATE|[EXTERNAL]|Bytes:20
06:20:56.0 (20960399)|VARIABLE_SCOPE_BEGIN|[12]|this|DraftsToPersons|true|false
06:20:56.0 (20982381)|VARIABLE_ASSIGNMENT|[12]|this|{"pers":"0x52afa4f"}|0x3b9afbd3
06:20:56.0 (20994384)|SYSTEM_MODE_ENTER|false
06:20:56.0 (20999727)|HEAP_ALLOCATE|[14]|Bytes:5
06:20:56.0 (21005511)|STATEMENT_EXECUTE|[13]
06:20:56.0 (21050234)|VARIABLE_ASSIGNMENT|[EXTERNAL]|this|{"pers":"0x52afa4f"}|0x3b9afbd3
06:20:56.0 (21064196)|STATEMENT_EXECUTE|[15]
06:20:56.0 (21066860)|STATEMENT_EXECUTE|[16]
06:20:56.0 (21070897)|HEAP_ALLOCATE|[16]|Bytes:70
06:20:56.0 (21076780)|HEAP_ALLOCATE|[16]|Bytes:4
06:20:56.0 (21228870)|SOQL_EXECUTE_BEGIN|[16]|Aggregations:0|SELECT id, Name FROM Draft__c ORDER BY Name ASC NULLS FIRST LIMIT 1000
06:20:56.0 (23248140)|SOQL_EXECUTE_END|[16]|Rows:2
06:20:56.0 (23263974)|HEAP_ALLOCATE|[16]|Bytes:12
06:20:56.0 (23277254)|HEAP_ALLOCATE|[16]|Bytes:95
06:20:56.0 (23301814)|HEAP_ALLOCATE|[16]|Bytes:12
06:20:56.0 (23348815)|VARIABLE_ASSIGNMENT|[EXTERNAL]|this|{"pers":"0x52afa4f"}|0x3b9afbd3
06:20:56.0 (23371103)|VARIABLE_ASSIGNMENT|[EXTERNAL]|value|{"s":1,"v":[{"s":2,"v":{"Id":"a0R3600000032Q3EAI","Name":"Ebay"}},{"s":3,"v":{"Id":"a0R3600000032PyEAI","Name":"Electronic System"}}]}|0x480ca1e5
06:20:56.0 (23390673)|VARIABLE_ASSIGNMENT|[2]|this.draft|{"s":1,"v":[{"s":2,"v":{"Id":"a0R3600000032Q3EAI","Name":"Ebay"}},{"s":3,"v":{"Id":"a0R3600000032PyEAI","Name":"Electronic System"}}]}|0x3b9afbd3
06:20:56.0 (23402830)|STATEMENT_EXECUTE|[21]
06:20:56.0 (23439475)|VARIABLE_ASSIGNMENT|[EXTERNAL]|this|{"draft":"0x480ca1e5","pers":"0x52afa4f"}|0x3b9afbd3
06:20:56.0 (23453433)|SYSTEM_MODE_EXIT|false
06:20:56.0 (23472417)|CODE_UNIT_FINISHED|DraftsToPersons invoke(getDrafts)
06:20:56.0 (23492008)|CODE_UNIT_FINISHED|DraftsToPersons get(Drafts)
06:20:56.0 (23712568)|CODE_UNIT_STARTED|[EXTERNAL]|01p360000074pQr|DraftsToPersons get(Times)
06:20:56.0 (23721308)|SYSTEM_MODE_ENTER|true
06:20:56.0 (23733639)|CODE_UNIT_STARTED|[EXTERNAL]|01p360000074pQr|Times
06:20:56.0 (23753153)|CODE_UNIT_FINISHED|Times
06:20:56.0 (23770011)|CODE_UNIT_FINISHED|DraftsToPersons get(Times)
06:20:56.52 (52793905)|CUMULATIVE_LIMIT_USAGE
06:20:56.52 (52793905)|LIMIT_USAGE_FOR_NS|(default)|
  Number of SOQL queries: 2 out of 100
  Number of query rows: 4 out of 50000
  Number of SOSL queries: 0 out of 20
  Number of DML statements: 0 out of 150
  Number of DML rows: 0 out of 10000
  Maximum CPU time: 0 out of 10000
  Maximum heap size: 0 out of 6000000
  Number of callouts: 0 out of 100
  Number of Email Invocations: 0 out of 10
  Number of future calls: 0 out of 50
  Number of queueable jobs added to the queue: 0 out of 50
  Number of Mobile Apex push calls: 0 out of 10

06:20:56.52 (52793905)|CUMULATIVE_LIMIT_USAGE_END

06:20:56.0 (52849825)|CODE_UNIT_FINISHED|VF: /apex/DraftsToPersonTable
06:20:56.0 (54237782)|EXECUTION_FINISHED
