36.0 APEX_CODE,FINEST;APEX_PROFILING,INFO;CALLOUT,INFO;DB,INFO;SYSTEM,DEBUG;VALIDATION,INFO;VISUALFORCE,INFO;WORKFLOW,INFO
07:43:35.0 (439631)|EXECUTION_STARTED
07:43:35.0 (473288)|CODE_UNIT_STARTED|[EXTERNAL]|06636000001VcbV|VF: /apex/AprooveWraper
07:43:35.0 (1238714)|VF_DESERIALIZE_VIEWSTATE_BEGIN|06636000001VcbV
07:43:35.0 (10915487)|HEAP_ALLOCATE|[72]|Bytes:3
07:43:35.0 (10980129)|HEAP_ALLOCATE|[77]|Bytes:152
07:43:35.0 (11000875)|HEAP_ALLOCATE|[342]|Bytes:408
07:43:35.0 (11021800)|HEAP_ALLOCATE|[355]|Bytes:408
07:43:35.0 (11041339)|HEAP_ALLOCATE|[467]|Bytes:48
07:43:35.0 (11088654)|HEAP_ALLOCATE|[139]|Bytes:6
07:43:35.0 (11133270)|HEAP_ALLOCATE|[50]|Bytes:5
07:43:35.0 (11159037)|HEAP_ALLOCATE|[56]|Bytes:5
07:43:35.0 (11168968)|HEAP_ALLOCATE|[64]|Bytes:7
07:43:35.0 (13160318)|VF_DESERIALIZE_VIEWSTATE_END
07:43:35.0 (15595294)|CODE_UNIT_STARTED|[EXTERNAL]|01p360000072SS3|WrapperEmployeeSkills get(EmployeeSkills)
07:43:35.0 (15612019)|SYSTEM_MODE_ENTER|true
07:43:35.0 (15957182)|CODE_UNIT_STARTED|[EXTERNAL]|01p360000072SS3|WrapperEmployeeSkills invoke(getEmployeeSkills)
07:43:35.0 (16012974)|HEAP_ALLOCATE|[EXTERNAL]|Bytes:9
07:43:35.0 (16020585)|HEAP_ALLOCATE|[EXTERNAL]|Bytes:88
07:43:35.0 (16023470)|HEAP_ALLOCATE|[EXTERNAL]|Bytes:6
07:43:35.0 (16025802)|HEAP_ALLOCATE|[EXTERNAL]|Bytes:2
07:43:35.0 (16043038)|METHOD_ENTRY|[1]|01p360000072SS3|WrapperEmployeeSkills.WrapperEmployeeSkills()
07:43:35.0 (16048156)|STATEMENT_EXECUTE|[1]
07:43:35.0 (16059131)|STATEMENT_EXECUTE|[1]
07:43:35.0 (16073915)|SYSTEM_MODE_ENTER|false
07:43:35.0 (16095390)|HEAP_ALLOCATE|[EXTERNAL]|Bytes:5
07:43:35.0 (16100311)|STATEMENT_EXECUTE|[61]
07:43:35.0 (16107476)|SYSTEM_MODE_EXIT|false
07:43:35.0 (16120812)|METHOD_EXIT|[1]|WrapperEmployeeSkills
07:43:35.0 (16131810)|HEAP_ALLOCATE|[EXTERNAL]|Bytes:8
07:43:35.0 (16144562)|VARIABLE_SCOPE_BEGIN|[7]|this|WrapperEmployeeSkills|true|false
07:43:35.0 (16213310)|VARIABLE_ASSIGNMENT|[7]|this|{"skillsList":"0x3cc96af5"}|0x33f97953
07:43:35.0 (16231396)|SYSTEM_MODE_ENTER|false
07:43:35.0 (16237112)|HEAP_ALLOCATE|[8]|Bytes:5
07:43:35.0 (16240903)|STATEMENT_EXECUTE|[7]
07:43:35.0 (16301290)|VARIABLE_ASSIGNMENT|[EXTERNAL]|this|{"skillsList":"0x3cc96af5"}|0x33f97953
07:43:35.0 (16316850)|STATEMENT_EXECUTE|[8]
07:43:35.0 (16319081)|STATEMENT_EXECUTE|[17]
07:43:35.0 (16347996)|VARIABLE_ASSIGNMENT|[EXTERNAL]|this|{"skillsList":"0x3cc96af5"}|0x33f97953
07:43:35.0 (16361715)|SYSTEM_MODE_EXIT|false
07:43:35.0 (16374556)|CODE_UNIT_FINISHED|WrapperEmployeeSkills invoke(getEmployeeSkills)
07:43:35.0 (16395766)|CODE_UNIT_FINISHED|WrapperEmployeeSkills get(EmployeeSkills)
07:43:35.0 (16832586)|CODE_UNIT_STARTED|[EXTERNAL]|01p360000072SS3|selected
07:43:35.0 (16847877)|HEAP_ALLOCATE|[EXTERNAL]|Bytes:112
07:43:35.0 (16853770)|HEAP_ALLOCATE|[EXTERNAL]|Bytes:8
07:43:35.0 (16862143)|CODE_UNIT_FINISHED|selected
07:43:35.0 (17136901)|CODE_UNIT_STARTED|[EXTERNAL]|wEmployee set(selected,true)
07:43:35.0 (17176591)|HEAP_ALLOCATE|[EXTERNAL]|Bytes:5
07:43:35.0 (17186098)|HEAP_ALLOCATE|[EXTERNAL]|Bytes:12
07:43:35.0 (17197818)|VARIABLE_ASSIGNMENT|[EXTERNAL]|this.selected|true|0x50a060
07:43:35.0 (17205275)|CODE_UNIT_FINISHED|wEmployee set(selected,true)
07:43:35.0 (17393042)|CODE_UNIT_STARTED|[EXTERNAL]|01p360000072SS3|WrapperEmployeeSkills invoke(processSelected)
07:43:35.0 (17424112)|HEAP_ALLOCATE|[EXTERNAL]|Bytes:8
07:43:35.0 (17434007)|VARIABLE_SCOPE_BEGIN|[21]|this|WrapperEmployeeSkills|true|false
07:43:35.0 (17453121)|VARIABLE_ASSIGNMENT|[21]|this|{"skillsList":"0x3cc96af5"}|0x33f97953
07:43:35.0 (17466283)|SYSTEM_MODE_ENTER|false
07:43:35.0 (17472127)|HEAP_ALLOCATE|[23]|Bytes:5
07:43:35.0 (17475910)|STATEMENT_EXECUTE|[22]
07:43:35.0 (17477352)|STATEMENT_EXECUTE|[23]
07:43:35.0 (17478435)|STATEMENT_EXECUTE|[24]
07:43:35.0 (17479447)|STATEMENT_EXECUTE|[27]
07:43:35.0 (17505397)|HEAP_ALLOCATE|[27]|Bytes:4
07:43:35.0 (17594488)|VARIABLE_SCOPE_BEGIN|[27]|selectedSkills|List<Employee_Skills__c>|true|false
07:43:35.0 (17603340)|HEAP_ALLOCATE|[EXTERNAL]|Bytes:4
07:43:35.0 (17623897)|VARIABLE_ASSIGNMENT|[27]|selectedSkills|{"s":1,"v":[]}|0x7b9d7084
07:43:35.0 (17644245)|METHOD_ENTRY|[30]|01p360000072SS3|WrapperEmployeeSkills.getEmployeeSkills()
07:43:35.0 (17656612)|VARIABLE_SCOPE_BEGIN|[7]|this|WrapperEmployeeSkills|true|false
07:43:35.0 (17673413)|VARIABLE_ASSIGNMENT|[7]|this|{"skillsList":"0x3cc96af5"}|0x33f97953
07:43:35.0 (17681664)|HEAP_ALLOCATE|[8]|Bytes:5
07:43:35.0 (17685194)|STATEMENT_EXECUTE|[7]
07:43:35.0 (17704330)|VARIABLE_ASSIGNMENT|[EXTERNAL]|this|{"skillsList":"0x3cc96af5"}|0x33f97953
07:43:35.0 (17712444)|STATEMENT_EXECUTE|[8]
07:43:35.0 (17714042)|STATEMENT_EXECUTE|[17]
07:43:35.0 (17728296)|VARIABLE_ASSIGNMENT|[EXTERNAL]|this|{"skillsList":"0x3cc96af5"}|0x33f97953
07:43:35.0 (17738966)|METHOD_EXIT|[30]|01p360000072SS3|WrapperEmployeeSkills.getEmployeeSkills()
07:43:35.0 (17985690)|HEAP_ALLOCATE|[30]|Bytes:5
07:43:35.0 (18005150)|HEAP_ALLOCATE|[30]|Bytes:12
07:43:35.0 (18016073)|VARIABLE_SCOPE_BEGIN|[30]|wEmp|WrapperEmployeeSkills.wEmployee|true|false
07:43:35.0 (18049021)|VARIABLE_ASSIGNMENT|[30]|wEmp|{"selected":true,"skill":"0x43afa44d"}|0x50a060
07:43:35.0 (18053758)|STATEMENT_EXECUTE|[30]
07:43:35.0 (18100911)|VARIABLE_ASSIGNMENT|[EXTERNAL]|this|{"selected":true,"skill":"0x43afa44d"}|0x50a060
07:43:35.0 (18114268)|STATEMENT_EXECUTE|[31]
07:43:35.0 (18115952)|STATEMENT_EXECUTE|[32]
07:43:35.0 (18156593)|VARIABLE_ASSIGNMENT|[EXTERNAL]|this|{"selected":true,"skill":"0x43afa44d"}|0x50a060
07:43:35.0 (18182194)|HEAP_ALLOCATE|[EXTERNAL]|Bytes:4
07:43:35.0 (18197216)|HEAP_ALLOCATE|[30]|Bytes:5
07:43:35.0 (18214933)|VARIABLE_ASSIGNMENT|[30]|wEmp|null|
07:43:35.0 (18355823)|HEAP_ALLOCATE|[39]|Bytes:5
07:43:35.0 (18399888)|HEAP_ALLOCATE|[39]|Bytes:32
07:43:35.0 (18410008)|VARIABLE_SCOPE_BEGIN|[39]|es|Employee_Skills__c|true|false
07:43:35.0 (18438477)|VARIABLE_ASSIGNMENT|[39]|es|{"s":1,"v":{"Id":"a0C36000000iqCUEAY","Name":"Tools","Employee__c":"a0A36000001ygYkEAI","Project__c":"a0736000000Ew01AAC","Status__c":"Waiting for submit","Employee__r":{"s":2,"v":{"Name":"Andriy Lokotosh","Id":"a0A36000001ygYkEAI"}},"Project__r":{"s":3,"v":{"Name":"eBank","Id":"a0736000000Ew01AAC"}}}}|0x43afa44d
07:43:35.0 (18443924)|STATEMENT_EXECUTE|[40]
07:43:35.0 (18445306)|STATEMENT_EXECUTE|[41]
07:43:35.0 (18549435)|VARIABLE_SCOPE_BEGIN|[41]|req|Approval.ProcessSubmitRequest|true|false
07:43:35.0 (18652356)|VARIABLE_ASSIGNMENT|[41]|req|"common.api.soap.wsdl.ProcessSubmitRequest@9a89421"|0x30f39685
07:43:35.0 (18657808)|STATEMENT_EXECUTE|[42]
07:43:35.0 (18662645)|HEAP_ALLOCATE|[42]|Bytes:39
07:43:35.0 (18723290)|STATEMENT_EXECUTE|[43]
07:43:35.0 (20202288)|HEAP_ALLOCATE|[43]|Bytes:18
07:43:35.0 (21437760)|STATEMENT_EXECUTE|[45]
07:43:35.0 (22023319)|HEAP_ALLOCATE|[45]|Bytes:8
07:43:35.0 (22043729)|DML_BEGIN|[45]|Op:Process|Type:ProcessRequest|Rows:1
07:43:35.0 (22077841)|HEAP_ALLOCATE|[EXTERNAL]|Bytes:8
07:43:35.0 (42189942)|CODE_UNIT_STARTED|[EXTERNAL]|Workflow:ApprovalProcessActions
07:43:35.0 (58608046)|WF_APPROVAL_SUBMIT|[Employee Skills: Tools a0C36000000iqCU]
07:43:35.0 (59592138)|WF_APPROVAL_SUBMITTER|Andrew Lokotosh|005360000011kEE
07:43:35.0 (86157176)|WF_RULE_FILTER|[Employee Skills : Status equals Pending approval]
07:43:35.0 (86734545)|WF_RULE_EVAL_VALUE|4
07:43:35.0 (86828184)|WF_EVAL_ENTRY_CRITERIA|Employee skill|00X36000000QVVE|false
07:43:35.0 (86920936)|WF_RULE_FILTER|[Employee Skills : Status equals Pending approval]
07:43:35.0 (86947517)|WF_RULE_EVAL_VALUE|4
07:43:35.0 (86957375)|WF_EVAL_ENTRY_CRITERIA|Employee skill|00X36000000QVVE|false
07:43:35.0 (87119951)|WF_PROCESS_FOUND||No applicable approval process was found.
07:43:35.0 (88262758)|CODE_UNIT_FINISHED|Workflow:ApprovalProcessActions
07:43:35.0 (89079670)|DML_END|[45]
07:43:35.0 (89223825)|EXCEPTION_THROWN|[45]|System.DmlException: Process failed. First exception on row 0; first error: NO_APPLICABLE_PROCESS, No applicable approval process was found.: []
07:43:35.0 (90018915)|HEAP_ALLOCATE|[45]|Bytes:127
07:43:35.0 (90110122)|VARIABLE_SCOPE_BEGIN|[53]|ex|Exception|true|false
07:43:35.0 (90233967)|VARIABLE_ASSIGNMENT|[53]|ex|"common.apex.runtime.impl.DmlExecutionException: Process failed. First exception on row 0; first error: NO_APPLICABLE_PROCESS, No applicable approval process was found.: []"|0x4066dcee
07:43:35.0 (90243961)|STATEMENT_EXECUTE|[53]
07:43:35.0 (90249603)|STATEMENT_EXECUTE|[54]
07:43:35.0 (90263323)|HEAP_ALLOCATE|[54]|Bytes:1
07:43:35.0 (90332080)|VARIABLE_SCOPE_BEGIN|[54]|pageRef|System.PageReference|true|false
07:43:35.0 (90414404)|VARIABLE_ASSIGNMENT|[54]|pageRef|"/"|0x59ee7478
07:43:35.0 (90421023)|STATEMENT_EXECUTE|[55]
07:43:35.0 (90522265)|STATEMENT_EXECUTE|[56]
07:43:35.0 (90536628)|SYSTEM_MODE_EXIT|false
07:43:35.0 (93959472)|CODE_UNIT_FINISHED|WrapperEmployeeSkills invoke(processSelected)
07:43:35.0 (94719571)|VF_APEX_CALL|j_id4|{!processSelected}|PageReference:/
07:43:35.97 (97505587)|CUMULATIVE_LIMIT_USAGE
07:43:35.97 (97505587)|LIMIT_USAGE_FOR_NS|(default)|
  Number of SOQL queries: 0 out of 100
  Number of query rows: 0 out of 50000
  Number of SOSL queries: 0 out of 20
  Number of DML statements: 1 out of 150
  Number of DML rows: 1 out of 10000
  Maximum CPU time: 0 out of 10000
  Maximum heap size: 0 out of 6000000
  Number of callouts: 0 out of 100
  Number of Email Invocations: 0 out of 10
  Number of future calls: 0 out of 50
  Number of queueable jobs added to the queue: 0 out of 50
  Number of Mobile Apex push calls: 0 out of 10

07:43:35.97 (97505587)|CUMULATIVE_LIMIT_USAGE_END

07:43:35.0 (97557218)|CODE_UNIT_FINISHED|VF: /apex/AprooveWraper
07:43:35.0 (98853743)|EXECUTION_FINISHED
