36.0 APEX_CODE,FINEST;APEX_PROFILING,INFO;CALLOUT,INFO;DB,INFO;SYSTEM,DEBUG;VALIDATION,INFO;VISUALFORCE,INFO;WORKFLOW,INFO
06:21:01.0 (698818)|EXECUTION_STARTED
06:21:01.0 (735203)|CODE_UNIT_STARTED|[EXTERNAL]|06636000002n7XB|VF: /apex/DraftsToPersonTable
06:21:01.0 (11055035)|CODE_UNIT_STARTED|[EXTERNAL]|01p360000074pQr|DraftsToPersons <init>
06:21:01.0 (11073470)|SYSTEM_MODE_ENTER|true
06:21:01.0 (11588646)|HEAP_ALLOCATE|[72]|Bytes:3
06:21:01.0 (11643530)|HEAP_ALLOCATE|[77]|Bytes:152
06:21:01.0 (11660779)|HEAP_ALLOCATE|[342]|Bytes:408
06:21:01.0 (11680527)|HEAP_ALLOCATE|[355]|Bytes:408
06:21:01.0 (11699478)|HEAP_ALLOCATE|[467]|Bytes:48
06:21:01.0 (11734921)|HEAP_ALLOCATE|[139]|Bytes:6
06:21:01.0 (11760140)|HEAP_ALLOCATE|[EXTERNAL]|Bytes:10
06:21:01.0 (11766013)|HEAP_ALLOCATE|[EXTERNAL]|Bytes:144
06:21:01.0 (11769199)|HEAP_ALLOCATE|[EXTERNAL]|Bytes:21
06:21:01.0 (11784864)|METHOD_ENTRY|[1]|01p360000074pQr|DraftsToPersons.DraftsToPersons()
06:21:01.0 (11790211)|STATEMENT_EXECUTE|[1]
06:21:01.0 (11798536)|STATEMENT_EXECUTE|[1]
06:21:01.0 (11835392)|HEAP_ALLOCATE|[50]|Bytes:5
06:21:01.0 (11859416)|HEAP_ALLOCATE|[56]|Bytes:5
06:21:01.0 (11868804)|HEAP_ALLOCATE|[64]|Bytes:7
06:21:01.0 (11894955)|SYSTEM_MODE_ENTER|false
06:21:01.0 (11911612)|HEAP_ALLOCATE|[EXTERNAL]|Bytes:5
06:21:01.0 (11916238)|STATEMENT_EXECUTE|[69]
06:21:01.0 (11921428)|SYSTEM_MODE_EXIT|false
06:21:01.0 (11931907)|METHOD_EXIT|[1]|DraftsToPersons
06:21:01.0 (12244907)|HEAP_ALLOCATE|[EXTERNAL]|Bytes:20
06:21:01.0 (12262118)|VARIABLE_SCOPE_BEGIN|[7]|this|DraftsToPersons|true|false
06:21:01.0 (12339675)|VARIABLE_ASSIGNMENT|[7]|this|{}|0x1d1ef457
06:21:01.0 (12353667)|SYSTEM_MODE_ENTER|false
06:21:01.0 (12358831)|HEAP_ALLOCATE|[EXTERNAL]|Bytes:5
06:21:01.0 (12362366)|STATEMENT_EXECUTE|[1]
06:21:01.0 (12365175)|HEAP_ALLOCATE|[EXTERNAL]|Bytes:5
06:21:01.0 (12366936)|STATEMENT_EXECUTE|[2]
06:21:01.0 (12368082)|STATEMENT_EXECUTE|[3]
06:21:01.0 (12369073)|STATEMENT_EXECUTE|[4]
06:21:01.0 (12370010)|STATEMENT_EXECUTE|[5]
06:21:01.0 (12379579)|HEAP_ALLOCATE|[EXTERNAL]|Bytes:6
06:21:01.0 (12406371)|STATEMENT_EXECUTE|[8]
06:21:01.0 (12412159)|SYSTEM_MODE_EXIT|false
06:21:01.0 (12430134)|CODE_UNIT_FINISHED|DraftsToPersons <init>
06:21:01.0 (12482563)|CODE_UNIT_STARTED|[EXTERNAL]|01p360000074pQr|DraftsToPersons get(Persons)
06:21:01.0 (12491315)|SYSTEM_MODE_ENTER|true
06:21:01.0 (12517512)|CODE_UNIT_STARTED|[EXTERNAL]|01p360000074pQr|DraftsToPersons invoke(getPersons)
06:21:01.0 (12555884)|HEAP_ALLOCATE|[EXTERNAL]|Bytes:20
06:21:01.0 (12567394)|VARIABLE_SCOPE_BEGIN|[23]|this|DraftsToPersons|true|false
06:21:01.0 (12586440)|VARIABLE_ASSIGNMENT|[23]|this|{}|0x1d1ef457
06:21:01.0 (12601643)|SYSTEM_MODE_ENTER|false
06:21:01.0 (12606313)|HEAP_ALLOCATE|[25]|Bytes:5
06:21:01.0 (12609766)|STATEMENT_EXECUTE|[24]
06:21:01.0 (12656157)|VARIABLE_ASSIGNMENT|[EXTERNAL]|this|{}|0x1d1ef457
06:21:01.0 (12670338)|STATEMENT_EXECUTE|[26]
06:21:01.0 (12672098)|STATEMENT_EXECUTE|[27]
06:21:01.0 (12675707)|HEAP_ALLOCATE|[27]|Bytes:71
06:21:01.0 (12688007)|HEAP_ALLOCATE|[27]|Bytes:4
06:21:01.0 (13575184)|SOQL_EXECUTE_BEGIN|[27]|Aggregations:0|SELECT id, Name FROM Person__c ORDER BY Name ASC NULLS FIRST LIMIT 1000
06:21:01.0 (16294846)|SOQL_EXECUTE_END|[27]|Rows:2
06:21:01.0 (16315031)|HEAP_ALLOCATE|[27]|Bytes:12
06:21:01.0 (16333474)|HEAP_ALLOCATE|[27]|Bytes:97
06:21:01.0 (16369971)|HEAP_ALLOCATE|[27]|Bytes:12
06:21:01.0 (16416022)|VARIABLE_ASSIGNMENT|[EXTERNAL]|this|{}|0x1d1ef457
06:21:01.0 (16453372)|VARIABLE_ASSIGNMENT|[EXTERNAL]|value|{"s":1,"v":[{"s":2,"v":{"Id":"a0N36000000xneOEAQ","Name":"Andiy Lokotosh"}},{"s":3,"v":{"Id":"a0N36000000xneTEAQ","Name":"Jon Smith"}}]}|0x32ce46d0
06:21:01.0 (16474918)|VARIABLE_ASSIGNMENT|[3]|this.pers|{"s":1,"v":[{"s":2,"v":{"Id":"a0N36000000xneOEAQ","Name":"Andiy Lokotosh"}},{"s":3,"v":{"Id":"a0N36000000xneTEAQ","Name":"Jon Smith"}}]}|0x1d1ef457
06:21:01.0 (16484103)|STATEMENT_EXECUTE|[31]
06:21:01.0 (16518564)|VARIABLE_ASSIGNMENT|[EXTERNAL]|this|{"pers":"0x32ce46d0"}|0x1d1ef457
06:21:01.0 (16533365)|SYSTEM_MODE_EXIT|false
06:21:01.0 (16548163)|CODE_UNIT_FINISHED|DraftsToPersons invoke(getPersons)
06:21:01.0 (16569666)|CODE_UNIT_FINISHED|DraftsToPersons get(Persons)
06:21:01.0 (16910249)|CODE_UNIT_STARTED|[EXTERNAL]|01p360000074pQr|DraftsToPersons get(Drafts)
06:21:01.0 (16919967)|SYSTEM_MODE_ENTER|true
06:21:01.0 (16941701)|CODE_UNIT_STARTED|[EXTERNAL]|01p360000074pQr|DraftsToPersons invoke(getDrafts)
06:21:01.0 (16978296)|HEAP_ALLOCATE|[EXTERNAL]|Bytes:20
06:21:01.0 (16993936)|VARIABLE_SCOPE_BEGIN|[12]|this|DraftsToPersons|true|false
06:21:01.0 (17016693)|VARIABLE_ASSIGNMENT|[12]|this|{"pers":"0x32ce46d0"}|0x1d1ef457
06:21:01.0 (17030674)|SYSTEM_MODE_ENTER|false
06:21:01.0 (17036066)|HEAP_ALLOCATE|[14]|Bytes:5
06:21:01.0 (17039673)|STATEMENT_EXECUTE|[13]
06:21:01.0 (17084079)|VARIABLE_ASSIGNMENT|[EXTERNAL]|this|{"pers":"0x32ce46d0"}|0x1d1ef457
06:21:01.0 (17095674)|STATEMENT_EXECUTE|[15]
06:21:01.0 (17097225)|STATEMENT_EXECUTE|[16]
06:21:01.0 (17101100)|HEAP_ALLOCATE|[16]|Bytes:70
06:21:01.0 (17108191)|HEAP_ALLOCATE|[16]|Bytes:4
06:21:01.0 (17842981)|SOQL_EXECUTE_BEGIN|[16]|Aggregations:0|SELECT id, Name FROM Draft__c ORDER BY Name ASC NULLS FIRST LIMIT 1000
06:21:01.0 (19711557)|SOQL_EXECUTE_END|[16]|Rows:2
06:21:01.0 (19728632)|HEAP_ALLOCATE|[16]|Bytes:12
06:21:01.0 (19742414)|HEAP_ALLOCATE|[16]|Bytes:95
06:21:01.0 (19767877)|HEAP_ALLOCATE|[16]|Bytes:12
06:21:01.0 (19818466)|VARIABLE_ASSIGNMENT|[EXTERNAL]|this|{"pers":"0x32ce46d0"}|0x1d1ef457
06:21:01.0 (19841482)|VARIABLE_ASSIGNMENT|[EXTERNAL]|value|{"s":1,"v":[{"s":2,"v":{"Id":"a0R3600000032Q3EAI","Name":"Ebay"}},{"s":3,"v":{"Id":"a0R3600000032PyEAI","Name":"Electronic System"}}]}|0x2f7336a0
06:21:01.0 (19861469)|VARIABLE_ASSIGNMENT|[2]|this.draft|{"s":1,"v":[{"s":2,"v":{"Id":"a0R3600000032Q3EAI","Name":"Ebay"}},{"s":3,"v":{"Id":"a0R3600000032PyEAI","Name":"Electronic System"}}]}|0x1d1ef457
06:21:01.0 (19870453)|STATEMENT_EXECUTE|[21]
06:21:01.0 (19905120)|VARIABLE_ASSIGNMENT|[EXTERNAL]|this|{"draft":"0x2f7336a0","pers":"0x32ce46d0"}|0x1d1ef457
06:21:01.0 (19919898)|SYSTEM_MODE_EXIT|false
06:21:01.0 (19933629)|CODE_UNIT_FINISHED|DraftsToPersons invoke(getDrafts)
06:21:01.0 (19954911)|CODE_UNIT_FINISHED|DraftsToPersons get(Drafts)
06:21:01.0 (20212521)|CODE_UNIT_STARTED|[EXTERNAL]|01p360000074pQr|DraftsToPersons get(Times)
06:21:01.0 (20223087)|SYSTEM_MODE_ENTER|true
06:21:01.0 (20238828)|CODE_UNIT_STARTED|[EXTERNAL]|01p360000074pQr|Times
06:21:01.0 (20250896)|CODE_UNIT_FINISHED|Times
06:21:01.0 (20267607)|CODE_UNIT_FINISHED|DraftsToPersons get(Times)
06:21:01.55 (55883272)|CUMULATIVE_LIMIT_USAGE
06:21:01.55 (55883272)|LIMIT_USAGE_FOR_NS|(default)|
  Number of SOQL queries: 2 out of 100
  Number of query rows: 4 out of 50000
  Number of SOSL queries: 0 out of 20
  Number of DML statements: 0 out of 150
  Number of DML rows: 0 out of 10000
  Maximum CPU time: 0 out of 10000
  Maximum heap size: 0 out of 6000000
  Number of callouts: 0 out of 100
  Number of Email Invocations: 0 out of 10
  Number of future calls: 0 out of 50
  Number of queueable jobs added to the queue: 0 out of 50
  Number of Mobile Apex push calls: 0 out of 10

06:21:01.55 (55883272)|CUMULATIVE_LIMIT_USAGE_END

06:21:01.0 (55948111)|CODE_UNIT_FINISHED|VF: /apex/DraftsToPersonTable
06:21:01.0 (57302585)|EXECUTION_FINISHED
