36.0 APEX_CODE,FINEST;APEX_PROFILING,INFO;CALLOUT,INFO;DB,INFO;SYSTEM,DEBUG;VALIDATION,INFO;VISUALFORCE,INFO;WORKFLOW,INFO
10:03:01.0 (600752)|EXECUTION_STARTED
10:03:01.0 (637325)|CODE_UNIT_STARTED|[EXTERNAL]|06636000002n7XB|VF: /apex/DraftsToPersonTable
10:03:01.0 (10798773)|CODE_UNIT_STARTED|[EXTERNAL]|01p360000074pQr|DraftsToPersons <init>
10:03:01.0 (10819757)|SYSTEM_MODE_ENTER|true
10:03:01.0 (11374416)|HEAP_ALLOCATE|[72]|Bytes:3
10:03:01.0 (11418868)|HEAP_ALLOCATE|[77]|Bytes:152
10:03:01.0 (11437784)|HEAP_ALLOCATE|[342]|Bytes:408
10:03:01.0 (11462689)|HEAP_ALLOCATE|[355]|Bytes:408
10:03:01.0 (11482518)|HEAP_ALLOCATE|[467]|Bytes:48
10:03:01.0 (11515864)|HEAP_ALLOCATE|[139]|Bytes:6
10:03:01.0 (11538267)|HEAP_ALLOCATE|[EXTERNAL]|Bytes:10
10:03:01.0 (11543518)|HEAP_ALLOCATE|[EXTERNAL]|Bytes:140
10:03:01.0 (11546241)|HEAP_ALLOCATE|[EXTERNAL]|Bytes:21
10:03:01.0 (11567937)|METHOD_ENTRY|[1]|01p360000074pQr|DraftsToPersons.DraftsToPersons()
10:03:01.0 (11573936)|STATEMENT_EXECUTE|[1]
10:03:01.0 (11581707)|STATEMENT_EXECUTE|[1]
10:03:01.0 (11618567)|HEAP_ALLOCATE|[50]|Bytes:5
10:03:01.0 (11639244)|HEAP_ALLOCATE|[56]|Bytes:5
10:03:01.0 (11648105)|HEAP_ALLOCATE|[64]|Bytes:7
10:03:01.0 (11672904)|SYSTEM_MODE_ENTER|false
10:03:01.0 (11690018)|HEAP_ALLOCATE|[EXTERNAL]|Bytes:5
10:03:01.0 (11694506)|STATEMENT_EXECUTE|[69]
10:03:01.0 (11700200)|SYSTEM_MODE_EXIT|false
10:03:01.0 (11710912)|METHOD_EXIT|[1]|DraftsToPersons
10:03:01.0 (11999799)|HEAP_ALLOCATE|[EXTERNAL]|Bytes:20
10:03:01.0 (12012483)|VARIABLE_SCOPE_BEGIN|[7]|this|DraftsToPersons|true|false
10:03:01.0 (12102322)|VARIABLE_ASSIGNMENT|[7]|this|{}|0x6f51f4e1
10:03:01.0 (12116060)|SYSTEM_MODE_ENTER|false
10:03:01.0 (12121858)|HEAP_ALLOCATE|[EXTERNAL]|Bytes:5
10:03:01.0 (12125911)|STATEMENT_EXECUTE|[1]
10:03:01.0 (12128925)|HEAP_ALLOCATE|[EXTERNAL]|Bytes:5
10:03:01.0 (12130790)|STATEMENT_EXECUTE|[2]
10:03:01.0 (12132472)|STATEMENT_EXECUTE|[3]
10:03:01.0 (12133539)|STATEMENT_EXECUTE|[4]
10:03:01.0 (12134607)|STATEMENT_EXECUTE|[5]
10:03:01.0 (12144439)|HEAP_ALLOCATE|[EXTERNAL]|Bytes:6
10:03:01.0 (12170099)|STATEMENT_EXECUTE|[8]
10:03:01.0 (12176222)|SYSTEM_MODE_EXIT|false
10:03:01.0 (12194677)|CODE_UNIT_FINISHED|DraftsToPersons <init>
10:03:01.0 (12245158)|CODE_UNIT_STARTED|[EXTERNAL]|01p360000074pQr|DraftsToPersons get(Persons)
10:03:01.0 (12255193)|SYSTEM_MODE_ENTER|true
10:03:01.0 (12276426)|CODE_UNIT_STARTED|[EXTERNAL]|01p360000074pQr|DraftsToPersons invoke(getPersons)
10:03:01.0 (12313170)|HEAP_ALLOCATE|[EXTERNAL]|Bytes:20
10:03:01.0 (12321736)|VARIABLE_SCOPE_BEGIN|[23]|this|DraftsToPersons|true|false
10:03:01.0 (12340572)|VARIABLE_ASSIGNMENT|[23]|this|{}|0x6f51f4e1
10:03:01.0 (12356583)|SYSTEM_MODE_ENTER|false
10:03:01.0 (12361581)|HEAP_ALLOCATE|[25]|Bytes:5
10:03:01.0 (12365380)|STATEMENT_EXECUTE|[24]
10:03:01.0 (12414957)|VARIABLE_ASSIGNMENT|[EXTERNAL]|this|{}|0x6f51f4e1
10:03:01.0 (12428868)|STATEMENT_EXECUTE|[26]
10:03:01.0 (12430751)|STATEMENT_EXECUTE|[27]
10:03:01.0 (12434336)|HEAP_ALLOCATE|[27]|Bytes:71
10:03:01.0 (12443319)|HEAP_ALLOCATE|[27]|Bytes:4
10:03:01.0 (13519862)|SOQL_EXECUTE_BEGIN|[27]|Aggregations:0|SELECT id, Name FROM Person__c ORDER BY Name ASC NULLS FIRST LIMIT 1000
10:03:01.0 (16712927)|SOQL_EXECUTE_END|[27]|Rows:2
10:03:01.0 (16730747)|HEAP_ALLOCATE|[27]|Bytes:12
10:03:01.0 (16746790)|HEAP_ALLOCATE|[27]|Bytes:97
10:03:01.0 (16771773)|HEAP_ALLOCATE|[27]|Bytes:12
10:03:01.0 (16820069)|VARIABLE_ASSIGNMENT|[EXTERNAL]|this|{}|0x6f51f4e1
10:03:01.0 (16860593)|VARIABLE_ASSIGNMENT|[EXTERNAL]|value|{"s":1,"v":[{"s":2,"v":{"Id":"a0N36000000xneOEAQ","Name":"Andiy Lokotosh"}},{"s":3,"v":{"Id":"a0N36000000xneTEAQ","Name":"Jon Smith"}}]}|0x29bd66b6
10:03:01.0 (16884394)|VARIABLE_ASSIGNMENT|[3]|this.pers|{"s":1,"v":[{"s":2,"v":{"Id":"a0N36000000xneOEAQ","Name":"Andiy Lokotosh"}},{"s":3,"v":{"Id":"a0N36000000xneTEAQ","Name":"Jon Smith"}}]}|0x6f51f4e1
10:03:01.0 (16896274)|STATEMENT_EXECUTE|[31]
10:03:01.0 (16933511)|VARIABLE_ASSIGNMENT|[EXTERNAL]|this|{"pers":"0x29bd66b6"}|0x6f51f4e1
10:03:01.0 (16949790)|SYSTEM_MODE_EXIT|false
10:03:01.0 (16964505)|CODE_UNIT_FINISHED|DraftsToPersons invoke(getPersons)
10:03:01.0 (16986778)|CODE_UNIT_FINISHED|DraftsToPersons get(Persons)
10:03:01.0 (17246065)|CODE_UNIT_STARTED|[EXTERNAL]|01p360000074pQr|DraftsToPersons get(Drafts)
10:03:01.0 (17257578)|SYSTEM_MODE_ENTER|true
10:03:01.0 (17273230)|CODE_UNIT_STARTED|[EXTERNAL]|01p360000074pQr|DraftsToPersons invoke(getDrafts)
10:03:01.0 (17308585)|HEAP_ALLOCATE|[EXTERNAL]|Bytes:20
10:03:01.0 (17317167)|VARIABLE_SCOPE_BEGIN|[12]|this|DraftsToPersons|true|false
10:03:01.0 (17338846)|VARIABLE_ASSIGNMENT|[12]|this|{"pers":"0x29bd66b6"}|0x6f51f4e1
10:03:01.0 (17352114)|SYSTEM_MODE_ENTER|false
10:03:01.0 (17357842)|HEAP_ALLOCATE|[14]|Bytes:5
10:03:01.0 (17361607)|STATEMENT_EXECUTE|[13]
10:03:01.0 (17407360)|VARIABLE_ASSIGNMENT|[EXTERNAL]|this|{"pers":"0x29bd66b6"}|0x6f51f4e1
10:03:01.0 (17421411)|STATEMENT_EXECUTE|[15]
10:03:01.0 (17423268)|STATEMENT_EXECUTE|[16]
10:03:01.0 (17426916)|HEAP_ALLOCATE|[16]|Bytes:70
10:03:01.0 (17432891)|HEAP_ALLOCATE|[16]|Bytes:4
10:03:01.0 (18148924)|SOQL_EXECUTE_BEGIN|[16]|Aggregations:0|SELECT id, Name FROM Draft__c ORDER BY Name ASC NULLS FIRST LIMIT 1000
10:03:01.0 (19757974)|SOQL_EXECUTE_END|[16]|Rows:2
10:03:01.0 (19773059)|HEAP_ALLOCATE|[16]|Bytes:12
10:03:01.0 (19784790)|HEAP_ALLOCATE|[16]|Bytes:95
10:03:01.0 (19808108)|HEAP_ALLOCATE|[16]|Bytes:12
10:03:01.0 (19858635)|VARIABLE_ASSIGNMENT|[EXTERNAL]|this|{"pers":"0x29bd66b6"}|0x6f51f4e1
10:03:01.0 (19882535)|VARIABLE_ASSIGNMENT|[EXTERNAL]|value|{"s":1,"v":[{"s":2,"v":{"Id":"a0R3600000032Q3EAI","Name":"Ebay"}},{"s":3,"v":{"Id":"a0R3600000032PyEAI","Name":"Electronic System"}}]}|0x2449a668
10:03:01.0 (19903377)|VARIABLE_ASSIGNMENT|[2]|this.draft|{"s":1,"v":[{"s":2,"v":{"Id":"a0R3600000032Q3EAI","Name":"Ebay"}},{"s":3,"v":{"Id":"a0R3600000032PyEAI","Name":"Electronic System"}}]}|0x6f51f4e1
10:03:01.0 (19915538)|STATEMENT_EXECUTE|[21]
10:03:01.0 (19953302)|VARIABLE_ASSIGNMENT|[EXTERNAL]|this|{"draft":"0x2449a668","pers":"0x29bd66b6"}|0x6f51f4e1
10:03:01.0 (19969721)|SYSTEM_MODE_EXIT|false
10:03:01.0 (19983159)|CODE_UNIT_FINISHED|DraftsToPersons invoke(getDrafts)
10:03:01.0 (20004128)|CODE_UNIT_FINISHED|DraftsToPersons get(Drafts)
10:03:01.55 (55474429)|CUMULATIVE_LIMIT_USAGE
10:03:01.55 (55474429)|LIMIT_USAGE_FOR_NS|(default)|
  Number of SOQL queries: 2 out of 100
  Number of query rows: 4 out of 50000
  Number of SOSL queries: 0 out of 20
  Number of DML statements: 0 out of 150
  Number of DML rows: 0 out of 10000
  Maximum CPU time: 0 out of 10000
  Maximum heap size: 0 out of 6000000
  Number of callouts: 0 out of 100
  Number of Email Invocations: 0 out of 10
  Number of future calls: 0 out of 50
  Number of queueable jobs added to the queue: 0 out of 50
  Number of Mobile Apex push calls: 0 out of 10

10:03:01.55 (55474429)|CUMULATIVE_LIMIT_USAGE_END

10:03:01.0 (55533235)|CODE_UNIT_FINISHED|VF: /apex/DraftsToPersonTable
10:03:01.0 (56519897)|EXECUTION_FINISHED
