36.0 APEX_CODE,FINEST;APEX_PROFILING,INFO;CALLOUT,INFO;DB,INFO;SYSTEM,DEBUG;VALIDATION,INFO;VISUALFORCE,INFO;WORKFLOW,INFO
08:48:53.0 (534022)|EXECUTION_STARTED
08:48:53.0 (565493)|CODE_UNIT_STARTED|[EXTERNAL]|01p36000005H3V7|expansesController.getExpenses
08:48:53.0 (930145)|HEAP_ALLOCATE|[72]|Bytes:3
08:48:53.0 (996913)|HEAP_ALLOCATE|[77]|Bytes:152
08:48:53.0 (1018984)|HEAP_ALLOCATE|[342]|Bytes:408
08:48:53.0 (1041507)|HEAP_ALLOCATE|[355]|Bytes:408
08:48:53.0 (1059824)|HEAP_ALLOCATE|[467]|Bytes:48
08:48:53.0 (1107818)|HEAP_ALLOCATE|[139]|Bytes:6
08:48:53.0 (1135950)|HEAP_ALLOCATE|[EXTERNAL]|Bytes:4
08:48:53.0 (1155601)|METHOD_ENTRY|[1]|01p36000005H3V7|expansesController.expansesController()
08:48:53.0 (1161187)|STATEMENT_EXECUTE|[1]
08:48:53.0 (1168884)|STATEMENT_EXECUTE|[1]
08:48:53.0 (1207445)|HEAP_ALLOCATE|[50]|Bytes:5
08:48:53.0 (1236054)|HEAP_ALLOCATE|[56]|Bytes:5
08:48:53.0 (1245796)|HEAP_ALLOCATE|[64]|Bytes:7
08:48:53.0 (1274607)|SYSTEM_MODE_ENTER|false
08:48:53.0 (1295224)|HEAP_ALLOCATE|[EXTERNAL]|Bytes:5
08:48:53.0 (1303425)|SYSTEM_MODE_EXIT|false
08:48:53.0 (1317085)|METHOD_EXIT|[1]|expansesController
08:48:53.0 (1325114)|SYSTEM_MODE_ENTER|false
08:48:53.0 (1338527)|HEAP_ALLOCATE|[6]|Bytes:5
08:48:53.0 (1342524)|STATEMENT_EXECUTE|[3]
08:48:53.0 (1343958)|STATEMENT_EXECUTE|[6]
08:48:53.0 (1347166)|HEAP_ALLOCATE|[6]|Bytes:90
08:48:53.0 (1357679)|HEAP_ALLOCATE|[6]|Bytes:4
08:48:53.0 (1700807)|SOQL_EXECUTE_BEGIN|[6]|Aggregations:0|SELECT Id, Name, Amount__c, Client__c, Date__c, Reimbursed__c, CreatedDate FROM Expense__c
08:48:53.0 (4677080)|SOQL_EXECUTE_END|[6]|Rows:7
08:48:53.0 (4701855)|HEAP_ALLOCATE|[6]|Bytes:32
08:48:53.0 (4740878)|HEAP_ALLOCATE|[6]|Bytes:1030
08:48:53.0 (4777159)|HEAP_ALLOCATE|[6]|Bytes:32
08:48:53.0 (4800317)|SYSTEM_MODE_EXIT|false
08:48:53.4 (4848209)|CUMULATIVE_LIMIT_USAGE
08:48:53.4 (4848209)|LIMIT_USAGE_FOR_NS|(default)|
  Number of SOQL queries: 1 out of 100
  Number of query rows: 7 out of 50000
  Number of SOSL queries: 0 out of 20
  Number of DML statements: 0 out of 150
  Number of DML rows: 0 out of 10000
  Maximum CPU time: 0 out of 10000
  Maximum heap size: 0 out of 6000000
  Number of callouts: 0 out of 100
  Number of Email Invocations: 0 out of 10
  Number of future calls: 0 out of 50
  Number of queueable jobs added to the queue: 0 out of 50
  Number of Mobile Apex push calls: 0 out of 10

08:48:53.4 (4848209)|CUMULATIVE_LIMIT_USAGE_END

08:48:53.0 (4900480)|CODE_UNIT_FINISHED|expansesController.getExpenses
08:48:53.0 (6458884)|EXECUTION_FINISHED
