36.0 APEX_CODE,FINEST;APEX_PROFILING,INFO;CALLOUT,INFO;DB,INFO;SYSTEM,DEBUG;VALIDATION,INFO;VISUALFORCE,INFO;WORKFLOW,INFO
07:41:54.0 (434069)|EXECUTION_STARTED
07:41:54.0 (465010)|CODE_UNIT_STARTED|[EXTERNAL]|06636000001VcbV|VF: /apex/AprooveWraper
07:41:54.0 (7255136)|CODE_UNIT_STARTED|[EXTERNAL]|01p360000072SS3|WrapperEmployeeSkills <init>
07:41:54.0 (7270254)|SYSTEM_MODE_ENTER|true
07:41:54.0 (7779789)|HEAP_ALLOCATE|[72]|Bytes:3
07:41:54.0 (7834150)|HEAP_ALLOCATE|[77]|Bytes:152
07:41:54.0 (7852932)|HEAP_ALLOCATE|[342]|Bytes:408
07:41:54.0 (7873766)|HEAP_ALLOCATE|[355]|Bytes:408
07:41:54.0 (7892394)|HEAP_ALLOCATE|[467]|Bytes:48
07:41:54.0 (7931703)|HEAP_ALLOCATE|[139]|Bytes:6
07:41:54.0 (7957117)|HEAP_ALLOCATE|[EXTERNAL]|Bytes:9
07:41:54.0 (7962031)|HEAP_ALLOCATE|[EXTERNAL]|Bytes:88
07:41:54.0 (7964621)|HEAP_ALLOCATE|[EXTERNAL]|Bytes:6
07:41:54.0 (7967559)|HEAP_ALLOCATE|[EXTERNAL]|Bytes:2
07:41:54.0 (7983196)|METHOD_ENTRY|[1]|01p360000072SS3|WrapperEmployeeSkills.WrapperEmployeeSkills()
07:41:54.0 (7988560)|STATEMENT_EXECUTE|[1]
07:41:54.0 (7996659)|STATEMENT_EXECUTE|[1]
07:41:54.0 (8034040)|HEAP_ALLOCATE|[50]|Bytes:5
07:41:54.0 (8060429)|HEAP_ALLOCATE|[56]|Bytes:5
07:41:54.0 (8069228)|HEAP_ALLOCATE|[64]|Bytes:7
07:41:54.0 (8105412)|SYSTEM_MODE_ENTER|false
07:41:54.0 (8125154)|HEAP_ALLOCATE|[EXTERNAL]|Bytes:5
07:41:54.0 (8129717)|STATEMENT_EXECUTE|[61]
07:41:54.0 (8135746)|SYSTEM_MODE_EXIT|false
07:41:54.0 (8148153)|METHOD_EXIT|[1]|WrapperEmployeeSkills
07:41:54.0 (8165508)|HEAP_ALLOCATE|[EXTERNAL]|Bytes:8
07:41:54.0 (8178500)|VARIABLE_SCOPE_BEGIN|[1]|this|WrapperEmployeeSkills|true|false
07:41:54.0 (8240713)|VARIABLE_ASSIGNMENT|[1]|this|{}|0x7009c8cb
07:41:54.0 (8252519)|SYSTEM_MODE_ENTER|false
07:41:54.0 (8257863)|HEAP_ALLOCATE|[EXTERNAL]|Bytes:5
07:41:54.0 (8267403)|HEAP_ALLOCATE|[EXTERNAL]|Bytes:6
07:41:54.0 (8298783)|SYSTEM_MODE_EXIT|false
07:41:54.0 (8303107)|STATEMENT_EXECUTE|[1]
07:41:54.0 (8308302)|SYSTEM_MODE_ENTER|false
07:41:54.0 (8312434)|HEAP_ALLOCATE|[EXTERNAL]|Bytes:5
07:41:54.0 (8315513)|STATEMENT_EXECUTE|[4]
07:41:54.0 (8318597)|SYSTEM_MODE_EXIT|false
07:41:54.0 (8334731)|CODE_UNIT_FINISHED|WrapperEmployeeSkills <init>
07:41:54.0 (8382806)|CODE_UNIT_STARTED|[EXTERNAL]|01p360000072SS3|WrapperEmployeeSkills get(EmployeeSkills)
07:41:54.0 (8391781)|SYSTEM_MODE_ENTER|true
07:41:54.0 (8412193)|CODE_UNIT_STARTED|[EXTERNAL]|01p360000072SS3|WrapperEmployeeSkills invoke(getEmployeeSkills)
07:41:54.0 (8444649)|HEAP_ALLOCATE|[EXTERNAL]|Bytes:8
07:41:54.0 (8454465)|VARIABLE_SCOPE_BEGIN|[7]|this|WrapperEmployeeSkills|true|false
07:41:54.0 (8470795)|VARIABLE_ASSIGNMENT|[7]|this|{}|0x7009c8cb
07:41:54.0 (8487438)|SYSTEM_MODE_ENTER|false
07:41:54.0 (8492464)|HEAP_ALLOCATE|[8]|Bytes:5
07:41:54.0 (8496400)|STATEMENT_EXECUTE|[7]
07:41:54.0 (8542106)|VARIABLE_ASSIGNMENT|[EXTERNAL]|this|{}|0x7009c8cb
07:41:54.0 (8556468)|STATEMENT_EXECUTE|[8]
07:41:54.0 (8558158)|STATEMENT_EXECUTE|[9]
07:41:54.0 (8564240)|HEAP_ALLOCATE|[9]|Bytes:4
07:41:54.0 (8680712)|VARIABLE_ASSIGNMENT|[EXTERNAL]|this|{}|0x7009c8cb
07:41:54.0 (8714897)|HEAP_ALLOCATE|[EXTERNAL]|Bytes:4
07:41:54.0 (8732700)|VARIABLE_ASSIGNMENT|[EXTERNAL]|value|{"s":1,"v":[]}|0x535b039f
07:41:54.0 (8747628)|VARIABLE_ASSIGNMENT|[4]|this.skillsList|{"s":1,"v":[]}|0x7009c8cb
07:41:54.0 (8759690)|HEAP_ALLOCATE|[10]|Bytes:122
07:41:54.0 (8772125)|HEAP_ALLOCATE|[10]|Bytes:4
07:41:54.0 (12577570)|SOQL_EXECUTE_BEGIN|[10]|Aggregations:0|SELECT Id, Name, Employee__r.Name, Project__r.Name, Status__c FROM Employee_Skills__c 
07:41:54.0 (22316525)|SOQL_EXECUTE_END|[10]|Rows:10
07:41:54.0 (22337245)|HEAP_ALLOCATE|[EXTERNAL]|Bytes:44
07:41:54.0 (22560338)|HEAP_ALLOCATE|[10]|Bytes:49
07:41:54.0 (22568375)|HEAP_ALLOCATE|[10]|Bytes:8
07:41:54.0 (22582829)|SYSTEM_METHOD_ENTRY|[7]|QueryLocatorIterator.QueryLocatorIterator()
07:41:54.0 (22587235)|STATEMENT_EXECUTE|[7]
07:41:54.0 (22599370)|SYSTEM_METHOD_EXIT|[7]|QueryLocatorIterator
07:41:54.0 (22605845)|HEAP_ALLOCATE|[10]|Bytes:28
07:41:54.0 (22679297)|HEAP_ALLOCATE|[10]|Bytes:44
07:41:54.0 (22696256)|HEAP_ALLOCATE|[10]|Bytes:8
07:41:54.0 (22699418)|HEAP_ALLOCATE|[10]|Bytes:8
07:41:54.0 (22703771)|VARIABLE_SCOPE_BEGIN|[15]|this|Database.QueryLocatorIterator|true|false
07:41:54.0 (22730740)|VARIABLE_ASSIGNMENT|[15]|this|{}|0x5b3e690a
07:41:54.0 (22734610)|VARIABLE_SCOPE_BEGIN|[15]|values|List<SObject>|true|false
07:41:54.0 (22749538)|VARIABLE_ASSIGNMENT|[15]|values|{"s":1,"v":"List of size 10 too large to display"}|0x62bf8464
07:41:54.0 (22752308)|VARIABLE_SCOPE_BEGIN|[15]|ql|Database.QueryLocator|true|false
07:41:54.0 (22768293)|VARIABLE_ASSIGNMENT|[15]|ql|{"query":"SELECT Id, Name, Emp (102 more) ..."}|0x46d57ace
07:41:54.0 (22771294)|VARIABLE_SCOPE_BEGIN|[15]|totalNumRecords|Integer|false|false
07:41:54.0 (22774972)|VARIABLE_ASSIGNMENT|[15]|totalNumRecords|10
07:41:54.0 (22776864)|VARIABLE_SCOPE_BEGIN|[15]|queryMoreSize|Integer|false|false
07:41:54.0 (22779525)|VARIABLE_ASSIGNMENT|[15]|queryMoreSize|49990
07:41:54.0 (22830410)|HEAP_ALLOCATE|[10]|Bytes:28
07:41:54.0 (22855723)|METHOD_ENTRY|[10]||Database.QueryLocatorIterator.hasNext()
07:41:54.0 (22940369)|METHOD_EXIT|[10]||Database.QueryLocatorIterator.hasNext()
07:41:54.0 (22950493)|METHOD_ENTRY|[10]||Database.QueryLocatorIterator.next()
07:41:54.0 (23047707)|METHOD_EXIT|[10]||Database.QueryLocatorIterator.next()
07:41:54.0 (23059862)|VARIABLE_SCOPE_BEGIN|[10]|c|Employee_Skills__c|true|false
07:41:54.0 (23093773)|VARIABLE_ASSIGNMENT|[10]|c|{"s":1,"v":{"Id":"a0C360000003I4VEAU","Name":"Design","Employee__c":"a0A36000001zhkPEAQ","Project__c":"a0736000000F4iQAAS","Status__c":"Pending approval","Employee__r":{"s":2,"v":{"Name":"Robert Dobson","Id":"a0A36000001zhkPEAQ"}},"Project__r":{"s":3,"v":{"Name":"dasdasd","Id":"a0736000000F4iQAAS"}}}}|0x662a3999
07:41:54.0 (23099419)|STATEMENT_EXECUTE|[12]
07:41:54.0 (23100976)|STATEMENT_EXECUTE|[14]
07:41:54.0 (23137556)|VARIABLE_ASSIGNMENT|[EXTERNAL]|this|{"skillsList":"0x535b039f"}|0x7009c8cb
07:41:54.0 (23215194)|HEAP_ALLOCATE|[14]|Bytes:112
07:41:54.0 (23221302)|HEAP_ALLOCATE|[14]|Bytes:8
07:41:54.0 (23235361)|HEAP_ALLOCATE|[14]|Bytes:12
07:41:54.0 (23258541)|CONSTRUCTOR_ENTRY|[14]|01p360000072SS3|<init>(Employee_Skills__c)
07:41:54.0 (23278021)|VARIABLE_SCOPE_BEGIN|[66]|this|WrapperEmployeeSkills.wEmployee|true|false
07:41:54.0 (23310315)|VARIABLE_ASSIGNMENT|[66]|this|{}|0x4f75d132
07:41:54.0 (23316909)|VARIABLE_SCOPE_BEGIN|[66]|s|Employee_Skills__c|true|false
07:41:54.0 (23336918)|VARIABLE_ASSIGNMENT|[66]|s|{"s":1,"v":{"Id":"a0C360000003I4VEAU","Name":"Design","Employee__c":"a0A36000001zhkPEAQ","Project__c":"a0736000000F4iQAAS","Status__c":"Pending approval","Employee__r":{"s":2,"v":{"Name":"Robert Dobson","Id":"a0A36000001zhkPEAQ"}},"Project__r":{"s":3,"v":{"Name":"dasdasd","Id":"a0736000000F4iQAAS"}}}}|0x662a3999
07:41:54.0 (23342227)|STATEMENT_EXECUTE|[61]
07:41:54.0 (23343676)|STATEMENT_EXECUTE|[62]
07:41:54.0 (23344941)|STATEMENT_EXECUTE|[63]
07:41:54.0 (23358464)|STATEMENT_EXECUTE|[66]
07:41:54.0 (23360128)|STATEMENT_EXECUTE|[67]
07:41:54.0 (23430267)|VARIABLE_ASSIGNMENT|[EXTERNAL]|this|{}|0x4f75d132
07:41:54.0 (23452114)|VARIABLE_ASSIGNMENT|[EXTERNAL]|value|{"s":1,"v":{"Id":"a0C360000003I4VEAU","Name":"Design","Employee__c":"a0A36000001zhkPEAQ","Project__c":"a0736000000F4iQAAS","Status__c":"Pending approval","Employee__r":{"s":2,"v":{"Name":"Robert Dobson","Id":"a0A36000001zhkPEAQ"}},"Project__r":{"s":3,"v":{"Name":"dasdasd","Id":"a0736000000F4iQAAS"}}}}|0x662a3999
07:41:54.0 (23473162)|VARIABLE_ASSIGNMENT|[62]|this.skill|{"s":1,"v":{"Id":"a0C360000003I4VEAU","Name":"Design","Employee__c":"a0A36000001zhkPEAQ","Project__c":"a0736000000F4iQAAS","Status__c":"Pending approval","Employee__r":{"s":2,"v":{"Name":"Robert Dobson","Id":"a0A36000001zhkPEAQ"}},"Project__r":{"s":3,"v":{"Name":"dasdasd","Id":"a0736000000F4iQAAS"}}}}|0x4f75d132
07:41:54.0 (23483591)|STATEMENT_EXECUTE|[68]
07:41:54.0 (23537789)|VARIABLE_ASSIGNMENT|[EXTERNAL]|this|{"skill":"0x662a3999"}|0x4f75d132
07:41:54.0 (23548991)|VARIABLE_ASSIGNMENT|[EXTERNAL]|value|false
07:41:54.0 (23554313)|HEAP_ALLOCATE|[63]|Bytes:5
07:41:54.0 (23561787)|VARIABLE_ASSIGNMENT|[63]|this.selected|false|0x4f75d132
07:41:54.0 (23574678)|CONSTRUCTOR_EXIT|[14]|01p360000072SS3|<init>(Employee_Skills__c)
07:41:54.0 (23589510)|HEAP_ALLOCATE|[EXTERNAL]|Bytes:4
07:41:54.0 (23599682)|METHOD_ENTRY|[10]||Database.QueryLocatorIterator.hasNext()
07:41:54.0 (23621285)|METHOD_EXIT|[10]||Database.QueryLocatorIterator.hasNext()
07:41:54.0 (23626883)|METHOD_ENTRY|[10]||Database.QueryLocatorIterator.next()
07:41:54.0 (23690242)|METHOD_EXIT|[10]||Database.QueryLocatorIterator.next()
07:41:54.0 (23697256)|VARIABLE_SCOPE_BEGIN|[10]|c|Employee_Skills__c|true|false
07:41:54.0 (23719921)|VARIABLE_ASSIGNMENT|[10]|c|{"s":1,"v":{"Id":"a0C360000003VRsEAM","Name":"Designer","Employee__c":"a0A36000001ygYkEAI","Project__c":"a0736000000Ex6cAAC","Status__c":"Pending approval","Employee__r":{"s":2,"v":{"Name":"Andriy Lokotosh","Id":"a0A36000001ygYkEAI"}},"Project__r":{"s":3,"v":{"Name":"SolutionSoft","Id":"a0736000000Ex6cAAC"}}}}|0x5125e137
07:41:54.0 (23724817)|STATEMENT_EXECUTE|[12]
07:41:54.0 (23726555)|STATEMENT_EXECUTE|[14]
07:41:54.0 (23748284)|VARIABLE_ASSIGNMENT|[EXTERNAL]|this|{"skillsList":"0x535b039f"}|0x7009c8cb
07:41:54.0 (23758731)|HEAP_ALLOCATE|[14]|Bytes:12
07:41:54.0 (23768027)|CONSTRUCTOR_ENTRY|[14]|01p360000072SS3|<init>(Employee_Skills__c)
07:41:54.0 (23772709)|VARIABLE_SCOPE_BEGIN|[66]|this|WrapperEmployeeSkills.wEmployee|true|false
07:41:54.0 (23786474)|VARIABLE_ASSIGNMENT|[66]|this|{}|0xbb687fa
07:41:54.0 (23789287)|VARIABLE_SCOPE_BEGIN|[66]|s|Employee_Skills__c|true|false
07:41:54.0 (23804730)|VARIABLE_ASSIGNMENT|[66]|s|{"s":1,"v":{"Id":"a0C360000003VRsEAM","Name":"Designer","Employee__c":"a0A36000001ygYkEAI","Project__c":"a0736000000Ex6cAAC","Status__c":"Pending approval","Employee__r":{"s":2,"v":{"Name":"Andriy Lokotosh","Id":"a0A36000001ygYkEAI"}},"Project__r":{"s":3,"v":{"Name":"SolutionSoft","Id":"a0736000000Ex6cAAC"}}}}|0x5125e137
07:41:54.0 (23809511)|STATEMENT_EXECUTE|[61]
07:41:54.0 (23811154)|STATEMENT_EXECUTE|[62]
07:41:54.0 (23812577)|STATEMENT_EXECUTE|[63]
07:41:54.0 (23823498)|STATEMENT_EXECUTE|[66]
07:41:54.0 (23825174)|STATEMENT_EXECUTE|[67]
07:41:54.0 (23842247)|VARIABLE_ASSIGNMENT|[EXTERNAL]|this|{}|0xbb687fa
07:41:54.0 (23857261)|VARIABLE_ASSIGNMENT|[EXTERNAL]|value|{"s":1,"v":{"Id":"a0C360000003VRsEAM","Name":"Designer","Employee__c":"a0A36000001ygYkEAI","Project__c":"a0736000000Ex6cAAC","Status__c":"Pending approval","Employee__r":{"s":2,"v":{"Name":"Andriy Lokotosh","Id":"a0A36000001ygYkEAI"}},"Project__r":{"s":3,"v":{"Name":"SolutionSoft","Id":"a0736000000Ex6cAAC"}}}}|0x5125e137
07:41:54.0 (23875353)|VARIABLE_ASSIGNMENT|[62]|this.skill|{"s":1,"v":{"Id":"a0C360000003VRsEAM","Name":"Designer","Employee__c":"a0A36000001ygYkEAI","Project__c":"a0736000000Ex6cAAC","Status__c":"Pending approval","Employee__r":{"s":2,"v":{"Name":"Andriy Lokotosh","Id":"a0A36000001ygYkEAI"}},"Project__r":{"s":3,"v":{"Name":"SolutionSoft","Id":"a0736000000Ex6cAAC"}}}}|0xbb687fa
07:41:54.0 (23883752)|STATEMENT_EXECUTE|[68]
07:41:54.0 (23903556)|VARIABLE_ASSIGNMENT|[EXTERNAL]|this|{"skill":"0x5125e137"}|0xbb687fa
07:41:54.0 (23910078)|VARIABLE_ASSIGNMENT|[EXTERNAL]|value|false
07:41:54.0 (23914083)|HEAP_ALLOCATE|[63]|Bytes:5
07:41:54.0 (23920523)|VARIABLE_ASSIGNMENT|[63]|this.selected|false|0xbb687fa
07:41:54.0 (23931350)|CONSTRUCTOR_EXIT|[14]|01p360000072SS3|<init>(Employee_Skills__c)
07:41:54.0 (23940689)|HEAP_ALLOCATE|[EXTERNAL]|Bytes:4
07:41:54.0 (23949410)|METHOD_ENTRY|[10]||Database.QueryLocatorIterator.hasNext()
07:41:54.0 (23969498)|METHOD_EXIT|[10]||Database.QueryLocatorIterator.hasNext()
07:41:54.0 (23974902)|METHOD_ENTRY|[10]||Database.QueryLocatorIterator.next()
07:41:54.0 (24035141)|METHOD_EXIT|[10]||Database.QueryLocatorIterator.next()
07:41:54.0 (24042786)|VARIABLE_SCOPE_BEGIN|[10]|c|Employee_Skills__c|true|false
07:41:54.0 (24063424)|VARIABLE_ASSIGNMENT|[10]|c|{"s":1,"v":{"Id":"a0C360000003I4aEAE","Name":"QA","Employee__c":"a0A36000001zhkPEAQ","Project__c":"a0736000000Ex6cAAC","Status__c":"Pending approval","Employee__r":{"s":2,"v":{"Name":"Robert Dobson","Id":"a0A36000001zhkPEAQ"}},"Project__r":{"s":3,"v":{"Name":"SolutionSoft","Id":"a0736000000Ex6cAAC"}}}}|0x7564f3e2
07:41:54.0 (24068000)|STATEMENT_EXECUTE|[12]
07:41:54.0 (24069332)|STATEMENT_EXECUTE|[14]
07:41:54.0 (24095268)|VARIABLE_ASSIGNMENT|[EXTERNAL]|this|{"skillsList":"0x535b039f"}|0x7009c8cb
07:41:54.0 (24106007)|HEAP_ALLOCATE|[14]|Bytes:12
07:41:54.0 (24115044)|CONSTRUCTOR_ENTRY|[14]|01p360000072SS3|<init>(Employee_Skills__c)
07:41:54.0 (24119863)|VARIABLE_SCOPE_BEGIN|[66]|this|WrapperEmployeeSkills.wEmployee|true|false
07:41:54.0 (24133219)|VARIABLE_ASSIGNMENT|[66]|this|{}|0x74e23a7f
07:41:54.0 (24135946)|VARIABLE_SCOPE_BEGIN|[66]|s|Employee_Skills__c|true|false
07:41:54.0 (24150843)|VARIABLE_ASSIGNMENT|[66]|s|{"s":1,"v":{"Id":"a0C360000003I4aEAE","Name":"QA","Employee__c":"a0A36000001zhkPEAQ","Project__c":"a0736000000Ex6cAAC","Status__c":"Pending approval","Employee__r":{"s":2,"v":{"Name":"Robert Dobson","Id":"a0A36000001zhkPEAQ"}},"Project__r":{"s":3,"v":{"Name":"SolutionSoft","Id":"a0736000000Ex6cAAC"}}}}|0x7564f3e2
07:41:54.0 (24155199)|STATEMENT_EXECUTE|[61]
07:41:54.0 (24156428)|STATEMENT_EXECUTE|[62]
07:41:54.0 (24157467)|STATEMENT_EXECUTE|[63]
07:41:54.0 (24167924)|STATEMENT_EXECUTE|[66]
07:41:54.0 (24169505)|STATEMENT_EXECUTE|[67]
07:41:54.0 (24186132)|VARIABLE_ASSIGNMENT|[EXTERNAL]|this|{}|0x74e23a7f
07:41:54.0 (24201063)|VARIABLE_ASSIGNMENT|[EXTERNAL]|value|{"s":1,"v":{"Id":"a0C360000003I4aEAE","Name":"QA","Employee__c":"a0A36000001zhkPEAQ","Project__c":"a0736000000Ex6cAAC","Status__c":"Pending approval","Employee__r":{"s":2,"v":{"Name":"Robert Dobson","Id":"a0A36000001zhkPEAQ"}},"Project__r":{"s":3,"v":{"Name":"SolutionSoft","Id":"a0736000000Ex6cAAC"}}}}|0x7564f3e2
07:41:54.0 (24219358)|VARIABLE_ASSIGNMENT|[62]|this.skill|{"s":1,"v":{"Id":"a0C360000003I4aEAE","Name":"QA","Employee__c":"a0A36000001zhkPEAQ","Project__c":"a0736000000Ex6cAAC","Status__c":"Pending approval","Employee__r":{"s":2,"v":{"Name":"Robert Dobson","Id":"a0A36000001zhkPEAQ"}},"Project__r":{"s":3,"v":{"Name":"SolutionSoft","Id":"a0736000000Ex6cAAC"}}}}|0x74e23a7f
07:41:54.0 (24227463)|STATEMENT_EXECUTE|[68]
07:41:54.0 (24246319)|VARIABLE_ASSIGNMENT|[EXTERNAL]|this|{"skill":"0x7564f3e2"}|0x74e23a7f
07:41:54.0 (24252610)|VARIABLE_ASSIGNMENT|[EXTERNAL]|value|false
07:41:54.0 (24256648)|HEAP_ALLOCATE|[63]|Bytes:5
07:41:54.0 (24262959)|VARIABLE_ASSIGNMENT|[63]|this.selected|false|0x74e23a7f
07:41:54.0 (24273733)|CONSTRUCTOR_EXIT|[14]|01p360000072SS3|<init>(Employee_Skills__c)
07:41:54.0 (24283143)|HEAP_ALLOCATE|[EXTERNAL]|Bytes:4
07:41:54.0 (24295412)|METHOD_ENTRY|[10]||Database.QueryLocatorIterator.hasNext()
07:41:54.0 (24317527)|METHOD_EXIT|[10]||Database.QueryLocatorIterator.hasNext()
07:41:54.0 (24322951)|METHOD_ENTRY|[10]||Database.QueryLocatorIterator.next()
07:41:54.0 (24383205)|METHOD_EXIT|[10]||Database.QueryLocatorIterator.next()
07:41:54.0 (24389996)|VARIABLE_SCOPE_BEGIN|[10]|c|Employee_Skills__c|true|false
07:41:54.0 (24416030)|VARIABLE_ASSIGNMENT|[10]|c|{"s":1,"v":{"Id":"a0C360000003XRiEAM","Name":"Tomato","Employee__c":"a0A36000001ygYkEAI","Project__c":"a0736000000Ew01AAC","Status__c":"Pending approval","Employee__r":{"s":2,"v":{"Name":"Andriy Lokotosh","Id":"a0A36000001ygYkEAI"}},"Project__r":{"s":3,"v":{"Name":"eBank","Id":"a0736000000Ew01AAC"}}}}|0x7af4a373
07:41:54.0 (24422305)|STATEMENT_EXECUTE|[12]
07:41:54.0 (24424226)|STATEMENT_EXECUTE|[14]
07:41:54.0 (24455914)|VARIABLE_ASSIGNMENT|[EXTERNAL]|this|{"skillsList":"0x535b039f"}|0x7009c8cb
07:41:54.0 (24473536)|HEAP_ALLOCATE|[14]|Bytes:12
07:41:54.0 (24485889)|CONSTRUCTOR_ENTRY|[14]|01p360000072SS3|<init>(Employee_Skills__c)
07:41:54.0 (24492994)|VARIABLE_SCOPE_BEGIN|[66]|this|WrapperEmployeeSkills.wEmployee|true|false
07:41:54.0 (24512423)|VARIABLE_ASSIGNMENT|[66]|this|{}|0x17eb7239
07:41:54.0 (24515617)|VARIABLE_SCOPE_BEGIN|[66]|s|Employee_Skills__c|true|false
07:41:54.0 (24531582)|VARIABLE_ASSIGNMENT|[66]|s|{"s":1,"v":{"Id":"a0C360000003XRiEAM","Name":"Tomato","Employee__c":"a0A36000001ygYkEAI","Project__c":"a0736000000Ew01AAC","Status__c":"Pending approval","Employee__r":{"s":2,"v":{"Name":"Andriy Lokotosh","Id":"a0A36000001ygYkEAI"}},"Project__r":{"s":3,"v":{"Name":"eBank","Id":"a0736000000Ew01AAC"}}}}|0x7af4a373
07:41:54.0 (24536438)|STATEMENT_EXECUTE|[61]
07:41:54.0 (24537787)|STATEMENT_EXECUTE|[62]
07:41:54.0 (24538823)|STATEMENT_EXECUTE|[63]
07:41:54.0 (24550091)|STATEMENT_EXECUTE|[66]
07:41:54.0 (24551691)|STATEMENT_EXECUTE|[67]
07:41:54.0 (24568930)|VARIABLE_ASSIGNMENT|[EXTERNAL]|this|{}|0x17eb7239
07:41:54.0 (24584587)|VARIABLE_ASSIGNMENT|[EXTERNAL]|value|{"s":1,"v":{"Id":"a0C360000003XRiEAM","Name":"Tomato","Employee__c":"a0A36000001ygYkEAI","Project__c":"a0736000000Ew01AAC","Status__c":"Pending approval","Employee__r":{"s":2,"v":{"Name":"Andriy Lokotosh","Id":"a0A36000001ygYkEAI"}},"Project__r":{"s":3,"v":{"Name":"eBank","Id":"a0736000000Ew01AAC"}}}}|0x7af4a373
07:41:54.0 (24602505)|VARIABLE_ASSIGNMENT|[62]|this.skill|{"s":1,"v":{"Id":"a0C360000003XRiEAM","Name":"Tomato","Employee__c":"a0A36000001ygYkEAI","Project__c":"a0736000000Ew01AAC","Status__c":"Pending approval","Employee__r":{"s":2,"v":{"Name":"Andriy Lokotosh","Id":"a0A36000001ygYkEAI"}},"Project__r":{"s":3,"v":{"Name":"eBank","Id":"a0736000000Ew01AAC"}}}}|0x17eb7239
07:41:54.0 (24611249)|STATEMENT_EXECUTE|[68]
07:41:54.0 (24630226)|VARIABLE_ASSIGNMENT|[EXTERNAL]|this|{"skill":"0x7af4a373"}|0x17eb7239
07:41:54.0 (24636868)|VARIABLE_ASSIGNMENT|[EXTERNAL]|value|false
07:41:54.0 (24640934)|HEAP_ALLOCATE|[63]|Bytes:5
07:41:54.0 (24647177)|VARIABLE_ASSIGNMENT|[63]|this.selected|false|0x17eb7239
07:41:54.0 (24657857)|CONSTRUCTOR_EXIT|[14]|01p360000072SS3|<init>(Employee_Skills__c)
07:41:54.0 (24667130)|HEAP_ALLOCATE|[EXTERNAL]|Bytes:4
07:41:54.0 (24675783)|METHOD_ENTRY|[10]||Database.QueryLocatorIterator.hasNext()
07:41:54.0 (24695756)|METHOD_EXIT|[10]||Database.QueryLocatorIterator.hasNext()
07:41:54.0 (24701148)|METHOD_ENTRY|[10]||Database.QueryLocatorIterator.next()
07:41:54.0 (24760713)|METHOD_EXIT|[10]||Database.QueryLocatorIterator.next()
07:41:54.0 (24767438)|VARIABLE_SCOPE_BEGIN|[10]|c|Employee_Skills__c|true|false
07:41:54.0 (24787173)|VARIABLE_ASSIGNMENT|[10]|c|{"s":1,"v":{"Id":"a0C360000003YCSEA2","Name":"Enpl","Employee__c":"a0A36000001ygYkEAI","Project__c":"a0736000000Ew01AAC","Status__c":"Pending approval","Employee__r":{"s":2,"v":{"Name":"Andriy Lokotosh","Id":"a0A36000001ygYkEAI"}},"Project__r":{"s":3,"v":{"Name":"eBank","Id":"a0736000000Ew01AAC"}}}}|0x72bf8379
07:41:54.0 (24791813)|STATEMENT_EXECUTE|[12]
07:41:54.0 (24793158)|STATEMENT_EXECUTE|[14]
07:41:54.0 (24813542)|VARIABLE_ASSIGNMENT|[EXTERNAL]|this|{"skillsList":"0x535b039f"}|0x7009c8cb
07:41:54.0 (24823240)|HEAP_ALLOCATE|[14]|Bytes:12
07:41:54.0 (24831747)|CONSTRUCTOR_ENTRY|[14]|01p360000072SS3|<init>(Employee_Skills__c)
07:41:54.0 (24836487)|VARIABLE_SCOPE_BEGIN|[66]|this|WrapperEmployeeSkills.wEmployee|true|false
07:41:54.0 (24849191)|VARIABLE_ASSIGNMENT|[66]|this|{}|0x2d8f5966
07:41:54.0 (24851841)|VARIABLE_SCOPE_BEGIN|[66]|s|Employee_Skills__c|true|false
07:41:54.0 (24866027)|VARIABLE_ASSIGNMENT|[66]|s|{"s":1,"v":{"Id":"a0C360000003YCSEA2","Name":"Enpl","Employee__c":"a0A36000001ygYkEAI","Project__c":"a0736000000Ew01AAC","Status__c":"Pending approval","Employee__r":{"s":2,"v":{"Name":"Andriy Lokotosh","Id":"a0A36000001ygYkEAI"}},"Project__r":{"s":3,"v":{"Name":"eBank","Id":"a0736000000Ew01AAC"}}}}|0x72bf8379
07:41:54.0 (24870168)|STATEMENT_EXECUTE|[61]
07:41:54.0 (24871578)|STATEMENT_EXECUTE|[62]
07:41:54.0 (24872819)|STATEMENT_EXECUTE|[63]
07:41:54.0 (24882842)|STATEMENT_EXECUTE|[66]
07:41:54.0 (24884505)|STATEMENT_EXECUTE|[67]
07:41:54.0 (24900781)|VARIABLE_ASSIGNMENT|[EXTERNAL]|this|{}|0x2d8f5966
07:41:54.0 (24915844)|VARIABLE_ASSIGNMENT|[EXTERNAL]|value|{"s":1,"v":{"Id":"a0C360000003YCSEA2","Name":"Enpl","Employee__c":"a0A36000001ygYkEAI","Project__c":"a0736000000Ew01AAC","Status__c":"Pending approval","Employee__r":{"s":2,"v":{"Name":"Andriy Lokotosh","Id":"a0A36000001ygYkEAI"}},"Project__r":{"s":3,"v":{"Name":"eBank","Id":"a0736000000Ew01AAC"}}}}|0x72bf8379
07:41:54.0 (24933032)|VARIABLE_ASSIGNMENT|[62]|this.skill|{"s":1,"v":{"Id":"a0C360000003YCSEA2","Name":"Enpl","Employee__c":"a0A36000001ygYkEAI","Project__c":"a0736000000Ew01AAC","Status__c":"Pending approval","Employee__r":{"s":2,"v":{"Name":"Andriy Lokotosh","Id":"a0A36000001ygYkEAI"}},"Project__r":{"s":3,"v":{"Name":"eBank","Id":"a0736000000Ew01AAC"}}}}|0x2d8f5966
07:41:54.0 (24941289)|STATEMENT_EXECUTE|[68]
07:41:54.0 (24960318)|VARIABLE_ASSIGNMENT|[EXTERNAL]|this|{"skill":"0x72bf8379"}|0x2d8f5966
07:41:54.0 (24966903)|VARIABLE_ASSIGNMENT|[EXTERNAL]|value|false
07:41:54.0 (24970803)|HEAP_ALLOCATE|[63]|Bytes:5
07:41:54.0 (24976924)|VARIABLE_ASSIGNMENT|[63]|this.selected|false|0x2d8f5966
07:41:54.0 (24987451)|CONSTRUCTOR_EXIT|[14]|01p360000072SS3|<init>(Employee_Skills__c)
07:41:54.0 (24996791)|HEAP_ALLOCATE|[EXTERNAL]|Bytes:4
07:41:54.0 (25005061)|METHOD_ENTRY|[10]||Database.QueryLocatorIterator.hasNext()
07:41:54.0 (25025560)|METHOD_EXIT|[10]||Database.QueryLocatorIterator.hasNext()
07:41:54.0 (25030748)|METHOD_ENTRY|[10]||Database.QueryLocatorIterator.next()
07:41:54.0 (25094487)|METHOD_EXIT|[10]||Database.QueryLocatorIterator.next()
07:41:54.0 (25101372)|VARIABLE_SCOPE_BEGIN|[10]|c|Employee_Skills__c|true|false
07:41:54.0 (25121643)|VARIABLE_ASSIGNMENT|[10]|c|{"s":1,"v":{"Id":"a0C360000003XRnEAM","Name":"potato","Employee__c":"a0A36000001ygYkEAI","Project__c":"a0736000000Ew01AAC","Status__c":"Pending approval","Employee__r":{"s":2,"v":{"Name":"Andriy Lokotosh","Id":"a0A36000001ygYkEAI"}},"Project__r":{"s":3,"v":{"Name":"eBank","Id":"a0736000000Ew01AAC"}}}}|0x7b0f6825
07:41:54.0 (25126079)|STATEMENT_EXECUTE|[12]
07:41:54.0 (25127332)|STATEMENT_EXECUTE|[14]
07:41:54.0 (25147646)|VARIABLE_ASSIGNMENT|[EXTERNAL]|this|{"skillsList":"0x535b039f"}|0x7009c8cb
07:41:54.0 (25157559)|HEAP_ALLOCATE|[14]|Bytes:12
07:41:54.0 (25165757)|CONSTRUCTOR_ENTRY|[14]|01p360000072SS3|<init>(Employee_Skills__c)
07:41:54.0 (25170016)|VARIABLE_SCOPE_BEGIN|[66]|this|WrapperEmployeeSkills.wEmployee|true|false
07:41:54.0 (25182995)|VARIABLE_ASSIGNMENT|[66]|this|{}|0x3739a7c7
07:41:54.0 (25185683)|VARIABLE_SCOPE_BEGIN|[66]|s|Employee_Skills__c|true|false
07:41:54.0 (25199944)|VARIABLE_ASSIGNMENT|[66]|s|{"s":1,"v":{"Id":"a0C360000003XRnEAM","Name":"potato","Employee__c":"a0A36000001ygYkEAI","Project__c":"a0736000000Ew01AAC","Status__c":"Pending approval","Employee__r":{"s":2,"v":{"Name":"Andriy Lokotosh","Id":"a0A36000001ygYkEAI"}},"Project__r":{"s":3,"v":{"Name":"eBank","Id":"a0736000000Ew01AAC"}}}}|0x7b0f6825
07:41:54.0 (25204245)|STATEMENT_EXECUTE|[61]
07:41:54.0 (25205504)|STATEMENT_EXECUTE|[62]
07:41:54.0 (25206515)|STATEMENT_EXECUTE|[63]
07:41:54.0 (25216387)|STATEMENT_EXECUTE|[66]
07:41:54.0 (25217960)|STATEMENT_EXECUTE|[67]
07:41:54.0 (25234149)|VARIABLE_ASSIGNMENT|[EXTERNAL]|this|{}|0x3739a7c7
07:41:54.0 (25249058)|VARIABLE_ASSIGNMENT|[EXTERNAL]|value|{"s":1,"v":{"Id":"a0C360000003XRnEAM","Name":"potato","Employee__c":"a0A36000001ygYkEAI","Project__c":"a0736000000Ew01AAC","Status__c":"Pending approval","Employee__r":{"s":2,"v":{"Name":"Andriy Lokotosh","Id":"a0A36000001ygYkEAI"}},"Project__r":{"s":3,"v":{"Name":"eBank","Id":"a0736000000Ew01AAC"}}}}|0x7b0f6825
07:41:54.0 (25267210)|VARIABLE_ASSIGNMENT|[62]|this.skill|{"s":1,"v":{"Id":"a0C360000003XRnEAM","Name":"potato","Employee__c":"a0A36000001ygYkEAI","Project__c":"a0736000000Ew01AAC","Status__c":"Pending approval","Employee__r":{"s":2,"v":{"Name":"Andriy Lokotosh","Id":"a0A36000001ygYkEAI"}},"Project__r":{"s":3,"v":{"Name":"eBank","Id":"a0736000000Ew01AAC"}}}}|0x3739a7c7
07:41:54.0 (25275356)|STATEMENT_EXECUTE|[68]
07:41:54.0 (25296844)|VARIABLE_ASSIGNMENT|[EXTERNAL]|this|{"skill":"0x7b0f6825"}|0x3739a7c7
07:41:54.0 (25303795)|VARIABLE_ASSIGNMENT|[EXTERNAL]|value|false
07:41:54.0 (25307970)|HEAP_ALLOCATE|[63]|Bytes:5
07:41:54.0 (25314276)|VARIABLE_ASSIGNMENT|[63]|this.selected|false|0x3739a7c7
07:41:54.0 (25325127)|CONSTRUCTOR_EXIT|[14]|01p360000072SS3|<init>(Employee_Skills__c)
07:41:54.0 (25333957)|HEAP_ALLOCATE|[EXTERNAL]|Bytes:4
07:41:54.0 (25342284)|METHOD_ENTRY|[10]||Database.QueryLocatorIterator.hasNext()
07:41:54.0 (25361804)|METHOD_EXIT|[10]||Database.QueryLocatorIterator.hasNext()
07:41:54.0 (25367176)|METHOD_ENTRY|[10]||Database.QueryLocatorIterator.next()
07:41:54.0 (25424821)|METHOD_EXIT|[10]||Database.QueryLocatorIterator.next()
07:41:54.0 (25431297)|VARIABLE_SCOPE_BEGIN|[10]|c|Employee_Skills__c|true|false
07:41:54.0 (25451504)|VARIABLE_ASSIGNMENT|[10]|c|{"s":1,"v":{"Id":"a0C360000003XTFEA2","Name":"ef","Employee__c":"a0A36000001ygYkEAI","Project__c":"a0736000000Ew01AAC","Status__c":"Pending approval","Employee__r":{"s":2,"v":{"Name":"Andriy Lokotosh","Id":"a0A36000001ygYkEAI"}},"Project__r":{"s":3,"v":{"Name":"eBank","Id":"a0736000000Ew01AAC"}}}}|0x39134e12
07:41:54.0 (25456333)|STATEMENT_EXECUTE|[12]
07:41:54.0 (25457617)|STATEMENT_EXECUTE|[14]
07:41:54.0 (25477839)|VARIABLE_ASSIGNMENT|[EXTERNAL]|this|{"skillsList":"0x535b039f"}|0x7009c8cb
07:41:54.0 (25487582)|HEAP_ALLOCATE|[14]|Bytes:12
07:41:54.0 (25495757)|CONSTRUCTOR_ENTRY|[14]|01p360000072SS3|<init>(Employee_Skills__c)
07:41:54.0 (25500061)|VARIABLE_SCOPE_BEGIN|[66]|this|WrapperEmployeeSkills.wEmployee|true|false
07:41:54.0 (25512724)|VARIABLE_ASSIGNMENT|[66]|this|{}|0x6e80743f
07:41:54.0 (25515339)|VARIABLE_SCOPE_BEGIN|[66]|s|Employee_Skills__c|true|false
07:41:54.0 (25529605)|VARIABLE_ASSIGNMENT|[66]|s|{"s":1,"v":{"Id":"a0C360000003XTFEA2","Name":"ef","Employee__c":"a0A36000001ygYkEAI","Project__c":"a0736000000Ew01AAC","Status__c":"Pending approval","Employee__r":{"s":2,"v":{"Name":"Andriy Lokotosh","Id":"a0A36000001ygYkEAI"}},"Project__r":{"s":3,"v":{"Name":"eBank","Id":"a0736000000Ew01AAC"}}}}|0x39134e12
07:41:54.0 (25534025)|STATEMENT_EXECUTE|[61]
07:41:54.0 (25535624)|STATEMENT_EXECUTE|[62]
07:41:54.0 (25536743)|STATEMENT_EXECUTE|[63]
07:41:54.0 (25546903)|STATEMENT_EXECUTE|[66]
07:41:54.0 (25548495)|STATEMENT_EXECUTE|[67]
07:41:54.0 (25565012)|VARIABLE_ASSIGNMENT|[EXTERNAL]|this|{}|0x6e80743f
07:41:54.0 (25579743)|VARIABLE_ASSIGNMENT|[EXTERNAL]|value|{"s":1,"v":{"Id":"a0C360000003XTFEA2","Name":"ef","Employee__c":"a0A36000001ygYkEAI","Project__c":"a0736000000Ew01AAC","Status__c":"Pending approval","Employee__r":{"s":2,"v":{"Name":"Andriy Lokotosh","Id":"a0A36000001ygYkEAI"}},"Project__r":{"s":3,"v":{"Name":"eBank","Id":"a0736000000Ew01AAC"}}}}|0x39134e12
07:41:54.0 (25596795)|VARIABLE_ASSIGNMENT|[62]|this.skill|{"s":1,"v":{"Id":"a0C360000003XTFEA2","Name":"ef","Employee__c":"a0A36000001ygYkEAI","Project__c":"a0736000000Ew01AAC","Status__c":"Pending approval","Employee__r":{"s":2,"v":{"Name":"Andriy Lokotosh","Id":"a0A36000001ygYkEAI"}},"Project__r":{"s":3,"v":{"Name":"eBank","Id":"a0736000000Ew01AAC"}}}}|0x6e80743f
07:41:54.0 (25605158)|STATEMENT_EXECUTE|[68]
07:41:54.0 (25623943)|VARIABLE_ASSIGNMENT|[EXTERNAL]|this|{"skill":"0x39134e12"}|0x6e80743f
07:41:54.0 (25630219)|VARIABLE_ASSIGNMENT|[EXTERNAL]|value|false
07:41:54.0 (25634079)|HEAP_ALLOCATE|[63]|Bytes:5
07:41:54.0 (25640205)|VARIABLE_ASSIGNMENT|[63]|this.selected|false|0x6e80743f
07:41:54.0 (25650557)|CONSTRUCTOR_EXIT|[14]|01p360000072SS3|<init>(Employee_Skills__c)
07:41:54.0 (25659248)|HEAP_ALLOCATE|[EXTERNAL]|Bytes:4
07:41:54.0 (25667436)|METHOD_ENTRY|[10]||Database.QueryLocatorIterator.hasNext()
07:41:54.0 (25686677)|METHOD_EXIT|[10]||Database.QueryLocatorIterator.hasNext()
07:41:54.0 (25691884)|METHOD_ENTRY|[10]||Database.QueryLocatorIterator.next()
07:41:54.0 (25749141)|METHOD_EXIT|[10]||Database.QueryLocatorIterator.next()
07:41:54.0 (25755538)|VARIABLE_SCOPE_BEGIN|[10]|c|Employee_Skills__c|true|false
07:41:54.0 (25775215)|VARIABLE_ASSIGNMENT|[10]|c|{"s":1,"v":{"Id":"a0C360000003XTGEA2","Name":"frgt","Employee__c":"a0A36000001ygYkEAI","Project__c":"a0736000000Ew01AAC","Status__c":"Pending approval","Employee__r":{"s":2,"v":{"Name":"Andriy Lokotosh","Id":"a0A36000001ygYkEAI"}},"Project__r":{"s":3,"v":{"Name":"eBank","Id":"a0736000000Ew01AAC"}}}}|0x6ece778a
07:41:54.0 (25779897)|STATEMENT_EXECUTE|[12]
07:41:54.0 (25781191)|STATEMENT_EXECUTE|[14]
07:41:54.0 (25801627)|VARIABLE_ASSIGNMENT|[EXTERNAL]|this|{"skillsList":"0x535b039f"}|0x7009c8cb
07:41:54.0 (25811419)|HEAP_ALLOCATE|[14]|Bytes:12
07:41:54.0 (25819617)|CONSTRUCTOR_ENTRY|[14]|01p360000072SS3|<init>(Employee_Skills__c)
07:41:54.0 (25823975)|VARIABLE_SCOPE_BEGIN|[66]|this|WrapperEmployeeSkills.wEmployee|true|false
07:41:54.0 (25836832)|VARIABLE_ASSIGNMENT|[66]|this|{}|0x1433e20b
07:41:54.0 (25839466)|VARIABLE_SCOPE_BEGIN|[66]|s|Employee_Skills__c|true|false
07:41:54.0 (25853641)|VARIABLE_ASSIGNMENT|[66]|s|{"s":1,"v":{"Id":"a0C360000003XTGEA2","Name":"frgt","Employee__c":"a0A36000001ygYkEAI","Project__c":"a0736000000Ew01AAC","Status__c":"Pending approval","Employee__r":{"s":2,"v":{"Name":"Andriy Lokotosh","Id":"a0A36000001ygYkEAI"}},"Project__r":{"s":3,"v":{"Name":"eBank","Id":"a0736000000Ew01AAC"}}}}|0x6ece778a
07:41:54.0 (25858024)|STATEMENT_EXECUTE|[61]
07:41:54.0 (25859487)|STATEMENT_EXECUTE|[62]
07:41:54.0 (25860475)|STATEMENT_EXECUTE|[63]
07:41:54.0 (25870553)|STATEMENT_EXECUTE|[66]
07:41:54.0 (25872473)|STATEMENT_EXECUTE|[67]
07:41:54.0 (25888876)|VARIABLE_ASSIGNMENT|[EXTERNAL]|this|{}|0x1433e20b
07:41:54.0 (25903950)|VARIABLE_ASSIGNMENT|[EXTERNAL]|value|{"s":1,"v":{"Id":"a0C360000003XTGEA2","Name":"frgt","Employee__c":"a0A36000001ygYkEAI","Project__c":"a0736000000Ew01AAC","Status__c":"Pending approval","Employee__r":{"s":2,"v":{"Name":"Andriy Lokotosh","Id":"a0A36000001ygYkEAI"}},"Project__r":{"s":3,"v":{"Name":"eBank","Id":"a0736000000Ew01AAC"}}}}|0x6ece778a
07:41:54.0 (25920705)|VARIABLE_ASSIGNMENT|[62]|this.skill|{"s":1,"v":{"Id":"a0C360000003XTGEA2","Name":"frgt","Employee__c":"a0A36000001ygYkEAI","Project__c":"a0736000000Ew01AAC","Status__c":"Pending approval","Employee__r":{"s":2,"v":{"Name":"Andriy Lokotosh","Id":"a0A36000001ygYkEAI"}},"Project__r":{"s":3,"v":{"Name":"eBank","Id":"a0736000000Ew01AAC"}}}}|0x1433e20b
07:41:54.0 (25928938)|STATEMENT_EXECUTE|[68]
07:41:54.0 (25947606)|VARIABLE_ASSIGNMENT|[EXTERNAL]|this|{"skill":"0x6ece778a"}|0x1433e20b
07:41:54.0 (25953914)|VARIABLE_ASSIGNMENT|[EXTERNAL]|value|false
07:41:54.0 (25958005)|HEAP_ALLOCATE|[63]|Bytes:5
07:41:54.0 (25963902)|VARIABLE_ASSIGNMENT|[63]|this.selected|false|0x1433e20b
07:41:54.0 (25974168)|CONSTRUCTOR_EXIT|[14]|01p360000072SS3|<init>(Employee_Skills__c)
07:41:54.0 (25983020)|HEAP_ALLOCATE|[EXTERNAL]|Bytes:4
07:41:54.0 (25991271)|METHOD_ENTRY|[10]||Database.QueryLocatorIterator.hasNext()
07:41:54.0 (26010478)|METHOD_EXIT|[10]||Database.QueryLocatorIterator.hasNext()
07:41:54.0 (26016586)|METHOD_ENTRY|[10]||Database.QueryLocatorIterator.next()
07:41:54.0 (26074355)|METHOD_EXIT|[10]||Database.QueryLocatorIterator.next()
07:41:54.0 (26084758)|VARIABLE_SCOPE_BEGIN|[10]|c|Employee_Skills__c|true|false
07:41:54.0 (26104619)|VARIABLE_ASSIGNMENT|[10]|c|{"s":1,"v":{"Id":"a0C360000003YGkEAM","Name":"Robert","Employee__c":"a0A36000001ygYkEAI","Project__c":"a0736000000Ew01AAC","Status__c":"Pending approval","Employee__r":{"s":2,"v":{"Name":"Andriy Lokotosh","Id":"a0A36000001ygYkEAI"}},"Project__r":{"s":3,"v":{"Name":"eBank","Id":"a0736000000Ew01AAC"}}}}|0x37734d41
07:41:54.0 (26109056)|STATEMENT_EXECUTE|[12]
07:41:54.0 (26110558)|STATEMENT_EXECUTE|[14]
07:41:54.0 (26130868)|VARIABLE_ASSIGNMENT|[EXTERNAL]|this|{"skillsList":"0x535b039f"}|0x7009c8cb
07:41:54.0 (26140472)|HEAP_ALLOCATE|[14]|Bytes:12
07:41:54.0 (26148560)|CONSTRUCTOR_ENTRY|[14]|01p360000072SS3|<init>(Employee_Skills__c)
07:41:54.0 (26152941)|VARIABLE_SCOPE_BEGIN|[66]|this|WrapperEmployeeSkills.wEmployee|true|false
07:41:54.0 (26165350)|VARIABLE_ASSIGNMENT|[66]|this|{}|0x5a3ff61c
07:41:54.0 (26168266)|VARIABLE_SCOPE_BEGIN|[66]|s|Employee_Skills__c|true|false
07:41:54.0 (26182521)|VARIABLE_ASSIGNMENT|[66]|s|{"s":1,"v":{"Id":"a0C360000003YGkEAM","Name":"Robert","Employee__c":"a0A36000001ygYkEAI","Project__c":"a0736000000Ew01AAC","Status__c":"Pending approval","Employee__r":{"s":2,"v":{"Name":"Andriy Lokotosh","Id":"a0A36000001ygYkEAI"}},"Project__r":{"s":3,"v":{"Name":"eBank","Id":"a0736000000Ew01AAC"}}}}|0x37734d41
07:41:54.0 (26186476)|STATEMENT_EXECUTE|[61]
07:41:54.0 (26187783)|STATEMENT_EXECUTE|[62]
07:41:54.0 (26188858)|STATEMENT_EXECUTE|[63]
07:41:54.0 (26198880)|STATEMENT_EXECUTE|[66]
07:41:54.0 (26200466)|STATEMENT_EXECUTE|[67]
07:41:54.0 (26216789)|VARIABLE_ASSIGNMENT|[EXTERNAL]|this|{}|0x5a3ff61c
07:41:54.0 (26231705)|VARIABLE_ASSIGNMENT|[EXTERNAL]|value|{"s":1,"v":{"Id":"a0C360000003YGkEAM","Name":"Robert","Employee__c":"a0A36000001ygYkEAI","Project__c":"a0736000000Ew01AAC","Status__c":"Pending approval","Employee__r":{"s":2,"v":{"Name":"Andriy Lokotosh","Id":"a0A36000001ygYkEAI"}},"Project__r":{"s":3,"v":{"Name":"eBank","Id":"a0736000000Ew01AAC"}}}}|0x37734d41
07:41:54.0 (26249160)|VARIABLE_ASSIGNMENT|[62]|this.skill|{"s":1,"v":{"Id":"a0C360000003YGkEAM","Name":"Robert","Employee__c":"a0A36000001ygYkEAI","Project__c":"a0736000000Ew01AAC","Status__c":"Pending approval","Employee__r":{"s":2,"v":{"Name":"Andriy Lokotosh","Id":"a0A36000001ygYkEAI"}},"Project__r":{"s":3,"v":{"Name":"eBank","Id":"a0736000000Ew01AAC"}}}}|0x5a3ff61c
07:41:54.0 (26257077)|STATEMENT_EXECUTE|[68]
07:41:54.0 (26275966)|VARIABLE_ASSIGNMENT|[EXTERNAL]|this|{"skill":"0x37734d41"}|0x5a3ff61c
07:41:54.0 (26282122)|VARIABLE_ASSIGNMENT|[EXTERNAL]|value|false
07:41:54.0 (26286146)|HEAP_ALLOCATE|[63]|Bytes:5
07:41:54.0 (26294758)|VARIABLE_ASSIGNMENT|[63]|this.selected|false|0x5a3ff61c
07:41:54.0 (26305792)|CONSTRUCTOR_EXIT|[14]|01p360000072SS3|<init>(Employee_Skills__c)
07:41:54.0 (26314826)|HEAP_ALLOCATE|[EXTERNAL]|Bytes:4
07:41:54.0 (26323244)|METHOD_ENTRY|[10]||Database.QueryLocatorIterator.hasNext()
07:41:54.0 (26342711)|METHOD_EXIT|[10]||Database.QueryLocatorIterator.hasNext()
07:41:54.0 (26347816)|METHOD_ENTRY|[10]||Database.QueryLocatorIterator.next()
07:41:54.0 (26404986)|METHOD_EXIT|[10]||Database.QueryLocatorIterator.next()
07:41:54.0 (26411401)|VARIABLE_SCOPE_BEGIN|[10]|c|Employee_Skills__c|true|false
07:41:54.0 (26431380)|VARIABLE_ASSIGNMENT|[10]|c|{"s":1,"v":{"Id":"a0C360000003XRTEA2","Name":"logo","Employee__c":"a0A36000001ygYkEAI","Project__c":"a0736000000Ew01AAC","Status__c":"Pending approval","Employee__r":{"s":2,"v":{"Name":"Andriy Lokotosh","Id":"a0A36000001ygYkEAI"}},"Project__r":{"s":3,"v":{"Name":"eBank","Id":"a0736000000Ew01AAC"}}}}|0x4750b8f6
07:41:54.0 (26435608)|STATEMENT_EXECUTE|[12]
07:41:54.0 (26436905)|STATEMENT_EXECUTE|[14]
07:41:54.0 (26457059)|VARIABLE_ASSIGNMENT|[EXTERNAL]|this|{"skillsList":"0x535b039f"}|0x7009c8cb
07:41:54.0 (26468025)|HEAP_ALLOCATE|[14]|Bytes:12
07:41:54.0 (26477433)|CONSTRUCTOR_ENTRY|[14]|01p360000072SS3|<init>(Employee_Skills__c)
07:41:54.0 (26481991)|VARIABLE_SCOPE_BEGIN|[66]|this|WrapperEmployeeSkills.wEmployee|true|false
07:41:54.0 (26495928)|VARIABLE_ASSIGNMENT|[66]|this|{}|0x4c7839ad
07:41:54.0 (26498482)|VARIABLE_SCOPE_BEGIN|[66]|s|Employee_Skills__c|true|false
07:41:54.0 (26512956)|VARIABLE_ASSIGNMENT|[66]|s|{"s":1,"v":{"Id":"a0C360000003XRTEA2","Name":"logo","Employee__c":"a0A36000001ygYkEAI","Project__c":"a0736000000Ew01AAC","Status__c":"Pending approval","Employee__r":{"s":2,"v":{"Name":"Andriy Lokotosh","Id":"a0A36000001ygYkEAI"}},"Project__r":{"s":3,"v":{"Name":"eBank","Id":"a0736000000Ew01AAC"}}}}|0x4750b8f6
07:41:54.0 (26517541)|STATEMENT_EXECUTE|[61]
07:41:54.0 (26518826)|STATEMENT_EXECUTE|[62]
07:41:54.0 (26519883)|STATEMENT_EXECUTE|[63]
07:41:54.0 (26530007)|STATEMENT_EXECUTE|[66]
07:41:54.0 (26531631)|STATEMENT_EXECUTE|[67]
07:41:54.0 (26548280)|VARIABLE_ASSIGNMENT|[EXTERNAL]|this|{}|0x4c7839ad
07:41:54.0 (26563013)|VARIABLE_ASSIGNMENT|[EXTERNAL]|value|{"s":1,"v":{"Id":"a0C360000003XRTEA2","Name":"logo","Employee__c":"a0A36000001ygYkEAI","Project__c":"a0736000000Ew01AAC","Status__c":"Pending approval","Employee__r":{"s":2,"v":{"Name":"Andriy Lokotosh","Id":"a0A36000001ygYkEAI"}},"Project__r":{"s":3,"v":{"Name":"eBank","Id":"a0736000000Ew01AAC"}}}}|0x4750b8f6
07:41:54.0 (26580367)|VARIABLE_ASSIGNMENT|[62]|this.skill|{"s":1,"v":{"Id":"a0C360000003XRTEA2","Name":"logo","Employee__c":"a0A36000001ygYkEAI","Project__c":"a0736000000Ew01AAC","Status__c":"Pending approval","Employee__r":{"s":2,"v":{"Name":"Andriy Lokotosh","Id":"a0A36000001ygYkEAI"}},"Project__r":{"s":3,"v":{"Name":"eBank","Id":"a0736000000Ew01AAC"}}}}|0x4c7839ad
07:41:54.0 (26588706)|STATEMENT_EXECUTE|[68]
07:41:54.0 (26607325)|VARIABLE_ASSIGNMENT|[EXTERNAL]|this|{"skill":"0x4750b8f6"}|0x4c7839ad
07:41:54.0 (26613549)|VARIABLE_ASSIGNMENT|[EXTERNAL]|value|false
07:41:54.0 (26617311)|HEAP_ALLOCATE|[63]|Bytes:5
07:41:54.0 (26623281)|VARIABLE_ASSIGNMENT|[63]|this.selected|false|0x4c7839ad
07:41:54.0 (26633654)|CONSTRUCTOR_EXIT|[14]|01p360000072SS3|<init>(Employee_Skills__c)
07:41:54.0 (26642514)|HEAP_ALLOCATE|[EXTERNAL]|Bytes:4
07:41:54.0 (26650679)|METHOD_ENTRY|[10]||Database.QueryLocatorIterator.hasNext()
07:41:54.0 (26663603)|METHOD_EXIT|[10]||Database.QueryLocatorIterator.hasNext()
07:41:54.0 (26670916)|VARIABLE_ASSIGNMENT|[10]|c|null|
07:41:54.0 (26694317)|STATEMENT_EXECUTE|[17]
07:41:54.0 (26728349)|VARIABLE_ASSIGNMENT|[EXTERNAL]|this|{"skillsList":"0x535b039f"}|0x7009c8cb
07:41:54.0 (26742277)|SYSTEM_MODE_EXIT|false
07:41:54.0 (26755321)|CODE_UNIT_FINISHED|WrapperEmployeeSkills invoke(getEmployeeSkills)
07:41:54.0 (26773278)|CODE_UNIT_FINISHED|WrapperEmployeeSkills get(EmployeeSkills)
07:41:54.0 (27264272)|CODE_UNIT_STARTED|[EXTERNAL]|01p360000072SS3|skill
07:41:54.0 (27278259)|CODE_UNIT_FINISHED|skill
07:41:54.0 (87881837)|CODE_UNIT_STARTED|[EXTERNAL]|01p360000072SS3|selected
07:41:54.0 (87902669)|CODE_UNIT_FINISHED|selected
07:41:54.0 (90383101)|CODE_UNIT_STARTED|[EXTERNAL]|01p360000072SS3|selected
07:41:54.0 (90397242)|CODE_UNIT_FINISHED|selected
07:41:54.0 (90489362)|CODE_UNIT_STARTED|[EXTERNAL]|01p360000072SS3|skill
07:41:54.0 (90501935)|CODE_UNIT_FINISHED|skill
07:41:54.0 (92259306)|CODE_UNIT_STARTED|[EXTERNAL]|01p360000072SS3|selected
07:41:54.0 (92273333)|CODE_UNIT_FINISHED|selected
07:41:54.0 (92367152)|CODE_UNIT_STARTED|[EXTERNAL]|01p360000072SS3|skill
07:41:54.0 (92379137)|CODE_UNIT_FINISHED|skill
07:41:54.0 (94143666)|CODE_UNIT_STARTED|[EXTERNAL]|01p360000072SS3|selected
07:41:54.0 (94157555)|CODE_UNIT_FINISHED|selected
07:41:54.0 (94249001)|CODE_UNIT_STARTED|[EXTERNAL]|01p360000072SS3|skill
07:41:54.0 (94261739)|CODE_UNIT_FINISHED|skill
07:41:54.0 (95990094)|CODE_UNIT_STARTED|[EXTERNAL]|01p360000072SS3|selected
07:41:54.0 (96003883)|CODE_UNIT_FINISHED|selected
07:41:54.0 (96101283)|CODE_UNIT_STARTED|[EXTERNAL]|01p360000072SS3|skill
07:41:54.0 (96113675)|CODE_UNIT_FINISHED|skill
07:41:54.0 (97829364)|CODE_UNIT_STARTED|[EXTERNAL]|01p360000072SS3|selected
07:41:54.0 (97843023)|CODE_UNIT_FINISHED|selected
07:41:54.0 (97933999)|CODE_UNIT_STARTED|[EXTERNAL]|01p360000072SS3|skill
07:41:54.0 (97946257)|CODE_UNIT_FINISHED|skill
07:41:54.0 (99660641)|CODE_UNIT_STARTED|[EXTERNAL]|01p360000072SS3|selected
07:41:54.0 (99674422)|CODE_UNIT_FINISHED|selected
07:41:54.0 (99764924)|CODE_UNIT_STARTED|[EXTERNAL]|01p360000072SS3|skill
07:41:54.0 (99777053)|CODE_UNIT_FINISHED|skill
07:41:54.0 (101491957)|CODE_UNIT_STARTED|[EXTERNAL]|01p360000072SS3|selected
07:41:54.0 (101505920)|CODE_UNIT_FINISHED|selected
07:41:54.0 (101596953)|CODE_UNIT_STARTED|[EXTERNAL]|01p360000072SS3|skill
07:41:54.0 (101609186)|CODE_UNIT_FINISHED|skill
07:41:54.0 (103329359)|CODE_UNIT_STARTED|[EXTERNAL]|01p360000072SS3|selected
07:41:54.0 (103342824)|CODE_UNIT_FINISHED|selected
07:41:54.0 (103434004)|CODE_UNIT_STARTED|[EXTERNAL]|01p360000072SS3|skill
07:41:54.0 (103446232)|CODE_UNIT_FINISHED|skill
07:41:54.0 (105169161)|CODE_UNIT_STARTED|[EXTERNAL]|01p360000072SS3|selected
07:41:54.0 (105182936)|CODE_UNIT_FINISHED|selected
07:41:54.0 (105273719)|CODE_UNIT_STARTED|[EXTERNAL]|01p360000072SS3|skill
07:41:54.0 (105285762)|CODE_UNIT_FINISHED|skill
07:41:54.0 (109563276)|VF_SERIALIZE_VIEWSTATE_BEGIN|06636000001VcbV
07:41:54.0 (126669918)|VF_SERIALIZE_VIEWSTATE_END
07:41:54.0 (135861735)|CODE_UNIT_STARTED|[EXTERNAL]|Generate Metadata
07:41:54.0 (139344483)|CODE_UNIT_FINISHED|Generate Metadata
07:41:54.144 (144000324)|CUMULATIVE_LIMIT_USAGE
07:41:54.144 (144000324)|LIMIT_USAGE_FOR_NS|(default)|
  Number of SOQL queries: 1 out of 100
  Number of query rows: 10 out of 50000
  Number of SOSL queries: 0 out of 20
  Number of DML statements: 0 out of 150
  Number of DML rows: 0 out of 10000
  Maximum CPU time: 0 out of 10000
  Maximum heap size: 0 out of 6000000
  Number of callouts: 0 out of 100
  Number of Email Invocations: 0 out of 10
  Number of future calls: 0 out of 50
  Number of queueable jobs added to the queue: 0 out of 50
  Number of Mobile Apex push calls: 0 out of 10

07:41:54.144 (144000324)|CUMULATIVE_LIMIT_USAGE_END

07:41:54.0 (144052632)|CODE_UNIT_FINISHED|VF: /apex/AprooveWraper
07:41:54.0 (145400457)|EXECUTION_FINISHED
