36.0 APEX_CODE,FINEST;APEX_PROFILING,INFO;CALLOUT,INFO;DB,INFO;SYSTEM,DEBUG;VALIDATION,INFO;VISUALFORCE,INFO;WORKFLOW,INFO
04:48:44.0 (429608)|EXECUTION_STARTED
04:48:44.0 (476565)|CODE_UNIT_STARTED|[EXTERNAL]|06636000002n7XB|VF: /apex/DraftsToPersonTable
04:48:44.0 (3278695)|CODE_UNIT_STARTED|[EXTERNAL]|01p360000074pQr|DraftsToPersons <init>
04:48:44.0 (3293693)|SYSTEM_MODE_ENTER|true
04:48:44.0 (3921615)|HEAP_ALLOCATE|[72]|Bytes:3
04:48:44.0 (3998723)|HEAP_ALLOCATE|[77]|Bytes:152
04:48:44.0 (4016384)|HEAP_ALLOCATE|[342]|Bytes:408
04:48:44.0 (4033735)|HEAP_ALLOCATE|[355]|Bytes:408
04:48:44.0 (4047787)|HEAP_ALLOCATE|[467]|Bytes:48
04:48:44.0 (4084451)|HEAP_ALLOCATE|[139]|Bytes:6
04:48:44.0 (4108087)|HEAP_ALLOCATE|[EXTERNAL]|Bytes:10
04:48:44.0 (4148773)|HEAP_ALLOCATE|[EXTERNAL]|Bytes:144
04:48:44.0 (4152126)|HEAP_ALLOCATE|[EXTERNAL]|Bytes:21
04:48:44.0 (4171822)|METHOD_ENTRY|[1]|01p360000074pQr|DraftsToPersons.DraftsToPersons()
04:48:44.0 (4177936)|STATEMENT_EXECUTE|[1]
04:48:44.0 (4186615)|STATEMENT_EXECUTE|[1]
04:48:44.0 (4231095)|HEAP_ALLOCATE|[50]|Bytes:5
04:48:44.0 (4258577)|HEAP_ALLOCATE|[56]|Bytes:5
04:48:44.0 (4266991)|HEAP_ALLOCATE|[64]|Bytes:7
04:48:44.0 (4291720)|SYSTEM_MODE_ENTER|false
04:48:44.0 (4311770)|HEAP_ALLOCATE|[EXTERNAL]|Bytes:5
04:48:44.0 (4317074)|STATEMENT_EXECUTE|[67]
04:48:44.0 (4322095)|SYSTEM_MODE_EXIT|false
04:48:44.0 (4334092)|METHOD_EXIT|[1]|DraftsToPersons
04:48:44.0 (4753382)|HEAP_ALLOCATE|[EXTERNAL]|Bytes:20
04:48:44.0 (4768294)|VARIABLE_SCOPE_BEGIN|[7]|this|DraftsToPersons|true|false
04:48:44.0 (4906606)|VARIABLE_ASSIGNMENT|[7]|this|{}|0x6fc1a780
04:48:44.0 (4918718)|SYSTEM_MODE_ENTER|false
04:48:44.0 (4924212)|HEAP_ALLOCATE|[EXTERNAL]|Bytes:5
04:48:44.0 (4928212)|STATEMENT_EXECUTE|[1]
04:48:44.0 (4930975)|HEAP_ALLOCATE|[EXTERNAL]|Bytes:5
04:48:44.0 (4933053)|STATEMENT_EXECUTE|[2]
04:48:44.0 (4950859)|STATEMENT_EXECUTE|[3]
04:48:44.0 (4952499)|STATEMENT_EXECUTE|[4]
04:48:44.0 (4953514)|STATEMENT_EXECUTE|[5]
04:48:44.0 (4964369)|HEAP_ALLOCATE|[EXTERNAL]|Bytes:6
04:48:44.0 (4990798)|STATEMENT_EXECUTE|[8]
04:48:44.0 (4994723)|SYSTEM_MODE_EXIT|false
04:48:44.0 (5026961)|CODE_UNIT_FINISHED|DraftsToPersons <init>
04:48:44.0 (5090963)|CODE_UNIT_STARTED|[EXTERNAL]|01p360000074pQr|DraftsToPersons get(Persons)
04:48:44.0 (5099648)|SYSTEM_MODE_ENTER|true
04:48:44.0 (5128857)|CODE_UNIT_STARTED|[EXTERNAL]|01p360000074pQr|DraftsToPersons invoke(getPersons)
04:48:44.0 (5176852)|HEAP_ALLOCATE|[EXTERNAL]|Bytes:20
04:48:44.0 (5187534)|VARIABLE_SCOPE_BEGIN|[22]|this|DraftsToPersons|true|false
04:48:44.0 (5207105)|VARIABLE_ASSIGNMENT|[22]|this|{}|0x6fc1a780
04:48:44.0 (5221627)|SYSTEM_MODE_ENTER|false
04:48:44.0 (5226383)|HEAP_ALLOCATE|[24]|Bytes:5
04:48:44.0 (5230667)|STATEMENT_EXECUTE|[23]
04:48:44.0 (5312570)|VARIABLE_ASSIGNMENT|[EXTERNAL]|this|{}|0x6fc1a780
04:48:44.0 (5329546)|STATEMENT_EXECUTE|[25]
04:48:44.0 (5331259)|STATEMENT_EXECUTE|[26]
04:48:44.0 (5335002)|HEAP_ALLOCATE|[26]|Bytes:41
04:48:44.0 (5346817)|HEAP_ALLOCATE|[26]|Bytes:4
04:48:44.0 (5566456)|SOQL_EXECUTE_BEGIN|[26]|Aggregations:0|SELECT id, Name FROM Person__c LIMIT 1000
04:48:44.0 (8055003)|SOQL_EXECUTE_END|[26]|Rows:2
04:48:44.0 (8075133)|HEAP_ALLOCATE|[26]|Bytes:12
04:48:44.0 (8094181)|HEAP_ALLOCATE|[26]|Bytes:97
04:48:44.0 (8130134)|HEAP_ALLOCATE|[26]|Bytes:12
04:48:44.0 (8185663)|VARIABLE_ASSIGNMENT|[EXTERNAL]|this|{}|0x6fc1a780
04:48:44.0 (8228185)|VARIABLE_ASSIGNMENT|[EXTERNAL]|value|{"s":1,"v":[{"s":2,"v":{"Id":"a0N36000000xneOEAQ","Name":"Andiy Lokotosh"}},{"s":3,"v":{"Id":"a0N36000000xneTEAQ","Name":"Jon Smith"}}]}|0x6eee023e
04:48:44.0 (8252207)|VARIABLE_ASSIGNMENT|[3]|this.pers|{"s":1,"v":[{"s":2,"v":{"Id":"a0N36000000xneOEAQ","Name":"Andiy Lokotosh"}},{"s":3,"v":{"Id":"a0N36000000xneTEAQ","Name":"Jon Smith"}}]}|0x6fc1a780
04:48:44.0 (8261985)|STATEMENT_EXECUTE|[29]
04:48:44.0 (8297164)|VARIABLE_ASSIGNMENT|[EXTERNAL]|this|{"pers":"0x6eee023e"}|0x6fc1a780
04:48:44.0 (8309224)|SYSTEM_MODE_EXIT|false
04:48:44.0 (8328457)|CODE_UNIT_FINISHED|DraftsToPersons invoke(getPersons)
04:48:44.0 (8355658)|CODE_UNIT_FINISHED|DraftsToPersons get(Persons)
04:48:44.36 (36075643)|CUMULATIVE_LIMIT_USAGE
04:48:44.36 (36075643)|LIMIT_USAGE_FOR_NS|(default)|
  Number of SOQL queries: 1 out of 100
  Number of query rows: 2 out of 50000
  Number of SOSL queries: 0 out of 20
  Number of DML statements: 0 out of 150
  Number of DML rows: 0 out of 10000
  Maximum CPU time: 0 out of 10000
  Maximum heap size: 0 out of 6000000
  Number of callouts: 0 out of 100
  Number of Email Invocations: 0 out of 10
  Number of future calls: 0 out of 50
  Number of queueable jobs added to the queue: 0 out of 50
  Number of Mobile Apex push calls: 0 out of 10

04:48:44.36 (36075643)|CUMULATIVE_LIMIT_USAGE_END

04:48:44.0 (36155132)|CODE_UNIT_FINISHED|VF: /apex/DraftsToPersonTable
04:48:44.0 (37876967)|EXECUTION_FINISHED
