36.0 APEX_CODE,FINEST;APEX_PROFILING,INFO;CALLOUT,INFO;DB,INFO;SYSTEM,DEBUG;VALIDATION,INFO;VISUALFORCE,INFO;WORKFLOW,INFO
12:25:54.0 (702352)|EXECUTION_STARTED
12:25:54.0 (743242)|CODE_UNIT_STARTED|[EXTERNAL]|aura
12:25:54.0 (1326030)|HEAP_ALLOCATE|[72]|Bytes:3
12:25:54.0 (1403753)|HEAP_ALLOCATE|[77]|Bytes:152
12:25:54.0 (1428832)|HEAP_ALLOCATE|[342]|Bytes:408
12:25:54.0 (1451576)|HEAP_ALLOCATE|[355]|Bytes:408
12:25:54.0 (1471515)|HEAP_ALLOCATE|[467]|Bytes:48
12:25:54.0 (1516049)|HEAP_ALLOCATE|[139]|Bytes:6
12:25:54.0 (1552692)|HEAP_ALLOCATE|[EXTERNAL]|Bytes:18
12:25:54.0 (1606530)|HEAP_ALLOCATE|[EXTERNAL]|Bytes:18
12:25:54.0 (3025229)|CODE_UNIT_STARTED|[EXTERNAL]|01p36000006TzBn|AwesomeProductController.getProductByName
12:25:54.0 (3165654)|HEAP_ALLOCATE|[EXTERNAL]|Bytes:3
12:25:54.0 (3185345)|METHOD_ENTRY|[1]|01p36000006TzBn|AwesomeProductController.AwesomeProductController()
12:25:54.0 (3189857)|STATEMENT_EXECUTE|[1]
12:25:54.0 (3196486)|STATEMENT_EXECUTE|[1]
12:25:54.0 (3202699)|METHOD_EXIT|[1]|AwesomeProductController
12:25:54.0 (3207337)|HEAP_ALLOCATE|[EXTERNAL]|Bytes:18
12:25:54.0 (3224074)|SYSTEM_MODE_ENTER|false
12:25:54.0 (3240288)|VARIABLE_SCOPE_BEGIN|[8]|name|String|false|false
12:25:54.0 (3279448)|VARIABLE_ASSIGNMENT|[8]|name|"Always Be Yourself"
12:25:54.0 (3293525)|STATEMENT_EXECUTE|[8]
12:25:54.0 (3295799)|STATEMENT_EXECUTE|[9]
12:25:54.0 (3302245)|HEAP_ALLOCATE|[9]|Bytes:167
12:25:54.0 (3318324)|HEAP_ALLOCATE|[9]|Bytes:4
12:25:54.0 (3333764)|HEAP_ALLOCATE|[9]|Bytes:7
12:25:54.0 (3400921)|HEAP_ALLOCATE|[50]|Bytes:5
12:25:54.0 (3435650)|HEAP_ALLOCATE|[56]|Bytes:5
12:25:54.0 (3446283)|HEAP_ALLOCATE|[64]|Bytes:7
12:25:54.0 (5687168)|SOQL_EXECUTE_BEGIN|[9]|Aggregations:1|SELECT id, name, photo__c, color__c, points__c, description__c, (SELECT name FROM product_sizes__r ORDER BY name ASC NULLS FIRST) FROM product__c WHERE name = :tmpVar1
12:25:54.0 (10976240)|SOQL_EXECUTE_END|[9]|Rows:0
12:25:54.0 (11007242)|HEAP_ALLOCATE|[9]|Bytes:4
12:25:54.0 (11023986)|HEAP_ALLOCATE|[9]|Bytes:0
12:25:54.0 (11066449)|HEAP_ALLOCATE|[9]|Bytes:4
12:25:54.0 (11077181)|HEAP_ALLOCATE|[9]|Bytes:36
12:25:54.0 (11221777)|HEAP_ALLOCATE|[9]|Bytes:46
12:25:54.0 (11326640)|FATAL_ERROR|System.QueryException: List has no rows for assignment to SObject

Class.AwesomeProductController.getProductByName: line 9, column 1
12:25:54.0 (11341358)|FATAL_ERROR|System.QueryException: List has no rows for assignment to SObject

Class.AwesomeProductController.getProductByName: line 9, column 1
12:25:54.11 (11352841)|CUMULATIVE_LIMIT_USAGE
12:25:54.11 (11352841)|LIMIT_USAGE_FOR_NS|(default)|
  Number of SOQL queries: 1 out of 100
  Number of query rows: 0 out of 50000
  Number of SOSL queries: 0 out of 20
  Number of DML statements: 0 out of 150
  Number of DML rows: 0 out of 10000
  Maximum CPU time: 0 out of 10000
  Maximum heap size: 0 out of 6000000
  Number of callouts: 0 out of 100
  Number of Email Invocations: 0 out of 10
  Number of future calls: 0 out of 50
  Number of queueable jobs added to the queue: 0 out of 50
  Number of Mobile Apex push calls: 0 out of 10

12:25:54.11 (11352841)|CUMULATIVE_LIMIT_USAGE_END

12:25:54.0 (11399112)|CODE_UNIT_FINISHED|AwesomeProductController.getProductByName
12:25:54.0 (16668469)|CODE_UNIT_STARTED|[EXTERNAL]|01p36000006TzBn|AwesomeProductController.getProducts
12:25:54.0 (16742972)|STATEMENT_EXECUTE|[3]
12:25:54.0 (16747271)|STATEMENT_EXECUTE|[4]
12:25:54.0 (16752955)|HEAP_ALLOCATE|[4]|Bytes:68
12:25:54.0 (16762793)|HEAP_ALLOCATE|[4]|Bytes:4
12:25:54.0 (16991441)|SOQL_EXECUTE_BEGIN|[4]|Aggregations:0|SELECT id, name, photo__c, description__c, points__c FROM product__c
12:25:54.0 (19044960)|SOQL_EXECUTE_END|[4]|Rows:1
12:25:54.0 (19067124)|HEAP_ALLOCATE|[4]|Bytes:8
12:25:54.0 (19090730)|HEAP_ALLOCATE|[4]|Bytes:243
12:25:54.0 (19114083)|HEAP_ALLOCATE|[4]|Bytes:8
12:25:54.19 (19164384)|CUMULATIVE_LIMIT_USAGE
12:25:54.19 (19164384)|LIMIT_USAGE_FOR_NS|(default)|
  Number of SOQL queries: 2 out of 100
  Number of query rows: 1 out of 50000
  Number of SOSL queries: 0 out of 20
  Number of DML statements: 0 out of 150
  Number of DML rows: 0 out of 10000
  Maximum CPU time: 0 out of 10000
  Maximum heap size: 0 out of 6000000
  Number of callouts: 0 out of 100
  Number of Email Invocations: 0 out of 10
  Number of future calls: 0 out of 50
  Number of queueable jobs added to the queue: 0 out of 50
  Number of Mobile Apex push calls: 0 out of 10

12:25:54.19 (19164384)|CUMULATIVE_LIMIT_USAGE_END

12:25:54.0 (19200675)|CODE_UNIT_FINISHED|AwesomeProductController.getProducts
