36.0 APEX_CODE,FINEST;APEX_PROFILING,INFO;CALLOUT,INFO;DB,INFO;SYSTEM,DEBUG;VALIDATION,INFO;VISUALFORCE,INFO;WORKFLOW,INFO
04:30:11.0 (539345)|EXECUTION_STARTED
04:30:11.0 (580272)|CODE_UNIT_STARTED|[EXTERNAL]|06636000002n7XB|VF: /apex/DraftsToPersonTable
04:30:11.0 (3977365)|CODE_UNIT_STARTED|[EXTERNAL]|01p360000074pQr|DraftsToPersons <init>
04:30:11.0 (3994231)|SYSTEM_MODE_ENTER|true
04:30:11.0 (4549174)|HEAP_ALLOCATE|[72]|Bytes:3
04:30:11.0 (4599895)|HEAP_ALLOCATE|[77]|Bytes:152
04:30:11.0 (4620685)|HEAP_ALLOCATE|[342]|Bytes:408
04:30:11.0 (4643856)|HEAP_ALLOCATE|[355]|Bytes:408
04:30:11.0 (4665950)|HEAP_ALLOCATE|[467]|Bytes:48
04:30:11.0 (4707010)|HEAP_ALLOCATE|[139]|Bytes:6
04:30:11.0 (4734610)|HEAP_ALLOCATE|[EXTERNAL]|Bytes:10
04:30:11.0 (4740304)|HEAP_ALLOCATE|[EXTERNAL]|Bytes:144
04:30:11.0 (4744038)|HEAP_ALLOCATE|[EXTERNAL]|Bytes:21
04:30:11.0 (4760986)|METHOD_ENTRY|[1]|01p360000074pQr|DraftsToPersons.DraftsToPersons()
04:30:11.0 (4766906)|STATEMENT_EXECUTE|[1]
04:30:11.0 (4773514)|STATEMENT_EXECUTE|[1]
04:30:11.0 (4808606)|HEAP_ALLOCATE|[50]|Bytes:5
04:30:11.0 (4831778)|HEAP_ALLOCATE|[56]|Bytes:5
04:30:11.0 (4842983)|HEAP_ALLOCATE|[64]|Bytes:7
04:30:11.0 (4870813)|SYSTEM_MODE_ENTER|false
04:30:11.0 (4886573)|HEAP_ALLOCATE|[EXTERNAL]|Bytes:5
04:30:11.0 (4891400)|STATEMENT_EXECUTE|[67]
04:30:11.0 (4897598)|SYSTEM_MODE_EXIT|false
04:30:11.0 (4910465)|METHOD_EXIT|[1]|DraftsToPersons
04:30:11.0 (5302388)|HEAP_ALLOCATE|[EXTERNAL]|Bytes:20
04:30:11.0 (5318356)|VARIABLE_SCOPE_BEGIN|[7]|this|DraftsToPersons|true|false
04:30:11.0 (5400088)|VARIABLE_ASSIGNMENT|[7]|this|{}|0x6963c32a
04:30:11.0 (5414455)|SYSTEM_MODE_ENTER|false
04:30:11.0 (5421166)|HEAP_ALLOCATE|[EXTERNAL]|Bytes:5
04:30:11.0 (5425838)|STATEMENT_EXECUTE|[1]
04:30:11.0 (5429610)|HEAP_ALLOCATE|[EXTERNAL]|Bytes:5
04:30:11.0 (5431924)|STATEMENT_EXECUTE|[2]
04:30:11.0 (5433349)|STATEMENT_EXECUTE|[3]
04:30:11.0 (5434491)|STATEMENT_EXECUTE|[4]
04:30:11.0 (5435538)|STATEMENT_EXECUTE|[5]
04:30:11.0 (5446274)|HEAP_ALLOCATE|[EXTERNAL]|Bytes:6
04:30:11.0 (5473225)|STATEMENT_EXECUTE|[8]
04:30:11.0 (5477644)|SYSTEM_MODE_EXIT|false
04:30:11.0 (5498084)|CODE_UNIT_FINISHED|DraftsToPersons <init>
04:30:11.0 (5549691)|CODE_UNIT_STARTED|[EXTERNAL]|01p360000074pQr|DraftsToPersons get(Drafts)
04:30:11.0 (5559190)|SYSTEM_MODE_ENTER|true
04:30:11.0 (5578220)|CODE_UNIT_STARTED|[EXTERNAL]|01p360000074pQr|Drafts
04:30:11.0 (5590675)|CODE_UNIT_FINISHED|Drafts
04:30:11.0 (5607438)|CODE_UNIT_FINISHED|DraftsToPersons get(Drafts)
04:30:11.30 (30739644)|CUMULATIVE_LIMIT_USAGE
04:30:11.30 (30739644)|LIMIT_USAGE_FOR_NS|(default)|
  Number of SOQL queries: 0 out of 100
  Number of query rows: 0 out of 50000
  Number of SOSL queries: 0 out of 20
  Number of DML statements: 0 out of 150
  Number of DML rows: 0 out of 10000
  Maximum CPU time: 0 out of 10000
  Maximum heap size: 0 out of 6000000
  Number of callouts: 0 out of 100
  Number of Email Invocations: 0 out of 10
  Number of future calls: 0 out of 50
  Number of queueable jobs added to the queue: 0 out of 50
  Number of Mobile Apex push calls: 0 out of 10

04:30:11.30 (30739644)|CUMULATIVE_LIMIT_USAGE_END

04:30:11.0 (30807335)|CODE_UNIT_FINISHED|VF: /apex/DraftsToPersonTable
04:30:11.0 (31883674)|EXECUTION_FINISHED
