36.0 APEX_CODE,FINEST;APEX_PROFILING,INFO;CALLOUT,INFO;DB,INFO;SYSTEM,DEBUG;VALIDATION,INFO;VISUALFORCE,INFO;WORKFLOW,INFO
04:48:06.0 (552345)|EXECUTION_STARTED
04:48:06.0 (621105)|CODE_UNIT_STARTED|[EXTERNAL]|06636000002n7XB|VF: /apex/DraftsToPersonTable
04:48:06.0 (3802235)|CODE_UNIT_STARTED|[EXTERNAL]|01p360000074pQr|DraftsToPersons <init>
04:48:06.0 (3833644)|SYSTEM_MODE_ENTER|true
04:48:06.0 (4485248)|HEAP_ALLOCATE|[72]|Bytes:3
04:48:06.0 (4550615)|HEAP_ALLOCATE|[77]|Bytes:152
04:48:06.0 (4575412)|HEAP_ALLOCATE|[342]|Bytes:408
04:48:06.0 (4599128)|HEAP_ALLOCATE|[355]|Bytes:408
04:48:06.0 (4620487)|HEAP_ALLOCATE|[467]|Bytes:48
04:48:06.0 (4669517)|HEAP_ALLOCATE|[139]|Bytes:6
04:48:06.0 (4701692)|HEAP_ALLOCATE|[EXTERNAL]|Bytes:10
04:48:06.0 (4708907)|HEAP_ALLOCATE|[EXTERNAL]|Bytes:144
04:48:06.0 (4713624)|HEAP_ALLOCATE|[EXTERNAL]|Bytes:21
04:48:06.0 (4740051)|METHOD_ENTRY|[1]|01p360000074pQr|DraftsToPersons.DraftsToPersons()
04:48:06.0 (4751956)|STATEMENT_EXECUTE|[1]
04:48:06.0 (4765206)|STATEMENT_EXECUTE|[1]
04:48:06.0 (4802948)|HEAP_ALLOCATE|[50]|Bytes:5
04:48:06.0 (4830789)|HEAP_ALLOCATE|[56]|Bytes:5
04:48:06.0 (4841846)|HEAP_ALLOCATE|[64]|Bytes:7
04:48:06.0 (4875569)|SYSTEM_MODE_ENTER|false
04:48:06.0 (4893720)|HEAP_ALLOCATE|[EXTERNAL]|Bytes:5
04:48:06.0 (4899551)|STATEMENT_EXECUTE|[67]
04:48:06.0 (4907018)|SYSTEM_MODE_EXIT|false
04:48:06.0 (4922757)|METHOD_EXIT|[1]|DraftsToPersons
04:48:06.0 (5345923)|HEAP_ALLOCATE|[EXTERNAL]|Bytes:20
04:48:06.0 (5360936)|VARIABLE_SCOPE_BEGIN|[7]|this|DraftsToPersons|true|false
04:48:06.0 (5570455)|VARIABLE_ASSIGNMENT|[7]|this|{}|0x6b532e89
04:48:06.0 (5585853)|SYSTEM_MODE_ENTER|false
04:48:06.0 (5591856)|HEAP_ALLOCATE|[EXTERNAL]|Bytes:5
04:48:06.0 (5596859)|STATEMENT_EXECUTE|[1]
04:48:06.0 (5600176)|HEAP_ALLOCATE|[EXTERNAL]|Bytes:5
04:48:06.0 (5603084)|STATEMENT_EXECUTE|[2]
04:48:06.0 (5605378)|STATEMENT_EXECUTE|[3]
04:48:06.0 (5606601)|STATEMENT_EXECUTE|[4]
04:48:06.0 (5607889)|STATEMENT_EXECUTE|[5]
04:48:06.0 (5618805)|HEAP_ALLOCATE|[EXTERNAL]|Bytes:6
04:48:06.0 (5649895)|STATEMENT_EXECUTE|[8]
04:48:06.0 (5655704)|SYSTEM_MODE_EXIT|false
04:48:06.0 (5684310)|CODE_UNIT_FINISHED|DraftsToPersons <init>
04:48:06.0 (5748259)|CODE_UNIT_STARTED|[EXTERNAL]|01p360000074pQr|DraftsToPersons get(Persons)
04:48:06.0 (5759410)|SYSTEM_MODE_ENTER|true
04:48:06.0 (5785429)|CODE_UNIT_STARTED|[EXTERNAL]|01p360000074pQr|DraftsToPersons invoke(getPersons)
04:48:06.0 (5833136)|HEAP_ALLOCATE|[EXTERNAL]|Bytes:20
04:48:06.0 (5843910)|VARIABLE_SCOPE_BEGIN|[22]|this|DraftsToPersons|true|false
04:48:06.0 (5864571)|VARIABLE_ASSIGNMENT|[22]|this|{}|0x6b532e89
04:48:06.0 (5880920)|SYSTEM_MODE_ENTER|false
04:48:06.0 (5886333)|HEAP_ALLOCATE|[24]|Bytes:5
04:48:06.0 (5891356)|STATEMENT_EXECUTE|[23]
04:48:06.0 (5945810)|VARIABLE_ASSIGNMENT|[EXTERNAL]|this|{}|0x6b532e89
04:48:06.0 (5961484)|STATEMENT_EXECUTE|[25]
04:48:06.0 (5963388)|STATEMENT_EXECUTE|[26]
04:48:06.0 (5967998)|HEAP_ALLOCATE|[26]|Bytes:41
04:48:06.0 (5982481)|HEAP_ALLOCATE|[26]|Bytes:4
04:48:06.0 (6330248)|SOQL_EXECUTE_BEGIN|[26]|Aggregations:0|SELECT id, Name FROM Person__c LIMIT 1000
04:48:06.0 (9584834)|SOQL_EXECUTE_END|[26]|Rows:2
04:48:06.0 (9609251)|HEAP_ALLOCATE|[26]|Bytes:12
04:48:06.0 (9629977)|HEAP_ALLOCATE|[26]|Bytes:97
04:48:06.0 (9675315)|HEAP_ALLOCATE|[26]|Bytes:12
04:48:06.0 (9726551)|VARIABLE_ASSIGNMENT|[EXTERNAL]|this|{}|0x6b532e89
04:48:06.0 (9772280)|VARIABLE_ASSIGNMENT|[EXTERNAL]|value|{"s":1,"v":[{"s":2,"v":{"Id":"a0N36000000xneOEAQ","Name":"Andiy Lokotosh"}},{"s":3,"v":{"Id":"a0N36000000xneTEAQ","Name":"Jon Smith"}}]}|0x191069f6
04:48:06.0 (9810633)|VARIABLE_ASSIGNMENT|[3]|this.pers|{"s":1,"v":[{"s":2,"v":{"Id":"a0N36000000xneOEAQ","Name":"Andiy Lokotosh"}},{"s":3,"v":{"Id":"a0N36000000xneTEAQ","Name":"Jon Smith"}}]}|0x6b532e89
04:48:06.0 (9823207)|STATEMENT_EXECUTE|[29]
04:48:06.0 (9869224)|VARIABLE_ASSIGNMENT|[EXTERNAL]|this|{"pers":"0x191069f6"}|0x6b532e89
04:48:06.0 (9885179)|SYSTEM_MODE_EXIT|false
04:48:06.0 (9899838)|CODE_UNIT_FINISHED|DraftsToPersons invoke(getPersons)
04:48:06.0 (9920220)|CODE_UNIT_FINISHED|DraftsToPersons get(Persons)
04:48:06.0 (10199727)|CODE_UNIT_STARTED|[EXTERNAL]|01p360000074pQr|DraftsToPersons get(Drafts)
04:48:06.0 (10212963)|SYSTEM_MODE_ENTER|true
04:48:06.0 (10227182)|CODE_UNIT_STARTED|[EXTERNAL]|01p360000074pQr|Drafts
04:48:06.0 (10239335)|CODE_UNIT_FINISHED|Drafts
04:48:06.0 (10255822)|CODE_UNIT_FINISHED|DraftsToPersons get(Drafts)
04:48:06.39 (39033193)|CUMULATIVE_LIMIT_USAGE
04:48:06.39 (39033193)|LIMIT_USAGE_FOR_NS|(default)|
  Number of SOQL queries: 1 out of 100
  Number of query rows: 2 out of 50000
  Number of SOSL queries: 0 out of 20
  Number of DML statements: 0 out of 150
  Number of DML rows: 0 out of 10000
  Maximum CPU time: 0 out of 10000
  Maximum heap size: 0 out of 6000000
  Number of callouts: 0 out of 100
  Number of Email Invocations: 0 out of 10
  Number of future calls: 0 out of 50
  Number of queueable jobs added to the queue: 0 out of 50
  Number of Mobile Apex push calls: 0 out of 10

04:48:06.39 (39033193)|CUMULATIVE_LIMIT_USAGE_END

04:48:06.0 (39111446)|CODE_UNIT_FINISHED|VF: /apex/DraftsToPersonTable
04:48:06.0 (40238576)|EXECUTION_FINISHED
