36.0 APEX_CODE,FINEST;APEX_PROFILING,INFO;CALLOUT,INFO;DB,INFO;SYSTEM,DEBUG;VALIDATION,INFO;VISUALFORCE,INFO;WORKFLOW,INFO
04:46:41.0 (501094)|EXECUTION_STARTED
04:46:41.0 (552955)|CODE_UNIT_STARTED|[EXTERNAL]|06636000002n7XB|VF: /apex/DraftsToPersonTable
04:46:41.0 (10080282)|CODE_UNIT_STARTED|[EXTERNAL]|01p360000074pQr|DraftsToPersons <init>
04:46:41.0 (10093579)|SYSTEM_MODE_ENTER|true
04:46:41.0 (10578466)|HEAP_ALLOCATE|[72]|Bytes:3
04:46:41.0 (10669309)|HEAP_ALLOCATE|[77]|Bytes:152
04:46:41.0 (10690509)|HEAP_ALLOCATE|[342]|Bytes:408
04:46:41.0 (10711960)|HEAP_ALLOCATE|[355]|Bytes:408
04:46:41.0 (10732104)|HEAP_ALLOCATE|[467]|Bytes:48
04:46:41.0 (10778885)|HEAP_ALLOCATE|[139]|Bytes:6
04:46:41.0 (10806607)|HEAP_ALLOCATE|[EXTERNAL]|Bytes:10
04:46:41.0 (10840230)|HEAP_ALLOCATE|[EXTERNAL]|Bytes:144
04:46:41.0 (10843769)|HEAP_ALLOCATE|[EXTERNAL]|Bytes:21
04:46:41.0 (10864743)|METHOD_ENTRY|[1]|01p360000074pQr|DraftsToPersons.DraftsToPersons()
04:46:41.0 (10871351)|STATEMENT_EXECUTE|[1]
04:46:41.0 (10879593)|STATEMENT_EXECUTE|[1]
04:46:41.0 (10915526)|HEAP_ALLOCATE|[50]|Bytes:5
04:46:41.0 (10942515)|HEAP_ALLOCATE|[56]|Bytes:5
04:46:41.0 (10951797)|HEAP_ALLOCATE|[64]|Bytes:7
04:46:41.0 (10977332)|SYSTEM_MODE_ENTER|false
04:46:41.0 (10995675)|HEAP_ALLOCATE|[EXTERNAL]|Bytes:5
04:46:41.0 (10999991)|STATEMENT_EXECUTE|[67]
04:46:41.0 (11004484)|SYSTEM_MODE_EXIT|false
04:46:41.0 (11019984)|METHOD_EXIT|[1]|DraftsToPersons
04:46:41.0 (11354838)|HEAP_ALLOCATE|[EXTERNAL]|Bytes:20
04:46:41.0 (11372576)|VARIABLE_SCOPE_BEGIN|[7]|this|DraftsToPersons|true|false
04:46:41.0 (11521517)|VARIABLE_ASSIGNMENT|[7]|this|{}|0x5d943fe
04:46:41.0 (11536927)|SYSTEM_MODE_ENTER|false
04:46:41.0 (11542829)|HEAP_ALLOCATE|[EXTERNAL]|Bytes:5
04:46:41.0 (11546769)|STATEMENT_EXECUTE|[1]
04:46:41.0 (11549566)|HEAP_ALLOCATE|[EXTERNAL]|Bytes:5
04:46:41.0 (11551336)|STATEMENT_EXECUTE|[2]
04:46:41.0 (11553062)|STATEMENT_EXECUTE|[3]
04:46:41.0 (11554146)|STATEMENT_EXECUTE|[4]
04:46:41.0 (11555172)|STATEMENT_EXECUTE|[5]
04:46:41.0 (11565236)|HEAP_ALLOCATE|[EXTERNAL]|Bytes:6
04:46:41.0 (11592829)|STATEMENT_EXECUTE|[8]
04:46:41.0 (11596864)|SYSTEM_MODE_EXIT|false
04:46:41.0 (11616702)|CODE_UNIT_FINISHED|DraftsToPersons <init>
04:46:41.0 (11668602)|CODE_UNIT_STARTED|[EXTERNAL]|01p360000074pQr|DraftsToPersons get(Persons)
04:46:41.0 (11676549)|SYSTEM_MODE_ENTER|true
04:46:41.0 (11703093)|CODE_UNIT_STARTED|[EXTERNAL]|01p360000074pQr|DraftsToPersons invoke(getPersons)
04:46:41.0 (11746805)|HEAP_ALLOCATE|[EXTERNAL]|Bytes:20
04:46:41.0 (11762201)|VARIABLE_SCOPE_BEGIN|[22]|this|DraftsToPersons|true|false
04:46:41.0 (11781803)|VARIABLE_ASSIGNMENT|[22]|this|{}|0x5d943fe
04:46:41.0 (11797821)|SYSTEM_MODE_ENTER|false
04:46:41.0 (11802858)|HEAP_ALLOCATE|[24]|Bytes:5
04:46:41.0 (11806552)|STATEMENT_EXECUTE|[23]
04:46:41.0 (11866779)|VARIABLE_ASSIGNMENT|[EXTERNAL]|this|{}|0x5d943fe
04:46:41.0 (11883653)|STATEMENT_EXECUTE|[25]
04:46:41.0 (11885334)|STATEMENT_EXECUTE|[26]
04:46:41.0 (11888964)|HEAP_ALLOCATE|[26]|Bytes:41
04:46:41.0 (11904165)|HEAP_ALLOCATE|[26]|Bytes:4
04:46:41.0 (12901415)|SOQL_EXECUTE_BEGIN|[26]|Aggregations:0|SELECT id, Name FROM Person__c LIMIT 1000
04:46:41.0 (15664086)|SOQL_EXECUTE_END|[26]|Rows:2
04:46:41.0 (15687228)|HEAP_ALLOCATE|[26]|Bytes:12
04:46:41.0 (15708130)|HEAP_ALLOCATE|[26]|Bytes:97
04:46:41.0 (15746112)|HEAP_ALLOCATE|[26]|Bytes:12
04:46:41.0 (15796661)|VARIABLE_ASSIGNMENT|[EXTERNAL]|this|{}|0x5d943fe
04:46:41.0 (15840912)|VARIABLE_ASSIGNMENT|[EXTERNAL]|value|{"s":1,"v":[{"s":2,"v":{"Id":"a0N36000000xneOEAQ","Name":"Andiy Lokotosh"}},{"s":3,"v":{"Id":"a0N36000000xneTEAQ","Name":"Jon Smith"}}]}|0x5a775035
04:46:41.0 (15866526)|VARIABLE_ASSIGNMENT|[3]|this.pers|{"s":1,"v":[{"s":2,"v":{"Id":"a0N36000000xneOEAQ","Name":"Andiy Lokotosh"}},{"s":3,"v":{"Id":"a0N36000000xneTEAQ","Name":"Jon Smith"}}]}|0x5d943fe
04:46:41.0 (15876614)|STATEMENT_EXECUTE|[29]
04:46:41.0 (15921646)|VARIABLE_ASSIGNMENT|[EXTERNAL]|this|{"pers":"0x5a775035"}|0x5d943fe
04:46:41.0 (15933295)|SYSTEM_MODE_EXIT|false
04:46:41.0 (15948179)|CODE_UNIT_FINISHED|DraftsToPersons invoke(getPersons)
04:46:41.0 (15967531)|CODE_UNIT_FINISHED|DraftsToPersons get(Persons)
04:46:41.45 (45456296)|CUMULATIVE_LIMIT_USAGE
04:46:41.45 (45456296)|LIMIT_USAGE_FOR_NS|(default)|
  Number of SOQL queries: 1 out of 100
  Number of query rows: 2 out of 50000
  Number of SOSL queries: 0 out of 20
  Number of DML statements: 0 out of 150
  Number of DML rows: 0 out of 10000
  Maximum CPU time: 0 out of 10000
  Maximum heap size: 0 out of 6000000
  Number of callouts: 0 out of 100
  Number of Email Invocations: 0 out of 10
  Number of future calls: 0 out of 50
  Number of queueable jobs added to the queue: 0 out of 50
  Number of Mobile Apex push calls: 0 out of 10

04:46:41.45 (45456296)|CUMULATIVE_LIMIT_USAGE_END

04:46:41.0 (45522800)|CODE_UNIT_FINISHED|VF: /apex/DraftsToPersonTable
04:46:41.0 (46510942)|EXECUTION_FINISHED
