36.0 APEX_CODE,FINEST;APEX_PROFILING,INFO;CALLOUT,INFO;DB,INFO;SYSTEM,DEBUG;VALIDATION,INFO;VISUALFORCE,INFO;WORKFLOW,INFO
08:15:26.0 (613585)|EXECUTION_STARTED
08:15:26.0 (660131)|CODE_UNIT_STARTED|[EXTERNAL]|06636000002mOgR|VF: /apex/AccountWrapper
08:15:26.0 (1651570)|VF_DESERIALIZE_VIEWSTATE_BEGIN|06636000002mOgR
08:15:26.0 (13189124)|HEAP_ALLOCATE|[72]|Bytes:3
08:15:26.0 (13246296)|HEAP_ALLOCATE|[77]|Bytes:152
08:15:26.0 (13264507)|HEAP_ALLOCATE|[342]|Bytes:408
08:15:26.0 (13287431)|HEAP_ALLOCATE|[355]|Bytes:408
08:15:26.0 (13305603)|HEAP_ALLOCATE|[467]|Bytes:48
08:15:26.0 (13338235)|HEAP_ALLOCATE|[139]|Bytes:6
08:15:26.0 (13374021)|HEAP_ALLOCATE|[50]|Bytes:5
08:15:26.0 (13394834)|HEAP_ALLOCATE|[56]|Bytes:5
08:15:26.0 (13404262)|HEAP_ALLOCATE|[64]|Bytes:7
08:15:26.0 (15604922)|VF_DESERIALIZE_VIEWSTATE_END
08:15:26.0 (17231317)|CODE_UNIT_STARTED|[EXTERNAL]|01p360000072U8D|AccountSelectClassController get(wrapAccountList)
08:15:26.0 (17245445)|SYSTEM_MODE_ENTER|true
08:15:26.0 (17288882)|CODE_UNIT_STARTED|[EXTERNAL]|01p360000072U8D|wrapAccountList
08:15:26.0 (17303376)|HEAP_ALLOCATE|[EXTERNAL]|Bytes:11
08:15:26.0 (17309580)|HEAP_ALLOCATE|[EXTERNAL]|Bytes:128
08:15:26.0 (17312545)|HEAP_ALLOCATE|[EXTERNAL]|Bytes:8
08:15:26.0 (17326258)|METHOD_ENTRY|[1]|01p360000072U8D|AccountSelectClassController.AccountSelectClassController()
08:15:26.0 (17330307)|STATEMENT_EXECUTE|[1]
08:15:26.0 (17337817)|STATEMENT_EXECUTE|[1]
08:15:26.0 (17339214)|STATEMENT_EXECUTE|[28]
08:15:26.0 (17344034)|METHOD_EXIT|[1]|AccountSelectClassController
08:15:26.0 (17357628)|CODE_UNIT_FINISHED|wrapAccountList
08:15:26.0 (17375375)|CODE_UNIT_FINISHED|AccountSelectClassController get(wrapAccountList)
08:15:26.0 (18065318)|CODE_UNIT_STARTED|[EXTERNAL]|01p360000072U8D|AccountSelectClassController get(selectedAccounts)
08:15:26.0 (18074326)|SYSTEM_MODE_ENTER|true
08:15:26.0 (18087438)|CODE_UNIT_STARTED|[EXTERNAL]|01p360000072U8D|selectedAccounts
08:15:26.0 (18098545)|CODE_UNIT_FINISHED|selectedAccounts
08:15:26.0 (18113401)|CODE_UNIT_FINISHED|AccountSelectClassController get(selectedAccounts)
08:15:26.0 (18585525)|CODE_UNIT_STARTED|[EXTERNAL]|01p360000072U8D|selected
08:15:26.0 (18597315)|HEAP_ALLOCATE|[EXTERNAL]|Bytes:108
08:15:26.0 (18602779)|HEAP_ALLOCATE|[EXTERNAL]|Bytes:8
08:15:26.0 (18611636)|CODE_UNIT_FINISHED|selected
08:15:26.0 (18685049)|CODE_UNIT_STARTED|[EXTERNAL]|01p360000072U8D|selected
08:15:26.0 (18696652)|CODE_UNIT_FINISHED|selected
08:15:26.0 (18763517)|CODE_UNIT_STARTED|[EXTERNAL]|01p360000072U8D|selected
08:15:26.0 (18774368)|CODE_UNIT_FINISHED|selected
08:15:26.0 (18839511)|CODE_UNIT_STARTED|[EXTERNAL]|01p360000072U8D|selected
08:15:26.0 (18850188)|CODE_UNIT_FINISHED|selected
08:15:26.0 (18924310)|CODE_UNIT_STARTED|[EXTERNAL]|01p360000072U8D|selected
08:15:26.0 (18935147)|CODE_UNIT_FINISHED|selected
08:15:26.0 (19000204)|CODE_UNIT_STARTED|[EXTERNAL]|01p360000072U8D|selected
08:15:26.0 (19011995)|CODE_UNIT_FINISHED|selected
08:15:26.0 (19077117)|CODE_UNIT_STARTED|[EXTERNAL]|01p360000072U8D|selected
08:15:26.0 (19087786)|CODE_UNIT_FINISHED|selected
08:15:26.0 (19152622)|CODE_UNIT_STARTED|[EXTERNAL]|01p360000072U8D|selected
08:15:26.0 (19163672)|CODE_UNIT_FINISHED|selected
08:15:26.0 (19228797)|CODE_UNIT_STARTED|[EXTERNAL]|01p360000072U8D|selected
08:15:26.0 (19239520)|CODE_UNIT_FINISHED|selected
08:15:26.0 (19309507)|CODE_UNIT_STARTED|[EXTERNAL]|01p360000072U8D|selected
08:15:26.0 (19320192)|CODE_UNIT_FINISHED|selected
08:15:26.0 (19802560)|CODE_UNIT_STARTED|[EXTERNAL]|wrapAccount set(selected,false)
08:15:26.0 (19846168)|HEAP_ALLOCATE|[EXTERNAL]|Bytes:5
08:15:26.0 (19856790)|HEAP_ALLOCATE|[EXTERNAL]|Bytes:12
08:15:26.0 (19894521)|VARIABLE_ASSIGNMENT|[EXTERNAL]|this.selected|false|0x496e4473
08:15:26.0 (19902897)|CODE_UNIT_FINISHED|wrapAccount set(selected,false)
08:15:26.0 (19973700)|CODE_UNIT_STARTED|[EXTERNAL]|wrapAccount set(selected,false)
08:15:26.0 (19993618)|HEAP_ALLOCATE|[EXTERNAL]|Bytes:5
08:15:26.0 (19996882)|HEAP_ALLOCATE|[EXTERNAL]|Bytes:12
08:15:26.0 (20005395)|VARIABLE_ASSIGNMENT|[EXTERNAL]|this.selected|false|0x78136609
08:15:26.0 (20013414)|CODE_UNIT_FINISHED|wrapAccount set(selected,false)
08:15:26.0 (20080495)|CODE_UNIT_STARTED|[EXTERNAL]|wrapAccount set(selected,false)
08:15:26.0 (20099755)|HEAP_ALLOCATE|[EXTERNAL]|Bytes:5
08:15:26.0 (20102899)|HEAP_ALLOCATE|[EXTERNAL]|Bytes:12
08:15:26.0 (20111120)|VARIABLE_ASSIGNMENT|[EXTERNAL]|this.selected|false|0x3ac30aee
08:15:26.0 (20117465)|CODE_UNIT_FINISHED|wrapAccount set(selected,false)
08:15:26.0 (20183707)|CODE_UNIT_STARTED|[EXTERNAL]|wrapAccount set(selected,true)
08:15:26.0 (20202625)|HEAP_ALLOCATE|[EXTERNAL]|Bytes:5
08:15:26.0 (20205761)|HEAP_ALLOCATE|[EXTERNAL]|Bytes:12
08:15:26.0 (20213842)|VARIABLE_ASSIGNMENT|[EXTERNAL]|this.selected|true|0xd4c5a4d
08:15:26.0 (20220345)|CODE_UNIT_FINISHED|wrapAccount set(selected,true)
08:15:26.0 (20291071)|CODE_UNIT_STARTED|[EXTERNAL]|wrapAccount set(selected,true)
08:15:26.0 (20310246)|HEAP_ALLOCATE|[EXTERNAL]|Bytes:5
08:15:26.0 (20313378)|HEAP_ALLOCATE|[EXTERNAL]|Bytes:12
08:15:26.0 (20321392)|VARIABLE_ASSIGNMENT|[EXTERNAL]|this.selected|true|0x36bada4b
08:15:26.0 (20327733)|CODE_UNIT_FINISHED|wrapAccount set(selected,true)
08:15:26.0 (20396811)|CODE_UNIT_STARTED|[EXTERNAL]|wrapAccount set(selected,true)
08:15:26.0 (20415988)|HEAP_ALLOCATE|[EXTERNAL]|Bytes:5
08:15:26.0 (20419417)|HEAP_ALLOCATE|[EXTERNAL]|Bytes:12
08:15:26.0 (20427514)|VARIABLE_ASSIGNMENT|[EXTERNAL]|this.selected|true|0x55fad1bb
08:15:26.0 (20433854)|CODE_UNIT_FINISHED|wrapAccount set(selected,true)
08:15:26.0 (20499908)|CODE_UNIT_STARTED|[EXTERNAL]|wrapAccount set(selected,true)
08:15:26.0 (20518477)|HEAP_ALLOCATE|[EXTERNAL]|Bytes:5
08:15:26.0 (20521568)|HEAP_ALLOCATE|[EXTERNAL]|Bytes:12
08:15:26.0 (20529528)|VARIABLE_ASSIGNMENT|[EXTERNAL]|this.selected|true|0x77cc3590
08:15:26.0 (20535748)|CODE_UNIT_FINISHED|wrapAccount set(selected,true)
08:15:26.0 (20601572)|CODE_UNIT_STARTED|[EXTERNAL]|wrapAccount set(selected,true)
08:15:26.0 (20620128)|HEAP_ALLOCATE|[EXTERNAL]|Bytes:5
08:15:26.0 (20623235)|HEAP_ALLOCATE|[EXTERNAL]|Bytes:12
08:15:26.0 (20631346)|VARIABLE_ASSIGNMENT|[EXTERNAL]|this.selected|true|0x18bd8716
08:15:26.0 (20637596)|CODE_UNIT_FINISHED|wrapAccount set(selected,true)
08:15:26.0 (20703175)|CODE_UNIT_STARTED|[EXTERNAL]|wrapAccount set(selected,false)
08:15:26.0 (20721625)|HEAP_ALLOCATE|[EXTERNAL]|Bytes:5
08:15:26.0 (20724783)|HEAP_ALLOCATE|[EXTERNAL]|Bytes:12
08:15:26.0 (20732794)|VARIABLE_ASSIGNMENT|[EXTERNAL]|this.selected|false|0x78356ec8
08:15:26.0 (20739021)|CODE_UNIT_FINISHED|wrapAccount set(selected,false)
08:15:26.0 (20804113)|CODE_UNIT_STARTED|[EXTERNAL]|wrapAccount set(selected,false)
08:15:26.0 (20822501)|HEAP_ALLOCATE|[EXTERNAL]|Bytes:5
08:15:26.0 (20825550)|HEAP_ALLOCATE|[EXTERNAL]|Bytes:12
08:15:26.0 (20833580)|VARIABLE_ASSIGNMENT|[EXTERNAL]|this.selected|false|0x7bc10f7c
08:15:26.0 (20840011)|CODE_UNIT_FINISHED|wrapAccount set(selected,false)
08:15:26.0 (21460163)|CODE_UNIT_STARTED|[EXTERNAL]|01p360000072U8D|AccountSelectClassController invoke(processSelected)
08:15:26.0 (21518399)|HEAP_ALLOCATE|[EXTERNAL]|Bytes:12
08:15:26.0 (21530977)|VARIABLE_SCOPE_BEGIN|[17]|this|AccountSelectClassController|true|false
08:15:26.0 (21567692)|VARIABLE_ASSIGNMENT|[17]|this|{"selectedAccounts":"0x3ae471f9","wrapAccountList":"0x3140df04"}|0xf8eeb14
08:15:26.0 (21582021)|STATEMENT_EXECUTE|[17]
08:15:26.0 (21583862)|STATEMENT_EXECUTE|[18]
08:15:26.0 (21591745)|HEAP_ALLOCATE|[18]|Bytes:4
08:15:26.0 (21731780)|VARIABLE_ASSIGNMENT|[EXTERNAL]|this|{"selectedAccounts":"0x3ae471f9","wrapAccountList":"0x3140df04"}|0xf8eeb14
08:15:26.0 (21741692)|HEAP_ALLOCATE|[EXTERNAL]|Bytes:4
08:15:26.0 (21755101)|VARIABLE_ASSIGNMENT|[EXTERNAL]|value|{"s":1,"v":[]}|0x336be69
08:15:26.0 (21767002)|VARIABLE_ASSIGNMENT|[5]|this.selectedAccounts|{"s":1,"v":[]}|0xf8eeb14
08:15:26.0 (21818850)|VARIABLE_ASSIGNMENT|[EXTERNAL]|this|{"selectedAccounts":"0x336be69","wrapAccountList":"0x3140df04"}|0xf8eeb14
08:15:26.0 (22081675)|HEAP_ALLOCATE|[20]|Bytes:5
08:15:26.0 (22102853)|HEAP_ALLOCATE|[20]|Bytes:12
08:15:26.0 (22113158)|VARIABLE_SCOPE_BEGIN|[20]|wrapAccountObj|AccountSelectClassController.wrapAccount|true|false
08:15:26.0 (22147673)|VARIABLE_ASSIGNMENT|[20]|wrapAccountObj|{"acc":"0x208dbce9","selected":false}|0x496e4473
08:15:26.0 (22152813)|STATEMENT_EXECUTE|[20]
08:15:26.0 (22195458)|VARIABLE_ASSIGNMENT|[EXTERNAL]|this|{"acc":"0x208dbce9","selected":false}|0x496e4473
08:15:26.0 (22209754)|STATEMENT_EXECUTE|[21]
08:15:26.0 (22221424)|HEAP_ALLOCATE|[20]|Bytes:5
08:15:26.0 (22231162)|HEAP_ALLOCATE|[20]|Bytes:12
08:15:26.0 (22236848)|VARIABLE_SCOPE_BEGIN|[20]|wrapAccountObj|AccountSelectClassController.wrapAccount|true|false
08:15:26.0 (22255102)|VARIABLE_ASSIGNMENT|[20]|wrapAccountObj|{"acc":"0x2f7f96e5","selected":false}|0x78136609
08:15:26.0 (22258350)|STATEMENT_EXECUTE|[20]
08:15:26.0 (22283596)|VARIABLE_ASSIGNMENT|[EXTERNAL]|this|{"acc":"0x2f7f96e5","selected":false}|0x78136609
08:15:26.0 (22293700)|STATEMENT_EXECUTE|[21]
08:15:26.0 (22303600)|HEAP_ALLOCATE|[20]|Bytes:5
08:15:26.0 (22312404)|HEAP_ALLOCATE|[20]|Bytes:12
08:15:26.0 (22317611)|VARIABLE_SCOPE_BEGIN|[20]|wrapAccountObj|AccountSelectClassController.wrapAccount|true|false
08:15:26.0 (22335211)|VARIABLE_ASSIGNMENT|[20]|wrapAccountObj|{"acc":"0x4d8e45e6","selected":false}|0x3ac30aee
08:15:26.0 (22338438)|STATEMENT_EXECUTE|[20]
08:15:26.0 (22357256)|VARIABLE_ASSIGNMENT|[EXTERNAL]|this|{"acc":"0x4d8e45e6","selected":false}|0x3ac30aee
08:15:26.0 (22366179)|STATEMENT_EXECUTE|[21]
08:15:26.0 (22375700)|HEAP_ALLOCATE|[20]|Bytes:5
08:15:26.0 (22384204)|HEAP_ALLOCATE|[20]|Bytes:12
08:15:26.0 (22389266)|VARIABLE_SCOPE_BEGIN|[20]|wrapAccountObj|AccountSelectClassController.wrapAccount|true|false
08:15:26.0 (22406195)|VARIABLE_ASSIGNMENT|[20]|wrapAccountObj|{"acc":"0x29c24a","selected":true}|0xd4c5a4d
08:15:26.0 (22409455)|STATEMENT_EXECUTE|[20]
08:15:26.0 (22427998)|VARIABLE_ASSIGNMENT|[EXTERNAL]|this|{"acc":"0x29c24a","selected":true}|0xd4c5a4d
08:15:26.0 (22436635)|STATEMENT_EXECUTE|[21]
08:15:26.0 (22438036)|STATEMENT_EXECUTE|[22]
08:15:26.0 (22477072)|VARIABLE_ASSIGNMENT|[EXTERNAL]|this|{"selectedAccounts":"0x336be69","wrapAccountList":"0x3140df04"}|0xf8eeb14
08:15:26.0 (22509668)|VARIABLE_ASSIGNMENT|[EXTERNAL]|this|{"acc":"0x29c24a","selected":true}|0xd4c5a4d
08:15:26.0 (22529669)|HEAP_ALLOCATE|[EXTERNAL]|Bytes:4
08:15:26.0 (22543250)|HEAP_ALLOCATE|[20]|Bytes:5
08:15:26.0 (22552398)|HEAP_ALLOCATE|[20]|Bytes:12
08:15:26.0 (22557878)|VARIABLE_SCOPE_BEGIN|[20]|wrapAccountObj|AccountSelectClassController.wrapAccount|true|false
08:15:26.0 (22575419)|VARIABLE_ASSIGNMENT|[20]|wrapAccountObj|{"acc":"0x6d37d521","selected":true}|0x36bada4b
08:15:26.0 (22578920)|STATEMENT_EXECUTE|[20]
08:15:26.0 (22597433)|VARIABLE_ASSIGNMENT|[EXTERNAL]|this|{"acc":"0x6d37d521","selected":true}|0x36bada4b
08:15:26.0 (22606304)|STATEMENT_EXECUTE|[21]
08:15:26.0 (22607710)|STATEMENT_EXECUTE|[22]
08:15:26.0 (22624888)|VARIABLE_ASSIGNMENT|[EXTERNAL]|this|{"selectedAccounts":"0x336be69","wrapAccountList":"0x3140df04"}|0xf8eeb14
08:15:26.0 (22646420)|VARIABLE_ASSIGNMENT|[EXTERNAL]|this|{"acc":"0x6d37d521","selected":true}|0x36bada4b
08:15:26.0 (22658367)|HEAP_ALLOCATE|[EXTERNAL]|Bytes:4
08:15:26.0 (22670557)|HEAP_ALLOCATE|[20]|Bytes:5
08:15:26.0 (22679187)|HEAP_ALLOCATE|[20]|Bytes:12
08:15:26.0 (22684421)|VARIABLE_SCOPE_BEGIN|[20]|wrapAccountObj|AccountSelectClassController.wrapAccount|true|false
08:15:26.0 (22701042)|VARIABLE_ASSIGNMENT|[20]|wrapAccountObj|{"acc":"0x19467aa6","selected":true}|0x55fad1bb
08:15:26.0 (22704272)|STATEMENT_EXECUTE|[20]
08:15:26.0 (22722532)|VARIABLE_ASSIGNMENT|[EXTERNAL]|this|{"acc":"0x19467aa6","selected":true}|0x55fad1bb
08:15:26.0 (22730822)|STATEMENT_EXECUTE|[21]
08:15:26.0 (22732277)|STATEMENT_EXECUTE|[22]
08:15:26.0 (22748703)|VARIABLE_ASSIGNMENT|[EXTERNAL]|this|{"selectedAccounts":"0x336be69","wrapAccountList":"0x3140df04"}|0xf8eeb14
08:15:26.0 (22769747)|VARIABLE_ASSIGNMENT|[EXTERNAL]|this|{"acc":"0x19467aa6","selected":true}|0x55fad1bb
08:15:26.0 (22781250)|HEAP_ALLOCATE|[EXTERNAL]|Bytes:4
08:15:26.0 (22792711)|HEAP_ALLOCATE|[20]|Bytes:5
08:15:26.0 (22801215)|HEAP_ALLOCATE|[20]|Bytes:12
08:15:26.0 (22806423)|VARIABLE_SCOPE_BEGIN|[20]|wrapAccountObj|AccountSelectClassController.wrapAccount|true|false
08:15:26.0 (22822672)|VARIABLE_ASSIGNMENT|[20]|wrapAccountObj|{"acc":"0x4a561468","selected":true}|0x77cc3590
08:15:26.0 (22825757)|STATEMENT_EXECUTE|[20]
08:15:26.0 (22843735)|VARIABLE_ASSIGNMENT|[EXTERNAL]|this|{"acc":"0x4a561468","selected":true}|0x77cc3590
08:15:26.0 (22851966)|STATEMENT_EXECUTE|[21]
08:15:26.0 (22853424)|STATEMENT_EXECUTE|[22]
08:15:26.0 (22869707)|VARIABLE_ASSIGNMENT|[EXTERNAL]|this|{"selectedAccounts":"0x336be69","wrapAccountList":"0x3140df04"}|0xf8eeb14
08:15:26.0 (22890637)|VARIABLE_ASSIGNMENT|[EXTERNAL]|this|{"acc":"0x4a561468","selected":true}|0x77cc3590
08:15:26.0 (22901966)|HEAP_ALLOCATE|[EXTERNAL]|Bytes:4
08:15:26.0 (22913273)|HEAP_ALLOCATE|[20]|Bytes:5
08:15:26.0 (22921668)|HEAP_ALLOCATE|[20]|Bytes:12
08:15:26.0 (22926757)|VARIABLE_SCOPE_BEGIN|[20]|wrapAccountObj|AccountSelectClassController.wrapAccount|true|false
08:15:26.0 (22942820)|VARIABLE_ASSIGNMENT|[20]|wrapAccountObj|{"acc":"0x399f48b1","selected":true}|0x18bd8716
08:15:26.0 (22946128)|STATEMENT_EXECUTE|[20]
08:15:26.0 (22964042)|VARIABLE_ASSIGNMENT|[EXTERNAL]|this|{"acc":"0x399f48b1","selected":true}|0x18bd8716
08:15:26.0 (22972413)|STATEMENT_EXECUTE|[21]
08:15:26.0 (22973810)|STATEMENT_EXECUTE|[22]
08:15:26.0 (22990284)|VARIABLE_ASSIGNMENT|[EXTERNAL]|this|{"selectedAccounts":"0x336be69","wrapAccountList":"0x3140df04"}|0xf8eeb14
08:15:26.0 (23011293)|VARIABLE_ASSIGNMENT|[EXTERNAL]|this|{"acc":"0x399f48b1","selected":true}|0x18bd8716
08:15:26.0 (23024036)|HEAP_ALLOCATE|[EXTERNAL]|Bytes:4
08:15:26.0 (23035294)|HEAP_ALLOCATE|[20]|Bytes:5
08:15:26.0 (23043727)|HEAP_ALLOCATE|[20]|Bytes:12
08:15:26.0 (23048744)|VARIABLE_SCOPE_BEGIN|[20]|wrapAccountObj|AccountSelectClassController.wrapAccount|true|false
08:15:26.0 (23065691)|VARIABLE_ASSIGNMENT|[20]|wrapAccountObj|{"acc":"0xf958af4","selected":false}|0x78356ec8
08:15:26.0 (23068914)|STATEMENT_EXECUTE|[20]
08:15:26.0 (23087161)|VARIABLE_ASSIGNMENT|[EXTERNAL]|this|{"acc":"0xf958af4","selected":false}|0x78356ec8
08:15:26.0 (23095859)|STATEMENT_EXECUTE|[21]
08:15:26.0 (23104919)|HEAP_ALLOCATE|[20]|Bytes:5
08:15:26.0 (23113200)|HEAP_ALLOCATE|[20]|Bytes:12
08:15:26.0 (23118144)|VARIABLE_SCOPE_BEGIN|[20]|wrapAccountObj|AccountSelectClassController.wrapAccount|true|false
08:15:26.0 (23134415)|VARIABLE_ASSIGNMENT|[20]|wrapAccountObj|{"acc":"0xe6ca866","selected":false}|0x7bc10f7c
08:15:26.0 (23137466)|STATEMENT_EXECUTE|[20]
08:15:26.0 (23155222)|VARIABLE_ASSIGNMENT|[EXTERNAL]|this|{"acc":"0xe6ca866","selected":false}|0x7bc10f7c
08:15:26.0 (23163374)|STATEMENT_EXECUTE|[21]
08:15:26.0 (23172436)|HEAP_ALLOCATE|[20]|Bytes:5
08:15:26.0 (23183459)|VARIABLE_ASSIGNMENT|[20]|wrapAccountObj|null|
08:15:26.0 (23223115)|CODE_UNIT_FINISHED|AccountSelectClassController invoke(processSelected)
08:15:26.0 (23264956)|VF_APEX_CALL|j_id5|{!processSelected}|PageReference: none
08:15:26.0 (25803267)|CODE_UNIT_STARTED|[EXTERNAL]|01p360000072U8D|AccountSelectClassController get(wrapAccountList)
08:15:26.0 (25813893)|SYSTEM_MODE_ENTER|true
08:15:26.0 (25827478)|CODE_UNIT_STARTED|[EXTERNAL]|01p360000072U8D|wrapAccountList
08:15:26.0 (25839162)|CODE_UNIT_FINISHED|wrapAccountList
08:15:26.0 (25854544)|CODE_UNIT_FINISHED|AccountSelectClassController get(wrapAccountList)
08:15:26.0 (26083931)|CODE_UNIT_STARTED|[EXTERNAL]|01p360000072U8D|acc
08:15:26.0 (26097843)|CODE_UNIT_FINISHED|acc
08:15:26.0 (30476146)|CODE_UNIT_STARTED|[EXTERNAL]|01p360000072U8D|AccountSelectClassController get(selectedAccounts)
08:15:26.0 (30485454)|SYSTEM_MODE_ENTER|true
08:15:26.0 (30498747)|CODE_UNIT_STARTED|[EXTERNAL]|01p360000072U8D|selectedAccounts
08:15:26.0 (30510333)|CODE_UNIT_FINISHED|selectedAccounts
08:15:26.0 (30525482)|CODE_UNIT_FINISHED|AccountSelectClassController get(selectedAccounts)
08:15:26.0 (40020723)|VF_SERIALIZE_VIEWSTATE_BEGIN|06636000002mOgR
08:15:26.0 (52136481)|VF_SERIALIZE_VIEWSTATE_END
08:15:26.0 (59735701)|CODE_UNIT_STARTED|[EXTERNAL]|Generate Metadata
08:15:26.0 (63239972)|CODE_UNIT_FINISHED|Generate Metadata
08:15:26.67 (67960198)|CUMULATIVE_LIMIT_USAGE
08:15:26.67 (67960198)|LIMIT_USAGE_FOR_NS|(default)|
  Number of SOQL queries: 0 out of 100
  Number of query rows: 0 out of 50000
  Number of SOSL queries: 0 out of 20
  Number of DML statements: 0 out of 150
  Number of DML rows: 0 out of 10000
  Maximum CPU time: 0 out of 10000
  Maximum heap size: 0 out of 6000000
  Number of callouts: 0 out of 100
  Number of Email Invocations: 0 out of 10
  Number of future calls: 0 out of 50
  Number of queueable jobs added to the queue: 0 out of 50
  Number of Mobile Apex push calls: 0 out of 10

08:15:26.67 (67960198)|CUMULATIVE_LIMIT_USAGE_END

08:15:26.0 (68003503)|CODE_UNIT_FINISHED|VF: /apex/AccountWrapper
08:15:26.0 (69009526)|EXECUTION_FINISHED
