36.0 APEX_CODE,FINEST;APEX_PROFILING,INFO;CALLOUT,INFO;DB,INFO;SYSTEM,DEBUG;VALIDATION,INFO;VISUALFORCE,INFO;WORKFLOW,INFO
08:44:34.0 (470508)|EXECUTION_STARTED
08:44:34.0 (508907)|CODE_UNIT_STARTED|[EXTERNAL]|01p36000005H3V7|expansesController.getExpenses
08:44:34.0 (716446)|HEAP_ALLOCATE|[72]|Bytes:3
08:44:34.0 (763284)|HEAP_ALLOCATE|[77]|Bytes:152
08:44:34.0 (780480)|HEAP_ALLOCATE|[342]|Bytes:408
08:44:34.0 (801268)|HEAP_ALLOCATE|[355]|Bytes:408
08:44:34.0 (821768)|HEAP_ALLOCATE|[467]|Bytes:48
08:44:34.0 (853859)|HEAP_ALLOCATE|[139]|Bytes:6
08:44:34.0 (876959)|HEAP_ALLOCATE|[EXTERNAL]|Bytes:4
08:44:34.0 (896363)|METHOD_ENTRY|[1]|01p36000005H3V7|expansesController.expansesController()
08:44:34.0 (901719)|STATEMENT_EXECUTE|[1]
08:44:34.0 (909144)|STATEMENT_EXECUTE|[1]
08:44:34.0 (948626)|HEAP_ALLOCATE|[50]|Bytes:5
08:44:34.0 (970127)|HEAP_ALLOCATE|[56]|Bytes:5
08:44:34.0 (979790)|HEAP_ALLOCATE|[64]|Bytes:7
08:44:34.0 (1005002)|SYSTEM_MODE_ENTER|false
08:44:34.0 (1026829)|HEAP_ALLOCATE|[EXTERNAL]|Bytes:5
08:44:34.0 (1034736)|SYSTEM_MODE_EXIT|false
08:44:34.0 (1047581)|METHOD_EXIT|[1]|expansesController
08:44:34.0 (1056622)|SYSTEM_MODE_ENTER|false
08:44:34.0 (1072635)|HEAP_ALLOCATE|[6]|Bytes:5
08:44:34.0 (1076557)|STATEMENT_EXECUTE|[3]
08:44:34.0 (1078208)|STATEMENT_EXECUTE|[6]
08:44:34.0 (1081905)|HEAP_ALLOCATE|[6]|Bytes:90
08:44:34.0 (1094851)|HEAP_ALLOCATE|[6]|Bytes:4
08:44:34.0 (1455062)|SOQL_EXECUTE_BEGIN|[6]|Aggregations:0|SELECT Id, Name, Amount__c, Client__c, Date__c, Reimbursed__c, CreatedDate FROM Expense__c
08:44:34.0 (42411706)|SOQL_EXECUTE_END|[6]|Rows:7
08:44:34.0 (42445740)|HEAP_ALLOCATE|[6]|Bytes:32
08:44:34.0 (42481923)|HEAP_ALLOCATE|[6]|Bytes:1030
08:44:34.0 (42517209)|HEAP_ALLOCATE|[6]|Bytes:32
08:44:34.0 (42539395)|SYSTEM_MODE_EXIT|false
08:44:34.42 (42587836)|CUMULATIVE_LIMIT_USAGE
08:44:34.42 (42587836)|LIMIT_USAGE_FOR_NS|(default)|
  Number of SOQL queries: 1 out of 100
  Number of query rows: 7 out of 50000
  Number of SOSL queries: 0 out of 20
  Number of DML statements: 0 out of 150
  Number of DML rows: 0 out of 10000
  Maximum CPU time: 0 out of 10000
  Maximum heap size: 0 out of 6000000
  Number of callouts: 0 out of 100
  Number of Email Invocations: 0 out of 10
  Number of future calls: 0 out of 50
  Number of queueable jobs added to the queue: 0 out of 50
  Number of Mobile Apex push calls: 0 out of 10

08:44:34.42 (42587836)|CUMULATIVE_LIMIT_USAGE_END

08:44:34.0 (42645874)|CODE_UNIT_FINISHED|expansesController.getExpenses
08:44:34.0 (48051447)|EXECUTION_FINISHED
