36.0 APEX_CODE,FINEST;APEX_PROFILING,INFO;CALLOUT,INFO;DB,INFO;SYSTEM,DEBUG;VALIDATION,INFO;VISUALFORCE,INFO;WORKFLOW,INFO
08:30:47.0 (578727)|EXECUTION_STARTED
08:30:47.0 (610429)|CODE_UNIT_STARTED|[EXTERNAL]|06636000002n7XB|VF: /apex/DraftsToPersonTable
08:30:47.0 (3460130)|CODE_UNIT_STARTED|[EXTERNAL]|01p360000074pQr|DraftsToPersons <init>
08:30:47.0 (3477564)|SYSTEM_MODE_ENTER|true
08:30:47.0 (4045949)|HEAP_ALLOCATE|[72]|Bytes:3
08:30:47.0 (4102882)|HEAP_ALLOCATE|[77]|Bytes:152
08:30:47.0 (4119162)|HEAP_ALLOCATE|[342]|Bytes:408
08:30:47.0 (4134743)|HEAP_ALLOCATE|[355]|Bytes:408
08:30:47.0 (4149299)|HEAP_ALLOCATE|[467]|Bytes:48
08:30:47.0 (4181878)|HEAP_ALLOCATE|[139]|Bytes:6
08:30:47.0 (4204010)|HEAP_ALLOCATE|[EXTERNAL]|Bytes:10
08:30:47.0 (4209015)|HEAP_ALLOCATE|[EXTERNAL]|Bytes:140
08:30:47.0 (4211958)|HEAP_ALLOCATE|[EXTERNAL]|Bytes:21
08:30:47.0 (4222854)|METHOD_ENTRY|[1]|01p360000074pQr|DraftsToPersons.DraftsToPersons()
08:30:47.0 (4226597)|STATEMENT_EXECUTE|[1]
08:30:47.0 (4233687)|STATEMENT_EXECUTE|[1]
08:30:47.0 (4269176)|HEAP_ALLOCATE|[50]|Bytes:5
08:30:47.0 (4294368)|HEAP_ALLOCATE|[56]|Bytes:5
08:30:47.0 (4303666)|HEAP_ALLOCATE|[64]|Bytes:7
08:30:47.0 (4330560)|SYSTEM_MODE_ENTER|false
08:30:47.0 (4349852)|HEAP_ALLOCATE|[EXTERNAL]|Bytes:5
08:30:47.0 (4354692)|STATEMENT_EXECUTE|[69]
08:30:47.0 (4361989)|SYSTEM_MODE_EXIT|false
08:30:47.0 (4370718)|METHOD_EXIT|[1]|DraftsToPersons
08:30:47.0 (4447518)|HEAP_ALLOCATE|[EXTERNAL]|Bytes:20
08:30:47.0 (4461081)|VARIABLE_SCOPE_BEGIN|[7]|this|DraftsToPersons|true|false
08:30:47.0 (4541675)|VARIABLE_ASSIGNMENT|[7]|this|{}|0x6d488c94
08:30:47.0 (4555960)|SYSTEM_MODE_ENTER|false
08:30:47.0 (4561227)|HEAP_ALLOCATE|[EXTERNAL]|Bytes:5
08:30:47.0 (4564609)|STATEMENT_EXECUTE|[1]
08:30:47.0 (4567360)|HEAP_ALLOCATE|[EXTERNAL]|Bytes:5
08:30:47.0 (4569224)|STATEMENT_EXECUTE|[2]
08:30:47.0 (4571220)|STATEMENT_EXECUTE|[3]
08:30:47.0 (4572165)|STATEMENT_EXECUTE|[4]
08:30:47.0 (4573086)|STATEMENT_EXECUTE|[5]
08:30:47.0 (4582887)|HEAP_ALLOCATE|[EXTERNAL]|Bytes:6
08:30:47.0 (4606662)|STATEMENT_EXECUTE|[8]
08:30:47.0 (4612421)|SYSTEM_MODE_EXIT|false
08:30:47.0 (4631110)|CODE_UNIT_FINISHED|DraftsToPersons <init>
08:30:47.0 (4702162)|CODE_UNIT_STARTED|[EXTERNAL]|01p360000074pQr|DraftsToPersons get(Persons)
08:30:47.0 (4712486)|SYSTEM_MODE_ENTER|true
08:30:47.0 (4734956)|CODE_UNIT_STARTED|[EXTERNAL]|01p360000074pQr|DraftsToPersons invoke(getPersons)
08:30:47.0 (4773575)|HEAP_ALLOCATE|[EXTERNAL]|Bytes:20
08:30:47.0 (4783124)|VARIABLE_SCOPE_BEGIN|[23]|this|DraftsToPersons|true|false
08:30:47.0 (4802536)|VARIABLE_ASSIGNMENT|[23]|this|{}|0x6d488c94
08:30:47.0 (4820322)|SYSTEM_MODE_ENTER|false
08:30:47.0 (4825195)|HEAP_ALLOCATE|[25]|Bytes:5
08:30:47.0 (4828926)|STATEMENT_EXECUTE|[24]
08:30:47.0 (4905533)|VARIABLE_ASSIGNMENT|[EXTERNAL]|this|{}|0x6d488c94
08:30:47.0 (4921950)|STATEMENT_EXECUTE|[26]
08:30:47.0 (4923935)|STATEMENT_EXECUTE|[27]
08:30:47.0 (4928099)|HEAP_ALLOCATE|[27]|Bytes:71
08:30:47.0 (4941941)|HEAP_ALLOCATE|[27]|Bytes:4
08:30:47.0 (5281492)|SOQL_EXECUTE_BEGIN|[27]|Aggregations:0|SELECT id, Name FROM Person__c ORDER BY Name ASC NULLS FIRST LIMIT 1000
08:30:47.0 (10151867)|SOQL_EXECUTE_END|[27]|Rows:2
08:30:47.0 (10171272)|HEAP_ALLOCATE|[27]|Bytes:12
08:30:47.0 (10191687)|HEAP_ALLOCATE|[27]|Bytes:97
08:30:47.0 (10229558)|HEAP_ALLOCATE|[27]|Bytes:12
08:30:47.0 (10277542)|VARIABLE_ASSIGNMENT|[EXTERNAL]|this|{}|0x6d488c94
08:30:47.0 (10319136)|VARIABLE_ASSIGNMENT|[EXTERNAL]|value|{"s":1,"v":[{"s":2,"v":{"Id":"a0N36000000xneOEAQ","Name":"Andiy Lokotosh"}},{"s":3,"v":{"Id":"a0N36000000xneTEAQ","Name":"Jon Smith"}}]}|0x55e2818
08:30:47.0 (10341337)|VARIABLE_ASSIGNMENT|[3]|this.pers|{"s":1,"v":[{"s":2,"v":{"Id":"a0N36000000xneOEAQ","Name":"Andiy Lokotosh"}},{"s":3,"v":{"Id":"a0N36000000xneTEAQ","Name":"Jon Smith"}}]}|0x6d488c94
08:30:47.0 (10350946)|STATEMENT_EXECUTE|[31]
08:30:47.0 (10397819)|VARIABLE_ASSIGNMENT|[EXTERNAL]|this|{"pers":"0x55e2818"}|0x6d488c94
08:30:47.0 (10412533)|SYSTEM_MODE_EXIT|false
08:30:47.0 (10442932)|CODE_UNIT_FINISHED|DraftsToPersons invoke(getPersons)
08:30:47.0 (10463401)|CODE_UNIT_FINISHED|DraftsToPersons get(Persons)
08:30:47.0 (10715289)|CODE_UNIT_STARTED|[EXTERNAL]|01p360000074pQr|DraftsToPersons get(Drafts)
08:30:47.0 (10725763)|SYSTEM_MODE_ENTER|true
08:30:47.0 (10742836)|CODE_UNIT_STARTED|[EXTERNAL]|01p360000074pQr|DraftsToPersons invoke(getDrafts)
08:30:47.0 (10778811)|HEAP_ALLOCATE|[EXTERNAL]|Bytes:20
08:30:47.0 (10788229)|VARIABLE_SCOPE_BEGIN|[12]|this|DraftsToPersons|true|false
08:30:47.0 (10822577)|VARIABLE_ASSIGNMENT|[12]|this|{"pers":"0x55e2818"}|0x6d488c94
08:30:47.0 (10837857)|SYSTEM_MODE_ENTER|false
08:30:47.0 (10843575)|HEAP_ALLOCATE|[14]|Bytes:5
08:30:47.0 (10847661)|STATEMENT_EXECUTE|[13]
08:30:47.0 (10903851)|VARIABLE_ASSIGNMENT|[EXTERNAL]|this|{"pers":"0x55e2818"}|0x6d488c94
08:30:47.0 (10915822)|STATEMENT_EXECUTE|[15]
08:30:47.0 (10917631)|STATEMENT_EXECUTE|[16]
08:30:47.0 (10921672)|HEAP_ALLOCATE|[16]|Bytes:70
08:30:47.0 (10928023)|HEAP_ALLOCATE|[16]|Bytes:4
08:30:47.0 (11123313)|SOQL_EXECUTE_BEGIN|[16]|Aggregations:0|SELECT id, Name FROM Draft__c ORDER BY Name ASC NULLS FIRST LIMIT 1000
08:30:47.0 (13187902)|SOQL_EXECUTE_END|[16]|Rows:2
08:30:47.0 (13202763)|HEAP_ALLOCATE|[16]|Bytes:12
08:30:47.0 (13217560)|HEAP_ALLOCATE|[16]|Bytes:95
08:30:47.0 (13242055)|HEAP_ALLOCATE|[16]|Bytes:12
08:30:47.0 (13291481)|VARIABLE_ASSIGNMENT|[EXTERNAL]|this|{"pers":"0x55e2818"}|0x6d488c94
08:30:47.0 (13314404)|VARIABLE_ASSIGNMENT|[EXTERNAL]|value|{"s":1,"v":[{"s":2,"v":{"Id":"a0R3600000032Q3EAI","Name":"Ebay"}},{"s":3,"v":{"Id":"a0R3600000032PyEAI","Name":"Electronic System"}}]}|0x655bbf79
08:30:47.0 (13334083)|VARIABLE_ASSIGNMENT|[2]|this.draft|{"s":1,"v":[{"s":2,"v":{"Id":"a0R3600000032Q3EAI","Name":"Ebay"}},{"s":3,"v":{"Id":"a0R3600000032PyEAI","Name":"Electronic System"}}]}|0x6d488c94
08:30:47.0 (13343144)|STATEMENT_EXECUTE|[21]
08:30:47.0 (13390264)|VARIABLE_ASSIGNMENT|[EXTERNAL]|this|{"draft":"0x655bbf79","pers":"0x55e2818"}|0x6d488c94
08:30:47.0 (13405303)|SYSTEM_MODE_EXIT|false
08:30:47.0 (13418787)|CODE_UNIT_FINISHED|DraftsToPersons invoke(getDrafts)
08:30:47.0 (13437620)|CODE_UNIT_FINISHED|DraftsToPersons get(Drafts)
08:30:47.69 (69182952)|CUMULATIVE_LIMIT_USAGE
08:30:47.69 (69182952)|LIMIT_USAGE_FOR_NS|(default)|
  Number of SOQL queries: 2 out of 100
  Number of query rows: 4 out of 50000
  Number of SOSL queries: 0 out of 20
  Number of DML statements: 0 out of 150
  Number of DML rows: 0 out of 10000
  Maximum CPU time: 0 out of 10000
  Maximum heap size: 0 out of 6000000
  Number of callouts: 0 out of 100
  Number of Email Invocations: 0 out of 10
  Number of future calls: 0 out of 50
  Number of queueable jobs added to the queue: 0 out of 50
  Number of Mobile Apex push calls: 0 out of 10

08:30:47.69 (69182952)|CUMULATIVE_LIMIT_USAGE_END

08:30:47.0 (69249110)|CODE_UNIT_FINISHED|VF: /apex/DraftsToPersonTable
08:30:47.0 (70570068)|EXECUTION_FINISHED
