36.0 APEX_CODE,FINEST;APEX_PROFILING,INFO;CALLOUT,INFO;DB,INFO;SYSTEM,DEBUG;VALIDATION,INFO;VISUALFORCE,INFO;WORKFLOW,INFO
04:50:30.0 (86067)|EXECUTION_STARTED
04:50:30.0 (133239)|CODE_UNIT_STARTED|[EXTERNAL]|06636000002n7XB|VF: /apex/DraftsToPersonTable
04:50:30.0 (2636144)|CODE_UNIT_STARTED|[EXTERNAL]|01p360000074pQr|DraftsToPersons <init>
04:50:30.0 (2652217)|SYSTEM_MODE_ENTER|true
04:50:30.0 (3140733)|HEAP_ALLOCATE|[72]|Bytes:3
04:50:30.0 (3199422)|HEAP_ALLOCATE|[77]|Bytes:152
04:50:30.0 (3217388)|HEAP_ALLOCATE|[342]|Bytes:408
04:50:30.0 (3233844)|HEAP_ALLOCATE|[355]|Bytes:408
04:50:30.0 (3248348)|HEAP_ALLOCATE|[467]|Bytes:48
04:50:30.0 (3284586)|HEAP_ALLOCATE|[139]|Bytes:6
04:50:30.0 (3376606)|HEAP_ALLOCATE|[EXTERNAL]|Bytes:10
04:50:30.0 (3382964)|HEAP_ALLOCATE|[EXTERNAL]|Bytes:144
04:50:30.0 (3385719)|HEAP_ALLOCATE|[EXTERNAL]|Bytes:21
04:50:30.0 (3402767)|METHOD_ENTRY|[1]|01p360000074pQr|DraftsToPersons.DraftsToPersons()
04:50:30.0 (3408583)|STATEMENT_EXECUTE|[1]
04:50:30.0 (3417468)|STATEMENT_EXECUTE|[1]
04:50:30.0 (3459206)|HEAP_ALLOCATE|[50]|Bytes:5
04:50:30.0 (3487069)|HEAP_ALLOCATE|[56]|Bytes:5
04:50:30.0 (3495766)|HEAP_ALLOCATE|[64]|Bytes:7
04:50:30.0 (3521716)|SYSTEM_MODE_ENTER|false
04:50:30.0 (3541955)|HEAP_ALLOCATE|[EXTERNAL]|Bytes:5
04:50:30.0 (3547719)|STATEMENT_EXECUTE|[67]
04:50:30.0 (3552872)|SYSTEM_MODE_EXIT|false
04:50:30.0 (3565625)|METHOD_EXIT|[1]|DraftsToPersons
04:50:30.0 (3572255)|HEAP_ALLOCATE|[EXTERNAL]|Bytes:20
04:50:30.0 (3580921)|VARIABLE_SCOPE_BEGIN|[7]|this|DraftsToPersons|true|false
04:50:30.0 (3668924)|VARIABLE_ASSIGNMENT|[7]|this|{}|0x188ddc9d
04:50:30.0 (3682678)|SYSTEM_MODE_ENTER|false
04:50:30.0 (3687597)|HEAP_ALLOCATE|[EXTERNAL]|Bytes:5
04:50:30.0 (3691651)|STATEMENT_EXECUTE|[1]
04:50:30.0 (3694541)|HEAP_ALLOCATE|[EXTERNAL]|Bytes:5
04:50:30.0 (3696740)|STATEMENT_EXECUTE|[2]
04:50:30.0 (3698736)|STATEMENT_EXECUTE|[3]
04:50:30.0 (3699870)|STATEMENT_EXECUTE|[4]
04:50:30.0 (3700976)|STATEMENT_EXECUTE|[5]
04:50:30.0 (3710572)|HEAP_ALLOCATE|[EXTERNAL]|Bytes:6
04:50:30.0 (3736655)|STATEMENT_EXECUTE|[8]
04:50:30.0 (3740880)|SYSTEM_MODE_EXIT|false
04:50:30.0 (3768181)|CODE_UNIT_FINISHED|DraftsToPersons <init>
04:50:30.0 (3831656)|CODE_UNIT_STARTED|[EXTERNAL]|01p360000074pQr|DraftsToPersons get(Persons)
04:50:30.0 (3840586)|SYSTEM_MODE_ENTER|true
04:50:30.0 (3870675)|CODE_UNIT_STARTED|[EXTERNAL]|01p360000074pQr|DraftsToPersons invoke(getPersons)
04:50:30.0 (3903826)|HEAP_ALLOCATE|[EXTERNAL]|Bytes:20
04:50:30.0 (3911250)|VARIABLE_SCOPE_BEGIN|[22]|this|DraftsToPersons|true|false
04:50:30.0 (3931300)|VARIABLE_ASSIGNMENT|[22]|this|{}|0x188ddc9d
04:50:30.0 (3947143)|SYSTEM_MODE_ENTER|false
04:50:30.0 (3951933)|HEAP_ALLOCATE|[24]|Bytes:5
04:50:30.0 (3956412)|STATEMENT_EXECUTE|[23]
04:50:30.0 (4007327)|VARIABLE_ASSIGNMENT|[EXTERNAL]|this|{}|0x188ddc9d
04:50:30.0 (4022731)|STATEMENT_EXECUTE|[25]
04:50:30.0 (4024542)|STATEMENT_EXECUTE|[26]
04:50:30.0 (4028100)|HEAP_ALLOCATE|[26]|Bytes:41
04:50:30.0 (4040431)|HEAP_ALLOCATE|[26]|Bytes:4
04:50:30.0 (4283021)|SOQL_EXECUTE_BEGIN|[26]|Aggregations:0|SELECT id, Name FROM Person__c LIMIT 1000
04:50:30.0 (6813167)|SOQL_EXECUTE_END|[26]|Rows:2
04:50:30.0 (6835074)|HEAP_ALLOCATE|[26]|Bytes:12
04:50:30.0 (6855305)|HEAP_ALLOCATE|[26]|Bytes:97
04:50:30.0 (6948246)|HEAP_ALLOCATE|[26]|Bytes:12
04:50:30.0 (6989396)|VARIABLE_ASSIGNMENT|[EXTERNAL]|this|{}|0x188ddc9d
04:50:30.0 (7030491)|VARIABLE_ASSIGNMENT|[EXTERNAL]|value|{"s":1,"v":[{"s":2,"v":{"Id":"a0N36000000xneOEAQ","Name":"Andiy Lokotosh"}},{"s":3,"v":{"Id":"a0N36000000xneTEAQ","Name":"Jon Smith"}}]}|0x178e5dae
04:50:30.0 (7056563)|VARIABLE_ASSIGNMENT|[3]|this.pers|{"s":1,"v":[{"s":2,"v":{"Id":"a0N36000000xneOEAQ","Name":"Andiy Lokotosh"}},{"s":3,"v":{"Id":"a0N36000000xneTEAQ","Name":"Jon Smith"}}]}|0x188ddc9d
04:50:30.0 (7066787)|STATEMENT_EXECUTE|[29]
04:50:30.0 (7103890)|VARIABLE_ASSIGNMENT|[EXTERNAL]|this|{"pers":"0x178e5dae"}|0x188ddc9d
04:50:30.0 (7116980)|SYSTEM_MODE_EXIT|false
04:50:30.0 (7136987)|CODE_UNIT_FINISHED|DraftsToPersons invoke(getPersons)
04:50:30.0 (7164104)|CODE_UNIT_FINISHED|DraftsToPersons get(Persons)
04:50:30.35 (35264130)|CUMULATIVE_LIMIT_USAGE
04:50:30.35 (35264130)|LIMIT_USAGE_FOR_NS|(default)|
  Number of SOQL queries: 1 out of 100
  Number of query rows: 2 out of 50000
  Number of SOSL queries: 0 out of 20
  Number of DML statements: 0 out of 150
  Number of DML rows: 0 out of 10000
  Maximum CPU time: 0 out of 10000
  Maximum heap size: 0 out of 6000000
  Number of callouts: 0 out of 100
  Number of Email Invocations: 0 out of 10
  Number of future calls: 0 out of 50
  Number of queueable jobs added to the queue: 0 out of 50
  Number of Mobile Apex push calls: 0 out of 10

04:50:30.35 (35264130)|CUMULATIVE_LIMIT_USAGE_END

04:50:30.0 (35337790)|CODE_UNIT_FINISHED|VF: /apex/DraftsToPersonTable
04:50:30.0 (36355682)|EXECUTION_FINISHED
