36.0 APEX_CODE,FINEST;APEX_PROFILING,INFO;CALLOUT,INFO;DB,INFO;SYSTEM,DEBUG;VALIDATION,INFO;VISUALFORCE,INFO;WORKFLOW,INFO
07:42:40.0 (451097)|EXECUTION_STARTED
07:42:40.0 (487641)|CODE_UNIT_STARTED|[EXTERNAL]|06636000001VcbV|VF: /apex/AprooveWraper
07:42:40.0 (704692)|VF_DESERIALIZE_VIEWSTATE_BEGIN|06636000001VcbV
07:42:40.0 (17962424)|HEAP_ALLOCATE|[72]|Bytes:3
07:42:40.0 (18013448)|HEAP_ALLOCATE|[77]|Bytes:152
07:42:40.0 (18031273)|HEAP_ALLOCATE|[342]|Bytes:408
07:42:40.0 (18047828)|HEAP_ALLOCATE|[355]|Bytes:408
07:42:40.0 (18063845)|HEAP_ALLOCATE|[467]|Bytes:48
07:42:40.0 (18098387)|HEAP_ALLOCATE|[139]|Bytes:6
07:42:40.0 (18130330)|HEAP_ALLOCATE|[50]|Bytes:5
07:42:40.0 (18151180)|HEAP_ALLOCATE|[56]|Bytes:5
07:42:40.0 (18161166)|HEAP_ALLOCATE|[64]|Bytes:7
07:42:40.0 (20450988)|VF_DESERIALIZE_VIEWSTATE_END
07:42:40.0 (23377392)|CODE_UNIT_STARTED|[EXTERNAL]|01p360000072SS3|WrapperEmployeeSkills get(EmployeeSkills)
07:42:40.0 (23394264)|SYSTEM_MODE_ENTER|true
07:42:40.0 (23795942)|CODE_UNIT_STARTED|[EXTERNAL]|01p360000072SS3|WrapperEmployeeSkills invoke(getEmployeeSkills)
07:42:40.0 (23850279)|HEAP_ALLOCATE|[EXTERNAL]|Bytes:9
07:42:40.0 (23857129)|HEAP_ALLOCATE|[EXTERNAL]|Bytes:88
07:42:40.0 (23860154)|HEAP_ALLOCATE|[EXTERNAL]|Bytes:6
07:42:40.0 (23862650)|HEAP_ALLOCATE|[EXTERNAL]|Bytes:2
07:42:40.0 (23880248)|METHOD_ENTRY|[1]|01p360000072SS3|WrapperEmployeeSkills.WrapperEmployeeSkills()
07:42:40.0 (23885127)|STATEMENT_EXECUTE|[1]
07:42:40.0 (23891992)|STATEMENT_EXECUTE|[1]
07:42:40.0 (23902871)|SYSTEM_MODE_ENTER|false
07:42:40.0 (23918102)|HEAP_ALLOCATE|[EXTERNAL]|Bytes:5
07:42:40.0 (23922757)|STATEMENT_EXECUTE|[61]
07:42:40.0 (23926776)|SYSTEM_MODE_EXIT|false
07:42:40.0 (23938238)|METHOD_EXIT|[1]|WrapperEmployeeSkills
07:42:40.0 (23952393)|HEAP_ALLOCATE|[EXTERNAL]|Bytes:8
07:42:40.0 (23963269)|VARIABLE_SCOPE_BEGIN|[7]|this|WrapperEmployeeSkills|true|false
07:42:40.0 (24040842)|VARIABLE_ASSIGNMENT|[7]|this|{"skillsList":"0x2625994f"}|0x6d542f6e
07:42:40.0 (24057399)|SYSTEM_MODE_ENTER|false
07:42:40.0 (24062773)|HEAP_ALLOCATE|[8]|Bytes:5
07:42:40.0 (24066692)|STATEMENT_EXECUTE|[7]
07:42:40.0 (24118098)|VARIABLE_ASSIGNMENT|[EXTERNAL]|this|{"skillsList":"0x2625994f"}|0x6d542f6e
07:42:40.0 (24131111)|STATEMENT_EXECUTE|[8]
07:42:40.0 (24133029)|STATEMENT_EXECUTE|[17]
07:42:40.0 (24159590)|VARIABLE_ASSIGNMENT|[EXTERNAL]|this|{"skillsList":"0x2625994f"}|0x6d542f6e
07:42:40.0 (24170173)|SYSTEM_MODE_EXIT|false
07:42:40.0 (24183172)|CODE_UNIT_FINISHED|WrapperEmployeeSkills invoke(getEmployeeSkills)
07:42:40.0 (24211779)|CODE_UNIT_FINISHED|WrapperEmployeeSkills get(EmployeeSkills)
07:42:40.0 (24670450)|CODE_UNIT_STARTED|[EXTERNAL]|01p360000072SS3|selected
07:42:40.0 (24683869)|HEAP_ALLOCATE|[EXTERNAL]|Bytes:112
07:42:40.0 (24689411)|HEAP_ALLOCATE|[EXTERNAL]|Bytes:8
07:42:40.0 (24698662)|CODE_UNIT_FINISHED|selected
07:42:40.0 (24986177)|CODE_UNIT_STARTED|[EXTERNAL]|wEmployee set(selected,true)
07:42:40.0 (25015353)|HEAP_ALLOCATE|[EXTERNAL]|Bytes:5
07:42:40.0 (25024955)|HEAP_ALLOCATE|[EXTERNAL]|Bytes:12
07:42:40.0 (25037178)|VARIABLE_ASSIGNMENT|[EXTERNAL]|this.selected|true|0x7cf2a6b8
07:42:40.0 (25045788)|CODE_UNIT_FINISHED|wEmployee set(selected,true)
07:42:40.0 (25230635)|CODE_UNIT_STARTED|[EXTERNAL]|01p360000072SS3|WrapperEmployeeSkills invoke(processSelected)
07:42:40.0 (25257179)|HEAP_ALLOCATE|[EXTERNAL]|Bytes:8
07:42:40.0 (25264833)|VARIABLE_SCOPE_BEGIN|[21]|this|WrapperEmployeeSkills|true|false
07:42:40.0 (25284277)|VARIABLE_ASSIGNMENT|[21]|this|{"skillsList":"0x2625994f"}|0x6d542f6e
07:42:40.0 (25294298)|SYSTEM_MODE_ENTER|false
07:42:40.0 (25299469)|HEAP_ALLOCATE|[23]|Bytes:5
07:42:40.0 (25303313)|STATEMENT_EXECUTE|[22]
07:42:40.0 (25304632)|STATEMENT_EXECUTE|[23]
07:42:40.0 (25305583)|STATEMENT_EXECUTE|[24]
07:42:40.0 (25306617)|STATEMENT_EXECUTE|[27]
07:42:40.0 (25333636)|HEAP_ALLOCATE|[27]|Bytes:4
07:42:40.0 (25403037)|VARIABLE_SCOPE_BEGIN|[27]|selectedSkills|List<Employee_Skills__c>|true|false
07:42:40.0 (25413207)|HEAP_ALLOCATE|[EXTERNAL]|Bytes:4
07:42:40.0 (25430989)|VARIABLE_ASSIGNMENT|[27]|selectedSkills|{"s":1,"v":[]}|0xcda177c
07:42:40.0 (25447633)|METHOD_ENTRY|[30]|01p360000072SS3|WrapperEmployeeSkills.getEmployeeSkills()
07:42:40.0 (25459397)|VARIABLE_SCOPE_BEGIN|[7]|this|WrapperEmployeeSkills|true|false
07:42:40.0 (25476989)|VARIABLE_ASSIGNMENT|[7]|this|{"skillsList":"0x2625994f"}|0x6d542f6e
07:42:40.0 (25486009)|HEAP_ALLOCATE|[8]|Bytes:5
07:42:40.0 (25489510)|STATEMENT_EXECUTE|[7]
07:42:40.0 (25508761)|VARIABLE_ASSIGNMENT|[EXTERNAL]|this|{"skillsList":"0x2625994f"}|0x6d542f6e
07:42:40.0 (25517421)|STATEMENT_EXECUTE|[8]
07:42:40.0 (25518984)|STATEMENT_EXECUTE|[17]
07:42:40.0 (25533919)|VARIABLE_ASSIGNMENT|[EXTERNAL]|this|{"skillsList":"0x2625994f"}|0x6d542f6e
07:42:40.0 (25545421)|METHOD_EXIT|[30]|01p360000072SS3|WrapperEmployeeSkills.getEmployeeSkills()
07:42:40.0 (25708334)|HEAP_ALLOCATE|[30]|Bytes:5
07:42:40.0 (25725362)|HEAP_ALLOCATE|[30]|Bytes:12
07:42:40.0 (25732716)|VARIABLE_SCOPE_BEGIN|[30]|wEmp|WrapperEmployeeSkills.wEmployee|true|false
07:42:40.0 (25766312)|VARIABLE_ASSIGNMENT|[30]|wEmp|{"selected":true,"skill":"0x47672823"}|0x7cf2a6b8
07:42:40.0 (25770682)|STATEMENT_EXECUTE|[30]
07:42:40.0 (25813209)|VARIABLE_ASSIGNMENT|[EXTERNAL]|this|{"selected":true,"skill":"0x47672823"}|0x7cf2a6b8
07:42:40.0 (25827354)|STATEMENT_EXECUTE|[31]
07:42:40.0 (25829013)|STATEMENT_EXECUTE|[32]
07:42:40.0 (25866401)|VARIABLE_ASSIGNMENT|[EXTERNAL]|this|{"selected":true,"skill":"0x47672823"}|0x7cf2a6b8
07:42:40.0 (25889808)|HEAP_ALLOCATE|[EXTERNAL]|Bytes:4
07:42:40.0 (25904295)|HEAP_ALLOCATE|[30]|Bytes:5
07:42:40.0 (25917340)|VARIABLE_ASSIGNMENT|[30]|wEmp|null|
07:42:40.0 (26009837)|HEAP_ALLOCATE|[39]|Bytes:5
07:42:40.0 (26054820)|HEAP_ALLOCATE|[39]|Bytes:32
07:42:40.0 (26064804)|VARIABLE_SCOPE_BEGIN|[39]|es|Employee_Skills__c|true|false
07:42:40.0 (26092692)|VARIABLE_ASSIGNMENT|[39]|es|{"s":1,"v":{"Id":"a0C36000000iqCUEAY","Name":"Tools","Employee__c":"a0A36000001ygYkEAI","Project__c":"a0736000000Ew01AAC","Status__c":"Waiting for submit","Employee__r":{"s":2,"v":{"Name":"Andriy Lokotosh","Id":"a0A36000001ygYkEAI"}},"Project__r":{"s":3,"v":{"Name":"eBank","Id":"a0736000000Ew01AAC"}}}}|0x47672823
07:42:40.0 (26098005)|STATEMENT_EXECUTE|[40]
07:42:40.0 (26099175)|STATEMENT_EXECUTE|[41]
07:42:40.0 (26187203)|VARIABLE_SCOPE_BEGIN|[41]|req|Approval.ProcessSubmitRequest|true|false
07:42:40.0 (26290579)|VARIABLE_ASSIGNMENT|[41]|req|"common.api.soap.wsdl.ProcessSubmitRequest@2ad2828a"|0x4edbef90
07:42:40.0 (26295756)|STATEMENT_EXECUTE|[42]
07:42:40.0 (26300455)|HEAP_ALLOCATE|[42]|Bytes:39
07:42:40.0 (26356946)|STATEMENT_EXECUTE|[43]
07:42:40.0 (26610273)|HEAP_ALLOCATE|[43]|Bytes:18
07:42:40.0 (26644977)|STATEMENT_EXECUTE|[45]
07:42:40.0 (26711130)|HEAP_ALLOCATE|[45]|Bytes:8
07:42:40.0 (26728818)|DML_BEGIN|[45]|Op:Process|Type:ProcessRequest|Rows:1
07:42:40.0 (26760104)|HEAP_ALLOCATE|[EXTERNAL]|Bytes:8
07:42:40.0 (47672578)|CODE_UNIT_STARTED|[EXTERNAL]|Workflow:ApprovalProcessActions
07:42:40.0 (61708681)|WF_APPROVAL_SUBMIT|[Employee Skills: Tools a0C36000000iqCU]
07:42:40.0 (62959355)|WF_APPROVAL_SUBMITTER|Andrew Lokotosh|005360000011kEE
07:42:40.0 (92999641)|WF_RULE_FILTER|[Employee Skills : Status equals Pending approval]
07:42:40.0 (93348474)|WF_RULE_EVAL_VALUE|4
07:42:40.0 (93362194)|WF_EVAL_ENTRY_CRITERIA|Employee skill|00X36000000QVVE|false
07:42:40.0 (93393867)|WF_RULE_FILTER|[Employee Skills : Status equals Pending approval]
07:42:40.0 (93410129)|WF_RULE_EVAL_VALUE|4
07:42:40.0 (93417318)|WF_EVAL_ENTRY_CRITERIA|Employee skill|00X36000000QVVE|false
07:42:40.0 (93530820)|WF_PROCESS_FOUND||No applicable approval process was found.
07:42:40.0 (94445237)|CODE_UNIT_FINISHED|Workflow:ApprovalProcessActions
07:42:40.0 (95385350)|DML_END|[45]
07:42:40.0 (95481241)|EXCEPTION_THROWN|[45]|System.DmlException: Process failed. First exception on row 0; first error: NO_APPLICABLE_PROCESS, No applicable approval process was found.: []
07:42:40.0 (96191067)|HEAP_ALLOCATE|[45]|Bytes:127
07:42:40.0 (96265482)|VARIABLE_SCOPE_BEGIN|[53]|ex|Exception|true|false
07:42:40.0 (96351373)|VARIABLE_ASSIGNMENT|[53]|ex|"common.apex.runtime.impl.DmlExecutionException: Process failed. First exception on row 0; first error: NO_APPLICABLE_PROCESS, No applicable approval process was found.: []"|0x7e6d19ec
07:42:40.0 (96357862)|STATEMENT_EXECUTE|[53]
07:42:40.0 (96361805)|STATEMENT_EXECUTE|[54]
07:42:40.0 (96375784)|HEAP_ALLOCATE|[54]|Bytes:1
07:42:40.0 (96424277)|VARIABLE_SCOPE_BEGIN|[54]|pageRef|System.PageReference|true|false
07:42:40.0 (96481485)|VARIABLE_ASSIGNMENT|[54]|pageRef|"/"|0x652e2184
07:42:40.0 (96486096)|STATEMENT_EXECUTE|[55]
07:42:40.0 (96566661)|STATEMENT_EXECUTE|[56]
07:42:40.0 (96575088)|SYSTEM_MODE_EXIT|false
07:42:40.0 (100374345)|CODE_UNIT_FINISHED|WrapperEmployeeSkills invoke(processSelected)
07:42:40.0 (101219857)|VF_APEX_CALL|j_id4|{!processSelected}|PageReference:/
07:42:40.104 (104339782)|CUMULATIVE_LIMIT_USAGE
07:42:40.104 (104339782)|LIMIT_USAGE_FOR_NS|(default)|
  Number of SOQL queries: 0 out of 100
  Number of query rows: 0 out of 50000
  Number of SOSL queries: 0 out of 20
  Number of DML statements: 1 out of 150
  Number of DML rows: 1 out of 10000
  Maximum CPU time: 0 out of 10000
  Maximum heap size: 0 out of 6000000
  Number of callouts: 0 out of 100
  Number of Email Invocations: 0 out of 10
  Number of future calls: 0 out of 50
  Number of queueable jobs added to the queue: 0 out of 50
  Number of Mobile Apex push calls: 0 out of 10

07:42:40.104 (104339782)|CUMULATIVE_LIMIT_USAGE_END

07:42:40.0 (104391189)|CODE_UNIT_FINISHED|VF: /apex/AprooveWraper
07:42:40.0 (105496970)|EXECUTION_FINISHED
