36.0 APEX_CODE,FINEST;APEX_PROFILING,INFO;CALLOUT,INFO;DB,INFO;SYSTEM,DEBUG;VALIDATION,INFO;VISUALFORCE,INFO;WORKFLOW,INFO
08:47:31.8 (8836482)|HEAP_ALLOCATE|[139]|Bytes:6
08:47:31.8 (9067572)|HEAP_ALLOCATE|[50]|Bytes:5
08:47:31.8 (9093752)|HEAP_ALLOCATE|[56]|Bytes:5
08:47:31.8 (9104584)|HEAP_ALLOCATE|[64]|Bytes:7
08:47:31.8 (9897946)|VARIABLE_SCOPE_BEGIN|[14]|SitePageOverrideExtension.STANDARD_PAGES|List<Schema.SObjectField>|true|true
08:47:31.8 (14575365)|CODE_UNIT_FINISHED|VisualForce View State
08:47:31.8 (15819777)|EXECUTION_FINISHED
08:47:31.18 (18378768)|SYSTEM_MODE_ENTER|true
08:47:31.18 (18443322)|HEAP_ALLOCATE|[EXTERNAL]|Bytes:38
08:47:31.18 (18451494)|HEAP_ALLOCATE|[EXTERNAL]|Bytes:7
08:47:31.18 (18468761)|SYSTEM_METHOD_ENTRY|[1]|PageMessagesComponentController.PageMessagesComponentController()
08:47:31.18 (18475135)|STATEMENT_EXECUTE|[1]
08:47:31.223 (223028769)|CUMULATIVE_LIMIT_USAGE
08:47:31.223 (223028769)|LIMIT_USAGE_FOR_NS|(default)|
  Number of SOQL queries: 0 out of 100
  Number of query rows: 0 out of 50000
  Number of SOSL queries: 0 out of 20
  Number of DML statements: 0 out of 150
  Number of DML rows: 0 out of 10000
  Maximum CPU time: 0 out of 10000
  Maximum heap size: 0 out of 6000000
  Number of callouts: 0 out of 100
  Number of Email Invocations: 0 out of 10
  Number of future calls: 0 out of 50
  Number of queueable jobs added to the queue: 0 out of 50
  Number of Mobile Apex push calls: 0 out of 10

08:47:31.223 (223028769)|CUMULATIVE_LIMIT_USAGE_END

