36.0 APEX_CODE,FINEST;APEX_PROFILING,INFO;CALLOUT,INFO;DB,INFO;SYSTEM,DEBUG;VALIDATION,INFO;VISUALFORCE,INFO;WORKFLOW,INFO
07:44:52.0 (69333)|EXECUTION_STARTED
07:44:52.0 (98616)|CODE_UNIT_STARTED|[EXTERNAL]|06636000001VcbV|VF: /apex/AprooveWraper
07:44:52.0 (12803961)|CODE_UNIT_STARTED|[EXTERNAL]|01p360000072SS3|WrapperEmployeeSkills <init>
07:44:52.0 (12821122)|SYSTEM_MODE_ENTER|true
07:44:52.0 (13401365)|HEAP_ALLOCATE|[72]|Bytes:3
07:44:52.0 (13454812)|HEAP_ALLOCATE|[77]|Bytes:152
07:44:52.0 (13473144)|HEAP_ALLOCATE|[342]|Bytes:408
07:44:52.0 (13491299)|HEAP_ALLOCATE|[355]|Bytes:408
07:44:52.0 (13509082)|HEAP_ALLOCATE|[467]|Bytes:48
07:44:52.0 (13541507)|HEAP_ALLOCATE|[139]|Bytes:6
07:44:52.0 (13563282)|HEAP_ALLOCATE|[EXTERNAL]|Bytes:9
07:44:52.0 (13568285)|HEAP_ALLOCATE|[EXTERNAL]|Bytes:88
07:44:52.0 (13571074)|HEAP_ALLOCATE|[EXTERNAL]|Bytes:6
07:44:52.0 (13574268)|HEAP_ALLOCATE|[EXTERNAL]|Bytes:2
07:44:52.0 (13590657)|METHOD_ENTRY|[1]|01p360000072SS3|WrapperEmployeeSkills.WrapperEmployeeSkills()
07:44:52.0 (13595007)|STATEMENT_EXECUTE|[1]
07:44:52.0 (13601454)|STATEMENT_EXECUTE|[1]
07:44:52.0 (13635648)|HEAP_ALLOCATE|[50]|Bytes:5
07:44:52.0 (13657250)|HEAP_ALLOCATE|[56]|Bytes:5
07:44:52.0 (13666209)|HEAP_ALLOCATE|[64]|Bytes:7
07:44:52.0 (13691017)|SYSTEM_MODE_ENTER|false
07:44:52.0 (13708460)|HEAP_ALLOCATE|[EXTERNAL]|Bytes:5
07:44:52.0 (13712861)|STATEMENT_EXECUTE|[61]
07:44:52.0 (13719059)|SYSTEM_MODE_EXIT|false
07:44:52.0 (13728654)|METHOD_EXIT|[1]|WrapperEmployeeSkills
07:44:52.0 (13749067)|HEAP_ALLOCATE|[EXTERNAL]|Bytes:8
07:44:52.0 (13760134)|VARIABLE_SCOPE_BEGIN|[1]|this|WrapperEmployeeSkills|true|false
07:44:52.0 (13827715)|VARIABLE_ASSIGNMENT|[1]|this|{}|0x36b13c9
07:44:52.0 (13839255)|SYSTEM_MODE_ENTER|false
07:44:52.0 (13844737)|HEAP_ALLOCATE|[EXTERNAL]|Bytes:5
07:44:52.0 (13854071)|HEAP_ALLOCATE|[EXTERNAL]|Bytes:6
07:44:52.0 (13881725)|SYSTEM_MODE_EXIT|false
07:44:52.0 (13885975)|STATEMENT_EXECUTE|[1]
07:44:52.0 (13890724)|SYSTEM_MODE_ENTER|false
07:44:52.0 (13894700)|HEAP_ALLOCATE|[EXTERNAL]|Bytes:5
07:44:52.0 (13897517)|STATEMENT_EXECUTE|[4]
07:44:52.0 (13900952)|SYSTEM_MODE_EXIT|false
07:44:52.0 (13916171)|CODE_UNIT_FINISHED|WrapperEmployeeSkills <init>
07:44:52.0 (13964222)|CODE_UNIT_STARTED|[EXTERNAL]|01p360000072SS3|WrapperEmployeeSkills get(EmployeeSkills)
07:44:52.0 (13973660)|SYSTEM_MODE_ENTER|true
07:44:52.0 (13994920)|CODE_UNIT_STARTED|[EXTERNAL]|01p360000072SS3|WrapperEmployeeSkills invoke(getEmployeeSkills)
07:44:52.0 (14025139)|HEAP_ALLOCATE|[EXTERNAL]|Bytes:8
07:44:52.0 (14034427)|VARIABLE_SCOPE_BEGIN|[7]|this|WrapperEmployeeSkills|true|false
07:44:52.0 (14049542)|VARIABLE_ASSIGNMENT|[7]|this|{}|0x36b13c9
07:44:52.0 (14065869)|SYSTEM_MODE_ENTER|false
07:44:52.0 (14071225)|HEAP_ALLOCATE|[8]|Bytes:5
07:44:52.0 (14075022)|STATEMENT_EXECUTE|[7]
07:44:52.0 (14120778)|VARIABLE_ASSIGNMENT|[EXTERNAL]|this|{}|0x36b13c9
07:44:52.0 (14133868)|STATEMENT_EXECUTE|[8]
07:44:52.0 (14135694)|STATEMENT_EXECUTE|[9]
07:44:52.0 (14141720)|HEAP_ALLOCATE|[9]|Bytes:4
07:44:52.0 (14258989)|VARIABLE_ASSIGNMENT|[EXTERNAL]|this|{}|0x36b13c9
07:44:52.0 (14291869)|HEAP_ALLOCATE|[EXTERNAL]|Bytes:4
07:44:52.0 (14311517)|VARIABLE_ASSIGNMENT|[EXTERNAL]|value|{"s":1,"v":[]}|0x3aca819f
07:44:52.0 (14328421)|VARIABLE_ASSIGNMENT|[4]|this.skillsList|{"s":1,"v":[]}|0x36b13c9
07:44:52.0 (14339233)|HEAP_ALLOCATE|[10]|Bytes:122
07:44:52.0 (14348119)|HEAP_ALLOCATE|[10]|Bytes:4
07:44:52.0 (14781939)|SOQL_EXECUTE_BEGIN|[10]|Aggregations:0|SELECT Id, Name, Employee__r.Name, Project__r.Name, Status__c FROM Employee_Skills__c 
07:44:52.0 (25594880)|SOQL_EXECUTE_END|[10]|Rows:11
07:44:52.0 (25609393)|HEAP_ALLOCATE|[EXTERNAL]|Bytes:48
07:44:52.0 (25784455)|HEAP_ALLOCATE|[10]|Bytes:49
07:44:52.0 (25792102)|HEAP_ALLOCATE|[10]|Bytes:8
07:44:52.0 (25804578)|SYSTEM_METHOD_ENTRY|[7]|QueryLocatorIterator.QueryLocatorIterator()
07:44:52.0 (25808014)|STATEMENT_EXECUTE|[7]
07:44:52.0 (25818044)|SYSTEM_METHOD_EXIT|[7]|QueryLocatorIterator
07:44:52.0 (25824284)|HEAP_ALLOCATE|[10]|Bytes:28
07:44:52.0 (25892667)|HEAP_ALLOCATE|[10]|Bytes:48
07:44:52.0 (25909266)|HEAP_ALLOCATE|[10]|Bytes:8
07:44:52.0 (25911870)|HEAP_ALLOCATE|[10]|Bytes:8
07:44:52.0 (25916742)|VARIABLE_SCOPE_BEGIN|[15]|this|Database.QueryLocatorIterator|true|false
07:44:52.0 (25942927)|VARIABLE_ASSIGNMENT|[15]|this|{}|0x74183717
07:44:52.0 (25946668)|VARIABLE_SCOPE_BEGIN|[15]|values|List<SObject>|true|false
07:44:52.0 (25962504)|VARIABLE_ASSIGNMENT|[15]|values|{"s":1,"v":"List of size 11 too large to display"}|0x3c646258
07:44:52.0 (25965821)|VARIABLE_SCOPE_BEGIN|[15]|ql|Database.QueryLocator|true|false
07:44:52.0 (25984213)|VARIABLE_ASSIGNMENT|[15]|ql|{"query":"SELECT Id, Name, Emp (102 more) ..."}|0x52c18cb6
07:44:52.0 (25987685)|VARIABLE_SCOPE_BEGIN|[15]|totalNumRecords|Integer|false|false
07:44:52.0 (25991679)|VARIABLE_ASSIGNMENT|[15]|totalNumRecords|11
07:44:52.0 (25993730)|VARIABLE_SCOPE_BEGIN|[15]|queryMoreSize|Integer|false|false
07:44:52.0 (25996347)|VARIABLE_ASSIGNMENT|[15]|queryMoreSize|49989
07:44:52.0 (26047970)|HEAP_ALLOCATE|[10]|Bytes:28
07:44:52.0 (26070622)|METHOD_ENTRY|[10]||Database.QueryLocatorIterator.hasNext()
07:44:52.0 (26156358)|METHOD_EXIT|[10]||Database.QueryLocatorIterator.hasNext()
07:44:52.0 (26165979)|METHOD_ENTRY|[10]||Database.QueryLocatorIterator.next()
07:44:52.0 (26260341)|METHOD_EXIT|[10]||Database.QueryLocatorIterator.next()
07:44:52.0 (26271744)|VARIABLE_SCOPE_BEGIN|[10]|c|Employee_Skills__c|true|false
07:44:52.0 (26302902)|VARIABLE_ASSIGNMENT|[10]|c|{"s":1,"v":{"Id":"a0C360000003I4VEAU","Name":"Design","Employee__c":"a0A36000001zhkPEAQ","Project__c":"a0736000000F4iQAAS","Status__c":"Pending approval","Employee__r":{"s":2,"v":{"Name":"Robert Dobson","Id":"a0A36000001zhkPEAQ"}},"Project__r":{"s":3,"v":{"Name":"dasdasd","Id":"a0736000000F4iQAAS"}}}}|0x5104a44e
07:44:52.0 (26308154)|STATEMENT_EXECUTE|[12]
07:44:52.0 (26309710)|STATEMENT_EXECUTE|[14]
07:44:52.0 (26343798)|VARIABLE_ASSIGNMENT|[EXTERNAL]|this|{"skillsList":"0x3aca819f"}|0x36b13c9
07:44:52.0 (26422501)|HEAP_ALLOCATE|[14]|Bytes:112
07:44:52.0 (26428641)|HEAP_ALLOCATE|[14]|Bytes:8
07:44:52.0 (26446786)|HEAP_ALLOCATE|[14]|Bytes:12
07:44:52.0 (26472037)|CONSTRUCTOR_ENTRY|[14]|01p360000072SS3|<init>(Employee_Skills__c)
07:44:52.0 (26490776)|VARIABLE_SCOPE_BEGIN|[66]|this|WrapperEmployeeSkills.wEmployee|true|false
07:44:52.0 (26518664)|VARIABLE_ASSIGNMENT|[66]|this|{}|0xc0618b2
07:44:52.0 (26523546)|VARIABLE_SCOPE_BEGIN|[66]|s|Employee_Skills__c|true|false
07:44:52.0 (26543154)|VARIABLE_ASSIGNMENT|[66]|s|{"s":1,"v":{"Id":"a0C360000003I4VEAU","Name":"Design","Employee__c":"a0A36000001zhkPEAQ","Project__c":"a0736000000F4iQAAS","Status__c":"Pending approval","Employee__r":{"s":2,"v":{"Name":"Robert Dobson","Id":"a0A36000001zhkPEAQ"}},"Project__r":{"s":3,"v":{"Name":"dasdasd","Id":"a0736000000F4iQAAS"}}}}|0x5104a44e
07:44:52.0 (26549108)|STATEMENT_EXECUTE|[61]
07:44:52.0 (26550598)|STATEMENT_EXECUTE|[62]
07:44:52.0 (26551890)|STATEMENT_EXECUTE|[63]
07:44:52.0 (26566021)|STATEMENT_EXECUTE|[66]
07:44:52.0 (26567739)|STATEMENT_EXECUTE|[67]
07:44:52.0 (26636360)|VARIABLE_ASSIGNMENT|[EXTERNAL]|this|{}|0xc0618b2
07:44:52.0 (26657049)|VARIABLE_ASSIGNMENT|[EXTERNAL]|value|{"s":1,"v":{"Id":"a0C360000003I4VEAU","Name":"Design","Employee__c":"a0A36000001zhkPEAQ","Project__c":"a0736000000F4iQAAS","Status__c":"Pending approval","Employee__r":{"s":2,"v":{"Name":"Robert Dobson","Id":"a0A36000001zhkPEAQ"}},"Project__r":{"s":3,"v":{"Name":"dasdasd","Id":"a0736000000F4iQAAS"}}}}|0x5104a44e
07:44:52.0 (26677467)|VARIABLE_ASSIGNMENT|[62]|this.skill|{"s":1,"v":{"Id":"a0C360000003I4VEAU","Name":"Design","Employee__c":"a0A36000001zhkPEAQ","Project__c":"a0736000000F4iQAAS","Status__c":"Pending approval","Employee__r":{"s":2,"v":{"Name":"Robert Dobson","Id":"a0A36000001zhkPEAQ"}},"Project__r":{"s":3,"v":{"Name":"dasdasd","Id":"a0736000000F4iQAAS"}}}}|0xc0618b2
07:44:52.0 (26688011)|STATEMENT_EXECUTE|[68]
07:44:52.0 (26737636)|VARIABLE_ASSIGNMENT|[EXTERNAL]|this|{"skill":"0x5104a44e"}|0xc0618b2
07:44:52.0 (26747791)|VARIABLE_ASSIGNMENT|[EXTERNAL]|value|false
07:44:52.0 (26753276)|HEAP_ALLOCATE|[63]|Bytes:5
07:44:52.0 (26760372)|VARIABLE_ASSIGNMENT|[63]|this.selected|false|0xc0618b2
07:44:52.0 (26775804)|CONSTRUCTOR_EXIT|[14]|01p360000072SS3|<init>(Employee_Skills__c)
07:44:52.0 (26791983)|HEAP_ALLOCATE|[EXTERNAL]|Bytes:4
07:44:52.0 (26802171)|METHOD_ENTRY|[10]||Database.QueryLocatorIterator.hasNext()
07:44:52.0 (26823308)|METHOD_EXIT|[10]||Database.QueryLocatorIterator.hasNext()
07:44:52.0 (26828840)|METHOD_ENTRY|[10]||Database.QueryLocatorIterator.next()
07:44:52.0 (26891114)|METHOD_EXIT|[10]||Database.QueryLocatorIterator.next()
07:44:52.0 (26897907)|VARIABLE_SCOPE_BEGIN|[10]|c|Employee_Skills__c|true|false
07:44:52.0 (26919736)|VARIABLE_ASSIGNMENT|[10]|c|{"s":1,"v":{"Id":"a0C360000003VRsEAM","Name":"Designer","Employee__c":"a0A36000001ygYkEAI","Project__c":"a0736000000Ex6cAAC","Status__c":"Pending approval","Employee__r":{"s":2,"v":{"Name":"Andriy Lokotosh","Id":"a0A36000001ygYkEAI"}},"Project__r":{"s":3,"v":{"Name":"SolutionSoft","Id":"a0736000000Ex6cAAC"}}}}|0x1b1642b4
07:44:52.0 (26924527)|STATEMENT_EXECUTE|[12]
07:44:52.0 (26925907)|STATEMENT_EXECUTE|[14]
07:44:52.0 (26946569)|VARIABLE_ASSIGNMENT|[EXTERNAL]|this|{"skillsList":"0x3aca819f"}|0x36b13c9
07:44:52.0 (26957490)|HEAP_ALLOCATE|[14]|Bytes:12
07:44:52.0 (26969259)|CONSTRUCTOR_ENTRY|[14]|01p360000072SS3|<init>(Employee_Skills__c)
07:44:52.0 (26974318)|VARIABLE_SCOPE_BEGIN|[66]|this|WrapperEmployeeSkills.wEmployee|true|false
07:44:52.0 (26987831)|VARIABLE_ASSIGNMENT|[66]|this|{}|0x3d18093e
07:44:52.0 (26990650)|VARIABLE_SCOPE_BEGIN|[66]|s|Employee_Skills__c|true|false
07:44:52.0 (27006579)|VARIABLE_ASSIGNMENT|[66]|s|{"s":1,"v":{"Id":"a0C360000003VRsEAM","Name":"Designer","Employee__c":"a0A36000001ygYkEAI","Project__c":"a0736000000Ex6cAAC","Status__c":"Pending approval","Employee__r":{"s":2,"v":{"Name":"Andriy Lokotosh","Id":"a0A36000001ygYkEAI"}},"Project__r":{"s":3,"v":{"Name":"SolutionSoft","Id":"a0736000000Ex6cAAC"}}}}|0x1b1642b4
07:44:52.0 (27012290)|STATEMENT_EXECUTE|[61]
07:44:52.0 (27014070)|STATEMENT_EXECUTE|[62]
07:44:52.0 (27015366)|STATEMENT_EXECUTE|[63]
07:44:52.0 (27026764)|STATEMENT_EXECUTE|[66]
07:44:52.0 (27028317)|STATEMENT_EXECUTE|[67]
07:44:52.0 (27045056)|VARIABLE_ASSIGNMENT|[EXTERNAL]|this|{}|0x3d18093e
07:44:52.0 (27060913)|VARIABLE_ASSIGNMENT|[EXTERNAL]|value|{"s":1,"v":{"Id":"a0C360000003VRsEAM","Name":"Designer","Employee__c":"a0A36000001ygYkEAI","Project__c":"a0736000000Ex6cAAC","Status__c":"Pending approval","Employee__r":{"s":2,"v":{"Name":"Andriy Lokotosh","Id":"a0A36000001ygYkEAI"}},"Project__r":{"s":3,"v":{"Name":"SolutionSoft","Id":"a0736000000Ex6cAAC"}}}}|0x1b1642b4
07:44:52.0 (27078833)|VARIABLE_ASSIGNMENT|[62]|this.skill|{"s":1,"v":{"Id":"a0C360000003VRsEAM","Name":"Designer","Employee__c":"a0A36000001ygYkEAI","Project__c":"a0736000000Ex6cAAC","Status__c":"Pending approval","Employee__r":{"s":2,"v":{"Name":"Andriy Lokotosh","Id":"a0A36000001ygYkEAI"}},"Project__r":{"s":3,"v":{"Name":"SolutionSoft","Id":"a0736000000Ex6cAAC"}}}}|0x3d18093e
07:44:52.0 (27087475)|STATEMENT_EXECUTE|[68]
07:44:52.0 (27106220)|VARIABLE_ASSIGNMENT|[EXTERNAL]|this|{"skill":"0x1b1642b4"}|0x3d18093e
07:44:52.0 (27113004)|VARIABLE_ASSIGNMENT|[EXTERNAL]|value|false
07:44:52.0 (27117035)|HEAP_ALLOCATE|[63]|Bytes:5
07:44:52.0 (27123371)|VARIABLE_ASSIGNMENT|[63]|this.selected|false|0x3d18093e
07:44:52.0 (27136527)|CONSTRUCTOR_EXIT|[14]|01p360000072SS3|<init>(Employee_Skills__c)
07:44:52.0 (27146235)|HEAP_ALLOCATE|[EXTERNAL]|Bytes:4
07:44:52.0 (27154835)|METHOD_ENTRY|[10]||Database.QueryLocatorIterator.hasNext()
07:44:52.0 (27175459)|METHOD_EXIT|[10]||Database.QueryLocatorIterator.hasNext()
07:44:52.0 (27180937)|METHOD_ENTRY|[10]||Database.QueryLocatorIterator.next()
07:44:52.0 (27240590)|METHOD_EXIT|[10]||Database.QueryLocatorIterator.next()
07:44:52.0 (27251693)|VARIABLE_SCOPE_BEGIN|[10]|c|Employee_Skills__c|true|false
07:44:52.0 (27272453)|VARIABLE_ASSIGNMENT|[10]|c|{"s":1,"v":{"Id":"a0C360000003I4aEAE","Name":"QA","Employee__c":"a0A36000001zhkPEAQ","Project__c":"a0736000000Ex6cAAC","Status__c":"Pending approval","Employee__r":{"s":2,"v":{"Name":"Robert Dobson","Id":"a0A36000001zhkPEAQ"}},"Project__r":{"s":3,"v":{"Name":"SolutionSoft","Id":"a0736000000Ex6cAAC"}}}}|0x14b2ffcb
07:44:52.0 (27276840)|STATEMENT_EXECUTE|[12]
07:44:52.0 (27278162)|STATEMENT_EXECUTE|[14]
07:44:52.0 (27298361)|VARIABLE_ASSIGNMENT|[EXTERNAL]|this|{"skillsList":"0x3aca819f"}|0x36b13c9
07:44:52.0 (27309480)|HEAP_ALLOCATE|[14]|Bytes:12
07:44:52.0 (27321079)|CONSTRUCTOR_ENTRY|[14]|01p360000072SS3|<init>(Employee_Skills__c)
07:44:52.0 (27326121)|VARIABLE_SCOPE_BEGIN|[66]|this|WrapperEmployeeSkills.wEmployee|true|false
07:44:52.0 (27339301)|VARIABLE_ASSIGNMENT|[66]|this|{}|0x62bd0fd2
07:44:52.0 (27342019)|VARIABLE_SCOPE_BEGIN|[66]|s|Employee_Skills__c|true|false
07:44:52.0 (27357062)|VARIABLE_ASSIGNMENT|[66]|s|{"s":1,"v":{"Id":"a0C360000003I4aEAE","Name":"QA","Employee__c":"a0A36000001zhkPEAQ","Project__c":"a0736000000Ex6cAAC","Status__c":"Pending approval","Employee__r":{"s":2,"v":{"Name":"Robert Dobson","Id":"a0A36000001zhkPEAQ"}},"Project__r":{"s":3,"v":{"Name":"SolutionSoft","Id":"a0736000000Ex6cAAC"}}}}|0x14b2ffcb
07:44:52.0 (27361975)|STATEMENT_EXECUTE|[61]
07:44:52.0 (27363260)|STATEMENT_EXECUTE|[62]
07:44:52.0 (27364486)|STATEMENT_EXECUTE|[63]
07:44:52.0 (27375535)|STATEMENT_EXECUTE|[66]
07:44:52.0 (27377108)|STATEMENT_EXECUTE|[67]
07:44:52.0 (27393291)|VARIABLE_ASSIGNMENT|[EXTERNAL]|this|{}|0x62bd0fd2
07:44:52.0 (27408391)|VARIABLE_ASSIGNMENT|[EXTERNAL]|value|{"s":1,"v":{"Id":"a0C360000003I4aEAE","Name":"QA","Employee__c":"a0A36000001zhkPEAQ","Project__c":"a0736000000Ex6cAAC","Status__c":"Pending approval","Employee__r":{"s":2,"v":{"Name":"Robert Dobson","Id":"a0A36000001zhkPEAQ"}},"Project__r":{"s":3,"v":{"Name":"SolutionSoft","Id":"a0736000000Ex6cAAC"}}}}|0x14b2ffcb
07:44:52.0 (27426849)|VARIABLE_ASSIGNMENT|[62]|this.skill|{"s":1,"v":{"Id":"a0C360000003I4aEAE","Name":"QA","Employee__c":"a0A36000001zhkPEAQ","Project__c":"a0736000000Ex6cAAC","Status__c":"Pending approval","Employee__r":{"s":2,"v":{"Name":"Robert Dobson","Id":"a0A36000001zhkPEAQ"}},"Project__r":{"s":3,"v":{"Name":"SolutionSoft","Id":"a0736000000Ex6cAAC"}}}}|0x62bd0fd2
07:44:52.0 (27435024)|STATEMENT_EXECUTE|[68]
07:44:52.0 (27457376)|VARIABLE_ASSIGNMENT|[EXTERNAL]|this|{"skill":"0x14b2ffcb"}|0x62bd0fd2
07:44:52.0 (27464615)|VARIABLE_ASSIGNMENT|[EXTERNAL]|value|false
07:44:52.0 (27468675)|HEAP_ALLOCATE|[63]|Bytes:5
07:44:52.0 (27474965)|VARIABLE_ASSIGNMENT|[63]|this.selected|false|0x62bd0fd2
07:44:52.0 (27488186)|CONSTRUCTOR_EXIT|[14]|01p360000072SS3|<init>(Employee_Skills__c)
07:44:52.0 (27497735)|HEAP_ALLOCATE|[EXTERNAL]|Bytes:4
07:44:52.0 (27506331)|METHOD_ENTRY|[10]||Database.QueryLocatorIterator.hasNext()
07:44:52.0 (27526185)|METHOD_EXIT|[10]||Database.QueryLocatorIterator.hasNext()
07:44:52.0 (27531338)|METHOD_ENTRY|[10]||Database.QueryLocatorIterator.next()
07:44:52.0 (27589835)|METHOD_EXIT|[10]||Database.QueryLocatorIterator.next()
07:44:52.0 (27596510)|VARIABLE_SCOPE_BEGIN|[10]|c|Employee_Skills__c|true|false
07:44:52.0 (27617478)|VARIABLE_ASSIGNMENT|[10]|c|{"s":1,"v":{"Id":"a0C360000003XRiEAM","Name":"Tomato","Employee__c":"a0A36000001ygYkEAI","Project__c":"a0736000000Ew01AAC","Status__c":"Pending approval","Employee__r":{"s":2,"v":{"Name":"Andriy Lokotosh","Id":"a0A36000001ygYkEAI"}},"Project__r":{"s":3,"v":{"Name":"eBank","Id":"a0736000000Ew01AAC"}}}}|0x498eff93
07:44:52.0 (27621940)|STATEMENT_EXECUTE|[12]
07:44:52.0 (27623232)|STATEMENT_EXECUTE|[14]
07:44:52.0 (27643192)|VARIABLE_ASSIGNMENT|[EXTERNAL]|this|{"skillsList":"0x3aca819f"}|0x36b13c9
07:44:52.0 (27653690)|HEAP_ALLOCATE|[14]|Bytes:12
07:44:52.0 (27664945)|CONSTRUCTOR_ENTRY|[14]|01p360000072SS3|<init>(Employee_Skills__c)
07:44:52.0 (27669758)|VARIABLE_SCOPE_BEGIN|[66]|this|WrapperEmployeeSkills.wEmployee|true|false
07:44:52.0 (27682549)|VARIABLE_ASSIGNMENT|[66]|this|{}|0x376db39d
07:44:52.0 (27685303)|VARIABLE_SCOPE_BEGIN|[66]|s|Employee_Skills__c|true|false
07:44:52.0 (27700356)|VARIABLE_ASSIGNMENT|[66]|s|{"s":1,"v":{"Id":"a0C360000003XRiEAM","Name":"Tomato","Employee__c":"a0A36000001ygYkEAI","Project__c":"a0736000000Ew01AAC","Status__c":"Pending approval","Employee__r":{"s":2,"v":{"Name":"Andriy Lokotosh","Id":"a0A36000001ygYkEAI"}},"Project__r":{"s":3,"v":{"Name":"eBank","Id":"a0736000000Ew01AAC"}}}}|0x498eff93
07:44:52.0 (27705114)|STATEMENT_EXECUTE|[61]
07:44:52.0 (27706465)|STATEMENT_EXECUTE|[62]
07:44:52.0 (27707678)|STATEMENT_EXECUTE|[63]
07:44:52.0 (27718556)|STATEMENT_EXECUTE|[66]
07:44:52.0 (27720135)|STATEMENT_EXECUTE|[67]
07:44:52.0 (27736080)|VARIABLE_ASSIGNMENT|[EXTERNAL]|this|{}|0x376db39d
07:44:52.0 (27751533)|VARIABLE_ASSIGNMENT|[EXTERNAL]|value|{"s":1,"v":{"Id":"a0C360000003XRiEAM","Name":"Tomato","Employee__c":"a0A36000001ygYkEAI","Project__c":"a0736000000Ew01AAC","Status__c":"Pending approval","Employee__r":{"s":2,"v":{"Name":"Andriy Lokotosh","Id":"a0A36000001ygYkEAI"}},"Project__r":{"s":3,"v":{"Name":"eBank","Id":"a0736000000Ew01AAC"}}}}|0x498eff93
07:44:52.0 (27768652)|VARIABLE_ASSIGNMENT|[62]|this.skill|{"s":1,"v":{"Id":"a0C360000003XRiEAM","Name":"Tomato","Employee__c":"a0A36000001ygYkEAI","Project__c":"a0736000000Ew01AAC","Status__c":"Pending approval","Employee__r":{"s":2,"v":{"Name":"Andriy Lokotosh","Id":"a0A36000001ygYkEAI"}},"Project__r":{"s":3,"v":{"Name":"eBank","Id":"a0736000000Ew01AAC"}}}}|0x376db39d
07:44:52.0 (27776975)|STATEMENT_EXECUTE|[68]
07:44:52.0 (27795352)|VARIABLE_ASSIGNMENT|[EXTERNAL]|this|{"skill":"0x498eff93"}|0x376db39d
07:44:52.0 (27801925)|VARIABLE_ASSIGNMENT|[EXTERNAL]|value|false
07:44:52.0 (27805720)|HEAP_ALLOCATE|[63]|Bytes:5
07:44:52.0 (27811866)|VARIABLE_ASSIGNMENT|[63]|this.selected|false|0x376db39d
07:44:52.0 (27824628)|CONSTRUCTOR_EXIT|[14]|01p360000072SS3|<init>(Employee_Skills__c)
07:44:52.0 (27834038)|HEAP_ALLOCATE|[EXTERNAL]|Bytes:4
07:44:52.0 (27842340)|METHOD_ENTRY|[10]||Database.QueryLocatorIterator.hasNext()
07:44:52.0 (27861666)|METHOD_EXIT|[10]||Database.QueryLocatorIterator.hasNext()
07:44:52.0 (27866724)|METHOD_ENTRY|[10]||Database.QueryLocatorIterator.next()
07:44:52.0 (27924379)|METHOD_EXIT|[10]||Database.QueryLocatorIterator.next()
07:44:52.0 (27930847)|VARIABLE_SCOPE_BEGIN|[10]|c|Employee_Skills__c|true|false
07:44:52.0 (27950365)|VARIABLE_ASSIGNMENT|[10]|c|{"s":1,"v":{"Id":"a0C360000003YCSEA2","Name":"Enpl","Employee__c":"a0A36000001ygYkEAI","Project__c":"a0736000000Ew01AAC","Status__c":"Pending approval","Employee__r":{"s":2,"v":{"Name":"Andriy Lokotosh","Id":"a0A36000001ygYkEAI"}},"Project__r":{"s":3,"v":{"Name":"eBank","Id":"a0736000000Ew01AAC"}}}}|0x3d24f93d
07:44:52.0 (27954940)|STATEMENT_EXECUTE|[12]
07:44:52.0 (27956291)|STATEMENT_EXECUTE|[14]
07:44:52.0 (27976179)|VARIABLE_ASSIGNMENT|[EXTERNAL]|this|{"skillsList":"0x3aca819f"}|0x36b13c9
07:44:52.0 (27986468)|HEAP_ALLOCATE|[14]|Bytes:12
07:44:52.0 (27997609)|CONSTRUCTOR_ENTRY|[14]|01p360000072SS3|<init>(Employee_Skills__c)
07:44:52.0 (28002510)|VARIABLE_SCOPE_BEGIN|[66]|this|WrapperEmployeeSkills.wEmployee|true|false
07:44:52.0 (28016155)|VARIABLE_ASSIGNMENT|[66]|this|{}|0x368eb6d
07:44:52.0 (28018830)|VARIABLE_SCOPE_BEGIN|[66]|s|Employee_Skills__c|true|false
07:44:52.0 (28033644)|VARIABLE_ASSIGNMENT|[66]|s|{"s":1,"v":{"Id":"a0C360000003YCSEA2","Name":"Enpl","Employee__c":"a0A36000001ygYkEAI","Project__c":"a0736000000Ew01AAC","Status__c":"Pending approval","Employee__r":{"s":2,"v":{"Name":"Andriy Lokotosh","Id":"a0A36000001ygYkEAI"}},"Project__r":{"s":3,"v":{"Name":"eBank","Id":"a0736000000Ew01AAC"}}}}|0x3d24f93d
07:44:52.0 (28038231)|STATEMENT_EXECUTE|[61]
07:44:52.0 (28039551)|STATEMENT_EXECUTE|[62]
07:44:52.0 (28040940)|STATEMENT_EXECUTE|[63]
07:44:52.0 (28051835)|STATEMENT_EXECUTE|[66]
07:44:52.0 (28053392)|STATEMENT_EXECUTE|[67]
07:44:52.0 (28069036)|VARIABLE_ASSIGNMENT|[EXTERNAL]|this|{}|0x368eb6d
07:44:52.0 (28084478)|VARIABLE_ASSIGNMENT|[EXTERNAL]|value|{"s":1,"v":{"Id":"a0C360000003YCSEA2","Name":"Enpl","Employee__c":"a0A36000001ygYkEAI","Project__c":"a0736000000Ew01AAC","Status__c":"Pending approval","Employee__r":{"s":2,"v":{"Name":"Andriy Lokotosh","Id":"a0A36000001ygYkEAI"}},"Project__r":{"s":3,"v":{"Name":"eBank","Id":"a0736000000Ew01AAC"}}}}|0x3d24f93d
07:44:52.0 (28101512)|VARIABLE_ASSIGNMENT|[62]|this.skill|{"s":1,"v":{"Id":"a0C360000003YCSEA2","Name":"Enpl","Employee__c":"a0A36000001ygYkEAI","Project__c":"a0736000000Ew01AAC","Status__c":"Pending approval","Employee__r":{"s":2,"v":{"Name":"Andriy Lokotosh","Id":"a0A36000001ygYkEAI"}},"Project__r":{"s":3,"v":{"Name":"eBank","Id":"a0736000000Ew01AAC"}}}}|0x368eb6d
07:44:52.0 (28109390)|STATEMENT_EXECUTE|[68]
07:44:52.0 (28127774)|VARIABLE_ASSIGNMENT|[EXTERNAL]|this|{"skill":"0x3d24f93d"}|0x368eb6d
07:44:52.0 (28134329)|VARIABLE_ASSIGNMENT|[EXTERNAL]|value|false
07:44:52.0 (28138167)|HEAP_ALLOCATE|[63]|Bytes:5
07:44:52.0 (28144168)|VARIABLE_ASSIGNMENT|[63]|this.selected|false|0x368eb6d
07:44:52.0 (28156956)|CONSTRUCTOR_EXIT|[14]|01p360000072SS3|<init>(Employee_Skills__c)
07:44:52.0 (28166426)|HEAP_ALLOCATE|[EXTERNAL]|Bytes:4
07:44:52.0 (28174678)|METHOD_ENTRY|[10]||Database.QueryLocatorIterator.hasNext()
07:44:52.0 (28194079)|METHOD_EXIT|[10]||Database.QueryLocatorIterator.hasNext()
07:44:52.0 (28199070)|METHOD_ENTRY|[10]||Database.QueryLocatorIterator.next()
07:44:52.0 (28265261)|METHOD_EXIT|[10]||Database.QueryLocatorIterator.next()
07:44:52.0 (28271919)|VARIABLE_SCOPE_BEGIN|[10]|c|Employee_Skills__c|true|false
07:44:52.0 (28292019)|VARIABLE_ASSIGNMENT|[10]|c|{"s":1,"v":{"Id":"a0C360000003XRnEAM","Name":"potato","Employee__c":"a0A36000001ygYkEAI","Project__c":"a0736000000Ew01AAC","Status__c":"Pending approval","Employee__r":{"s":2,"v":{"Name":"Andriy Lokotosh","Id":"a0A36000001ygYkEAI"}},"Project__r":{"s":3,"v":{"Name":"eBank","Id":"a0736000000Ew01AAC"}}}}|0x251fcc13
07:44:52.0 (28296159)|STATEMENT_EXECUTE|[12]
07:44:52.0 (28297447)|STATEMENT_EXECUTE|[14]
07:44:52.0 (28317095)|VARIABLE_ASSIGNMENT|[EXTERNAL]|this|{"skillsList":"0x3aca819f"}|0x36b13c9
07:44:52.0 (28327397)|HEAP_ALLOCATE|[14]|Bytes:12
07:44:52.0 (28338403)|CONSTRUCTOR_ENTRY|[14]|01p360000072SS3|<init>(Employee_Skills__c)
07:44:52.0 (28343287)|VARIABLE_SCOPE_BEGIN|[66]|this|WrapperEmployeeSkills.wEmployee|true|false
07:44:52.0 (28356122)|VARIABLE_ASSIGNMENT|[66]|this|{}|0x7f346276
07:44:52.0 (28358960)|VARIABLE_SCOPE_BEGIN|[66]|s|Employee_Skills__c|true|false
07:44:52.0 (28373854)|VARIABLE_ASSIGNMENT|[66]|s|{"s":1,"v":{"Id":"a0C360000003XRnEAM","Name":"potato","Employee__c":"a0A36000001ygYkEAI","Project__c":"a0736000000Ew01AAC","Status__c":"Pending approval","Employee__r":{"s":2,"v":{"Name":"Andriy Lokotosh","Id":"a0A36000001ygYkEAI"}},"Project__r":{"s":3,"v":{"Name":"eBank","Id":"a0736000000Ew01AAC"}}}}|0x251fcc13
07:44:52.0 (28378418)|STATEMENT_EXECUTE|[61]
07:44:52.0 (28379661)|STATEMENT_EXECUTE|[62]
07:44:52.0 (28380964)|STATEMENT_EXECUTE|[63]
07:44:52.0 (28391722)|STATEMENT_EXECUTE|[66]
07:44:52.0 (28393336)|STATEMENT_EXECUTE|[67]
07:44:52.0 (28409131)|VARIABLE_ASSIGNMENT|[EXTERNAL]|this|{}|0x7f346276
07:44:52.0 (28424332)|VARIABLE_ASSIGNMENT|[EXTERNAL]|value|{"s":1,"v":{"Id":"a0C360000003XRnEAM","Name":"potato","Employee__c":"a0A36000001ygYkEAI","Project__c":"a0736000000Ew01AAC","Status__c":"Pending approval","Employee__r":{"s":2,"v":{"Name":"Andriy Lokotosh","Id":"a0A36000001ygYkEAI"}},"Project__r":{"s":3,"v":{"Name":"eBank","Id":"a0736000000Ew01AAC"}}}}|0x251fcc13
07:44:52.0 (28442535)|VARIABLE_ASSIGNMENT|[62]|this.skill|{"s":1,"v":{"Id":"a0C360000003XRnEAM","Name":"potato","Employee__c":"a0A36000001ygYkEAI","Project__c":"a0736000000Ew01AAC","Status__c":"Pending approval","Employee__r":{"s":2,"v":{"Name":"Andriy Lokotosh","Id":"a0A36000001ygYkEAI"}},"Project__r":{"s":3,"v":{"Name":"eBank","Id":"a0736000000Ew01AAC"}}}}|0x7f346276
07:44:52.0 (28450543)|STATEMENT_EXECUTE|[68]
07:44:52.0 (28468807)|VARIABLE_ASSIGNMENT|[EXTERNAL]|this|{"skill":"0x251fcc13"}|0x7f346276
07:44:52.0 (28475208)|VARIABLE_ASSIGNMENT|[EXTERNAL]|value|false
07:44:52.0 (28479013)|HEAP_ALLOCATE|[63]|Bytes:5
07:44:52.0 (28485196)|VARIABLE_ASSIGNMENT|[63]|this.selected|false|0x7f346276
07:44:52.0 (28497737)|CONSTRUCTOR_EXIT|[14]|01p360000072SS3|<init>(Employee_Skills__c)
07:44:52.0 (28507197)|HEAP_ALLOCATE|[EXTERNAL]|Bytes:4
07:44:52.0 (28515443)|METHOD_ENTRY|[10]||Database.QueryLocatorIterator.hasNext()
07:44:52.0 (28534968)|METHOD_EXIT|[10]||Database.QueryLocatorIterator.hasNext()
07:44:52.0 (28540138)|METHOD_ENTRY|[10]||Database.QueryLocatorIterator.next()
07:44:52.0 (28597414)|METHOD_EXIT|[10]||Database.QueryLocatorIterator.next()
07:44:52.0 (28603877)|VARIABLE_SCOPE_BEGIN|[10]|c|Employee_Skills__c|true|false
07:44:52.0 (28624684)|VARIABLE_ASSIGNMENT|[10]|c|{"s":1,"v":{"Id":"a0C360000003XTFEA2","Name":"ef","Employee__c":"a0A36000001ygYkEAI","Project__c":"a0736000000Ew01AAC","Status__c":"Pending approval","Employee__r":{"s":2,"v":{"Name":"Andriy Lokotosh","Id":"a0A36000001ygYkEAI"}},"Project__r":{"s":3,"v":{"Name":"eBank","Id":"a0736000000Ew01AAC"}}}}|0x65c381bc
07:44:52.0 (28629016)|STATEMENT_EXECUTE|[12]
07:44:52.0 (28630210)|STATEMENT_EXECUTE|[14]
07:44:52.0 (28649627)|VARIABLE_ASSIGNMENT|[EXTERNAL]|this|{"skillsList":"0x3aca819f"}|0x36b13c9
07:44:52.0 (28659789)|HEAP_ALLOCATE|[14]|Bytes:12
07:44:52.0 (28670937)|CONSTRUCTOR_ENTRY|[14]|01p360000072SS3|<init>(Employee_Skills__c)
07:44:52.0 (28675783)|VARIABLE_SCOPE_BEGIN|[66]|this|WrapperEmployeeSkills.wEmployee|true|false
07:44:52.0 (28688305)|VARIABLE_ASSIGNMENT|[66]|this|{}|0x21b42dea
07:44:52.0 (28690979)|VARIABLE_SCOPE_BEGIN|[66]|s|Employee_Skills__c|true|false
07:44:52.0 (28705303)|VARIABLE_ASSIGNMENT|[66]|s|{"s":1,"v":{"Id":"a0C360000003XTFEA2","Name":"ef","Employee__c":"a0A36000001ygYkEAI","Project__c":"a0736000000Ew01AAC","Status__c":"Pending approval","Employee__r":{"s":2,"v":{"Name":"Andriy Lokotosh","Id":"a0A36000001ygYkEAI"}},"Project__r":{"s":3,"v":{"Name":"eBank","Id":"a0736000000Ew01AAC"}}}}|0x65c381bc
07:44:52.0 (28710259)|STATEMENT_EXECUTE|[61]
07:44:52.0 (28711662)|STATEMENT_EXECUTE|[62]
07:44:52.0 (28712853)|STATEMENT_EXECUTE|[63]
07:44:52.0 (28723588)|STATEMENT_EXECUTE|[66]
07:44:52.0 (28725112)|STATEMENT_EXECUTE|[67]
07:44:52.0 (28740962)|VARIABLE_ASSIGNMENT|[EXTERNAL]|this|{}|0x21b42dea
07:44:52.0 (28756171)|VARIABLE_ASSIGNMENT|[EXTERNAL]|value|{"s":1,"v":{"Id":"a0C360000003XTFEA2","Name":"ef","Employee__c":"a0A36000001ygYkEAI","Project__c":"a0736000000Ew01AAC","Status__c":"Pending approval","Employee__r":{"s":2,"v":{"Name":"Andriy Lokotosh","Id":"a0A36000001ygYkEAI"}},"Project__r":{"s":3,"v":{"Name":"eBank","Id":"a0736000000Ew01AAC"}}}}|0x65c381bc
07:44:52.0 (28773109)|VARIABLE_ASSIGNMENT|[62]|this.skill|{"s":1,"v":{"Id":"a0C360000003XTFEA2","Name":"ef","Employee__c":"a0A36000001ygYkEAI","Project__c":"a0736000000Ew01AAC","Status__c":"Pending approval","Employee__r":{"s":2,"v":{"Name":"Andriy Lokotosh","Id":"a0A36000001ygYkEAI"}},"Project__r":{"s":3,"v":{"Name":"eBank","Id":"a0736000000Ew01AAC"}}}}|0x21b42dea
07:44:52.0 (28781385)|STATEMENT_EXECUTE|[68]
07:44:52.0 (28799725)|VARIABLE_ASSIGNMENT|[EXTERNAL]|this|{"skill":"0x65c381bc"}|0x21b42dea
07:44:52.0 (28806377)|VARIABLE_ASSIGNMENT|[EXTERNAL]|value|false
07:44:52.0 (28810143)|HEAP_ALLOCATE|[63]|Bytes:5
07:44:52.0 (28816379)|VARIABLE_ASSIGNMENT|[63]|this.selected|false|0x21b42dea
07:44:52.0 (28828845)|CONSTRUCTOR_EXIT|[14]|01p360000072SS3|<init>(Employee_Skills__c)
07:44:52.0 (28838086)|HEAP_ALLOCATE|[EXTERNAL]|Bytes:4
07:44:52.0 (28846177)|METHOD_ENTRY|[10]||Database.QueryLocatorIterator.hasNext()
07:44:52.0 (28865308)|METHOD_EXIT|[10]||Database.QueryLocatorIterator.hasNext()
07:44:52.0 (28870316)|METHOD_ENTRY|[10]||Database.QueryLocatorIterator.next()
07:44:52.0 (28926823)|METHOD_EXIT|[10]||Database.QueryLocatorIterator.next()
07:44:52.0 (28933020)|VARIABLE_SCOPE_BEGIN|[10]|c|Employee_Skills__c|true|false
07:44:52.0 (28952613)|VARIABLE_ASSIGNMENT|[10]|c|{"s":1,"v":{"Id":"a0C360000003XTGEA2","Name":"frgt","Employee__c":"a0A36000001ygYkEAI","Project__c":"a0736000000Ew01AAC","Status__c":"Pending approval","Employee__r":{"s":2,"v":{"Name":"Andriy Lokotosh","Id":"a0A36000001ygYkEAI"}},"Project__r":{"s":3,"v":{"Name":"eBank","Id":"a0736000000Ew01AAC"}}}}|0x7a10129b
07:44:52.0 (28957409)|STATEMENT_EXECUTE|[12]
07:44:52.0 (28959129)|STATEMENT_EXECUTE|[14]
07:44:52.0 (28978180)|VARIABLE_ASSIGNMENT|[EXTERNAL]|this|{"skillsList":"0x3aca819f"}|0x36b13c9
07:44:52.0 (28988360)|HEAP_ALLOCATE|[14]|Bytes:12
07:44:52.0 (28999311)|CONSTRUCTOR_ENTRY|[14]|01p360000072SS3|<init>(Employee_Skills__c)
07:44:52.0 (29004122)|VARIABLE_SCOPE_BEGIN|[66]|this|WrapperEmployeeSkills.wEmployee|true|false
07:44:52.0 (29017621)|VARIABLE_ASSIGNMENT|[66]|this|{}|0x266be87d
07:44:52.0 (29020239)|VARIABLE_SCOPE_BEGIN|[66]|s|Employee_Skills__c|true|false
07:44:52.0 (29034864)|VARIABLE_ASSIGNMENT|[66]|s|{"s":1,"v":{"Id":"a0C360000003XTGEA2","Name":"frgt","Employee__c":"a0A36000001ygYkEAI","Project__c":"a0736000000Ew01AAC","Status__c":"Pending approval","Employee__r":{"s":2,"v":{"Name":"Andriy Lokotosh","Id":"a0A36000001ygYkEAI"}},"Project__r":{"s":3,"v":{"Name":"eBank","Id":"a0736000000Ew01AAC"}}}}|0x7a10129b
07:44:52.0 (29039504)|STATEMENT_EXECUTE|[61]
07:44:52.0 (29040761)|STATEMENT_EXECUTE|[62]
07:44:52.0 (29042150)|STATEMENT_EXECUTE|[63]
07:44:52.0 (29052633)|STATEMENT_EXECUTE|[66]
07:44:52.0 (29054412)|STATEMENT_EXECUTE|[67]
07:44:52.0 (29070468)|VARIABLE_ASSIGNMENT|[EXTERNAL]|this|{}|0x266be87d
07:44:52.0 (29085333)|VARIABLE_ASSIGNMENT|[EXTERNAL]|value|{"s":1,"v":{"Id":"a0C360000003XTGEA2","Name":"frgt","Employee__c":"a0A36000001ygYkEAI","Project__c":"a0736000000Ew01AAC","Status__c":"Pending approval","Employee__r":{"s":2,"v":{"Name":"Andriy Lokotosh","Id":"a0A36000001ygYkEAI"}},"Project__r":{"s":3,"v":{"Name":"eBank","Id":"a0736000000Ew01AAC"}}}}|0x7a10129b
07:44:52.0 (29102821)|VARIABLE_ASSIGNMENT|[62]|this.skill|{"s":1,"v":{"Id":"a0C360000003XTGEA2","Name":"frgt","Employee__c":"a0A36000001ygYkEAI","Project__c":"a0736000000Ew01AAC","Status__c":"Pending approval","Employee__r":{"s":2,"v":{"Name":"Andriy Lokotosh","Id":"a0A36000001ygYkEAI"}},"Project__r":{"s":3,"v":{"Name":"eBank","Id":"a0736000000Ew01AAC"}}}}|0x266be87d
07:44:52.0 (29110813)|STATEMENT_EXECUTE|[68]
07:44:52.0 (29128843)|VARIABLE_ASSIGNMENT|[EXTERNAL]|this|{"skill":"0x7a10129b"}|0x266be87d
07:44:52.0 (29135603)|VARIABLE_ASSIGNMENT|[EXTERNAL]|value|false
07:44:52.0 (29139469)|HEAP_ALLOCATE|[63]|Bytes:5
07:44:52.0 (29145578)|VARIABLE_ASSIGNMENT|[63]|this.selected|false|0x266be87d
07:44:52.0 (29158106)|CONSTRUCTOR_EXIT|[14]|01p360000072SS3|<init>(Employee_Skills__c)
07:44:52.0 (29167404)|HEAP_ALLOCATE|[EXTERNAL]|Bytes:4
07:44:52.0 (29175586)|METHOD_ENTRY|[10]||Database.QueryLocatorIterator.hasNext()
07:44:52.0 (29194865)|METHOD_EXIT|[10]||Database.QueryLocatorIterator.hasNext()
07:44:52.0 (29199861)|METHOD_ENTRY|[10]||Database.QueryLocatorIterator.next()
07:44:52.0 (29261509)|METHOD_EXIT|[10]||Database.QueryLocatorIterator.next()
07:44:52.0 (29268250)|VARIABLE_SCOPE_BEGIN|[10]|c|Employee_Skills__c|true|false
07:44:52.0 (29288193)|VARIABLE_ASSIGNMENT|[10]|c|{"s":1,"v":{"Id":"a0C360000003YGkEAM","Name":"Robert","Employee__c":"a0A36000001ygYkEAI","Project__c":"a0736000000Ew01AAC","Status__c":"Pending approval","Employee__r":{"s":2,"v":{"Name":"Andriy Lokotosh","Id":"a0A36000001ygYkEAI"}},"Project__r":{"s":3,"v":{"Name":"eBank","Id":"a0736000000Ew01AAC"}}}}|0x5f5c436d
07:44:52.0 (29292649)|STATEMENT_EXECUTE|[12]
07:44:52.0 (29293902)|STATEMENT_EXECUTE|[14]
07:44:52.0 (29313326)|VARIABLE_ASSIGNMENT|[EXTERNAL]|this|{"skillsList":"0x3aca819f"}|0x36b13c9
07:44:52.0 (29323564)|HEAP_ALLOCATE|[14]|Bytes:12
07:44:52.0 (29334506)|CONSTRUCTOR_ENTRY|[14]|01p360000072SS3|<init>(Employee_Skills__c)
07:44:52.0 (29339435)|VARIABLE_SCOPE_BEGIN|[66]|this|WrapperEmployeeSkills.wEmployee|true|false
07:44:52.0 (29356625)|VARIABLE_ASSIGNMENT|[66]|this|{}|0x5f87fe11
07:44:52.0 (29359662)|VARIABLE_SCOPE_BEGIN|[66]|s|Employee_Skills__c|true|false
07:44:52.0 (29374623)|VARIABLE_ASSIGNMENT|[66]|s|{"s":1,"v":{"Id":"a0C360000003YGkEAM","Name":"Robert","Employee__c":"a0A36000001ygYkEAI","Project__c":"a0736000000Ew01AAC","Status__c":"Pending approval","Employee__r":{"s":2,"v":{"Name":"Andriy Lokotosh","Id":"a0A36000001ygYkEAI"}},"Project__r":{"s":3,"v":{"Name":"eBank","Id":"a0736000000Ew01AAC"}}}}|0x5f5c436d
07:44:52.0 (29379304)|STATEMENT_EXECUTE|[61]
07:44:52.0 (29380584)|STATEMENT_EXECUTE|[62]
07:44:52.0 (29381761)|STATEMENT_EXECUTE|[63]
07:44:52.0 (29392881)|STATEMENT_EXECUTE|[66]
07:44:52.0 (29394463)|STATEMENT_EXECUTE|[67]
07:44:52.0 (29410390)|VARIABLE_ASSIGNMENT|[EXTERNAL]|this|{}|0x5f87fe11
07:44:52.0 (29424973)|VARIABLE_ASSIGNMENT|[EXTERNAL]|value|{"s":1,"v":{"Id":"a0C360000003YGkEAM","Name":"Robert","Employee__c":"a0A36000001ygYkEAI","Project__c":"a0736000000Ew01AAC","Status__c":"Pending approval","Employee__r":{"s":2,"v":{"Name":"Andriy Lokotosh","Id":"a0A36000001ygYkEAI"}},"Project__r":{"s":3,"v":{"Name":"eBank","Id":"a0736000000Ew01AAC"}}}}|0x5f5c436d
07:44:52.0 (29443028)|VARIABLE_ASSIGNMENT|[62]|this.skill|{"s":1,"v":{"Id":"a0C360000003YGkEAM","Name":"Robert","Employee__c":"a0A36000001ygYkEAI","Project__c":"a0736000000Ew01AAC","Status__c":"Pending approval","Employee__r":{"s":2,"v":{"Name":"Andriy Lokotosh","Id":"a0A36000001ygYkEAI"}},"Project__r":{"s":3,"v":{"Name":"eBank","Id":"a0736000000Ew01AAC"}}}}|0x5f87fe11
07:44:52.0 (29450806)|STATEMENT_EXECUTE|[68]
07:44:52.0 (29468837)|VARIABLE_ASSIGNMENT|[EXTERNAL]|this|{"skill":"0x5f5c436d"}|0x5f87fe11
07:44:52.0 (29475244)|VARIABLE_ASSIGNMENT|[EXTERNAL]|value|false
07:44:52.0 (29478956)|HEAP_ALLOCATE|[63]|Bytes:5
07:44:52.0 (29485129)|VARIABLE_ASSIGNMENT|[63]|this.selected|false|0x5f87fe11
07:44:52.0 (29497956)|CONSTRUCTOR_EXIT|[14]|01p360000072SS3|<init>(Employee_Skills__c)
07:44:52.0 (29506949)|HEAP_ALLOCATE|[EXTERNAL]|Bytes:4
07:44:52.0 (29515126)|METHOD_ENTRY|[10]||Database.QueryLocatorIterator.hasNext()
07:44:52.0 (29534439)|METHOD_EXIT|[10]||Database.QueryLocatorIterator.hasNext()
07:44:52.0 (29539447)|METHOD_ENTRY|[10]||Database.QueryLocatorIterator.next()
07:44:52.0 (29596727)|METHOD_EXIT|[10]||Database.QueryLocatorIterator.next()
07:44:52.0 (29603122)|VARIABLE_SCOPE_BEGIN|[10]|c|Employee_Skills__c|true|false
07:44:52.0 (29622761)|VARIABLE_ASSIGNMENT|[10]|c|{"s":1,"v":{"Id":"a0C360000003XRTEA2","Name":"logo","Employee__c":"a0A36000001ygYkEAI","Project__c":"a0736000000Ew01AAC","Status__c":"Pending approval","Employee__r":{"s":2,"v":{"Name":"Andriy Lokotosh","Id":"a0A36000001ygYkEAI"}},"Project__r":{"s":3,"v":{"Name":"eBank","Id":"a0736000000Ew01AAC"}}}}|0x25f9abb0
07:44:52.0 (29627415)|STATEMENT_EXECUTE|[12]
07:44:52.0 (29628758)|STATEMENT_EXECUTE|[14]
07:44:52.0 (29648158)|VARIABLE_ASSIGNMENT|[EXTERNAL]|this|{"skillsList":"0x3aca819f"}|0x36b13c9
07:44:52.0 (29658325)|HEAP_ALLOCATE|[14]|Bytes:12
07:44:52.0 (29669173)|CONSTRUCTOR_ENTRY|[14]|01p360000072SS3|<init>(Employee_Skills__c)
07:44:52.0 (29673929)|VARIABLE_SCOPE_BEGIN|[66]|this|WrapperEmployeeSkills.wEmployee|true|false
07:44:52.0 (29686324)|VARIABLE_ASSIGNMENT|[66]|this|{}|0x5ca88772
07:44:52.0 (29688989)|VARIABLE_SCOPE_BEGIN|[66]|s|Employee_Skills__c|true|false
07:44:52.0 (29703805)|VARIABLE_ASSIGNMENT|[66]|s|{"s":1,"v":{"Id":"a0C360000003XRTEA2","Name":"logo","Employee__c":"a0A36000001ygYkEAI","Project__c":"a0736000000Ew01AAC","Status__c":"Pending approval","Employee__r":{"s":2,"v":{"Name":"Andriy Lokotosh","Id":"a0A36000001ygYkEAI"}},"Project__r":{"s":3,"v":{"Name":"eBank","Id":"a0736000000Ew01AAC"}}}}|0x25f9abb0
07:44:52.0 (29708670)|STATEMENT_EXECUTE|[61]
07:44:52.0 (29710093)|STATEMENT_EXECUTE|[62]
07:44:52.0 (29711256)|STATEMENT_EXECUTE|[63]
07:44:52.0 (29721789)|STATEMENT_EXECUTE|[66]
07:44:52.0 (29723288)|STATEMENT_EXECUTE|[67]
07:44:52.0 (29739239)|VARIABLE_ASSIGNMENT|[EXTERNAL]|this|{}|0x5ca88772
07:44:52.0 (29754833)|VARIABLE_ASSIGNMENT|[EXTERNAL]|value|{"s":1,"v":{"Id":"a0C360000003XRTEA2","Name":"logo","Employee__c":"a0A36000001ygYkEAI","Project__c":"a0736000000Ew01AAC","Status__c":"Pending approval","Employee__r":{"s":2,"v":{"Name":"Andriy Lokotosh","Id":"a0A36000001ygYkEAI"}},"Project__r":{"s":3,"v":{"Name":"eBank","Id":"a0736000000Ew01AAC"}}}}|0x25f9abb0
07:44:52.0 (29771475)|VARIABLE_ASSIGNMENT|[62]|this.skill|{"s":1,"v":{"Id":"a0C360000003XRTEA2","Name":"logo","Employee__c":"a0A36000001ygYkEAI","Project__c":"a0736000000Ew01AAC","Status__c":"Pending approval","Employee__r":{"s":2,"v":{"Name":"Andriy Lokotosh","Id":"a0A36000001ygYkEAI"}},"Project__r":{"s":3,"v":{"Name":"eBank","Id":"a0736000000Ew01AAC"}}}}|0x5ca88772
07:44:52.0 (29779844)|STATEMENT_EXECUTE|[68]
07:44:52.0 (29797899)|VARIABLE_ASSIGNMENT|[EXTERNAL]|this|{"skill":"0x25f9abb0"}|0x5ca88772
07:44:52.0 (29804339)|VARIABLE_ASSIGNMENT|[EXTERNAL]|value|false
07:44:52.0 (29808058)|HEAP_ALLOCATE|[63]|Bytes:5
07:44:52.0 (29814234)|VARIABLE_ASSIGNMENT|[63]|this.selected|false|0x5ca88772
07:44:52.0 (29826638)|CONSTRUCTOR_EXIT|[14]|01p360000072SS3|<init>(Employee_Skills__c)
07:44:52.0 (29835801)|HEAP_ALLOCATE|[EXTERNAL]|Bytes:4
07:44:52.0 (29843915)|METHOD_ENTRY|[10]||Database.QueryLocatorIterator.hasNext()
07:44:52.0 (29863132)|METHOD_EXIT|[10]||Database.QueryLocatorIterator.hasNext()
07:44:52.0 (29868063)|METHOD_ENTRY|[10]||Database.QueryLocatorIterator.next()
07:44:52.0 (29925148)|METHOD_EXIT|[10]||Database.QueryLocatorIterator.next()
07:44:52.0 (29931412)|VARIABLE_SCOPE_BEGIN|[10]|c|Employee_Skills__c|true|false
07:44:52.0 (29951029)|VARIABLE_ASSIGNMENT|[10]|c|{"s":1,"v":{"Id":"a0C36000000iqCUEAY","Name":"Tools","Employee__c":"a0A36000001ygYkEAI","Project__c":"a0736000000Ew01AAC","Status__c":"Pending approval","Employee__r":{"s":2,"v":{"Name":"Andriy Lokotosh","Id":"a0A36000001ygYkEAI"}},"Project__r":{"s":3,"v":{"Name":"eBank","Id":"a0736000000Ew01AAC"}}}}|0x61d2e0a1
07:44:52.0 (29955264)|STATEMENT_EXECUTE|[12]
07:44:52.0 (29956943)|STATEMENT_EXECUTE|[14]
07:44:52.0 (29976307)|VARIABLE_ASSIGNMENT|[EXTERNAL]|this|{"skillsList":"0x3aca819f"}|0x36b13c9
07:44:52.0 (29987466)|HEAP_ALLOCATE|[14]|Bytes:12
07:44:52.0 (29998522)|CONSTRUCTOR_ENTRY|[14]|01p360000072SS3|<init>(Employee_Skills__c)
07:44:52.0 (30003248)|VARIABLE_SCOPE_BEGIN|[66]|this|WrapperEmployeeSkills.wEmployee|true|false
07:44:52.0 (30016991)|VARIABLE_ASSIGNMENT|[66]|this|{}|0x145edfc
07:44:52.0 (30019666)|VARIABLE_SCOPE_BEGIN|[66]|s|Employee_Skills__c|true|false
07:44:52.0 (30034218)|VARIABLE_ASSIGNMENT|[66]|s|{"s":1,"v":{"Id":"a0C36000000iqCUEAY","Name":"Tools","Employee__c":"a0A36000001ygYkEAI","Project__c":"a0736000000Ew01AAC","Status__c":"Pending approval","Employee__r":{"s":2,"v":{"Name":"Andriy Lokotosh","Id":"a0A36000001ygYkEAI"}},"Project__r":{"s":3,"v":{"Name":"eBank","Id":"a0736000000Ew01AAC"}}}}|0x61d2e0a1
07:44:52.0 (30038786)|STATEMENT_EXECUTE|[61]
07:44:52.0 (30040188)|STATEMENT_EXECUTE|[62]
07:44:52.0 (30041543)|STATEMENT_EXECUTE|[63]
07:44:52.0 (30052296)|STATEMENT_EXECUTE|[66]
07:44:52.0 (30053904)|STATEMENT_EXECUTE|[67]
07:44:52.0 (30070617)|VARIABLE_ASSIGNMENT|[EXTERNAL]|this|{}|0x145edfc
07:44:52.0 (30085931)|VARIABLE_ASSIGNMENT|[EXTERNAL]|value|{"s":1,"v":{"Id":"a0C36000000iqCUEAY","Name":"Tools","Employee__c":"a0A36000001ygYkEAI","Project__c":"a0736000000Ew01AAC","Status__c":"Pending approval","Employee__r":{"s":2,"v":{"Name":"Andriy Lokotosh","Id":"a0A36000001ygYkEAI"}},"Project__r":{"s":3,"v":{"Name":"eBank","Id":"a0736000000Ew01AAC"}}}}|0x61d2e0a1
07:44:52.0 (30103121)|VARIABLE_ASSIGNMENT|[62]|this.skill|{"s":1,"v":{"Id":"a0C36000000iqCUEAY","Name":"Tools","Employee__c":"a0A36000001ygYkEAI","Project__c":"a0736000000Ew01AAC","Status__c":"Pending approval","Employee__r":{"s":2,"v":{"Name":"Andriy Lokotosh","Id":"a0A36000001ygYkEAI"}},"Project__r":{"s":3,"v":{"Name":"eBank","Id":"a0736000000Ew01AAC"}}}}|0x145edfc
07:44:52.0 (30111223)|STATEMENT_EXECUTE|[68]
07:44:52.0 (30129485)|VARIABLE_ASSIGNMENT|[EXTERNAL]|this|{"skill":"0x61d2e0a1"}|0x145edfc
07:44:52.0 (30135927)|VARIABLE_ASSIGNMENT|[EXTERNAL]|value|false
07:44:52.0 (30139621)|HEAP_ALLOCATE|[63]|Bytes:5
07:44:52.0 (30145842)|VARIABLE_ASSIGNMENT|[63]|this.selected|false|0x145edfc
07:44:52.0 (30158324)|CONSTRUCTOR_EXIT|[14]|01p360000072SS3|<init>(Employee_Skills__c)
07:44:52.0 (30167435)|HEAP_ALLOCATE|[EXTERNAL]|Bytes:4
07:44:52.0 (30175813)|METHOD_ENTRY|[10]||Database.QueryLocatorIterator.hasNext()
07:44:52.0 (30189267)|METHOD_EXIT|[10]||Database.QueryLocatorIterator.hasNext()
07:44:52.0 (30196304)|VARIABLE_ASSIGNMENT|[10]|c|null|
07:44:52.0 (30219847)|STATEMENT_EXECUTE|[17]
07:44:52.0 (30255045)|VARIABLE_ASSIGNMENT|[EXTERNAL]|this|{"skillsList":"0x3aca819f"}|0x36b13c9
07:44:52.0 (30269699)|SYSTEM_MODE_EXIT|false
07:44:52.0 (30281822)|CODE_UNIT_FINISHED|WrapperEmployeeSkills invoke(getEmployeeSkills)
07:44:52.0 (30302799)|CODE_UNIT_FINISHED|WrapperEmployeeSkills get(EmployeeSkills)
07:44:52.0 (30774328)|CODE_UNIT_STARTED|[EXTERNAL]|01p360000072SS3|skill
07:44:52.0 (30787078)|CODE_UNIT_FINISHED|skill
07:44:52.0 (108471793)|CODE_UNIT_STARTED|[EXTERNAL]|01p360000072SS3|selected
07:44:52.0 (108506193)|CODE_UNIT_FINISHED|selected
07:44:52.0 (111103442)|CODE_UNIT_STARTED|[EXTERNAL]|01p360000072SS3|selected
07:44:52.0 (111123171)|CODE_UNIT_FINISHED|selected
07:44:52.0 (111254686)|CODE_UNIT_STARTED|[EXTERNAL]|01p360000072SS3|skill
07:44:52.0 (111273141)|CODE_UNIT_FINISHED|skill
07:44:52.0 (113613740)|CODE_UNIT_STARTED|[EXTERNAL]|01p360000072SS3|selected
07:44:52.0 (113628830)|CODE_UNIT_FINISHED|selected
07:44:52.0 (113725752)|CODE_UNIT_STARTED|[EXTERNAL]|01p360000072SS3|skill
07:44:52.0 (113737849)|CODE_UNIT_FINISHED|skill
07:44:52.0 (115596883)|CODE_UNIT_STARTED|[EXTERNAL]|01p360000072SS3|selected
07:44:52.0 (115612576)|CODE_UNIT_FINISHED|selected
07:44:52.0 (115709660)|CODE_UNIT_STARTED|[EXTERNAL]|01p360000072SS3|skill
07:44:52.0 (115721640)|CODE_UNIT_FINISHED|skill
07:44:52.0 (117480776)|CODE_UNIT_STARTED|[EXTERNAL]|01p360000072SS3|selected
07:44:52.0 (117495766)|CODE_UNIT_FINISHED|selected
07:44:52.0 (117590983)|CODE_UNIT_STARTED|[EXTERNAL]|01p360000072SS3|skill
07:44:52.0 (117602874)|CODE_UNIT_FINISHED|skill
07:44:52.0 (119321690)|CODE_UNIT_STARTED|[EXTERNAL]|01p360000072SS3|selected
07:44:52.0 (119335762)|CODE_UNIT_FINISHED|selected
07:44:52.0 (119429398)|CODE_UNIT_STARTED|[EXTERNAL]|01p360000072SS3|skill
07:44:52.0 (119441351)|CODE_UNIT_FINISHED|skill
07:44:52.0 (121158368)|CODE_UNIT_STARTED|[EXTERNAL]|01p360000072SS3|selected
07:44:52.0 (121172698)|CODE_UNIT_FINISHED|selected
07:44:52.0 (121270769)|CODE_UNIT_STARTED|[EXTERNAL]|01p360000072SS3|skill
07:44:52.0 (121282829)|CODE_UNIT_FINISHED|skill
07:44:52.0 (122988117)|CODE_UNIT_STARTED|[EXTERNAL]|01p360000072SS3|selected
07:44:52.0 (123002159)|CODE_UNIT_FINISHED|selected
07:44:52.0 (123095898)|CODE_UNIT_STARTED|[EXTERNAL]|01p360000072SS3|skill
07:44:52.0 (123107716)|CODE_UNIT_FINISHED|skill
07:44:52.0 (124813906)|CODE_UNIT_STARTED|[EXTERNAL]|01p360000072SS3|selected
07:44:52.0 (124828006)|CODE_UNIT_FINISHED|selected
07:44:52.0 (124921800)|CODE_UNIT_STARTED|[EXTERNAL]|01p360000072SS3|skill
07:44:52.0 (124933624)|CODE_UNIT_FINISHED|skill
07:44:52.0 (126634898)|CODE_UNIT_STARTED|[EXTERNAL]|01p360000072SS3|selected
07:44:52.0 (126648783)|CODE_UNIT_FINISHED|selected
07:44:52.0 (126747059)|CODE_UNIT_STARTED|[EXTERNAL]|01p360000072SS3|skill
07:44:52.0 (126759119)|CODE_UNIT_FINISHED|skill
07:44:52.0 (128466667)|CODE_UNIT_STARTED|[EXTERNAL]|01p360000072SS3|selected
07:44:52.0 (128480920)|CODE_UNIT_FINISHED|selected
07:44:52.0 (128574978)|CODE_UNIT_STARTED|[EXTERNAL]|01p360000072SS3|skill
07:44:52.0 (128586753)|CODE_UNIT_FINISHED|skill
07:44:52.0 (132940303)|VF_SERIALIZE_VIEWSTATE_BEGIN|06636000001VcbV
07:44:52.0 (145982302)|VF_SERIALIZE_VIEWSTATE_END
07:44:52.0 (156375843)|CODE_UNIT_STARTED|[EXTERNAL]|Generate Metadata
07:44:52.0 (160331989)|CODE_UNIT_FINISHED|Generate Metadata
07:44:52.165 (165324368)|CUMULATIVE_LIMIT_USAGE
07:44:52.165 (165324368)|LIMIT_USAGE_FOR_NS|(default)|
  Number of SOQL queries: 1 out of 100
  Number of query rows: 11 out of 50000
  Number of SOSL queries: 0 out of 20
  Number of DML statements: 0 out of 150
  Number of DML rows: 0 out of 10000
  Maximum CPU time: 0 out of 10000
  Maximum heap size: 0 out of 6000000
  Number of callouts: 0 out of 100
  Number of Email Invocations: 0 out of 10
  Number of future calls: 0 out of 50
  Number of queueable jobs added to the queue: 0 out of 50
  Number of Mobile Apex push calls: 0 out of 10

07:44:52.165 (165324368)|CUMULATIVE_LIMIT_USAGE_END

07:44:52.0 (165381176)|CODE_UNIT_FINISHED|VF: /apex/AprooveWraper
07:44:52.0 (166406023)|EXECUTION_FINISHED
