36.0 APEX_CODE,FINEST;APEX_PROFILING,INFO;CALLOUT,INFO;DB,INFO;SYSTEM,DEBUG;VALIDATION,INFO;VISUALFORCE,INFO;WORKFLOW,INFO
08:50:11.0 (588729)|EXECUTION_STARTED
08:50:11.0 (622342)|CODE_UNIT_STARTED|[EXTERNAL]|01p36000005H3V7|expansesController.getExpenses
08:50:11.0 (929696)|HEAP_ALLOCATE|[72]|Bytes:3
08:50:11.0 (1003745)|HEAP_ALLOCATE|[77]|Bytes:152
08:50:11.0 (1027689)|HEAP_ALLOCATE|[342]|Bytes:408
08:50:11.0 (1049676)|HEAP_ALLOCATE|[355]|Bytes:408
08:50:11.0 (1069953)|HEAP_ALLOCATE|[467]|Bytes:48
08:50:11.0 (1113395)|HEAP_ALLOCATE|[139]|Bytes:6
08:50:11.0 (1140053)|HEAP_ALLOCATE|[EXTERNAL]|Bytes:4
08:50:11.0 (1161351)|METHOD_ENTRY|[1]|01p36000005H3V7|expansesController.expansesController()
08:50:11.0 (1166855)|STATEMENT_EXECUTE|[1]
08:50:11.0 (1200796)|STATEMENT_EXECUTE|[1]
08:50:11.0 (1242812)|HEAP_ALLOCATE|[50]|Bytes:5
08:50:11.0 (1272309)|HEAP_ALLOCATE|[56]|Bytes:5
08:50:11.0 (1281831)|HEAP_ALLOCATE|[64]|Bytes:7
08:50:11.0 (1308759)|SYSTEM_MODE_ENTER|false
08:50:11.0 (1330257)|HEAP_ALLOCATE|[EXTERNAL]|Bytes:5
08:50:11.0 (1337484)|SYSTEM_MODE_EXIT|false
08:50:11.0 (1354464)|METHOD_EXIT|[1]|expansesController
08:50:11.0 (1362715)|SYSTEM_MODE_ENTER|false
08:50:11.0 (1377353)|HEAP_ALLOCATE|[6]|Bytes:5
08:50:11.0 (1380894)|STATEMENT_EXECUTE|[3]
08:50:11.0 (1382590)|STATEMENT_EXECUTE|[6]
08:50:11.0 (1385988)|HEAP_ALLOCATE|[6]|Bytes:90
08:50:11.0 (1398813)|HEAP_ALLOCATE|[6]|Bytes:4
08:50:11.0 (1795919)|SOQL_EXECUTE_BEGIN|[6]|Aggregations:0|SELECT Id, Name, Amount__c, Client__c, Date__c, Reimbursed__c, CreatedDate FROM Expense__c
08:50:11.0 (5019781)|SOQL_EXECUTE_END|[6]|Rows:7
08:50:11.0 (5045674)|HEAP_ALLOCATE|[6]|Bytes:32
08:50:11.0 (5083094)|HEAP_ALLOCATE|[6]|Bytes:1030
08:50:11.0 (5129117)|HEAP_ALLOCATE|[6]|Bytes:32
08:50:11.0 (5144675)|SYSTEM_MODE_EXIT|false
08:50:11.5 (5201767)|CUMULATIVE_LIMIT_USAGE
08:50:11.5 (5201767)|LIMIT_USAGE_FOR_NS|(default)|
  Number of SOQL queries: 1 out of 100
  Number of query rows: 7 out of 50000
  Number of SOSL queries: 0 out of 20
  Number of DML statements: 0 out of 150
  Number of DML rows: 0 out of 10000
  Maximum CPU time: 0 out of 10000
  Maximum heap size: 0 out of 6000000
  Number of callouts: 0 out of 100
  Number of Email Invocations: 0 out of 10
  Number of future calls: 0 out of 50
  Number of queueable jobs added to the queue: 0 out of 50
  Number of Mobile Apex push calls: 0 out of 10

08:50:11.5 (5201767)|CUMULATIVE_LIMIT_USAGE_END

08:50:11.0 (5254641)|CODE_UNIT_FINISHED|expansesController.getExpenses
08:50:11.0 (7522822)|EXECUTION_FINISHED
