36.0 APEX_CODE,FINEST;APEX_PROFILING,INFO;CALLOUT,INFO;DB,INFO;SYSTEM,DEBUG;VALIDATION,INFO;VISUALFORCE,INFO;WORKFLOW,INFO
12:10:28.0 (540585)|EXECUTION_STARTED
12:10:28.0 (577487)|CODE_UNIT_STARTED|[EXTERNAL]|aura
12:10:28.0 (1108506)|HEAP_ALLOCATE|[72]|Bytes:3
12:10:28.0 (1174968)|HEAP_ALLOCATE|[77]|Bytes:152
12:10:28.0 (1197816)|HEAP_ALLOCATE|[342]|Bytes:408
12:10:28.0 (1219554)|HEAP_ALLOCATE|[355]|Bytes:408
12:10:28.0 (1238737)|HEAP_ALLOCATE|[467]|Bytes:48
12:10:28.0 (1280859)|HEAP_ALLOCATE|[139]|Bytes:6
12:10:28.0 (1312408)|HEAP_ALLOCATE|[EXTERNAL]|Bytes:18
12:10:28.0 (1328396)|HEAP_ALLOCATE|[EXTERNAL]|Bytes:18
12:10:28.0 (3011463)|CODE_UNIT_STARTED|[EXTERNAL]|01p36000006TzBn|AwesomeProductController.getProductByName
12:10:28.0 (3144887)|HEAP_ALLOCATE|[EXTERNAL]|Bytes:3
12:10:28.0 (3167089)|METHOD_ENTRY|[1]|01p36000006TzBn|AwesomeProductController.AwesomeProductController()
12:10:28.0 (3173171)|STATEMENT_EXECUTE|[1]
12:10:28.0 (3183102)|STATEMENT_EXECUTE|[1]
12:10:28.0 (3191904)|METHOD_EXIT|[1]|AwesomeProductController
12:10:28.0 (3197044)|HEAP_ALLOCATE|[EXTERNAL]|Bytes:18
12:10:28.0 (3208247)|SYSTEM_MODE_ENTER|false
12:10:28.0 (3221690)|VARIABLE_SCOPE_BEGIN|[8]|name|String|false|false
12:10:28.0 (3258203)|VARIABLE_ASSIGNMENT|[8]|name|"Always Be Yourself"
12:10:28.0 (3271306)|STATEMENT_EXECUTE|[8]
12:10:28.0 (3273081)|STATEMENT_EXECUTE|[9]
12:10:28.0 (3277305)|HEAP_ALLOCATE|[9]|Bytes:167
12:10:28.0 (3291928)|HEAP_ALLOCATE|[9]|Bytes:4
12:10:28.0 (3304794)|HEAP_ALLOCATE|[9]|Bytes:7
12:10:28.0 (3361633)|HEAP_ALLOCATE|[50]|Bytes:5
12:10:28.0 (3389839)|HEAP_ALLOCATE|[56]|Bytes:5
12:10:28.0 (3399243)|HEAP_ALLOCATE|[64]|Bytes:7
12:10:28.0 (5652357)|SOQL_EXECUTE_BEGIN|[9]|Aggregations:1|SELECT id, name, photo__c, color__c, points__c, description__c, (SELECT name FROM product_sizes__r ORDER BY name ASC NULLS FIRST) FROM product__c WHERE name = :tmpVar1
12:10:28.0 (11843364)|SOQL_EXECUTE_END|[9]|Rows:0
12:10:28.0 (11870339)|HEAP_ALLOCATE|[9]|Bytes:4
12:10:28.0 (11890583)|HEAP_ALLOCATE|[9]|Bytes:0
12:10:28.0 (11939392)|HEAP_ALLOCATE|[9]|Bytes:4
12:10:28.0 (11957933)|HEAP_ALLOCATE|[9]|Bytes:36
12:10:28.0 (12116197)|HEAP_ALLOCATE|[9]|Bytes:46
12:10:28.0 (12232845)|FATAL_ERROR|System.QueryException: List has no rows for assignment to SObject

Class.AwesomeProductController.getProductByName: line 9, column 1
12:10:28.0 (12245940)|FATAL_ERROR|System.QueryException: List has no rows for assignment to SObject

Class.AwesomeProductController.getProductByName: line 9, column 1
12:10:28.12 (12257031)|CUMULATIVE_LIMIT_USAGE
12:10:28.12 (12257031)|LIMIT_USAGE_FOR_NS|(default)|
  Number of SOQL queries: 1 out of 100
  Number of query rows: 0 out of 50000
  Number of SOSL queries: 0 out of 20
  Number of DML statements: 0 out of 150
  Number of DML rows: 0 out of 10000
  Maximum CPU time: 0 out of 10000
  Maximum heap size: 0 out of 6000000
  Number of callouts: 0 out of 100
  Number of Email Invocations: 0 out of 10
  Number of future calls: 0 out of 50
  Number of queueable jobs added to the queue: 0 out of 50
  Number of Mobile Apex push calls: 0 out of 10

12:10:28.12 (12257031)|CUMULATIVE_LIMIT_USAGE_END

12:10:28.0 (12321308)|CODE_UNIT_FINISHED|AwesomeProductController.getProductByName
12:10:28.0 (19234167)|CODE_UNIT_STARTED|[EXTERNAL]|01p36000006TzBn|AwesomeProductController.getProducts
12:10:28.0 (19311370)|STATEMENT_EXECUTE|[3]
12:10:28.0 (19315837)|STATEMENT_EXECUTE|[4]
12:10:28.0 (19329943)|HEAP_ALLOCATE|[4]|Bytes:68
12:10:28.0 (19343500)|HEAP_ALLOCATE|[4]|Bytes:4
12:10:28.0 (19585860)|SOQL_EXECUTE_BEGIN|[4]|Aggregations:0|SELECT id, name, photo__c, description__c, points__c FROM product__c
12:10:28.0 (22028135)|SOQL_EXECUTE_END|[4]|Rows:1
12:10:28.0 (22045448)|HEAP_ALLOCATE|[4]|Bytes:8
12:10:28.0 (22065411)|HEAP_ALLOCATE|[4]|Bytes:243
12:10:28.0 (22087263)|HEAP_ALLOCATE|[4]|Bytes:8
12:10:28.22 (22140315)|CUMULATIVE_LIMIT_USAGE
12:10:28.22 (22140315)|LIMIT_USAGE_FOR_NS|(default)|
  Number of SOQL queries: 2 out of 100
  Number of query rows: 1 out of 50000
  Number of SOSL queries: 0 out of 20
  Number of DML statements: 0 out of 150
  Number of DML rows: 0 out of 10000
  Maximum CPU time: 0 out of 10000
  Maximum heap size: 0 out of 6000000
  Number of callouts: 0 out of 100
  Number of Email Invocations: 0 out of 10
  Number of future calls: 0 out of 50
  Number of queueable jobs added to the queue: 0 out of 50
  Number of Mobile Apex push calls: 0 out of 10

12:10:28.22 (22140315)|CUMULATIVE_LIMIT_USAGE_END

12:10:28.0 (22186387)|CODE_UNIT_FINISHED|AwesomeProductController.getProducts
