36.0 APEX_CODE,FINEST;APEX_PROFILING,INFO;CALLOUT,INFO;DB,INFO;SYSTEM,DEBUG;VALIDATION,INFO;VISUALFORCE,INFO;WORKFLOW,INFO
07:52:28.0 (65375)|EXECUTION_STARTED
07:52:28.0 (104560)|CODE_UNIT_STARTED|[EXTERNAL]|06636000001VcbV|VF: /apex/AprooveWraper
07:52:28.0 (322457)|VF_DESERIALIZE_VIEWSTATE_BEGIN|06636000001VcbV
07:52:28.0 (6849250)|HEAP_ALLOCATE|[72]|Bytes:3
07:52:28.0 (6920772)|HEAP_ALLOCATE|[77]|Bytes:152
07:52:28.0 (6945130)|HEAP_ALLOCATE|[342]|Bytes:408
07:52:28.0 (6967337)|HEAP_ALLOCATE|[355]|Bytes:408
07:52:28.0 (6987256)|HEAP_ALLOCATE|[467]|Bytes:48
07:52:28.0 (7022420)|HEAP_ALLOCATE|[139]|Bytes:6
07:52:28.0 (7059742)|HEAP_ALLOCATE|[50]|Bytes:5
07:52:28.0 (7088212)|HEAP_ALLOCATE|[56]|Bytes:5
07:52:28.0 (7098012)|HEAP_ALLOCATE|[64]|Bytes:7
07:52:28.0 (9860791)|VF_DESERIALIZE_VIEWSTATE_END
07:52:28.0 (11388717)|CODE_UNIT_STARTED|[EXTERNAL]|01p360000072SS3|WrapperEmployeeSkills get(EmployeeSkills)
07:52:28.0 (11403614)|SYSTEM_MODE_ENTER|true
07:52:28.0 (11756101)|CODE_UNIT_STARTED|[EXTERNAL]|01p360000072SS3|WrapperEmployeeSkills invoke(getEmployeeSkills)
07:52:28.0 (11800578)|HEAP_ALLOCATE|[EXTERNAL]|Bytes:9
07:52:28.0 (11807169)|HEAP_ALLOCATE|[EXTERNAL]|Bytes:88
07:52:28.0 (11810389)|HEAP_ALLOCATE|[EXTERNAL]|Bytes:6
07:52:28.0 (11813542)|HEAP_ALLOCATE|[EXTERNAL]|Bytes:2
07:52:28.0 (11823680)|METHOD_ENTRY|[1]|01p360000072SS3|WrapperEmployeeSkills.WrapperEmployeeSkills()
07:52:28.0 (11827958)|STATEMENT_EXECUTE|[1]
07:52:28.0 (11834653)|STATEMENT_EXECUTE|[1]
07:52:28.0 (11848841)|SYSTEM_MODE_ENTER|false
07:52:28.0 (11870242)|HEAP_ALLOCATE|[EXTERNAL]|Bytes:5
07:52:28.0 (11874804)|STATEMENT_EXECUTE|[61]
07:52:28.0 (11880885)|SYSTEM_MODE_EXIT|false
07:52:28.0 (11890658)|METHOD_EXIT|[1]|WrapperEmployeeSkills
07:52:28.0 (11895630)|HEAP_ALLOCATE|[EXTERNAL]|Bytes:8
07:52:28.0 (11905466)|VARIABLE_SCOPE_BEGIN|[7]|this|WrapperEmployeeSkills|true|false
07:52:28.0 (11970617)|VARIABLE_ASSIGNMENT|[7]|this|{"skillsList":"0x2498e31c"}|0x1f472f62
07:52:28.0 (11989173)|SYSTEM_MODE_ENTER|false
07:52:28.0 (11994374)|HEAP_ALLOCATE|[8]|Bytes:5
07:52:28.0 (11998230)|STATEMENT_EXECUTE|[7]
07:52:28.0 (12044058)|VARIABLE_ASSIGNMENT|[EXTERNAL]|this|{"skillsList":"0x2498e31c"}|0x1f472f62
07:52:28.0 (12060181)|STATEMENT_EXECUTE|[8]
07:52:28.0 (12062289)|STATEMENT_EXECUTE|[17]
07:52:28.0 (12086355)|VARIABLE_ASSIGNMENT|[EXTERNAL]|this|{"skillsList":"0x2498e31c"}|0x1f472f62
07:52:28.0 (12096449)|SYSTEM_MODE_EXIT|false
07:52:28.0 (12110532)|CODE_UNIT_FINISHED|WrapperEmployeeSkills invoke(getEmployeeSkills)
07:52:28.0 (12134362)|CODE_UNIT_FINISHED|WrapperEmployeeSkills get(EmployeeSkills)
07:52:28.0 (13273487)|CODE_UNIT_STARTED|[EXTERNAL]|01p360000072SS3|selected
07:52:28.0 (13287447)|HEAP_ALLOCATE|[EXTERNAL]|Bytes:112
07:52:28.0 (13292971)|HEAP_ALLOCATE|[EXTERNAL]|Bytes:8
07:52:28.0 (13301493)|CODE_UNIT_FINISHED|selected
07:52:28.0 (13375190)|CODE_UNIT_STARTED|[EXTERNAL]|01p360000072SS3|selected
07:52:28.0 (13386452)|CODE_UNIT_FINISHED|selected
07:52:28.0 (13454298)|CODE_UNIT_STARTED|[EXTERNAL]|01p360000072SS3|selected
07:52:28.0 (13464999)|CODE_UNIT_FINISHED|selected
07:52:28.0 (13531436)|CODE_UNIT_STARTED|[EXTERNAL]|01p360000072SS3|selected
07:52:28.0 (13541898)|CODE_UNIT_FINISHED|selected
07:52:28.0 (13607822)|CODE_UNIT_STARTED|[EXTERNAL]|01p360000072SS3|selected
07:52:28.0 (13618273)|CODE_UNIT_FINISHED|selected
07:52:28.0 (13683444)|CODE_UNIT_STARTED|[EXTERNAL]|01p360000072SS3|selected
07:52:28.0 (13693924)|CODE_UNIT_FINISHED|selected
07:52:28.0 (13758574)|CODE_UNIT_STARTED|[EXTERNAL]|01p360000072SS3|selected
07:52:28.0 (13769112)|CODE_UNIT_FINISHED|selected
07:52:28.0 (13833187)|CODE_UNIT_STARTED|[EXTERNAL]|01p360000072SS3|selected
07:52:28.0 (13843559)|CODE_UNIT_FINISHED|selected
07:52:28.0 (13908122)|CODE_UNIT_STARTED|[EXTERNAL]|01p360000072SS3|selected
07:52:28.0 (13918476)|CODE_UNIT_FINISHED|selected
07:52:28.0 (13983285)|CODE_UNIT_STARTED|[EXTERNAL]|01p360000072SS3|selected
07:52:28.0 (13993683)|CODE_UNIT_FINISHED|selected
07:52:28.0 (14058739)|CODE_UNIT_STARTED|[EXTERNAL]|01p360000072SS3|selected
07:52:28.0 (14069933)|CODE_UNIT_FINISHED|selected
07:52:28.0 (14135251)|CODE_UNIT_STARTED|[EXTERNAL]|01p360000072SS3|selected
07:52:28.0 (14145624)|CODE_UNIT_FINISHED|selected
07:52:28.0 (14215172)|CODE_UNIT_STARTED|[EXTERNAL]|01p360000072SS3|selected
07:52:28.0 (14225603)|CODE_UNIT_FINISHED|selected
07:52:28.0 (14290004)|CODE_UNIT_STARTED|[EXTERNAL]|01p360000072SS3|selected
07:52:28.0 (14300402)|CODE_UNIT_FINISHED|selected
07:52:28.0 (14365008)|CODE_UNIT_STARTED|[EXTERNAL]|01p360000072SS3|selected
07:52:28.0 (14375345)|CODE_UNIT_FINISHED|selected
07:52:28.0 (14449916)|CODE_UNIT_STARTED|[EXTERNAL]|01p360000072SS3|selected
07:52:28.0 (14460734)|CODE_UNIT_FINISHED|selected
07:52:28.0 (14869953)|CODE_UNIT_STARTED|[EXTERNAL]|wEmployee set(selected,false)
07:52:28.0 (14909452)|HEAP_ALLOCATE|[EXTERNAL]|Bytes:5
07:52:28.0 (14915042)|HEAP_ALLOCATE|[EXTERNAL]|Bytes:12
07:52:28.0 (14929731)|VARIABLE_ASSIGNMENT|[EXTERNAL]|this.selected|false|0x5ca09b4
07:52:28.0 (14941416)|CODE_UNIT_FINISHED|wEmployee set(selected,false)
07:52:28.0 (15039777)|CODE_UNIT_STARTED|[EXTERNAL]|wEmployee set(selected,false)
07:52:28.0 (15066949)|HEAP_ALLOCATE|[EXTERNAL]|Bytes:5
07:52:28.0 (15070573)|HEAP_ALLOCATE|[EXTERNAL]|Bytes:12
07:52:28.0 (15078359)|VARIABLE_ASSIGNMENT|[EXTERNAL]|this.selected|false|0x53aa56b9
07:52:28.0 (15085061)|CODE_UNIT_FINISHED|wEmployee set(selected,false)
07:52:28.0 (15159618)|CODE_UNIT_STARTED|[EXTERNAL]|wEmployee set(selected,false)
07:52:28.0 (15179260)|HEAP_ALLOCATE|[EXTERNAL]|Bytes:5
07:52:28.0 (15182198)|HEAP_ALLOCATE|[EXTERNAL]|Bytes:12
07:52:28.0 (15189543)|VARIABLE_ASSIGNMENT|[EXTERNAL]|this.selected|false|0x75304f91
07:52:28.0 (15195627)|CODE_UNIT_FINISHED|wEmployee set(selected,false)
07:52:28.0 (15263738)|CODE_UNIT_STARTED|[EXTERNAL]|wEmployee set(selected,false)
07:52:28.0 (15282683)|HEAP_ALLOCATE|[EXTERNAL]|Bytes:5
07:52:28.0 (15285642)|HEAP_ALLOCATE|[EXTERNAL]|Bytes:12
07:52:28.0 (15292766)|VARIABLE_ASSIGNMENT|[EXTERNAL]|this.selected|false|0x1653c228
07:52:28.0 (15298540)|CODE_UNIT_FINISHED|wEmployee set(selected,false)
07:52:28.0 (15365760)|CODE_UNIT_STARTED|[EXTERNAL]|wEmployee set(selected,false)
07:52:28.0 (15384334)|HEAP_ALLOCATE|[EXTERNAL]|Bytes:5
07:52:28.0 (15387258)|HEAP_ALLOCATE|[EXTERNAL]|Bytes:12
07:52:28.0 (15394259)|VARIABLE_ASSIGNMENT|[EXTERNAL]|this.selected|false|0x4301feff
07:52:28.0 (15400044)|CODE_UNIT_FINISHED|wEmployee set(selected,false)
07:52:28.0 (15466402)|CODE_UNIT_STARTED|[EXTERNAL]|wEmployee set(selected,false)
07:52:28.0 (15484957)|HEAP_ALLOCATE|[EXTERNAL]|Bytes:5
07:52:28.0 (15487861)|HEAP_ALLOCATE|[EXTERNAL]|Bytes:12
07:52:28.0 (15494911)|VARIABLE_ASSIGNMENT|[EXTERNAL]|this.selected|false|0x429f77b8
07:52:28.0 (15500866)|CODE_UNIT_FINISHED|wEmployee set(selected,false)
07:52:28.0 (15567218)|CODE_UNIT_STARTED|[EXTERNAL]|wEmployee set(selected,false)
07:52:28.0 (15589398)|HEAP_ALLOCATE|[EXTERNAL]|Bytes:5
07:52:28.0 (15592487)|HEAP_ALLOCATE|[EXTERNAL]|Bytes:12
07:52:28.0 (15599505)|VARIABLE_ASSIGNMENT|[EXTERNAL]|this.selected|false|0x3524e4bd
07:52:28.0 (15605529)|CODE_UNIT_FINISHED|wEmployee set(selected,false)
07:52:28.0 (15675729)|CODE_UNIT_STARTED|[EXTERNAL]|wEmployee set(selected,false)
07:52:28.0 (15694531)|HEAP_ALLOCATE|[EXTERNAL]|Bytes:5
07:52:28.0 (15697434)|HEAP_ALLOCATE|[EXTERNAL]|Bytes:12
07:52:28.0 (15704438)|VARIABLE_ASSIGNMENT|[EXTERNAL]|this.selected|false|0x3d6e22b3
07:52:28.0 (15710349)|CODE_UNIT_FINISHED|wEmployee set(selected,false)
07:52:28.0 (15776742)|CODE_UNIT_STARTED|[EXTERNAL]|wEmployee set(selected,false)
07:52:28.0 (15795504)|HEAP_ALLOCATE|[EXTERNAL]|Bytes:5
07:52:28.0 (15798469)|HEAP_ALLOCATE|[EXTERNAL]|Bytes:12
07:52:28.0 (15805477)|VARIABLE_ASSIGNMENT|[EXTERNAL]|this.selected|false|0x71d4d5e7
07:52:28.0 (15811288)|CODE_UNIT_FINISHED|wEmployee set(selected,false)
07:52:28.0 (15877745)|CODE_UNIT_STARTED|[EXTERNAL]|wEmployee set(selected,false)
07:52:28.0 (15896330)|HEAP_ALLOCATE|[EXTERNAL]|Bytes:5
07:52:28.0 (15899208)|HEAP_ALLOCATE|[EXTERNAL]|Bytes:12
07:52:28.0 (15906202)|VARIABLE_ASSIGNMENT|[EXTERNAL]|this.selected|false|0x48cf4ed2
07:52:28.0 (15911941)|CODE_UNIT_FINISHED|wEmployee set(selected,false)
07:52:28.0 (15978413)|CODE_UNIT_STARTED|[EXTERNAL]|wEmployee set(selected,false)
07:52:28.0 (15997061)|HEAP_ALLOCATE|[EXTERNAL]|Bytes:5
07:52:28.0 (15999986)|HEAP_ALLOCATE|[EXTERNAL]|Bytes:12
07:52:28.0 (16006985)|VARIABLE_ASSIGNMENT|[EXTERNAL]|this.selected|false|0x5adc4a7a
07:52:28.0 (16013754)|CODE_UNIT_FINISHED|wEmployee set(selected,false)
07:52:28.0 (16112251)|CODE_UNIT_STARTED|[EXTERNAL]|wEmployee set(selected,false)
07:52:28.0 (16132563)|HEAP_ALLOCATE|[EXTERNAL]|Bytes:5
07:52:28.0 (16135899)|HEAP_ALLOCATE|[EXTERNAL]|Bytes:12
07:52:28.0 (16143127)|VARIABLE_ASSIGNMENT|[EXTERNAL]|this.selected|false|0x16eb8028
07:52:28.0 (16153238)|CODE_UNIT_FINISHED|wEmployee set(selected,false)
07:52:28.0 (16221256)|CODE_UNIT_STARTED|[EXTERNAL]|wEmployee set(selected,false)
07:52:28.0 (16239961)|HEAP_ALLOCATE|[EXTERNAL]|Bytes:5
07:52:28.0 (16242909)|HEAP_ALLOCATE|[EXTERNAL]|Bytes:12
07:52:28.0 (16249942)|VARIABLE_ASSIGNMENT|[EXTERNAL]|this.selected|false|0x414714ff
07:52:28.0 (16255703)|CODE_UNIT_FINISHED|wEmployee set(selected,false)
07:52:28.0 (16321619)|CODE_UNIT_STARTED|[EXTERNAL]|wEmployee set(selected,false)
07:52:28.0 (16340195)|HEAP_ALLOCATE|[EXTERNAL]|Bytes:5
07:52:28.0 (16343058)|HEAP_ALLOCATE|[EXTERNAL]|Bytes:12
07:52:28.0 (16349938)|VARIABLE_ASSIGNMENT|[EXTERNAL]|this.selected|false|0x73cc6bdb
07:52:28.0 (16355719)|CODE_UNIT_FINISHED|wEmployee set(selected,false)
07:52:28.0 (16422019)|CODE_UNIT_STARTED|[EXTERNAL]|wEmployee set(selected,true)
07:52:28.0 (16440682)|HEAP_ALLOCATE|[EXTERNAL]|Bytes:5
07:52:28.0 (16455935)|HEAP_ALLOCATE|[EXTERNAL]|Bytes:12
07:52:28.0 (16467496)|VARIABLE_ASSIGNMENT|[EXTERNAL]|this.selected|true|0x4bfb6042
07:52:28.0 (16479303)|CODE_UNIT_FINISHED|wEmployee set(selected,true)
07:52:28.0 (16560587)|CODE_UNIT_STARTED|[EXTERNAL]|wEmployee set(selected,false)
07:52:28.0 (16583026)|HEAP_ALLOCATE|[EXTERNAL]|Bytes:5
07:52:28.0 (16586151)|HEAP_ALLOCATE|[EXTERNAL]|Bytes:12
07:52:28.0 (16593578)|VARIABLE_ASSIGNMENT|[EXTERNAL]|this.selected|false|0x15b43d5
07:52:28.0 (16599910)|CODE_UNIT_FINISHED|wEmployee set(selected,false)
07:52:28.0 (16771453)|CODE_UNIT_STARTED|[EXTERNAL]|01p360000072SS3|WrapperEmployeeSkills invoke(processSelected)
07:52:28.0 (16794296)|HEAP_ALLOCATE|[EXTERNAL]|Bytes:8
07:52:28.0 (16800826)|VARIABLE_SCOPE_BEGIN|[21]|this|WrapperEmployeeSkills|true|false
07:52:28.0 (16819760)|VARIABLE_ASSIGNMENT|[21]|this|{"skillsList":"0x2498e31c"}|0x1f472f62
07:52:28.0 (16830402)|SYSTEM_MODE_ENTER|false
07:52:28.0 (16835312)|HEAP_ALLOCATE|[23]|Bytes:5
07:52:28.0 (16838908)|STATEMENT_EXECUTE|[22]
07:52:28.0 (16840499)|STATEMENT_EXECUTE|[23]
07:52:28.0 (16841575)|STATEMENT_EXECUTE|[24]
07:52:28.0 (16842787)|STATEMENT_EXECUTE|[27]
07:52:28.0 (16918030)|HEAP_ALLOCATE|[27]|Bytes:4
07:52:28.0 (17027343)|VARIABLE_SCOPE_BEGIN|[27]|selectedSkills|List<Employee_Skills__c>|true|false
07:52:28.0 (17037418)|HEAP_ALLOCATE|[EXTERNAL]|Bytes:4
07:52:28.0 (17053918)|VARIABLE_ASSIGNMENT|[27]|selectedSkills|{"s":1,"v":[]}|0x78424fed
07:52:28.0 (17069880)|METHOD_ENTRY|[30]|01p360000072SS3|WrapperEmployeeSkills.getEmployeeSkills()
07:52:28.0 (17081886)|VARIABLE_SCOPE_BEGIN|[7]|this|WrapperEmployeeSkills|true|false
07:52:28.0 (17098232)|VARIABLE_ASSIGNMENT|[7]|this|{"skillsList":"0x2498e31c"}|0x1f472f62
07:52:28.0 (17106548)|HEAP_ALLOCATE|[8]|Bytes:5
07:52:28.0 (17110103)|STATEMENT_EXECUTE|[7]
07:52:28.0 (17128267)|VARIABLE_ASSIGNMENT|[EXTERNAL]|this|{"skillsList":"0x2498e31c"}|0x1f472f62
07:52:28.0 (17136831)|STATEMENT_EXECUTE|[8]
07:52:28.0 (17138439)|STATEMENT_EXECUTE|[17]
07:52:28.0 (17156716)|VARIABLE_ASSIGNMENT|[EXTERNAL]|this|{"skillsList":"0x2498e31c"}|0x1f472f62
07:52:28.0 (17168548)|METHOD_EXIT|[30]|01p360000072SS3|WrapperEmployeeSkills.getEmployeeSkills()
07:52:28.0 (17415119)|HEAP_ALLOCATE|[30]|Bytes:5
07:52:28.0 (17435296)|HEAP_ALLOCATE|[30]|Bytes:12
07:52:28.0 (17444369)|VARIABLE_SCOPE_BEGIN|[30]|wEmp|WrapperEmployeeSkills.wEmployee|true|false
07:52:28.0 (17467369)|VARIABLE_ASSIGNMENT|[30]|wEmp|{"selected":false,"skill":"0x23b7448c"}|0x5ca09b4
07:52:28.0 (17471902)|STATEMENT_EXECUTE|[30]
07:52:28.0 (17506979)|VARIABLE_ASSIGNMENT|[EXTERNAL]|this|{"selected":false,"skill":"0x23b7448c"}|0x5ca09b4
07:52:28.0 (17519240)|STATEMENT_EXECUTE|[31]
07:52:28.0 (17530633)|HEAP_ALLOCATE|[30]|Bytes:5
07:52:28.0 (17539713)|HEAP_ALLOCATE|[30]|Bytes:12
07:52:28.0 (17545238)|VARIABLE_SCOPE_BEGIN|[30]|wEmp|WrapperEmployeeSkills.wEmployee|true|false
07:52:28.0 (17561893)|VARIABLE_ASSIGNMENT|[30]|wEmp|{"selected":false,"skill":"0x49605a30"}|0x53aa56b9
07:52:28.0 (17565484)|STATEMENT_EXECUTE|[30]
07:52:28.0 (17583410)|VARIABLE_ASSIGNMENT|[EXTERNAL]|this|{"selected":false,"skill":"0x49605a30"}|0x53aa56b9
07:52:28.0 (17591984)|STATEMENT_EXECUTE|[31]
07:52:28.0 (17600978)|HEAP_ALLOCATE|[30]|Bytes:5
07:52:28.0 (17609406)|HEAP_ALLOCATE|[30]|Bytes:12
07:52:28.0 (17614426)|VARIABLE_SCOPE_BEGIN|[30]|wEmp|WrapperEmployeeSkills.wEmployee|true|false
07:52:28.0 (17630176)|VARIABLE_ASSIGNMENT|[30]|wEmp|{"selected":false,"skill":"0x22c79688"}|0x75304f91
07:52:28.0 (17633520)|STATEMENT_EXECUTE|[30]
07:52:28.0 (17650564)|VARIABLE_ASSIGNMENT|[EXTERNAL]|this|{"selected":false,"skill":"0x22c79688"}|0x75304f91
07:52:28.0 (17658682)|STATEMENT_EXECUTE|[31]
07:52:28.0 (17667430)|HEAP_ALLOCATE|[30]|Bytes:5
07:52:28.0 (17675483)|HEAP_ALLOCATE|[30]|Bytes:12
07:52:28.0 (17680492)|VARIABLE_SCOPE_BEGIN|[30]|wEmp|WrapperEmployeeSkills.wEmployee|true|false
07:52:28.0 (17695538)|VARIABLE_ASSIGNMENT|[30]|wEmp|{"selected":false,"skill":"0x15f44b2a"}|0x1653c228
07:52:28.0 (17698720)|STATEMENT_EXECUTE|[30]
07:52:28.0 (17716141)|VARIABLE_ASSIGNMENT|[EXTERNAL]|this|{"selected":false,"skill":"0x15f44b2a"}|0x1653c228
07:52:28.0 (17724058)|STATEMENT_EXECUTE|[31]
07:52:28.0 (17732586)|HEAP_ALLOCATE|[30]|Bytes:5
07:52:28.0 (17740640)|HEAP_ALLOCATE|[30]|Bytes:12
07:52:28.0 (17745491)|VARIABLE_SCOPE_BEGIN|[30]|wEmp|WrapperEmployeeSkills.wEmployee|true|false
07:52:28.0 (17760333)|VARIABLE_ASSIGNMENT|[30]|wEmp|{"selected":false,"skill":"0xcfefe3c"}|0x4301feff
07:52:28.0 (17763866)|STATEMENT_EXECUTE|[30]
07:52:28.0 (17780867)|VARIABLE_ASSIGNMENT|[EXTERNAL]|this|{"selected":false,"skill":"0xcfefe3c"}|0x4301feff
07:52:28.0 (17788668)|STATEMENT_EXECUTE|[31]
07:52:28.0 (17797231)|HEAP_ALLOCATE|[30]|Bytes:5
07:52:28.0 (17805259)|HEAP_ALLOCATE|[30]|Bytes:12
07:52:28.0 (17810085)|VARIABLE_SCOPE_BEGIN|[30]|wEmp|WrapperEmployeeSkills.wEmployee|true|false
07:52:28.0 (17824672)|VARIABLE_ASSIGNMENT|[30]|wEmp|{"selected":false,"skill":"0x47848449"}|0x429f77b8
07:52:28.0 (17827843)|STATEMENT_EXECUTE|[30]
07:52:28.0 (17844684)|VARIABLE_ASSIGNMENT|[EXTERNAL]|this|{"selected":false,"skill":"0x47848449"}|0x429f77b8
07:52:28.0 (17852853)|STATEMENT_EXECUTE|[31]
07:52:28.0 (17861462)|HEAP_ALLOCATE|[30]|Bytes:5
07:52:28.0 (17869367)|HEAP_ALLOCATE|[30]|Bytes:12
07:52:28.0 (17874232)|VARIABLE_SCOPE_BEGIN|[30]|wEmp|WrapperEmployeeSkills.wEmployee|true|false
07:52:28.0 (17889258)|VARIABLE_ASSIGNMENT|[30]|wEmp|{"selected":false,"skill":"0x596929e7"}|0x3524e4bd
07:52:28.0 (17892508)|STATEMENT_EXECUTE|[30]
07:52:28.0 (17909439)|VARIABLE_ASSIGNMENT|[EXTERNAL]|this|{"selected":false,"skill":"0x596929e7"}|0x3524e4bd
07:52:28.0 (17917230)|STATEMENT_EXECUTE|[31]
07:52:28.0 (17925848)|HEAP_ALLOCATE|[30]|Bytes:5
07:52:28.0 (17933815)|HEAP_ALLOCATE|[30]|Bytes:12
07:52:28.0 (17938546)|VARIABLE_SCOPE_BEGIN|[30]|wEmp|WrapperEmployeeSkills.wEmployee|true|false
07:52:28.0 (17953019)|VARIABLE_ASSIGNMENT|[30]|wEmp|{"selected":false,"skill":"0x6e7384fb"}|0x3d6e22b3
07:52:28.0 (17956173)|STATEMENT_EXECUTE|[30]
07:52:28.0 (17972642)|VARIABLE_ASSIGNMENT|[EXTERNAL]|this|{"selected":false,"skill":"0x6e7384fb"}|0x3d6e22b3
07:52:28.0 (17980999)|STATEMENT_EXECUTE|[31]
07:52:28.0 (17989533)|HEAP_ALLOCATE|[30]|Bytes:5
07:52:28.0 (17997508)|HEAP_ALLOCATE|[30]|Bytes:12
07:52:28.0 (18002339)|VARIABLE_SCOPE_BEGIN|[30]|wEmp|WrapperEmployeeSkills.wEmployee|true|false
07:52:28.0 (18018559)|VARIABLE_ASSIGNMENT|[30]|wEmp|{"selected":false,"skill":"0x15079817"}|0x71d4d5e7
07:52:28.0 (18021893)|STATEMENT_EXECUTE|[30]
07:52:28.0 (18038636)|VARIABLE_ASSIGNMENT|[EXTERNAL]|this|{"selected":false,"skill":"0x15079817"}|0x71d4d5e7
07:52:28.0 (18046389)|STATEMENT_EXECUTE|[31]
07:52:28.0 (18055063)|HEAP_ALLOCATE|[30]|Bytes:5
07:52:28.0 (18063259)|HEAP_ALLOCATE|[30]|Bytes:12
07:52:28.0 (18068077)|VARIABLE_SCOPE_BEGIN|[30]|wEmp|WrapperEmployeeSkills.wEmployee|true|false
07:52:28.0 (18082940)|VARIABLE_ASSIGNMENT|[30]|wEmp|{"selected":false,"skill":"0x76c2f032"}|0x48cf4ed2
07:52:28.0 (18086016)|STATEMENT_EXECUTE|[30]
07:52:28.0 (18102705)|VARIABLE_ASSIGNMENT|[EXTERNAL]|this|{"selected":false,"skill":"0x76c2f032"}|0x48cf4ed2
07:52:28.0 (18110792)|STATEMENT_EXECUTE|[31]
07:52:28.0 (18119307)|HEAP_ALLOCATE|[30]|Bytes:5
07:52:28.0 (18127274)|HEAP_ALLOCATE|[30]|Bytes:12
07:52:28.0 (18132020)|VARIABLE_SCOPE_BEGIN|[30]|wEmp|WrapperEmployeeSkills.wEmployee|true|false
07:52:28.0 (18146386)|VARIABLE_ASSIGNMENT|[30]|wEmp|{"selected":false,"skill":"0x6674c91c"}|0x5adc4a7a
07:52:28.0 (18153839)|STATEMENT_EXECUTE|[30]
07:52:28.0 (18172550)|VARIABLE_ASSIGNMENT|[EXTERNAL]|this|{"selected":false,"skill":"0x6674c91c"}|0x5adc4a7a
07:52:28.0 (18180564)|STATEMENT_EXECUTE|[31]
07:52:28.0 (18189416)|HEAP_ALLOCATE|[30]|Bytes:5
07:52:28.0 (18197559)|HEAP_ALLOCATE|[30]|Bytes:12
07:52:28.0 (18202514)|VARIABLE_SCOPE_BEGIN|[30]|wEmp|WrapperEmployeeSkills.wEmployee|true|false
07:52:28.0 (18217316)|VARIABLE_ASSIGNMENT|[30]|wEmp|{"selected":false,"skill":"0x14d2dd75"}|0x16eb8028
07:52:28.0 (18220418)|STATEMENT_EXECUTE|[30]
07:52:28.0 (18236678)|VARIABLE_ASSIGNMENT|[EXTERNAL]|this|{"selected":false,"skill":"0x14d2dd75"}|0x16eb8028
07:52:28.0 (18244987)|STATEMENT_EXECUTE|[31]
07:52:28.0 (18253480)|HEAP_ALLOCATE|[30]|Bytes:5
07:52:28.0 (18261350)|HEAP_ALLOCATE|[30]|Bytes:12
07:52:28.0 (18266190)|VARIABLE_SCOPE_BEGIN|[30]|wEmp|WrapperEmployeeSkills.wEmployee|true|false
07:52:28.0 (18280690)|VARIABLE_ASSIGNMENT|[30]|wEmp|{"selected":false,"skill":"0x3d3c38d8"}|0x414714ff
07:52:28.0 (18283929)|STATEMENT_EXECUTE|[30]
07:52:28.0 (18300553)|VARIABLE_ASSIGNMENT|[EXTERNAL]|this|{"selected":false,"skill":"0x3d3c38d8"}|0x414714ff
07:52:28.0 (18308404)|STATEMENT_EXECUTE|[31]
07:52:28.0 (18316839)|HEAP_ALLOCATE|[30]|Bytes:5
07:52:28.0 (18324684)|HEAP_ALLOCATE|[30]|Bytes:12
07:52:28.0 (18329505)|VARIABLE_SCOPE_BEGIN|[30]|wEmp|WrapperEmployeeSkills.wEmployee|true|false
07:52:28.0 (18344067)|VARIABLE_ASSIGNMENT|[30]|wEmp|{"selected":false,"skill":"0x5c1e1c2d"}|0x73cc6bdb
07:52:28.0 (18347175)|STATEMENT_EXECUTE|[30]
07:52:28.0 (18363840)|VARIABLE_ASSIGNMENT|[EXTERNAL]|this|{"selected":false,"skill":"0x5c1e1c2d"}|0x73cc6bdb
07:52:28.0 (18371582)|STATEMENT_EXECUTE|[31]
07:52:28.0 (18380189)|HEAP_ALLOCATE|[30]|Bytes:5
07:52:28.0 (18388198)|HEAP_ALLOCATE|[30]|Bytes:12
07:52:28.0 (18393149)|VARIABLE_SCOPE_BEGIN|[30]|wEmp|WrapperEmployeeSkills.wEmployee|true|false
07:52:28.0 (18408112)|VARIABLE_ASSIGNMENT|[30]|wEmp|{"selected":true,"skill":"0x1c62029b"}|0x4bfb6042
07:52:28.0 (18411246)|STATEMENT_EXECUTE|[30]
07:52:28.0 (18427865)|VARIABLE_ASSIGNMENT|[EXTERNAL]|this|{"selected":true,"skill":"0x1c62029b"}|0x4bfb6042
07:52:28.0 (18435722)|STATEMENT_EXECUTE|[31]
07:52:28.0 (18437240)|STATEMENT_EXECUTE|[32]
07:52:28.0 (18467486)|VARIABLE_ASSIGNMENT|[EXTERNAL]|this|{"selected":true,"skill":"0x1c62029b"}|0x4bfb6042
07:52:28.0 (18487961)|HEAP_ALLOCATE|[EXTERNAL]|Bytes:4
07:52:28.0 (18500564)|HEAP_ALLOCATE|[30]|Bytes:5
07:52:28.0 (18508931)|HEAP_ALLOCATE|[30]|Bytes:12
07:52:28.0 (18514132)|VARIABLE_SCOPE_BEGIN|[30]|wEmp|WrapperEmployeeSkills.wEmployee|true|false
07:52:28.0 (18530364)|VARIABLE_ASSIGNMENT|[30]|wEmp|{"selected":false,"skill":"0x42ff5cec"}|0x15b43d5
07:52:28.0 (18533676)|STATEMENT_EXECUTE|[30]
07:52:28.0 (18551578)|VARIABLE_ASSIGNMENT|[EXTERNAL]|this|{"selected":false,"skill":"0x42ff5cec"}|0x15b43d5
07:52:28.0 (18559829)|STATEMENT_EXECUTE|[31]
07:52:28.0 (18568751)|HEAP_ALLOCATE|[30]|Bytes:5
07:52:28.0 (18579503)|VARIABLE_ASSIGNMENT|[30]|wEmp|null|
07:52:28.0 (18708182)|HEAP_ALLOCATE|[39]|Bytes:5
07:52:28.0 (18755610)|HEAP_ALLOCATE|[39]|Bytes:32
07:52:28.0 (18765429)|VARIABLE_SCOPE_BEGIN|[39]|es|Employee_Skills__c|true|false
07:52:28.0 (18793547)|VARIABLE_ASSIGNMENT|[39]|es|{"s":1,"v":{"Id":"a0C36000000iqFYEAY","Name":"fsdfsd","Employee__c":"a0A36000001ygYkEAI","Project__c":"a0736000000Ew01AAC","Status__c":"Waiting for submit","Employee__r":{"s":2,"v":{"Name":"Andriy Lokotosh","Id":"a0A36000001ygYkEAI"}},"Project__r":{"s":3,"v":{"Name":"eBank","Id":"a0736000000Ew01AAC"}}}}|0x1c62029b
07:52:28.0 (18799608)|STATEMENT_EXECUTE|[40]
07:52:28.0 (18801019)|STATEMENT_EXECUTE|[41]
07:52:28.0 (18898226)|VARIABLE_SCOPE_BEGIN|[41]|req|Approval.ProcessSubmitRequest|true|false
07:52:28.0 (19008420)|VARIABLE_ASSIGNMENT|[41]|req|"common.api.soap.wsdl.ProcessSubmitRequest@e9304d0"|0x648d967
07:52:28.0 (19014969)|STATEMENT_EXECUTE|[42]
07:52:28.0 (19019725)|HEAP_ALLOCATE|[42]|Bytes:39
07:52:28.0 (19086073)|STATEMENT_EXECUTE|[43]
07:52:28.0 (19323268)|HEAP_ALLOCATE|[43]|Bytes:18
07:52:28.0 (19358792)|STATEMENT_EXECUTE|[45]
07:52:28.0 (19431034)|HEAP_ALLOCATE|[45]|Bytes:8
07:52:28.0 (19453752)|DML_BEGIN|[45]|Op:Process|Type:ProcessRequest|Rows:1
07:52:28.0 (19491956)|HEAP_ALLOCATE|[EXTERNAL]|Bytes:8
07:52:28.0 (34805969)|CODE_UNIT_STARTED|[EXTERNAL]|Workflow:ApprovalProcessActions
07:52:28.0 (47175142)|WF_APPROVAL_SUBMIT|[Employee Skills: fsdfsd a0C36000000iqFY]
07:52:28.0 (48176064)|WF_APPROVAL_SUBMITTER|Andrew Lokotosh|005360000011kEE
07:52:28.0 (68662261)|WF_RULE_FILTER|[Employee Skills : Status equals Pending approval]
07:52:28.0 (69197808)|WF_RULE_EVAL_VALUE|4
07:52:28.0 (69212728)|WF_EVAL_ENTRY_CRITERIA|Employee skill|00X36000000QVVE|false
07:52:28.0 (69243315)|WF_RULE_FILTER|[Employee Skills : Status equals Pending approval]
07:52:28.0 (69259136)|WF_RULE_EVAL_VALUE|4
07:52:28.0 (69266145)|WF_EVAL_ENTRY_CRITERIA|Employee skill|00X36000000QVVE|false
07:52:28.0 (69277658)|WF_PROCESS_FOUND||No applicable approval process was found.
07:52:28.0 (70297853)|CODE_UNIT_FINISHED|Workflow:ApprovalProcessActions
07:52:28.0 (71227923)|DML_END|[45]
07:52:28.0 (71336612)|EXCEPTION_THROWN|[45]|System.DmlException: Process failed. First exception on row 0; first error: NO_APPLICABLE_PROCESS, No applicable approval process was found.: []
07:52:28.0 (72274531)|HEAP_ALLOCATE|[45]|Bytes:127
07:52:28.0 (72356585)|VARIABLE_SCOPE_BEGIN|[53]|ex|Exception|true|false
07:52:28.0 (72456322)|VARIABLE_ASSIGNMENT|[53]|ex|"common.apex.runtime.impl.DmlExecutionException: Process failed. First exception on row 0; first error: NO_APPLICABLE_PROCESS, No applicable approval process was found.: []"|0x33edb3fa
07:52:28.0 (72464435)|STATEMENT_EXECUTE|[53]
07:52:28.0 (72468454)|STATEMENT_EXECUTE|[54]
07:52:28.0 (72485817)|HEAP_ALLOCATE|[54]|Bytes:1
07:52:28.0 (72546717)|VARIABLE_SCOPE_BEGIN|[54]|pageRef|System.PageReference|true|false
07:52:28.0 (72605939)|VARIABLE_ASSIGNMENT|[54]|pageRef|"/"|0x521852fc
07:52:28.0 (72610948)|STATEMENT_EXECUTE|[55]
07:52:28.0 (72698034)|STATEMENT_EXECUTE|[56]
07:52:28.0 (72706372)|SYSTEM_MODE_EXIT|false
07:52:28.0 (76703242)|CODE_UNIT_FINISHED|WrapperEmployeeSkills invoke(processSelected)
07:52:28.0 (77406407)|VF_APEX_CALL|j_id4|{!processSelected}|PageReference:/
07:52:28.79 (79912718)|CUMULATIVE_LIMIT_USAGE
07:52:28.79 (79912718)|LIMIT_USAGE_FOR_NS|(default)|
  Number of SOQL queries: 0 out of 100
  Number of query rows: 0 out of 50000
  Number of SOSL queries: 0 out of 20
  Number of DML statements: 1 out of 150
  Number of DML rows: 1 out of 10000
  Maximum CPU time: 0 out of 10000
  Maximum heap size: 0 out of 6000000
  Number of callouts: 0 out of 100
  Number of Email Invocations: 0 out of 10
  Number of future calls: 0 out of 50
  Number of queueable jobs added to the queue: 0 out of 50
  Number of Mobile Apex push calls: 0 out of 10

07:52:28.79 (79912718)|CUMULATIVE_LIMIT_USAGE_END

07:52:28.0 (79961229)|CODE_UNIT_FINISHED|VF: /apex/AprooveWraper
07:52:28.0 (81063381)|EXECUTION_FINISHED
