36.0 APEX_CODE,FINEST;APEX_PROFILING,INFO;CALLOUT,INFO;DB,INFO;SYSTEM,DEBUG;VALIDATION,INFO;VISUALFORCE,INFO;WORKFLOW,INFO
03:22:27.0 (83357)|EXECUTION_STARTED
03:22:27.0 (125610)|CODE_UNIT_STARTED|[EXTERNAL]|06636000002n6IF|VF: /apex/AccountTabWrap
03:22:27.0 (4982069)|CODE_UNIT_STARTED|[EXTERNAL]|01p360000074iI2|AccountTableWrapper <init>
03:22:27.0 (4997700)|SYSTEM_MODE_ENTER|true
03:22:27.0 (5533918)|HEAP_ALLOCATE|[72]|Bytes:3
03:22:27.0 (5598134)|HEAP_ALLOCATE|[77]|Bytes:152
03:22:27.0 (5621586)|HEAP_ALLOCATE|[342]|Bytes:408
03:22:27.0 (5643792)|HEAP_ALLOCATE|[355]|Bytes:408
03:22:27.0 (5665133)|HEAP_ALLOCATE|[467]|Bytes:48
03:22:27.0 (5707753)|HEAP_ALLOCATE|[139]|Bytes:6
03:22:27.0 (5818510)|HEAP_ALLOCATE|[EXTERNAL]|Bytes:24
03:22:27.0 (5824737)|HEAP_ALLOCATE|[EXTERNAL]|Bytes:120
03:22:27.0 (5827573)|HEAP_ALLOCATE|[EXTERNAL]|Bytes:15
03:22:27.0 (5844383)|METHOD_ENTRY|[1]|01p360000074iI2|AccountTableWrapper.AccountTableWrapper()
03:22:27.0 (5852337)|STATEMENT_EXECUTE|[1]
03:22:27.0 (5864382)|STATEMENT_EXECUTE|[1]
03:22:27.0 (5907251)|HEAP_ALLOCATE|[50]|Bytes:5
03:22:27.0 (5935044)|HEAP_ALLOCATE|[56]|Bytes:5
03:22:27.0 (5945287)|HEAP_ALLOCATE|[64]|Bytes:7
03:22:27.0 (5976166)|SYSTEM_MODE_ENTER|false
03:22:27.0 (5997993)|HEAP_ALLOCATE|[EXTERNAL]|Bytes:5
03:22:27.0 (6004596)|STATEMENT_EXECUTE|[68]
03:22:27.0 (6009681)|STATEMENT_EXECUTE|[86]
03:22:27.0 (6016183)|SYSTEM_MODE_EXIT|false
03:22:27.0 (6029403)|METHOD_EXIT|[1]|AccountTableWrapper
03:22:27.0 (6037576)|HEAP_ALLOCATE|[EXTERNAL]|Bytes:16
03:22:27.0 (6048904)|VARIABLE_SCOPE_BEGIN|[5]|this|AccountTableWrapper|true|false
03:22:27.0 (6110093)|VARIABLE_ASSIGNMENT|[5]|this|{}|0x6d27d7ea
03:22:27.0 (6128029)|SYSTEM_MODE_ENTER|false
03:22:27.0 (6133462)|HEAP_ALLOCATE|[EXTERNAL]|Bytes:5
03:22:27.0 (6138979)|STATEMENT_EXECUTE|[1]
03:22:27.0 (6143588)|HEAP_ALLOCATE|[EXTERNAL]|Bytes:5
03:22:27.0 (6147137)|STATEMENT_EXECUTE|[2]
03:22:27.0 (6150415)|STATEMENT_EXECUTE|[3]
03:22:27.0 (6152942)|STATEMENT_EXECUTE|[4]
03:22:27.0 (6163892)|HEAP_ALLOCATE|[EXTERNAL]|Bytes:6
03:22:27.0 (6193404)|STATEMENT_EXECUTE|[5]
03:22:27.0 (6199217)|SYSTEM_MODE_EXIT|false
03:22:27.0 (6227893)|CODE_UNIT_FINISHED|AccountTableWrapper <init>
03:22:27.0 (6277594)|CODE_UNIT_STARTED|[EXTERNAL]|01p360000074iI2|AccountTableWrapper get(Accounts)
03:22:27.0 (6286487)|SYSTEM_MODE_ENTER|true
03:22:27.0 (6311094)|CODE_UNIT_STARTED|[EXTERNAL]|01p360000074iI2|AccountTableWrapper invoke(getAccounts)
03:22:27.0 (6354340)|HEAP_ALLOCATE|[EXTERNAL]|Bytes:16
03:22:27.0 (6363018)|VARIABLE_SCOPE_BEGIN|[9]|this|AccountTableWrapper|true|false
03:22:27.0 (6384707)|VARIABLE_ASSIGNMENT|[9]|this|{}|0x6d27d7ea
03:22:27.0 (6403553)|SYSTEM_MODE_ENTER|false
03:22:27.0 (6408926)|HEAP_ALLOCATE|[11]|Bytes:5
03:22:27.0 (6415005)|STATEMENT_EXECUTE|[10]
03:22:27.0 (6473770)|VARIABLE_ASSIGNMENT|[EXTERNAL]|this|{}|0x6d27d7ea
03:22:27.0 (6492899)|STATEMENT_EXECUTE|[12]
03:22:27.0 (6497095)|STATEMENT_EXECUTE|[13]
03:22:27.0 (6501262)|HEAP_ALLOCATE|[13]|Bytes:141
03:22:27.0 (6521396)|HEAP_ALLOCATE|[13]|Bytes:4
03:22:27.0 (7344315)|SOQL_EXECUTE_BEGIN|[13]|Aggregations:0|SELECT id, Name, BillingStreet, BillingCity, BillingPostalCode FROM Account WHERE (BillingCity != NULL AND BillingPostalCode != NULL) LIMIT 3
03:22:27.0 (11216745)|SOQL_EXECUTE_END|[13]|Rows:3
03:22:27.0 (11241286)|HEAP_ALLOCATE|[13]|Bytes:16
03:22:27.0 (11263158)|HEAP_ALLOCATE|[13]|Bytes:417
03:22:27.0 (11397149)|HEAP_ALLOCATE|[13]|Bytes:16
03:22:27.0 (11437630)|VARIABLE_ASSIGNMENT|[EXTERNAL]|this|{}|0x6d27d7ea
03:22:27.0 (11490993)|VARIABLE_ASSIGNMENT|[EXTERNAL]|value|{"s":1,"v":[{"s":2,"v":{"Id":"0013600000CWofeAAD","Name":"Google inc","BillingStreet":"Green st.","BillingCity":"LA","BillingPostalCode":"442234"}},{"s":3,"v":{"Id":"00136000003VQw8AAG","Name":"Burlington Textiles  (15 more) ...","BillingStreet":"525 S. Lexington Ave","BillingCity":"Burlington","BillingPostalCode":"27215"}},{"s":4,"v":{"Id":"00136000003VQw9AAG","Name":"Pyramid Construction (5 more) ...","BillingStreet":"2 Place Jussieu","BillingCity":"Paris","BillingPostalCode":"75251"}}]}|0x72742981
03:22:27.0 (11532671)|VARIABLE_ASSIGNMENT|[2]|this.accs|{"s":1,"v":[{"s":2,"v":{"Id":"0013600000CWofeAAD","Name":"Google inc","BillingStreet":"Green st.","BillingCity":"LA","BillingPostalCode":"442234"}},{"s":3,"v":{"Id":"00136000003VQw8AAG","Name":"Burlington Textiles  (15 more) ...","BillingStreet":"525 S. Lexington Ave","BillingCity":"Burlington","BillingPostalCode":"27215"}},{"s":4,"v":{"Id":"00136000003VQw9AAG","Name":"Pyramid Construction (5 more) ...","BillingStreet":"2 Place Jussieu","BillingCity":"Paris","BillingPostalCode":"75251"}}]}|0x6d27d7ea
03:22:27.0 (11549313)|STATEMENT_EXECUTE|[17]
03:22:27.0 (11598596)|VARIABLE_ASSIGNMENT|[EXTERNAL]|this|{"accs":"0x72742981"}|0x6d27d7ea
03:22:27.0 (11613641)|SYSTEM_MODE_EXIT|false
03:22:27.0 (11627206)|CODE_UNIT_FINISHED|AccountTableWrapper invoke(getAccounts)
03:22:27.0 (11644198)|CODE_UNIT_FINISHED|AccountTableWrapper get(Accounts)
03:22:27.0 (11935924)|CODE_UNIT_STARTED|[EXTERNAL]|01p360000074iI2|AccountTableWrapper get(rowWrappers)
03:22:27.0 (11945364)|SYSTEM_MODE_ENTER|true
03:22:27.0 (11961842)|CODE_UNIT_STARTED|[EXTERNAL]|01p360000074iI2|AccountTableWrapper invoke(getrowWrappers)
03:22:27.0 (11989844)|HEAP_ALLOCATE|[EXTERNAL]|Bytes:16
03:22:27.0 (11997301)|VARIABLE_SCOPE_BEGIN|[21]|this|AccountTableWrapper|true|false
03:22:27.0 (12022228)|VARIABLE_ASSIGNMENT|[21]|this|{"accs":"0x72742981"}|0x6d27d7ea
03:22:27.0 (12038087)|SYSTEM_MODE_ENTER|false
03:22:27.0 (12043947)|HEAP_ALLOCATE|[23]|Bytes:5
03:22:27.0 (12050339)|STATEMENT_EXECUTE|[22]
03:22:27.0 (12101655)|VARIABLE_ASSIGNMENT|[EXTERNAL]|this|{"accs":"0x72742981"}|0x6d27d7ea
03:22:27.0 (12118509)|STATEMENT_EXECUTE|[24]
03:22:27.0 (12122685)|STATEMENT_EXECUTE|[25]
03:22:27.0 (12237731)|HEAP_ALLOCATE|[25]|Bytes:4
03:22:27.0 (12377170)|VARIABLE_ASSIGNMENT|[EXTERNAL]|this|{"accs":"0x72742981"}|0x6d27d7ea
03:22:27.0 (12406719)|HEAP_ALLOCATE|[EXTERNAL]|Bytes:4
03:22:27.0 (12421376)|VARIABLE_ASSIGNMENT|[EXTERNAL]|value|{"s":1,"v":[]}|0x5f1e80ab
03:22:27.0 (12436840)|VARIABLE_ASSIGNMENT|[3]|this.rows|{"s":1,"v":[]}|0x6d27d7ea
03:22:27.0 (12450000)|STATEMENT_EXECUTE|[28]
03:22:27.0 (12460677)|VARIABLE_SCOPE_BEGIN|[28]|idx|Integer|false|false
03:22:27.0 (12466109)|HEAP_ALLOCATE|[28]|Bytes:4
03:22:27.0 (12473035)|VARIABLE_ASSIGNMENT|[28]|idx|0
03:22:27.0 (12480924)|STATEMENT_EXECUTE|[29]
03:22:27.0 (12484120)|STATEMENT_EXECUTE|[30]
03:22:27.0 (12534719)|VARIABLE_ASSIGNMENT|[EXTERNAL]|this|{"accs":"0x72742981","rows":"0x5f1e80ab"}|0x6d27d7ea
03:22:27.0 (12553840)|HEAP_ALLOCATE|[30]|Bytes:84
03:22:27.0 (12559701)|HEAP_ALLOCATE|[30]|Bytes:8
03:22:27.0 (12566022)|HEAP_ALLOCATE|[30]|Bytes:8
03:22:27.0 (12577512)|CONSTRUCTOR_ENTRY|[30]|01p360000074iI2|<init>()
03:22:27.0 (12584065)|VARIABLE_SCOPE_BEGIN|[74]|this|AccountTableWrapper.RowWrapper|true|false
03:22:27.0 (12601778)|VARIABLE_ASSIGNMENT|[74]|this|{}|0x3ad20c68
03:22:27.0 (12609906)|STATEMENT_EXECUTE|[68]
03:22:27.0 (12613665)|STATEMENT_EXECUTE|[71]
03:22:27.0 (12628709)|STATEMENT_EXECUTE|[75]
03:22:27.0 (12632018)|STATEMENT_EXECUTE|[76]
03:22:27.0 (12641326)|HEAP_ALLOCATE|[76]|Bytes:4
03:22:27.0 (12705907)|VARIABLE_ASSIGNMENT|[EXTERNAL]|this|{}|0x3ad20c68
03:22:27.0 (12737526)|HEAP_ALLOCATE|[EXTERNAL]|Bytes:4
03:22:27.0 (12750233)|VARIABLE_ASSIGNMENT|[EXTERNAL]|value|{"s":1,"v":[]}|0x2cff58ef
03:22:27.0 (12765261)|VARIABLE_ASSIGNMENT|[71]|this.values|{"s":1,"v":[]}|0x3ad20c68
03:22:27.0 (12780470)|CONSTRUCTOR_EXIT|[30]|01p360000074iI2|<init>()
03:22:27.0 (12800902)|HEAP_ALLOCATE|[EXTERNAL]|Bytes:4
03:22:27.0 (12826183)|HEAP_ALLOCATE|[28]|Bytes:4
03:22:27.0 (12838918)|VARIABLE_ASSIGNMENT|[28]|idx|1
03:22:27.0 (12851290)|STATEMENT_EXECUTE|[29]
03:22:27.0 (12857798)|STATEMENT_EXECUTE|[30]
03:22:27.0 (12892318)|VARIABLE_ASSIGNMENT|[EXTERNAL]|this|{"accs":"0x72742981","rows":"0x5f1e80ab"}|0x6d27d7ea
03:22:27.0 (12905244)|HEAP_ALLOCATE|[30]|Bytes:8
03:22:27.0 (12912653)|CONSTRUCTOR_ENTRY|[30]|01p360000074iI2|<init>()
03:22:27.0 (12917589)|VARIABLE_SCOPE_BEGIN|[74]|this|AccountTableWrapper.RowWrapper|true|false
03:22:27.0 (12933276)|VARIABLE_ASSIGNMENT|[74]|this|{}|0x27de0ebb
03:22:27.0 (12939561)|STATEMENT_EXECUTE|[68]
03:22:27.0 (12943077)|STATEMENT_EXECUTE|[71]
03:22:27.0 (12956726)|STATEMENT_EXECUTE|[75]
03:22:27.0 (12959804)|STATEMENT_EXECUTE|[76]
03:22:27.0 (12965526)|HEAP_ALLOCATE|[76]|Bytes:4
03:22:27.0 (13009092)|VARIABLE_ASSIGNMENT|[EXTERNAL]|this|{}|0x27de0ebb
03:22:27.0 (13028871)|HEAP_ALLOCATE|[EXTERNAL]|Bytes:4
03:22:27.0 (13041111)|VARIABLE_ASSIGNMENT|[EXTERNAL]|value|{"s":1,"v":[]}|0xd45f764
03:22:27.0 (13053857)|VARIABLE_ASSIGNMENT|[71]|this.values|{"s":1,"v":[]}|0x27de0ebb
03:22:27.0 (13068335)|CONSTRUCTOR_EXIT|[30]|01p360000074iI2|<init>()
03:22:27.0 (13079458)|HEAP_ALLOCATE|[EXTERNAL]|Bytes:4
03:22:27.0 (13085950)|HEAP_ALLOCATE|[28]|Bytes:4
03:22:27.0 (13092069)|VARIABLE_ASSIGNMENT|[28]|idx|2
03:22:27.0 (13099497)|STATEMENT_EXECUTE|[29]
03:22:27.0 (13103097)|STATEMENT_EXECUTE|[30]
03:22:27.0 (13130697)|VARIABLE_ASSIGNMENT|[EXTERNAL]|this|{"accs":"0x72742981","rows":"0x5f1e80ab"}|0x6d27d7ea
03:22:27.0 (13142534)|HEAP_ALLOCATE|[30]|Bytes:8
03:22:27.0 (13149463)|CONSTRUCTOR_ENTRY|[30]|01p360000074iI2|<init>()
03:22:27.0 (13154180)|VARIABLE_SCOPE_BEGIN|[74]|this|AccountTableWrapper.RowWrapper|true|false
03:22:27.0 (13169422)|VARIABLE_ASSIGNMENT|[74]|this|{}|0x5babee03
03:22:27.0 (13175539)|STATEMENT_EXECUTE|[68]
03:22:27.0 (13179155)|STATEMENT_EXECUTE|[71]
03:22:27.0 (13191917)|STATEMENT_EXECUTE|[75]
03:22:27.0 (13194954)|STATEMENT_EXECUTE|[76]
03:22:27.0 (13200464)|HEAP_ALLOCATE|[76]|Bytes:4
03:22:27.0 (13229699)|VARIABLE_ASSIGNMENT|[EXTERNAL]|this|{}|0x5babee03
03:22:27.0 (13246251)|HEAP_ALLOCATE|[EXTERNAL]|Bytes:4
03:22:27.0 (13257770)|VARIABLE_ASSIGNMENT|[EXTERNAL]|value|{"s":1,"v":[]}|0x215d1d47
03:22:27.0 (13269436)|VARIABLE_ASSIGNMENT|[71]|this.values|{"s":1,"v":[]}|0x5babee03
03:22:27.0 (13283967)|CONSTRUCTOR_EXIT|[30]|01p360000074iI2|<init>()
03:22:27.0 (13294407)|HEAP_ALLOCATE|[EXTERNAL]|Bytes:4
03:22:27.0 (13300475)|HEAP_ALLOCATE|[28]|Bytes:4
03:22:27.0 (13306261)|VARIABLE_ASSIGNMENT|[28]|idx|3
03:22:27.0 (13313413)|STATEMENT_EXECUTE|[29]
03:22:27.0 (13316968)|STATEMENT_EXECUTE|[30]
03:22:27.0 (13343941)|VARIABLE_ASSIGNMENT|[EXTERNAL]|this|{"accs":"0x72742981","rows":"0x5f1e80ab"}|0x6d27d7ea
03:22:27.0 (13355521)|HEAP_ALLOCATE|[30]|Bytes:8
03:22:27.0 (13362324)|CONSTRUCTOR_ENTRY|[30]|01p360000074iI2|<init>()
03:22:27.0 (13366999)|VARIABLE_SCOPE_BEGIN|[74]|this|AccountTableWrapper.RowWrapper|true|false
03:22:27.0 (13382216)|VARIABLE_ASSIGNMENT|[74]|this|{}|0x76217401
03:22:27.0 (13388175)|STATEMENT_EXECUTE|[68]
03:22:27.0 (13391487)|STATEMENT_EXECUTE|[71]
03:22:27.0 (13404180)|STATEMENT_EXECUTE|[75]
03:22:27.0 (13407266)|STATEMENT_EXECUTE|[76]
03:22:27.0 (13412850)|HEAP_ALLOCATE|[76]|Bytes:4
03:22:27.0 (13441378)|VARIABLE_ASSIGNMENT|[EXTERNAL]|this|{}|0x76217401
03:22:27.0 (13457669)|HEAP_ALLOCATE|[EXTERNAL]|Bytes:4
03:22:27.0 (13469229)|VARIABLE_ASSIGNMENT|[EXTERNAL]|value|{"s":1,"v":[]}|0x54fd5376
03:22:27.0 (13481024)|VARIABLE_ASSIGNMENT|[71]|this.values|{"s":1,"v":[]}|0x76217401
03:22:27.0 (13495184)|CONSTRUCTOR_EXIT|[30]|01p360000074iI2|<init>()
03:22:27.0 (13505506)|HEAP_ALLOCATE|[EXTERNAL]|Bytes:4
03:22:27.0 (13511515)|HEAP_ALLOCATE|[28]|Bytes:4
03:22:27.0 (13521573)|VARIABLE_ASSIGNMENT|[28]|idx|4
03:22:27.0 (13530167)|STATEMENT_EXECUTE|[34]
03:22:27.0 (13537028)|VARIABLE_SCOPE_BEGIN|[34]|idx|Integer|false|false
03:22:27.0 (13540705)|HEAP_ALLOCATE|[34]|Bytes:4
03:22:27.0 (13545711)|VARIABLE_ASSIGNMENT|[34]|idx|0
03:22:27.0 (13558660)|METHOD_ENTRY|[34]|01p360000074iI2|AccountTableWrapper.getAccounts()
03:22:27.0 (13580323)|VARIABLE_SCOPE_BEGIN|[9]|this|AccountTableWrapper|true|false
03:22:27.0 (13603845)|VARIABLE_ASSIGNMENT|[9]|this|{"accs":"0x72742981","rows":"0x5f1e80ab"}|0x6d27d7ea
03:22:27.0 (13613222)|HEAP_ALLOCATE|[11]|Bytes:5
03:22:27.0 (13619638)|STATEMENT_EXECUTE|[10]
03:22:27.0 (13647336)|VARIABLE_ASSIGNMENT|[EXTERNAL]|this|{"accs":"0x72742981","rows":"0x5f1e80ab"}|0x6d27d7ea
03:22:27.0 (13658959)|STATEMENT_EXECUTE|[11]
03:22:27.0 (13662674)|STATEMENT_EXECUTE|[17]
03:22:27.0 (13685622)|VARIABLE_ASSIGNMENT|[EXTERNAL]|this|{"accs":"0x72742981","rows":"0x5f1e80ab"}|0x6d27d7ea
03:22:27.0 (13698336)|METHOD_EXIT|[34]|01p360000074iI2|AccountTableWrapper.getAccounts()
03:22:27.0 (13751951)|STATEMENT_EXECUTE|[35]
03:22:27.0 (13756629)|STATEMENT_EXECUTE|[36]
03:22:27.0 (13800699)|VARIABLE_ASSIGNMENT|[EXTERNAL]|this|{"accs":"0x72742981","rows":"0x5f1e80ab"}|0x6d27d7ea
03:22:27.0 (13820017)|HEAP_ALLOCATE|[36]|Bytes:8
03:22:27.0 (13829655)|METHOD_ENTRY|[36]|01p360000074iI2|AccountTableWrapper.getAccounts()
03:22:27.0 (13835010)|VARIABLE_SCOPE_BEGIN|[9]|this|AccountTableWrapper|true|false
03:22:27.0 (13855379)|VARIABLE_ASSIGNMENT|[9]|this|{"accs":"0x72742981","rows":"0x5f1e80ab"}|0x6d27d7ea
03:22:27.0 (13863812)|HEAP_ALLOCATE|[11]|Bytes:5
03:22:27.0 (13869987)|STATEMENT_EXECUTE|[10]
03:22:27.0 (13896043)|VARIABLE_ASSIGNMENT|[EXTERNAL]|this|{"accs":"0x72742981","rows":"0x5f1e80ab"}|0x6d27d7ea
03:22:27.0 (13907263)|STATEMENT_EXECUTE|[11]
03:22:27.0 (13910939)|STATEMENT_EXECUTE|[17]
03:22:27.0 (13933405)|VARIABLE_ASSIGNMENT|[EXTERNAL]|this|{"accs":"0x72742981","rows":"0x5f1e80ab"}|0x6d27d7ea
03:22:27.0 (13945158)|METHOD_EXIT|[36]|01p360000074iI2|AccountTableWrapper.getAccounts()
03:22:27.0 (13973803)|HEAP_ALLOCATE|[36]|Bytes:24
03:22:27.0 (14014120)|METHOD_ENTRY|[36]|01p360000074iI2|AccountTableWrapper.RowWrapper.addValue(String)
03:22:27.0 (14021825)|VARIABLE_SCOPE_BEGIN|[80]|this|AccountTableWrapper.RowWrapper|true|false
03:22:27.0 (14042304)|VARIABLE_ASSIGNMENT|[80]|this|{"values":"0x2cff58ef"}|0x3ad20c68
03:22:27.0 (14046542)|VARIABLE_SCOPE_BEGIN|[80]|value|String|false|false
03:22:27.0 (14051077)|VARIABLE_ASSIGNMENT|[80]|value|"Google inc"
03:22:27.0 (14059181)|STATEMENT_EXECUTE|[81]
03:22:27.0 (14062929)|STATEMENT_EXECUTE|[82]
03:22:27.0 (14107579)|VARIABLE_ASSIGNMENT|[EXTERNAL]|this|{"values":"0x2cff58ef"}|0x3ad20c68
03:22:27.0 (14131282)|HEAP_ALLOCATE|[EXTERNAL]|Bytes:4
03:22:27.0 (14140579)|METHOD_EXIT|[36]|01p360000074iI2|AccountTableWrapper.RowWrapper.addValue(String)
03:22:27.0 (14146658)|STATEMENT_EXECUTE|[37]
03:22:27.0 (14189674)|VARIABLE_ASSIGNMENT|[EXTERNAL]|this|{"accs":"0x72742981","rows":"0x5f1e80ab"}|0x6d27d7ea
03:22:27.0 (14206244)|HEAP_ALLOCATE|[37]|Bytes:8
03:22:27.0 (14215236)|METHOD_ENTRY|[37]|01p360000074iI2|AccountTableWrapper.getAccounts()
03:22:27.0 (14220632)|VARIABLE_SCOPE_BEGIN|[9]|this|AccountTableWrapper|true|false
03:22:27.0 (14240797)|VARIABLE_ASSIGNMENT|[9]|this|{"accs":"0x72742981","rows":"0x5f1e80ab"}|0x6d27d7ea
03:22:27.0 (14249043)|HEAP_ALLOCATE|[11]|Bytes:5
03:22:27.0 (14255187)|STATEMENT_EXECUTE|[10]
03:22:27.0 (14281237)|VARIABLE_ASSIGNMENT|[EXTERNAL]|this|{"accs":"0x72742981","rows":"0x5f1e80ab"}|0x6d27d7ea
03:22:27.0 (14292851)|STATEMENT_EXECUTE|[11]
03:22:27.0 (14296431)|STATEMENT_EXECUTE|[17]
03:22:27.0 (14318854)|VARIABLE_ASSIGNMENT|[EXTERNAL]|this|{"accs":"0x72742981","rows":"0x5f1e80ab"}|0x6d27d7ea
03:22:27.0 (14330490)|METHOD_EXIT|[37]|01p360000074iI2|AccountTableWrapper.getAccounts()
03:22:27.0 (14341284)|HEAP_ALLOCATE|[37]|Bytes:24
03:22:27.0 (14372847)|METHOD_ENTRY|[37]|01p360000074iI2|AccountTableWrapper.RowWrapper.addValue(String)
03:22:27.0 (14379311)|VARIABLE_SCOPE_BEGIN|[80]|this|AccountTableWrapper.RowWrapper|true|false
03:22:27.0 (14399001)|VARIABLE_ASSIGNMENT|[80]|this|{"values":"0xd45f764"}|0x27de0ebb
03:22:27.0 (14402716)|VARIABLE_SCOPE_BEGIN|[80]|value|String|false|false
03:22:27.0 (14407034)|VARIABLE_ASSIGNMENT|[80]|value|"Green st."
03:22:27.0 (14412884)|STATEMENT_EXECUTE|[81]
03:22:27.0 (14416554)|STATEMENT_EXECUTE|[82]
03:22:27.0 (14438560)|VARIABLE_ASSIGNMENT|[EXTERNAL]|this|{"values":"0xd45f764"}|0x27de0ebb
03:22:27.0 (14453494)|HEAP_ALLOCATE|[EXTERNAL]|Bytes:4
03:22:27.0 (14462157)|METHOD_EXIT|[37]|01p360000074iI2|AccountTableWrapper.RowWrapper.addValue(String)
03:22:27.0 (14467761)|STATEMENT_EXECUTE|[38]
03:22:27.0 (14510753)|VARIABLE_ASSIGNMENT|[EXTERNAL]|this|{"accs":"0x72742981","rows":"0x5f1e80ab"}|0x6d27d7ea
03:22:27.0 (14532605)|HEAP_ALLOCATE|[38]|Bytes:8
03:22:27.0 (14542555)|METHOD_ENTRY|[38]|01p360000074iI2|AccountTableWrapper.getAccounts()
03:22:27.0 (14547927)|VARIABLE_SCOPE_BEGIN|[9]|this|AccountTableWrapper|true|false
03:22:27.0 (14568936)|VARIABLE_ASSIGNMENT|[9]|this|{"accs":"0x72742981","rows":"0x5f1e80ab"}|0x6d27d7ea
03:22:27.0 (14577096)|HEAP_ALLOCATE|[11]|Bytes:5
03:22:27.0 (14583276)|STATEMENT_EXECUTE|[10]
03:22:27.0 (14609173)|VARIABLE_ASSIGNMENT|[EXTERNAL]|this|{"accs":"0x72742981","rows":"0x5f1e80ab"}|0x6d27d7ea
03:22:27.0 (14620289)|STATEMENT_EXECUTE|[11]
03:22:27.0 (14623964)|STATEMENT_EXECUTE|[17]
03:22:27.0 (14646274)|VARIABLE_ASSIGNMENT|[EXTERNAL]|this|{"accs":"0x72742981","rows":"0x5f1e80ab"}|0x6d27d7ea
03:22:27.0 (14657730)|METHOD_EXIT|[38]|01p360000074iI2|AccountTableWrapper.getAccounts()
03:22:27.0 (14668479)|HEAP_ALLOCATE|[38]|Bytes:24
03:22:27.0 (14698468)|METHOD_ENTRY|[38]|01p360000074iI2|AccountTableWrapper.RowWrapper.addValue(String)
03:22:27.0 (14704597)|VARIABLE_SCOPE_BEGIN|[80]|this|AccountTableWrapper.RowWrapper|true|false
03:22:27.0 (14724135)|VARIABLE_ASSIGNMENT|[80]|this|{"values":"0x215d1d47"}|0x5babee03
03:22:27.0 (14727756)|VARIABLE_SCOPE_BEGIN|[80]|value|String|false|false
03:22:27.0 (14731892)|VARIABLE_ASSIGNMENT|[80]|value|"LA"
03:22:27.0 (14737854)|STATEMENT_EXECUTE|[81]
03:22:27.0 (14741469)|STATEMENT_EXECUTE|[82]
03:22:27.0 (14763508)|VARIABLE_ASSIGNMENT|[EXTERNAL]|this|{"values":"0x215d1d47"}|0x5babee03
03:22:27.0 (14778344)|HEAP_ALLOCATE|[EXTERNAL]|Bytes:4
03:22:27.0 (14786921)|METHOD_EXIT|[38]|01p360000074iI2|AccountTableWrapper.RowWrapper.addValue(String)
03:22:27.0 (14792519)|STATEMENT_EXECUTE|[39]
03:22:27.0 (14835665)|VARIABLE_ASSIGNMENT|[EXTERNAL]|this|{"accs":"0x72742981","rows":"0x5f1e80ab"}|0x6d27d7ea
03:22:27.0 (14852561)|HEAP_ALLOCATE|[39]|Bytes:8
03:22:27.0 (14861724)|METHOD_ENTRY|[39]|01p360000074iI2|AccountTableWrapper.getAccounts()
03:22:27.0 (14867106)|VARIABLE_SCOPE_BEGIN|[9]|this|AccountTableWrapper|true|false
03:22:27.0 (14887389)|VARIABLE_ASSIGNMENT|[9]|this|{"accs":"0x72742981","rows":"0x5f1e80ab"}|0x6d27d7ea
03:22:27.0 (14895673)|HEAP_ALLOCATE|[11]|Bytes:5
03:22:27.0 (14901775)|STATEMENT_EXECUTE|[10]
03:22:27.0 (14927697)|VARIABLE_ASSIGNMENT|[EXTERNAL]|this|{"accs":"0x72742981","rows":"0x5f1e80ab"}|0x6d27d7ea
03:22:27.0 (14938844)|STATEMENT_EXECUTE|[11]
03:22:27.0 (14942506)|STATEMENT_EXECUTE|[17]
03:22:27.0 (14964905)|VARIABLE_ASSIGNMENT|[EXTERNAL]|this|{"accs":"0x72742981","rows":"0x5f1e80ab"}|0x6d27d7ea
03:22:27.0 (14976762)|METHOD_EXIT|[39]|01p360000074iI2|AccountTableWrapper.getAccounts()
03:22:27.0 (14987222)|HEAP_ALLOCATE|[39]|Bytes:24
03:22:27.0 (15017190)|METHOD_ENTRY|[39]|01p360000074iI2|AccountTableWrapper.RowWrapper.addValue(String)
03:22:27.0 (15024097)|VARIABLE_SCOPE_BEGIN|[80]|this|AccountTableWrapper.RowWrapper|true|false
03:22:27.0 (15043556)|VARIABLE_ASSIGNMENT|[80]|this|{"values":"0x54fd5376"}|0x76217401
03:22:27.0 (15047251)|VARIABLE_SCOPE_BEGIN|[80]|value|String|false|false
03:22:27.0 (15051310)|VARIABLE_ASSIGNMENT|[80]|value|"442234"
03:22:27.0 (15057222)|STATEMENT_EXECUTE|[81]
03:22:27.0 (15060744)|STATEMENT_EXECUTE|[82]
03:22:27.0 (15082798)|VARIABLE_ASSIGNMENT|[EXTERNAL]|this|{"values":"0x54fd5376"}|0x76217401
03:22:27.0 (15097589)|HEAP_ALLOCATE|[EXTERNAL]|Bytes:4
03:22:27.0 (15106010)|METHOD_EXIT|[39]|01p360000074iI2|AccountTableWrapper.RowWrapper.addValue(String)
03:22:27.0 (15109954)|HEAP_ALLOCATE|[34]|Bytes:4
03:22:27.0 (15116290)|VARIABLE_ASSIGNMENT|[34]|idx|1
03:22:27.0 (15122867)|METHOD_ENTRY|[34]|01p360000074iI2|AccountTableWrapper.getAccounts()
03:22:27.0 (15127486)|VARIABLE_SCOPE_BEGIN|[9]|this|AccountTableWrapper|true|false
03:22:27.0 (15147591)|VARIABLE_ASSIGNMENT|[9]|this|{"accs":"0x72742981","rows":"0x5f1e80ab"}|0x6d27d7ea
03:22:27.0 (15155732)|HEAP_ALLOCATE|[11]|Bytes:5
03:22:27.0 (15161665)|STATEMENT_EXECUTE|[10]
03:22:27.0 (15187589)|VARIABLE_ASSIGNMENT|[EXTERNAL]|this|{"accs":"0x72742981","rows":"0x5f1e80ab"}|0x6d27d7ea
03:22:27.0 (15198921)|STATEMENT_EXECUTE|[11]
03:22:27.0 (15202535)|STATEMENT_EXECUTE|[17]
03:22:27.0 (15224956)|VARIABLE_ASSIGNMENT|[EXTERNAL]|this|{"accs":"0x72742981","rows":"0x5f1e80ab"}|0x6d27d7ea
03:22:27.0 (15236715)|METHOD_EXIT|[34]|01p360000074iI2|AccountTableWrapper.getAccounts()
03:22:27.0 (15250189)|STATEMENT_EXECUTE|[35]
03:22:27.0 (15253859)|STATEMENT_EXECUTE|[36]
03:22:27.0 (15277572)|VARIABLE_ASSIGNMENT|[EXTERNAL]|this|{"accs":"0x72742981","rows":"0x5f1e80ab"}|0x6d27d7ea
03:22:27.0 (15290114)|HEAP_ALLOCATE|[36]|Bytes:8
03:22:27.0 (15296619)|METHOD_ENTRY|[36]|01p360000074iI2|AccountTableWrapper.getAccounts()
03:22:27.0 (15301421)|VARIABLE_SCOPE_BEGIN|[9]|this|AccountTableWrapper|true|false
03:22:27.0 (15320430)|VARIABLE_ASSIGNMENT|[9]|this|{"accs":"0x72742981","rows":"0x5f1e80ab"}|0x6d27d7ea
03:22:27.0 (15327684)|HEAP_ALLOCATE|[11]|Bytes:5
03:22:27.0 (15333674)|STATEMENT_EXECUTE|[10]
03:22:27.0 (15358806)|VARIABLE_ASSIGNMENT|[EXTERNAL]|this|{"accs":"0x72742981","rows":"0x5f1e80ab"}|0x6d27d7ea
03:22:27.0 (15369923)|STATEMENT_EXECUTE|[11]
03:22:27.0 (15373710)|STATEMENT_EXECUTE|[17]
03:22:27.0 (15395999)|VARIABLE_ASSIGNMENT|[EXTERNAL]|this|{"accs":"0x72742981","rows":"0x5f1e80ab"}|0x6d27d7ea
03:22:27.0 (15407703)|METHOD_EXIT|[36]|01p360000074iI2|AccountTableWrapper.getAccounts()
03:22:27.0 (15424240)|HEAP_ALLOCATE|[36]|Bytes:24
03:22:27.0 (15440517)|METHOD_ENTRY|[36]|01p360000074iI2|AccountTableWrapper.RowWrapper.addValue(String)
03:22:27.0 (15446390)|VARIABLE_SCOPE_BEGIN|[80]|this|AccountTableWrapper.RowWrapper|true|false
03:22:27.0 (15465434)|VARIABLE_ASSIGNMENT|[80]|this|{"values":"0x2cff58ef"}|0x3ad20c68
03:22:27.0 (15468969)|VARIABLE_SCOPE_BEGIN|[80]|value|String|false|false
03:22:27.0 (15474403)|VARIABLE_ASSIGNMENT|[80]|value|"Burlington Textiles  (15 more) ..."
03:22:27.0 (15480498)|STATEMENT_EXECUTE|[81]
03:22:27.0 (15484041)|STATEMENT_EXECUTE|[82]
03:22:27.0 (15505951)|VARIABLE_ASSIGNMENT|[EXTERNAL]|this|{"values":"0x2cff58ef"}|0x3ad20c68
03:22:27.0 (15524634)|HEAP_ALLOCATE|[EXTERNAL]|Bytes:4
03:22:27.0 (15533383)|METHOD_EXIT|[36]|01p360000074iI2|AccountTableWrapper.RowWrapper.addValue(String)
03:22:27.0 (15539011)|STATEMENT_EXECUTE|[37]
03:22:27.0 (15565332)|VARIABLE_ASSIGNMENT|[EXTERNAL]|this|{"accs":"0x72742981","rows":"0x5f1e80ab"}|0x6d27d7ea
03:22:27.0 (15578229)|HEAP_ALLOCATE|[37]|Bytes:8
03:22:27.0 (15584892)|METHOD_ENTRY|[37]|01p360000074iI2|AccountTableWrapper.getAccounts()
03:22:27.0 (15589783)|VARIABLE_SCOPE_BEGIN|[9]|this|AccountTableWrapper|true|false
03:22:27.0 (15608921)|VARIABLE_ASSIGNMENT|[9]|this|{"accs":"0x72742981","rows":"0x5f1e80ab"}|0x6d27d7ea
03:22:27.0 (15616628)|HEAP_ALLOCATE|[11]|Bytes:5
03:22:27.0 (15622366)|STATEMENT_EXECUTE|[10]
03:22:27.0 (15647483)|VARIABLE_ASSIGNMENT|[EXTERNAL]|this|{"accs":"0x72742981","rows":"0x5f1e80ab"}|0x6d27d7ea
03:22:27.0 (15658327)|STATEMENT_EXECUTE|[11]
03:22:27.0 (15661983)|STATEMENT_EXECUTE|[17]
03:22:27.0 (15684091)|VARIABLE_ASSIGNMENT|[EXTERNAL]|this|{"accs":"0x72742981","rows":"0x5f1e80ab"}|0x6d27d7ea
03:22:27.0 (15695563)|METHOD_EXIT|[37]|01p360000074iI2|AccountTableWrapper.getAccounts()
03:22:27.0 (15703594)|HEAP_ALLOCATE|[37]|Bytes:24
03:22:27.0 (15716611)|METHOD_ENTRY|[37]|01p360000074iI2|AccountTableWrapper.RowWrapper.addValue(String)
03:22:27.0 (15722028)|VARIABLE_SCOPE_BEGIN|[80]|this|AccountTableWrapper.RowWrapper|true|false
03:22:27.0 (15740042)|VARIABLE_ASSIGNMENT|[80]|this|{"values":"0xd45f764"}|0x27de0ebb
03:22:27.0 (15743675)|VARIABLE_SCOPE_BEGIN|[80]|value|String|false|false
03:22:27.0 (15748052)|VARIABLE_ASSIGNMENT|[80]|value|"525 S. Lexington Ave"
03:22:27.0 (15753891)|STATEMENT_EXECUTE|[81]
03:22:27.0 (15757389)|STATEMENT_EXECUTE|[82]
03:22:27.0 (15778842)|VARIABLE_ASSIGNMENT|[EXTERNAL]|this|{"values":"0xd45f764"}|0x27de0ebb
03:22:27.0 (15793184)|HEAP_ALLOCATE|[EXTERNAL]|Bytes:4
03:22:27.0 (15801918)|METHOD_EXIT|[37]|01p360000074iI2|AccountTableWrapper.RowWrapper.addValue(String)
03:22:27.0 (15807335)|STATEMENT_EXECUTE|[38]
03:22:27.0 (15832757)|VARIABLE_ASSIGNMENT|[EXTERNAL]|this|{"accs":"0x72742981","rows":"0x5f1e80ab"}|0x6d27d7ea
03:22:27.0 (15846367)|HEAP_ALLOCATE|[38]|Bytes:8
03:22:27.0 (15853166)|METHOD_ENTRY|[38]|01p360000074iI2|AccountTableWrapper.getAccounts()
03:22:27.0 (15858153)|VARIABLE_SCOPE_BEGIN|[9]|this|AccountTableWrapper|true|false
03:22:27.0 (15877769)|VARIABLE_ASSIGNMENT|[9]|this|{"accs":"0x72742981","rows":"0x5f1e80ab"}|0x6d27d7ea
03:22:27.0 (15885380)|HEAP_ALLOCATE|[11]|Bytes:5
03:22:27.0 (15891353)|STATEMENT_EXECUTE|[10]
03:22:27.0 (15916860)|VARIABLE_ASSIGNMENT|[EXTERNAL]|this|{"accs":"0x72742981","rows":"0x5f1e80ab"}|0x6d27d7ea
03:22:27.0 (15927653)|STATEMENT_EXECUTE|[11]
03:22:27.0 (15931290)|STATEMENT_EXECUTE|[17]
03:22:27.0 (15953363)|VARIABLE_ASSIGNMENT|[EXTERNAL]|this|{"accs":"0x72742981","rows":"0x5f1e80ab"}|0x6d27d7ea
03:22:27.0 (15964800)|METHOD_EXIT|[38]|01p360000074iI2|AccountTableWrapper.getAccounts()
03:22:27.0 (15972620)|HEAP_ALLOCATE|[38]|Bytes:24
03:22:27.0 (15985848)|METHOD_ENTRY|[38]|01p360000074iI2|AccountTableWrapper.RowWrapper.addValue(String)
03:22:27.0 (15991030)|VARIABLE_SCOPE_BEGIN|[80]|this|AccountTableWrapper.RowWrapper|true|false
03:22:27.0 (16008703)|VARIABLE_ASSIGNMENT|[80]|this|{"values":"0x215d1d47"}|0x5babee03
03:22:27.0 (16013032)|VARIABLE_SCOPE_BEGIN|[80]|value|String|false|false
03:22:27.0 (16017256)|VARIABLE_ASSIGNMENT|[80]|value|"Burlington"
03:22:27.0 (16023011)|STATEMENT_EXECUTE|[81]
03:22:27.0 (16026512)|STATEMENT_EXECUTE|[82]
03:22:27.0 (16047860)|VARIABLE_ASSIGNMENT|[EXTERNAL]|this|{"values":"0x215d1d47"}|0x5babee03
03:22:27.0 (16061758)|HEAP_ALLOCATE|[EXTERNAL]|Bytes:4
03:22:27.0 (16070096)|METHOD_EXIT|[38]|01p360000074iI2|AccountTableWrapper.RowWrapper.addValue(String)
03:22:27.0 (16075518)|STATEMENT_EXECUTE|[39]
03:22:27.0 (16100904)|VARIABLE_ASSIGNMENT|[EXTERNAL]|this|{"accs":"0x72742981","rows":"0x5f1e80ab"}|0x6d27d7ea
03:22:27.0 (16114142)|HEAP_ALLOCATE|[39]|Bytes:8
03:22:27.0 (16120953)|METHOD_ENTRY|[39]|01p360000074iI2|AccountTableWrapper.getAccounts()
03:22:27.0 (16125761)|VARIABLE_SCOPE_BEGIN|[9]|this|AccountTableWrapper|true|false
03:22:27.0 (16145074)|VARIABLE_ASSIGNMENT|[9]|this|{"accs":"0x72742981","rows":"0x5f1e80ab"}|0x6d27d7ea
03:22:27.0 (16152480)|HEAP_ALLOCATE|[11]|Bytes:5
03:22:27.0 (16158286)|STATEMENT_EXECUTE|[10]
03:22:27.0 (16183720)|VARIABLE_ASSIGNMENT|[EXTERNAL]|this|{"accs":"0x72742981","rows":"0x5f1e80ab"}|0x6d27d7ea
03:22:27.0 (16194989)|STATEMENT_EXECUTE|[11]
03:22:27.0 (16198569)|STATEMENT_EXECUTE|[17]
03:22:27.0 (16220892)|VARIABLE_ASSIGNMENT|[EXTERNAL]|this|{"accs":"0x72742981","rows":"0x5f1e80ab"}|0x6d27d7ea
03:22:27.0 (16232500)|METHOD_EXIT|[39]|01p360000074iI2|AccountTableWrapper.getAccounts()
03:22:27.0 (16240838)|HEAP_ALLOCATE|[39]|Bytes:24
03:22:27.0 (16253959)|METHOD_ENTRY|[39]|01p360000074iI2|AccountTableWrapper.RowWrapper.addValue(String)
03:22:27.0 (16259079)|VARIABLE_SCOPE_BEGIN|[80]|this|AccountTableWrapper.RowWrapper|true|false
03:22:27.0 (16277122)|VARIABLE_ASSIGNMENT|[80]|this|{"values":"0x54fd5376"}|0x76217401
03:22:27.0 (16280668)|VARIABLE_SCOPE_BEGIN|[80]|value|String|false|false
03:22:27.0 (16284644)|VARIABLE_ASSIGNMENT|[80]|value|"27215"
03:22:27.0 (16290251)|STATEMENT_EXECUTE|[81]
03:22:27.0 (16293780)|STATEMENT_EXECUTE|[82]
03:22:27.0 (16315145)|VARIABLE_ASSIGNMENT|[EXTERNAL]|this|{"values":"0x54fd5376"}|0x76217401
03:22:27.0 (16329454)|HEAP_ALLOCATE|[EXTERNAL]|Bytes:4
03:22:27.0 (16337667)|METHOD_EXIT|[39]|01p360000074iI2|AccountTableWrapper.RowWrapper.addValue(String)
03:22:27.0 (16341484)|HEAP_ALLOCATE|[34]|Bytes:4
03:22:27.0 (16347691)|VARIABLE_ASSIGNMENT|[34]|idx|2
03:22:27.0 (16354098)|METHOD_ENTRY|[34]|01p360000074iI2|AccountTableWrapper.getAccounts()
03:22:27.0 (16358782)|VARIABLE_SCOPE_BEGIN|[9]|this|AccountTableWrapper|true|false
03:22:27.0 (16378459)|VARIABLE_ASSIGNMENT|[9]|this|{"accs":"0x72742981","rows":"0x5f1e80ab"}|0x6d27d7ea
03:22:27.0 (16386652)|HEAP_ALLOCATE|[11]|Bytes:5
03:22:27.0 (16392512)|STATEMENT_EXECUTE|[10]
03:22:27.0 (16418412)|VARIABLE_ASSIGNMENT|[EXTERNAL]|this|{"accs":"0x72742981","rows":"0x5f1e80ab"}|0x6d27d7ea
03:22:27.0 (16429143)|STATEMENT_EXECUTE|[11]
03:22:27.0 (16432898)|STATEMENT_EXECUTE|[17]
03:22:27.0 (16455325)|VARIABLE_ASSIGNMENT|[EXTERNAL]|this|{"accs":"0x72742981","rows":"0x5f1e80ab"}|0x6d27d7ea
03:22:27.0 (16466796)|METHOD_EXIT|[34]|01p360000074iI2|AccountTableWrapper.getAccounts()
03:22:27.0 (16479891)|STATEMENT_EXECUTE|[35]
03:22:27.0 (16483783)|STATEMENT_EXECUTE|[36]
03:22:27.0 (16507831)|VARIABLE_ASSIGNMENT|[EXTERNAL]|this|{"accs":"0x72742981","rows":"0x5f1e80ab"}|0x6d27d7ea
03:22:27.0 (16524127)|HEAP_ALLOCATE|[36]|Bytes:8
03:22:27.0 (16530993)|METHOD_ENTRY|[36]|01p360000074iI2|AccountTableWrapper.getAccounts()
03:22:27.0 (16535938)|VARIABLE_SCOPE_BEGIN|[9]|this|AccountTableWrapper|true|false
03:22:27.0 (16556071)|VARIABLE_ASSIGNMENT|[9]|this|{"accs":"0x72742981","rows":"0x5f1e80ab"}|0x6d27d7ea
03:22:27.0 (16563499)|HEAP_ALLOCATE|[11]|Bytes:5
03:22:27.0 (16569387)|STATEMENT_EXECUTE|[10]
03:22:27.0 (16594772)|VARIABLE_ASSIGNMENT|[EXTERNAL]|this|{"accs":"0x72742981","rows":"0x5f1e80ab"}|0x6d27d7ea
03:22:27.0 (16605945)|STATEMENT_EXECUTE|[11]
03:22:27.0 (16609669)|STATEMENT_EXECUTE|[17]
03:22:27.0 (16631917)|VARIABLE_ASSIGNMENT|[EXTERNAL]|this|{"accs":"0x72742981","rows":"0x5f1e80ab"}|0x6d27d7ea
03:22:27.0 (16643292)|METHOD_EXIT|[36]|01p360000074iI2|AccountTableWrapper.getAccounts()
03:22:27.0 (16659067)|HEAP_ALLOCATE|[36]|Bytes:24
03:22:27.0 (16674657)|METHOD_ENTRY|[36]|01p360000074iI2|AccountTableWrapper.RowWrapper.addValue(String)
03:22:27.0 (16680261)|VARIABLE_SCOPE_BEGIN|[80]|this|AccountTableWrapper.RowWrapper|true|false
03:22:27.0 (16698991)|VARIABLE_ASSIGNMENT|[80]|this|{"values":"0x2cff58ef"}|0x3ad20c68
03:22:27.0 (16702532)|VARIABLE_SCOPE_BEGIN|[80]|value|String|false|false
03:22:27.0 (16707750)|VARIABLE_ASSIGNMENT|[80]|value|"Pyramid Construction (5 more) ..."
03:22:27.0 (16713915)|STATEMENT_EXECUTE|[81]
03:22:27.0 (16717477)|STATEMENT_EXECUTE|[82]
03:22:27.0 (16739198)|VARIABLE_ASSIGNMENT|[EXTERNAL]|this|{"values":"0x2cff58ef"}|0x3ad20c68
03:22:27.0 (16753560)|HEAP_ALLOCATE|[EXTERNAL]|Bytes:4
03:22:27.0 (16761872)|METHOD_EXIT|[36]|01p360000074iI2|AccountTableWrapper.RowWrapper.addValue(String)
03:22:27.0 (16767428)|STATEMENT_EXECUTE|[37]
03:22:27.0 (16792864)|VARIABLE_ASSIGNMENT|[EXTERNAL]|this|{"accs":"0x72742981","rows":"0x5f1e80ab"}|0x6d27d7ea
03:22:27.0 (16805905)|HEAP_ALLOCATE|[37]|Bytes:8
03:22:27.0 (16812613)|METHOD_ENTRY|[37]|01p360000074iI2|AccountTableWrapper.getAccounts()
03:22:27.0 (16817541)|VARIABLE_SCOPE_BEGIN|[9]|this|AccountTableWrapper|true|false
03:22:27.0 (16836607)|VARIABLE_ASSIGNMENT|[9]|this|{"accs":"0x72742981","rows":"0x5f1e80ab"}|0x6d27d7ea
03:22:27.0 (16843962)|HEAP_ALLOCATE|[11]|Bytes:5
03:22:27.0 (16849755)|STATEMENT_EXECUTE|[10]
03:22:27.0 (16875546)|VARIABLE_ASSIGNMENT|[EXTERNAL]|this|{"accs":"0x72742981","rows":"0x5f1e80ab"}|0x6d27d7ea
03:22:27.0 (16886377)|STATEMENT_EXECUTE|[11]
03:22:27.0 (16890140)|STATEMENT_EXECUTE|[17]
03:22:27.0 (16912470)|VARIABLE_ASSIGNMENT|[EXTERNAL]|this|{"accs":"0x72742981","rows":"0x5f1e80ab"}|0x6d27d7ea
03:22:27.0 (16923817)|METHOD_EXIT|[37]|01p360000074iI2|AccountTableWrapper.getAccounts()
03:22:27.0 (16931600)|HEAP_ALLOCATE|[37]|Bytes:24
03:22:27.0 (16944313)|METHOD_ENTRY|[37]|01p360000074iI2|AccountTableWrapper.RowWrapper.addValue(String)
03:22:27.0 (16949780)|VARIABLE_SCOPE_BEGIN|[80]|this|AccountTableWrapper.RowWrapper|true|false
03:22:27.0 (16967945)|VARIABLE_ASSIGNMENT|[80]|this|{"values":"0xd45f764"}|0x27de0ebb
03:22:27.0 (16971451)|VARIABLE_SCOPE_BEGIN|[80]|value|String|false|false
03:22:27.0 (16975968)|VARIABLE_ASSIGNMENT|[80]|value|"2 Place Jussieu"
03:22:27.0 (16981882)|STATEMENT_EXECUTE|[81]
03:22:27.0 (16985351)|STATEMENT_EXECUTE|[82]
03:22:27.0 (17006902)|VARIABLE_ASSIGNMENT|[EXTERNAL]|this|{"values":"0xd45f764"}|0x27de0ebb
03:22:27.0 (17022138)|HEAP_ALLOCATE|[EXTERNAL]|Bytes:4
03:22:27.0 (17030381)|METHOD_EXIT|[37]|01p360000074iI2|AccountTableWrapper.RowWrapper.addValue(String)
03:22:27.0 (17035923)|STATEMENT_EXECUTE|[38]
03:22:27.0 (17061363)|VARIABLE_ASSIGNMENT|[EXTERNAL]|this|{"accs":"0x72742981","rows":"0x5f1e80ab"}|0x6d27d7ea
03:22:27.0 (17074586)|HEAP_ALLOCATE|[38]|Bytes:8
03:22:27.0 (17081276)|METHOD_ENTRY|[38]|01p360000074iI2|AccountTableWrapper.getAccounts()
03:22:27.0 (17086170)|VARIABLE_SCOPE_BEGIN|[9]|this|AccountTableWrapper|true|false
03:22:27.0 (17105349)|VARIABLE_ASSIGNMENT|[9]|this|{"accs":"0x72742981","rows":"0x5f1e80ab"}|0x6d27d7ea
03:22:27.0 (17112707)|HEAP_ALLOCATE|[11]|Bytes:5
03:22:27.0 (17118585)|STATEMENT_EXECUTE|[10]
03:22:27.0 (17144144)|VARIABLE_ASSIGNMENT|[EXTERNAL]|this|{"accs":"0x72742981","rows":"0x5f1e80ab"}|0x6d27d7ea
03:22:27.0 (17169515)|STATEMENT_EXECUTE|[11]
03:22:27.0 (17174689)|STATEMENT_EXECUTE|[17]
03:22:27.0 (17201475)|VARIABLE_ASSIGNMENT|[EXTERNAL]|this|{"accs":"0x72742981","rows":"0x5f1e80ab"}|0x6d27d7ea
03:22:27.0 (17214160)|METHOD_EXIT|[38]|01p360000074iI2|AccountTableWrapper.getAccounts()
03:22:27.0 (17222150)|HEAP_ALLOCATE|[38]|Bytes:24
03:22:27.0 (17235498)|METHOD_ENTRY|[38]|01p360000074iI2|AccountTableWrapper.RowWrapper.addValue(String)
03:22:27.0 (17240759)|VARIABLE_SCOPE_BEGIN|[80]|this|AccountTableWrapper.RowWrapper|true|false
03:22:27.0 (17258841)|VARIABLE_ASSIGNMENT|[80]|this|{"values":"0x215d1d47"}|0x5babee03
03:22:27.0 (17262328)|VARIABLE_SCOPE_BEGIN|[80]|value|String|false|false
03:22:27.0 (17266206)|VARIABLE_ASSIGNMENT|[80]|value|"Paris"
03:22:27.0 (17271773)|STATEMENT_EXECUTE|[81]
03:22:27.0 (17275452)|STATEMENT_EXECUTE|[82]
03:22:27.0 (17296683)|VARIABLE_ASSIGNMENT|[EXTERNAL]|this|{"values":"0x215d1d47"}|0x5babee03
03:22:27.0 (17311280)|HEAP_ALLOCATE|[EXTERNAL]|Bytes:4
03:22:27.0 (17319467)|METHOD_EXIT|[38]|01p360000074iI2|AccountTableWrapper.RowWrapper.addValue(String)
03:22:27.0 (17324928)|STATEMENT_EXECUTE|[39]
03:22:27.0 (17350406)|VARIABLE_ASSIGNMENT|[EXTERNAL]|this|{"accs":"0x72742981","rows":"0x5f1e80ab"}|0x6d27d7ea
03:22:27.0 (17376814)|HEAP_ALLOCATE|[39]|Bytes:8
03:22:27.0 (17383929)|METHOD_ENTRY|[39]|01p360000074iI2|AccountTableWrapper.getAccounts()
03:22:27.0 (17389001)|VARIABLE_SCOPE_BEGIN|[9]|this|AccountTableWrapper|true|false
03:22:27.0 (17410062)|VARIABLE_ASSIGNMENT|[9]|this|{"accs":"0x72742981","rows":"0x5f1e80ab"}|0x6d27d7ea
03:22:27.0 (17418169)|HEAP_ALLOCATE|[11]|Bytes:5
03:22:27.0 (17424121)|STATEMENT_EXECUTE|[10]
03:22:27.0 (17450073)|VARIABLE_ASSIGNMENT|[EXTERNAL]|this|{"accs":"0x72742981","rows":"0x5f1e80ab"}|0x6d27d7ea
03:22:27.0 (17461048)|STATEMENT_EXECUTE|[11]
03:22:27.0 (17464854)|STATEMENT_EXECUTE|[17]
03:22:27.0 (17487140)|VARIABLE_ASSIGNMENT|[EXTERNAL]|this|{"accs":"0x72742981","rows":"0x5f1e80ab"}|0x6d27d7ea
03:22:27.0 (17498861)|METHOD_EXIT|[39]|01p360000074iI2|AccountTableWrapper.getAccounts()
03:22:27.0 (17506769)|HEAP_ALLOCATE|[39]|Bytes:24
03:22:27.0 (17523875)|METHOD_ENTRY|[39]|01p360000074iI2|AccountTableWrapper.RowWrapper.addValue(String)
03:22:27.0 (17529343)|VARIABLE_SCOPE_BEGIN|[80]|this|AccountTableWrapper.RowWrapper|true|false
03:22:27.0 (17547784)|VARIABLE_ASSIGNMENT|[80]|this|{"values":"0x54fd5376"}|0x76217401
03:22:27.0 (17551364)|VARIABLE_SCOPE_BEGIN|[80]|value|String|false|false
03:22:27.0 (17555337)|VARIABLE_ASSIGNMENT|[80]|value|"75251"
03:22:27.0 (17560973)|STATEMENT_EXECUTE|[81]
03:22:27.0 (17564687)|STATEMENT_EXECUTE|[82]
03:22:27.0 (17586342)|VARIABLE_ASSIGNMENT|[EXTERNAL]|this|{"values":"0x54fd5376"}|0x76217401
03:22:27.0 (17600530)|HEAP_ALLOCATE|[EXTERNAL]|Bytes:4
03:22:27.0 (17609038)|METHOD_EXIT|[39]|01p360000074iI2|AccountTableWrapper.RowWrapper.addValue(String)
03:22:27.0 (17612847)|HEAP_ALLOCATE|[34]|Bytes:4
03:22:27.0 (17618920)|VARIABLE_ASSIGNMENT|[34]|idx|3
03:22:27.0 (17625291)|METHOD_ENTRY|[34]|01p360000074iI2|AccountTableWrapper.getAccounts()
03:22:27.0 (17630158)|VARIABLE_SCOPE_BEGIN|[9]|this|AccountTableWrapper|true|false
03:22:27.0 (17650216)|VARIABLE_ASSIGNMENT|[9]|this|{"accs":"0x72742981","rows":"0x5f1e80ab"}|0x6d27d7ea
03:22:27.0 (17657964)|HEAP_ALLOCATE|[11]|Bytes:5
03:22:27.0 (17663840)|STATEMENT_EXECUTE|[10]
03:22:27.0 (17689891)|VARIABLE_ASSIGNMENT|[EXTERNAL]|this|{"accs":"0x72742981","rows":"0x5f1e80ab"}|0x6d27d7ea
03:22:27.0 (17700665)|STATEMENT_EXECUTE|[11]
03:22:27.0 (17704425)|STATEMENT_EXECUTE|[17]
03:22:27.0 (17726616)|VARIABLE_ASSIGNMENT|[EXTERNAL]|this|{"accs":"0x72742981","rows":"0x5f1e80ab"}|0x6d27d7ea
03:22:27.0 (17738641)|METHOD_EXIT|[34]|01p360000074iI2|AccountTableWrapper.getAccounts()
03:22:27.0 (17752430)|STATEMENT_EXECUTE|[43]
03:22:27.0 (17797481)|VARIABLE_ASSIGNMENT|[EXTERNAL]|this|{"accs":"0x72742981","rows":"0x5f1e80ab"}|0x6d27d7ea
03:22:27.0 (17811575)|SYSTEM_MODE_EXIT|false
03:22:27.0 (17823738)|CODE_UNIT_FINISHED|AccountTableWrapper invoke(getrowWrappers)
03:22:27.0 (17839963)|CODE_UNIT_FINISHED|AccountTableWrapper get(rowWrappers)
03:22:27.0 (18094214)|CODE_UNIT_STARTED|[EXTERNAL]|01p360000074iI2|values
03:22:27.0 (18107713)|CODE_UNIT_FINISHED|values
03:22:27.0 (18279246)|CODE_UNIT_STARTED|[EXTERNAL]|01p360000074iI2|values
03:22:27.0 (18291553)|CODE_UNIT_FINISHED|values
03:22:27.0 (18456667)|CODE_UNIT_STARTED|[EXTERNAL]|01p360000074iI2|values
03:22:27.0 (18468591)|CODE_UNIT_FINISHED|values
03:22:27.0 (18638075)|CODE_UNIT_STARTED|[EXTERNAL]|01p360000074iI2|values
03:22:27.0 (18649839)|CODE_UNIT_FINISHED|values
03:22:27.0 (22792039)|VF_SERIALIZE_VIEWSTATE_BEGIN|06636000002n6IF
03:22:27.0 (33252210)|VF_SERIALIZE_VIEWSTATE_END
03:22:27.0 (39350978)|CODE_UNIT_STARTED|[EXTERNAL]|Generate Metadata
03:22:27.0 (43935549)|CODE_UNIT_FINISHED|Generate Metadata
03:22:27.49 (49668920)|CUMULATIVE_LIMIT_USAGE
03:22:27.49 (49668920)|LIMIT_USAGE_FOR_NS|(default)|
  Number of SOQL queries: 1 out of 100
  Number of query rows: 3 out of 50000
  Number of SOSL queries: 0 out of 20
  Number of DML statements: 0 out of 150
  Number of DML rows: 0 out of 10000
  Maximum CPU time: 0 out of 10000
  Maximum heap size: 0 out of 6000000
  Number of callouts: 0 out of 100
  Number of Email Invocations: 0 out of 10
  Number of future calls: 0 out of 50
  Number of queueable jobs added to the queue: 0 out of 50
  Number of Mobile Apex push calls: 0 out of 10

03:22:27.49 (49668920)|CUMULATIVE_LIMIT_USAGE_END

03:22:27.0 (49727102)|CODE_UNIT_FINISHED|VF: /apex/AccountTabWrap
03:22:27.0 (51221764)|EXECUTION_FINISHED
