36.0 APEX_CODE,FINEST;APEX_PROFILING,INFO;CALLOUT,INFO;DB,INFO;SYSTEM,DEBUG;VALIDATION,INFO;VISUALFORCE,INFO;WORKFLOW,INFO
09:05:59.0 (72563)|EXECUTION_STARTED
09:05:59.0 (102691)|CODE_UNIT_STARTED|[EXTERNAL]|01p36000006RnKY|InventoryController.findAll
09:05:59.0 (319454)|HEAP_ALLOCATE|[72]|Bytes:3
09:05:59.0 (392567)|HEAP_ALLOCATE|[77]|Bytes:152
09:05:59.0 (407920)|HEAP_ALLOCATE|[342]|Bytes:408
09:05:59.0 (431792)|HEAP_ALLOCATE|[355]|Bytes:408
09:05:59.0 (448312)|HEAP_ALLOCATE|[467]|Bytes:48
09:05:59.0 (516293)|HEAP_ALLOCATE|[139]|Bytes:6
09:05:59.0 (544513)|HEAP_ALLOCATE|[EXTERNAL]|Bytes:4
09:05:59.0 (596283)|METHOD_ENTRY|[1]|01p36000006RnKY|InventoryController.InventoryController()
09:05:59.0 (601855)|STATEMENT_EXECUTE|[1]
09:05:59.0 (609044)|STATEMENT_EXECUTE|[1]
09:05:59.0 (647626)|HEAP_ALLOCATE|[50]|Bytes:5
09:05:59.0 (671887)|HEAP_ALLOCATE|[56]|Bytes:5
09:05:59.0 (680757)|HEAP_ALLOCATE|[64]|Bytes:7
09:05:59.0 (704427)|SYSTEM_MODE_ENTER|false
09:05:59.0 (848924)|HEAP_ALLOCATE|[EXTERNAL]|Bytes:5
09:05:59.0 (856948)|SYSTEM_MODE_EXIT|false
09:05:59.0 (889474)|METHOD_EXIT|[1]|InventoryController
09:05:59.0 (899775)|SYSTEM_MODE_ENTER|false
09:05:59.0 (914884)|HEAP_ALLOCATE|[6]|Bytes:5
09:05:59.0 (919328)|STATEMENT_EXECUTE|[4]
09:05:59.0 (920763)|STATEMENT_EXECUTE|[6]
09:05:59.0 (932645)|HEAP_ALLOCATE|[6]|Bytes:4
09:05:59.0 (972992)|HEAP_ALLOCATE|[6]|Bytes:2
09:05:59.0 (984148)|HEAP_ALLOCATE|[7]|Bytes:4
09:05:59.0 (988733)|HEAP_ALLOCATE|[8]|Bytes:19
09:05:59.0 (993777)|HEAP_ALLOCATE|[9]|Bytes:16
09:05:59.0 (997716)|HEAP_ALLOCATE|[10]|Bytes:22
09:05:59.0 (1001986)|HEAP_ALLOCATE|[11]|Bytes:8
09:05:59.0 (1007358)|HEAP_ALLOCATE|[12]|Bytes:16
09:05:59.0 (1015150)|VARIABLE_SCOPE_BEGIN|[6]|fields|List<String>|true|false
09:05:59.0 (1123557)|HEAP_ALLOCATE|[EXTERNAL]|Bytes:32
09:05:59.0 (1163541)|VARIABLE_ASSIGNMENT|[6]|fields|{"s":1,"v":"List of size 7 too large to display"}|0x474f0895
09:05:59.0 (1167918)|STATEMENT_EXECUTE|[17]
09:05:59.0 (1171716)|HEAP_ALLOCATE|[17]|Bytes:21
09:05:59.0 (2029651)|HEAP_ALLOCATE|[17]|Bytes:4
09:05:59.0 (4120722)|HEAP_ALLOCATE|[17]|Bytes:68
09:05:59.0 (4134932)|VARIABLE_SCOPE_BEGIN|[17]|m|Map<String,Schema.SObjectField>|true|false
09:05:59.0 (4390411)|VARIABLE_ASSIGNMENT|[17]|m|"{contact_person__c=Contact_Person__c, createdbyid=CreatedById, createddate=CreatedDate, customer__c=Customer__c, description__c=Description__c, id=Id, inventory_number__c=Inventory_Number__c, isdeleted=IsDeleted, lastactivitydate=LastActivityDate, lastmodifiedbyid=LastModifiedById, ...}"|0x61352b63
09:05:59.0 (4492394)|HEAP_ALLOCATE|[19]|Bytes:5
09:05:59.0 (4526725)|HEAP_ALLOCATE|[19]|Bytes:2
09:05:59.0 (4537214)|VARIABLE_SCOPE_BEGIN|[19]|field|String|false|false
09:05:59.0 (4545070)|VARIABLE_ASSIGNMENT|[19]|field|"id"
09:05:59.0 (4548149)|STATEMENT_EXECUTE|[19]
09:05:59.0 (5203996)|HEAP_ALLOCATE|[22]|Bytes:8
09:05:59.0 (5234451)|STATEMENT_EXECUTE|[22]
09:05:59.0 (5249650)|HEAP_ALLOCATE|[19]|Bytes:5
09:05:59.0 (5260288)|HEAP_ALLOCATE|[19]|Bytes:4
09:05:59.0 (5266501)|VARIABLE_SCOPE_BEGIN|[19]|field|String|false|false
09:05:59.0 (5278001)|VARIABLE_ASSIGNMENT|[19]|field|"Name"
09:05:59.0 (5280730)|STATEMENT_EXECUTE|[19]
09:05:59.0 (5420321)|HEAP_ALLOCATE|[22]|Bytes:8
09:05:59.0 (5440235)|STATEMENT_EXECUTE|[22]
09:05:59.0 (5453863)|HEAP_ALLOCATE|[19]|Bytes:5
09:05:59.0 (5463374)|HEAP_ALLOCATE|[19]|Bytes:19
09:05:59.0 (5469614)|VARIABLE_SCOPE_BEGIN|[19]|field|String|false|false
09:05:59.0 (5477488)|VARIABLE_ASSIGNMENT|[19]|field|"Inventory_Number__c"
09:05:59.0 (5480279)|STATEMENT_EXECUTE|[19]
09:05:59.0 (7667399)|HEAP_ALLOCATE|[22]|Bytes:8
09:05:59.0 (7684783)|STATEMENT_EXECUTE|[22]
09:05:59.0 (7699349)|HEAP_ALLOCATE|[19]|Bytes:5
09:05:59.0 (7709417)|HEAP_ALLOCATE|[19]|Bytes:16
09:05:59.0 (7715928)|VARIABLE_SCOPE_BEGIN|[19]|field|String|false|false
09:05:59.0 (7724186)|VARIABLE_ASSIGNMENT|[19]|field|"Customer__r.Name"
09:05:59.0 (7727094)|STATEMENT_EXECUTE|[19]
09:05:59.0 (7815279)|HEAP_ALLOCATE|[22]|Bytes:41
09:05:59.0 (7927936)|FATAL_ERROR|System.NullPointerException: Attempt to de-reference a null object

Class.InventoryController.findAll: line 22, column 1
09:05:59.0 (7940750)|FATAL_ERROR|System.NullPointerException: Attempt to de-reference a null object

Class.InventoryController.findAll: line 22, column 1
09:05:59.7 (7950692)|CUMULATIVE_LIMIT_USAGE
09:05:59.7 (7950692)|LIMIT_USAGE_FOR_NS|(default)|
  Number of SOQL queries: 0 out of 100
  Number of query rows: 0 out of 50000
  Number of SOSL queries: 0 out of 20
  Number of DML statements: 0 out of 150
  Number of DML rows: 0 out of 10000
  Maximum CPU time: 0 out of 10000
  Maximum heap size: 0 out of 6000000
  Number of callouts: 0 out of 100
  Number of Email Invocations: 0 out of 10
  Number of future calls: 0 out of 50
  Number of queueable jobs added to the queue: 0 out of 50
  Number of Mobile Apex push calls: 0 out of 10

09:05:59.7 (7950692)|CUMULATIVE_LIMIT_USAGE_END

09:05:59.0 (7995964)|CODE_UNIT_FINISHED|InventoryController.findAll
09:05:59.0 (10489106)|EXECUTION_FINISHED
