36.0 APEX_CODE,FINEST;APEX_PROFILING,INFO;CALLOUT,INFO;DB,INFO;SYSTEM,DEBUG;VALIDATION,INFO;VISUALFORCE,INFO;WORKFLOW,INFO
12:27:02.0 (575416)|EXECUTION_STARTED
12:27:02.0 (611042)|CODE_UNIT_STARTED|[EXTERNAL]|aura
12:27:02.0 (1090478)|HEAP_ALLOCATE|[72]|Bytes:3
12:27:02.0 (1143160)|HEAP_ALLOCATE|[77]|Bytes:152
12:27:02.0 (1163536)|HEAP_ALLOCATE|[342]|Bytes:408
12:27:02.0 (1184812)|HEAP_ALLOCATE|[355]|Bytes:408
12:27:02.0 (1204636)|HEAP_ALLOCATE|[467]|Bytes:48
12:27:02.0 (1242716)|HEAP_ALLOCATE|[139]|Bytes:6
12:27:02.0 (1273859)|HEAP_ALLOCATE|[EXTERNAL]|Bytes:18
12:27:02.0 (1289087)|HEAP_ALLOCATE|[EXTERNAL]|Bytes:18
12:27:02.0 (4124657)|CODE_UNIT_STARTED|[EXTERNAL]|01p36000006TzBn|AwesomeProductController.getProductByName
12:27:02.0 (4247732)|HEAP_ALLOCATE|[EXTERNAL]|Bytes:3
12:27:02.0 (4263218)|METHOD_ENTRY|[1]|01p36000006TzBn|AwesomeProductController.AwesomeProductController()
12:27:02.0 (4268250)|STATEMENT_EXECUTE|[1]
12:27:02.0 (4273493)|STATEMENT_EXECUTE|[1]
12:27:02.0 (4278415)|METHOD_EXIT|[1]|AwesomeProductController
12:27:02.0 (4282684)|HEAP_ALLOCATE|[EXTERNAL]|Bytes:18
12:27:02.0 (4292147)|SYSTEM_MODE_ENTER|false
12:27:02.0 (4302537)|VARIABLE_SCOPE_BEGIN|[8]|name|String|false|false
12:27:02.0 (4335585)|VARIABLE_ASSIGNMENT|[8]|name|"Always Be Yourself"
12:27:02.0 (4346818)|STATEMENT_EXECUTE|[8]
12:27:02.0 (4348327)|STATEMENT_EXECUTE|[9]
12:27:02.0 (4352121)|HEAP_ALLOCATE|[9]|Bytes:167
12:27:02.0 (4361250)|HEAP_ALLOCATE|[9]|Bytes:4
12:27:02.0 (4371471)|HEAP_ALLOCATE|[9]|Bytes:7
12:27:02.0 (4419895)|HEAP_ALLOCATE|[50]|Bytes:5
12:27:02.0 (4443831)|HEAP_ALLOCATE|[56]|Bytes:5
12:27:02.0 (4453596)|HEAP_ALLOCATE|[64]|Bytes:7
12:27:02.0 (6212175)|SOQL_EXECUTE_BEGIN|[9]|Aggregations:1|SELECT id, name, photo__c, color__c, points__c, description__c, (SELECT name FROM product_sizes__r ORDER BY name ASC NULLS FIRST) FROM product__c WHERE name = :tmpVar1
12:27:02.0 (12452450)|SOQL_EXECUTE_END|[9]|Rows:0
12:27:02.0 (12486026)|HEAP_ALLOCATE|[9]|Bytes:4
12:27:02.0 (12507722)|HEAP_ALLOCATE|[9]|Bytes:0
12:27:02.0 (12549985)|HEAP_ALLOCATE|[9]|Bytes:4
12:27:02.0 (12565189)|HEAP_ALLOCATE|[9]|Bytes:36
12:27:02.0 (12707487)|HEAP_ALLOCATE|[9]|Bytes:46
12:27:02.0 (12882287)|FATAL_ERROR|System.QueryException: List has no rows for assignment to SObject

Class.AwesomeProductController.getProductByName: line 9, column 1
12:27:02.0 (12899549)|FATAL_ERROR|System.QueryException: List has no rows for assignment to SObject

Class.AwesomeProductController.getProductByName: line 9, column 1
12:27:02.12 (12911453)|CUMULATIVE_LIMIT_USAGE
12:27:02.12 (12911453)|LIMIT_USAGE_FOR_NS|(default)|
  Number of SOQL queries: 1 out of 100
  Number of query rows: 0 out of 50000
  Number of SOSL queries: 0 out of 20
  Number of DML statements: 0 out of 150
  Number of DML rows: 0 out of 10000
  Maximum CPU time: 0 out of 10000
  Maximum heap size: 0 out of 6000000
  Number of callouts: 0 out of 100
  Number of Email Invocations: 0 out of 10
  Number of future calls: 0 out of 50
  Number of queueable jobs added to the queue: 0 out of 50
  Number of Mobile Apex push calls: 0 out of 10

12:27:02.12 (12911453)|CUMULATIVE_LIMIT_USAGE_END

12:27:02.0 (12958225)|CODE_UNIT_FINISHED|AwesomeProductController.getProductByName
12:27:02.0 (18499812)|CODE_UNIT_STARTED|[EXTERNAL]|01p36000006TzBn|AwesomeProductController.getProducts
12:27:02.0 (18565342)|STATEMENT_EXECUTE|[3]
12:27:02.0 (18570234)|STATEMENT_EXECUTE|[4]
12:27:02.0 (18581750)|HEAP_ALLOCATE|[4]|Bytes:68
12:27:02.0 (18592705)|HEAP_ALLOCATE|[4]|Bytes:4
12:27:02.0 (18814072)|SOQL_EXECUTE_BEGIN|[4]|Aggregations:0|SELECT id, name, photo__c, description__c, points__c FROM product__c
12:27:02.0 (20916924)|SOQL_EXECUTE_END|[4]|Rows:1
12:27:02.0 (20936559)|HEAP_ALLOCATE|[4]|Bytes:8
12:27:02.0 (20958171)|HEAP_ALLOCATE|[4]|Bytes:243
12:27:02.0 (20982689)|HEAP_ALLOCATE|[4]|Bytes:8
12:27:02.21 (21031044)|CUMULATIVE_LIMIT_USAGE
12:27:02.21 (21031044)|LIMIT_USAGE_FOR_NS|(default)|
  Number of SOQL queries: 2 out of 100
  Number of query rows: 1 out of 50000
  Number of SOSL queries: 0 out of 20
  Number of DML statements: 0 out of 150
  Number of DML rows: 0 out of 10000
  Maximum CPU time: 0 out of 10000
  Maximum heap size: 0 out of 6000000
  Number of callouts: 0 out of 100
  Number of Email Invocations: 0 out of 10
  Number of future calls: 0 out of 50
  Number of queueable jobs added to the queue: 0 out of 50
  Number of Mobile Apex push calls: 0 out of 10

12:27:02.21 (21031044)|CUMULATIVE_LIMIT_USAGE_END

12:27:02.0 (21070372)|CODE_UNIT_FINISHED|AwesomeProductController.getProducts
