36.0 APEX_CODE,FINEST;APEX_PROFILING,INFO;CALLOUT,INFO;DB,INFO;SYSTEM,DEBUG;VALIDATION,INFO;VISUALFORCE,INFO;WORKFLOW,INFO
06:20:58.0 (476277)|EXECUTION_STARTED
06:20:58.0 (516389)|CODE_UNIT_STARTED|[EXTERNAL]|06636000002n7XB|VF: /apex/DraftsToPersonTable
06:20:58.0 (10891383)|CODE_UNIT_STARTED|[EXTERNAL]|01p360000074pQr|DraftsToPersons <init>
06:20:58.0 (10908770)|SYSTEM_MODE_ENTER|true
06:20:58.0 (11406141)|HEAP_ALLOCATE|[72]|Bytes:3
06:20:58.0 (11471463)|HEAP_ALLOCATE|[77]|Bytes:152
06:20:58.0 (11495929)|HEAP_ALLOCATE|[342]|Bytes:408
06:20:58.0 (11515318)|HEAP_ALLOCATE|[355]|Bytes:408
06:20:58.0 (11534099)|HEAP_ALLOCATE|[467]|Bytes:48
06:20:58.0 (11578371)|HEAP_ALLOCATE|[139]|Bytes:6
06:20:58.0 (11606058)|HEAP_ALLOCATE|[EXTERNAL]|Bytes:10
06:20:58.0 (11610716)|HEAP_ALLOCATE|[EXTERNAL]|Bytes:144
06:20:58.0 (11613371)|HEAP_ALLOCATE|[EXTERNAL]|Bytes:21
06:20:58.0 (11630065)|METHOD_ENTRY|[1]|01p360000074pQr|DraftsToPersons.DraftsToPersons()
06:20:58.0 (11635096)|STATEMENT_EXECUTE|[1]
06:20:58.0 (11643221)|STATEMENT_EXECUTE|[1]
06:20:58.0 (11679318)|HEAP_ALLOCATE|[50]|Bytes:5
06:20:58.0 (11706267)|HEAP_ALLOCATE|[56]|Bytes:5
06:20:58.0 (11714698)|HEAP_ALLOCATE|[64]|Bytes:7
06:20:58.0 (11741863)|SYSTEM_MODE_ENTER|false
06:20:58.0 (11761079)|HEAP_ALLOCATE|[EXTERNAL]|Bytes:5
06:20:58.0 (11765044)|STATEMENT_EXECUTE|[69]
06:20:58.0 (11771664)|SYSTEM_MODE_EXIT|false
06:20:58.0 (11783980)|METHOD_EXIT|[1]|DraftsToPersons
06:20:58.0 (12103890)|HEAP_ALLOCATE|[EXTERNAL]|Bytes:20
06:20:58.0 (12115959)|VARIABLE_SCOPE_BEGIN|[7]|this|DraftsToPersons|true|false
06:20:58.0 (12197460)|VARIABLE_ASSIGNMENT|[7]|this|{}|0x497d3b30
06:20:58.0 (12209256)|SYSTEM_MODE_ENTER|false
06:20:58.0 (12214221)|HEAP_ALLOCATE|[EXTERNAL]|Bytes:5
06:20:58.0 (12217821)|STATEMENT_EXECUTE|[1]
06:20:58.0 (12220500)|HEAP_ALLOCATE|[EXTERNAL]|Bytes:5
06:20:58.0 (12222227)|STATEMENT_EXECUTE|[2]
06:20:58.0 (12223758)|STATEMENT_EXECUTE|[3]
06:20:58.0 (12224719)|STATEMENT_EXECUTE|[4]
06:20:58.0 (12225669)|STATEMENT_EXECUTE|[5]
06:20:58.0 (12235508)|HEAP_ALLOCATE|[EXTERNAL]|Bytes:6
06:20:58.0 (12262162)|STATEMENT_EXECUTE|[8]
06:20:58.0 (12268565)|SYSTEM_MODE_EXIT|false
06:20:58.0 (12286908)|CODE_UNIT_FINISHED|DraftsToPersons <init>
06:20:58.0 (12343398)|CODE_UNIT_STARTED|[EXTERNAL]|01p360000074pQr|DraftsToPersons get(Persons)
06:20:58.0 (12352551)|SYSTEM_MODE_ENTER|true
06:20:58.0 (12383902)|CODE_UNIT_STARTED|[EXTERNAL]|01p360000074pQr|DraftsToPersons invoke(getPersons)
06:20:58.0 (12424400)|HEAP_ALLOCATE|[EXTERNAL]|Bytes:20
06:20:58.0 (12432390)|VARIABLE_SCOPE_BEGIN|[23]|this|DraftsToPersons|true|false
06:20:58.0 (12451074)|VARIABLE_ASSIGNMENT|[23]|this|{}|0x497d3b30
06:20:58.0 (12465229)|SYSTEM_MODE_ENTER|false
06:20:58.0 (12469627)|HEAP_ALLOCATE|[25]|Bytes:5
06:20:58.0 (12473003)|STATEMENT_EXECUTE|[24]
06:20:58.0 (12526546)|VARIABLE_ASSIGNMENT|[EXTERNAL]|this|{}|0x497d3b30
06:20:58.0 (12541122)|STATEMENT_EXECUTE|[26]
06:20:58.0 (12542631)|STATEMENT_EXECUTE|[27]
06:20:58.0 (12546026)|HEAP_ALLOCATE|[27]|Bytes:71
06:20:58.0 (12562354)|HEAP_ALLOCATE|[27]|Bytes:4
06:20:58.0 (13559560)|SOQL_EXECUTE_BEGIN|[27]|Aggregations:0|SELECT id, Name FROM Person__c ORDER BY Name ASC NULLS FIRST LIMIT 1000
06:20:58.0 (16921794)|SOQL_EXECUTE_END|[27]|Rows:2
06:20:58.0 (16949451)|HEAP_ALLOCATE|[27]|Bytes:12
06:20:58.0 (16970422)|HEAP_ALLOCATE|[27]|Bytes:97
06:20:58.0 (17012480)|HEAP_ALLOCATE|[27]|Bytes:12
06:20:58.0 (17059169)|VARIABLE_ASSIGNMENT|[EXTERNAL]|this|{}|0x497d3b30
06:20:58.0 (17098128)|VARIABLE_ASSIGNMENT|[EXTERNAL]|value|{"s":1,"v":[{"s":2,"v":{"Id":"a0N36000000xneOEAQ","Name":"Andiy Lokotosh"}},{"s":3,"v":{"Id":"a0N36000000xneTEAQ","Name":"Jon Smith"}}]}|0x50ff6fce
06:20:58.0 (17121078)|VARIABLE_ASSIGNMENT|[3]|this.pers|{"s":1,"v":[{"s":2,"v":{"Id":"a0N36000000xneOEAQ","Name":"Andiy Lokotosh"}},{"s":3,"v":{"Id":"a0N36000000xneTEAQ","Name":"Jon Smith"}}]}|0x497d3b30
06:20:58.0 (17130770)|STATEMENT_EXECUTE|[31]
06:20:58.0 (17167178)|VARIABLE_ASSIGNMENT|[EXTERNAL]|this|{"pers":"0x50ff6fce"}|0x497d3b30
06:20:58.0 (17182444)|SYSTEM_MODE_EXIT|false
06:20:58.0 (17195302)|CODE_UNIT_FINISHED|DraftsToPersons invoke(getPersons)
06:20:58.0 (17228968)|CODE_UNIT_FINISHED|DraftsToPersons get(Persons)
06:20:58.0 (17540698)|CODE_UNIT_STARTED|[EXTERNAL]|01p360000074pQr|DraftsToPersons get(Drafts)
06:20:58.0 (17550688)|SYSTEM_MODE_ENTER|true
06:20:58.0 (17571824)|CODE_UNIT_STARTED|[EXTERNAL]|01p360000074pQr|DraftsToPersons invoke(getDrafts)
06:20:58.0 (17607099)|HEAP_ALLOCATE|[EXTERNAL]|Bytes:20
06:20:58.0 (17614714)|VARIABLE_SCOPE_BEGIN|[12]|this|DraftsToPersons|true|false
06:20:58.0 (17636745)|VARIABLE_ASSIGNMENT|[12]|this|{"pers":"0x50ff6fce"}|0x497d3b30
06:20:58.0 (17646674)|SYSTEM_MODE_ENTER|false
06:20:58.0 (17651391)|HEAP_ALLOCATE|[14]|Bytes:5
06:20:58.0 (17654801)|STATEMENT_EXECUTE|[13]
06:20:58.0 (17699313)|VARIABLE_ASSIGNMENT|[EXTERNAL]|this|{"pers":"0x50ff6fce"}|0x497d3b30
06:20:58.0 (17711116)|STATEMENT_EXECUTE|[15]
06:20:58.0 (17712596)|STATEMENT_EXECUTE|[16]
06:20:58.0 (17716024)|HEAP_ALLOCATE|[16]|Bytes:70
06:20:58.0 (17723880)|HEAP_ALLOCATE|[16]|Bytes:4
06:20:58.0 (18441364)|SOQL_EXECUTE_BEGIN|[16]|Aggregations:0|SELECT id, Name FROM Draft__c ORDER BY Name ASC NULLS FIRST LIMIT 1000
06:20:58.0 (20445530)|SOQL_EXECUTE_END|[16]|Rows:2
06:20:58.0 (20466207)|HEAP_ALLOCATE|[16]|Bytes:12
06:20:58.0 (20485232)|HEAP_ALLOCATE|[16]|Bytes:95
06:20:58.0 (20509486)|HEAP_ALLOCATE|[16]|Bytes:12
06:20:58.0 (20556455)|VARIABLE_ASSIGNMENT|[EXTERNAL]|this|{"pers":"0x50ff6fce"}|0x497d3b30
06:20:58.0 (20579560)|VARIABLE_ASSIGNMENT|[EXTERNAL]|value|{"s":1,"v":[{"s":2,"v":{"Id":"a0R3600000032Q3EAI","Name":"Ebay"}},{"s":3,"v":{"Id":"a0R3600000032PyEAI","Name":"Electronic System"}}]}|0x3e804bde
06:20:58.0 (20629848)|VARIABLE_ASSIGNMENT|[2]|this.draft|{"s":1,"v":[{"s":2,"v":{"Id":"a0R3600000032Q3EAI","Name":"Ebay"}},{"s":3,"v":{"Id":"a0R3600000032PyEAI","Name":"Electronic System"}}]}|0x497d3b30
06:20:58.0 (20645252)|STATEMENT_EXECUTE|[21]
06:20:58.0 (20695015)|VARIABLE_ASSIGNMENT|[EXTERNAL]|this|{"draft":"0x3e804bde","pers":"0x50ff6fce"}|0x497d3b30
06:20:58.0 (20711439)|SYSTEM_MODE_EXIT|false
06:20:58.0 (20723254)|CODE_UNIT_FINISHED|DraftsToPersons invoke(getDrafts)
06:20:58.0 (20741562)|CODE_UNIT_FINISHED|DraftsToPersons get(Drafts)
06:20:58.0 (21003977)|CODE_UNIT_STARTED|[EXTERNAL]|01p360000074pQr|DraftsToPersons get(Times)
06:20:58.0 (21014976)|SYSTEM_MODE_ENTER|true
06:20:58.0 (21032101)|CODE_UNIT_STARTED|[EXTERNAL]|01p360000074pQr|Times
06:20:58.0 (21045448)|CODE_UNIT_FINISHED|Times
06:20:58.0 (21060613)|CODE_UNIT_FINISHED|DraftsToPersons get(Times)
06:20:58.54 (54764628)|CUMULATIVE_LIMIT_USAGE
06:20:58.54 (54764628)|LIMIT_USAGE_FOR_NS|(default)|
  Number of SOQL queries: 2 out of 100
  Number of query rows: 4 out of 50000
  Number of SOSL queries: 0 out of 20
  Number of DML statements: 0 out of 150
  Number of DML rows: 0 out of 10000
  Maximum CPU time: 0 out of 10000
  Maximum heap size: 0 out of 6000000
  Number of callouts: 0 out of 100
  Number of Email Invocations: 0 out of 10
  Number of future calls: 0 out of 50
  Number of queueable jobs added to the queue: 0 out of 50
  Number of Mobile Apex push calls: 0 out of 10

06:20:58.54 (54764628)|CUMULATIVE_LIMIT_USAGE_END

06:20:58.0 (54833036)|CODE_UNIT_FINISHED|VF: /apex/DraftsToPersonTable
06:20:58.0 (55788445)|EXECUTION_FINISHED
