36.0 APEX_CODE,FINEST;APEX_PROFILING,INFO;CALLOUT,INFO;DB,INFO;SYSTEM,DEBUG;VALIDATION,INFO;VISUALFORCE,INFO;WORKFLOW,INFO
08:50:30.0 (520808)|EXECUTION_STARTED
08:50:30.0 (563626)|CODE_UNIT_STARTED|[EXTERNAL]|01p36000005H3V7|expansesController.getExpenses
08:50:30.0 (849625)|HEAP_ALLOCATE|[72]|Bytes:3
08:50:30.0 (928060)|HEAP_ALLOCATE|[77]|Bytes:152
08:50:30.0 (948594)|HEAP_ALLOCATE|[342]|Bytes:408
08:50:30.0 (970822)|HEAP_ALLOCATE|[355]|Bytes:408
08:50:30.0 (996468)|HEAP_ALLOCATE|[467]|Bytes:48
08:50:30.0 (1078597)|HEAP_ALLOCATE|[139]|Bytes:6
08:50:30.0 (1107888)|HEAP_ALLOCATE|[EXTERNAL]|Bytes:4
08:50:30.0 (1164086)|METHOD_ENTRY|[1]|01p36000005H3V7|expansesController.expansesController()
08:50:30.0 (1170807)|STATEMENT_EXECUTE|[1]
08:50:30.0 (1179926)|STATEMENT_EXECUTE|[1]
08:50:30.0 (1216580)|HEAP_ALLOCATE|[50]|Bytes:5
08:50:30.0 (1241997)|HEAP_ALLOCATE|[56]|Bytes:5
08:50:30.0 (1251680)|HEAP_ALLOCATE|[64]|Bytes:7
08:50:30.0 (1277722)|SYSTEM_MODE_ENTER|false
08:50:30.0 (1398536)|HEAP_ALLOCATE|[EXTERNAL]|Bytes:5
08:50:30.0 (1406120)|SYSTEM_MODE_EXIT|false
08:50:30.0 (1441349)|METHOD_EXIT|[1]|expansesController
08:50:30.0 (1465311)|SYSTEM_MODE_ENTER|false
08:50:30.0 (1480227)|HEAP_ALLOCATE|[6]|Bytes:5
08:50:30.0 (1484751)|STATEMENT_EXECUTE|[3]
08:50:30.0 (1486284)|STATEMENT_EXECUTE|[6]
08:50:30.0 (1499653)|HEAP_ALLOCATE|[6]|Bytes:90
08:50:30.0 (1508874)|HEAP_ALLOCATE|[6]|Bytes:4
08:50:30.0 (1952650)|SOQL_EXECUTE_BEGIN|[6]|Aggregations:0|SELECT Id, Name, Amount__c, Client__c, Date__c, Reimbursed__c, CreatedDate FROM Expense__c
08:50:30.0 (5663236)|SOQL_EXECUTE_END|[6]|Rows:7
08:50:30.0 (5684762)|HEAP_ALLOCATE|[6]|Bytes:32
08:50:30.0 (5727632)|HEAP_ALLOCATE|[6]|Bytes:1030
08:50:30.0 (5772011)|HEAP_ALLOCATE|[6]|Bytes:32
08:50:30.0 (5822036)|SYSTEM_MODE_EXIT|false
08:50:30.5 (5872877)|CUMULATIVE_LIMIT_USAGE
08:50:30.5 (5872877)|LIMIT_USAGE_FOR_NS|(default)|
  Number of SOQL queries: 1 out of 100
  Number of query rows: 7 out of 50000
  Number of SOSL queries: 0 out of 20
  Number of DML statements: 0 out of 150
  Number of DML rows: 0 out of 10000
  Maximum CPU time: 0 out of 10000
  Maximum heap size: 0 out of 6000000
  Number of callouts: 0 out of 100
  Number of Email Invocations: 0 out of 10
  Number of future calls: 0 out of 50
  Number of queueable jobs added to the queue: 0 out of 50
  Number of Mobile Apex push calls: 0 out of 10

08:50:30.5 (5872877)|CUMULATIVE_LIMIT_USAGE_END

08:50:30.0 (5921582)|CODE_UNIT_FINISHED|expansesController.getExpenses
08:50:30.0 (7523963)|EXECUTION_FINISHED
