36.0 APEX_CODE,FINEST;APEX_PROFILING,INFO;CALLOUT,INFO;DB,INFO;SYSTEM,DEBUG;VALIDATION,INFO;VISUALFORCE,INFO;WORKFLOW,INFO
04:46:48.0 (459245)|EXECUTION_STARTED
04:46:48.0 (491680)|CODE_UNIT_STARTED|[EXTERNAL]|06636000002n7XB|VF: /apex/DraftsToPersonTable
04:46:48.0 (3536447)|CODE_UNIT_STARTED|[EXTERNAL]|01p360000074pQr|DraftsToPersons <init>
04:46:48.0 (3553945)|SYSTEM_MODE_ENTER|true
04:46:48.0 (4086306)|HEAP_ALLOCATE|[72]|Bytes:3
04:46:48.0 (4153302)|HEAP_ALLOCATE|[77]|Bytes:152
04:46:48.0 (4176638)|HEAP_ALLOCATE|[342]|Bytes:408
04:46:48.0 (4198715)|HEAP_ALLOCATE|[355]|Bytes:408
04:46:48.0 (4218842)|HEAP_ALLOCATE|[467]|Bytes:48
04:46:48.0 (4266734)|HEAP_ALLOCATE|[139]|Bytes:6
04:46:48.0 (4297799)|HEAP_ALLOCATE|[EXTERNAL]|Bytes:10
04:46:48.0 (4303893)|HEAP_ALLOCATE|[EXTERNAL]|Bytes:144
04:46:48.0 (4307502)|HEAP_ALLOCATE|[EXTERNAL]|Bytes:21
04:46:48.0 (4325041)|METHOD_ENTRY|[1]|01p360000074pQr|DraftsToPersons.DraftsToPersons()
04:46:48.0 (4330604)|STATEMENT_EXECUTE|[1]
04:46:48.0 (4338956)|STATEMENT_EXECUTE|[1]
04:46:48.0 (4379784)|HEAP_ALLOCATE|[50]|Bytes:5
04:46:48.0 (4410638)|HEAP_ALLOCATE|[56]|Bytes:5
04:46:48.0 (4421470)|HEAP_ALLOCATE|[64]|Bytes:7
04:46:48.0 (4452087)|SYSTEM_MODE_ENTER|false
04:46:48.0 (4471147)|HEAP_ALLOCATE|[EXTERNAL]|Bytes:5
04:46:48.0 (4476149)|STATEMENT_EXECUTE|[67]
04:46:48.0 (4482529)|SYSTEM_MODE_EXIT|false
04:46:48.0 (4497388)|METHOD_EXIT|[1]|DraftsToPersons
04:46:48.0 (4954661)|HEAP_ALLOCATE|[EXTERNAL]|Bytes:20
04:46:48.0 (4971131)|VARIABLE_SCOPE_BEGIN|[7]|this|DraftsToPersons|true|false
04:46:48.0 (5048712)|VARIABLE_ASSIGNMENT|[7]|this|{}|0x144dbf45
04:46:48.0 (5067001)|SYSTEM_MODE_ENTER|false
04:46:48.0 (5073235)|HEAP_ALLOCATE|[EXTERNAL]|Bytes:5
04:46:48.0 (5077364)|STATEMENT_EXECUTE|[1]
04:46:48.0 (5080625)|HEAP_ALLOCATE|[EXTERNAL]|Bytes:5
04:46:48.0 (5082864)|STATEMENT_EXECUTE|[2]
04:46:48.0 (5084137)|STATEMENT_EXECUTE|[3]
04:46:48.0 (5085083)|STATEMENT_EXECUTE|[4]
04:46:48.0 (5086064)|STATEMENT_EXECUTE|[5]
04:46:48.0 (5096585)|HEAP_ALLOCATE|[EXTERNAL]|Bytes:6
04:46:48.0 (5129145)|STATEMENT_EXECUTE|[8]
04:46:48.0 (5135346)|SYSTEM_MODE_EXIT|false
04:46:48.0 (5153396)|CODE_UNIT_FINISHED|DraftsToPersons <init>
04:46:48.0 (5208984)|CODE_UNIT_STARTED|[EXTERNAL]|01p360000074pQr|DraftsToPersons get(Persons)
04:46:48.0 (5219115)|SYSTEM_MODE_ENTER|true
04:46:48.0 (5242289)|CODE_UNIT_STARTED|[EXTERNAL]|01p360000074pQr|DraftsToPersons invoke(getPersons)
04:46:48.0 (5285090)|HEAP_ALLOCATE|[EXTERNAL]|Bytes:20
04:46:48.0 (5295227)|VARIABLE_SCOPE_BEGIN|[22]|this|DraftsToPersons|true|false
04:46:48.0 (5314872)|VARIABLE_ASSIGNMENT|[22]|this|{}|0x144dbf45
04:46:48.0 (5332327)|SYSTEM_MODE_ENTER|false
04:46:48.0 (5338103)|HEAP_ALLOCATE|[24]|Bytes:5
04:46:48.0 (5342548)|STATEMENT_EXECUTE|[23]
04:46:48.0 (5406847)|VARIABLE_ASSIGNMENT|[EXTERNAL]|this|{}|0x144dbf45
04:46:48.0 (5424578)|STATEMENT_EXECUTE|[25]
04:46:48.0 (5426321)|STATEMENT_EXECUTE|[26]
04:46:48.0 (5430926)|HEAP_ALLOCATE|[26]|Bytes:41
04:46:48.0 (5447834)|HEAP_ALLOCATE|[26]|Bytes:4
04:46:48.0 (5753210)|SOQL_EXECUTE_BEGIN|[26]|Aggregations:0|SELECT id, Name FROM Person__c LIMIT 1000
04:46:48.0 (8480348)|SOQL_EXECUTE_END|[26]|Rows:2
04:46:48.0 (8507327)|HEAP_ALLOCATE|[26]|Bytes:12
04:46:48.0 (8526181)|HEAP_ALLOCATE|[26]|Bytes:97
04:46:48.0 (8564841)|HEAP_ALLOCATE|[26]|Bytes:12
04:46:48.0 (8617729)|VARIABLE_ASSIGNMENT|[EXTERNAL]|this|{}|0x144dbf45
04:46:48.0 (8658576)|VARIABLE_ASSIGNMENT|[EXTERNAL]|value|{"s":1,"v":[{"s":2,"v":{"Id":"a0N36000000xneOEAQ","Name":"Andiy Lokotosh"}},{"s":3,"v":{"Id":"a0N36000000xneTEAQ","Name":"Jon Smith"}}]}|0x1483f7ae
04:46:48.0 (8684447)|VARIABLE_ASSIGNMENT|[3]|this.pers|{"s":1,"v":[{"s":2,"v":{"Id":"a0N36000000xneOEAQ","Name":"Andiy Lokotosh"}},{"s":3,"v":{"Id":"a0N36000000xneTEAQ","Name":"Jon Smith"}}]}|0x144dbf45
04:46:48.0 (8694194)|STATEMENT_EXECUTE|[29]
04:46:48.0 (8742197)|VARIABLE_ASSIGNMENT|[EXTERNAL]|this|{"pers":"0x1483f7ae"}|0x144dbf45
04:46:48.0 (8756826)|SYSTEM_MODE_EXIT|false
04:46:48.0 (8770234)|CODE_UNIT_FINISHED|DraftsToPersons invoke(getPersons)
04:46:48.0 (8787295)|CODE_UNIT_FINISHED|DraftsToPersons get(Persons)
04:46:48.35 (35863030)|CUMULATIVE_LIMIT_USAGE
04:46:48.35 (35863030)|LIMIT_USAGE_FOR_NS|(default)|
  Number of SOQL queries: 1 out of 100
  Number of query rows: 2 out of 50000
  Number of SOSL queries: 0 out of 20
  Number of DML statements: 0 out of 150
  Number of DML rows: 0 out of 10000
  Maximum CPU time: 0 out of 10000
  Maximum heap size: 0 out of 6000000
  Number of callouts: 0 out of 100
  Number of Email Invocations: 0 out of 10
  Number of future calls: 0 out of 50
  Number of queueable jobs added to the queue: 0 out of 50
  Number of Mobile Apex push calls: 0 out of 10

04:46:48.35 (35863030)|CUMULATIVE_LIMIT_USAGE_END

04:46:48.0 (35928563)|CODE_UNIT_FINISHED|VF: /apex/DraftsToPersonTable
04:46:48.0 (36930290)|EXECUTION_FINISHED
