36.0 APEX_CODE,FINEST;APEX_PROFILING,INFO;CALLOUT,INFO;DB,INFO;SYSTEM,DEBUG;VALIDATION,INFO;VISUALFORCE,INFO;WORKFLOW,INFO
03:20:31.0 (98972)|EXECUTION_STARTED
03:20:31.0 (150958)|CODE_UNIT_STARTED|[EXTERNAL]|06636000002n6IF|VF: /apex/AccountTabWrap
03:20:31.0 (2327312)|CODE_UNIT_STARTED|[EXTERNAL]|01p360000074iI2|AccountTableWrapper <init>
03:20:31.0 (2344832)|SYSTEM_MODE_ENTER|true
03:20:31.0 (2877611)|HEAP_ALLOCATE|[72]|Bytes:3
03:20:31.0 (2921818)|HEAP_ALLOCATE|[77]|Bytes:152
03:20:31.0 (2938327)|HEAP_ALLOCATE|[342]|Bytes:408
03:20:31.0 (2962709)|HEAP_ALLOCATE|[355]|Bytes:408
03:20:31.0 (2978670)|HEAP_ALLOCATE|[467]|Bytes:48
03:20:31.0 (3014431)|HEAP_ALLOCATE|[139]|Bytes:6
03:20:31.0 (3123935)|HEAP_ALLOCATE|[EXTERNAL]|Bytes:24
03:20:31.0 (3130292)|HEAP_ALLOCATE|[EXTERNAL]|Bytes:120
03:20:31.0 (3132921)|HEAP_ALLOCATE|[EXTERNAL]|Bytes:15
03:20:31.0 (3150917)|METHOD_ENTRY|[1]|01p360000074iI2|AccountTableWrapper.AccountTableWrapper()
03:20:31.0 (3157691)|STATEMENT_EXECUTE|[1]
03:20:31.0 (3169640)|STATEMENT_EXECUTE|[1]
03:20:31.0 (3205928)|HEAP_ALLOCATE|[50]|Bytes:5
03:20:31.0 (3231161)|HEAP_ALLOCATE|[56]|Bytes:5
03:20:31.0 (3240077)|HEAP_ALLOCATE|[64]|Bytes:7
03:20:31.0 (3265064)|SYSTEM_MODE_ENTER|false
03:20:31.0 (3282438)|HEAP_ALLOCATE|[EXTERNAL]|Bytes:5
03:20:31.0 (3287609)|STATEMENT_EXECUTE|[68]
03:20:31.0 (3289460)|STATEMENT_EXECUTE|[86]
03:20:31.0 (3294037)|SYSTEM_MODE_EXIT|false
03:20:31.0 (3306466)|METHOD_EXIT|[1]|AccountTableWrapper
03:20:31.0 (3312451)|HEAP_ALLOCATE|[EXTERNAL]|Bytes:16
03:20:31.0 (3322226)|VARIABLE_SCOPE_BEGIN|[5]|this|AccountTableWrapper|true|false
03:20:31.0 (3391169)|VARIABLE_ASSIGNMENT|[5]|this|{}|0x365e43ae
03:20:31.0 (3402287)|SYSTEM_MODE_ENTER|false
03:20:31.0 (3407110)|HEAP_ALLOCATE|[EXTERNAL]|Bytes:5
03:20:31.0 (3410750)|STATEMENT_EXECUTE|[1]
03:20:31.0 (3413500)|HEAP_ALLOCATE|[EXTERNAL]|Bytes:5
03:20:31.0 (3415601)|STATEMENT_EXECUTE|[2]
03:20:31.0 (3417480)|STATEMENT_EXECUTE|[3]
03:20:31.0 (3418486)|STATEMENT_EXECUTE|[4]
03:20:31.0 (3427937)|HEAP_ALLOCATE|[EXTERNAL]|Bytes:6
03:20:31.0 (3455122)|STATEMENT_EXECUTE|[5]
03:20:31.0 (3458962)|SYSTEM_MODE_EXIT|false
03:20:31.0 (3479896)|CODE_UNIT_FINISHED|AccountTableWrapper <init>
03:20:31.0 (3546732)|CODE_UNIT_STARTED|[EXTERNAL]|01p360000074iI2|AccountTableWrapper get(Accounts)
03:20:31.0 (3555659)|SYSTEM_MODE_ENTER|true
03:20:31.0 (3585055)|CODE_UNIT_STARTED|[EXTERNAL]|01p360000074iI2|AccountTableWrapper invoke(getAccounts)
03:20:31.0 (3618176)|HEAP_ALLOCATE|[EXTERNAL]|Bytes:16
03:20:31.0 (3626037)|VARIABLE_SCOPE_BEGIN|[9]|this|AccountTableWrapper|true|false
03:20:31.0 (3645831)|VARIABLE_ASSIGNMENT|[9]|this|{}|0x365e43ae
03:20:31.0 (3660387)|SYSTEM_MODE_ENTER|false
03:20:31.0 (3665244)|HEAP_ALLOCATE|[11]|Bytes:5
03:20:31.0 (3669507)|STATEMENT_EXECUTE|[10]
03:20:31.0 (3719434)|VARIABLE_ASSIGNMENT|[EXTERNAL]|this|{}|0x365e43ae
03:20:31.0 (3732662)|STATEMENT_EXECUTE|[12]
03:20:31.0 (3734266)|STATEMENT_EXECUTE|[13]
03:20:31.0 (3737714)|HEAP_ALLOCATE|[13]|Bytes:141
03:20:31.0 (3746987)|HEAP_ALLOCATE|[13]|Bytes:4
03:20:31.0 (4103264)|SOQL_EXECUTE_BEGIN|[13]|Aggregations:0|SELECT id, Name, BillingStreet, BillingCity, BillingPostalCode FROM Account WHERE (BillingCity != NULL AND BillingPostalCode != NULL) LIMIT 3
03:20:31.0 (7403559)|SOQL_EXECUTE_END|[13]|Rows:3
03:20:31.0 (7427059)|HEAP_ALLOCATE|[13]|Bytes:16
03:20:31.0 (7465480)|HEAP_ALLOCATE|[13]|Bytes:417
03:20:31.0 (7572391)|HEAP_ALLOCATE|[13]|Bytes:16
03:20:31.0 (7630686)|VARIABLE_ASSIGNMENT|[EXTERNAL]|this|{}|0x365e43ae
03:20:31.0 (7689144)|VARIABLE_ASSIGNMENT|[EXTERNAL]|value|{"s":1,"v":[{"s":2,"v":{"Id":"0013600000CWofeAAD","Name":"Google inc","BillingStreet":"Green st.","BillingCity":"LA","BillingPostalCode":"442234"}},{"s":3,"v":{"Id":"00136000003VQw8AAG","Name":"Burlington Textiles  (15 more) ...","BillingStreet":"525 S. Lexington Ave","BillingCity":"Burlington","BillingPostalCode":"27215"}},{"s":4,"v":{"Id":"00136000003VQw9AAG","Name":"Pyramid Construction (5 more) ...","BillingStreet":"2 Place Jussieu","BillingCity":"Paris","BillingPostalCode":"75251"}}]}|0x7edcacfa
03:20:31.0 (7723926)|VARIABLE_ASSIGNMENT|[2]|this.accs|{"s":1,"v":[{"s":2,"v":{"Id":"0013600000CWofeAAD","Name":"Google inc","BillingStreet":"Green st.","BillingCity":"LA","BillingPostalCode":"442234"}},{"s":3,"v":{"Id":"00136000003VQw8AAG","Name":"Burlington Textiles  (15 more) ...","BillingStreet":"525 S. Lexington Ave","BillingCity":"Burlington","BillingPostalCode":"27215"}},{"s":4,"v":{"Id":"00136000003VQw9AAG","Name":"Pyramid Construction (5 more) ...","BillingStreet":"2 Place Jussieu","BillingCity":"Paris","BillingPostalCode":"75251"}}]}|0x365e43ae
03:20:31.0 (7739611)|STATEMENT_EXECUTE|[17]
03:20:31.0 (7778501)|VARIABLE_ASSIGNMENT|[EXTERNAL]|this|{"accs":"0x7edcacfa"}|0x365e43ae
03:20:31.0 (7791174)|SYSTEM_MODE_EXIT|false
03:20:31.0 (7808888)|CODE_UNIT_FINISHED|AccountTableWrapper invoke(getAccounts)
03:20:31.0 (7832470)|CODE_UNIT_FINISHED|AccountTableWrapper get(Accounts)
03:20:31.0 (8166010)|CODE_UNIT_STARTED|[EXTERNAL]|01p360000074iI2|AccountTableWrapper get(rowWrappers)
03:20:31.0 (8176910)|SYSTEM_MODE_ENTER|true
03:20:31.0 (8202114)|CODE_UNIT_STARTED|[EXTERNAL]|01p360000074iI2|AccountTableWrapper invoke(getrowWrappers)
03:20:31.0 (8235734)|HEAP_ALLOCATE|[EXTERNAL]|Bytes:16
03:20:31.0 (8243717)|VARIABLE_SCOPE_BEGIN|[21]|this|AccountTableWrapper|true|false
03:20:31.0 (8266319)|VARIABLE_ASSIGNMENT|[21]|this|{"accs":"0x7edcacfa"}|0x365e43ae
03:20:31.0 (8277693)|SYSTEM_MODE_ENTER|false
03:20:31.0 (8283220)|HEAP_ALLOCATE|[23]|Bytes:5
03:20:31.0 (8287511)|STATEMENT_EXECUTE|[22]
03:20:31.0 (8330269)|VARIABLE_ASSIGNMENT|[EXTERNAL]|this|{"accs":"0x7edcacfa"}|0x365e43ae
03:20:31.0 (8342359)|STATEMENT_EXECUTE|[24]
03:20:31.0 (8344064)|STATEMENT_EXECUTE|[25]
03:20:31.0 (8443801)|HEAP_ALLOCATE|[25]|Bytes:4
03:20:31.0 (8604591)|VARIABLE_ASSIGNMENT|[EXTERNAL]|this|{"accs":"0x7edcacfa"}|0x365e43ae
03:20:31.0 (8629315)|HEAP_ALLOCATE|[EXTERNAL]|Bytes:4
03:20:31.0 (8642019)|VARIABLE_ASSIGNMENT|[EXTERNAL]|value|{"s":1,"v":[]}|0x45da4601
03:20:31.0 (8655407)|VARIABLE_ASSIGNMENT|[3]|this.rows|{"s":1,"v":[]}|0x365e43ae
03:20:31.0 (8664980)|STATEMENT_EXECUTE|[28]
03:20:31.0 (8672197)|VARIABLE_SCOPE_BEGIN|[28]|idx|Integer|false|false
03:20:31.0 (8677631)|HEAP_ALLOCATE|[28]|Bytes:4
03:20:31.0 (8683730)|VARIABLE_ASSIGNMENT|[28]|idx|0
03:20:31.0 (8688549)|STATEMENT_EXECUTE|[29]
03:20:31.0 (8689756)|STATEMENT_EXECUTE|[30]
03:20:31.0 (8741123)|VARIABLE_ASSIGNMENT|[EXTERNAL]|this|{"accs":"0x7edcacfa","rows":"0x45da4601"}|0x365e43ae
03:20:31.0 (8761707)|HEAP_ALLOCATE|[30]|Bytes:84
03:20:31.0 (8767329)|HEAP_ALLOCATE|[30]|Bytes:8
03:20:31.0 (8773288)|HEAP_ALLOCATE|[30]|Bytes:8
03:20:31.0 (8784674)|CONSTRUCTOR_ENTRY|[30]|01p360000074iI2|<init>()
03:20:31.0 (8792905)|VARIABLE_SCOPE_BEGIN|[74]|this|AccountTableWrapper.RowWrapper|true|false
03:20:31.0 (8809034)|VARIABLE_ASSIGNMENT|[74]|this|{}|0x8746b94
03:20:31.0 (8813815)|STATEMENT_EXECUTE|[68]
03:20:31.0 (8815318)|STATEMENT_EXECUTE|[71]
03:20:31.0 (8828351)|STATEMENT_EXECUTE|[75]
03:20:31.0 (8830105)|STATEMENT_EXECUTE|[76]
03:20:31.0 (8836873)|HEAP_ALLOCATE|[76]|Bytes:4
03:20:31.0 (8893172)|VARIABLE_ASSIGNMENT|[EXTERNAL]|this|{}|0x8746b94
03:20:31.0 (8921172)|HEAP_ALLOCATE|[EXTERNAL]|Bytes:4
03:20:31.0 (8932405)|VARIABLE_ASSIGNMENT|[EXTERNAL]|value|{"s":1,"v":[]}|0x5dcb4866
03:20:31.0 (8945708)|VARIABLE_ASSIGNMENT|[71]|this.values|{"s":1,"v":[]}|0x8746b94
03:20:31.0 (8957248)|CONSTRUCTOR_EXIT|[30]|01p360000074iI2|<init>()
03:20:31.0 (8974819)|HEAP_ALLOCATE|[EXTERNAL]|Bytes:4
03:20:31.0 (8982516)|HEAP_ALLOCATE|[28]|Bytes:4
03:20:31.0 (8988878)|VARIABLE_ASSIGNMENT|[28]|idx|1
03:20:31.0 (8993086)|STATEMENT_EXECUTE|[29]
03:20:31.0 (8997998)|STATEMENT_EXECUTE|[30]
03:20:31.0 (9024562)|VARIABLE_ASSIGNMENT|[EXTERNAL]|this|{"accs":"0x7edcacfa","rows":"0x45da4601"}|0x365e43ae
03:20:31.0 (9040325)|HEAP_ALLOCATE|[30]|Bytes:8
03:20:31.0 (9047210)|CONSTRUCTOR_ENTRY|[30]|01p360000074iI2|<init>()
03:20:31.0 (9053512)|VARIABLE_SCOPE_BEGIN|[74]|this|AccountTableWrapper.RowWrapper|true|false
03:20:31.0 (9068150)|VARIABLE_ASSIGNMENT|[74]|this|{}|0x40141fff
03:20:31.0 (9071844)|STATEMENT_EXECUTE|[68]
03:20:31.0 (9073094)|STATEMENT_EXECUTE|[71]
03:20:31.0 (9084221)|STATEMENT_EXECUTE|[75]
03:20:31.0 (9085749)|STATEMENT_EXECUTE|[76]
03:20:31.0 (9089278)|HEAP_ALLOCATE|[76]|Bytes:4
03:20:31.0 (9116740)|VARIABLE_ASSIGNMENT|[EXTERNAL]|this|{}|0x40141fff
03:20:31.0 (9131823)|HEAP_ALLOCATE|[EXTERNAL]|Bytes:4
03:20:31.0 (9142103)|VARIABLE_ASSIGNMENT|[EXTERNAL]|value|{"s":1,"v":[]}|0x6b97f4a2
03:20:31.0 (9153419)|VARIABLE_ASSIGNMENT|[71]|this.values|{"s":1,"v":[]}|0x40141fff
03:20:31.0 (9171118)|CONSTRUCTOR_EXIT|[30]|01p360000074iI2|<init>()
03:20:31.0 (9181976)|HEAP_ALLOCATE|[EXTERNAL]|Bytes:4
03:20:31.0 (9187782)|HEAP_ALLOCATE|[28]|Bytes:4
03:20:31.0 (9194211)|VARIABLE_ASSIGNMENT|[28]|idx|2
03:20:31.0 (9198722)|STATEMENT_EXECUTE|[29]
03:20:31.0 (9200006)|STATEMENT_EXECUTE|[30]
03:20:31.0 (9224337)|VARIABLE_ASSIGNMENT|[EXTERNAL]|this|{"accs":"0x7edcacfa","rows":"0x45da4601"}|0x365e43ae
03:20:31.0 (9235277)|HEAP_ALLOCATE|[30]|Bytes:8
03:20:31.0 (9241436)|CONSTRUCTOR_ENTRY|[30]|01p360000074iI2|<init>()
03:20:31.0 (9247322)|VARIABLE_SCOPE_BEGIN|[74]|this|AccountTableWrapper.RowWrapper|true|false
03:20:31.0 (9260845)|VARIABLE_ASSIGNMENT|[74]|this|{}|0x6c1819ce
03:20:31.0 (9264203)|STATEMENT_EXECUTE|[68]
03:20:31.0 (9265486)|STATEMENT_EXECUTE|[71]
03:20:31.0 (9276506)|STATEMENT_EXECUTE|[75]
03:20:31.0 (9278021)|STATEMENT_EXECUTE|[76]
03:20:31.0 (9281336)|HEAP_ALLOCATE|[76]|Bytes:4
03:20:31.0 (9311181)|VARIABLE_ASSIGNMENT|[EXTERNAL]|this|{}|0x6c1819ce
03:20:31.0 (9325639)|HEAP_ALLOCATE|[EXTERNAL]|Bytes:4
03:20:31.0 (9335870)|VARIABLE_ASSIGNMENT|[EXTERNAL]|value|{"s":1,"v":[]}|0x76e12e59
03:20:31.0 (9347089)|VARIABLE_ASSIGNMENT|[71]|this.values|{"s":1,"v":[]}|0x6c1819ce
03:20:31.0 (9361078)|CONSTRUCTOR_EXIT|[30]|01p360000074iI2|<init>()
03:20:31.0 (9371651)|HEAP_ALLOCATE|[EXTERNAL]|Bytes:4
03:20:31.0 (9377215)|HEAP_ALLOCATE|[28]|Bytes:4
03:20:31.0 (9383773)|VARIABLE_ASSIGNMENT|[28]|idx|3
03:20:31.0 (9387750)|STATEMENT_EXECUTE|[29]
03:20:31.0 (9388932)|STATEMENT_EXECUTE|[30]
03:20:31.0 (9412524)|VARIABLE_ASSIGNMENT|[EXTERNAL]|this|{"accs":"0x7edcacfa","rows":"0x45da4601"}|0x365e43ae
03:20:31.0 (9423297)|HEAP_ALLOCATE|[30]|Bytes:8
03:20:31.0 (9429527)|CONSTRUCTOR_ENTRY|[30]|01p360000074iI2|<init>()
03:20:31.0 (9435267)|VARIABLE_SCOPE_BEGIN|[74]|this|AccountTableWrapper.RowWrapper|true|false
03:20:31.0 (9448788)|VARIABLE_ASSIGNMENT|[74]|this|{}|0x16ea2c9d
03:20:31.0 (9452107)|STATEMENT_EXECUTE|[68]
03:20:31.0 (9453342)|STATEMENT_EXECUTE|[71]
03:20:31.0 (9463853)|STATEMENT_EXECUTE|[75]
03:20:31.0 (9465262)|STATEMENT_EXECUTE|[76]
03:20:31.0 (9468512)|HEAP_ALLOCATE|[76]|Bytes:4
03:20:31.0 (9498144)|VARIABLE_ASSIGNMENT|[EXTERNAL]|this|{}|0x16ea2c9d
03:20:31.0 (9512282)|HEAP_ALLOCATE|[EXTERNAL]|Bytes:4
03:20:31.0 (9524660)|VARIABLE_ASSIGNMENT|[EXTERNAL]|value|{"s":1,"v":[]}|0x428ce806
03:20:31.0 (9536086)|VARIABLE_ASSIGNMENT|[71]|this.values|{"s":1,"v":[]}|0x16ea2c9d
03:20:31.0 (9546481)|CONSTRUCTOR_EXIT|[30]|01p360000074iI2|<init>()
03:20:31.0 (9556690)|HEAP_ALLOCATE|[EXTERNAL]|Bytes:4
03:20:31.0 (9562723)|HEAP_ALLOCATE|[28]|Bytes:4
03:20:31.0 (9568671)|VARIABLE_ASSIGNMENT|[28]|idx|4
03:20:31.0 (9573891)|STATEMENT_EXECUTE|[34]
03:20:31.0 (9577577)|VARIABLE_SCOPE_BEGIN|[34]|idx|Integer|false|false
03:20:31.0 (9581005)|HEAP_ALLOCATE|[34]|Bytes:4
03:20:31.0 (9585059)|VARIABLE_ASSIGNMENT|[34]|idx|0
03:20:31.0 (9598294)|METHOD_ENTRY|[34]|01p360000074iI2|AccountTableWrapper.getAccounts()
03:20:31.0 (9613101)|VARIABLE_SCOPE_BEGIN|[9]|this|AccountTableWrapper|true|false
03:20:31.0 (9633276)|VARIABLE_ASSIGNMENT|[9]|this|{"accs":"0x7edcacfa","rows":"0x45da4601"}|0x365e43ae
03:20:31.0 (9642369)|HEAP_ALLOCATE|[11]|Bytes:5
03:20:31.0 (9646044)|STATEMENT_EXECUTE|[10]
03:20:31.0 (9670326)|VARIABLE_ASSIGNMENT|[EXTERNAL]|this|{"accs":"0x7edcacfa","rows":"0x45da4601"}|0x365e43ae
03:20:31.0 (9679176)|STATEMENT_EXECUTE|[11]
03:20:31.0 (9680781)|STATEMENT_EXECUTE|[17]
03:20:31.0 (9700895)|VARIABLE_ASSIGNMENT|[EXTERNAL]|this|{"accs":"0x7edcacfa","rows":"0x45da4601"}|0x365e43ae
03:20:31.0 (9712621)|METHOD_EXIT|[34]|01p360000074iI2|AccountTableWrapper.getAccounts()
03:20:31.0 (9763505)|STATEMENT_EXECUTE|[35]
03:20:31.0 (9766110)|STATEMENT_EXECUTE|[36]
03:20:31.0 (9800448)|VARIABLE_ASSIGNMENT|[EXTERNAL]|this|{"accs":"0x7edcacfa","rows":"0x45da4601"}|0x365e43ae
03:20:31.0 (9817983)|HEAP_ALLOCATE|[36]|Bytes:8
03:20:31.0 (9828182)|METHOD_ENTRY|[36]|01p360000074iI2|AccountTableWrapper.getAccounts()
03:20:31.0 (9835298)|VARIABLE_SCOPE_BEGIN|[9]|this|AccountTableWrapper|true|false
03:20:31.0 (9854099)|VARIABLE_ASSIGNMENT|[9]|this|{"accs":"0x7edcacfa","rows":"0x45da4601"}|0x365e43ae
03:20:31.0 (9862264)|HEAP_ALLOCATE|[11]|Bytes:5
03:20:31.0 (9865543)|STATEMENT_EXECUTE|[10]
03:20:31.0 (9911694)|VARIABLE_ASSIGNMENT|[EXTERNAL]|this|{"accs":"0x7edcacfa","rows":"0x45da4601"}|0x365e43ae
03:20:31.0 (9922504)|STATEMENT_EXECUTE|[11]
03:20:31.0 (9924184)|STATEMENT_EXECUTE|[17]
03:20:31.0 (9945365)|VARIABLE_ASSIGNMENT|[EXTERNAL]|this|{"accs":"0x7edcacfa","rows":"0x45da4601"}|0x365e43ae
03:20:31.0 (9956937)|METHOD_EXIT|[36]|01p360000074iI2|AccountTableWrapper.getAccounts()
03:20:31.0 (9985227)|HEAP_ALLOCATE|[36]|Bytes:24
03:20:31.0 (10021141)|METHOD_ENTRY|[36]|01p360000074iI2|AccountTableWrapper.RowWrapper.addValue(String)
03:20:31.0 (10031709)|VARIABLE_SCOPE_BEGIN|[80]|this|AccountTableWrapper.RowWrapper|true|false
03:20:31.0 (10050009)|VARIABLE_ASSIGNMENT|[80]|this|{"values":"0x5dcb4866"}|0x8746b94
03:20:31.0 (10054408)|VARIABLE_SCOPE_BEGIN|[80]|value|String|false|false
03:20:31.0 (10059520)|VARIABLE_ASSIGNMENT|[80]|value|"Google inc"
03:20:31.0 (10063957)|STATEMENT_EXECUTE|[81]
03:20:31.0 (10065484)|STATEMENT_EXECUTE|[82]
03:20:31.0 (10114119)|VARIABLE_ASSIGNMENT|[EXTERNAL]|this|{"values":"0x5dcb4866"}|0x8746b94
03:20:31.0 (10136741)|HEAP_ALLOCATE|[EXTERNAL]|Bytes:4
03:20:31.0 (10144592)|METHOD_EXIT|[36]|01p360000074iI2|AccountTableWrapper.RowWrapper.addValue(String)
03:20:31.0 (10148118)|STATEMENT_EXECUTE|[37]
03:20:31.0 (10189022)|VARIABLE_ASSIGNMENT|[EXTERNAL]|this|{"accs":"0x7edcacfa","rows":"0x45da4601"}|0x365e43ae
03:20:31.0 (10204477)|HEAP_ALLOCATE|[37]|Bytes:8
03:20:31.0 (10214263)|METHOD_ENTRY|[37]|01p360000074iI2|AccountTableWrapper.getAccounts()
03:20:31.0 (10221149)|VARIABLE_SCOPE_BEGIN|[9]|this|AccountTableWrapper|true|false
03:20:31.0 (10239117)|VARIABLE_ASSIGNMENT|[9]|this|{"accs":"0x7edcacfa","rows":"0x45da4601"}|0x365e43ae
03:20:31.0 (10247321)|HEAP_ALLOCATE|[11]|Bytes:5
03:20:31.0 (10250604)|STATEMENT_EXECUTE|[10]
03:20:31.0 (10273742)|VARIABLE_ASSIGNMENT|[EXTERNAL]|this|{"accs":"0x7edcacfa","rows":"0x45da4601"}|0x365e43ae
03:20:31.0 (10282030)|STATEMENT_EXECUTE|[11]
03:20:31.0 (10283637)|STATEMENT_EXECUTE|[17]
03:20:31.0 (10303198)|VARIABLE_ASSIGNMENT|[EXTERNAL]|this|{"accs":"0x7edcacfa","rows":"0x45da4601"}|0x365e43ae
03:20:31.0 (10314319)|METHOD_EXIT|[37]|01p360000074iI2|AccountTableWrapper.getAccounts()
03:20:31.0 (10323689)|HEAP_ALLOCATE|[37]|Bytes:24
03:20:31.0 (10357005)|METHOD_ENTRY|[37]|01p360000074iI2|AccountTableWrapper.RowWrapper.addValue(String)
03:20:31.0 (10365554)|VARIABLE_SCOPE_BEGIN|[80]|this|AccountTableWrapper.RowWrapper|true|false
03:20:31.0 (10383185)|VARIABLE_ASSIGNMENT|[80]|this|{"values":"0x6b97f4a2"}|0x40141fff
03:20:31.0 (10387025)|VARIABLE_SCOPE_BEGIN|[80]|value|String|false|false
03:20:31.0 (10394104)|VARIABLE_ASSIGNMENT|[80]|value|"Green st."
03:20:31.0 (10397829)|STATEMENT_EXECUTE|[81]
03:20:31.0 (10399153)|STATEMENT_EXECUTE|[82]
03:20:31.0 (10419015)|VARIABLE_ASSIGNMENT|[EXTERNAL]|this|{"values":"0x6b97f4a2"}|0x40141fff
03:20:31.0 (10433991)|HEAP_ALLOCATE|[EXTERNAL]|Bytes:4
03:20:31.0 (10440945)|METHOD_EXIT|[37]|01p360000074iI2|AccountTableWrapper.RowWrapper.addValue(String)
03:20:31.0 (10444055)|STATEMENT_EXECUTE|[38]
03:20:31.0 (10476500)|VARIABLE_ASSIGNMENT|[EXTERNAL]|this|{"accs":"0x7edcacfa","rows":"0x45da4601"}|0x365e43ae
03:20:31.0 (10491014)|HEAP_ALLOCATE|[38]|Bytes:8
03:20:31.0 (10500494)|METHOD_ENTRY|[38]|01p360000074iI2|AccountTableWrapper.getAccounts()
03:20:31.0 (10506966)|VARIABLE_SCOPE_BEGIN|[9]|this|AccountTableWrapper|true|false
03:20:31.0 (10525269)|VARIABLE_ASSIGNMENT|[9]|this|{"accs":"0x7edcacfa","rows":"0x45da4601"}|0x365e43ae
03:20:31.0 (10533636)|HEAP_ALLOCATE|[11]|Bytes:5
03:20:31.0 (10536797)|STATEMENT_EXECUTE|[10]
03:20:31.0 (10560131)|VARIABLE_ASSIGNMENT|[EXTERNAL]|this|{"accs":"0x7edcacfa","rows":"0x45da4601"}|0x365e43ae
03:20:31.0 (10568510)|STATEMENT_EXECUTE|[11]
03:20:31.0 (10570113)|STATEMENT_EXECUTE|[17]
03:20:31.0 (10590435)|VARIABLE_ASSIGNMENT|[EXTERNAL]|this|{"accs":"0x7edcacfa","rows":"0x45da4601"}|0x365e43ae
03:20:31.0 (10601353)|METHOD_EXIT|[38]|01p360000074iI2|AccountTableWrapper.getAccounts()
03:20:31.0 (10610527)|HEAP_ALLOCATE|[38]|Bytes:24
03:20:31.0 (10665476)|METHOD_ENTRY|[38]|01p360000074iI2|AccountTableWrapper.RowWrapper.addValue(String)
03:20:31.0 (10679344)|VARIABLE_SCOPE_BEGIN|[80]|this|AccountTableWrapper.RowWrapper|true|false
03:20:31.0 (10700875)|VARIABLE_ASSIGNMENT|[80]|this|{"values":"0x76e12e59"}|0x6c1819ce
03:20:31.0 (10705185)|VARIABLE_SCOPE_BEGIN|[80]|value|String|false|false
03:20:31.0 (10709693)|VARIABLE_ASSIGNMENT|[80]|value|"LA"
03:20:31.0 (10713500)|STATEMENT_EXECUTE|[81]
03:20:31.0 (10714734)|STATEMENT_EXECUTE|[82]
03:20:31.0 (10735158)|VARIABLE_ASSIGNMENT|[EXTERNAL]|this|{"values":"0x76e12e59"}|0x6c1819ce
03:20:31.0 (10750222)|HEAP_ALLOCATE|[EXTERNAL]|Bytes:4
03:20:31.0 (10757835)|METHOD_EXIT|[38]|01p360000074iI2|AccountTableWrapper.RowWrapper.addValue(String)
03:20:31.0 (10761195)|STATEMENT_EXECUTE|[39]
03:20:31.0 (10824403)|VARIABLE_ASSIGNMENT|[EXTERNAL]|this|{"accs":"0x7edcacfa","rows":"0x45da4601"}|0x365e43ae
03:20:31.0 (10843766)|HEAP_ALLOCATE|[39]|Bytes:8
03:20:31.0 (10854164)|METHOD_ENTRY|[39]|01p360000074iI2|AccountTableWrapper.getAccounts()
03:20:31.0 (10861470)|VARIABLE_SCOPE_BEGIN|[9]|this|AccountTableWrapper|true|false
03:20:31.0 (10880128)|VARIABLE_ASSIGNMENT|[9]|this|{"accs":"0x7edcacfa","rows":"0x45da4601"}|0x365e43ae
03:20:31.0 (10888533)|HEAP_ALLOCATE|[11]|Bytes:5
03:20:31.0 (10891855)|STATEMENT_EXECUTE|[10]
03:20:31.0 (10918414)|VARIABLE_ASSIGNMENT|[EXTERNAL]|this|{"accs":"0x7edcacfa","rows":"0x45da4601"}|0x365e43ae
03:20:31.0 (10927168)|STATEMENT_EXECUTE|[11]
03:20:31.0 (10928848)|STATEMENT_EXECUTE|[17]
03:20:31.0 (10963811)|VARIABLE_ASSIGNMENT|[EXTERNAL]|this|{"accs":"0x7edcacfa","rows":"0x45da4601"}|0x365e43ae
03:20:31.0 (10977220)|METHOD_EXIT|[39]|01p360000074iI2|AccountTableWrapper.getAccounts()
03:20:31.0 (10986746)|HEAP_ALLOCATE|[39]|Bytes:24
03:20:31.0 (11016785)|METHOD_ENTRY|[39]|01p360000074iI2|AccountTableWrapper.RowWrapper.addValue(String)
03:20:31.0 (11026059)|VARIABLE_SCOPE_BEGIN|[80]|this|AccountTableWrapper.RowWrapper|true|false
03:20:31.0 (11043545)|VARIABLE_ASSIGNMENT|[80]|this|{"values":"0x428ce806"}|0x16ea2c9d
03:20:31.0 (11047618)|VARIABLE_SCOPE_BEGIN|[80]|value|String|false|false
03:20:31.0 (11052126)|VARIABLE_ASSIGNMENT|[80]|value|"442234"
03:20:31.0 (11055692)|STATEMENT_EXECUTE|[81]
03:20:31.0 (11056868)|STATEMENT_EXECUTE|[82]
03:20:31.0 (11075975)|VARIABLE_ASSIGNMENT|[EXTERNAL]|this|{"values":"0x428ce806"}|0x16ea2c9d
03:20:31.0 (11090633)|HEAP_ALLOCATE|[EXTERNAL]|Bytes:4
03:20:31.0 (11097577)|METHOD_EXIT|[39]|01p360000074iI2|AccountTableWrapper.RowWrapper.addValue(String)
03:20:31.0 (11101302)|HEAP_ALLOCATE|[34]|Bytes:4
03:20:31.0 (11107551)|VARIABLE_ASSIGNMENT|[34]|idx|1
03:20:31.0 (11114904)|METHOD_ENTRY|[34]|01p360000074iI2|AccountTableWrapper.getAccounts()
03:20:31.0 (11120466)|VARIABLE_SCOPE_BEGIN|[9]|this|AccountTableWrapper|true|false
03:20:31.0 (11138571)|VARIABLE_ASSIGNMENT|[9]|this|{"accs":"0x7edcacfa","rows":"0x45da4601"}|0x365e43ae
03:20:31.0 (11146438)|HEAP_ALLOCATE|[11]|Bytes:5
03:20:31.0 (11149557)|STATEMENT_EXECUTE|[10]
03:20:31.0 (11179544)|VARIABLE_ASSIGNMENT|[EXTERNAL]|this|{"accs":"0x7edcacfa","rows":"0x45da4601"}|0x365e43ae
03:20:31.0 (11188260)|STATEMENT_EXECUTE|[11]
03:20:31.0 (11189913)|STATEMENT_EXECUTE|[17]
03:20:31.0 (11210070)|VARIABLE_ASSIGNMENT|[EXTERNAL]|this|{"accs":"0x7edcacfa","rows":"0x45da4601"}|0x365e43ae
03:20:31.0 (11221145)|METHOD_EXIT|[34]|01p360000074iI2|AccountTableWrapper.getAccounts()
03:20:31.0 (11233953)|STATEMENT_EXECUTE|[35]
03:20:31.0 (11235600)|STATEMENT_EXECUTE|[36]
03:20:31.0 (11256146)|VARIABLE_ASSIGNMENT|[EXTERNAL]|this|{"accs":"0x7edcacfa","rows":"0x45da4601"}|0x365e43ae
03:20:31.0 (11267407)|HEAP_ALLOCATE|[36]|Bytes:8
03:20:31.0 (11274319)|METHOD_ENTRY|[36]|01p360000074iI2|AccountTableWrapper.getAccounts()
03:20:31.0 (11280353)|VARIABLE_SCOPE_BEGIN|[9]|this|AccountTableWrapper|true|false
03:20:31.0 (11297562)|VARIABLE_ASSIGNMENT|[9]|this|{"accs":"0x7edcacfa","rows":"0x45da4601"}|0x365e43ae
03:20:31.0 (11304789)|HEAP_ALLOCATE|[11]|Bytes:5
03:20:31.0 (11307734)|STATEMENT_EXECUTE|[10]
03:20:31.0 (11330360)|VARIABLE_ASSIGNMENT|[EXTERNAL]|this|{"accs":"0x7edcacfa","rows":"0x45da4601"}|0x365e43ae
03:20:31.0 (11338812)|STATEMENT_EXECUTE|[11]
03:20:31.0 (11340424)|STATEMENT_EXECUTE|[17]
03:20:31.0 (11360154)|VARIABLE_ASSIGNMENT|[EXTERNAL]|this|{"accs":"0x7edcacfa","rows":"0x45da4601"}|0x365e43ae
03:20:31.0 (11370667)|METHOD_EXIT|[36]|01p360000074iI2|AccountTableWrapper.getAccounts()
03:20:31.0 (11386592)|HEAP_ALLOCATE|[36]|Bytes:24
03:20:31.0 (11401371)|METHOD_ENTRY|[36]|01p360000074iI2|AccountTableWrapper.RowWrapper.addValue(String)
03:20:31.0 (11408783)|VARIABLE_SCOPE_BEGIN|[80]|this|AccountTableWrapper.RowWrapper|true|false
03:20:31.0 (11425521)|VARIABLE_ASSIGNMENT|[80]|this|{"values":"0x5dcb4866"}|0x8746b94
03:20:31.0 (11429362)|VARIABLE_SCOPE_BEGIN|[80]|value|String|false|false
03:20:31.0 (11435133)|VARIABLE_ASSIGNMENT|[80]|value|"Burlington Textiles  (15 more) ..."
03:20:31.0 (11438721)|STATEMENT_EXECUTE|[81]
03:20:31.0 (11439909)|STATEMENT_EXECUTE|[82]
03:20:31.0 (11459143)|VARIABLE_ASSIGNMENT|[EXTERNAL]|this|{"values":"0x5dcb4866"}|0x8746b94
03:20:31.0 (11473555)|HEAP_ALLOCATE|[EXTERNAL]|Bytes:4
03:20:31.0 (11480219)|METHOD_EXIT|[36]|01p360000074iI2|AccountTableWrapper.RowWrapper.addValue(String)
03:20:31.0 (11483310)|STATEMENT_EXECUTE|[37]
03:20:31.0 (11504763)|VARIABLE_ASSIGNMENT|[EXTERNAL]|this|{"accs":"0x7edcacfa","rows":"0x45da4601"}|0x365e43ae
03:20:31.0 (11516337)|HEAP_ALLOCATE|[37]|Bytes:8
03:20:31.0 (11523108)|METHOD_ENTRY|[37]|01p360000074iI2|AccountTableWrapper.getAccounts()
03:20:31.0 (11529259)|VARIABLE_SCOPE_BEGIN|[9]|this|AccountTableWrapper|true|false
03:20:31.0 (11546387)|VARIABLE_ASSIGNMENT|[9]|this|{"accs":"0x7edcacfa","rows":"0x45da4601"}|0x365e43ae
03:20:31.0 (11554004)|HEAP_ALLOCATE|[11]|Bytes:5
03:20:31.0 (11557114)|STATEMENT_EXECUTE|[10]
03:20:31.0 (11580083)|VARIABLE_ASSIGNMENT|[EXTERNAL]|this|{"accs":"0x7edcacfa","rows":"0x45da4601"}|0x365e43ae
03:20:31.0 (11588264)|STATEMENT_EXECUTE|[11]
03:20:31.0 (11589899)|STATEMENT_EXECUTE|[17]
03:20:31.0 (11609546)|VARIABLE_ASSIGNMENT|[EXTERNAL]|this|{"accs":"0x7edcacfa","rows":"0x45da4601"}|0x365e43ae
03:20:31.0 (11623796)|METHOD_EXIT|[37]|01p360000074iI2|AccountTableWrapper.getAccounts()
03:20:31.0 (11631352)|HEAP_ALLOCATE|[37]|Bytes:24
03:20:31.0 (11643226)|METHOD_ENTRY|[37]|01p360000074iI2|AccountTableWrapper.RowWrapper.addValue(String)
03:20:31.0 (11649997)|VARIABLE_SCOPE_BEGIN|[80]|this|AccountTableWrapper.RowWrapper|true|false
03:20:31.0 (11665808)|VARIABLE_ASSIGNMENT|[80]|this|{"values":"0x6b97f4a2"}|0x40141fff
03:20:31.0 (11669659)|VARIABLE_SCOPE_BEGIN|[80]|value|String|false|false
03:20:31.0 (11674326)|VARIABLE_ASSIGNMENT|[80]|value|"525 S. Lexington Ave"
03:20:31.0 (11677800)|STATEMENT_EXECUTE|[81]
03:20:31.0 (11678984)|STATEMENT_EXECUTE|[82]
03:20:31.0 (11697739)|VARIABLE_ASSIGNMENT|[EXTERNAL]|this|{"values":"0x6b97f4a2"}|0x40141fff
03:20:31.0 (11711673)|HEAP_ALLOCATE|[EXTERNAL]|Bytes:4
03:20:31.0 (11718224)|METHOD_EXIT|[37]|01p360000074iI2|AccountTableWrapper.RowWrapper.addValue(String)
03:20:31.0 (11721424)|STATEMENT_EXECUTE|[38]
03:20:31.0 (11743074)|VARIABLE_ASSIGNMENT|[EXTERNAL]|this|{"accs":"0x7edcacfa","rows":"0x45da4601"}|0x365e43ae
03:20:31.0 (11754636)|HEAP_ALLOCATE|[38]|Bytes:8
03:20:31.0 (11761343)|METHOD_ENTRY|[38]|01p360000074iI2|AccountTableWrapper.getAccounts()
03:20:31.0 (11767293)|VARIABLE_SCOPE_BEGIN|[9]|this|AccountTableWrapper|true|false
03:20:31.0 (11784106)|VARIABLE_ASSIGNMENT|[9]|this|{"accs":"0x7edcacfa","rows":"0x45da4601"}|0x365e43ae
03:20:31.0 (11791549)|HEAP_ALLOCATE|[11]|Bytes:5
03:20:31.0 (11794605)|STATEMENT_EXECUTE|[10]
03:20:31.0 (11817755)|VARIABLE_ASSIGNMENT|[EXTERNAL]|this|{"accs":"0x7edcacfa","rows":"0x45da4601"}|0x365e43ae
03:20:31.0 (11825834)|STATEMENT_EXECUTE|[11]
03:20:31.0 (11827472)|STATEMENT_EXECUTE|[17]
03:20:31.0 (11847728)|VARIABLE_ASSIGNMENT|[EXTERNAL]|this|{"accs":"0x7edcacfa","rows":"0x45da4601"}|0x365e43ae
03:20:31.0 (11858470)|METHOD_EXIT|[38]|01p360000074iI2|AccountTableWrapper.getAccounts()
03:20:31.0 (11865716)|HEAP_ALLOCATE|[38]|Bytes:24
03:20:31.0 (11877327)|METHOD_ENTRY|[38]|01p360000074iI2|AccountTableWrapper.RowWrapper.addValue(String)
03:20:31.0 (11883945)|VARIABLE_SCOPE_BEGIN|[80]|this|AccountTableWrapper.RowWrapper|true|false
03:20:31.0 (11899209)|VARIABLE_ASSIGNMENT|[80]|this|{"values":"0x76e12e59"}|0x6c1819ce
03:20:31.0 (11903030)|VARIABLE_SCOPE_BEGIN|[80]|value|String|false|false
03:20:31.0 (11907635)|VARIABLE_ASSIGNMENT|[80]|value|"Burlington"
03:20:31.0 (11911012)|STATEMENT_EXECUTE|[81]
03:20:31.0 (11912185)|STATEMENT_EXECUTE|[82]
03:20:31.0 (11931002)|VARIABLE_ASSIGNMENT|[EXTERNAL]|this|{"values":"0x76e12e59"}|0x6c1819ce
03:20:31.0 (11944972)|HEAP_ALLOCATE|[EXTERNAL]|Bytes:4
03:20:31.0 (11951574)|METHOD_EXIT|[38]|01p360000074iI2|AccountTableWrapper.RowWrapper.addValue(String)
03:20:31.0 (11954492)|STATEMENT_EXECUTE|[39]
03:20:31.0 (11975443)|VARIABLE_ASSIGNMENT|[EXTERNAL]|this|{"accs":"0x7edcacfa","rows":"0x45da4601"}|0x365e43ae
03:20:31.0 (11986854)|HEAP_ALLOCATE|[39]|Bytes:8
03:20:31.0 (11993696)|METHOD_ENTRY|[39]|01p360000074iI2|AccountTableWrapper.getAccounts()
03:20:31.0 (11999839)|VARIABLE_SCOPE_BEGIN|[9]|this|AccountTableWrapper|true|false
03:20:31.0 (12016732)|VARIABLE_ASSIGNMENT|[9]|this|{"accs":"0x7edcacfa","rows":"0x45da4601"}|0x365e43ae
03:20:31.0 (12024895)|HEAP_ALLOCATE|[11]|Bytes:5
03:20:31.0 (12027888)|STATEMENT_EXECUTE|[10]
03:20:31.0 (12051074)|VARIABLE_ASSIGNMENT|[EXTERNAL]|this|{"accs":"0x7edcacfa","rows":"0x45da4601"}|0x365e43ae
03:20:31.0 (12059428)|STATEMENT_EXECUTE|[11]
03:20:31.0 (12061021)|STATEMENT_EXECUTE|[17]
03:20:31.0 (12080921)|VARIABLE_ASSIGNMENT|[EXTERNAL]|this|{"accs":"0x7edcacfa","rows":"0x45da4601"}|0x365e43ae
03:20:31.0 (12092172)|METHOD_EXIT|[39]|01p360000074iI2|AccountTableWrapper.getAccounts()
03:20:31.0 (12099593)|HEAP_ALLOCATE|[39]|Bytes:24
03:20:31.0 (12111280)|METHOD_ENTRY|[39]|01p360000074iI2|AccountTableWrapper.RowWrapper.addValue(String)
03:20:31.0 (12117900)|VARIABLE_SCOPE_BEGIN|[80]|this|AccountTableWrapper.RowWrapper|true|false
03:20:31.0 (12133088)|VARIABLE_ASSIGNMENT|[80]|this|{"values":"0x428ce806"}|0x16ea2c9d
03:20:31.0 (12136783)|VARIABLE_SCOPE_BEGIN|[80]|value|String|false|false
03:20:31.0 (12140894)|VARIABLE_ASSIGNMENT|[80]|value|"27215"
03:20:31.0 (12144239)|STATEMENT_EXECUTE|[81]
03:20:31.0 (12145383)|STATEMENT_EXECUTE|[82]
03:20:31.0 (12169131)|VARIABLE_ASSIGNMENT|[EXTERNAL]|this|{"values":"0x428ce806"}|0x16ea2c9d
03:20:31.0 (12183777)|HEAP_ALLOCATE|[EXTERNAL]|Bytes:4
03:20:31.0 (12190420)|METHOD_EXIT|[39]|01p360000074iI2|AccountTableWrapper.RowWrapper.addValue(String)
03:20:31.0 (12194045)|HEAP_ALLOCATE|[34]|Bytes:4
03:20:31.0 (12199901)|VARIABLE_ASSIGNMENT|[34]|idx|2
03:20:31.0 (12206520)|METHOD_ENTRY|[34]|01p360000074iI2|AccountTableWrapper.getAccounts()
03:20:31.0 (12211873)|VARIABLE_SCOPE_BEGIN|[9]|this|AccountTableWrapper|true|false
03:20:31.0 (12229773)|VARIABLE_ASSIGNMENT|[9]|this|{"accs":"0x7edcacfa","rows":"0x45da4601"}|0x365e43ae
03:20:31.0 (12237514)|HEAP_ALLOCATE|[11]|Bytes:5
03:20:31.0 (12240678)|STATEMENT_EXECUTE|[10]
03:20:31.0 (12263818)|VARIABLE_ASSIGNMENT|[EXTERNAL]|this|{"accs":"0x7edcacfa","rows":"0x45da4601"}|0x365e43ae
03:20:31.0 (12272115)|STATEMENT_EXECUTE|[11]
03:20:31.0 (12273765)|STATEMENT_EXECUTE|[17]
03:20:31.0 (12293877)|VARIABLE_ASSIGNMENT|[EXTERNAL]|this|{"accs":"0x7edcacfa","rows":"0x45da4601"}|0x365e43ae
03:20:31.0 (12308174)|METHOD_EXIT|[34]|01p360000074iI2|AccountTableWrapper.getAccounts()
03:20:31.0 (12320575)|STATEMENT_EXECUTE|[35]
03:20:31.0 (12322248)|STATEMENT_EXECUTE|[36]
03:20:31.0 (12345414)|VARIABLE_ASSIGNMENT|[EXTERNAL]|this|{"accs":"0x7edcacfa","rows":"0x45da4601"}|0x365e43ae
03:20:31.0 (12357333)|HEAP_ALLOCATE|[36]|Bytes:8
03:20:31.0 (12364140)|METHOD_ENTRY|[36]|01p360000074iI2|AccountTableWrapper.getAccounts()
03:20:31.0 (12370229)|VARIABLE_SCOPE_BEGIN|[9]|this|AccountTableWrapper|true|false
03:20:31.0 (12387454)|VARIABLE_ASSIGNMENT|[9]|this|{"accs":"0x7edcacfa","rows":"0x45da4601"}|0x365e43ae
03:20:31.0 (12394888)|HEAP_ALLOCATE|[11]|Bytes:5
03:20:31.0 (12397901)|STATEMENT_EXECUTE|[10]
03:20:31.0 (12420823)|VARIABLE_ASSIGNMENT|[EXTERNAL]|this|{"accs":"0x7edcacfa","rows":"0x45da4601"}|0x365e43ae
03:20:31.0 (12428949)|STATEMENT_EXECUTE|[11]
03:20:31.0 (12430696)|STATEMENT_EXECUTE|[17]
03:20:31.0 (12456055)|VARIABLE_ASSIGNMENT|[EXTERNAL]|this|{"accs":"0x7edcacfa","rows":"0x45da4601"}|0x365e43ae
03:20:31.0 (12474959)|METHOD_EXIT|[36]|01p360000074iI2|AccountTableWrapper.getAccounts()
03:20:31.0 (12492170)|HEAP_ALLOCATE|[36]|Bytes:24
03:20:31.0 (12507150)|METHOD_ENTRY|[36]|01p360000074iI2|AccountTableWrapper.RowWrapper.addValue(String)
03:20:31.0 (12514674)|VARIABLE_SCOPE_BEGIN|[80]|this|AccountTableWrapper.RowWrapper|true|false
03:20:31.0 (12532041)|VARIABLE_ASSIGNMENT|[80]|this|{"values":"0x5dcb4866"}|0x8746b94
03:20:31.0 (12535824)|VARIABLE_SCOPE_BEGIN|[80]|value|String|false|false
03:20:31.0 (12541531)|VARIABLE_ASSIGNMENT|[80]|value|"Pyramid Construction (5 more) ..."
03:20:31.0 (12545065)|STATEMENT_EXECUTE|[81]
03:20:31.0 (12546292)|STATEMENT_EXECUTE|[82]
03:20:31.0 (12565576)|VARIABLE_ASSIGNMENT|[EXTERNAL]|this|{"values":"0x5dcb4866"}|0x8746b94
03:20:31.0 (12579886)|HEAP_ALLOCATE|[EXTERNAL]|Bytes:4
03:20:31.0 (12586430)|METHOD_EXIT|[36]|01p360000074iI2|AccountTableWrapper.RowWrapper.addValue(String)
03:20:31.0 (12589476)|STATEMENT_EXECUTE|[37]
03:20:31.0 (12611023)|VARIABLE_ASSIGNMENT|[EXTERNAL]|this|{"accs":"0x7edcacfa","rows":"0x45da4601"}|0x365e43ae
03:20:31.0 (12622483)|HEAP_ALLOCATE|[37]|Bytes:8
03:20:31.0 (12629064)|METHOD_ENTRY|[37]|01p360000074iI2|AccountTableWrapper.getAccounts()
03:20:31.0 (12635071)|VARIABLE_SCOPE_BEGIN|[9]|this|AccountTableWrapper|true|false
03:20:31.0 (12652619)|VARIABLE_ASSIGNMENT|[9]|this|{"accs":"0x7edcacfa","rows":"0x45da4601"}|0x365e43ae
03:20:31.0 (12660285)|HEAP_ALLOCATE|[11]|Bytes:5
03:20:31.0 (12663327)|STATEMENT_EXECUTE|[10]
03:20:31.0 (12685970)|VARIABLE_ASSIGNMENT|[EXTERNAL]|this|{"accs":"0x7edcacfa","rows":"0x45da4601"}|0x365e43ae
03:20:31.0 (12698216)|STATEMENT_EXECUTE|[11]
03:20:31.0 (12699824)|STATEMENT_EXECUTE|[17]
03:20:31.0 (12720856)|VARIABLE_ASSIGNMENT|[EXTERNAL]|this|{"accs":"0x7edcacfa","rows":"0x45da4601"}|0x365e43ae
03:20:31.0 (12732106)|METHOD_EXIT|[37]|01p360000074iI2|AccountTableWrapper.getAccounts()
03:20:31.0 (12739425)|HEAP_ALLOCATE|[37]|Bytes:24
03:20:31.0 (12751266)|METHOD_ENTRY|[37]|01p360000074iI2|AccountTableWrapper.RowWrapper.addValue(String)
03:20:31.0 (12758379)|VARIABLE_SCOPE_BEGIN|[80]|this|AccountTableWrapper.RowWrapper|true|false
03:20:31.0 (12773849)|VARIABLE_ASSIGNMENT|[80]|this|{"values":"0x6b97f4a2"}|0x40141fff
03:20:31.0 (12777556)|VARIABLE_SCOPE_BEGIN|[80]|value|String|false|false
03:20:31.0 (12782131)|VARIABLE_ASSIGNMENT|[80]|value|"2 Place Jussieu"
03:20:31.0 (12785584)|STATEMENT_EXECUTE|[81]
03:20:31.0 (12786717)|STATEMENT_EXECUTE|[82]
03:20:31.0 (12805641)|VARIABLE_ASSIGNMENT|[EXTERNAL]|this|{"values":"0x6b97f4a2"}|0x40141fff
03:20:31.0 (12819619)|HEAP_ALLOCATE|[EXTERNAL]|Bytes:4
03:20:31.0 (12826133)|METHOD_EXIT|[37]|01p360000074iI2|AccountTableWrapper.RowWrapper.addValue(String)
03:20:31.0 (12829089)|STATEMENT_EXECUTE|[38]
03:20:31.0 (12850972)|VARIABLE_ASSIGNMENT|[EXTERNAL]|this|{"accs":"0x7edcacfa","rows":"0x45da4601"}|0x365e43ae
03:20:31.0 (12862540)|HEAP_ALLOCATE|[38]|Bytes:8
03:20:31.0 (12869242)|METHOD_ENTRY|[38]|01p360000074iI2|AccountTableWrapper.getAccounts()
03:20:31.0 (12875242)|VARIABLE_SCOPE_BEGIN|[9]|this|AccountTableWrapper|true|false
03:20:31.0 (12891835)|VARIABLE_ASSIGNMENT|[9]|this|{"accs":"0x7edcacfa","rows":"0x45da4601"}|0x365e43ae
03:20:31.0 (12899363)|HEAP_ALLOCATE|[11]|Bytes:5
03:20:31.0 (12902244)|STATEMENT_EXECUTE|[10]
03:20:31.0 (12925040)|VARIABLE_ASSIGNMENT|[EXTERNAL]|this|{"accs":"0x7edcacfa","rows":"0x45da4601"}|0x365e43ae
03:20:31.0 (12933252)|STATEMENT_EXECUTE|[11]
03:20:31.0 (12934795)|STATEMENT_EXECUTE|[17]
03:20:31.0 (12955139)|VARIABLE_ASSIGNMENT|[EXTERNAL]|this|{"accs":"0x7edcacfa","rows":"0x45da4601"}|0x365e43ae
03:20:31.0 (12965659)|METHOD_EXIT|[38]|01p360000074iI2|AccountTableWrapper.getAccounts()
03:20:31.0 (12972642)|HEAP_ALLOCATE|[38]|Bytes:24
03:20:31.0 (12984085)|METHOD_ENTRY|[38]|01p360000074iI2|AccountTableWrapper.RowWrapper.addValue(String)
03:20:31.0 (12990753)|VARIABLE_SCOPE_BEGIN|[80]|this|AccountTableWrapper.RowWrapper|true|false
03:20:31.0 (13006175)|VARIABLE_ASSIGNMENT|[80]|this|{"values":"0x76e12e59"}|0x6c1819ce
03:20:31.0 (13010841)|VARIABLE_SCOPE_BEGIN|[80]|value|String|false|false
03:20:31.0 (13015297)|VARIABLE_ASSIGNMENT|[80]|value|"Paris"
03:20:31.0 (13018605)|STATEMENT_EXECUTE|[81]
03:20:31.0 (13019788)|STATEMENT_EXECUTE|[82]
03:20:31.0 (13038601)|VARIABLE_ASSIGNMENT|[EXTERNAL]|this|{"values":"0x76e12e59"}|0x6c1819ce
03:20:31.0 (13052826)|HEAP_ALLOCATE|[EXTERNAL]|Bytes:4
03:20:31.0 (13059344)|METHOD_EXIT|[38]|01p360000074iI2|AccountTableWrapper.RowWrapper.addValue(String)
03:20:31.0 (13062299)|STATEMENT_EXECUTE|[39]
03:20:31.0 (13084129)|VARIABLE_ASSIGNMENT|[EXTERNAL]|this|{"accs":"0x7edcacfa","rows":"0x45da4601"}|0x365e43ae
03:20:31.0 (13095561)|HEAP_ALLOCATE|[39]|Bytes:8
03:20:31.0 (13102238)|METHOD_ENTRY|[39]|01p360000074iI2|AccountTableWrapper.getAccounts()
03:20:31.0 (13108285)|VARIABLE_SCOPE_BEGIN|[9]|this|AccountTableWrapper|true|false
03:20:31.0 (13125271)|VARIABLE_ASSIGNMENT|[9]|this|{"accs":"0x7edcacfa","rows":"0x45da4601"}|0x365e43ae
03:20:31.0 (13132883)|HEAP_ALLOCATE|[11]|Bytes:5
03:20:31.0 (13135906)|STATEMENT_EXECUTE|[10]
03:20:31.0 (13163862)|VARIABLE_ASSIGNMENT|[EXTERNAL]|this|{"accs":"0x7edcacfa","rows":"0x45da4601"}|0x365e43ae
03:20:31.0 (13172899)|STATEMENT_EXECUTE|[11]
03:20:31.0 (13174485)|STATEMENT_EXECUTE|[17]
03:20:31.0 (13195044)|VARIABLE_ASSIGNMENT|[EXTERNAL]|this|{"accs":"0x7edcacfa","rows":"0x45da4601"}|0x365e43ae
03:20:31.0 (13205705)|METHOD_EXIT|[39]|01p360000074iI2|AccountTableWrapper.getAccounts()
03:20:31.0 (13213060)|HEAP_ALLOCATE|[39]|Bytes:24
03:20:31.0 (13224706)|METHOD_ENTRY|[39]|01p360000074iI2|AccountTableWrapper.RowWrapper.addValue(String)
03:20:31.0 (13231343)|VARIABLE_SCOPE_BEGIN|[80]|this|AccountTableWrapper.RowWrapper|true|false
03:20:31.0 (13246984)|VARIABLE_ASSIGNMENT|[80]|this|{"values":"0x428ce806"}|0x16ea2c9d
03:20:31.0 (13250723)|VARIABLE_SCOPE_BEGIN|[80]|value|String|false|false
03:20:31.0 (13254960)|VARIABLE_ASSIGNMENT|[80]|value|"75251"
03:20:31.0 (13258116)|STATEMENT_EXECUTE|[81]
03:20:31.0 (13259308)|STATEMENT_EXECUTE|[82]
03:20:31.0 (13277725)|VARIABLE_ASSIGNMENT|[EXTERNAL]|this|{"values":"0x428ce806"}|0x16ea2c9d
03:20:31.0 (13291854)|HEAP_ALLOCATE|[EXTERNAL]|Bytes:4
03:20:31.0 (13298368)|METHOD_EXIT|[39]|01p360000074iI2|AccountTableWrapper.RowWrapper.addValue(String)
03:20:31.0 (13301688)|HEAP_ALLOCATE|[34]|Bytes:4
03:20:31.0 (13307435)|VARIABLE_ASSIGNMENT|[34]|idx|3
03:20:31.0 (13314194)|METHOD_ENTRY|[34]|01p360000074iI2|AccountTableWrapper.getAccounts()
03:20:31.0 (13319912)|VARIABLE_SCOPE_BEGIN|[9]|this|AccountTableWrapper|true|false
03:20:31.0 (13337457)|VARIABLE_ASSIGNMENT|[9]|this|{"accs":"0x7edcacfa","rows":"0x45da4601"}|0x365e43ae
03:20:31.0 (13344954)|HEAP_ALLOCATE|[11]|Bytes:5
03:20:31.0 (13348007)|STATEMENT_EXECUTE|[10]
03:20:31.0 (13370923)|VARIABLE_ASSIGNMENT|[EXTERNAL]|this|{"accs":"0x7edcacfa","rows":"0x45da4601"}|0x365e43ae
03:20:31.0 (13379196)|STATEMENT_EXECUTE|[11]
03:20:31.0 (13380735)|STATEMENT_EXECUTE|[17]
03:20:31.0 (13400806)|VARIABLE_ASSIGNMENT|[EXTERNAL]|this|{"accs":"0x7edcacfa","rows":"0x45da4601"}|0x365e43ae
03:20:31.0 (13411676)|METHOD_EXIT|[34]|01p360000074iI2|AccountTableWrapper.getAccounts()
03:20:31.0 (13424311)|STATEMENT_EXECUTE|[43]
03:20:31.0 (13458309)|VARIABLE_ASSIGNMENT|[EXTERNAL]|this|{"accs":"0x7edcacfa","rows":"0x45da4601"}|0x365e43ae
03:20:31.0 (13469840)|SYSTEM_MODE_EXIT|false
03:20:31.0 (13488078)|CODE_UNIT_FINISHED|AccountTableWrapper invoke(getrowWrappers)
03:20:31.0 (13511963)|CODE_UNIT_FINISHED|AccountTableWrapper get(rowWrappers)
03:20:31.0 (13850540)|CODE_UNIT_STARTED|[EXTERNAL]|01p360000074iI2|values
03:20:31.0 (13870282)|CODE_UNIT_FINISHED|values
03:20:31.0 (14073939)|CODE_UNIT_STARTED|[EXTERNAL]|01p360000074iI2|values
03:20:31.0 (14091754)|CODE_UNIT_FINISHED|values
03:20:31.0 (14293215)|CODE_UNIT_STARTED|[EXTERNAL]|01p360000074iI2|values
03:20:31.0 (14309956)|CODE_UNIT_FINISHED|values
03:20:31.0 (14501831)|CODE_UNIT_STARTED|[EXTERNAL]|01p360000074iI2|values
03:20:31.0 (14518320)|CODE_UNIT_FINISHED|values
03:20:31.0 (57086514)|VF_SERIALIZE_VIEWSTATE_BEGIN|06636000002n6IF
03:20:31.0 (66882580)|VF_SERIALIZE_VIEWSTATE_END
03:20:31.0 (72955263)|CODE_UNIT_STARTED|[EXTERNAL]|Generate Metadata
03:20:31.0 (80219166)|CODE_UNIT_FINISHED|Generate Metadata
03:20:31.86 (86238963)|CUMULATIVE_LIMIT_USAGE
03:20:31.86 (86238963)|LIMIT_USAGE_FOR_NS|(default)|
  Number of SOQL queries: 1 out of 100
  Number of query rows: 3 out of 50000
  Number of SOSL queries: 0 out of 20
  Number of DML statements: 0 out of 150
  Number of DML rows: 0 out of 10000
  Maximum CPU time: 0 out of 10000
  Maximum heap size: 0 out of 6000000
  Number of callouts: 0 out of 100
  Number of Email Invocations: 0 out of 10
  Number of future calls: 0 out of 50
  Number of queueable jobs added to the queue: 0 out of 50
  Number of Mobile Apex push calls: 0 out of 10

03:20:31.86 (86238963)|CUMULATIVE_LIMIT_USAGE_END

03:20:31.0 (86341566)|CODE_UNIT_FINISHED|VF: /apex/AccountTabWrap
03:20:31.0 (87496053)|EXECUTION_FINISHED
