36.0 APEX_CODE,FINEST;APEX_PROFILING,INFO;CALLOUT,INFO;DB,INFO;SYSTEM,DEBUG;VALIDATION,INFO;VISUALFORCE,INFO;WORKFLOW,INFO
09:00:55.0 (73162)|EXECUTION_STARTED
09:00:55.0 (104576)|CODE_UNIT_STARTED|[EXTERNAL]|01p36000005H3V7|expansesController.getExpenses
09:00:55.0 (324809)|HEAP_ALLOCATE|[72]|Bytes:3
09:00:55.0 (402800)|HEAP_ALLOCATE|[77]|Bytes:152
09:00:55.0 (426158)|HEAP_ALLOCATE|[342]|Bytes:408
09:00:55.0 (448559)|HEAP_ALLOCATE|[355]|Bytes:408
09:00:55.0 (474179)|HEAP_ALLOCATE|[467]|Bytes:48
09:00:55.0 (519602)|HEAP_ALLOCATE|[139]|Bytes:6
09:00:55.0 (664925)|HEAP_ALLOCATE|[EXTERNAL]|Bytes:4
09:00:55.0 (687931)|METHOD_ENTRY|[1]|01p36000005H3V7|expansesController.expansesController()
09:00:55.0 (693284)|STATEMENT_EXECUTE|[1]
09:00:55.0 (702125)|STATEMENT_EXECUTE|[1]
09:00:55.0 (743723)|HEAP_ALLOCATE|[50]|Bytes:5
09:00:55.0 (772499)|HEAP_ALLOCATE|[56]|Bytes:5
09:00:55.0 (782129)|HEAP_ALLOCATE|[64]|Bytes:7
09:00:55.0 (810196)|SYSTEM_MODE_ENTER|false
09:00:55.0 (836175)|HEAP_ALLOCATE|[EXTERNAL]|Bytes:5
09:00:55.0 (844119)|SYSTEM_MODE_EXIT|false
09:00:55.0 (862126)|METHOD_EXIT|[1]|expansesController
09:00:55.0 (871095)|SYSTEM_MODE_ENTER|false
09:00:55.0 (885507)|HEAP_ALLOCATE|[6]|Bytes:5
09:00:55.0 (889260)|STATEMENT_EXECUTE|[3]
09:00:55.0 (890898)|STATEMENT_EXECUTE|[6]
09:00:55.0 (894616)|HEAP_ALLOCATE|[6]|Bytes:90
09:00:55.0 (908745)|HEAP_ALLOCATE|[6]|Bytes:4
09:00:55.0 (1308600)|SOQL_EXECUTE_BEGIN|[6]|Aggregations:0|SELECT Id, Name, Amount__c, Client__c, Date__c, Reimbursed__c, CreatedDate FROM Expense__c
09:00:55.0 (4695650)|SOQL_EXECUTE_END|[6]|Rows:7
09:00:55.0 (4720889)|HEAP_ALLOCATE|[6]|Bytes:32
09:00:55.0 (4761639)|HEAP_ALLOCATE|[6]|Bytes:1030
09:00:55.0 (4886236)|HEAP_ALLOCATE|[6]|Bytes:32
09:00:55.0 (4902425)|SYSTEM_MODE_EXIT|false
09:00:55.4 (4954475)|CUMULATIVE_LIMIT_USAGE
09:00:55.4 (4954475)|LIMIT_USAGE_FOR_NS|(default)|
  Number of SOQL queries: 1 out of 100
  Number of query rows: 7 out of 50000
  Number of SOSL queries: 0 out of 20
  Number of DML statements: 0 out of 150
  Number of DML rows: 0 out of 10000
  Maximum CPU time: 0 out of 10000
  Maximum heap size: 0 out of 6000000
  Number of callouts: 0 out of 100
  Number of Email Invocations: 0 out of 10
  Number of future calls: 0 out of 50
  Number of queueable jobs added to the queue: 0 out of 50
  Number of Mobile Apex push calls: 0 out of 10

09:00:55.4 (4954475)|CUMULATIVE_LIMIT_USAGE_END

09:00:55.0 (5007908)|CODE_UNIT_FINISHED|expansesController.getExpenses
09:00:55.0 (6688111)|EXECUTION_FINISHED
