36.0 APEX_CODE,FINEST;APEX_PROFILING,INFO;CALLOUT,INFO;DB,INFO;SYSTEM,DEBUG;VALIDATION,INFO;VISUALFORCE,INFO;WORKFLOW,INFO
09:58:06.0 (814590)|EXECUTION_STARTED
09:58:06.0 (852851)|CODE_UNIT_STARTED|[EXTERNAL]|06636000002mR8C|VF: /apex/AccountWRap
09:58:06.0 (1555056)|VF_DESERIALIZE_VIEWSTATE_BEGIN|06636000002mR8C
09:58:06.0 (18365679)|HEAP_ALLOCATE|[72]|Bytes:3
09:58:06.0 (18429607)|HEAP_ALLOCATE|[77]|Bytes:152
09:58:06.0 (18448544)|HEAP_ALLOCATE|[342]|Bytes:408
09:58:06.0 (18469617)|HEAP_ALLOCATE|[355]|Bytes:408
09:58:06.0 (18488718)|HEAP_ALLOCATE|[467]|Bytes:48
09:58:06.0 (18521184)|HEAP_ALLOCATE|[139]|Bytes:6
09:58:06.0 (19239700)|HEAP_ALLOCATE|[50]|Bytes:5
09:58:06.0 (19272033)|HEAP_ALLOCATE|[56]|Bytes:5
09:58:06.0 (19283893)|HEAP_ALLOCATE|[64]|Bytes:7
09:58:06.0 (21911953)|VF_DESERIALIZE_VIEWSTATE_END
09:58:06.24 (24757660)|SYSTEM_MODE_ENTER|true
09:58:06.24 (24847261)|HEAP_ALLOCATE|[EXTERNAL]|Bytes:38
09:58:06.24 (24854547)|HEAP_ALLOCATE|[EXTERNAL]|Bytes:7
09:58:06.24 (24870201)|SYSTEM_METHOD_ENTRY|[1]|PageMessagesComponentController.PageMessagesComponentController()
09:58:06.24 (24876222)|STATEMENT_EXECUTE|[1]
09:58:06.0 (26294166)|STATEMENT_EXECUTE|[1]
09:58:06.0 (26306328)|SYSTEM_MODE_ENTER|false
09:58:06.0 (26312768)|HEAP_ALLOCATE|[EXTERNAL]|Bytes:5
09:58:06.0 (26317435)|STATEMENT_EXECUTE|[45]
09:58:06.0 (26322082)|SYSTEM_MODE_EXIT|false
09:58:06.0 (26332021)|METHOD_EXIT|[1]|AccountWRAPcont
09:58:06.0 (26343392)|CODE_UNIT_FINISHED|anacc
09:58:06.0 (26360465)|CODE_UNIT_FINISHED|AccountWRAPcont get(anacc)
09:58:06.0 (35035172)|CODE_UNIT_STARTED|[EXTERNAL]|01p360000072Whw|AccountWRAPcont get(accwrap)
09:58:06.0 (35049121)|SYSTEM_MODE_ENTER|true
09:58:06.0 (35071565)|CODE_UNIT_STARTED|[EXTERNAL]|01p360000072Whw|accwrap
09:58:06.0 (35090094)|CODE_UNIT_FINISHED|accwrap
09:58:06.0 (35114864)|CODE_UNIT_FINISHED|AccountWRAPcont get(accwrap)
09:58:06.0 (38391212)|CODE_UNIT_STARTED|[EXTERNAL]|01p360000072Whw|selected
09:58:06.0 (38413142)|HEAP_ALLOCATE|[EXTERNAL]|Bytes:108
09:58:06.0 (38424793)|HEAP_ALLOCATE|[EXTERNAL]|Bytes:8
09:58:06.0 (38499288)|CODE_UNIT_FINISHED|selected
09:58:06.0 (38616241)|CODE_UNIT_STARTED|[EXTERNAL]|01p360000072Whw|selected
09:58:06.0 (38634846)|CODE_UNIT_FINISHED|selected
09:58:06.0 (38758040)|CODE_UNIT_STARTED|[EXTERNAL]|01p360000072Whw|selected
09:58:06.0 (38776157)|CODE_UNIT_FINISHED|selected
09:58:06.0 (38881490)|CODE_UNIT_STARTED|[EXTERNAL]|01p360000072Whw|selected
09:58:06.0 (38898816)|CODE_UNIT_FINISHED|selected
09:58:06.0 (39002122)|CODE_UNIT_STARTED|[EXTERNAL]|01p360000072Whw|selected
09:58:06.0 (39019803)|CODE_UNIT_FINISHED|selected
09:58:06.0 (39121868)|CODE_UNIT_STARTED|[EXTERNAL]|01p360000072Whw|selected
09:58:06.0 (39138614)|CODE_UNIT_FINISHED|selected
09:58:06.0 (39240746)|CODE_UNIT_STARTED|[EXTERNAL]|01p360000072Whw|selected
09:58:06.0 (39257625)|CODE_UNIT_FINISHED|selected
09:58:06.0 (39366190)|CODE_UNIT_STARTED|[EXTERNAL]|01p360000072Whw|selected
09:58:06.0 (39382517)|CODE_UNIT_FINISHED|selected
09:58:06.0 (39495227)|CODE_UNIT_STARTED|[EXTERNAL]|01p360000072Whw|selected
09:58:06.0 (39516708)|CODE_UNIT_FINISHED|selected
09:58:06.0 (39621175)|CODE_UNIT_STARTED|[EXTERNAL]|01p360000072Whw|selected
09:58:06.0 (39637574)|CODE_UNIT_FINISHED|selected
09:58:06.0 (39742320)|CODE_UNIT_STARTED|[EXTERNAL]|01p360000072Whw|selected
09:58:06.0 (39758746)|CODE_UNIT_FINISHED|selected
09:58:06.0 (39859986)|CODE_UNIT_STARTED|[EXTERNAL]|01p360000072Whw|selected
09:58:06.0 (39876272)|CODE_UNIT_FINISHED|selected
09:58:06.0 (39976916)|CODE_UNIT_STARTED|[EXTERNAL]|01p360000072Whw|selected
09:58:06.0 (39993107)|CODE_UNIT_FINISHED|selected
09:58:06.0 (40094953)|CODE_UNIT_STARTED|[EXTERNAL]|01p360000072Whw|selected
09:58:06.0 (40112156)|CODE_UNIT_FINISHED|selected
09:58:06.40 (40481322)|SYSTEM_MODE_ENTER|true
09:58:06.40 (40569851)|HEAP_ALLOCATE|[EXTERNAL]|Bytes:8
09:58:06.40 (40589454)|VARIABLE_SCOPE_BEGIN|[88]|this|ApexPage.PageMessagesComponentController|true|false
09:58:06.40 (40667977)|VARIABLE_ASSIGNMENT|[88]|this|{}|0x5d945367
09:58:06.40 (40676547)|VARIABLE_SCOPE_BEGIN|[88]|escape|Boolean|false|false
09:58:06.40 (40683217)|VARIABLE_ASSIGNMENT|[88]|escape|null
09:58:06.0 (43547024)|SYSTEM_MODE_ENTER|false
09:58:06.0 (43555852)|HEAP_ALLOCATE|[36]|Bytes:5
09:58:06.0 (43561243)|STATEMENT_EXECUTE|[35]
09:58:06.0 (43564026)|STATEMENT_EXECUTE|[36]
09:58:06.0 (43574024)|HEAP_ALLOCATE|[36]|Bytes:4
09:58:06.0 (43762820)|VARIABLE_ASSIGNMENT|[EXTERNAL]|this|{"accs":"0x209e6d22","accwrap":"0x4a436133","anacc":"0x1d4386d6","selectedaccount":"0x64c95c6"}|0x43c20cde
09:58:06.0 (43773092)|HEAP_ALLOCATE|[EXTERNAL]|Bytes:4
09:58:06.0 (43788074)|VARIABLE_ASSIGNMENT|[EXTERNAL]|value|{"s":1,"v":[]}|0x5c95b02e
09:58:06.0 (43804422)|VARIABLE_ASSIGNMENT|[5]|this.selectedaccount|{"s":1,"v":[]}|0x43c20cde
09:58:06.0 (43813675)|STATEMENT_EXECUTE|[37]
09:58:06.0 (43858945)|VARIABLE_ASSIGNMENT|[EXTERNAL]|this|{"accs":"0x209e6d22","accwrap":"0x4a436133","anacc":"0x1d4386d6","selectedaccount":"0x5c95b02e"}|0x43c20cde
09:58:06.0 (43931387)|VARIABLE_ASSIGNMENT|[EXTERNAL]|this|{"accs":"0x209e6d22","accwrap":"0x4a436133","anacc":"0x1d4386d6","selectedaccount":"0x5c95b02e"}|0x43c20cde
09:58:06.0 (44121871)|HEAP_ALLOCATE|[38]|Bytes:5
09:58:06.0 (44140829)|HEAP_ALLOCATE|[38]|Bytes:12
09:58:06.0 (44151263)|VARIABLE_SCOPE_BEGIN|[38]|awrap|AccountWRAPcont.accountwrapper|true|false
09:58:06.0 (44185552)|VARIABLE_ASSIGNMENT|[38]|awrap|{"acc":"0x3e677a8b","selected":true}|0xf383631
09:58:06.0 (44228419)|VARIABLE_ASSIGNMENT|[EXTERNAL]|this|{"acc":"0x3e677a8b","selected":true}|0xf383631
09:58:06.0 (44243097)|STATEMENT_EXECUTE|[39]
09:58:06.0 (44244863)|STATEMENT_EXECUTE|[40]
09:58:06.0 (44278244)|VARIABLE_ASSIGNMENT|[EXTERNAL]|this|{"accs":"0x209e6d22","accwrap":"0x4a436133","anacc":"0x1d4386d6","selectedaccount":"0x5c95b02e"}|0x43c20cde
09:58:06.0 (44314828)|VARIABLE_ASSIGNMENT|[EXTERNAL]|this|{"acc":"0x3e677a8b","selected":true}|0xf383631
09:58:06.0 (44334286)|HEAP_ALLOCATE|[EXTERNAL]|Bytes:4
09:58:06.0 (44349195)|HEAP_ALLOCATE|[38]|Bytes:5
09:58:06.0 (44359150)|HEAP_ALLOCATE|[38]|Bytes:12
09:58:06.0 (44365311)|VARIABLE_SCOPE_BEGIN|[38]|awrap|AccountWRAPcont.accountwrapper|true|false
09:58:06.0 (44383709)|VARIABLE_ASSIGNMENT|[38]|awrap|{"acc":"0x3d90bb8d","selected":false}|0x94dbee0
09:58:06.0 (44403583)|VARIABLE_ASSIGNMENT|[EXTERNAL]|this|{"acc":"0x3d90bb8d","selected":false}|0x94dbee0
09:58:06.0 (44412680)|STATEMENT_EXECUTE|[39]
09:58:06.0 (44422636)|HEAP_ALLOCATE|[38]|Bytes:5
09:58:06.0 (44431589)|HEAP_ALLOCATE|[38]|Bytes:12
09:58:06.0 (44437225)|VARIABLE_SCOPE_BEGIN|[38]|awrap|AccountWRAPcont.accountwrapper|true|false
09:58:06.0 (44454875)|VARIABLE_ASSIGNMENT|[38]|awrap|{"acc":"0x38a62d96","selected":false}|0x6202cedc
09:58:06.0 (44473915)|VARIABLE_ASSIGNMENT|[EXTERNAL]|this|{"acc":"0x38a62d96","selected":false}|0x6202cedc
09:58:06.0 (44482346)|STATEMENT_EXECUTE|[39]
09:58:06.0 (44492042)|HEAP_ALLOCATE|[38]|Bytes:5
09:58:06.0 (44500828)|HEAP_ALLOCATE|[38]|Bytes:12
09:58:06.0 (44506293)|VARIABLE_SCOPE_BEGIN|[38]|awrap|AccountWRAPcont.accountwrapper|true|false
09:58:06.0 (44522653)|VARIABLE_ASSIGNMENT|[38]|awrap|{"acc":"0x29c07a69","selected":false}|0x33996156
09:58:06.0 (44541492)|VARIABLE_ASSIGNMENT|[EXTERNAL]|this|{"acc":"0x29c07a69","selected":false}|0x33996156
09:58:06.0 (44549874)|STATEMENT_EXECUTE|[39]
09:58:06.0 (44559396)|HEAP_ALLOCATE|[38]|Bytes:5
09:58:06.0 (44568109)|HEAP_ALLOCATE|[38]|Bytes:12
09:58:06.0 (44573410)|VARIABLE_SCOPE_BEGIN|[38]|awrap|AccountWRAPcont.accountwrapper|true|false
09:58:06.0 (44589499)|VARIABLE_ASSIGNMENT|[38]|awrap|{"acc":"0x79ab79cd","selected":false}|0x7d5e50aa
09:58:06.0 (44613388)|VARIABLE_ASSIGNMENT|[EXTERNAL]|this|{"acc":"0x79ab79cd","selected":false}|0x7d5e50aa
09:58:06.0 (44622374)|STATEMENT_EXECUTE|[39]
09:58:06.0 (44632272)|HEAP_ALLOCATE|[38]|Bytes:5
09:58:06.0 (44641119)|HEAP_ALLOCATE|[38]|Bytes:12
09:58:06.0 (44646519)|VARIABLE_SCOPE_BEGIN|[38]|awrap|AccountWRAPcont.accountwrapper|true|false
09:58:06.0 (44663051)|VARIABLE_ASSIGNMENT|[38]|awrap|{"acc":"0x415fe9a6","selected":false}|0x19805b5f
09:58:06.0 (44681899)|VARIABLE_ASSIGNMENT|[EXTERNAL]|this|{"acc":"0x415fe9a6","selected":false}|0x19805b5f
09:58:06.0 (44690356)|STATEMENT_EXECUTE|[39]
09:58:06.0 (44699872)|HEAP_ALLOCATE|[38]|Bytes:5
09:58:06.0 (44708462)|HEAP_ALLOCATE|[38]|Bytes:12
09:58:06.0 (44713730)|VARIABLE_SCOPE_BEGIN|[38]|awrap|AccountWRAPcont.accountwrapper|true|false
09:58:06.0 (44729510)|VARIABLE_ASSIGNMENT|[38]|awrap|{"acc":"0x481ca686","selected":false}|0x6d00029d
09:58:06.0 (44747990)|VARIABLE_ASSIGNMENT|[EXTERNAL]|this|{"acc":"0x481ca686","selected":false}|0x6d00029d
09:58:06.0 (44756591)|STATEMENT_EXECUTE|[39]
09:58:06.0 (44766043)|HEAP_ALLOCATE|[38]|Bytes:5
09:58:06.0 (44774641)|HEAP_ALLOCATE|[38]|Bytes:12
09:58:06.0 (44779938)|VARIABLE_SCOPE_BEGIN|[38]|awrap|AccountWRAPcont.accountwrapper|true|false
09:58:06.0 (44796044)|VARIABLE_ASSIGNMENT|[38]|awrap|{"acc":"0x62258ede","selected":true}|0x156b5dba
09:58:06.0 (44814894)|VARIABLE_ASSIGNMENT|[EXTERNAL]|this|{"acc":"0x62258ede","selected":true}|0x156b5dba
09:58:06.0 (44823121)|STATEMENT_EXECUTE|[39]
09:58:06.0 (44824686)|STATEMENT_EXECUTE|[40]
09:58:06.0 (44847017)|VARIABLE_ASSIGNMENT|[EXTERNAL]|this|{"accs":"0x209e6d22","accwrap":"0x4a436133","anacc":"0x1d4386d6","selectedaccount":"0x5c95b02e"}|0x43c20cde
09:58:06.0 (44869396)|VARIABLE_ASSIGNMENT|[EXTERNAL]|this|{"acc":"0x62258ede","selected":true}|0x156b5dba
09:58:06.0 (44881664)|HEAP_ALLOCATE|[EXTERNAL]|Bytes:4
09:58:06.0 (44894009)|HEAP_ALLOCATE|[38]|Bytes:5
09:58:06.0 (44902985)|HEAP_ALLOCATE|[38]|Bytes:12
09:58:06.0 (44908476)|VARIABLE_SCOPE_BEGIN|[38]|awrap|AccountWRAPcont.accountwrapper|true|false
09:58:06.0 (44925355)|VARIABLE_ASSIGNMENT|[38]|awrap|{"acc":"0x4062f646","selected":false}|0x1a3f84bd
09:58:06.0 (44943976)|VARIABLE_ASSIGNMENT|[EXTERNAL]|this|{"acc":"0x4062f646","selected":false}|0x1a3f84bd
09:58:06.0 (44952602)|STATEMENT_EXECUTE|[39]
09:58:06.0 (44962294)|HEAP_ALLOCATE|[38]|Bytes:5
09:58:06.0 (44971160)|HEAP_ALLOCATE|[38]|Bytes:12
09:58:06.0 (44976425)|VARIABLE_SCOPE_BEGIN|[38]|awrap|AccountWRAPcont.accountwrapper|true|false
09:58:06.0 (44992760)|VARIABLE_ASSIGNMENT|[38]|awrap|{"acc":"0x7e4e3535","selected":false}|0x17e6e06
09:58:06.0 (45011441)|VARIABLE_ASSIGNMENT|[EXTERNAL]|this|{"acc":"0x7e4e3535","selected":false}|0x17e6e06
09:58:06.0 (45020922)|STATEMENT_EXECUTE|[39]
09:58:06.0 (45030589)|HEAP_ALLOCATE|[38]|Bytes:5
09:58:06.0 (45039260)|HEAP_ALLOCATE|[38]|Bytes:12
09:58:06.0 (45044851)|VARIABLE_SCOPE_BEGIN|[38]|awrap|AccountWRAPcont.accountwrapper|true|false
09:58:06.0 (45060928)|VARIABLE_ASSIGNMENT|[38]|awrap|{"acc":"0x53cb84ec","selected":false}|0x6c87805e
09:58:06.0 (45080174)|VARIABLE_ASSIGNMENT|[EXTERNAL]|this|{"acc":"0x53cb84ec","selected":false}|0x6c87805e
09:58:06.0 (45088427)|STATEMENT_EXECUTE|[39]
09:58:06.0 (45097865)|HEAP_ALLOCATE|[38]|Bytes:5
09:58:06.0 (45106453)|HEAP_ALLOCATE|[38]|Bytes:12
09:58:06.0 (45111672)|VARIABLE_SCOPE_BEGIN|[38]|awrap|AccountWRAPcont.accountwrapper|true|false
09:58:06.0 (45127624)|VARIABLE_ASSIGNMENT|[38]|awrap|{"acc":"0x1dd6b335","selected":false}|0x234e86f9
09:58:06.0 (45146123)|VARIABLE_ASSIGNMENT|[EXTERNAL]|this|{"acc":"0x1dd6b335","selected":false}|0x234e86f9
09:58:06.0 (45154531)|STATEMENT_EXECUTE|[39]
09:58:06.0 (45163994)|HEAP_ALLOCATE|[38]|Bytes:5
09:58:06.0 (45172852)|HEAP_ALLOCATE|[38]|Bytes:12
09:58:06.0 (45178138)|VARIABLE_SCOPE_BEGIN|[38]|awrap|AccountWRAPcont.accountwrapper|true|false
09:58:06.0 (45194231)|VARIABLE_ASSIGNMENT|[38]|awrap|{"acc":"0x4a51b60f","selected":false}|0x4532f441
09:58:06.0 (45212498)|VARIABLE_ASSIGNMENT|[EXTERNAL]|this|{"acc":"0x4a51b60f","selected":false}|0x4532f441
09:58:06.0 (45220817)|STATEMENT_EXECUTE|[39]
09:58:06.0 (45230308)|HEAP_ALLOCATE|[38]|Bytes:5
09:58:06.0 (45239026)|HEAP_ALLOCATE|[38]|Bytes:12
09:58:06.0 (45244369)|VARIABLE_SCOPE_BEGIN|[38]|awrap|AccountWRAPcont.accountwrapper|true|false
09:58:06.0 (45260433)|VARIABLE_ASSIGNMENT|[38]|awrap|{"acc":"0x45b9d5ed","selected":false}|0x374eacbf
09:58:06.0 (45278949)|VARIABLE_ASSIGNMENT|[EXTERNAL]|this|{"acc":"0x45b9d5ed","selected":false}|0x374eacbf
09:58:06.0 (45286972)|STATEMENT_EXECUTE|[39]
09:58:06.0 (45300439)|HEAP_ALLOCATE|[38]|Bytes:5
09:58:06.0 (45311135)|VARIABLE_ASSIGNMENT|[38]|awrap|null|
09:58:06.0 (45319174)|SYSTEM_MODE_EXIT|false
09:58:06.0 (45361511)|CODE_UNIT_FINISHED|AccountWRAPcont invoke(getselected)
09:58:06.0 (45405474)|VF_APEX_CALL|j_id35|{!getselected}|PageReference: none
09:58:06.49 (49051444)|SYSTEM_MODE_ENTER|true
09:58:06.49 (49120814)|HEAP_ALLOCATE|[EXTERNAL]|Bytes:8
09:58:06.49 (49130574)|VARIABLE_SCOPE_BEGIN|[88]|this|ApexPage.PageMessagesComponentController|true|false
09:58:06.49 (49166084)|VARIABLE_ASSIGNMENT|[88]|this|{}|0x5d945367
09:58:06.49 (49172757)|VARIABLE_SCOPE_BEGIN|[88]|escape|Boolean|false|false
09:58:06.49 (49177497)|VARIABLE_ASSIGNMENT|[88]|escape|null
09:58:06.96 (96921506)|CUMULATIVE_LIMIT_USAGE
09:58:06.96 (96921506)|LIMIT_USAGE_FOR_NS|(default)|
  Number of SOQL queries: 0 out of 100
  Number of query rows: 0 out of 50000
  Number of SOSL queries: 0 out of 20
  Number of DML statements: 0 out of 150
  Number of DML rows: 0 out of 10000
  Maximum CPU time: 0 out of 10000
  Maximum heap size: 0 out of 6000000
  Number of callouts: 0 out of 100
  Number of Email Invocations: 0 out of 10
  Number of future calls: 0 out of 50
  Number of queueable jobs added to the queue: 0 out of 50
  Number of Mobile Apex push calls: 0 out of 10

09:58:06.96 (96921506)|CUMULATIVE_LIMIT_USAGE_END

