36.0 APEX_CODE,FINEST;APEX_PROFILING,INFO;CALLOUT,INFO;DB,INFO;SYSTEM,DEBUG;VALIDATION,INFO;VISUALFORCE,INFO;WORKFLOW,INFO
07:30:36.0 (408422)|EXECUTION_STARTED
07:30:36.0 (437953)|CODE_UNIT_STARTED|[EXTERNAL]|Workflow:ApprovalProcessActions
07:30:36.0 (11785342)|WF_APPROVAL|Approve|[Employee Skills: Koloboc a0C36000000ipqe]|Step 1(Approval based on first response)
07:30:36.0 (11830962)|WF_SPOOL_ACTION_BEGIN|Approve
07:30:36.0 (27426428)|WF_FIELD_UPDATE|[Employee Skills: Koloboc a0C36000000ipqe]|Field:Employee Skills: Status|Value:Approved|Id=04Y360000004IDW
07:30:36.0 (73566714)|CODE_UNIT_STARTED|[EXTERNAL]|01q3600000063GL|EmployeeSkillsEmailTrigger on Employee_Skills trigger event AfterUpdate for [a0C36000000ipqe]
07:30:36.0 (73630597)|HEAP_ALLOCATE|[EXTERNAL]|Bytes:8
07:30:36.0 (73705427)|HEAP_ALLOCATE|[EXTERNAL]|Bytes:8
07:30:36.0 (74309440)|HEAP_ALLOCATE|[72]|Bytes:3
07:30:36.0 (74370976)|HEAP_ALLOCATE|[77]|Bytes:152
07:30:36.0 (74392302)|HEAP_ALLOCATE|[342]|Bytes:408
07:30:36.0 (74414177)|HEAP_ALLOCATE|[355]|Bytes:408
07:30:36.0 (74434319)|HEAP_ALLOCATE|[467]|Bytes:48
07:30:36.0 (74477250)|HEAP_ALLOCATE|[139]|Bytes:6
07:30:36.0 (74503962)|HEAP_ALLOCATE|[EXTERNAL]|Bytes:2
07:30:36.0 (74747968)|HEAP_ALLOCATE|[EXTERNAL]|Bytes:48
07:30:36.0 (74761029)|VARIABLE_SCOPE_BEGIN|[48]|this|EmployeeSkillsEmailTrigger|true|false
07:30:36.0 (74838096)|VARIABLE_ASSIGNMENT|[48]|this|{}|0x10d2d770
07:30:36.0 (74898408)|HEAP_ALLOCATE|[EXTERNAL]|Bytes:48
07:30:36.0 (74907500)|VARIABLE_SCOPE_BEGIN|[48]|this|EmployeeSkillsEmailTrigger|true|false
07:30:36.0 (74925711)|VARIABLE_ASSIGNMENT|[48]|this|{}|0x10d2d770
07:30:36.0 (74932098)|STATEMENT_EXECUTE|[48]
07:30:36.0 (74934265)|STATEMENT_EXECUTE|[51]
07:30:36.0 (74972023)|HEAP_ALLOCATE|[50]|Bytes:5
07:30:36.0 (75000449)|HEAP_ALLOCATE|[56]|Bytes:5
07:30:36.0 (75011379)|HEAP_ALLOCATE|[64]|Bytes:7
07:30:36.0 (75515828)|VARIABLE_ASSIGNMENT|[51]|this.rdv|{"LastModifiedDate":"2016-03-31T14:30:36.000Z","IsDeleted":false,"Experience__c":"Less than one year","Skill_Category__c":"Programing","Project__c":"a0736000000Ew01AAC","Name":"Koloboc","SystemModstamp":"2016-03-31T14:30:36.000Z","Employee__c":"a0A36000001ygYkEAI","CreatedById":"005360000011kEEAAY","Employee_Email__c":"andriy.lokotosh@gmai (5 more) ...","CreatedDate":"2016-03-31T14:17:10.000Z","Id":"a0C36000000ipqeEAA","Grade__c":4,"Status__c":"Approved","LastModifiedById":"005360000011kEEAAY"}|0x10d2d770
07:30:36.0 (75524327)|STATEMENT_EXECUTE|[52]
07:30:36.0 (75704089)|VARIABLE_ASSIGNMENT|[52]|this.userid|"005360000011kEEAAY"|0x10d2d770
07:30:36.0 (75709792)|STATEMENT_EXECUTE|[53]
07:30:36.0 (75713871)|HEAP_ALLOCATE|[53]|Bytes:56
07:30:36.0 (75726825)|HEAP_ALLOCATE|[53]|Bytes:4
07:30:36.0 (75739002)|HEAP_ALLOCATE|[53]|Bytes:7
07:30:36.0 (76486874)|SOQL_EXECUTE_BEGIN|[53]|Aggregations:0|SELECT Name, Email FROM User WHERE Id = :tmpVar1 LIMIT 1
07:30:36.0 (79704242)|SOQL_EXECUTE_END|[53]|Rows:1
07:30:36.0 (79725483)|HEAP_ALLOCATE|[53]|Bytes:8
07:30:36.0 (79743102)|HEAP_ALLOCATE|[53]|Bytes:86
07:30:36.0 (79781721)|HEAP_ALLOCATE|[53]|Bytes:8
07:30:36.0 (79791348)|HEAP_ALLOCATE|[53]|Bytes:30
07:30:36.0 (79870111)|HEAP_ALLOCATE|[53]|Bytes:16
07:30:36.0 (79909272)|VARIABLE_ASSIGNMENT|[53]|this.activeUser|{"s":1,"v":{"Name":"Andrew Lokotosh","Email":"andriy.lokotosh@gmai (5 more) ...","Id":"005360000011kEEAAY"}}|0x10d2d770
07:30:36.0 (79914036)|STATEMENT_EXECUTE|[54]
07:30:36.0 (79959796)|VARIABLE_ASSIGNMENT|[54]|this.userName|"Andrew Lokotosh"|0x10d2d770
07:30:36.0 (79963625)|STATEMENT_EXECUTE|[55]
07:30:36.0 (79998025)|VARIABLE_ASSIGNMENT|[55]|this.userEmail|"andriy.lokotosh@gmai (5 more) ..."|0x10d2d770
07:30:36.0 (80001385)|STATEMENT_EXECUTE|[56]
07:30:36.0 (80041865)|VARIABLE_ASSIGNMENT|[56]|this.employeeskills|"Koloboc"|0x10d2d770
07:30:36.0 (80045475)|STATEMENT_EXECUTE|[58]
07:30:36.0 (80096488)|USER_DEBUG|[58]|DEBUG|andriy.lokotosh@gmail.com
07:30:36.0 (80106747)|STATEMENT_EXECUTE|[59]
07:30:36.0 (80111219)|HEAP_ALLOCATE|[59]|Bytes:94
07:30:36.0 (80117608)|HEAP_ALLOCATE|[59]|Bytes:4
07:30:36.0 (80410027)|SOQL_EXECUTE_BEGIN|[59]|Aggregations:0|SELECT Id, Name, HtmlValue, Subject, Body FROM EmailTemplate WHERE Name = 'NewSkillWasCreated'
07:30:36.0 (105797979)|SOQL_EXECUTE_END|[59]|Rows:1
07:30:36.0 (105823870)|HEAP_ALLOCATE|[59]|Bytes:8
07:30:36.0 (105836935)|HEAP_ALLOCATE|[59]|Bytes:162
07:30:36.0 (105899382)|HEAP_ALLOCATE|[59]|Bytes:8
07:30:36.0 (105915099)|HEAP_ALLOCATE|[59]|Bytes:39
07:30:36.0 (105986842)|HEAP_ALLOCATE|[59]|Bytes:24
07:30:36.0 (106042239)|VARIABLE_ASSIGNMENT|[59]|this.emailTemplate|{"s":1,"v":{"Id":"00X36000000QbewEAC","Name":"NewSkillWasCreated","Subject":"New Skill Was Create (2 more) ...","Body":"Dear, {!CreatedBy}!\r (33 more) ..."}}|0x10d2d770
07:30:36.0 (106048459)|STATEMENT_EXECUTE|[60]
07:30:36.0 (106076881)|VARIABLE_ASSIGNMENT|[60]|this.htmlBody|null|0x10d2d770
07:30:36.0 (106079982)|STATEMENT_EXECUTE|[63]
07:30:36.0 (106124427)|VARIABLE_ASSIGNMENT|[63]|this.plainBody|"Dear, {!CreatedBy}!\r (33 more) ..."|0x10d2d770
07:30:36.0 (106128074)|STATEMENT_EXECUTE|[64]
07:30:36.0 (106138154)|HEAP_ALLOCATE|[64]|Bytes:12
07:30:36.0 (106235715)|HEAP_ALLOCATE|[64]|Bytes:56
07:30:36.0 (106268144)|VARIABLE_ASSIGNMENT|[64]|this.plainBody|"Dear, Andrew Lokotos (36 more) ..."|0x10d2d770
07:30:36.0 (106271735)|STATEMENT_EXECUTE|[65]
07:30:36.0 (106281504)|HEAP_ALLOCATE|[65]|Bytes:7
07:30:36.0 (106327808)|HEAP_ALLOCATE|[65]|Bytes:56
07:30:36.0 (106357590)|VARIABLE_ASSIGNMENT|[65]|this.plainBody|"Dear, Andrew Lokotos (36 more) ..."|0x10d2d770
07:30:36.0 (106360951)|STATEMENT_EXECUTE|[67]
07:30:36.0 (106481803)|VARIABLE_ASSIGNMENT|[67]|this.mail|"common.api.soap.wsdl.SingleEmailMessage@7b7a2a04"|0x10d2d770
07:30:36.0 (106487114)|STATEMENT_EXECUTE|[68]
07:30:36.0 (106501260)|HEAP_ALLOCATE|[68]|Bytes:18
07:30:36.0 (106578556)|STATEMENT_EXECUTE|[69]
07:30:36.0 (106594725)|HEAP_ALLOCATE|[69]|Bytes:22
07:30:36.0 (106630091)|STATEMENT_EXECUTE|[70]
07:30:36.0 (106676181)|STATEMENT_EXECUTE|[71]
07:30:36.0 (106711689)|STATEMENT_EXECUTE|[72]
07:30:36.0 (106746328)|STATEMENT_EXECUTE|[73]
07:30:36.0 (106815013)|STATEMENT_EXECUTE|[74]
07:30:36.0 (106854217)|STATEMENT_EXECUTE|[75]
07:30:36.0 (106888821)|STATEMENT_EXECUTE|[76]
07:30:36.0 (106897183)|HEAP_ALLOCATE|[76]|Bytes:4
07:30:36.0 (106965508)|HEAP_ALLOCATE|[EXTERNAL]|Bytes:4
07:30:36.0 (106985211)|VARIABLE_ASSIGNMENT|[76]|this.sendTo|{"s":1,"v":[]}|0x10d2d770
07:30:36.0 (106988624)|STATEMENT_EXECUTE|[77]
07:30:36.0 (107040905)|HEAP_ALLOCATE|[EXTERNAL]|Bytes:4
07:30:36.0 (107051051)|STATEMENT_EXECUTE|[78]
07:30:36.0 (107096814)|STATEMENT_EXECUTE|[79]
07:30:36.0 (107120550)|HEAP_ALLOCATE|[79]|Bytes:4
07:30:36.0 (107219760)|HEAP_ALLOCATE|[EXTERNAL]|Bytes:8
07:30:36.0 (107250124)|HEAP_ALLOCATE|[EXTERNAL]|Bytes:8
07:30:36.0 (110550246)|EMAIL_QUEUE|[79]|replyTo: support@salesforce.com, subject: New Skill Was Created!, senderDisplayName: Salesforce Support, bccSender: false, saveAsActivity: false, useSignature: false, toAddresses: [andriy.lokotosh@gmail.com], plainTextBody: Dear, Andrew Lokotosh!

A new skill Koloboc was added!, 
07:30:36.0 (110629045)|HEAP_ALLOCATE|[EXTERNAL]|Bytes:8
07:30:36.110 (110654104)|CUMULATIVE_LIMIT_USAGE
07:30:36.110 (110654104)|LIMIT_USAGE_FOR_NS|(default)|
  Number of SOQL queries: 2 out of 100
  Number of query rows: 2 out of 50000
  Number of SOSL queries: 0 out of 20
  Number of DML statements: 0 out of 150
  Number of DML rows: 0 out of 10000
  Maximum CPU time: 0 out of 10000
  Maximum heap size: 0 out of 6000000
  Number of callouts: 0 out of 100
  Number of Email Invocations: 1 out of 10
  Number of future calls: 0 out of 50
  Number of queueable jobs added to the queue: 0 out of 50
  Number of Mobile Apex push calls: 0 out of 10

07:30:36.110 (110654104)|CUMULATIVE_LIMIT_USAGE_END

07:30:36.0 (111925363)|CODE_UNIT_FINISHED|EmployeeSkillsEmailTrigger on Employee_Skills trigger event AfterUpdate for [a0C36000000ipqe]
07:30:36.0 (126088575)|WF_SPOOL_ACTION_BEGIN|Approve
07:30:36.0 (211691028)|CODE_UNIT_STARTED|[EXTERNAL]|Workflow:01I360000002Vi7
07:30:36.0 (223057497)|WF_RULE_EVAL_BEGIN|Workflow
07:30:36.0 (223085636)|WF_CRITERIA_BEGIN|[Employee Skills: Koloboc a0C36000000ipqe]|ESkills30136000000L4ky|01Q360000004R9K|ON_ALL_CHANGES|0
07:30:36.0 (223215681)|WF_FORMULA|Formula:ENCODED:[treatNullAsNull]true|Values:
07:30:36.0 (223221793)|WF_CRITERIA_END|true
07:30:36.0 (223249124)|WF_CRITERIA_BEGIN|[Employee Skills: Koloboc a0C36000000ipqe]|SendEmailAlert30136000000L4lD|01Q360000004R9P|ON_ALL_CHANGES|0
07:30:36.0 (223298566)|WF_FORMULA|Formula:ENCODED:[treatNullAsNull]true|Values:
07:30:36.0 (223303087)|WF_CRITERIA_END|true
07:30:36.0 (223322684)|WF_SPOOL_ACTION_BEGIN|Workflow
07:30:36.0 (223354329)|WF_ACTION| Flow Trigger: 2;
07:30:36.0 (223357495)|WF_RULE_EVAL_END
07:30:36.0 (223944762)|WF_FLOW_ACTION_BEGIN|09L36000000CiXq
07:30:36.224 (224011791)|FLOW_CREATE_INTERVIEW_BEGIN|00D36000000JiIA|30036000000Gr5Z|30136000000L4ky
07:30:36.224 (225418405)|FLOW_CREATE_INTERVIEW_END|5478682c7553f748abcb2cfa6f27153cd0c5663-4672|UpdateEmail
07:30:36.225 (225806121)|FLOW_START_INTERVIEWS_BEGIN|1
07:30:36.225 (226296619)|FLOW_START_INTERVIEW_BEGIN|5478682c7553f748abcb2cfa6f27153cd0c5663-4672|UpdateEmail
07:30:36.225 (226758610)|FLOW_START_INTERVIEW_END|5478682c7553f748abcb2cfa6f27153cd0c5663-4672|UpdateEmail
07:30:36.253 (253802837)|CODE_UNIT_STARTED|[EXTERNAL]|Validation:Employee_Skills:a0C36000000ipqe
07:30:36.253 (253819351)|VALIDATION_RULE|03d360000004uZ7|Grade_Validation
07:30:36.253 (253974798)|VALIDATION_FORMULA|OR( 
ISBLANK(Grade__c),
  Grade__c >5,
  Grade__c <0
)|Grade__c=4
07:30:36.253 (253981639)|VALIDATION_PASS
07:30:36.253 (254001007)|CODE_UNIT_FINISHED|Validation:Employee_Skills:a0C36000000ipqe
07:30:36.264 (264575270)|CODE_UNIT_STARTED|[EXTERNAL]|01q3600000063GL|EmployeeSkillsEmailTrigger on Employee_Skills trigger event AfterUpdate for [a0C36000000ipqe]
07:30:36.264 (264612119)|HEAP_ALLOCATE|[EXTERNAL]|Bytes:8
07:30:36.264 (264645792)|HEAP_ALLOCATE|[EXTERNAL]|Bytes:8
07:30:36.264 (264727317)|HEAP_ALLOCATE|[EXTERNAL]|Bytes:48
07:30:36.264 (264742144)|VARIABLE_SCOPE_BEGIN|[48]|this|EmployeeSkillsEmailTrigger|true|false
07:30:36.264 (264814030)|VARIABLE_ASSIGNMENT|[48]|this|{}|0x64705081
07:30:36.264 (264858777)|HEAP_ALLOCATE|[EXTERNAL]|Bytes:48
07:30:36.264 (264868321)|VARIABLE_SCOPE_BEGIN|[48]|this|EmployeeSkillsEmailTrigger|true|false
07:30:36.264 (264885399)|VARIABLE_ASSIGNMENT|[48]|this|{}|0x64705081
07:30:36.264 (264892006)|STATEMENT_EXECUTE|[48]
07:30:36.264 (264894534)|STATEMENT_EXECUTE|[51]
07:30:36.264 (265235266)|VARIABLE_ASSIGNMENT|[51]|this.rdv|{"LastModifiedDate":"2016-03-31T14:30:36.000Z","IsDeleted":false,"Experience__c":"Less than one year","Skill_Category__c":"Programing","Project__c":"a0736000000Ew01AAC","Name":"Koloboc","SystemModstamp":"2016-03-31T14:30:36.000Z","Employee__c":"a0A36000001ygYkEAI","CreatedById":"005360000011kEEAAY","Employee_Email__c":"andriy.lokotosh@gmai (5 more) ...","CreatedDate":"2016-03-31T14:17:10.000Z","Id":"a0C36000000ipqeEAA","Grade__c":4,"Status__c":"Approved","LastModifiedById":"005360000011kEEAAY"}|0x64705081
07:30:36.264 (265245323)|STATEMENT_EXECUTE|[52]
07:30:36.264 (265403579)|VARIABLE_ASSIGNMENT|[52]|this.userid|"005360000011kEEAAY"|0x64705081
07:30:36.264 (265409180)|STATEMENT_EXECUTE|[53]
07:30:36.264 (265420097)|HEAP_ALLOCATE|[53]|Bytes:4
07:30:36.264 (265695573)|SOQL_EXECUTE_BEGIN|[53]|Aggregations:0|SELECT Name, Email FROM User WHERE Id = :tmpVar1 LIMIT 1
07:30:36.264 (268700365)|SOQL_EXECUTE_END|[53]|Rows:1
07:30:36.264 (268720978)|HEAP_ALLOCATE|[53]|Bytes:8
07:30:36.264 (268737850)|HEAP_ALLOCATE|[53]|Bytes:86
07:30:36.264 (268754867)|HEAP_ALLOCATE|[53]|Bytes:8
07:30:36.264 (268800267)|HEAP_ALLOCATE|[53]|Bytes:16
07:30:36.264 (268836508)|VARIABLE_ASSIGNMENT|[53]|this.activeUser|{"s":1,"v":{"Name":"Andrew Lokotosh","Email":"andriy.lokotosh@gmai (5 more) ...","Id":"005360000011kEEAAY"}}|0x64705081
07:30:36.264 (268840861)|STATEMENT_EXECUTE|[54]
07:30:36.264 (268868546)|VARIABLE_ASSIGNMENT|[54]|this.userName|"Andrew Lokotosh"|0x64705081
07:30:36.264 (268871555)|STATEMENT_EXECUTE|[55]
07:30:36.264 (268889663)|VARIABLE_ASSIGNMENT|[55]|this.userEmail|"andriy.lokotosh@gmai (5 more) ..."|0x64705081
07:30:36.264 (268892343)|STATEMENT_EXECUTE|[56]
07:30:36.264 (268907487)|VARIABLE_ASSIGNMENT|[56]|this.employeeskills|"Koloboc"|0x64705081
07:30:36.264 (268910252)|STATEMENT_EXECUTE|[58]
07:30:36.264 (268934096)|USER_DEBUG|[58]|DEBUG|andriy.lokotosh@gmail.com
07:30:36.264 (268943127)|STATEMENT_EXECUTE|[59]
07:30:36.264 (268948900)|HEAP_ALLOCATE|[59]|Bytes:4
07:30:36.264 (269174759)|SOQL_EXECUTE_BEGIN|[59]|Aggregations:0|SELECT Id, Name, HtmlValue, Subject, Body FROM EmailTemplate WHERE Name = 'NewSkillWasCreated'
07:30:36.264 (282984702)|SOQL_EXECUTE_END|[59]|Rows:1
07:30:36.264 (283005608)|HEAP_ALLOCATE|[59]|Bytes:8
07:30:36.264 (283018116)|HEAP_ALLOCATE|[59]|Bytes:162
07:30:36.264 (283038261)|HEAP_ALLOCATE|[59]|Bytes:8
07:30:36.264 (283078806)|HEAP_ALLOCATE|[59]|Bytes:24
07:30:36.264 (283121415)|VARIABLE_ASSIGNMENT|[59]|this.emailTemplate|{"s":1,"v":{"Id":"00X36000000QbewEAC","Name":"NewSkillWasCreated","Subject":"New Skill Was Create (2 more) ...","Body":"Dear, {!CreatedBy}!\r (33 more) ..."}}|0x64705081
07:30:36.264 (283126451)|STATEMENT_EXECUTE|[60]
07:30:36.264 (283149043)|VARIABLE_ASSIGNMENT|[60]|this.htmlBody|null|0x64705081
07:30:36.264 (283152117)|STATEMENT_EXECUTE|[63]
07:30:36.264 (283173685)|VARIABLE_ASSIGNMENT|[63]|this.plainBody|"Dear, {!CreatedBy}!\r (33 more) ..."|0x64705081
07:30:36.264 (283177093)|STATEMENT_EXECUTE|[64]
07:30:36.264 (283225858)|HEAP_ALLOCATE|[64]|Bytes:56
07:30:36.264 (283250339)|VARIABLE_ASSIGNMENT|[64]|this.plainBody|"Dear, Andrew Lokotos (36 more) ..."|0x64705081
07:30:36.264 (283253895)|STATEMENT_EXECUTE|[65]
07:30:36.264 (283278171)|HEAP_ALLOCATE|[65]|Bytes:56
07:30:36.264 (283299138)|VARIABLE_ASSIGNMENT|[65]|this.plainBody|"Dear, Andrew Lokotos (36 more) ..."|0x64705081
07:30:36.264 (283302202)|STATEMENT_EXECUTE|[67]
07:30:36.264 (283424737)|VARIABLE_ASSIGNMENT|[67]|this.mail|"common.api.soap.wsdl.SingleEmailMessage@4a17d08b"|0x64705081
07:30:36.264 (283431596)|STATEMENT_EXECUTE|[68]
07:30:36.264 (283488250)|STATEMENT_EXECUTE|[69]
07:30:36.264 (283519409)|STATEMENT_EXECUTE|[70]
07:30:36.264 (283542972)|STATEMENT_EXECUTE|[71]
07:30:36.264 (283560353)|STATEMENT_EXECUTE|[72]
07:30:36.264 (283576656)|STATEMENT_EXECUTE|[73]
07:30:36.264 (283606055)|STATEMENT_EXECUTE|[74]
07:30:36.264 (283629357)|STATEMENT_EXECUTE|[75]
07:30:36.264 (283647849)|STATEMENT_EXECUTE|[76]
07:30:36.264 (283655020)|HEAP_ALLOCATE|[76]|Bytes:4
07:30:36.264 (283700955)|HEAP_ALLOCATE|[EXTERNAL]|Bytes:4
07:30:36.264 (283720639)|VARIABLE_ASSIGNMENT|[76]|this.sendTo|{"s":1,"v":[]}|0x64705081
07:30:36.264 (283724148)|STATEMENT_EXECUTE|[77]
07:30:36.264 (283748908)|HEAP_ALLOCATE|[EXTERNAL]|Bytes:4
07:30:36.264 (283755840)|STATEMENT_EXECUTE|[78]
07:30:36.264 (283787632)|STATEMENT_EXECUTE|[79]
07:30:36.264 (283797877)|HEAP_ALLOCATE|[79]|Bytes:4
07:30:36.264 (283835911)|HEAP_ALLOCATE|[EXTERNAL]|Bytes:8
07:30:36.264 (283863645)|HEAP_ALLOCATE|[EXTERNAL]|Bytes:8
07:30:36.264 (286826649)|EMAIL_QUEUE|[79]|replyTo: support@salesforce.com, subject: New Skill Was Created!, senderDisplayName: Salesforce Support, bccSender: false, saveAsActivity: false, useSignature: false, toAddresses: [andriy.lokotosh@gmail.com], plainTextBody: Dear, Andrew Lokotosh!

A new skill Koloboc was added!, 
07:30:36.264 (286861030)|HEAP_ALLOCATE|[EXTERNAL]|Bytes:8
07:30:36.286 (286885543)|CUMULATIVE_LIMIT_USAGE
07:30:36.286 (286885543)|LIMIT_USAGE_FOR_NS|(default)|
  Number of SOQL queries: 5 out of 100
  Number of query rows: 5 out of 50000
  Number of SOSL queries: 0 out of 20
  Number of DML statements: 1 out of 150
  Number of DML rows: 1 out of 10000
  Maximum CPU time: 0 out of 10000
  Maximum heap size: 0 out of 6000000
  Number of callouts: 0 out of 100
  Number of Email Invocations: 2 out of 10
  Number of future calls: 0 out of 50
  Number of queueable jobs added to the queue: 0 out of 50
  Number of Mobile Apex push calls: 0 out of 10

07:30:36.286 (286885543)|CUMULATIVE_LIMIT_USAGE_END

07:30:36.264 (288442931)|CODE_UNIT_FINISHED|EmployeeSkillsEmailTrigger on Employee_Skills trigger event AfterUpdate for [a0C36000000ipqe]
07:30:36.289 (289029598)|CODE_UNIT_STARTED|[EXTERNAL]|Workflow:01I360000002Vi7
07:30:36.289 (298007426)|WF_RULE_EVAL_BEGIN|Workflow
07:30:36.289 (298034555)|WF_CRITERIA_BEGIN|[Employee Skills: Koloboc a0C36000000ipqe]|ESkills30136000000L4ky|01Q360000004R9K|ON_ALL_CHANGES|0
07:30:36.289 (298099475)|WF_FORMULA|Formula:ENCODED:[treatNullAsNull]true|Values:
07:30:36.289 (298105228)|WF_CRITERIA_END|true
07:30:36.289 (298133310)|WF_CRITERIA_BEGIN|[Employee Skills: Koloboc a0C36000000ipqe]|SendEmailAlert30136000000L4lD|01Q360000004R9P|ON_ALL_CHANGES|0
07:30:36.289 (298157158)|WF_FORMULA|Formula:ENCODED:[treatNullAsNull]true|Values:
07:30:36.289 (298160904)|WF_CRITERIA_END|true
07:30:36.289 (298179621)|WF_SPOOL_ACTION_BEGIN|Workflow
07:30:36.289 (298209777)|WF_ACTION| Flow Trigger: 2;
07:30:36.289 (298215738)|WF_RULE_EVAL_END
07:30:36.289 (298264332)|WF_FLOW_ACTION_BEGIN|09L36000000CiXq
07:30:36.298 (298322274)|FLOW_CREATE_INTERVIEW_BEGIN|00D36000000JiIA|30036000000Gr5Z|30136000000L4ky
07:30:36.298 (298388345)|FLOW_CREATE_INTERVIEW_END|5479682c7553f748abcb2cfa6f27153cd0c5663-4671|UpdateEmail
07:30:36.298 (298782854)|FLOW_START_INTERVIEWS_BEGIN|1
07:30:36.298 (298825029)|FLOW_START_INTERVIEW_BEGIN|5479682c7553f748abcb2cfa6f27153cd0c5663-4671|UpdateEmail
07:30:36.298 (299366778)|FLOW_START_INTERVIEW_END|5479682c7553f748abcb2cfa6f27153cd0c5663-4671|UpdateEmail
07:30:36.318 (318768997)|CODE_UNIT_STARTED|[EXTERNAL]|Validation:Employee_Skills:a0C36000000ipqe
07:30:36.318 (318787201)|VALIDATION_RULE|03d360000004uZ7|Grade_Validation
07:30:36.318 (318943487)|VALIDATION_FORMULA|OR( 
ISBLANK(Grade__c),
  Grade__c >5,
  Grade__c <0
)|Grade__c=4
07:30:36.318 (318950391)|VALIDATION_PASS
07:30:36.318 (318971018)|CODE_UNIT_FINISHED|Validation:Employee_Skills:a0C36000000ipqe
07:30:36.327 (327905268)|CODE_UNIT_STARTED|[EXTERNAL]|01q3600000063GL|EmployeeSkillsEmailTrigger on Employee_Skills trigger event AfterUpdate for [a0C36000000ipqe]
07:30:36.327 (327942666)|HEAP_ALLOCATE|[EXTERNAL]|Bytes:8
07:30:36.327 (327971356)|HEAP_ALLOCATE|[EXTERNAL]|Bytes:8
07:30:36.327 (328049419)|HEAP_ALLOCATE|[EXTERNAL]|Bytes:48
07:30:36.327 (328065427)|VARIABLE_SCOPE_BEGIN|[48]|this|EmployeeSkillsEmailTrigger|true|false
07:30:36.327 (328133442)|VARIABLE_ASSIGNMENT|[48]|this|{}|0x72b24526
07:30:36.327 (328177272)|HEAP_ALLOCATE|[EXTERNAL]|Bytes:48
07:30:36.327 (328183846)|VARIABLE_SCOPE_BEGIN|[48]|this|EmployeeSkillsEmailTrigger|true|false
07:30:36.327 (328200793)|VARIABLE_ASSIGNMENT|[48]|this|{}|0x72b24526
07:30:36.327 (328207451)|STATEMENT_EXECUTE|[48]
07:30:36.327 (328210039)|STATEMENT_EXECUTE|[51]
07:30:36.327 (328497912)|VARIABLE_ASSIGNMENT|[51]|this.rdv|{"LastModifiedDate":"2016-03-31T14:30:36.000Z","IsDeleted":false,"Experience__c":"Less than one year","Skill_Category__c":"Programing","Project__c":"a0736000000Ew01AAC","Name":"Koloboc","SystemModstamp":"2016-03-31T14:30:36.000Z","Employee__c":"a0A36000001ygYkEAI","CreatedById":"005360000011kEEAAY","Employee_Email__c":"andriy.lokotosh@gmai (5 more) ...","CreatedDate":"2016-03-31T14:17:10.000Z","Id":"a0C36000000ipqeEAA","Grade__c":4,"Status__c":"Approved","LastModifiedById":"005360000011kEEAAY"}|0x72b24526
07:30:36.327 (328507091)|STATEMENT_EXECUTE|[52]
07:30:36.327 (328665386)|VARIABLE_ASSIGNMENT|[52]|this.userid|"005360000011kEEAAY"|0x72b24526
07:30:36.327 (328671277)|STATEMENT_EXECUTE|[53]
07:30:36.327 (328681895)|HEAP_ALLOCATE|[53]|Bytes:4
07:30:36.327 (328967347)|SOQL_EXECUTE_BEGIN|[53]|Aggregations:0|SELECT Name, Email FROM User WHERE Id = :tmpVar1 LIMIT 1
07:30:36.327 (332033555)|SOQL_EXECUTE_END|[53]|Rows:1
07:30:36.327 (332054072)|HEAP_ALLOCATE|[53]|Bytes:8
07:30:36.327 (332071344)|HEAP_ALLOCATE|[53]|Bytes:86
07:30:36.327 (332089406)|HEAP_ALLOCATE|[53]|Bytes:8
07:30:36.327 (332129955)|HEAP_ALLOCATE|[53]|Bytes:16
07:30:36.327 (332165717)|VARIABLE_ASSIGNMENT|[53]|this.activeUser|{"s":1,"v":{"Name":"Andrew Lokotosh","Email":"andriy.lokotosh@gmai (5 more) ...","Id":"005360000011kEEAAY"}}|0x72b24526
07:30:36.327 (332170100)|STATEMENT_EXECUTE|[54]
07:30:36.327 (332198363)|VARIABLE_ASSIGNMENT|[54]|this.userName|"Andrew Lokotosh"|0x72b24526
07:30:36.327 (332201540)|STATEMENT_EXECUTE|[55]
07:30:36.327 (332219254)|VARIABLE_ASSIGNMENT|[55]|this.userEmail|"andriy.lokotosh@gmai (5 more) ..."|0x72b24526
07:30:36.327 (332221921)|STATEMENT_EXECUTE|[56]
07:30:36.327 (332236827)|VARIABLE_ASSIGNMENT|[56]|this.employeeskills|"Koloboc"|0x72b24526
07:30:36.327 (332239282)|STATEMENT_EXECUTE|[58]
07:30:36.327 (332264011)|USER_DEBUG|[58]|DEBUG|andriy.lokotosh@gmail.com
07:30:36.327 (332272922)|STATEMENT_EXECUTE|[59]
07:30:36.327 (332278717)|HEAP_ALLOCATE|[59]|Bytes:4
07:30:36.327 (332491051)|SOQL_EXECUTE_BEGIN|[59]|Aggregations:0|SELECT Id, Name, HtmlValue, Subject, Body FROM EmailTemplate WHERE Name = 'NewSkillWasCreated'
07:30:36.327 (345649122)|SOQL_EXECUTE_END|[59]|Rows:1
07:30:36.327 (345670791)|HEAP_ALLOCATE|[59]|Bytes:8
07:30:36.327 (345683515)|HEAP_ALLOCATE|[59]|Bytes:162
07:30:36.327 (345706297)|HEAP_ALLOCATE|[59]|Bytes:8
07:30:36.327 (345746781)|HEAP_ALLOCATE|[59]|Bytes:24
07:30:36.327 (345798542)|VARIABLE_ASSIGNMENT|[59]|this.emailTemplate|{"s":1,"v":{"Id":"00X36000000QbewEAC","Name":"NewSkillWasCreated","Subject":"New Skill Was Create (2 more) ...","Body":"Dear, {!CreatedBy}!\r (33 more) ..."}}|0x72b24526
07:30:36.327 (345803758)|STATEMENT_EXECUTE|[60]
07:30:36.327 (345827798)|VARIABLE_ASSIGNMENT|[60]|this.htmlBody|null|0x72b24526
07:30:36.327 (345830823)|STATEMENT_EXECUTE|[63]
07:30:36.327 (345852050)|VARIABLE_ASSIGNMENT|[63]|this.plainBody|"Dear, {!CreatedBy}!\r (33 more) ..."|0x72b24526
07:30:36.327 (345854948)|STATEMENT_EXECUTE|[64]
07:30:36.327 (345905740)|HEAP_ALLOCATE|[64]|Bytes:56
07:30:36.327 (345930238)|VARIABLE_ASSIGNMENT|[64]|this.plainBody|"Dear, Andrew Lokotos (36 more) ..."|0x72b24526
07:30:36.327 (345933698)|STATEMENT_EXECUTE|[65]
07:30:36.327 (345958654)|HEAP_ALLOCATE|[65]|Bytes:56
07:30:36.327 (345980409)|VARIABLE_ASSIGNMENT|[65]|this.plainBody|"Dear, Andrew Lokotos (36 more) ..."|0x72b24526
07:30:36.327 (345983358)|STATEMENT_EXECUTE|[67]
07:30:36.327 (346090928)|VARIABLE_ASSIGNMENT|[67]|this.mail|"common.api.soap.wsdl.SingleEmailMessage@f609388"|0x72b24526
07:30:36.327 (346097208)|STATEMENT_EXECUTE|[68]
07:30:36.327 (346147647)|STATEMENT_EXECUTE|[69]
07:30:36.327 (346180773)|STATEMENT_EXECUTE|[70]
07:30:36.327 (346217449)|STATEMENT_EXECUTE|[71]
07:30:36.327 (346240977)|STATEMENT_EXECUTE|[72]
07:30:36.327 (346258999)|STATEMENT_EXECUTE|[73]
07:30:36.327 (346284838)|STATEMENT_EXECUTE|[74]
07:30:36.327 (346307625)|STATEMENT_EXECUTE|[75]
07:30:36.327 (346325854)|STATEMENT_EXECUTE|[76]
07:30:36.327 (346332933)|HEAP_ALLOCATE|[76]|Bytes:4
07:30:36.327 (346379233)|HEAP_ALLOCATE|[EXTERNAL]|Bytes:4
07:30:36.327 (346398631)|VARIABLE_ASSIGNMENT|[76]|this.sendTo|{"s":1,"v":[]}|0x72b24526
07:30:36.327 (346401732)|STATEMENT_EXECUTE|[77]
07:30:36.327 (346426804)|HEAP_ALLOCATE|[EXTERNAL]|Bytes:4
07:30:36.327 (346434010)|STATEMENT_EXECUTE|[78]
07:30:36.327 (346466533)|STATEMENT_EXECUTE|[79]
07:30:36.327 (346472038)|HEAP_ALLOCATE|[79]|Bytes:4
07:30:36.327 (346508234)|HEAP_ALLOCATE|[EXTERNAL]|Bytes:8
07:30:36.327 (346536307)|HEAP_ALLOCATE|[EXTERNAL]|Bytes:8
07:30:36.327 (349475190)|EMAIL_QUEUE|[79]|replyTo: support@salesforce.com, subject: New Skill Was Created!, senderDisplayName: Salesforce Support, bccSender: false, saveAsActivity: false, useSignature: false, toAddresses: [andriy.lokotosh@gmail.com], plainTextBody: Dear, Andrew Lokotosh!

A new skill Koloboc was added!, 
07:30:36.327 (349508019)|HEAP_ALLOCATE|[EXTERNAL]|Bytes:8
07:30:36.349 (349534233)|CUMULATIVE_LIMIT_USAGE
07:30:36.349 (349534233)|LIMIT_USAGE_FOR_NS|(default)|
  Number of SOQL queries: 8 out of 100
  Number of query rows: 8 out of 50000
  Number of SOSL queries: 0 out of 20
  Number of DML statements: 2 out of 150
  Number of DML rows: 2 out of 10000
  Maximum CPU time: 0 out of 10000
  Maximum heap size: 0 out of 6000000
  Number of callouts: 0 out of 100
  Number of Email Invocations: 3 out of 10
  Number of future calls: 0 out of 50
  Number of queueable jobs added to the queue: 0 out of 50
  Number of Mobile Apex push calls: 0 out of 10

07:30:36.349 (349534233)|CUMULATIVE_LIMIT_USAGE_END

07:30:36.327 (350846620)|CODE_UNIT_FINISHED|EmployeeSkillsEmailTrigger on Employee_Skills trigger event AfterUpdate for [a0C36000000ipqe]
07:30:36.298 (351815938)|FLOW_START_INTERVIEWS_END|1
07:30:36.289 (353513045)|WF_FLOW_ACTION_END|09L36000000CiXq
07:30:36.289 (353551618)|WF_FLOW_ACTION_BEGIN|09L36000000CiXv
07:30:36.353 (353617498)|FLOW_CREATE_INTERVIEW_BEGIN|00D36000000JiIA|30036000000Gr5j|30136000000L4lD
07:30:36.353 (355493592)|FLOW_CREATE_INTERVIEW_END|5480682c7553f748abcb2cfa6f27153cd0c5663-4670|SendEmailAlert
07:30:36.355 (355895411)|FLOW_START_INTERVIEWS_BEGIN|1
07:30:36.355 (356540396)|FLOW_START_INTERVIEW_BEGIN|5480682c7553f748abcb2cfa6f27153cd0c5663-4670|SendEmailAlert
07:30:36.355 (357390102)|FLOW_START_INTERVIEW_END|5480682c7553f748abcb2cfa6f27153cd0c5663-4670|SendEmailAlert
07:30:36.355 (357402581)|FLOW_START_INTERVIEWS_END|1
07:30:36.289 (358385475)|WF_FLOW_ACTION_END|09L36000000CiXv
07:30:36.289 (358472169)|WF_ACTIONS_END| Flow Trigger: 2;
07:30:36.289 (358478397)|CODE_UNIT_FINISHED|Workflow:01I360000002Vi7
07:30:36.225 (372865026)|FLOW_START_INTERVIEWS_END|1
07:30:36.0 (373878987)|WF_FLOW_ACTION_END|09L36000000CiXq
07:30:36.0 (373911936)|WF_FLOW_ACTION_BEGIN|09L36000000CiXv
07:30:36.373 (373962492)|FLOW_CREATE_INTERVIEW_BEGIN|00D36000000JiIA|30036000000Gr5j|30136000000L4lD
07:30:36.373 (374020690)|FLOW_CREATE_INTERVIEW_END|5481682c7553f748abcb2cfa6f27153cd0c5663-466f|SendEmailAlert
07:30:36.374 (374317280)|FLOW_START_INTERVIEWS_BEGIN|1
07:30:36.374 (374349897)|FLOW_START_INTERVIEW_BEGIN|5481682c7553f748abcb2cfa6f27153cd0c5663-466f|SendEmailAlert
07:30:36.374 (374934225)|FLOW_START_INTERVIEW_END|5481682c7553f748abcb2cfa6f27153cd0c5663-466f|SendEmailAlert
07:30:36.374 (471709621)|WF_EMAIL_SENT|Reference:Employee_Skills__c.EmailAlert|Recipients:andriy.lokotosh@gmail.com |CcEmails:
07:30:36.374 (471934844)|FLOW_START_INTERVIEWS_END|1
07:30:36.0 (473119697)|WF_FLOW_ACTION_END|09L36000000CiXv
07:30:36.0 (473213381)|WF_ACTIONS_END| Flow Trigger: 2;
07:30:36.0 (473219810)|CODE_UNIT_FINISHED|Workflow:01I360000002Vi7
07:30:36.0 (473265019)|CODE_UNIT_FINISHED|Workflow:ApprovalProcessActions
07:30:36.0 (474339141)|EXECUTION_FINISHED
