36.0 APEX_CODE,FINEST;APEX_PROFILING,INFO;CALLOUT,INFO;DB,INFO;SYSTEM,DEBUG;VALIDATION,INFO;VISUALFORCE,INFO;WORKFLOW,INFO
08:58:30.8 (8413562)|HEAP_ALLOCATE|[139]|Bytes:6
08:58:30.8 (8610572)|HEAP_ALLOCATE|[50]|Bytes:5
08:58:30.8 (8632032)|HEAP_ALLOCATE|[56]|Bytes:5
08:58:30.8 (8642406)|HEAP_ALLOCATE|[64]|Bytes:7
08:58:30.8 (9556220)|VARIABLE_SCOPE_BEGIN|[14]|SitePageOverrideExtension.STANDARD_PAGES|List<Schema.SObjectField>|true|true
08:58:30.8 (14027632)|CODE_UNIT_FINISHED|VisualForce View State
08:58:30.8 (15366436)|EXECUTION_FINISHED
08:58:30.17 (17752282)|SYSTEM_MODE_ENTER|true
08:58:30.17 (17811918)|HEAP_ALLOCATE|[EXTERNAL]|Bytes:38
08:58:30.17 (17819591)|HEAP_ALLOCATE|[EXTERNAL]|Bytes:7
08:58:30.17 (17837284)|SYSTEM_METHOD_ENTRY|[1]|PageMessagesComponentController.PageMessagesComponentController()
08:58:30.17 (17842697)|STATEMENT_EXECUTE|[1]
08:58:30.301 (301882401)|CUMULATIVE_LIMIT_USAGE
08:58:30.301 (301882401)|LIMIT_USAGE_FOR_NS|(default)|
  Number of SOQL queries: 0 out of 100
  Number of query rows: 0 out of 50000
  Number of SOSL queries: 0 out of 20
  Number of DML statements: 0 out of 150
  Number of DML rows: 0 out of 10000
  Maximum CPU time: 0 out of 10000
  Maximum heap size: 0 out of 6000000
  Number of callouts: 0 out of 100
  Number of Email Invocations: 0 out of 10
  Number of future calls: 0 out of 50
  Number of queueable jobs added to the queue: 0 out of 50
  Number of Mobile Apex push calls: 0 out of 10

08:58:30.301 (301882401)|CUMULATIVE_LIMIT_USAGE_END

