36.0 APEX_CODE,FINEST;APEX_PROFILING,INFO;CALLOUT,INFO;DB,INFO;SYSTEM,DEBUG;VALIDATION,INFO;VISUALFORCE,INFO;WORKFLOW,INFO
07:52:17.0 (82271)|EXECUTION_STARTED
07:52:17.0 (119673)|CODE_UNIT_STARTED|[EXTERNAL]|06636000001VcbV|VF: /apex/AprooveWraper
07:52:17.0 (420723)|VF_DESERIALIZE_VIEWSTATE_BEGIN|06636000001VcbV
07:52:17.0 (11820387)|HEAP_ALLOCATE|[72]|Bytes:3
07:52:17.0 (11873852)|HEAP_ALLOCATE|[77]|Bytes:152
07:52:17.0 (11892079)|HEAP_ALLOCATE|[342]|Bytes:408
07:52:17.0 (11916860)|HEAP_ALLOCATE|[355]|Bytes:408
07:52:17.0 (11933721)|HEAP_ALLOCATE|[467]|Bytes:48
07:52:17.0 (11964640)|HEAP_ALLOCATE|[139]|Bytes:6
07:52:17.0 (11996612)|HEAP_ALLOCATE|[50]|Bytes:5
07:52:17.0 (12020287)|HEAP_ALLOCATE|[56]|Bytes:5
07:52:17.0 (12030031)|HEAP_ALLOCATE|[64]|Bytes:7
07:52:17.0 (14648045)|VF_DESERIALIZE_VIEWSTATE_END
07:52:17.0 (17946743)|CODE_UNIT_STARTED|[EXTERNAL]|01p360000072SS3|WrapperEmployeeSkills get(EmployeeSkills)
07:52:17.0 (17968176)|SYSTEM_MODE_ENTER|true
07:52:17.0 (20678972)|CODE_UNIT_STARTED|[EXTERNAL]|01p360000072SS3|WrapperEmployeeSkills invoke(getEmployeeSkills)
07:52:17.0 (20728024)|HEAP_ALLOCATE|[EXTERNAL]|Bytes:9
07:52:17.0 (20736976)|HEAP_ALLOCATE|[EXTERNAL]|Bytes:88
07:52:17.0 (20740172)|HEAP_ALLOCATE|[EXTERNAL]|Bytes:6
07:52:17.0 (20742760)|HEAP_ALLOCATE|[EXTERNAL]|Bytes:2
07:52:17.0 (20759965)|METHOD_ENTRY|[1]|01p360000072SS3|WrapperEmployeeSkills.WrapperEmployeeSkills()
07:52:17.0 (20764951)|STATEMENT_EXECUTE|[1]
07:52:17.0 (20771992)|STATEMENT_EXECUTE|[1]
07:52:17.0 (20786977)|SYSTEM_MODE_ENTER|false
07:52:17.0 (20808159)|HEAP_ALLOCATE|[EXTERNAL]|Bytes:5
07:52:17.0 (20813764)|STATEMENT_EXECUTE|[61]
07:52:17.0 (20820801)|SYSTEM_MODE_EXIT|false
07:52:17.0 (20833311)|METHOD_EXIT|[1]|WrapperEmployeeSkills
07:52:17.0 (20839845)|HEAP_ALLOCATE|[EXTERNAL]|Bytes:8
07:52:17.0 (20846907)|VARIABLE_SCOPE_BEGIN|[7]|this|WrapperEmployeeSkills|true|false
07:52:17.0 (20917977)|VARIABLE_ASSIGNMENT|[7]|this|{"skillsList":"0x286780ef"}|0x185c68d7
07:52:17.0 (20938686)|SYSTEM_MODE_ENTER|false
07:52:17.0 (20944021)|HEAP_ALLOCATE|[8]|Bytes:5
07:52:17.0 (20947715)|STATEMENT_EXECUTE|[7]
07:52:17.0 (20994724)|VARIABLE_ASSIGNMENT|[EXTERNAL]|this|{"skillsList":"0x286780ef"}|0x185c68d7
07:52:17.0 (21008566)|STATEMENT_EXECUTE|[8]
07:52:17.0 (21011640)|STATEMENT_EXECUTE|[17]
07:52:17.0 (21036205)|VARIABLE_ASSIGNMENT|[EXTERNAL]|this|{"skillsList":"0x286780ef"}|0x185c68d7
07:52:17.0 (21049283)|SYSTEM_MODE_EXIT|false
07:52:17.0 (21061713)|CODE_UNIT_FINISHED|WrapperEmployeeSkills invoke(getEmployeeSkills)
07:52:17.0 (21092612)|CODE_UNIT_FINISHED|WrapperEmployeeSkills get(EmployeeSkills)
07:52:17.0 (22220835)|CODE_UNIT_STARTED|[EXTERNAL]|01p360000072SS3|selected
07:52:17.0 (22235323)|HEAP_ALLOCATE|[EXTERNAL]|Bytes:112
07:52:17.0 (22240936)|HEAP_ALLOCATE|[EXTERNAL]|Bytes:8
07:52:17.0 (22250024)|CODE_UNIT_FINISHED|selected
07:52:17.0 (22323832)|CODE_UNIT_STARTED|[EXTERNAL]|01p360000072SS3|selected
07:52:17.0 (22335286)|CODE_UNIT_FINISHED|selected
07:52:17.0 (22402948)|CODE_UNIT_STARTED|[EXTERNAL]|01p360000072SS3|selected
07:52:17.0 (22413607)|CODE_UNIT_FINISHED|selected
07:52:17.0 (22480079)|CODE_UNIT_STARTED|[EXTERNAL]|01p360000072SS3|selected
07:52:17.0 (22490714)|CODE_UNIT_FINISHED|selected
07:52:17.0 (22556691)|CODE_UNIT_STARTED|[EXTERNAL]|01p360000072SS3|selected
07:52:17.0 (22567423)|CODE_UNIT_FINISHED|selected
07:52:17.0 (22633270)|CODE_UNIT_STARTED|[EXTERNAL]|01p360000072SS3|selected
07:52:17.0 (22644001)|CODE_UNIT_FINISHED|selected
07:52:17.0 (22709656)|CODE_UNIT_STARTED|[EXTERNAL]|01p360000072SS3|selected
07:52:17.0 (22720285)|CODE_UNIT_FINISHED|selected
07:52:17.0 (22785515)|CODE_UNIT_STARTED|[EXTERNAL]|01p360000072SS3|selected
07:52:17.0 (22796142)|CODE_UNIT_FINISHED|selected
07:52:17.0 (22861600)|CODE_UNIT_STARTED|[EXTERNAL]|01p360000072SS3|selected
07:52:17.0 (22872179)|CODE_UNIT_FINISHED|selected
07:52:17.0 (22938208)|CODE_UNIT_STARTED|[EXTERNAL]|01p360000072SS3|selected
07:52:17.0 (22948825)|CODE_UNIT_FINISHED|selected
07:52:17.0 (23014724)|CODE_UNIT_STARTED|[EXTERNAL]|01p360000072SS3|selected
07:52:17.0 (23026052)|CODE_UNIT_FINISHED|selected
07:52:17.0 (23092540)|CODE_UNIT_STARTED|[EXTERNAL]|01p360000072SS3|selected
07:52:17.0 (23103284)|CODE_UNIT_FINISHED|selected
07:52:17.0 (23174189)|CODE_UNIT_STARTED|[EXTERNAL]|01p360000072SS3|selected
07:52:17.0 (23185062)|CODE_UNIT_FINISHED|selected
07:52:17.0 (23250525)|CODE_UNIT_STARTED|[EXTERNAL]|01p360000072SS3|selected
07:52:17.0 (23261213)|CODE_UNIT_FINISHED|selected
07:52:17.0 (23331746)|CODE_UNIT_STARTED|[EXTERNAL]|01p360000072SS3|selected
07:52:17.0 (23342515)|CODE_UNIT_FINISHED|selected
07:52:17.0 (23418037)|CODE_UNIT_STARTED|[EXTERNAL]|01p360000072SS3|selected
07:52:17.0 (23428814)|CODE_UNIT_FINISHED|selected
07:52:17.0 (23881982)|CODE_UNIT_STARTED|[EXTERNAL]|wEmployee set(selected,false)
07:52:17.0 (23915988)|HEAP_ALLOCATE|[EXTERNAL]|Bytes:5
07:52:17.0 (23919868)|HEAP_ALLOCATE|[EXTERNAL]|Bytes:12
07:52:17.0 (23931524)|VARIABLE_ASSIGNMENT|[EXTERNAL]|this.selected|false|0xb45c93b
07:52:17.0 (23939622)|CODE_UNIT_FINISHED|wEmployee set(selected,false)
07:52:17.0 (24010117)|CODE_UNIT_STARTED|[EXTERNAL]|wEmployee set(selected,false)
07:52:17.0 (24030885)|HEAP_ALLOCATE|[EXTERNAL]|Bytes:5
07:52:17.0 (24034292)|HEAP_ALLOCATE|[EXTERNAL]|Bytes:12
07:52:17.0 (24042031)|VARIABLE_ASSIGNMENT|[EXTERNAL]|this.selected|false|0x226c933
07:52:17.0 (24048664)|CODE_UNIT_FINISHED|wEmployee set(selected,false)
07:52:17.0 (24121678)|CODE_UNIT_STARTED|[EXTERNAL]|wEmployee set(selected,false)
07:52:17.0 (24141353)|HEAP_ALLOCATE|[EXTERNAL]|Bytes:5
07:52:17.0 (24144696)|HEAP_ALLOCATE|[EXTERNAL]|Bytes:12
07:52:17.0 (24152438)|VARIABLE_ASSIGNMENT|[EXTERNAL]|this.selected|false|0x79c71370
07:52:17.0 (24159060)|CODE_UNIT_FINISHED|wEmployee set(selected,false)
07:52:17.0 (24227615)|CODE_UNIT_STARTED|[EXTERNAL]|wEmployee set(selected,false)
07:52:17.0 (24247093)|HEAP_ALLOCATE|[EXTERNAL]|Bytes:5
07:52:17.0 (24250355)|HEAP_ALLOCATE|[EXTERNAL]|Bytes:12
07:52:17.0 (24257898)|VARIABLE_ASSIGNMENT|[EXTERNAL]|this.selected|false|0x6db3845f
07:52:17.0 (24264074)|CODE_UNIT_FINISHED|wEmployee set(selected,false)
07:52:17.0 (24331945)|CODE_UNIT_STARTED|[EXTERNAL]|wEmployee set(selected,false)
07:52:17.0 (24351417)|HEAP_ALLOCATE|[EXTERNAL]|Bytes:5
07:52:17.0 (24354641)|HEAP_ALLOCATE|[EXTERNAL]|Bytes:12
07:52:17.0 (24361912)|VARIABLE_ASSIGNMENT|[EXTERNAL]|this.selected|false|0x489a94c3
07:52:17.0 (24367998)|CODE_UNIT_FINISHED|wEmployee set(selected,false)
07:52:17.0 (24435453)|CODE_UNIT_STARTED|[EXTERNAL]|wEmployee set(selected,false)
07:52:17.0 (24454304)|HEAP_ALLOCATE|[EXTERNAL]|Bytes:5
07:52:17.0 (24457506)|HEAP_ALLOCATE|[EXTERNAL]|Bytes:12
07:52:17.0 (24464981)|VARIABLE_ASSIGNMENT|[EXTERNAL]|this.selected|false|0x7c41a3b2
07:52:17.0 (24471275)|CODE_UNIT_FINISHED|wEmployee set(selected,false)
07:52:17.0 (24539021)|CODE_UNIT_STARTED|[EXTERNAL]|wEmployee set(selected,false)
07:52:17.0 (24557990)|HEAP_ALLOCATE|[EXTERNAL]|Bytes:5
07:52:17.0 (24561147)|HEAP_ALLOCATE|[EXTERNAL]|Bytes:12
07:52:17.0 (24568613)|VARIABLE_ASSIGNMENT|[EXTERNAL]|this.selected|false|0x3d5c73d9
07:52:17.0 (24574783)|CODE_UNIT_FINISHED|wEmployee set(selected,false)
07:52:17.0 (24642009)|CODE_UNIT_STARTED|[EXTERNAL]|wEmployee set(selected,false)
07:52:17.0 (24660770)|HEAP_ALLOCATE|[EXTERNAL]|Bytes:5
07:52:17.0 (24663921)|HEAP_ALLOCATE|[EXTERNAL]|Bytes:12
07:52:17.0 (24671353)|VARIABLE_ASSIGNMENT|[EXTERNAL]|this.selected|false|0x4c3c8951
07:52:17.0 (24677451)|CODE_UNIT_FINISHED|wEmployee set(selected,false)
07:52:17.0 (24744402)|CODE_UNIT_STARTED|[EXTERNAL]|wEmployee set(selected,false)
07:52:17.0 (24763569)|HEAP_ALLOCATE|[EXTERNAL]|Bytes:5
07:52:17.0 (24766676)|HEAP_ALLOCATE|[EXTERNAL]|Bytes:12
07:52:17.0 (24773967)|VARIABLE_ASSIGNMENT|[EXTERNAL]|this.selected|false|0x509c3099
07:52:17.0 (24779907)|CODE_UNIT_FINISHED|wEmployee set(selected,false)
07:52:17.0 (24846953)|CODE_UNIT_STARTED|[EXTERNAL]|wEmployee set(selected,false)
07:52:17.0 (24865628)|HEAP_ALLOCATE|[EXTERNAL]|Bytes:5
07:52:17.0 (24869127)|HEAP_ALLOCATE|[EXTERNAL]|Bytes:12
07:52:17.0 (24876459)|VARIABLE_ASSIGNMENT|[EXTERNAL]|this.selected|false|0x2131450b
07:52:17.0 (24882288)|CODE_UNIT_FINISHED|wEmployee set(selected,false)
07:52:17.0 (24949240)|CODE_UNIT_STARTED|[EXTERNAL]|wEmployee set(selected,false)
07:52:17.0 (24968107)|HEAP_ALLOCATE|[EXTERNAL]|Bytes:5
07:52:17.0 (24971258)|HEAP_ALLOCATE|[EXTERNAL]|Bytes:12
07:52:17.0 (24978498)|VARIABLE_ASSIGNMENT|[EXTERNAL]|this.selected|false|0x7fad384f
07:52:17.0 (24984517)|CODE_UNIT_FINISHED|wEmployee set(selected,false)
07:52:17.0 (25051334)|CODE_UNIT_STARTED|[EXTERNAL]|wEmployee set(selected,false)
07:52:17.0 (25071075)|HEAP_ALLOCATE|[EXTERNAL]|Bytes:5
07:52:17.0 (25077623)|HEAP_ALLOCATE|[EXTERNAL]|Bytes:12
07:52:17.0 (25085220)|VARIABLE_ASSIGNMENT|[EXTERNAL]|this.selected|false|0x577340ea
07:52:17.0 (25091588)|CODE_UNIT_FINISHED|wEmployee set(selected,false)
07:52:17.0 (25162616)|CODE_UNIT_STARTED|[EXTERNAL]|wEmployee set(selected,false)
07:52:17.0 (25181834)|HEAP_ALLOCATE|[EXTERNAL]|Bytes:5
07:52:17.0 (25185245)|HEAP_ALLOCATE|[EXTERNAL]|Bytes:12
07:52:17.0 (25192951)|VARIABLE_ASSIGNMENT|[EXTERNAL]|this.selected|false|0x665aba65
07:52:17.0 (25198807)|CODE_UNIT_FINISHED|wEmployee set(selected,false)
07:52:17.0 (25265718)|CODE_UNIT_STARTED|[EXTERNAL]|wEmployee set(selected,false)
07:52:17.0 (25284702)|HEAP_ALLOCATE|[EXTERNAL]|Bytes:5
07:52:17.0 (25287941)|HEAP_ALLOCATE|[EXTERNAL]|Bytes:12
07:52:17.0 (25295234)|VARIABLE_ASSIGNMENT|[EXTERNAL]|this.selected|false|0x4de8a2b8
07:52:17.0 (25301238)|CODE_UNIT_FINISHED|wEmployee set(selected,false)
07:52:17.0 (25367810)|CODE_UNIT_STARTED|[EXTERNAL]|wEmployee set(selected,true)
07:52:17.0 (25386718)|HEAP_ALLOCATE|[EXTERNAL]|Bytes:5
07:52:17.0 (25389894)|HEAP_ALLOCATE|[EXTERNAL]|Bytes:12
07:52:17.0 (25397151)|VARIABLE_ASSIGNMENT|[EXTERNAL]|this.selected|true|0x5b91840a
07:52:17.0 (25403634)|CODE_UNIT_FINISHED|wEmployee set(selected,true)
07:52:17.0 (25470935)|CODE_UNIT_STARTED|[EXTERNAL]|wEmployee set(selected,false)
07:52:17.0 (25490024)|HEAP_ALLOCATE|[EXTERNAL]|Bytes:5
07:52:17.0 (25493184)|HEAP_ALLOCATE|[EXTERNAL]|Bytes:12
07:52:17.0 (25500395)|VARIABLE_ASSIGNMENT|[EXTERNAL]|this.selected|false|0x16a8eb82
07:52:17.0 (25506351)|CODE_UNIT_FINISHED|wEmployee set(selected,false)
07:52:17.0 (25685390)|CODE_UNIT_STARTED|[EXTERNAL]|01p360000072SS3|WrapperEmployeeSkills invoke(processSelected)
07:52:17.0 (25711172)|HEAP_ALLOCATE|[EXTERNAL]|Bytes:8
07:52:17.0 (25716670)|VARIABLE_SCOPE_BEGIN|[21]|this|WrapperEmployeeSkills|true|false
07:52:17.0 (25736367)|VARIABLE_ASSIGNMENT|[21]|this|{"skillsList":"0x286780ef"}|0x185c68d7
07:52:17.0 (25749847)|SYSTEM_MODE_ENTER|false
07:52:17.0 (25755423)|HEAP_ALLOCATE|[23]|Bytes:5
07:52:17.0 (25759240)|STATEMENT_EXECUTE|[22]
07:52:17.0 (25760676)|STATEMENT_EXECUTE|[23]
07:52:17.0 (25761856)|STATEMENT_EXECUTE|[24]
07:52:17.0 (25762874)|STATEMENT_EXECUTE|[27]
07:52:17.0 (25825449)|HEAP_ALLOCATE|[27]|Bytes:4
07:52:17.0 (25926260)|VARIABLE_SCOPE_BEGIN|[27]|selectedSkills|List<Employee_Skills__c>|true|false
07:52:17.0 (25935126)|HEAP_ALLOCATE|[EXTERNAL]|Bytes:4
07:52:17.0 (25953140)|VARIABLE_ASSIGNMENT|[27]|selectedSkills|{"s":1,"v":[]}|0x2512f2a0
07:52:17.0 (25965499)|METHOD_ENTRY|[30]|01p360000072SS3|WrapperEmployeeSkills.getEmployeeSkills()
07:52:17.0 (25977596)|VARIABLE_SCOPE_BEGIN|[7]|this|WrapperEmployeeSkills|true|false
07:52:17.0 (25994518)|VARIABLE_ASSIGNMENT|[7]|this|{"skillsList":"0x286780ef"}|0x185c68d7
07:52:17.0 (26003340)|HEAP_ALLOCATE|[8]|Bytes:5
07:52:17.0 (26007540)|STATEMENT_EXECUTE|[7]
07:52:17.0 (26026497)|VARIABLE_ASSIGNMENT|[EXTERNAL]|this|{"skillsList":"0x286780ef"}|0x185c68d7
07:52:17.0 (26035227)|STATEMENT_EXECUTE|[8]
07:52:17.0 (26036907)|STATEMENT_EXECUTE|[17]
07:52:17.0 (26051020)|VARIABLE_ASSIGNMENT|[EXTERNAL]|this|{"skillsList":"0x286780ef"}|0x185c68d7
07:52:17.0 (26061741)|METHOD_EXIT|[30]|01p360000072SS3|WrapperEmployeeSkills.getEmployeeSkills()
07:52:17.0 (26272556)|HEAP_ALLOCATE|[30]|Bytes:5
07:52:17.0 (26288731)|HEAP_ALLOCATE|[30]|Bytes:12
07:52:17.0 (26296676)|VARIABLE_SCOPE_BEGIN|[30]|wEmp|WrapperEmployeeSkills.wEmployee|true|false
07:52:17.0 (26321353)|VARIABLE_ASSIGNMENT|[30]|wEmp|{"selected":false,"skill":"0x2b241993"}|0xb45c93b
07:52:17.0 (26325520)|STATEMENT_EXECUTE|[30]
07:52:17.0 (26360191)|VARIABLE_ASSIGNMENT|[EXTERNAL]|this|{"selected":false,"skill":"0x2b241993"}|0xb45c93b
07:52:17.0 (26371954)|STATEMENT_EXECUTE|[31]
07:52:17.0 (26383236)|HEAP_ALLOCATE|[30]|Bytes:5
07:52:17.0 (26392229)|HEAP_ALLOCATE|[30]|Bytes:12
07:52:17.0 (26397303)|VARIABLE_SCOPE_BEGIN|[30]|wEmp|WrapperEmployeeSkills.wEmployee|true|false
07:52:17.0 (26415051)|VARIABLE_ASSIGNMENT|[30]|wEmp|{"selected":false,"skill":"0x191179a5"}|0x226c933
07:52:17.0 (26418582)|STATEMENT_EXECUTE|[30]
07:52:17.0 (26437025)|VARIABLE_ASSIGNMENT|[EXTERNAL]|this|{"selected":false,"skill":"0x191179a5"}|0x226c933
07:52:17.0 (26445389)|STATEMENT_EXECUTE|[31]
07:52:17.0 (26454856)|HEAP_ALLOCATE|[30]|Bytes:5
07:52:17.0 (26462920)|HEAP_ALLOCATE|[30]|Bytes:12
07:52:17.0 (26467786)|VARIABLE_SCOPE_BEGIN|[30]|wEmp|WrapperEmployeeSkills.wEmployee|true|false
07:52:17.0 (26484377)|VARIABLE_ASSIGNMENT|[30]|wEmp|{"selected":false,"skill":"0xfae7af6"}|0x79c71370
07:52:17.0 (26487638)|STATEMENT_EXECUTE|[30]
07:52:17.0 (26505361)|VARIABLE_ASSIGNMENT|[EXTERNAL]|this|{"selected":false,"skill":"0xfae7af6"}|0x79c71370
07:52:17.0 (26513605)|STATEMENT_EXECUTE|[31]
07:52:17.0 (26522821)|HEAP_ALLOCATE|[30]|Bytes:5
07:52:17.0 (26530819)|HEAP_ALLOCATE|[30]|Bytes:12
07:52:17.0 (26535522)|VARIABLE_SCOPE_BEGIN|[30]|wEmp|WrapperEmployeeSkills.wEmployee|true|false
07:52:17.0 (26551698)|VARIABLE_ASSIGNMENT|[30]|wEmp|{"selected":false,"skill":"0x7d906e60"}|0x6db3845f
07:52:17.0 (26554924)|STATEMENT_EXECUTE|[30]
07:52:17.0 (26572722)|VARIABLE_ASSIGNMENT|[EXTERNAL]|this|{"selected":false,"skill":"0x7d906e60"}|0x6db3845f
07:52:17.0 (26580937)|STATEMENT_EXECUTE|[31]
07:52:17.0 (26590055)|HEAP_ALLOCATE|[30]|Bytes:5
07:52:17.0 (26597944)|HEAP_ALLOCATE|[30]|Bytes:12
07:52:17.0 (26602587)|VARIABLE_SCOPE_BEGIN|[30]|wEmp|WrapperEmployeeSkills.wEmployee|true|false
07:52:17.0 (26618518)|VARIABLE_ASSIGNMENT|[30]|wEmp|{"selected":false,"skill":"0x76f318c0"}|0x489a94c3
07:52:17.0 (26621721)|STATEMENT_EXECUTE|[30]
07:52:17.0 (26639341)|VARIABLE_ASSIGNMENT|[EXTERNAL]|this|{"selected":false,"skill":"0x76f318c0"}|0x489a94c3
07:52:17.0 (26647553)|STATEMENT_EXECUTE|[31]
07:52:17.0 (26656660)|HEAP_ALLOCATE|[30]|Bytes:5
07:52:17.0 (26664589)|HEAP_ALLOCATE|[30]|Bytes:12
07:52:17.0 (26669097)|VARIABLE_SCOPE_BEGIN|[30]|wEmp|WrapperEmployeeSkills.wEmployee|true|false
07:52:17.0 (26684967)|VARIABLE_ASSIGNMENT|[30]|wEmp|{"selected":false,"skill":"0x64bd9bea"}|0x7c41a3b2
07:52:17.0 (26688062)|STATEMENT_EXECUTE|[30]
07:52:17.0 (26705620)|VARIABLE_ASSIGNMENT|[EXTERNAL]|this|{"selected":false,"skill":"0x64bd9bea"}|0x7c41a3b2
07:52:17.0 (26713968)|STATEMENT_EXECUTE|[31]
07:52:17.0 (26723339)|HEAP_ALLOCATE|[30]|Bytes:5
07:52:17.0 (26731326)|HEAP_ALLOCATE|[30]|Bytes:12
07:52:17.0 (26735828)|VARIABLE_SCOPE_BEGIN|[30]|wEmp|WrapperEmployeeSkills.wEmployee|true|false
07:52:17.0 (26751946)|VARIABLE_ASSIGNMENT|[30]|wEmp|{"selected":false,"skill":"0x18b83441"}|0x3d5c73d9
07:52:17.0 (26755305)|STATEMENT_EXECUTE|[30]
07:52:17.0 (26772669)|VARIABLE_ASSIGNMENT|[EXTERNAL]|this|{"selected":false,"skill":"0x18b83441"}|0x3d5c73d9
07:52:17.0 (26780649)|STATEMENT_EXECUTE|[31]
07:52:17.0 (26789917)|HEAP_ALLOCATE|[30]|Bytes:5
07:52:17.0 (26797989)|HEAP_ALLOCATE|[30]|Bytes:12
07:52:17.0 (26802797)|VARIABLE_SCOPE_BEGIN|[30]|wEmp|WrapperEmployeeSkills.wEmployee|true|false
07:52:17.0 (26818320)|VARIABLE_ASSIGNMENT|[30]|wEmp|{"selected":false,"skill":"0x6625aa58"}|0x4c3c8951
07:52:17.0 (26821481)|STATEMENT_EXECUTE|[30]
07:52:17.0 (26838765)|VARIABLE_ASSIGNMENT|[EXTERNAL]|this|{"selected":false,"skill":"0x6625aa58"}|0x4c3c8951
07:52:17.0 (26847213)|STATEMENT_EXECUTE|[31]
07:52:17.0 (26856236)|HEAP_ALLOCATE|[30]|Bytes:5
07:52:17.0 (26864101)|HEAP_ALLOCATE|[30]|Bytes:12
07:52:17.0 (26868638)|VARIABLE_SCOPE_BEGIN|[30]|wEmp|WrapperEmployeeSkills.wEmployee|true|false
07:52:17.0 (26884479)|VARIABLE_ASSIGNMENT|[30]|wEmp|{"selected":false,"skill":"0x8fe9b44"}|0x509c3099
07:52:17.0 (26887813)|STATEMENT_EXECUTE|[30]
07:52:17.0 (26905431)|VARIABLE_ASSIGNMENT|[EXTERNAL]|this|{"selected":false,"skill":"0x8fe9b44"}|0x509c3099
07:52:17.0 (26913530)|STATEMENT_EXECUTE|[31]
07:52:17.0 (26922638)|HEAP_ALLOCATE|[30]|Bytes:5
07:52:17.0 (26930525)|HEAP_ALLOCATE|[30]|Bytes:12
07:52:17.0 (26935071)|VARIABLE_SCOPE_BEGIN|[30]|wEmp|WrapperEmployeeSkills.wEmployee|true|false
07:52:17.0 (26950926)|VARIABLE_ASSIGNMENT|[30]|wEmp|{"selected":false,"skill":"0x94337a"}|0x2131450b
07:52:17.0 (26954256)|STATEMENT_EXECUTE|[30]
07:52:17.0 (26971805)|VARIABLE_ASSIGNMENT|[EXTERNAL]|this|{"selected":false,"skill":"0x94337a"}|0x2131450b
07:52:17.0 (26980241)|STATEMENT_EXECUTE|[31]
07:52:17.0 (26989362)|HEAP_ALLOCATE|[30]|Bytes:5
07:52:17.0 (26997238)|HEAP_ALLOCATE|[30]|Bytes:12
07:52:17.0 (27001794)|VARIABLE_SCOPE_BEGIN|[30]|wEmp|WrapperEmployeeSkills.wEmployee|true|false
07:52:17.0 (27018772)|VARIABLE_ASSIGNMENT|[30]|wEmp|{"selected":false,"skill":"0x59d71515"}|0x7fad384f
07:52:17.0 (27022001)|STATEMENT_EXECUTE|[30]
07:52:17.0 (27039516)|VARIABLE_ASSIGNMENT|[EXTERNAL]|this|{"selected":false,"skill":"0x59d71515"}|0x7fad384f
07:52:17.0 (27047642)|STATEMENT_EXECUTE|[31]
07:52:17.0 (27056800)|HEAP_ALLOCATE|[30]|Bytes:5
07:52:17.0 (27064656)|HEAP_ALLOCATE|[30]|Bytes:12
07:52:17.0 (27069175)|VARIABLE_SCOPE_BEGIN|[30]|wEmp|WrapperEmployeeSkills.wEmployee|true|false
07:52:17.0 (27085481)|VARIABLE_ASSIGNMENT|[30]|wEmp|{"selected":false,"skill":"0x126b031d"}|0x577340ea
07:52:17.0 (27088707)|STATEMENT_EXECUTE|[30]
07:52:17.0 (27112813)|VARIABLE_ASSIGNMENT|[EXTERNAL]|this|{"selected":false,"skill":"0x126b031d"}|0x577340ea
07:52:17.0 (27126728)|STATEMENT_EXECUTE|[31]
07:52:17.0 (27137298)|HEAP_ALLOCATE|[30]|Bytes:5
07:52:17.0 (27145974)|HEAP_ALLOCATE|[30]|Bytes:12
07:52:17.0 (27150632)|VARIABLE_SCOPE_BEGIN|[30]|wEmp|WrapperEmployeeSkills.wEmployee|true|false
07:52:17.0 (27171764)|VARIABLE_ASSIGNMENT|[30]|wEmp|{"selected":false,"skill":"0x6eb38eaf"}|0x665aba65
07:52:17.0 (27175896)|STATEMENT_EXECUTE|[30]
07:52:17.0 (27194356)|VARIABLE_ASSIGNMENT|[EXTERNAL]|this|{"selected":false,"skill":"0x6eb38eaf"}|0x665aba65
07:52:17.0 (27202480)|STATEMENT_EXECUTE|[31]
07:52:17.0 (27212144)|HEAP_ALLOCATE|[30]|Bytes:5
07:52:17.0 (27220313)|HEAP_ALLOCATE|[30]|Bytes:12
07:52:17.0 (27224938)|VARIABLE_SCOPE_BEGIN|[30]|wEmp|WrapperEmployeeSkills.wEmployee|true|false
07:52:17.0 (27241072)|VARIABLE_ASSIGNMENT|[30]|wEmp|{"selected":false,"skill":"0x4f1d6fe0"}|0x4de8a2b8
07:52:17.0 (27244312)|STATEMENT_EXECUTE|[30]
07:52:17.0 (27261917)|VARIABLE_ASSIGNMENT|[EXTERNAL]|this|{"selected":false,"skill":"0x4f1d6fe0"}|0x4de8a2b8
07:52:17.0 (27270049)|STATEMENT_EXECUTE|[31]
07:52:17.0 (27279506)|HEAP_ALLOCATE|[30]|Bytes:5
07:52:17.0 (27287445)|HEAP_ALLOCATE|[30]|Bytes:12
07:52:17.0 (27292019)|VARIABLE_SCOPE_BEGIN|[30]|wEmp|WrapperEmployeeSkills.wEmployee|true|false
07:52:17.0 (27308399)|VARIABLE_ASSIGNMENT|[30]|wEmp|{"selected":true,"skill":"0x2e83b4ab"}|0x5b91840a
07:52:17.0 (27311727)|STATEMENT_EXECUTE|[30]
07:52:17.0 (27329440)|VARIABLE_ASSIGNMENT|[EXTERNAL]|this|{"selected":true,"skill":"0x2e83b4ab"}|0x5b91840a
07:52:17.0 (27337681)|STATEMENT_EXECUTE|[31]
07:52:17.0 (27339154)|STATEMENT_EXECUTE|[32]
07:52:17.0 (27369324)|VARIABLE_ASSIGNMENT|[EXTERNAL]|this|{"selected":true,"skill":"0x2e83b4ab"}|0x5b91840a
07:52:17.0 (27392646)|HEAP_ALLOCATE|[EXTERNAL]|Bytes:4
07:52:17.0 (27406229)|HEAP_ALLOCATE|[30]|Bytes:5
07:52:17.0 (27415257)|HEAP_ALLOCATE|[30]|Bytes:12
07:52:17.0 (27420363)|VARIABLE_SCOPE_BEGIN|[30]|wEmp|WrapperEmployeeSkills.wEmployee|true|false
07:52:17.0 (27438183)|VARIABLE_ASSIGNMENT|[30]|wEmp|{"selected":false,"skill":"0x160e0553"}|0x16a8eb82
07:52:17.0 (27441625)|STATEMENT_EXECUTE|[30]
07:52:17.0 (27460178)|VARIABLE_ASSIGNMENT|[EXTERNAL]|this|{"selected":false,"skill":"0x160e0553"}|0x16a8eb82
07:52:17.0 (27468414)|STATEMENT_EXECUTE|[31]
07:52:17.0 (27478010)|HEAP_ALLOCATE|[30]|Bytes:5
07:52:17.0 (27487805)|VARIABLE_ASSIGNMENT|[30]|wEmp|null|
07:52:17.0 (27585111)|HEAP_ALLOCATE|[39]|Bytes:5
07:52:17.0 (27627912)|HEAP_ALLOCATE|[39]|Bytes:32
07:52:17.0 (27638704)|VARIABLE_SCOPE_BEGIN|[39]|es|Employee_Skills__c|true|false
07:52:17.0 (27669005)|VARIABLE_ASSIGNMENT|[39]|es|{"s":1,"v":{"Id":"a0C36000000iqFYEAY","Name":"fsdfsd","Employee__c":"a0A36000001ygYkEAI","Project__c":"a0736000000Ew01AAC","Status__c":"Waiting for submit","Employee__r":{"s":2,"v":{"Name":"Andriy Lokotosh","Id":"a0A36000001ygYkEAI"}},"Project__r":{"s":3,"v":{"Name":"eBank","Id":"a0736000000Ew01AAC"}}}}|0x2e83b4ab
07:52:17.0 (27674955)|STATEMENT_EXECUTE|[40]
07:52:17.0 (27676250)|STATEMENT_EXECUTE|[41]
07:52:17.0 (27774987)|VARIABLE_SCOPE_BEGIN|[41]|req|Approval.ProcessSubmitRequest|true|false
07:52:17.0 (27884599)|VARIABLE_ASSIGNMENT|[41]|req|"common.api.soap.wsdl.ProcessSubmitRequest@525c4eb9"|0x2036be0d
07:52:17.0 (27890340)|STATEMENT_EXECUTE|[42]
07:52:17.0 (27895328)|HEAP_ALLOCATE|[42]|Bytes:39
07:52:17.0 (27962577)|STATEMENT_EXECUTE|[43]
07:52:17.0 (28179182)|HEAP_ALLOCATE|[43]|Bytes:18
07:52:17.0 (28215685)|STATEMENT_EXECUTE|[45]
07:52:17.0 (28281130)|HEAP_ALLOCATE|[45]|Bytes:8
07:52:17.0 (28300269)|DML_BEGIN|[45]|Op:Process|Type:ProcessRequest|Rows:1
07:52:17.0 (28333782)|HEAP_ALLOCATE|[EXTERNAL]|Bytes:8
07:52:17.0 (135275706)|CODE_UNIT_STARTED|[EXTERNAL]|Workflow:ApprovalProcessActions
07:52:17.0 (149156040)|WF_APPROVAL_SUBMIT|[Employee Skills: fsdfsd a0C36000000iqFY]
07:52:17.0 (150334997)|WF_APPROVAL_SUBMITTER|Andrew Lokotosh|005360000011kEE
07:52:17.0 (173827007)|WF_RULE_FILTER|[Employee Skills : Status equals Pending approval]
07:52:17.0 (174452075)|WF_RULE_EVAL_VALUE|4
07:52:17.0 (174466895)|WF_EVAL_ENTRY_CRITERIA|Employee skill|00X36000000QVVE|false
07:52:17.0 (174498165)|WF_RULE_FILTER|[Employee Skills : Status equals Pending approval]
07:52:17.0 (174514625)|WF_RULE_EVAL_VALUE|4
07:52:17.0 (174521796)|WF_EVAL_ENTRY_CRITERIA|Employee skill|00X36000000QVVE|false
07:52:17.0 (174533909)|WF_PROCESS_FOUND||No applicable approval process was found.
07:52:17.0 (175895931)|CODE_UNIT_FINISHED|Workflow:ApprovalProcessActions
07:52:17.0 (176824519)|DML_END|[45]
07:52:17.0 (176923760)|EXCEPTION_THROWN|[45]|System.DmlException: Process failed. First exception on row 0; first error: NO_APPLICABLE_PROCESS, No applicable approval process was found.: []
07:52:17.0 (177985278)|HEAP_ALLOCATE|[45]|Bytes:127
07:52:17.0 (178076307)|VARIABLE_SCOPE_BEGIN|[53]|ex|Exception|true|false
07:52:17.0 (178210762)|VARIABLE_ASSIGNMENT|[53]|ex|"common.apex.runtime.impl.DmlExecutionException: Process failed. First exception on row 0; first error: NO_APPLICABLE_PROCESS, No applicable approval process was found.: []"|0x6fcc5edc
07:52:17.0 (178219463)|STATEMENT_EXECUTE|[53]
07:52:17.0 (178223981)|STATEMENT_EXECUTE|[54]
07:52:17.0 (178239835)|HEAP_ALLOCATE|[54]|Bytes:1
07:52:17.0 (178300141)|VARIABLE_SCOPE_BEGIN|[54]|pageRef|System.PageReference|true|false
07:52:17.0 (178359933)|VARIABLE_ASSIGNMENT|[54]|pageRef|"/"|0x64698332
07:52:17.0 (178365055)|STATEMENT_EXECUTE|[55]
07:52:17.0 (178448998)|STATEMENT_EXECUTE|[56]
07:52:17.0 (178460082)|SYSTEM_MODE_EXIT|false
07:52:17.0 (183287148)|CODE_UNIT_FINISHED|WrapperEmployeeSkills invoke(processSelected)
07:52:17.0 (184516301)|VF_APEX_CALL|j_id4|{!processSelected}|PageReference:/
07:52:17.189 (189095361)|CUMULATIVE_LIMIT_USAGE
07:52:17.189 (189095361)|LIMIT_USAGE_FOR_NS|(default)|
  Number of SOQL queries: 0 out of 100
  Number of query rows: 0 out of 50000
  Number of SOSL queries: 0 out of 20
  Number of DML statements: 1 out of 150
  Number of DML rows: 1 out of 10000
  Maximum CPU time: 0 out of 10000
  Maximum heap size: 0 out of 6000000
  Number of callouts: 0 out of 100
  Number of Email Invocations: 0 out of 10
  Number of future calls: 0 out of 50
  Number of queueable jobs added to the queue: 0 out of 50
  Number of Mobile Apex push calls: 0 out of 10

07:52:17.189 (189095361)|CUMULATIVE_LIMIT_USAGE_END

07:52:17.0 (189145591)|CODE_UNIT_FINISHED|VF: /apex/AprooveWraper
07:52:17.0 (191174077)|EXECUTION_FINISHED
