36.0 APEX_CODE,FINEST;APEX_PROFILING,INFO;CALLOUT,INFO;DB,INFO;SYSTEM,DEBUG;VALIDATION,INFO;VISUALFORCE,INFO;WORKFLOW,INFO
07:52:16.0 (74252)|EXECUTION_STARTED
07:52:16.0 (110225)|CODE_UNIT_STARTED|[EXTERNAL]|06636000001VcbV|VF: /apex/AprooveWraper
07:52:16.0 (391032)|VF_DESERIALIZE_VIEWSTATE_BEGIN|06636000001VcbV
07:52:16.0 (12097753)|HEAP_ALLOCATE|[72]|Bytes:3
07:52:16.0 (12159684)|HEAP_ALLOCATE|[77]|Bytes:152
07:52:16.0 (12177350)|HEAP_ALLOCATE|[342]|Bytes:408
07:52:16.0 (12194283)|HEAP_ALLOCATE|[355]|Bytes:408
07:52:16.0 (12209752)|HEAP_ALLOCATE|[467]|Bytes:48
07:52:16.0 (12247563)|HEAP_ALLOCATE|[139]|Bytes:6
07:52:16.0 (12282886)|HEAP_ALLOCATE|[50]|Bytes:5
07:52:16.0 (12312890)|HEAP_ALLOCATE|[56]|Bytes:5
07:52:16.0 (12323718)|HEAP_ALLOCATE|[64]|Bytes:7
07:52:16.0 (15471705)|VF_DESERIALIZE_VIEWSTATE_END
07:52:16.0 (18259594)|CODE_UNIT_STARTED|[EXTERNAL]|01p360000072SS3|WrapperEmployeeSkills get(EmployeeSkills)
07:52:16.0 (18279369)|SYSTEM_MODE_ENTER|true
07:52:16.0 (18649024)|CODE_UNIT_STARTED|[EXTERNAL]|01p360000072SS3|WrapperEmployeeSkills invoke(getEmployeeSkills)
07:52:16.0 (18707936)|HEAP_ALLOCATE|[EXTERNAL]|Bytes:9
07:52:16.0 (18718068)|HEAP_ALLOCATE|[EXTERNAL]|Bytes:88
07:52:16.0 (18721535)|HEAP_ALLOCATE|[EXTERNAL]|Bytes:6
07:52:16.0 (18724391)|HEAP_ALLOCATE|[EXTERNAL]|Bytes:2
07:52:16.0 (18750149)|METHOD_ENTRY|[1]|01p360000072SS3|WrapperEmployeeSkills.WrapperEmployeeSkills()
07:52:16.0 (18755630)|STATEMENT_EXECUTE|[1]
07:52:16.0 (18763669)|STATEMENT_EXECUTE|[1]
07:52:16.0 (18776212)|SYSTEM_MODE_ENTER|false
07:52:16.0 (18791592)|HEAP_ALLOCATE|[EXTERNAL]|Bytes:5
07:52:16.0 (18797051)|STATEMENT_EXECUTE|[61]
07:52:16.0 (18801889)|SYSTEM_MODE_EXIT|false
07:52:16.0 (18817657)|METHOD_EXIT|[1]|WrapperEmployeeSkills
07:52:16.0 (18835659)|HEAP_ALLOCATE|[EXTERNAL]|Bytes:8
07:52:16.0 (18847673)|VARIABLE_SCOPE_BEGIN|[7]|this|WrapperEmployeeSkills|true|false
07:52:16.0 (18935545)|VARIABLE_ASSIGNMENT|[7]|this|{"skillsList":"0x195452a8"}|0x1c21a11e
07:52:16.0 (18952929)|SYSTEM_MODE_ENTER|false
07:52:16.0 (18958315)|HEAP_ALLOCATE|[8]|Bytes:5
07:52:16.0 (18962482)|STATEMENT_EXECUTE|[7]
07:52:16.0 (19018809)|VARIABLE_ASSIGNMENT|[EXTERNAL]|this|{"skillsList":"0x195452a8"}|0x1c21a11e
07:52:16.0 (19035662)|STATEMENT_EXECUTE|[8]
07:52:16.0 (19037769)|STATEMENT_EXECUTE|[17]
07:52:16.0 (19065717)|VARIABLE_ASSIGNMENT|[EXTERNAL]|this|{"skillsList":"0x195452a8"}|0x1c21a11e
07:52:16.0 (19076954)|SYSTEM_MODE_EXIT|false
07:52:16.0 (19090337)|CODE_UNIT_FINISHED|WrapperEmployeeSkills invoke(getEmployeeSkills)
07:52:16.0 (19120554)|CODE_UNIT_FINISHED|WrapperEmployeeSkills get(EmployeeSkills)
07:52:16.0 (20525421)|CODE_UNIT_STARTED|[EXTERNAL]|01p360000072SS3|selected
07:52:16.0 (20541086)|HEAP_ALLOCATE|[EXTERNAL]|Bytes:112
07:52:16.0 (20547688)|HEAP_ALLOCATE|[EXTERNAL]|Bytes:8
07:52:16.0 (20557588)|CODE_UNIT_FINISHED|selected
07:52:16.0 (20636448)|CODE_UNIT_STARTED|[EXTERNAL]|01p360000072SS3|selected
07:52:16.0 (20648631)|CODE_UNIT_FINISHED|selected
07:52:16.0 (20717811)|CODE_UNIT_STARTED|[EXTERNAL]|01p360000072SS3|selected
07:52:16.0 (20729107)|CODE_UNIT_FINISHED|selected
07:52:16.0 (20796313)|CODE_UNIT_STARTED|[EXTERNAL]|01p360000072SS3|selected
07:52:16.0 (20807344)|CODE_UNIT_FINISHED|selected
07:52:16.0 (20879176)|CODE_UNIT_STARTED|[EXTERNAL]|01p360000072SS3|selected
07:52:16.0 (20890105)|CODE_UNIT_FINISHED|selected
07:52:16.0 (20959695)|CODE_UNIT_STARTED|[EXTERNAL]|01p360000072SS3|selected
07:52:16.0 (20970752)|CODE_UNIT_FINISHED|selected
07:52:16.0 (21037591)|CODE_UNIT_STARTED|[EXTERNAL]|01p360000072SS3|selected
07:52:16.0 (21049459)|CODE_UNIT_FINISHED|selected
07:52:16.0 (21115890)|CODE_UNIT_STARTED|[EXTERNAL]|01p360000072SS3|selected
07:52:16.0 (21126958)|CODE_UNIT_FINISHED|selected
07:52:16.0 (21193915)|CODE_UNIT_STARTED|[EXTERNAL]|01p360000072SS3|selected
07:52:16.0 (21204723)|CODE_UNIT_FINISHED|selected
07:52:16.0 (21271802)|CODE_UNIT_STARTED|[EXTERNAL]|01p360000072SS3|selected
07:52:16.0 (21282790)|CODE_UNIT_FINISHED|selected
07:52:16.0 (21350262)|CODE_UNIT_STARTED|[EXTERNAL]|01p360000072SS3|selected
07:52:16.0 (21361347)|CODE_UNIT_FINISHED|selected
07:52:16.0 (21433314)|CODE_UNIT_STARTED|[EXTERNAL]|01p360000072SS3|selected
07:52:16.0 (21444517)|CODE_UNIT_FINISHED|selected
07:52:16.0 (21514475)|CODE_UNIT_STARTED|[EXTERNAL]|01p360000072SS3|selected
07:52:16.0 (21525600)|CODE_UNIT_FINISHED|selected
07:52:16.0 (21592765)|CODE_UNIT_STARTED|[EXTERNAL]|01p360000072SS3|selected
07:52:16.0 (21603674)|CODE_UNIT_FINISHED|selected
07:52:16.0 (21669841)|CODE_UNIT_STARTED|[EXTERNAL]|01p360000072SS3|selected
07:52:16.0 (21680853)|CODE_UNIT_FINISHED|selected
07:52:16.0 (21758889)|CODE_UNIT_STARTED|[EXTERNAL]|01p360000072SS3|selected
07:52:16.0 (21769668)|CODE_UNIT_FINISHED|selected
07:52:16.0 (22251161)|CODE_UNIT_STARTED|[EXTERNAL]|wEmployee set(selected,false)
07:52:16.0 (22288932)|HEAP_ALLOCATE|[EXTERNAL]|Bytes:5
07:52:16.0 (22299617)|HEAP_ALLOCATE|[EXTERNAL]|Bytes:12
07:52:16.0 (22315661)|VARIABLE_ASSIGNMENT|[EXTERNAL]|this.selected|false|0x25f5ab10
07:52:16.0 (22324337)|CODE_UNIT_FINISHED|wEmployee set(selected,false)
07:52:16.0 (22395865)|CODE_UNIT_STARTED|[EXTERNAL]|wEmployee set(selected,false)
07:52:16.0 (22415963)|HEAP_ALLOCATE|[EXTERNAL]|Bytes:5
07:52:16.0 (22419466)|HEAP_ALLOCATE|[EXTERNAL]|Bytes:12
07:52:16.0 (22427569)|VARIABLE_ASSIGNMENT|[EXTERNAL]|this.selected|false|0x4caf672f
07:52:16.0 (22434570)|CODE_UNIT_FINISHED|wEmployee set(selected,false)
07:52:16.0 (22503358)|CODE_UNIT_STARTED|[EXTERNAL]|wEmployee set(selected,false)
07:52:16.0 (22522463)|HEAP_ALLOCATE|[EXTERNAL]|Bytes:5
07:52:16.0 (22525738)|HEAP_ALLOCATE|[EXTERNAL]|Bytes:12
07:52:16.0 (22533431)|VARIABLE_ASSIGNMENT|[EXTERNAL]|this.selected|false|0x7755bd00
07:52:16.0 (22540173)|CODE_UNIT_FINISHED|wEmployee set(selected,false)
07:52:16.0 (22607949)|CODE_UNIT_STARTED|[EXTERNAL]|wEmployee set(selected,false)
07:52:16.0 (22626832)|HEAP_ALLOCATE|[EXTERNAL]|Bytes:5
07:52:16.0 (22630114)|HEAP_ALLOCATE|[EXTERNAL]|Bytes:12
07:52:16.0 (22637691)|VARIABLE_ASSIGNMENT|[EXTERNAL]|this.selected|false|0x5969c4e5
07:52:16.0 (22644256)|CODE_UNIT_FINISHED|wEmployee set(selected,false)
07:52:16.0 (22715138)|CODE_UNIT_STARTED|[EXTERNAL]|wEmployee set(selected,false)
07:52:16.0 (22733926)|HEAP_ALLOCATE|[EXTERNAL]|Bytes:5
07:52:16.0 (22737208)|HEAP_ALLOCATE|[EXTERNAL]|Bytes:12
07:52:16.0 (22744746)|VARIABLE_ASSIGNMENT|[EXTERNAL]|this.selected|false|0x51cc49f3
07:52:16.0 (22751168)|CODE_UNIT_FINISHED|wEmployee set(selected,false)
07:52:16.0 (22821585)|CODE_UNIT_STARTED|[EXTERNAL]|wEmployee set(selected,false)
07:52:16.0 (22840975)|HEAP_ALLOCATE|[EXTERNAL]|Bytes:5
07:52:16.0 (22844296)|HEAP_ALLOCATE|[EXTERNAL]|Bytes:12
07:52:16.0 (22851807)|VARIABLE_ASSIGNMENT|[EXTERNAL]|this.selected|false|0x666dcafa
07:52:16.0 (22859035)|CODE_UNIT_FINISHED|wEmployee set(selected,false)
07:52:16.0 (22925950)|CODE_UNIT_STARTED|[EXTERNAL]|wEmployee set(selected,false)
07:52:16.0 (22944441)|HEAP_ALLOCATE|[EXTERNAL]|Bytes:5
07:52:16.0 (22947650)|HEAP_ALLOCATE|[EXTERNAL]|Bytes:12
07:52:16.0 (22955062)|VARIABLE_ASSIGNMENT|[EXTERNAL]|this.selected|false|0x3c0ac68a
07:52:16.0 (22961569)|CODE_UNIT_FINISHED|wEmployee set(selected,false)
07:52:16.0 (23028390)|CODE_UNIT_STARTED|[EXTERNAL]|wEmployee set(selected,false)
07:52:16.0 (23047748)|HEAP_ALLOCATE|[EXTERNAL]|Bytes:5
07:52:16.0 (23051067)|HEAP_ALLOCATE|[EXTERNAL]|Bytes:12
07:52:16.0 (23058621)|VARIABLE_ASSIGNMENT|[EXTERNAL]|this.selected|false|0x2b537302
07:52:16.0 (23065056)|CODE_UNIT_FINISHED|wEmployee set(selected,false)
07:52:16.0 (23135670)|CODE_UNIT_STARTED|[EXTERNAL]|wEmployee set(selected,false)
07:52:16.0 (23154619)|HEAP_ALLOCATE|[EXTERNAL]|Bytes:5
07:52:16.0 (23157933)|HEAP_ALLOCATE|[EXTERNAL]|Bytes:12
07:52:16.0 (23165474)|VARIABLE_ASSIGNMENT|[EXTERNAL]|this.selected|false|0x18e3344a
07:52:16.0 (23171937)|CODE_UNIT_FINISHED|wEmployee set(selected,false)
07:52:16.0 (23239947)|CODE_UNIT_STARTED|[EXTERNAL]|wEmployee set(selected,false)
07:52:16.0 (23258664)|HEAP_ALLOCATE|[EXTERNAL]|Bytes:5
07:52:16.0 (23261928)|HEAP_ALLOCATE|[EXTERNAL]|Bytes:12
07:52:16.0 (23269406)|VARIABLE_ASSIGNMENT|[EXTERNAL]|this.selected|false|0x10d107b6
07:52:16.0 (23275954)|CODE_UNIT_FINISHED|wEmployee set(selected,false)
07:52:16.0 (23343102)|CODE_UNIT_STARTED|[EXTERNAL]|wEmployee set(selected,false)
07:52:16.0 (23361529)|HEAP_ALLOCATE|[EXTERNAL]|Bytes:5
07:52:16.0 (23364818)|HEAP_ALLOCATE|[EXTERNAL]|Bytes:12
07:52:16.0 (23372298)|VARIABLE_ASSIGNMENT|[EXTERNAL]|this.selected|false|0x7a05bdb0
07:52:16.0 (23378808)|CODE_UNIT_FINISHED|wEmployee set(selected,false)
07:52:16.0 (23445919)|CODE_UNIT_STARTED|[EXTERNAL]|wEmployee set(selected,false)
07:52:16.0 (23464571)|HEAP_ALLOCATE|[EXTERNAL]|Bytes:5
07:52:16.0 (23468331)|HEAP_ALLOCATE|[EXTERNAL]|Bytes:12
07:52:16.0 (23475780)|VARIABLE_ASSIGNMENT|[EXTERNAL]|this.selected|false|0x4afe1a91
07:52:16.0 (23482421)|CODE_UNIT_FINISHED|wEmployee set(selected,false)
07:52:16.0 (23549183)|CODE_UNIT_STARTED|[EXTERNAL]|wEmployee set(selected,false)
07:52:16.0 (23567759)|HEAP_ALLOCATE|[EXTERNAL]|Bytes:5
07:52:16.0 (23571084)|HEAP_ALLOCATE|[EXTERNAL]|Bytes:12
07:52:16.0 (23578485)|VARIABLE_ASSIGNMENT|[EXTERNAL]|this.selected|false|0x4b3e36e0
07:52:16.0 (23584831)|CODE_UNIT_FINISHED|wEmployee set(selected,false)
07:52:16.0 (23655109)|CODE_UNIT_STARTED|[EXTERNAL]|wEmployee set(selected,false)
07:52:16.0 (23673841)|HEAP_ALLOCATE|[EXTERNAL]|Bytes:5
07:52:16.0 (23677124)|HEAP_ALLOCATE|[EXTERNAL]|Bytes:12
07:52:16.0 (23684707)|VARIABLE_ASSIGNMENT|[EXTERNAL]|this.selected|false|0x53ca7486
07:52:16.0 (23691234)|CODE_UNIT_FINISHED|wEmployee set(selected,false)
07:52:16.0 (23775727)|CODE_UNIT_STARTED|[EXTERNAL]|wEmployee set(selected,true)
07:52:16.0 (23794892)|HEAP_ALLOCATE|[EXTERNAL]|Bytes:5
07:52:16.0 (23798216)|HEAP_ALLOCATE|[EXTERNAL]|Bytes:12
07:52:16.0 (23805900)|VARIABLE_ASSIGNMENT|[EXTERNAL]|this.selected|true|0x475bb72
07:52:16.0 (23812649)|CODE_UNIT_FINISHED|wEmployee set(selected,true)
07:52:16.0 (23884299)|CODE_UNIT_STARTED|[EXTERNAL]|wEmployee set(selected,false)
07:52:16.0 (23903479)|HEAP_ALLOCATE|[EXTERNAL]|Bytes:5
07:52:16.0 (23906757)|HEAP_ALLOCATE|[EXTERNAL]|Bytes:12
07:52:16.0 (23914651)|VARIABLE_ASSIGNMENT|[EXTERNAL]|this.selected|false|0x3ee513ff
07:52:16.0 (23921326)|CODE_UNIT_FINISHED|wEmployee set(selected,false)
07:52:16.0 (24119939)|CODE_UNIT_STARTED|[EXTERNAL]|01p360000072SS3|WrapperEmployeeSkills invoke(processSelected)
07:52:16.0 (24149445)|HEAP_ALLOCATE|[EXTERNAL]|Bytes:8
07:52:16.0 (24157973)|VARIABLE_SCOPE_BEGIN|[21]|this|WrapperEmployeeSkills|true|false
07:52:16.0 (24183173)|VARIABLE_ASSIGNMENT|[21]|this|{"skillsList":"0x195452a8"}|0x1c21a11e
07:52:16.0 (24194465)|SYSTEM_MODE_ENTER|false
07:52:16.0 (24199920)|HEAP_ALLOCATE|[23]|Bytes:5
07:52:16.0 (24204045)|STATEMENT_EXECUTE|[22]
07:52:16.0 (24205534)|STATEMENT_EXECUTE|[23]
07:52:16.0 (24206762)|STATEMENT_EXECUTE|[24]
07:52:16.0 (24208007)|STATEMENT_EXECUTE|[27]
07:52:16.0 (24256267)|HEAP_ALLOCATE|[27]|Bytes:4
07:52:16.0 (24350938)|VARIABLE_SCOPE_BEGIN|[27]|selectedSkills|List<Employee_Skills__c>|true|false
07:52:16.0 (24361523)|HEAP_ALLOCATE|[EXTERNAL]|Bytes:4
07:52:16.0 (24378718)|VARIABLE_ASSIGNMENT|[27]|selectedSkills|{"s":1,"v":[]}|0x2d3f1473
07:52:16.0 (24400731)|METHOD_ENTRY|[30]|01p360000072SS3|WrapperEmployeeSkills.getEmployeeSkills()
07:52:16.0 (24413847)|VARIABLE_SCOPE_BEGIN|[7]|this|WrapperEmployeeSkills|true|false
07:52:16.0 (24435608)|VARIABLE_ASSIGNMENT|[7]|this|{"skillsList":"0x195452a8"}|0x1c21a11e
07:52:16.0 (24444817)|HEAP_ALLOCATE|[8]|Bytes:5
07:52:16.0 (24448347)|STATEMENT_EXECUTE|[7]
07:52:16.0 (24468658)|VARIABLE_ASSIGNMENT|[EXTERNAL]|this|{"skillsList":"0x195452a8"}|0x1c21a11e
07:52:16.0 (24478496)|STATEMENT_EXECUTE|[8]
07:52:16.0 (24480246)|STATEMENT_EXECUTE|[17]
07:52:16.0 (24495525)|VARIABLE_ASSIGNMENT|[EXTERNAL]|this|{"skillsList":"0x195452a8"}|0x1c21a11e
07:52:16.0 (24507172)|METHOD_EXIT|[30]|01p360000072SS3|WrapperEmployeeSkills.getEmployeeSkills()
07:52:16.0 (24756571)|HEAP_ALLOCATE|[30]|Bytes:5
07:52:16.0 (24776252)|HEAP_ALLOCATE|[30]|Bytes:12
07:52:16.0 (24786425)|VARIABLE_SCOPE_BEGIN|[30]|wEmp|WrapperEmployeeSkills.wEmployee|true|false
07:52:16.0 (24827313)|VARIABLE_ASSIGNMENT|[30]|wEmp|{"selected":false,"skill":"0x4a1e50d5"}|0x25f5ab10
07:52:16.0 (24832143)|STATEMENT_EXECUTE|[30]
07:52:16.0 (24878810)|VARIABLE_ASSIGNMENT|[EXTERNAL]|this|{"selected":false,"skill":"0x4a1e50d5"}|0x25f5ab10
07:52:16.0 (24893786)|STATEMENT_EXECUTE|[31]
07:52:16.0 (24905056)|HEAP_ALLOCATE|[30]|Bytes:5
07:52:16.0 (24915055)|HEAP_ALLOCATE|[30]|Bytes:12
07:52:16.0 (24921386)|VARIABLE_SCOPE_BEGIN|[30]|wEmp|WrapperEmployeeSkills.wEmployee|true|false
07:52:16.0 (24940778)|VARIABLE_ASSIGNMENT|[30]|wEmp|{"selected":false,"skill":"0x38250fc3"}|0x4caf672f
07:52:16.0 (24944466)|STATEMENT_EXECUTE|[30]
07:52:16.0 (24963425)|VARIABLE_ASSIGNMENT|[EXTERNAL]|this|{"selected":false,"skill":"0x38250fc3"}|0x4caf672f
07:52:16.0 (24972564)|STATEMENT_EXECUTE|[31]
07:52:16.0 (24982004)|HEAP_ALLOCATE|[30]|Bytes:5
07:52:16.0 (24991071)|HEAP_ALLOCATE|[30]|Bytes:12
07:52:16.0 (24996721)|VARIABLE_SCOPE_BEGIN|[30]|wEmp|WrapperEmployeeSkills.wEmployee|true|false
07:52:16.0 (25014542)|VARIABLE_ASSIGNMENT|[30]|wEmp|{"selected":false,"skill":"0x6ef2e4f6"}|0x7755bd00
07:52:16.0 (25018719)|STATEMENT_EXECUTE|[30]
07:52:16.0 (25037392)|VARIABLE_ASSIGNMENT|[EXTERNAL]|this|{"selected":false,"skill":"0x6ef2e4f6"}|0x7755bd00
07:52:16.0 (25046150)|STATEMENT_EXECUTE|[31]
07:52:16.0 (25055298)|HEAP_ALLOCATE|[30]|Bytes:5
07:52:16.0 (25064343)|HEAP_ALLOCATE|[30]|Bytes:12
07:52:16.0 (25069776)|VARIABLE_SCOPE_BEGIN|[30]|wEmp|WrapperEmployeeSkills.wEmployee|true|false
07:52:16.0 (25086978)|VARIABLE_ASSIGNMENT|[30]|wEmp|{"selected":false,"skill":"0x56d28905"}|0x5969c4e5
07:52:16.0 (25090116)|STATEMENT_EXECUTE|[30]
07:52:16.0 (25112280)|VARIABLE_ASSIGNMENT|[EXTERNAL]|this|{"selected":false,"skill":"0x56d28905"}|0x5969c4e5
07:52:16.0 (25121449)|STATEMENT_EXECUTE|[31]
07:52:16.0 (25130723)|HEAP_ALLOCATE|[30]|Bytes:5
07:52:16.0 (25139655)|HEAP_ALLOCATE|[30]|Bytes:12
07:52:16.0 (25147757)|VARIABLE_SCOPE_BEGIN|[30]|wEmp|WrapperEmployeeSkills.wEmployee|true|false
07:52:16.0 (25165608)|VARIABLE_ASSIGNMENT|[30]|wEmp|{"selected":false,"skill":"0x73eb0eb7"}|0x51cc49f3
07:52:16.0 (25168644)|STATEMENT_EXECUTE|[30]
07:52:16.0 (25187028)|VARIABLE_ASSIGNMENT|[EXTERNAL]|this|{"selected":false,"skill":"0x73eb0eb7"}|0x51cc49f3
07:52:16.0 (25198512)|STATEMENT_EXECUTE|[31]
07:52:16.0 (25207962)|HEAP_ALLOCATE|[30]|Bytes:5
07:52:16.0 (25217036)|HEAP_ALLOCATE|[30]|Bytes:12
07:52:16.0 (25222596)|VARIABLE_SCOPE_BEGIN|[30]|wEmp|WrapperEmployeeSkills.wEmployee|true|false
07:52:16.0 (25239913)|VARIABLE_ASSIGNMENT|[30]|wEmp|{"selected":false,"skill":"0x63a04c1e"}|0x666dcafa
07:52:16.0 (25243072)|STATEMENT_EXECUTE|[30]
07:52:16.0 (25261609)|VARIABLE_ASSIGNMENT|[EXTERNAL]|this|{"selected":false,"skill":"0x63a04c1e"}|0x666dcafa
07:52:16.0 (25270202)|STATEMENT_EXECUTE|[31]
07:52:16.0 (25279232)|HEAP_ALLOCATE|[30]|Bytes:5
07:52:16.0 (25288084)|HEAP_ALLOCATE|[30]|Bytes:12
07:52:16.0 (25293484)|VARIABLE_SCOPE_BEGIN|[30]|wEmp|WrapperEmployeeSkills.wEmployee|true|false
07:52:16.0 (25312869)|VARIABLE_ASSIGNMENT|[30]|wEmp|{"selected":false,"skill":"0x1a8cc1c8"}|0x3c0ac68a
07:52:16.0 (25316219)|STATEMENT_EXECUTE|[30]
07:52:16.0 (25335173)|VARIABLE_ASSIGNMENT|[EXTERNAL]|this|{"selected":false,"skill":"0x1a8cc1c8"}|0x3c0ac68a
07:52:16.0 (25344120)|STATEMENT_EXECUTE|[31]
07:52:16.0 (25353113)|HEAP_ALLOCATE|[30]|Bytes:5
07:52:16.0 (25361880)|HEAP_ALLOCATE|[30]|Bytes:12
07:52:16.0 (25367410)|VARIABLE_SCOPE_BEGIN|[30]|wEmp|WrapperEmployeeSkills.wEmployee|true|false
07:52:16.0 (25384668)|VARIABLE_ASSIGNMENT|[30]|wEmp|{"selected":false,"skill":"0x5854e93d"}|0x2b537302
07:52:16.0 (25387923)|STATEMENT_EXECUTE|[30]
07:52:16.0 (25405911)|VARIABLE_ASSIGNMENT|[EXTERNAL]|this|{"selected":false,"skill":"0x5854e93d"}|0x2b537302
07:52:16.0 (25414741)|STATEMENT_EXECUTE|[31]
07:52:16.0 (25423523)|HEAP_ALLOCATE|[30]|Bytes:5
07:52:16.0 (25432355)|HEAP_ALLOCATE|[30]|Bytes:12
07:52:16.0 (25437705)|VARIABLE_SCOPE_BEGIN|[30]|wEmp|WrapperEmployeeSkills.wEmployee|true|false
07:52:16.0 (25454596)|VARIABLE_ASSIGNMENT|[30]|wEmp|{"selected":false,"skill":"0x73e1da36"}|0x18e3344a
07:52:16.0 (25457760)|STATEMENT_EXECUTE|[30]
07:52:16.0 (25475977)|VARIABLE_ASSIGNMENT|[EXTERNAL]|this|{"selected":false,"skill":"0x73e1da36"}|0x18e3344a
07:52:16.0 (25484824)|STATEMENT_EXECUTE|[31]
07:52:16.0 (25493505)|HEAP_ALLOCATE|[30]|Bytes:5
07:52:16.0 (25502124)|HEAP_ALLOCATE|[30]|Bytes:12
07:52:16.0 (25507535)|VARIABLE_SCOPE_BEGIN|[30]|wEmp|WrapperEmployeeSkills.wEmployee|true|false
07:52:16.0 (25527096)|VARIABLE_ASSIGNMENT|[30]|wEmp|{"selected":false,"skill":"0x1240b8e8"}|0x10d107b6
07:52:16.0 (25530475)|STATEMENT_EXECUTE|[30]
07:52:16.0 (25549346)|VARIABLE_ASSIGNMENT|[EXTERNAL]|this|{"selected":false,"skill":"0x1240b8e8"}|0x10d107b6
07:52:16.0 (25558202)|STATEMENT_EXECUTE|[31]
07:52:16.0 (25567349)|HEAP_ALLOCATE|[30]|Bytes:5
07:52:16.0 (25575998)|HEAP_ALLOCATE|[30]|Bytes:12
07:52:16.0 (25581388)|VARIABLE_SCOPE_BEGIN|[30]|wEmp|WrapperEmployeeSkills.wEmployee|true|false
07:52:16.0 (25598365)|VARIABLE_ASSIGNMENT|[30]|wEmp|{"selected":false,"skill":"0x6e3ea9e9"}|0x7a05bdb0
07:52:16.0 (25601574)|STATEMENT_EXECUTE|[30]
07:52:16.0 (25619736)|VARIABLE_ASSIGNMENT|[EXTERNAL]|this|{"selected":false,"skill":"0x6e3ea9e9"}|0x7a05bdb0
07:52:16.0 (25628419)|STATEMENT_EXECUTE|[31]
07:52:16.0 (25637401)|HEAP_ALLOCATE|[30]|Bytes:5
07:52:16.0 (25646181)|HEAP_ALLOCATE|[30]|Bytes:12
07:52:16.0 (25651577)|VARIABLE_SCOPE_BEGIN|[30]|wEmp|WrapperEmployeeSkills.wEmployee|true|false
07:52:16.0 (25668112)|VARIABLE_ASSIGNMENT|[30]|wEmp|{"selected":false,"skill":"0x115cb812"}|0x4afe1a91
07:52:16.0 (25671166)|STATEMENT_EXECUTE|[30]
07:52:16.0 (25689174)|VARIABLE_ASSIGNMENT|[EXTERNAL]|this|{"selected":false,"skill":"0x115cb812"}|0x4afe1a91
07:52:16.0 (25698084)|STATEMENT_EXECUTE|[31]
07:52:16.0 (25706830)|HEAP_ALLOCATE|[30]|Bytes:5
07:52:16.0 (25715552)|HEAP_ALLOCATE|[30]|Bytes:12
07:52:16.0 (25720956)|VARIABLE_SCOPE_BEGIN|[30]|wEmp|WrapperEmployeeSkills.wEmployee|true|false
07:52:16.0 (25737889)|VARIABLE_ASSIGNMENT|[30]|wEmp|{"selected":false,"skill":"0x6c91e065"}|0x4b3e36e0
07:52:16.0 (25741121)|STATEMENT_EXECUTE|[30]
07:52:16.0 (25759087)|VARIABLE_ASSIGNMENT|[EXTERNAL]|this|{"selected":false,"skill":"0x6c91e065"}|0x4b3e36e0
07:52:16.0 (25767671)|STATEMENT_EXECUTE|[31]
07:52:16.0 (25776501)|HEAP_ALLOCATE|[30]|Bytes:5
07:52:16.0 (25785215)|HEAP_ALLOCATE|[30]|Bytes:12
07:52:16.0 (25790580)|VARIABLE_SCOPE_BEGIN|[30]|wEmp|WrapperEmployeeSkills.wEmployee|true|false
07:52:16.0 (25812035)|VARIABLE_ASSIGNMENT|[30]|wEmp|{"selected":false,"skill":"0x7b8182e7"}|0x53ca7486
07:52:16.0 (25815341)|STATEMENT_EXECUTE|[30]
07:52:16.0 (25851575)|VARIABLE_ASSIGNMENT|[EXTERNAL]|this|{"selected":false,"skill":"0x7b8182e7"}|0x53ca7486
07:52:16.0 (25862118)|STATEMENT_EXECUTE|[31]
07:52:16.0 (25872489)|HEAP_ALLOCATE|[30]|Bytes:5
07:52:16.0 (25881592)|HEAP_ALLOCATE|[30]|Bytes:12
07:52:16.0 (25887256)|VARIABLE_SCOPE_BEGIN|[30]|wEmp|WrapperEmployeeSkills.wEmployee|true|false
07:52:16.0 (25908305)|VARIABLE_ASSIGNMENT|[30]|wEmp|{"selected":true,"skill":"0x606b1d9f"}|0x475bb72
07:52:16.0 (25911893)|STATEMENT_EXECUTE|[30]
07:52:16.0 (25930827)|VARIABLE_ASSIGNMENT|[EXTERNAL]|this|{"selected":true,"skill":"0x606b1d9f"}|0x475bb72
07:52:16.0 (25939850)|STATEMENT_EXECUTE|[31]
07:52:16.0 (25941358)|STATEMENT_EXECUTE|[32]
07:52:16.0 (25979967)|VARIABLE_ASSIGNMENT|[EXTERNAL]|this|{"selected":true,"skill":"0x606b1d9f"}|0x475bb72
07:52:16.0 (26006055)|HEAP_ALLOCATE|[EXTERNAL]|Bytes:4
07:52:16.0 (26021120)|HEAP_ALLOCATE|[30]|Bytes:5
07:52:16.0 (26031005)|HEAP_ALLOCATE|[30]|Bytes:12
07:52:16.0 (26036853)|VARIABLE_SCOPE_BEGIN|[30]|wEmp|WrapperEmployeeSkills.wEmployee|true|false
07:52:16.0 (26056478)|VARIABLE_ASSIGNMENT|[30]|wEmp|{"selected":false,"skill":"0x13cf26"}|0x3ee513ff
07:52:16.0 (26060179)|STATEMENT_EXECUTE|[30]
07:52:16.0 (26079003)|VARIABLE_ASSIGNMENT|[EXTERNAL]|this|{"selected":false,"skill":"0x13cf26"}|0x3ee513ff
07:52:16.0 (26087956)|STATEMENT_EXECUTE|[31]
07:52:16.0 (26097385)|HEAP_ALLOCATE|[30]|Bytes:5
07:52:16.0 (26108922)|VARIABLE_ASSIGNMENT|[30]|wEmp|null|
07:52:16.0 (26208750)|HEAP_ALLOCATE|[39]|Bytes:5
07:52:16.0 (26265085)|HEAP_ALLOCATE|[39]|Bytes:32
07:52:16.0 (26275211)|VARIABLE_SCOPE_BEGIN|[39]|es|Employee_Skills__c|true|false
07:52:16.0 (26306863)|VARIABLE_ASSIGNMENT|[39]|es|{"s":1,"v":{"Id":"a0C36000000iqFYEAY","Name":"fsdfsd","Employee__c":"a0A36000001ygYkEAI","Project__c":"a0736000000Ew01AAC","Status__c":"Waiting for submit","Employee__r":{"s":2,"v":{"Name":"Andriy Lokotosh","Id":"a0A36000001ygYkEAI"}},"Project__r":{"s":3,"v":{"Name":"eBank","Id":"a0736000000Ew01AAC"}}}}|0x606b1d9f
07:52:16.0 (26312605)|STATEMENT_EXECUTE|[40]
07:52:16.0 (26314060)|STATEMENT_EXECUTE|[41]
07:52:16.0 (26415712)|VARIABLE_SCOPE_BEGIN|[41]|req|Approval.ProcessSubmitRequest|true|false
07:52:16.0 (26533598)|VARIABLE_ASSIGNMENT|[41]|req|"common.api.soap.wsdl.ProcessSubmitRequest@4f013390"|0x129a3173
07:52:16.0 (26538541)|STATEMENT_EXECUTE|[42]
07:52:16.0 (26543625)|HEAP_ALLOCATE|[42]|Bytes:39
07:52:16.0 (26608771)|STATEMENT_EXECUTE|[43]
07:52:16.0 (26850375)|HEAP_ALLOCATE|[43]|Bytes:18
07:52:16.0 (26886037)|STATEMENT_EXECUTE|[45]
07:52:16.0 (26957868)|HEAP_ALLOCATE|[45]|Bytes:8
07:52:16.0 (26979954)|DML_BEGIN|[45]|Op:Process|Type:ProcessRequest|Rows:1
07:52:16.0 (27016667)|HEAP_ALLOCATE|[EXTERNAL]|Bytes:8
07:52:16.0 (86883947)|CODE_UNIT_STARTED|[EXTERNAL]|Workflow:ApprovalProcessActions
07:52:16.0 (101578406)|WF_APPROVAL_SUBMIT|[Employee Skills: fsdfsd a0C36000000iqFY]
07:52:16.0 (102567396)|WF_APPROVAL_SUBMITTER|Andrew Lokotosh|005360000011kEE
07:52:16.0 (125076280)|WF_RULE_FILTER|[Employee Skills : Status equals Pending approval]
07:52:16.0 (125678855)|WF_RULE_EVAL_VALUE|4
07:52:16.0 (125708518)|WF_EVAL_ENTRY_CRITERIA|Employee skill|00X36000000QVVE|false
07:52:16.0 (125742701)|WF_RULE_FILTER|[Employee Skills : Status equals Pending approval]
07:52:16.0 (125759715)|WF_RULE_EVAL_VALUE|4
07:52:16.0 (125766869)|WF_EVAL_ENTRY_CRITERIA|Employee skill|00X36000000QVVE|false
07:52:16.0 (125779409)|WF_PROCESS_FOUND||No applicable approval process was found.
07:52:16.0 (126719875)|CODE_UNIT_FINISHED|Workflow:ApprovalProcessActions
07:52:16.0 (127535918)|DML_END|[45]
07:52:16.0 (127645279)|EXCEPTION_THROWN|[45]|System.DmlException: Process failed. First exception on row 0; first error: NO_APPLICABLE_PROCESS, No applicable approval process was found.: []
07:52:16.0 (128297156)|HEAP_ALLOCATE|[45]|Bytes:127
07:52:16.0 (128346019)|VARIABLE_SCOPE_BEGIN|[53]|ex|Exception|true|false
07:52:16.0 (128434198)|VARIABLE_ASSIGNMENT|[53]|ex|"common.apex.runtime.impl.DmlExecutionException: Process failed. First exception on row 0; first error: NO_APPLICABLE_PROCESS, No applicable approval process was found.: []"|0x6d0d97b
07:52:16.0 (128439981)|STATEMENT_EXECUTE|[53]
07:52:16.0 (128442389)|STATEMENT_EXECUTE|[54]
07:52:16.0 (128450406)|HEAP_ALLOCATE|[54]|Bytes:1
07:52:16.0 (128503236)|VARIABLE_SCOPE_BEGIN|[54]|pageRef|System.PageReference|true|false
07:52:16.0 (128563319)|VARIABLE_ASSIGNMENT|[54]|pageRef|"/"|0xf1fdfcd
07:52:16.0 (128567825)|STATEMENT_EXECUTE|[55]
07:52:16.0 (128649764)|STATEMENT_EXECUTE|[56]
07:52:16.0 (128655956)|SYSTEM_MODE_EXIT|false
07:52:16.0 (131563548)|CODE_UNIT_FINISHED|WrapperEmployeeSkills invoke(processSelected)
07:52:16.0 (132430236)|VF_APEX_CALL|j_id4|{!processSelected}|PageReference:/
07:52:16.135 (135046816)|CUMULATIVE_LIMIT_USAGE
07:52:16.135 (135046816)|LIMIT_USAGE_FOR_NS|(default)|
  Number of SOQL queries: 0 out of 100
  Number of query rows: 0 out of 50000
  Number of SOSL queries: 0 out of 20
  Number of DML statements: 1 out of 150
  Number of DML rows: 1 out of 10000
  Maximum CPU time: 0 out of 10000
  Maximum heap size: 0 out of 6000000
  Number of callouts: 0 out of 100
  Number of Email Invocations: 0 out of 10
  Number of future calls: 0 out of 50
  Number of queueable jobs added to the queue: 0 out of 50
  Number of Mobile Apex push calls: 0 out of 10

07:52:16.135 (135046816)|CUMULATIVE_LIMIT_USAGE_END

07:52:16.0 (135105414)|CODE_UNIT_FINISHED|VF: /apex/AprooveWraper
07:52:16.0 (136024485)|EXECUTION_FINISHED
