36.0 APEX_CODE,FINEST;APEX_PROFILING,INFO;CALLOUT,INFO;DB,INFO;SYSTEM,DEBUG;VALIDATION,INFO;VISUALFORCE,INFO;WORKFLOW,INFO
06:22:32.0 (600080)|EXECUTION_STARTED
06:22:32.0 (627565)|CODE_UNIT_STARTED|[EXTERNAL]|06636000002n7XB|VF: /apex/DraftsToPersonTable
06:22:32.0 (16190277)|CODE_UNIT_STARTED|[EXTERNAL]|01p360000074pQr|DraftsToPersons <init>
06:22:32.0 (16204068)|SYSTEM_MODE_ENTER|true
06:22:32.0 (16810388)|HEAP_ALLOCATE|[72]|Bytes:3
06:22:32.0 (16880523)|HEAP_ALLOCATE|[77]|Bytes:152
06:22:32.0 (16902209)|HEAP_ALLOCATE|[342]|Bytes:408
06:22:32.0 (16923758)|HEAP_ALLOCATE|[355]|Bytes:408
06:22:32.0 (16944326)|HEAP_ALLOCATE|[467]|Bytes:48
06:22:32.0 (16988599)|HEAP_ALLOCATE|[139]|Bytes:6
06:22:32.0 (17014773)|HEAP_ALLOCATE|[EXTERNAL]|Bytes:10
06:22:32.0 (17021180)|HEAP_ALLOCATE|[EXTERNAL]|Bytes:140
06:22:32.0 (17024299)|HEAP_ALLOCATE|[EXTERNAL]|Bytes:21
06:22:32.0 (17043312)|METHOD_ENTRY|[1]|01p360000074pQr|DraftsToPersons.DraftsToPersons()
06:22:32.0 (17050236)|STATEMENT_EXECUTE|[1]
06:22:32.0 (17060137)|STATEMENT_EXECUTE|[1]
06:22:32.0 (17097714)|HEAP_ALLOCATE|[50]|Bytes:5
06:22:32.0 (17124900)|HEAP_ALLOCATE|[56]|Bytes:5
06:22:32.0 (17134096)|HEAP_ALLOCATE|[64]|Bytes:7
06:22:32.0 (17158889)|SYSTEM_MODE_ENTER|false
06:22:32.0 (17177612)|HEAP_ALLOCATE|[EXTERNAL]|Bytes:5
06:22:32.0 (17182537)|STATEMENT_EXECUTE|[69]
06:22:32.0 (17187628)|SYSTEM_MODE_EXIT|false
06:22:32.0 (17201285)|METHOD_EXIT|[1]|DraftsToPersons
06:22:32.0 (17503109)|HEAP_ALLOCATE|[EXTERNAL]|Bytes:20
06:22:32.0 (17520431)|VARIABLE_SCOPE_BEGIN|[7]|this|DraftsToPersons|true|false
06:22:32.0 (17599990)|VARIABLE_ASSIGNMENT|[7]|this|{}|0x13008c1e
06:22:32.0 (17611657)|SYSTEM_MODE_ENTER|false
06:22:32.0 (17617213)|HEAP_ALLOCATE|[EXTERNAL]|Bytes:5
06:22:32.0 (17622195)|STATEMENT_EXECUTE|[1]
06:22:32.0 (17625926)|HEAP_ALLOCATE|[EXTERNAL]|Bytes:5
06:22:32.0 (17628148)|STATEMENT_EXECUTE|[2]
06:22:32.0 (17630193)|STATEMENT_EXECUTE|[3]
06:22:32.0 (17631606)|STATEMENT_EXECUTE|[4]
06:22:32.0 (17633052)|STATEMENT_EXECUTE|[5]
06:22:32.0 (17643027)|HEAP_ALLOCATE|[EXTERNAL]|Bytes:6
06:22:32.0 (17673247)|STATEMENT_EXECUTE|[8]
06:22:32.0 (17677907)|SYSTEM_MODE_EXIT|false
06:22:32.0 (17694916)|CODE_UNIT_FINISHED|DraftsToPersons <init>
06:22:32.0 (17745909)|CODE_UNIT_STARTED|[EXTERNAL]|01p360000074pQr|DraftsToPersons get(Persons)
06:22:32.0 (17753386)|SYSTEM_MODE_ENTER|true
06:22:32.0 (17779471)|CODE_UNIT_STARTED|[EXTERNAL]|01p360000074pQr|DraftsToPersons invoke(getPersons)
06:22:32.0 (17820176)|HEAP_ALLOCATE|[EXTERNAL]|Bytes:20
06:22:32.0 (17831136)|VARIABLE_SCOPE_BEGIN|[23]|this|DraftsToPersons|true|false
06:22:32.0 (17849711)|VARIABLE_ASSIGNMENT|[23]|this|{}|0x13008c1e
06:22:32.0 (17864152)|SYSTEM_MODE_ENTER|false
06:22:32.0 (17873373)|HEAP_ALLOCATE|[25]|Bytes:5
06:22:32.0 (17877963)|STATEMENT_EXECUTE|[24]
06:22:32.0 (17929197)|VARIABLE_ASSIGNMENT|[EXTERNAL]|this|{}|0x13008c1e
06:22:32.0 (17944915)|STATEMENT_EXECUTE|[26]
06:22:32.0 (17947395)|STATEMENT_EXECUTE|[27]
06:22:32.0 (17951147)|HEAP_ALLOCATE|[27]|Bytes:71
06:22:32.0 (17963886)|HEAP_ALLOCATE|[27]|Bytes:4
06:22:32.0 (18262833)|SOQL_EXECUTE_BEGIN|[27]|Aggregations:0|SELECT id, Name FROM Person__c ORDER BY Name ASC NULLS FIRST LIMIT 1000
06:22:32.0 (21599340)|SOQL_EXECUTE_END|[27]|Rows:2
06:22:32.0 (21628857)|HEAP_ALLOCATE|[27]|Bytes:12
06:22:32.0 (21648526)|HEAP_ALLOCATE|[27]|Bytes:97
06:22:32.0 (21685303)|HEAP_ALLOCATE|[27]|Bytes:12
06:22:32.0 (21731762)|VARIABLE_ASSIGNMENT|[EXTERNAL]|this|{}|0x13008c1e
06:22:32.0 (21777427)|VARIABLE_ASSIGNMENT|[EXTERNAL]|value|{"s":1,"v":[{"s":2,"v":{"Id":"a0N36000000xneOEAQ","Name":"Andiy Lokotosh"}},{"s":3,"v":{"Id":"a0N36000000xneTEAQ","Name":"Jon Smith"}}]}|0x2be8e0e
06:22:32.0 (21802066)|VARIABLE_ASSIGNMENT|[3]|this.pers|{"s":1,"v":[{"s":2,"v":{"Id":"a0N36000000xneOEAQ","Name":"Andiy Lokotosh"}},{"s":3,"v":{"Id":"a0N36000000xneTEAQ","Name":"Jon Smith"}}]}|0x13008c1e
06:22:32.0 (21812931)|STATEMENT_EXECUTE|[31]
06:22:32.0 (21860323)|VARIABLE_ASSIGNMENT|[EXTERNAL]|this|{"pers":"0x2be8e0e"}|0x13008c1e
06:22:32.0 (21886067)|SYSTEM_MODE_EXIT|false
06:22:32.0 (21900299)|CODE_UNIT_FINISHED|DraftsToPersons invoke(getPersons)
06:22:32.0 (21921071)|CODE_UNIT_FINISHED|DraftsToPersons get(Persons)
06:22:32.0 (22201701)|CODE_UNIT_STARTED|[EXTERNAL]|01p360000074pQr|DraftsToPersons get(Drafts)
06:22:32.0 (22210617)|SYSTEM_MODE_ENTER|true
06:22:32.0 (22227973)|CODE_UNIT_STARTED|[EXTERNAL]|01p360000074pQr|DraftsToPersons invoke(getDrafts)
06:22:32.0 (22263295)|HEAP_ALLOCATE|[EXTERNAL]|Bytes:20
06:22:32.0 (22273720)|VARIABLE_SCOPE_BEGIN|[12]|this|DraftsToPersons|true|false
06:22:32.0 (22295371)|VARIABLE_ASSIGNMENT|[12]|this|{"pers":"0x2be8e0e"}|0x13008c1e
06:22:32.0 (22305884)|SYSTEM_MODE_ENTER|false
06:22:32.0 (22310776)|HEAP_ALLOCATE|[14]|Bytes:5
06:22:32.0 (22315354)|STATEMENT_EXECUTE|[13]
06:22:32.0 (22360711)|VARIABLE_ASSIGNMENT|[EXTERNAL]|this|{"pers":"0x2be8e0e"}|0x13008c1e
06:22:32.0 (22372852)|STATEMENT_EXECUTE|[15]
06:22:32.0 (22375361)|STATEMENT_EXECUTE|[16]
06:22:32.0 (22379430)|HEAP_ALLOCATE|[16]|Bytes:70
06:22:32.0 (22385065)|HEAP_ALLOCATE|[16]|Bytes:4
06:22:32.0 (22580708)|SOQL_EXECUTE_BEGIN|[16]|Aggregations:0|SELECT id, Name FROM Draft__c ORDER BY Name ASC NULLS FIRST LIMIT 1000
06:22:32.0 (24756866)|SOQL_EXECUTE_END|[16]|Rows:2
06:22:32.0 (24774047)|HEAP_ALLOCATE|[16]|Bytes:12
06:22:32.0 (24787159)|HEAP_ALLOCATE|[16]|Bytes:95
06:22:32.0 (24811703)|HEAP_ALLOCATE|[16]|Bytes:12
06:22:32.0 (24861225)|VARIABLE_ASSIGNMENT|[EXTERNAL]|this|{"pers":"0x2be8e0e"}|0x13008c1e
06:22:32.0 (24891912)|VARIABLE_ASSIGNMENT|[EXTERNAL]|value|{"s":1,"v":[{"s":2,"v":{"Id":"a0R3600000032Q3EAI","Name":"Ebay"}},{"s":3,"v":{"Id":"a0R3600000032PyEAI","Name":"Electronic System"}}]}|0x36e37c92
06:22:32.0 (24913127)|VARIABLE_ASSIGNMENT|[2]|this.draft|{"s":1,"v":[{"s":2,"v":{"Id":"a0R3600000032Q3EAI","Name":"Ebay"}},{"s":3,"v":{"Id":"a0R3600000032PyEAI","Name":"Electronic System"}}]}|0x13008c1e
06:22:32.0 (24923375)|STATEMENT_EXECUTE|[21]
06:22:32.0 (24960650)|VARIABLE_ASSIGNMENT|[EXTERNAL]|this|{"draft":"0x36e37c92","pers":"0x2be8e0e"}|0x13008c1e
06:22:32.0 (24972021)|SYSTEM_MODE_EXIT|false
06:22:32.0 (24983186)|CODE_UNIT_FINISHED|DraftsToPersons invoke(getDrafts)
06:22:32.0 (25000947)|CODE_UNIT_FINISHED|DraftsToPersons get(Drafts)
06:22:32.0 (25253313)|CODE_UNIT_STARTED|[EXTERNAL]|01p360000074pQr|DraftsToPersons get(Times)
06:22:32.0 (25273093)|SYSTEM_MODE_ENTER|true
06:22:32.0 (25293323)|CODE_UNIT_STARTED|[EXTERNAL]|01p360000074pQr|DraftsToPersons invoke(getTimes)
06:22:32.0 (25330067)|HEAP_ALLOCATE|[EXTERNAL]|Bytes:20
06:22:32.0 (25340777)|VARIABLE_SCOPE_BEGIN|[34]|this|DraftsToPersons|true|false
06:22:32.0 (25363225)|VARIABLE_ASSIGNMENT|[34]|this|{"draft":"0x36e37c92","pers":"0x2be8e0e"}|0x13008c1e
06:22:32.0 (25374004)|SYSTEM_MODE_ENTER|false
06:22:32.0 (25379018)|HEAP_ALLOCATE|[36]|Bytes:5
06:22:32.0 (25383553)|STATEMENT_EXECUTE|[35]
06:22:32.0 (25431213)|VARIABLE_ASSIGNMENT|[EXTERNAL]|this|{"draft":"0x36e37c92","pers":"0x2be8e0e"}|0x13008c1e
06:22:32.0 (25443864)|STATEMENT_EXECUTE|[37]
06:22:32.0 (25446359)|STATEMENT_EXECUTE|[38]
06:22:32.0 (25450374)|HEAP_ALLOCATE|[38]|Bytes:66
06:22:32.0 (25456074)|HEAP_ALLOCATE|[38]|Bytes:4
06:22:32.0 (25819546)|SOQL_EXECUTE_BEGIN|[38]|Aggregations:0|SELECT id, Name, Person__r.id, Draft__r.id FROM Time__c LIMIT 1000
06:22:32.0 (41757377)|SOQL_EXECUTE_END|[38]|Rows:2
06:22:32.0 (41777494)|HEAP_ALLOCATE|[38]|Bytes:12
06:22:32.0 (41803617)|HEAP_ALLOCATE|[38]|Bytes:360
06:22:32.0 (41853186)|HEAP_ALLOCATE|[38]|Bytes:12
06:22:32.0 (41924189)|VARIABLE_ASSIGNMENT|[EXTERNAL]|this|{"draft":"0x36e37c92","pers":"0x2be8e0e"}|0x13008c1e
06:22:32.0 (41963643)|VARIABLE_ASSIGNMENT|[EXTERNAL]|value|{"s":1,"v":[{"s":2,"v":{"Id":"a0M36000000eCJfEAM","Name":"5","Person__c":"a0N36000000xneOEAQ","Draft__c":"a0R3600000032Q3EAI","Person__r":{"s":3,"v":{"Id":"a0N36000000xneOEAQ"}},"Draft__r":{"s":4,"v":{"Id":"a0R3600000032Q3EAI"}}}},{"s":5,"v":{"Id":"a0M36000000eCJaEAM","Name":"4","Person__c":"a0N36000000xneTEAQ","Draft__c":"a0R3600000032PyEAI","Person__r":{"s":6,"v":{"Id":"a0N36000000xneTEAQ"}},"Draft__r":{"s":7,"v":{"Id":"a0R3600000032PyEAI"}}}}]}|0x2bc66bb9
06:22:32.0 (41996058)|VARIABLE_ASSIGNMENT|[4]|this.tim|{"s":1,"v":[{"s":2,"v":{"Id":"a0M36000000eCJfEAM","Name":"5","Person__c":"a0N36000000xneOEAQ","Draft__c":"a0R3600000032Q3EAI","Person__r":{"s":3,"v":{"Id":"a0N36000000xneOEAQ"}},"Draft__r":{"s":4,"v":{"Id":"a0R3600000032Q3EAI"}}}},{"s":5,"v":{"Id":"a0M36000000eCJaEAM","Name":"4","Person__c":"a0N36000000xneTEAQ","Draft__c":"a0R3600000032PyEAI","Person__r":{"s":6,"v":{"Id":"a0N36000000xneTEAQ"}},"Draft__r":{"s":7,"v":{"Id":"a0R3600000032PyEAI"}}}}]}|0x13008c1e
06:22:32.0 (42008443)|STATEMENT_EXECUTE|[41]
06:22:32.0 (42051225)|VARIABLE_ASSIGNMENT|[EXTERNAL]|this|{"draft":"0x36e37c92","pers":"0x2be8e0e","tim":"0x2bc66bb9"}|0x13008c1e
06:22:32.0 (42063437)|SYSTEM_MODE_EXIT|false
06:22:32.0 (42077300)|CODE_UNIT_FINISHED|DraftsToPersons invoke(getTimes)
06:22:32.0 (42098848)|CODE_UNIT_FINISHED|DraftsToPersons get(Times)
06:22:32.79 (79034016)|CUMULATIVE_LIMIT_USAGE
06:22:32.79 (79034016)|LIMIT_USAGE_FOR_NS|(default)|
  Number of SOQL queries: 3 out of 100
  Number of query rows: 6 out of 50000
  Number of SOSL queries: 0 out of 20
  Number of DML statements: 0 out of 150
  Number of DML rows: 0 out of 10000
  Maximum CPU time: 0 out of 10000
  Maximum heap size: 0 out of 6000000
  Number of callouts: 0 out of 100
  Number of Email Invocations: 0 out of 10
  Number of future calls: 0 out of 50
  Number of queueable jobs added to the queue: 0 out of 50
  Number of Mobile Apex push calls: 0 out of 10

06:22:32.79 (79034016)|CUMULATIVE_LIMIT_USAGE_END

06:22:32.0 (79115610)|CODE_UNIT_FINISHED|VF: /apex/DraftsToPersonTable
06:22:32.0 (80373752)|EXECUTION_FINISHED
