36.0 APEX_CODE,FINEST;APEX_PROFILING,INFO;CALLOUT,INFO;DB,INFO;SYSTEM,DEBUG;VALIDATION,INFO;VISUALFORCE,INFO;WORKFLOW,INFO
12:02:51.0 (548955)|EXECUTION_STARTED
12:02:51.0 (580385)|CODE_UNIT_STARTED|[EXTERNAL]|aura
12:02:51.0 (1110579)|HEAP_ALLOCATE|[72]|Bytes:3
12:02:51.0 (1189074)|HEAP_ALLOCATE|[77]|Bytes:152
12:02:51.0 (1240523)|HEAP_ALLOCATE|[342]|Bytes:408
12:02:51.0 (1276944)|HEAP_ALLOCATE|[355]|Bytes:408
12:02:51.0 (1300039)|HEAP_ALLOCATE|[467]|Bytes:48
12:02:51.0 (1342010)|HEAP_ALLOCATE|[139]|Bytes:6
12:02:51.0 (1376454)|HEAP_ALLOCATE|[EXTERNAL]|Bytes:18
12:02:51.0 (1395405)|HEAP_ALLOCATE|[EXTERNAL]|Bytes:18
12:02:51.0 (2628600)|CODE_UNIT_STARTED|[EXTERNAL]|01p36000006TzBn|AwesomeProductController.getProductByName
12:02:51.0 (2799596)|HEAP_ALLOCATE|[EXTERNAL]|Bytes:3
12:02:51.0 (2820968)|METHOD_ENTRY|[1]|01p36000006TzBn|AwesomeProductController.AwesomeProductController()
12:02:51.0 (2826077)|STATEMENT_EXECUTE|[1]
12:02:51.0 (2834941)|STATEMENT_EXECUTE|[1]
12:02:51.0 (2856260)|METHOD_EXIT|[1]|AwesomeProductController
12:02:51.0 (2862134)|HEAP_ALLOCATE|[EXTERNAL]|Bytes:18
12:02:51.0 (2875064)|SYSTEM_MODE_ENTER|false
12:02:51.0 (2890689)|VARIABLE_SCOPE_BEGIN|[8]|name|String|false|false
12:02:51.0 (2921838)|VARIABLE_ASSIGNMENT|[8]|name|"Always Be Yourself"
12:02:51.0 (2939815)|STATEMENT_EXECUTE|[8]
12:02:51.0 (2941649)|STATEMENT_EXECUTE|[9]
12:02:51.0 (2946135)|HEAP_ALLOCATE|[9]|Bytes:167
12:02:51.0 (2960970)|HEAP_ALLOCATE|[9]|Bytes:4
12:02:51.0 (2974473)|HEAP_ALLOCATE|[9]|Bytes:7
12:02:51.0 (3035211)|HEAP_ALLOCATE|[50]|Bytes:5
12:02:51.0 (3065023)|HEAP_ALLOCATE|[56]|Bytes:5
12:02:51.0 (3073541)|HEAP_ALLOCATE|[64]|Bytes:7
12:02:51.0 (5279089)|SOQL_EXECUTE_BEGIN|[9]|Aggregations:1|SELECT id, name, photo__c, color__c, points__c, description__c, (SELECT name FROM product_sizes__r ORDER BY name ASC NULLS FIRST) FROM product__c WHERE name = :tmpVar1
12:02:51.0 (13065000)|SOQL_EXECUTE_END|[9]|Rows:0
12:02:51.0 (13096042)|HEAP_ALLOCATE|[9]|Bytes:4
12:02:51.0 (13109533)|HEAP_ALLOCATE|[9]|Bytes:0
12:02:51.0 (13147950)|HEAP_ALLOCATE|[9]|Bytes:4
12:02:51.0 (13159646)|HEAP_ALLOCATE|[9]|Bytes:36
12:02:51.0 (13280049)|HEAP_ALLOCATE|[9]|Bytes:46
12:02:51.0 (13374408)|FATAL_ERROR|System.QueryException: List has no rows for assignment to SObject

Class.AwesomeProductController.getProductByName: line 9, column 1
12:02:51.0 (13386852)|FATAL_ERROR|System.QueryException: List has no rows for assignment to SObject

Class.AwesomeProductController.getProductByName: line 9, column 1
12:02:51.13 (13396298)|CUMULATIVE_LIMIT_USAGE
12:02:51.13 (13396298)|LIMIT_USAGE_FOR_NS|(default)|
  Number of SOQL queries: 1 out of 100
  Number of query rows: 0 out of 50000
  Number of SOSL queries: 0 out of 20
  Number of DML statements: 0 out of 150
  Number of DML rows: 0 out of 10000
  Maximum CPU time: 0 out of 10000
  Maximum heap size: 0 out of 6000000
  Number of callouts: 0 out of 100
  Number of Email Invocations: 0 out of 10
  Number of future calls: 0 out of 50
  Number of queueable jobs added to the queue: 0 out of 50
  Number of Mobile Apex push calls: 0 out of 10

12:02:51.13 (13396298)|CUMULATIVE_LIMIT_USAGE_END

12:02:51.0 (13452502)|CODE_UNIT_FINISHED|AwesomeProductController.getProductByName
12:02:51.0 (18939033)|CODE_UNIT_STARTED|[EXTERNAL]|01p36000006TzBn|AwesomeProductController.getProducts
12:02:51.0 (18990380)|STATEMENT_EXECUTE|[3]
12:02:51.0 (18993668)|STATEMENT_EXECUTE|[4]
12:02:51.0 (19002311)|HEAP_ALLOCATE|[4]|Bytes:68
12:02:51.0 (19011652)|HEAP_ALLOCATE|[4]|Bytes:4
12:02:51.0 (19213834)|SOQL_EXECUTE_BEGIN|[4]|Aggregations:0|SELECT id, name, photo__c, description__c, points__c FROM product__c
12:02:51.0 (21461575)|SOQL_EXECUTE_END|[4]|Rows:1
12:02:51.0 (21481174)|HEAP_ALLOCATE|[4]|Bytes:8
12:02:51.0 (21499560)|HEAP_ALLOCATE|[4]|Bytes:243
12:02:51.0 (21515487)|HEAP_ALLOCATE|[4]|Bytes:8
12:02:51.21 (21562963)|CUMULATIVE_LIMIT_USAGE
12:02:51.21 (21562963)|LIMIT_USAGE_FOR_NS|(default)|
  Number of SOQL queries: 2 out of 100
  Number of query rows: 1 out of 50000
  Number of SOSL queries: 0 out of 20
  Number of DML statements: 0 out of 150
  Number of DML rows: 0 out of 10000
  Maximum CPU time: 0 out of 10000
  Maximum heap size: 0 out of 6000000
  Number of callouts: 0 out of 100
  Number of Email Invocations: 0 out of 10
  Number of future calls: 0 out of 50
  Number of queueable jobs added to the queue: 0 out of 50
  Number of Mobile Apex push calls: 0 out of 10

12:02:51.21 (21562963)|CUMULATIVE_LIMIT_USAGE_END

12:02:51.0 (21604277)|CODE_UNIT_FINISHED|AwesomeProductController.getProducts
