36.0 APEX_CODE,FINEST;APEX_PROFILING,INFO;CALLOUT,INFO;DB,INFO;SYSTEM,DEBUG;VALIDATION,INFO;VISUALFORCE,INFO;WORKFLOW,INFO
12:33:33.0 (456557)|EXECUTION_STARTED
12:33:33.0 (493389)|CODE_UNIT_STARTED|[EXTERNAL]|aura
12:33:33.0 (1036739)|HEAP_ALLOCATE|[72]|Bytes:3
12:33:33.0 (1085723)|HEAP_ALLOCATE|[77]|Bytes:152
12:33:33.0 (1100772)|HEAP_ALLOCATE|[342]|Bytes:408
12:33:33.0 (1117178)|HEAP_ALLOCATE|[355]|Bytes:408
12:33:33.0 (1132886)|HEAP_ALLOCATE|[467]|Bytes:48
12:33:33.0 (1158766)|HEAP_ALLOCATE|[139]|Bytes:6
12:33:33.0 (1185314)|HEAP_ALLOCATE|[EXTERNAL]|Bytes:9
12:33:33.0 (1201057)|HEAP_ALLOCATE|[EXTERNAL]|Bytes:9
12:33:33.0 (2884249)|CODE_UNIT_STARTED|[EXTERNAL]|01p36000006TzBn|AwesomeProductController.getProductByName
12:33:33.0 (3009092)|HEAP_ALLOCATE|[EXTERNAL]|Bytes:3
12:33:33.0 (3027650)|METHOD_ENTRY|[1]|01p36000006TzBn|AwesomeProductController.AwesomeProductController()
12:33:33.0 (3032313)|STATEMENT_EXECUTE|[1]
12:33:33.0 (3037580)|STATEMENT_EXECUTE|[1]
12:33:33.0 (3044194)|METHOD_EXIT|[1]|AwesomeProductController
12:33:33.0 (3054307)|HEAP_ALLOCATE|[EXTERNAL]|Bytes:9
12:33:33.0 (3065030)|SYSTEM_MODE_ENTER|false
12:33:33.0 (3075772)|VARIABLE_SCOPE_BEGIN|[8]|name|String|false|false
12:33:33.0 (3107263)|VARIABLE_ASSIGNMENT|[8]|name|"AproveRej"
12:33:33.0 (3118635)|STATEMENT_EXECUTE|[8]
12:33:33.0 (3120166)|STATEMENT_EXECUTE|[9]
12:33:33.0 (3123589)|HEAP_ALLOCATE|[9]|Bytes:167
12:33:33.0 (3133190)|HEAP_ALLOCATE|[9]|Bytes:4
12:33:33.0 (3141774)|HEAP_ALLOCATE|[9]|Bytes:7
12:33:33.0 (3189535)|HEAP_ALLOCATE|[50]|Bytes:5
12:33:33.0 (3210470)|HEAP_ALLOCATE|[56]|Bytes:5
12:33:33.0 (3218834)|HEAP_ALLOCATE|[64]|Bytes:7
12:33:33.0 (5002064)|SOQL_EXECUTE_BEGIN|[9]|Aggregations:1|SELECT id, name, photo__c, color__c, points__c, description__c, (SELECT name FROM product_sizes__r ORDER BY name ASC NULLS FIRST) FROM product__c WHERE name = :tmpVar1
12:33:33.0 (13077527)|SOQL_EXECUTE_END|[9]|Rows:1
12:33:33.0 (13107544)|HEAP_ALLOCATE|[9]|Bytes:8
12:33:33.0 (13127934)|HEAP_ALLOCATE|[9]|Bytes:299
12:33:33.0 (13200338)|HEAP_ALLOCATE|[9]|Bytes:8
12:33:33.0 (13211534)|HEAP_ALLOCATE|[9]|Bytes:36
12:33:33.0 (13276000)|HEAP_ALLOCATE|[9]|Bytes:32
12:33:33.0 (13288999)|SYSTEM_MODE_EXIT|false
12:33:33.13 (13332258)|CUMULATIVE_LIMIT_USAGE
12:33:33.13 (13332258)|LIMIT_USAGE_FOR_NS|(default)|
  Number of SOQL queries: 1 out of 100
  Number of query rows: 2 out of 50000
  Number of SOSL queries: 0 out of 20
  Number of DML statements: 0 out of 150
  Number of DML rows: 0 out of 10000
  Maximum CPU time: 0 out of 10000
  Maximum heap size: 0 out of 6000000
  Number of callouts: 0 out of 100
  Number of Email Invocations: 0 out of 10
  Number of future calls: 0 out of 50
  Number of queueable jobs added to the queue: 0 out of 50
  Number of Mobile Apex push calls: 0 out of 10

12:33:33.13 (13332258)|CUMULATIVE_LIMIT_USAGE_END

12:33:33.0 (13386581)|CODE_UNIT_FINISHED|AwesomeProductController.getProductByName
