36.0 APEX_CODE,FINEST;APEX_PROFILING,INFO;CALLOUT,INFO;DB,INFO;SYSTEM,DEBUG;VALIDATION,INFO;VISUALFORCE,INFO;WORKFLOW,INFO
04:51:30.0 (498017)|EXECUTION_STARTED
04:51:30.0 (550761)|CODE_UNIT_STARTED|[EXTERNAL]|06636000002n7XB|VF: /apex/DraftsToPersonTable
04:51:30.0 (4023962)|CODE_UNIT_STARTED|[EXTERNAL]|01p360000074pQr|DraftsToPersons <init>
04:51:30.0 (4044295)|SYSTEM_MODE_ENTER|true
04:51:30.0 (4796019)|HEAP_ALLOCATE|[72]|Bytes:3
04:51:30.0 (4867457)|HEAP_ALLOCATE|[77]|Bytes:152
04:51:30.0 (4898271)|HEAP_ALLOCATE|[342]|Bytes:408
04:51:30.0 (4927404)|HEAP_ALLOCATE|[355]|Bytes:408
04:51:30.0 (4955118)|HEAP_ALLOCATE|[467]|Bytes:48
04:51:30.0 (5011350)|HEAP_ALLOCATE|[139]|Bytes:6
04:51:30.0 (5045564)|HEAP_ALLOCATE|[EXTERNAL]|Bytes:10
04:51:30.0 (5052106)|HEAP_ALLOCATE|[EXTERNAL]|Bytes:144
04:51:30.0 (5056784)|HEAP_ALLOCATE|[EXTERNAL]|Bytes:21
04:51:30.0 (5081344)|METHOD_ENTRY|[1]|01p360000074pQr|DraftsToPersons.DraftsToPersons()
04:51:30.0 (5088843)|STATEMENT_EXECUTE|[1]
04:51:30.0 (5099808)|STATEMENT_EXECUTE|[1]
04:51:30.0 (5148472)|HEAP_ALLOCATE|[50]|Bytes:5
04:51:30.0 (5181463)|HEAP_ALLOCATE|[56]|Bytes:5
04:51:30.0 (5193560)|HEAP_ALLOCATE|[64]|Bytes:7
04:51:30.0 (5225254)|SYSTEM_MODE_ENTER|false
04:51:30.0 (5248270)|HEAP_ALLOCATE|[EXTERNAL]|Bytes:5
04:51:30.0 (5254637)|STATEMENT_EXECUTE|[67]
04:51:30.0 (5263543)|SYSTEM_MODE_EXIT|false
04:51:30.0 (5278933)|METHOD_EXIT|[1]|DraftsToPersons
04:51:30.0 (5801684)|HEAP_ALLOCATE|[EXTERNAL]|Bytes:20
04:51:30.0 (5817494)|VARIABLE_SCOPE_BEGIN|[7]|this|DraftsToPersons|true|false
04:51:30.0 (5929038)|VARIABLE_ASSIGNMENT|[7]|this|{}|0x5b0d58c8
04:51:30.0 (5944650)|SYSTEM_MODE_ENTER|false
04:51:30.0 (5951086)|HEAP_ALLOCATE|[EXTERNAL]|Bytes:5
04:51:30.0 (5956157)|STATEMENT_EXECUTE|[1]
04:51:30.0 (5960618)|HEAP_ALLOCATE|[EXTERNAL]|Bytes:5
04:51:30.0 (5963625)|STATEMENT_EXECUTE|[2]
04:51:30.0 (5966137)|STATEMENT_EXECUTE|[3]
04:51:30.0 (5967660)|STATEMENT_EXECUTE|[4]
04:51:30.0 (5969080)|STATEMENT_EXECUTE|[5]
04:51:30.0 (5981333)|HEAP_ALLOCATE|[EXTERNAL]|Bytes:6
04:51:30.0 (6015600)|STATEMENT_EXECUTE|[8]
04:51:30.0 (6024865)|SYSTEM_MODE_EXIT|false
04:51:30.0 (6047181)|CODE_UNIT_FINISHED|DraftsToPersons <init>
04:51:30.0 (6108761)|CODE_UNIT_STARTED|[EXTERNAL]|01p360000074pQr|DraftsToPersons get(Persons)
04:51:30.0 (6120595)|SYSTEM_MODE_ENTER|true
04:51:30.0 (6156902)|CODE_UNIT_STARTED|[EXTERNAL]|01p360000074pQr|DraftsToPersons invoke(getPersons)
04:51:30.0 (6207681)|HEAP_ALLOCATE|[EXTERNAL]|Bytes:20
04:51:30.0 (6219035)|VARIABLE_SCOPE_BEGIN|[22]|this|DraftsToPersons|true|false
04:51:30.0 (6242740)|VARIABLE_ASSIGNMENT|[22]|this|{}|0x5b0d58c8
04:51:30.0 (6262834)|SYSTEM_MODE_ENTER|false
04:51:30.0 (6269926)|HEAP_ALLOCATE|[24]|Bytes:5
04:51:30.0 (6275750)|STATEMENT_EXECUTE|[23]
04:51:30.0 (6353181)|VARIABLE_ASSIGNMENT|[EXTERNAL]|this|{}|0x5b0d58c8
04:51:30.0 (6375558)|STATEMENT_EXECUTE|[25]
04:51:30.0 (6378489)|STATEMENT_EXECUTE|[26]
04:51:30.0 (6383662)|HEAP_ALLOCATE|[26]|Bytes:41
04:51:30.0 (6399919)|HEAP_ALLOCATE|[26]|Bytes:4
04:51:30.0 (6787874)|SOQL_EXECUTE_BEGIN|[26]|Aggregations:0|SELECT id, Name FROM Person__c LIMIT 1000
04:51:30.0 (10314041)|SOQL_EXECUTE_END|[26]|Rows:2
04:51:30.0 (10335497)|HEAP_ALLOCATE|[26]|Bytes:12
04:51:30.0 (10353196)|HEAP_ALLOCATE|[26]|Bytes:97
04:51:30.0 (10386818)|HEAP_ALLOCATE|[26]|Bytes:12
04:51:30.0 (10440375)|VARIABLE_ASSIGNMENT|[EXTERNAL]|this|{}|0x5b0d58c8
04:51:30.0 (10479417)|VARIABLE_ASSIGNMENT|[EXTERNAL]|value|{"s":1,"v":[{"s":2,"v":{"Id":"a0N36000000xneOEAQ","Name":"Andiy Lokotosh"}},{"s":3,"v":{"Id":"a0N36000000xneTEAQ","Name":"Jon Smith"}}]}|0x48b4604c
04:51:30.0 (10503514)|VARIABLE_ASSIGNMENT|[3]|this.pers|{"s":1,"v":[{"s":2,"v":{"Id":"a0N36000000xneOEAQ","Name":"Andiy Lokotosh"}},{"s":3,"v":{"Id":"a0N36000000xneTEAQ","Name":"Jon Smith"}}]}|0x5b0d58c8
04:51:30.0 (10513315)|STATEMENT_EXECUTE|[29]
04:51:30.0 (10552597)|VARIABLE_ASSIGNMENT|[EXTERNAL]|this|{"pers":"0x48b4604c"}|0x5b0d58c8
04:51:30.0 (10568286)|SYSTEM_MODE_EXIT|false
04:51:30.0 (10583701)|CODE_UNIT_FINISHED|DraftsToPersons invoke(getPersons)
04:51:30.0 (10605234)|CODE_UNIT_FINISHED|DraftsToPersons get(Persons)
04:51:30.40 (40991358)|CUMULATIVE_LIMIT_USAGE
04:51:30.40 (40991358)|LIMIT_USAGE_FOR_NS|(default)|
  Number of SOQL queries: 1 out of 100
  Number of query rows: 2 out of 50000
  Number of SOSL queries: 0 out of 20
  Number of DML statements: 0 out of 150
  Number of DML rows: 0 out of 10000
  Maximum CPU time: 0 out of 10000
  Maximum heap size: 0 out of 6000000
  Number of callouts: 0 out of 100
  Number of Email Invocations: 0 out of 10
  Number of future calls: 0 out of 50
  Number of queueable jobs added to the queue: 0 out of 50
  Number of Mobile Apex push calls: 0 out of 10

04:51:30.40 (40991358)|CUMULATIVE_LIMIT_USAGE_END

04:51:30.0 (41066368)|CODE_UNIT_FINISHED|VF: /apex/DraftsToPersonTable
04:51:30.0 (42156939)|EXECUTION_FINISHED
