36.0 APEX_CODE,FINEST;APEX_PROFILING,INFO;CALLOUT,INFO;DB,INFO;SYSTEM,DEBUG;VALIDATION,INFO;VISUALFORCE,INFO;WORKFLOW,INFO
08:51:21.0 (607961)|EXECUTION_STARTED
08:51:21.0 (645399)|CODE_UNIT_STARTED|[EXTERNAL]|01p36000005H3V7|expansesController.getExpenses
08:51:21.0 (922538)|HEAP_ALLOCATE|[72]|Bytes:3
08:51:21.0 (976228)|HEAP_ALLOCATE|[77]|Bytes:152
08:51:21.0 (995483)|HEAP_ALLOCATE|[342]|Bytes:408
08:51:21.0 (1017391)|HEAP_ALLOCATE|[355]|Bytes:408
08:51:21.0 (1040411)|HEAP_ALLOCATE|[467]|Bytes:48
08:51:21.0 (1075939)|HEAP_ALLOCATE|[139]|Bytes:6
08:51:21.0 (1101056)|HEAP_ALLOCATE|[EXTERNAL]|Bytes:4
08:51:21.0 (1119070)|METHOD_ENTRY|[1]|01p36000005H3V7|expansesController.expansesController()
08:51:21.0 (1123802)|STATEMENT_EXECUTE|[1]
08:51:21.0 (1128871)|STATEMENT_EXECUTE|[1]
08:51:21.0 (1162549)|HEAP_ALLOCATE|[50]|Bytes:5
08:51:21.0 (1189069)|HEAP_ALLOCATE|[56]|Bytes:5
08:51:21.0 (1199122)|HEAP_ALLOCATE|[64]|Bytes:7
08:51:21.0 (1225066)|SYSTEM_MODE_ENTER|false
08:51:21.0 (1245567)|HEAP_ALLOCATE|[EXTERNAL]|Bytes:5
08:51:21.0 (1253264)|SYSTEM_MODE_EXIT|false
08:51:21.0 (1264712)|METHOD_EXIT|[1]|expansesController
08:51:21.0 (1275667)|SYSTEM_MODE_ENTER|false
08:51:21.0 (1288100)|HEAP_ALLOCATE|[6]|Bytes:5
08:51:21.0 (1292630)|STATEMENT_EXECUTE|[3]
08:51:21.0 (1294456)|STATEMENT_EXECUTE|[6]
08:51:21.0 (1298490)|HEAP_ALLOCATE|[6]|Bytes:90
08:51:21.0 (1306704)|HEAP_ALLOCATE|[6]|Bytes:4
08:51:21.0 (1727418)|SOQL_EXECUTE_BEGIN|[6]|Aggregations:0|SELECT Id, Name, Amount__c, Client__c, Date__c, Reimbursed__c, CreatedDate FROM Expense__c
08:51:21.0 (6026094)|SOQL_EXECUTE_END|[6]|Rows:7
08:51:21.0 (6051405)|HEAP_ALLOCATE|[6]|Bytes:32
08:51:21.0 (6096294)|HEAP_ALLOCATE|[6]|Bytes:1030
08:51:21.0 (6145532)|HEAP_ALLOCATE|[6]|Bytes:32
08:51:21.0 (6163612)|SYSTEM_MODE_EXIT|false
08:51:21.6 (6214079)|CUMULATIVE_LIMIT_USAGE
08:51:21.6 (6214079)|LIMIT_USAGE_FOR_NS|(default)|
  Number of SOQL queries: 1 out of 100
  Number of query rows: 7 out of 50000
  Number of SOSL queries: 0 out of 20
  Number of DML statements: 0 out of 150
  Number of DML rows: 0 out of 10000
  Maximum CPU time: 0 out of 10000
  Maximum heap size: 0 out of 6000000
  Number of callouts: 0 out of 100
  Number of Email Invocations: 0 out of 10
  Number of future calls: 0 out of 50
  Number of queueable jobs added to the queue: 0 out of 50
  Number of Mobile Apex push calls: 0 out of 10

08:51:21.6 (6214079)|CUMULATIVE_LIMIT_USAGE_END

08:51:21.0 (6268171)|CODE_UNIT_FINISHED|expansesController.getExpenses
08:51:21.0 (8747084)|EXECUTION_FINISHED
