36.0 APEX_CODE,FINEST;APEX_PROFILING,INFO;CALLOUT,INFO;DB,INFO;SYSTEM,DEBUG;VALIDATION,INFO;VISUALFORCE,INFO;WORKFLOW,INFO
08:28:54.12 (12721013)|HEAP_ALLOCATE|[139]|Bytes:6
08:28:54.12 (13589643)|CODE_UNIT_FINISHED|VisualForce View State
08:28:54.12 (15037370)|EXECUTION_FINISHED
08:28:54.16 (16404766)|SYSTEM_MODE_ENTER|true
08:28:54.16 (16493457)|HEAP_ALLOCATE|[EXTERNAL]|Bytes:120
08:28:54.16 (16501588)|HEAP_ALLOCATE|[EXTERNAL]|Bytes:10
08:28:54.16 (16519415)|SYSTEM_METHOD_ENTRY|[1]|pagemessagecomponentcontroller.pagemessagecomponentcontroller()
08:28:54.16 (16525168)|STATEMENT_EXECUTE|[1]
08:28:54.64 (64299175)|CUMULATIVE_LIMIT_USAGE
08:28:54.64 (64299175)|LIMIT_USAGE_FOR_NS|(default)|
  Number of SOQL queries: 0 out of 100
  Number of query rows: 0 out of 50000
  Number of SOSL queries: 0 out of 20
  Number of DML statements: 0 out of 150
  Number of DML rows: 0 out of 10000
  Maximum CPU time: 0 out of 10000
  Maximum heap size: 0 out of 6000000
  Number of callouts: 0 out of 100
  Number of Email Invocations: 0 out of 10
  Number of future calls: 0 out of 50
  Number of queueable jobs added to the queue: 0 out of 50
  Number of Mobile Apex push calls: 0 out of 10

08:28:54.64 (64299175)|CUMULATIVE_LIMIT_USAGE_END

