36.0 APEX_CODE,FINEST;APEX_PROFILING,INFO;CALLOUT,INFO;DB,INFO;SYSTEM,DEBUG;VALIDATION,INFO;VISUALFORCE,INFO;WORKFLOW,INFO
08:32:48.13 (13119149)|HEAP_ALLOCATE|[139]|Bytes:6
08:32:48.13 (13323124)|HEAP_ALLOCATE|[50]|Bytes:5
08:32:48.13 (13354470)|HEAP_ALLOCATE|[56]|Bytes:5
08:32:48.13 (13365173)|HEAP_ALLOCATE|[64]|Bytes:7
08:32:48.13 (14344659)|VARIABLE_SCOPE_BEGIN|[14]|SitePageOverrideExtension.STANDARD_PAGES|List<Schema.SObjectField>|true|true
08:32:48.13 (18972427)|CODE_UNIT_FINISHED|VisualForce View State
08:32:48.13 (20130511)|EXECUTION_FINISHED
08:32:48.22 (22348044)|SYSTEM_MODE_ENTER|true
08:32:48.22 (22407720)|HEAP_ALLOCATE|[EXTERNAL]|Bytes:38
08:32:48.22 (22419992)|HEAP_ALLOCATE|[EXTERNAL]|Bytes:7
08:32:48.22 (22435083)|SYSTEM_METHOD_ENTRY|[1]|PageMessagesComponentController.PageMessagesComponentController()
08:32:48.22 (22441185)|STATEMENT_EXECUTE|[1]
08:32:48.398 (398424408)|CUMULATIVE_LIMIT_USAGE
08:32:48.398 (398424408)|LIMIT_USAGE_FOR_NS|(default)|
  Number of SOQL queries: 0 out of 100
  Number of query rows: 0 out of 50000
  Number of SOSL queries: 0 out of 20
  Number of DML statements: 0 out of 150
  Number of DML rows: 0 out of 10000
  Maximum CPU time: 0 out of 10000
  Maximum heap size: 0 out of 6000000
  Number of callouts: 0 out of 100
  Number of Email Invocations: 0 out of 10
  Number of future calls: 0 out of 50
  Number of queueable jobs added to the queue: 0 out of 50
  Number of Mobile Apex push calls: 0 out of 10

08:32:48.398 (398424408)|CUMULATIVE_LIMIT_USAGE_END

