36.0 APEX_CODE,FINEST;APEX_PROFILING,INFO;CALLOUT,INFO;DB,INFO;SYSTEM,DEBUG;VALIDATION,INFO;VISUALFORCE,INFO;WORKFLOW,INFO
05:28:33.0 (488649)|EXECUTION_STARTED
05:28:33.0 (531716)|CODE_UNIT_STARTED|[EXTERNAL]|06636000002n7XB|VF: /apex/DraftsToPersonTable
05:28:33.0 (3757789)|CODE_UNIT_STARTED|[EXTERNAL]|01p360000074pQr|DraftsToPersons <init>
05:28:33.0 (3775067)|SYSTEM_MODE_ENTER|true
05:28:33.0 (4327725)|HEAP_ALLOCATE|[72]|Bytes:3
05:28:33.0 (4391295)|HEAP_ALLOCATE|[77]|Bytes:152
05:28:33.0 (4412953)|HEAP_ALLOCATE|[342]|Bytes:408
05:28:33.0 (4434368)|HEAP_ALLOCATE|[355]|Bytes:408
05:28:33.0 (4454820)|HEAP_ALLOCATE|[467]|Bytes:48
05:28:33.0 (4499958)|HEAP_ALLOCATE|[139]|Bytes:6
05:28:33.0 (4529799)|HEAP_ALLOCATE|[EXTERNAL]|Bytes:10
05:28:33.0 (4534929)|HEAP_ALLOCATE|[EXTERNAL]|Bytes:144
05:28:33.0 (4537609)|HEAP_ALLOCATE|[EXTERNAL]|Bytes:21
05:28:33.0 (4554414)|METHOD_ENTRY|[1]|01p360000074pQr|DraftsToPersons.DraftsToPersons()
05:28:33.0 (4559865)|STATEMENT_EXECUTE|[1]
05:28:33.0 (4568354)|STATEMENT_EXECUTE|[1]
05:28:33.0 (4606821)|HEAP_ALLOCATE|[50]|Bytes:5
05:28:33.0 (4634167)|HEAP_ALLOCATE|[56]|Bytes:5
05:28:33.0 (4644268)|HEAP_ALLOCATE|[64]|Bytes:7
05:28:33.0 (4673324)|SYSTEM_MODE_ENTER|false
05:28:33.0 (4692368)|HEAP_ALLOCATE|[EXTERNAL]|Bytes:5
05:28:33.0 (4697147)|STATEMENT_EXECUTE|[68]
05:28:33.0 (4703802)|SYSTEM_MODE_EXIT|false
05:28:33.0 (4718412)|METHOD_EXIT|[1]|DraftsToPersons
05:28:33.0 (5105915)|HEAP_ALLOCATE|[EXTERNAL]|Bytes:20
05:28:33.0 (5123436)|VARIABLE_SCOPE_BEGIN|[7]|this|DraftsToPersons|true|false
05:28:33.0 (5201137)|VARIABLE_ASSIGNMENT|[7]|this|{}|0x34dbad01
05:28:33.0 (5215284)|SYSTEM_MODE_ENTER|false
05:28:33.0 (5220924)|HEAP_ALLOCATE|[EXTERNAL]|Bytes:5
05:28:33.0 (5224766)|STATEMENT_EXECUTE|[1]
05:28:33.0 (5228352)|HEAP_ALLOCATE|[EXTERNAL]|Bytes:5
05:28:33.0 (5230284)|STATEMENT_EXECUTE|[2]
05:28:33.0 (5232040)|STATEMENT_EXECUTE|[3]
05:28:33.0 (5233152)|STATEMENT_EXECUTE|[4]
05:28:33.0 (5234194)|STATEMENT_EXECUTE|[5]
05:28:33.0 (5244524)|HEAP_ALLOCATE|[EXTERNAL]|Bytes:6
05:28:33.0 (5271396)|STATEMENT_EXECUTE|[8]
05:28:33.0 (5277311)|SYSTEM_MODE_EXIT|false
05:28:33.0 (5294342)|CODE_UNIT_FINISHED|DraftsToPersons <init>
05:28:33.0 (5343865)|CODE_UNIT_STARTED|[EXTERNAL]|01p360000074pQr|DraftsToPersons get(Persons)
05:28:33.0 (5352943)|SYSTEM_MODE_ENTER|true
05:28:33.0 (5377352)|CODE_UNIT_STARTED|[EXTERNAL]|01p360000074pQr|DraftsToPersons invoke(getPersons)
05:28:33.0 (5416444)|HEAP_ALLOCATE|[EXTERNAL]|Bytes:20
05:28:33.0 (5428429)|VARIABLE_SCOPE_BEGIN|[23]|this|DraftsToPersons|true|false
05:28:33.0 (5447124)|VARIABLE_ASSIGNMENT|[23]|this|{}|0x34dbad01
05:28:33.0 (5462769)|SYSTEM_MODE_ENTER|false
05:28:33.0 (5467666)|HEAP_ALLOCATE|[25]|Bytes:5
05:28:33.0 (5471453)|STATEMENT_EXECUTE|[24]
05:28:33.0 (5523894)|VARIABLE_ASSIGNMENT|[EXTERNAL]|this|{}|0x34dbad01
05:28:33.0 (5538314)|STATEMENT_EXECUTE|[26]
05:28:33.0 (5540037)|STATEMENT_EXECUTE|[27]
05:28:33.0 (5543676)|HEAP_ALLOCATE|[27]|Bytes:41
05:28:33.0 (5558364)|HEAP_ALLOCATE|[27]|Bytes:4
05:28:33.0 (5836018)|SOQL_EXECUTE_BEGIN|[27]|Aggregations:0|SELECT id, Name FROM Person__c LIMIT 1000
05:28:33.0 (8931328)|SOQL_EXECUTE_END|[27]|Rows:2
05:28:33.0 (8954995)|HEAP_ALLOCATE|[27]|Bytes:12
05:28:33.0 (8976814)|HEAP_ALLOCATE|[27]|Bytes:97
05:28:33.0 (9016072)|HEAP_ALLOCATE|[27]|Bytes:12
05:28:33.0 (9062595)|VARIABLE_ASSIGNMENT|[EXTERNAL]|this|{}|0x34dbad01
05:28:33.0 (9101957)|VARIABLE_ASSIGNMENT|[EXTERNAL]|value|{"s":1,"v":[{"s":2,"v":{"Id":"a0N36000000xneOEAQ","Name":"Andiy Lokotosh"}},{"s":3,"v":{"Id":"a0N36000000xneTEAQ","Name":"Jon Smith"}}]}|0x812479
05:28:33.0 (9126338)|VARIABLE_ASSIGNMENT|[3]|this.pers|{"s":1,"v":[{"s":2,"v":{"Id":"a0N36000000xneOEAQ","Name":"Andiy Lokotosh"}},{"s":3,"v":{"Id":"a0N36000000xneTEAQ","Name":"Jon Smith"}}]}|0x34dbad01
05:28:33.0 (9137364)|STATEMENT_EXECUTE|[30]
05:28:33.0 (9173951)|VARIABLE_ASSIGNMENT|[EXTERNAL]|this|{"pers":"0x812479"}|0x34dbad01
05:28:33.0 (9188423)|SYSTEM_MODE_EXIT|false
05:28:33.0 (9199846)|CODE_UNIT_FINISHED|DraftsToPersons invoke(getPersons)
05:28:33.0 (9217043)|CODE_UNIT_FINISHED|DraftsToPersons get(Persons)
05:28:33.0 (9464117)|CODE_UNIT_STARTED|[EXTERNAL]|01p360000074pQr|DraftsToPersons get(Drafts)
05:28:33.0 (9473865)|SYSTEM_MODE_ENTER|true
05:28:33.0 (9491764)|CODE_UNIT_STARTED|[EXTERNAL]|01p360000074pQr|DraftsToPersons invoke(getDrafts)
05:28:33.0 (9526396)|HEAP_ALLOCATE|[EXTERNAL]|Bytes:20
05:28:33.0 (9538379)|VARIABLE_SCOPE_BEGIN|[12]|this|DraftsToPersons|true|false
05:28:33.0 (9559336)|VARIABLE_ASSIGNMENT|[12]|this|{"pers":"0x812479"}|0x34dbad01
05:28:33.0 (9571229)|SYSTEM_MODE_ENTER|false
05:28:33.0 (9576360)|HEAP_ALLOCATE|[14]|Bytes:5
05:28:33.0 (9580159)|STATEMENT_EXECUTE|[13]
05:28:33.0 (9626080)|VARIABLE_ASSIGNMENT|[EXTERNAL]|this|{"pers":"0x812479"}|0x34dbad01
05:28:33.0 (9637808)|STATEMENT_EXECUTE|[15]
05:28:33.0 (9639462)|STATEMENT_EXECUTE|[16]
05:28:33.0 (9643050)|HEAP_ALLOCATE|[16]|Bytes:70
05:28:33.0 (9650659)|HEAP_ALLOCATE|[16]|Bytes:4
05:28:33.0 (9879999)|SOQL_EXECUTE_BEGIN|[16]|Aggregations:0|SELECT id, Name FROM Draft__c ORDER BY Name ASC NULLS FIRST LIMIT 1000
05:28:33.0 (12181815)|SOQL_EXECUTE_END|[16]|Rows:2
05:28:33.0 (12200299)|HEAP_ALLOCATE|[16]|Bytes:12
05:28:33.0 (12215405)|HEAP_ALLOCATE|[16]|Bytes:95
05:28:33.0 (12239622)|HEAP_ALLOCATE|[16]|Bytes:12
05:28:33.0 (12287739)|VARIABLE_ASSIGNMENT|[EXTERNAL]|this|{"pers":"0x812479"}|0x34dbad01
05:28:33.0 (12311684)|VARIABLE_ASSIGNMENT|[EXTERNAL]|value|{"s":1,"v":[{"s":2,"v":{"Id":"a0R3600000032Q3EAI","Name":"Ebay"}},{"s":3,"v":{"Id":"a0R3600000032PyEAI","Name":"Electronic System"}}]}|0x55f3bd5
05:28:33.0 (12332676)|VARIABLE_ASSIGNMENT|[2]|this.draft|{"s":1,"v":[{"s":2,"v":{"Id":"a0R3600000032Q3EAI","Name":"Ebay"}},{"s":3,"v":{"Id":"a0R3600000032PyEAI","Name":"Electronic System"}}]}|0x34dbad01
05:28:33.0 (12342617)|STATEMENT_EXECUTE|[21]
05:28:33.0 (12379784)|VARIABLE_ASSIGNMENT|[EXTERNAL]|this|{"draft":"0x55f3bd5","pers":"0x812479"}|0x34dbad01
05:28:33.0 (12394757)|SYSTEM_MODE_EXIT|false
05:28:33.0 (12405413)|CODE_UNIT_FINISHED|DraftsToPersons invoke(getDrafts)
05:28:33.0 (12422245)|CODE_UNIT_FINISHED|DraftsToPersons get(Drafts)
05:28:33.42 (42297458)|CUMULATIVE_LIMIT_USAGE
05:28:33.42 (42297458)|LIMIT_USAGE_FOR_NS|(default)|
  Number of SOQL queries: 2 out of 100
  Number of query rows: 4 out of 50000
  Number of SOSL queries: 0 out of 20
  Number of DML statements: 0 out of 150
  Number of DML rows: 0 out of 10000
  Maximum CPU time: 0 out of 10000
  Maximum heap size: 0 out of 6000000
  Number of callouts: 0 out of 100
  Number of Email Invocations: 0 out of 10
  Number of future calls: 0 out of 50
  Number of queueable jobs added to the queue: 0 out of 50
  Number of Mobile Apex push calls: 0 out of 10

05:28:33.42 (42297458)|CUMULATIVE_LIMIT_USAGE_END

05:28:33.0 (42354652)|CODE_UNIT_FINISHED|VF: /apex/DraftsToPersonTable
05:28:33.0 (43589103)|EXECUTION_FINISHED
