36.0 APEX_CODE,FINEST;APEX_PROFILING,INFO;CALLOUT,INFO;DB,INFO;SYSTEM,DEBUG;VALIDATION,INFO;VISUALFORCE,INFO;WORKFLOW,INFO
07:44:59.0 (509813)|EXECUTION_STARTED
07:44:59.0 (549801)|CODE_UNIT_STARTED|[EXTERNAL]|06636000001VcbV|VF: /apex/AprooveWraper
07:44:59.0 (1425230)|VF_DESERIALIZE_VIEWSTATE_BEGIN|06636000001VcbV
07:44:59.0 (18132631)|HEAP_ALLOCATE|[72]|Bytes:3
07:44:59.0 (18186258)|HEAP_ALLOCATE|[77]|Bytes:152
07:44:59.0 (18202788)|HEAP_ALLOCATE|[342]|Bytes:408
07:44:59.0 (18220752)|HEAP_ALLOCATE|[355]|Bytes:408
07:44:59.0 (18238117)|HEAP_ALLOCATE|[467]|Bytes:48
07:44:59.0 (18268899)|HEAP_ALLOCATE|[139]|Bytes:6
07:44:59.0 (18300508)|HEAP_ALLOCATE|[50]|Bytes:5
07:44:59.0 (18325375)|HEAP_ALLOCATE|[56]|Bytes:5
07:44:59.0 (18334580)|HEAP_ALLOCATE|[64]|Bytes:7
07:44:59.0 (21614354)|VF_DESERIALIZE_VIEWSTATE_END
07:44:59.0 (24908763)|CODE_UNIT_STARTED|[EXTERNAL]|01p360000072SS3|WrapperEmployeeSkills get(EmployeeSkills)
07:44:59.0 (24934616)|SYSTEM_MODE_ENTER|true
07:44:59.0 (25379692)|CODE_UNIT_STARTED|[EXTERNAL]|01p360000072SS3|WrapperEmployeeSkills invoke(getEmployeeSkills)
07:44:59.0 (25439453)|HEAP_ALLOCATE|[EXTERNAL]|Bytes:9
07:44:59.0 (25450056)|HEAP_ALLOCATE|[EXTERNAL]|Bytes:88
07:44:59.0 (25455422)|HEAP_ALLOCATE|[EXTERNAL]|Bytes:6
07:44:59.0 (25460239)|HEAP_ALLOCATE|[EXTERNAL]|Bytes:2
07:44:59.0 (25482440)|METHOD_ENTRY|[1]|01p360000072SS3|WrapperEmployeeSkills.WrapperEmployeeSkills()
07:44:59.0 (25489193)|STATEMENT_EXECUTE|[1]
07:44:59.0 (25515133)|STATEMENT_EXECUTE|[1]
07:44:59.0 (25535826)|SYSTEM_MODE_ENTER|false
07:44:59.0 (25560339)|HEAP_ALLOCATE|[EXTERNAL]|Bytes:5
07:44:59.0 (25568465)|STATEMENT_EXECUTE|[61]
07:44:59.0 (25578324)|SYSTEM_MODE_EXIT|false
07:44:59.0 (25594591)|METHOD_EXIT|[1]|WrapperEmployeeSkills
07:44:59.0 (25607860)|HEAP_ALLOCATE|[EXTERNAL]|Bytes:8
07:44:59.0 (25622069)|VARIABLE_SCOPE_BEGIN|[7]|this|WrapperEmployeeSkills|true|false
07:44:59.0 (25716045)|VARIABLE_ASSIGNMENT|[7]|this|{"skillsList":"0x5e9bfd51"}|0x7ef7141e
07:44:59.0 (25743181)|SYSTEM_MODE_ENTER|false
07:44:59.0 (25751487)|HEAP_ALLOCATE|[8]|Bytes:5
07:44:59.0 (25757623)|STATEMENT_EXECUTE|[7]
07:44:59.0 (25830264)|VARIABLE_ASSIGNMENT|[EXTERNAL]|this|{"skillsList":"0x5e9bfd51"}|0x7ef7141e
07:44:59.0 (25851679)|STATEMENT_EXECUTE|[8]
07:44:59.0 (25855242)|STATEMENT_EXECUTE|[17]
07:44:59.0 (25900755)|VARIABLE_ASSIGNMENT|[EXTERNAL]|this|{"skillsList":"0x5e9bfd51"}|0x7ef7141e
07:44:59.0 (25916168)|SYSTEM_MODE_EXIT|false
07:44:59.0 (25931162)|CODE_UNIT_FINISHED|WrapperEmployeeSkills invoke(getEmployeeSkills)
07:44:59.0 (25962604)|CODE_UNIT_FINISHED|WrapperEmployeeSkills get(EmployeeSkills)
07:44:59.0 (27000462)|CODE_UNIT_STARTED|[EXTERNAL]|01p360000072SS3|selected
07:44:59.0 (27013458)|HEAP_ALLOCATE|[EXTERNAL]|Bytes:112
07:44:59.0 (27019873)|HEAP_ALLOCATE|[EXTERNAL]|Bytes:8
07:44:59.0 (27028384)|CODE_UNIT_FINISHED|selected
07:44:59.0 (27103719)|CODE_UNIT_STARTED|[EXTERNAL]|01p360000072SS3|selected
07:44:59.0 (27114708)|CODE_UNIT_FINISHED|selected
07:44:59.0 (27182838)|CODE_UNIT_STARTED|[EXTERNAL]|01p360000072SS3|selected
07:44:59.0 (27193150)|CODE_UNIT_FINISHED|selected
07:44:59.0 (27259495)|CODE_UNIT_STARTED|[EXTERNAL]|01p360000072SS3|selected
07:44:59.0 (27269227)|CODE_UNIT_FINISHED|selected
07:44:59.0 (27334556)|CODE_UNIT_STARTED|[EXTERNAL]|01p360000072SS3|selected
07:44:59.0 (27344234)|CODE_UNIT_FINISHED|selected
07:44:59.0 (27409644)|CODE_UNIT_STARTED|[EXTERNAL]|01p360000072SS3|selected
07:44:59.0 (27419534)|CODE_UNIT_FINISHED|selected
07:44:59.0 (27484529)|CODE_UNIT_STARTED|[EXTERNAL]|01p360000072SS3|selected
07:44:59.0 (27494127)|CODE_UNIT_FINISHED|selected
07:44:59.0 (27558941)|CODE_UNIT_STARTED|[EXTERNAL]|01p360000072SS3|selected
07:44:59.0 (27568611)|CODE_UNIT_FINISHED|selected
07:44:59.0 (27632870)|CODE_UNIT_STARTED|[EXTERNAL]|01p360000072SS3|selected
07:44:59.0 (27642485)|CODE_UNIT_FINISHED|selected
07:44:59.0 (27706913)|CODE_UNIT_STARTED|[EXTERNAL]|01p360000072SS3|selected
07:44:59.0 (27716863)|CODE_UNIT_FINISHED|selected
07:44:59.0 (27785992)|CODE_UNIT_STARTED|[EXTERNAL]|01p360000072SS3|selected
07:44:59.0 (27795716)|CODE_UNIT_FINISHED|selected
07:44:59.0 (28171844)|CODE_UNIT_STARTED|[EXTERNAL]|wEmployee set(selected,false)
07:44:59.0 (28206823)|HEAP_ALLOCATE|[EXTERNAL]|Bytes:5
07:44:59.0 (28215384)|HEAP_ALLOCATE|[EXTERNAL]|Bytes:12
07:44:59.0 (28227166)|VARIABLE_ASSIGNMENT|[EXTERNAL]|this.selected|false|0x1176c5e5
07:44:59.0 (28235106)|CODE_UNIT_FINISHED|wEmployee set(selected,false)
07:44:59.0 (28306623)|CODE_UNIT_STARTED|[EXTERNAL]|wEmployee set(selected,false)
07:44:59.0 (28326836)|HEAP_ALLOCATE|[EXTERNAL]|Bytes:5
07:44:59.0 (28330436)|HEAP_ALLOCATE|[EXTERNAL]|Bytes:12
07:44:59.0 (28338438)|VARIABLE_ASSIGNMENT|[EXTERNAL]|this.selected|false|0x5b5b2d6c
07:44:59.0 (28344906)|CODE_UNIT_FINISHED|wEmployee set(selected,false)
07:44:59.0 (28413467)|CODE_UNIT_STARTED|[EXTERNAL]|wEmployee set(selected,false)
07:44:59.0 (28432779)|HEAP_ALLOCATE|[EXTERNAL]|Bytes:5
07:44:59.0 (28436299)|HEAP_ALLOCATE|[EXTERNAL]|Bytes:12
07:44:59.0 (28443913)|VARIABLE_ASSIGNMENT|[EXTERNAL]|this.selected|false|0x5aab3223
07:44:59.0 (28449972)|CODE_UNIT_FINISHED|wEmployee set(selected,false)
07:44:59.0 (28517393)|CODE_UNIT_STARTED|[EXTERNAL]|wEmployee set(selected,false)
07:44:59.0 (28536358)|HEAP_ALLOCATE|[EXTERNAL]|Bytes:5
07:44:59.0 (28539713)|HEAP_ALLOCATE|[EXTERNAL]|Bytes:12
07:44:59.0 (28547260)|VARIABLE_ASSIGNMENT|[EXTERNAL]|this.selected|false|0x7f966ecb
07:44:59.0 (28553057)|CODE_UNIT_FINISHED|wEmployee set(selected,false)
07:44:59.0 (28621664)|CODE_UNIT_STARTED|[EXTERNAL]|wEmployee set(selected,false)
07:44:59.0 (28640433)|HEAP_ALLOCATE|[EXTERNAL]|Bytes:5
07:44:59.0 (28643771)|HEAP_ALLOCATE|[EXTERNAL]|Bytes:12
07:44:59.0 (28651287)|VARIABLE_ASSIGNMENT|[EXTERNAL]|this.selected|false|0x5868c531
07:44:59.0 (28657007)|CODE_UNIT_FINISHED|wEmployee set(selected,false)
07:44:59.0 (28724647)|CODE_UNIT_STARTED|[EXTERNAL]|wEmployee set(selected,false)
07:44:59.0 (28746066)|HEAP_ALLOCATE|[EXTERNAL]|Bytes:5
07:44:59.0 (28749621)|HEAP_ALLOCATE|[EXTERNAL]|Bytes:12
07:44:59.0 (28757364)|VARIABLE_ASSIGNMENT|[EXTERNAL]|this.selected|false|0x5a5ab31d
07:44:59.0 (28763974)|CODE_UNIT_FINISHED|wEmployee set(selected,false)
07:44:59.0 (28832427)|CODE_UNIT_STARTED|[EXTERNAL]|wEmployee set(selected,false)
07:44:59.0 (28851319)|HEAP_ALLOCATE|[EXTERNAL]|Bytes:5
07:44:59.0 (28854591)|HEAP_ALLOCATE|[EXTERNAL]|Bytes:12
07:44:59.0 (28862045)|VARIABLE_ASSIGNMENT|[EXTERNAL]|this.selected|false|0x5963a85f
07:44:59.0 (28867749)|CODE_UNIT_FINISHED|wEmployee set(selected,false)
07:44:59.0 (28934554)|CODE_UNIT_STARTED|[EXTERNAL]|wEmployee set(selected,false)
07:44:59.0 (28957642)|HEAP_ALLOCATE|[EXTERNAL]|Bytes:5
07:44:59.0 (28961107)|HEAP_ALLOCATE|[EXTERNAL]|Bytes:12
07:44:59.0 (28968508)|VARIABLE_ASSIGNMENT|[EXTERNAL]|this.selected|false|0x15cf758e
07:44:59.0 (28974224)|CODE_UNIT_FINISHED|wEmployee set(selected,false)
07:44:59.0 (29041558)|CODE_UNIT_STARTED|[EXTERNAL]|wEmployee set(selected,false)
07:44:59.0 (29061328)|HEAP_ALLOCATE|[EXTERNAL]|Bytes:5
07:44:59.0 (29064632)|HEAP_ALLOCATE|[EXTERNAL]|Bytes:12
07:44:59.0 (29072254)|VARIABLE_ASSIGNMENT|[EXTERNAL]|this.selected|false|0xb907b4b
07:44:59.0 (29078192)|CODE_UNIT_FINISHED|wEmployee set(selected,false)
07:44:59.0 (29175993)|CODE_UNIT_STARTED|[EXTERNAL]|wEmployee set(selected,false)
07:44:59.0 (29200124)|HEAP_ALLOCATE|[EXTERNAL]|Bytes:5
07:44:59.0 (29203818)|HEAP_ALLOCATE|[EXTERNAL]|Bytes:12
07:44:59.0 (29211696)|VARIABLE_ASSIGNMENT|[EXTERNAL]|this.selected|false|0x4dde37f
07:44:59.0 (29218109)|CODE_UNIT_FINISHED|wEmployee set(selected,false)
07:44:59.0 (29287350)|CODE_UNIT_STARTED|[EXTERNAL]|wEmployee set(selected,true)
07:44:59.0 (29306459)|HEAP_ALLOCATE|[EXTERNAL]|Bytes:5
07:44:59.0 (29309830)|HEAP_ALLOCATE|[EXTERNAL]|Bytes:12
07:44:59.0 (29317375)|VARIABLE_ASSIGNMENT|[EXTERNAL]|this.selected|true|0x40b882eb
07:44:59.0 (29323114)|CODE_UNIT_FINISHED|wEmployee set(selected,true)
07:44:59.0 (29501253)|CODE_UNIT_STARTED|[EXTERNAL]|01p360000072SS3|WrapperEmployeeSkills invoke(processSelected)
07:44:59.0 (29527888)|HEAP_ALLOCATE|[EXTERNAL]|Bytes:8
07:44:59.0 (29537133)|VARIABLE_SCOPE_BEGIN|[21]|this|WrapperEmployeeSkills|true|false
07:44:59.0 (29557471)|VARIABLE_ASSIGNMENT|[21]|this|{"skillsList":"0x5e9bfd51"}|0x7ef7141e
07:44:59.0 (29571560)|SYSTEM_MODE_ENTER|false
07:44:59.0 (29577093)|HEAP_ALLOCATE|[23]|Bytes:5
07:44:59.0 (29581114)|STATEMENT_EXECUTE|[22]
07:44:59.0 (29582774)|STATEMENT_EXECUTE|[23]
07:44:59.0 (29583894)|STATEMENT_EXECUTE|[24]
07:44:59.0 (29584959)|STATEMENT_EXECUTE|[27]
07:44:59.0 (29613428)|HEAP_ALLOCATE|[27]|Bytes:4
07:44:59.0 (29703669)|VARIABLE_SCOPE_BEGIN|[27]|selectedSkills|List<Employee_Skills__c>|true|false
07:44:59.0 (29711845)|HEAP_ALLOCATE|[EXTERNAL]|Bytes:4
07:44:59.0 (29727115)|VARIABLE_ASSIGNMENT|[27]|selectedSkills|{"s":1,"v":[]}|0x4dda5963
07:44:59.0 (29747047)|METHOD_ENTRY|[30]|01p360000072SS3|WrapperEmployeeSkills.getEmployeeSkills()
07:44:59.0 (29762725)|VARIABLE_SCOPE_BEGIN|[7]|this|WrapperEmployeeSkills|true|false
07:44:59.0 (29781803)|VARIABLE_ASSIGNMENT|[7]|this|{"skillsList":"0x5e9bfd51"}|0x7ef7141e
07:44:59.0 (29791167)|HEAP_ALLOCATE|[8]|Bytes:5
07:44:59.0 (29794977)|STATEMENT_EXECUTE|[7]
07:44:59.0 (29815463)|VARIABLE_ASSIGNMENT|[EXTERNAL]|this|{"skillsList":"0x5e9bfd51"}|0x7ef7141e
07:44:59.0 (29823991)|STATEMENT_EXECUTE|[8]
07:44:59.0 (29825795)|STATEMENT_EXECUTE|[17]
07:44:59.0 (29840331)|VARIABLE_ASSIGNMENT|[EXTERNAL]|this|{"skillsList":"0x5e9bfd51"}|0x7ef7141e
07:44:59.0 (29850999)|METHOD_EXIT|[30]|01p360000072SS3|WrapperEmployeeSkills.getEmployeeSkills()
07:44:59.0 (30063765)|HEAP_ALLOCATE|[30]|Bytes:5
07:44:59.0 (30082082)|HEAP_ALLOCATE|[30]|Bytes:12
07:44:59.0 (30091943)|VARIABLE_SCOPE_BEGIN|[30]|wEmp|WrapperEmployeeSkills.wEmployee|true|false
07:44:59.0 (30125331)|VARIABLE_ASSIGNMENT|[30]|wEmp|{"selected":false,"skill":"0x52cd8ef1"}|0x1176c5e5
07:44:59.0 (30130008)|STATEMENT_EXECUTE|[30]
07:44:59.0 (30172099)|VARIABLE_ASSIGNMENT|[EXTERNAL]|this|{"selected":false,"skill":"0x52cd8ef1"}|0x1176c5e5
07:44:59.0 (30184538)|STATEMENT_EXECUTE|[31]
07:44:59.0 (30195937)|HEAP_ALLOCATE|[30]|Bytes:5
07:44:59.0 (30205485)|HEAP_ALLOCATE|[30]|Bytes:12
07:44:59.0 (30211397)|VARIABLE_SCOPE_BEGIN|[30]|wEmp|WrapperEmployeeSkills.wEmployee|true|false
07:44:59.0 (30229350)|VARIABLE_ASSIGNMENT|[30]|wEmp|{"selected":false,"skill":"0xdddfea6"}|0x5b5b2d6c
07:44:59.0 (30233295)|STATEMENT_EXECUTE|[30]
07:44:59.0 (30251888)|VARIABLE_ASSIGNMENT|[EXTERNAL]|this|{"selected":false,"skill":"0xdddfea6"}|0x5b5b2d6c
07:44:59.0 (30260351)|STATEMENT_EXECUTE|[31]
07:44:59.0 (30270153)|HEAP_ALLOCATE|[30]|Bytes:5
07:44:59.0 (30278928)|HEAP_ALLOCATE|[30]|Bytes:12
07:44:59.0 (30284380)|VARIABLE_SCOPE_BEGIN|[30]|wEmp|WrapperEmployeeSkills.wEmployee|true|false
07:44:59.0 (30300678)|VARIABLE_ASSIGNMENT|[30]|wEmp|{"selected":false,"skill":"0x7475a077"}|0x5aab3223
07:44:59.0 (30303960)|STATEMENT_EXECUTE|[30]
07:44:59.0 (30321667)|VARIABLE_ASSIGNMENT|[EXTERNAL]|this|{"selected":false,"skill":"0x7475a077"}|0x5aab3223
07:44:59.0 (30329673)|STATEMENT_EXECUTE|[31]
07:44:59.0 (30339305)|HEAP_ALLOCATE|[30]|Bytes:5
07:44:59.0 (30347896)|HEAP_ALLOCATE|[30]|Bytes:12
07:44:59.0 (30352933)|VARIABLE_SCOPE_BEGIN|[30]|wEmp|WrapperEmployeeSkills.wEmployee|true|false
07:44:59.0 (30368739)|VARIABLE_ASSIGNMENT|[30]|wEmp|{"selected":false,"skill":"0x4a71020e"}|0x7f966ecb
07:44:59.0 (30372259)|STATEMENT_EXECUTE|[30]
07:44:59.0 (30390625)|VARIABLE_ASSIGNMENT|[EXTERNAL]|this|{"selected":false,"skill":"0x4a71020e"}|0x7f966ecb
07:44:59.0 (30398736)|STATEMENT_EXECUTE|[31]
07:44:59.0 (30407911)|HEAP_ALLOCATE|[30]|Bytes:5
07:44:59.0 (30416335)|HEAP_ALLOCATE|[30]|Bytes:12
07:44:59.0 (30421576)|VARIABLE_SCOPE_BEGIN|[30]|wEmp|WrapperEmployeeSkills.wEmployee|true|false
07:44:59.0 (30437220)|VARIABLE_ASSIGNMENT|[30]|wEmp|{"selected":false,"skill":"0x1945f85e"}|0x5868c531
07:44:59.0 (30440436)|STATEMENT_EXECUTE|[30]
07:44:59.0 (30457931)|VARIABLE_ASSIGNMENT|[EXTERNAL]|this|{"selected":false,"skill":"0x1945f85e"}|0x5868c531
07:44:59.0 (30465623)|STATEMENT_EXECUTE|[31]
07:44:59.0 (30475117)|HEAP_ALLOCATE|[30]|Bytes:5
07:44:59.0 (30483557)|HEAP_ALLOCATE|[30]|Bytes:12
07:44:59.0 (30488661)|VARIABLE_SCOPE_BEGIN|[30]|wEmp|WrapperEmployeeSkills.wEmployee|true|false
07:44:59.0 (30504500)|VARIABLE_ASSIGNMENT|[30]|wEmp|{"selected":false,"skill":"0x7b0f1d1e"}|0x5a5ab31d
07:44:59.0 (30508067)|STATEMENT_EXECUTE|[30]
07:44:59.0 (30525921)|VARIABLE_ASSIGNMENT|[EXTERNAL]|this|{"selected":false,"skill":"0x7b0f1d1e"}|0x5a5ab31d
07:44:59.0 (30533804)|STATEMENT_EXECUTE|[31]
07:44:59.0 (30543194)|HEAP_ALLOCATE|[30]|Bytes:5
07:44:59.0 (30551664)|HEAP_ALLOCATE|[30]|Bytes:12
07:44:59.0 (30556722)|VARIABLE_SCOPE_BEGIN|[30]|wEmp|WrapperEmployeeSkills.wEmployee|true|false
07:44:59.0 (30572765)|VARIABLE_ASSIGNMENT|[30]|wEmp|{"selected":false,"skill":"0x22207c10"}|0x5963a85f
07:44:59.0 (30576007)|STATEMENT_EXECUTE|[30]
07:44:59.0 (30593620)|VARIABLE_ASSIGNMENT|[EXTERNAL]|this|{"selected":false,"skill":"0x22207c10"}|0x5963a85f
07:44:59.0 (30601301)|STATEMENT_EXECUTE|[31]
07:44:59.0 (30610590)|HEAP_ALLOCATE|[30]|Bytes:5
07:44:59.0 (30618885)|HEAP_ALLOCATE|[30]|Bytes:12
07:44:59.0 (30623929)|VARIABLE_SCOPE_BEGIN|[30]|wEmp|WrapperEmployeeSkills.wEmployee|true|false
07:44:59.0 (30639785)|VARIABLE_ASSIGNMENT|[30]|wEmp|{"selected":false,"skill":"0x60836b28"}|0x15cf758e
07:44:59.0 (30642962)|STATEMENT_EXECUTE|[30]
07:44:59.0 (30661082)|VARIABLE_ASSIGNMENT|[EXTERNAL]|this|{"selected":false,"skill":"0x60836b28"}|0x15cf758e
07:44:59.0 (30668786)|STATEMENT_EXECUTE|[31]
07:44:59.0 (30678193)|HEAP_ALLOCATE|[30]|Bytes:5
07:44:59.0 (30686606)|HEAP_ALLOCATE|[30]|Bytes:12
07:44:59.0 (30691751)|VARIABLE_SCOPE_BEGIN|[30]|wEmp|WrapperEmployeeSkills.wEmployee|true|false
07:44:59.0 (30707526)|VARIABLE_ASSIGNMENT|[30]|wEmp|{"selected":false,"skill":"0x5632f86e"}|0xb907b4b
07:44:59.0 (30710849)|STATEMENT_EXECUTE|[30]
07:44:59.0 (30728686)|VARIABLE_ASSIGNMENT|[EXTERNAL]|this|{"selected":false,"skill":"0x5632f86e"}|0xb907b4b
07:44:59.0 (30738466)|STATEMENT_EXECUTE|[31]
07:44:59.0 (30750713)|HEAP_ALLOCATE|[30]|Bytes:5
07:44:59.0 (30760069)|HEAP_ALLOCATE|[30]|Bytes:12
07:44:59.0 (30765455)|VARIABLE_SCOPE_BEGIN|[30]|wEmp|WrapperEmployeeSkills.wEmployee|true|false
07:44:59.0 (30782910)|VARIABLE_ASSIGNMENT|[30]|wEmp|{"selected":false,"skill":"0x55d6e85b"}|0x4dde37f
07:44:59.0 (30786243)|STATEMENT_EXECUTE|[30]
07:44:59.0 (30809096)|VARIABLE_ASSIGNMENT|[EXTERNAL]|this|{"selected":false,"skill":"0x55d6e85b"}|0x4dde37f
07:44:59.0 (30818255)|STATEMENT_EXECUTE|[31]
07:44:59.0 (30828266)|HEAP_ALLOCATE|[30]|Bytes:5
07:44:59.0 (30836965)|HEAP_ALLOCATE|[30]|Bytes:12
07:44:59.0 (30842286)|VARIABLE_SCOPE_BEGIN|[30]|wEmp|WrapperEmployeeSkills.wEmployee|true|false
07:44:59.0 (30858475)|VARIABLE_ASSIGNMENT|[30]|wEmp|{"selected":true,"skill":"0x7437ce0d"}|0x40b882eb
07:44:59.0 (30861761)|STATEMENT_EXECUTE|[30]
07:44:59.0 (30879376)|VARIABLE_ASSIGNMENT|[EXTERNAL]|this|{"selected":true,"skill":"0x7437ce0d"}|0x40b882eb
07:44:59.0 (30887549)|STATEMENT_EXECUTE|[31]
07:44:59.0 (30889283)|STATEMENT_EXECUTE|[32]
07:44:59.0 (30928048)|VARIABLE_ASSIGNMENT|[EXTERNAL]|this|{"selected":true,"skill":"0x7437ce0d"}|0x40b882eb
07:44:59.0 (30954638)|HEAP_ALLOCATE|[EXTERNAL]|Bytes:4
07:44:59.0 (30968849)|HEAP_ALLOCATE|[30]|Bytes:5
07:44:59.0 (30980322)|VARIABLE_ASSIGNMENT|[30]|wEmp|null|
07:44:59.0 (31079574)|HEAP_ALLOCATE|[39]|Bytes:5
07:44:59.0 (31122281)|HEAP_ALLOCATE|[39]|Bytes:32
07:44:59.0 (31133553)|VARIABLE_SCOPE_BEGIN|[39]|es|Employee_Skills__c|true|false
07:44:59.0 (31162247)|VARIABLE_ASSIGNMENT|[39]|es|{"s":1,"v":{"Id":"a0C36000000iqCUEAY","Name":"Tools","Employee__c":"a0A36000001ygYkEAI","Project__c":"a0736000000Ew01AAC","Status__c":"Pending approval","Employee__r":{"s":2,"v":{"Name":"Andriy Lokotosh","Id":"a0A36000001ygYkEAI"}},"Project__r":{"s":3,"v":{"Name":"eBank","Id":"a0736000000Ew01AAC"}}}}|0x7437ce0d
07:44:59.0 (31167775)|STATEMENT_EXECUTE|[40]
07:44:59.0 (31169415)|STATEMENT_EXECUTE|[41]
07:44:59.0 (31259924)|VARIABLE_SCOPE_BEGIN|[41]|req|Approval.ProcessSubmitRequest|true|false
07:44:59.0 (31369702)|VARIABLE_ASSIGNMENT|[41]|req|"common.api.soap.wsdl.ProcessSubmitRequest@24ef2f9a"|0xfb5a658
07:44:59.0 (31375647)|STATEMENT_EXECUTE|[42]
07:44:59.0 (31380531)|HEAP_ALLOCATE|[42]|Bytes:39
07:44:59.0 (31438353)|STATEMENT_EXECUTE|[43]
07:44:59.0 (32912996)|HEAP_ALLOCATE|[43]|Bytes:18
07:44:59.0 (32954104)|STATEMENT_EXECUTE|[45]
07:44:59.0 (33019150)|HEAP_ALLOCATE|[45]|Bytes:8
07:44:59.0 (33038036)|DML_BEGIN|[45]|Op:Process|Type:ProcessRequest|Rows:1
07:44:59.0 (33063858)|HEAP_ALLOCATE|[EXTERNAL]|Bytes:8
07:44:59.0 (52676051)|CODE_UNIT_STARTED|[EXTERNAL]|Workflow:ApprovalProcessActions
07:44:59.0 (68623422)|WF_APPROVAL_SUBMIT|[Employee Skills: Tools a0C36000000iqCU]
07:44:59.0 (69601547)|WF_APPROVAL_SUBMITTER|Andrew Lokotosh|005360000011kEE
07:44:59.0 (93299496)|WF_RULE_FILTER|[Employee Skills : Status equals Pending approval]
07:44:59.0 (93826626)|WF_RULE_EVAL_VALUE|1
07:44:59.0 (93852170)|WF_EVAL_ENTRY_CRITERIA|Employee skill|00X36000000QVVE|true
07:44:59.0 (93975558)|WF_PROCESS_FOUND|ProcessDefinitionNameOrId:04a360000008Sx4|Applicable process was found.
07:44:59.0 (101336771)|WF_SPOOL_ACTION_BEGIN|Auto Evaluate
07:44:59.0 (111675070)|WF_PROCESS_NODE|Step 1(Approval based on first response)
07:44:59.0 (151994256)|WF_NEXT_APPROVER|Andrew Lokotosh|User|
07:44:59.0 (292780053)|CODE_UNIT_FINISHED|Workflow:ApprovalProcessActions
07:44:59.0 (294056473)|DML_END|[45]
07:44:59.0 (294156823)|HEAP_ALLOCATE|[45]|Bytes:4
07:44:59.0 (294213817)|VARIABLE_SCOPE_BEGIN|[45]|result|Approval.ProcessResult|true|false
07:44:59.0 (294346782)|VARIABLE_ASSIGNMENT|[45]|result|"common.api.soap.wsdl.ProcessResult@592104f5"|0x742e6474
07:44:59.0 (294355974)|STATEMENT_EXECUTE|[47]
07:44:59.0 (294367061)|HEAP_ALLOCATE|[47]|Bytes:37
07:44:59.0 (294488272)|HEAP_ALLOCATE|[47]|Bytes:4
07:44:59.0 (294508323)|HEAP_ALLOCATE|[47]|Bytes:41
07:44:59.0 (294531875)|USER_DEBUG|[47]|DEBUG|Submitted for approval successfully: true
07:44:59.0 (294550032)|HEAP_ALLOCATE|[39]|Bytes:5
07:44:59.0 (294568086)|VARIABLE_ASSIGNMENT|[39]|es|null|
07:44:59.0 (294572270)|STATEMENT_EXECUTE|[54]
07:44:59.0 (294578982)|HEAP_ALLOCATE|[54]|Bytes:1
07:44:59.0 (294621231)|VARIABLE_SCOPE_BEGIN|[54]|pageRef|System.PageReference|true|false
07:44:59.0 (294693697)|VARIABLE_ASSIGNMENT|[54]|pageRef|"/"|0x374b3b3b
07:44:59.0 (294701685)|STATEMENT_EXECUTE|[55]
07:44:59.0 (294778081)|STATEMENT_EXECUTE|[56]
07:44:59.0 (294791167)|SYSTEM_MODE_EXIT|false
07:44:59.0 (318986309)|CODE_UNIT_FINISHED|WrapperEmployeeSkills invoke(processSelected)
07:44:59.0 (319908518)|VF_APEX_CALL|j_id4|{!processSelected}|PageReference:/
07:44:59.322 (322739290)|CUMULATIVE_LIMIT_USAGE
07:44:59.322 (322739290)|LIMIT_USAGE_FOR_NS|(default)|
  Number of SOQL queries: 0 out of 100
  Number of query rows: 0 out of 50000
  Number of SOSL queries: 0 out of 20
  Number of DML statements: 1 out of 150
  Number of DML rows: 1 out of 10000
  Maximum CPU time: 0 out of 10000
  Maximum heap size: 0 out of 6000000
  Number of callouts: 0 out of 100
  Number of Email Invocations: 0 out of 10
  Number of future calls: 0 out of 50
  Number of queueable jobs added to the queue: 0 out of 50
  Number of Mobile Apex push calls: 0 out of 10

07:44:59.322 (322739290)|CUMULATIVE_LIMIT_USAGE_END

07:44:59.0 (322800088)|CODE_UNIT_FINISHED|VF: /apex/AprooveWraper
07:44:59.0 (323938386)|EXECUTION_FINISHED
