36.0 APEX_CODE,FINEST;APEX_PROFILING,INFO;CALLOUT,INFO;DB,INFO;SYSTEM,DEBUG;VALIDATION,INFO;VISUALFORCE,INFO;WORKFLOW,INFO
08:15:28.0 (409755)|EXECUTION_STARTED
08:15:28.0 (448111)|CODE_UNIT_STARTED|[EXTERNAL]|06636000002mOgR|VF: /apex/AccountWrapper
08:15:28.0 (1438299)|VF_DESERIALIZE_VIEWSTATE_BEGIN|06636000002mOgR
08:15:28.0 (18354272)|HEAP_ALLOCATE|[72]|Bytes:3
08:15:28.0 (18426386)|HEAP_ALLOCATE|[77]|Bytes:152
08:15:28.0 (18459514)|HEAP_ALLOCATE|[342]|Bytes:408
08:15:28.0 (18482090)|HEAP_ALLOCATE|[355]|Bytes:408
08:15:28.0 (18504642)|HEAP_ALLOCATE|[467]|Bytes:48
08:15:28.0 (18535694)|HEAP_ALLOCATE|[139]|Bytes:6
08:15:28.0 (18571084)|HEAP_ALLOCATE|[50]|Bytes:5
08:15:28.0 (18598357)|HEAP_ALLOCATE|[56]|Bytes:5
08:15:28.0 (18610162)|HEAP_ALLOCATE|[64]|Bytes:7
08:15:28.0 (21148958)|VF_DESERIALIZE_VIEWSTATE_END
08:15:28.0 (23023916)|CODE_UNIT_STARTED|[EXTERNAL]|01p360000072U8D|AccountSelectClassController get(wrapAccountList)
08:15:28.0 (23042356)|SYSTEM_MODE_ENTER|true
08:15:28.0 (23086345)|CODE_UNIT_STARTED|[EXTERNAL]|01p360000072U8D|wrapAccountList
08:15:28.0 (23102741)|HEAP_ALLOCATE|[EXTERNAL]|Bytes:11
08:15:28.0 (23110372)|HEAP_ALLOCATE|[EXTERNAL]|Bytes:128
08:15:28.0 (23113937)|HEAP_ALLOCATE|[EXTERNAL]|Bytes:8
08:15:28.0 (23131810)|METHOD_ENTRY|[1]|01p360000072U8D|AccountSelectClassController.AccountSelectClassController()
08:15:28.0 (23137044)|STATEMENT_EXECUTE|[1]
08:15:28.0 (23144255)|STATEMENT_EXECUTE|[1]
08:15:28.0 (23145559)|STATEMENT_EXECUTE|[28]
08:15:28.0 (23154202)|METHOD_EXIT|[1]|AccountSelectClassController
08:15:28.0 (23172395)|CODE_UNIT_FINISHED|wrapAccountList
08:15:28.0 (23207947)|CODE_UNIT_FINISHED|AccountSelectClassController get(wrapAccountList)
08:15:28.0 (24104649)|CODE_UNIT_STARTED|[EXTERNAL]|01p360000072U8D|AccountSelectClassController get(selectedAccounts)
08:15:28.0 (24113887)|SYSTEM_MODE_ENTER|true
08:15:28.0 (24126077)|CODE_UNIT_STARTED|[EXTERNAL]|01p360000072U8D|selectedAccounts
08:15:28.0 (24137170)|CODE_UNIT_FINISHED|selectedAccounts
08:15:28.0 (24151923)|CODE_UNIT_FINISHED|AccountSelectClassController get(selectedAccounts)
08:15:28.0 (24742766)|CODE_UNIT_STARTED|[EXTERNAL]|01p360000072U8D|selected
08:15:28.0 (24755568)|HEAP_ALLOCATE|[EXTERNAL]|Bytes:108
08:15:28.0 (24761309)|HEAP_ALLOCATE|[EXTERNAL]|Bytes:8
08:15:28.0 (24770210)|CODE_UNIT_FINISHED|selected
08:15:28.0 (24842604)|CODE_UNIT_STARTED|[EXTERNAL]|01p360000072U8D|selected
08:15:28.0 (24854108)|CODE_UNIT_FINISHED|selected
08:15:28.0 (24936504)|CODE_UNIT_STARTED|[EXTERNAL]|01p360000072U8D|selected
08:15:28.0 (24952492)|CODE_UNIT_FINISHED|selected
08:15:28.0 (25027354)|CODE_UNIT_STARTED|[EXTERNAL]|01p360000072U8D|selected
08:15:28.0 (25039929)|CODE_UNIT_FINISHED|selected
08:15:28.0 (25104361)|CODE_UNIT_STARTED|[EXTERNAL]|01p360000072U8D|selected
08:15:28.0 (25115319)|CODE_UNIT_FINISHED|selected
08:15:28.0 (25178617)|CODE_UNIT_STARTED|[EXTERNAL]|01p360000072U8D|selected
08:15:28.0 (25189501)|CODE_UNIT_FINISHED|selected
08:15:28.0 (25274833)|CODE_UNIT_STARTED|[EXTERNAL]|01p360000072U8D|selected
08:15:28.0 (25290022)|CODE_UNIT_FINISHED|selected
08:15:28.0 (25358113)|CODE_UNIT_STARTED|[EXTERNAL]|01p360000072U8D|selected
08:15:28.0 (25369350)|CODE_UNIT_FINISHED|selected
08:15:28.0 (25437852)|CODE_UNIT_STARTED|[EXTERNAL]|01p360000072U8D|selected
08:15:28.0 (25448331)|CODE_UNIT_FINISHED|selected
08:15:28.0 (25512077)|CODE_UNIT_STARTED|[EXTERNAL]|01p360000072U8D|selected
08:15:28.0 (25522717)|CODE_UNIT_FINISHED|selected
08:15:28.0 (25982544)|CODE_UNIT_STARTED|[EXTERNAL]|wrapAccount set(selected,false)
08:15:28.0 (26024983)|HEAP_ALLOCATE|[EXTERNAL]|Bytes:5
08:15:28.0 (26037090)|HEAP_ALLOCATE|[EXTERNAL]|Bytes:12
08:15:28.0 (26128462)|VARIABLE_ASSIGNMENT|[EXTERNAL]|this.selected|false|0x59493dcf
08:15:28.0 (26140406)|CODE_UNIT_FINISHED|wrapAccount set(selected,false)
08:15:28.0 (26212773)|CODE_UNIT_STARTED|[EXTERNAL]|wrapAccount set(selected,false)
08:15:28.0 (26234463)|HEAP_ALLOCATE|[EXTERNAL]|Bytes:5
08:15:28.0 (26237985)|HEAP_ALLOCATE|[EXTERNAL]|Bytes:12
08:15:28.0 (26246824)|VARIABLE_ASSIGNMENT|[EXTERNAL]|this.selected|false|0x1d7c0456
08:15:28.0 (26253435)|CODE_UNIT_FINISHED|wrapAccount set(selected,false)
08:15:28.0 (26320327)|CODE_UNIT_STARTED|[EXTERNAL]|wrapAccount set(selected,false)
08:15:28.0 (26340635)|HEAP_ALLOCATE|[EXTERNAL]|Bytes:5
08:15:28.0 (26343955)|HEAP_ALLOCATE|[EXTERNAL]|Bytes:12
08:15:28.0 (26352148)|VARIABLE_ASSIGNMENT|[EXTERNAL]|this.selected|false|0x5dfdb264
08:15:28.0 (26358413)|CODE_UNIT_FINISHED|wrapAccount set(selected,false)
08:15:28.0 (26447256)|CODE_UNIT_STARTED|[EXTERNAL]|wrapAccount set(selected,true)
08:15:28.0 (26476551)|HEAP_ALLOCATE|[EXTERNAL]|Bytes:5
08:15:28.0 (26480628)|HEAP_ALLOCATE|[EXTERNAL]|Bytes:12
08:15:28.0 (26489156)|VARIABLE_ASSIGNMENT|[EXTERNAL]|this.selected|true|0x64b77186
08:15:28.0 (26496160)|CODE_UNIT_FINISHED|wrapAccount set(selected,true)
08:15:28.0 (26564420)|CODE_UNIT_STARTED|[EXTERNAL]|wrapAccount set(selected,true)
08:15:28.0 (26585232)|HEAP_ALLOCATE|[EXTERNAL]|Bytes:5
08:15:28.0 (26588440)|HEAP_ALLOCATE|[EXTERNAL]|Bytes:12
08:15:28.0 (26596498)|VARIABLE_ASSIGNMENT|[EXTERNAL]|this.selected|true|0x74008f9a
08:15:28.0 (26602629)|CODE_UNIT_FINISHED|wrapAccount set(selected,true)
08:15:28.0 (26668315)|CODE_UNIT_STARTED|[EXTERNAL]|wrapAccount set(selected,true)
08:15:28.0 (26688207)|HEAP_ALLOCATE|[EXTERNAL]|Bytes:5
08:15:28.0 (26692043)|HEAP_ALLOCATE|[EXTERNAL]|Bytes:12
08:15:28.0 (26700065)|VARIABLE_ASSIGNMENT|[EXTERNAL]|this.selected|true|0x9a37bf8
08:15:28.0 (26722938)|CODE_UNIT_FINISHED|wrapAccount set(selected,true)
08:15:28.0 (26804931)|CODE_UNIT_STARTED|[EXTERNAL]|wrapAccount set(selected,true)
08:15:28.0 (26825345)|HEAP_ALLOCATE|[EXTERNAL]|Bytes:5
08:15:28.0 (26828750)|HEAP_ALLOCATE|[EXTERNAL]|Bytes:12
08:15:28.0 (26836648)|VARIABLE_ASSIGNMENT|[EXTERNAL]|this.selected|true|0x39fd863a
08:15:28.0 (26842960)|CODE_UNIT_FINISHED|wrapAccount set(selected,true)
08:15:28.0 (26909133)|CODE_UNIT_STARTED|[EXTERNAL]|wrapAccount set(selected,true)
08:15:28.0 (26932393)|HEAP_ALLOCATE|[EXTERNAL]|Bytes:5
08:15:28.0 (26935816)|HEAP_ALLOCATE|[EXTERNAL]|Bytes:12
08:15:28.0 (26943855)|VARIABLE_ASSIGNMENT|[EXTERNAL]|this.selected|true|0x6699fbc2
08:15:28.0 (26950035)|CODE_UNIT_FINISHED|wrapAccount set(selected,true)
08:15:28.0 (27015816)|CODE_UNIT_STARTED|[EXTERNAL]|wrapAccount set(selected,false)
08:15:28.0 (27036642)|HEAP_ALLOCATE|[EXTERNAL]|Bytes:5
08:15:28.0 (27039771)|HEAP_ALLOCATE|[EXTERNAL]|Bytes:12
08:15:28.0 (27047801)|VARIABLE_ASSIGNMENT|[EXTERNAL]|this.selected|false|0x1615d4d4
08:15:28.0 (27054127)|CODE_UNIT_FINISHED|wrapAccount set(selected,false)
08:15:28.0 (27144073)|CODE_UNIT_STARTED|[EXTERNAL]|wrapAccount set(selected,false)
08:15:28.0 (27167775)|HEAP_ALLOCATE|[EXTERNAL]|Bytes:5
08:15:28.0 (27171054)|HEAP_ALLOCATE|[EXTERNAL]|Bytes:12
08:15:28.0 (27179003)|VARIABLE_ASSIGNMENT|[EXTERNAL]|this.selected|false|0x47b0155
08:15:28.0 (27185314)|CODE_UNIT_FINISHED|wrapAccount set(selected,false)
08:15:28.0 (27927333)|CODE_UNIT_STARTED|[EXTERNAL]|01p360000072U8D|AccountSelectClassController invoke(processSelected)
08:15:28.0 (27991962)|HEAP_ALLOCATE|[EXTERNAL]|Bytes:12
08:15:28.0 (28008938)|VARIABLE_SCOPE_BEGIN|[17]|this|AccountSelectClassController|true|false
08:15:28.0 (28070335)|VARIABLE_ASSIGNMENT|[17]|this|{"selectedAccounts":"0x723078ec","wrapAccountList":"0x59ac1bf6"}|0x1fa3e8c4
08:15:28.0 (28090121)|STATEMENT_EXECUTE|[17]
08:15:28.0 (28094354)|STATEMENT_EXECUTE|[18]
08:15:28.0 (28102794)|HEAP_ALLOCATE|[18]|Bytes:4
08:15:28.0 (28254225)|VARIABLE_ASSIGNMENT|[EXTERNAL]|this|{"selectedAccounts":"0x723078ec","wrapAccountList":"0x59ac1bf6"}|0x1fa3e8c4
08:15:28.0 (28265070)|HEAP_ALLOCATE|[EXTERNAL]|Bytes:4
08:15:28.0 (28280317)|VARIABLE_ASSIGNMENT|[EXTERNAL]|value|{"s":1,"v":[]}|0x296a5dec
08:15:28.0 (28295513)|VARIABLE_ASSIGNMENT|[5]|this.selectedAccounts|{"s":1,"v":[]}|0x1fa3e8c4
08:15:28.0 (28349439)|VARIABLE_ASSIGNMENT|[EXTERNAL]|this|{"selectedAccounts":"0x296a5dec","wrapAccountList":"0x59ac1bf6"}|0x1fa3e8c4
08:15:28.0 (28645425)|HEAP_ALLOCATE|[20]|Bytes:5
08:15:28.0 (28670873)|HEAP_ALLOCATE|[20]|Bytes:12
08:15:28.0 (28681413)|VARIABLE_SCOPE_BEGIN|[20]|wrapAccountObj|AccountSelectClassController.wrapAccount|true|false
08:15:28.0 (28733688)|VARIABLE_ASSIGNMENT|[20]|wrapAccountObj|{"acc":"0xa8b0320","selected":false}|0x59493dcf
08:15:28.0 (28741535)|STATEMENT_EXECUTE|[20]
08:15:28.0 (28839727)|VARIABLE_ASSIGNMENT|[EXTERNAL]|this|{"acc":"0xa8b0320","selected":false}|0x59493dcf
08:15:28.0 (28862449)|STATEMENT_EXECUTE|[21]
08:15:28.0 (28893790)|HEAP_ALLOCATE|[20]|Bytes:5
08:15:28.0 (28915319)|HEAP_ALLOCATE|[20]|Bytes:12
08:15:28.0 (28927581)|VARIABLE_SCOPE_BEGIN|[20]|wrapAccountObj|AccountSelectClassController.wrapAccount|true|false
08:15:28.0 (28961072)|VARIABLE_ASSIGNMENT|[20]|wrapAccountObj|{"acc":"0x4c636728","selected":false}|0x1d7c0456
08:15:28.0 (28968111)|STATEMENT_EXECUTE|[20]
08:15:28.0 (29007370)|VARIABLE_ASSIGNMENT|[EXTERNAL]|this|{"acc":"0x4c636728","selected":false}|0x1d7c0456
08:15:28.0 (29031539)|STATEMENT_EXECUTE|[21]
08:15:28.0 (29050776)|HEAP_ALLOCATE|[20]|Bytes:5
08:15:28.0 (29073779)|HEAP_ALLOCATE|[20]|Bytes:12
08:15:28.0 (29084233)|VARIABLE_SCOPE_BEGIN|[20]|wrapAccountObj|AccountSelectClassController.wrapAccount|true|false
08:15:28.0 (29116307)|VARIABLE_ASSIGNMENT|[20]|wrapAccountObj|{"acc":"0x10646826","selected":false}|0x5dfdb264
08:15:28.0 (29122747)|STATEMENT_EXECUTE|[20]
08:15:28.0 (29164074)|VARIABLE_ASSIGNMENT|[EXTERNAL]|this|{"acc":"0x10646826","selected":false}|0x5dfdb264
08:15:28.0 (29181532)|STATEMENT_EXECUTE|[21]
08:15:28.0 (29199833)|HEAP_ALLOCATE|[20]|Bytes:5
08:15:28.0 (29217757)|HEAP_ALLOCATE|[20]|Bytes:12
08:15:28.0 (29228185)|VARIABLE_SCOPE_BEGIN|[20]|wrapAccountObj|AccountSelectClassController.wrapAccount|true|false
08:15:28.0 (29256785)|VARIABLE_ASSIGNMENT|[20]|wrapAccountObj|{"acc":"0x51628bb6","selected":true}|0x64b77186
08:15:28.0 (29263332)|STATEMENT_EXECUTE|[20]
08:15:28.0 (29299353)|VARIABLE_ASSIGNMENT|[EXTERNAL]|this|{"acc":"0x51628bb6","selected":true}|0x64b77186
08:15:28.0 (29317385)|STATEMENT_EXECUTE|[21]
08:15:28.0 (29320139)|STATEMENT_EXECUTE|[22]
08:15:28.0 (29390512)|VARIABLE_ASSIGNMENT|[EXTERNAL]|this|{"selectedAccounts":"0x296a5dec","wrapAccountList":"0x59ac1bf6"}|0x1fa3e8c4
08:15:28.0 (29449190)|VARIABLE_ASSIGNMENT|[EXTERNAL]|this|{"acc":"0x51628bb6","selected":true}|0x64b77186
08:15:28.0 (29482899)|HEAP_ALLOCATE|[EXTERNAL]|Bytes:4
08:15:28.0 (29514753)|HEAP_ALLOCATE|[20]|Bytes:5
08:15:28.0 (29564744)|HEAP_ALLOCATE|[20]|Bytes:12
08:15:28.0 (29576972)|VARIABLE_SCOPE_BEGIN|[20]|wrapAccountObj|AccountSelectClassController.wrapAccount|true|false
08:15:28.0 (29609040)|VARIABLE_ASSIGNMENT|[20]|wrapAccountObj|{"acc":"0x788c2db3","selected":true}|0x74008f9a
08:15:28.0 (29615859)|STATEMENT_EXECUTE|[20]
08:15:28.0 (29652308)|VARIABLE_ASSIGNMENT|[EXTERNAL]|this|{"acc":"0x788c2db3","selected":true}|0x74008f9a
08:15:28.0 (29669603)|STATEMENT_EXECUTE|[21]
08:15:28.0 (29672159)|STATEMENT_EXECUTE|[22]
08:15:28.0 (29707214)|VARIABLE_ASSIGNMENT|[EXTERNAL]|this|{"selectedAccounts":"0x296a5dec","wrapAccountList":"0x59ac1bf6"}|0x1fa3e8c4
08:15:28.0 (29757029)|VARIABLE_ASSIGNMENT|[EXTERNAL]|this|{"acc":"0x788c2db3","selected":true}|0x74008f9a
08:15:28.0 (29787515)|HEAP_ALLOCATE|[EXTERNAL]|Bytes:4
08:15:28.0 (29811992)|HEAP_ALLOCATE|[20]|Bytes:5
08:15:28.0 (29830876)|HEAP_ALLOCATE|[20]|Bytes:12
08:15:28.0 (29844117)|VARIABLE_SCOPE_BEGIN|[20]|wrapAccountObj|AccountSelectClassController.wrapAccount|true|false
08:15:28.0 (29874846)|VARIABLE_ASSIGNMENT|[20]|wrapAccountObj|{"acc":"0x4007f502","selected":true}|0x9a37bf8
08:15:28.0 (29881629)|STATEMENT_EXECUTE|[20]
08:15:28.0 (29920173)|VARIABLE_ASSIGNMENT|[EXTERNAL]|this|{"acc":"0x4007f502","selected":true}|0x9a37bf8
08:15:28.0 (29937497)|STATEMENT_EXECUTE|[21]
08:15:28.0 (29940710)|STATEMENT_EXECUTE|[22]
08:15:28.0 (29976518)|VARIABLE_ASSIGNMENT|[EXTERNAL]|this|{"selectedAccounts":"0x296a5dec","wrapAccountList":"0x59ac1bf6"}|0x1fa3e8c4
08:15:28.0 (30023891)|VARIABLE_ASSIGNMENT|[EXTERNAL]|this|{"acc":"0x4007f502","selected":true}|0x9a37bf8
08:15:28.0 (30169808)|HEAP_ALLOCATE|[EXTERNAL]|Bytes:4
08:15:28.0 (30195490)|HEAP_ALLOCATE|[20]|Bytes:5
08:15:28.0 (30214548)|HEAP_ALLOCATE|[20]|Bytes:12
08:15:28.0 (30226252)|VARIABLE_SCOPE_BEGIN|[20]|wrapAccountObj|AccountSelectClassController.wrapAccount|true|false
08:15:28.0 (30255782)|VARIABLE_ASSIGNMENT|[20]|wrapAccountObj|{"acc":"0x1c2a35fe","selected":true}|0x39fd863a
08:15:28.0 (30261529)|STATEMENT_EXECUTE|[20]
08:15:28.0 (30291486)|VARIABLE_ASSIGNMENT|[EXTERNAL]|this|{"acc":"0x1c2a35fe","selected":true}|0x39fd863a
08:15:28.0 (30307377)|STATEMENT_EXECUTE|[21]
08:15:28.0 (30328605)|STATEMENT_EXECUTE|[22]
08:15:28.0 (30373195)|VARIABLE_ASSIGNMENT|[EXTERNAL]|this|{"selectedAccounts":"0x296a5dec","wrapAccountList":"0x59ac1bf6"}|0x1fa3e8c4
08:15:28.0 (30424982)|VARIABLE_ASSIGNMENT|[EXTERNAL]|this|{"acc":"0x1c2a35fe","selected":true}|0x39fd863a
08:15:28.0 (30448793)|HEAP_ALLOCATE|[EXTERNAL]|Bytes:4
08:15:28.0 (30471605)|HEAP_ALLOCATE|[20]|Bytes:5
08:15:28.0 (30491310)|HEAP_ALLOCATE|[20]|Bytes:12
08:15:28.0 (30502853)|VARIABLE_SCOPE_BEGIN|[20]|wrapAccountObj|AccountSelectClassController.wrapAccount|true|false
08:15:28.0 (30538506)|VARIABLE_ASSIGNMENT|[20]|wrapAccountObj|{"acc":"0x595022f6","selected":true}|0x6699fbc2
08:15:28.0 (30545570)|STATEMENT_EXECUTE|[20]
08:15:28.0 (30579715)|VARIABLE_ASSIGNMENT|[EXTERNAL]|this|{"acc":"0x595022f6","selected":true}|0x6699fbc2
08:15:28.0 (30595913)|STATEMENT_EXECUTE|[21]
08:15:28.0 (30598848)|STATEMENT_EXECUTE|[22]
08:15:28.0 (30638104)|VARIABLE_ASSIGNMENT|[EXTERNAL]|this|{"selectedAccounts":"0x296a5dec","wrapAccountList":"0x59ac1bf6"}|0x1fa3e8c4
08:15:28.0 (30702399)|VARIABLE_ASSIGNMENT|[EXTERNAL]|this|{"acc":"0x595022f6","selected":true}|0x6699fbc2
08:15:28.0 (30727175)|HEAP_ALLOCATE|[EXTERNAL]|Bytes:4
08:15:28.0 (30751013)|HEAP_ALLOCATE|[20]|Bytes:5
08:15:28.0 (30770441)|HEAP_ALLOCATE|[20]|Bytes:12
08:15:28.0 (30782256)|VARIABLE_SCOPE_BEGIN|[20]|wrapAccountObj|AccountSelectClassController.wrapAccount|true|false
08:15:28.0 (30813414)|VARIABLE_ASSIGNMENT|[20]|wrapAccountObj|{"acc":"0x73b50f05","selected":false}|0x1615d4d4
08:15:28.0 (30820204)|STATEMENT_EXECUTE|[20]
08:15:28.0 (30860604)|VARIABLE_ASSIGNMENT|[EXTERNAL]|this|{"acc":"0x73b50f05","selected":false}|0x1615d4d4
08:15:28.0 (30878964)|STATEMENT_EXECUTE|[21]
08:15:28.0 (30929553)|HEAP_ALLOCATE|[20]|Bytes:5
08:15:28.0 (30951238)|HEAP_ALLOCATE|[20]|Bytes:12
08:15:28.0 (30966523)|VARIABLE_SCOPE_BEGIN|[20]|wrapAccountObj|AccountSelectClassController.wrapAccount|true|false
08:15:28.0 (30999082)|VARIABLE_ASSIGNMENT|[20]|wrapAccountObj|{"acc":"0x16ac4ec9","selected":false}|0x47b0155
08:15:28.0 (31009391)|STATEMENT_EXECUTE|[20]
08:15:28.0 (31061623)|VARIABLE_ASSIGNMENT|[EXTERNAL]|this|{"acc":"0x16ac4ec9","selected":false}|0x47b0155
08:15:28.0 (31082586)|STATEMENT_EXECUTE|[21]
08:15:28.0 (31099551)|HEAP_ALLOCATE|[20]|Bytes:5
08:15:28.0 (31119052)|VARIABLE_ASSIGNMENT|[20]|wrapAccountObj|null|
08:15:28.0 (31208155)|CODE_UNIT_FINISHED|AccountSelectClassController invoke(processSelected)
08:15:28.0 (31303007)|VF_APEX_CALL|j_id5|{!processSelected}|PageReference: none
08:15:28.0 (34319660)|CODE_UNIT_STARTED|[EXTERNAL]|01p360000072U8D|AccountSelectClassController get(wrapAccountList)
08:15:28.0 (34334815)|SYSTEM_MODE_ENTER|true
08:15:28.0 (34353704)|CODE_UNIT_STARTED|[EXTERNAL]|01p360000072U8D|wrapAccountList
08:15:28.0 (34369471)|CODE_UNIT_FINISHED|wrapAccountList
08:15:28.0 (34397137)|CODE_UNIT_FINISHED|AccountSelectClassController get(wrapAccountList)
08:15:28.0 (34701317)|CODE_UNIT_STARTED|[EXTERNAL]|01p360000072U8D|acc
08:15:28.0 (34714079)|CODE_UNIT_FINISHED|acc
08:15:28.0 (40314527)|CODE_UNIT_STARTED|[EXTERNAL]|01p360000072U8D|AccountSelectClassController get(selectedAccounts)
08:15:28.0 (40335918)|SYSTEM_MODE_ENTER|true
08:15:28.0 (40364975)|CODE_UNIT_STARTED|[EXTERNAL]|01p360000072U8D|selectedAccounts
08:15:28.0 (40385324)|CODE_UNIT_FINISHED|selectedAccounts
08:15:28.0 (40404983)|CODE_UNIT_FINISHED|AccountSelectClassController get(selectedAccounts)
08:15:28.0 (52022034)|VF_SERIALIZE_VIEWSTATE_BEGIN|06636000002mOgR
08:15:28.0 (65624297)|VF_SERIALIZE_VIEWSTATE_END
08:15:28.0 (77665779)|CODE_UNIT_STARTED|[EXTERNAL]|Generate Metadata
08:15:28.0 (82005264)|CODE_UNIT_FINISHED|Generate Metadata
08:15:28.87 (87486146)|CUMULATIVE_LIMIT_USAGE
08:15:28.87 (87486146)|LIMIT_USAGE_FOR_NS|(default)|
  Number of SOQL queries: 0 out of 100
  Number of query rows: 0 out of 50000
  Number of SOSL queries: 0 out of 20
  Number of DML statements: 0 out of 150
  Number of DML rows: 0 out of 10000
  Maximum CPU time: 0 out of 10000
  Maximum heap size: 0 out of 6000000
  Number of callouts: 0 out of 100
  Number of Email Invocations: 0 out of 10
  Number of future calls: 0 out of 50
  Number of queueable jobs added to the queue: 0 out of 50
  Number of Mobile Apex push calls: 0 out of 10

08:15:28.87 (87486146)|CUMULATIVE_LIMIT_USAGE_END

08:15:28.0 (87536661)|CODE_UNIT_FINISHED|VF: /apex/AccountWrapper
08:15:28.0 (88557900)|EXECUTION_FINISHED
