36.0 APEX_CODE,FINEST;APEX_PROFILING,INFO;CALLOUT,INFO;DB,INFO;SYSTEM,DEBUG;VALIDATION,INFO;VISUALFORCE,INFO;WORKFLOW,INFO
06:21:29.0 (542955)|EXECUTION_STARTED
06:21:29.0 (578256)|CODE_UNIT_STARTED|[EXTERNAL]|06636000002n7XB|VF: /apex/DraftsToPersonTable
06:21:29.0 (3639279)|CODE_UNIT_STARTED|[EXTERNAL]|01p360000074pQr|DraftsToPersons <init>
06:21:29.0 (3655706)|SYSTEM_MODE_ENTER|true
06:21:29.0 (4256578)|HEAP_ALLOCATE|[72]|Bytes:3
06:21:29.0 (4315942)|HEAP_ALLOCATE|[77]|Bytes:152
06:21:29.0 (4338323)|HEAP_ALLOCATE|[342]|Bytes:408
06:21:29.0 (4359989)|HEAP_ALLOCATE|[355]|Bytes:408
06:21:29.0 (4380617)|HEAP_ALLOCATE|[467]|Bytes:48
06:21:29.0 (4416180)|HEAP_ALLOCATE|[139]|Bytes:6
06:21:29.0 (4439778)|HEAP_ALLOCATE|[EXTERNAL]|Bytes:10
06:21:29.0 (4444781)|HEAP_ALLOCATE|[EXTERNAL]|Bytes:144
06:21:29.0 (4447736)|HEAP_ALLOCATE|[EXTERNAL]|Bytes:21
06:21:29.0 (4465142)|METHOD_ENTRY|[1]|01p360000074pQr|DraftsToPersons.DraftsToPersons()
06:21:29.0 (4470199)|STATEMENT_EXECUTE|[1]
06:21:29.0 (4478567)|STATEMENT_EXECUTE|[1]
06:21:29.0 (4515945)|HEAP_ALLOCATE|[50]|Bytes:5
06:21:29.0 (4541633)|HEAP_ALLOCATE|[56]|Bytes:5
06:21:29.0 (4550304)|HEAP_ALLOCATE|[64]|Bytes:7
06:21:29.0 (4574233)|SYSTEM_MODE_ENTER|false
06:21:29.0 (4594384)|HEAP_ALLOCATE|[EXTERNAL]|Bytes:5
06:21:29.0 (4598982)|STATEMENT_EXECUTE|[69]
06:21:29.0 (4604014)|SYSTEM_MODE_EXIT|false
06:21:29.0 (4616305)|METHOD_EXIT|[1]|DraftsToPersons
06:21:29.0 (4935163)|HEAP_ALLOCATE|[EXTERNAL]|Bytes:20
06:21:29.0 (4949183)|VARIABLE_SCOPE_BEGIN|[7]|this|DraftsToPersons|true|false
06:21:29.0 (5030119)|VARIABLE_ASSIGNMENT|[7]|this|{}|0x609b6da8
06:21:29.0 (5043009)|SYSTEM_MODE_ENTER|false
06:21:29.0 (5048454)|HEAP_ALLOCATE|[EXTERNAL]|Bytes:5
06:21:29.0 (5052162)|STATEMENT_EXECUTE|[1]
06:21:29.0 (5054980)|HEAP_ALLOCATE|[EXTERNAL]|Bytes:5
06:21:29.0 (5056949)|STATEMENT_EXECUTE|[2]
06:21:29.0 (5059118)|STATEMENT_EXECUTE|[3]
06:21:29.0 (5060220)|STATEMENT_EXECUTE|[4]
06:21:29.0 (5061359)|STATEMENT_EXECUTE|[5]
06:21:29.0 (5071127)|HEAP_ALLOCATE|[EXTERNAL]|Bytes:6
06:21:29.0 (5095635)|STATEMENT_EXECUTE|[8]
06:21:29.0 (5099817)|SYSTEM_MODE_EXIT|false
06:21:29.0 (5119861)|CODE_UNIT_FINISHED|DraftsToPersons <init>
06:21:29.0 (5171984)|CODE_UNIT_STARTED|[EXTERNAL]|01p360000074pQr|DraftsToPersons get(Persons)
06:21:29.0 (5179560)|SYSTEM_MODE_ENTER|true
06:21:29.0 (5205218)|CODE_UNIT_STARTED|[EXTERNAL]|01p360000074pQr|DraftsToPersons invoke(getPersons)
06:21:29.0 (5247633)|HEAP_ALLOCATE|[EXTERNAL]|Bytes:20
06:21:29.0 (5257857)|VARIABLE_SCOPE_BEGIN|[23]|this|DraftsToPersons|true|false
06:21:29.0 (5277701)|VARIABLE_ASSIGNMENT|[23]|this|{}|0x609b6da8
06:21:29.0 (5292698)|SYSTEM_MODE_ENTER|false
06:21:29.0 (5297397)|HEAP_ALLOCATE|[25]|Bytes:5
06:21:29.0 (5301222)|STATEMENT_EXECUTE|[24]
06:21:29.0 (5351037)|VARIABLE_ASSIGNMENT|[EXTERNAL]|this|{}|0x609b6da8
06:21:29.0 (5366159)|STATEMENT_EXECUTE|[26]
06:21:29.0 (5367750)|STATEMENT_EXECUTE|[27]
06:21:29.0 (5371574)|HEAP_ALLOCATE|[27]|Bytes:71
06:21:29.0 (5384809)|HEAP_ALLOCATE|[27]|Bytes:4
06:21:29.0 (5668532)|SOQL_EXECUTE_BEGIN|[27]|Aggregations:0|SELECT id, Name FROM Person__c ORDER BY Name ASC NULLS FIRST LIMIT 1000
06:21:29.0 (8343004)|SOQL_EXECUTE_END|[27]|Rows:2
06:21:29.0 (8366285)|HEAP_ALLOCATE|[27]|Bytes:12
06:21:29.0 (8385651)|HEAP_ALLOCATE|[27]|Bytes:97
06:21:29.0 (8419134)|HEAP_ALLOCATE|[27]|Bytes:12
06:21:29.0 (8467185)|VARIABLE_ASSIGNMENT|[EXTERNAL]|this|{}|0x609b6da8
06:21:29.0 (8506801)|VARIABLE_ASSIGNMENT|[EXTERNAL]|value|{"s":1,"v":[{"s":2,"v":{"Id":"a0N36000000xneOEAQ","Name":"Andiy Lokotosh"}},{"s":3,"v":{"Id":"a0N36000000xneTEAQ","Name":"Jon Smith"}}]}|0x75a4d43c
06:21:29.0 (8529240)|VARIABLE_ASSIGNMENT|[3]|this.pers|{"s":1,"v":[{"s":2,"v":{"Id":"a0N36000000xneOEAQ","Name":"Andiy Lokotosh"}},{"s":3,"v":{"Id":"a0N36000000xneTEAQ","Name":"Jon Smith"}}]}|0x609b6da8
06:21:29.0 (8538089)|STATEMENT_EXECUTE|[31]
06:21:29.0 (8574114)|VARIABLE_ASSIGNMENT|[EXTERNAL]|this|{"pers":"0x75a4d43c"}|0x609b6da8
06:21:29.0 (8584829)|SYSTEM_MODE_EXIT|false
06:21:29.0 (8599858)|CODE_UNIT_FINISHED|DraftsToPersons invoke(getPersons)
06:21:29.0 (8618859)|CODE_UNIT_FINISHED|DraftsToPersons get(Persons)
06:21:29.0 (8862440)|CODE_UNIT_STARTED|[EXTERNAL]|01p360000074pQr|DraftsToPersons get(Drafts)
06:21:29.0 (8870629)|SYSTEM_MODE_ENTER|true
06:21:29.0 (8889408)|CODE_UNIT_STARTED|[EXTERNAL]|01p360000074pQr|DraftsToPersons invoke(getDrafts)
06:21:29.0 (8926219)|HEAP_ALLOCATE|[EXTERNAL]|Bytes:20
06:21:29.0 (8936024)|VARIABLE_SCOPE_BEGIN|[12]|this|DraftsToPersons|true|false
06:21:29.0 (8958509)|VARIABLE_ASSIGNMENT|[12]|this|{"pers":"0x75a4d43c"}|0x609b6da8
06:21:29.0 (8969150)|SYSTEM_MODE_ENTER|false
06:21:29.0 (8974161)|HEAP_ALLOCATE|[14]|Bytes:5
06:21:29.0 (8978288)|STATEMENT_EXECUTE|[13]
06:21:29.0 (9022020)|VARIABLE_ASSIGNMENT|[EXTERNAL]|this|{"pers":"0x75a4d43c"}|0x609b6da8
06:21:29.0 (9033964)|STATEMENT_EXECUTE|[15]
06:21:29.0 (9035713)|STATEMENT_EXECUTE|[16]
06:21:29.0 (9039906)|HEAP_ALLOCATE|[16]|Bytes:70
06:21:29.0 (9045777)|HEAP_ALLOCATE|[16]|Bytes:4
06:21:29.0 (9205660)|SOQL_EXECUTE_BEGIN|[16]|Aggregations:0|SELECT id, Name FROM Draft__c ORDER BY Name ASC NULLS FIRST LIMIT 1000
06:21:29.0 (10957114)|SOQL_EXECUTE_END|[16]|Rows:2
06:21:29.0 (10972510)|HEAP_ALLOCATE|[16]|Bytes:12
06:21:29.0 (10984852)|HEAP_ALLOCATE|[16]|Bytes:95
06:21:29.0 (11006517)|HEAP_ALLOCATE|[16]|Bytes:12
06:21:29.0 (11056604)|VARIABLE_ASSIGNMENT|[EXTERNAL]|this|{"pers":"0x75a4d43c"}|0x609b6da8
06:21:29.0 (11080294)|VARIABLE_ASSIGNMENT|[EXTERNAL]|value|{"s":1,"v":[{"s":2,"v":{"Id":"a0R3600000032Q3EAI","Name":"Ebay"}},{"s":3,"v":{"Id":"a0R3600000032PyEAI","Name":"Electronic System"}}]}|0x6bca383d
06:21:29.0 (11100888)|VARIABLE_ASSIGNMENT|[2]|this.draft|{"s":1,"v":[{"s":2,"v":{"Id":"a0R3600000032Q3EAI","Name":"Ebay"}},{"s":3,"v":{"Id":"a0R3600000032PyEAI","Name":"Electronic System"}}]}|0x609b6da8
06:21:29.0 (11109721)|STATEMENT_EXECUTE|[21]
06:21:29.0 (11146305)|VARIABLE_ASSIGNMENT|[EXTERNAL]|this|{"draft":"0x6bca383d","pers":"0x75a4d43c"}|0x609b6da8
06:21:29.0 (11157610)|SYSTEM_MODE_EXIT|false
06:21:29.0 (11171883)|CODE_UNIT_FINISHED|DraftsToPersons invoke(getDrafts)
06:21:29.0 (11190643)|CODE_UNIT_FINISHED|DraftsToPersons get(Drafts)
06:21:29.0 (11408210)|CODE_UNIT_STARTED|[EXTERNAL]|01p360000074pQr|DraftsToPersons get(Times)
06:21:29.0 (11416435)|SYSTEM_MODE_ENTER|true
06:21:29.0 (11430179)|CODE_UNIT_STARTED|[EXTERNAL]|01p360000074pQr|Times
06:21:29.0 (11448945)|CODE_UNIT_FINISHED|Times
06:21:29.0 (11465342)|CODE_UNIT_FINISHED|DraftsToPersons get(Times)
06:21:29.39 (39313762)|CUMULATIVE_LIMIT_USAGE
06:21:29.39 (39313762)|LIMIT_USAGE_FOR_NS|(default)|
  Number of SOQL queries: 2 out of 100
  Number of query rows: 4 out of 50000
  Number of SOSL queries: 0 out of 20
  Number of DML statements: 0 out of 150
  Number of DML rows: 0 out of 10000
  Maximum CPU time: 0 out of 10000
  Maximum heap size: 0 out of 6000000
  Number of callouts: 0 out of 100
  Number of Email Invocations: 0 out of 10
  Number of future calls: 0 out of 50
  Number of queueable jobs added to the queue: 0 out of 50
  Number of Mobile Apex push calls: 0 out of 10

06:21:29.39 (39313762)|CUMULATIVE_LIMIT_USAGE_END

06:21:29.0 (39371891)|CODE_UNIT_FINISHED|VF: /apex/DraftsToPersonTable
06:21:29.0 (40313726)|EXECUTION_FINISHED
