36.0 APEX_CODE,FINEST;APEX_PROFILING,INFO;CALLOUT,INFO;DB,INFO;SYSTEM,DEBUG;VALIDATION,INFO;VISUALFORCE,INFO;WORKFLOW,INFO
08:23:52.0 (575952)|EXECUTION_STARTED
08:23:52.0 (610042)|CODE_UNIT_STARTED|[EXTERNAL]|06636000002mOgR|VF: /apex/AccountWrapper
08:23:52.0 (1519447)|VF_DESERIALIZE_VIEWSTATE_BEGIN|06636000002mOgR
08:23:52.0 (18872593)|HEAP_ALLOCATE|[72]|Bytes:3
08:23:52.0 (18919981)|HEAP_ALLOCATE|[77]|Bytes:152
08:23:52.0 (18938378)|HEAP_ALLOCATE|[342]|Bytes:408
08:23:52.0 (18959878)|HEAP_ALLOCATE|[355]|Bytes:408
08:23:52.0 (18980192)|HEAP_ALLOCATE|[467]|Bytes:48
08:23:52.0 (19010496)|HEAP_ALLOCATE|[139]|Bytes:6
08:23:52.0 (19044796)|HEAP_ALLOCATE|[50]|Bytes:5
08:23:52.0 (19066196)|HEAP_ALLOCATE|[56]|Bytes:5
08:23:52.0 (19076276)|HEAP_ALLOCATE|[64]|Bytes:7
08:23:52.0 (21255594)|VF_DESERIALIZE_VIEWSTATE_END
08:23:52.0 (23556977)|CODE_UNIT_STARTED|[EXTERNAL]|01p360000072U8D|AccountSelectClassController get(wrapAccountList)
08:23:52.0 (23574027)|SYSTEM_MODE_ENTER|true
08:23:52.0 (23612906)|CODE_UNIT_STARTED|[EXTERNAL]|01p360000072U8D|wrapAccountList
08:23:52.0 (23632761)|HEAP_ALLOCATE|[EXTERNAL]|Bytes:11
08:23:52.0 (23639929)|HEAP_ALLOCATE|[EXTERNAL]|Bytes:128
08:23:52.0 (23643263)|HEAP_ALLOCATE|[EXTERNAL]|Bytes:8
08:23:52.0 (23658470)|METHOD_ENTRY|[1]|01p360000072U8D|AccountSelectClassController.AccountSelectClassController()
08:23:52.0 (23663394)|STATEMENT_EXECUTE|[1]
08:23:52.0 (23668759)|STATEMENT_EXECUTE|[1]
08:23:52.0 (23669984)|STATEMENT_EXECUTE|[28]
08:23:52.0 (23675793)|METHOD_EXIT|[1]|AccountSelectClassController
08:23:52.0 (23688010)|CODE_UNIT_FINISHED|wrapAccountList
08:23:52.0 (23705647)|CODE_UNIT_FINISHED|AccountSelectClassController get(wrapAccountList)
08:23:52.0 (24418402)|CODE_UNIT_STARTED|[EXTERNAL]|01p360000072U8D|AccountSelectClassController get(selectedAccounts)
08:23:52.0 (24429559)|SYSTEM_MODE_ENTER|true
08:23:52.0 (24442651)|CODE_UNIT_STARTED|[EXTERNAL]|01p360000072U8D|selectedAccounts
08:23:52.0 (24453432)|CODE_UNIT_FINISHED|selectedAccounts
08:23:52.0 (24468626)|CODE_UNIT_FINISHED|AccountSelectClassController get(selectedAccounts)
08:23:52.0 (24932354)|CODE_UNIT_STARTED|[EXTERNAL]|01p360000072U8D|selected
08:23:52.0 (24949527)|HEAP_ALLOCATE|[EXTERNAL]|Bytes:108
08:23:52.0 (24955623)|HEAP_ALLOCATE|[EXTERNAL]|Bytes:8
08:23:52.0 (24964909)|CODE_UNIT_FINISHED|selected
08:23:52.0 (25039208)|CODE_UNIT_STARTED|[EXTERNAL]|01p360000072U8D|selected
08:23:52.0 (25051943)|CODE_UNIT_FINISHED|selected
08:23:52.0 (25120444)|CODE_UNIT_STARTED|[EXTERNAL]|01p360000072U8D|selected
08:23:52.0 (25131981)|CODE_UNIT_FINISHED|selected
08:23:52.0 (25198879)|CODE_UNIT_STARTED|[EXTERNAL]|01p360000072U8D|selected
08:23:52.0 (25210131)|CODE_UNIT_FINISHED|selected
08:23:52.0 (25285852)|CODE_UNIT_STARTED|[EXTERNAL]|01p360000072U8D|selected
08:23:52.0 (25296837)|CODE_UNIT_FINISHED|selected
08:23:52.0 (25369770)|CODE_UNIT_STARTED|[EXTERNAL]|01p360000072U8D|selected
08:23:52.0 (25381030)|CODE_UNIT_FINISHED|selected
08:23:52.0 (25447733)|CODE_UNIT_STARTED|[EXTERNAL]|01p360000072U8D|selected
08:23:52.0 (25458868)|CODE_UNIT_FINISHED|selected
08:23:52.0 (25524928)|CODE_UNIT_STARTED|[EXTERNAL]|01p360000072U8D|selected
08:23:52.0 (25536172)|CODE_UNIT_FINISHED|selected
08:23:52.0 (25601879)|CODE_UNIT_STARTED|[EXTERNAL]|01p360000072U8D|selected
08:23:52.0 (25613283)|CODE_UNIT_FINISHED|selected
08:23:52.0 (25679185)|CODE_UNIT_STARTED|[EXTERNAL]|01p360000072U8D|selected
08:23:52.0 (25690532)|CODE_UNIT_FINISHED|selected
08:23:52.0 (26193796)|CODE_UNIT_STARTED|[EXTERNAL]|wrapAccount set(selected,false)
08:23:52.0 (26239986)|HEAP_ALLOCATE|[EXTERNAL]|Bytes:5
08:23:52.0 (26250097)|HEAP_ALLOCATE|[EXTERNAL]|Bytes:12
08:23:52.0 (26284955)|VARIABLE_ASSIGNMENT|[EXTERNAL]|this.selected|false|0x6aef560c
08:23:52.0 (26294232)|CODE_UNIT_FINISHED|wrapAccount set(selected,false)
08:23:52.0 (26365749)|CODE_UNIT_STARTED|[EXTERNAL]|wrapAccount set(selected,false)
08:23:52.0 (26389799)|HEAP_ALLOCATE|[EXTERNAL]|Bytes:5
08:23:52.0 (26393154)|HEAP_ALLOCATE|[EXTERNAL]|Bytes:12
08:23:52.0 (26401656)|VARIABLE_ASSIGNMENT|[EXTERNAL]|this.selected|false|0x5b2d25bd
08:23:52.0 (26408521)|CODE_UNIT_FINISHED|wrapAccount set(selected,false)
08:23:52.0 (26477031)|CODE_UNIT_STARTED|[EXTERNAL]|wrapAccount set(selected,false)
08:23:52.0 (26500219)|HEAP_ALLOCATE|[EXTERNAL]|Bytes:5
08:23:52.0 (26503403)|HEAP_ALLOCATE|[EXTERNAL]|Bytes:12
08:23:52.0 (26511422)|VARIABLE_ASSIGNMENT|[EXTERNAL]|this.selected|false|0x53c058b
08:23:52.0 (26518335)|CODE_UNIT_FINISHED|wrapAccount set(selected,false)
08:23:52.0 (26585650)|CODE_UNIT_STARTED|[EXTERNAL]|wrapAccount set(selected,true)
08:23:52.0 (26608514)|HEAP_ALLOCATE|[EXTERNAL]|Bytes:5
08:23:52.0 (26611702)|HEAP_ALLOCATE|[EXTERNAL]|Bytes:12
08:23:52.0 (26619359)|VARIABLE_ASSIGNMENT|[EXTERNAL]|this.selected|true|0x5fdccb
08:23:52.0 (26626178)|CODE_UNIT_FINISHED|wrapAccount set(selected,true)
08:23:52.0 (26693740)|CODE_UNIT_STARTED|[EXTERNAL]|wrapAccount set(selected,true)
08:23:52.0 (26716828)|HEAP_ALLOCATE|[EXTERNAL]|Bytes:5
08:23:52.0 (26719924)|HEAP_ALLOCATE|[EXTERNAL]|Bytes:12
08:23:52.0 (26727592)|VARIABLE_ASSIGNMENT|[EXTERNAL]|this.selected|true|0x1090b5fa
08:23:52.0 (26734170)|CODE_UNIT_FINISHED|wrapAccount set(selected,true)
08:23:52.0 (26801281)|CODE_UNIT_STARTED|[EXTERNAL]|wrapAccount set(selected,true)
08:23:52.0 (26823690)|HEAP_ALLOCATE|[EXTERNAL]|Bytes:5
08:23:52.0 (26827436)|HEAP_ALLOCATE|[EXTERNAL]|Bytes:12
08:23:52.0 (26835137)|VARIABLE_ASSIGNMENT|[EXTERNAL]|this.selected|true|0x22a26a98
08:23:52.0 (26841616)|CODE_UNIT_FINISHED|wrapAccount set(selected,true)
08:23:52.0 (26913497)|CODE_UNIT_STARTED|[EXTERNAL]|wrapAccount set(selected,true)
08:23:52.0 (26936175)|HEAP_ALLOCATE|[EXTERNAL]|Bytes:5
08:23:52.0 (26939313)|HEAP_ALLOCATE|[EXTERNAL]|Bytes:12
08:23:52.0 (26946857)|VARIABLE_ASSIGNMENT|[EXTERNAL]|this.selected|true|0x47d7331a
08:23:52.0 (26953456)|CODE_UNIT_FINISHED|wrapAccount set(selected,true)
08:23:52.0 (27020389)|CODE_UNIT_STARTED|[EXTERNAL]|wrapAccount set(selected,true)
08:23:52.0 (27043591)|HEAP_ALLOCATE|[EXTERNAL]|Bytes:5
08:23:52.0 (27046658)|HEAP_ALLOCATE|[EXTERNAL]|Bytes:12
08:23:52.0 (27054215)|VARIABLE_ASSIGNMENT|[EXTERNAL]|this.selected|true|0x399016af
08:23:52.0 (27060663)|CODE_UNIT_FINISHED|wrapAccount set(selected,true)
08:23:52.0 (27127218)|CODE_UNIT_STARTED|[EXTERNAL]|wrapAccount set(selected,false)
08:23:52.0 (27149762)|HEAP_ALLOCATE|[EXTERNAL]|Bytes:5
08:23:52.0 (27152838)|HEAP_ALLOCATE|[EXTERNAL]|Bytes:12
08:23:52.0 (27160404)|VARIABLE_ASSIGNMENT|[EXTERNAL]|this.selected|false|0x2cba4b02
08:23:52.0 (27166931)|CODE_UNIT_FINISHED|wrapAccount set(selected,false)
08:23:52.0 (27233263)|CODE_UNIT_STARTED|[EXTERNAL]|wrapAccount set(selected,false)
08:23:52.0 (27255704)|HEAP_ALLOCATE|[EXTERNAL]|Bytes:5
08:23:52.0 (27258720)|HEAP_ALLOCATE|[EXTERNAL]|Bytes:12
08:23:52.0 (27266209)|VARIABLE_ASSIGNMENT|[EXTERNAL]|this.selected|false|0x1dfd12a7
08:23:52.0 (27272936)|CODE_UNIT_FINISHED|wrapAccount set(selected,false)
08:23:52.0 (28497393)|CODE_UNIT_STARTED|[EXTERNAL]|01p360000072U8D|AccountSelectClassController invoke(processSelected)
08:23:52.0 (28553161)|HEAP_ALLOCATE|[EXTERNAL]|Bytes:12
08:23:52.0 (28566734)|VARIABLE_SCOPE_BEGIN|[17]|this|AccountSelectClassController|true|false
08:23:52.0 (28607367)|VARIABLE_ASSIGNMENT|[17]|this|{"selectedAccounts":"0xa2bb8a5","wrapAccountList":"0x46986fc8"}|0x4ccc02fd
08:23:52.0 (28620242)|STATEMENT_EXECUTE|[17]
08:23:52.0 (28621946)|STATEMENT_EXECUTE|[18]
08:23:52.0 (28628085)|HEAP_ALLOCATE|[18]|Bytes:4
08:23:52.0 (28757479)|VARIABLE_ASSIGNMENT|[EXTERNAL]|this|{"selectedAccounts":"0xa2bb8a5","wrapAccountList":"0x46986fc8"}|0x4ccc02fd
08:23:52.0 (28767652)|HEAP_ALLOCATE|[EXTERNAL]|Bytes:4
08:23:52.0 (28781958)|VARIABLE_ASSIGNMENT|[EXTERNAL]|value|{"s":1,"v":[]}|0x15197b0e
08:23:52.0 (28794065)|VARIABLE_ASSIGNMENT|[5]|this.selectedAccounts|{"s":1,"v":[]}|0x4ccc02fd
08:23:52.0 (28844549)|VARIABLE_ASSIGNMENT|[EXTERNAL]|this|{"selectedAccounts":"0x15197b0e","wrapAccountList":"0x46986fc8"}|0x4ccc02fd
08:23:52.0 (29059305)|HEAP_ALLOCATE|[20]|Bytes:5
08:23:52.0 (29077896)|HEAP_ALLOCATE|[20]|Bytes:12
08:23:52.0 (29085739)|VARIABLE_SCOPE_BEGIN|[20]|wrapAccountObj|AccountSelectClassController.wrapAccount|true|false
08:23:52.0 (29120000)|VARIABLE_ASSIGNMENT|[20]|wrapAccountObj|{"acc":"0x3ae28d5a","selected":false}|0x6aef560c
08:23:52.0 (29124415)|STATEMENT_EXECUTE|[20]
08:23:52.0 (29167319)|VARIABLE_ASSIGNMENT|[EXTERNAL]|this|{"acc":"0x3ae28d5a","selected":false}|0x6aef560c
08:23:52.0 (29180741)|STATEMENT_EXECUTE|[21]
08:23:52.0 (29192267)|HEAP_ALLOCATE|[20]|Bytes:5
08:23:52.0 (29201779)|HEAP_ALLOCATE|[20]|Bytes:12
08:23:52.0 (29207717)|VARIABLE_SCOPE_BEGIN|[20]|wrapAccountObj|AccountSelectClassController.wrapAccount|true|false
08:23:52.0 (29226374)|VARIABLE_ASSIGNMENT|[20]|wrapAccountObj|{"acc":"0x26d4f224","selected":false}|0x5b2d25bd
08:23:52.0 (29229719)|STATEMENT_EXECUTE|[20]
08:23:52.0 (29248135)|VARIABLE_ASSIGNMENT|[EXTERNAL]|this|{"acc":"0x26d4f224","selected":false}|0x5b2d25bd
08:23:52.0 (29257017)|STATEMENT_EXECUTE|[21]
08:23:52.0 (29266575)|HEAP_ALLOCATE|[20]|Bytes:5
08:23:52.0 (29275196)|HEAP_ALLOCATE|[20]|Bytes:12
08:23:52.0 (29280624)|VARIABLE_SCOPE_BEGIN|[20]|wrapAccountObj|AccountSelectClassController.wrapAccount|true|false
08:23:52.0 (29297579)|VARIABLE_ASSIGNMENT|[20]|wrapAccountObj|{"acc":"0x28f90e75","selected":false}|0x53c058b
08:23:52.0 (29300835)|STATEMENT_EXECUTE|[20]
08:23:52.0 (29318404)|VARIABLE_ASSIGNMENT|[EXTERNAL]|this|{"acc":"0x28f90e75","selected":false}|0x53c058b
08:23:52.0 (29327137)|STATEMENT_EXECUTE|[21]
08:23:52.0 (29336492)|HEAP_ALLOCATE|[20]|Bytes:5
08:23:52.0 (29344995)|HEAP_ALLOCATE|[20]|Bytes:12
08:23:52.0 (29350196)|VARIABLE_SCOPE_BEGIN|[20]|wrapAccountObj|AccountSelectClassController.wrapAccount|true|false
08:23:52.0 (29367146)|VARIABLE_ASSIGNMENT|[20]|wrapAccountObj|{"acc":"0x6dfde6d","selected":true}|0x5fdccb
08:23:52.0 (29370173)|STATEMENT_EXECUTE|[20]
08:23:52.0 (29387801)|VARIABLE_ASSIGNMENT|[EXTERNAL]|this|{"acc":"0x6dfde6d","selected":true}|0x5fdccb
08:23:52.0 (29396327)|STATEMENT_EXECUTE|[21]
08:23:52.0 (29397797)|STATEMENT_EXECUTE|[22]
08:23:52.0 (29436668)|VARIABLE_ASSIGNMENT|[EXTERNAL]|this|{"selectedAccounts":"0x15197b0e","wrapAccountList":"0x46986fc8"}|0x4ccc02fd
08:23:52.0 (29471117)|VARIABLE_ASSIGNMENT|[EXTERNAL]|this|{"acc":"0x6dfde6d","selected":true}|0x5fdccb
08:23:52.0 (29490365)|HEAP_ALLOCATE|[EXTERNAL]|Bytes:4
08:23:52.0 (29503250)|HEAP_ALLOCATE|[20]|Bytes:5
08:23:52.0 (29512371)|HEAP_ALLOCATE|[20]|Bytes:12
08:23:52.0 (29518048)|VARIABLE_SCOPE_BEGIN|[20]|wrapAccountObj|AccountSelectClassController.wrapAccount|true|false
08:23:52.0 (29536119)|VARIABLE_ASSIGNMENT|[20]|wrapAccountObj|{"acc":"0x23a1270a","selected":true}|0x1090b5fa
08:23:52.0 (29539584)|STATEMENT_EXECUTE|[20]
08:23:52.0 (29557408)|VARIABLE_ASSIGNMENT|[EXTERNAL]|this|{"acc":"0x23a1270a","selected":true}|0x1090b5fa
08:23:52.0 (29565923)|STATEMENT_EXECUTE|[21]
08:23:52.0 (29567411)|STATEMENT_EXECUTE|[22]
08:23:52.0 (29584166)|VARIABLE_ASSIGNMENT|[EXTERNAL]|this|{"selectedAccounts":"0x15197b0e","wrapAccountList":"0x46986fc8"}|0x4ccc02fd
08:23:52.0 (29605225)|VARIABLE_ASSIGNMENT|[EXTERNAL]|this|{"acc":"0x23a1270a","selected":true}|0x1090b5fa
08:23:52.0 (29616882)|HEAP_ALLOCATE|[EXTERNAL]|Bytes:4
08:23:52.0 (29628463)|HEAP_ALLOCATE|[20]|Bytes:5
08:23:52.0 (29637210)|HEAP_ALLOCATE|[20]|Bytes:12
08:23:52.0 (29642558)|VARIABLE_SCOPE_BEGIN|[20]|wrapAccountObj|AccountSelectClassController.wrapAccount|true|false
08:23:52.0 (29658783)|VARIABLE_ASSIGNMENT|[20]|wrapAccountObj|{"acc":"0x63ccade1","selected":true}|0x22a26a98
08:23:52.0 (29661975)|STATEMENT_EXECUTE|[20]
08:23:52.0 (29679127)|VARIABLE_ASSIGNMENT|[EXTERNAL]|this|{"acc":"0x63ccade1","selected":true}|0x22a26a98
08:23:52.0 (29687885)|STATEMENT_EXECUTE|[21]
08:23:52.0 (29689310)|STATEMENT_EXECUTE|[22]
08:23:52.0 (29705416)|VARIABLE_ASSIGNMENT|[EXTERNAL]|this|{"selectedAccounts":"0x15197b0e","wrapAccountList":"0x46986fc8"}|0x4ccc02fd
08:23:52.0 (29725881)|VARIABLE_ASSIGNMENT|[EXTERNAL]|this|{"acc":"0x63ccade1","selected":true}|0x22a26a98
08:23:52.0 (29737400)|HEAP_ALLOCATE|[EXTERNAL]|Bytes:4
08:23:52.0 (29748157)|HEAP_ALLOCATE|[20]|Bytes:5
08:23:52.0 (29756876)|HEAP_ALLOCATE|[20]|Bytes:12
08:23:52.0 (29762254)|VARIABLE_SCOPE_BEGIN|[20]|wrapAccountObj|AccountSelectClassController.wrapAccount|true|false
08:23:52.0 (29779091)|VARIABLE_ASSIGNMENT|[20]|wrapAccountObj|{"acc":"0x5a50fa59","selected":true}|0x47d7331a
08:23:52.0 (29782225)|STATEMENT_EXECUTE|[20]
08:23:52.0 (29799656)|VARIABLE_ASSIGNMENT|[EXTERNAL]|this|{"acc":"0x5a50fa59","selected":true}|0x47d7331a
08:23:52.0 (29808014)|STATEMENT_EXECUTE|[21]
08:23:52.0 (29809475)|STATEMENT_EXECUTE|[22]
08:23:52.0 (29825436)|VARIABLE_ASSIGNMENT|[EXTERNAL]|this|{"selectedAccounts":"0x15197b0e","wrapAccountList":"0x46986fc8"}|0x4ccc02fd
08:23:52.0 (29846353)|VARIABLE_ASSIGNMENT|[EXTERNAL]|this|{"acc":"0x5a50fa59","selected":true}|0x47d7331a
08:23:52.0 (29861964)|HEAP_ALLOCATE|[EXTERNAL]|Bytes:4
08:23:52.0 (29873630)|HEAP_ALLOCATE|[20]|Bytes:5
08:23:52.0 (29882231)|HEAP_ALLOCATE|[20]|Bytes:12
08:23:52.0 (29887538)|VARIABLE_SCOPE_BEGIN|[20]|wrapAccountObj|AccountSelectClassController.wrapAccount|true|false
08:23:52.0 (29904742)|VARIABLE_ASSIGNMENT|[20]|wrapAccountObj|{"acc":"0x244c484a","selected":true}|0x399016af
08:23:52.0 (29908277)|STATEMENT_EXECUTE|[20]
08:23:52.0 (29925980)|VARIABLE_ASSIGNMENT|[EXTERNAL]|this|{"acc":"0x244c484a","selected":true}|0x399016af
08:23:52.0 (29934309)|STATEMENT_EXECUTE|[21]
08:23:52.0 (29935794)|STATEMENT_EXECUTE|[22]
08:23:52.0 (29952192)|VARIABLE_ASSIGNMENT|[EXTERNAL]|this|{"selectedAccounts":"0x15197b0e","wrapAccountList":"0x46986fc8"}|0x4ccc02fd
08:23:52.0 (29972798)|VARIABLE_ASSIGNMENT|[EXTERNAL]|this|{"acc":"0x244c484a","selected":true}|0x399016af
08:23:52.0 (29984279)|HEAP_ALLOCATE|[EXTERNAL]|Bytes:4
08:23:52.0 (29995139)|HEAP_ALLOCATE|[20]|Bytes:5
08:23:52.0 (30003582)|HEAP_ALLOCATE|[20]|Bytes:12
08:23:52.0 (30009992)|VARIABLE_SCOPE_BEGIN|[20]|wrapAccountObj|AccountSelectClassController.wrapAccount|true|false
08:23:52.0 (30027337)|VARIABLE_ASSIGNMENT|[20]|wrapAccountObj|{"acc":"0x417588c1","selected":false}|0x2cba4b02
08:23:52.0 (30030620)|STATEMENT_EXECUTE|[20]
08:23:52.0 (30048236)|VARIABLE_ASSIGNMENT|[EXTERNAL]|this|{"acc":"0x417588c1","selected":false}|0x2cba4b02
08:23:52.0 (30057568)|STATEMENT_EXECUTE|[21]
08:23:52.0 (30067007)|HEAP_ALLOCATE|[20]|Bytes:5
08:23:52.0 (30075423)|HEAP_ALLOCATE|[20]|Bytes:12
08:23:52.0 (30080732)|VARIABLE_SCOPE_BEGIN|[20]|wrapAccountObj|AccountSelectClassController.wrapAccount|true|false
08:23:52.0 (30097144)|VARIABLE_ASSIGNMENT|[20]|wrapAccountObj|{"acc":"0x6c58215","selected":false}|0x1dfd12a7
08:23:52.0 (30100300)|STATEMENT_EXECUTE|[20]
08:23:52.0 (30117539)|VARIABLE_ASSIGNMENT|[EXTERNAL]|this|{"acc":"0x6c58215","selected":false}|0x1dfd12a7
08:23:52.0 (30125812)|STATEMENT_EXECUTE|[21]
08:23:52.0 (30135185)|HEAP_ALLOCATE|[20]|Bytes:5
08:23:52.0 (30144627)|VARIABLE_ASSIGNMENT|[20]|wrapAccountObj|null|
08:23:52.0 (30186965)|CODE_UNIT_FINISHED|AccountSelectClassController invoke(processSelected)
08:23:52.0 (30233057)|VF_APEX_CALL|j_id5|{!processSelected}|PageReference: none
08:23:52.0 (32724306)|CODE_UNIT_STARTED|[EXTERNAL]|01p360000072U8D|AccountSelectClassController get(wrapAccountList)
08:23:52.0 (32737505)|SYSTEM_MODE_ENTER|true
08:23:52.0 (32751394)|CODE_UNIT_STARTED|[EXTERNAL]|01p360000072U8D|wrapAccountList
08:23:52.0 (32763349)|CODE_UNIT_FINISHED|wrapAccountList
08:23:52.0 (32778278)|CODE_UNIT_FINISHED|AccountSelectClassController get(wrapAccountList)
08:23:52.0 (33009833)|CODE_UNIT_STARTED|[EXTERNAL]|01p360000072U8D|acc
08:23:52.0 (33023574)|CODE_UNIT_FINISHED|acc
08:23:52.0 (41656036)|CODE_UNIT_STARTED|[EXTERNAL]|01p360000072U8D|AccountSelectClassController get(selectedAccounts)
08:23:52.0 (41667639)|SYSTEM_MODE_ENTER|true
08:23:52.0 (41681162)|CODE_UNIT_STARTED|[EXTERNAL]|01p360000072U8D|selectedAccounts
08:23:52.0 (41693222)|CODE_UNIT_FINISHED|selectedAccounts
08:23:52.0 (41708572)|CODE_UNIT_FINISHED|AccountSelectClassController get(selectedAccounts)
08:23:52.0 (52771234)|VF_SERIALIZE_VIEWSTATE_BEGIN|06636000002mOgR
08:23:52.0 (75738038)|VF_SERIALIZE_VIEWSTATE_END
08:23:52.0 (83428255)|CODE_UNIT_STARTED|[EXTERNAL]|Generate Metadata
08:23:52.0 (87045396)|CODE_UNIT_FINISHED|Generate Metadata
08:23:52.95 (95164614)|CUMULATIVE_LIMIT_USAGE
08:23:52.95 (95164614)|LIMIT_USAGE_FOR_NS|(default)|
  Number of SOQL queries: 0 out of 100
  Number of query rows: 0 out of 50000
  Number of SOSL queries: 0 out of 20
  Number of DML statements: 0 out of 150
  Number of DML rows: 0 out of 10000
  Maximum CPU time: 0 out of 10000
  Maximum heap size: 0 out of 6000000
  Number of callouts: 0 out of 100
  Number of Email Invocations: 0 out of 10
  Number of future calls: 0 out of 50
  Number of queueable jobs added to the queue: 0 out of 50
  Number of Mobile Apex push calls: 0 out of 10

08:23:52.95 (95164614)|CUMULATIVE_LIMIT_USAGE_END

08:23:52.0 (95216876)|CODE_UNIT_FINISHED|VF: /apex/AccountWrapper
08:23:52.0 (97839681)|EXECUTION_FINISHED
