36.0 APEX_CODE,FINEST;APEX_PROFILING,INFO;CALLOUT,INFO;DB,INFO;SYSTEM,DEBUG;VALIDATION,INFO;VISUALFORCE,INFO;WORKFLOW,INFO
03:19:12.0 (442103)|EXECUTION_STARTED
03:19:12.0 (485311)|CODE_UNIT_STARTED|[EXTERNAL]|06636000002n6IF|VF: /apex/AccountTabWrap
03:19:12.0 (7883569)|CODE_UNIT_STARTED|[EXTERNAL]|01p360000074iI2|AccountTableWrapper <init>
03:19:12.0 (7900871)|SYSTEM_MODE_ENTER|true
03:19:12.0 (8425249)|HEAP_ALLOCATE|[72]|Bytes:3
03:19:12.0 (8494586)|HEAP_ALLOCATE|[77]|Bytes:152
03:19:12.0 (8514470)|HEAP_ALLOCATE|[342]|Bytes:408
03:19:12.0 (8534730)|HEAP_ALLOCATE|[355]|Bytes:408
03:19:12.0 (8554280)|HEAP_ALLOCATE|[467]|Bytes:48
03:19:12.0 (8599337)|HEAP_ALLOCATE|[139]|Bytes:6
03:19:12.0 (8628906)|HEAP_ALLOCATE|[EXTERNAL]|Bytes:24
03:19:12.0 (8633536)|HEAP_ALLOCATE|[EXTERNAL]|Bytes:120
03:19:12.0 (8636237)|HEAP_ALLOCATE|[EXTERNAL]|Bytes:15
03:19:12.0 (8654477)|METHOD_ENTRY|[1]|01p360000074iI2|AccountTableWrapper.AccountTableWrapper()
03:19:12.0 (8659880)|STATEMENT_EXECUTE|[1]
03:19:12.0 (8669157)|STATEMENT_EXECUTE|[1]
03:19:12.0 (8705872)|HEAP_ALLOCATE|[50]|Bytes:5
03:19:12.0 (8738332)|HEAP_ALLOCATE|[56]|Bytes:5
03:19:12.0 (8749204)|HEAP_ALLOCATE|[64]|Bytes:7
03:19:12.0 (8776797)|SYSTEM_MODE_ENTER|false
03:19:12.0 (8795630)|HEAP_ALLOCATE|[EXTERNAL]|Bytes:5
03:19:12.0 (8799737)|STATEMENT_EXECUTE|[68]
03:19:12.0 (8801273)|STATEMENT_EXECUTE|[86]
03:19:12.0 (8807439)|SYSTEM_MODE_EXIT|false
03:19:12.0 (8822751)|METHOD_EXIT|[1]|AccountTableWrapper
03:19:12.0 (9294068)|HEAP_ALLOCATE|[EXTERNAL]|Bytes:16
03:19:12.0 (9309453)|VARIABLE_SCOPE_BEGIN|[5]|this|AccountTableWrapper|true|false
03:19:12.0 (9385609)|VARIABLE_ASSIGNMENT|[5]|this|{}|0x127332a5
03:19:12.0 (9401552)|SYSTEM_MODE_ENTER|false
03:19:12.0 (9406859)|HEAP_ALLOCATE|[EXTERNAL]|Bytes:5
03:19:12.0 (9410554)|STATEMENT_EXECUTE|[1]
03:19:12.0 (9413182)|HEAP_ALLOCATE|[EXTERNAL]|Bytes:5
03:19:12.0 (9414827)|STATEMENT_EXECUTE|[2]
03:19:12.0 (9416394)|STATEMENT_EXECUTE|[3]
03:19:12.0 (9417420)|STATEMENT_EXECUTE|[4]
03:19:12.0 (9430285)|HEAP_ALLOCATE|[EXTERNAL]|Bytes:6
03:19:12.0 (9457443)|STATEMENT_EXECUTE|[5]
03:19:12.0 (9463847)|SYSTEM_MODE_EXIT|false
03:19:12.0 (9487445)|CODE_UNIT_FINISHED|AccountTableWrapper <init>
03:19:12.0 (9563234)|CODE_UNIT_STARTED|[EXTERNAL]|01p360000074iI2|AccountTableWrapper get(Accounts)
03:19:12.0 (9573103)|SYSTEM_MODE_ENTER|true
03:19:12.0 (9612117)|CODE_UNIT_STARTED|[EXTERNAL]|01p360000074iI2|AccountTableWrapper invoke(getAccounts)
03:19:12.0 (9659217)|HEAP_ALLOCATE|[EXTERNAL]|Bytes:16
03:19:12.0 (9667553)|VARIABLE_SCOPE_BEGIN|[9]|this|AccountTableWrapper|true|false
03:19:12.0 (9686478)|VARIABLE_ASSIGNMENT|[9]|this|{}|0x127332a5
03:19:12.0 (9702289)|SYSTEM_MODE_ENTER|false
03:19:12.0 (9706682)|HEAP_ALLOCATE|[11]|Bytes:5
03:19:12.0 (9710104)|STATEMENT_EXECUTE|[10]
03:19:12.0 (9772737)|VARIABLE_ASSIGNMENT|[EXTERNAL]|this|{}|0x127332a5
03:19:12.0 (9789788)|STATEMENT_EXECUTE|[12]
03:19:12.0 (9791430)|STATEMENT_EXECUTE|[13]
03:19:12.0 (9794741)|HEAP_ALLOCATE|[13]|Bytes:141
03:19:12.0 (9809802)|HEAP_ALLOCATE|[13]|Bytes:4
03:19:12.0 (11333864)|SOQL_EXECUTE_BEGIN|[13]|Aggregations:0|SELECT id, Name, BillingStreet, BillingCity, BillingPostalCode FROM Account WHERE (BillingCity != NULL AND BillingPostalCode != NULL) LIMIT 3
03:19:12.0 (15448494)|SOQL_EXECUTE_END|[13]|Rows:3
03:19:12.0 (15472847)|HEAP_ALLOCATE|[13]|Bytes:16
03:19:12.0 (15495804)|HEAP_ALLOCATE|[13]|Bytes:417
03:19:12.0 (15537066)|HEAP_ALLOCATE|[13]|Bytes:16
03:19:12.0 (15585741)|VARIABLE_ASSIGNMENT|[EXTERNAL]|this|{}|0x127332a5
03:19:12.0 (15638120)|VARIABLE_ASSIGNMENT|[EXTERNAL]|value|{"s":1,"v":[{"s":2,"v":{"Id":"0013600000CWofeAAD","Name":"Google inc","BillingStreet":"Green st.","BillingCity":"LA","BillingPostalCode":"442234"}},{"s":3,"v":{"Id":"00136000003VQw8AAG","Name":"Burlington Textiles  (15 more) ...","BillingStreet":"525 S. Lexington Ave","BillingCity":"Burlington","BillingPostalCode":"27215"}},{"s":4,"v":{"Id":"00136000003VQw9AAG","Name":"Pyramid Construction (5 more) ...","BillingStreet":"2 Place Jussieu","BillingCity":"Paris","BillingPostalCode":"75251"}}]}|0x2348ba71
03:19:12.0 (15680150)|VARIABLE_ASSIGNMENT|[2]|this.accs|{"s":1,"v":[{"s":2,"v":{"Id":"0013600000CWofeAAD","Name":"Google inc","BillingStreet":"Green st.","BillingCity":"LA","BillingPostalCode":"442234"}},{"s":3,"v":{"Id":"00136000003VQw8AAG","Name":"Burlington Textiles  (15 more) ...","BillingStreet":"525 S. Lexington Ave","BillingCity":"Burlington","BillingPostalCode":"27215"}},{"s":4,"v":{"Id":"00136000003VQw9AAG","Name":"Pyramid Construction (5 more) ...","BillingStreet":"2 Place Jussieu","BillingCity":"Paris","BillingPostalCode":"75251"}}]}|0x127332a5
03:19:12.0 (15692128)|STATEMENT_EXECUTE|[17]
03:19:12.0 (15740251)|VARIABLE_ASSIGNMENT|[EXTERNAL]|this|{"accs":"0x2348ba71"}|0x127332a5
03:19:12.0 (15755465)|SYSTEM_MODE_EXIT|false
03:19:12.0 (15772546)|CODE_UNIT_FINISHED|AccountTableWrapper invoke(getAccounts)
03:19:12.0 (15803401)|CODE_UNIT_FINISHED|AccountTableWrapper get(Accounts)
03:19:12.0 (16271383)|CODE_UNIT_STARTED|[EXTERNAL]|01p360000074iI2|AccountTableWrapper get(rowWrappers)
03:19:12.0 (16282376)|SYSTEM_MODE_ENTER|true
03:19:12.0 (16311714)|CODE_UNIT_STARTED|[EXTERNAL]|01p360000074iI2|AccountTableWrapper invoke(getrowWrappers)
03:19:12.0 (16355321)|HEAP_ALLOCATE|[EXTERNAL]|Bytes:16
03:19:12.0 (16362984)|VARIABLE_SCOPE_BEGIN|[21]|this|AccountTableWrapper|true|false
03:19:12.0 (16384922)|VARIABLE_ASSIGNMENT|[21]|this|{"accs":"0x2348ba71"}|0x127332a5
03:19:12.0 (16397960)|SYSTEM_MODE_ENTER|false
03:19:12.0 (16403344)|HEAP_ALLOCATE|[23]|Bytes:5
03:19:12.0 (16407062)|STATEMENT_EXECUTE|[22]
03:19:12.0 (16463854)|VARIABLE_ASSIGNMENT|[EXTERNAL]|this|{"accs":"0x2348ba71"}|0x127332a5
03:19:12.0 (16478235)|STATEMENT_EXECUTE|[24]
03:19:12.0 (16479877)|STATEMENT_EXECUTE|[25]
03:19:12.0 (16485532)|HEAP_ALLOCATE|[25]|Bytes:4
03:19:12.0 (16619144)|VARIABLE_ASSIGNMENT|[EXTERNAL]|this|{"accs":"0x2348ba71"}|0x127332a5
03:19:12.0 (16649552)|HEAP_ALLOCATE|[EXTERNAL]|Bytes:4
03:19:12.0 (16663180)|VARIABLE_ASSIGNMENT|[EXTERNAL]|value|{"s":1,"v":[]}|0xf5d6e2a
03:19:12.0 (16682642)|VARIABLE_ASSIGNMENT|[3]|this.rows|{"s":1,"v":[]}|0x127332a5
03:19:12.0 (16692537)|STATEMENT_EXECUTE|[28]
03:19:12.0 (16699005)|VARIABLE_SCOPE_BEGIN|[28]|idx|Integer|false|false
03:19:12.0 (16703482)|HEAP_ALLOCATE|[28]|Bytes:4
03:19:12.0 (16709213)|VARIABLE_ASSIGNMENT|[28]|idx|0
03:19:12.0 (16714904)|STATEMENT_EXECUTE|[29]
03:19:12.0 (16716209)|STATEMENT_EXECUTE|[30]
03:19:12.0 (16762048)|VARIABLE_ASSIGNMENT|[EXTERNAL]|this|{"accs":"0x2348ba71","rows":"0xf5d6e2a"}|0x127332a5
03:19:12.0 (16846634)|HEAP_ALLOCATE|[30]|Bytes:84
03:19:12.0 (16852834)|HEAP_ALLOCATE|[30]|Bytes:8
03:19:12.0 (16870025)|HEAP_ALLOCATE|[30]|Bytes:8
03:19:12.0 (16893367)|CONSTRUCTOR_ENTRY|[30]|01p360000074iI2|<init>()
03:19:12.0 (16910955)|VARIABLE_SCOPE_BEGIN|[74]|this|AccountTableWrapper.RowWrapper|true|false
03:19:12.0 (16935914)|VARIABLE_ASSIGNMENT|[74]|this|{}|0x4d92fb0e
03:19:12.0 (16942212)|STATEMENT_EXECUTE|[68]
03:19:12.0 (16943584)|STATEMENT_EXECUTE|[71]
03:19:12.0 (16957557)|STATEMENT_EXECUTE|[75]
03:19:12.0 (16959153)|STATEMENT_EXECUTE|[76]
03:19:12.0 (16963178)|HEAP_ALLOCATE|[76]|Bytes:4
03:19:12.0 (17055620)|VARIABLE_ASSIGNMENT|[EXTERNAL]|this|{}|0x4d92fb0e
03:19:12.0 (17088320)|HEAP_ALLOCATE|[EXTERNAL]|Bytes:4
03:19:12.0 (17100952)|VARIABLE_ASSIGNMENT|[EXTERNAL]|value|{"s":1,"v":[]}|0x14da188a
03:19:12.0 (17119782)|VARIABLE_ASSIGNMENT|[71]|this.values|{"s":1,"v":[]}|0x4d92fb0e
03:19:12.0 (17131339)|CONSTRUCTOR_EXIT|[30]|01p360000074iI2|<init>()
03:19:12.0 (17153557)|HEAP_ALLOCATE|[EXTERNAL]|Bytes:4
03:19:12.0 (17161374)|HEAP_ALLOCATE|[28]|Bytes:4
03:19:12.0 (17167829)|VARIABLE_ASSIGNMENT|[28]|idx|1
03:19:12.0 (17173249)|STATEMENT_EXECUTE|[29]
03:19:12.0 (17174698)|STATEMENT_EXECUTE|[30]
03:19:12.0 (17199372)|VARIABLE_ASSIGNMENT|[EXTERNAL]|this|{"accs":"0x2348ba71","rows":"0xf5d6e2a"}|0x127332a5
03:19:12.0 (17214901)|HEAP_ALLOCATE|[30]|Bytes:8
03:19:12.0 (17221633)|CONSTRUCTOR_ENTRY|[30]|01p360000074iI2|<init>()
03:19:12.0 (17226032)|VARIABLE_SCOPE_BEGIN|[74]|this|AccountTableWrapper.RowWrapper|true|false
03:19:12.0 (17240016)|VARIABLE_ASSIGNMENT|[74]|this|{}|0x75ba213
03:19:12.0 (17243462)|STATEMENT_EXECUTE|[68]
03:19:12.0 (17244677)|STATEMENT_EXECUTE|[71]
03:19:12.0 (17254952)|STATEMENT_EXECUTE|[75]
03:19:12.0 (17256440)|STATEMENT_EXECUTE|[76]
03:19:12.0 (17259775)|HEAP_ALLOCATE|[76]|Bytes:4
03:19:12.0 (17283421)|VARIABLE_ASSIGNMENT|[EXTERNAL]|this|{}|0x75ba213
03:19:12.0 (17300840)|HEAP_ALLOCATE|[EXTERNAL]|Bytes:4
03:19:12.0 (17312079)|VARIABLE_ASSIGNMENT|[EXTERNAL]|value|{"s":1,"v":[]}|0x6a23a7b9
03:19:12.0 (17326954)|VARIABLE_ASSIGNMENT|[71]|this.values|{"s":1,"v":[]}|0x75ba213
03:19:12.0 (17337543)|CONSTRUCTOR_EXIT|[30]|01p360000074iI2|<init>()
03:19:12.0 (17349042)|HEAP_ALLOCATE|[EXTERNAL]|Bytes:4
03:19:12.0 (17355299)|HEAP_ALLOCATE|[28]|Bytes:4
03:19:12.0 (17361582)|VARIABLE_ASSIGNMENT|[28]|idx|2
03:19:12.0 (17366502)|STATEMENT_EXECUTE|[29]
03:19:12.0 (17367862)|STATEMENT_EXECUTE|[30]
03:19:12.0 (17390964)|VARIABLE_ASSIGNMENT|[EXTERNAL]|this|{"accs":"0x2348ba71","rows":"0xf5d6e2a"}|0x127332a5
03:19:12.0 (17401002)|HEAP_ALLOCATE|[30]|Bytes:8
03:19:12.0 (17406881)|CONSTRUCTOR_ENTRY|[30]|01p360000074iI2|<init>()
03:19:12.0 (17410790)|VARIABLE_SCOPE_BEGIN|[74]|this|AccountTableWrapper.RowWrapper|true|false
03:19:12.0 (17423433)|VARIABLE_ASSIGNMENT|[74]|this|{}|0x2ef9fc3f
03:19:12.0 (17426519)|STATEMENT_EXECUTE|[68]
03:19:12.0 (17427776)|STATEMENT_EXECUTE|[71]
03:19:12.0 (17437676)|STATEMENT_EXECUTE|[75]
03:19:12.0 (17439142)|STATEMENT_EXECUTE|[76]
03:19:12.0 (17442232)|HEAP_ALLOCATE|[76]|Bytes:4
03:19:12.0 (17464927)|VARIABLE_ASSIGNMENT|[EXTERNAL]|this|{}|0x2ef9fc3f
03:19:12.0 (17481029)|HEAP_ALLOCATE|[EXTERNAL]|Bytes:4
03:19:12.0 (17491940)|VARIABLE_ASSIGNMENT|[EXTERNAL]|value|{"s":1,"v":[]}|0x36f7040f
03:19:12.0 (17506361)|VARIABLE_ASSIGNMENT|[71]|this.values|{"s":1,"v":[]}|0x2ef9fc3f
03:19:12.0 (17516769)|CONSTRUCTOR_EXIT|[30]|01p360000074iI2|<init>()
03:19:12.0 (17527753)|HEAP_ALLOCATE|[EXTERNAL]|Bytes:4
03:19:12.0 (17533721)|HEAP_ALLOCATE|[28]|Bytes:4
03:19:12.0 (17539315)|VARIABLE_ASSIGNMENT|[28]|idx|3
03:19:12.0 (17543994)|STATEMENT_EXECUTE|[29]
03:19:12.0 (17545347)|STATEMENT_EXECUTE|[30]
03:19:12.0 (17568189)|VARIABLE_ASSIGNMENT|[EXTERNAL]|this|{"accs":"0x2348ba71","rows":"0xf5d6e2a"}|0x127332a5
03:19:12.0 (17578123)|HEAP_ALLOCATE|[30]|Bytes:8
03:19:12.0 (17583788)|CONSTRUCTOR_ENTRY|[30]|01p360000074iI2|<init>()
03:19:12.0 (17587618)|VARIABLE_SCOPE_BEGIN|[74]|this|AccountTableWrapper.RowWrapper|true|false
03:19:12.0 (17599965)|VARIABLE_ASSIGNMENT|[74]|this|{}|0x6ce673f8
03:19:12.0 (17603031)|STATEMENT_EXECUTE|[68]
03:19:12.0 (17604289)|STATEMENT_EXECUTE|[71]
03:19:12.0 (17613833)|STATEMENT_EXECUTE|[75]
03:19:12.0 (17615263)|STATEMENT_EXECUTE|[76]
03:19:12.0 (17618363)|HEAP_ALLOCATE|[76]|Bytes:4
03:19:12.0 (17641237)|VARIABLE_ASSIGNMENT|[EXTERNAL]|this|{}|0x6ce673f8
03:19:12.0 (17657260)|HEAP_ALLOCATE|[EXTERNAL]|Bytes:4
03:19:12.0 (17668062)|VARIABLE_ASSIGNMENT|[EXTERNAL]|value|{"s":1,"v":[]}|0x1b8f0fb2
03:19:12.0 (17682408)|VARIABLE_ASSIGNMENT|[71]|this.values|{"s":1,"v":[]}|0x6ce673f8
03:19:12.0 (17692709)|CONSTRUCTOR_EXIT|[30]|01p360000074iI2|<init>()
03:19:12.0 (17703530)|HEAP_ALLOCATE|[EXTERNAL]|Bytes:4
03:19:12.0 (17709594)|HEAP_ALLOCATE|[28]|Bytes:4
03:19:12.0 (17715244)|VARIABLE_ASSIGNMENT|[28]|idx|4
03:19:12.0 (17720928)|STATEMENT_EXECUTE|[34]
03:19:12.0 (17723886)|VARIABLE_SCOPE_BEGIN|[34]|idx|Integer|false|false
03:19:12.0 (17726587)|HEAP_ALLOCATE|[34]|Bytes:4
03:19:12.0 (17730415)|VARIABLE_ASSIGNMENT|[34]|idx|0
03:19:12.0 (17752053)|METHOD_ENTRY|[34]|01p360000074iI2|AccountTableWrapper.getAccounts()
03:19:12.0 (17774573)|VARIABLE_SCOPE_BEGIN|[9]|this|AccountTableWrapper|true|false
03:19:12.0 (17795705)|VARIABLE_ASSIGNMENT|[9]|this|{"accs":"0x2348ba71","rows":"0xf5d6e2a"}|0x127332a5
03:19:12.0 (17804402)|HEAP_ALLOCATE|[11]|Bytes:5
03:19:12.0 (17807677)|STATEMENT_EXECUTE|[10]
03:19:12.0 (17829426)|VARIABLE_ASSIGNMENT|[EXTERNAL]|this|{"accs":"0x2348ba71","rows":"0xf5d6e2a"}|0x127332a5
03:19:12.0 (17837597)|STATEMENT_EXECUTE|[11]
03:19:12.0 (17839070)|STATEMENT_EXECUTE|[17]
03:19:12.0 (17857076)|VARIABLE_ASSIGNMENT|[EXTERNAL]|this|{"accs":"0x2348ba71","rows":"0xf5d6e2a"}|0x127332a5
03:19:12.0 (17871494)|METHOD_EXIT|[34]|01p360000074iI2|AccountTableWrapper.getAccounts()
03:19:12.0 (17921246)|STATEMENT_EXECUTE|[35]
03:19:12.0 (17923600)|STATEMENT_EXECUTE|[36]
03:19:12.0 (17967636)|VARIABLE_ASSIGNMENT|[EXTERNAL]|this|{"accs":"0x2348ba71","rows":"0xf5d6e2a"}|0x127332a5
03:19:12.0 (17985794)|HEAP_ALLOCATE|[36]|Bytes:8
03:19:12.0 (17998394)|METHOD_ENTRY|[36]|01p360000074iI2|AccountTableWrapper.getAccounts()
03:19:12.0 (18003107)|VARIABLE_SCOPE_BEGIN|[9]|this|AccountTableWrapper|true|false
03:19:12.0 (18022363)|VARIABLE_ASSIGNMENT|[9]|this|{"accs":"0x2348ba71","rows":"0xf5d6e2a"}|0x127332a5
03:19:12.0 (18029828)|HEAP_ALLOCATE|[11]|Bytes:5
03:19:12.0 (18032881)|STATEMENT_EXECUTE|[10]
03:19:12.0 (18053819)|VARIABLE_ASSIGNMENT|[EXTERNAL]|this|{"accs":"0x2348ba71","rows":"0xf5d6e2a"}|0x127332a5
03:19:12.0 (18061638)|STATEMENT_EXECUTE|[11]
03:19:12.0 (18063008)|STATEMENT_EXECUTE|[17]
03:19:12.0 (18080482)|VARIABLE_ASSIGNMENT|[EXTERNAL]|this|{"accs":"0x2348ba71","rows":"0xf5d6e2a"}|0x127332a5
03:19:12.0 (18093795)|METHOD_EXIT|[36]|01p360000074iI2|AccountTableWrapper.getAccounts()
03:19:12.0 (18123970)|HEAP_ALLOCATE|[36]|Bytes:24
03:19:12.0 (18172512)|METHOD_ENTRY|[36]|01p360000074iI2|AccountTableWrapper.RowWrapper.addValue(String)
03:19:12.0 (18179871)|VARIABLE_SCOPE_BEGIN|[80]|this|AccountTableWrapper.RowWrapper|true|false
03:19:12.0 (18197435)|VARIABLE_ASSIGNMENT|[80]|this|{"values":"0x14da188a"}|0x4d92fb0e
03:19:12.0 (18201642)|VARIABLE_SCOPE_BEGIN|[80]|value|String|false|false
03:19:12.0 (18210152)|VARIABLE_ASSIGNMENT|[80]|value|"Google inc"
03:19:12.0 (18215895)|STATEMENT_EXECUTE|[81]
03:19:12.0 (18217237)|STATEMENT_EXECUTE|[82]
03:19:12.0 (18268996)|VARIABLE_ASSIGNMENT|[EXTERNAL]|this|{"values":"0x14da188a"}|0x4d92fb0e
03:19:12.0 (18293888)|HEAP_ALLOCATE|[EXTERNAL]|Bytes:4
03:19:12.0 (18305042)|METHOD_EXIT|[36]|01p360000074iI2|AccountTableWrapper.RowWrapper.addValue(String)
03:19:12.0 (18308860)|STATEMENT_EXECUTE|[37]
03:19:12.0 (18351496)|VARIABLE_ASSIGNMENT|[EXTERNAL]|this|{"accs":"0x2348ba71","rows":"0xf5d6e2a"}|0x127332a5
03:19:12.0 (18367094)|HEAP_ALLOCATE|[37]|Bytes:8
03:19:12.0 (18379567)|METHOD_ENTRY|[37]|01p360000074iI2|AccountTableWrapper.getAccounts()
03:19:12.0 (18384275)|VARIABLE_SCOPE_BEGIN|[9]|this|AccountTableWrapper|true|false
03:19:12.0 (18402199)|VARIABLE_ASSIGNMENT|[9]|this|{"accs":"0x2348ba71","rows":"0xf5d6e2a"}|0x127332a5
03:19:12.0 (18409533)|HEAP_ALLOCATE|[11]|Bytes:5
03:19:12.0 (18412534)|STATEMENT_EXECUTE|[10]
03:19:12.0 (18433346)|VARIABLE_ASSIGNMENT|[EXTERNAL]|this|{"accs":"0x2348ba71","rows":"0xf5d6e2a"}|0x127332a5
03:19:12.0 (18441343)|STATEMENT_EXECUTE|[11]
03:19:12.0 (18442850)|STATEMENT_EXECUTE|[17]
03:19:12.0 (18460426)|VARIABLE_ASSIGNMENT|[EXTERNAL]|this|{"accs":"0x2348ba71","rows":"0xf5d6e2a"}|0x127332a5
03:19:12.0 (18473443)|METHOD_EXIT|[37]|01p360000074iI2|AccountTableWrapper.getAccounts()
03:19:12.0 (18483320)|HEAP_ALLOCATE|[37]|Bytes:24
03:19:12.0 (18517558)|METHOD_ENTRY|[37]|01p360000074iI2|AccountTableWrapper.RowWrapper.addValue(String)
03:19:12.0 (18523468)|VARIABLE_SCOPE_BEGIN|[80]|this|AccountTableWrapper.RowWrapper|true|false
03:19:12.0 (18541069)|VARIABLE_ASSIGNMENT|[80]|this|{"values":"0x6a23a7b9"}|0x75ba213
03:19:12.0 (18543705)|VARIABLE_SCOPE_BEGIN|[80]|value|String|false|false
03:19:12.0 (18547330)|VARIABLE_ASSIGNMENT|[80]|value|"Green st."
03:19:12.0 (18550655)|STATEMENT_EXECUTE|[81]
03:19:12.0 (18551901)|STATEMENT_EXECUTE|[82]
03:19:12.0 (18569267)|VARIABLE_ASSIGNMENT|[EXTERNAL]|this|{"values":"0x6a23a7b9"}|0x75ba213
03:19:12.0 (18585141)|HEAP_ALLOCATE|[EXTERNAL]|Bytes:4
03:19:12.0 (18595577)|METHOD_EXIT|[37]|01p360000074iI2|AccountTableWrapper.RowWrapper.addValue(String)
03:19:12.0 (18599088)|STATEMENT_EXECUTE|[38]
03:19:12.0 (18641180)|VARIABLE_ASSIGNMENT|[EXTERNAL]|this|{"accs":"0x2348ba71","rows":"0xf5d6e2a"}|0x127332a5
03:19:12.0 (18656890)|HEAP_ALLOCATE|[38]|Bytes:8
03:19:12.0 (18669219)|METHOD_ENTRY|[38]|01p360000074iI2|AccountTableWrapper.getAccounts()
03:19:12.0 (18673810)|VARIABLE_SCOPE_BEGIN|[9]|this|AccountTableWrapper|true|false
03:19:12.0 (18692098)|VARIABLE_ASSIGNMENT|[9]|this|{"accs":"0x2348ba71","rows":"0xf5d6e2a"}|0x127332a5
03:19:12.0 (18699260)|HEAP_ALLOCATE|[11]|Bytes:5
03:19:12.0 (18702254)|STATEMENT_EXECUTE|[10]
03:19:12.0 (18722977)|VARIABLE_ASSIGNMENT|[EXTERNAL]|this|{"accs":"0x2348ba71","rows":"0xf5d6e2a"}|0x127332a5
03:19:12.0 (18730820)|STATEMENT_EXECUTE|[11]
03:19:12.0 (18732226)|STATEMENT_EXECUTE|[17]
03:19:12.0 (18749794)|VARIABLE_ASSIGNMENT|[EXTERNAL]|this|{"accs":"0x2348ba71","rows":"0xf5d6e2a"}|0x127332a5
03:19:12.0 (18762763)|METHOD_EXIT|[38]|01p360000074iI2|AccountTableWrapper.getAccounts()
03:19:12.0 (18772448)|HEAP_ALLOCATE|[38]|Bytes:24
03:19:12.0 (18805268)|METHOD_ENTRY|[38]|01p360000074iI2|AccountTableWrapper.RowWrapper.addValue(String)
03:19:12.0 (18810678)|VARIABLE_SCOPE_BEGIN|[80]|this|AccountTableWrapper.RowWrapper|true|false
03:19:12.0 (18827857)|VARIABLE_ASSIGNMENT|[80]|this|{"values":"0x36f7040f"}|0x2ef9fc3f
03:19:12.0 (18830435)|VARIABLE_SCOPE_BEGIN|[80]|value|String|false|false
03:19:12.0 (18833965)|VARIABLE_ASSIGNMENT|[80]|value|"LA"
03:19:12.0 (18837304)|STATEMENT_EXECUTE|[81]
03:19:12.0 (18838530)|STATEMENT_EXECUTE|[82]
03:19:12.0 (18856437)|VARIABLE_ASSIGNMENT|[EXTERNAL]|this|{"values":"0x36f7040f"}|0x2ef9fc3f
03:19:12.0 (18872270)|HEAP_ALLOCATE|[EXTERNAL]|Bytes:4
03:19:12.0 (18882446)|METHOD_EXIT|[38]|01p360000074iI2|AccountTableWrapper.RowWrapper.addValue(String)
03:19:12.0 (18885800)|STATEMENT_EXECUTE|[39]
03:19:12.0 (18927779)|VARIABLE_ASSIGNMENT|[EXTERNAL]|this|{"accs":"0x2348ba71","rows":"0xf5d6e2a"}|0x127332a5
03:19:12.0 (18943031)|HEAP_ALLOCATE|[39]|Bytes:8
03:19:12.0 (18954989)|METHOD_ENTRY|[39]|01p360000074iI2|AccountTableWrapper.getAccounts()
03:19:12.0 (18959879)|VARIABLE_SCOPE_BEGIN|[9]|this|AccountTableWrapper|true|false
03:19:12.0 (18977713)|VARIABLE_ASSIGNMENT|[9]|this|{"accs":"0x2348ba71","rows":"0xf5d6e2a"}|0x127332a5
03:19:12.0 (18984608)|HEAP_ALLOCATE|[11]|Bytes:5
03:19:12.0 (18987512)|STATEMENT_EXECUTE|[10]
03:19:12.0 (19009774)|VARIABLE_ASSIGNMENT|[EXTERNAL]|this|{"accs":"0x2348ba71","rows":"0xf5d6e2a"}|0x127332a5
03:19:12.0 (19022983)|STATEMENT_EXECUTE|[11]
03:19:12.0 (19025861)|STATEMENT_EXECUTE|[17]
03:19:12.0 (19050711)|VARIABLE_ASSIGNMENT|[EXTERNAL]|this|{"accs":"0x2348ba71","rows":"0xf5d6e2a"}|0x127332a5
03:19:12.0 (19065536)|METHOD_EXIT|[39]|01p360000074iI2|AccountTableWrapper.getAccounts()
03:19:12.0 (19075425)|HEAP_ALLOCATE|[39]|Bytes:24
03:19:12.0 (19108345)|METHOD_ENTRY|[39]|01p360000074iI2|AccountTableWrapper.RowWrapper.addValue(String)
03:19:12.0 (19113713)|VARIABLE_SCOPE_BEGIN|[80]|this|AccountTableWrapper.RowWrapper|true|false
03:19:12.0 (19131165)|VARIABLE_ASSIGNMENT|[80]|this|{"values":"0x1b8f0fb2"}|0x6ce673f8
03:19:12.0 (19133681)|VARIABLE_SCOPE_BEGIN|[80]|value|String|false|false
03:19:12.0 (19137313)|VARIABLE_ASSIGNMENT|[80]|value|"442234"
03:19:12.0 (19140573)|STATEMENT_EXECUTE|[81]
03:19:12.0 (19141793)|STATEMENT_EXECUTE|[82]
03:19:12.0 (19158918)|VARIABLE_ASSIGNMENT|[EXTERNAL]|this|{"values":"0x1b8f0fb2"}|0x6ce673f8
03:19:12.0 (19174496)|HEAP_ALLOCATE|[EXTERNAL]|Bytes:4
03:19:12.0 (19184558)|METHOD_EXIT|[39]|01p360000074iI2|AccountTableWrapper.RowWrapper.addValue(String)
03:19:12.0 (19188079)|HEAP_ALLOCATE|[34]|Bytes:4
03:19:12.0 (19194504)|VARIABLE_ASSIGNMENT|[34]|idx|1
03:19:12.0 (19202553)|METHOD_ENTRY|[34]|01p360000074iI2|AccountTableWrapper.getAccounts()
03:19:12.0 (19210739)|VARIABLE_SCOPE_BEGIN|[9]|this|AccountTableWrapper|true|false
03:19:12.0 (19229224)|VARIABLE_ASSIGNMENT|[9]|this|{"accs":"0x2348ba71","rows":"0xf5d6e2a"}|0x127332a5
03:19:12.0 (19236277)|HEAP_ALLOCATE|[11]|Bytes:5
03:19:12.0 (19239351)|STATEMENT_EXECUTE|[10]
03:19:12.0 (19260109)|VARIABLE_ASSIGNMENT|[EXTERNAL]|this|{"accs":"0x2348ba71","rows":"0xf5d6e2a"}|0x127332a5
03:19:12.0 (19268232)|STATEMENT_EXECUTE|[11]
03:19:12.0 (19269699)|STATEMENT_EXECUTE|[17]
03:19:12.0 (19286985)|VARIABLE_ASSIGNMENT|[EXTERNAL]|this|{"accs":"0x2348ba71","rows":"0xf5d6e2a"}|0x127332a5
03:19:12.0 (19300127)|METHOD_EXIT|[34]|01p360000074iI2|AccountTableWrapper.getAccounts()
03:19:12.0 (19311564)|STATEMENT_EXECUTE|[35]
03:19:12.0 (19313257)|STATEMENT_EXECUTE|[36]
03:19:12.0 (19333683)|VARIABLE_ASSIGNMENT|[EXTERNAL]|this|{"accs":"0x2348ba71","rows":"0xf5d6e2a"}|0x127332a5
03:19:12.0 (19343517)|HEAP_ALLOCATE|[36]|Bytes:8
03:19:12.0 (19351830)|METHOD_ENTRY|[36]|01p360000074iI2|AccountTableWrapper.getAccounts()
03:19:12.0 (19355938)|VARIABLE_SCOPE_BEGIN|[9]|this|AccountTableWrapper|true|false
03:19:12.0 (19372387)|VARIABLE_ASSIGNMENT|[9]|this|{"accs":"0x2348ba71","rows":"0xf5d6e2a"}|0x127332a5
03:19:12.0 (19378699)|HEAP_ALLOCATE|[11]|Bytes:5
03:19:12.0 (19381544)|STATEMENT_EXECUTE|[10]
03:19:12.0 (19401782)|VARIABLE_ASSIGNMENT|[EXTERNAL]|this|{"accs":"0x2348ba71","rows":"0xf5d6e2a"}|0x127332a5
03:19:12.0 (19409406)|STATEMENT_EXECUTE|[11]
03:19:12.0 (19410904)|STATEMENT_EXECUTE|[17]
03:19:12.0 (19428169)|VARIABLE_ASSIGNMENT|[EXTERNAL]|this|{"accs":"0x2348ba71","rows":"0xf5d6e2a"}|0x127332a5
03:19:12.0 (19440906)|METHOD_EXIT|[36]|01p360000074iI2|AccountTableWrapper.getAccounts()
03:19:12.0 (19456970)|HEAP_ALLOCATE|[36]|Bytes:24
03:19:12.0 (19473928)|METHOD_ENTRY|[36]|01p360000074iI2|AccountTableWrapper.RowWrapper.addValue(String)
03:19:12.0 (19479075)|VARIABLE_SCOPE_BEGIN|[80]|this|AccountTableWrapper.RowWrapper|true|false
03:19:12.0 (19495973)|VARIABLE_ASSIGNMENT|[80]|this|{"values":"0x14da188a"}|0x4d92fb0e
03:19:12.0 (19498564)|VARIABLE_SCOPE_BEGIN|[80]|value|String|false|false
03:19:12.0 (19503392)|VARIABLE_ASSIGNMENT|[80]|value|"Burlington Textiles  (15 more) ..."
03:19:12.0 (19506840)|STATEMENT_EXECUTE|[81]
03:19:12.0 (19508104)|STATEMENT_EXECUTE|[82]
03:19:12.0 (19525648)|VARIABLE_ASSIGNMENT|[EXTERNAL]|this|{"values":"0x14da188a"}|0x4d92fb0e
03:19:12.0 (19540910)|HEAP_ALLOCATE|[EXTERNAL]|Bytes:4
03:19:12.0 (19551081)|METHOD_EXIT|[36]|01p360000074iI2|AccountTableWrapper.RowWrapper.addValue(String)
03:19:12.0 (19554439)|STATEMENT_EXECUTE|[37]
03:19:12.0 (19576369)|VARIABLE_ASSIGNMENT|[EXTERNAL]|this|{"accs":"0x2348ba71","rows":"0xf5d6e2a"}|0x127332a5
03:19:12.0 (19586732)|HEAP_ALLOCATE|[37]|Bytes:8
03:19:12.0 (19595193)|METHOD_ENTRY|[37]|01p360000074iI2|AccountTableWrapper.getAccounts()
03:19:12.0 (19599372)|VARIABLE_SCOPE_BEGIN|[9]|this|AccountTableWrapper|true|false
03:19:12.0 (19616082)|VARIABLE_ASSIGNMENT|[9]|this|{"accs":"0x2348ba71","rows":"0xf5d6e2a"}|0x127332a5
03:19:12.0 (19622921)|HEAP_ALLOCATE|[11]|Bytes:5
03:19:12.0 (19625823)|STATEMENT_EXECUTE|[10]
03:19:12.0 (19646213)|VARIABLE_ASSIGNMENT|[EXTERNAL]|this|{"accs":"0x2348ba71","rows":"0xf5d6e2a"}|0x127332a5
03:19:12.0 (19654052)|STATEMENT_EXECUTE|[11]
03:19:12.0 (19655495)|STATEMENT_EXECUTE|[17]
03:19:12.0 (19672768)|VARIABLE_ASSIGNMENT|[EXTERNAL]|this|{"accs":"0x2348ba71","rows":"0xf5d6e2a"}|0x127332a5
03:19:12.0 (19685388)|METHOD_EXIT|[37]|01p360000074iI2|AccountTableWrapper.getAccounts()
03:19:12.0 (19692316)|HEAP_ALLOCATE|[37]|Bytes:24
03:19:12.0 (19705857)|METHOD_ENTRY|[37]|01p360000074iI2|AccountTableWrapper.RowWrapper.addValue(String)
03:19:12.0 (19710357)|VARIABLE_SCOPE_BEGIN|[80]|this|AccountTableWrapper.RowWrapper|true|false
03:19:12.0 (19726042)|VARIABLE_ASSIGNMENT|[80]|this|{"values":"0x6a23a7b9"}|0x75ba213
03:19:12.0 (19728795)|VARIABLE_SCOPE_BEGIN|[80]|value|String|false|false
03:19:12.0 (19732734)|VARIABLE_ASSIGNMENT|[80]|value|"525 S. Lexington Ave"
03:19:12.0 (19736009)|STATEMENT_EXECUTE|[81]
03:19:12.0 (19737239)|STATEMENT_EXECUTE|[82]
03:19:12.0 (19754290)|VARIABLE_ASSIGNMENT|[EXTERNAL]|this|{"values":"0x6a23a7b9"}|0x75ba213
03:19:12.0 (19769068)|HEAP_ALLOCATE|[EXTERNAL]|Bytes:4
03:19:12.0 (19779322)|METHOD_EXIT|[37]|01p360000074iI2|AccountTableWrapper.RowWrapper.addValue(String)
03:19:12.0 (19782734)|STATEMENT_EXECUTE|[38]
03:19:12.0 (19804507)|VARIABLE_ASSIGNMENT|[EXTERNAL]|this|{"accs":"0x2348ba71","rows":"0xf5d6e2a"}|0x127332a5
03:19:12.0 (19815667)|HEAP_ALLOCATE|[38]|Bytes:8
03:19:12.0 (19824292)|METHOD_ENTRY|[38]|01p360000074iI2|AccountTableWrapper.getAccounts()
03:19:12.0 (19828336)|VARIABLE_SCOPE_BEGIN|[9]|this|AccountTableWrapper|true|false
03:19:12.0 (19844962)|VARIABLE_ASSIGNMENT|[9]|this|{"accs":"0x2348ba71","rows":"0xf5d6e2a"}|0x127332a5
03:19:12.0 (19851553)|HEAP_ALLOCATE|[11]|Bytes:5
03:19:12.0 (19854389)|STATEMENT_EXECUTE|[10]
03:19:12.0 (19874697)|VARIABLE_ASSIGNMENT|[EXTERNAL]|this|{"accs":"0x2348ba71","rows":"0xf5d6e2a"}|0x127332a5
03:19:12.0 (19882318)|STATEMENT_EXECUTE|[11]
03:19:12.0 (19883736)|STATEMENT_EXECUTE|[17]
03:19:12.0 (19900811)|VARIABLE_ASSIGNMENT|[EXTERNAL]|this|{"accs":"0x2348ba71","rows":"0xf5d6e2a"}|0x127332a5
03:19:12.0 (19913571)|METHOD_EXIT|[38]|01p360000074iI2|AccountTableWrapper.getAccounts()
03:19:12.0 (19920379)|HEAP_ALLOCATE|[38]|Bytes:24
03:19:12.0 (19934237)|METHOD_ENTRY|[38]|01p360000074iI2|AccountTableWrapper.RowWrapper.addValue(String)
03:19:12.0 (19938725)|VARIABLE_SCOPE_BEGIN|[80]|this|AccountTableWrapper.RowWrapper|true|false
03:19:12.0 (19954156)|VARIABLE_ASSIGNMENT|[80]|this|{"values":"0x36f7040f"}|0x2ef9fc3f
03:19:12.0 (19956863)|VARIABLE_SCOPE_BEGIN|[80]|value|String|false|false
03:19:12.0 (19960485)|VARIABLE_ASSIGNMENT|[80]|value|"Burlington"
03:19:12.0 (19963698)|STATEMENT_EXECUTE|[81]
03:19:12.0 (19964844)|STATEMENT_EXECUTE|[82]
03:19:12.0 (19981850)|VARIABLE_ASSIGNMENT|[EXTERNAL]|this|{"values":"0x36f7040f"}|0x2ef9fc3f
03:19:12.0 (19996752)|HEAP_ALLOCATE|[EXTERNAL]|Bytes:4
03:19:12.0 (20006591)|METHOD_EXIT|[38]|01p360000074iI2|AccountTableWrapper.RowWrapper.addValue(String)
03:19:12.0 (20010673)|STATEMENT_EXECUTE|[39]
03:19:12.0 (20032864)|VARIABLE_ASSIGNMENT|[EXTERNAL]|this|{"accs":"0x2348ba71","rows":"0xf5d6e2a"}|0x127332a5
03:19:12.0 (20044224)|HEAP_ALLOCATE|[39]|Bytes:8
03:19:12.0 (20052822)|METHOD_ENTRY|[39]|01p360000074iI2|AccountTableWrapper.getAccounts()
03:19:12.0 (20056934)|VARIABLE_SCOPE_BEGIN|[9]|this|AccountTableWrapper|true|false
03:19:12.0 (20073812)|VARIABLE_ASSIGNMENT|[9]|this|{"accs":"0x2348ba71","rows":"0xf5d6e2a"}|0x127332a5
03:19:12.0 (20080452)|HEAP_ALLOCATE|[11]|Bytes:5
03:19:12.0 (20083224)|STATEMENT_EXECUTE|[10]
03:19:12.0 (20103620)|VARIABLE_ASSIGNMENT|[EXTERNAL]|this|{"accs":"0x2348ba71","rows":"0xf5d6e2a"}|0x127332a5
03:19:12.0 (20111290)|STATEMENT_EXECUTE|[11]
03:19:12.0 (20112955)|STATEMENT_EXECUTE|[17]
03:19:12.0 (20130080)|VARIABLE_ASSIGNMENT|[EXTERNAL]|this|{"accs":"0x2348ba71","rows":"0xf5d6e2a"}|0x127332a5
03:19:12.0 (20142557)|METHOD_EXIT|[39]|01p360000074iI2|AccountTableWrapper.getAccounts()
03:19:12.0 (20149663)|HEAP_ALLOCATE|[39]|Bytes:24
03:19:12.0 (20163340)|METHOD_ENTRY|[39]|01p360000074iI2|AccountTableWrapper.RowWrapper.addValue(String)
03:19:12.0 (20167928)|VARIABLE_SCOPE_BEGIN|[80]|this|AccountTableWrapper.RowWrapper|true|false
03:19:12.0 (20183360)|VARIABLE_ASSIGNMENT|[80]|this|{"values":"0x1b8f0fb2"}|0x6ce673f8
03:19:12.0 (20185770)|VARIABLE_SCOPE_BEGIN|[80]|value|String|false|false
03:19:12.0 (20189119)|VARIABLE_ASSIGNMENT|[80]|value|"27215"
03:19:12.0 (20192315)|STATEMENT_EXECUTE|[81]
03:19:12.0 (20193522)|STATEMENT_EXECUTE|[82]
03:19:12.0 (20214690)|VARIABLE_ASSIGNMENT|[EXTERNAL]|this|{"values":"0x1b8f0fb2"}|0x6ce673f8
03:19:12.0 (20230343)|HEAP_ALLOCATE|[EXTERNAL]|Bytes:4
03:19:12.0 (20240440)|METHOD_EXIT|[39]|01p360000074iI2|AccountTableWrapper.RowWrapper.addValue(String)
03:19:12.0 (20244023)|HEAP_ALLOCATE|[34]|Bytes:4
03:19:12.0 (20250199)|VARIABLE_ASSIGNMENT|[34]|idx|2
03:19:12.0 (20257892)|METHOD_ENTRY|[34]|01p360000074iI2|AccountTableWrapper.getAccounts()
03:19:12.0 (20261951)|VARIABLE_SCOPE_BEGIN|[9]|this|AccountTableWrapper|true|false
03:19:12.0 (20279413)|VARIABLE_ASSIGNMENT|[9]|this|{"accs":"0x2348ba71","rows":"0xf5d6e2a"}|0x127332a5
03:19:12.0 (20286219)|HEAP_ALLOCATE|[11]|Bytes:5
03:19:12.0 (20289107)|STATEMENT_EXECUTE|[10]
03:19:12.0 (20309459)|VARIABLE_ASSIGNMENT|[EXTERNAL]|this|{"accs":"0x2348ba71","rows":"0xf5d6e2a"}|0x127332a5
03:19:12.0 (20317061)|STATEMENT_EXECUTE|[11]
03:19:12.0 (20318480)|STATEMENT_EXECUTE|[17]
03:19:12.0 (20335694)|VARIABLE_ASSIGNMENT|[EXTERNAL]|this|{"accs":"0x2348ba71","rows":"0xf5d6e2a"}|0x127332a5
03:19:12.0 (20348239)|METHOD_EXIT|[34]|01p360000074iI2|AccountTableWrapper.getAccounts()
03:19:12.0 (20359621)|STATEMENT_EXECUTE|[35]
03:19:12.0 (20361279)|STATEMENT_EXECUTE|[36]
03:19:12.0 (20381448)|VARIABLE_ASSIGNMENT|[EXTERNAL]|this|{"accs":"0x2348ba71","rows":"0xf5d6e2a"}|0x127332a5
03:19:12.0 (20391171)|HEAP_ALLOCATE|[36]|Bytes:8
03:19:12.0 (20399553)|METHOD_ENTRY|[36]|01p360000074iI2|AccountTableWrapper.getAccounts()
03:19:12.0 (20403655)|VARIABLE_SCOPE_BEGIN|[9]|this|AccountTableWrapper|true|false
03:19:12.0 (20420011)|VARIABLE_ASSIGNMENT|[9]|this|{"accs":"0x2348ba71","rows":"0xf5d6e2a"}|0x127332a5
03:19:12.0 (20426373)|HEAP_ALLOCATE|[11]|Bytes:5
03:19:12.0 (20429252)|STATEMENT_EXECUTE|[10]
03:19:12.0 (20449180)|VARIABLE_ASSIGNMENT|[EXTERNAL]|this|{"accs":"0x2348ba71","rows":"0xf5d6e2a"}|0x127332a5
03:19:12.0 (20457110)|STATEMENT_EXECUTE|[11]
03:19:12.0 (20458575)|STATEMENT_EXECUTE|[17]
03:19:12.0 (20475964)|VARIABLE_ASSIGNMENT|[EXTERNAL]|this|{"accs":"0x2348ba71","rows":"0xf5d6e2a"}|0x127332a5
03:19:12.0 (20488523)|METHOD_EXIT|[36]|01p360000074iI2|AccountTableWrapper.getAccounts()
03:19:12.0 (20504328)|HEAP_ALLOCATE|[36]|Bytes:24
03:19:12.0 (20520648)|METHOD_ENTRY|[36]|01p360000074iI2|AccountTableWrapper.RowWrapper.addValue(String)
03:19:12.0 (20525340)|VARIABLE_SCOPE_BEGIN|[80]|this|AccountTableWrapper.RowWrapper|true|false
03:19:12.0 (20541665)|VARIABLE_ASSIGNMENT|[80]|this|{"values":"0x14da188a"}|0x4d92fb0e
03:19:12.0 (20544130)|VARIABLE_SCOPE_BEGIN|[80]|value|String|false|false
03:19:12.0 (20548885)|VARIABLE_ASSIGNMENT|[80]|value|"Pyramid Construction (5 more) ..."
03:19:12.0 (20552271)|STATEMENT_EXECUTE|[81]
03:19:12.0 (20553464)|STATEMENT_EXECUTE|[82]
03:19:12.0 (20570788)|VARIABLE_ASSIGNMENT|[EXTERNAL]|this|{"values":"0x14da188a"}|0x4d92fb0e
03:19:12.0 (20585939)|HEAP_ALLOCATE|[EXTERNAL]|Bytes:4
03:19:12.0 (20595809)|METHOD_EXIT|[36]|01p360000074iI2|AccountTableWrapper.RowWrapper.addValue(String)
03:19:12.0 (20599048)|STATEMENT_EXECUTE|[37]
03:19:12.0 (20620629)|VARIABLE_ASSIGNMENT|[EXTERNAL]|this|{"accs":"0x2348ba71","rows":"0xf5d6e2a"}|0x127332a5
03:19:12.0 (20631076)|HEAP_ALLOCATE|[37]|Bytes:8
03:19:12.0 (20639610)|METHOD_ENTRY|[37]|01p360000074iI2|AccountTableWrapper.getAccounts()
03:19:12.0 (20643936)|VARIABLE_SCOPE_BEGIN|[9]|this|AccountTableWrapper|true|false
03:19:12.0 (20660621)|VARIABLE_ASSIGNMENT|[9]|this|{"accs":"0x2348ba71","rows":"0xf5d6e2a"}|0x127332a5
03:19:12.0 (20667118)|HEAP_ALLOCATE|[11]|Bytes:5
03:19:12.0 (20669890)|STATEMENT_EXECUTE|[10]
03:19:12.0 (20690159)|VARIABLE_ASSIGNMENT|[EXTERNAL]|this|{"accs":"0x2348ba71","rows":"0xf5d6e2a"}|0x127332a5
03:19:12.0 (20697851)|STATEMENT_EXECUTE|[11]
03:19:12.0 (20699355)|STATEMENT_EXECUTE|[17]
03:19:12.0 (20716778)|VARIABLE_ASSIGNMENT|[EXTERNAL]|this|{"accs":"0x2348ba71","rows":"0xf5d6e2a"}|0x127332a5
03:19:12.0 (20729352)|METHOD_EXIT|[37]|01p360000074iI2|AccountTableWrapper.getAccounts()
03:19:12.0 (20736228)|HEAP_ALLOCATE|[37]|Bytes:24
03:19:12.0 (20749570)|METHOD_ENTRY|[37]|01p360000074iI2|AccountTableWrapper.RowWrapper.addValue(String)
03:19:12.0 (20754393)|VARIABLE_SCOPE_BEGIN|[80]|this|AccountTableWrapper.RowWrapper|true|false
03:19:12.0 (20769916)|VARIABLE_ASSIGNMENT|[80]|this|{"values":"0x6a23a7b9"}|0x75ba213
03:19:12.0 (20772411)|VARIABLE_SCOPE_BEGIN|[80]|value|String|false|false
03:19:12.0 (20776172)|VARIABLE_ASSIGNMENT|[80]|value|"2 Place Jussieu"
03:19:12.0 (20779471)|STATEMENT_EXECUTE|[81]
03:19:12.0 (20780714)|STATEMENT_EXECUTE|[82]
03:19:12.0 (20797954)|VARIABLE_ASSIGNMENT|[EXTERNAL]|this|{"values":"0x6a23a7b9"}|0x75ba213
03:19:12.0 (20813017)|HEAP_ALLOCATE|[EXTERNAL]|Bytes:4
03:19:12.0 (20822947)|METHOD_EXIT|[37]|01p360000074iI2|AccountTableWrapper.RowWrapper.addValue(String)
03:19:12.0 (20826153)|STATEMENT_EXECUTE|[38]
03:19:12.0 (20847669)|VARIABLE_ASSIGNMENT|[EXTERNAL]|this|{"accs":"0x2348ba71","rows":"0xf5d6e2a"}|0x127332a5
03:19:12.0 (20858642)|HEAP_ALLOCATE|[38]|Bytes:8
03:19:12.0 (20867115)|METHOD_ENTRY|[38]|01p360000074iI2|AccountTableWrapper.getAccounts()
03:19:12.0 (20871181)|VARIABLE_SCOPE_BEGIN|[9]|this|AccountTableWrapper|true|false
03:19:12.0 (20887859)|VARIABLE_ASSIGNMENT|[9]|this|{"accs":"0x2348ba71","rows":"0xf5d6e2a"}|0x127332a5
03:19:12.0 (20894536)|HEAP_ALLOCATE|[11]|Bytes:5
03:19:12.0 (20897331)|STATEMENT_EXECUTE|[10]
03:19:12.0 (20917755)|VARIABLE_ASSIGNMENT|[EXTERNAL]|this|{"accs":"0x2348ba71","rows":"0xf5d6e2a"}|0x127332a5
03:19:12.0 (20925433)|STATEMENT_EXECUTE|[11]
03:19:12.0 (20926864)|STATEMENT_EXECUTE|[17]
03:19:12.0 (20944178)|VARIABLE_ASSIGNMENT|[EXTERNAL]|this|{"accs":"0x2348ba71","rows":"0xf5d6e2a"}|0x127332a5
03:19:12.0 (20957183)|METHOD_EXIT|[38]|01p360000074iI2|AccountTableWrapper.getAccounts()
03:19:12.0 (20963872)|HEAP_ALLOCATE|[38]|Bytes:24
03:19:12.0 (20977672)|METHOD_ENTRY|[38]|01p360000074iI2|AccountTableWrapper.RowWrapper.addValue(String)
03:19:12.0 (20982274)|VARIABLE_SCOPE_BEGIN|[80]|this|AccountTableWrapper.RowWrapper|true|false
03:19:12.0 (20998073)|VARIABLE_ASSIGNMENT|[80]|this|{"values":"0x36f7040f"}|0x2ef9fc3f
03:19:12.0 (21000469)|VARIABLE_SCOPE_BEGIN|[80]|value|String|false|false
03:19:12.0 (21004563)|VARIABLE_ASSIGNMENT|[80]|value|"Paris"
03:19:12.0 (21007668)|STATEMENT_EXECUTE|[81]
03:19:12.0 (21008827)|STATEMENT_EXECUTE|[82]
03:19:12.0 (21026040)|VARIABLE_ASSIGNMENT|[EXTERNAL]|this|{"values":"0x36f7040f"}|0x2ef9fc3f
03:19:12.0 (21040941)|HEAP_ALLOCATE|[EXTERNAL]|Bytes:4
03:19:12.0 (21050938)|METHOD_EXIT|[38]|01p360000074iI2|AccountTableWrapper.RowWrapper.addValue(String)
03:19:12.0 (21054225)|STATEMENT_EXECUTE|[39]
03:19:12.0 (21075874)|VARIABLE_ASSIGNMENT|[EXTERNAL]|this|{"accs":"0x2348ba71","rows":"0xf5d6e2a"}|0x127332a5
03:19:12.0 (21086987)|HEAP_ALLOCATE|[39]|Bytes:8
03:19:12.0 (21095495)|METHOD_ENTRY|[39]|01p360000074iI2|AccountTableWrapper.getAccounts()
03:19:12.0 (21099619)|VARIABLE_SCOPE_BEGIN|[9]|this|AccountTableWrapper|true|false
03:19:12.0 (21116182)|VARIABLE_ASSIGNMENT|[9]|this|{"accs":"0x2348ba71","rows":"0xf5d6e2a"}|0x127332a5
03:19:12.0 (21122881)|HEAP_ALLOCATE|[11]|Bytes:5
03:19:12.0 (21125843)|STATEMENT_EXECUTE|[10]
03:19:12.0 (21145884)|VARIABLE_ASSIGNMENT|[EXTERNAL]|this|{"accs":"0x2348ba71","rows":"0xf5d6e2a"}|0x127332a5
03:19:12.0 (21153394)|STATEMENT_EXECUTE|[11]
03:19:12.0 (21154846)|STATEMENT_EXECUTE|[17]
03:19:12.0 (21172099)|VARIABLE_ASSIGNMENT|[EXTERNAL]|this|{"accs":"0x2348ba71","rows":"0xf5d6e2a"}|0x127332a5
03:19:12.0 (21184565)|METHOD_EXIT|[39]|01p360000074iI2|AccountTableWrapper.getAccounts()
03:19:12.0 (21191358)|HEAP_ALLOCATE|[39]|Bytes:24
03:19:12.0 (21208883)|METHOD_ENTRY|[39]|01p360000074iI2|AccountTableWrapper.RowWrapper.addValue(String)
03:19:12.0 (21213636)|VARIABLE_SCOPE_BEGIN|[80]|this|AccountTableWrapper.RowWrapper|true|false
03:19:12.0 (21229706)|VARIABLE_ASSIGNMENT|[80]|this|{"values":"0x1b8f0fb2"}|0x6ce673f8
03:19:12.0 (21232101)|VARIABLE_SCOPE_BEGIN|[80]|value|String|false|false
03:19:12.0 (21235424)|VARIABLE_ASSIGNMENT|[80]|value|"75251"
03:19:12.0 (21238565)|STATEMENT_EXECUTE|[81]
03:19:12.0 (21239754)|STATEMENT_EXECUTE|[82]
03:19:12.0 (21257126)|VARIABLE_ASSIGNMENT|[EXTERNAL]|this|{"values":"0x1b8f0fb2"}|0x6ce673f8
03:19:12.0 (21272341)|HEAP_ALLOCATE|[EXTERNAL]|Bytes:4
03:19:12.0 (21282109)|METHOD_EXIT|[39]|01p360000074iI2|AccountTableWrapper.RowWrapper.addValue(String)
03:19:12.0 (21285711)|HEAP_ALLOCATE|[34]|Bytes:4
03:19:12.0 (21291786)|VARIABLE_ASSIGNMENT|[34]|idx|3
03:19:12.0 (21299411)|METHOD_ENTRY|[34]|01p360000074iI2|AccountTableWrapper.getAccounts()
03:19:12.0 (21303627)|VARIABLE_SCOPE_BEGIN|[9]|this|AccountTableWrapper|true|false
03:19:12.0 (21320923)|VARIABLE_ASSIGNMENT|[9]|this|{"accs":"0x2348ba71","rows":"0xf5d6e2a"}|0x127332a5
03:19:12.0 (21327701)|HEAP_ALLOCATE|[11]|Bytes:5
03:19:12.0 (21330546)|STATEMENT_EXECUTE|[10]
03:19:12.0 (21351034)|VARIABLE_ASSIGNMENT|[EXTERNAL]|this|{"accs":"0x2348ba71","rows":"0xf5d6e2a"}|0x127332a5
03:19:12.0 (21358681)|STATEMENT_EXECUTE|[11]
03:19:12.0 (21360174)|STATEMENT_EXECUTE|[17]
03:19:12.0 (21377768)|VARIABLE_ASSIGNMENT|[EXTERNAL]|this|{"accs":"0x2348ba71","rows":"0xf5d6e2a"}|0x127332a5
03:19:12.0 (21390732)|METHOD_EXIT|[34]|01p360000074iI2|AccountTableWrapper.getAccounts()
03:19:12.0 (21402055)|STATEMENT_EXECUTE|[43]
03:19:12.0 (21445935)|VARIABLE_ASSIGNMENT|[EXTERNAL]|this|{"accs":"0x2348ba71","rows":"0xf5d6e2a"}|0x127332a5
03:19:12.0 (21460055)|SYSTEM_MODE_EXIT|false
03:19:12.0 (21476394)|CODE_UNIT_FINISHED|AccountTableWrapper invoke(getrowWrappers)
03:19:12.0 (21499698)|CODE_UNIT_FINISHED|AccountTableWrapper get(rowWrappers)
03:19:12.0 (21869466)|CODE_UNIT_STARTED|[EXTERNAL]|01p360000074iI2|values
03:19:12.0 (21888795)|CODE_UNIT_FINISHED|values
03:19:12.0 (22122839)|CODE_UNIT_STARTED|[EXTERNAL]|01p360000074iI2|values
03:19:12.0 (22140009)|CODE_UNIT_FINISHED|values
03:19:12.0 (22375228)|CODE_UNIT_STARTED|[EXTERNAL]|01p360000074iI2|values
03:19:12.0 (22391269)|CODE_UNIT_FINISHED|values
03:19:12.0 (22617900)|CODE_UNIT_STARTED|[EXTERNAL]|01p360000074iI2|values
03:19:12.0 (22633705)|CODE_UNIT_FINISHED|values
03:19:12.0 (88411492)|VF_SERIALIZE_VIEWSTATE_BEGIN|06636000002n6IF
03:19:12.0 (103695145)|VF_SERIALIZE_VIEWSTATE_END
03:19:12.0 (110097158)|CODE_UNIT_STARTED|[EXTERNAL]|Generate Metadata
03:19:12.0 (130581978)|CODE_UNIT_FINISHED|Generate Metadata
03:19:12.135 (135955847)|CUMULATIVE_LIMIT_USAGE
03:19:12.135 (135955847)|LIMIT_USAGE_FOR_NS|(default)|
  Number of SOQL queries: 1 out of 100
  Number of query rows: 3 out of 50000
  Number of SOSL queries: 0 out of 20
  Number of DML statements: 0 out of 150
  Number of DML rows: 0 out of 10000
  Maximum CPU time: 0 out of 10000
  Maximum heap size: 0 out of 6000000
  Number of callouts: 0 out of 100
  Number of Email Invocations: 0 out of 10
  Number of future calls: 0 out of 50
  Number of queueable jobs added to the queue: 0 out of 50
  Number of Mobile Apex push calls: 0 out of 10

03:19:12.135 (135955847)|CUMULATIVE_LIMIT_USAGE_END

03:19:12.0 (136026548)|CODE_UNIT_FINISHED|VF: /apex/AccountTabWrap
03:19:12.0 (137473205)|EXECUTION_FINISHED
