36.0 APEX_CODE,FINEST;APEX_PROFILING,INFO;CALLOUT,INFO;DB,INFO;SYSTEM,DEBUG;VALIDATION,INFO;VISUALFORCE,INFO;WORKFLOW,INFO
09:57:39.0 (651240)|EXECUTION_STARTED
09:57:39.0 (691759)|CODE_UNIT_STARTED|[EXTERNAL]|06636000002mR8C|VF: /apex/AccountWRap
09:57:39.0 (1570305)|VF_DESERIALIZE_VIEWSTATE_BEGIN|06636000002mR8C
09:57:39.0 (26302790)|HEAP_ALLOCATE|[72]|Bytes:3
09:57:39.0 (26364900)|HEAP_ALLOCATE|[77]|Bytes:152
09:57:39.0 (26382939)|HEAP_ALLOCATE|[342]|Bytes:408
09:57:39.0 (26401963)|HEAP_ALLOCATE|[355]|Bytes:408
09:57:39.0 (26419575)|HEAP_ALLOCATE|[467]|Bytes:48
09:57:39.0 (26452103)|HEAP_ALLOCATE|[139]|Bytes:6
09:57:39.0 (27165605)|HEAP_ALLOCATE|[50]|Bytes:5
09:57:39.0 (27194749)|HEAP_ALLOCATE|[56]|Bytes:5
09:57:39.0 (27204782)|HEAP_ALLOCATE|[64]|Bytes:7
09:57:39.0 (29821844)|VF_DESERIALIZE_VIEWSTATE_END
09:57:39.32 (32870967)|SYSTEM_MODE_ENTER|true
09:57:39.32 (32962444)|HEAP_ALLOCATE|[EXTERNAL]|Bytes:38
09:57:39.32 (32969926)|HEAP_ALLOCATE|[EXTERNAL]|Bytes:7
09:57:39.32 (32985520)|SYSTEM_METHOD_ENTRY|[1]|PageMessagesComponentController.PageMessagesComponentController()
09:57:39.32 (32990323)|STATEMENT_EXECUTE|[1]
09:57:39.0 (34452182)|STATEMENT_EXECUTE|[1]
09:57:39.0 (34466054)|SYSTEM_MODE_ENTER|false
09:57:39.0 (34472162)|HEAP_ALLOCATE|[EXTERNAL]|Bytes:5
09:57:39.0 (34476553)|STATEMENT_EXECUTE|[45]
09:57:39.0 (34482273)|SYSTEM_MODE_EXIT|false
09:57:39.0 (34490614)|METHOD_EXIT|[1]|AccountWRAPcont
09:57:39.0 (34501356)|CODE_UNIT_FINISHED|anacc
09:57:39.0 (34516980)|CODE_UNIT_FINISHED|AccountWRAPcont get(anacc)
09:57:39.0 (42800528)|CODE_UNIT_STARTED|[EXTERNAL]|01p360000072Whw|AccountWRAPcont get(accwrap)
09:57:39.0 (42815468)|SYSTEM_MODE_ENTER|true
09:57:39.0 (42856958)|CODE_UNIT_STARTED|[EXTERNAL]|01p360000072Whw|accwrap
09:57:39.0 (42899182)|CODE_UNIT_FINISHED|accwrap
09:57:39.0 (42939533)|CODE_UNIT_FINISHED|AccountWRAPcont get(accwrap)
09:57:39.0 (44822257)|CODE_UNIT_STARTED|[EXTERNAL]|01p360000072Whw|selected
09:57:39.0 (44837351)|HEAP_ALLOCATE|[EXTERNAL]|Bytes:108
09:57:39.0 (44843521)|HEAP_ALLOCATE|[EXTERNAL]|Bytes:8
09:57:39.0 (44852299)|CODE_UNIT_FINISHED|selected
09:57:39.0 (44933506)|CODE_UNIT_STARTED|[EXTERNAL]|01p360000072Whw|selected
09:57:39.0 (44945465)|CODE_UNIT_FINISHED|selected
09:57:39.0 (45010325)|CODE_UNIT_STARTED|[EXTERNAL]|01p360000072Whw|selected
09:57:39.0 (45022672)|CODE_UNIT_FINISHED|selected
09:57:39.0 (45086160)|CODE_UNIT_STARTED|[EXTERNAL]|01p360000072Whw|selected
09:57:39.0 (45097175)|CODE_UNIT_FINISHED|selected
09:57:39.0 (45165048)|CODE_UNIT_STARTED|[EXTERNAL]|01p360000072Whw|selected
09:57:39.0 (45176068)|CODE_UNIT_FINISHED|selected
09:57:39.0 (45238587)|CODE_UNIT_STARTED|[EXTERNAL]|01p360000072Whw|selected
09:57:39.0 (45269181)|CODE_UNIT_FINISHED|selected
09:57:39.0 (45341841)|CODE_UNIT_STARTED|[EXTERNAL]|01p360000072Whw|selected
09:57:39.0 (45353074)|CODE_UNIT_FINISHED|selected
09:57:39.0 (45416185)|CODE_UNIT_STARTED|[EXTERNAL]|01p360000072Whw|selected
09:57:39.0 (45426985)|CODE_UNIT_FINISHED|selected
09:57:39.0 (45489936)|CODE_UNIT_STARTED|[EXTERNAL]|01p360000072Whw|selected
09:57:39.0 (45500726)|CODE_UNIT_FINISHED|selected
09:57:39.0 (45563246)|CODE_UNIT_STARTED|[EXTERNAL]|01p360000072Whw|selected
09:57:39.0 (45574282)|CODE_UNIT_FINISHED|selected
09:57:39.0 (45636905)|CODE_UNIT_STARTED|[EXTERNAL]|01p360000072Whw|selected
09:57:39.0 (45647778)|CODE_UNIT_FINISHED|selected
09:57:39.0 (45710270)|CODE_UNIT_STARTED|[EXTERNAL]|01p360000072Whw|selected
09:57:39.0 (45721080)|CODE_UNIT_FINISHED|selected
09:57:39.0 (45783380)|CODE_UNIT_STARTED|[EXTERNAL]|01p360000072Whw|selected
09:57:39.0 (45794288)|CODE_UNIT_FINISHED|selected
09:57:39.0 (45856501)|CODE_UNIT_STARTED|[EXTERNAL]|01p360000072Whw|selected
09:57:39.0 (45867176)|CODE_UNIT_FINISHED|selected
09:57:39.46 (46165273)|SYSTEM_MODE_ENTER|true
09:57:39.46 (46227302)|HEAP_ALLOCATE|[EXTERNAL]|Bytes:8
09:57:39.46 (46236546)|VARIABLE_SCOPE_BEGIN|[88]|this|ApexPage.PageMessagesComponentController|true|false
09:57:39.46 (46292385)|VARIABLE_ASSIGNMENT|[88]|this|{}|0x2510431f
09:57:39.46 (46297036)|VARIABLE_SCOPE_BEGIN|[88]|escape|Boolean|false|false
09:57:39.46 (46302309)|VARIABLE_ASSIGNMENT|[88]|escape|null
09:57:39.0 (48660457)|SYSTEM_MODE_ENTER|false
09:57:39.0 (48667982)|HEAP_ALLOCATE|[36]|Bytes:5
09:57:39.0 (48673502)|STATEMENT_EXECUTE|[35]
09:57:39.0 (48675174)|STATEMENT_EXECUTE|[36]
09:57:39.0 (48682434)|HEAP_ALLOCATE|[36]|Bytes:4
09:57:39.0 (48842666)|VARIABLE_ASSIGNMENT|[EXTERNAL]|this|{"accs":"0x6a048bdf","accwrap":"0x5b634117","anacc":"0x5123531b","selectedaccount":"0x5ffaffa0"}|0x24e3debe
09:57:39.0 (48852432)|HEAP_ALLOCATE|[EXTERNAL]|Bytes:4
09:57:39.0 (48867861)|VARIABLE_ASSIGNMENT|[EXTERNAL]|value|{"s":1,"v":[]}|0x342d1565
09:57:39.0 (48882499)|VARIABLE_ASSIGNMENT|[5]|this.selectedaccount|{"s":1,"v":[]}|0x24e3debe
09:57:39.0 (48891599)|STATEMENT_EXECUTE|[37]
09:57:39.0 (48939665)|VARIABLE_ASSIGNMENT|[EXTERNAL]|this|{"accs":"0x6a048bdf","accwrap":"0x5b634117","anacc":"0x5123531b","selectedaccount":"0x342d1565"}|0x24e3debe
09:57:39.0 (49008920)|VARIABLE_ASSIGNMENT|[EXTERNAL]|this|{"accs":"0x6a048bdf","accwrap":"0x5b634117","anacc":"0x5123531b","selectedaccount":"0x342d1565"}|0x24e3debe
09:57:39.0 (49194106)|HEAP_ALLOCATE|[38]|Bytes:5
09:57:39.0 (49209684)|HEAP_ALLOCATE|[38]|Bytes:12
09:57:39.0 (49221730)|VARIABLE_SCOPE_BEGIN|[38]|awrap|AccountWRAPcont.accountwrapper|true|false
09:57:39.0 (49253188)|VARIABLE_ASSIGNMENT|[38]|awrap|{"acc":"0x2f58d8b6","selected":false}|0x4247695b
09:57:39.0 (49294628)|VARIABLE_ASSIGNMENT|[EXTERNAL]|this|{"acc":"0x2f58d8b6","selected":false}|0x4247695b
09:57:39.0 (49307722)|STATEMENT_EXECUTE|[39]
09:57:39.0 (49319608)|HEAP_ALLOCATE|[38]|Bytes:5
09:57:39.0 (49328687)|HEAP_ALLOCATE|[38]|Bytes:12
09:57:39.0 (49334296)|VARIABLE_SCOPE_BEGIN|[38]|awrap|AccountWRAPcont.accountwrapper|true|false
09:57:39.0 (49352014)|VARIABLE_ASSIGNMENT|[38]|awrap|{"acc":"0x26e85c28","selected":false}|0x7db20c4f
09:57:39.0 (49371452)|VARIABLE_ASSIGNMENT|[EXTERNAL]|this|{"acc":"0x26e85c28","selected":false}|0x7db20c4f
09:57:39.0 (49379778)|STATEMENT_EXECUTE|[39]
09:57:39.0 (49389440)|HEAP_ALLOCATE|[38]|Bytes:5
09:57:39.0 (49397902)|HEAP_ALLOCATE|[38]|Bytes:12
09:57:39.0 (49402843)|VARIABLE_SCOPE_BEGIN|[38]|awrap|AccountWRAPcont.accountwrapper|true|false
09:57:39.0 (49418978)|VARIABLE_ASSIGNMENT|[38]|awrap|{"acc":"0x53886777","selected":false}|0x607bd8a6
09:57:39.0 (49437980)|VARIABLE_ASSIGNMENT|[EXTERNAL]|this|{"acc":"0x53886777","selected":false}|0x607bd8a6
09:57:39.0 (49446010)|STATEMENT_EXECUTE|[39]
09:57:39.0 (49455413)|HEAP_ALLOCATE|[38]|Bytes:5
09:57:39.0 (49463760)|HEAP_ALLOCATE|[38]|Bytes:12
09:57:39.0 (49468609)|VARIABLE_SCOPE_BEGIN|[38]|awrap|AccountWRAPcont.accountwrapper|true|false
09:57:39.0 (49484481)|VARIABLE_ASSIGNMENT|[38]|awrap|{"acc":"0x3a7c98d8","selected":false}|0x21514647
09:57:39.0 (49503179)|VARIABLE_ASSIGNMENT|[EXTERNAL]|this|{"acc":"0x3a7c98d8","selected":false}|0x21514647
09:57:39.0 (49510986)|STATEMENT_EXECUTE|[39]
09:57:39.0 (49520211)|HEAP_ALLOCATE|[38]|Bytes:5
09:57:39.0 (49528465)|HEAP_ALLOCATE|[38]|Bytes:12
09:57:39.0 (49533184)|VARIABLE_SCOPE_BEGIN|[38]|awrap|AccountWRAPcont.accountwrapper|true|false
09:57:39.0 (49548798)|VARIABLE_ASSIGNMENT|[38]|awrap|{"acc":"0x6555b66b","selected":false}|0x5825fe87
09:57:39.0 (49567236)|VARIABLE_ASSIGNMENT|[EXTERNAL]|this|{"acc":"0x6555b66b","selected":false}|0x5825fe87
09:57:39.0 (49575014)|STATEMENT_EXECUTE|[39]
09:57:39.0 (49584239)|HEAP_ALLOCATE|[38]|Bytes:5
09:57:39.0 (49592348)|HEAP_ALLOCATE|[38]|Bytes:12
09:57:39.0 (49597125)|VARIABLE_SCOPE_BEGIN|[38]|awrap|AccountWRAPcont.accountwrapper|true|false
09:57:39.0 (49612717)|VARIABLE_ASSIGNMENT|[38]|awrap|{"acc":"0x1b8bff5","selected":false}|0x359851b8
09:57:39.0 (49631299)|VARIABLE_ASSIGNMENT|[EXTERNAL]|this|{"acc":"0x1b8bff5","selected":false}|0x359851b8
09:57:39.0 (49639123)|STATEMENT_EXECUTE|[39]
09:57:39.0 (49648367)|HEAP_ALLOCATE|[38]|Bytes:5
09:57:39.0 (49656709)|HEAP_ALLOCATE|[38]|Bytes:12
09:57:39.0 (49661485)|VARIABLE_SCOPE_BEGIN|[38]|awrap|AccountWRAPcont.accountwrapper|true|false
09:57:39.0 (49677119)|VARIABLE_ASSIGNMENT|[38]|awrap|{"acc":"0x111bd36a","selected":false}|0xb980145
09:57:39.0 (49695483)|VARIABLE_ASSIGNMENT|[EXTERNAL]|this|{"acc":"0x111bd36a","selected":false}|0xb980145
09:57:39.0 (49703297)|STATEMENT_EXECUTE|[39]
09:57:39.0 (49712383)|HEAP_ALLOCATE|[38]|Bytes:5
09:57:39.0 (49720725)|HEAP_ALLOCATE|[38]|Bytes:12
09:57:39.0 (49725519)|VARIABLE_SCOPE_BEGIN|[38]|awrap|AccountWRAPcont.accountwrapper|true|false
09:57:39.0 (49741312)|VARIABLE_ASSIGNMENT|[38]|awrap|{"acc":"0x4f7f33c9","selected":false}|0x20500d0f
09:57:39.0 (49759752)|VARIABLE_ASSIGNMENT|[EXTERNAL]|this|{"acc":"0x4f7f33c9","selected":false}|0x20500d0f
09:57:39.0 (49767894)|STATEMENT_EXECUTE|[39]
09:57:39.0 (49777126)|HEAP_ALLOCATE|[38]|Bytes:5
09:57:39.0 (49785230)|HEAP_ALLOCATE|[38]|Bytes:12
09:57:39.0 (49790012)|VARIABLE_SCOPE_BEGIN|[38]|awrap|AccountWRAPcont.accountwrapper|true|false
09:57:39.0 (49805472)|VARIABLE_ASSIGNMENT|[38]|awrap|{"acc":"0x7d122a3","selected":false}|0x57f61e44
09:57:39.0 (49823894)|VARIABLE_ASSIGNMENT|[EXTERNAL]|this|{"acc":"0x7d122a3","selected":false}|0x57f61e44
09:57:39.0 (49831699)|STATEMENT_EXECUTE|[39]
09:57:39.0 (49840843)|HEAP_ALLOCATE|[38]|Bytes:5
09:57:39.0 (49848947)|HEAP_ALLOCATE|[38]|Bytes:12
09:57:39.0 (49853872)|VARIABLE_SCOPE_BEGIN|[38]|awrap|AccountWRAPcont.accountwrapper|true|false
09:57:39.0 (49869366)|VARIABLE_ASSIGNMENT|[38]|awrap|{"acc":"0x435262bb","selected":false}|0x20149093
09:57:39.0 (49887738)|VARIABLE_ASSIGNMENT|[EXTERNAL]|this|{"acc":"0x435262bb","selected":false}|0x20149093
09:57:39.0 (49895388)|STATEMENT_EXECUTE|[39]
09:57:39.0 (49904869)|HEAP_ALLOCATE|[38]|Bytes:5
09:57:39.0 (49915550)|HEAP_ALLOCATE|[38]|Bytes:12
09:57:39.0 (49922546)|VARIABLE_SCOPE_BEGIN|[38]|awrap|AccountWRAPcont.accountwrapper|true|false
09:57:39.0 (49939566)|VARIABLE_ASSIGNMENT|[38]|awrap|{"acc":"0xc1d6938","selected":false}|0x6bcd3ffd
09:57:39.0 (49958545)|VARIABLE_ASSIGNMENT|[EXTERNAL]|this|{"acc":"0xc1d6938","selected":false}|0x6bcd3ffd
09:57:39.0 (49966452)|STATEMENT_EXECUTE|[39]
09:57:39.0 (49980755)|HEAP_ALLOCATE|[38]|Bytes:5
09:57:39.0 (49990587)|HEAP_ALLOCATE|[38]|Bytes:12
09:57:39.0 (49995612)|VARIABLE_SCOPE_BEGIN|[38]|awrap|AccountWRAPcont.accountwrapper|true|false
09:57:39.0 (50012179)|VARIABLE_ASSIGNMENT|[38]|awrap|{"acc":"0x3acae209","selected":false}|0x4b556ffe
09:57:39.0 (50032335)|VARIABLE_ASSIGNMENT|[EXTERNAL]|this|{"acc":"0x3acae209","selected":false}|0x4b556ffe
09:57:39.0 (50040380)|STATEMENT_EXECUTE|[39]
09:57:39.0 (50050401)|HEAP_ALLOCATE|[38]|Bytes:5
09:57:39.0 (50058547)|HEAP_ALLOCATE|[38]|Bytes:12
09:57:39.0 (50063375)|VARIABLE_SCOPE_BEGIN|[38]|awrap|AccountWRAPcont.accountwrapper|true|false
09:57:39.0 (50079214)|VARIABLE_ASSIGNMENT|[38]|awrap|{"acc":"0x34000bc9","selected":false}|0x2cb65cee
09:57:39.0 (50097622)|VARIABLE_ASSIGNMENT|[EXTERNAL]|this|{"acc":"0x34000bc9","selected":false}|0x2cb65cee
09:57:39.0 (50105460)|STATEMENT_EXECUTE|[39]
09:57:39.0 (50114584)|HEAP_ALLOCATE|[38]|Bytes:5
09:57:39.0 (50127294)|HEAP_ALLOCATE|[38]|Bytes:12
09:57:39.0 (50132558)|VARIABLE_SCOPE_BEGIN|[38]|awrap|AccountWRAPcont.accountwrapper|true|false
09:57:39.0 (50149160)|VARIABLE_ASSIGNMENT|[38]|awrap|{"acc":"0x6497e048","selected":false}|0x2822d1e3
09:57:39.0 (50167819)|VARIABLE_ASSIGNMENT|[EXTERNAL]|this|{"acc":"0x6497e048","selected":false}|0x2822d1e3
09:57:39.0 (50175657)|STATEMENT_EXECUTE|[39]
09:57:39.0 (50185079)|HEAP_ALLOCATE|[38]|Bytes:5
09:57:39.0 (50194454)|VARIABLE_ASSIGNMENT|[38]|awrap|null|
09:57:39.0 (50202874)|SYSTEM_MODE_EXIT|false
09:57:39.0 (50249672)|CODE_UNIT_FINISHED|AccountWRAPcont invoke(getselected)
09:57:39.0 (50292593)|VF_APEX_CALL|j_id35|{!getselected}|PageReference: none
09:57:39.53 (53878924)|SYSTEM_MODE_ENTER|true
09:57:39.53 (53945508)|HEAP_ALLOCATE|[EXTERNAL]|Bytes:8
09:57:39.53 (53952305)|VARIABLE_SCOPE_BEGIN|[88]|this|ApexPage.PageMessagesComponentController|true|false
09:57:39.53 (53981423)|VARIABLE_ASSIGNMENT|[88]|this|{}|0x2510431f
09:57:39.53 (53985579)|VARIABLE_SCOPE_BEGIN|[88]|escape|Boolean|false|false
09:57:39.53 (53989689)|VARIABLE_ASSIGNMENT|[88]|escape|null
09:57:39.95 (95904547)|CUMULATIVE_LIMIT_USAGE
09:57:39.95 (95904547)|LIMIT_USAGE_FOR_NS|(default)|
  Number of SOQL queries: 0 out of 100
  Number of query rows: 0 out of 50000
  Number of SOSL queries: 0 out of 20
  Number of DML statements: 0 out of 150
  Number of DML rows: 0 out of 10000
  Maximum CPU time: 0 out of 10000
  Maximum heap size: 0 out of 6000000
  Number of callouts: 0 out of 100
  Number of Email Invocations: 0 out of 10
  Number of future calls: 0 out of 50
  Number of queueable jobs added to the queue: 0 out of 50
  Number of Mobile Apex push calls: 0 out of 10

09:57:39.95 (95904547)|CUMULATIVE_LIMIT_USAGE_END

