36.0 APEX_CODE,FINEST;APEX_PROFILING,INFO;CALLOUT,INFO;DB,INFO;SYSTEM,DEBUG;VALIDATION,INFO;VISUALFORCE,INFO;WORKFLOW,INFO
12:33:30.0 (606473)|EXECUTION_STARTED
12:33:30.0 (642035)|CODE_UNIT_STARTED|[EXTERNAL]|aura
12:33:30.0 (1108931)|HEAP_ALLOCATE|[72]|Bytes:3
12:33:30.0 (1171752)|HEAP_ALLOCATE|[77]|Bytes:152
12:33:30.0 (1191527)|HEAP_ALLOCATE|[342]|Bytes:408
12:33:30.0 (1213131)|HEAP_ALLOCATE|[355]|Bytes:408
12:33:30.0 (1234431)|HEAP_ALLOCATE|[467]|Bytes:48
12:33:30.0 (1268369)|HEAP_ALLOCATE|[139]|Bytes:6
12:33:30.0 (1298168)|HEAP_ALLOCATE|[EXTERNAL]|Bytes:12
12:33:30.0 (1313892)|HEAP_ALLOCATE|[EXTERNAL]|Bytes:12
12:33:30.0 (2669437)|CODE_UNIT_STARTED|[EXTERNAL]|01p36000006TzBn|AwesomeProductController.getProductByName
12:33:30.0 (2795925)|HEAP_ALLOCATE|[EXTERNAL]|Bytes:3
12:33:30.0 (2816896)|METHOD_ENTRY|[1]|01p36000006TzBn|AwesomeProductController.AwesomeProductController()
12:33:30.0 (2821299)|STATEMENT_EXECUTE|[1]
12:33:30.0 (2827619)|STATEMENT_EXECUTE|[1]
12:33:30.0 (2834366)|METHOD_EXIT|[1]|AwesomeProductController
12:33:30.0 (2839364)|HEAP_ALLOCATE|[EXTERNAL]|Bytes:12
12:33:30.0 (2856147)|SYSTEM_MODE_ENTER|false
12:33:30.0 (2871507)|VARIABLE_SCOPE_BEGIN|[8]|name|String|false|false
12:33:30.0 (2904201)|VARIABLE_ASSIGNMENT|[8]|name|"Vans Classic"
12:33:30.0 (2915989)|STATEMENT_EXECUTE|[8]
12:33:30.0 (2917582)|STATEMENT_EXECUTE|[9]
12:33:30.0 (2922397)|HEAP_ALLOCATE|[9]|Bytes:167
12:33:30.0 (2937225)|HEAP_ALLOCATE|[9]|Bytes:4
12:33:30.0 (2950691)|HEAP_ALLOCATE|[9]|Bytes:7
12:33:30.0 (3003006)|HEAP_ALLOCATE|[50]|Bytes:5
12:33:30.0 (3031328)|HEAP_ALLOCATE|[56]|Bytes:5
12:33:30.0 (3040380)|HEAP_ALLOCATE|[64]|Bytes:7
12:33:30.0 (4502897)|SOQL_EXECUTE_BEGIN|[9]|Aggregations:1|SELECT id, name, photo__c, color__c, points__c, description__c, (SELECT name FROM product_sizes__r ORDER BY name ASC NULLS FIRST) FROM product__c WHERE name = :tmpVar1
12:33:30.0 (12296817)|SOQL_EXECUTE_END|[9]|Rows:1
12:33:30.0 (12328661)|HEAP_ALLOCATE|[9]|Bytes:8
12:33:30.0 (12361828)|HEAP_ALLOCATE|[9]|Bytes:560
12:33:30.0 (12409676)|HEAP_ALLOCATE|[9]|Bytes:8
12:33:30.0 (12420476)|HEAP_ALLOCATE|[9]|Bytes:36
12:33:30.0 (12517316)|HEAP_ALLOCATE|[9]|Bytes:32
12:33:30.0 (12531135)|SYSTEM_MODE_EXIT|false
12:33:30.12 (12574939)|CUMULATIVE_LIMIT_USAGE
12:33:30.12 (12574939)|LIMIT_USAGE_FOR_NS|(default)|
  Number of SOQL queries: 1 out of 100
  Number of query rows: 5 out of 50000
  Number of SOSL queries: 0 out of 20
  Number of DML statements: 0 out of 150
  Number of DML rows: 0 out of 10000
  Maximum CPU time: 0 out of 10000
  Maximum heap size: 0 out of 6000000
  Number of callouts: 0 out of 100
  Number of Email Invocations: 0 out of 10
  Number of future calls: 0 out of 50
  Number of queueable jobs added to the queue: 0 out of 50
  Number of Mobile Apex push calls: 0 out of 10

12:33:30.12 (12574939)|CUMULATIVE_LIMIT_USAGE_END

12:33:30.0 (12617001)|CODE_UNIT_FINISHED|AwesomeProductController.getProductByName
