36.0 APEX_CODE,FINEST;APEX_PROFILING,INFO;CALLOUT,INFO;DB,INFO;SYSTEM,DEBUG;VALIDATION,INFO;VISUALFORCE,INFO;WORKFLOW,INFO
06:27:04.0 (98357)|EXECUTION_STARTED
06:27:04.0 (139128)|CODE_UNIT_STARTED|[EXTERNAL]|06636000002n7XB|VF: /apex/DraftsToPersonTable
06:27:04.0 (9223670)|CODE_UNIT_STARTED|[EXTERNAL]|01p360000074pQr|DraftsToPersons <init>
06:27:04.0 (9248003)|SYSTEM_MODE_ENTER|true
06:27:04.0 (9800551)|HEAP_ALLOCATE|[72]|Bytes:3
06:27:04.0 (9862713)|HEAP_ALLOCATE|[77]|Bytes:152
06:27:04.0 (9883061)|HEAP_ALLOCATE|[342]|Bytes:408
06:27:04.0 (9904393)|HEAP_ALLOCATE|[355]|Bytes:408
06:27:04.0 (9924186)|HEAP_ALLOCATE|[467]|Bytes:48
06:27:04.0 (9966018)|HEAP_ALLOCATE|[139]|Bytes:6
06:27:04.0 (10052098)|HEAP_ALLOCATE|[EXTERNAL]|Bytes:10
06:27:04.0 (10060109)|HEAP_ALLOCATE|[EXTERNAL]|Bytes:140
06:27:04.0 (10063476)|HEAP_ALLOCATE|[EXTERNAL]|Bytes:21
06:27:04.0 (10083746)|METHOD_ENTRY|[1]|01p360000074pQr|DraftsToPersons.DraftsToPersons()
06:27:04.0 (10090381)|STATEMENT_EXECUTE|[1]
06:27:04.0 (10100715)|STATEMENT_EXECUTE|[1]
06:27:04.0 (10142322)|HEAP_ALLOCATE|[50]|Bytes:5
06:27:04.0 (10170700)|HEAP_ALLOCATE|[56]|Bytes:5
06:27:04.0 (10180001)|HEAP_ALLOCATE|[64]|Bytes:7
06:27:04.0 (10207391)|SYSTEM_MODE_ENTER|false
06:27:04.0 (10227990)|HEAP_ALLOCATE|[EXTERNAL]|Bytes:5
06:27:04.0 (10232736)|STATEMENT_EXECUTE|[69]
06:27:04.0 (10239453)|SYSTEM_MODE_EXIT|false
06:27:04.0 (10253085)|METHOD_EXIT|[1]|DraftsToPersons
06:27:04.0 (10260734)|HEAP_ALLOCATE|[EXTERNAL]|Bytes:20
06:27:04.0 (10267238)|VARIABLE_SCOPE_BEGIN|[7]|this|DraftsToPersons|true|false
06:27:04.0 (10334725)|VARIABLE_ASSIGNMENT|[7]|this|{}|0x4a5b61d6
06:27:04.0 (10348353)|SYSTEM_MODE_ENTER|false
06:27:04.0 (10353629)|HEAP_ALLOCATE|[EXTERNAL]|Bytes:5
06:27:04.0 (10357522)|STATEMENT_EXECUTE|[1]
06:27:04.0 (10360526)|HEAP_ALLOCATE|[EXTERNAL]|Bytes:5
06:27:04.0 (10362684)|STATEMENT_EXECUTE|[2]
06:27:04.0 (10364554)|STATEMENT_EXECUTE|[3]
06:27:04.0 (10365713)|STATEMENT_EXECUTE|[4]
06:27:04.0 (10366883)|STATEMENT_EXECUTE|[5]
06:27:04.0 (10377506)|HEAP_ALLOCATE|[EXTERNAL]|Bytes:6
06:27:04.0 (10405992)|STATEMENT_EXECUTE|[8]
06:27:04.0 (10411824)|SYSTEM_MODE_EXIT|false
06:27:04.0 (10432207)|CODE_UNIT_FINISHED|DraftsToPersons <init>
06:27:04.0 (10490252)|CODE_UNIT_STARTED|[EXTERNAL]|01p360000074pQr|DraftsToPersons get(Persons)
06:27:04.0 (10499996)|SYSTEM_MODE_ENTER|true
06:27:04.0 (10530787)|CODE_UNIT_STARTED|[EXTERNAL]|01p360000074pQr|DraftsToPersons invoke(getPersons)
06:27:04.0 (10561597)|HEAP_ALLOCATE|[EXTERNAL]|Bytes:20
06:27:04.0 (10568193)|VARIABLE_SCOPE_BEGIN|[23]|this|DraftsToPersons|true|false
06:27:04.0 (10588671)|VARIABLE_ASSIGNMENT|[23]|this|{}|0x4a5b61d6
06:27:04.0 (10606088)|SYSTEM_MODE_ENTER|false
06:27:04.0 (10611119)|HEAP_ALLOCATE|[25]|Bytes:5
06:27:04.0 (10619136)|STATEMENT_EXECUTE|[24]
06:27:04.0 (10671747)|VARIABLE_ASSIGNMENT|[EXTERNAL]|this|{}|0x4a5b61d6
06:27:04.0 (10684972)|STATEMENT_EXECUTE|[26]
06:27:04.0 (10686839)|STATEMENT_EXECUTE|[27]
06:27:04.0 (10690574)|HEAP_ALLOCATE|[27]|Bytes:71
06:27:04.0 (10703888)|HEAP_ALLOCATE|[27]|Bytes:4
06:27:04.0 (11113614)|SOQL_EXECUTE_BEGIN|[27]|Aggregations:0|SELECT id, Name FROM Person__c ORDER BY Name ASC NULLS FIRST LIMIT 1000
06:27:04.0 (14494814)|SOQL_EXECUTE_END|[27]|Rows:2
06:27:04.0 (14513283)|HEAP_ALLOCATE|[27]|Bytes:12
06:27:04.0 (14533049)|HEAP_ALLOCATE|[27]|Bytes:97
06:27:04.0 (14621689)|HEAP_ALLOCATE|[27]|Bytes:12
06:27:04.0 (14662479)|VARIABLE_ASSIGNMENT|[EXTERNAL]|this|{}|0x4a5b61d6
06:27:04.0 (14700309)|VARIABLE_ASSIGNMENT|[EXTERNAL]|value|{"s":1,"v":[{"s":2,"v":{"Id":"a0N36000000xneOEAQ","Name":"Andiy Lokotosh"}},{"s":3,"v":{"Id":"a0N36000000xneTEAQ","Name":"Jon Smith"}}]}|0x4449d749
06:27:04.0 (14725453)|VARIABLE_ASSIGNMENT|[3]|this.pers|{"s":1,"v":[{"s":2,"v":{"Id":"a0N36000000xneOEAQ","Name":"Andiy Lokotosh"}},{"s":3,"v":{"Id":"a0N36000000xneTEAQ","Name":"Jon Smith"}}]}|0x4a5b61d6
06:27:04.0 (14735325)|STATEMENT_EXECUTE|[31]
06:27:04.0 (14776744)|VARIABLE_ASSIGNMENT|[EXTERNAL]|this|{"pers":"0x4449d749"}|0x4a5b61d6
06:27:04.0 (14792262)|SYSTEM_MODE_EXIT|false
06:27:04.0 (14806955)|CODE_UNIT_FINISHED|DraftsToPersons invoke(getPersons)
06:27:04.0 (14827693)|CODE_UNIT_FINISHED|DraftsToPersons get(Persons)
06:27:04.0 (15132792)|CODE_UNIT_STARTED|[EXTERNAL]|01p360000074pQr|DraftsToPersons get(Drafts)
06:27:04.0 (15143723)|SYSTEM_MODE_ENTER|true
06:27:04.0 (15164244)|CODE_UNIT_STARTED|[EXTERNAL]|01p360000074pQr|DraftsToPersons invoke(getDrafts)
06:27:04.0 (15191282)|HEAP_ALLOCATE|[EXTERNAL]|Bytes:20
06:27:04.0 (15197969)|VARIABLE_SCOPE_BEGIN|[12]|this|DraftsToPersons|true|false
06:27:04.0 (15222581)|VARIABLE_ASSIGNMENT|[12]|this|{"pers":"0x4449d749"}|0x4a5b61d6
06:27:04.0 (15235667)|SYSTEM_MODE_ENTER|false
06:27:04.0 (15241166)|HEAP_ALLOCATE|[14]|Bytes:5
06:27:04.0 (15245137)|STATEMENT_EXECUTE|[13]
06:27:04.0 (15289737)|VARIABLE_ASSIGNMENT|[EXTERNAL]|this|{"pers":"0x4449d749"}|0x4a5b61d6
06:27:04.0 (15301308)|STATEMENT_EXECUTE|[15]
06:27:04.0 (15303158)|STATEMENT_EXECUTE|[16]
06:27:04.0 (15306685)|HEAP_ALLOCATE|[16]|Bytes:70
06:27:04.0 (15312339)|HEAP_ALLOCATE|[16]|Bytes:4
06:27:04.0 (15569376)|SOQL_EXECUTE_BEGIN|[16]|Aggregations:0|SELECT id, Name FROM Draft__c ORDER BY Name ASC NULLS FIRST LIMIT 1000
06:27:04.0 (17366397)|SOQL_EXECUTE_END|[16]|Rows:2
06:27:04.0 (17380937)|HEAP_ALLOCATE|[16]|Bytes:12
06:27:04.0 (17393744)|HEAP_ALLOCATE|[16]|Bytes:95
06:27:04.0 (17429507)|HEAP_ALLOCATE|[16]|Bytes:12
06:27:04.0 (17471317)|VARIABLE_ASSIGNMENT|[EXTERNAL]|this|{"pers":"0x4449d749"}|0x4a5b61d6
06:27:04.0 (17491915)|VARIABLE_ASSIGNMENT|[EXTERNAL]|value|{"s":1,"v":[{"s":2,"v":{"Id":"a0R3600000032Q3EAI","Name":"Ebay"}},{"s":3,"v":{"Id":"a0R3600000032PyEAI","Name":"Electronic System"}}]}|0x73d96838
06:27:04.0 (17514093)|VARIABLE_ASSIGNMENT|[2]|this.draft|{"s":1,"v":[{"s":2,"v":{"Id":"a0R3600000032Q3EAI","Name":"Ebay"}},{"s":3,"v":{"Id":"a0R3600000032PyEAI","Name":"Electronic System"}}]}|0x4a5b61d6
06:27:04.0 (17523640)|STATEMENT_EXECUTE|[21]
06:27:04.0 (17564916)|VARIABLE_ASSIGNMENT|[EXTERNAL]|this|{"draft":"0x73d96838","pers":"0x4449d749"}|0x4a5b61d6
06:27:04.0 (17580155)|SYSTEM_MODE_EXIT|false
06:27:04.0 (17594176)|CODE_UNIT_FINISHED|DraftsToPersons invoke(getDrafts)
06:27:04.0 (17614449)|CODE_UNIT_FINISHED|DraftsToPersons get(Drafts)
06:27:04.0 (18066612)|CODE_UNIT_STARTED|[EXTERNAL]|01p360000074pQr|DraftsToPersons get(Times)
06:27:04.0 (18077398)|SYSTEM_MODE_ENTER|true
06:27:04.0 (18097807)|CODE_UNIT_STARTED|[EXTERNAL]|01p360000074pQr|DraftsToPersons invoke(getTimes)
06:27:04.0 (18125381)|HEAP_ALLOCATE|[EXTERNAL]|Bytes:20
06:27:04.0 (18132025)|VARIABLE_SCOPE_BEGIN|[34]|this|DraftsToPersons|true|false
06:27:04.0 (18156983)|VARIABLE_ASSIGNMENT|[34]|this|{"draft":"0x73d96838","pers":"0x4449d749"}|0x4a5b61d6
06:27:04.0 (18170415)|SYSTEM_MODE_ENTER|false
06:27:04.0 (18176270)|HEAP_ALLOCATE|[36]|Bytes:5
06:27:04.0 (18180252)|STATEMENT_EXECUTE|[35]
06:27:04.0 (18225103)|VARIABLE_ASSIGNMENT|[EXTERNAL]|this|{"draft":"0x73d96838","pers":"0x4449d749"}|0x4a5b61d6
06:27:04.0 (18236827)|STATEMENT_EXECUTE|[37]
06:27:04.0 (18238650)|STATEMENT_EXECUTE|[38]
06:27:04.0 (18242353)|HEAP_ALLOCATE|[38]|Bytes:66
06:27:04.0 (18247965)|HEAP_ALLOCATE|[38]|Bytes:4
06:27:04.0 (18734406)|SOQL_EXECUTE_BEGIN|[38]|Aggregations:0|SELECT id, Name, Person__r.id, Draft__r.id FROM Time__c LIMIT 1000
06:27:04.0 (24484313)|SOQL_EXECUTE_END|[38]|Rows:2
06:27:04.0 (24520862)|HEAP_ALLOCATE|[38]|Bytes:12
06:27:04.0 (24562657)|HEAP_ALLOCATE|[38]|Bytes:360
06:27:04.0 (24654260)|HEAP_ALLOCATE|[38]|Bytes:12
06:27:04.0 (24762236)|VARIABLE_ASSIGNMENT|[EXTERNAL]|this|{"draft":"0x73d96838","pers":"0x4449d749"}|0x4a5b61d6
06:27:04.0 (24804099)|VARIABLE_ASSIGNMENT|[EXTERNAL]|value|{"s":1,"v":[{"s":2,"v":{"Id":"a0M36000000eCJfEAM","Name":"5","Person__c":"a0N36000000xneOEAQ","Draft__c":"a0R3600000032Q3EAI","Person__r":{"s":3,"v":{"Id":"a0N36000000xneOEAQ"}},"Draft__r":{"s":4,"v":{"Id":"a0R3600000032Q3EAI"}}}},{"s":5,"v":{"Id":"a0M36000000eCJaEAM","Name":"4","Person__c":"a0N36000000xneTEAQ","Draft__c":"a0R3600000032PyEAI","Person__r":{"s":6,"v":{"Id":"a0N36000000xneTEAQ"}},"Draft__r":{"s":7,"v":{"Id":"a0R3600000032PyEAI"}}}}]}|0x791c01e2
06:27:04.0 (24843744)|VARIABLE_ASSIGNMENT|[4]|this.tim|{"s":1,"v":[{"s":2,"v":{"Id":"a0M36000000eCJfEAM","Name":"5","Person__c":"a0N36000000xneOEAQ","Draft__c":"a0R3600000032Q3EAI","Person__r":{"s":3,"v":{"Id":"a0N36000000xneOEAQ"}},"Draft__r":{"s":4,"v":{"Id":"a0R3600000032Q3EAI"}}}},{"s":5,"v":{"Id":"a0M36000000eCJaEAM","Name":"4","Person__c":"a0N36000000xneTEAQ","Draft__c":"a0R3600000032PyEAI","Person__r":{"s":6,"v":{"Id":"a0N36000000xneTEAQ"}},"Draft__r":{"s":7,"v":{"Id":"a0R3600000032PyEAI"}}}}]}|0x4a5b61d6
06:27:04.0 (24857676)|STATEMENT_EXECUTE|[41]
06:27:04.0 (24914078)|VARIABLE_ASSIGNMENT|[EXTERNAL]|this|{"draft":"0x73d96838","pers":"0x4449d749","tim":"0x791c01e2"}|0x4a5b61d6
06:27:04.0 (24932866)|SYSTEM_MODE_EXIT|false
06:27:04.0 (24958125)|CODE_UNIT_FINISHED|DraftsToPersons invoke(getTimes)
06:27:04.0 (24987948)|CODE_UNIT_FINISHED|DraftsToPersons get(Times)
06:27:04.68 (68867071)|CUMULATIVE_LIMIT_USAGE
06:27:04.68 (68867071)|LIMIT_USAGE_FOR_NS|(default)|
  Number of SOQL queries: 3 out of 100
  Number of query rows: 6 out of 50000
  Number of SOSL queries: 0 out of 20
  Number of DML statements: 0 out of 150
  Number of DML rows: 0 out of 10000
  Maximum CPU time: 0 out of 10000
  Maximum heap size: 0 out of 6000000
  Number of callouts: 0 out of 100
  Number of Email Invocations: 0 out of 10
  Number of future calls: 0 out of 50
  Number of queueable jobs added to the queue: 0 out of 50
  Number of Mobile Apex push calls: 0 out of 10

06:27:04.68 (68867071)|CUMULATIVE_LIMIT_USAGE_END

06:27:04.0 (68936235)|CODE_UNIT_FINISHED|VF: /apex/DraftsToPersonTable
06:27:04.0 (69930173)|EXECUTION_FINISHED
