36.0 APEX_CODE,FINEST;APEX_PROFILING,INFO;CALLOUT,INFO;DB,INFO;SYSTEM,DEBUG;VALIDATION,INFO;VISUALFORCE,INFO;WORKFLOW,INFO
07:52:18.0 (433440)|EXECUTION_STARTED
07:52:18.0 (464293)|CODE_UNIT_STARTED|[EXTERNAL]|06636000001VcbV|VF: /apex/AprooveWraper
07:52:18.0 (652836)|VF_DESERIALIZE_VIEWSTATE_BEGIN|06636000001VcbV
07:52:18.0 (14431659)|HEAP_ALLOCATE|[72]|Bytes:3
07:52:18.0 (14472111)|HEAP_ALLOCATE|[77]|Bytes:152
07:52:18.0 (14489100)|HEAP_ALLOCATE|[342]|Bytes:408
07:52:18.0 (14507055)|HEAP_ALLOCATE|[355]|Bytes:408
07:52:18.0 (14524398)|HEAP_ALLOCATE|[467]|Bytes:48
07:52:18.0 (14551591)|HEAP_ALLOCATE|[139]|Bytes:6
07:52:18.0 (14587075)|HEAP_ALLOCATE|[50]|Bytes:5
07:52:18.0 (14607789)|HEAP_ALLOCATE|[56]|Bytes:5
07:52:18.0 (14618112)|HEAP_ALLOCATE|[64]|Bytes:7
07:52:18.0 (17326952)|VF_DESERIALIZE_VIEWSTATE_END
07:52:18.0 (19468974)|CODE_UNIT_STARTED|[EXTERNAL]|01p360000072SS3|WrapperEmployeeSkills get(EmployeeSkills)
07:52:18.0 (19482980)|SYSTEM_MODE_ENTER|true
07:52:18.0 (19866423)|CODE_UNIT_STARTED|[EXTERNAL]|01p360000072SS3|WrapperEmployeeSkills invoke(getEmployeeSkills)
07:52:18.0 (19917980)|HEAP_ALLOCATE|[EXTERNAL]|Bytes:9
07:52:18.0 (19924327)|HEAP_ALLOCATE|[EXTERNAL]|Bytes:88
07:52:18.0 (19927389)|HEAP_ALLOCATE|[EXTERNAL]|Bytes:6
07:52:18.0 (19929939)|HEAP_ALLOCATE|[EXTERNAL]|Bytes:2
07:52:18.0 (19946718)|METHOD_ENTRY|[1]|01p360000072SS3|WrapperEmployeeSkills.WrapperEmployeeSkills()
07:52:18.0 (19951307)|STATEMENT_EXECUTE|[1]
07:52:18.0 (19958381)|STATEMENT_EXECUTE|[1]
07:52:18.0 (19968443)|SYSTEM_MODE_ENTER|false
07:52:18.0 (19983393)|HEAP_ALLOCATE|[EXTERNAL]|Bytes:5
07:52:18.0 (19988638)|STATEMENT_EXECUTE|[61]
07:52:18.0 (19993158)|SYSTEM_MODE_EXIT|false
07:52:18.0 (20003511)|METHOD_EXIT|[1]|WrapperEmployeeSkills
07:52:18.0 (20014648)|HEAP_ALLOCATE|[EXTERNAL]|Bytes:8
07:52:18.0 (20027461)|VARIABLE_SCOPE_BEGIN|[7]|this|WrapperEmployeeSkills|true|false
07:52:18.0 (20102732)|VARIABLE_ASSIGNMENT|[7]|this|{"skillsList":"0x5c44f9fc"}|0x2cdc0bf7
07:52:18.0 (20117988)|SYSTEM_MODE_ENTER|false
07:52:18.0 (20123625)|HEAP_ALLOCATE|[8]|Bytes:5
07:52:18.0 (20127204)|STATEMENT_EXECUTE|[7]
07:52:18.0 (20176441)|VARIABLE_ASSIGNMENT|[EXTERNAL]|this|{"skillsList":"0x5c44f9fc"}|0x2cdc0bf7
07:52:18.0 (20190549)|STATEMENT_EXECUTE|[8]
07:52:18.0 (20192972)|STATEMENT_EXECUTE|[17]
07:52:18.0 (20218282)|VARIABLE_ASSIGNMENT|[EXTERNAL]|this|{"skillsList":"0x5c44f9fc"}|0x2cdc0bf7
07:52:18.0 (20228674)|SYSTEM_MODE_EXIT|false
07:52:18.0 (20240296)|CODE_UNIT_FINISHED|WrapperEmployeeSkills invoke(getEmployeeSkills)
07:52:18.0 (20264412)|CODE_UNIT_FINISHED|WrapperEmployeeSkills get(EmployeeSkills)
07:52:18.0 (21499431)|CODE_UNIT_STARTED|[EXTERNAL]|01p360000072SS3|selected
07:52:18.0 (21513641)|HEAP_ALLOCATE|[EXTERNAL]|Bytes:112
07:52:18.0 (21519281)|HEAP_ALLOCATE|[EXTERNAL]|Bytes:8
07:52:18.0 (21527753)|CODE_UNIT_FINISHED|selected
07:52:18.0 (21602999)|CODE_UNIT_STARTED|[EXTERNAL]|01p360000072SS3|selected
07:52:18.0 (21615124)|CODE_UNIT_FINISHED|selected
07:52:18.0 (21683550)|CODE_UNIT_STARTED|[EXTERNAL]|01p360000072SS3|selected
07:52:18.0 (21694835)|CODE_UNIT_FINISHED|selected
07:52:18.0 (21761521)|CODE_UNIT_STARTED|[EXTERNAL]|01p360000072SS3|selected
07:52:18.0 (21772562)|CODE_UNIT_FINISHED|selected
07:52:18.0 (21838653)|CODE_UNIT_STARTED|[EXTERNAL]|01p360000072SS3|selected
07:52:18.0 (21849680)|CODE_UNIT_FINISHED|selected
07:52:18.0 (21915807)|CODE_UNIT_STARTED|[EXTERNAL]|01p360000072SS3|selected
07:52:18.0 (21926879)|CODE_UNIT_FINISHED|selected
07:52:18.0 (21992469)|CODE_UNIT_STARTED|[EXTERNAL]|01p360000072SS3|selected
07:52:18.0 (22003368)|CODE_UNIT_FINISHED|selected
07:52:18.0 (22069984)|CODE_UNIT_STARTED|[EXTERNAL]|01p360000072SS3|selected
07:52:18.0 (22080809)|CODE_UNIT_FINISHED|selected
07:52:18.0 (22146115)|CODE_UNIT_STARTED|[EXTERNAL]|01p360000072SS3|selected
07:52:18.0 (22157125)|CODE_UNIT_FINISHED|selected
07:52:18.0 (22222608)|CODE_UNIT_STARTED|[EXTERNAL]|01p360000072SS3|selected
07:52:18.0 (22233576)|CODE_UNIT_FINISHED|selected
07:52:18.0 (22299688)|CODE_UNIT_STARTED|[EXTERNAL]|01p360000072SS3|selected
07:52:18.0 (22310458)|CODE_UNIT_FINISHED|selected
07:52:18.0 (22380380)|CODE_UNIT_STARTED|[EXTERNAL]|01p360000072SS3|selected
07:52:18.0 (22391960)|CODE_UNIT_FINISHED|selected
07:52:18.0 (22458666)|CODE_UNIT_STARTED|[EXTERNAL]|01p360000072SS3|selected
07:52:18.0 (22469578)|CODE_UNIT_FINISHED|selected
07:52:18.0 (22535071)|CODE_UNIT_STARTED|[EXTERNAL]|01p360000072SS3|selected
07:52:18.0 (22545833)|CODE_UNIT_FINISHED|selected
07:52:18.0 (22610570)|CODE_UNIT_STARTED|[EXTERNAL]|01p360000072SS3|selected
07:52:18.0 (22621472)|CODE_UNIT_FINISHED|selected
07:52:18.0 (22697342)|CODE_UNIT_STARTED|[EXTERNAL]|01p360000072SS3|selected
07:52:18.0 (22708356)|CODE_UNIT_FINISHED|selected
07:52:18.0 (23166599)|CODE_UNIT_STARTED|[EXTERNAL]|wEmployee set(selected,false)
07:52:18.0 (23200983)|HEAP_ALLOCATE|[EXTERNAL]|Bytes:5
07:52:18.0 (23209547)|HEAP_ALLOCATE|[EXTERNAL]|Bytes:12
07:52:18.0 (23223048)|VARIABLE_ASSIGNMENT|[EXTERNAL]|this.selected|false|0x6c3f2c8f
07:52:18.0 (23231422)|CODE_UNIT_FINISHED|wEmployee set(selected,false)
07:52:18.0 (23301663)|CODE_UNIT_STARTED|[EXTERNAL]|wEmployee set(selected,false)
07:52:18.0 (23321303)|HEAP_ALLOCATE|[EXTERNAL]|Bytes:5
07:52:18.0 (23324799)|HEAP_ALLOCATE|[EXTERNAL]|Bytes:12
07:52:18.0 (23332775)|VARIABLE_ASSIGNMENT|[EXTERNAL]|this.selected|false|0x2227f4a2
07:52:18.0 (23338830)|CODE_UNIT_FINISHED|wEmployee set(selected,false)
07:52:18.0 (23411827)|CODE_UNIT_STARTED|[EXTERNAL]|wEmployee set(selected,false)
07:52:18.0 (23430949)|HEAP_ALLOCATE|[EXTERNAL]|Bytes:5
07:52:18.0 (23434131)|HEAP_ALLOCATE|[EXTERNAL]|Bytes:12
07:52:18.0 (23441884)|VARIABLE_ASSIGNMENT|[EXTERNAL]|this.selected|false|0x59d76203
07:52:18.0 (23447857)|CODE_UNIT_FINISHED|wEmployee set(selected,false)
07:52:18.0 (23514383)|CODE_UNIT_STARTED|[EXTERNAL]|wEmployee set(selected,false)
07:52:18.0 (23533444)|HEAP_ALLOCATE|[EXTERNAL]|Bytes:5
07:52:18.0 (23536546)|HEAP_ALLOCATE|[EXTERNAL]|Bytes:12
07:52:18.0 (23544179)|VARIABLE_ASSIGNMENT|[EXTERNAL]|this.selected|false|0x3619422
07:52:18.0 (23550253)|CODE_UNIT_FINISHED|wEmployee set(selected,false)
07:52:18.0 (23616355)|CODE_UNIT_STARTED|[EXTERNAL]|wEmployee set(selected,false)
07:52:18.0 (23635198)|HEAP_ALLOCATE|[EXTERNAL]|Bytes:5
07:52:18.0 (23638281)|HEAP_ALLOCATE|[EXTERNAL]|Bytes:12
07:52:18.0 (23645867)|VARIABLE_ASSIGNMENT|[EXTERNAL]|this.selected|false|0x162f9b95
07:52:18.0 (23651928)|CODE_UNIT_FINISHED|wEmployee set(selected,false)
07:52:18.0 (23717543)|CODE_UNIT_STARTED|[EXTERNAL]|wEmployee set(selected,false)
07:52:18.0 (23736374)|HEAP_ALLOCATE|[EXTERNAL]|Bytes:5
07:52:18.0 (23739442)|HEAP_ALLOCATE|[EXTERNAL]|Bytes:12
07:52:18.0 (23746999)|VARIABLE_ASSIGNMENT|[EXTERNAL]|this.selected|false|0xbb0ff16
07:52:18.0 (23753478)|CODE_UNIT_FINISHED|wEmployee set(selected,false)
07:52:18.0 (23819141)|CODE_UNIT_STARTED|[EXTERNAL]|wEmployee set(selected,false)
07:52:18.0 (23838123)|HEAP_ALLOCATE|[EXTERNAL]|Bytes:5
07:52:18.0 (23841184)|HEAP_ALLOCATE|[EXTERNAL]|Bytes:12
07:52:18.0 (23848775)|VARIABLE_ASSIGNMENT|[EXTERNAL]|this.selected|false|0x69954319
07:52:18.0 (23854855)|CODE_UNIT_FINISHED|wEmployee set(selected,false)
07:52:18.0 (23920879)|CODE_UNIT_STARTED|[EXTERNAL]|wEmployee set(selected,false)
07:52:18.0 (23939710)|HEAP_ALLOCATE|[EXTERNAL]|Bytes:5
07:52:18.0 (23942718)|HEAP_ALLOCATE|[EXTERNAL]|Bytes:12
07:52:18.0 (23950220)|VARIABLE_ASSIGNMENT|[EXTERNAL]|this.selected|false|0x665a1a8d
07:52:18.0 (23955901)|CODE_UNIT_FINISHED|wEmployee set(selected,false)
07:52:18.0 (24021347)|CODE_UNIT_STARTED|[EXTERNAL]|wEmployee set(selected,false)
07:52:18.0 (24041143)|HEAP_ALLOCATE|[EXTERNAL]|Bytes:5
07:52:18.0 (24044264)|HEAP_ALLOCATE|[EXTERNAL]|Bytes:12
07:52:18.0 (24051921)|VARIABLE_ASSIGNMENT|[EXTERNAL]|this.selected|false|0xcc3c6e0
07:52:18.0 (24057944)|CODE_UNIT_FINISHED|wEmployee set(selected,false)
07:52:18.0 (24123621)|CODE_UNIT_STARTED|[EXTERNAL]|wEmployee set(selected,false)
07:52:18.0 (24142238)|HEAP_ALLOCATE|[EXTERNAL]|Bytes:5
07:52:18.0 (24145343)|HEAP_ALLOCATE|[EXTERNAL]|Bytes:12
07:52:18.0 (24153103)|VARIABLE_ASSIGNMENT|[EXTERNAL]|this.selected|false|0x7d021
07:52:18.0 (24159158)|CODE_UNIT_FINISHED|wEmployee set(selected,false)
07:52:18.0 (24224998)|CODE_UNIT_STARTED|[EXTERNAL]|wEmployee set(selected,false)
07:52:18.0 (24243731)|HEAP_ALLOCATE|[EXTERNAL]|Bytes:5
07:52:18.0 (24246896)|HEAP_ALLOCATE|[EXTERNAL]|Bytes:12
07:52:18.0 (24254478)|VARIABLE_ASSIGNMENT|[EXTERNAL]|this.selected|false|0x43c9d6b3
07:52:18.0 (24260442)|CODE_UNIT_FINISHED|wEmployee set(selected,false)
07:52:18.0 (24326203)|CODE_UNIT_STARTED|[EXTERNAL]|wEmployee set(selected,false)
07:52:18.0 (24345004)|HEAP_ALLOCATE|[EXTERNAL]|Bytes:5
07:52:18.0 (24348554)|HEAP_ALLOCATE|[EXTERNAL]|Bytes:12
07:52:18.0 (24356161)|VARIABLE_ASSIGNMENT|[EXTERNAL]|this.selected|false|0x75712235
07:52:18.0 (24361991)|CODE_UNIT_FINISHED|wEmployee set(selected,false)
07:52:18.0 (24432420)|CODE_UNIT_STARTED|[EXTERNAL]|wEmployee set(selected,false)
07:52:18.0 (24451445)|HEAP_ALLOCATE|[EXTERNAL]|Bytes:5
07:52:18.0 (24454482)|HEAP_ALLOCATE|[EXTERNAL]|Bytes:12
07:52:18.0 (24461940)|VARIABLE_ASSIGNMENT|[EXTERNAL]|this.selected|false|0x67171ebd
07:52:18.0 (24467753)|CODE_UNIT_FINISHED|wEmployee set(selected,false)
07:52:18.0 (24533768)|CODE_UNIT_STARTED|[EXTERNAL]|wEmployee set(selected,false)
07:52:18.0 (24552422)|HEAP_ALLOCATE|[EXTERNAL]|Bytes:5
07:52:18.0 (24555506)|HEAP_ALLOCATE|[EXTERNAL]|Bytes:12
07:52:18.0 (24563202)|VARIABLE_ASSIGNMENT|[EXTERNAL]|this.selected|false|0x59af5ca6
07:52:18.0 (24569134)|CODE_UNIT_FINISHED|wEmployee set(selected,false)
07:52:18.0 (24634656)|CODE_UNIT_STARTED|[EXTERNAL]|wEmployee set(selected,true)
07:52:18.0 (24653739)|HEAP_ALLOCATE|[EXTERNAL]|Bytes:5
07:52:18.0 (24656758)|HEAP_ALLOCATE|[EXTERNAL]|Bytes:12
07:52:18.0 (24664335)|VARIABLE_ASSIGNMENT|[EXTERNAL]|this.selected|true|0x54de756e
07:52:18.0 (24670448)|CODE_UNIT_FINISHED|wEmployee set(selected,true)
07:52:18.0 (24736387)|CODE_UNIT_STARTED|[EXTERNAL]|wEmployee set(selected,false)
07:52:18.0 (24755304)|HEAP_ALLOCATE|[EXTERNAL]|Bytes:5
07:52:18.0 (24758348)|HEAP_ALLOCATE|[EXTERNAL]|Bytes:12
07:52:18.0 (24765939)|VARIABLE_ASSIGNMENT|[EXTERNAL]|this.selected|false|0x2842854a
07:52:18.0 (24771682)|CODE_UNIT_FINISHED|wEmployee set(selected,false)
07:52:18.0 (24946142)|CODE_UNIT_STARTED|[EXTERNAL]|01p360000072SS3|WrapperEmployeeSkills invoke(processSelected)
07:52:18.0 (24972839)|HEAP_ALLOCATE|[EXTERNAL]|Bytes:8
07:52:18.0 (24982342)|VARIABLE_SCOPE_BEGIN|[21]|this|WrapperEmployeeSkills|true|false
07:52:18.0 (25001878)|VARIABLE_ASSIGNMENT|[21]|this|{"skillsList":"0x5c44f9fc"}|0x2cdc0bf7
07:52:18.0 (25012865)|SYSTEM_MODE_ENTER|false
07:52:18.0 (25017961)|HEAP_ALLOCATE|[23]|Bytes:5
07:52:18.0 (25021546)|STATEMENT_EXECUTE|[22]
07:52:18.0 (25023157)|STATEMENT_EXECUTE|[23]
07:52:18.0 (25024250)|STATEMENT_EXECUTE|[24]
07:52:18.0 (25025368)|STATEMENT_EXECUTE|[27]
07:52:18.0 (25051817)|HEAP_ALLOCATE|[27]|Bytes:4
07:52:18.0 (25135377)|VARIABLE_SCOPE_BEGIN|[27]|selectedSkills|List<Employee_Skills__c>|true|false
07:52:18.0 (25143539)|HEAP_ALLOCATE|[EXTERNAL]|Bytes:4
07:52:18.0 (25162635)|VARIABLE_ASSIGNMENT|[27]|selectedSkills|{"s":1,"v":[]}|0x7344d6d5
07:52:18.0 (25182668)|METHOD_ENTRY|[30]|01p360000072SS3|WrapperEmployeeSkills.getEmployeeSkills()
07:52:18.0 (25195227)|VARIABLE_SCOPE_BEGIN|[7]|this|WrapperEmployeeSkills|true|false
07:52:18.0 (25213028)|VARIABLE_ASSIGNMENT|[7]|this|{"skillsList":"0x5c44f9fc"}|0x2cdc0bf7
07:52:18.0 (25222378)|HEAP_ALLOCATE|[8]|Bytes:5
07:52:18.0 (25226160)|STATEMENT_EXECUTE|[7]
07:52:18.0 (25245607)|VARIABLE_ASSIGNMENT|[EXTERNAL]|this|{"skillsList":"0x5c44f9fc"}|0x2cdc0bf7
07:52:18.0 (25254339)|STATEMENT_EXECUTE|[8]
07:52:18.0 (25256298)|STATEMENT_EXECUTE|[17]
07:52:18.0 (25270949)|VARIABLE_ASSIGNMENT|[EXTERNAL]|this|{"skillsList":"0x5c44f9fc"}|0x2cdc0bf7
07:52:18.0 (25282083)|METHOD_EXIT|[30]|01p360000072SS3|WrapperEmployeeSkills.getEmployeeSkills()
07:52:18.0 (25475335)|HEAP_ALLOCATE|[30]|Bytes:5
07:52:18.0 (25493372)|HEAP_ALLOCATE|[30]|Bytes:12
07:52:18.0 (25503565)|VARIABLE_SCOPE_BEGIN|[30]|wEmp|WrapperEmployeeSkills.wEmployee|true|false
07:52:18.0 (25537047)|VARIABLE_ASSIGNMENT|[30]|wEmp|{"selected":false,"skill":"0x25524ced"}|0x6c3f2c8f
07:52:18.0 (25541789)|STATEMENT_EXECUTE|[30]
07:52:18.0 (25580652)|VARIABLE_ASSIGNMENT|[EXTERNAL]|this|{"selected":false,"skill":"0x25524ced"}|0x6c3f2c8f
07:52:18.0 (25593165)|STATEMENT_EXECUTE|[31]
07:52:18.0 (25605081)|HEAP_ALLOCATE|[30]|Bytes:5
07:52:18.0 (25614399)|HEAP_ALLOCATE|[30]|Bytes:12
07:52:18.0 (25620218)|VARIABLE_SCOPE_BEGIN|[30]|wEmp|WrapperEmployeeSkills.wEmployee|true|false
07:52:18.0 (25637797)|VARIABLE_ASSIGNMENT|[30]|wEmp|{"selected":false,"skill":"0x3c8006a5"}|0x2227f4a2
07:52:18.0 (25641697)|STATEMENT_EXECUTE|[30]
07:52:18.0 (25660275)|VARIABLE_ASSIGNMENT|[EXTERNAL]|this|{"selected":false,"skill":"0x3c8006a5"}|0x2227f4a2
07:52:18.0 (25668912)|STATEMENT_EXECUTE|[31]
07:52:18.0 (25679050)|HEAP_ALLOCATE|[30]|Bytes:5
07:52:18.0 (25687797)|HEAP_ALLOCATE|[30]|Bytes:12
07:52:18.0 (25693130)|VARIABLE_SCOPE_BEGIN|[30]|wEmp|WrapperEmployeeSkills.wEmployee|true|false
07:52:18.0 (25709286)|VARIABLE_ASSIGNMENT|[30]|wEmp|{"selected":false,"skill":"0x5f5fea67"}|0x59d76203
07:52:18.0 (25712621)|STATEMENT_EXECUTE|[30]
07:52:18.0 (25730038)|VARIABLE_ASSIGNMENT|[EXTERNAL]|this|{"selected":false,"skill":"0x5f5fea67"}|0x59d76203
07:52:18.0 (25737999)|STATEMENT_EXECUTE|[31]
07:52:18.0 (25747645)|HEAP_ALLOCATE|[30]|Bytes:5
07:52:18.0 (25756086)|HEAP_ALLOCATE|[30]|Bytes:12
07:52:18.0 (25761294)|VARIABLE_SCOPE_BEGIN|[30]|wEmp|WrapperEmployeeSkills.wEmployee|true|false
07:52:18.0 (25776719)|VARIABLE_ASSIGNMENT|[30]|wEmp|{"selected":false,"skill":"0x68dde045"}|0x3619422
07:52:18.0 (25780023)|STATEMENT_EXECUTE|[30]
07:52:18.0 (25797336)|VARIABLE_ASSIGNMENT|[EXTERNAL]|this|{"selected":false,"skill":"0x68dde045"}|0x3619422
07:52:18.0 (25805681)|STATEMENT_EXECUTE|[31]
07:52:18.0 (25815158)|HEAP_ALLOCATE|[30]|Bytes:5
07:52:18.0 (25823280)|HEAP_ALLOCATE|[30]|Bytes:12
07:52:18.0 (25828493)|VARIABLE_SCOPE_BEGIN|[30]|wEmp|WrapperEmployeeSkills.wEmployee|true|false
07:52:18.0 (25843901)|VARIABLE_ASSIGNMENT|[30]|wEmp|{"selected":false,"skill":"0x36d11b16"}|0x162f9b95
07:52:18.0 (25847143)|STATEMENT_EXECUTE|[30]
07:52:18.0 (25864080)|VARIABLE_ASSIGNMENT|[EXTERNAL]|this|{"selected":false,"skill":"0x36d11b16"}|0x162f9b95
07:52:18.0 (25872114)|STATEMENT_EXECUTE|[31]
07:52:18.0 (25881598)|HEAP_ALLOCATE|[30]|Bytes:5
07:52:18.0 (25889853)|HEAP_ALLOCATE|[30]|Bytes:12
07:52:18.0 (25895064)|VARIABLE_SCOPE_BEGIN|[30]|wEmp|WrapperEmployeeSkills.wEmployee|true|false
07:52:18.0 (25910620)|VARIABLE_ASSIGNMENT|[30]|wEmp|{"selected":false,"skill":"0xad88647"}|0xbb0ff16
07:52:18.0 (25913958)|STATEMENT_EXECUTE|[30]
07:52:18.0 (25930797)|VARIABLE_ASSIGNMENT|[EXTERNAL]|this|{"selected":false,"skill":"0xad88647"}|0xbb0ff16
07:52:18.0 (25938974)|STATEMENT_EXECUTE|[31]
07:52:18.0 (25948487)|HEAP_ALLOCATE|[30]|Bytes:5
07:52:18.0 (25956839)|HEAP_ALLOCATE|[30]|Bytes:12
07:52:18.0 (25961956)|VARIABLE_SCOPE_BEGIN|[30]|wEmp|WrapperEmployeeSkills.wEmployee|true|false
07:52:18.0 (25977488)|VARIABLE_ASSIGNMENT|[30]|wEmp|{"selected":false,"skill":"0x2af449a9"}|0x69954319
07:52:18.0 (25980658)|STATEMENT_EXECUTE|[30]
07:52:18.0 (25997390)|VARIABLE_ASSIGNMENT|[EXTERNAL]|this|{"selected":false,"skill":"0x2af449a9"}|0x69954319
07:52:18.0 (26005218)|STATEMENT_EXECUTE|[31]
07:52:18.0 (26015499)|HEAP_ALLOCATE|[30]|Bytes:5
07:52:18.0 (26023790)|HEAP_ALLOCATE|[30]|Bytes:12
07:52:18.0 (26028986)|VARIABLE_SCOPE_BEGIN|[30]|wEmp|WrapperEmployeeSkills.wEmployee|true|false
07:52:18.0 (26044530)|VARIABLE_ASSIGNMENT|[30]|wEmp|{"selected":false,"skill":"0x2dac4b7a"}|0x665a1a8d
07:52:18.0 (26047718)|STATEMENT_EXECUTE|[30]
07:52:18.0 (26065030)|VARIABLE_ASSIGNMENT|[EXTERNAL]|this|{"selected":false,"skill":"0x2dac4b7a"}|0x665a1a8d
07:52:18.0 (26073057)|STATEMENT_EXECUTE|[31]
07:52:18.0 (26082420)|HEAP_ALLOCATE|[30]|Bytes:5
07:52:18.0 (26090774)|HEAP_ALLOCATE|[30]|Bytes:12
07:52:18.0 (26095990)|VARIABLE_SCOPE_BEGIN|[30]|wEmp|WrapperEmployeeSkills.wEmployee|true|false
07:52:18.0 (26111657)|VARIABLE_ASSIGNMENT|[30]|wEmp|{"selected":false,"skill":"0x131bec72"}|0xcc3c6e0
07:52:18.0 (26114950)|STATEMENT_EXECUTE|[30]
07:52:18.0 (26131820)|VARIABLE_ASSIGNMENT|[EXTERNAL]|this|{"selected":false,"skill":"0x131bec72"}|0xcc3c6e0
07:52:18.0 (26139739)|STATEMENT_EXECUTE|[31]
07:52:18.0 (26149186)|HEAP_ALLOCATE|[30]|Bytes:5
07:52:18.0 (26157510)|HEAP_ALLOCATE|[30]|Bytes:12
07:52:18.0 (26162724)|VARIABLE_SCOPE_BEGIN|[30]|wEmp|WrapperEmployeeSkills.wEmployee|true|false
07:52:18.0 (26178100)|VARIABLE_ASSIGNMENT|[30]|wEmp|{"selected":false,"skill":"0x5dbfaae8"}|0x7d021
07:52:18.0 (26181513)|STATEMENT_EXECUTE|[30]
07:52:18.0 (26198549)|VARIABLE_ASSIGNMENT|[EXTERNAL]|this|{"selected":false,"skill":"0x5dbfaae8"}|0x7d021
07:52:18.0 (26206764)|STATEMENT_EXECUTE|[31]
07:52:18.0 (26216128)|HEAP_ALLOCATE|[30]|Bytes:5
07:52:18.0 (26224395)|HEAP_ALLOCATE|[30]|Bytes:12
07:52:18.0 (26229595)|VARIABLE_SCOPE_BEGIN|[30]|wEmp|WrapperEmployeeSkills.wEmployee|true|false
07:52:18.0 (26245192)|VARIABLE_ASSIGNMENT|[30]|wEmp|{"selected":false,"skill":"0x550e09f7"}|0x43c9d6b3
07:52:18.0 (26248474)|STATEMENT_EXECUTE|[30]
07:52:18.0 (26265383)|VARIABLE_ASSIGNMENT|[EXTERNAL]|this|{"selected":false,"skill":"0x550e09f7"}|0x43c9d6b3
07:52:18.0 (26273412)|STATEMENT_EXECUTE|[31]
07:52:18.0 (26282972)|HEAP_ALLOCATE|[30]|Bytes:5
07:52:18.0 (26291174)|HEAP_ALLOCATE|[30]|Bytes:12
07:52:18.0 (26296308)|VARIABLE_SCOPE_BEGIN|[30]|wEmp|WrapperEmployeeSkills.wEmployee|true|false
07:52:18.0 (26311656)|VARIABLE_ASSIGNMENT|[30]|wEmp|{"selected":false,"skill":"0x1ab67fb7"}|0x75712235
07:52:18.0 (26314990)|STATEMENT_EXECUTE|[30]
07:52:18.0 (26332071)|VARIABLE_ASSIGNMENT|[EXTERNAL]|this|{"selected":false,"skill":"0x1ab67fb7"}|0x75712235
07:52:18.0 (26340103)|STATEMENT_EXECUTE|[31]
07:52:18.0 (26349588)|HEAP_ALLOCATE|[30]|Bytes:5
07:52:18.0 (26357638)|HEAP_ALLOCATE|[30]|Bytes:12
07:52:18.0 (26362784)|VARIABLE_SCOPE_BEGIN|[30]|wEmp|WrapperEmployeeSkills.wEmployee|true|false
07:52:18.0 (26382474)|VARIABLE_ASSIGNMENT|[30]|wEmp|{"selected":false,"skill":"0x568268ef"}|0x67171ebd
07:52:18.0 (26386035)|STATEMENT_EXECUTE|[30]
07:52:18.0 (26404237)|VARIABLE_ASSIGNMENT|[EXTERNAL]|this|{"selected":false,"skill":"0x568268ef"}|0x67171ebd
07:52:18.0 (26412471)|STATEMENT_EXECUTE|[31]
07:52:18.0 (26422171)|HEAP_ALLOCATE|[30]|Bytes:5
07:52:18.0 (26430654)|HEAP_ALLOCATE|[30]|Bytes:12
07:52:18.0 (26435843)|VARIABLE_SCOPE_BEGIN|[30]|wEmp|WrapperEmployeeSkills.wEmployee|true|false
07:52:18.0 (26451553)|VARIABLE_ASSIGNMENT|[30]|wEmp|{"selected":false,"skill":"0x764a703d"}|0x59af5ca6
07:52:18.0 (26454840)|STATEMENT_EXECUTE|[30]
07:52:18.0 (26471916)|VARIABLE_ASSIGNMENT|[EXTERNAL]|this|{"selected":false,"skill":"0x764a703d"}|0x59af5ca6
07:52:18.0 (26479983)|STATEMENT_EXECUTE|[31]
07:52:18.0 (26489714)|HEAP_ALLOCATE|[30]|Bytes:5
07:52:18.0 (26498162)|HEAP_ALLOCATE|[30]|Bytes:12
07:52:18.0 (26503325)|VARIABLE_SCOPE_BEGIN|[30]|wEmp|WrapperEmployeeSkills.wEmployee|true|false
07:52:18.0 (26519115)|VARIABLE_ASSIGNMENT|[30]|wEmp|{"selected":true,"skill":"0x53ae9eb2"}|0x54de756e
07:52:18.0 (26522459)|STATEMENT_EXECUTE|[30]
07:52:18.0 (26539436)|VARIABLE_ASSIGNMENT|[EXTERNAL]|this|{"selected":true,"skill":"0x53ae9eb2"}|0x54de756e
07:52:18.0 (26547563)|STATEMENT_EXECUTE|[31]
07:52:18.0 (26549124)|STATEMENT_EXECUTE|[32]
07:52:18.0 (26585835)|VARIABLE_ASSIGNMENT|[EXTERNAL]|this|{"selected":true,"skill":"0x53ae9eb2"}|0x54de756e
07:52:18.0 (26606288)|HEAP_ALLOCATE|[EXTERNAL]|Bytes:4
07:52:18.0 (26619782)|HEAP_ALLOCATE|[30]|Bytes:5
07:52:18.0 (26628794)|HEAP_ALLOCATE|[30]|Bytes:12
07:52:18.0 (26634240)|VARIABLE_SCOPE_BEGIN|[30]|wEmp|WrapperEmployeeSkills.wEmployee|true|false
07:52:18.0 (26651223)|VARIABLE_ASSIGNMENT|[30]|wEmp|{"selected":false,"skill":"0x1aa2864d"}|0x2842854a
07:52:18.0 (26654921)|STATEMENT_EXECUTE|[30]
07:52:18.0 (26672517)|VARIABLE_ASSIGNMENT|[EXTERNAL]|this|{"selected":false,"skill":"0x1aa2864d"}|0x2842854a
07:52:18.0 (26680610)|STATEMENT_EXECUTE|[31]
07:52:18.0 (26690441)|HEAP_ALLOCATE|[30]|Bytes:5
07:52:18.0 (26701202)|VARIABLE_ASSIGNMENT|[30]|wEmp|null|
07:52:18.0 (26796344)|HEAP_ALLOCATE|[39]|Bytes:5
07:52:18.0 (26834787)|HEAP_ALLOCATE|[39]|Bytes:32
07:52:18.0 (26845478)|VARIABLE_SCOPE_BEGIN|[39]|es|Employee_Skills__c|true|false
07:52:18.0 (26875521)|VARIABLE_ASSIGNMENT|[39]|es|{"s":1,"v":{"Id":"a0C36000000iqFYEAY","Name":"fsdfsd","Employee__c":"a0A36000001ygYkEAI","Project__c":"a0736000000Ew01AAC","Status__c":"Waiting for submit","Employee__r":{"s":2,"v":{"Name":"Andriy Lokotosh","Id":"a0A36000001ygYkEAI"}},"Project__r":{"s":3,"v":{"Name":"eBank","Id":"a0736000000Ew01AAC"}}}}|0x53ae9eb2
07:52:18.0 (26881171)|STATEMENT_EXECUTE|[40]
07:52:18.0 (26882511)|STATEMENT_EXECUTE|[41]
07:52:18.0 (26975009)|VARIABLE_SCOPE_BEGIN|[41]|req|Approval.ProcessSubmitRequest|true|false
07:52:18.0 (27087555)|VARIABLE_ASSIGNMENT|[41]|req|"common.api.soap.wsdl.ProcessSubmitRequest@70568dd1"|0x3bc63086
07:52:18.0 (27093995)|STATEMENT_EXECUTE|[42]
07:52:18.0 (27098710)|HEAP_ALLOCATE|[42]|Bytes:39
07:52:18.0 (27161664)|STATEMENT_EXECUTE|[43]
07:52:18.0 (27331561)|HEAP_ALLOCATE|[43]|Bytes:18
07:52:18.0 (27367414)|STATEMENT_EXECUTE|[45]
07:52:18.0 (27436389)|HEAP_ALLOCATE|[45]|Bytes:8
07:52:18.0 (27453395)|DML_BEGIN|[45]|Op:Process|Type:ProcessRequest|Rows:1
07:52:18.0 (27485737)|HEAP_ALLOCATE|[EXTERNAL]|Bytes:8
07:52:18.0 (154013262)|CODE_UNIT_STARTED|[EXTERNAL]|Workflow:ApprovalProcessActions
07:52:18.0 (166811159)|WF_APPROVAL_SUBMIT|[Employee Skills: fsdfsd a0C36000000iqFY]
07:52:18.0 (167773453)|WF_APPROVAL_SUBMITTER|Andrew Lokotosh|005360000011kEE
07:52:18.0 (189784215)|WF_RULE_FILTER|[Employee Skills : Status equals Pending approval]
07:52:18.0 (190293048)|WF_RULE_EVAL_VALUE|4
07:52:18.0 (190304439)|WF_EVAL_ENTRY_CRITERIA|Employee skill|00X36000000QVVE|false
07:52:18.0 (190335278)|WF_RULE_FILTER|[Employee Skills : Status equals Pending approval]
07:52:18.0 (190351699)|WF_RULE_EVAL_VALUE|4
07:52:18.0 (190357426)|WF_EVAL_ENTRY_CRITERIA|Employee skill|00X36000000QVVE|false
07:52:18.0 (190631822)|WF_PROCESS_FOUND||No applicable approval process was found.
07:52:18.0 (191517333)|CODE_UNIT_FINISHED|Workflow:ApprovalProcessActions
07:52:18.0 (192217448)|DML_END|[45]
07:52:18.0 (192318475)|EXCEPTION_THROWN|[45]|System.DmlException: Process failed. First exception on row 0; first error: NO_APPLICABLE_PROCESS, No applicable approval process was found.: []
07:52:18.0 (192899372)|HEAP_ALLOCATE|[45]|Bytes:127
07:52:18.0 (192973190)|VARIABLE_SCOPE_BEGIN|[53]|ex|Exception|true|false
07:52:18.0 (193073308)|VARIABLE_ASSIGNMENT|[53]|ex|"common.apex.runtime.impl.DmlExecutionException: Process failed. First exception on row 0; first error: NO_APPLICABLE_PROCESS, No applicable approval process was found.: []"|0x6abcd27e
07:52:18.0 (193082105)|STATEMENT_EXECUTE|[53]
07:52:18.0 (193086648)|STATEMENT_EXECUTE|[54]
07:52:18.0 (193099534)|HEAP_ALLOCATE|[54]|Bytes:1
07:52:18.0 (193154998)|VARIABLE_SCOPE_BEGIN|[54]|pageRef|System.PageReference|true|false
07:52:18.0 (193215806)|VARIABLE_ASSIGNMENT|[54]|pageRef|"/"|0xde51f13
07:52:18.0 (193220820)|STATEMENT_EXECUTE|[55]
07:52:18.0 (193309550)|STATEMENT_EXECUTE|[56]
07:52:18.0 (193318194)|SYSTEM_MODE_EXIT|false
07:52:18.0 (196933321)|CODE_UNIT_FINISHED|WrapperEmployeeSkills invoke(processSelected)
07:52:18.0 (197616411)|VF_APEX_CALL|j_id4|{!processSelected}|PageReference:/
07:52:18.200 (200101414)|CUMULATIVE_LIMIT_USAGE
07:52:18.200 (200101414)|LIMIT_USAGE_FOR_NS|(default)|
  Number of SOQL queries: 0 out of 100
  Number of query rows: 0 out of 50000
  Number of SOSL queries: 0 out of 20
  Number of DML statements: 1 out of 150
  Number of DML rows: 1 out of 10000
  Maximum CPU time: 0 out of 10000
  Maximum heap size: 0 out of 6000000
  Number of callouts: 0 out of 100
  Number of Email Invocations: 0 out of 10
  Number of future calls: 0 out of 50
  Number of queueable jobs added to the queue: 0 out of 50
  Number of Mobile Apex push calls: 0 out of 10

07:52:18.200 (200101414)|CUMULATIVE_LIMIT_USAGE_END

07:52:18.0 (200143858)|CODE_UNIT_FINISHED|VF: /apex/AprooveWraper
07:52:18.0 (201196456)|EXECUTION_FINISHED
