36.0 APEX_CODE,FINEST;APEX_PROFILING,INFO;CALLOUT,INFO;DB,INFO;SYSTEM,DEBUG;VALIDATION,INFO;VISUALFORCE,INFO;WORKFLOW,INFO
12:29:37.0 (473414)|EXECUTION_STARTED
12:29:37.0 (505450)|CODE_UNIT_STARTED|[EXTERNAL]|aura
12:29:37.0 (996717)|HEAP_ALLOCATE|[72]|Bytes:3
12:29:37.0 (1062674)|HEAP_ALLOCATE|[77]|Bytes:152
12:29:37.0 (1085529)|HEAP_ALLOCATE|[342]|Bytes:408
12:29:37.0 (1107056)|HEAP_ALLOCATE|[355]|Bytes:408
12:29:37.0 (1127248)|HEAP_ALLOCATE|[467]|Bytes:48
12:29:37.0 (1166980)|HEAP_ALLOCATE|[139]|Bytes:6
12:29:37.0 (1200056)|HEAP_ALLOCATE|[EXTERNAL]|Bytes:18
12:29:37.0 (1218545)|HEAP_ALLOCATE|[EXTERNAL]|Bytes:18
12:29:37.0 (2501596)|CODE_UNIT_STARTED|[EXTERNAL]|01p36000006TzBn|AwesomeProductController.getProductByName
12:29:37.0 (2672272)|HEAP_ALLOCATE|[EXTERNAL]|Bytes:3
12:29:37.0 (2694783)|METHOD_ENTRY|[1]|01p36000006TzBn|AwesomeProductController.AwesomeProductController()
12:29:37.0 (2700596)|STATEMENT_EXECUTE|[1]
12:29:37.0 (2709406)|STATEMENT_EXECUTE|[1]
12:29:37.0 (2716874)|METHOD_EXIT|[1]|AwesomeProductController
12:29:37.0 (2721665)|HEAP_ALLOCATE|[EXTERNAL]|Bytes:18
12:29:37.0 (2736454)|SYSTEM_MODE_ENTER|false
12:29:37.0 (2750541)|VARIABLE_SCOPE_BEGIN|[8]|name|String|false|false
12:29:37.0 (2784578)|VARIABLE_ASSIGNMENT|[8]|name|"Always Be Yourself"
12:29:37.0 (2798255)|STATEMENT_EXECUTE|[8]
12:29:37.0 (2799896)|STATEMENT_EXECUTE|[9]
12:29:37.0 (2804030)|HEAP_ALLOCATE|[9]|Bytes:167
12:29:37.0 (2822562)|HEAP_ALLOCATE|[9]|Bytes:4
12:29:37.0 (2836920)|HEAP_ALLOCATE|[9]|Bytes:7
12:29:37.0 (2899761)|HEAP_ALLOCATE|[50]|Bytes:5
12:29:37.0 (3041124)|HEAP_ALLOCATE|[56]|Bytes:5
12:29:37.0 (3054587)|HEAP_ALLOCATE|[64]|Bytes:7
12:29:37.0 (5195903)|SOQL_EXECUTE_BEGIN|[9]|Aggregations:1|SELECT id, name, photo__c, color__c, points__c, description__c, (SELECT name FROM product_sizes__r ORDER BY name ASC NULLS FIRST) FROM product__c WHERE name = :tmpVar1
12:29:37.0 (10904212)|SOQL_EXECUTE_END|[9]|Rows:0
12:29:37.0 (10934848)|HEAP_ALLOCATE|[9]|Bytes:4
12:29:37.0 (10948174)|HEAP_ALLOCATE|[9]|Bytes:0
12:29:37.0 (11008868)|HEAP_ALLOCATE|[9]|Bytes:4
12:29:37.0 (11020500)|HEAP_ALLOCATE|[9]|Bytes:36
12:29:37.0 (11171737)|HEAP_ALLOCATE|[9]|Bytes:46
12:29:37.0 (11319291)|FATAL_ERROR|System.QueryException: List has no rows for assignment to SObject

Class.AwesomeProductController.getProductByName: line 9, column 1
12:29:37.0 (11334722)|FATAL_ERROR|System.QueryException: List has no rows for assignment to SObject

Class.AwesomeProductController.getProductByName: line 9, column 1
12:29:37.11 (11344499)|CUMULATIVE_LIMIT_USAGE
12:29:37.11 (11344499)|LIMIT_USAGE_FOR_NS|(default)|
  Number of SOQL queries: 1 out of 100
  Number of query rows: 0 out of 50000
  Number of SOSL queries: 0 out of 20
  Number of DML statements: 0 out of 150
  Number of DML rows: 0 out of 10000
  Maximum CPU time: 0 out of 10000
  Maximum heap size: 0 out of 6000000
  Number of callouts: 0 out of 100
  Number of Email Invocations: 0 out of 10
  Number of future calls: 0 out of 50
  Number of queueable jobs added to the queue: 0 out of 50
  Number of Mobile Apex push calls: 0 out of 10

12:29:37.11 (11344499)|CUMULATIVE_LIMIT_USAGE_END

12:29:37.0 (11402275)|CODE_UNIT_FINISHED|AwesomeProductController.getProductByName
12:29:37.0 (16510933)|CODE_UNIT_STARTED|[EXTERNAL]|01p36000006TzBn|AwesomeProductController.getProducts
12:29:37.0 (16562692)|STATEMENT_EXECUTE|[3]
12:29:37.0 (16565783)|STATEMENT_EXECUTE|[4]
12:29:37.0 (16576348)|HEAP_ALLOCATE|[4]|Bytes:68
12:29:37.0 (16590127)|HEAP_ALLOCATE|[4]|Bytes:4
12:29:37.0 (16790613)|SOQL_EXECUTE_BEGIN|[4]|Aggregations:0|SELECT id, name, photo__c, description__c, points__c FROM product__c
12:29:37.0 (18816664)|SOQL_EXECUTE_END|[4]|Rows:2
12:29:37.0 (18836233)|HEAP_ALLOCATE|[4]|Bytes:12
12:29:37.0 (18857189)|HEAP_ALLOCATE|[4]|Bytes:435
12:29:37.0 (18873162)|HEAP_ALLOCATE|[4]|Bytes:12
12:29:37.18 (18925901)|CUMULATIVE_LIMIT_USAGE
12:29:37.18 (18925901)|LIMIT_USAGE_FOR_NS|(default)|
  Number of SOQL queries: 2 out of 100
  Number of query rows: 2 out of 50000
  Number of SOSL queries: 0 out of 20
  Number of DML statements: 0 out of 150
  Number of DML rows: 0 out of 10000
  Maximum CPU time: 0 out of 10000
  Maximum heap size: 0 out of 6000000
  Number of callouts: 0 out of 100
  Number of Email Invocations: 0 out of 10
  Number of future calls: 0 out of 50
  Number of queueable jobs added to the queue: 0 out of 50
  Number of Mobile Apex push calls: 0 out of 10

12:29:37.18 (18925901)|CUMULATIVE_LIMIT_USAGE_END

12:29:37.0 (18967069)|CODE_UNIT_FINISHED|AwesomeProductController.getProducts
