36.0 APEX_CODE,FINEST;APEX_PROFILING,INFO;CALLOUT,INFO;DB,INFO;SYSTEM,DEBUG;VALIDATION,INFO;VISUALFORCE,INFO;WORKFLOW,INFO
08:03:18.0 (488524)|EXECUTION_STARTED
08:03:18.0 (521409)|CODE_UNIT_STARTED|[EXTERNAL]|06636000001VcbV|VF: /apex/AprooveWraper
08:03:18.0 (3903862)|CODE_UNIT_STARTED|[EXTERNAL]|01p360000072SS3|WrapperEmployeeSkills <init>
08:03:18.0 (3921009)|SYSTEM_MODE_ENTER|true
08:03:18.0 (4447361)|HEAP_ALLOCATE|[72]|Bytes:3
08:03:18.0 (4511923)|HEAP_ALLOCATE|[77]|Bytes:152
08:03:18.0 (4534515)|HEAP_ALLOCATE|[342]|Bytes:408
08:03:18.0 (4557749)|HEAP_ALLOCATE|[355]|Bytes:408
08:03:18.0 (4579318)|HEAP_ALLOCATE|[467]|Bytes:48
08:03:18.0 (4615181)|HEAP_ALLOCATE|[139]|Bytes:6
08:03:18.0 (4639484)|HEAP_ALLOCATE|[EXTERNAL]|Bytes:9
08:03:18.0 (4645279)|HEAP_ALLOCATE|[EXTERNAL]|Bytes:88
08:03:18.0 (4648254)|HEAP_ALLOCATE|[EXTERNAL]|Bytes:6
08:03:18.0 (4651477)|HEAP_ALLOCATE|[EXTERNAL]|Bytes:2
08:03:18.0 (4665033)|METHOD_ENTRY|[1]|01p360000072SS3|WrapperEmployeeSkills.WrapperEmployeeSkills()
08:03:18.0 (4669553)|STATEMENT_EXECUTE|[1]
08:03:18.0 (4676480)|STATEMENT_EXECUTE|[1]
08:03:18.0 (4710521)|HEAP_ALLOCATE|[50]|Bytes:5
08:03:18.0 (4737958)|HEAP_ALLOCATE|[56]|Bytes:5
08:03:18.0 (4747891)|HEAP_ALLOCATE|[64]|Bytes:7
08:03:18.0 (4772913)|SYSTEM_MODE_ENTER|false
08:03:18.0 (4792829)|HEAP_ALLOCATE|[EXTERNAL]|Bytes:5
08:03:18.0 (4797409)|STATEMENT_EXECUTE|[61]
08:03:18.0 (4803473)|SYSTEM_MODE_EXIT|false
08:03:18.0 (4815215)|METHOD_EXIT|[1]|WrapperEmployeeSkills
08:03:18.0 (4822056)|HEAP_ALLOCATE|[EXTERNAL]|Bytes:8
08:03:18.0 (4834125)|VARIABLE_SCOPE_BEGIN|[1]|this|WrapperEmployeeSkills|true|false
08:03:18.0 (4892212)|VARIABLE_ASSIGNMENT|[1]|this|{}|0x489f095f
08:03:18.0 (4902372)|SYSTEM_MODE_ENTER|false
08:03:18.0 (4907232)|HEAP_ALLOCATE|[EXTERNAL]|Bytes:5
08:03:18.0 (4917663)|HEAP_ALLOCATE|[EXTERNAL]|Bytes:6
08:03:18.0 (4956254)|SYSTEM_MODE_EXIT|false
08:03:18.0 (4963096)|STATEMENT_EXECUTE|[1]
08:03:18.0 (4970478)|SYSTEM_MODE_ENTER|false
08:03:18.0 (4976652)|HEAP_ALLOCATE|[EXTERNAL]|Bytes:5
08:03:18.0 (4980099)|STATEMENT_EXECUTE|[4]
08:03:18.0 (4983463)|SYSTEM_MODE_EXIT|false
08:03:18.0 (5000464)|CODE_UNIT_FINISHED|WrapperEmployeeSkills <init>
08:03:18.0 (5050793)|CODE_UNIT_STARTED|[EXTERNAL]|01p360000072SS3|WrapperEmployeeSkills get(EmployeeSkills)
08:03:18.0 (5058587)|SYSTEM_MODE_ENTER|true
08:03:18.0 (5079941)|CODE_UNIT_STARTED|[EXTERNAL]|01p360000072SS3|WrapperEmployeeSkills invoke(getEmployeeSkills)
08:03:18.0 (5105720)|HEAP_ALLOCATE|[EXTERNAL]|Bytes:8
08:03:18.0 (5112523)|VARIABLE_SCOPE_BEGIN|[7]|this|WrapperEmployeeSkills|true|false
08:03:18.0 (5127436)|VARIABLE_ASSIGNMENT|[7]|this|{}|0x489f095f
08:03:18.0 (5146645)|SYSTEM_MODE_ENTER|false
08:03:18.0 (5154941)|HEAP_ALLOCATE|[8]|Bytes:5
08:03:18.0 (5161688)|STATEMENT_EXECUTE|[7]
08:03:18.0 (5219678)|VARIABLE_ASSIGNMENT|[EXTERNAL]|this|{}|0x489f095f
08:03:18.0 (5234006)|STATEMENT_EXECUTE|[8]
08:03:18.0 (5235710)|STATEMENT_EXECUTE|[9]
08:03:18.0 (5336661)|HEAP_ALLOCATE|[9]|Bytes:4
08:03:18.0 (5498625)|VARIABLE_ASSIGNMENT|[EXTERNAL]|this|{}|0x489f095f
08:03:18.0 (5536331)|HEAP_ALLOCATE|[EXTERNAL]|Bytes:4
08:03:18.0 (5557718)|VARIABLE_ASSIGNMENT|[EXTERNAL]|value|{"s":1,"v":[]}|0x559598f4
08:03:18.0 (5574198)|VARIABLE_ASSIGNMENT|[4]|this.skillsList|{"s":1,"v":[]}|0x489f095f
08:03:18.0 (5586918)|HEAP_ALLOCATE|[10]|Bytes:85
08:03:18.0 (5598595)|HEAP_ALLOCATE|[10]|Bytes:4
08:03:18.0 (6525958)|SOQL_EXECUTE_BEGIN|[10]|Aggregations:0|SELECT Id, Name, Employee__r.Name, Project__r.Name, Status__c FROM Employee_Skills__c
08:03:18.0 (22195289)|SOQL_EXECUTE_END|[10]|Rows:17
08:03:18.0 (22218539)|HEAP_ALLOCATE|[EXTERNAL]|Bytes:72
08:03:18.0 (22519460)|HEAP_ALLOCATE|[10]|Bytes:49
08:03:18.0 (22532505)|HEAP_ALLOCATE|[10]|Bytes:8
08:03:18.0 (22549165)|SYSTEM_METHOD_ENTRY|[7]|QueryLocatorIterator.QueryLocatorIterator()
08:03:18.0 (22553280)|STATEMENT_EXECUTE|[7]
08:03:18.0 (22565517)|SYSTEM_METHOD_EXIT|[7]|QueryLocatorIterator
08:03:18.0 (22574946)|HEAP_ALLOCATE|[10]|Bytes:28
08:03:18.0 (22663935)|HEAP_ALLOCATE|[10]|Bytes:72
08:03:18.0 (22681450)|HEAP_ALLOCATE|[10]|Bytes:8
08:03:18.0 (22684942)|HEAP_ALLOCATE|[10]|Bytes:8
08:03:18.0 (22689977)|VARIABLE_SCOPE_BEGIN|[15]|this|Database.QueryLocatorIterator|true|false
08:03:18.0 (22765362)|VARIABLE_ASSIGNMENT|[15]|this|{}|0x6a8ddf63
08:03:18.0 (22770055)|VARIABLE_SCOPE_BEGIN|[15]|values|List<SObject>|true|false
08:03:18.0 (22789585)|VARIABLE_ASSIGNMENT|[15]|values|{"s":1,"v":"List of size 17 too large to display"}|0x50b2c364
08:03:18.0 (22792572)|VARIABLE_SCOPE_BEGIN|[15]|ql|Database.QueryLocator|true|false
08:03:18.0 (22808515)|VARIABLE_ASSIGNMENT|[15]|ql|{"query":"SELECT Id, Name, Emp (65 more) ..."}|0x2e58648e
08:03:18.0 (22811429)|VARIABLE_SCOPE_BEGIN|[15]|totalNumRecords|Integer|false|false
08:03:18.0 (22815156)|VARIABLE_ASSIGNMENT|[15]|totalNumRecords|17
08:03:18.0 (22817032)|VARIABLE_SCOPE_BEGIN|[15]|queryMoreSize|Integer|false|false
08:03:18.0 (22819568)|VARIABLE_ASSIGNMENT|[15]|queryMoreSize|49983
08:03:18.0 (22879133)|HEAP_ALLOCATE|[10]|Bytes:28
08:03:18.0 (22905474)|METHOD_ENTRY|[10]||Database.QueryLocatorIterator.hasNext()
08:03:18.0 (23010762)|METHOD_EXIT|[10]||Database.QueryLocatorIterator.hasNext()
08:03:18.0 (23021945)|METHOD_ENTRY|[10]||Database.QueryLocatorIterator.next()
08:03:18.0 (23117200)|METHOD_EXIT|[10]||Database.QueryLocatorIterator.next()
08:03:18.0 (23128735)|VARIABLE_SCOPE_BEGIN|[10]|c|Employee_Skills__c|true|false
08:03:18.0 (23158740)|VARIABLE_ASSIGNMENT|[10]|c|{"s":1,"v":{"Id":"a0C360000002n2pEAA","Name":"sdfsdfsdf","Employee__c":"a0A36000001yx5YEAQ","Project__c":"a0736000000Ew01AAC","Status__c":"Rejected","Employee__r":{"s":2,"v":{"Name":"dssdfsd","Id":"a0A36000001yx5YEAQ"}},"Project__r":{"s":3,"v":{"Name":"eBank","Id":"a0736000000Ew01AAC"}}}}|0x71d96408
08:03:18.0 (23164307)|STATEMENT_EXECUTE|[12]
08:03:18.0 (23166112)|STATEMENT_EXECUTE|[14]
08:03:18.0 (23204273)|VARIABLE_ASSIGNMENT|[EXTERNAL]|this|{"skillsList":"0x559598f4"}|0x489f095f
08:03:18.0 (23224625)|HEAP_ALLOCATE|[14]|Bytes:112
08:03:18.0 (23229591)|HEAP_ALLOCATE|[14]|Bytes:8
08:03:18.0 (23236389)|HEAP_ALLOCATE|[14]|Bytes:12
08:03:18.0 (23252818)|CONSTRUCTOR_ENTRY|[14]|01p360000072SS3|<init>(Employee_Skills__c)
08:03:18.0 (23273486)|VARIABLE_SCOPE_BEGIN|[66]|this|WrapperEmployeeSkills.wEmployee|true|false
08:03:18.0 (23291010)|VARIABLE_ASSIGNMENT|[66]|this|{}|0x4b3c7695
08:03:18.0 (23296561)|VARIABLE_SCOPE_BEGIN|[66]|s|Employee_Skills__c|true|false
08:03:18.0 (23314153)|VARIABLE_ASSIGNMENT|[66]|s|{"s":1,"v":{"Id":"a0C360000002n2pEAA","Name":"sdfsdfsdf","Employee__c":"a0A36000001yx5YEAQ","Project__c":"a0736000000Ew01AAC","Status__c":"Rejected","Employee__r":{"s":2,"v":{"Name":"dssdfsd","Id":"a0A36000001yx5YEAQ"}},"Project__r":{"s":3,"v":{"Name":"eBank","Id":"a0736000000Ew01AAC"}}}}|0x71d96408
08:03:18.0 (23319688)|STATEMENT_EXECUTE|[61]
08:03:18.0 (23321146)|STATEMENT_EXECUTE|[62]
08:03:18.0 (23322400)|STATEMENT_EXECUTE|[63]
08:03:18.0 (23334822)|STATEMENT_EXECUTE|[66]
08:03:18.0 (23336530)|STATEMENT_EXECUTE|[67]
08:03:18.0 (23409199)|VARIABLE_ASSIGNMENT|[EXTERNAL]|this|{}|0x4b3c7695
08:03:18.0 (23436143)|VARIABLE_ASSIGNMENT|[EXTERNAL]|value|{"s":1,"v":{"Id":"a0C360000002n2pEAA","Name":"sdfsdfsdf","Employee__c":"a0A36000001yx5YEAQ","Project__c":"a0736000000Ew01AAC","Status__c":"Rejected","Employee__r":{"s":2,"v":{"Name":"dssdfsd","Id":"a0A36000001yx5YEAQ"}},"Project__r":{"s":3,"v":{"Name":"eBank","Id":"a0736000000Ew01AAC"}}}}|0x71d96408
08:03:18.0 (23460123)|VARIABLE_ASSIGNMENT|[62]|this.skill|{"s":1,"v":{"Id":"a0C360000002n2pEAA","Name":"sdfsdfsdf","Employee__c":"a0A36000001yx5YEAQ","Project__c":"a0736000000Ew01AAC","Status__c":"Rejected","Employee__r":{"s":2,"v":{"Name":"dssdfsd","Id":"a0A36000001yx5YEAQ"}},"Project__r":{"s":3,"v":{"Name":"eBank","Id":"a0736000000Ew01AAC"}}}}|0x4b3c7695
08:03:18.0 (23470014)|STATEMENT_EXECUTE|[68]
08:03:18.0 (23522995)|VARIABLE_ASSIGNMENT|[EXTERNAL]|this|{"skill":"0x71d96408"}|0x4b3c7695
08:03:18.0 (23538957)|VARIABLE_ASSIGNMENT|[EXTERNAL]|value|false
08:03:18.0 (23545471)|HEAP_ALLOCATE|[63]|Bytes:5
08:03:18.0 (23552762)|VARIABLE_ASSIGNMENT|[63]|this.selected|false|0x4b3c7695
08:03:18.0 (23565898)|CONSTRUCTOR_EXIT|[14]|01p360000072SS3|<init>(Employee_Skills__c)
08:03:18.0 (23583290)|HEAP_ALLOCATE|[EXTERNAL]|Bytes:4
08:03:18.0 (23593059)|METHOD_ENTRY|[10]||Database.QueryLocatorIterator.hasNext()
08:03:18.0 (23614085)|METHOD_EXIT|[10]||Database.QueryLocatorIterator.hasNext()
08:03:18.0 (23619549)|METHOD_ENTRY|[10]||Database.QueryLocatorIterator.next()
08:03:18.0 (23679163)|METHOD_EXIT|[10]||Database.QueryLocatorIterator.next()
08:03:18.0 (23685855)|VARIABLE_SCOPE_BEGIN|[10]|c|Employee_Skills__c|true|false
08:03:18.0 (23707194)|VARIABLE_ASSIGNMENT|[10]|c|{"s":1,"v":{"Id":"a0C360000003sI7EAI","Name":"Test Skill","Employee__c":"a0A36000002STuDEAW","Project__c":"a07360000014vWtAAI","Status__c":"Approved","Employee__r":{"s":2,"v":{"Name":"Jor","Id":"a0A36000002STuDEAW"}},"Project__r":{"s":3,"v":{"Name":"TestProj","Id":"a07360000014vWtAAI"}}}}|0x9c70b62
08:03:18.0 (23711092)|STATEMENT_EXECUTE|[12]
08:03:18.0 (23712328)|STATEMENT_EXECUTE|[14]
08:03:18.0 (23732836)|VARIABLE_ASSIGNMENT|[EXTERNAL]|this|{"skillsList":"0x559598f4"}|0x489f095f
08:03:18.0 (23743753)|HEAP_ALLOCATE|[14]|Bytes:12
08:03:18.0 (23752839)|CONSTRUCTOR_ENTRY|[14]|01p360000072SS3|<init>(Employee_Skills__c)
08:03:18.0 (23756966)|VARIABLE_SCOPE_BEGIN|[66]|this|WrapperEmployeeSkills.wEmployee|true|false
08:03:18.0 (23769688)|VARIABLE_ASSIGNMENT|[66]|this|{}|0x7c1fa517
08:03:18.0 (23772056)|VARIABLE_SCOPE_BEGIN|[66]|s|Employee_Skills__c|true|false
08:03:18.0 (23787559)|VARIABLE_ASSIGNMENT|[66]|s|{"s":1,"v":{"Id":"a0C360000003sI7EAI","Name":"Test Skill","Employee__c":"a0A36000002STuDEAW","Project__c":"a07360000014vWtAAI","Status__c":"Approved","Employee__r":{"s":2,"v":{"Name":"Jor","Id":"a0A36000002STuDEAW"}},"Project__r":{"s":3,"v":{"Name":"TestProj","Id":"a07360000014vWtAAI"}}}}|0x9c70b62
08:03:18.0 (23791714)|STATEMENT_EXECUTE|[61]
08:03:18.0 (23792918)|STATEMENT_EXECUTE|[62]
08:03:18.0 (23793966)|STATEMENT_EXECUTE|[63]
08:03:18.0 (23804575)|STATEMENT_EXECUTE|[66]
08:03:18.0 (23806409)|STATEMENT_EXECUTE|[67]
08:03:18.0 (23827020)|VARIABLE_ASSIGNMENT|[EXTERNAL]|this|{}|0x7c1fa517
08:03:18.0 (23843575)|VARIABLE_ASSIGNMENT|[EXTERNAL]|value|{"s":1,"v":{"Id":"a0C360000003sI7EAI","Name":"Test Skill","Employee__c":"a0A36000002STuDEAW","Project__c":"a07360000014vWtAAI","Status__c":"Approved","Employee__r":{"s":2,"v":{"Name":"Jor","Id":"a0A36000002STuDEAW"}},"Project__r":{"s":3,"v":{"Name":"TestProj","Id":"a07360000014vWtAAI"}}}}|0x9c70b62
08:03:18.0 (23861307)|VARIABLE_ASSIGNMENT|[62]|this.skill|{"s":1,"v":{"Id":"a0C360000003sI7EAI","Name":"Test Skill","Employee__c":"a0A36000002STuDEAW","Project__c":"a07360000014vWtAAI","Status__c":"Approved","Employee__r":{"s":2,"v":{"Name":"Jor","Id":"a0A36000002STuDEAW"}},"Project__r":{"s":3,"v":{"Name":"TestProj","Id":"a07360000014vWtAAI"}}}}|0x7c1fa517
08:03:18.0 (23869079)|STATEMENT_EXECUTE|[68]
08:03:18.0 (23887059)|VARIABLE_ASSIGNMENT|[EXTERNAL]|this|{"skill":"0x9c70b62"}|0x7c1fa517
08:03:18.0 (23893738)|VARIABLE_ASSIGNMENT|[EXTERNAL]|value|false
08:03:18.0 (23898264)|HEAP_ALLOCATE|[63]|Bytes:5
08:03:18.0 (23904206)|VARIABLE_ASSIGNMENT|[63]|this.selected|false|0x7c1fa517
08:03:18.0 (23914649)|CONSTRUCTOR_EXIT|[14]|01p360000072SS3|<init>(Employee_Skills__c)
08:03:18.0 (23924370)|HEAP_ALLOCATE|[EXTERNAL]|Bytes:4
08:03:18.0 (23932609)|METHOD_ENTRY|[10]||Database.QueryLocatorIterator.hasNext()
08:03:18.0 (23952577)|METHOD_EXIT|[10]||Database.QueryLocatorIterator.hasNext()
08:03:18.0 (23957801)|METHOD_ENTRY|[10]||Database.QueryLocatorIterator.next()
08:03:18.0 (24015936)|METHOD_EXIT|[10]||Database.QueryLocatorIterator.next()
08:03:18.0 (24023426)|VARIABLE_SCOPE_BEGIN|[10]|c|Employee_Skills__c|true|false
08:03:18.0 (24044519)|VARIABLE_ASSIGNMENT|[10]|c|{"s":1,"v":{"Id":"a0C360000003I4VEAU","Name":"Design","Employee__c":"a0A36000001zhkPEAQ","Project__c":"a0736000000F4iQAAS","Status__c":"Pending approval","Employee__r":{"s":2,"v":{"Name":"Robert Dobson","Id":"a0A36000001zhkPEAQ"}},"Project__r":{"s":3,"v":{"Name":"dasdasd","Id":"a0736000000F4iQAAS"}}}}|0x4d323ded
08:03:18.0 (24048399)|STATEMENT_EXECUTE|[12]
08:03:18.0 (24049612)|STATEMENT_EXECUTE|[14]
08:03:18.0 (24069765)|VARIABLE_ASSIGNMENT|[EXTERNAL]|this|{"skillsList":"0x559598f4"}|0x489f095f
08:03:18.0 (24080367)|HEAP_ALLOCATE|[14]|Bytes:12
08:03:18.0 (24088931)|CONSTRUCTOR_ENTRY|[14]|01p360000072SS3|<init>(Employee_Skills__c)
08:03:18.0 (24092852)|VARIABLE_SCOPE_BEGIN|[66]|this|WrapperEmployeeSkills.wEmployee|true|false
08:03:18.0 (24105426)|VARIABLE_ASSIGNMENT|[66]|this|{}|0x23934fc
08:03:18.0 (24107929)|VARIABLE_SCOPE_BEGIN|[66]|s|Employee_Skills__c|true|false
08:03:18.0 (24123594)|VARIABLE_ASSIGNMENT|[66]|s|{"s":1,"v":{"Id":"a0C360000003I4VEAU","Name":"Design","Employee__c":"a0A36000001zhkPEAQ","Project__c":"a0736000000F4iQAAS","Status__c":"Pending approval","Employee__r":{"s":2,"v":{"Name":"Robert Dobson","Id":"a0A36000001zhkPEAQ"}},"Project__r":{"s":3,"v":{"Name":"dasdasd","Id":"a0736000000F4iQAAS"}}}}|0x4d323ded
08:03:18.0 (24127828)|STATEMENT_EXECUTE|[61]
08:03:18.0 (24129043)|STATEMENT_EXECUTE|[62]
08:03:18.0 (24130125)|STATEMENT_EXECUTE|[63]
08:03:18.0 (24140593)|STATEMENT_EXECUTE|[66]
08:03:18.0 (24142068)|STATEMENT_EXECUTE|[67]
08:03:18.0 (24157832)|VARIABLE_ASSIGNMENT|[EXTERNAL]|this|{}|0x23934fc
08:03:18.0 (24177110)|VARIABLE_ASSIGNMENT|[EXTERNAL]|value|{"s":1,"v":{"Id":"a0C360000003I4VEAU","Name":"Design","Employee__c":"a0A36000001zhkPEAQ","Project__c":"a0736000000F4iQAAS","Status__c":"Pending approval","Employee__r":{"s":2,"v":{"Name":"Robert Dobson","Id":"a0A36000001zhkPEAQ"}},"Project__r":{"s":3,"v":{"Name":"dasdasd","Id":"a0736000000F4iQAAS"}}}}|0x4d323ded
08:03:18.0 (24196294)|VARIABLE_ASSIGNMENT|[62]|this.skill|{"s":1,"v":{"Id":"a0C360000003I4VEAU","Name":"Design","Employee__c":"a0A36000001zhkPEAQ","Project__c":"a0736000000F4iQAAS","Status__c":"Pending approval","Employee__r":{"s":2,"v":{"Name":"Robert Dobson","Id":"a0A36000001zhkPEAQ"}},"Project__r":{"s":3,"v":{"Name":"dasdasd","Id":"a0736000000F4iQAAS"}}}}|0x23934fc
08:03:18.0 (24204235)|STATEMENT_EXECUTE|[68]
08:03:18.0 (24222901)|VARIABLE_ASSIGNMENT|[EXTERNAL]|this|{"skill":"0x4d323ded"}|0x23934fc
08:03:18.0 (24229554)|VARIABLE_ASSIGNMENT|[EXTERNAL]|value|false
08:03:18.0 (24233784)|HEAP_ALLOCATE|[63]|Bytes:5
08:03:18.0 (24239733)|VARIABLE_ASSIGNMENT|[63]|this.selected|false|0x23934fc
08:03:18.0 (24250075)|CONSTRUCTOR_EXIT|[14]|01p360000072SS3|<init>(Employee_Skills__c)
08:03:18.0 (24259449)|HEAP_ALLOCATE|[EXTERNAL]|Bytes:4
08:03:18.0 (24267528)|METHOD_ENTRY|[10]||Database.QueryLocatorIterator.hasNext()
08:03:18.0 (24286905)|METHOD_EXIT|[10]||Database.QueryLocatorIterator.hasNext()
08:03:18.0 (24291991)|METHOD_ENTRY|[10]||Database.QueryLocatorIterator.next()
08:03:18.0 (24349029)|METHOD_EXIT|[10]||Database.QueryLocatorIterator.next()
08:03:18.0 (24355621)|VARIABLE_SCOPE_BEGIN|[10]|c|Employee_Skills__c|true|false
08:03:18.0 (24376194)|VARIABLE_ASSIGNMENT|[10]|c|{"s":1,"v":{"Id":"a0C360000003VRsEAM","Name":"Designer","Employee__c":"a0A36000001ygYkEAI","Project__c":"a0736000000Ex6cAAC","Status__c":"Pending approval","Employee__r":{"s":2,"v":{"Name":"Andriy Lokotosh","Id":"a0A36000001ygYkEAI"}},"Project__r":{"s":3,"v":{"Name":"SolutionSoft","Id":"a0736000000Ex6cAAC"}}}}|0x5e38bc03
08:03:18.0 (24380319)|STATEMENT_EXECUTE|[12]
08:03:18.0 (24381530)|STATEMENT_EXECUTE|[14]
08:03:18.0 (24415496)|VARIABLE_ASSIGNMENT|[EXTERNAL]|this|{"skillsList":"0x559598f4"}|0x489f095f
08:03:18.0 (24433623)|HEAP_ALLOCATE|[14]|Bytes:12
08:03:18.0 (24447853)|CONSTRUCTOR_ENTRY|[14]|01p360000072SS3|<init>(Employee_Skills__c)
08:03:18.0 (24455040)|VARIABLE_SCOPE_BEGIN|[66]|this|WrapperEmployeeSkills.wEmployee|true|false
08:03:18.0 (24546842)|VARIABLE_ASSIGNMENT|[66]|this|{}|0x57b91bd6
08:03:18.0 (24552602)|VARIABLE_SCOPE_BEGIN|[66]|s|Employee_Skills__c|true|false
08:03:18.0 (24571619)|VARIABLE_ASSIGNMENT|[66]|s|{"s":1,"v":{"Id":"a0C360000003VRsEAM","Name":"Designer","Employee__c":"a0A36000001ygYkEAI","Project__c":"a0736000000Ex6cAAC","Status__c":"Pending approval","Employee__r":{"s":2,"v":{"Name":"Andriy Lokotosh","Id":"a0A36000001ygYkEAI"}},"Project__r":{"s":3,"v":{"Name":"SolutionSoft","Id":"a0736000000Ex6cAAC"}}}}|0x5e38bc03
08:03:18.0 (24576700)|STATEMENT_EXECUTE|[61]
08:03:18.0 (24577928)|STATEMENT_EXECUTE|[62]
08:03:18.0 (24579024)|STATEMENT_EXECUTE|[63]
08:03:18.0 (24591510)|STATEMENT_EXECUTE|[66]
08:03:18.0 (24592998)|STATEMENT_EXECUTE|[67]
08:03:18.0 (24611152)|VARIABLE_ASSIGNMENT|[EXTERNAL]|this|{}|0x57b91bd6
08:03:18.0 (24628111)|VARIABLE_ASSIGNMENT|[EXTERNAL]|value|{"s":1,"v":{"Id":"a0C360000003VRsEAM","Name":"Designer","Employee__c":"a0A36000001ygYkEAI","Project__c":"a0736000000Ex6cAAC","Status__c":"Pending approval","Employee__r":{"s":2,"v":{"Name":"Andriy Lokotosh","Id":"a0A36000001ygYkEAI"}},"Project__r":{"s":3,"v":{"Name":"SolutionSoft","Id":"a0736000000Ex6cAAC"}}}}|0x5e38bc03
08:03:18.0 (24646403)|VARIABLE_ASSIGNMENT|[62]|this.skill|{"s":1,"v":{"Id":"a0C360000003VRsEAM","Name":"Designer","Employee__c":"a0A36000001ygYkEAI","Project__c":"a0736000000Ex6cAAC","Status__c":"Pending approval","Employee__r":{"s":2,"v":{"Name":"Andriy Lokotosh","Id":"a0A36000001ygYkEAI"}},"Project__r":{"s":3,"v":{"Name":"SolutionSoft","Id":"a0736000000Ex6cAAC"}}}}|0x57b91bd6
08:03:18.0 (24658232)|STATEMENT_EXECUTE|[68]
08:03:18.0 (24677508)|VARIABLE_ASSIGNMENT|[EXTERNAL]|this|{"skill":"0x5e38bc03"}|0x57b91bd6
08:03:18.0 (24684387)|VARIABLE_ASSIGNMENT|[EXTERNAL]|value|false
08:03:18.0 (24688924)|HEAP_ALLOCATE|[63]|Bytes:5
08:03:18.0 (24695278)|VARIABLE_ASSIGNMENT|[63]|this.selected|false|0x57b91bd6
08:03:18.0 (24706367)|CONSTRUCTOR_EXIT|[14]|01p360000072SS3|<init>(Employee_Skills__c)
08:03:18.0 (24716203)|HEAP_ALLOCATE|[EXTERNAL]|Bytes:4
08:03:18.0 (24724367)|METHOD_ENTRY|[10]||Database.QueryLocatorIterator.hasNext()
08:03:18.0 (24744180)|METHOD_EXIT|[10]||Database.QueryLocatorIterator.hasNext()
08:03:18.0 (24749460)|METHOD_ENTRY|[10]||Database.QueryLocatorIterator.next()
08:03:18.0 (24808501)|METHOD_EXIT|[10]||Database.QueryLocatorIterator.next()
08:03:18.0 (24815064)|VARIABLE_SCOPE_BEGIN|[10]|c|Employee_Skills__c|true|false
08:03:18.0 (24835464)|VARIABLE_ASSIGNMENT|[10]|c|{"s":1,"v":{"Id":"a0C360000003I4aEAE","Name":"QA","Employee__c":"a0A36000001zhkPEAQ","Project__c":"a0736000000Ex6cAAC","Status__c":"Pending approval","Employee__r":{"s":2,"v":{"Name":"Robert Dobson","Id":"a0A36000001zhkPEAQ"}},"Project__r":{"s":3,"v":{"Name":"SolutionSoft","Id":"a0736000000Ex6cAAC"}}}}|0x4c7a6d86
08:03:18.0 (24838974)|STATEMENT_EXECUTE|[12]
08:03:18.0 (24840488)|STATEMENT_EXECUTE|[14]
08:03:18.0 (24860558)|VARIABLE_ASSIGNMENT|[EXTERNAL]|this|{"skillsList":"0x559598f4"}|0x489f095f
08:03:18.0 (24871053)|HEAP_ALLOCATE|[14]|Bytes:12
08:03:18.0 (24879651)|CONSTRUCTOR_ENTRY|[14]|01p360000072SS3|<init>(Employee_Skills__c)
08:03:18.0 (24883608)|VARIABLE_SCOPE_BEGIN|[66]|this|WrapperEmployeeSkills.wEmployee|true|false
08:03:18.0 (24896005)|VARIABLE_ASSIGNMENT|[66]|this|{}|0x4b8cee4d
08:03:18.0 (24898251)|VARIABLE_SCOPE_BEGIN|[66]|s|Employee_Skills__c|true|false
08:03:18.0 (24913055)|VARIABLE_ASSIGNMENT|[66]|s|{"s":1,"v":{"Id":"a0C360000003I4aEAE","Name":"QA","Employee__c":"a0A36000001zhkPEAQ","Project__c":"a0736000000Ex6cAAC","Status__c":"Pending approval","Employee__r":{"s":2,"v":{"Name":"Robert Dobson","Id":"a0A36000001zhkPEAQ"}},"Project__r":{"s":3,"v":{"Name":"SolutionSoft","Id":"a0736000000Ex6cAAC"}}}}|0x4c7a6d86
08:03:18.0 (24917009)|STATEMENT_EXECUTE|[61]
08:03:18.0 (24918396)|STATEMENT_EXECUTE|[62]
08:03:18.0 (24919455)|STATEMENT_EXECUTE|[63]
08:03:18.0 (24929737)|STATEMENT_EXECUTE|[66]
08:03:18.0 (24931227)|STATEMENT_EXECUTE|[67]
08:03:18.0 (24947388)|VARIABLE_ASSIGNMENT|[EXTERNAL]|this|{}|0x4b8cee4d
08:03:18.0 (24963073)|VARIABLE_ASSIGNMENT|[EXTERNAL]|value|{"s":1,"v":{"Id":"a0C360000003I4aEAE","Name":"QA","Employee__c":"a0A36000001zhkPEAQ","Project__c":"a0736000000Ex6cAAC","Status__c":"Pending approval","Employee__r":{"s":2,"v":{"Name":"Robert Dobson","Id":"a0A36000001zhkPEAQ"}},"Project__r":{"s":3,"v":{"Name":"SolutionSoft","Id":"a0736000000Ex6cAAC"}}}}|0x4c7a6d86
08:03:18.0 (24980535)|VARIABLE_ASSIGNMENT|[62]|this.skill|{"s":1,"v":{"Id":"a0C360000003I4aEAE","Name":"QA","Employee__c":"a0A36000001zhkPEAQ","Project__c":"a0736000000Ex6cAAC","Status__c":"Pending approval","Employee__r":{"s":2,"v":{"Name":"Robert Dobson","Id":"a0A36000001zhkPEAQ"}},"Project__r":{"s":3,"v":{"Name":"SolutionSoft","Id":"a0736000000Ex6cAAC"}}}}|0x4b8cee4d
08:03:18.0 (24988122)|STATEMENT_EXECUTE|[68]
08:03:18.0 (25005819)|VARIABLE_ASSIGNMENT|[EXTERNAL]|this|{"skill":"0x4c7a6d86"}|0x4b8cee4d
08:03:18.0 (25016367)|VARIABLE_ASSIGNMENT|[EXTERNAL]|value|false
08:03:18.0 (25021092)|HEAP_ALLOCATE|[63]|Bytes:5
08:03:18.0 (25027278)|VARIABLE_ASSIGNMENT|[63]|this.selected|false|0x4b8cee4d
08:03:18.0 (25037895)|CONSTRUCTOR_EXIT|[14]|01p360000072SS3|<init>(Employee_Skills__c)
08:03:18.0 (25047181)|HEAP_ALLOCATE|[EXTERNAL]|Bytes:4
08:03:18.0 (25055159)|METHOD_ENTRY|[10]||Database.QueryLocatorIterator.hasNext()
08:03:18.0 (25074380)|METHOD_EXIT|[10]||Database.QueryLocatorIterator.hasNext()
08:03:18.0 (25079381)|METHOD_ENTRY|[10]||Database.QueryLocatorIterator.next()
08:03:18.0 (25136292)|METHOD_EXIT|[10]||Database.QueryLocatorIterator.next()
08:03:18.0 (25142558)|VARIABLE_SCOPE_BEGIN|[10]|c|Employee_Skills__c|true|false
08:03:18.0 (25162619)|VARIABLE_ASSIGNMENT|[10]|c|{"s":1,"v":{"Id":"a0C360000003XRiEAM","Name":"Tomato","Employee__c":"a0A36000001ygYkEAI","Project__c":"a0736000000Ew01AAC","Status__c":"Pending approval","Employee__r":{"s":2,"v":{"Name":"Andriy Lokotosh","Id":"a0A36000001ygYkEAI"}},"Project__r":{"s":3,"v":{"Name":"eBank","Id":"a0736000000Ew01AAC"}}}}|0x358d5205
08:03:18.0 (25166456)|STATEMENT_EXECUTE|[12]
08:03:18.0 (25167744)|STATEMENT_EXECUTE|[14]
08:03:18.0 (25187355)|VARIABLE_ASSIGNMENT|[EXTERNAL]|this|{"skillsList":"0x559598f4"}|0x489f095f
08:03:18.0 (25197562)|HEAP_ALLOCATE|[14]|Bytes:12
08:03:18.0 (25206009)|CONSTRUCTOR_ENTRY|[14]|01p360000072SS3|<init>(Employee_Skills__c)
08:03:18.0 (25209998)|VARIABLE_SCOPE_BEGIN|[66]|this|WrapperEmployeeSkills.wEmployee|true|false
08:03:18.0 (25222290)|VARIABLE_ASSIGNMENT|[66]|this|{}|0x2a7598c9
08:03:18.0 (25224884)|VARIABLE_SCOPE_BEGIN|[66]|s|Employee_Skills__c|true|false
08:03:18.0 (25239778)|VARIABLE_ASSIGNMENT|[66]|s|{"s":1,"v":{"Id":"a0C360000003XRiEAM","Name":"Tomato","Employee__c":"a0A36000001ygYkEAI","Project__c":"a0736000000Ew01AAC","Status__c":"Pending approval","Employee__r":{"s":2,"v":{"Name":"Andriy Lokotosh","Id":"a0A36000001ygYkEAI"}},"Project__r":{"s":3,"v":{"Name":"eBank","Id":"a0736000000Ew01AAC"}}}}|0x358d5205
08:03:18.0 (25244005)|STATEMENT_EXECUTE|[61]
08:03:18.0 (25245170)|STATEMENT_EXECUTE|[62]
08:03:18.0 (25246241)|STATEMENT_EXECUTE|[63]
08:03:18.0 (25256342)|STATEMENT_EXECUTE|[66]
08:03:18.0 (25257788)|STATEMENT_EXECUTE|[67]
08:03:18.0 (25276799)|VARIABLE_ASSIGNMENT|[EXTERNAL]|this|{}|0x2a7598c9
08:03:18.0 (25293212)|VARIABLE_ASSIGNMENT|[EXTERNAL]|value|{"s":1,"v":{"Id":"a0C360000003XRiEAM","Name":"Tomato","Employee__c":"a0A36000001ygYkEAI","Project__c":"a0736000000Ew01AAC","Status__c":"Pending approval","Employee__r":{"s":2,"v":{"Name":"Andriy Lokotosh","Id":"a0A36000001ygYkEAI"}},"Project__r":{"s":3,"v":{"Name":"eBank","Id":"a0736000000Ew01AAC"}}}}|0x358d5205
08:03:18.0 (25311281)|VARIABLE_ASSIGNMENT|[62]|this.skill|{"s":1,"v":{"Id":"a0C360000003XRiEAM","Name":"Tomato","Employee__c":"a0A36000001ygYkEAI","Project__c":"a0736000000Ew01AAC","Status__c":"Pending approval","Employee__r":{"s":2,"v":{"Name":"Andriy Lokotosh","Id":"a0A36000001ygYkEAI"}},"Project__r":{"s":3,"v":{"Name":"eBank","Id":"a0736000000Ew01AAC"}}}}|0x2a7598c9
08:03:18.0 (25319097)|STATEMENT_EXECUTE|[68]
08:03:18.0 (25337009)|VARIABLE_ASSIGNMENT|[EXTERNAL]|this|{"skill":"0x358d5205"}|0x2a7598c9
08:03:18.0 (25343370)|VARIABLE_ASSIGNMENT|[EXTERNAL]|value|false
08:03:18.0 (25347546)|HEAP_ALLOCATE|[63]|Bytes:5
08:03:18.0 (25353279)|VARIABLE_ASSIGNMENT|[63]|this.selected|false|0x2a7598c9
08:03:18.0 (25363263)|CONSTRUCTOR_EXIT|[14]|01p360000072SS3|<init>(Employee_Skills__c)
08:03:18.0 (25372296)|HEAP_ALLOCATE|[EXTERNAL]|Bytes:4
08:03:18.0 (25380239)|METHOD_ENTRY|[10]||Database.QueryLocatorIterator.hasNext()
08:03:18.0 (25399470)|METHOD_EXIT|[10]||Database.QueryLocatorIterator.hasNext()
08:03:18.0 (25404660)|METHOD_ENTRY|[10]||Database.QueryLocatorIterator.next()
08:03:18.0 (25513831)|METHOD_EXIT|[10]||Database.QueryLocatorIterator.next()
08:03:18.0 (25520945)|VARIABLE_SCOPE_BEGIN|[10]|c|Employee_Skills__c|true|false
08:03:18.0 (25545787)|VARIABLE_ASSIGNMENT|[10]|c|{"s":1,"v":{"Id":"a0C360000003YCSEA2","Name":"Enpl","Employee__c":"a0A36000001ygYkEAI","Project__c":"a0736000000Ew01AAC","Status__c":"Pending approval","Employee__r":{"s":2,"v":{"Name":"Andriy Lokotosh","Id":"a0A36000001ygYkEAI"}},"Project__r":{"s":3,"v":{"Name":"eBank","Id":"a0736000000Ew01AAC"}}}}|0x35fcc65c
08:03:18.0 (25550050)|STATEMENT_EXECUTE|[12]
08:03:18.0 (25551308)|STATEMENT_EXECUTE|[14]
08:03:18.0 (25572472)|VARIABLE_ASSIGNMENT|[EXTERNAL]|this|{"skillsList":"0x559598f4"}|0x489f095f
08:03:18.0 (25583026)|HEAP_ALLOCATE|[14]|Bytes:12
08:03:18.0 (25591734)|CONSTRUCTOR_ENTRY|[14]|01p360000072SS3|<init>(Employee_Skills__c)
08:03:18.0 (25595552)|VARIABLE_SCOPE_BEGIN|[66]|this|WrapperEmployeeSkills.wEmployee|true|false
08:03:18.0 (25608251)|VARIABLE_ASSIGNMENT|[66]|this|{}|0x19aeb828
08:03:18.0 (25610446)|VARIABLE_SCOPE_BEGIN|[66]|s|Employee_Skills__c|true|false
08:03:18.0 (25628053)|VARIABLE_ASSIGNMENT|[66]|s|{"s":1,"v":{"Id":"a0C360000003YCSEA2","Name":"Enpl","Employee__c":"a0A36000001ygYkEAI","Project__c":"a0736000000Ew01AAC","Status__c":"Pending approval","Employee__r":{"s":2,"v":{"Name":"Andriy Lokotosh","Id":"a0A36000001ygYkEAI"}},"Project__r":{"s":3,"v":{"Name":"eBank","Id":"a0736000000Ew01AAC"}}}}|0x35fcc65c
08:03:18.0 (25632869)|STATEMENT_EXECUTE|[61]
08:03:18.0 (25634035)|STATEMENT_EXECUTE|[62]
08:03:18.0 (25635169)|STATEMENT_EXECUTE|[63]
08:03:18.0 (25645709)|STATEMENT_EXECUTE|[66]
08:03:18.0 (25647149)|STATEMENT_EXECUTE|[67]
08:03:18.0 (25663548)|VARIABLE_ASSIGNMENT|[EXTERNAL]|this|{}|0x19aeb828
08:03:18.0 (25679154)|VARIABLE_ASSIGNMENT|[EXTERNAL]|value|{"s":1,"v":{"Id":"a0C360000003YCSEA2","Name":"Enpl","Employee__c":"a0A36000001ygYkEAI","Project__c":"a0736000000Ew01AAC","Status__c":"Pending approval","Employee__r":{"s":2,"v":{"Name":"Andriy Lokotosh","Id":"a0A36000001ygYkEAI"}},"Project__r":{"s":3,"v":{"Name":"eBank","Id":"a0736000000Ew01AAC"}}}}|0x35fcc65c
08:03:18.0 (25696996)|VARIABLE_ASSIGNMENT|[62]|this.skill|{"s":1,"v":{"Id":"a0C360000003YCSEA2","Name":"Enpl","Employee__c":"a0A36000001ygYkEAI","Project__c":"a0736000000Ew01AAC","Status__c":"Pending approval","Employee__r":{"s":2,"v":{"Name":"Andriy Lokotosh","Id":"a0A36000001ygYkEAI"}},"Project__r":{"s":3,"v":{"Name":"eBank","Id":"a0736000000Ew01AAC"}}}}|0x19aeb828
08:03:18.0 (25704872)|STATEMENT_EXECUTE|[68]
08:03:18.0 (25722228)|VARIABLE_ASSIGNMENT|[EXTERNAL]|this|{"skill":"0x35fcc65c"}|0x19aeb828
08:03:18.0 (25728463)|VARIABLE_ASSIGNMENT|[EXTERNAL]|value|false
08:03:18.0 (25732635)|HEAP_ALLOCATE|[63]|Bytes:5
08:03:18.0 (25738465)|VARIABLE_ASSIGNMENT|[63]|this.selected|false|0x19aeb828
08:03:18.0 (25748417)|CONSTRUCTOR_EXIT|[14]|01p360000072SS3|<init>(Employee_Skills__c)
08:03:18.0 (25757542)|HEAP_ALLOCATE|[EXTERNAL]|Bytes:4
08:03:18.0 (25765470)|METHOD_ENTRY|[10]||Database.QueryLocatorIterator.hasNext()
08:03:18.0 (25784543)|METHOD_EXIT|[10]||Database.QueryLocatorIterator.hasNext()
08:03:18.0 (25789716)|METHOD_ENTRY|[10]||Database.QueryLocatorIterator.next()
08:03:18.0 (25869017)|METHOD_EXIT|[10]||Database.QueryLocatorIterator.next()
08:03:18.0 (25880393)|VARIABLE_SCOPE_BEGIN|[10]|c|Employee_Skills__c|true|false
08:03:18.0 (25913504)|VARIABLE_ASSIGNMENT|[10]|c|{"s":1,"v":{"Id":"a0C360000003XRnEAM","Name":"potato","Employee__c":"a0A36000001ygYkEAI","Project__c":"a0736000000Ew01AAC","Status__c":"Pending approval","Employee__r":{"s":2,"v":{"Name":"Andriy Lokotosh","Id":"a0A36000001ygYkEAI"}},"Project__r":{"s":3,"v":{"Name":"eBank","Id":"a0736000000Ew01AAC"}}}}|0x46eccc62
08:03:18.0 (25920047)|STATEMENT_EXECUTE|[12]
08:03:18.0 (25922117)|STATEMENT_EXECUTE|[14]
08:03:18.0 (25956556)|VARIABLE_ASSIGNMENT|[EXTERNAL]|this|{"skillsList":"0x559598f4"}|0x489f095f
08:03:18.0 (25970196)|HEAP_ALLOCATE|[14]|Bytes:12
08:03:18.0 (25979639)|CONSTRUCTOR_ENTRY|[14]|01p360000072SS3|<init>(Employee_Skills__c)
08:03:18.0 (25983937)|VARIABLE_SCOPE_BEGIN|[66]|this|WrapperEmployeeSkills.wEmployee|true|false
08:03:18.0 (25997783)|VARIABLE_ASSIGNMENT|[66]|this|{}|0x4059b7a6
08:03:18.0 (26000088)|VARIABLE_SCOPE_BEGIN|[66]|s|Employee_Skills__c|true|false
08:03:18.0 (26017045)|VARIABLE_ASSIGNMENT|[66]|s|{"s":1,"v":{"Id":"a0C360000003XRnEAM","Name":"potato","Employee__c":"a0A36000001ygYkEAI","Project__c":"a0736000000Ew01AAC","Status__c":"Pending approval","Employee__r":{"s":2,"v":{"Name":"Andriy Lokotosh","Id":"a0A36000001ygYkEAI"}},"Project__r":{"s":3,"v":{"Name":"eBank","Id":"a0736000000Ew01AAC"}}}}|0x46eccc62
08:03:18.0 (26021127)|STATEMENT_EXECUTE|[61]
08:03:18.0 (26022444)|STATEMENT_EXECUTE|[62]
08:03:18.0 (26023545)|STATEMENT_EXECUTE|[63]
08:03:18.0 (26034551)|STATEMENT_EXECUTE|[66]
08:03:18.0 (26036046)|STATEMENT_EXECUTE|[67]
08:03:18.0 (26056365)|VARIABLE_ASSIGNMENT|[EXTERNAL]|this|{}|0x4059b7a6
08:03:18.0 (26073325)|VARIABLE_ASSIGNMENT|[EXTERNAL]|value|{"s":1,"v":{"Id":"a0C360000003XRnEAM","Name":"potato","Employee__c":"a0A36000001ygYkEAI","Project__c":"a0736000000Ew01AAC","Status__c":"Pending approval","Employee__r":{"s":2,"v":{"Name":"Andriy Lokotosh","Id":"a0A36000001ygYkEAI"}},"Project__r":{"s":3,"v":{"Name":"eBank","Id":"a0736000000Ew01AAC"}}}}|0x46eccc62
08:03:18.0 (26091508)|VARIABLE_ASSIGNMENT|[62]|this.skill|{"s":1,"v":{"Id":"a0C360000003XRnEAM","Name":"potato","Employee__c":"a0A36000001ygYkEAI","Project__c":"a0736000000Ew01AAC","Status__c":"Pending approval","Employee__r":{"s":2,"v":{"Name":"Andriy Lokotosh","Id":"a0A36000001ygYkEAI"}},"Project__r":{"s":3,"v":{"Name":"eBank","Id":"a0736000000Ew01AAC"}}}}|0x4059b7a6
08:03:18.0 (26099371)|STATEMENT_EXECUTE|[68]
08:03:18.0 (26117413)|VARIABLE_ASSIGNMENT|[EXTERNAL]|this|{"skill":"0x46eccc62"}|0x4059b7a6
08:03:18.0 (26123828)|VARIABLE_ASSIGNMENT|[EXTERNAL]|value|false
08:03:18.0 (26128357)|HEAP_ALLOCATE|[63]|Bytes:5
08:03:18.0 (26134614)|VARIABLE_ASSIGNMENT|[63]|this.selected|false|0x4059b7a6
08:03:18.0 (26145069)|CONSTRUCTOR_EXIT|[14]|01p360000072SS3|<init>(Employee_Skills__c)
08:03:18.0 (26154486)|HEAP_ALLOCATE|[EXTERNAL]|Bytes:4
08:03:18.0 (26162548)|METHOD_ENTRY|[10]||Database.QueryLocatorIterator.hasNext()
08:03:18.0 (26181724)|METHOD_EXIT|[10]||Database.QueryLocatorIterator.hasNext()
08:03:18.0 (26186892)|METHOD_ENTRY|[10]||Database.QueryLocatorIterator.next()
08:03:18.0 (26244588)|METHOD_EXIT|[10]||Database.QueryLocatorIterator.next()
08:03:18.0 (26251040)|VARIABLE_SCOPE_BEGIN|[10]|c|Employee_Skills__c|true|false
08:03:18.0 (26271082)|VARIABLE_ASSIGNMENT|[10]|c|{"s":1,"v":{"Id":"a0C360000003XTFEA2","Name":"ef","Employee__c":"a0A36000001ygYkEAI","Project__c":"a0736000000Ew01AAC","Status__c":"Pending approval","Employee__r":{"s":2,"v":{"Name":"Andriy Lokotosh","Id":"a0A36000001ygYkEAI"}},"Project__r":{"s":3,"v":{"Name":"eBank","Id":"a0736000000Ew01AAC"}}}}|0x134447d7
08:03:18.0 (26275113)|STATEMENT_EXECUTE|[12]
08:03:18.0 (26276322)|STATEMENT_EXECUTE|[14]
08:03:18.0 (26295880)|VARIABLE_ASSIGNMENT|[EXTERNAL]|this|{"skillsList":"0x559598f4"}|0x489f095f
08:03:18.0 (26306154)|HEAP_ALLOCATE|[14]|Bytes:12
08:03:18.0 (26314245)|CONSTRUCTOR_ENTRY|[14]|01p360000072SS3|<init>(Employee_Skills__c)
08:03:18.0 (26317921)|VARIABLE_SCOPE_BEGIN|[66]|this|WrapperEmployeeSkills.wEmployee|true|false
08:03:18.0 (26330083)|VARIABLE_ASSIGNMENT|[66]|this|{}|0x7fc7d26f
08:03:18.0 (26332371)|VARIABLE_SCOPE_BEGIN|[66]|s|Employee_Skills__c|true|false
08:03:18.0 (26347489)|VARIABLE_ASSIGNMENT|[66]|s|{"s":1,"v":{"Id":"a0C360000003XTFEA2","Name":"ef","Employee__c":"a0A36000001ygYkEAI","Project__c":"a0736000000Ew01AAC","Status__c":"Pending approval","Employee__r":{"s":2,"v":{"Name":"Andriy Lokotosh","Id":"a0A36000001ygYkEAI"}},"Project__r":{"s":3,"v":{"Name":"eBank","Id":"a0736000000Ew01AAC"}}}}|0x134447d7
08:03:18.0 (26351690)|STATEMENT_EXECUTE|[61]
08:03:18.0 (26352860)|STATEMENT_EXECUTE|[62]
08:03:18.0 (26353952)|STATEMENT_EXECUTE|[63]
08:03:18.0 (26364108)|STATEMENT_EXECUTE|[66]
08:03:18.0 (26365532)|STATEMENT_EXECUTE|[67]
08:03:18.0 (26381613)|VARIABLE_ASSIGNMENT|[EXTERNAL]|this|{}|0x7fc7d26f
08:03:18.0 (26397478)|VARIABLE_ASSIGNMENT|[EXTERNAL]|value|{"s":1,"v":{"Id":"a0C360000003XTFEA2","Name":"ef","Employee__c":"a0A36000001ygYkEAI","Project__c":"a0736000000Ew01AAC","Status__c":"Pending approval","Employee__r":{"s":2,"v":{"Name":"Andriy Lokotosh","Id":"a0A36000001ygYkEAI"}},"Project__r":{"s":3,"v":{"Name":"eBank","Id":"a0736000000Ew01AAC"}}}}|0x134447d7
08:03:18.0 (26415245)|VARIABLE_ASSIGNMENT|[62]|this.skill|{"s":1,"v":{"Id":"a0C360000003XTFEA2","Name":"ef","Employee__c":"a0A36000001ygYkEAI","Project__c":"a0736000000Ew01AAC","Status__c":"Pending approval","Employee__r":{"s":2,"v":{"Name":"Andriy Lokotosh","Id":"a0A36000001ygYkEAI"}},"Project__r":{"s":3,"v":{"Name":"eBank","Id":"a0736000000Ew01AAC"}}}}|0x7fc7d26f
08:03:18.0 (26422813)|STATEMENT_EXECUTE|[68]
08:03:18.0 (26444155)|VARIABLE_ASSIGNMENT|[EXTERNAL]|this|{"skill":"0x134447d7"}|0x7fc7d26f
08:03:18.0 (26450580)|VARIABLE_ASSIGNMENT|[EXTERNAL]|value|false
08:03:18.0 (26454858)|HEAP_ALLOCATE|[63]|Bytes:5
08:03:18.0 (26460796)|VARIABLE_ASSIGNMENT|[63]|this.selected|false|0x7fc7d26f
08:03:18.0 (26470971)|CONSTRUCTOR_EXIT|[14]|01p360000072SS3|<init>(Employee_Skills__c)
08:03:18.0 (26480364)|HEAP_ALLOCATE|[EXTERNAL]|Bytes:4
08:03:18.0 (26488272)|METHOD_ENTRY|[10]||Database.QueryLocatorIterator.hasNext()
08:03:18.0 (26507091)|METHOD_EXIT|[10]||Database.QueryLocatorIterator.hasNext()
08:03:18.0 (26512165)|METHOD_ENTRY|[10]||Database.QueryLocatorIterator.next()
08:03:18.0 (26574044)|METHOD_EXIT|[10]||Database.QueryLocatorIterator.next()
08:03:18.0 (26580573)|VARIABLE_SCOPE_BEGIN|[10]|c|Employee_Skills__c|true|false
08:03:18.0 (26600144)|VARIABLE_ASSIGNMENT|[10]|c|{"s":1,"v":{"Id":"a0C360000003XTGEA2","Name":"frgt","Employee__c":"a0A36000001ygYkEAI","Project__c":"a0736000000Ew01AAC","Status__c":"Pending approval","Employee__r":{"s":2,"v":{"Name":"Andriy Lokotosh","Id":"a0A36000001ygYkEAI"}},"Project__r":{"s":3,"v":{"Name":"eBank","Id":"a0736000000Ew01AAC"}}}}|0x5fe89e29
08:03:18.0 (26604036)|STATEMENT_EXECUTE|[12]
08:03:18.0 (26605246)|STATEMENT_EXECUTE|[14]
08:03:18.0 (26624861)|VARIABLE_ASSIGNMENT|[EXTERNAL]|this|{"skillsList":"0x559598f4"}|0x489f095f
08:03:18.0 (26635058)|HEAP_ALLOCATE|[14]|Bytes:12
08:03:18.0 (26643266)|CONSTRUCTOR_ENTRY|[14]|01p360000072SS3|<init>(Employee_Skills__c)
08:03:18.0 (26647131)|VARIABLE_SCOPE_BEGIN|[66]|this|WrapperEmployeeSkills.wEmployee|true|false
08:03:18.0 (26659379)|VARIABLE_ASSIGNMENT|[66]|this|{}|0x5201f6f5
08:03:18.0 (26661547)|VARIABLE_SCOPE_BEGIN|[66]|s|Employee_Skills__c|true|false
08:03:18.0 (26675966)|VARIABLE_ASSIGNMENT|[66]|s|{"s":1,"v":{"Id":"a0C360000003XTGEA2","Name":"frgt","Employee__c":"a0A36000001ygYkEAI","Project__c":"a0736000000Ew01AAC","Status__c":"Pending approval","Employee__r":{"s":2,"v":{"Name":"Andriy Lokotosh","Id":"a0A36000001ygYkEAI"}},"Project__r":{"s":3,"v":{"Name":"eBank","Id":"a0736000000Ew01AAC"}}}}|0x5fe89e29
08:03:18.0 (26680160)|STATEMENT_EXECUTE|[61]
08:03:18.0 (26681335)|STATEMENT_EXECUTE|[62]
08:03:18.0 (26682377)|STATEMENT_EXECUTE|[63]
08:03:18.0 (26692408)|STATEMENT_EXECUTE|[66]
08:03:18.0 (26693823)|STATEMENT_EXECUTE|[67]
08:03:18.0 (26709707)|VARIABLE_ASSIGNMENT|[EXTERNAL]|this|{}|0x5201f6f5
08:03:18.0 (26725023)|VARIABLE_ASSIGNMENT|[EXTERNAL]|value|{"s":1,"v":{"Id":"a0C360000003XTGEA2","Name":"frgt","Employee__c":"a0A36000001ygYkEAI","Project__c":"a0736000000Ew01AAC","Status__c":"Pending approval","Employee__r":{"s":2,"v":{"Name":"Andriy Lokotosh","Id":"a0A36000001ygYkEAI"}},"Project__r":{"s":3,"v":{"Name":"eBank","Id":"a0736000000Ew01AAC"}}}}|0x5fe89e29
08:03:18.0 (26742978)|VARIABLE_ASSIGNMENT|[62]|this.skill|{"s":1,"v":{"Id":"a0C360000003XTGEA2","Name":"frgt","Employee__c":"a0A36000001ygYkEAI","Project__c":"a0736000000Ew01AAC","Status__c":"Pending approval","Employee__r":{"s":2,"v":{"Name":"Andriy Lokotosh","Id":"a0A36000001ygYkEAI"}},"Project__r":{"s":3,"v":{"Name":"eBank","Id":"a0736000000Ew01AAC"}}}}|0x5201f6f5
08:03:18.0 (26751331)|STATEMENT_EXECUTE|[68]
08:03:18.0 (26768976)|VARIABLE_ASSIGNMENT|[EXTERNAL]|this|{"skill":"0x5fe89e29"}|0x5201f6f5
08:03:18.0 (26775131)|VARIABLE_ASSIGNMENT|[EXTERNAL]|value|false
08:03:18.0 (26779248)|HEAP_ALLOCATE|[63]|Bytes:5
08:03:18.0 (26784969)|VARIABLE_ASSIGNMENT|[63]|this.selected|false|0x5201f6f5
08:03:18.0 (26794970)|CONSTRUCTOR_EXIT|[14]|01p360000072SS3|<init>(Employee_Skills__c)
08:03:18.0 (26804107)|HEAP_ALLOCATE|[EXTERNAL]|Bytes:4
08:03:18.0 (26811800)|METHOD_ENTRY|[10]||Database.QueryLocatorIterator.hasNext()
08:03:18.0 (26830713)|METHOD_EXIT|[10]||Database.QueryLocatorIterator.hasNext()
08:03:18.0 (26835777)|METHOD_ENTRY|[10]||Database.QueryLocatorIterator.next()
08:03:18.0 (26946998)|METHOD_EXIT|[10]||Database.QueryLocatorIterator.next()
08:03:18.0 (26958213)|VARIABLE_SCOPE_BEGIN|[10]|c|Employee_Skills__c|true|false
08:03:18.0 (26982102)|VARIABLE_ASSIGNMENT|[10]|c|{"s":1,"v":{"Id":"a0C360000003YGkEAM","Name":"Robert","Employee__c":"a0A36000001ygYkEAI","Project__c":"a0736000000Ew01AAC","Status__c":"Pending approval","Employee__r":{"s":2,"v":{"Name":"Andriy Lokotosh","Id":"a0A36000001ygYkEAI"}},"Project__r":{"s":3,"v":{"Name":"eBank","Id":"a0736000000Ew01AAC"}}}}|0x634a799d
08:03:18.0 (26986394)|STATEMENT_EXECUTE|[12]
08:03:18.0 (26987610)|STATEMENT_EXECUTE|[14]
08:03:18.0 (27009686)|VARIABLE_ASSIGNMENT|[EXTERNAL]|this|{"skillsList":"0x559598f4"}|0x489f095f
08:03:18.0 (27025279)|HEAP_ALLOCATE|[14]|Bytes:12
08:03:18.0 (27034487)|CONSTRUCTOR_ENTRY|[14]|01p360000072SS3|<init>(Employee_Skills__c)
08:03:18.0 (27038435)|VARIABLE_SCOPE_BEGIN|[66]|this|WrapperEmployeeSkills.wEmployee|true|false
08:03:18.0 (27051658)|VARIABLE_ASSIGNMENT|[66]|this|{}|0x22df8b31
08:03:18.0 (27053897)|VARIABLE_SCOPE_BEGIN|[66]|s|Employee_Skills__c|true|false
08:03:18.0 (27069231)|VARIABLE_ASSIGNMENT|[66]|s|{"s":1,"v":{"Id":"a0C360000003YGkEAM","Name":"Robert","Employee__c":"a0A36000001ygYkEAI","Project__c":"a0736000000Ew01AAC","Status__c":"Pending approval","Employee__r":{"s":2,"v":{"Name":"Andriy Lokotosh","Id":"a0A36000001ygYkEAI"}},"Project__r":{"s":3,"v":{"Name":"eBank","Id":"a0736000000Ew01AAC"}}}}|0x634a799d
08:03:18.0 (27073182)|STATEMENT_EXECUTE|[61]
08:03:18.0 (27074376)|STATEMENT_EXECUTE|[62]
08:03:18.0 (27075507)|STATEMENT_EXECUTE|[63]
08:03:18.0 (27086029)|STATEMENT_EXECUTE|[66]
08:03:18.0 (27087532)|STATEMENT_EXECUTE|[67]
08:03:18.0 (27103439)|VARIABLE_ASSIGNMENT|[EXTERNAL]|this|{}|0x22df8b31
08:03:18.0 (27118756)|VARIABLE_ASSIGNMENT|[EXTERNAL]|value|{"s":1,"v":{"Id":"a0C360000003YGkEAM","Name":"Robert","Employee__c":"a0A36000001ygYkEAI","Project__c":"a0736000000Ew01AAC","Status__c":"Pending approval","Employee__r":{"s":2,"v":{"Name":"Andriy Lokotosh","Id":"a0A36000001ygYkEAI"}},"Project__r":{"s":3,"v":{"Name":"eBank","Id":"a0736000000Ew01AAC"}}}}|0x634a799d
08:03:18.0 (27136991)|VARIABLE_ASSIGNMENT|[62]|this.skill|{"s":1,"v":{"Id":"a0C360000003YGkEAM","Name":"Robert","Employee__c":"a0A36000001ygYkEAI","Project__c":"a0736000000Ew01AAC","Status__c":"Pending approval","Employee__r":{"s":2,"v":{"Name":"Andriy Lokotosh","Id":"a0A36000001ygYkEAI"}},"Project__r":{"s":3,"v":{"Name":"eBank","Id":"a0736000000Ew01AAC"}}}}|0x22df8b31
08:03:18.0 (27144601)|STATEMENT_EXECUTE|[68]
08:03:18.0 (27162345)|VARIABLE_ASSIGNMENT|[EXTERNAL]|this|{"skill":"0x634a799d"}|0x22df8b31
08:03:18.0 (27168587)|VARIABLE_ASSIGNMENT|[EXTERNAL]|value|false
08:03:18.0 (27172723)|HEAP_ALLOCATE|[63]|Bytes:5
08:03:18.0 (27179503)|VARIABLE_ASSIGNMENT|[63]|this.selected|false|0x22df8b31
08:03:18.0 (27195868)|CONSTRUCTOR_EXIT|[14]|01p360000072SS3|<init>(Employee_Skills__c)
08:03:18.0 (27213921)|HEAP_ALLOCATE|[EXTERNAL]|Bytes:4
08:03:18.0 (27231214)|METHOD_ENTRY|[10]||Database.QueryLocatorIterator.hasNext()
08:03:18.0 (27268295)|METHOD_EXIT|[10]||Database.QueryLocatorIterator.hasNext()
08:03:18.0 (27281026)|METHOD_ENTRY|[10]||Database.QueryLocatorIterator.next()
08:03:18.0 (27350148)|METHOD_EXIT|[10]||Database.QueryLocatorIterator.next()
08:03:18.0 (27356787)|VARIABLE_SCOPE_BEGIN|[10]|c|Employee_Skills__c|true|false
08:03:18.0 (27377363)|VARIABLE_ASSIGNMENT|[10]|c|{"s":1,"v":{"Id":"a0C360000003XRTEA2","Name":"logo","Employee__c":"a0A36000001ygYkEAI","Project__c":"a0736000000Ew01AAC","Status__c":"Pending approval","Employee__r":{"s":2,"v":{"Name":"Andriy Lokotosh","Id":"a0A36000001ygYkEAI"}},"Project__r":{"s":3,"v":{"Name":"eBank","Id":"a0736000000Ew01AAC"}}}}|0x39dd5095
08:03:18.0 (27381321)|STATEMENT_EXECUTE|[12]
08:03:18.0 (27382555)|STATEMENT_EXECUTE|[14]
08:03:18.0 (27402442)|VARIABLE_ASSIGNMENT|[EXTERNAL]|this|{"skillsList":"0x559598f4"}|0x489f095f
08:03:18.0 (27412677)|HEAP_ALLOCATE|[14]|Bytes:12
08:03:18.0 (27421288)|CONSTRUCTOR_ENTRY|[14]|01p360000072SS3|<init>(Employee_Skills__c)
08:03:18.0 (27425171)|VARIABLE_SCOPE_BEGIN|[66]|this|WrapperEmployeeSkills.wEmployee|true|false
08:03:18.0 (27437723)|VARIABLE_ASSIGNMENT|[66]|this|{}|0x6436af05
08:03:18.0 (27439878)|VARIABLE_SCOPE_BEGIN|[66]|s|Employee_Skills__c|true|false
08:03:18.0 (27454524)|VARIABLE_ASSIGNMENT|[66]|s|{"s":1,"v":{"Id":"a0C360000003XRTEA2","Name":"logo","Employee__c":"a0A36000001ygYkEAI","Project__c":"a0736000000Ew01AAC","Status__c":"Pending approval","Employee__r":{"s":2,"v":{"Name":"Andriy Lokotosh","Id":"a0A36000001ygYkEAI"}},"Project__r":{"s":3,"v":{"Name":"eBank","Id":"a0736000000Ew01AAC"}}}}|0x39dd5095
08:03:18.0 (27458530)|STATEMENT_EXECUTE|[61]
08:03:18.0 (27459832)|STATEMENT_EXECUTE|[62]
08:03:18.0 (27460888)|STATEMENT_EXECUTE|[63]
08:03:18.0 (27474479)|STATEMENT_EXECUTE|[66]
08:03:18.0 (27476002)|STATEMENT_EXECUTE|[67]
08:03:18.0 (27492771)|VARIABLE_ASSIGNMENT|[EXTERNAL]|this|{}|0x6436af05
08:03:18.0 (27508768)|VARIABLE_ASSIGNMENT|[EXTERNAL]|value|{"s":1,"v":{"Id":"a0C360000003XRTEA2","Name":"logo","Employee__c":"a0A36000001ygYkEAI","Project__c":"a0736000000Ew01AAC","Status__c":"Pending approval","Employee__r":{"s":2,"v":{"Name":"Andriy Lokotosh","Id":"a0A36000001ygYkEAI"}},"Project__r":{"s":3,"v":{"Name":"eBank","Id":"a0736000000Ew01AAC"}}}}|0x39dd5095
08:03:18.0 (27530803)|VARIABLE_ASSIGNMENT|[62]|this.skill|{"s":1,"v":{"Id":"a0C360000003XRTEA2","Name":"logo","Employee__c":"a0A36000001ygYkEAI","Project__c":"a0736000000Ew01AAC","Status__c":"Pending approval","Employee__r":{"s":2,"v":{"Name":"Andriy Lokotosh","Id":"a0A36000001ygYkEAI"}},"Project__r":{"s":3,"v":{"Name":"eBank","Id":"a0736000000Ew01AAC"}}}}|0x6436af05
08:03:18.0 (27539491)|STATEMENT_EXECUTE|[68]
08:03:18.0 (27558211)|VARIABLE_ASSIGNMENT|[EXTERNAL]|this|{"skill":"0x39dd5095"}|0x6436af05
08:03:18.0 (27564521)|VARIABLE_ASSIGNMENT|[EXTERNAL]|value|false
08:03:18.0 (27568763)|HEAP_ALLOCATE|[63]|Bytes:5
08:03:18.0 (27574615)|VARIABLE_ASSIGNMENT|[63]|this.selected|false|0x6436af05
08:03:18.0 (27584704)|CONSTRUCTOR_EXIT|[14]|01p360000072SS3|<init>(Employee_Skills__c)
08:03:18.0 (27593969)|HEAP_ALLOCATE|[EXTERNAL]|Bytes:4
08:03:18.0 (27602202)|METHOD_ENTRY|[10]||Database.QueryLocatorIterator.hasNext()
08:03:18.0 (27621267)|METHOD_EXIT|[10]||Database.QueryLocatorIterator.hasNext()
08:03:18.0 (27626390)|METHOD_ENTRY|[10]||Database.QueryLocatorIterator.next()
08:03:18.0 (27682378)|METHOD_EXIT|[10]||Database.QueryLocatorIterator.next()
08:03:18.0 (27688898)|VARIABLE_SCOPE_BEGIN|[10]|c|Employee_Skills__c|true|false
08:03:18.0 (27709443)|VARIABLE_ASSIGNMENT|[10]|c|{"s":1,"v":{"Id":"a0C360000003sIHEAY","Name":"Test Skill","Employee__c":"a0A36000002STuIEAW","Project__c":"a07360000014vWyAAI","Status__c":"Approved","Employee__r":{"s":2,"v":{"Name":"Jor","Id":"a0A36000002STuIEAW"}},"Project__r":{"s":3,"v":{"Name":"TestProj","Id":"a07360000014vWyAAI"}}}}|0x5480a48f
08:03:18.0 (27713214)|STATEMENT_EXECUTE|[12]
08:03:18.0 (27714395)|STATEMENT_EXECUTE|[14]
08:03:18.0 (27733987)|VARIABLE_ASSIGNMENT|[EXTERNAL]|this|{"skillsList":"0x559598f4"}|0x489f095f
08:03:18.0 (27744194)|HEAP_ALLOCATE|[14]|Bytes:12
08:03:18.0 (27752272)|CONSTRUCTOR_ENTRY|[14]|01p360000072SS3|<init>(Employee_Skills__c)
08:03:18.0 (27755916)|VARIABLE_SCOPE_BEGIN|[66]|this|WrapperEmployeeSkills.wEmployee|true|false
08:03:18.0 (27768125)|VARIABLE_ASSIGNMENT|[66]|this|{}|0x84d59a3
08:03:18.0 (27770370)|VARIABLE_SCOPE_BEGIN|[66]|s|Employee_Skills__c|true|false
08:03:18.0 (27785810)|VARIABLE_ASSIGNMENT|[66]|s|{"s":1,"v":{"Id":"a0C360000003sIHEAY","Name":"Test Skill","Employee__c":"a0A36000002STuIEAW","Project__c":"a07360000014vWyAAI","Status__c":"Approved","Employee__r":{"s":2,"v":{"Name":"Jor","Id":"a0A36000002STuIEAW"}},"Project__r":{"s":3,"v":{"Name":"TestProj","Id":"a07360000014vWyAAI"}}}}|0x5480a48f
08:03:18.0 (27789876)|STATEMENT_EXECUTE|[61]
08:03:18.0 (27791139)|STATEMENT_EXECUTE|[62]
08:03:18.0 (27792487)|STATEMENT_EXECUTE|[63]
08:03:18.0 (27802738)|STATEMENT_EXECUTE|[66]
08:03:18.0 (27804162)|STATEMENT_EXECUTE|[67]
08:03:18.0 (27819913)|VARIABLE_ASSIGNMENT|[EXTERNAL]|this|{}|0x84d59a3
08:03:18.0 (27835757)|VARIABLE_ASSIGNMENT|[EXTERNAL]|value|{"s":1,"v":{"Id":"a0C360000003sIHEAY","Name":"Test Skill","Employee__c":"a0A36000002STuIEAW","Project__c":"a07360000014vWyAAI","Status__c":"Approved","Employee__r":{"s":2,"v":{"Name":"Jor","Id":"a0A36000002STuIEAW"}},"Project__r":{"s":3,"v":{"Name":"TestProj","Id":"a07360000014vWyAAI"}}}}|0x5480a48f
08:03:18.0 (27853703)|VARIABLE_ASSIGNMENT|[62]|this.skill|{"s":1,"v":{"Id":"a0C360000003sIHEAY","Name":"Test Skill","Employee__c":"a0A36000002STuIEAW","Project__c":"a07360000014vWyAAI","Status__c":"Approved","Employee__r":{"s":2,"v":{"Name":"Jor","Id":"a0A36000002STuIEAW"}},"Project__r":{"s":3,"v":{"Name":"TestProj","Id":"a07360000014vWyAAI"}}}}|0x84d59a3
08:03:18.0 (27861244)|STATEMENT_EXECUTE|[68]
08:03:18.0 (27898542)|VARIABLE_ASSIGNMENT|[EXTERNAL]|this|{"skill":"0x5480a48f"}|0x84d59a3
08:03:18.0 (27910704)|VARIABLE_ASSIGNMENT|[EXTERNAL]|value|false
08:03:18.0 (27918167)|HEAP_ALLOCATE|[63]|Bytes:5
08:03:18.0 (27929618)|VARIABLE_ASSIGNMENT|[63]|this.selected|false|0x84d59a3
08:03:18.0 (27948103)|CONSTRUCTOR_EXIT|[14]|01p360000072SS3|<init>(Employee_Skills__c)
08:03:18.0 (27966767)|HEAP_ALLOCATE|[EXTERNAL]|Bytes:4
08:03:18.0 (27981864)|METHOD_ENTRY|[10]||Database.QueryLocatorIterator.hasNext()
08:03:18.0 (28018002)|METHOD_EXIT|[10]||Database.QueryLocatorIterator.hasNext()
08:03:18.0 (28030637)|METHOD_ENTRY|[10]||Database.QueryLocatorIterator.next()
08:03:18.0 (28107911)|METHOD_EXIT|[10]||Database.QueryLocatorIterator.next()
08:03:18.0 (28114747)|VARIABLE_SCOPE_BEGIN|[10]|c|Employee_Skills__c|true|false
08:03:18.0 (28135930)|VARIABLE_ASSIGNMENT|[10]|c|{"s":1,"v":{"Id":"a0C36000000ipqeEAA","Name":"Koloboc","Employee__c":"a0A36000001ygYkEAI","Project__c":"a0736000000Ew01AAC","Status__c":"Approved","Employee__r":{"s":2,"v":{"Name":"Andriy Lokotosh","Id":"a0A36000001ygYkEAI"}},"Project__r":{"s":3,"v":{"Name":"eBank","Id":"a0736000000Ew01AAC"}}}}|0x593830f9
08:03:18.0 (28139948)|STATEMENT_EXECUTE|[12]
08:03:18.0 (28141305)|STATEMENT_EXECUTE|[14]
08:03:18.0 (28161534)|VARIABLE_ASSIGNMENT|[EXTERNAL]|this|{"skillsList":"0x559598f4"}|0x489f095f
08:03:18.0 (28171699)|HEAP_ALLOCATE|[14]|Bytes:12
08:03:18.0 (28180244)|CONSTRUCTOR_ENTRY|[14]|01p360000072SS3|<init>(Employee_Skills__c)
08:03:18.0 (28184046)|VARIABLE_SCOPE_BEGIN|[66]|this|WrapperEmployeeSkills.wEmployee|true|false
08:03:18.0 (28197149)|VARIABLE_ASSIGNMENT|[66]|this|{}|0x12f2e9a0
08:03:18.0 (28199413)|VARIABLE_SCOPE_BEGIN|[66]|s|Employee_Skills__c|true|false
08:03:18.0 (28214669)|VARIABLE_ASSIGNMENT|[66]|s|{"s":1,"v":{"Id":"a0C36000000ipqeEAA","Name":"Koloboc","Employee__c":"a0A36000001ygYkEAI","Project__c":"a0736000000Ew01AAC","Status__c":"Approved","Employee__r":{"s":2,"v":{"Name":"Andriy Lokotosh","Id":"a0A36000001ygYkEAI"}},"Project__r":{"s":3,"v":{"Name":"eBank","Id":"a0736000000Ew01AAC"}}}}|0x593830f9
08:03:18.0 (28218466)|STATEMENT_EXECUTE|[61]
08:03:18.0 (28219655)|STATEMENT_EXECUTE|[62]
08:03:18.0 (28220714)|STATEMENT_EXECUTE|[63]
08:03:18.0 (28231253)|STATEMENT_EXECUTE|[66]
08:03:18.0 (28232736)|STATEMENT_EXECUTE|[67]
08:03:18.0 (28248551)|VARIABLE_ASSIGNMENT|[EXTERNAL]|this|{}|0x12f2e9a0
08:03:18.0 (28264177)|VARIABLE_ASSIGNMENT|[EXTERNAL]|value|{"s":1,"v":{"Id":"a0C36000000ipqeEAA","Name":"Koloboc","Employee__c":"a0A36000001ygYkEAI","Project__c":"a0736000000Ew01AAC","Status__c":"Approved","Employee__r":{"s":2,"v":{"Name":"Andriy Lokotosh","Id":"a0A36000001ygYkEAI"}},"Project__r":{"s":3,"v":{"Name":"eBank","Id":"a0736000000Ew01AAC"}}}}|0x593830f9
08:03:18.0 (28281947)|VARIABLE_ASSIGNMENT|[62]|this.skill|{"s":1,"v":{"Id":"a0C36000000ipqeEAA","Name":"Koloboc","Employee__c":"a0A36000001ygYkEAI","Project__c":"a0736000000Ew01AAC","Status__c":"Approved","Employee__r":{"s":2,"v":{"Name":"Andriy Lokotosh","Id":"a0A36000001ygYkEAI"}},"Project__r":{"s":3,"v":{"Name":"eBank","Id":"a0736000000Ew01AAC"}}}}|0x12f2e9a0
08:03:18.0 (28289498)|STATEMENT_EXECUTE|[68]
08:03:18.0 (28307344)|VARIABLE_ASSIGNMENT|[EXTERNAL]|this|{"skill":"0x593830f9"}|0x12f2e9a0
08:03:18.0 (28313638)|VARIABLE_ASSIGNMENT|[EXTERNAL]|value|false
08:03:18.0 (28317694)|HEAP_ALLOCATE|[63]|Bytes:5
08:03:18.0 (28323416)|VARIABLE_ASSIGNMENT|[63]|this.selected|false|0x12f2e9a0
08:03:18.0 (28333378)|CONSTRUCTOR_EXIT|[14]|01p360000072SS3|<init>(Employee_Skills__c)
08:03:18.0 (28342418)|HEAP_ALLOCATE|[EXTERNAL]|Bytes:4
08:03:18.0 (28350270)|METHOD_ENTRY|[10]||Database.QueryLocatorIterator.hasNext()
08:03:18.0 (28368934)|METHOD_EXIT|[10]||Database.QueryLocatorIterator.hasNext()
08:03:18.0 (28374077)|METHOD_ENTRY|[10]||Database.QueryLocatorIterator.next()
08:03:18.0 (28430266)|METHOD_EXIT|[10]||Database.QueryLocatorIterator.next()
08:03:18.0 (28436531)|VARIABLE_SCOPE_BEGIN|[10]|c|Employee_Skills__c|true|false
08:03:18.0 (28456911)|VARIABLE_ASSIGNMENT|[10]|c|{"s":1,"v":{"Id":"a0C36000000iqFYEAY","Name":"fsdfsd","Employee__c":"a0A36000001ygYkEAI","Project__c":"a0736000000Ew01AAC","Status__c":"Waiting for Submit","Employee__r":{"s":2,"v":{"Name":"Andriy Lokotosh","Id":"a0A36000001ygYkEAI"}},"Project__r":{"s":3,"v":{"Name":"eBank","Id":"a0736000000Ew01AAC"}}}}|0x5fb53226
08:03:18.0 (28460750)|STATEMENT_EXECUTE|[12]
08:03:18.0 (28461955)|STATEMENT_EXECUTE|[14]
08:03:18.0 (28481427)|VARIABLE_ASSIGNMENT|[EXTERNAL]|this|{"skillsList":"0x559598f4"}|0x489f095f
08:03:18.0 (28491575)|HEAP_ALLOCATE|[14]|Bytes:12
08:03:18.0 (28499634)|CONSTRUCTOR_ENTRY|[14]|01p360000072SS3|<init>(Employee_Skills__c)
08:03:18.0 (28503585)|VARIABLE_SCOPE_BEGIN|[66]|this|WrapperEmployeeSkills.wEmployee|true|false
08:03:18.0 (28515714)|VARIABLE_ASSIGNMENT|[66]|this|{}|0x3dd7f832
08:03:18.0 (28517832)|VARIABLE_SCOPE_BEGIN|[66]|s|Employee_Skills__c|true|false
08:03:18.0 (28539652)|VARIABLE_ASSIGNMENT|[66]|s|{"s":1,"v":{"Id":"a0C36000000iqFYEAY","Name":"fsdfsd","Employee__c":"a0A36000001ygYkEAI","Project__c":"a0736000000Ew01AAC","Status__c":"Waiting for Submit","Employee__r":{"s":2,"v":{"Name":"Andriy Lokotosh","Id":"a0A36000001ygYkEAI"}},"Project__r":{"s":3,"v":{"Name":"eBank","Id":"a0736000000Ew01AAC"}}}}|0x5fb53226
08:03:18.0 (28544516)|STATEMENT_EXECUTE|[61]
08:03:18.0 (28545704)|STATEMENT_EXECUTE|[62]
08:03:18.0 (28546900)|STATEMENT_EXECUTE|[63]
08:03:18.0 (28557812)|STATEMENT_EXECUTE|[66]
08:03:18.0 (28559253)|STATEMENT_EXECUTE|[67]
08:03:18.0 (28576237)|VARIABLE_ASSIGNMENT|[EXTERNAL]|this|{}|0x3dd7f832
08:03:18.0 (28592641)|VARIABLE_ASSIGNMENT|[EXTERNAL]|value|{"s":1,"v":{"Id":"a0C36000000iqFYEAY","Name":"fsdfsd","Employee__c":"a0A36000001ygYkEAI","Project__c":"a0736000000Ew01AAC","Status__c":"Waiting for Submit","Employee__r":{"s":2,"v":{"Name":"Andriy Lokotosh","Id":"a0A36000001ygYkEAI"}},"Project__r":{"s":3,"v":{"Name":"eBank","Id":"a0736000000Ew01AAC"}}}}|0x5fb53226
08:03:18.0 (28611240)|VARIABLE_ASSIGNMENT|[62]|this.skill|{"s":1,"v":{"Id":"a0C36000000iqFYEAY","Name":"fsdfsd","Employee__c":"a0A36000001ygYkEAI","Project__c":"a0736000000Ew01AAC","Status__c":"Waiting for Submit","Employee__r":{"s":2,"v":{"Name":"Andriy Lokotosh","Id":"a0A36000001ygYkEAI"}},"Project__r":{"s":3,"v":{"Name":"eBank","Id":"a0736000000Ew01AAC"}}}}|0x3dd7f832
08:03:18.0 (28618863)|STATEMENT_EXECUTE|[68]
08:03:18.0 (28636361)|VARIABLE_ASSIGNMENT|[EXTERNAL]|this|{"skill":"0x5fb53226"}|0x3dd7f832
08:03:18.0 (28642825)|VARIABLE_ASSIGNMENT|[EXTERNAL]|value|false
08:03:18.0 (28646985)|HEAP_ALLOCATE|[63]|Bytes:5
08:03:18.0 (28652721)|VARIABLE_ASSIGNMENT|[63]|this.selected|false|0x3dd7f832
08:03:18.0 (28662799)|CONSTRUCTOR_EXIT|[14]|01p360000072SS3|<init>(Employee_Skills__c)
08:03:18.0 (28671711)|HEAP_ALLOCATE|[EXTERNAL]|Bytes:4
08:03:18.0 (28679738)|METHOD_ENTRY|[10]||Database.QueryLocatorIterator.hasNext()
08:03:18.0 (28699021)|METHOD_EXIT|[10]||Database.QueryLocatorIterator.hasNext()
08:03:18.0 (28704155)|METHOD_ENTRY|[10]||Database.QueryLocatorIterator.next()
08:03:18.0 (28762841)|METHOD_EXIT|[10]||Database.QueryLocatorIterator.next()
08:03:18.0 (28769366)|VARIABLE_SCOPE_BEGIN|[10]|c|Employee_Skills__c|true|false
08:03:18.0 (28789838)|VARIABLE_ASSIGNMENT|[10]|c|{"s":1,"v":{"Id":"a0C36000000iqcXEAQ","Name":"www","Employee__c":"a0A36000002VEpNEAW","Project__c":"a0736000000Ex6cAAC","Status__c":"Waiting for Submit","Employee__r":{"s":2,"v":{"Name":"Lololoshka","Id":"a0A36000002VEpNEAW"}},"Project__r":{"s":3,"v":{"Name":"SolutionSoft","Id":"a0736000000Ex6cAAC"}}}}|0x25f0a889
08:03:18.0 (28793515)|STATEMENT_EXECUTE|[12]
08:03:18.0 (28795041)|STATEMENT_EXECUTE|[14]
08:03:18.0 (28814681)|VARIABLE_ASSIGNMENT|[EXTERNAL]|this|{"skillsList":"0x559598f4"}|0x489f095f
08:03:18.0 (28824669)|HEAP_ALLOCATE|[14]|Bytes:12
08:03:18.0 (28832643)|CONSTRUCTOR_ENTRY|[14]|01p360000072SS3|<init>(Employee_Skills__c)
08:03:18.0 (28836398)|VARIABLE_SCOPE_BEGIN|[66]|this|WrapperEmployeeSkills.wEmployee|true|false
08:03:18.0 (28851595)|VARIABLE_ASSIGNMENT|[66]|this|{}|0x5618c843
08:03:18.0 (28854012)|VARIABLE_SCOPE_BEGIN|[66]|s|Employee_Skills__c|true|false
08:03:18.0 (28869320)|VARIABLE_ASSIGNMENT|[66]|s|{"s":1,"v":{"Id":"a0C36000000iqcXEAQ","Name":"www","Employee__c":"a0A36000002VEpNEAW","Project__c":"a0736000000Ex6cAAC","Status__c":"Waiting for Submit","Employee__r":{"s":2,"v":{"Name":"Lololoshka","Id":"a0A36000002VEpNEAW"}},"Project__r":{"s":3,"v":{"Name":"SolutionSoft","Id":"a0736000000Ex6cAAC"}}}}|0x25f0a889
08:03:18.0 (28873330)|STATEMENT_EXECUTE|[61]
08:03:18.0 (28874505)|STATEMENT_EXECUTE|[62]
08:03:18.0 (28875545)|STATEMENT_EXECUTE|[63]
08:03:18.0 (28885878)|STATEMENT_EXECUTE|[66]
08:03:18.0 (28887325)|STATEMENT_EXECUTE|[67]
08:03:18.0 (28903503)|VARIABLE_ASSIGNMENT|[EXTERNAL]|this|{}|0x5618c843
08:03:18.0 (28919078)|VARIABLE_ASSIGNMENT|[EXTERNAL]|value|{"s":1,"v":{"Id":"a0C36000000iqcXEAQ","Name":"www","Employee__c":"a0A36000002VEpNEAW","Project__c":"a0736000000Ex6cAAC","Status__c":"Waiting for Submit","Employee__r":{"s":2,"v":{"Name":"Lololoshka","Id":"a0A36000002VEpNEAW"}},"Project__r":{"s":3,"v":{"Name":"SolutionSoft","Id":"a0736000000Ex6cAAC"}}}}|0x25f0a889
08:03:18.0 (28936838)|VARIABLE_ASSIGNMENT|[62]|this.skill|{"s":1,"v":{"Id":"a0C36000000iqcXEAQ","Name":"www","Employee__c":"a0A36000002VEpNEAW","Project__c":"a0736000000Ex6cAAC","Status__c":"Waiting for Submit","Employee__r":{"s":2,"v":{"Name":"Lololoshka","Id":"a0A36000002VEpNEAW"}},"Project__r":{"s":3,"v":{"Name":"SolutionSoft","Id":"a0736000000Ex6cAAC"}}}}|0x5618c843
08:03:18.0 (28944630)|STATEMENT_EXECUTE|[68]
08:03:18.0 (28961917)|VARIABLE_ASSIGNMENT|[EXTERNAL]|this|{"skill":"0x25f0a889"}|0x5618c843
08:03:18.0 (28968184)|VARIABLE_ASSIGNMENT|[EXTERNAL]|value|false
08:03:18.0 (28972562)|HEAP_ALLOCATE|[63]|Bytes:5
08:03:18.0 (28978229)|VARIABLE_ASSIGNMENT|[63]|this.selected|false|0x5618c843
08:03:18.0 (28988334)|CONSTRUCTOR_EXIT|[14]|01p360000072SS3|<init>(Employee_Skills__c)
08:03:18.0 (28997286)|HEAP_ALLOCATE|[EXTERNAL]|Bytes:4
08:03:18.0 (29005280)|METHOD_ENTRY|[10]||Database.QueryLocatorIterator.hasNext()
08:03:18.0 (29025428)|METHOD_EXIT|[10]||Database.QueryLocatorIterator.hasNext()
08:03:18.0 (29030447)|METHOD_ENTRY|[10]||Database.QueryLocatorIterator.next()
08:03:18.0 (29086069)|METHOD_EXIT|[10]||Database.QueryLocatorIterator.next()
08:03:18.0 (29092326)|VARIABLE_SCOPE_BEGIN|[10]|c|Employee_Skills__c|true|false
08:03:18.0 (29112198)|VARIABLE_ASSIGNMENT|[10]|c|{"s":1,"v":{"Id":"a0C36000000iqCUEAY","Name":"Tools","Employee__c":"a0A36000001ygYkEAI","Project__c":"a0736000000Ew01AAC","Status__c":"Pending approval","Employee__r":{"s":2,"v":{"Name":"Andriy Lokotosh","Id":"a0A36000001ygYkEAI"}},"Project__r":{"s":3,"v":{"Name":"eBank","Id":"a0736000000Ew01AAC"}}}}|0x540cbcda
08:03:18.0 (29115766)|STATEMENT_EXECUTE|[12]
08:03:18.0 (29116893)|STATEMENT_EXECUTE|[14]
08:03:18.0 (29136324)|VARIABLE_ASSIGNMENT|[EXTERNAL]|this|{"skillsList":"0x559598f4"}|0x489f095f
08:03:18.0 (29146497)|HEAP_ALLOCATE|[14]|Bytes:12
08:03:18.0 (29154532)|CONSTRUCTOR_ENTRY|[14]|01p360000072SS3|<init>(Employee_Skills__c)
08:03:18.0 (29158499)|VARIABLE_SCOPE_BEGIN|[66]|this|WrapperEmployeeSkills.wEmployee|true|false
08:03:18.0 (29171002)|VARIABLE_ASSIGNMENT|[66]|this|{}|0x7418e232
08:03:18.0 (29173327)|VARIABLE_SCOPE_BEGIN|[66]|s|Employee_Skills__c|true|false
08:03:18.0 (29188429)|VARIABLE_ASSIGNMENT|[66]|s|{"s":1,"v":{"Id":"a0C36000000iqCUEAY","Name":"Tools","Employee__c":"a0A36000001ygYkEAI","Project__c":"a0736000000Ew01AAC","Status__c":"Pending approval","Employee__r":{"s":2,"v":{"Name":"Andriy Lokotosh","Id":"a0A36000001ygYkEAI"}},"Project__r":{"s":3,"v":{"Name":"eBank","Id":"a0736000000Ew01AAC"}}}}|0x540cbcda
08:03:18.0 (29192365)|STATEMENT_EXECUTE|[61]
08:03:18.0 (29193550)|STATEMENT_EXECUTE|[62]
08:03:18.0 (29194692)|STATEMENT_EXECUTE|[63]
08:03:18.0 (29204917)|STATEMENT_EXECUTE|[66]
08:03:18.0 (29206287)|STATEMENT_EXECUTE|[67]
08:03:18.0 (29221920)|VARIABLE_ASSIGNMENT|[EXTERNAL]|this|{}|0x7418e232
08:03:18.0 (29237584)|VARIABLE_ASSIGNMENT|[EXTERNAL]|value|{"s":1,"v":{"Id":"a0C36000000iqCUEAY","Name":"Tools","Employee__c":"a0A36000001ygYkEAI","Project__c":"a0736000000Ew01AAC","Status__c":"Pending approval","Employee__r":{"s":2,"v":{"Name":"Andriy Lokotosh","Id":"a0A36000001ygYkEAI"}},"Project__r":{"s":3,"v":{"Name":"eBank","Id":"a0736000000Ew01AAC"}}}}|0x540cbcda
08:03:18.0 (29255664)|VARIABLE_ASSIGNMENT|[62]|this.skill|{"s":1,"v":{"Id":"a0C36000000iqCUEAY","Name":"Tools","Employee__c":"a0A36000001ygYkEAI","Project__c":"a0736000000Ew01AAC","Status__c":"Pending approval","Employee__r":{"s":2,"v":{"Name":"Andriy Lokotosh","Id":"a0A36000001ygYkEAI"}},"Project__r":{"s":3,"v":{"Name":"eBank","Id":"a0736000000Ew01AAC"}}}}|0x7418e232
08:03:18.0 (29263296)|STATEMENT_EXECUTE|[68]
08:03:18.0 (29284008)|VARIABLE_ASSIGNMENT|[EXTERNAL]|this|{"skill":"0x540cbcda"}|0x7418e232
08:03:18.0 (29290457)|VARIABLE_ASSIGNMENT|[EXTERNAL]|value|false
08:03:18.0 (29294607)|HEAP_ALLOCATE|[63]|Bytes:5
08:03:18.0 (29316016)|VARIABLE_ASSIGNMENT|[63]|this.selected|false|0x7418e232
08:03:18.0 (29328463)|CONSTRUCTOR_EXIT|[14]|01p360000072SS3|<init>(Employee_Skills__c)
08:03:18.0 (29338018)|HEAP_ALLOCATE|[EXTERNAL]|Bytes:4
08:03:18.0 (29346157)|METHOD_ENTRY|[10]||Database.QueryLocatorIterator.hasNext()
08:03:18.0 (29359691)|METHOD_EXIT|[10]||Database.QueryLocatorIterator.hasNext()
08:03:18.0 (29367658)|VARIABLE_ASSIGNMENT|[10]|c|null|
08:03:18.0 (29400198)|STATEMENT_EXECUTE|[17]
08:03:18.0 (29433931)|VARIABLE_ASSIGNMENT|[EXTERNAL]|this|{"skillsList":"0x559598f4"}|0x489f095f
08:03:18.0 (29446971)|SYSTEM_MODE_EXIT|false
08:03:18.0 (29461025)|CODE_UNIT_FINISHED|WrapperEmployeeSkills invoke(getEmployeeSkills)
08:03:18.0 (29486745)|CODE_UNIT_FINISHED|WrapperEmployeeSkills get(EmployeeSkills)
08:03:18.0 (30060310)|CODE_UNIT_STARTED|[EXTERNAL]|01p360000072SS3|skill
08:03:18.0 (30075886)|CODE_UNIT_FINISHED|skill
08:03:18.0 (123306149)|CODE_UNIT_STARTED|[EXTERNAL]|01p360000072SS3|selected
08:03:18.0 (123347841)|CODE_UNIT_FINISHED|selected
08:03:18.0 (125929594)|CODE_UNIT_STARTED|[EXTERNAL]|01p360000072SS3|selected
08:03:18.0 (125944114)|CODE_UNIT_FINISHED|selected
08:03:18.0 (126039600)|CODE_UNIT_STARTED|[EXTERNAL]|01p360000072SS3|skill
08:03:18.0 (126053395)|CODE_UNIT_FINISHED|skill
08:03:18.0 (127899028)|CODE_UNIT_STARTED|[EXTERNAL]|01p360000072SS3|selected
08:03:18.0 (127913360)|CODE_UNIT_FINISHED|selected
08:03:18.0 (128008151)|CODE_UNIT_STARTED|[EXTERNAL]|01p360000072SS3|skill
08:03:18.0 (128021015)|CODE_UNIT_FINISHED|skill
08:03:18.0 (129866779)|CODE_UNIT_STARTED|[EXTERNAL]|01p360000072SS3|selected
08:03:18.0 (129881098)|CODE_UNIT_FINISHED|selected
08:03:18.0 (129975352)|CODE_UNIT_STARTED|[EXTERNAL]|01p360000072SS3|skill
08:03:18.0 (129987261)|CODE_UNIT_FINISHED|skill
08:03:18.0 (131823510)|CODE_UNIT_STARTED|[EXTERNAL]|01p360000072SS3|selected
08:03:18.0 (131837497)|CODE_UNIT_FINISHED|selected
08:03:18.0 (131930958)|CODE_UNIT_STARTED|[EXTERNAL]|01p360000072SS3|skill
08:03:18.0 (131946379)|CODE_UNIT_FINISHED|skill
08:03:18.0 (133758201)|CODE_UNIT_STARTED|[EXTERNAL]|01p360000072SS3|selected
08:03:18.0 (133772484)|CODE_UNIT_FINISHED|selected
08:03:18.0 (133869354)|CODE_UNIT_STARTED|[EXTERNAL]|01p360000072SS3|skill
08:03:18.0 (133881716)|CODE_UNIT_FINISHED|skill
08:03:18.0 (135677386)|CODE_UNIT_STARTED|[EXTERNAL]|01p360000072SS3|selected
08:03:18.0 (135691369)|CODE_UNIT_FINISHED|selected
08:03:18.0 (135785414)|CODE_UNIT_STARTED|[EXTERNAL]|01p360000072SS3|skill
08:03:18.0 (135797391)|CODE_UNIT_FINISHED|skill
08:03:18.0 (137590789)|CODE_UNIT_STARTED|[EXTERNAL]|01p360000072SS3|selected
08:03:18.0 (137604924)|CODE_UNIT_FINISHED|selected
08:03:18.0 (137701842)|CODE_UNIT_STARTED|[EXTERNAL]|01p360000072SS3|skill
08:03:18.0 (137713884)|CODE_UNIT_FINISHED|skill
08:03:18.0 (139511915)|CODE_UNIT_STARTED|[EXTERNAL]|01p360000072SS3|selected
08:03:18.0 (139525902)|CODE_UNIT_FINISHED|selected
08:03:18.0 (139619081)|CODE_UNIT_STARTED|[EXTERNAL]|01p360000072SS3|skill
08:03:18.0 (139631059)|CODE_UNIT_FINISHED|skill
08:03:18.0 (141501260)|CODE_UNIT_STARTED|[EXTERNAL]|01p360000072SS3|selected
08:03:18.0 (141515137)|CODE_UNIT_FINISHED|selected
08:03:18.0 (141608711)|CODE_UNIT_STARTED|[EXTERNAL]|01p360000072SS3|skill
08:03:18.0 (141620736)|CODE_UNIT_FINISHED|skill
08:03:18.0 (143418804)|CODE_UNIT_STARTED|[EXTERNAL]|01p360000072SS3|selected
08:03:18.0 (143432775)|CODE_UNIT_FINISHED|selected
08:03:18.0 (143529795)|CODE_UNIT_STARTED|[EXTERNAL]|01p360000072SS3|skill
08:03:18.0 (143541730)|CODE_UNIT_FINISHED|skill
08:03:18.0 (145346871)|CODE_UNIT_STARTED|[EXTERNAL]|01p360000072SS3|selected
08:03:18.0 (145360952)|CODE_UNIT_FINISHED|selected
08:03:18.0 (145454335)|CODE_UNIT_STARTED|[EXTERNAL]|01p360000072SS3|skill
08:03:18.0 (145466317)|CODE_UNIT_FINISHED|skill
08:03:18.0 (147266598)|CODE_UNIT_STARTED|[EXTERNAL]|01p360000072SS3|selected
08:03:18.0 (147280763)|CODE_UNIT_FINISHED|selected
08:03:18.0 (147375462)|CODE_UNIT_STARTED|[EXTERNAL]|01p360000072SS3|skill
08:03:18.0 (147387680)|CODE_UNIT_FINISHED|skill
08:03:18.0 (149179699)|CODE_UNIT_STARTED|[EXTERNAL]|01p360000072SS3|selected
08:03:18.0 (149193581)|CODE_UNIT_FINISHED|selected
08:03:18.0 (149291782)|CODE_UNIT_STARTED|[EXTERNAL]|01p360000072SS3|skill
08:03:18.0 (149303797)|CODE_UNIT_FINISHED|skill
08:03:18.0 (151075719)|CODE_UNIT_STARTED|[EXTERNAL]|01p360000072SS3|selected
08:03:18.0 (151089557)|CODE_UNIT_FINISHED|selected
08:03:18.0 (151182757)|CODE_UNIT_STARTED|[EXTERNAL]|01p360000072SS3|skill
08:03:18.0 (151195193)|CODE_UNIT_FINISHED|skill
08:03:18.0 (152986087)|CODE_UNIT_STARTED|[EXTERNAL]|01p360000072SS3|selected
08:03:18.0 (152999811)|CODE_UNIT_FINISHED|selected
08:03:18.0 (153093238)|CODE_UNIT_STARTED|[EXTERNAL]|01p360000072SS3|skill
08:03:18.0 (153106177)|CODE_UNIT_FINISHED|skill
08:03:18.0 (154904694)|CODE_UNIT_STARTED|[EXTERNAL]|01p360000072SS3|selected
08:03:18.0 (154918567)|CODE_UNIT_FINISHED|selected
08:03:18.0 (155011661)|CODE_UNIT_STARTED|[EXTERNAL]|01p360000072SS3|skill
08:03:18.0 (155024569)|CODE_UNIT_FINISHED|skill
08:03:18.0 (160728797)|VF_SERIALIZE_VIEWSTATE_BEGIN|06636000001VcbV
08:03:18.0 (172238204)|VF_SERIALIZE_VIEWSTATE_END
08:03:18.0 (189510407)|CODE_UNIT_STARTED|[EXTERNAL]|Generate Metadata
08:03:18.0 (197469289)|CODE_UNIT_FINISHED|Generate Metadata
08:03:18.203 (203918807)|CUMULATIVE_LIMIT_USAGE
08:03:18.203 (203918807)|LIMIT_USAGE_FOR_NS|(default)|
  Number of SOQL queries: 1 out of 100
  Number of query rows: 17 out of 50000
  Number of SOSL queries: 0 out of 20
  Number of DML statements: 0 out of 150
  Number of DML rows: 0 out of 10000
  Maximum CPU time: 0 out of 10000
  Maximum heap size: 0 out of 6000000
  Number of callouts: 0 out of 100
  Number of Email Invocations: 0 out of 10
  Number of future calls: 0 out of 50
  Number of queueable jobs added to the queue: 0 out of 50
  Number of Mobile Apex push calls: 0 out of 10

08:03:18.203 (203918807)|CUMULATIVE_LIMIT_USAGE_END

08:03:18.0 (203991944)|CODE_UNIT_FINISHED|VF: /apex/AprooveWraper
08:03:18.0 (205012625)|EXECUTION_FINISHED
