36.0 APEX_CODE,FINEST;APEX_PROFILING,INFO;CALLOUT,INFO;DB,INFO;SYSTEM,DEBUG;VALIDATION,INFO;VISUALFORCE,INFO;WORKFLOW,INFO
09:03:39.0 (390130)|EXECUTION_STARTED
09:03:39.0 (436506)|CODE_UNIT_STARTED|[EXTERNAL]|01p36000005H3V7|expansesController.getExpenses
09:03:39.0 (797112)|HEAP_ALLOCATE|[72]|Bytes:3
09:03:39.0 (865972)|HEAP_ALLOCATE|[77]|Bytes:152
09:03:39.0 (887328)|HEAP_ALLOCATE|[342]|Bytes:408
09:03:39.0 (908531)|HEAP_ALLOCATE|[355]|Bytes:408
09:03:39.0 (928393)|HEAP_ALLOCATE|[467]|Bytes:48
09:03:39.0 (963906)|HEAP_ALLOCATE|[139]|Bytes:6
09:03:39.0 (986953)|HEAP_ALLOCATE|[EXTERNAL]|Bytes:4
09:03:39.0 (1008036)|METHOD_ENTRY|[1]|01p36000005H3V7|expansesController.expansesController()
09:03:39.0 (1018706)|STATEMENT_EXECUTE|[1]
09:03:39.0 (1027374)|STATEMENT_EXECUTE|[1]
09:03:39.0 (1063634)|HEAP_ALLOCATE|[50]|Bytes:5
09:03:39.0 (1089469)|HEAP_ALLOCATE|[56]|Bytes:5
09:03:39.0 (1098354)|HEAP_ALLOCATE|[64]|Bytes:7
09:03:39.0 (1125901)|SYSTEM_MODE_ENTER|false
09:03:39.0 (1146545)|HEAP_ALLOCATE|[EXTERNAL]|Bytes:5
09:03:39.0 (1154709)|SYSTEM_MODE_EXIT|false
09:03:39.0 (1166740)|METHOD_EXIT|[1]|expansesController
09:03:39.0 (1175443)|SYSTEM_MODE_ENTER|false
09:03:39.0 (1188141)|HEAP_ALLOCATE|[6]|Bytes:5
09:03:39.0 (1192182)|STATEMENT_EXECUTE|[3]
09:03:39.0 (1193841)|STATEMENT_EXECUTE|[6]
09:03:39.0 (1197584)|HEAP_ALLOCATE|[6]|Bytes:90
09:03:39.0 (1208319)|HEAP_ALLOCATE|[6]|Bytes:4
09:03:39.0 (1591518)|SOQL_EXECUTE_BEGIN|[6]|Aggregations:0|SELECT Id, Name, Amount__c, Client__c, Date__c, Reimbursed__c, CreatedDate FROM Expense__c
09:03:39.0 (5867227)|SOQL_EXECUTE_END|[6]|Rows:7
09:03:39.0 (5896609)|HEAP_ALLOCATE|[6]|Bytes:32
09:03:39.0 (5948125)|HEAP_ALLOCATE|[6]|Bytes:1030
09:03:39.0 (5987489)|HEAP_ALLOCATE|[6]|Bytes:32
09:03:39.0 (6028382)|SYSTEM_MODE_EXIT|false
09:03:39.6 (6082130)|CUMULATIVE_LIMIT_USAGE
09:03:39.6 (6082130)|LIMIT_USAGE_FOR_NS|(default)|
  Number of SOQL queries: 1 out of 100
  Number of query rows: 7 out of 50000
  Number of SOSL queries: 0 out of 20
  Number of DML statements: 0 out of 150
  Number of DML rows: 0 out of 10000
  Maximum CPU time: 0 out of 10000
  Maximum heap size: 0 out of 6000000
  Number of callouts: 0 out of 100
  Number of Email Invocations: 0 out of 10
  Number of future calls: 0 out of 50
  Number of queueable jobs added to the queue: 0 out of 50
  Number of Mobile Apex push calls: 0 out of 10

09:03:39.6 (6082130)|CUMULATIVE_LIMIT_USAGE_END

09:03:39.0 (6129772)|CODE_UNIT_FINISHED|expansesController.getExpenses
09:03:39.0 (8546713)|EXECUTION_FINISHED
