36.0 APEX_CODE,FINEST;APEX_PROFILING,INFO;CALLOUT,INFO;DB,INFO;SYSTEM,DEBUG;VALIDATION,INFO;VISUALFORCE,INFO;WORKFLOW,INFO
06:37:27.0 (571363)|EXECUTION_STARTED
06:37:27.0 (611044)|CODE_UNIT_STARTED|[EXTERNAL]|06636000002n7XB|VF: /apex/DraftsToPersonTable
06:37:27.0 (12173321)|CODE_UNIT_STARTED|[EXTERNAL]|01p360000074pQr|DraftsToPersons <init>
06:37:27.0 (12196842)|SYSTEM_MODE_ENTER|true
06:37:27.0 (12736850)|HEAP_ALLOCATE|[72]|Bytes:3
06:37:27.0 (12773088)|HEAP_ALLOCATE|[77]|Bytes:152
06:37:27.0 (12787775)|HEAP_ALLOCATE|[342]|Bytes:408
06:37:27.0 (12803601)|HEAP_ALLOCATE|[355]|Bytes:408
06:37:27.0 (12817682)|HEAP_ALLOCATE|[467]|Bytes:48
06:37:27.0 (12846575)|HEAP_ALLOCATE|[139]|Bytes:6
06:37:27.0 (12868235)|HEAP_ALLOCATE|[EXTERNAL]|Bytes:10
06:37:27.0 (12874765)|HEAP_ALLOCATE|[EXTERNAL]|Bytes:140
06:37:27.0 (12880407)|HEAP_ALLOCATE|[EXTERNAL]|Bytes:21
06:37:27.0 (12896730)|METHOD_ENTRY|[1]|01p360000074pQr|DraftsToPersons.DraftsToPersons()
06:37:27.0 (12902717)|STATEMENT_EXECUTE|[1]
06:37:27.0 (12910498)|STATEMENT_EXECUTE|[1]
06:37:27.0 (12954066)|HEAP_ALLOCATE|[50]|Bytes:5
06:37:27.0 (12975997)|HEAP_ALLOCATE|[56]|Bytes:5
06:37:27.0 (12984368)|HEAP_ALLOCATE|[64]|Bytes:7
06:37:27.0 (13008442)|SYSTEM_MODE_ENTER|false
06:37:27.0 (13026444)|HEAP_ALLOCATE|[EXTERNAL]|Bytes:5
06:37:27.0 (13031189)|STATEMENT_EXECUTE|[69]
06:37:27.0 (13035641)|SYSTEM_MODE_EXIT|false
06:37:27.0 (13047904)|METHOD_EXIT|[1]|DraftsToPersons
06:37:27.0 (13353837)|HEAP_ALLOCATE|[EXTERNAL]|Bytes:20
06:37:27.0 (13367692)|VARIABLE_SCOPE_BEGIN|[7]|this|DraftsToPersons|true|false
06:37:27.0 (13449420)|VARIABLE_ASSIGNMENT|[7]|this|{}|0x1675f63b
06:37:27.0 (13461275)|SYSTEM_MODE_ENTER|false
06:37:27.0 (13466504)|HEAP_ALLOCATE|[EXTERNAL]|Bytes:5
06:37:27.0 (13475009)|STATEMENT_EXECUTE|[1]
06:37:27.0 (13478161)|HEAP_ALLOCATE|[EXTERNAL]|Bytes:5
06:37:27.0 (13480089)|STATEMENT_EXECUTE|[2]
06:37:27.0 (13481857)|STATEMENT_EXECUTE|[3]
06:37:27.0 (13482946)|STATEMENT_EXECUTE|[4]
06:37:27.0 (13483952)|STATEMENT_EXECUTE|[5]
06:37:27.0 (13493786)|HEAP_ALLOCATE|[EXTERNAL]|Bytes:6
06:37:27.0 (13517138)|STATEMENT_EXECUTE|[8]
06:37:27.0 (13520870)|SYSTEM_MODE_EXIT|false
06:37:27.0 (13544659)|CODE_UNIT_FINISHED|DraftsToPersons <init>
06:37:27.0 (13617901)|CODE_UNIT_STARTED|[EXTERNAL]|01p360000074pQr|DraftsToPersons get(Persons)
06:37:27.0 (13627080)|SYSTEM_MODE_ENTER|true
06:37:27.0 (13658040)|CODE_UNIT_STARTED|[EXTERNAL]|01p360000074pQr|DraftsToPersons invoke(getPersons)
06:37:27.0 (13704205)|HEAP_ALLOCATE|[EXTERNAL]|Bytes:20
06:37:27.0 (13713866)|VARIABLE_SCOPE_BEGIN|[23]|this|DraftsToPersons|true|false
06:37:27.0 (13736943)|VARIABLE_ASSIGNMENT|[23]|this|{}|0x1675f63b
06:37:27.0 (13751868)|SYSTEM_MODE_ENTER|false
06:37:27.0 (13756807)|HEAP_ALLOCATE|[25]|Bytes:5
06:37:27.0 (13760747)|STATEMENT_EXECUTE|[24]
06:37:27.0 (13810606)|VARIABLE_ASSIGNMENT|[EXTERNAL]|this|{}|0x1675f63b
06:37:27.0 (13823705)|STATEMENT_EXECUTE|[26]
06:37:27.0 (13825419)|STATEMENT_EXECUTE|[27]
06:37:27.0 (13828942)|HEAP_ALLOCATE|[27]|Bytes:71
06:37:27.0 (13839302)|HEAP_ALLOCATE|[27]|Bytes:4
06:37:27.0 (14959421)|SOQL_EXECUTE_BEGIN|[27]|Aggregations:0|SELECT id, Name FROM Person__c ORDER BY Name ASC NULLS FIRST LIMIT 1000
06:37:27.0 (18263909)|SOQL_EXECUTE_END|[27]|Rows:2
06:37:27.0 (18293951)|HEAP_ALLOCATE|[27]|Bytes:12
06:37:27.0 (18316163)|HEAP_ALLOCATE|[27]|Bytes:97
06:37:27.0 (18354112)|HEAP_ALLOCATE|[27]|Bytes:12
06:37:27.0 (18424853)|VARIABLE_ASSIGNMENT|[EXTERNAL]|this|{}|0x1675f63b
06:37:27.0 (18481799)|VARIABLE_ASSIGNMENT|[EXTERNAL]|value|{"s":1,"v":[{"s":2,"v":{"Id":"a0N36000000xneOEAQ","Name":"Andiy Lokotosh"}},{"s":3,"v":{"Id":"a0N36000000xneTEAQ","Name":"Jon Smith"}}]}|0x6fe1668d
06:37:27.0 (18515068)|VARIABLE_ASSIGNMENT|[3]|this.pers|{"s":1,"v":[{"s":2,"v":{"Id":"a0N36000000xneOEAQ","Name":"Andiy Lokotosh"}},{"s":3,"v":{"Id":"a0N36000000xneTEAQ","Name":"Jon Smith"}}]}|0x1675f63b
06:37:27.0 (18529913)|STATEMENT_EXECUTE|[31]
06:37:27.0 (18582414)|VARIABLE_ASSIGNMENT|[EXTERNAL]|this|{"pers":"0x6fe1668d"}|0x1675f63b
06:37:27.0 (18602134)|SYSTEM_MODE_EXIT|false
06:37:27.0 (18630369)|CODE_UNIT_FINISHED|DraftsToPersons invoke(getPersons)
06:37:27.0 (18663526)|CODE_UNIT_FINISHED|DraftsToPersons get(Persons)
06:37:27.0 (19200943)|CODE_UNIT_STARTED|[EXTERNAL]|01p360000074pQr|DraftsToPersons get(Drafts)
06:37:27.0 (19217314)|SYSTEM_MODE_ENTER|true
06:37:27.0 (19258793)|CODE_UNIT_STARTED|[EXTERNAL]|01p360000074pQr|DraftsToPersons invoke(getDrafts)
06:37:27.0 (19318173)|HEAP_ALLOCATE|[EXTERNAL]|Bytes:20
06:37:27.0 (19334480)|VARIABLE_SCOPE_BEGIN|[12]|this|DraftsToPersons|true|false
06:37:27.0 (19370278)|VARIABLE_ASSIGNMENT|[12]|this|{"pers":"0x6fe1668d"}|0x1675f63b
06:37:27.0 (19386424)|SYSTEM_MODE_ENTER|false
06:37:27.0 (19394334)|HEAP_ALLOCATE|[14]|Bytes:5
06:37:27.0 (19400756)|STATEMENT_EXECUTE|[13]
06:37:27.0 (19475863)|VARIABLE_ASSIGNMENT|[EXTERNAL]|this|{"pers":"0x6fe1668d"}|0x1675f63b
06:37:27.0 (19495219)|STATEMENT_EXECUTE|[15]
06:37:27.0 (19498403)|STATEMENT_EXECUTE|[16]
06:37:27.0 (19504306)|HEAP_ALLOCATE|[16]|Bytes:70
06:37:27.0 (19515961)|HEAP_ALLOCATE|[16]|Bytes:4
06:37:27.0 (20666144)|SOQL_EXECUTE_BEGIN|[16]|Aggregations:0|SELECT id, Name FROM Draft__c ORDER BY Name ASC NULLS FIRST LIMIT 1000
06:37:27.0 (22852365)|SOQL_EXECUTE_END|[16]|Rows:2
06:37:27.0 (22874630)|HEAP_ALLOCATE|[16]|Bytes:12
06:37:27.0 (22891242)|HEAP_ALLOCATE|[16]|Bytes:95
06:37:27.0 (22918306)|HEAP_ALLOCATE|[16]|Bytes:12
06:37:27.0 (22975327)|VARIABLE_ASSIGNMENT|[EXTERNAL]|this|{"pers":"0x6fe1668d"}|0x1675f63b
06:37:27.0 (23002024)|VARIABLE_ASSIGNMENT|[EXTERNAL]|value|{"s":1,"v":[{"s":2,"v":{"Id":"a0R3600000032Q3EAI","Name":"Ebay"}},{"s":3,"v":{"Id":"a0R3600000032PyEAI","Name":"Electronic System"}}]}|0x45b00f52
06:37:27.0 (23022138)|VARIABLE_ASSIGNMENT|[2]|this.draft|{"s":1,"v":[{"s":2,"v":{"Id":"a0R3600000032Q3EAI","Name":"Ebay"}},{"s":3,"v":{"Id":"a0R3600000032PyEAI","Name":"Electronic System"}}]}|0x1675f63b
06:37:27.0 (23032505)|STATEMENT_EXECUTE|[21]
06:37:27.0 (23071216)|VARIABLE_ASSIGNMENT|[EXTERNAL]|this|{"draft":"0x45b00f52","pers":"0x6fe1668d"}|0x1675f63b
06:37:27.0 (23083877)|SYSTEM_MODE_EXIT|false
06:37:27.0 (23102145)|CODE_UNIT_FINISHED|DraftsToPersons invoke(getDrafts)
06:37:27.0 (23126106)|CODE_UNIT_FINISHED|DraftsToPersons get(Drafts)
06:37:27.0 (23422038)|CODE_UNIT_STARTED|[EXTERNAL]|01p360000074pQr|DraftsToPersons get(Times)
06:37:27.0 (23431805)|SYSTEM_MODE_ENTER|true
06:37:27.0 (23461096)|CODE_UNIT_STARTED|[EXTERNAL]|01p360000074pQr|DraftsToPersons invoke(getTimes)
06:37:27.0 (23498850)|HEAP_ALLOCATE|[EXTERNAL]|Bytes:20
06:37:27.0 (23508636)|VARIABLE_SCOPE_BEGIN|[34]|this|DraftsToPersons|true|false
06:37:27.0 (23532919)|VARIABLE_ASSIGNMENT|[34]|this|{"draft":"0x45b00f52","pers":"0x6fe1668d"}|0x1675f63b
06:37:27.0 (23544172)|SYSTEM_MODE_ENTER|false
06:37:27.0 (23549424)|HEAP_ALLOCATE|[36]|Bytes:5
06:37:27.0 (23553317)|STATEMENT_EXECUTE|[35]
06:37:27.0 (23599833)|VARIABLE_ASSIGNMENT|[EXTERNAL]|this|{"draft":"0x45b00f52","pers":"0x6fe1668d"}|0x1675f63b
06:37:27.0 (23612702)|STATEMENT_EXECUTE|[37]
06:37:27.0 (23614584)|STATEMENT_EXECUTE|[38]
06:37:27.0 (23618430)|HEAP_ALLOCATE|[38]|Bytes:66
06:37:27.0 (23624804)|HEAP_ALLOCATE|[38]|Bytes:4
06:37:27.0 (24917717)|SOQL_EXECUTE_BEGIN|[38]|Aggregations:0|SELECT id, Name, Person__r.id, Draft__r.id FROM Time__c LIMIT 1000
06:37:27.0 (32658105)|SOQL_EXECUTE_END|[38]|Rows:3
06:37:27.0 (32689736)|HEAP_ALLOCATE|[38]|Bytes:16
06:37:27.0 (32722056)|HEAP_ALLOCATE|[38]|Bytes:484
06:37:27.0 (32760166)|HEAP_ALLOCATE|[38]|Bytes:16
06:37:27.0 (32844504)|VARIABLE_ASSIGNMENT|[EXTERNAL]|this|{"draft":"0x45b00f52","pers":"0x6fe1668d"}|0x1675f63b
06:37:27.0 (32892480)|VARIABLE_ASSIGNMENT|[EXTERNAL]|value|{"s":1,"v":[{"s":2,"v":{"Id":"a0M36000000eD3xEAE","Name":"4","Person__c":"a0N36000000xneTEAQ","Draft__c":"a0R3600000032Q3EAI","Person__r":{"s":3,"v":{"Id":"a0N36000000xneTEAQ"}},"Draft__r":{"s":4,"v":{"Id":"a0R3600000032Q3EAI"}}}},{"s":5,"v":{"Id":"a0M36000000eCJfEAM","Name":"5","Person__c":"a0N36000000xneOEAQ","Draft__c":"a0R3600000032Q3EAI","Person__r":{"s":6,"v":{"Id":"a0N36000000xneOEAQ"}},"Draft__r":{"r":4}}},{"s":7,"v":{"Id":"a0M36000000eCJaEAM","Name":"4","Person__c":"a0N36000000xneTEAQ","Draft__c":"a0R3600000032PyEAI","Person__r":{"r":3},"Draft__r":{"s":8,"v":{"Id":"a0R3600000032PyEAI"}}}}]}|0x78341bb4
06:37:27.0 (32930955)|VARIABLE_ASSIGNMENT|[4]|this.tim|{"s":1,"v":[{"s":2,"v":{"Id":"a0M36000000eD3xEAE","Name":"4","Person__c":"a0N36000000xneTEAQ","Draft__c":"a0R3600000032Q3EAI","Person__r":{"s":3,"v":{"Id":"a0N36000000xneTEAQ"}},"Draft__r":{"s":4,"v":{"Id":"a0R3600000032Q3EAI"}}}},{"s":5,"v":{"Id":"a0M36000000eCJfEAM","Name":"5","Person__c":"a0N36000000xneOEAQ","Draft__c":"a0R3600000032Q3EAI","Person__r":{"s":6,"v":{"Id":"a0N36000000xneOEAQ"}},"Draft__r":{"r":4}}},{"s":7,"v":{"Id":"a0M36000000eCJaEAM","Name":"4","Person__c":"a0N36000000xneTEAQ","Draft__c":"a0R3600000032PyEAI","Person__r":{"r":3},"Draft__r":{"s":8,"v":{"Id":"a0R3600000032PyEAI"}}}}]}|0x1675f63b
06:37:27.0 (32944136)|STATEMENT_EXECUTE|[41]
06:37:27.0 (32987935)|VARIABLE_ASSIGNMENT|[EXTERNAL]|this|{"draft":"0x45b00f52","pers":"0x6fe1668d","tim":"0x78341bb4"}|0x1675f63b
06:37:27.0 (33002425)|SYSTEM_MODE_EXIT|false
06:37:27.0 (33025619)|CODE_UNIT_FINISHED|DraftsToPersons invoke(getTimes)
06:37:27.0 (33051499)|CODE_UNIT_FINISHED|DraftsToPersons get(Times)
06:37:27.71 (71533074)|CUMULATIVE_LIMIT_USAGE
06:37:27.71 (71533074)|LIMIT_USAGE_FOR_NS|(default)|
  Number of SOQL queries: 3 out of 100
  Number of query rows: 7 out of 50000
  Number of SOSL queries: 0 out of 20
  Number of DML statements: 0 out of 150
  Number of DML rows: 0 out of 10000
  Maximum CPU time: 0 out of 10000
  Maximum heap size: 0 out of 6000000
  Number of callouts: 0 out of 100
  Number of Email Invocations: 0 out of 10
  Number of future calls: 0 out of 50
  Number of queueable jobs added to the queue: 0 out of 50
  Number of Mobile Apex push calls: 0 out of 10

06:37:27.71 (71533074)|CUMULATIVE_LIMIT_USAGE_END

06:37:27.0 (71624723)|CODE_UNIT_FINISHED|VF: /apex/DraftsToPersonTable
06:37:27.0 (72822582)|EXECUTION_FINISHED
