36.0 APEX_CODE,FINEST;APEX_PROFILING,INFO;CALLOUT,INFO;DB,INFO;SYSTEM,DEBUG;VALIDATION,INFO;VISUALFORCE,INFO;WORKFLOW,INFO
06:21:49.0 (535044)|EXECUTION_STARTED
06:21:49.0 (571136)|CODE_UNIT_STARTED|[EXTERNAL]|06636000002n7XB|VF: /apex/DraftsToPersonTable
06:21:49.0 (3863386)|CODE_UNIT_STARTED|[EXTERNAL]|01p360000074pQr|DraftsToPersons <init>
06:21:49.0 (3882087)|SYSTEM_MODE_ENTER|true
06:21:49.0 (4438707)|HEAP_ALLOCATE|[72]|Bytes:3
06:21:49.0 (4501611)|HEAP_ALLOCATE|[77]|Bytes:152
06:21:49.0 (4523125)|HEAP_ALLOCATE|[342]|Bytes:408
06:21:49.0 (4542306)|HEAP_ALLOCATE|[355]|Bytes:408
06:21:49.0 (4561086)|HEAP_ALLOCATE|[467]|Bytes:48
06:21:49.0 (4604282)|HEAP_ALLOCATE|[139]|Bytes:6
06:21:49.0 (4631518)|HEAP_ALLOCATE|[EXTERNAL]|Bytes:10
06:21:49.0 (4636372)|HEAP_ALLOCATE|[EXTERNAL]|Bytes:144
06:21:49.0 (4639171)|HEAP_ALLOCATE|[EXTERNAL]|Bytes:21
06:21:49.0 (4658333)|METHOD_ENTRY|[1]|01p360000074pQr|DraftsToPersons.DraftsToPersons()
06:21:49.0 (4663799)|STATEMENT_EXECUTE|[1]
06:21:49.0 (4672357)|STATEMENT_EXECUTE|[1]
06:21:49.0 (4709575)|HEAP_ALLOCATE|[50]|Bytes:5
06:21:49.0 (4736148)|HEAP_ALLOCATE|[56]|Bytes:5
06:21:49.0 (4745547)|HEAP_ALLOCATE|[64]|Bytes:7
06:21:49.0 (4774132)|SYSTEM_MODE_ENTER|false
06:21:49.0 (4795314)|HEAP_ALLOCATE|[EXTERNAL]|Bytes:5
06:21:49.0 (4800083)|STATEMENT_EXECUTE|[69]
06:21:49.0 (4807241)|SYSTEM_MODE_EXIT|false
06:21:49.0 (4820782)|METHOD_EXIT|[1]|DraftsToPersons
06:21:49.0 (5099093)|HEAP_ALLOCATE|[EXTERNAL]|Bytes:20
06:21:49.0 (5114788)|VARIABLE_SCOPE_BEGIN|[7]|this|DraftsToPersons|true|false
06:21:49.0 (5209825)|VARIABLE_ASSIGNMENT|[7]|this|{}|0x501ffc8e
06:21:49.0 (5223226)|SYSTEM_MODE_ENTER|false
06:21:49.0 (5228957)|HEAP_ALLOCATE|[EXTERNAL]|Bytes:5
06:21:49.0 (5232870)|STATEMENT_EXECUTE|[1]
06:21:49.0 (5236229)|HEAP_ALLOCATE|[EXTERNAL]|Bytes:5
06:21:49.0 (5238033)|STATEMENT_EXECUTE|[2]
06:21:49.0 (5239457)|STATEMENT_EXECUTE|[3]
06:21:49.0 (5240645)|STATEMENT_EXECUTE|[4]
06:21:49.0 (5241631)|STATEMENT_EXECUTE|[5]
06:21:49.0 (5252171)|HEAP_ALLOCATE|[EXTERNAL]|Bytes:6
06:21:49.0 (5279171)|STATEMENT_EXECUTE|[8]
06:21:49.0 (5284903)|SYSTEM_MODE_EXIT|false
06:21:49.0 (5302114)|CODE_UNIT_FINISHED|DraftsToPersons <init>
06:21:49.0 (5360581)|CODE_UNIT_STARTED|[EXTERNAL]|01p360000074pQr|DraftsToPersons get(Persons)
06:21:49.0 (5370039)|SYSTEM_MODE_ENTER|true
06:21:49.0 (5399041)|CODE_UNIT_STARTED|[EXTERNAL]|01p360000074pQr|DraftsToPersons invoke(getPersons)
06:21:49.0 (5436439)|HEAP_ALLOCATE|[EXTERNAL]|Bytes:20
06:21:49.0 (5446200)|VARIABLE_SCOPE_BEGIN|[23]|this|DraftsToPersons|true|false
06:21:49.0 (5465341)|VARIABLE_ASSIGNMENT|[23]|this|{}|0x501ffc8e
06:21:49.0 (5481003)|SYSTEM_MODE_ENTER|false
06:21:49.0 (5486165)|HEAP_ALLOCATE|[25]|Bytes:5
06:21:49.0 (5489983)|STATEMENT_EXECUTE|[24]
06:21:49.0 (5550382)|VARIABLE_ASSIGNMENT|[EXTERNAL]|this|{}|0x501ffc8e
06:21:49.0 (5566073)|STATEMENT_EXECUTE|[26]
06:21:49.0 (5567835)|STATEMENT_EXECUTE|[27]
06:21:49.0 (5571790)|HEAP_ALLOCATE|[27]|Bytes:71
06:21:49.0 (5585706)|HEAP_ALLOCATE|[27]|Bytes:4
06:21:49.0 (5881256)|SOQL_EXECUTE_BEGIN|[27]|Aggregations:0|SELECT id, Name FROM Person__c ORDER BY Name ASC NULLS FIRST LIMIT 1000
06:21:49.0 (8380366)|SOQL_EXECUTE_END|[27]|Rows:2
06:21:49.0 (8398805)|HEAP_ALLOCATE|[27]|Bytes:12
06:21:49.0 (8420820)|HEAP_ALLOCATE|[27]|Bytes:97
06:21:49.0 (8459184)|HEAP_ALLOCATE|[27]|Bytes:12
06:21:49.0 (8505942)|VARIABLE_ASSIGNMENT|[EXTERNAL]|this|{}|0x501ffc8e
06:21:49.0 (8549310)|VARIABLE_ASSIGNMENT|[EXTERNAL]|value|{"s":1,"v":[{"s":2,"v":{"Id":"a0N36000000xneOEAQ","Name":"Andiy Lokotosh"}},{"s":3,"v":{"Id":"a0N36000000xneTEAQ","Name":"Jon Smith"}}]}|0x59a6025e
06:21:49.0 (8573084)|VARIABLE_ASSIGNMENT|[3]|this.pers|{"s":1,"v":[{"s":2,"v":{"Id":"a0N36000000xneOEAQ","Name":"Andiy Lokotosh"}},{"s":3,"v":{"Id":"a0N36000000xneTEAQ","Name":"Jon Smith"}}]}|0x501ffc8e
06:21:49.0 (8582606)|STATEMENT_EXECUTE|[31]
06:21:49.0 (8624650)|VARIABLE_ASSIGNMENT|[EXTERNAL]|this|{"pers":"0x59a6025e"}|0x501ffc8e
06:21:49.0 (8638780)|SYSTEM_MODE_EXIT|false
06:21:49.0 (8651249)|CODE_UNIT_FINISHED|DraftsToPersons invoke(getPersons)
06:21:49.0 (8668022)|CODE_UNIT_FINISHED|DraftsToPersons get(Persons)
06:21:49.0 (8936773)|CODE_UNIT_STARTED|[EXTERNAL]|01p360000074pQr|DraftsToPersons get(Drafts)
06:21:49.0 (8946878)|SYSTEM_MODE_ENTER|true
06:21:49.0 (8966991)|CODE_UNIT_STARTED|[EXTERNAL]|01p360000074pQr|DraftsToPersons invoke(getDrafts)
06:21:49.0 (9000655)|HEAP_ALLOCATE|[EXTERNAL]|Bytes:20
06:21:49.0 (9011345)|VARIABLE_SCOPE_BEGIN|[12]|this|DraftsToPersons|true|false
06:21:49.0 (9033859)|VARIABLE_ASSIGNMENT|[12]|this|{"pers":"0x59a6025e"}|0x501ffc8e
06:21:49.0 (9046354)|SYSTEM_MODE_ENTER|false
06:21:49.0 (9051781)|HEAP_ALLOCATE|[14]|Bytes:5
06:21:49.0 (9055761)|STATEMENT_EXECUTE|[13]
06:21:49.0 (9106915)|VARIABLE_ASSIGNMENT|[EXTERNAL]|this|{"pers":"0x59a6025e"}|0x501ffc8e
06:21:49.0 (9118791)|STATEMENT_EXECUTE|[15]
06:21:49.0 (9120521)|STATEMENT_EXECUTE|[16]
06:21:49.0 (9124480)|HEAP_ALLOCATE|[16]|Bytes:70
06:21:49.0 (9130314)|HEAP_ALLOCATE|[16]|Bytes:4
06:21:49.0 (9314523)|SOQL_EXECUTE_BEGIN|[16]|Aggregations:0|SELECT id, Name FROM Draft__c ORDER BY Name ASC NULLS FIRST LIMIT 1000
06:21:49.0 (11091138)|SOQL_EXECUTE_END|[16]|Rows:2
06:21:49.0 (11105821)|HEAP_ALLOCATE|[16]|Bytes:12
06:21:49.0 (11120609)|HEAP_ALLOCATE|[16]|Bytes:95
06:21:49.0 (11145722)|HEAP_ALLOCATE|[16]|Bytes:12
06:21:49.0 (11198937)|VARIABLE_ASSIGNMENT|[EXTERNAL]|this|{"pers":"0x59a6025e"}|0x501ffc8e
06:21:49.0 (11223598)|VARIABLE_ASSIGNMENT|[EXTERNAL]|value|{"s":1,"v":[{"s":2,"v":{"Id":"a0R3600000032Q3EAI","Name":"Ebay"}},{"s":3,"v":{"Id":"a0R3600000032PyEAI","Name":"Electronic System"}}]}|0x2d935b02
06:21:49.0 (11243953)|VARIABLE_ASSIGNMENT|[2]|this.draft|{"s":1,"v":[{"s":2,"v":{"Id":"a0R3600000032Q3EAI","Name":"Ebay"}},{"s":3,"v":{"Id":"a0R3600000032PyEAI","Name":"Electronic System"}}]}|0x501ffc8e
06:21:49.0 (11253181)|STATEMENT_EXECUTE|[21]
06:21:49.0 (11295835)|VARIABLE_ASSIGNMENT|[EXTERNAL]|this|{"draft":"0x2d935b02","pers":"0x59a6025e"}|0x501ffc8e
06:21:49.0 (11310392)|SYSTEM_MODE_EXIT|false
06:21:49.0 (11321408)|CODE_UNIT_FINISHED|DraftsToPersons invoke(getDrafts)
06:21:49.0 (11337961)|CODE_UNIT_FINISHED|DraftsToPersons get(Drafts)
06:21:49.0 (11583931)|CODE_UNIT_STARTED|[EXTERNAL]|01p360000074pQr|DraftsToPersons get(Times)
06:21:49.0 (11594234)|SYSTEM_MODE_ENTER|true
06:21:49.0 (11609752)|CODE_UNIT_STARTED|[EXTERNAL]|01p360000074pQr|Times
06:21:49.0 (11621914)|CODE_UNIT_FINISHED|Times
06:21:49.0 (11635306)|CODE_UNIT_FINISHED|DraftsToPersons get(Times)
06:21:49.40 (40925088)|CUMULATIVE_LIMIT_USAGE
06:21:49.40 (40925088)|LIMIT_USAGE_FOR_NS|(default)|
  Number of SOQL queries: 2 out of 100
  Number of query rows: 4 out of 50000
  Number of SOSL queries: 0 out of 20
  Number of DML statements: 0 out of 150
  Number of DML rows: 0 out of 10000
  Maximum CPU time: 0 out of 10000
  Maximum heap size: 0 out of 6000000
  Number of callouts: 0 out of 100
  Number of Email Invocations: 0 out of 10
  Number of future calls: 0 out of 50
  Number of queueable jobs added to the queue: 0 out of 50
  Number of Mobile Apex push calls: 0 out of 10

06:21:49.40 (40925088)|CUMULATIVE_LIMIT_USAGE_END

06:21:49.0 (40982213)|CODE_UNIT_FINISHED|VF: /apex/DraftsToPersonTable
06:21:49.0 (42012383)|EXECUTION_FINISHED
