36.0 APEX_CODE,FINEST;APEX_PROFILING,INFO;CALLOUT,INFO;DB,INFO;SYSTEM,DEBUG;VALIDATION,INFO;VISUALFORCE,INFO;WORKFLOW,INFO
12:24:38.0 (551741)|EXECUTION_STARTED
12:24:38.0 (593619)|CODE_UNIT_STARTED|[EXTERNAL]|VisualForce View State
12:24:38.0 (15478278)|CODE_UNIT_FINISHED|VisualForce View State
12:24:38.0 (17099857)|EXECUTION_FINISHED
12:24:38.20 (20259049)|EXECUTION_STARTED
12:24:38.20 (20271060)|CODE_UNIT_STARTED|[EXTERNAL]|VF: /apex/editStaticResource.apexp
12:24:38.20 (22517999)|HEAP_ALLOCATE|[EXTERNAL]|Bytes:-4
12:24:38.22 (22710585)|HEAP_ALLOCATE|[EXTERNAL]|Bytes:-4
12:24:38.24 (24531695)|HEAP_ALLOCATE|[EXTERNAL]|Bytes:-4
12:24:38.24 (24685983)|HEAP_ALLOCATE|[EXTERNAL]|Bytes:-4
12:24:38.25 (25111483)|SYSTEM_MODE_ENTER|false
12:24:38.25 (134581869)|HEAP_ALLOCATE|[EXTERNAL]|Bytes:-4
12:24:38.137 (137471951)|CUMULATIVE_LIMIT_USAGE
12:24:38.137 (137471951)|LIMIT_USAGE_FOR_NS|(default)|
  Number of SOQL queries: 0 out of 100
  Number of query rows: 0 out of 50000
  Number of SOSL queries: 0 out of 20
  Number of DML statements: 0 out of 150
  Number of DML rows: 0 out of 10000
  Maximum CPU time: 0 out of 10000
  Maximum heap size: 0 out of 6000000
  Number of callouts: 0 out of 100
  Number of Email Invocations: 0 out of 10
  Number of future calls: 0 out of 50
  Number of queueable jobs added to the queue: 0 out of 50
  Number of Mobile Apex push calls: 0 out of 10

12:24:38.137 (137471951)|CUMULATIVE_LIMIT_USAGE_END

12:24:38.20 (137553262)|CODE_UNIT_FINISHED|VF: /apex/editStaticResource.apexp
12:24:38.20 (138619480)|EXECUTION_FINISHED
