36.0 APEX_CODE,FINEST;APEX_PROFILING,INFO;CALLOUT,INFO;DB,INFO;SYSTEM,DEBUG;VALIDATION,INFO;VISUALFORCE,INFO;WORKFLOW,INFO
12:17:57.0 (498145)|EXECUTION_STARTED
12:17:57.0 (529577)|CODE_UNIT_STARTED|[EXTERNAL]|VisualForce View State
12:17:57.0 (14268558)|CODE_UNIT_FINISHED|VisualForce View State
12:17:57.0 (15990884)|EXECUTION_FINISHED
12:17:57.19 (19796924)|EXECUTION_STARTED
12:17:57.19 (19807990)|CODE_UNIT_STARTED|[EXTERNAL]|VF: /apex/editStaticResource.apexp
12:17:57.19 (22896500)|HEAP_ALLOCATE|[EXTERNAL]|Bytes:-4
12:17:57.23 (23069605)|HEAP_ALLOCATE|[EXTERNAL]|Bytes:-4
12:17:57.24 (24912965)|HEAP_ALLOCATE|[EXTERNAL]|Bytes:-4
12:17:57.25 (25116512)|HEAP_ALLOCATE|[EXTERNAL]|Bytes:-4
12:17:57.25 (25667418)|SYSTEM_MODE_ENTER|false
12:17:57.25 (37855625)|VF_PAGE_MESSAGE|The Static Resource name can only contain alphanumeric characters, must begin with a letter, and must be unique.
12:17:57.19 (146582107)|VF_SERIALIZE_VIEWSTATE_BEGIN|
12:17:57.19 (148696546)|VF_SERIALIZE_VIEWSTATE_END
12:17:57.157 (157008414)|CUMULATIVE_LIMIT_USAGE
12:17:57.157 (157008414)|LIMIT_USAGE_FOR_NS|(default)|
  Number of SOQL queries: 0 out of 100
  Number of query rows: 0 out of 50000
  Number of SOSL queries: 0 out of 20
  Number of DML statements: 0 out of 150
  Number of DML rows: 0 out of 10000
  Maximum CPU time: 0 out of 10000
  Maximum heap size: 0 out of 6000000
  Number of callouts: 0 out of 100
  Number of Email Invocations: 0 out of 10
  Number of future calls: 0 out of 50
  Number of queueable jobs added to the queue: 0 out of 50
  Number of Mobile Apex push calls: 0 out of 10

12:17:57.157 (157008414)|CUMULATIVE_LIMIT_USAGE_END

12:17:57.19 (157075749)|CODE_UNIT_FINISHED|VF: /apex/editStaticResource.apexp
12:17:57.19 (158395685)|EXECUTION_FINISHED
