36.0 APEX_CODE,FINEST;APEX_PROFILING,INFO;CALLOUT,INFO;DB,INFO;SYSTEM,DEBUG;VALIDATION,INFO;VISUALFORCE,INFO;WORKFLOW,INFO
07:43:11.0 (399222)|EXECUTION_STARTED
07:43:11.0 (432691)|CODE_UNIT_STARTED|[EXTERNAL]|06636000001VcbV|VF: /apex/AprooveWraper
07:43:11.0 (8079549)|CODE_UNIT_STARTED|[EXTERNAL]|01p360000072SS3|WrapperEmployeeSkills <init>
07:43:11.0 (8094119)|SYSTEM_MODE_ENTER|true
07:43:11.0 (8664457)|HEAP_ALLOCATE|[72]|Bytes:3
07:43:11.0 (8750142)|HEAP_ALLOCATE|[77]|Bytes:152
07:43:11.0 (8786071)|HEAP_ALLOCATE|[342]|Bytes:408
07:43:11.0 (8823018)|HEAP_ALLOCATE|[355]|Bytes:408
07:43:11.0 (8857163)|HEAP_ALLOCATE|[467]|Bytes:48
07:43:11.0 (8921703)|HEAP_ALLOCATE|[139]|Bytes:6
07:43:11.0 (8963357)|HEAP_ALLOCATE|[EXTERNAL]|Bytes:9
07:43:11.0 (8971697)|HEAP_ALLOCATE|[EXTERNAL]|Bytes:88
07:43:11.0 (8977038)|HEAP_ALLOCATE|[EXTERNAL]|Bytes:6
07:43:11.0 (8982878)|HEAP_ALLOCATE|[EXTERNAL]|Bytes:2
07:43:11.0 (9008533)|METHOD_ENTRY|[1]|01p360000072SS3|WrapperEmployeeSkills.WrapperEmployeeSkills()
07:43:11.0 (9018439)|STATEMENT_EXECUTE|[1]
07:43:11.0 (9030511)|STATEMENT_EXECUTE|[1]
07:43:11.0 (9082043)|HEAP_ALLOCATE|[50]|Bytes:5
07:43:11.0 (9111427)|HEAP_ALLOCATE|[56]|Bytes:5
07:43:11.0 (9120684)|HEAP_ALLOCATE|[64]|Bytes:7
07:43:11.0 (9149539)|SYSTEM_MODE_ENTER|false
07:43:11.0 (9170452)|HEAP_ALLOCATE|[EXTERNAL]|Bytes:5
07:43:11.0 (9176831)|STATEMENT_EXECUTE|[61]
07:43:11.0 (9185670)|SYSTEM_MODE_EXIT|false
07:43:11.0 (9202980)|METHOD_EXIT|[1]|WrapperEmployeeSkills
07:43:11.0 (9227920)|HEAP_ALLOCATE|[EXTERNAL]|Bytes:8
07:43:11.0 (9246563)|VARIABLE_SCOPE_BEGIN|[1]|this|WrapperEmployeeSkills|true|false
07:43:11.0 (9352032)|VARIABLE_ASSIGNMENT|[1]|this|{}|0x45c11974
07:43:11.0 (9370929)|SYSTEM_MODE_ENTER|false
07:43:11.0 (9378722)|HEAP_ALLOCATE|[EXTERNAL]|Bytes:5
07:43:11.0 (9392475)|HEAP_ALLOCATE|[EXTERNAL]|Bytes:6
07:43:11.0 (9440756)|SYSTEM_MODE_EXIT|false
07:43:11.0 (9452399)|STATEMENT_EXECUTE|[1]
07:43:11.0 (9462611)|SYSTEM_MODE_ENTER|false
07:43:11.0 (9469406)|HEAP_ALLOCATE|[EXTERNAL]|Bytes:5
07:43:11.0 (9474069)|STATEMENT_EXECUTE|[4]
07:43:11.0 (9481126)|SYSTEM_MODE_EXIT|false
07:43:11.0 (9504921)|CODE_UNIT_FINISHED|WrapperEmployeeSkills <init>
07:43:11.0 (9571352)|CODE_UNIT_STARTED|[EXTERNAL]|01p360000072SS3|WrapperEmployeeSkills get(EmployeeSkills)
07:43:11.0 (9584717)|SYSTEM_MODE_ENTER|true
07:43:11.0 (9615431)|CODE_UNIT_STARTED|[EXTERNAL]|01p360000072SS3|WrapperEmployeeSkills invoke(getEmployeeSkills)
07:43:11.0 (9661965)|HEAP_ALLOCATE|[EXTERNAL]|Bytes:8
07:43:11.0 (9675931)|VARIABLE_SCOPE_BEGIN|[7]|this|WrapperEmployeeSkills|true|false
07:43:11.0 (9700384)|VARIABLE_ASSIGNMENT|[7]|this|{}|0x45c11974
07:43:11.0 (9724201)|SYSTEM_MODE_ENTER|false
07:43:11.0 (9731995)|HEAP_ALLOCATE|[8]|Bytes:5
07:43:11.0 (9743437)|STATEMENT_EXECUTE|[7]
07:43:11.0 (9814487)|VARIABLE_ASSIGNMENT|[EXTERNAL]|this|{}|0x45c11974
07:43:11.0 (9836480)|STATEMENT_EXECUTE|[8]
07:43:11.0 (9839400)|STATEMENT_EXECUTE|[9]
07:43:11.0 (9847501)|HEAP_ALLOCATE|[9]|Bytes:4
07:43:11.0 (10021376)|VARIABLE_ASSIGNMENT|[EXTERNAL]|this|{}|0x45c11974
07:43:11.0 (10071096)|HEAP_ALLOCATE|[EXTERNAL]|Bytes:4
07:43:11.0 (10101545)|VARIABLE_ASSIGNMENT|[EXTERNAL]|value|{"s":1,"v":[]}|0x2291267b
07:43:11.0 (10130624)|VARIABLE_ASSIGNMENT|[4]|this.skillsList|{"s":1,"v":[]}|0x45c11974
07:43:11.0 (10147954)|HEAP_ALLOCATE|[10]|Bytes:124
07:43:11.0 (10165113)|HEAP_ALLOCATE|[10]|Bytes:4
07:43:11.0 (14335672)|SOQL_EXECUTE_BEGIN|[10]|Aggregations:0|SELECT Id, Name, Employee__r.Name, Project__r.Name, Status__c FROM Employee_Skills__c 
07:43:11.0 (24067956)|SOQL_EXECUTE_END|[10]|Rows:1
07:43:11.0 (24090813)|HEAP_ALLOCATE|[EXTERNAL]|Bytes:8
07:43:11.0 (24318517)|HEAP_ALLOCATE|[10]|Bytes:49
07:43:11.0 (24326682)|HEAP_ALLOCATE|[10]|Bytes:8
07:43:11.0 (24341880)|SYSTEM_METHOD_ENTRY|[7]|QueryLocatorIterator.QueryLocatorIterator()
07:43:11.0 (24346100)|STATEMENT_EXECUTE|[7]
07:43:11.0 (24358086)|SYSTEM_METHOD_EXIT|[7]|QueryLocatorIterator
07:43:11.0 (24365199)|HEAP_ALLOCATE|[10]|Bytes:28
07:43:11.0 (24459715)|HEAP_ALLOCATE|[10]|Bytes:8
07:43:11.0 (24480842)|HEAP_ALLOCATE|[10]|Bytes:8
07:43:11.0 (24483850)|HEAP_ALLOCATE|[10]|Bytes:8
07:43:11.0 (24489360)|VARIABLE_SCOPE_BEGIN|[15]|this|Database.QueryLocatorIterator|true|false
07:43:11.0 (24517605)|VARIABLE_ASSIGNMENT|[15]|this|{}|0x25ed3305
07:43:11.0 (24521808)|VARIABLE_SCOPE_BEGIN|[15]|values|List<SObject>|true|false
07:43:11.0 (24557970)|VARIABLE_ASSIGNMENT|[15]|values|{"s":1,"v":[{"s":2,"v":{"Id":"a0C36000000iqCUEAY","Name":"Tools","Employee__c":"a0A36000001ygYkEAI","Project__c":"a0736000000Ew01AAC","Status__c":"Waiting for submit","Employee__r":{"s":3,"v":{"Name":"Andriy Lokotosh","Id":"a0A36000001ygYkEAI"}},"Project__r":{"s":4,"v":{"Name":"eBank","Id":"a0736000000Ew01AAC"}}}}]}|0x136e1dfe
07:43:11.0 (24564173)|VARIABLE_SCOPE_BEGIN|[15]|ql|Database.QueryLocator|true|false
07:43:11.0 (24580650)|VARIABLE_ASSIGNMENT|[15]|ql|{"query":"SELECT Id, Name, Emp (104 more) ..."}|0x29576b3
07:43:11.0 (24583691)|VARIABLE_SCOPE_BEGIN|[15]|totalNumRecords|Integer|false|false
07:43:11.0 (24587825)|VARIABLE_ASSIGNMENT|[15]|totalNumRecords|1
07:43:11.0 (24590105)|VARIABLE_SCOPE_BEGIN|[15]|queryMoreSize|Integer|false|false
07:43:11.0 (24592772)|VARIABLE_ASSIGNMENT|[15]|queryMoreSize|49999
07:43:11.0 (24644829)|HEAP_ALLOCATE|[10]|Bytes:28
07:43:11.0 (24669171)|METHOD_ENTRY|[10]||Database.QueryLocatorIterator.hasNext()
07:43:11.0 (24768058)|METHOD_EXIT|[10]||Database.QueryLocatorIterator.hasNext()
07:43:11.0 (24778891)|METHOD_ENTRY|[10]||Database.QueryLocatorIterator.next()
07:43:11.0 (24874017)|METHOD_EXIT|[10]||Database.QueryLocatorIterator.next()
07:43:11.0 (24885161)|VARIABLE_SCOPE_BEGIN|[10]|c|Employee_Skills__c|true|false
07:43:11.0 (24908503)|VARIABLE_ASSIGNMENT|[10]|c|{"s":1,"v":{"Id":"a0C36000000iqCUEAY","Name":"Tools","Employee__c":"a0A36000001ygYkEAI","Project__c":"a0736000000Ew01AAC","Status__c":"Waiting for submit","Employee__r":{"s":2,"v":{"Name":"Andriy Lokotosh","Id":"a0A36000001ygYkEAI"}},"Project__r":{"s":3,"v":{"Name":"eBank","Id":"a0736000000Ew01AAC"}}}}|0xa446b3b
07:43:11.0 (24913204)|STATEMENT_EXECUTE|[12]
07:43:11.0 (24914676)|STATEMENT_EXECUTE|[14]
07:43:11.0 (24951279)|VARIABLE_ASSIGNMENT|[EXTERNAL]|this|{"skillsList":"0x2291267b"}|0x45c11974
07:43:11.0 (25040901)|HEAP_ALLOCATE|[14]|Bytes:112
07:43:11.0 (25047903)|HEAP_ALLOCATE|[14]|Bytes:8
07:43:11.0 (25063424)|HEAP_ALLOCATE|[14]|Bytes:12
07:43:11.0 (25087243)|CONSTRUCTOR_ENTRY|[14]|01p360000072SS3|<init>(Employee_Skills__c)
07:43:11.0 (25106291)|VARIABLE_SCOPE_BEGIN|[66]|this|WrapperEmployeeSkills.wEmployee|true|false
07:43:11.0 (25136404)|VARIABLE_ASSIGNMENT|[66]|this|{}|0x2c42f4d2
07:43:11.0 (25142226)|VARIABLE_SCOPE_BEGIN|[66]|s|Employee_Skills__c|true|false
07:43:11.0 (25165290)|VARIABLE_ASSIGNMENT|[66]|s|{"s":1,"v":{"Id":"a0C36000000iqCUEAY","Name":"Tools","Employee__c":"a0A36000001ygYkEAI","Project__c":"a0736000000Ew01AAC","Status__c":"Waiting for submit","Employee__r":{"s":2,"v":{"Name":"Andriy Lokotosh","Id":"a0A36000001ygYkEAI"}},"Project__r":{"s":3,"v":{"Name":"eBank","Id":"a0736000000Ew01AAC"}}}}|0xa446b3b
07:43:11.0 (25170689)|STATEMENT_EXECUTE|[61]
07:43:11.0 (25171990)|STATEMENT_EXECUTE|[62]
07:43:11.0 (25173063)|STATEMENT_EXECUTE|[63]
07:43:11.0 (25186603)|STATEMENT_EXECUTE|[66]
07:43:11.0 (25188185)|STATEMENT_EXECUTE|[67]
07:43:11.0 (25259250)|VARIABLE_ASSIGNMENT|[EXTERNAL]|this|{}|0x2c42f4d2
07:43:11.0 (25281777)|VARIABLE_ASSIGNMENT|[EXTERNAL]|value|{"s":1,"v":{"Id":"a0C36000000iqCUEAY","Name":"Tools","Employee__c":"a0A36000001ygYkEAI","Project__c":"a0736000000Ew01AAC","Status__c":"Waiting for submit","Employee__r":{"s":2,"v":{"Name":"Andriy Lokotosh","Id":"a0A36000001ygYkEAI"}},"Project__r":{"s":3,"v":{"Name":"eBank","Id":"a0736000000Ew01AAC"}}}}|0xa446b3b
07:43:11.0 (25303295)|VARIABLE_ASSIGNMENT|[62]|this.skill|{"s":1,"v":{"Id":"a0C36000000iqCUEAY","Name":"Tools","Employee__c":"a0A36000001ygYkEAI","Project__c":"a0736000000Ew01AAC","Status__c":"Waiting for submit","Employee__r":{"s":2,"v":{"Name":"Andriy Lokotosh","Id":"a0A36000001ygYkEAI"}},"Project__r":{"s":3,"v":{"Name":"eBank","Id":"a0736000000Ew01AAC"}}}}|0x2c42f4d2
07:43:11.0 (25312181)|STATEMENT_EXECUTE|[68]
07:43:11.0 (25364693)|VARIABLE_ASSIGNMENT|[EXTERNAL]|this|{"skill":"0xa446b3b"}|0x2c42f4d2
07:43:11.0 (25375372)|VARIABLE_ASSIGNMENT|[EXTERNAL]|value|false
07:43:11.0 (25380451)|HEAP_ALLOCATE|[63]|Bytes:5
07:43:11.0 (25387353)|VARIABLE_ASSIGNMENT|[63]|this.selected|false|0x2c42f4d2
07:43:11.0 (25400695)|CONSTRUCTOR_EXIT|[14]|01p360000072SS3|<init>(Employee_Skills__c)
07:43:11.0 (25415875)|HEAP_ALLOCATE|[EXTERNAL]|Bytes:4
07:43:11.0 (25425800)|METHOD_ENTRY|[10]||Database.QueryLocatorIterator.hasNext()
07:43:11.0 (25439996)|METHOD_EXIT|[10]||Database.QueryLocatorIterator.hasNext()
07:43:11.0 (25448076)|VARIABLE_ASSIGNMENT|[10]|c|null|
07:43:11.0 (25470489)|STATEMENT_EXECUTE|[17]
07:43:11.0 (25503658)|VARIABLE_ASSIGNMENT|[EXTERNAL]|this|{"skillsList":"0x2291267b"}|0x45c11974
07:43:11.0 (25517355)|SYSTEM_MODE_EXIT|false
07:43:11.0 (25529346)|CODE_UNIT_FINISHED|WrapperEmployeeSkills invoke(getEmployeeSkills)
07:43:11.0 (25550633)|CODE_UNIT_FINISHED|WrapperEmployeeSkills get(EmployeeSkills)
07:43:11.0 (26048455)|CODE_UNIT_STARTED|[EXTERNAL]|01p360000072SS3|skill
07:43:11.0 (26060921)|CODE_UNIT_FINISHED|skill
07:43:11.0 (86289337)|CODE_UNIT_STARTED|[EXTERNAL]|01p360000072SS3|selected
07:43:11.0 (86323467)|CODE_UNIT_FINISHED|selected
07:43:11.0 (91592175)|VF_SERIALIZE_VIEWSTATE_BEGIN|06636000001VcbV
07:43:11.0 (122266533)|VF_SERIALIZE_VIEWSTATE_END
07:43:11.0 (124652005)|CODE_UNIT_STARTED|[EXTERNAL]|Generate Metadata
07:43:11.0 (125614465)|CODE_UNIT_FINISHED|Generate Metadata
07:43:11.129 (129961593)|CUMULATIVE_LIMIT_USAGE
07:43:11.129 (129961593)|LIMIT_USAGE_FOR_NS|(default)|
  Number of SOQL queries: 1 out of 100
  Number of query rows: 1 out of 50000
  Number of SOSL queries: 0 out of 20
  Number of DML statements: 0 out of 150
  Number of DML rows: 0 out of 10000
  Maximum CPU time: 0 out of 10000
  Maximum heap size: 0 out of 6000000
  Number of callouts: 0 out of 100
  Number of Email Invocations: 0 out of 10
  Number of future calls: 0 out of 50
  Number of queueable jobs added to the queue: 0 out of 50
  Number of Mobile Apex push calls: 0 out of 10

07:43:11.129 (129961593)|CUMULATIVE_LIMIT_USAGE_END

07:43:11.0 (130017566)|CODE_UNIT_FINISHED|VF: /apex/AprooveWraper
07:43:11.0 (131218264)|EXECUTION_FINISHED
