36.0 APEX_CODE,FINEST;APEX_PROFILING,INFO;CALLOUT,INFO;DB,INFO;SYSTEM,DEBUG;VALIDATION,INFO;VISUALFORCE,INFO;WORKFLOW,INFO
10:11:03.0 (813778)|EXECUTION_STARTED
10:11:03.0 (864033)|CODE_UNIT_STARTED|[EXTERNAL]|06636000002n7XB|VF: /apex/DraftsToPersonTable
10:11:03.0 (10488628)|CODE_UNIT_STARTED|[EXTERNAL]|01p360000074pQr|DraftsToPersons <init>
10:11:03.0 (10510142)|SYSTEM_MODE_ENTER|true
10:11:03.0 (11025012)|HEAP_ALLOCATE|[72]|Bytes:3
10:11:03.0 (11072325)|HEAP_ALLOCATE|[77]|Bytes:152
10:11:03.0 (11090364)|HEAP_ALLOCATE|[342]|Bytes:408
10:11:03.0 (11109900)|HEAP_ALLOCATE|[355]|Bytes:408
10:11:03.0 (11128492)|HEAP_ALLOCATE|[467]|Bytes:48
10:11:03.0 (11160028)|HEAP_ALLOCATE|[139]|Bytes:6
10:11:03.0 (11234626)|HEAP_ALLOCATE|[EXTERNAL]|Bytes:10
10:11:03.0 (11240863)|HEAP_ALLOCATE|[EXTERNAL]|Bytes:140
10:11:03.0 (11243787)|HEAP_ALLOCATE|[EXTERNAL]|Bytes:21
10:11:03.0 (11254101)|METHOD_ENTRY|[1]|01p360000074pQr|DraftsToPersons.DraftsToPersons()
10:11:03.0 (11257801)|STATEMENT_EXECUTE|[1]
10:11:03.0 (11265164)|STATEMENT_EXECUTE|[1]
10:11:03.0 (11296550)|HEAP_ALLOCATE|[50]|Bytes:5
10:11:03.0 (11318302)|HEAP_ALLOCATE|[56]|Bytes:5
10:11:03.0 (11326833)|HEAP_ALLOCATE|[64]|Bytes:7
10:11:03.0 (11351973)|SYSTEM_MODE_ENTER|false
10:11:03.0 (11370207)|HEAP_ALLOCATE|[EXTERNAL]|Bytes:5
10:11:03.0 (11375092)|STATEMENT_EXECUTE|[69]
10:11:03.0 (11381660)|SYSTEM_MODE_EXIT|false
10:11:03.0 (11391173)|METHOD_EXIT|[1]|DraftsToPersons
10:11:03.0 (11397848)|HEAP_ALLOCATE|[EXTERNAL]|Bytes:20
10:11:03.0 (11409929)|VARIABLE_SCOPE_BEGIN|[7]|this|DraftsToPersons|true|false
10:11:03.0 (11471029)|VARIABLE_ASSIGNMENT|[7]|this|{}|0x7054ee54
10:11:03.0 (11484255)|SYSTEM_MODE_ENTER|false
10:11:03.0 (11489431)|HEAP_ALLOCATE|[EXTERNAL]|Bytes:5
10:11:03.0 (11492873)|STATEMENT_EXECUTE|[1]
10:11:03.0 (11495700)|HEAP_ALLOCATE|[EXTERNAL]|Bytes:5
10:11:03.0 (11497619)|STATEMENT_EXECUTE|[2]
10:11:03.0 (11498782)|STATEMENT_EXECUTE|[3]
10:11:03.0 (11499878)|STATEMENT_EXECUTE|[4]
10:11:03.0 (11500805)|STATEMENT_EXECUTE|[5]
10:11:03.0 (11510252)|HEAP_ALLOCATE|[EXTERNAL]|Bytes:6
10:11:03.0 (11534196)|STATEMENT_EXECUTE|[8]
10:11:03.0 (11539770)|SYSTEM_MODE_EXIT|false
10:11:03.0 (11558384)|CODE_UNIT_FINISHED|DraftsToPersons <init>
10:11:03.0 (11619783)|CODE_UNIT_STARTED|[EXTERNAL]|01p360000074pQr|DraftsToPersons get(Persons)
10:11:03.0 (11636146)|SYSTEM_MODE_ENTER|true
10:11:03.0 (11661411)|CODE_UNIT_STARTED|[EXTERNAL]|01p360000074pQr|DraftsToPersons invoke(getPersons)
10:11:03.0 (11727402)|HEAP_ALLOCATE|[EXTERNAL]|Bytes:20
10:11:03.0 (11741914)|VARIABLE_SCOPE_BEGIN|[23]|this|DraftsToPersons|true|false
10:11:03.0 (11764192)|VARIABLE_ASSIGNMENT|[23]|this|{}|0x7054ee54
10:11:03.0 (11780551)|SYSTEM_MODE_ENTER|false
10:11:03.0 (11785658)|HEAP_ALLOCATE|[25]|Bytes:5
10:11:03.0 (11789386)|STATEMENT_EXECUTE|[24]
10:11:03.0 (11834715)|VARIABLE_ASSIGNMENT|[EXTERNAL]|this|{}|0x7054ee54
10:11:03.0 (11846697)|STATEMENT_EXECUTE|[26]
10:11:03.0 (11848303)|STATEMENT_EXECUTE|[27]
10:11:03.0 (11851925)|HEAP_ALLOCATE|[27]|Bytes:71
10:11:03.0 (11859868)|HEAP_ALLOCATE|[27]|Bytes:4
10:11:03.0 (12823983)|SOQL_EXECUTE_BEGIN|[27]|Aggregations:0|SELECT id, Name FROM Person__c ORDER BY Name ASC NULLS FIRST LIMIT 1000
10:11:03.0 (15432304)|SOQL_EXECUTE_END|[27]|Rows:2
10:11:03.0 (15448610)|HEAP_ALLOCATE|[27]|Bytes:12
10:11:03.0 (15464780)|HEAP_ALLOCATE|[27]|Bytes:97
10:11:03.0 (15537907)|HEAP_ALLOCATE|[27]|Bytes:12
10:11:03.0 (15575880)|VARIABLE_ASSIGNMENT|[EXTERNAL]|this|{}|0x7054ee54
10:11:03.0 (15609873)|VARIABLE_ASSIGNMENT|[EXTERNAL]|value|{"s":1,"v":[{"s":2,"v":{"Id":"a0N36000000xneOEAQ","Name":"Andiy Lokotosh"}},{"s":3,"v":{"Id":"a0N36000000xneTEAQ","Name":"Jon Smith"}}]}|0x2f252c0b
10:11:03.0 (15630971)|VARIABLE_ASSIGNMENT|[3]|this.pers|{"s":1,"v":[{"s":2,"v":{"Id":"a0N36000000xneOEAQ","Name":"Andiy Lokotosh"}},{"s":3,"v":{"Id":"a0N36000000xneTEAQ","Name":"Jon Smith"}}]}|0x7054ee54
10:11:03.0 (15639628)|STATEMENT_EXECUTE|[31]
10:11:03.0 (15679589)|VARIABLE_ASSIGNMENT|[EXTERNAL]|this|{"pers":"0x2f252c0b"}|0x7054ee54
10:11:03.0 (15694542)|SYSTEM_MODE_EXIT|false
10:11:03.0 (15707705)|CODE_UNIT_FINISHED|DraftsToPersons invoke(getPersons)
10:11:03.0 (15726982)|CODE_UNIT_FINISHED|DraftsToPersons get(Persons)
10:11:03.0 (16012997)|CODE_UNIT_STARTED|[EXTERNAL]|01p360000074pQr|DraftsToPersons get(Drafts)
10:11:03.0 (16023088)|SYSTEM_MODE_ENTER|true
10:11:03.0 (16039638)|CODE_UNIT_STARTED|[EXTERNAL]|01p360000074pQr|DraftsToPersons invoke(getDrafts)
10:11:03.0 (16067689)|HEAP_ALLOCATE|[EXTERNAL]|Bytes:20
10:11:03.0 (16076510)|VARIABLE_SCOPE_BEGIN|[12]|this|DraftsToPersons|true|false
10:11:03.0 (16098105)|VARIABLE_ASSIGNMENT|[12]|this|{"pers":"0x2f252c0b"}|0x7054ee54
10:11:03.0 (16110248)|SYSTEM_MODE_ENTER|false
10:11:03.0 (16115526)|HEAP_ALLOCATE|[14]|Bytes:5
10:11:03.0 (16119252)|STATEMENT_EXECUTE|[13]
10:11:03.0 (16159327)|VARIABLE_ASSIGNMENT|[EXTERNAL]|this|{"pers":"0x2f252c0b"}|0x7054ee54
10:11:03.0 (16170051)|STATEMENT_EXECUTE|[15]
10:11:03.0 (16171599)|STATEMENT_EXECUTE|[16]
10:11:03.0 (16174923)|HEAP_ALLOCATE|[16]|Bytes:70
10:11:03.0 (16180641)|HEAP_ALLOCATE|[16]|Bytes:4
10:11:03.0 (16890941)|SOQL_EXECUTE_BEGIN|[16]|Aggregations:0|SELECT id, Name FROM Draft__c ORDER BY Name ASC NULLS FIRST LIMIT 1000
10:11:03.0 (18634712)|SOQL_EXECUTE_END|[16]|Rows:2
10:11:03.0 (18650398)|HEAP_ALLOCATE|[16]|Bytes:12
10:11:03.0 (18662580)|HEAP_ALLOCATE|[16]|Bytes:95
10:11:03.0 (18705157)|HEAP_ALLOCATE|[16]|Bytes:12
10:11:03.0 (18745631)|VARIABLE_ASSIGNMENT|[EXTERNAL]|this|{"pers":"0x2f252c0b"}|0x7054ee54
10:11:03.0 (18766052)|VARIABLE_ASSIGNMENT|[EXTERNAL]|value|{"s":1,"v":[{"s":2,"v":{"Id":"a0R3600000032Q3EAI","Name":"Ebay"}},{"s":3,"v":{"Id":"a0R3600000032PyEAI","Name":"Electronic System"}}]}|0x10bc9e18
10:11:03.0 (18784888)|VARIABLE_ASSIGNMENT|[2]|this.draft|{"s":1,"v":[{"s":2,"v":{"Id":"a0R3600000032Q3EAI","Name":"Ebay"}},{"s":3,"v":{"Id":"a0R3600000032PyEAI","Name":"Electronic System"}}]}|0x7054ee54
10:11:03.0 (18794148)|STATEMENT_EXECUTE|[21]
10:11:03.0 (18828718)|VARIABLE_ASSIGNMENT|[EXTERNAL]|this|{"draft":"0x10bc9e18","pers":"0x2f252c0b"}|0x7054ee54
10:11:03.0 (18842843)|SYSTEM_MODE_EXIT|false
10:11:03.0 (18855253)|CODE_UNIT_FINISHED|DraftsToPersons invoke(getDrafts)
10:11:03.0 (18873740)|CODE_UNIT_FINISHED|DraftsToPersons get(Drafts)
10:11:03.53 (53413081)|CUMULATIVE_LIMIT_USAGE
10:11:03.53 (53413081)|LIMIT_USAGE_FOR_NS|(default)|
  Number of SOQL queries: 2 out of 100
  Number of query rows: 4 out of 50000
  Number of SOSL queries: 0 out of 20
  Number of DML statements: 0 out of 150
  Number of DML rows: 0 out of 10000
  Maximum CPU time: 0 out of 10000
  Maximum heap size: 0 out of 6000000
  Number of callouts: 0 out of 100
  Number of Email Invocations: 0 out of 10
  Number of future calls: 0 out of 50
  Number of queueable jobs added to the queue: 0 out of 50
  Number of Mobile Apex push calls: 0 out of 10

10:11:03.53 (53413081)|CUMULATIVE_LIMIT_USAGE_END

10:11:03.0 (53466440)|CODE_UNIT_FINISHED|VF: /apex/DraftsToPersonTable
10:11:03.0 (54564478)|EXECUTION_FINISHED
