36.0 APEX_CODE,FINEST;APEX_PROFILING,INFO;CALLOUT,INFO;DB,INFO;SYSTEM,DEBUG;VALIDATION,INFO;VISUALFORCE,INFO;WORKFLOW,INFO
04:30:44.0 (506353)|EXECUTION_STARTED
04:30:44.0 (553829)|CODE_UNIT_STARTED|[EXTERNAL]|06636000002n7XB|VF: /apex/DraftsToPersonTable
04:30:44.0 (3403274)|CODE_UNIT_STARTED|[EXTERNAL]|01p360000074pQr|DraftsToPersons <init>
04:30:44.0 (3421543)|SYSTEM_MODE_ENTER|true
04:30:44.0 (4475302)|HEAP_ALLOCATE|[72]|Bytes:3
04:30:44.0 (4581114)|HEAP_ALLOCATE|[77]|Bytes:152
04:30:44.0 (4603472)|HEAP_ALLOCATE|[342]|Bytes:408
04:30:44.0 (4626041)|HEAP_ALLOCATE|[355]|Bytes:408
04:30:44.0 (4646788)|HEAP_ALLOCATE|[467]|Bytes:48
04:30:44.0 (4717148)|HEAP_ALLOCATE|[139]|Bytes:6
04:30:44.0 (4749226)|HEAP_ALLOCATE|[EXTERNAL]|Bytes:10
04:30:44.0 (4765276)|HEAP_ALLOCATE|[EXTERNAL]|Bytes:144
04:30:44.0 (4768106)|HEAP_ALLOCATE|[EXTERNAL]|Bytes:21
04:30:44.0 (4786645)|METHOD_ENTRY|[1]|01p360000074pQr|DraftsToPersons.DraftsToPersons()
04:30:44.0 (4791718)|STATEMENT_EXECUTE|[1]
04:30:44.0 (4800406)|STATEMENT_EXECUTE|[1]
04:30:44.0 (4836974)|HEAP_ALLOCATE|[50]|Bytes:5
04:30:44.0 (4864695)|HEAP_ALLOCATE|[56]|Bytes:5
04:30:44.0 (4874893)|HEAP_ALLOCATE|[64]|Bytes:7
04:30:44.0 (4905057)|SYSTEM_MODE_ENTER|false
04:30:44.0 (4924560)|HEAP_ALLOCATE|[EXTERNAL]|Bytes:5
04:30:44.0 (4929207)|STATEMENT_EXECUTE|[67]
04:30:44.0 (4935810)|SYSTEM_MODE_EXIT|false
04:30:44.0 (4951090)|METHOD_EXIT|[1]|DraftsToPersons
04:30:44.0 (5290930)|HEAP_ALLOCATE|[EXTERNAL]|Bytes:20
04:30:44.0 (5307512)|VARIABLE_SCOPE_BEGIN|[7]|this|DraftsToPersons|true|false
04:30:44.0 (5399404)|VARIABLE_ASSIGNMENT|[7]|this|{}|0x7fb404b3
04:30:44.0 (5415985)|SYSTEM_MODE_ENTER|false
04:30:44.0 (5422005)|HEAP_ALLOCATE|[EXTERNAL]|Bytes:5
04:30:44.0 (5426007)|STATEMENT_EXECUTE|[1]
04:30:44.0 (5428851)|HEAP_ALLOCATE|[EXTERNAL]|Bytes:5
04:30:44.0 (5430686)|STATEMENT_EXECUTE|[2]
04:30:44.0 (5432109)|STATEMENT_EXECUTE|[3]
04:30:44.0 (5433094)|STATEMENT_EXECUTE|[4]
04:30:44.0 (5434190)|STATEMENT_EXECUTE|[5]
04:30:44.0 (5443954)|HEAP_ALLOCATE|[EXTERNAL]|Bytes:6
04:30:44.0 (5471635)|STATEMENT_EXECUTE|[8]
04:30:44.0 (5478439)|SYSTEM_MODE_EXIT|false
04:30:44.0 (5523249)|CODE_UNIT_FINISHED|DraftsToPersons <init>
04:30:44.0 (5576503)|CODE_UNIT_STARTED|[EXTERNAL]|01p360000074pQr|DraftsToPersons get(Drafts)
04:30:44.0 (5586839)|SYSTEM_MODE_ENTER|true
04:30:44.0 (5610196)|CODE_UNIT_STARTED|[EXTERNAL]|01p360000074pQr|Drafts
04:30:44.0 (5624669)|CODE_UNIT_FINISHED|Drafts
04:30:44.0 (5637915)|CODE_UNIT_FINISHED|DraftsToPersons get(Drafts)
04:30:44.29 (29557365)|CUMULATIVE_LIMIT_USAGE
04:30:44.29 (29557365)|LIMIT_USAGE_FOR_NS|(default)|
  Number of SOQL queries: 0 out of 100
  Number of query rows: 0 out of 50000
  Number of SOSL queries: 0 out of 20
  Number of DML statements: 0 out of 150
  Number of DML rows: 0 out of 10000
  Maximum CPU time: 0 out of 10000
  Maximum heap size: 0 out of 6000000
  Number of callouts: 0 out of 100
  Number of Email Invocations: 0 out of 10
  Number of future calls: 0 out of 50
  Number of queueable jobs added to the queue: 0 out of 50
  Number of Mobile Apex push calls: 0 out of 10

04:30:44.29 (29557365)|CUMULATIVE_LIMIT_USAGE_END

04:30:44.0 (29614882)|CODE_UNIT_FINISHED|VF: /apex/DraftsToPersonTable
04:30:44.0 (30674621)|EXECUTION_FINISHED
