36.0 APEX_CODE,FINEST;APEX_PROFILING,INFO;CALLOUT,INFO;DB,INFO;SYSTEM,DEBUG;VALIDATION,INFO;VISUALFORCE,INFO;WORKFLOW,INFO
08:54:30.0 (924891)|EXECUTION_STARTED
08:54:30.0 (966135)|CODE_UNIT_STARTED|[EXTERNAL]|01p36000005H3V7|expansesController.getExpenses
08:54:30.0 (1342353)|HEAP_ALLOCATE|[72]|Bytes:3
08:54:30.0 (1437376)|HEAP_ALLOCATE|[77]|Bytes:152
08:54:30.0 (1475278)|HEAP_ALLOCATE|[342]|Bytes:408
08:54:30.0 (1497068)|HEAP_ALLOCATE|[355]|Bytes:408
08:54:30.0 (1517041)|HEAP_ALLOCATE|[467]|Bytes:48
08:54:30.0 (1595402)|HEAP_ALLOCATE|[139]|Bytes:6
08:54:30.0 (1621754)|HEAP_ALLOCATE|[EXTERNAL]|Bytes:4
08:54:30.0 (1677983)|METHOD_ENTRY|[1]|01p36000005H3V7|expansesController.expansesController()
08:54:30.0 (1684217)|STATEMENT_EXECUTE|[1]
08:54:30.0 (1692504)|STATEMENT_EXECUTE|[1]
08:54:30.0 (1734076)|HEAP_ALLOCATE|[50]|Bytes:5
08:54:30.0 (1761731)|HEAP_ALLOCATE|[56]|Bytes:5
08:54:30.0 (1770659)|HEAP_ALLOCATE|[64]|Bytes:7
08:54:30.0 (1800213)|SYSTEM_MODE_ENTER|false
08:54:30.0 (1912469)|HEAP_ALLOCATE|[EXTERNAL]|Bytes:5
08:54:30.0 (1923448)|SYSTEM_MODE_EXIT|false
08:54:30.0 (1958072)|METHOD_EXIT|[1]|expansesController
08:54:30.0 (1969233)|SYSTEM_MODE_ENTER|false
08:54:30.0 (1985155)|HEAP_ALLOCATE|[6]|Bytes:5
08:54:30.0 (1989573)|STATEMENT_EXECUTE|[3]
08:54:30.0 (1991033)|STATEMENT_EXECUTE|[6]
08:54:30.0 (1995308)|HEAP_ALLOCATE|[6]|Bytes:90
08:54:30.0 (2007290)|HEAP_ALLOCATE|[6]|Bytes:4
08:54:30.0 (2404787)|SOQL_EXECUTE_BEGIN|[6]|Aggregations:0|SELECT Id, Name, Amount__c, Client__c, Date__c, Reimbursed__c, CreatedDate FROM Expense__c
08:54:30.0 (6917452)|SOQL_EXECUTE_END|[6]|Rows:7
08:54:30.0 (6939790)|HEAP_ALLOCATE|[6]|Bytes:32
08:54:30.0 (6974702)|HEAP_ALLOCATE|[6]|Bytes:1030
08:54:30.0 (7021990)|HEAP_ALLOCATE|[6]|Bytes:32
08:54:30.0 (7061948)|SYSTEM_MODE_EXIT|false
08:54:30.7 (7113959)|CUMULATIVE_LIMIT_USAGE
08:54:30.7 (7113959)|LIMIT_USAGE_FOR_NS|(default)|
  Number of SOQL queries: 1 out of 100
  Number of query rows: 7 out of 50000
  Number of SOSL queries: 0 out of 20
  Number of DML statements: 0 out of 150
  Number of DML rows: 0 out of 10000
  Maximum CPU time: 0 out of 10000
  Maximum heap size: 0 out of 6000000
  Number of callouts: 0 out of 100
  Number of Email Invocations: 0 out of 10
  Number of future calls: 0 out of 50
  Number of queueable jobs added to the queue: 0 out of 50
  Number of Mobile Apex push calls: 0 out of 10

08:54:30.7 (7113959)|CUMULATIVE_LIMIT_USAGE_END

08:54:30.0 (7171464)|CODE_UNIT_FINISHED|expansesController.getExpenses
08:54:30.0 (10359293)|EXECUTION_FINISHED
