36.0 APEX_CODE,FINEST;APEX_PROFILING,INFO;CALLOUT,INFO;DB,INFO;SYSTEM,DEBUG;VALIDATION,INFO;VISUALFORCE,INFO;WORKFLOW,INFO
05:29:29.0 (493094)|EXECUTION_STARTED
05:29:29.0 (540307)|CODE_UNIT_STARTED|[EXTERNAL]|06636000002n7XB|VF: /apex/DraftsToPersonTable
05:29:29.0 (3875572)|CODE_UNIT_STARTED|[EXTERNAL]|01p360000074pQr|DraftsToPersons <init>
05:29:29.0 (3894908)|SYSTEM_MODE_ENTER|true
05:29:29.0 (4582016)|HEAP_ALLOCATE|[72]|Bytes:3
05:29:29.0 (4648951)|HEAP_ALLOCATE|[77]|Bytes:152
05:29:29.0 (4670437)|HEAP_ALLOCATE|[342]|Bytes:408
05:29:29.0 (4690228)|HEAP_ALLOCATE|[355]|Bytes:408
05:29:29.0 (4709351)|HEAP_ALLOCATE|[467]|Bytes:48
05:29:29.0 (4753139)|HEAP_ALLOCATE|[139]|Bytes:6
05:29:29.0 (4781317)|HEAP_ALLOCATE|[EXTERNAL]|Bytes:10
05:29:29.0 (4786139)|HEAP_ALLOCATE|[EXTERNAL]|Bytes:144
05:29:29.0 (4788715)|HEAP_ALLOCATE|[EXTERNAL]|Bytes:21
05:29:29.0 (4805200)|METHOD_ENTRY|[1]|01p360000074pQr|DraftsToPersons.DraftsToPersons()
05:29:29.0 (4810436)|STATEMENT_EXECUTE|[1]
05:29:29.0 (4818835)|STATEMENT_EXECUTE|[1]
05:29:29.0 (4856034)|HEAP_ALLOCATE|[50]|Bytes:5
05:29:29.0 (4886133)|HEAP_ALLOCATE|[56]|Bytes:5
05:29:29.0 (4895565)|HEAP_ALLOCATE|[64]|Bytes:7
05:29:29.0 (4923369)|SYSTEM_MODE_ENTER|false
05:29:29.0 (4942754)|HEAP_ALLOCATE|[EXTERNAL]|Bytes:5
05:29:29.0 (4947235)|STATEMENT_EXECUTE|[68]
05:29:29.0 (4954615)|SYSTEM_MODE_EXIT|false
05:29:29.0 (4967589)|METHOD_EXIT|[1]|DraftsToPersons
05:29:29.0 (5377281)|HEAP_ALLOCATE|[EXTERNAL]|Bytes:20
05:29:29.0 (5389674)|VARIABLE_SCOPE_BEGIN|[7]|this|DraftsToPersons|true|false
05:29:29.0 (5470962)|VARIABLE_ASSIGNMENT|[7]|this|{}|0x77599027
05:29:29.0 (5483460)|SYSTEM_MODE_ENTER|false
05:29:29.0 (5488606)|HEAP_ALLOCATE|[EXTERNAL]|Bytes:5
05:29:29.0 (5492456)|STATEMENT_EXECUTE|[1]
05:29:29.0 (5495355)|HEAP_ALLOCATE|[EXTERNAL]|Bytes:5
05:29:29.0 (5497285)|STATEMENT_EXECUTE|[2]
05:29:29.0 (5498851)|STATEMENT_EXECUTE|[3]
05:29:29.0 (5499969)|STATEMENT_EXECUTE|[4]
05:29:29.0 (5500999)|STATEMENT_EXECUTE|[5]
05:29:29.0 (5511235)|HEAP_ALLOCATE|[EXTERNAL]|Bytes:6
05:29:29.0 (5538421)|STATEMENT_EXECUTE|[8]
05:29:29.0 (5545056)|SYSTEM_MODE_EXIT|false
05:29:29.0 (5563694)|CODE_UNIT_FINISHED|DraftsToPersons <init>
05:29:29.0 (5621709)|CODE_UNIT_STARTED|[EXTERNAL]|01p360000074pQr|DraftsToPersons get(Persons)
05:29:29.0 (5631111)|SYSTEM_MODE_ENTER|true
05:29:29.0 (5662443)|CODE_UNIT_STARTED|[EXTERNAL]|01p360000074pQr|DraftsToPersons invoke(getPersons)
05:29:29.0 (5703682)|HEAP_ALLOCATE|[EXTERNAL]|Bytes:20
05:29:29.0 (5711738)|VARIABLE_SCOPE_BEGIN|[23]|this|DraftsToPersons|true|false
05:29:29.0 (5731086)|VARIABLE_ASSIGNMENT|[23]|this|{}|0x77599027
05:29:29.0 (5746243)|SYSTEM_MODE_ENTER|false
05:29:29.0 (5750920)|HEAP_ALLOCATE|[25]|Bytes:5
05:29:29.0 (5754431)|STATEMENT_EXECUTE|[24]
05:29:29.0 (5802454)|VARIABLE_ASSIGNMENT|[EXTERNAL]|this|{}|0x77599027
05:29:29.0 (5817586)|STATEMENT_EXECUTE|[26]
05:29:29.0 (5819103)|STATEMENT_EXECUTE|[27]
05:29:29.0 (5822470)|HEAP_ALLOCATE|[27]|Bytes:41
05:29:29.0 (5838576)|HEAP_ALLOCATE|[27]|Bytes:4
05:29:29.0 (6138612)|SOQL_EXECUTE_BEGIN|[27]|Aggregations:0|SELECT id, Name FROM Person__c LIMIT 1000
05:29:29.0 (9441226)|SOQL_EXECUTE_END|[27]|Rows:2
05:29:29.0 (9466487)|HEAP_ALLOCATE|[27]|Bytes:12
05:29:29.0 (9487632)|HEAP_ALLOCATE|[27]|Bytes:97
05:29:29.0 (9529339)|HEAP_ALLOCATE|[27]|Bytes:12
05:29:29.0 (9573817)|VARIABLE_ASSIGNMENT|[EXTERNAL]|this|{}|0x77599027
05:29:29.0 (9612714)|VARIABLE_ASSIGNMENT|[EXTERNAL]|value|{"s":1,"v":[{"s":2,"v":{"Id":"a0N36000000xneOEAQ","Name":"Andiy Lokotosh"}},{"s":3,"v":{"Id":"a0N36000000xneTEAQ","Name":"Jon Smith"}}]}|0x73cd8e99
05:29:29.0 (9654546)|VARIABLE_ASSIGNMENT|[3]|this.pers|{"s":1,"v":[{"s":2,"v":{"Id":"a0N36000000xneOEAQ","Name":"Andiy Lokotosh"}},{"s":3,"v":{"Id":"a0N36000000xneTEAQ","Name":"Jon Smith"}}]}|0x77599027
05:29:29.0 (9666105)|STATEMENT_EXECUTE|[30]
05:29:29.0 (9704168)|VARIABLE_ASSIGNMENT|[EXTERNAL]|this|{"pers":"0x73cd8e99"}|0x77599027
05:29:29.0 (9719149)|SYSTEM_MODE_EXIT|false
05:29:29.0 (9732065)|CODE_UNIT_FINISHED|DraftsToPersons invoke(getPersons)
05:29:29.0 (9750598)|CODE_UNIT_FINISHED|DraftsToPersons get(Persons)
05:29:29.0 (10013178)|CODE_UNIT_STARTED|[EXTERNAL]|01p360000074pQr|DraftsToPersons get(Drafts)
05:29:29.0 (10024102)|SYSTEM_MODE_ENTER|true
05:29:29.0 (10044643)|CODE_UNIT_STARTED|[EXTERNAL]|01p360000074pQr|DraftsToPersons invoke(getDrafts)
05:29:29.0 (10080585)|HEAP_ALLOCATE|[EXTERNAL]|Bytes:20
05:29:29.0 (10088181)|VARIABLE_SCOPE_BEGIN|[12]|this|DraftsToPersons|true|false
05:29:29.0 (10110025)|VARIABLE_ASSIGNMENT|[12]|this|{"pers":"0x73cd8e99"}|0x77599027
05:29:29.0 (10120382)|SYSTEM_MODE_ENTER|false
05:29:29.0 (10125246)|HEAP_ALLOCATE|[14]|Bytes:5
05:29:29.0 (10128816)|STATEMENT_EXECUTE|[13]
05:29:29.0 (10173640)|VARIABLE_ASSIGNMENT|[EXTERNAL]|this|{"pers":"0x73cd8e99"}|0x77599027
05:29:29.0 (10185671)|STATEMENT_EXECUTE|[15]
05:29:29.0 (10187319)|STATEMENT_EXECUTE|[16]
05:29:29.0 (10190668)|HEAP_ALLOCATE|[16]|Bytes:70
05:29:29.0 (10198558)|HEAP_ALLOCATE|[16]|Bytes:4
05:29:29.0 (10458610)|SOQL_EXECUTE_BEGIN|[16]|Aggregations:0|SELECT id, Name FROM Draft__c ORDER BY Name ASC NULLS FIRST LIMIT 1000
05:29:29.0 (12460677)|SOQL_EXECUTE_END|[16]|Rows:2
05:29:29.0 (12479845)|HEAP_ALLOCATE|[16]|Bytes:12
05:29:29.0 (12495179)|HEAP_ALLOCATE|[16]|Bytes:95
05:29:29.0 (12520127)|HEAP_ALLOCATE|[16]|Bytes:12
05:29:29.0 (12567377)|VARIABLE_ASSIGNMENT|[EXTERNAL]|this|{"pers":"0x73cd8e99"}|0x77599027
05:29:29.0 (12590017)|VARIABLE_ASSIGNMENT|[EXTERNAL]|value|{"s":1,"v":[{"s":2,"v":{"Id":"a0R3600000032Q3EAI","Name":"Ebay"}},{"s":3,"v":{"Id":"a0R3600000032PyEAI","Name":"Electronic System"}}]}|0x6691fac5
05:29:29.0 (12614688)|VARIABLE_ASSIGNMENT|[2]|this.draft|{"s":1,"v":[{"s":2,"v":{"Id":"a0R3600000032Q3EAI","Name":"Ebay"}},{"s":3,"v":{"Id":"a0R3600000032PyEAI","Name":"Electronic System"}}]}|0x77599027
05:29:29.0 (12625275)|STATEMENT_EXECUTE|[21]
05:29:29.0 (12662900)|VARIABLE_ASSIGNMENT|[EXTERNAL]|this|{"draft":"0x6691fac5","pers":"0x73cd8e99"}|0x77599027
05:29:29.0 (12677611)|SYSTEM_MODE_EXIT|false
05:29:29.0 (12689445)|CODE_UNIT_FINISHED|DraftsToPersons invoke(getDrafts)
05:29:29.0 (12708002)|CODE_UNIT_FINISHED|DraftsToPersons get(Drafts)
05:29:29.42 (42493016)|CUMULATIVE_LIMIT_USAGE
05:29:29.42 (42493016)|LIMIT_USAGE_FOR_NS|(default)|
  Number of SOQL queries: 2 out of 100
  Number of query rows: 4 out of 50000
  Number of SOSL queries: 0 out of 20
  Number of DML statements: 0 out of 150
  Number of DML rows: 0 out of 10000
  Maximum CPU time: 0 out of 10000
  Maximum heap size: 0 out of 6000000
  Number of callouts: 0 out of 100
  Number of Email Invocations: 0 out of 10
  Number of future calls: 0 out of 50
  Number of queueable jobs added to the queue: 0 out of 50
  Number of Mobile Apex push calls: 0 out of 10

05:29:29.42 (42493016)|CUMULATIVE_LIMIT_USAGE_END

05:29:29.0 (42551098)|CODE_UNIT_FINISHED|VF: /apex/DraftsToPersonTable
05:29:29.0 (43633887)|EXECUTION_FINISHED
