36.0 APEX_CODE,FINEST;APEX_PROFILING,INFO;CALLOUT,INFO;DB,INFO;SYSTEM,DEBUG;VALIDATION,INFO;VISUALFORCE,INFO;WORKFLOW,INFO
12:31:46.0 (560439)|EXECUTION_STARTED
12:31:46.0 (594099)|CODE_UNIT_STARTED|[EXTERNAL]|aura
12:31:46.0 (1092809)|HEAP_ALLOCATE|[72]|Bytes:3
12:31:46.0 (1165678)|HEAP_ALLOCATE|[77]|Bytes:152
12:31:46.0 (1187921)|HEAP_ALLOCATE|[342]|Bytes:408
12:31:46.0 (1207084)|HEAP_ALLOCATE|[355]|Bytes:408
12:31:46.0 (1224730)|HEAP_ALLOCATE|[467]|Bytes:48
12:31:46.0 (1260565)|HEAP_ALLOCATE|[139]|Bytes:6
12:31:46.0 (1295759)|HEAP_ALLOCATE|[EXTERNAL]|Bytes:18
12:31:46.0 (1311747)|HEAP_ALLOCATE|[EXTERNAL]|Bytes:18
12:31:46.0 (3202787)|CODE_UNIT_STARTED|[EXTERNAL]|01p36000006TzBn|AwesomeProductController.getProductByName
12:31:46.0 (3355129)|HEAP_ALLOCATE|[EXTERNAL]|Bytes:3
12:31:46.0 (3376101)|METHOD_ENTRY|[1]|01p36000006TzBn|AwesomeProductController.AwesomeProductController()
12:31:46.0 (3380368)|STATEMENT_EXECUTE|[1]
12:31:46.0 (3387674)|STATEMENT_EXECUTE|[1]
12:31:46.0 (3393674)|METHOD_EXIT|[1]|AwesomeProductController
12:31:46.0 (3398481)|HEAP_ALLOCATE|[EXTERNAL]|Bytes:18
12:31:46.0 (3412592)|SYSTEM_MODE_ENTER|false
12:31:46.0 (3425485)|VARIABLE_SCOPE_BEGIN|[8]|name|String|false|false
12:31:46.0 (3455455)|VARIABLE_ASSIGNMENT|[8]|name|"Always Be Yourself"
12:31:46.0 (3470090)|STATEMENT_EXECUTE|[8]
12:31:46.0 (3471783)|STATEMENT_EXECUTE|[9]
12:31:46.0 (3475768)|HEAP_ALLOCATE|[9]|Bytes:167
12:31:46.0 (3489792)|HEAP_ALLOCATE|[9]|Bytes:4
12:31:46.0 (3502824)|HEAP_ALLOCATE|[9]|Bytes:7
12:31:46.0 (3556758)|HEAP_ALLOCATE|[50]|Bytes:5
12:31:46.0 (3587024)|HEAP_ALLOCATE|[56]|Bytes:5
12:31:46.0 (3596266)|HEAP_ALLOCATE|[64]|Bytes:7
12:31:46.0 (5606945)|SOQL_EXECUTE_BEGIN|[9]|Aggregations:1|SELECT id, name, photo__c, color__c, points__c, description__c, (SELECT name FROM product_sizes__r ORDER BY name ASC NULLS FIRST) FROM product__c WHERE name = :tmpVar1
12:31:46.0 (11358588)|SOQL_EXECUTE_END|[9]|Rows:0
12:31:46.0 (11384595)|HEAP_ALLOCATE|[9]|Bytes:4
12:31:46.0 (11402401)|HEAP_ALLOCATE|[9]|Bytes:0
12:31:46.0 (11516736)|HEAP_ALLOCATE|[9]|Bytes:4
12:31:46.0 (11532324)|HEAP_ALLOCATE|[9]|Bytes:36
12:31:46.0 (11677582)|HEAP_ALLOCATE|[9]|Bytes:46
12:31:46.0 (11796686)|FATAL_ERROR|System.QueryException: List has no rows for assignment to SObject

Class.AwesomeProductController.getProductByName: line 9, column 1
12:31:46.0 (11812372)|FATAL_ERROR|System.QueryException: List has no rows for assignment to SObject

Class.AwesomeProductController.getProductByName: line 9, column 1
12:31:46.11 (11822568)|CUMULATIVE_LIMIT_USAGE
12:31:46.11 (11822568)|LIMIT_USAGE_FOR_NS|(default)|
  Number of SOQL queries: 1 out of 100
  Number of query rows: 0 out of 50000
  Number of SOSL queries: 0 out of 20
  Number of DML statements: 0 out of 150
  Number of DML rows: 0 out of 10000
  Maximum CPU time: 0 out of 10000
  Maximum heap size: 0 out of 6000000
  Number of callouts: 0 out of 100
  Number of Email Invocations: 0 out of 10
  Number of future calls: 0 out of 50
  Number of queueable jobs added to the queue: 0 out of 50
  Number of Mobile Apex push calls: 0 out of 10

12:31:46.11 (11822568)|CUMULATIVE_LIMIT_USAGE_END

12:31:46.0 (11863215)|CODE_UNIT_FINISHED|AwesomeProductController.getProductByName
12:31:46.0 (18219182)|CODE_UNIT_STARTED|[EXTERNAL]|01p36000006TzBn|AwesomeProductController.getProducts
12:31:46.0 (18291040)|STATEMENT_EXECUTE|[3]
12:31:46.0 (18294794)|STATEMENT_EXECUTE|[4]
12:31:46.0 (18305997)|HEAP_ALLOCATE|[4]|Bytes:68
12:31:46.0 (18316539)|HEAP_ALLOCATE|[4]|Bytes:4
12:31:46.0 (18521447)|SOQL_EXECUTE_BEGIN|[4]|Aggregations:0|SELECT id, name, photo__c, description__c, points__c FROM product__c
12:31:46.0 (20855725)|SOQL_EXECUTE_END|[4]|Rows:2
12:31:46.0 (20871678)|HEAP_ALLOCATE|[4]|Bytes:12
12:31:46.0 (20894560)|HEAP_ALLOCATE|[4]|Bytes:435
12:31:46.0 (20913241)|HEAP_ALLOCATE|[4]|Bytes:12
12:31:46.20 (20981811)|CUMULATIVE_LIMIT_USAGE
12:31:46.20 (20981811)|LIMIT_USAGE_FOR_NS|(default)|
  Number of SOQL queries: 2 out of 100
  Number of query rows: 2 out of 50000
  Number of SOSL queries: 0 out of 20
  Number of DML statements: 0 out of 150
  Number of DML rows: 0 out of 10000
  Maximum CPU time: 0 out of 10000
  Maximum heap size: 0 out of 6000000
  Number of callouts: 0 out of 100
  Number of Email Invocations: 0 out of 10
  Number of future calls: 0 out of 50
  Number of queueable jobs added to the queue: 0 out of 50
  Number of Mobile Apex push calls: 0 out of 10

12:31:46.20 (20981811)|CUMULATIVE_LIMIT_USAGE_END

12:31:46.0 (21012459)|CODE_UNIT_FINISHED|AwesomeProductController.getProducts
