36.0 APEX_CODE,FINEST;APEX_PROFILING,INFO;CALLOUT,INFO;DB,INFO;SYSTEM,DEBUG;VALIDATION,INFO;VISUALFORCE,INFO;WORKFLOW,INFO
03:19:10.0 (458516)|EXECUTION_STARTED
03:19:10.0 (510714)|CODE_UNIT_STARTED|[EXTERNAL]|06636000002n6IF|VF: /apex/AccountTabWrap
03:19:10.0 (2660073)|CODE_UNIT_STARTED|[EXTERNAL]|01p360000074iI2|AccountTableWrapper <init>
03:19:10.0 (2678467)|SYSTEM_MODE_ENTER|true
03:19:10.0 (3274844)|HEAP_ALLOCATE|[72]|Bytes:3
03:19:10.0 (3338103)|HEAP_ALLOCATE|[77]|Bytes:152
03:19:10.0 (3360312)|HEAP_ALLOCATE|[342]|Bytes:408
03:19:10.0 (3380018)|HEAP_ALLOCATE|[355]|Bytes:408
03:19:10.0 (3398923)|HEAP_ALLOCATE|[467]|Bytes:48
03:19:10.0 (3444451)|HEAP_ALLOCATE|[139]|Bytes:6
03:19:10.0 (3473008)|HEAP_ALLOCATE|[EXTERNAL]|Bytes:24
03:19:10.0 (3477792)|HEAP_ALLOCATE|[EXTERNAL]|Bytes:120
03:19:10.0 (3480759)|HEAP_ALLOCATE|[EXTERNAL]|Bytes:15
03:19:10.0 (3499837)|METHOD_ENTRY|[1]|01p360000074iI2|AccountTableWrapper.AccountTableWrapper()
03:19:10.0 (3505983)|STATEMENT_EXECUTE|[1]
03:19:10.0 (3514456)|STATEMENT_EXECUTE|[1]
03:19:10.0 (3552151)|HEAP_ALLOCATE|[50]|Bytes:5
03:19:10.0 (3578024)|HEAP_ALLOCATE|[56]|Bytes:5
03:19:10.0 (3586737)|HEAP_ALLOCATE|[64]|Bytes:7
03:19:10.0 (3618317)|SYSTEM_MODE_ENTER|false
03:19:10.0 (3640558)|HEAP_ALLOCATE|[EXTERNAL]|Bytes:5
03:19:10.0 (3645652)|STATEMENT_EXECUTE|[68]
03:19:10.0 (3647564)|STATEMENT_EXECUTE|[86]
03:19:10.0 (3653749)|SYSTEM_MODE_EXIT|false
03:19:10.0 (3668412)|METHOD_EXIT|[1]|AccountTableWrapper
03:19:10.0 (4044645)|HEAP_ALLOCATE|[EXTERNAL]|Bytes:16
03:19:10.0 (4064996)|VARIABLE_SCOPE_BEGIN|[5]|this|AccountTableWrapper|true|false
03:19:10.0 (4153422)|VARIABLE_ASSIGNMENT|[5]|this|{}|0x20a56c0c
03:19:10.0 (4168461)|SYSTEM_MODE_ENTER|false
03:19:10.0 (4174001)|HEAP_ALLOCATE|[EXTERNAL]|Bytes:5
03:19:10.0 (4177934)|STATEMENT_EXECUTE|[1]
03:19:10.0 (4181138)|HEAP_ALLOCATE|[EXTERNAL]|Bytes:5
03:19:10.0 (4183013)|STATEMENT_EXECUTE|[2]
03:19:10.0 (4184716)|STATEMENT_EXECUTE|[3]
03:19:10.0 (4185894)|STATEMENT_EXECUTE|[4]
03:19:10.0 (4195797)|HEAP_ALLOCATE|[EXTERNAL]|Bytes:6
03:19:10.0 (4224640)|STATEMENT_EXECUTE|[5]
03:19:10.0 (4230687)|SYSTEM_MODE_EXIT|false
03:19:10.0 (4248887)|CODE_UNIT_FINISHED|AccountTableWrapper <init>
03:19:10.0 (4310539)|CODE_UNIT_STARTED|[EXTERNAL]|01p360000074iI2|AccountTableWrapper get(Accounts)
03:19:10.0 (4320466)|SYSTEM_MODE_ENTER|true
03:19:10.0 (4350616)|CODE_UNIT_STARTED|[EXTERNAL]|01p360000074iI2|AccountTableWrapper invoke(getAccounts)
03:19:10.0 (4395519)|HEAP_ALLOCATE|[EXTERNAL]|Bytes:16
03:19:10.0 (4407851)|VARIABLE_SCOPE_BEGIN|[9]|this|AccountTableWrapper|true|false
03:19:10.0 (4426977)|VARIABLE_ASSIGNMENT|[9]|this|{}|0x20a56c0c
03:19:10.0 (4444050)|SYSTEM_MODE_ENTER|false
03:19:10.0 (4449129)|HEAP_ALLOCATE|[11]|Bytes:5
03:19:10.0 (4453199)|STATEMENT_EXECUTE|[10]
03:19:10.0 (4518900)|VARIABLE_ASSIGNMENT|[EXTERNAL]|this|{}|0x20a56c0c
03:19:10.0 (4536349)|STATEMENT_EXECUTE|[12]
03:19:10.0 (4538069)|STATEMENT_EXECUTE|[13]
03:19:10.0 (4542059)|HEAP_ALLOCATE|[13]|Bytes:141
03:19:10.0 (4555929)|HEAP_ALLOCATE|[13]|Bytes:4
03:19:10.0 (5037532)|SOQL_EXECUTE_BEGIN|[13]|Aggregations:0|SELECT id, Name, BillingStreet, BillingCity, BillingPostalCode FROM Account WHERE (BillingCity != NULL AND BillingPostalCode != NULL) LIMIT 3
03:19:10.0 (9179102)|SOQL_EXECUTE_END|[13]|Rows:3
03:19:10.0 (9203793)|HEAP_ALLOCATE|[13]|Bytes:16
03:19:10.0 (9227828)|HEAP_ALLOCATE|[13]|Bytes:417
03:19:10.0 (9270167)|HEAP_ALLOCATE|[13]|Bytes:16
03:19:10.0 (9320908)|VARIABLE_ASSIGNMENT|[EXTERNAL]|this|{}|0x20a56c0c
03:19:10.0 (9379030)|VARIABLE_ASSIGNMENT|[EXTERNAL]|value|{"s":1,"v":[{"s":2,"v":{"Id":"0013600000CWofeAAD","Name":"Google inc","BillingStreet":"Green st.","BillingCity":"LA","BillingPostalCode":"442234"}},{"s":3,"v":{"Id":"00136000003VQw8AAG","Name":"Burlington Textiles  (15 more) ...","BillingStreet":"525 S. Lexington Ave","BillingCity":"Burlington","BillingPostalCode":"27215"}},{"s":4,"v":{"Id":"00136000003VQw9AAG","Name":"Pyramid Construction (5 more) ...","BillingStreet":"2 Place Jussieu","BillingCity":"Paris","BillingPostalCode":"75251"}}]}|0x6e14a260
03:19:10.0 (9416323)|VARIABLE_ASSIGNMENT|[2]|this.accs|{"s":1,"v":[{"s":2,"v":{"Id":"0013600000CWofeAAD","Name":"Google inc","BillingStreet":"Green st.","BillingCity":"LA","BillingPostalCode":"442234"}},{"s":3,"v":{"Id":"00136000003VQw8AAG","Name":"Burlington Textiles  (15 more) ...","BillingStreet":"525 S. Lexington Ave","BillingCity":"Burlington","BillingPostalCode":"27215"}},{"s":4,"v":{"Id":"00136000003VQw9AAG","Name":"Pyramid Construction (5 more) ...","BillingStreet":"2 Place Jussieu","BillingCity":"Paris","BillingPostalCode":"75251"}}]}|0x20a56c0c
03:19:10.0 (9428182)|STATEMENT_EXECUTE|[17]
03:19:10.0 (9476882)|VARIABLE_ASSIGNMENT|[EXTERNAL]|this|{"accs":"0x6e14a260"}|0x20a56c0c
03:19:10.0 (9492391)|SYSTEM_MODE_EXIT|false
03:19:10.0 (9504506)|CODE_UNIT_FINISHED|AccountTableWrapper invoke(getAccounts)
03:19:10.0 (9522716)|CODE_UNIT_FINISHED|AccountTableWrapper get(Accounts)
03:19:10.0 (9812487)|CODE_UNIT_STARTED|[EXTERNAL]|01p360000074iI2|AccountTableWrapper get(rowWrappers)
03:19:10.0 (9822994)|SYSTEM_MODE_ENTER|true
03:19:10.0 (9843955)|CODE_UNIT_STARTED|[EXTERNAL]|01p360000074iI2|AccountTableWrapper invoke(getrowWrappers)
03:19:10.0 (9884841)|HEAP_ALLOCATE|[EXTERNAL]|Bytes:16
03:19:10.0 (9897046)|VARIABLE_SCOPE_BEGIN|[21]|this|AccountTableWrapper|true|false
03:19:10.0 (9919959)|VARIABLE_ASSIGNMENT|[21]|this|{"accs":"0x6e14a260"}|0x20a56c0c
03:19:10.0 (9933765)|SYSTEM_MODE_ENTER|false
03:19:10.0 (9939383)|HEAP_ALLOCATE|[23]|Bytes:5
03:19:10.0 (9943405)|STATEMENT_EXECUTE|[22]
03:19:10.0 (10001741)|VARIABLE_ASSIGNMENT|[EXTERNAL]|this|{"accs":"0x6e14a260"}|0x20a56c0c
03:19:10.0 (10015122)|STATEMENT_EXECUTE|[24]
03:19:10.0 (10016959)|STATEMENT_EXECUTE|[25]
03:19:10.0 (10022901)|HEAP_ALLOCATE|[25]|Bytes:4
03:19:10.0 (10168848)|VARIABLE_ASSIGNMENT|[EXTERNAL]|this|{"accs":"0x6e14a260"}|0x20a56c0c
03:19:10.0 (10196364)|HEAP_ALLOCATE|[EXTERNAL]|Bytes:4
03:19:10.0 (10209039)|VARIABLE_ASSIGNMENT|[EXTERNAL]|value|{"s":1,"v":[]}|0x137ca2b
03:19:10.0 (10223880)|VARIABLE_ASSIGNMENT|[3]|this.rows|{"s":1,"v":[]}|0x20a56c0c
03:19:10.0 (10233215)|STATEMENT_EXECUTE|[28]
03:19:10.0 (10245225)|VARIABLE_SCOPE_BEGIN|[28]|idx|Integer|false|false
03:19:10.0 (10250390)|HEAP_ALLOCATE|[28]|Bytes:4
03:19:10.0 (10256523)|VARIABLE_ASSIGNMENT|[28]|idx|0
03:19:10.0 (10263012)|STATEMENT_EXECUTE|[29]
03:19:10.0 (10264366)|STATEMENT_EXECUTE|[30]
03:19:10.0 (10310944)|VARIABLE_ASSIGNMENT|[EXTERNAL]|this|{"accs":"0x6e14a260","rows":"0x137ca2b"}|0x20a56c0c
03:19:10.0 (10331150)|HEAP_ALLOCATE|[30]|Bytes:84
03:19:10.0 (10336491)|HEAP_ALLOCATE|[30]|Bytes:8
03:19:10.0 (10352382)|HEAP_ALLOCATE|[30]|Bytes:8
03:19:10.0 (10375411)|CONSTRUCTOR_ENTRY|[30]|01p360000074iI2|<init>()
03:19:10.0 (10394863)|VARIABLE_SCOPE_BEGIN|[74]|this|AccountTableWrapper.RowWrapper|true|false
03:19:10.0 (10413479)|VARIABLE_ASSIGNMENT|[74]|this|{}|0x28b3096
03:19:10.0 (10417952)|STATEMENT_EXECUTE|[68]
03:19:10.0 (10419337)|STATEMENT_EXECUTE|[71]
03:19:10.0 (10434141)|STATEMENT_EXECUTE|[75]
03:19:10.0 (10435698)|STATEMENT_EXECUTE|[76]
03:19:10.0 (10439826)|HEAP_ALLOCATE|[76]|Bytes:4
03:19:10.0 (10537218)|VARIABLE_ASSIGNMENT|[EXTERNAL]|this|{}|0x28b3096
03:19:10.0 (10567718)|HEAP_ALLOCATE|[EXTERNAL]|Bytes:4
03:19:10.0 (10579224)|VARIABLE_ASSIGNMENT|[EXTERNAL]|value|{"s":1,"v":[]}|0x7161aeef
03:19:10.0 (10593994)|VARIABLE_ASSIGNMENT|[71]|this.values|{"s":1,"v":[]}|0x28b3096
03:19:10.0 (10608007)|CONSTRUCTOR_EXIT|[30]|01p360000074iI2|<init>()
03:19:10.0 (10626167)|HEAP_ALLOCATE|[EXTERNAL]|Bytes:4
03:19:10.0 (10633391)|HEAP_ALLOCATE|[28]|Bytes:4
03:19:10.0 (10639832)|VARIABLE_ASSIGNMENT|[28]|idx|1
03:19:10.0 (10645299)|STATEMENT_EXECUTE|[29]
03:19:10.0 (10646718)|STATEMENT_EXECUTE|[30]
03:19:10.0 (10673360)|VARIABLE_ASSIGNMENT|[EXTERNAL]|this|{"accs":"0x6e14a260","rows":"0x137ca2b"}|0x20a56c0c
03:19:10.0 (10684625)|HEAP_ALLOCATE|[30]|Bytes:8
03:19:10.0 (10694036)|CONSTRUCTOR_ENTRY|[30]|01p360000074iI2|<init>()
03:19:10.0 (10700756)|VARIABLE_SCOPE_BEGIN|[74]|this|AccountTableWrapper.RowWrapper|true|false
03:19:10.0 (10715330)|VARIABLE_ASSIGNMENT|[74]|this|{}|0xa93a7d8
03:19:10.0 (10718743)|STATEMENT_EXECUTE|[68]
03:19:10.0 (10719923)|STATEMENT_EXECUTE|[71]
03:19:10.0 (10732410)|STATEMENT_EXECUTE|[75]
03:19:10.0 (10733912)|STATEMENT_EXECUTE|[76]
03:19:10.0 (10737270)|HEAP_ALLOCATE|[76]|Bytes:4
03:19:10.0 (10765567)|VARIABLE_ASSIGNMENT|[EXTERNAL]|this|{}|0xa93a7d8
03:19:10.0 (10781672)|HEAP_ALLOCATE|[EXTERNAL]|Bytes:4
03:19:10.0 (10792143)|VARIABLE_ASSIGNMENT|[EXTERNAL]|value|{"s":1,"v":[]}|0x5a5ddb9b
03:19:10.0 (10804556)|VARIABLE_ASSIGNMENT|[71]|this.values|{"s":1,"v":[]}|0xa93a7d8
03:19:10.0 (10817631)|CONSTRUCTOR_EXIT|[30]|01p360000074iI2|<init>()
03:19:10.0 (10828429)|HEAP_ALLOCATE|[EXTERNAL]|Bytes:4
03:19:10.0 (10834105)|HEAP_ALLOCATE|[28]|Bytes:4
03:19:10.0 (10840564)|VARIABLE_ASSIGNMENT|[28]|idx|2
03:19:10.0 (10845355)|STATEMENT_EXECUTE|[29]
03:19:10.0 (10846623)|STATEMENT_EXECUTE|[30]
03:19:10.0 (10871690)|VARIABLE_ASSIGNMENT|[EXTERNAL]|this|{"accs":"0x6e14a260","rows":"0x137ca2b"}|0x20a56c0c
03:19:10.0 (10882551)|HEAP_ALLOCATE|[30]|Bytes:8
03:19:10.0 (10891532)|CONSTRUCTOR_ENTRY|[30]|01p360000074iI2|<init>()
03:19:10.0 (10897932)|VARIABLE_SCOPE_BEGIN|[74]|this|AccountTableWrapper.RowWrapper|true|false
03:19:10.0 (10912323)|VARIABLE_ASSIGNMENT|[74]|this|{}|0x26b710e9
03:19:10.0 (10915842)|STATEMENT_EXECUTE|[68]
03:19:10.0 (10917048)|STATEMENT_EXECUTE|[71]
03:19:10.0 (10929027)|STATEMENT_EXECUTE|[75]
03:19:10.0 (10930465)|STATEMENT_EXECUTE|[76]
03:19:10.0 (10933710)|HEAP_ALLOCATE|[76]|Bytes:4
03:19:10.0 (10961588)|VARIABLE_ASSIGNMENT|[EXTERNAL]|this|{}|0x26b710e9
03:19:10.0 (10976654)|HEAP_ALLOCATE|[EXTERNAL]|Bytes:4
03:19:10.0 (10986888)|VARIABLE_ASSIGNMENT|[EXTERNAL]|value|{"s":1,"v":[]}|0x257f587d
03:19:10.0 (10998960)|VARIABLE_ASSIGNMENT|[71]|this.values|{"s":1,"v":[]}|0x26b710e9
03:19:10.0 (11011419)|CONSTRUCTOR_EXIT|[30]|01p360000074iI2|<init>()
03:19:10.0 (11022971)|HEAP_ALLOCATE|[EXTERNAL]|Bytes:4
03:19:10.0 (11028640)|HEAP_ALLOCATE|[28]|Bytes:4
03:19:10.0 (11034775)|VARIABLE_ASSIGNMENT|[28]|idx|3
03:19:10.0 (11043554)|STATEMENT_EXECUTE|[29]
03:19:10.0 (11044979)|STATEMENT_EXECUTE|[30]
03:19:10.0 (11070961)|VARIABLE_ASSIGNMENT|[EXTERNAL]|this|{"accs":"0x6e14a260","rows":"0x137ca2b"}|0x20a56c0c
03:19:10.0 (11081693)|HEAP_ALLOCATE|[30]|Bytes:8
03:19:10.0 (11090681)|CONSTRUCTOR_ENTRY|[30]|01p360000074iI2|<init>()
03:19:10.0 (11097129)|VARIABLE_SCOPE_BEGIN|[74]|this|AccountTableWrapper.RowWrapper|true|false
03:19:10.0 (11111471)|VARIABLE_ASSIGNMENT|[74]|this|{}|0x3245866d
03:19:10.0 (11114735)|STATEMENT_EXECUTE|[68]
03:19:10.0 (11115861)|STATEMENT_EXECUTE|[71]
03:19:10.0 (11127493)|STATEMENT_EXECUTE|[75]
03:19:10.0 (11128956)|STATEMENT_EXECUTE|[76]
03:19:10.0 (11132255)|HEAP_ALLOCATE|[76]|Bytes:4
03:19:10.0 (11164292)|VARIABLE_ASSIGNMENT|[EXTERNAL]|this|{}|0x3245866d
03:19:10.0 (11179532)|HEAP_ALLOCATE|[EXTERNAL]|Bytes:4
03:19:10.0 (11189804)|VARIABLE_ASSIGNMENT|[EXTERNAL]|value|{"s":1,"v":[]}|0x67002bd
03:19:10.0 (11201755)|VARIABLE_ASSIGNMENT|[71]|this.values|{"s":1,"v":[]}|0x3245866d
03:19:10.0 (11214668)|CONSTRUCTOR_EXIT|[30]|01p360000074iI2|<init>()
03:19:10.0 (11225043)|HEAP_ALLOCATE|[EXTERNAL]|Bytes:4
03:19:10.0 (11230400)|HEAP_ALLOCATE|[28]|Bytes:4
03:19:10.0 (11236381)|VARIABLE_ASSIGNMENT|[28]|idx|4
03:19:10.0 (11242240)|STATEMENT_EXECUTE|[34]
03:19:10.0 (11248809)|VARIABLE_SCOPE_BEGIN|[34]|idx|Integer|false|false
03:19:10.0 (11252172)|HEAP_ALLOCATE|[34]|Bytes:4
03:19:10.0 (11256626)|VARIABLE_ASSIGNMENT|[34]|idx|0
03:19:10.0 (11275409)|METHOD_ENTRY|[34]|01p360000074iI2|AccountTableWrapper.getAccounts()
03:19:10.0 (11300678)|VARIABLE_SCOPE_BEGIN|[9]|this|AccountTableWrapper|true|false
03:19:10.0 (11322280)|VARIABLE_ASSIGNMENT|[9]|this|{"accs":"0x6e14a260","rows":"0x137ca2b"}|0x20a56c0c
03:19:10.0 (11331122)|HEAP_ALLOCATE|[11]|Bytes:5
03:19:10.0 (11334576)|STATEMENT_EXECUTE|[10]
03:19:10.0 (11359033)|VARIABLE_ASSIGNMENT|[EXTERNAL]|this|{"accs":"0x6e14a260","rows":"0x137ca2b"}|0x20a56c0c
03:19:10.0 (11367482)|STATEMENT_EXECUTE|[11]
03:19:10.0 (11369009)|STATEMENT_EXECUTE|[17]
03:19:10.0 (11388380)|VARIABLE_ASSIGNMENT|[EXTERNAL]|this|{"accs":"0x6e14a260","rows":"0x137ca2b"}|0x20a56c0c
03:19:10.0 (11399422)|METHOD_EXIT|[34]|01p360000074iI2|AccountTableWrapper.getAccounts()
03:19:10.0 (11449769)|STATEMENT_EXECUTE|[35]
03:19:10.0 (11452337)|STATEMENT_EXECUTE|[36]
03:19:10.0 (11497095)|VARIABLE_ASSIGNMENT|[EXTERNAL]|this|{"accs":"0x6e14a260","rows":"0x137ca2b"}|0x20a56c0c
03:19:10.0 (11514888)|HEAP_ALLOCATE|[36]|Bytes:8
03:19:10.0 (11524529)|METHOD_ENTRY|[36]|01p360000074iI2|AccountTableWrapper.getAccounts()
03:19:10.0 (11531545)|VARIABLE_SCOPE_BEGIN|[9]|this|AccountTableWrapper|true|false
03:19:10.0 (11549982)|VARIABLE_ASSIGNMENT|[9]|this|{"accs":"0x6e14a260","rows":"0x137ca2b"}|0x20a56c0c
03:19:10.0 (11557949)|HEAP_ALLOCATE|[11]|Bytes:5
03:19:10.0 (11561432)|STATEMENT_EXECUTE|[10]
03:19:10.0 (11584598)|VARIABLE_ASSIGNMENT|[EXTERNAL]|this|{"accs":"0x6e14a260","rows":"0x137ca2b"}|0x20a56c0c
03:19:10.0 (11592716)|STATEMENT_EXECUTE|[11]
03:19:10.0 (11594187)|STATEMENT_EXECUTE|[17]
03:19:10.0 (11613381)|VARIABLE_ASSIGNMENT|[EXTERNAL]|this|{"accs":"0x6e14a260","rows":"0x137ca2b"}|0x20a56c0c
03:19:10.0 (11624212)|METHOD_EXIT|[36]|01p360000074iI2|AccountTableWrapper.getAccounts()
03:19:10.0 (11651354)|HEAP_ALLOCATE|[36]|Bytes:24
03:19:10.0 (11700977)|METHOD_ENTRY|[36]|01p360000074iI2|AccountTableWrapper.RowWrapper.addValue(String)
03:19:10.0 (11716335)|VARIABLE_SCOPE_BEGIN|[80]|this|AccountTableWrapper.RowWrapper|true|false
03:19:10.0 (11734374)|VARIABLE_ASSIGNMENT|[80]|this|{"values":"0x7161aeef"}|0x28b3096
03:19:10.0 (11741978)|VARIABLE_SCOPE_BEGIN|[80]|value|String|false|false
03:19:10.0 (11746521)|VARIABLE_ASSIGNMENT|[80]|value|"Google inc"
03:19:10.0 (11750600)|STATEMENT_EXECUTE|[81]
03:19:10.0 (11751975)|STATEMENT_EXECUTE|[82]
03:19:10.0 (11805267)|VARIABLE_ASSIGNMENT|[EXTERNAL]|this|{"values":"0x7161aeef"}|0x28b3096
03:19:10.0 (11826343)|HEAP_ALLOCATE|[EXTERNAL]|Bytes:4
03:19:10.0 (11835074)|METHOD_EXIT|[36]|01p360000074iI2|AccountTableWrapper.RowWrapper.addValue(String)
03:19:10.0 (11838539)|STATEMENT_EXECUTE|[37]
03:19:10.0 (11881499)|VARIABLE_ASSIGNMENT|[EXTERNAL]|this|{"accs":"0x6e14a260","rows":"0x137ca2b"}|0x20a56c0c
03:19:10.0 (11896660)|HEAP_ALLOCATE|[37]|Bytes:8
03:19:10.0 (11905748)|METHOD_ENTRY|[37]|01p360000074iI2|AccountTableWrapper.getAccounts()
03:19:10.0 (11915558)|VARIABLE_SCOPE_BEGIN|[9]|this|AccountTableWrapper|true|false
03:19:10.0 (11934690)|VARIABLE_ASSIGNMENT|[9]|this|{"accs":"0x6e14a260","rows":"0x137ca2b"}|0x20a56c0c
03:19:10.0 (11942874)|HEAP_ALLOCATE|[11]|Bytes:5
03:19:10.0 (11946443)|STATEMENT_EXECUTE|[10]
03:19:10.0 (11969688)|VARIABLE_ASSIGNMENT|[EXTERNAL]|this|{"accs":"0x6e14a260","rows":"0x137ca2b"}|0x20a56c0c
03:19:10.0 (11977741)|STATEMENT_EXECUTE|[11]
03:19:10.0 (11979528)|STATEMENT_EXECUTE|[17]
03:19:10.0 (11998682)|VARIABLE_ASSIGNMENT|[EXTERNAL]|this|{"accs":"0x6e14a260","rows":"0x137ca2b"}|0x20a56c0c
03:19:10.0 (12009432)|METHOD_EXIT|[37]|01p360000074iI2|AccountTableWrapper.getAccounts()
03:19:10.0 (12018808)|HEAP_ALLOCATE|[37]|Bytes:24
03:19:10.0 (12055352)|METHOD_ENTRY|[37]|01p360000074iI2|AccountTableWrapper.RowWrapper.addValue(String)
03:19:10.0 (12063596)|VARIABLE_SCOPE_BEGIN|[80]|this|AccountTableWrapper.RowWrapper|true|false
03:19:10.0 (12081145)|VARIABLE_ASSIGNMENT|[80]|this|{"values":"0x5a5ddb9b"}|0xa93a7d8
03:19:10.0 (12086174)|VARIABLE_SCOPE_BEGIN|[80]|value|String|false|false
03:19:10.0 (12090310)|VARIABLE_ASSIGNMENT|[80]|value|"Green st."
03:19:10.0 (12093648)|STATEMENT_EXECUTE|[81]
03:19:10.0 (12094872)|STATEMENT_EXECUTE|[82]
03:19:10.0 (12113947)|VARIABLE_ASSIGNMENT|[EXTERNAL]|this|{"values":"0x5a5ddb9b"}|0xa93a7d8
03:19:10.0 (12128899)|HEAP_ALLOCATE|[EXTERNAL]|Bytes:4
03:19:10.0 (12136798)|METHOD_EXIT|[37]|01p360000074iI2|AccountTableWrapper.RowWrapper.addValue(String)
03:19:10.0 (12139870)|STATEMENT_EXECUTE|[38]
03:19:10.0 (12182847)|VARIABLE_ASSIGNMENT|[EXTERNAL]|this|{"accs":"0x6e14a260","rows":"0x137ca2b"}|0x20a56c0c
03:19:10.0 (12198894)|HEAP_ALLOCATE|[38]|Bytes:8
03:19:10.0 (12208212)|METHOD_ENTRY|[38]|01p360000074iI2|AccountTableWrapper.getAccounts()
03:19:10.0 (12215076)|VARIABLE_SCOPE_BEGIN|[9]|this|AccountTableWrapper|true|false
03:19:10.0 (12233902)|VARIABLE_ASSIGNMENT|[9]|this|{"accs":"0x6e14a260","rows":"0x137ca2b"}|0x20a56c0c
03:19:10.0 (12241829)|HEAP_ALLOCATE|[11]|Bytes:5
03:19:10.0 (12245260)|STATEMENT_EXECUTE|[10]
03:19:10.0 (12268055)|VARIABLE_ASSIGNMENT|[EXTERNAL]|this|{"accs":"0x6e14a260","rows":"0x137ca2b"}|0x20a56c0c
03:19:10.0 (12275970)|STATEMENT_EXECUTE|[11]
03:19:10.0 (12277447)|STATEMENT_EXECUTE|[17]
03:19:10.0 (12296624)|VARIABLE_ASSIGNMENT|[EXTERNAL]|this|{"accs":"0x6e14a260","rows":"0x137ca2b"}|0x20a56c0c
03:19:10.0 (12307202)|METHOD_EXIT|[38]|01p360000074iI2|AccountTableWrapper.getAccounts()
03:19:10.0 (12315796)|HEAP_ALLOCATE|[38]|Bytes:24
03:19:10.0 (12346593)|METHOD_ENTRY|[38]|01p360000074iI2|AccountTableWrapper.RowWrapper.addValue(String)
03:19:10.0 (12354265)|VARIABLE_SCOPE_BEGIN|[80]|this|AccountTableWrapper.RowWrapper|true|false
03:19:10.0 (12371578)|VARIABLE_ASSIGNMENT|[80]|this|{"values":"0x257f587d"}|0x26b710e9
03:19:10.0 (12376598)|VARIABLE_SCOPE_BEGIN|[80]|value|String|false|false
03:19:10.0 (12380682)|VARIABLE_ASSIGNMENT|[80]|value|"LA"
03:19:10.0 (12384061)|STATEMENT_EXECUTE|[81]
03:19:10.0 (12385276)|STATEMENT_EXECUTE|[82]
03:19:10.0 (12404171)|VARIABLE_ASSIGNMENT|[EXTERNAL]|this|{"values":"0x257f587d"}|0x26b710e9
03:19:10.0 (12419179)|HEAP_ALLOCATE|[EXTERNAL]|Bytes:4
03:19:10.0 (12426923)|METHOD_EXIT|[38]|01p360000074iI2|AccountTableWrapper.RowWrapper.addValue(String)
03:19:10.0 (12430141)|STATEMENT_EXECUTE|[39]
03:19:10.0 (12473470)|VARIABLE_ASSIGNMENT|[EXTERNAL]|this|{"accs":"0x6e14a260","rows":"0x137ca2b"}|0x20a56c0c
03:19:10.0 (12488817)|HEAP_ALLOCATE|[39]|Bytes:8
03:19:10.0 (12497660)|METHOD_ENTRY|[39]|01p360000074iI2|AccountTableWrapper.getAccounts()
03:19:10.0 (12504328)|VARIABLE_SCOPE_BEGIN|[9]|this|AccountTableWrapper|true|false
03:19:10.0 (12522761)|VARIABLE_ASSIGNMENT|[9]|this|{"accs":"0x6e14a260","rows":"0x137ca2b"}|0x20a56c0c
03:19:10.0 (12530607)|HEAP_ALLOCATE|[11]|Bytes:5
03:19:10.0 (12533903)|STATEMENT_EXECUTE|[10]
03:19:10.0 (12557441)|VARIABLE_ASSIGNMENT|[EXTERNAL]|this|{"accs":"0x6e14a260","rows":"0x137ca2b"}|0x20a56c0c
03:19:10.0 (12565446)|STATEMENT_EXECUTE|[11]
03:19:10.0 (12566929)|STATEMENT_EXECUTE|[17]
03:19:10.0 (12586211)|VARIABLE_ASSIGNMENT|[EXTERNAL]|this|{"accs":"0x6e14a260","rows":"0x137ca2b"}|0x20a56c0c
03:19:10.0 (12597139)|METHOD_EXIT|[39]|01p360000074iI2|AccountTableWrapper.getAccounts()
03:19:10.0 (12605322)|HEAP_ALLOCATE|[39]|Bytes:24
03:19:10.0 (12634966)|METHOD_ENTRY|[39]|01p360000074iI2|AccountTableWrapper.RowWrapper.addValue(String)
03:19:10.0 (12642653)|VARIABLE_SCOPE_BEGIN|[80]|this|AccountTableWrapper.RowWrapper|true|false
03:19:10.0 (12660166)|VARIABLE_ASSIGNMENT|[80]|this|{"values":"0x67002bd"}|0x3245866d
03:19:10.0 (12665175)|VARIABLE_SCOPE_BEGIN|[80]|value|String|false|false
03:19:10.0 (12669062)|VARIABLE_ASSIGNMENT|[80]|value|"442234"
03:19:10.0 (12672448)|STATEMENT_EXECUTE|[81]
03:19:10.0 (12673702)|STATEMENT_EXECUTE|[82]
03:19:10.0 (12692493)|VARIABLE_ASSIGNMENT|[EXTERNAL]|this|{"values":"0x67002bd"}|0x3245866d
03:19:10.0 (12707037)|HEAP_ALLOCATE|[EXTERNAL]|Bytes:4
03:19:10.0 (12714878)|METHOD_EXIT|[39]|01p360000074iI2|AccountTableWrapper.RowWrapper.addValue(String)
03:19:10.0 (12718518)|HEAP_ALLOCATE|[34]|Bytes:4
03:19:10.0 (12724664)|VARIABLE_ASSIGNMENT|[34]|idx|1
03:19:10.0 (12731343)|METHOD_ENTRY|[34]|01p360000074iI2|AccountTableWrapper.getAccounts()
03:19:10.0 (12737533)|VARIABLE_SCOPE_BEGIN|[9]|this|AccountTableWrapper|true|false
03:19:10.0 (12755537)|VARIABLE_ASSIGNMENT|[9]|this|{"accs":"0x6e14a260","rows":"0x137ca2b"}|0x20a56c0c
03:19:10.0 (12763290)|HEAP_ALLOCATE|[11]|Bytes:5
03:19:10.0 (12766462)|STATEMENT_EXECUTE|[10]
03:19:10.0 (12789653)|VARIABLE_ASSIGNMENT|[EXTERNAL]|this|{"accs":"0x6e14a260","rows":"0x137ca2b"}|0x20a56c0c
03:19:10.0 (12797633)|STATEMENT_EXECUTE|[11]
03:19:10.0 (12799417)|STATEMENT_EXECUTE|[17]
03:19:10.0 (12818477)|VARIABLE_ASSIGNMENT|[EXTERNAL]|this|{"accs":"0x6e14a260","rows":"0x137ca2b"}|0x20a56c0c
03:19:10.0 (12828979)|METHOD_EXIT|[34]|01p360000074iI2|AccountTableWrapper.getAccounts()
03:19:10.0 (12839152)|STATEMENT_EXECUTE|[35]
03:19:10.0 (12840634)|STATEMENT_EXECUTE|[36]
03:19:10.0 (12862281)|VARIABLE_ASSIGNMENT|[EXTERNAL]|this|{"accs":"0x6e14a260","rows":"0x137ca2b"}|0x20a56c0c
03:19:10.0 (12873909)|HEAP_ALLOCATE|[36]|Bytes:8
03:19:10.0 (12880460)|METHOD_ENTRY|[36]|01p360000074iI2|AccountTableWrapper.getAccounts()
03:19:10.0 (12886865)|VARIABLE_SCOPE_BEGIN|[9]|this|AccountTableWrapper|true|false
03:19:10.0 (12903701)|VARIABLE_ASSIGNMENT|[9]|this|{"accs":"0x6e14a260","rows":"0x137ca2b"}|0x20a56c0c
03:19:10.0 (12910992)|HEAP_ALLOCATE|[11]|Bytes:5
03:19:10.0 (12914077)|STATEMENT_EXECUTE|[10]
03:19:10.0 (12936598)|VARIABLE_ASSIGNMENT|[EXTERNAL]|this|{"accs":"0x6e14a260","rows":"0x137ca2b"}|0x20a56c0c
03:19:10.0 (12944398)|STATEMENT_EXECUTE|[11]
03:19:10.0 (12945867)|STATEMENT_EXECUTE|[17]
03:19:10.0 (12964720)|VARIABLE_ASSIGNMENT|[EXTERNAL]|this|{"accs":"0x6e14a260","rows":"0x137ca2b"}|0x20a56c0c
03:19:10.0 (12975264)|METHOD_EXIT|[36]|01p360000074iI2|AccountTableWrapper.getAccounts()
03:19:10.0 (12990142)|HEAP_ALLOCATE|[36]|Bytes:24
03:19:10.0 (13006515)|METHOD_ENTRY|[36]|01p360000074iI2|AccountTableWrapper.RowWrapper.addValue(String)
03:19:10.0 (13014954)|VARIABLE_SCOPE_BEGIN|[80]|this|AccountTableWrapper.RowWrapper|true|false
03:19:10.0 (13031769)|VARIABLE_ASSIGNMENT|[80]|this|{"values":"0x7161aeef"}|0x28b3096
03:19:10.0 (13040605)|VARIABLE_SCOPE_BEGIN|[80]|value|String|false|false
03:19:10.0 (13046582)|VARIABLE_ASSIGNMENT|[80]|value|"Burlington Textiles  (15 more) ..."
03:19:10.0 (13050086)|STATEMENT_EXECUTE|[81]
03:19:10.0 (13051321)|STATEMENT_EXECUTE|[82]
03:19:10.0 (13072008)|VARIABLE_ASSIGNMENT|[EXTERNAL]|this|{"values":"0x7161aeef"}|0x28b3096
03:19:10.0 (13086526)|HEAP_ALLOCATE|[EXTERNAL]|Bytes:4
03:19:10.0 (13094148)|METHOD_EXIT|[36]|01p360000074iI2|AccountTableWrapper.RowWrapper.addValue(String)
03:19:10.0 (13097231)|STATEMENT_EXECUTE|[37]
03:19:10.0 (13120508)|VARIABLE_ASSIGNMENT|[EXTERNAL]|this|{"accs":"0x6e14a260","rows":"0x137ca2b"}|0x20a56c0c
03:19:10.0 (13132518)|HEAP_ALLOCATE|[37]|Bytes:8
03:19:10.0 (13139276)|METHOD_ENTRY|[37]|01p360000074iI2|AccountTableWrapper.getAccounts()
03:19:10.0 (13145688)|VARIABLE_SCOPE_BEGIN|[9]|this|AccountTableWrapper|true|false
03:19:10.0 (13163075)|VARIABLE_ASSIGNMENT|[9]|this|{"accs":"0x6e14a260","rows":"0x137ca2b"}|0x20a56c0c
03:19:10.0 (13170461)|HEAP_ALLOCATE|[11]|Bytes:5
03:19:10.0 (13174005)|STATEMENT_EXECUTE|[10]
03:19:10.0 (13197005)|VARIABLE_ASSIGNMENT|[EXTERNAL]|this|{"accs":"0x6e14a260","rows":"0x137ca2b"}|0x20a56c0c
03:19:10.0 (13204761)|STATEMENT_EXECUTE|[11]
03:19:10.0 (13206270)|STATEMENT_EXECUTE|[17]
03:19:10.0 (13225212)|VARIABLE_ASSIGNMENT|[EXTERNAL]|this|{"accs":"0x6e14a260","rows":"0x137ca2b"}|0x20a56c0c
03:19:10.0 (13235866)|METHOD_EXIT|[37]|01p360000074iI2|AccountTableWrapper.getAccounts()
03:19:10.0 (13242895)|HEAP_ALLOCATE|[37]|Bytes:24
03:19:10.0 (13256531)|METHOD_ENTRY|[37]|01p360000074iI2|AccountTableWrapper.RowWrapper.addValue(String)
03:19:10.0 (13263097)|VARIABLE_SCOPE_BEGIN|[80]|this|AccountTableWrapper.RowWrapper|true|false
03:19:10.0 (13279047)|VARIABLE_ASSIGNMENT|[80]|this|{"values":"0x5a5ddb9b"}|0xa93a7d8
03:19:10.0 (13283904)|VARIABLE_SCOPE_BEGIN|[80]|value|String|false|false
03:19:10.0 (13288197)|VARIABLE_ASSIGNMENT|[80]|value|"525 S. Lexington Ave"
03:19:10.0 (13291378)|STATEMENT_EXECUTE|[81]
03:19:10.0 (13292548)|STATEMENT_EXECUTE|[82]
03:19:10.0 (13311111)|VARIABLE_ASSIGNMENT|[EXTERNAL]|this|{"values":"0x5a5ddb9b"}|0xa93a7d8
03:19:10.0 (13324917)|HEAP_ALLOCATE|[EXTERNAL]|Bytes:4
03:19:10.0 (13332376)|METHOD_EXIT|[37]|01p360000074iI2|AccountTableWrapper.RowWrapper.addValue(String)
03:19:10.0 (13335451)|STATEMENT_EXECUTE|[38]
03:19:10.0 (13358552)|VARIABLE_ASSIGNMENT|[EXTERNAL]|this|{"accs":"0x6e14a260","rows":"0x137ca2b"}|0x20a56c0c
03:19:10.0 (13371561)|HEAP_ALLOCATE|[38]|Bytes:8
03:19:10.0 (13378314)|METHOD_ENTRY|[38]|01p360000074iI2|AccountTableWrapper.getAccounts()
03:19:10.0 (13384660)|VARIABLE_SCOPE_BEGIN|[9]|this|AccountTableWrapper|true|false
03:19:10.0 (13402221)|VARIABLE_ASSIGNMENT|[9]|this|{"accs":"0x6e14a260","rows":"0x137ca2b"}|0x20a56c0c
03:19:10.0 (13409500)|HEAP_ALLOCATE|[11]|Bytes:5
03:19:10.0 (13412690)|STATEMENT_EXECUTE|[10]
03:19:10.0 (13435280)|VARIABLE_ASSIGNMENT|[EXTERNAL]|this|{"accs":"0x6e14a260","rows":"0x137ca2b"}|0x20a56c0c
03:19:10.0 (13443017)|STATEMENT_EXECUTE|[11]
03:19:10.0 (13444512)|STATEMENT_EXECUTE|[17]
03:19:10.0 (13463260)|VARIABLE_ASSIGNMENT|[EXTERNAL]|this|{"accs":"0x6e14a260","rows":"0x137ca2b"}|0x20a56c0c
03:19:10.0 (13473728)|METHOD_EXIT|[38]|01p360000074iI2|AccountTableWrapper.getAccounts()
03:19:10.0 (13480537)|HEAP_ALLOCATE|[38]|Bytes:24
03:19:10.0 (13494441)|METHOD_ENTRY|[38]|01p360000074iI2|AccountTableWrapper.RowWrapper.addValue(String)
03:19:10.0 (13501206)|VARIABLE_SCOPE_BEGIN|[80]|this|AccountTableWrapper.RowWrapper|true|false
03:19:10.0 (13517135)|VARIABLE_ASSIGNMENT|[80]|this|{"values":"0x257f587d"}|0x26b710e9
03:19:10.0 (13521877)|VARIABLE_SCOPE_BEGIN|[80]|value|String|false|false
03:19:10.0 (13526344)|VARIABLE_ASSIGNMENT|[80]|value|"Burlington"
03:19:10.0 (13529447)|STATEMENT_EXECUTE|[81]
03:19:10.0 (13530640)|STATEMENT_EXECUTE|[82]
03:19:10.0 (13549522)|VARIABLE_ASSIGNMENT|[EXTERNAL]|this|{"values":"0x257f587d"}|0x26b710e9
03:19:10.0 (13563528)|HEAP_ALLOCATE|[EXTERNAL]|Bytes:4
03:19:10.0 (13571019)|METHOD_EXIT|[38]|01p360000074iI2|AccountTableWrapper.RowWrapper.addValue(String)
03:19:10.0 (13574078)|STATEMENT_EXECUTE|[39]
03:19:10.0 (13596645)|VARIABLE_ASSIGNMENT|[EXTERNAL]|this|{"accs":"0x6e14a260","rows":"0x137ca2b"}|0x20a56c0c
03:19:10.0 (13608979)|HEAP_ALLOCATE|[39]|Bytes:8
03:19:10.0 (13615517)|METHOD_ENTRY|[39]|01p360000074iI2|AccountTableWrapper.getAccounts()
03:19:10.0 (13621893)|VARIABLE_SCOPE_BEGIN|[9]|this|AccountTableWrapper|true|false
03:19:10.0 (13638807)|VARIABLE_ASSIGNMENT|[9]|this|{"accs":"0x6e14a260","rows":"0x137ca2b"}|0x20a56c0c
03:19:10.0 (13645961)|HEAP_ALLOCATE|[11]|Bytes:5
03:19:10.0 (13649137)|STATEMENT_EXECUTE|[10]
03:19:10.0 (13671680)|VARIABLE_ASSIGNMENT|[EXTERNAL]|this|{"accs":"0x6e14a260","rows":"0x137ca2b"}|0x20a56c0c
03:19:10.0 (13679561)|STATEMENT_EXECUTE|[11]
03:19:10.0 (13681045)|STATEMENT_EXECUTE|[17]
03:19:10.0 (13700192)|VARIABLE_ASSIGNMENT|[EXTERNAL]|this|{"accs":"0x6e14a260","rows":"0x137ca2b"}|0x20a56c0c
03:19:10.0 (13710691)|METHOD_EXIT|[39]|01p360000074iI2|AccountTableWrapper.getAccounts()
03:19:10.0 (13717663)|HEAP_ALLOCATE|[39]|Bytes:24
03:19:10.0 (13731100)|METHOD_ENTRY|[39]|01p360000074iI2|AccountTableWrapper.RowWrapper.addValue(String)
03:19:10.0 (13737655)|VARIABLE_SCOPE_BEGIN|[80]|this|AccountTableWrapper.RowWrapper|true|false
03:19:10.0 (13753468)|VARIABLE_ASSIGNMENT|[80]|this|{"values":"0x67002bd"}|0x3245866d
03:19:10.0 (13758324)|VARIABLE_SCOPE_BEGIN|[80]|value|String|false|false
03:19:10.0 (13762191)|VARIABLE_ASSIGNMENT|[80]|value|"27215"
03:19:10.0 (13765306)|STATEMENT_EXECUTE|[81]
03:19:10.0 (13766522)|STATEMENT_EXECUTE|[82]
03:19:10.0 (13785082)|VARIABLE_ASSIGNMENT|[EXTERNAL]|this|{"values":"0x67002bd"}|0x3245866d
03:19:10.0 (13799346)|HEAP_ALLOCATE|[EXTERNAL]|Bytes:4
03:19:10.0 (13806744)|METHOD_EXIT|[39]|01p360000074iI2|AccountTableWrapper.RowWrapper.addValue(String)
03:19:10.0 (13810125)|HEAP_ALLOCATE|[34]|Bytes:4
03:19:10.0 (13816092)|VARIABLE_ASSIGNMENT|[34]|idx|2
03:19:10.0 (13822285)|METHOD_ENTRY|[34]|01p360000074iI2|AccountTableWrapper.getAccounts()
03:19:10.0 (13828346)|VARIABLE_SCOPE_BEGIN|[9]|this|AccountTableWrapper|true|false
03:19:10.0 (13846243)|VARIABLE_ASSIGNMENT|[9]|this|{"accs":"0x6e14a260","rows":"0x137ca2b"}|0x20a56c0c
03:19:10.0 (13854418)|HEAP_ALLOCATE|[11]|Bytes:5
03:19:10.0 (13857647)|STATEMENT_EXECUTE|[10]
03:19:10.0 (13880869)|VARIABLE_ASSIGNMENT|[EXTERNAL]|this|{"accs":"0x6e14a260","rows":"0x137ca2b"}|0x20a56c0c
03:19:10.0 (13888805)|STATEMENT_EXECUTE|[11]
03:19:10.0 (13890289)|STATEMENT_EXECUTE|[17]
03:19:10.0 (13909335)|VARIABLE_ASSIGNMENT|[EXTERNAL]|this|{"accs":"0x6e14a260","rows":"0x137ca2b"}|0x20a56c0c
03:19:10.0 (13919874)|METHOD_EXIT|[34]|01p360000074iI2|AccountTableWrapper.getAccounts()
03:19:10.0 (13929857)|STATEMENT_EXECUTE|[35]
03:19:10.0 (13931315)|STATEMENT_EXECUTE|[36]
03:19:10.0 (13952385)|VARIABLE_ASSIGNMENT|[EXTERNAL]|this|{"accs":"0x6e14a260","rows":"0x137ca2b"}|0x20a56c0c
03:19:10.0 (13963827)|HEAP_ALLOCATE|[36]|Bytes:8
03:19:10.0 (13970267)|METHOD_ENTRY|[36]|01p360000074iI2|AccountTableWrapper.getAccounts()
03:19:10.0 (13976351)|VARIABLE_SCOPE_BEGIN|[9]|this|AccountTableWrapper|true|false
03:19:10.0 (13993493)|VARIABLE_ASSIGNMENT|[9]|this|{"accs":"0x6e14a260","rows":"0x137ca2b"}|0x20a56c0c
03:19:10.0 (14000570)|HEAP_ALLOCATE|[11]|Bytes:5
03:19:10.0 (14004495)|STATEMENT_EXECUTE|[10]
03:19:10.0 (14027312)|VARIABLE_ASSIGNMENT|[EXTERNAL]|this|{"accs":"0x6e14a260","rows":"0x137ca2b"}|0x20a56c0c
03:19:10.0 (14035780)|STATEMENT_EXECUTE|[11]
03:19:10.0 (14041518)|STATEMENT_EXECUTE|[17]
03:19:10.0 (14062352)|VARIABLE_ASSIGNMENT|[EXTERNAL]|this|{"accs":"0x6e14a260","rows":"0x137ca2b"}|0x20a56c0c
03:19:10.0 (14073722)|METHOD_EXIT|[36]|01p360000074iI2|AccountTableWrapper.getAccounts()
03:19:10.0 (14089058)|HEAP_ALLOCATE|[36]|Bytes:24
03:19:10.0 (14104989)|METHOD_ENTRY|[36]|01p360000074iI2|AccountTableWrapper.RowWrapper.addValue(String)
03:19:10.0 (14111914)|VARIABLE_SCOPE_BEGIN|[80]|this|AccountTableWrapper.RowWrapper|true|false
03:19:10.0 (14128425)|VARIABLE_ASSIGNMENT|[80]|this|{"values":"0x7161aeef"}|0x28b3096
03:19:10.0 (14133336)|VARIABLE_SCOPE_BEGIN|[80]|value|String|false|false
03:19:10.0 (14138581)|VARIABLE_ASSIGNMENT|[80]|value|"Pyramid Construction (5 more) ..."
03:19:10.0 (14141858)|STATEMENT_EXECUTE|[81]
03:19:10.0 (14143040)|STATEMENT_EXECUTE|[82]
03:19:10.0 (14162430)|VARIABLE_ASSIGNMENT|[EXTERNAL]|this|{"values":"0x7161aeef"}|0x28b3096
03:19:10.0 (14176787)|HEAP_ALLOCATE|[EXTERNAL]|Bytes:4
03:19:10.0 (14184234)|METHOD_EXIT|[36]|01p360000074iI2|AccountTableWrapper.RowWrapper.addValue(String)
03:19:10.0 (14187283)|STATEMENT_EXECUTE|[37]
03:19:10.0 (14209887)|VARIABLE_ASSIGNMENT|[EXTERNAL]|this|{"accs":"0x6e14a260","rows":"0x137ca2b"}|0x20a56c0c
03:19:10.0 (14222035)|HEAP_ALLOCATE|[37]|Bytes:8
03:19:10.0 (14228987)|METHOD_ENTRY|[37]|01p360000074iI2|AccountTableWrapper.getAccounts()
03:19:10.0 (14235361)|VARIABLE_SCOPE_BEGIN|[9]|this|AccountTableWrapper|true|false
03:19:10.0 (14252510)|VARIABLE_ASSIGNMENT|[9]|this|{"accs":"0x6e14a260","rows":"0x137ca2b"}|0x20a56c0c
03:19:10.0 (14259884)|HEAP_ALLOCATE|[11]|Bytes:5
03:19:10.0 (14263106)|STATEMENT_EXECUTE|[10]
03:19:10.0 (14285914)|VARIABLE_ASSIGNMENT|[EXTERNAL]|this|{"accs":"0x6e14a260","rows":"0x137ca2b"}|0x20a56c0c
03:19:10.0 (14297396)|STATEMENT_EXECUTE|[11]
03:19:10.0 (14298920)|STATEMENT_EXECUTE|[17]
03:19:10.0 (14318756)|VARIABLE_ASSIGNMENT|[EXTERNAL]|this|{"accs":"0x6e14a260","rows":"0x137ca2b"}|0x20a56c0c
03:19:10.0 (14329148)|METHOD_EXIT|[37]|01p360000074iI2|AccountTableWrapper.getAccounts()
03:19:10.0 (14336210)|HEAP_ALLOCATE|[37]|Bytes:24
03:19:10.0 (14349985)|METHOD_ENTRY|[37]|01p360000074iI2|AccountTableWrapper.RowWrapper.addValue(String)
03:19:10.0 (14356932)|VARIABLE_SCOPE_BEGIN|[80]|this|AccountTableWrapper.RowWrapper|true|false
03:19:10.0 (14372836)|VARIABLE_ASSIGNMENT|[80]|this|{"values":"0x5a5ddb9b"}|0xa93a7d8
03:19:10.0 (14377921)|VARIABLE_SCOPE_BEGIN|[80]|value|String|false|false
03:19:10.0 (14382094)|VARIABLE_ASSIGNMENT|[80]|value|"2 Place Jussieu"
03:19:10.0 (14385191)|STATEMENT_EXECUTE|[81]
03:19:10.0 (14386923)|STATEMENT_EXECUTE|[82]
03:19:10.0 (14405671)|VARIABLE_ASSIGNMENT|[EXTERNAL]|this|{"values":"0x5a5ddb9b"}|0xa93a7d8
03:19:10.0 (14420033)|HEAP_ALLOCATE|[EXTERNAL]|Bytes:4
03:19:10.0 (14427448)|METHOD_EXIT|[37]|01p360000074iI2|AccountTableWrapper.RowWrapper.addValue(String)
03:19:10.0 (14430369)|STATEMENT_EXECUTE|[38]
03:19:10.0 (14456200)|VARIABLE_ASSIGNMENT|[EXTERNAL]|this|{"accs":"0x6e14a260","rows":"0x137ca2b"}|0x20a56c0c
03:19:10.0 (14469552)|HEAP_ALLOCATE|[38]|Bytes:8
03:19:10.0 (14476310)|METHOD_ENTRY|[38]|01p360000074iI2|AccountTableWrapper.getAccounts()
03:19:10.0 (14482590)|VARIABLE_SCOPE_BEGIN|[9]|this|AccountTableWrapper|true|false
03:19:10.0 (14499847)|VARIABLE_ASSIGNMENT|[9]|this|{"accs":"0x6e14a260","rows":"0x137ca2b"}|0x20a56c0c
03:19:10.0 (14507231)|HEAP_ALLOCATE|[11]|Bytes:5
03:19:10.0 (14510513)|STATEMENT_EXECUTE|[10]
03:19:10.0 (14533434)|VARIABLE_ASSIGNMENT|[EXTERNAL]|this|{"accs":"0x6e14a260","rows":"0x137ca2b"}|0x20a56c0c
03:19:10.0 (14541269)|STATEMENT_EXECUTE|[11]
03:19:10.0 (14542802)|STATEMENT_EXECUTE|[17]
03:19:10.0 (14561756)|VARIABLE_ASSIGNMENT|[EXTERNAL]|this|{"accs":"0x6e14a260","rows":"0x137ca2b"}|0x20a56c0c
03:19:10.0 (14572179)|METHOD_EXIT|[38]|01p360000074iI2|AccountTableWrapper.getAccounts()
03:19:10.0 (14579308)|HEAP_ALLOCATE|[38]|Bytes:24
03:19:10.0 (14593109)|METHOD_ENTRY|[38]|01p360000074iI2|AccountTableWrapper.RowWrapper.addValue(String)
03:19:10.0 (14599713)|VARIABLE_SCOPE_BEGIN|[80]|this|AccountTableWrapper.RowWrapper|true|false
03:19:10.0 (14615480)|VARIABLE_ASSIGNMENT|[80]|this|{"values":"0x257f587d"}|0x26b710e9
03:19:10.0 (14620431)|VARIABLE_SCOPE_BEGIN|[80]|value|String|false|false
03:19:10.0 (14624137)|VARIABLE_ASSIGNMENT|[80]|value|"Paris"
03:19:10.0 (14627195)|STATEMENT_EXECUTE|[81]
03:19:10.0 (14628401)|STATEMENT_EXECUTE|[82]
03:19:10.0 (14647053)|VARIABLE_ASSIGNMENT|[EXTERNAL]|this|{"values":"0x257f587d"}|0x26b710e9
03:19:10.0 (14661218)|HEAP_ALLOCATE|[EXTERNAL]|Bytes:4
03:19:10.0 (14668759)|METHOD_EXIT|[38]|01p360000074iI2|AccountTableWrapper.RowWrapper.addValue(String)
03:19:10.0 (14671681)|STATEMENT_EXECUTE|[39]
03:19:10.0 (14694135)|VARIABLE_ASSIGNMENT|[EXTERNAL]|this|{"accs":"0x6e14a260","rows":"0x137ca2b"}|0x20a56c0c
03:19:10.0 (14705876)|HEAP_ALLOCATE|[39]|Bytes:8
03:19:10.0 (14712385)|METHOD_ENTRY|[39]|01p360000074iI2|AccountTableWrapper.getAccounts()
03:19:10.0 (14718649)|VARIABLE_SCOPE_BEGIN|[9]|this|AccountTableWrapper|true|false
03:19:10.0 (14735449)|VARIABLE_ASSIGNMENT|[9]|this|{"accs":"0x6e14a260","rows":"0x137ca2b"}|0x20a56c0c
03:19:10.0 (14742578)|HEAP_ALLOCATE|[11]|Bytes:5
03:19:10.0 (14746174)|STATEMENT_EXECUTE|[10]
03:19:10.0 (14768824)|VARIABLE_ASSIGNMENT|[EXTERNAL]|this|{"accs":"0x6e14a260","rows":"0x137ca2b"}|0x20a56c0c
03:19:10.0 (14776725)|STATEMENT_EXECUTE|[11]
03:19:10.0 (14778204)|STATEMENT_EXECUTE|[17]
03:19:10.0 (14797244)|VARIABLE_ASSIGNMENT|[EXTERNAL]|this|{"accs":"0x6e14a260","rows":"0x137ca2b"}|0x20a56c0c
03:19:10.0 (14807732)|METHOD_EXIT|[39]|01p360000074iI2|AccountTableWrapper.getAccounts()
03:19:10.0 (14814653)|HEAP_ALLOCATE|[39]|Bytes:24
03:19:10.0 (14828016)|METHOD_ENTRY|[39]|01p360000074iI2|AccountTableWrapper.RowWrapper.addValue(String)
03:19:10.0 (14834696)|VARIABLE_SCOPE_BEGIN|[80]|this|AccountTableWrapper.RowWrapper|true|false
03:19:10.0 (14850527)|VARIABLE_ASSIGNMENT|[80]|this|{"values":"0x67002bd"}|0x3245866d
03:19:10.0 (14855375)|VARIABLE_SCOPE_BEGIN|[80]|value|String|false|false
03:19:10.0 (14859203)|VARIABLE_ASSIGNMENT|[80]|value|"75251"
03:19:10.0 (14862165)|STATEMENT_EXECUTE|[81]
03:19:10.0 (14863344)|STATEMENT_EXECUTE|[82]
03:19:10.0 (14881709)|VARIABLE_ASSIGNMENT|[EXTERNAL]|this|{"values":"0x67002bd"}|0x3245866d
03:19:10.0 (14895780)|HEAP_ALLOCATE|[EXTERNAL]|Bytes:4
03:19:10.0 (14903189)|METHOD_EXIT|[39]|01p360000074iI2|AccountTableWrapper.RowWrapper.addValue(String)
03:19:10.0 (14906650)|HEAP_ALLOCATE|[34]|Bytes:4
03:19:10.0 (14912705)|VARIABLE_ASSIGNMENT|[34]|idx|3
03:19:10.0 (14919146)|METHOD_ENTRY|[34]|01p360000074iI2|AccountTableWrapper.getAccounts()
03:19:10.0 (14925500)|VARIABLE_SCOPE_BEGIN|[9]|this|AccountTableWrapper|true|false
03:19:10.0 (14943306)|VARIABLE_ASSIGNMENT|[9]|this|{"accs":"0x6e14a260","rows":"0x137ca2b"}|0x20a56c0c
03:19:10.0 (14950569)|HEAP_ALLOCATE|[11]|Bytes:5
03:19:10.0 (14953748)|STATEMENT_EXECUTE|[10]
03:19:10.0 (14976244)|VARIABLE_ASSIGNMENT|[EXTERNAL]|this|{"accs":"0x6e14a260","rows":"0x137ca2b"}|0x20a56c0c
03:19:10.0 (14984209)|STATEMENT_EXECUTE|[11]
03:19:10.0 (14985806)|STATEMENT_EXECUTE|[17]
03:19:10.0 (15004741)|VARIABLE_ASSIGNMENT|[EXTERNAL]|this|{"accs":"0x6e14a260","rows":"0x137ca2b"}|0x20a56c0c
03:19:10.0 (15016397)|METHOD_EXIT|[34]|01p360000074iI2|AccountTableWrapper.getAccounts()
03:19:10.0 (15027207)|STATEMENT_EXECUTE|[43]
03:19:10.0 (15075505)|VARIABLE_ASSIGNMENT|[EXTERNAL]|this|{"accs":"0x6e14a260","rows":"0x137ca2b"}|0x20a56c0c
03:19:10.0 (15089581)|SYSTEM_MODE_EXIT|false
03:19:10.0 (15100907)|CODE_UNIT_FINISHED|AccountTableWrapper invoke(getrowWrappers)
03:19:10.0 (15118252)|CODE_UNIT_FINISHED|AccountTableWrapper get(rowWrappers)
03:19:10.0 (15378904)|CODE_UNIT_STARTED|[EXTERNAL]|01p360000074iI2|values
03:19:10.0 (15392928)|CODE_UNIT_FINISHED|values
03:19:10.0 (15566798)|CODE_UNIT_STARTED|[EXTERNAL]|01p360000074iI2|values
03:19:10.0 (15579303)|CODE_UNIT_FINISHED|values
03:19:10.0 (15746366)|CODE_UNIT_STARTED|[EXTERNAL]|01p360000074iI2|values
03:19:10.0 (15758311)|CODE_UNIT_FINISHED|values
03:19:10.0 (15921786)|CODE_UNIT_STARTED|[EXTERNAL]|01p360000074iI2|values
03:19:10.0 (15933545)|CODE_UNIT_FINISHED|values
03:19:10.0 (200167606)|VF_SERIALIZE_VIEWSTATE_BEGIN|06636000002n6IF
03:19:10.0 (214271694)|VF_SERIALIZE_VIEWSTATE_END
03:19:10.0 (219719796)|CODE_UNIT_STARTED|[EXTERNAL]|Generate Metadata
03:19:10.0 (222749013)|CODE_UNIT_FINISHED|Generate Metadata
03:19:10.227 (227911359)|CUMULATIVE_LIMIT_USAGE
03:19:10.227 (227911359)|LIMIT_USAGE_FOR_NS|(default)|
  Number of SOQL queries: 1 out of 100
  Number of query rows: 3 out of 50000
  Number of SOSL queries: 0 out of 20
  Number of DML statements: 0 out of 150
  Number of DML rows: 0 out of 10000
  Maximum CPU time: 0 out of 10000
  Maximum heap size: 0 out of 6000000
  Number of callouts: 0 out of 100
  Number of Email Invocations: 0 out of 10
  Number of future calls: 0 out of 50
  Number of queueable jobs added to the queue: 0 out of 50
  Number of Mobile Apex push calls: 0 out of 10

03:19:10.227 (227911359)|CUMULATIVE_LIMIT_USAGE_END

03:19:10.0 (227985959)|CODE_UNIT_FINISHED|VF: /apex/AccountTabWrap
03:19:10.0 (229076350)|EXECUTION_FINISHED
