36.0 APEX_CODE,FINEST;APEX_PROFILING,INFO;CALLOUT,INFO;DB,INFO;SYSTEM,DEBUG;VALIDATION,INFO;VISUALFORCE,INFO;WORKFLOW,INFO
04:44:43.0 (82513)|EXECUTION_STARTED
04:44:43.0 (116917)|CODE_UNIT_STARTED|[EXTERNAL]|06636000002n7XB|VF: /apex/DraftsToPersonTable
04:44:43.0 (7114744)|CODE_UNIT_STARTED|[EXTERNAL]|01p360000074pQr|DraftsToPersons <init>
04:44:43.0 (7145423)|SYSTEM_MODE_ENTER|true
04:44:43.0 (8024014)|HEAP_ALLOCATE|[72]|Bytes:3
04:44:43.0 (8091692)|HEAP_ALLOCATE|[77]|Bytes:152
04:44:43.0 (8120782)|HEAP_ALLOCATE|[342]|Bytes:408
04:44:43.0 (8150082)|HEAP_ALLOCATE|[355]|Bytes:408
04:44:43.0 (8172884)|HEAP_ALLOCATE|[467]|Bytes:48
04:44:43.0 (8213295)|HEAP_ALLOCATE|[139]|Bytes:6
04:44:43.0 (8303868)|HEAP_ALLOCATE|[EXTERNAL]|Bytes:10
04:44:43.0 (8316457)|HEAP_ALLOCATE|[EXTERNAL]|Bytes:144
04:44:43.0 (8319698)|HEAP_ALLOCATE|[EXTERNAL]|Bytes:21
04:44:43.0 (8336666)|METHOD_ENTRY|[1]|01p360000074pQr|DraftsToPersons.DraftsToPersons()
04:44:43.0 (8341851)|STATEMENT_EXECUTE|[1]
04:44:43.0 (8350901)|STATEMENT_EXECUTE|[1]
04:44:43.0 (8391950)|HEAP_ALLOCATE|[50]|Bytes:5
04:44:43.0 (8418717)|HEAP_ALLOCATE|[56]|Bytes:5
04:44:43.0 (8427110)|HEAP_ALLOCATE|[64]|Bytes:7
04:44:43.0 (8454618)|SYSTEM_MODE_ENTER|false
04:44:43.0 (8473473)|HEAP_ALLOCATE|[EXTERNAL]|Bytes:5
04:44:43.0 (8477976)|STATEMENT_EXECUTE|[67]
04:44:43.0 (8484554)|SYSTEM_MODE_EXIT|false
04:44:43.0 (8496277)|METHOD_EXIT|[1]|DraftsToPersons
04:44:43.0 (8502592)|HEAP_ALLOCATE|[EXTERNAL]|Bytes:20
04:44:43.0 (8511863)|VARIABLE_SCOPE_BEGIN|[7]|this|DraftsToPersons|true|false
04:44:43.0 (8580626)|VARIABLE_ASSIGNMENT|[7]|this|{}|0xced29
04:44:43.0 (8592939)|SYSTEM_MODE_ENTER|false
04:44:43.0 (8597545)|HEAP_ALLOCATE|[EXTERNAL]|Bytes:5
04:44:43.0 (8600896)|STATEMENT_EXECUTE|[1]
04:44:43.0 (8603308)|HEAP_ALLOCATE|[EXTERNAL]|Bytes:5
04:44:43.0 (8605348)|STATEMENT_EXECUTE|[2]
04:44:43.0 (8607458)|STATEMENT_EXECUTE|[3]
04:44:43.0 (8608487)|STATEMENT_EXECUTE|[4]
04:44:43.0 (8609708)|STATEMENT_EXECUTE|[5]
04:44:43.0 (8618779)|HEAP_ALLOCATE|[EXTERNAL]|Bytes:6
04:44:43.0 (8643476)|STATEMENT_EXECUTE|[8]
04:44:43.0 (8648676)|SYSTEM_MODE_EXIT|false
04:44:43.0 (8668059)|CODE_UNIT_FINISHED|DraftsToPersons <init>
04:44:43.0 (8718524)|CODE_UNIT_STARTED|[EXTERNAL]|01p360000074pQr|DraftsToPersons get(Drafts)
04:44:43.0 (8728708)|SYSTEM_MODE_ENTER|true
04:44:43.0 (8752269)|CODE_UNIT_STARTED|[EXTERNAL]|01p360000074pQr|Drafts
04:44:43.0 (8771477)|CODE_UNIT_FINISHED|Drafts
04:44:43.0 (8787958)|CODE_UNIT_FINISHED|DraftsToPersons get(Drafts)
04:44:43.37 (37785830)|CUMULATIVE_LIMIT_USAGE
04:44:43.37 (37785830)|LIMIT_USAGE_FOR_NS|(default)|
  Number of SOQL queries: 0 out of 100
  Number of query rows: 0 out of 50000
  Number of SOSL queries: 0 out of 20
  Number of DML statements: 0 out of 150
  Number of DML rows: 0 out of 10000
  Maximum CPU time: 0 out of 10000
  Maximum heap size: 0 out of 6000000
  Number of callouts: 0 out of 100
  Number of Email Invocations: 0 out of 10
  Number of future calls: 0 out of 50
  Number of queueable jobs added to the queue: 0 out of 50
  Number of Mobile Apex push calls: 0 out of 10

04:44:43.37 (37785830)|CUMULATIVE_LIMIT_USAGE_END

04:44:43.0 (37867993)|CODE_UNIT_FINISHED|VF: /apex/DraftsToPersonTable
04:44:43.0 (39138793)|EXECUTION_FINISHED
