36.0 APEX_CODE,FINEST;APEX_PROFILING,INFO;CALLOUT,INFO;DB,INFO;SYSTEM,DEBUG;VALIDATION,INFO;VISUALFORCE,INFO;WORKFLOW,INFO
06:23:04.0 (98915)|EXECUTION_STARTED
06:23:04.0 (141665)|CODE_UNIT_STARTED|[EXTERNAL]|06636000002n7XB|VF: /apex/DraftsToPersonTable
06:23:04.0 (10289556)|CODE_UNIT_STARTED|[EXTERNAL]|01p360000074pQr|DraftsToPersons <init>
06:23:04.0 (10315317)|SYSTEM_MODE_ENTER|true
06:23:04.0 (10854250)|HEAP_ALLOCATE|[72]|Bytes:3
06:23:04.0 (10914300)|HEAP_ALLOCATE|[77]|Bytes:152
06:23:04.0 (10933637)|HEAP_ALLOCATE|[342]|Bytes:408
06:23:04.0 (10953066)|HEAP_ALLOCATE|[355]|Bytes:408
06:23:04.0 (10970603)|HEAP_ALLOCATE|[467]|Bytes:48
06:23:04.0 (11015746)|HEAP_ALLOCATE|[139]|Bytes:6
06:23:04.0 (11042658)|HEAP_ALLOCATE|[EXTERNAL]|Bytes:10
06:23:04.0 (11047377)|HEAP_ALLOCATE|[EXTERNAL]|Bytes:140
06:23:04.0 (11049743)|HEAP_ALLOCATE|[EXTERNAL]|Bytes:21
06:23:04.0 (11067033)|METHOD_ENTRY|[1]|01p360000074pQr|DraftsToPersons.DraftsToPersons()
06:23:04.0 (11072107)|STATEMENT_EXECUTE|[1]
06:23:04.0 (11082188)|STATEMENT_EXECUTE|[1]
06:23:04.0 (11121362)|HEAP_ALLOCATE|[50]|Bytes:5
06:23:04.0 (11148917)|HEAP_ALLOCATE|[56]|Bytes:5
06:23:04.0 (11158191)|HEAP_ALLOCATE|[64]|Bytes:7
06:23:04.0 (11185998)|SYSTEM_MODE_ENTER|false
06:23:04.0 (11207677)|HEAP_ALLOCATE|[EXTERNAL]|Bytes:5
06:23:04.0 (11213952)|STATEMENT_EXECUTE|[69]
06:23:04.0 (11220036)|SYSTEM_MODE_EXIT|false
06:23:04.0 (11232511)|METHOD_EXIT|[1]|DraftsToPersons
06:23:04.0 (11541632)|HEAP_ALLOCATE|[EXTERNAL]|Bytes:20
06:23:04.0 (11553247)|VARIABLE_SCOPE_BEGIN|[7]|this|DraftsToPersons|true|false
06:23:04.0 (11635995)|VARIABLE_ASSIGNMENT|[7]|this|{}|0x31e4b188
06:23:04.0 (11649348)|SYSTEM_MODE_ENTER|false
06:23:04.0 (11655077)|HEAP_ALLOCATE|[EXTERNAL]|Bytes:5
06:23:04.0 (11661004)|STATEMENT_EXECUTE|[1]
06:23:04.0 (11668073)|HEAP_ALLOCATE|[EXTERNAL]|Bytes:5
06:23:04.0 (11671077)|STATEMENT_EXECUTE|[2]
06:23:04.0 (11673437)|STATEMENT_EXECUTE|[3]
06:23:04.0 (11675089)|STATEMENT_EXECUTE|[4]
06:23:04.0 (11676490)|STATEMENT_EXECUTE|[5]
06:23:04.0 (11686509)|HEAP_ALLOCATE|[EXTERNAL]|Bytes:6
06:23:04.0 (11716543)|STATEMENT_EXECUTE|[8]
06:23:04.0 (11721963)|SYSTEM_MODE_EXIT|false
06:23:04.0 (11742956)|CODE_UNIT_FINISHED|DraftsToPersons <init>
06:23:04.0 (11797002)|CODE_UNIT_STARTED|[EXTERNAL]|01p360000074pQr|DraftsToPersons get(Persons)
06:23:04.0 (11805465)|SYSTEM_MODE_ENTER|true
06:23:04.0 (11829114)|CODE_UNIT_STARTED|[EXTERNAL]|01p360000074pQr|DraftsToPersons invoke(getPersons)
06:23:04.0 (11873901)|HEAP_ALLOCATE|[EXTERNAL]|Bytes:20
06:23:04.0 (11882467)|VARIABLE_SCOPE_BEGIN|[23]|this|DraftsToPersons|true|false
06:23:04.0 (11900588)|VARIABLE_ASSIGNMENT|[23]|this|{}|0x31e4b188
06:23:04.0 (11916971)|SYSTEM_MODE_ENTER|false
06:23:04.0 (11921734)|HEAP_ALLOCATE|[25]|Bytes:5
06:23:04.0 (11927081)|STATEMENT_EXECUTE|[24]
06:23:04.0 (11973785)|VARIABLE_ASSIGNMENT|[EXTERNAL]|this|{}|0x31e4b188
06:23:04.0 (11990256)|STATEMENT_EXECUTE|[26]
06:23:04.0 (11992858)|STATEMENT_EXECUTE|[27]
06:23:04.0 (11996218)|HEAP_ALLOCATE|[27]|Bytes:71
06:23:04.0 (12008643)|HEAP_ALLOCATE|[27]|Bytes:4
06:23:04.0 (12463855)|SOQL_EXECUTE_BEGIN|[27]|Aggregations:0|SELECT id, Name FROM Person__c ORDER BY Name ASC NULLS FIRST LIMIT 1000
06:23:04.0 (15496821)|SOQL_EXECUTE_END|[27]|Rows:2
06:23:04.0 (15523424)|HEAP_ALLOCATE|[27]|Bytes:12
06:23:04.0 (15543635)|HEAP_ALLOCATE|[27]|Bytes:97
06:23:04.0 (15584030)|HEAP_ALLOCATE|[27]|Bytes:12
06:23:04.0 (15635348)|VARIABLE_ASSIGNMENT|[EXTERNAL]|this|{}|0x31e4b188
06:23:04.0 (15690781)|VARIABLE_ASSIGNMENT|[EXTERNAL]|value|{"s":1,"v":[{"s":2,"v":{"Id":"a0N36000000xneOEAQ","Name":"Andiy Lokotosh"}},{"s":3,"v":{"Id":"a0N36000000xneTEAQ","Name":"Jon Smith"}}]}|0xfa96a43
06:23:04.0 (15717191)|VARIABLE_ASSIGNMENT|[3]|this.pers|{"s":1,"v":[{"s":2,"v":{"Id":"a0N36000000xneOEAQ","Name":"Andiy Lokotosh"}},{"s":3,"v":{"Id":"a0N36000000xneTEAQ","Name":"Jon Smith"}}]}|0x31e4b188
06:23:04.0 (15730580)|STATEMENT_EXECUTE|[31]
06:23:04.0 (15767421)|VARIABLE_ASSIGNMENT|[EXTERNAL]|this|{"pers":"0xfa96a43"}|0x31e4b188
06:23:04.0 (15781680)|SYSTEM_MODE_EXIT|false
06:23:04.0 (15796396)|CODE_UNIT_FINISHED|DraftsToPersons invoke(getPersons)
06:23:04.0 (15815622)|CODE_UNIT_FINISHED|DraftsToPersons get(Persons)
06:23:04.0 (16152399)|CODE_UNIT_STARTED|[EXTERNAL]|01p360000074pQr|DraftsToPersons get(Drafts)
06:23:04.0 (16162855)|SYSTEM_MODE_ENTER|true
06:23:04.0 (16179796)|CODE_UNIT_STARTED|[EXTERNAL]|01p360000074pQr|DraftsToPersons invoke(getDrafts)
06:23:04.0 (16216195)|HEAP_ALLOCATE|[EXTERNAL]|Bytes:20
06:23:04.0 (16224018)|VARIABLE_SCOPE_BEGIN|[12]|this|DraftsToPersons|true|false
06:23:04.0 (16244948)|VARIABLE_ASSIGNMENT|[12]|this|{"pers":"0xfa96a43"}|0x31e4b188
06:23:04.0 (16256963)|SYSTEM_MODE_ENTER|false
06:23:04.0 (16262198)|HEAP_ALLOCATE|[14]|Bytes:5
06:23:04.0 (16267976)|STATEMENT_EXECUTE|[13]
06:23:04.0 (16317327)|VARIABLE_ASSIGNMENT|[EXTERNAL]|this|{"pers":"0xfa96a43"}|0x31e4b188
06:23:04.0 (16331673)|STATEMENT_EXECUTE|[15]
06:23:04.0 (16334338)|STATEMENT_EXECUTE|[16]
06:23:04.0 (16338125)|HEAP_ALLOCATE|[16]|Bytes:70
06:23:04.0 (16343925)|HEAP_ALLOCATE|[16]|Bytes:4
06:23:04.0 (16589582)|SOQL_EXECUTE_BEGIN|[16]|Aggregations:0|SELECT id, Name FROM Draft__c ORDER BY Name ASC NULLS FIRST LIMIT 1000
06:23:04.0 (18218994)|SOQL_EXECUTE_END|[16]|Rows:2
06:23:04.0 (18235566)|HEAP_ALLOCATE|[16]|Bytes:12
06:23:04.0 (18248626)|HEAP_ALLOCATE|[16]|Bytes:95
06:23:04.0 (18274054)|HEAP_ALLOCATE|[16]|Bytes:12
06:23:04.0 (18324387)|VARIABLE_ASSIGNMENT|[EXTERNAL]|this|{"pers":"0xfa96a43"}|0x31e4b188
06:23:04.0 (18347087)|VARIABLE_ASSIGNMENT|[EXTERNAL]|value|{"s":1,"v":[{"s":2,"v":{"Id":"a0R3600000032Q3EAI","Name":"Ebay"}},{"s":3,"v":{"Id":"a0R3600000032PyEAI","Name":"Electronic System"}}]}|0x3183c450
06:23:04.0 (18367543)|VARIABLE_ASSIGNMENT|[2]|this.draft|{"s":1,"v":[{"s":2,"v":{"Id":"a0R3600000032Q3EAI","Name":"Ebay"}},{"s":3,"v":{"Id":"a0R3600000032PyEAI","Name":"Electronic System"}}]}|0x31e4b188
06:23:04.0 (18379950)|STATEMENT_EXECUTE|[21]
06:23:04.0 (18416317)|VARIABLE_ASSIGNMENT|[EXTERNAL]|this|{"draft":"0x3183c450","pers":"0xfa96a43"}|0x31e4b188
06:23:04.0 (18430053)|SYSTEM_MODE_EXIT|false
06:23:04.0 (18443356)|CODE_UNIT_FINISHED|DraftsToPersons invoke(getDrafts)
06:23:04.0 (18462022)|CODE_UNIT_FINISHED|DraftsToPersons get(Drafts)
06:23:04.0 (18704198)|CODE_UNIT_STARTED|[EXTERNAL]|01p360000074pQr|DraftsToPersons get(Times)
06:23:04.0 (18713017)|SYSTEM_MODE_ENTER|true
06:23:04.0 (18729554)|CODE_UNIT_STARTED|[EXTERNAL]|01p360000074pQr|DraftsToPersons invoke(getTimes)
06:23:04.0 (18766018)|HEAP_ALLOCATE|[EXTERNAL]|Bytes:20
06:23:04.0 (18774247)|VARIABLE_SCOPE_BEGIN|[34]|this|DraftsToPersons|true|false
06:23:04.0 (18796076)|VARIABLE_ASSIGNMENT|[34]|this|{"draft":"0x3183c450","pers":"0xfa96a43"}|0x31e4b188
06:23:04.0 (18808231)|SYSTEM_MODE_ENTER|false
06:23:04.0 (18813686)|HEAP_ALLOCATE|[36]|Bytes:5
06:23:04.0 (18819477)|STATEMENT_EXECUTE|[35]
06:23:04.0 (18863907)|VARIABLE_ASSIGNMENT|[EXTERNAL]|this|{"draft":"0x3183c450","pers":"0xfa96a43"}|0x31e4b188
06:23:04.0 (18877783)|STATEMENT_EXECUTE|[37]
06:23:04.0 (18880367)|STATEMENT_EXECUTE|[38]
06:23:04.0 (18884551)|HEAP_ALLOCATE|[38]|Bytes:66
06:23:04.0 (18889988)|HEAP_ALLOCATE|[38]|Bytes:4
06:23:04.0 (19382636)|SOQL_EXECUTE_BEGIN|[38]|Aggregations:0|SELECT id, Name, Person__r.id, Draft__r.id FROM Time__c LIMIT 1000
06:23:04.0 (24864527)|SOQL_EXECUTE_END|[38]|Rows:2
06:23:04.0 (24884472)|HEAP_ALLOCATE|[38]|Bytes:12
06:23:04.0 (24911085)|HEAP_ALLOCATE|[38]|Bytes:360
06:23:04.0 (24947877)|HEAP_ALLOCATE|[38]|Bytes:12
06:23:04.0 (25013771)|VARIABLE_ASSIGNMENT|[EXTERNAL]|this|{"draft":"0x3183c450","pers":"0xfa96a43"}|0x31e4b188
06:23:04.0 (25053988)|VARIABLE_ASSIGNMENT|[EXTERNAL]|value|{"s":1,"v":[{"s":2,"v":{"Id":"a0M36000000eCJfEAM","Name":"5","Person__c":"a0N36000000xneOEAQ","Draft__c":"a0R3600000032Q3EAI","Person__r":{"s":3,"v":{"Id":"a0N36000000xneOEAQ"}},"Draft__r":{"s":4,"v":{"Id":"a0R3600000032Q3EAI"}}}},{"s":5,"v":{"Id":"a0M36000000eCJaEAM","Name":"4","Person__c":"a0N36000000xneTEAQ","Draft__c":"a0R3600000032PyEAI","Person__r":{"s":6,"v":{"Id":"a0N36000000xneTEAQ"}},"Draft__r":{"s":7,"v":{"Id":"a0R3600000032PyEAI"}}}}]}|0x4c8bd5fb
06:23:04.0 (25087686)|VARIABLE_ASSIGNMENT|[4]|this.tim|{"s":1,"v":[{"s":2,"v":{"Id":"a0M36000000eCJfEAM","Name":"5","Person__c":"a0N36000000xneOEAQ","Draft__c":"a0R3600000032Q3EAI","Person__r":{"s":3,"v":{"Id":"a0N36000000xneOEAQ"}},"Draft__r":{"s":4,"v":{"Id":"a0R3600000032Q3EAI"}}}},{"s":5,"v":{"Id":"a0M36000000eCJaEAM","Name":"4","Person__c":"a0N36000000xneTEAQ","Draft__c":"a0R3600000032PyEAI","Person__r":{"s":6,"v":{"Id":"a0N36000000xneTEAQ"}},"Draft__r":{"s":7,"v":{"Id":"a0R3600000032PyEAI"}}}}]}|0x31e4b188
06:23:04.0 (25104127)|STATEMENT_EXECUTE|[41]
06:23:04.0 (25144670)|VARIABLE_ASSIGNMENT|[EXTERNAL]|this|{"draft":"0x3183c450","pers":"0xfa96a43","tim":"0x4c8bd5fb"}|0x31e4b188
06:23:04.0 (25159833)|SYSTEM_MODE_EXIT|false
06:23:04.0 (25176294)|CODE_UNIT_FINISHED|DraftsToPersons invoke(getTimes)
06:23:04.0 (25198407)|CODE_UNIT_FINISHED|DraftsToPersons get(Times)
06:23:04.60 (60815133)|CUMULATIVE_LIMIT_USAGE
06:23:04.60 (60815133)|LIMIT_USAGE_FOR_NS|(default)|
  Number of SOQL queries: 3 out of 100
  Number of query rows: 6 out of 50000
  Number of SOSL queries: 0 out of 20
  Number of DML statements: 0 out of 150
  Number of DML rows: 0 out of 10000
  Maximum CPU time: 0 out of 10000
  Maximum heap size: 0 out of 6000000
  Number of callouts: 0 out of 100
  Number of Email Invocations: 0 out of 10
  Number of future calls: 0 out of 50
  Number of queueable jobs added to the queue: 0 out of 50
  Number of Mobile Apex push calls: 0 out of 10

06:23:04.60 (60815133)|CUMULATIVE_LIMIT_USAGE_END

06:23:04.0 (60901082)|CODE_UNIT_FINISHED|VF: /apex/DraftsToPersonTable
06:23:04.0 (62539219)|EXECUTION_FINISHED
