36.0 APEX_CODE,FINEST;APEX_PROFILING,INFO;CALLOUT,INFO;DB,INFO;SYSTEM,DEBUG;VALIDATION,INFO;VISUALFORCE,INFO;WORKFLOW,INFO
12:29:45.0 (505840)|EXECUTION_STARTED
12:29:45.0 (545786)|CODE_UNIT_STARTED|[EXTERNAL]|aura
12:29:45.0 (1099179)|HEAP_ALLOCATE|[72]|Bytes:3
12:29:45.0 (1183516)|HEAP_ALLOCATE|[77]|Bytes:152
12:29:45.0 (1201749)|HEAP_ALLOCATE|[342]|Bytes:408
12:29:45.0 (1241195)|HEAP_ALLOCATE|[355]|Bytes:408
12:29:45.0 (1276139)|HEAP_ALLOCATE|[467]|Bytes:48
12:29:45.0 (1325841)|HEAP_ALLOCATE|[139]|Bytes:6
12:29:45.0 (1363408)|HEAP_ALLOCATE|[EXTERNAL]|Bytes:12
12:29:45.0 (1405321)|HEAP_ALLOCATE|[EXTERNAL]|Bytes:12
12:29:45.0 (3180081)|CODE_UNIT_STARTED|[EXTERNAL]|01p36000006TzBn|AwesomeProductController.getProductByName
12:29:45.0 (3348182)|HEAP_ALLOCATE|[EXTERNAL]|Bytes:3
12:29:45.0 (3369838)|METHOD_ENTRY|[1]|01p36000006TzBn|AwesomeProductController.AwesomeProductController()
12:29:45.0 (3375121)|STATEMENT_EXECUTE|[1]
12:29:45.0 (3381552)|STATEMENT_EXECUTE|[1]
12:29:45.0 (3388456)|METHOD_EXIT|[1]|AwesomeProductController
12:29:45.0 (3393351)|HEAP_ALLOCATE|[EXTERNAL]|Bytes:12
12:29:45.0 (3404584)|SYSTEM_MODE_ENTER|false
12:29:45.0 (3531059)|VARIABLE_SCOPE_BEGIN|[8]|name|String|false|false
12:29:45.0 (3630290)|VARIABLE_ASSIGNMENT|[8]|name|"Vans Classic"
12:29:45.0 (3644287)|STATEMENT_EXECUTE|[8]
12:29:45.0 (3646055)|STATEMENT_EXECUTE|[9]
12:29:45.0 (3650456)|HEAP_ALLOCATE|[9]|Bytes:167
12:29:45.0 (3663048)|HEAP_ALLOCATE|[9]|Bytes:4
12:29:45.0 (3675263)|HEAP_ALLOCATE|[9]|Bytes:7
12:29:45.0 (3747249)|HEAP_ALLOCATE|[50]|Bytes:5
12:29:45.0 (3786688)|HEAP_ALLOCATE|[56]|Bytes:5
12:29:45.0 (3796775)|HEAP_ALLOCATE|[64]|Bytes:7
12:29:45.0 (5839163)|SOQL_EXECUTE_BEGIN|[9]|Aggregations:1|SELECT id, name, photo__c, color__c, points__c, description__c, (SELECT name FROM product_sizes__r ORDER BY name ASC NULLS FIRST) FROM product__c WHERE name = :tmpVar1
12:29:45.0 (38371456)|SOQL_EXECUTE_END|[9]|Rows:1
12:29:45.0 (38448934)|HEAP_ALLOCATE|[9]|Bytes:8
12:29:45.0 (38498216)|HEAP_ALLOCATE|[9]|Bytes:560
12:29:45.0 (38677187)|HEAP_ALLOCATE|[9]|Bytes:8
12:29:45.0 (38703028)|HEAP_ALLOCATE|[9]|Bytes:36
12:29:45.0 (38814812)|HEAP_ALLOCATE|[9]|Bytes:32
12:29:45.0 (38835532)|SYSTEM_MODE_EXIT|false
12:29:45.38 (38905623)|CUMULATIVE_LIMIT_USAGE
12:29:45.38 (38905623)|LIMIT_USAGE_FOR_NS|(default)|
  Number of SOQL queries: 1 out of 100
  Number of query rows: 5 out of 50000
  Number of SOSL queries: 0 out of 20
  Number of DML statements: 0 out of 150
  Number of DML rows: 0 out of 10000
  Maximum CPU time: 0 out of 10000
  Maximum heap size: 0 out of 6000000
  Number of callouts: 0 out of 100
  Number of Email Invocations: 0 out of 10
  Number of future calls: 0 out of 50
  Number of queueable jobs added to the queue: 0 out of 50
  Number of Mobile Apex push calls: 0 out of 10

12:29:45.38 (38905623)|CUMULATIVE_LIMIT_USAGE_END

12:29:45.0 (38975657)|CODE_UNIT_FINISHED|AwesomeProductController.getProductByName
