36.0 APEX_CODE,FINEST;APEX_PROFILING,INFO;CALLOUT,INFO;DB,INFO;SYSTEM,DEBUG;VALIDATION,INFO;VISUALFORCE,INFO;WORKFLOW,INFO
08:57:48.0 (693249)|EXECUTION_STARTED
08:57:48.0 (726381)|CODE_UNIT_STARTED|[EXTERNAL]|01p36000005H3V7|expansesController.getExpenses
08:57:48.0 (1090980)|HEAP_ALLOCATE|[72]|Bytes:3
08:57:48.0 (1160462)|HEAP_ALLOCATE|[77]|Bytes:152
08:57:48.0 (1182828)|HEAP_ALLOCATE|[342]|Bytes:408
08:57:48.0 (1203059)|HEAP_ALLOCATE|[355]|Bytes:408
08:57:48.0 (1221736)|HEAP_ALLOCATE|[467]|Bytes:48
08:57:48.0 (1267706)|HEAP_ALLOCATE|[139]|Bytes:6
08:57:48.0 (1298017)|HEAP_ALLOCATE|[EXTERNAL]|Bytes:4
08:57:48.0 (1319703)|METHOD_ENTRY|[1]|01p36000005H3V7|expansesController.expansesController()
08:57:48.0 (1324802)|STATEMENT_EXECUTE|[1]
08:57:48.0 (1332566)|STATEMENT_EXECUTE|[1]
08:57:48.0 (1369131)|HEAP_ALLOCATE|[50]|Bytes:5
08:57:48.0 (1395969)|HEAP_ALLOCATE|[56]|Bytes:5
08:57:48.0 (1404868)|HEAP_ALLOCATE|[64]|Bytes:7
08:57:48.0 (1435587)|SYSTEM_MODE_ENTER|false
08:57:48.0 (1457760)|HEAP_ALLOCATE|[EXTERNAL]|Bytes:5
08:57:48.0 (1466275)|SYSTEM_MODE_EXIT|false
08:57:48.0 (1480927)|METHOD_EXIT|[1]|expansesController
08:57:48.0 (1489991)|SYSTEM_MODE_ENTER|false
08:57:48.0 (1504553)|HEAP_ALLOCATE|[6]|Bytes:5
08:57:48.0 (1508592)|STATEMENT_EXECUTE|[3]
08:57:48.0 (1510053)|STATEMENT_EXECUTE|[6]
08:57:48.0 (1513371)|HEAP_ALLOCATE|[6]|Bytes:90
08:57:48.0 (1524597)|HEAP_ALLOCATE|[6]|Bytes:4
08:57:48.0 (1884695)|SOQL_EXECUTE_BEGIN|[6]|Aggregations:0|SELECT Id, Name, Amount__c, Client__c, Date__c, Reimbursed__c, CreatedDate FROM Expense__c
08:57:48.0 (5333440)|SOQL_EXECUTE_END|[6]|Rows:7
08:57:48.0 (5359089)|HEAP_ALLOCATE|[6]|Bytes:32
08:57:48.0 (5395302)|HEAP_ALLOCATE|[6]|Bytes:1030
08:57:48.0 (5426684)|HEAP_ALLOCATE|[6]|Bytes:32
08:57:48.0 (5445174)|SYSTEM_MODE_EXIT|false
08:57:48.5 (5489690)|CUMULATIVE_LIMIT_USAGE
08:57:48.5 (5489690)|LIMIT_USAGE_FOR_NS|(default)|
  Number of SOQL queries: 1 out of 100
  Number of query rows: 7 out of 50000
  Number of SOSL queries: 0 out of 20
  Number of DML statements: 0 out of 150
  Number of DML rows: 0 out of 10000
  Maximum CPU time: 0 out of 10000
  Maximum heap size: 0 out of 6000000
  Number of callouts: 0 out of 100
  Number of Email Invocations: 0 out of 10
  Number of future calls: 0 out of 50
  Number of queueable jobs added to the queue: 0 out of 50
  Number of Mobile Apex push calls: 0 out of 10

08:57:48.5 (5489690)|CUMULATIVE_LIMIT_USAGE_END

08:57:48.0 (5542469)|CODE_UNIT_FINISHED|expansesController.getExpenses
08:57:48.0 (8032647)|EXECUTION_FINISHED
