36.0 APEX_CODE,FINEST;APEX_PROFILING,INFO;CALLOUT,INFO;DB,INFO;SYSTEM,DEBUG;VALIDATION,INFO;VISUALFORCE,INFO;WORKFLOW,INFO
07:28:01.0 (64374)|EXECUTION_STARTED
07:28:01.0 (92401)|CODE_UNIT_STARTED|[EXTERNAL]|06636000001VcbV|VF: /apex/AprooveWraper
07:28:01.0 (2344915)|CODE_UNIT_STARTED|[EXTERNAL]|01p360000072SS3|WrapperEmployeeSkills <init>
07:28:01.0 (2365986)|SYSTEM_MODE_ENTER|true
07:28:01.0 (3037838)|HEAP_ALLOCATE|[72]|Bytes:3
07:28:01.0 (3119730)|HEAP_ALLOCATE|[77]|Bytes:152
07:28:01.0 (3155083)|HEAP_ALLOCATE|[342]|Bytes:408
07:28:01.0 (3193967)|HEAP_ALLOCATE|[355]|Bytes:408
07:28:01.0 (3228901)|HEAP_ALLOCATE|[467]|Bytes:48
07:28:01.0 (3292809)|HEAP_ALLOCATE|[139]|Bytes:6
07:28:01.0 (3333943)|HEAP_ALLOCATE|[EXTERNAL]|Bytes:9
07:28:01.0 (3340996)|HEAP_ALLOCATE|[EXTERNAL]|Bytes:88
07:28:01.0 (3346279)|HEAP_ALLOCATE|[EXTERNAL]|Bytes:6
07:28:01.0 (3351715)|HEAP_ALLOCATE|[EXTERNAL]|Bytes:2
07:28:01.0 (3375748)|METHOD_ENTRY|[1]|01p360000072SS3|WrapperEmployeeSkills.WrapperEmployeeSkills()
07:28:01.0 (3384223)|STATEMENT_EXECUTE|[1]
07:28:01.0 (3397622)|STATEMENT_EXECUTE|[1]
07:28:01.0 (3447749)|HEAP_ALLOCATE|[50]|Bytes:5
07:28:01.0 (3486289)|HEAP_ALLOCATE|[56]|Bytes:5
07:28:01.0 (3504535)|HEAP_ALLOCATE|[64]|Bytes:7
07:28:01.0 (3549071)|SYSTEM_MODE_ENTER|false
07:28:01.0 (3574890)|HEAP_ALLOCATE|[EXTERNAL]|Bytes:5
07:28:01.0 (3582579)|STATEMENT_EXECUTE|[59]
07:28:01.0 (3592645)|SYSTEM_MODE_EXIT|false
07:28:01.0 (3611623)|METHOD_EXIT|[1]|WrapperEmployeeSkills
07:28:01.0 (3636978)|HEAP_ALLOCATE|[EXTERNAL]|Bytes:8
07:28:01.0 (3655355)|VARIABLE_SCOPE_BEGIN|[1]|this|WrapperEmployeeSkills|true|false
07:28:01.0 (3737686)|VARIABLE_ASSIGNMENT|[1]|this|{}|0x1e4aeae8
07:28:01.0 (3757225)|SYSTEM_MODE_ENTER|false
07:28:01.0 (3765233)|HEAP_ALLOCATE|[EXTERNAL]|Bytes:5
07:28:01.0 (3778879)|HEAP_ALLOCATE|[EXTERNAL]|Bytes:6
07:28:01.0 (3822462)|SYSTEM_MODE_EXIT|false
07:28:01.0 (3828720)|STATEMENT_EXECUTE|[1]
07:28:01.0 (3839382)|SYSTEM_MODE_ENTER|false
07:28:01.0 (3845452)|HEAP_ALLOCATE|[EXTERNAL]|Bytes:5
07:28:01.0 (3850749)|STATEMENT_EXECUTE|[4]
07:28:01.0 (3857757)|SYSTEM_MODE_EXIT|false
07:28:01.0 (3880763)|CODE_UNIT_FINISHED|WrapperEmployeeSkills <init>
07:28:01.0 (3951977)|CODE_UNIT_STARTED|[EXTERNAL]|01p360000072SS3|WrapperEmployeeSkills get(EmployeeSkills)
07:28:01.0 (3965781)|SYSTEM_MODE_ENTER|true
07:28:01.0 (3998202)|CODE_UNIT_STARTED|[EXTERNAL]|01p360000072SS3|WrapperEmployeeSkills invoke(getEmployeeSkills)
07:28:01.0 (4046896)|HEAP_ALLOCATE|[EXTERNAL]|Bytes:8
07:28:01.0 (4062114)|VARIABLE_SCOPE_BEGIN|[7]|this|WrapperEmployeeSkills|true|false
07:28:01.0 (4085721)|VARIABLE_ASSIGNMENT|[7]|this|{}|0x1e4aeae8
07:28:01.0 (4112470)|SYSTEM_MODE_ENTER|false
07:28:01.0 (4120835)|HEAP_ALLOCATE|[8]|Bytes:5
07:28:01.0 (4127349)|STATEMENT_EXECUTE|[7]
07:28:01.0 (4203506)|VARIABLE_ASSIGNMENT|[EXTERNAL]|this|{}|0x1e4aeae8
07:28:01.0 (4227221)|STATEMENT_EXECUTE|[8]
07:28:01.0 (4230524)|STATEMENT_EXECUTE|[9]
07:28:01.0 (4240033)|HEAP_ALLOCATE|[9]|Bytes:4
07:28:01.0 (4415557)|VARIABLE_ASSIGNMENT|[EXTERNAL]|this|{}|0x1e4aeae8
07:28:01.0 (4463049)|HEAP_ALLOCATE|[EXTERNAL]|Bytes:4
07:28:01.0 (4487162)|VARIABLE_ASSIGNMENT|[EXTERNAL]|value|{"s":1,"v":[]}|0x3cf96df8
07:28:01.0 (4513333)|VARIABLE_ASSIGNMENT|[4]|this.skillsList|{"s":1,"v":[]}|0x1e4aeae8
07:28:01.0 (4531552)|HEAP_ALLOCATE|[10]|Bytes:74
07:28:01.0 (4550014)|HEAP_ALLOCATE|[10]|Bytes:4
07:28:01.0 (5420766)|SOQL_EXECUTE_BEGIN|[10]|Aggregations:0|SELECT Id, Name, Employee__r.Name, Project__r.Name FROM Employee_Skills__c
07:28:01.0 (13109855)|SOQL_EXECUTE_END|[10]|Rows:14
07:28:01.0 (13131685)|HEAP_ALLOCATE|[EXTERNAL]|Bytes:60
07:28:01.0 (13400857)|HEAP_ALLOCATE|[10]|Bytes:49
07:28:01.0 (13409061)|HEAP_ALLOCATE|[10]|Bytes:8
07:28:01.0 (13424436)|SYSTEM_METHOD_ENTRY|[7]|QueryLocatorIterator.QueryLocatorIterator()
07:28:01.0 (13428623)|STATEMENT_EXECUTE|[7]
07:28:01.0 (13440182)|SYSTEM_METHOD_EXIT|[7]|QueryLocatorIterator
07:28:01.0 (13447546)|HEAP_ALLOCATE|[10]|Bytes:28
07:28:01.0 (13507269)|HEAP_ALLOCATE|[10]|Bytes:60
07:28:01.0 (13527719)|HEAP_ALLOCATE|[10]|Bytes:8
07:28:01.0 (13530709)|HEAP_ALLOCATE|[10]|Bytes:8
07:28:01.0 (13535238)|VARIABLE_SCOPE_BEGIN|[15]|this|Database.QueryLocatorIterator|true|false
07:28:01.0 (13562295)|VARIABLE_ASSIGNMENT|[15]|this|{}|0x305bdce3
07:28:01.0 (13565806)|VARIABLE_SCOPE_BEGIN|[15]|values|List<SObject>|true|false
07:28:01.0 (13579765)|VARIABLE_ASSIGNMENT|[15]|values|{"s":1,"v":"List of size 14 too large to display"}|0x1775adc2
07:28:01.0 (13582624)|VARIABLE_SCOPE_BEGIN|[15]|ql|Database.QueryLocator|true|false
07:28:01.0 (13597272)|VARIABLE_ASSIGNMENT|[15]|ql|{"query":"SELECT Id, Name, Emp (54 more) ..."}|0x144aa859
07:28:01.0 (13599988)|VARIABLE_SCOPE_BEGIN|[15]|totalNumRecords|Integer|false|false
07:28:01.0 (13603869)|VARIABLE_ASSIGNMENT|[15]|totalNumRecords|14
07:28:01.0 (13605895)|VARIABLE_SCOPE_BEGIN|[15]|queryMoreSize|Integer|false|false
07:28:01.0 (13608775)|VARIABLE_ASSIGNMENT|[15]|queryMoreSize|49986
07:28:01.0 (13658566)|HEAP_ALLOCATE|[10]|Bytes:28
07:28:01.0 (13682228)|METHOD_ENTRY|[10]||Database.QueryLocatorIterator.hasNext()
07:28:01.0 (13778434)|METHOD_EXIT|[10]||Database.QueryLocatorIterator.hasNext()
07:28:01.0 (13789666)|METHOD_ENTRY|[10]||Database.QueryLocatorIterator.next()
07:28:01.0 (13882990)|METHOD_EXIT|[10]||Database.QueryLocatorIterator.next()
07:28:01.0 (13894796)|VARIABLE_SCOPE_BEGIN|[10]|c|Employee_Skills__c|true|false
07:28:01.0 (13922110)|VARIABLE_ASSIGNMENT|[10]|c|{"s":1,"v":{"Id":"a0C360000002n2pEAA","Name":"sdfsdfsdf","Employee__c":"a0A36000001yx5YEAQ","Project__c":"a0736000000Ew01AAC","Employee__r":{"s":2,"v":{"Name":"dssdfsd","Id":"a0A36000001yx5YEAQ"}},"Project__r":{"s":3,"v":{"Name":"eBank","Id":"a0736000000Ew01AAC"}}}}|0x648d029b
07:28:01.0 (13928192)|STATEMENT_EXECUTE|[10]
07:28:01.0 (13929723)|STATEMENT_EXECUTE|[12]
07:28:01.0 (13969792)|VARIABLE_ASSIGNMENT|[EXTERNAL]|this|{"skillsList":"0x3cf96df8"}|0x1e4aeae8
07:28:01.0 (13987700)|HEAP_ALLOCATE|[12]|Bytes:112
07:28:01.0 (13992598)|HEAP_ALLOCATE|[12]|Bytes:8
07:28:01.0 (14007172)|HEAP_ALLOCATE|[12]|Bytes:12
07:28:01.0 (14031159)|CONSTRUCTOR_ENTRY|[12]|01p360000072SS3|<init>(Employee_Skills__c)
07:28:01.0 (14050419)|VARIABLE_SCOPE_BEGIN|[64]|this|WrapperEmployeeSkills.wEmployee|true|false
07:28:01.0 (14068756)|VARIABLE_ASSIGNMENT|[64]|this|{}|0x6281d5c2
07:28:01.0 (14074233)|VARIABLE_SCOPE_BEGIN|[64]|s|Employee_Skills__c|true|false
07:28:01.0 (14091918)|VARIABLE_ASSIGNMENT|[64]|s|{"s":1,"v":{"Id":"a0C360000002n2pEAA","Name":"sdfsdfsdf","Employee__c":"a0A36000001yx5YEAQ","Project__c":"a0736000000Ew01AAC","Employee__r":{"s":2,"v":{"Name":"dssdfsd","Id":"a0A36000001yx5YEAQ"}},"Project__r":{"s":3,"v":{"Name":"eBank","Id":"a0736000000Ew01AAC"}}}}|0x648d029b
07:28:01.0 (14097488)|STATEMENT_EXECUTE|[59]
07:28:01.0 (14098935)|STATEMENT_EXECUTE|[60]
07:28:01.0 (14100073)|STATEMENT_EXECUTE|[61]
07:28:01.0 (14113282)|STATEMENT_EXECUTE|[64]
07:28:01.0 (14115143)|STATEMENT_EXECUTE|[65]
07:28:01.0 (14193286)|VARIABLE_ASSIGNMENT|[EXTERNAL]|this|{}|0x6281d5c2
07:28:01.0 (14214285)|VARIABLE_ASSIGNMENT|[EXTERNAL]|value|{"s":1,"v":{"Id":"a0C360000002n2pEAA","Name":"sdfsdfsdf","Employee__c":"a0A36000001yx5YEAQ","Project__c":"a0736000000Ew01AAC","Employee__r":{"s":2,"v":{"Name":"dssdfsd","Id":"a0A36000001yx5YEAQ"}},"Project__r":{"s":3,"v":{"Name":"eBank","Id":"a0736000000Ew01AAC"}}}}|0x648d029b
07:28:01.0 (14234642)|VARIABLE_ASSIGNMENT|[60]|this.skill|{"s":1,"v":{"Id":"a0C360000002n2pEAA","Name":"sdfsdfsdf","Employee__c":"a0A36000001yx5YEAQ","Project__c":"a0736000000Ew01AAC","Employee__r":{"s":2,"v":{"Name":"dssdfsd","Id":"a0A36000001yx5YEAQ"}},"Project__r":{"s":3,"v":{"Name":"eBank","Id":"a0736000000Ew01AAC"}}}}|0x6281d5c2
07:28:01.0 (14244116)|STATEMENT_EXECUTE|[66]
07:28:01.0 (14309345)|VARIABLE_ASSIGNMENT|[EXTERNAL]|this|{"skill":"0x648d029b"}|0x6281d5c2
07:28:01.0 (14327413)|VARIABLE_ASSIGNMENT|[EXTERNAL]|value|false
07:28:01.0 (14336388)|HEAP_ALLOCATE|[61]|Bytes:5
07:28:01.0 (14350730)|VARIABLE_ASSIGNMENT|[61]|this.selected|false|0x6281d5c2
07:28:01.0 (14367438)|CONSTRUCTOR_EXIT|[12]|01p360000072SS3|<init>(Employee_Skills__c)
07:28:01.0 (14383990)|HEAP_ALLOCATE|[EXTERNAL]|Bytes:4
07:28:01.0 (14394432)|METHOD_ENTRY|[10]||Database.QueryLocatorIterator.hasNext()
07:28:01.0 (14415206)|METHOD_EXIT|[10]||Database.QueryLocatorIterator.hasNext()
07:28:01.0 (14420360)|METHOD_ENTRY|[10]||Database.QueryLocatorIterator.next()
07:28:01.0 (14494911)|METHOD_EXIT|[10]||Database.QueryLocatorIterator.next()
07:28:01.0 (14502400)|VARIABLE_SCOPE_BEGIN|[10]|c|Employee_Skills__c|true|false
07:28:01.0 (14524036)|VARIABLE_ASSIGNMENT|[10]|c|{"s":1,"v":{"Id":"a0C360000003sI7EAI","Name":"Test Skill","Employee__c":"a0A36000002STuDEAW","Project__c":"a07360000014vWtAAI","Employee__r":{"s":2,"v":{"Name":"Jor","Id":"a0A36000002STuDEAW"}},"Project__r":{"s":3,"v":{"Name":"TestProj","Id":"a07360000014vWtAAI"}}}}|0x3e884cf8
07:28:01.0 (14527854)|STATEMENT_EXECUTE|[10]
07:28:01.0 (14529176)|STATEMENT_EXECUTE|[12]
07:28:01.0 (14550046)|VARIABLE_ASSIGNMENT|[EXTERNAL]|this|{"skillsList":"0x3cf96df8"}|0x1e4aeae8
07:28:01.0 (14560290)|HEAP_ALLOCATE|[12]|Bytes:12
07:28:01.0 (14568757)|CONSTRUCTOR_ENTRY|[12]|01p360000072SS3|<init>(Employee_Skills__c)
07:28:01.0 (14573209)|VARIABLE_SCOPE_BEGIN|[64]|this|WrapperEmployeeSkills.wEmployee|true|false
07:28:01.0 (14586635)|VARIABLE_ASSIGNMENT|[64]|this|{}|0x4d2d2192
07:28:01.0 (14589210)|VARIABLE_SCOPE_BEGIN|[64]|s|Employee_Skills__c|true|false
07:28:01.0 (14604047)|VARIABLE_ASSIGNMENT|[64]|s|{"s":1,"v":{"Id":"a0C360000003sI7EAI","Name":"Test Skill","Employee__c":"a0A36000002STuDEAW","Project__c":"a07360000014vWtAAI","Employee__r":{"s":2,"v":{"Name":"Jor","Id":"a0A36000002STuDEAW"}},"Project__r":{"s":3,"v":{"Name":"TestProj","Id":"a07360000014vWtAAI"}}}}|0x3e884cf8
07:28:01.0 (14608560)|STATEMENT_EXECUTE|[59]
07:28:01.0 (14609930)|STATEMENT_EXECUTE|[60]
07:28:01.0 (14611133)|STATEMENT_EXECUTE|[61]
07:28:01.0 (14622182)|STATEMENT_EXECUTE|[64]
07:28:01.0 (14623850)|STATEMENT_EXECUTE|[65]
07:28:01.0 (14639756)|VARIABLE_ASSIGNMENT|[EXTERNAL]|this|{}|0x4d2d2192
07:28:01.0 (14655076)|VARIABLE_ASSIGNMENT|[EXTERNAL]|value|{"s":1,"v":{"Id":"a0C360000003sI7EAI","Name":"Test Skill","Employee__c":"a0A36000002STuDEAW","Project__c":"a07360000014vWtAAI","Employee__r":{"s":2,"v":{"Name":"Jor","Id":"a0A36000002STuDEAW"}},"Project__r":{"s":3,"v":{"Name":"TestProj","Id":"a07360000014vWtAAI"}}}}|0x3e884cf8
07:28:01.0 (14671622)|VARIABLE_ASSIGNMENT|[60]|this.skill|{"s":1,"v":{"Id":"a0C360000003sI7EAI","Name":"Test Skill","Employee__c":"a0A36000002STuDEAW","Project__c":"a07360000014vWtAAI","Employee__r":{"s":2,"v":{"Name":"Jor","Id":"a0A36000002STuDEAW"}},"Project__r":{"s":3,"v":{"Name":"TestProj","Id":"a07360000014vWtAAI"}}}}|0x4d2d2192
07:28:01.0 (14680299)|STATEMENT_EXECUTE|[66]
07:28:01.0 (14711645)|VARIABLE_ASSIGNMENT|[EXTERNAL]|this|{"skill":"0x3e884cf8"}|0x4d2d2192
07:28:01.0 (14729282)|VARIABLE_ASSIGNMENT|[EXTERNAL]|value|false
07:28:01.0 (14736369)|HEAP_ALLOCATE|[61]|Bytes:5
07:28:01.0 (14748306)|VARIABLE_ASSIGNMENT|[61]|this.selected|false|0x4d2d2192
07:28:01.0 (14765956)|CONSTRUCTOR_EXIT|[12]|01p360000072SS3|<init>(Employee_Skills__c)
07:28:01.0 (14782450)|HEAP_ALLOCATE|[EXTERNAL]|Bytes:4
07:28:01.0 (14798727)|METHOD_ENTRY|[10]||Database.QueryLocatorIterator.hasNext()
07:28:01.0 (14835655)|METHOD_EXIT|[10]||Database.QueryLocatorIterator.hasNext()
07:28:01.0 (14846011)|METHOD_ENTRY|[10]||Database.QueryLocatorIterator.next()
07:28:01.0 (14950095)|METHOD_EXIT|[10]||Database.QueryLocatorIterator.next()
07:28:01.0 (14960975)|VARIABLE_SCOPE_BEGIN|[10]|c|Employee_Skills__c|true|false
07:28:01.0 (14995312)|VARIABLE_ASSIGNMENT|[10]|c|{"s":1,"v":{"Id":"a0C360000003I4VEAU","Name":"Design","Employee__c":"a0A36000001zhkPEAQ","Project__c":"a0736000000F4iQAAS","Employee__r":{"s":2,"v":{"Name":"Robert Dobson","Id":"a0A36000001zhkPEAQ"}},"Project__r":{"s":3,"v":{"Name":"dasdasd","Id":"a0736000000F4iQAAS"}}}}|0x313e5b43
07:28:01.0 (15003729)|STATEMENT_EXECUTE|[10]
07:28:01.0 (15006767)|STATEMENT_EXECUTE|[12]
07:28:01.0 (15040073)|VARIABLE_ASSIGNMENT|[EXTERNAL]|this|{"skillsList":"0x3cf96df8"}|0x1e4aeae8
07:28:01.0 (15057433)|HEAP_ALLOCATE|[12]|Bytes:12
07:28:01.0 (15070804)|CONSTRUCTOR_ENTRY|[12]|01p360000072SS3|<init>(Employee_Skills__c)
07:28:01.0 (15078765)|VARIABLE_SCOPE_BEGIN|[64]|this|WrapperEmployeeSkills.wEmployee|true|false
07:28:01.0 (15100985)|VARIABLE_ASSIGNMENT|[64]|this|{}|0x171b8244
07:28:01.0 (15105545)|VARIABLE_SCOPE_BEGIN|[64]|s|Employee_Skills__c|true|false
07:28:01.0 (15131593)|VARIABLE_ASSIGNMENT|[64]|s|{"s":1,"v":{"Id":"a0C360000003I4VEAU","Name":"Design","Employee__c":"a0A36000001zhkPEAQ","Project__c":"a0736000000F4iQAAS","Employee__r":{"s":2,"v":{"Name":"Robert Dobson","Id":"a0A36000001zhkPEAQ"}},"Project__r":{"s":3,"v":{"Name":"dasdasd","Id":"a0736000000F4iQAAS"}}}}|0x313e5b43
07:28:01.0 (15138967)|STATEMENT_EXECUTE|[59]
07:28:01.0 (15141168)|STATEMENT_EXECUTE|[60]
07:28:01.0 (15143013)|STATEMENT_EXECUTE|[61]
07:28:01.0 (15161076)|STATEMENT_EXECUTE|[64]
07:28:01.0 (15163889)|STATEMENT_EXECUTE|[65]
07:28:01.0 (15191977)|VARIABLE_ASSIGNMENT|[EXTERNAL]|this|{}|0x171b8244
07:28:01.0 (15219450)|VARIABLE_ASSIGNMENT|[EXTERNAL]|value|{"s":1,"v":{"Id":"a0C360000003I4VEAU","Name":"Design","Employee__c":"a0A36000001zhkPEAQ","Project__c":"a0736000000F4iQAAS","Employee__r":{"s":2,"v":{"Name":"Robert Dobson","Id":"a0A36000001zhkPEAQ"}},"Project__r":{"s":3,"v":{"Name":"dasdasd","Id":"a0736000000F4iQAAS"}}}}|0x313e5b43
07:28:01.0 (15250495)|VARIABLE_ASSIGNMENT|[60]|this.skill|{"s":1,"v":{"Id":"a0C360000003I4VEAU","Name":"Design","Employee__c":"a0A36000001zhkPEAQ","Project__c":"a0736000000F4iQAAS","Employee__r":{"s":2,"v":{"Name":"Robert Dobson","Id":"a0A36000001zhkPEAQ"}},"Project__r":{"s":3,"v":{"Name":"dasdasd","Id":"a0736000000F4iQAAS"}}}}|0x171b8244
07:28:01.0 (15265296)|STATEMENT_EXECUTE|[66]
07:28:01.0 (15298028)|VARIABLE_ASSIGNMENT|[EXTERNAL]|this|{"skill":"0x313e5b43"}|0x171b8244
07:28:01.0 (15311030)|VARIABLE_ASSIGNMENT|[EXTERNAL]|value|false
07:28:01.0 (15317602)|HEAP_ALLOCATE|[61]|Bytes:5
07:28:01.0 (15329853)|VARIABLE_ASSIGNMENT|[61]|this.selected|false|0x171b8244
07:28:01.0 (15347934)|CONSTRUCTOR_EXIT|[12]|01p360000072SS3|<init>(Employee_Skills__c)
07:28:01.0 (15362791)|HEAP_ALLOCATE|[EXTERNAL]|Bytes:4
07:28:01.0 (15377176)|METHOD_ENTRY|[10]||Database.QueryLocatorIterator.hasNext()
07:28:01.0 (15412265)|METHOD_EXIT|[10]||Database.QueryLocatorIterator.hasNext()
07:28:01.0 (15422243)|METHOD_ENTRY|[10]||Database.QueryLocatorIterator.next()
07:28:01.0 (15521006)|METHOD_EXIT|[10]||Database.QueryLocatorIterator.next()
07:28:01.0 (15530357)|VARIABLE_SCOPE_BEGIN|[10]|c|Employee_Skills__c|true|false
07:28:01.0 (15561417)|VARIABLE_ASSIGNMENT|[10]|c|{"s":1,"v":{"Id":"a0C360000003VRsEAM","Name":"Designer","Employee__c":"a0A36000001ygYkEAI","Project__c":"a0736000000Ex6cAAC","Employee__r":{"s":2,"v":{"Name":"Andriy Lokotosh","Id":"a0A36000001ygYkEAI"}},"Project__r":{"s":3,"v":{"Name":"SolutionSoft","Id":"a0736000000Ex6cAAC"}}}}|0x543c27a7
07:28:01.0 (15567660)|STATEMENT_EXECUTE|[10]
07:28:01.0 (15570224)|STATEMENT_EXECUTE|[12]
07:28:01.0 (15602288)|VARIABLE_ASSIGNMENT|[EXTERNAL]|this|{"skillsList":"0x3cf96df8"}|0x1e4aeae8
07:28:01.0 (15620512)|HEAP_ALLOCATE|[12]|Bytes:12
07:28:01.0 (15634187)|CONSTRUCTOR_ENTRY|[12]|01p360000072SS3|<init>(Employee_Skills__c)
07:28:01.0 (15642372)|VARIABLE_SCOPE_BEGIN|[64]|this|WrapperEmployeeSkills.wEmployee|true|false
07:28:01.0 (15665719)|VARIABLE_ASSIGNMENT|[64]|this|{}|0x620967f0
07:28:01.0 (15671285)|VARIABLE_SCOPE_BEGIN|[64]|s|Employee_Skills__c|true|false
07:28:01.0 (15698891)|VARIABLE_ASSIGNMENT|[64]|s|{"s":1,"v":{"Id":"a0C360000003VRsEAM","Name":"Designer","Employee__c":"a0A36000001ygYkEAI","Project__c":"a0736000000Ex6cAAC","Employee__r":{"s":2,"v":{"Name":"Andriy Lokotosh","Id":"a0A36000001ygYkEAI"}},"Project__r":{"s":3,"v":{"Name":"SolutionSoft","Id":"a0736000000Ex6cAAC"}}}}|0x543c27a7
07:28:01.0 (15705835)|STATEMENT_EXECUTE|[59]
07:28:01.0 (15707997)|STATEMENT_EXECUTE|[60]
07:28:01.0 (15709905)|STATEMENT_EXECUTE|[61]
07:28:01.0 (15734100)|STATEMENT_EXECUTE|[64]
07:28:01.0 (15737504)|STATEMENT_EXECUTE|[65]
07:28:01.0 (15766655)|VARIABLE_ASSIGNMENT|[EXTERNAL]|this|{}|0x620967f0
07:28:01.0 (15795637)|VARIABLE_ASSIGNMENT|[EXTERNAL]|value|{"s":1,"v":{"Id":"a0C360000003VRsEAM","Name":"Designer","Employee__c":"a0A36000001ygYkEAI","Project__c":"a0736000000Ex6cAAC","Employee__r":{"s":2,"v":{"Name":"Andriy Lokotosh","Id":"a0A36000001ygYkEAI"}},"Project__r":{"s":3,"v":{"Name":"SolutionSoft","Id":"a0736000000Ex6cAAC"}}}}|0x543c27a7
07:28:01.0 (15830184)|VARIABLE_ASSIGNMENT|[60]|this.skill|{"s":1,"v":{"Id":"a0C360000003VRsEAM","Name":"Designer","Employee__c":"a0A36000001ygYkEAI","Project__c":"a0736000000Ex6cAAC","Employee__r":{"s":2,"v":{"Name":"Andriy Lokotosh","Id":"a0A36000001ygYkEAI"}},"Project__r":{"s":3,"v":{"Name":"SolutionSoft","Id":"a0736000000Ex6cAAC"}}}}|0x620967f0
07:28:01.0 (15845160)|STATEMENT_EXECUTE|[66]
07:28:01.0 (15880858)|VARIABLE_ASSIGNMENT|[EXTERNAL]|this|{"skill":"0x543c27a7"}|0x620967f0
07:28:01.0 (15893433)|VARIABLE_ASSIGNMENT|[EXTERNAL]|value|false
07:28:01.0 (15900516)|HEAP_ALLOCATE|[61]|Bytes:5
07:28:01.0 (15914049)|VARIABLE_ASSIGNMENT|[61]|this.selected|false|0x620967f0
07:28:01.0 (15932724)|CONSTRUCTOR_EXIT|[12]|01p360000072SS3|<init>(Employee_Skills__c)
07:28:01.0 (15948906)|HEAP_ALLOCATE|[EXTERNAL]|Bytes:4
07:28:01.0 (15964081)|METHOD_ENTRY|[10]||Database.QueryLocatorIterator.hasNext()
07:28:01.0 (16000852)|METHOD_EXIT|[10]||Database.QueryLocatorIterator.hasNext()
07:28:01.0 (16013661)|METHOD_ENTRY|[10]||Database.QueryLocatorIterator.next()
07:28:01.0 (16117402)|METHOD_EXIT|[10]||Database.QueryLocatorIterator.next()
07:28:01.0 (16128853)|VARIABLE_SCOPE_BEGIN|[10]|c|Employee_Skills__c|true|false
07:28:01.0 (16160570)|VARIABLE_ASSIGNMENT|[10]|c|{"s":1,"v":{"Id":"a0C360000003I4aEAE","Name":"QA","Employee__c":"a0A36000001zhkPEAQ","Project__c":"a0736000000Ex6cAAC","Employee__r":{"s":2,"v":{"Name":"Robert Dobson","Id":"a0A36000001zhkPEAQ"}},"Project__r":{"s":3,"v":{"Name":"SolutionSoft","Id":"a0736000000Ex6cAAC"}}}}|0x573d6509
07:28:01.0 (16167778)|STATEMENT_EXECUTE|[10]
07:28:01.0 (16169994)|STATEMENT_EXECUTE|[12]
07:28:01.0 (16201406)|VARIABLE_ASSIGNMENT|[EXTERNAL]|this|{"skillsList":"0x3cf96df8"}|0x1e4aeae8
07:28:01.0 (16219279)|HEAP_ALLOCATE|[12]|Bytes:12
07:28:01.0 (16232372)|CONSTRUCTOR_ENTRY|[12]|01p360000072SS3|<init>(Employee_Skills__c)
07:28:01.0 (16239344)|VARIABLE_SCOPE_BEGIN|[64]|this|WrapperEmployeeSkills.wEmployee|true|false
07:28:01.0 (16261062)|VARIABLE_ASSIGNMENT|[64]|this|{}|0xb21a921
07:28:01.0 (16266101)|VARIABLE_SCOPE_BEGIN|[64]|s|Employee_Skills__c|true|false
07:28:01.0 (16292847)|VARIABLE_ASSIGNMENT|[64]|s|{"s":1,"v":{"Id":"a0C360000003I4aEAE","Name":"QA","Employee__c":"a0A36000001zhkPEAQ","Project__c":"a0736000000Ex6cAAC","Employee__r":{"s":2,"v":{"Name":"Robert Dobson","Id":"a0A36000001zhkPEAQ"}},"Project__r":{"s":3,"v":{"Name":"SolutionSoft","Id":"a0736000000Ex6cAAC"}}}}|0x573d6509
07:28:01.0 (16300744)|STATEMENT_EXECUTE|[59]
07:28:01.0 (16303066)|STATEMENT_EXECUTE|[60]
07:28:01.0 (16305256)|STATEMENT_EXECUTE|[61]
07:28:01.0 (16324127)|STATEMENT_EXECUTE|[64]
07:28:01.0 (16327261)|STATEMENT_EXECUTE|[65]
07:28:01.0 (16355615)|VARIABLE_ASSIGNMENT|[EXTERNAL]|this|{}|0xb21a921
07:28:01.0 (16385529)|VARIABLE_ASSIGNMENT|[EXTERNAL]|value|{"s":1,"v":{"Id":"a0C360000003I4aEAE","Name":"QA","Employee__c":"a0A36000001zhkPEAQ","Project__c":"a0736000000Ex6cAAC","Employee__r":{"s":2,"v":{"Name":"Robert Dobson","Id":"a0A36000001zhkPEAQ"}},"Project__r":{"s":3,"v":{"Name":"SolutionSoft","Id":"a0736000000Ex6cAAC"}}}}|0x573d6509
07:28:01.0 (16419363)|VARIABLE_ASSIGNMENT|[60]|this.skill|{"s":1,"v":{"Id":"a0C360000003I4aEAE","Name":"QA","Employee__c":"a0A36000001zhkPEAQ","Project__c":"a0736000000Ex6cAAC","Employee__r":{"s":2,"v":{"Name":"Robert Dobson","Id":"a0A36000001zhkPEAQ"}},"Project__r":{"s":3,"v":{"Name":"SolutionSoft","Id":"a0736000000Ex6cAAC"}}}}|0xb21a921
07:28:01.0 (16434561)|STATEMENT_EXECUTE|[66]
07:28:01.0 (16468728)|VARIABLE_ASSIGNMENT|[EXTERNAL]|this|{"skill":"0x573d6509"}|0xb21a921
07:28:01.0 (16480530)|VARIABLE_ASSIGNMENT|[EXTERNAL]|value|false
07:28:01.0 (16486985)|HEAP_ALLOCATE|[61]|Bytes:5
07:28:01.0 (16498755)|VARIABLE_ASSIGNMENT|[61]|this.selected|false|0xb21a921
07:28:01.0 (16516773)|CONSTRUCTOR_EXIT|[12]|01p360000072SS3|<init>(Employee_Skills__c)
07:28:01.0 (16532019)|HEAP_ALLOCATE|[EXTERNAL]|Bytes:4
07:28:01.0 (16547469)|METHOD_ENTRY|[10]||Database.QueryLocatorIterator.hasNext()
07:28:01.0 (16585591)|METHOD_EXIT|[10]||Database.QueryLocatorIterator.hasNext()
07:28:01.0 (16597513)|METHOD_ENTRY|[10]||Database.QueryLocatorIterator.next()
07:28:01.0 (16701906)|METHOD_EXIT|[10]||Database.QueryLocatorIterator.next()
07:28:01.0 (16713167)|VARIABLE_SCOPE_BEGIN|[10]|c|Employee_Skills__c|true|false
07:28:01.0 (16750521)|VARIABLE_ASSIGNMENT|[10]|c|{"s":1,"v":{"Id":"a0C360000003XRiEAM","Name":"Tomato","Employee__c":"a0A36000001ygYkEAI","Project__c":"a0736000000Ew01AAC","Employee__r":{"s":2,"v":{"Name":"Andriy Lokotosh","Id":"a0A36000001ygYkEAI"}},"Project__r":{"s":3,"v":{"Name":"eBank","Id":"a0736000000Ew01AAC"}}}}|0x7cd49bdb
07:28:01.0 (16758744)|STATEMENT_EXECUTE|[10]
07:28:01.0 (16761023)|STATEMENT_EXECUTE|[12]
07:28:01.0 (16794015)|VARIABLE_ASSIGNMENT|[EXTERNAL]|this|{"skillsList":"0x3cf96df8"}|0x1e4aeae8
07:28:01.0 (16811380)|HEAP_ALLOCATE|[12]|Bytes:12
07:28:01.0 (16825203)|CONSTRUCTOR_ENTRY|[12]|01p360000072SS3|<init>(Employee_Skills__c)
07:28:01.0 (16833641)|VARIABLE_SCOPE_BEGIN|[64]|this|WrapperEmployeeSkills.wEmployee|true|false
07:28:01.0 (16850405)|VARIABLE_ASSIGNMENT|[64]|this|{}|0x554b4556
07:28:01.0 (16853273)|VARIABLE_SCOPE_BEGIN|[64]|s|Employee_Skills__c|true|false
07:28:01.0 (16869537)|VARIABLE_ASSIGNMENT|[64]|s|{"s":1,"v":{"Id":"a0C360000003XRiEAM","Name":"Tomato","Employee__c":"a0A36000001ygYkEAI","Project__c":"a0736000000Ew01AAC","Employee__r":{"s":2,"v":{"Name":"Andriy Lokotosh","Id":"a0A36000001ygYkEAI"}},"Project__r":{"s":3,"v":{"Name":"eBank","Id":"a0736000000Ew01AAC"}}}}|0x7cd49bdb
07:28:01.0 (16873878)|STATEMENT_EXECUTE|[59]
07:28:01.0 (16875180)|STATEMENT_EXECUTE|[60]
07:28:01.0 (16876441)|STATEMENT_EXECUTE|[61]
07:28:01.0 (16888095)|STATEMENT_EXECUTE|[64]
07:28:01.0 (16890061)|STATEMENT_EXECUTE|[65]
07:28:01.0 (16905926)|VARIABLE_ASSIGNMENT|[EXTERNAL]|this|{}|0x554b4556
07:28:01.0 (16920994)|VARIABLE_ASSIGNMENT|[EXTERNAL]|value|{"s":1,"v":{"Id":"a0C360000003XRiEAM","Name":"Tomato","Employee__c":"a0A36000001ygYkEAI","Project__c":"a0736000000Ew01AAC","Employee__r":{"s":2,"v":{"Name":"Andriy Lokotosh","Id":"a0A36000001ygYkEAI"}},"Project__r":{"s":3,"v":{"Name":"eBank","Id":"a0736000000Ew01AAC"}}}}|0x7cd49bdb
07:28:01.0 (16938151)|VARIABLE_ASSIGNMENT|[60]|this.skill|{"s":1,"v":{"Id":"a0C360000003XRiEAM","Name":"Tomato","Employee__c":"a0A36000001ygYkEAI","Project__c":"a0736000000Ew01AAC","Employee__r":{"s":2,"v":{"Name":"Andriy Lokotosh","Id":"a0A36000001ygYkEAI"}},"Project__r":{"s":3,"v":{"Name":"eBank","Id":"a0736000000Ew01AAC"}}}}|0x554b4556
07:28:01.0 (16945749)|STATEMENT_EXECUTE|[66]
07:28:01.0 (16963326)|VARIABLE_ASSIGNMENT|[EXTERNAL]|this|{"skill":"0x7cd49bdb"}|0x554b4556
07:28:01.0 (16969965)|VARIABLE_ASSIGNMENT|[EXTERNAL]|value|false
07:28:01.0 (16974055)|HEAP_ALLOCATE|[61]|Bytes:5
07:28:01.0 (16980443)|VARIABLE_ASSIGNMENT|[61]|this.selected|false|0x554b4556
07:28:01.0 (16990231)|CONSTRUCTOR_EXIT|[12]|01p360000072SS3|<init>(Employee_Skills__c)
07:28:01.0 (16999341)|HEAP_ALLOCATE|[EXTERNAL]|Bytes:4
07:28:01.0 (17007581)|METHOD_ENTRY|[10]||Database.QueryLocatorIterator.hasNext()
07:28:01.0 (17028344)|METHOD_EXIT|[10]||Database.QueryLocatorIterator.hasNext()
07:28:01.0 (17033237)|METHOD_ENTRY|[10]||Database.QueryLocatorIterator.next()
07:28:01.0 (17120631)|METHOD_EXIT|[10]||Database.QueryLocatorIterator.next()
07:28:01.0 (17130811)|VARIABLE_SCOPE_BEGIN|[10]|c|Employee_Skills__c|true|false
07:28:01.0 (17160684)|VARIABLE_ASSIGNMENT|[10]|c|{"s":1,"v":{"Id":"a0C360000003YCSEA2","Name":"Enpl","Employee__c":"a0A36000001ygYkEAI","Project__c":"a0736000000Ew01AAC","Employee__r":{"s":2,"v":{"Name":"Andriy Lokotosh","Id":"a0A36000001ygYkEAI"}},"Project__r":{"s":3,"v":{"Name":"eBank","Id":"a0736000000Ew01AAC"}}}}|0x696267db
07:28:01.0 (17168475)|STATEMENT_EXECUTE|[10]
07:28:01.0 (17170688)|STATEMENT_EXECUTE|[12]
07:28:01.0 (17202205)|VARIABLE_ASSIGNMENT|[EXTERNAL]|this|{"skillsList":"0x3cf96df8"}|0x1e4aeae8
07:28:01.0 (17218071)|HEAP_ALLOCATE|[12]|Bytes:12
07:28:01.0 (17230263)|CONSTRUCTOR_ENTRY|[12]|01p360000072SS3|<init>(Employee_Skills__c)
07:28:01.0 (17237191)|VARIABLE_SCOPE_BEGIN|[64]|this|WrapperEmployeeSkills.wEmployee|true|false
07:28:01.0 (17258408)|VARIABLE_ASSIGNMENT|[64]|this|{}|0x6f0cb377
07:28:01.0 (17263683)|VARIABLE_SCOPE_BEGIN|[64]|s|Employee_Skills__c|true|false
07:28:01.0 (17290249)|VARIABLE_ASSIGNMENT|[64]|s|{"s":1,"v":{"Id":"a0C360000003YCSEA2","Name":"Enpl","Employee__c":"a0A36000001ygYkEAI","Project__c":"a0736000000Ew01AAC","Employee__r":{"s":2,"v":{"Name":"Andriy Lokotosh","Id":"a0A36000001ygYkEAI"}},"Project__r":{"s":3,"v":{"Name":"eBank","Id":"a0736000000Ew01AAC"}}}}|0x696267db
07:28:01.0 (17297516)|STATEMENT_EXECUTE|[59]
07:28:01.0 (17299665)|STATEMENT_EXECUTE|[60]
07:28:01.0 (17301648)|STATEMENT_EXECUTE|[61]
07:28:01.0 (17319041)|STATEMENT_EXECUTE|[64]
07:28:01.0 (17321686)|STATEMENT_EXECUTE|[65]
07:28:01.0 (17348314)|VARIABLE_ASSIGNMENT|[EXTERNAL]|this|{}|0x6f0cb377
07:28:01.0 (17375858)|VARIABLE_ASSIGNMENT|[EXTERNAL]|value|{"s":1,"v":{"Id":"a0C360000003YCSEA2","Name":"Enpl","Employee__c":"a0A36000001ygYkEAI","Project__c":"a0736000000Ew01AAC","Employee__r":{"s":2,"v":{"Name":"Andriy Lokotosh","Id":"a0A36000001ygYkEAI"}},"Project__r":{"s":3,"v":{"Name":"eBank","Id":"a0736000000Ew01AAC"}}}}|0x696267db
07:28:01.0 (17408957)|VARIABLE_ASSIGNMENT|[60]|this.skill|{"s":1,"v":{"Id":"a0C360000003YCSEA2","Name":"Enpl","Employee__c":"a0A36000001ygYkEAI","Project__c":"a0736000000Ew01AAC","Employee__r":{"s":2,"v":{"Name":"Andriy Lokotosh","Id":"a0A36000001ygYkEAI"}},"Project__r":{"s":3,"v":{"Name":"eBank","Id":"a0736000000Ew01AAC"}}}}|0x6f0cb377
07:28:01.0 (17424557)|STATEMENT_EXECUTE|[66]
07:28:01.0 (17460044)|VARIABLE_ASSIGNMENT|[EXTERNAL]|this|{"skill":"0x696267db"}|0x6f0cb377
07:28:01.0 (17472580)|VARIABLE_ASSIGNMENT|[EXTERNAL]|value|false
07:28:01.0 (17479515)|HEAP_ALLOCATE|[61]|Bytes:5
07:28:01.0 (17491982)|VARIABLE_ASSIGNMENT|[61]|this.selected|false|0x6f0cb377
07:28:01.0 (17509983)|CONSTRUCTOR_EXIT|[12]|01p360000072SS3|<init>(Employee_Skills__c)
07:28:01.0 (17526098)|HEAP_ALLOCATE|[EXTERNAL]|Bytes:4
07:28:01.0 (17541513)|METHOD_ENTRY|[10]||Database.QueryLocatorIterator.hasNext()
07:28:01.0 (17575972)|METHOD_EXIT|[10]||Database.QueryLocatorIterator.hasNext()
07:28:01.0 (17586093)|METHOD_ENTRY|[10]||Database.QueryLocatorIterator.next()
07:28:01.0 (17690456)|METHOD_EXIT|[10]||Database.QueryLocatorIterator.next()
07:28:01.0 (17701848)|VARIABLE_SCOPE_BEGIN|[10]|c|Employee_Skills__c|true|false
07:28:01.0 (17739440)|VARIABLE_ASSIGNMENT|[10]|c|{"s":1,"v":{"Id":"a0C360000003XRnEAM","Name":"potato","Employee__c":"a0A36000001ygYkEAI","Project__c":"a0736000000Ew01AAC","Employee__r":{"s":2,"v":{"Name":"Andriy Lokotosh","Id":"a0A36000001ygYkEAI"}},"Project__r":{"s":3,"v":{"Name":"eBank","Id":"a0736000000Ew01AAC"}}}}|0x37dee70e
07:28:01.0 (17748147)|STATEMENT_EXECUTE|[10]
07:28:01.0 (17750541)|STATEMENT_EXECUTE|[12]
07:28:01.0 (17783698)|VARIABLE_ASSIGNMENT|[EXTERNAL]|this|{"skillsList":"0x3cf96df8"}|0x1e4aeae8
07:28:01.0 (17803138)|HEAP_ALLOCATE|[12]|Bytes:12
07:28:01.0 (17816859)|CONSTRUCTOR_ENTRY|[12]|01p360000072SS3|<init>(Employee_Skills__c)
07:28:01.0 (17825501)|VARIABLE_SCOPE_BEGIN|[64]|this|WrapperEmployeeSkills.wEmployee|true|false
07:28:01.0 (17848526)|VARIABLE_ASSIGNMENT|[64]|this|{}|0x38307556
07:28:01.0 (17854341)|VARIABLE_SCOPE_BEGIN|[64]|s|Employee_Skills__c|true|false
07:28:01.0 (17882227)|VARIABLE_ASSIGNMENT|[64]|s|{"s":1,"v":{"Id":"a0C360000003XRnEAM","Name":"potato","Employee__c":"a0A36000001ygYkEAI","Project__c":"a0736000000Ew01AAC","Employee__r":{"s":2,"v":{"Name":"Andriy Lokotosh","Id":"a0A36000001ygYkEAI"}},"Project__r":{"s":3,"v":{"Name":"eBank","Id":"a0736000000Ew01AAC"}}}}|0x37dee70e
07:28:01.0 (17890644)|STATEMENT_EXECUTE|[59]
07:28:01.0 (17892868)|STATEMENT_EXECUTE|[60]
07:28:01.0 (17894907)|STATEMENT_EXECUTE|[61]
07:28:01.0 (17914314)|STATEMENT_EXECUTE|[64]
07:28:01.0 (17917566)|STATEMENT_EXECUTE|[65]
07:28:01.0 (17947727)|VARIABLE_ASSIGNMENT|[EXTERNAL]|this|{}|0x38307556
07:28:01.0 (17978074)|VARIABLE_ASSIGNMENT|[EXTERNAL]|value|{"s":1,"v":{"Id":"a0C360000003XRnEAM","Name":"potato","Employee__c":"a0A36000001ygYkEAI","Project__c":"a0736000000Ew01AAC","Employee__r":{"s":2,"v":{"Name":"Andriy Lokotosh","Id":"a0A36000001ygYkEAI"}},"Project__r":{"s":3,"v":{"Name":"eBank","Id":"a0736000000Ew01AAC"}}}}|0x37dee70e
07:28:01.0 (18013755)|VARIABLE_ASSIGNMENT|[60]|this.skill|{"s":1,"v":{"Id":"a0C360000003XRnEAM","Name":"potato","Employee__c":"a0A36000001ygYkEAI","Project__c":"a0736000000Ew01AAC","Employee__r":{"s":2,"v":{"Name":"Andriy Lokotosh","Id":"a0A36000001ygYkEAI"}},"Project__r":{"s":3,"v":{"Name":"eBank","Id":"a0736000000Ew01AAC"}}}}|0x38307556
07:28:01.0 (18029612)|STATEMENT_EXECUTE|[66]
07:28:01.0 (18063809)|VARIABLE_ASSIGNMENT|[EXTERNAL]|this|{"skill":"0x37dee70e"}|0x38307556
07:28:01.0 (18075879)|VARIABLE_ASSIGNMENT|[EXTERNAL]|value|false
07:28:01.0 (18082817)|HEAP_ALLOCATE|[61]|Bytes:5
07:28:01.0 (18095253)|VARIABLE_ASSIGNMENT|[61]|this.selected|false|0x38307556
07:28:01.0 (18113997)|CONSTRUCTOR_EXIT|[12]|01p360000072SS3|<init>(Employee_Skills__c)
07:28:01.0 (18130096)|HEAP_ALLOCATE|[EXTERNAL]|Bytes:4
07:28:01.0 (18145376)|METHOD_ENTRY|[10]||Database.QueryLocatorIterator.hasNext()
07:28:01.0 (18180290)|METHOD_EXIT|[10]||Database.QueryLocatorIterator.hasNext()
07:28:01.0 (18190547)|METHOD_ENTRY|[10]||Database.QueryLocatorIterator.next()
07:28:01.0 (18297153)|METHOD_EXIT|[10]||Database.QueryLocatorIterator.next()
07:28:01.0 (18307758)|VARIABLE_SCOPE_BEGIN|[10]|c|Employee_Skills__c|true|false
07:28:01.0 (18339438)|VARIABLE_ASSIGNMENT|[10]|c|{"s":1,"v":{"Id":"a0C360000003XTFEA2","Name":"ef","Employee__c":"a0A36000001ygYkEAI","Project__c":"a0736000000Ew01AAC","Employee__r":{"s":2,"v":{"Name":"Andriy Lokotosh","Id":"a0A36000001ygYkEAI"}},"Project__r":{"s":3,"v":{"Name":"eBank","Id":"a0736000000Ew01AAC"}}}}|0x42968134
07:28:01.0 (18346778)|STATEMENT_EXECUTE|[10]
07:28:01.0 (18349309)|STATEMENT_EXECUTE|[12]
07:28:01.0 (18381796)|VARIABLE_ASSIGNMENT|[EXTERNAL]|this|{"skillsList":"0x3cf96df8"}|0x1e4aeae8
07:28:01.0 (18399071)|HEAP_ALLOCATE|[12]|Bytes:12
07:28:01.0 (18412593)|CONSTRUCTOR_ENTRY|[12]|01p360000072SS3|<init>(Employee_Skills__c)
07:28:01.0 (18420607)|VARIABLE_SCOPE_BEGIN|[64]|this|WrapperEmployeeSkills.wEmployee|true|false
07:28:01.0 (18444049)|VARIABLE_ASSIGNMENT|[64]|this|{}|0x488b151a
07:28:01.0 (18449831)|VARIABLE_SCOPE_BEGIN|[64]|s|Employee_Skills__c|true|false
07:28:01.0 (18476817)|VARIABLE_ASSIGNMENT|[64]|s|{"s":1,"v":{"Id":"a0C360000003XTFEA2","Name":"ef","Employee__c":"a0A36000001ygYkEAI","Project__c":"a0736000000Ew01AAC","Employee__r":{"s":2,"v":{"Name":"Andriy Lokotosh","Id":"a0A36000001ygYkEAI"}},"Project__r":{"s":3,"v":{"Name":"eBank","Id":"a0736000000Ew01AAC"}}}}|0x42968134
07:28:01.0 (18484471)|STATEMENT_EXECUTE|[59]
07:28:01.0 (18486766)|STATEMENT_EXECUTE|[60]
07:28:01.0 (18488684)|STATEMENT_EXECUTE|[61]
07:28:01.0 (18507189)|STATEMENT_EXECUTE|[64]
07:28:01.0 (18510595)|STATEMENT_EXECUTE|[65]
07:28:01.0 (18540931)|VARIABLE_ASSIGNMENT|[EXTERNAL]|this|{}|0x488b151a
07:28:01.0 (18570043)|VARIABLE_ASSIGNMENT|[EXTERNAL]|value|{"s":1,"v":{"Id":"a0C360000003XTFEA2","Name":"ef","Employee__c":"a0A36000001ygYkEAI","Project__c":"a0736000000Ew01AAC","Employee__r":{"s":2,"v":{"Name":"Andriy Lokotosh","Id":"a0A36000001ygYkEAI"}},"Project__r":{"s":3,"v":{"Name":"eBank","Id":"a0736000000Ew01AAC"}}}}|0x42968134
07:28:01.0 (18600549)|VARIABLE_ASSIGNMENT|[60]|this.skill|{"s":1,"v":{"Id":"a0C360000003XTFEA2","Name":"ef","Employee__c":"a0A36000001ygYkEAI","Project__c":"a0736000000Ew01AAC","Employee__r":{"s":2,"v":{"Name":"Andriy Lokotosh","Id":"a0A36000001ygYkEAI"}},"Project__r":{"s":3,"v":{"Name":"eBank","Id":"a0736000000Ew01AAC"}}}}|0x488b151a
07:28:01.0 (18614287)|STATEMENT_EXECUTE|[66]
07:28:01.0 (18647628)|VARIABLE_ASSIGNMENT|[EXTERNAL]|this|{"skill":"0x42968134"}|0x488b151a
07:28:01.0 (18660426)|VARIABLE_ASSIGNMENT|[EXTERNAL]|value|false
07:28:01.0 (18667593)|HEAP_ALLOCATE|[61]|Bytes:5
07:28:01.0 (18678726)|VARIABLE_ASSIGNMENT|[61]|this.selected|false|0x488b151a
07:28:01.0 (18693600)|CONSTRUCTOR_EXIT|[12]|01p360000072SS3|<init>(Employee_Skills__c)
07:28:01.0 (18705508)|HEAP_ALLOCATE|[EXTERNAL]|Bytes:4
07:28:01.0 (18717869)|METHOD_ENTRY|[10]||Database.QueryLocatorIterator.hasNext()
07:28:01.0 (18750813)|METHOD_EXIT|[10]||Database.QueryLocatorIterator.hasNext()
07:28:01.0 (18758230)|METHOD_ENTRY|[10]||Database.QueryLocatorIterator.next()
07:28:01.0 (18837172)|METHOD_EXIT|[10]||Database.QueryLocatorIterator.next()
07:28:01.0 (18846119)|VARIABLE_SCOPE_BEGIN|[10]|c|Employee_Skills__c|true|false
07:28:01.0 (18875331)|VARIABLE_ASSIGNMENT|[10]|c|{"s":1,"v":{"Id":"a0C360000003XTGEA2","Name":"frgt","Employee__c":"a0A36000001ygYkEAI","Project__c":"a0736000000Ew01AAC","Employee__r":{"s":2,"v":{"Name":"Andriy Lokotosh","Id":"a0A36000001ygYkEAI"}},"Project__r":{"s":3,"v":{"Name":"eBank","Id":"a0736000000Ew01AAC"}}}}|0x8ad7d92
07:28:01.0 (18881100)|STATEMENT_EXECUTE|[10]
07:28:01.0 (18882959)|STATEMENT_EXECUTE|[12]
07:28:01.0 (18907365)|VARIABLE_ASSIGNMENT|[EXTERNAL]|this|{"skillsList":"0x3cf96df8"}|0x1e4aeae8
07:28:01.0 (18919636)|HEAP_ALLOCATE|[12]|Bytes:12
07:28:01.0 (18929536)|CONSTRUCTOR_ENTRY|[12]|01p360000072SS3|<init>(Employee_Skills__c)
07:28:01.0 (18935849)|VARIABLE_SCOPE_BEGIN|[64]|this|WrapperEmployeeSkills.wEmployee|true|false
07:28:01.0 (18952832)|VARIABLE_ASSIGNMENT|[64]|this|{}|0x330c2314
07:28:01.0 (18956461)|VARIABLE_SCOPE_BEGIN|[64]|s|Employee_Skills__c|true|false
07:28:01.0 (18982124)|VARIABLE_ASSIGNMENT|[64]|s|{"s":1,"v":{"Id":"a0C360000003XTGEA2","Name":"frgt","Employee__c":"a0A36000001ygYkEAI","Project__c":"a0736000000Ew01AAC","Employee__r":{"s":2,"v":{"Name":"Andriy Lokotosh","Id":"a0A36000001ygYkEAI"}},"Project__r":{"s":3,"v":{"Name":"eBank","Id":"a0736000000Ew01AAC"}}}}|0x8ad7d92
07:28:01.0 (18989324)|STATEMENT_EXECUTE|[59]
07:28:01.0 (18991202)|STATEMENT_EXECUTE|[60]
07:28:01.0 (18993433)|STATEMENT_EXECUTE|[61]
07:28:01.0 (19010847)|STATEMENT_EXECUTE|[64]
07:28:01.0 (19015012)|STATEMENT_EXECUTE|[65]
07:28:01.0 (19040895)|VARIABLE_ASSIGNMENT|[EXTERNAL]|this|{}|0x330c2314
07:28:01.0 (19062553)|VARIABLE_ASSIGNMENT|[EXTERNAL]|value|{"s":1,"v":{"Id":"a0C360000003XTGEA2","Name":"frgt","Employee__c":"a0A36000001ygYkEAI","Project__c":"a0736000000Ew01AAC","Employee__r":{"s":2,"v":{"Name":"Andriy Lokotosh","Id":"a0A36000001ygYkEAI"}},"Project__r":{"s":3,"v":{"Name":"eBank","Id":"a0736000000Ew01AAC"}}}}|0x8ad7d92
07:28:01.0 (19080981)|VARIABLE_ASSIGNMENT|[60]|this.skill|{"s":1,"v":{"Id":"a0C360000003XTGEA2","Name":"frgt","Employee__c":"a0A36000001ygYkEAI","Project__c":"a0736000000Ew01AAC","Employee__r":{"s":2,"v":{"Name":"Andriy Lokotosh","Id":"a0A36000001ygYkEAI"}},"Project__r":{"s":3,"v":{"Name":"eBank","Id":"a0736000000Ew01AAC"}}}}|0x330c2314
07:28:01.0 (19089173)|STATEMENT_EXECUTE|[66]
07:28:01.0 (19108404)|VARIABLE_ASSIGNMENT|[EXTERNAL]|this|{"skill":"0x8ad7d92"}|0x330c2314
07:28:01.0 (19115563)|VARIABLE_ASSIGNMENT|[EXTERNAL]|value|false
07:28:01.0 (19119222)|HEAP_ALLOCATE|[61]|Bytes:5
07:28:01.0 (19125948)|VARIABLE_ASSIGNMENT|[61]|this.selected|false|0x330c2314
07:28:01.0 (19135864)|CONSTRUCTOR_EXIT|[12]|01p360000072SS3|<init>(Employee_Skills__c)
07:28:01.0 (19144849)|HEAP_ALLOCATE|[EXTERNAL]|Bytes:4
07:28:01.0 (19152864)|METHOD_ENTRY|[10]||Database.QueryLocatorIterator.hasNext()
07:28:01.0 (19172296)|METHOD_EXIT|[10]||Database.QueryLocatorIterator.hasNext()
07:28:01.0 (19177124)|METHOD_ENTRY|[10]||Database.QueryLocatorIterator.next()
07:28:01.0 (19235887)|METHOD_EXIT|[10]||Database.QueryLocatorIterator.next()
07:28:01.0 (19242898)|VARIABLE_SCOPE_BEGIN|[10]|c|Employee_Skills__c|true|false
07:28:01.0 (19262918)|VARIABLE_ASSIGNMENT|[10]|c|{"s":1,"v":{"Id":"a0C360000003YGkEAM","Name":"Robert","Employee__c":"a0A36000001ygYkEAI","Project__c":"a0736000000Ew01AAC","Employee__r":{"s":2,"v":{"Name":"Andriy Lokotosh","Id":"a0A36000001ygYkEAI"}},"Project__r":{"s":3,"v":{"Name":"eBank","Id":"a0736000000Ew01AAC"}}}}|0x45659b60
07:28:01.0 (19267215)|STATEMENT_EXECUTE|[10]
07:28:01.0 (19268502)|STATEMENT_EXECUTE|[12]
07:28:01.0 (19287793)|VARIABLE_ASSIGNMENT|[EXTERNAL]|this|{"skillsList":"0x3cf96df8"}|0x1e4aeae8
07:28:01.0 (19301362)|HEAP_ALLOCATE|[12]|Bytes:12
07:28:01.0 (19309899)|CONSTRUCTOR_ENTRY|[12]|01p360000072SS3|<init>(Employee_Skills__c)
07:28:01.0 (19314174)|VARIABLE_SCOPE_BEGIN|[64]|this|WrapperEmployeeSkills.wEmployee|true|false
07:28:01.0 (19327490)|VARIABLE_ASSIGNMENT|[64]|this|{}|0x55d66513
07:28:01.0 (19330413)|VARIABLE_SCOPE_BEGIN|[64]|s|Employee_Skills__c|true|false
07:28:01.0 (19352390)|VARIABLE_ASSIGNMENT|[64]|s|{"s":1,"v":{"Id":"a0C360000003YGkEAM","Name":"Robert","Employee__c":"a0A36000001ygYkEAI","Project__c":"a0736000000Ew01AAC","Employee__r":{"s":2,"v":{"Name":"Andriy Lokotosh","Id":"a0A36000001ygYkEAI"}},"Project__r":{"s":3,"v":{"Name":"eBank","Id":"a0736000000Ew01AAC"}}}}|0x45659b60
07:28:01.0 (19360471)|STATEMENT_EXECUTE|[59]
07:28:01.0 (19362499)|STATEMENT_EXECUTE|[60]
07:28:01.0 (19364695)|STATEMENT_EXECUTE|[61]
07:28:01.0 (19380761)|STATEMENT_EXECUTE|[64]
07:28:01.0 (19383188)|STATEMENT_EXECUTE|[65]
07:28:01.0 (19406123)|VARIABLE_ASSIGNMENT|[EXTERNAL]|this|{}|0x55d66513
07:28:01.0 (19429764)|VARIABLE_ASSIGNMENT|[EXTERNAL]|value|{"s":1,"v":{"Id":"a0C360000003YGkEAM","Name":"Robert","Employee__c":"a0A36000001ygYkEAI","Project__c":"a0736000000Ew01AAC","Employee__r":{"s":2,"v":{"Name":"Andriy Lokotosh","Id":"a0A36000001ygYkEAI"}},"Project__r":{"s":3,"v":{"Name":"eBank","Id":"a0736000000Ew01AAC"}}}}|0x45659b60
07:28:01.0 (19455423)|VARIABLE_ASSIGNMENT|[60]|this.skill|{"s":1,"v":{"Id":"a0C360000003YGkEAM","Name":"Robert","Employee__c":"a0A36000001ygYkEAI","Project__c":"a0736000000Ew01AAC","Employee__r":{"s":2,"v":{"Name":"Andriy Lokotosh","Id":"a0A36000001ygYkEAI"}},"Project__r":{"s":3,"v":{"Name":"eBank","Id":"a0736000000Ew01AAC"}}}}|0x55d66513
07:28:01.0 (19465385)|STATEMENT_EXECUTE|[66]
07:28:01.0 (19488474)|VARIABLE_ASSIGNMENT|[EXTERNAL]|this|{"skill":"0x45659b60"}|0x55d66513
07:28:01.0 (19497110)|VARIABLE_ASSIGNMENT|[EXTERNAL]|value|false
07:28:01.0 (19501939)|HEAP_ALLOCATE|[61]|Bytes:5
07:28:01.0 (19510533)|VARIABLE_ASSIGNMENT|[61]|this.selected|false|0x55d66513
07:28:01.0 (19523093)|CONSTRUCTOR_EXIT|[12]|01p360000072SS3|<init>(Employee_Skills__c)
07:28:01.0 (19534557)|HEAP_ALLOCATE|[EXTERNAL]|Bytes:4
07:28:01.0 (19547183)|METHOD_ENTRY|[10]||Database.QueryLocatorIterator.hasNext()
07:28:01.0 (19575791)|METHOD_EXIT|[10]||Database.QueryLocatorIterator.hasNext()
07:28:01.0 (19582733)|METHOD_ENTRY|[10]||Database.QueryLocatorIterator.next()
07:28:01.0 (19660668)|METHOD_EXIT|[10]||Database.QueryLocatorIterator.next()
07:28:01.0 (19668762)|VARIABLE_SCOPE_BEGIN|[10]|c|Employee_Skills__c|true|false
07:28:01.0 (19696312)|VARIABLE_ASSIGNMENT|[10]|c|{"s":1,"v":{"Id":"a0C360000003XRTEA2","Name":"logo","Employee__c":"a0A36000001ygYkEAI","Project__c":"a0736000000Ew01AAC","Employee__r":{"s":2,"v":{"Name":"Andriy Lokotosh","Id":"a0A36000001ygYkEAI"}},"Project__r":{"s":3,"v":{"Name":"eBank","Id":"a0736000000Ew01AAC"}}}}|0x36f4c3d6
07:28:01.0 (19702051)|STATEMENT_EXECUTE|[10]
07:28:01.0 (19704153)|STATEMENT_EXECUTE|[12]
07:28:01.0 (19732765)|VARIABLE_ASSIGNMENT|[EXTERNAL]|this|{"skillsList":"0x3cf96df8"}|0x1e4aeae8
07:28:01.0 (19746438)|HEAP_ALLOCATE|[12]|Bytes:12
07:28:01.0 (19757225)|CONSTRUCTOR_ENTRY|[12]|01p360000072SS3|<init>(Employee_Skills__c)
07:28:01.0 (19763100)|VARIABLE_SCOPE_BEGIN|[64]|this|WrapperEmployeeSkills.wEmployee|true|false
07:28:01.0 (19782152)|VARIABLE_ASSIGNMENT|[64]|this|{}|0x64b2529f
07:28:01.0 (19786834)|VARIABLE_SCOPE_BEGIN|[64]|s|Employee_Skills__c|true|false
07:28:01.0 (19812858)|VARIABLE_ASSIGNMENT|[64]|s|{"s":1,"v":{"Id":"a0C360000003XRTEA2","Name":"logo","Employee__c":"a0A36000001ygYkEAI","Project__c":"a0736000000Ew01AAC","Employee__r":{"s":2,"v":{"Name":"Andriy Lokotosh","Id":"a0A36000001ygYkEAI"}},"Project__r":{"s":3,"v":{"Name":"eBank","Id":"a0736000000Ew01AAC"}}}}|0x36f4c3d6
07:28:01.0 (19820418)|STATEMENT_EXECUTE|[59]
07:28:01.0 (19822847)|STATEMENT_EXECUTE|[60]
07:28:01.0 (19824778)|STATEMENT_EXECUTE|[61]
07:28:01.0 (19840482)|STATEMENT_EXECUTE|[64]
07:28:01.0 (19842910)|STATEMENT_EXECUTE|[65]
07:28:01.0 (19865919)|VARIABLE_ASSIGNMENT|[EXTERNAL]|this|{}|0x64b2529f
07:28:01.0 (19889162)|VARIABLE_ASSIGNMENT|[EXTERNAL]|value|{"s":1,"v":{"Id":"a0C360000003XRTEA2","Name":"logo","Employee__c":"a0A36000001ygYkEAI","Project__c":"a0736000000Ew01AAC","Employee__r":{"s":2,"v":{"Name":"Andriy Lokotosh","Id":"a0A36000001ygYkEAI"}},"Project__r":{"s":3,"v":{"Name":"eBank","Id":"a0736000000Ew01AAC"}}}}|0x36f4c3d6
07:28:01.0 (19914248)|VARIABLE_ASSIGNMENT|[60]|this.skill|{"s":1,"v":{"Id":"a0C360000003XRTEA2","Name":"logo","Employee__c":"a0A36000001ygYkEAI","Project__c":"a0736000000Ew01AAC","Employee__r":{"s":2,"v":{"Name":"Andriy Lokotosh","Id":"a0A36000001ygYkEAI"}},"Project__r":{"s":3,"v":{"Name":"eBank","Id":"a0736000000Ew01AAC"}}}}|0x64b2529f
07:28:01.0 (19924450)|STATEMENT_EXECUTE|[66]
07:28:01.0 (19969405)|VARIABLE_ASSIGNMENT|[EXTERNAL]|this|{"skill":"0x36f4c3d6"}|0x64b2529f
07:28:01.0 (19981500)|VARIABLE_ASSIGNMENT|[EXTERNAL]|value|false
07:28:01.0 (19986909)|HEAP_ALLOCATE|[61]|Bytes:5
07:28:01.0 (19996128)|VARIABLE_ASSIGNMENT|[61]|this.selected|false|0x64b2529f
07:28:01.0 (20011121)|CONSTRUCTOR_EXIT|[12]|01p360000072SS3|<init>(Employee_Skills__c)
07:28:01.0 (20023475)|HEAP_ALLOCATE|[EXTERNAL]|Bytes:4
07:28:01.0 (20033589)|METHOD_ENTRY|[10]||Database.QueryLocatorIterator.hasNext()
07:28:01.0 (20056411)|METHOD_EXIT|[10]||Database.QueryLocatorIterator.hasNext()
07:28:01.0 (20061969)|METHOD_ENTRY|[10]||Database.QueryLocatorIterator.next()
07:28:01.0 (20127966)|METHOD_EXIT|[10]||Database.QueryLocatorIterator.next()
07:28:01.0 (20135558)|VARIABLE_SCOPE_BEGIN|[10]|c|Employee_Skills__c|true|false
07:28:01.0 (20159129)|VARIABLE_ASSIGNMENT|[10]|c|{"s":1,"v":{"Id":"a0C360000003sIHEAY","Name":"Test Skill","Employee__c":"a0A36000002STuIEAW","Project__c":"a07360000014vWyAAI","Employee__r":{"s":2,"v":{"Name":"Jor","Id":"a0A36000002STuIEAW"}},"Project__r":{"s":3,"v":{"Name":"TestProj","Id":"a07360000014vWyAAI"}}}}|0xde57bf2
07:28:01.0 (20163397)|STATEMENT_EXECUTE|[10]
07:28:01.0 (20165065)|STATEMENT_EXECUTE|[12]
07:28:01.0 (20186828)|VARIABLE_ASSIGNMENT|[EXTERNAL]|this|{"skillsList":"0x3cf96df8"}|0x1e4aeae8
07:28:01.0 (20197697)|HEAP_ALLOCATE|[12]|Bytes:12
07:28:01.0 (20206693)|CONSTRUCTOR_ENTRY|[12]|01p360000072SS3|<init>(Employee_Skills__c)
07:28:01.0 (20211511)|VARIABLE_SCOPE_BEGIN|[64]|this|WrapperEmployeeSkills.wEmployee|true|false
07:28:01.0 (20225986)|VARIABLE_ASSIGNMENT|[64]|this|{}|0xd576e3f
07:28:01.0 (20228857)|VARIABLE_SCOPE_BEGIN|[64]|s|Employee_Skills__c|true|false
07:28:01.0 (20244749)|VARIABLE_ASSIGNMENT|[64]|s|{"s":1,"v":{"Id":"a0C360000003sIHEAY","Name":"Test Skill","Employee__c":"a0A36000002STuIEAW","Project__c":"a07360000014vWyAAI","Employee__r":{"s":2,"v":{"Name":"Jor","Id":"a0A36000002STuIEAW"}},"Project__r":{"s":3,"v":{"Name":"TestProj","Id":"a07360000014vWyAAI"}}}}|0xde57bf2
07:28:01.0 (20249619)|STATEMENT_EXECUTE|[59]
07:28:01.0 (20251025)|STATEMENT_EXECUTE|[60]
07:28:01.0 (20252178)|STATEMENT_EXECUTE|[61]
07:28:01.0 (20263758)|STATEMENT_EXECUTE|[64]
07:28:01.0 (20265399)|STATEMENT_EXECUTE|[65]
07:28:01.0 (20281617)|VARIABLE_ASSIGNMENT|[EXTERNAL]|this|{}|0xd576e3f
07:28:01.0 (20297455)|VARIABLE_ASSIGNMENT|[EXTERNAL]|value|{"s":1,"v":{"Id":"a0C360000003sIHEAY","Name":"Test Skill","Employee__c":"a0A36000002STuIEAW","Project__c":"a07360000014vWyAAI","Employee__r":{"s":2,"v":{"Name":"Jor","Id":"a0A36000002STuIEAW"}},"Project__r":{"s":3,"v":{"Name":"TestProj","Id":"a07360000014vWyAAI"}}}}|0xde57bf2
07:28:01.0 (20315886)|VARIABLE_ASSIGNMENT|[60]|this.skill|{"s":1,"v":{"Id":"a0C360000003sIHEAY","Name":"Test Skill","Employee__c":"a0A36000002STuIEAW","Project__c":"a07360000014vWyAAI","Employee__r":{"s":2,"v":{"Name":"Jor","Id":"a0A36000002STuIEAW"}},"Project__r":{"s":3,"v":{"Name":"TestProj","Id":"a07360000014vWyAAI"}}}}|0xd576e3f
07:28:01.0 (20323952)|STATEMENT_EXECUTE|[66]
07:28:01.0 (20341778)|VARIABLE_ASSIGNMENT|[EXTERNAL]|this|{"skill":"0xde57bf2"}|0xd576e3f
07:28:01.0 (20348495)|VARIABLE_ASSIGNMENT|[EXTERNAL]|value|false
07:28:01.0 (20352388)|HEAP_ALLOCATE|[61]|Bytes:5
07:28:01.0 (20358884)|VARIABLE_ASSIGNMENT|[61]|this.selected|false|0xd576e3f
07:28:01.0 (20368951)|CONSTRUCTOR_EXIT|[12]|01p360000072SS3|<init>(Employee_Skills__c)
07:28:01.0 (20377902)|HEAP_ALLOCATE|[EXTERNAL]|Bytes:4
07:28:01.0 (20386181)|METHOD_ENTRY|[10]||Database.QueryLocatorIterator.hasNext()
07:28:01.0 (20406285)|METHOD_EXIT|[10]||Database.QueryLocatorIterator.hasNext()
07:28:01.0 (20411199)|METHOD_ENTRY|[10]||Database.QueryLocatorIterator.next()
07:28:01.0 (20471050)|METHOD_EXIT|[10]||Database.QueryLocatorIterator.next()
07:28:01.0 (20477945)|VARIABLE_SCOPE_BEGIN|[10]|c|Employee_Skills__c|true|false
07:28:01.0 (20498884)|VARIABLE_ASSIGNMENT|[10]|c|{"s":1,"v":{"Id":"a0C36000000ipqeEAA","Name":"Koloboc","Employee__c":"a0A36000001ygYkEAI","Project__c":"a0736000000Ew01AAC","Employee__r":{"s":2,"v":{"Name":"Andriy Lokotosh","Id":"a0A36000001ygYkEAI"}},"Project__r":{"s":3,"v":{"Name":"eBank","Id":"a0736000000Ew01AAC"}}}}|0x2bcbbe8c
07:28:01.0 (20502946)|STATEMENT_EXECUTE|[10]
07:28:01.0 (20504368)|STATEMENT_EXECUTE|[12]
07:28:01.0 (20524003)|VARIABLE_ASSIGNMENT|[EXTERNAL]|this|{"skillsList":"0x3cf96df8"}|0x1e4aeae8
07:28:01.0 (20533897)|HEAP_ALLOCATE|[12]|Bytes:12
07:28:01.0 (20542257)|CONSTRUCTOR_ENTRY|[12]|01p360000072SS3|<init>(Employee_Skills__c)
07:28:01.0 (20546673)|VARIABLE_SCOPE_BEGIN|[64]|this|WrapperEmployeeSkills.wEmployee|true|false
07:28:01.0 (20559356)|VARIABLE_ASSIGNMENT|[64]|this|{}|0x2bfb723c
07:28:01.0 (20562207)|VARIABLE_SCOPE_BEGIN|[64]|s|Employee_Skills__c|true|false
07:28:01.0 (20576788)|VARIABLE_ASSIGNMENT|[64]|s|{"s":1,"v":{"Id":"a0C36000000ipqeEAA","Name":"Koloboc","Employee__c":"a0A36000001ygYkEAI","Project__c":"a0736000000Ew01AAC","Employee__r":{"s":2,"v":{"Name":"Andriy Lokotosh","Id":"a0A36000001ygYkEAI"}},"Project__r":{"s":3,"v":{"Name":"eBank","Id":"a0736000000Ew01AAC"}}}}|0x2bcbbe8c
07:28:01.0 (20581227)|STATEMENT_EXECUTE|[59]
07:28:01.0 (20582778)|STATEMENT_EXECUTE|[60]
07:28:01.0 (20584018)|STATEMENT_EXECUTE|[61]
07:28:01.0 (20594845)|STATEMENT_EXECUTE|[64]
07:28:01.0 (20596482)|STATEMENT_EXECUTE|[65]
07:28:01.0 (20611909)|VARIABLE_ASSIGNMENT|[EXTERNAL]|this|{}|0x2bfb723c
07:28:01.0 (20626243)|VARIABLE_ASSIGNMENT|[EXTERNAL]|value|{"s":1,"v":{"Id":"a0C36000000ipqeEAA","Name":"Koloboc","Employee__c":"a0A36000001ygYkEAI","Project__c":"a0736000000Ew01AAC","Employee__r":{"s":2,"v":{"Name":"Andriy Lokotosh","Id":"a0A36000001ygYkEAI"}},"Project__r":{"s":3,"v":{"Name":"eBank","Id":"a0736000000Ew01AAC"}}}}|0x2bcbbe8c
07:28:01.0 (20642722)|VARIABLE_ASSIGNMENT|[60]|this.skill|{"s":1,"v":{"Id":"a0C36000000ipqeEAA","Name":"Koloboc","Employee__c":"a0A36000001ygYkEAI","Project__c":"a0736000000Ew01AAC","Employee__r":{"s":2,"v":{"Name":"Andriy Lokotosh","Id":"a0A36000001ygYkEAI"}},"Project__r":{"s":3,"v":{"Name":"eBank","Id":"a0736000000Ew01AAC"}}}}|0x2bfb723c
07:28:01.0 (20650019)|STATEMENT_EXECUTE|[66]
07:28:01.0 (20668336)|VARIABLE_ASSIGNMENT|[EXTERNAL]|this|{"skill":"0x2bcbbe8c"}|0x2bfb723c
07:28:01.0 (20675264)|VARIABLE_ASSIGNMENT|[EXTERNAL]|value|false
07:28:01.0 (20678880)|HEAP_ALLOCATE|[61]|Bytes:5
07:28:01.0 (20689921)|VARIABLE_ASSIGNMENT|[61]|this.selected|false|0x2bfb723c
07:28:01.0 (20700168)|CONSTRUCTOR_EXIT|[12]|01p360000072SS3|<init>(Employee_Skills__c)
07:28:01.0 (20708981)|HEAP_ALLOCATE|[EXTERNAL]|Bytes:4
07:28:01.0 (20717158)|METHOD_ENTRY|[10]||Database.QueryLocatorIterator.hasNext()
07:28:01.0 (20730745)|METHOD_EXIT|[10]||Database.QueryLocatorIterator.hasNext()
07:28:01.0 (20738391)|VARIABLE_ASSIGNMENT|[10]|c|null|
07:28:01.0 (20764147)|STATEMENT_EXECUTE|[15]
07:28:01.0 (20803347)|VARIABLE_ASSIGNMENT|[EXTERNAL]|this|{"skillsList":"0x3cf96df8"}|0x1e4aeae8
07:28:01.0 (20817874)|SYSTEM_MODE_EXIT|false
07:28:01.0 (20830126)|CODE_UNIT_FINISHED|WrapperEmployeeSkills invoke(getEmployeeSkills)
07:28:01.0 (20850581)|CODE_UNIT_FINISHED|WrapperEmployeeSkills get(EmployeeSkills)
07:28:01.0 (21296762)|CODE_UNIT_STARTED|[EXTERNAL]|01p360000072SS3|skill
07:28:01.0 (21310220)|CODE_UNIT_FINISHED|skill
07:28:01.0 (74694816)|CODE_UNIT_STARTED|[EXTERNAL]|01p360000072SS3|selected
07:28:01.0 (74719613)|CODE_UNIT_FINISHED|selected
07:28:01.0 (76969986)|CODE_UNIT_STARTED|[EXTERNAL]|01p360000072SS3|selected
07:28:01.0 (76984115)|CODE_UNIT_FINISHED|selected
07:28:01.0 (77078560)|CODE_UNIT_STARTED|[EXTERNAL]|01p360000072SS3|skill
07:28:01.0 (77091069)|CODE_UNIT_FINISHED|skill
07:28:01.0 (78555699)|CODE_UNIT_STARTED|[EXTERNAL]|01p360000072SS3|selected
07:28:01.0 (78568716)|CODE_UNIT_FINISHED|selected
07:28:01.0 (78665426)|CODE_UNIT_STARTED|[EXTERNAL]|01p360000072SS3|skill
07:28:01.0 (78676723)|CODE_UNIT_FINISHED|skill
07:28:01.0 (80157629)|CODE_UNIT_STARTED|[EXTERNAL]|01p360000072SS3|selected
07:28:01.0 (80170723)|CODE_UNIT_FINISHED|selected
07:28:01.0 (80262718)|CODE_UNIT_STARTED|[EXTERNAL]|01p360000072SS3|skill
07:28:01.0 (80274086)|CODE_UNIT_FINISHED|skill
07:28:01.0 (81720641)|CODE_UNIT_STARTED|[EXTERNAL]|01p360000072SS3|selected
07:28:01.0 (81733767)|CODE_UNIT_FINISHED|selected
07:28:01.0 (81825336)|CODE_UNIT_STARTED|[EXTERNAL]|01p360000072SS3|skill
07:28:01.0 (81839472)|CODE_UNIT_FINISHED|skill
07:28:01.0 (83318446)|CODE_UNIT_STARTED|[EXTERNAL]|01p360000072SS3|selected
07:28:01.0 (83331238)|CODE_UNIT_FINISHED|selected
07:28:01.0 (83423656)|CODE_UNIT_STARTED|[EXTERNAL]|01p360000072SS3|skill
07:28:01.0 (83434799)|CODE_UNIT_FINISHED|skill
07:28:01.0 (84849874)|CODE_UNIT_STARTED|[EXTERNAL]|01p360000072SS3|selected
07:28:01.0 (84863007)|CODE_UNIT_FINISHED|selected
07:28:01.0 (84954973)|CODE_UNIT_STARTED|[EXTERNAL]|01p360000072SS3|skill
07:28:01.0 (84966477)|CODE_UNIT_FINISHED|skill
07:28:01.0 (86372660)|CODE_UNIT_STARTED|[EXTERNAL]|01p360000072SS3|selected
07:28:01.0 (86385728)|CODE_UNIT_FINISHED|selected
07:28:01.0 (86476924)|CODE_UNIT_STARTED|[EXTERNAL]|01p360000072SS3|skill
07:28:01.0 (86488449)|CODE_UNIT_FINISHED|skill
07:28:01.0 (87897200)|CODE_UNIT_STARTED|[EXTERNAL]|01p360000072SS3|selected
07:28:01.0 (87909973)|CODE_UNIT_FINISHED|selected
07:28:01.0 (88001648)|CODE_UNIT_STARTED|[EXTERNAL]|01p360000072SS3|skill
07:28:01.0 (88013724)|CODE_UNIT_FINISHED|skill
07:28:01.0 (89424105)|CODE_UNIT_STARTED|[EXTERNAL]|01p360000072SS3|selected
07:28:01.0 (89436934)|CODE_UNIT_FINISHED|selected
07:28:01.0 (89528567)|CODE_UNIT_STARTED|[EXTERNAL]|01p360000072SS3|skill
07:28:01.0 (89539875)|CODE_UNIT_FINISHED|skill
07:28:01.0 (90948536)|CODE_UNIT_STARTED|[EXTERNAL]|01p360000072SS3|selected
07:28:01.0 (90961386)|CODE_UNIT_FINISHED|selected
07:28:01.0 (91052429)|CODE_UNIT_STARTED|[EXTERNAL]|01p360000072SS3|skill
07:28:01.0 (91064452)|CODE_UNIT_FINISHED|skill
07:28:01.0 (92512213)|CODE_UNIT_STARTED|[EXTERNAL]|01p360000072SS3|selected
07:28:01.0 (92525218)|CODE_UNIT_FINISHED|selected
07:28:01.0 (92616297)|CODE_UNIT_STARTED|[EXTERNAL]|01p360000072SS3|skill
07:28:01.0 (92635943)|CODE_UNIT_FINISHED|skill
07:28:01.0 (94056113)|CODE_UNIT_STARTED|[EXTERNAL]|01p360000072SS3|selected
07:28:01.0 (94069430)|CODE_UNIT_FINISHED|selected
07:28:01.0 (94161137)|CODE_UNIT_STARTED|[EXTERNAL]|01p360000072SS3|skill
07:28:01.0 (94172279)|CODE_UNIT_FINISHED|skill
07:28:01.0 (95597403)|CODE_UNIT_STARTED|[EXTERNAL]|01p360000072SS3|selected
07:28:01.0 (95610442)|CODE_UNIT_FINISHED|selected
07:28:01.0 (95707840)|CODE_UNIT_STARTED|[EXTERNAL]|01p360000072SS3|skill
07:28:01.0 (95719215)|CODE_UNIT_FINISHED|skill
07:28:01.0 (100072845)|VF_SERIALIZE_VIEWSTATE_BEGIN|06636000001VcbV
07:28:01.0 (108565054)|VF_SERIALIZE_VIEWSTATE_END
07:28:01.0 (127994955)|CODE_UNIT_STARTED|[EXTERNAL]|Generate Metadata
07:28:01.0 (135813306)|CODE_UNIT_FINISHED|Generate Metadata
07:28:01.141 (141060769)|CUMULATIVE_LIMIT_USAGE
07:28:01.141 (141060769)|LIMIT_USAGE_FOR_NS|(default)|
  Number of SOQL queries: 1 out of 100
  Number of query rows: 14 out of 50000
  Number of SOSL queries: 0 out of 20
  Number of DML statements: 0 out of 150
  Number of DML rows: 0 out of 10000
  Maximum CPU time: 0 out of 10000
  Maximum heap size: 0 out of 6000000
  Number of callouts: 0 out of 100
  Number of Email Invocations: 0 out of 10
  Number of future calls: 0 out of 50
  Number of queueable jobs added to the queue: 0 out of 50
  Number of Mobile Apex push calls: 0 out of 10

07:28:01.141 (141060769)|CUMULATIVE_LIMIT_USAGE_END

07:28:01.0 (141133524)|CODE_UNIT_FINISHED|VF: /apex/AprooveWraper
07:28:01.0 (142401606)|EXECUTION_FINISHED
