36.0 APEX_CODE,FINEST;APEX_PROFILING,INFO;CALLOUT,INFO;DB,INFO;SYSTEM,DEBUG;VALIDATION,INFO;VISUALFORCE,INFO;WORKFLOW,INFO
03:16:08.0 (83056)|EXECUTION_STARTED
03:16:08.0 (128527)|CODE_UNIT_STARTED|[EXTERNAL]|06636000002n6IF|VF: /apex/AccountTabWrap
03:16:08.0 (1940107)|CODE_UNIT_STARTED|[EXTERNAL]|01p360000074iI2|AccountTableWrapper <init>
03:16:08.0 (1957398)|SYSTEM_MODE_ENTER|true
03:16:08.0 (2428129)|HEAP_ALLOCATE|[72]|Bytes:3
03:16:08.0 (2480834)|HEAP_ALLOCATE|[77]|Bytes:152
03:16:08.0 (2503949)|HEAP_ALLOCATE|[342]|Bytes:408
03:16:08.0 (2527793)|HEAP_ALLOCATE|[355]|Bytes:408
03:16:08.0 (2549932)|HEAP_ALLOCATE|[467]|Bytes:48
03:16:08.0 (2591475)|HEAP_ALLOCATE|[139]|Bytes:6
03:16:08.0 (2722839)|HEAP_ALLOCATE|[EXTERNAL]|Bytes:24
03:16:08.0 (2729719)|HEAP_ALLOCATE|[EXTERNAL]|Bytes:120
03:16:08.0 (2733130)|HEAP_ALLOCATE|[EXTERNAL]|Bytes:15
03:16:08.0 (2750954)|METHOD_ENTRY|[1]|01p360000074iI2|AccountTableWrapper.AccountTableWrapper()
03:16:08.0 (2757441)|STATEMENT_EXECUTE|[1]
03:16:08.0 (2765853)|STATEMENT_EXECUTE|[1]
03:16:08.0 (2802646)|HEAP_ALLOCATE|[50]|Bytes:5
03:16:08.0 (2826304)|HEAP_ALLOCATE|[56]|Bytes:5
03:16:08.0 (2836480)|HEAP_ALLOCATE|[64]|Bytes:7
03:16:08.0 (2862369)|SYSTEM_MODE_ENTER|false
03:16:08.0 (2876925)|HEAP_ALLOCATE|[EXTERNAL]|Bytes:5
03:16:08.0 (2881682)|STATEMENT_EXECUTE|[68]
03:16:08.0 (2883418)|STATEMENT_EXECUTE|[86]
03:16:08.0 (2901944)|SYSTEM_MODE_EXIT|false
03:16:08.0 (2918136)|METHOD_EXIT|[1]|AccountTableWrapper
03:16:08.0 (2925770)|HEAP_ALLOCATE|[EXTERNAL]|Bytes:16
03:16:08.0 (2937019)|VARIABLE_SCOPE_BEGIN|[5]|this|AccountTableWrapper|true|false
03:16:08.0 (2987912)|VARIABLE_ASSIGNMENT|[5]|this|{}|0x54dec659
03:16:08.0 (3004400)|SYSTEM_MODE_ENTER|false
03:16:08.0 (3010101)|HEAP_ALLOCATE|[EXTERNAL]|Bytes:5
03:16:08.0 (3013840)|STATEMENT_EXECUTE|[1]
03:16:08.0 (3016762)|HEAP_ALLOCATE|[EXTERNAL]|Bytes:5
03:16:08.0 (3018857)|STATEMENT_EXECUTE|[2]
03:16:08.0 (3019976)|STATEMENT_EXECUTE|[3]
03:16:08.0 (3021014)|STATEMENT_EXECUTE|[4]
03:16:08.0 (3030658)|HEAP_ALLOCATE|[EXTERNAL]|Bytes:6
03:16:08.0 (3058640)|STATEMENT_EXECUTE|[5]
03:16:08.0 (3062451)|SYSTEM_MODE_EXIT|false
03:16:08.0 (3081686)|CODE_UNIT_FINISHED|AccountTableWrapper <init>
03:16:08.0 (3142100)|CODE_UNIT_STARTED|[EXTERNAL]|01p360000074iI2|AccountTableWrapper get(HeaderWrappers)
03:16:08.0 (3151127)|SYSTEM_MODE_ENTER|true
03:16:08.0 (3176964)|CODE_UNIT_STARTED|[EXTERNAL]|01p360000074iI2|AccountTableWrapper invoke(getHeaderWrappers)
03:16:08.0 (3216555)|HEAP_ALLOCATE|[EXTERNAL]|Bytes:16
03:16:08.0 (3225766)|VARIABLE_SCOPE_BEGIN|[45]|this|AccountTableWrapper|true|false
03:16:08.0 (3243663)|VARIABLE_ASSIGNMENT|[45]|this|{}|0x54dec659
03:16:08.0 (3259574)|SYSTEM_MODE_ENTER|false
03:16:08.0 (3264120)|HEAP_ALLOCATE|[47]|Bytes:5
03:16:08.0 (3268128)|STATEMENT_EXECUTE|[46]
03:16:08.0 (3324793)|VARIABLE_ASSIGNMENT|[EXTERNAL]|this|{}|0x54dec659
03:16:08.0 (3340083)|STATEMENT_EXECUTE|[48]
03:16:08.0 (3341897)|STATEMENT_EXECUTE|[49]
03:16:08.0 (3536553)|HEAP_ALLOCATE|[49]|Bytes:4
03:16:08.0 (3678979)|VARIABLE_ASSIGNMENT|[EXTERNAL]|this|{}|0x54dec659
03:16:08.0 (3710839)|HEAP_ALLOCATE|[EXTERNAL]|Bytes:4
03:16:08.0 (3733742)|VARIABLE_ASSIGNMENT|[EXTERNAL]|value|{"s":1,"v":[]}|0x790dffd2
03:16:08.0 (3761063)|VARIABLE_ASSIGNMENT|[4]|this.head|{"s":1,"v":[]}|0x54dec659
03:16:08.0 (3771878)|STATEMENT_EXECUTE|[52]
03:16:08.0 (3778696)|VARIABLE_SCOPE_BEGIN|[52]|idx|Integer|false|false
03:16:08.0 (3783190)|HEAP_ALLOCATE|[52]|Bytes:4
03:16:08.0 (3789159)|VARIABLE_ASSIGNMENT|[52]|idx|0
03:16:08.0 (3795036)|STATEMENT_EXECUTE|[53]
03:16:08.0 (3796316)|STATEMENT_EXECUTE|[54]
03:16:08.0 (3844481)|VARIABLE_ASSIGNMENT|[EXTERNAL]|this|{"head":"0x790dffd2"}|0x54dec659
03:16:08.0 (3865627)|HEAP_ALLOCATE|[54]|Bytes:84
03:16:08.0 (3871773)|HEAP_ALLOCATE|[54]|Bytes:8
03:16:08.0 (3877749)|HEAP_ALLOCATE|[54]|Bytes:8
03:16:08.0 (3893296)|CONSTRUCTOR_ENTRY|[54]|01p360000074iI2|<init>()
03:16:08.0 (3902837)|VARIABLE_SCOPE_BEGIN|[92]|this|AccountTableWrapper.HeaderWrapper|true|false
03:16:08.0 (3918830)|VARIABLE_ASSIGNMENT|[92]|this|{}|0x31c615fb
03:16:08.0 (3924793)|STATEMENT_EXECUTE|[86]
03:16:08.0 (3926244)|STATEMENT_EXECUTE|[89]
03:16:08.0 (3938107)|STATEMENT_EXECUTE|[93]
03:16:08.0 (3939591)|STATEMENT_EXECUTE|[94]
03:16:08.0 (3947287)|HEAP_ALLOCATE|[94]|Bytes:4
03:16:08.0 (4014679)|VARIABLE_ASSIGNMENT|[EXTERNAL]|this|{}|0x31c615fb
03:16:08.0 (4046368)|HEAP_ALLOCATE|[EXTERNAL]|Bytes:4
03:16:08.0 (4059160)|VARIABLE_ASSIGNMENT|[EXTERNAL]|value|{"s":1,"v":[]}|0x4d51fb3
03:16:08.0 (4082772)|VARIABLE_ASSIGNMENT|[89]|this.values|{"s":1,"v":[]}|0x31c615fb
03:16:08.0 (4097923)|CONSTRUCTOR_EXIT|[54]|01p360000074iI2|<init>()
03:16:08.0 (4117698)|HEAP_ALLOCATE|[EXTERNAL]|Bytes:4
03:16:08.0 (4125607)|HEAP_ALLOCATE|[52]|Bytes:4
03:16:08.0 (4132079)|VARIABLE_ASSIGNMENT|[52]|idx|1
03:16:08.0 (4137287)|STATEMENT_EXECUTE|[58]
03:16:08.0 (4141234)|VARIABLE_SCOPE_BEGIN|[58]|idx|Integer|false|false
03:16:08.0 (4144646)|HEAP_ALLOCATE|[58]|Bytes:4
03:16:08.0 (4148579)|VARIABLE_ASSIGNMENT|[58]|idx|0
03:16:08.0 (4165055)|METHOD_ENTRY|[58]|01p360000074iI2|AccountTableWrapper.getAccounts()
03:16:08.0 (4192015)|VARIABLE_SCOPE_BEGIN|[9]|this|AccountTableWrapper|true|false
03:16:08.0 (4213800)|VARIABLE_ASSIGNMENT|[9]|this|{"head":"0x790dffd2"}|0x54dec659
03:16:08.0 (4224542)|HEAP_ALLOCATE|[11]|Bytes:5
03:16:08.0 (4228426)|STATEMENT_EXECUTE|[10]
03:16:08.0 (4277456)|VARIABLE_ASSIGNMENT|[EXTERNAL]|this|{"head":"0x790dffd2"}|0x54dec659
03:16:08.0 (4290204)|STATEMENT_EXECUTE|[12]
03:16:08.0 (4291817)|STATEMENT_EXECUTE|[13]
03:16:08.0 (4294964)|HEAP_ALLOCATE|[13]|Bytes:141
03:16:08.0 (4308083)|HEAP_ALLOCATE|[13]|Bytes:4
03:16:08.0 (5120697)|SOQL_EXECUTE_BEGIN|[13]|Aggregations:0|SELECT id, Name, BillingStreet, BillingCity, BillingPostalCode FROM Account WHERE (BillingCity != NULL AND BillingPostalCode != NULL) LIMIT 3
03:16:08.0 (9106054)|SOQL_EXECUTE_END|[13]|Rows:3
03:16:08.0 (9131051)|HEAP_ALLOCATE|[13]|Bytes:16
03:16:08.0 (9148071)|HEAP_ALLOCATE|[13]|Bytes:417
03:16:08.0 (9232945)|HEAP_ALLOCATE|[13]|Bytes:16
03:16:08.0 (9277884)|VARIABLE_ASSIGNMENT|[EXTERNAL]|this|{"head":"0x790dffd2"}|0x54dec659
03:16:08.0 (9318816)|VARIABLE_ASSIGNMENT|[EXTERNAL]|value|{"s":1,"v":[{"s":2,"v":{"Id":"0013600000CWofeAAD","Name":"Google inc","BillingStreet":"Green st.","BillingCity":"LA","BillingPostalCode":"442234"}},{"s":3,"v":{"Id":"00136000003VQw8AAG","Name":"Burlington Textiles  (15 more) ...","BillingStreet":"525 S. Lexington Ave","BillingCity":"Burlington","BillingPostalCode":"27215"}},{"s":4,"v":{"Id":"00136000003VQw9AAG","Name":"Pyramid Construction (5 more) ...","BillingStreet":"2 Place Jussieu","BillingCity":"Paris","BillingPostalCode":"75251"}}]}|0x37c644da
03:16:08.0 (9362732)|VARIABLE_ASSIGNMENT|[2]|this.accs|{"s":1,"v":[{"s":2,"v":{"Id":"0013600000CWofeAAD","Name":"Google inc","BillingStreet":"Green st.","BillingCity":"LA","BillingPostalCode":"442234"}},{"s":3,"v":{"Id":"00136000003VQw8AAG","Name":"Burlington Textiles  (15 more) ...","BillingStreet":"525 S. Lexington Ave","BillingCity":"Burlington","BillingPostalCode":"27215"}},{"s":4,"v":{"Id":"00136000003VQw9AAG","Name":"Pyramid Construction (5 more) ...","BillingStreet":"2 Place Jussieu","BillingCity":"Paris","BillingPostalCode":"75251"}}]}|0x54dec659
03:16:08.0 (9380346)|STATEMENT_EXECUTE|[17]
03:16:08.0 (9430886)|VARIABLE_ASSIGNMENT|[EXTERNAL]|this|{"accs":"0x37c644da","head":"0x790dffd2"}|0x54dec659
03:16:08.0 (9448592)|METHOD_EXIT|[58]|01p360000074iI2|AccountTableWrapper.getAccounts()
03:16:08.0 (9503088)|STATEMENT_EXECUTE|[59]
03:16:08.0 (9505566)|STATEMENT_EXECUTE|[60]
03:16:08.0 (9555809)|VARIABLE_ASSIGNMENT|[EXTERNAL]|this|{"accs":"0x37c644da","head":"0x790dffd2"}|0x54dec659
03:16:08.0 (9616465)|HEAP_ALLOCATE|[60]|Bytes:41
03:16:08.0 (9632111)|SYSTEM_MODE_EXIT|false
03:16:08.0 (9790631)|FATAL_ERROR|System.NullPointerException: Attempt to de-reference a null object

Class.AccountTableWrapper.getHeaderWrappers: line 60, column 1
03:16:08.0 (9808521)|CODE_UNIT_FINISHED|AccountTableWrapper invoke(getHeaderWrappers)
03:16:08.0 (9883335)|CODE_UNIT_FINISHED|AccountTableWrapper get(HeaderWrappers)
03:16:08.690 (690721226)|CUMULATIVE_LIMIT_USAGE
03:16:08.690 (690721226)|LIMIT_USAGE_FOR_NS|(default)|
  Number of SOQL queries: 1 out of 100
  Number of query rows: 3 out of 50000
  Number of SOSL queries: 0 out of 20
  Number of DML statements: 0 out of 150
  Number of DML rows: 0 out of 10000
  Maximum CPU time: 0 out of 10000
  Maximum heap size: 0 out of 6000000
  Number of callouts: 0 out of 100
  Number of Email Invocations: 0 out of 10
  Number of future calls: 0 out of 50
  Number of queueable jobs added to the queue: 0 out of 50
  Number of Mobile Apex push calls: 0 out of 10

03:16:08.690 (690721226)|CUMULATIVE_LIMIT_USAGE_END

03:16:08.0 (690798524)|CODE_UNIT_FINISHED|VF: /apex/AccountTabWrap
03:16:08.0 (692584716)|EXECUTION_FINISHED
