36.0 APEX_CODE,FINEST;APEX_PROFILING,INFO;CALLOUT,INFO;DB,INFO;SYSTEM,DEBUG;VALIDATION,INFO;VISUALFORCE,INFO;WORKFLOW,INFO
07:41:45.0 (90070)|EXECUTION_STARTED
07:41:45.0 (121164)|CODE_UNIT_STARTED|[EXTERNAL]|TRIGGERS
07:41:45.0 (161401)|CODE_UNIT_STARTED|[EXTERNAL]|01q3600000069Nx|EmailFieldESkills on Employee_Skills trigger event BeforeInsert for [new]
07:41:45.0 (237867)|HEAP_ALLOCATE|[EXTERNAL]|Bytes:8
07:41:45.0 (837389)|HEAP_ALLOCATE|[72]|Bytes:3
07:41:45.0 (899841)|HEAP_ALLOCATE|[77]|Bytes:152
07:41:45.0 (920604)|HEAP_ALLOCATE|[342]|Bytes:408
07:41:45.0 (940871)|HEAP_ALLOCATE|[355]|Bytes:408
07:41:45.0 (959581)|HEAP_ALLOCATE|[467]|Bytes:48
07:41:45.0 (1002621)|HEAP_ALLOCATE|[139]|Bytes:6
07:41:45.0 (1042779)|HEAP_ALLOCATE|[EXTERNAL]|Bytes:4
07:41:45.0 (1057327)|VARIABLE_SCOPE_BEGIN|[1]|this|EmailFieldESkills|true|false
07:41:45.0 (1115549)|VARIABLE_ASSIGNMENT|[1]|this|{}|0x68e0d517
07:41:45.0 (1175963)|HEAP_ALLOCATE|[EXTERNAL]|Bytes:4
07:41:45.0 (1185810)|VARIABLE_SCOPE_BEGIN|[1]|this|EmailFieldESkills|true|false
07:41:45.0 (1198885)|VARIABLE_ASSIGNMENT|[1]|this|{}|0x68e0d517
07:41:45.0 (1204955)|STATEMENT_EXECUTE|[1]
07:41:45.0 (1208265)|STATEMENT_EXECUTE|[2]
07:41:45.0 (1216585)|VARIABLE_SCOPE_BEGIN|[2]|i|Integer|false|false
07:41:45.0 (1220405)|HEAP_ALLOCATE|[2]|Bytes:4
07:41:45.0 (1227663)|VARIABLE_ASSIGNMENT|[2]|i|0
07:41:45.0 (1268730)|HEAP_ALLOCATE|[50]|Bytes:5
07:41:45.0 (1293885)|HEAP_ALLOCATE|[56]|Bytes:5
07:41:45.0 (1303731)|HEAP_ALLOCATE|[64]|Bytes:7
07:41:45.0 (1645929)|STATEMENT_EXECUTE|[2]
07:41:45.0 (1914587)|HEAP_ALLOCATE|[6]|Bytes:5
07:41:45.0 (1963587)|HEAP_ALLOCATE|[6]|Bytes:4
07:41:45.0 (1975791)|VARIABLE_SCOPE_BEGIN|[6]|e|Employee_Skills__c|true|false
07:41:45.0 (2375206)|VARIABLE_ASSIGNMENT|[6]|e|{"Employee__c":"a0A36000001ygYkEAI","IsDeleted":false,"Employee_Email__c":"andriy.lokotosh@gmai (5 more) ...","Experience__c":"Less than one year","Skill_Category__c":"Programing","Project__c":"a0736000000Ew01AAC","Grade__c":4,"Status__c":"Waiting for submit","Name":"Tools"}|0x2f516a58
07:41:45.0 (2384067)|STATEMENT_EXECUTE|[7]
07:41:45.0 (2385647)|STATEMENT_EXECUTE|[8]
07:41:45.0 (2389401)|HEAP_ALLOCATE|[8]|Bytes:15
07:41:45.0 (2547666)|VARIABLE_ASSIGNMENT|[8]|this.Employee_Email__c|"example.@ee.com"|0x2f516a58
07:41:45.0 (2566835)|HEAP_ALLOCATE|[6]|Bytes:5
07:41:45.0 (2580679)|VARIABLE_ASSIGNMENT|[6]|e|null|
07:41:45.0 (2584445)|HEAP_ALLOCATE|[2]|Bytes:4
07:41:45.0 (2589464)|VARIABLE_ASSIGNMENT|[2]|i|1
07:41:45.2 (2626053)|CUMULATIVE_LIMIT_USAGE
07:41:45.2 (2626053)|LIMIT_USAGE_FOR_NS|(default)|
  Number of SOQL queries: 0 out of 100
  Number of query rows: 0 out of 50000
  Number of SOSL queries: 0 out of 20
  Number of DML statements: 0 out of 150
  Number of DML rows: 0 out of 10000
  Maximum CPU time: 0 out of 10000
  Maximum heap size: 0 out of 6000000
  Number of callouts: 0 out of 100
  Number of Email Invocations: 0 out of 10
  Number of future calls: 0 out of 50
  Number of queueable jobs added to the queue: 0 out of 50
  Number of Mobile Apex push calls: 0 out of 10

07:41:45.2 (2626053)|CUMULATIVE_LIMIT_USAGE_END

07:41:45.0 (3950510)|CODE_UNIT_FINISHED|EmailFieldESkills on Employee_Skills trigger event BeforeInsert for [new]
07:41:45.0 (13416536)|CODE_UNIT_STARTED|[EXTERNAL]|Validation:Employee_Skills:new
07:41:45.0 (13431127)|VALIDATION_RULE|03d360000004uZ7|Grade_Validation
07:41:45.0 (13723104)|VALIDATION_FORMULA|OR( 
ISBLANK(Grade__c),
  Grade__c >5,
  Grade__c <0
)|Grade__c=4
07:41:45.0 (13733027)|VALIDATION_PASS
07:41:45.0 (13757989)|CODE_UNIT_FINISHED|Validation:Employee_Skills:new
07:41:45.0 (52097502)|CODE_UNIT_STARTED|[EXTERNAL]|01q3600000063GL|EmployeeSkillsEmailTrigger on Employee_Skills trigger event AfterInsert for [a0C36000000iqCU]
07:41:45.0 (52139204)|HEAP_ALLOCATE|[EXTERNAL]|Bytes:8
07:41:45.0 (52392434)|HEAP_ALLOCATE|[EXTERNAL]|Bytes:2
07:41:45.0 (52586040)|HEAP_ALLOCATE|[EXTERNAL]|Bytes:48
07:41:45.0 (52601002)|VARIABLE_SCOPE_BEGIN|[48]|this|EmployeeSkillsEmailTrigger|true|false
07:41:45.0 (52654617)|VARIABLE_ASSIGNMENT|[48]|this|{}|0x406c081a
07:41:45.0 (52712430)|HEAP_ALLOCATE|[EXTERNAL]|Bytes:48
07:41:45.0 (52722154)|VARIABLE_SCOPE_BEGIN|[48]|this|EmployeeSkillsEmailTrigger|true|false
07:41:45.0 (52742220)|VARIABLE_ASSIGNMENT|[48]|this|{}|0x406c081a
07:41:45.0 (52750859)|STATEMENT_EXECUTE|[48]
07:41:45.0 (52753710)|STATEMENT_EXECUTE|[51]
07:41:45.0 (53091094)|VARIABLE_ASSIGNMENT|[51]|this.rdv|{"LastModifiedDate":"2016-03-31T14:41:45.000Z","IsDeleted":false,"Experience__c":"Less than one year","Skill_Category__c":"Programing","Project__c":"a0736000000Ew01AAC","Name":"Tools","SystemModstamp":"2016-03-31T14:41:45.000Z","Employee__c":"a0A36000001ygYkEAI","CreatedById":"005360000011kEEAAY","Employee_Email__c":"example.@ee.com","CreatedDate":"2016-03-31T14:41:45.000Z","Id":"a0C36000000iqCUEAY","Grade__c":4,"Status__c":"Waiting for submit","LastModifiedById":"005360000011kEEAAY"}|0x406c081a
07:41:45.0 (53099561)|STATEMENT_EXECUTE|[52]
07:41:45.0 (53318189)|VARIABLE_ASSIGNMENT|[52]|this.userid|"005360000011kEEAAY"|0x406c081a
07:41:45.0 (53323478)|STATEMENT_EXECUTE|[53]
07:41:45.0 (53328469)|HEAP_ALLOCATE|[53]|Bytes:56
07:41:45.0 (53348680)|HEAP_ALLOCATE|[53]|Bytes:4
07:41:45.0 (53362102)|HEAP_ALLOCATE|[53]|Bytes:7
07:41:45.0 (54682949)|SOQL_EXECUTE_BEGIN|[53]|Aggregations:0|SELECT Name, Email FROM User WHERE Id = :tmpVar1 LIMIT 1
07:41:45.0 (59096526)|SOQL_EXECUTE_END|[53]|Rows:1
07:41:45.0 (59126976)|HEAP_ALLOCATE|[53]|Bytes:8
07:41:45.0 (59153197)|HEAP_ALLOCATE|[53]|Bytes:86
07:41:45.0 (59226004)|HEAP_ALLOCATE|[53]|Bytes:8
07:41:45.0 (59239932)|HEAP_ALLOCATE|[53]|Bytes:30
07:41:45.0 (59352798)|HEAP_ALLOCATE|[53]|Bytes:16
07:41:45.0 (59405962)|VARIABLE_ASSIGNMENT|[53]|this.activeUser|{"s":1,"v":{"Name":"Andrew Lokotosh","Email":"andriy.lokotosh@gmai (5 more) ...","Id":"005360000011kEEAAY"}}|0x406c081a
07:41:45.0 (59412939)|STATEMENT_EXECUTE|[54]
07:41:45.0 (59477644)|VARIABLE_ASSIGNMENT|[54]|this.userName|"Andrew Lokotosh"|0x406c081a
07:41:45.0 (59483697)|STATEMENT_EXECUTE|[55]
07:41:45.0 (59537833)|VARIABLE_ASSIGNMENT|[55]|this.userEmail|"andriy.lokotosh@gmai (5 more) ..."|0x406c081a
07:41:45.0 (59544391)|STATEMENT_EXECUTE|[56]
07:41:45.0 (59600837)|VARIABLE_ASSIGNMENT|[56]|this.employeeskills|"Tools"|0x406c081a
07:41:45.0 (59606574)|STATEMENT_EXECUTE|[58]
07:41:45.0 (59725878)|USER_DEBUG|[58]|DEBUG|andriy.lokotosh@gmail.com
07:41:45.0 (59743170)|STATEMENT_EXECUTE|[59]
07:41:45.0 (59750021)|HEAP_ALLOCATE|[59]|Bytes:94
07:41:45.0 (59759292)|HEAP_ALLOCATE|[59]|Bytes:4
07:41:45.0 (60268273)|SOQL_EXECUTE_BEGIN|[59]|Aggregations:0|SELECT Id, Name, HtmlValue, Subject, Body FROM EmailTemplate WHERE Name = 'NewSkillWasCreated'
07:41:45.0 (103350961)|SOQL_EXECUTE_END|[59]|Rows:1
07:41:45.0 (103385656)|HEAP_ALLOCATE|[59]|Bytes:8
07:41:45.0 (103399642)|HEAP_ALLOCATE|[59]|Bytes:162
07:41:45.0 (103485788)|HEAP_ALLOCATE|[59]|Bytes:8
07:41:45.0 (103504381)|HEAP_ALLOCATE|[59]|Bytes:39
07:41:45.0 (103594983)|HEAP_ALLOCATE|[59]|Bytes:24
07:41:45.0 (103664839)|VARIABLE_ASSIGNMENT|[59]|this.emailTemplate|{"s":1,"v":{"Id":"00X36000000QbewEAC","Name":"NewSkillWasCreated","Subject":"New Skill Was Create (2 more) ...","Body":"Dear, {!CreatedBy}!\r (33 more) ..."}}|0x406c081a
07:41:45.0 (103672035)|STATEMENT_EXECUTE|[60]
07:41:45.0 (103697402)|VARIABLE_ASSIGNMENT|[60]|this.htmlBody|null|0x406c081a
07:41:45.0 (103700808)|STATEMENT_EXECUTE|[63]
07:41:45.0 (103742124)|VARIABLE_ASSIGNMENT|[63]|this.plainBody|"Dear, {!CreatedBy}!\r (33 more) ..."|0x406c081a
07:41:45.0 (103745887)|STATEMENT_EXECUTE|[64]
07:41:45.0 (103753932)|HEAP_ALLOCATE|[64]|Bytes:12
07:41:45.0 (103853335)|HEAP_ALLOCATE|[64]|Bytes:56
07:41:45.0 (103884508)|VARIABLE_ASSIGNMENT|[64]|this.plainBody|"Dear, Andrew Lokotos (36 more) ..."|0x406c081a
07:41:45.0 (103887975)|STATEMENT_EXECUTE|[65]
07:41:45.0 (103896437)|HEAP_ALLOCATE|[65]|Bytes:7
07:41:45.0 (103936361)|HEAP_ALLOCATE|[65]|Bytes:54
07:41:45.0 (103962708)|VARIABLE_ASSIGNMENT|[65]|this.plainBody|"Dear, Andrew Lokotos (34 more) ..."|0x406c081a
07:41:45.0 (103965989)|STATEMENT_EXECUTE|[67]
07:41:45.0 (104091719)|VARIABLE_ASSIGNMENT|[67]|this.mail|"common.api.soap.wsdl.SingleEmailMessage@507d9e18"|0x406c081a
07:41:45.0 (104097853)|STATEMENT_EXECUTE|[68]
07:41:45.0 (104109781)|HEAP_ALLOCATE|[68]|Bytes:18
07:41:45.0 (104187687)|STATEMENT_EXECUTE|[69]
07:41:45.0 (104198840)|HEAP_ALLOCATE|[69]|Bytes:22
07:41:45.0 (104232253)|STATEMENT_EXECUTE|[70]
07:41:45.0 (104277581)|STATEMENT_EXECUTE|[71]
07:41:45.0 (104311824)|STATEMENT_EXECUTE|[72]
07:41:45.0 (104345389)|STATEMENT_EXECUTE|[73]
07:41:45.0 (104405049)|STATEMENT_EXECUTE|[74]
07:41:45.0 (104442018)|STATEMENT_EXECUTE|[75]
07:41:45.0 (104472484)|STATEMENT_EXECUTE|[76]
07:41:45.0 (104480785)|HEAP_ALLOCATE|[76]|Bytes:4
07:41:45.0 (104552225)|HEAP_ALLOCATE|[EXTERNAL]|Bytes:4
07:41:45.0 (104570174)|VARIABLE_ASSIGNMENT|[76]|this.sendTo|{"s":1,"v":[]}|0x406c081a
07:41:45.0 (104573546)|STATEMENT_EXECUTE|[77]
07:41:45.0 (104624999)|HEAP_ALLOCATE|[EXTERNAL]|Bytes:4
07:41:45.0 (104634598)|STATEMENT_EXECUTE|[78]
07:41:45.0 (104678695)|STATEMENT_EXECUTE|[79]
07:41:45.0 (104703784)|HEAP_ALLOCATE|[79]|Bytes:4
07:41:45.0 (104804318)|HEAP_ALLOCATE|[EXTERNAL]|Bytes:8
07:41:45.0 (104851664)|HEAP_ALLOCATE|[EXTERNAL]|Bytes:8
07:41:45.0 (108488741)|EMAIL_QUEUE|[79]|replyTo: support@salesforce.com, subject: New Skill Was Created!, senderDisplayName: Salesforce Support, bccSender: false, saveAsActivity: false, useSignature: false, toAddresses: [andriy.lokotosh@gmail.com], plainTextBody: Dear, Andrew Lokotosh!

A new skill Tools was added!, 
07:41:45.0 (108647099)|HEAP_ALLOCATE|[EXTERNAL]|Bytes:8
07:41:45.108 (108676248)|CUMULATIVE_LIMIT_USAGE
07:41:45.108 (108676248)|LIMIT_USAGE_FOR_NS|(default)|
  Number of SOQL queries: 2 out of 100
  Number of query rows: 2 out of 50000
  Number of SOSL queries: 0 out of 20
  Number of DML statements: 0 out of 150
  Number of DML rows: 0 out of 10000
  Maximum CPU time: 0 out of 10000
  Maximum heap size: 0 out of 6000000
  Number of callouts: 0 out of 100
  Number of Email Invocations: 1 out of 10
  Number of future calls: 0 out of 50
  Number of queueable jobs added to the queue: 0 out of 50
  Number of Mobile Apex push calls: 0 out of 10

07:41:45.108 (108676248)|CUMULATIVE_LIMIT_USAGE_END

07:41:45.0 (110026705)|CODE_UNIT_FINISHED|EmployeeSkillsEmailTrigger on Employee_Skills trigger event AfterInsert for [a0C36000000iqCU]
07:41:45.0 (111341149)|CODE_UNIT_STARTED|[EXTERNAL]|Workflow:01I360000002Vi7
07:41:45.0 (125631027)|WF_RULE_EVAL_BEGIN|Workflow
07:41:45.0 (125657505)|WF_CRITERIA_BEGIN|[Employee Skills: Tools a0C36000000iqCU]|ESkills30136000000L4ky|01Q360000004R9K|ON_ALL_CHANGES|0
07:41:45.0 (125782593)|WF_FORMULA|Formula:ENCODED:[treatNullAsNull]true|Values:
07:41:45.0 (125798895)|WF_CRITERIA_END|true
07:41:45.0 (140575338)|WF_CRITERIA_BEGIN|[Employee Skills: Tools a0C36000000iqCU]|SendEmailAlert30136000000L4lD|01Q360000004R9P|ON_ALL_CHANGES|0
07:41:45.0 (140645946)|WF_FORMULA|Formula:ENCODED:[treatNullAsNull]true|Values:
07:41:45.0 (140651246)|WF_CRITERIA_END|true
07:41:45.0 (140674075)|WF_SPOOL_ACTION_BEGIN|Workflow
07:41:45.0 (140723125)|WF_ACTION| Flow Trigger: 2;
07:41:45.0 (140726526)|WF_RULE_EVAL_END
07:41:45.0 (141174903)|WF_FLOW_ACTION_BEGIN|09L36000000CiXq
07:41:45.141 (141272844)|FLOW_CREATE_INTERVIEW_BEGIN|00D36000000JiIA|30036000000Gr5Z|30136000000L4ky
07:41:45.141 (142906571)|FLOW_CREATE_INTERVIEW_END|5658b174a54a6e8d9da7e90a3c0153cd141489-35d1|UpdateEmail
07:41:45.143 (143375902)|FLOW_START_INTERVIEWS_BEGIN|1
07:41:45.143 (144110179)|FLOW_START_INTERVIEW_BEGIN|5658b174a54a6e8d9da7e90a3c0153cd141489-35d1|UpdateEmail
07:41:45.143 (144886804)|FLOW_START_INTERVIEW_END|5658b174a54a6e8d9da7e90a3c0153cd141489-35d1|UpdateEmail
07:41:45.170 (170178737)|CODE_UNIT_STARTED|[EXTERNAL]|Validation:Employee_Skills:a0C36000000iqCU
07:41:45.170 (170216323)|VALIDATION_RULE|03d360000004uZ7|Grade_Validation
07:41:45.170 (170431164)|VALIDATION_FORMULA|OR( 
ISBLANK(Grade__c),
  Grade__c >5,
  Grade__c <0
)|Grade__c=4
07:41:45.170 (170438011)|VALIDATION_PASS
07:41:45.170 (170458290)|CODE_UNIT_FINISHED|Validation:Employee_Skills:a0C36000000iqCU
07:41:45.183 (183904052)|CODE_UNIT_STARTED|[EXTERNAL]|01q3600000063GL|EmployeeSkillsEmailTrigger on Employee_Skills trigger event AfterUpdate for [a0C36000000iqCU]
07:41:45.183 (183943974)|HEAP_ALLOCATE|[EXTERNAL]|Bytes:8
07:41:45.183 (183998710)|HEAP_ALLOCATE|[EXTERNAL]|Bytes:8
07:41:45.183 (184099911)|HEAP_ALLOCATE|[EXTERNAL]|Bytes:48
07:41:45.183 (184117198)|VARIABLE_SCOPE_BEGIN|[48]|this|EmployeeSkillsEmailTrigger|true|false
07:41:45.183 (184191559)|VARIABLE_ASSIGNMENT|[48]|this|{}|0x7d9691c
07:41:45.183 (184235513)|HEAP_ALLOCATE|[EXTERNAL]|Bytes:48
07:41:45.183 (184243014)|VARIABLE_SCOPE_BEGIN|[48]|this|EmployeeSkillsEmailTrigger|true|false
07:41:45.183 (184259392)|VARIABLE_ASSIGNMENT|[48]|this|{}|0x7d9691c
07:41:45.183 (184266495)|STATEMENT_EXECUTE|[48]
07:41:45.183 (184268472)|STATEMENT_EXECUTE|[51]
07:41:45.183 (184642298)|VARIABLE_ASSIGNMENT|[51]|this.rdv|{"LastModifiedDate":"2016-03-31T14:41:45.000Z","IsDeleted":false,"Experience__c":"Less than one year","Skill_Category__c":"Programing","Project__c":"a0736000000Ew01AAC","Name":"Tools","SystemModstamp":"2016-03-31T14:41:45.000Z","Employee__c":"a0A36000001ygYkEAI","CreatedById":"005360000011kEEAAY","Employee_Email__c":"andriy.lokotosh@gmai (5 more) ...","CreatedDate":"2016-03-31T14:41:45.000Z","Id":"a0C36000000iqCUEAY","Grade__c":4,"Status__c":"Waiting for submit","LastModifiedById":"005360000011kEEAAY"}|0x7d9691c
07:41:45.183 (184652024)|STATEMENT_EXECUTE|[52]
07:41:45.183 (184870007)|VARIABLE_ASSIGNMENT|[52]|this.userid|"005360000011kEEAAY"|0x7d9691c
07:41:45.183 (184875340)|STATEMENT_EXECUTE|[53]
07:41:45.183 (184886160)|HEAP_ALLOCATE|[53]|Bytes:4
07:41:45.183 (185173186)|SOQL_EXECUTE_BEGIN|[53]|Aggregations:0|SELECT Name, Email FROM User WHERE Id = :tmpVar1 LIMIT 1
07:41:45.183 (188573635)|SOQL_EXECUTE_END|[53]|Rows:1
07:41:45.183 (188594431)|HEAP_ALLOCATE|[53]|Bytes:8
07:41:45.183 (188612541)|HEAP_ALLOCATE|[53]|Bytes:86
07:41:45.183 (188631058)|HEAP_ALLOCATE|[53]|Bytes:8
07:41:45.183 (188670181)|HEAP_ALLOCATE|[53]|Bytes:16
07:41:45.183 (188703407)|VARIABLE_ASSIGNMENT|[53]|this.activeUser|{"s":1,"v":{"Name":"Andrew Lokotosh","Email":"andriy.lokotosh@gmai (5 more) ...","Id":"005360000011kEEAAY"}}|0x7d9691c
07:41:45.183 (188707673)|STATEMENT_EXECUTE|[54]
07:41:45.183 (188731337)|VARIABLE_ASSIGNMENT|[54]|this.userName|"Andrew Lokotosh"|0x7d9691c
07:41:45.183 (188734586)|STATEMENT_EXECUTE|[55]
07:41:45.183 (188749025)|VARIABLE_ASSIGNMENT|[55]|this.userEmail|"andriy.lokotosh@gmai (5 more) ..."|0x7d9691c
07:41:45.183 (188751918)|STATEMENT_EXECUTE|[56]
07:41:45.183 (188764891)|VARIABLE_ASSIGNMENT|[56]|this.employeeskills|"Tools"|0x7d9691c
07:41:45.183 (188767731)|STATEMENT_EXECUTE|[58]
07:41:45.183 (188786703)|USER_DEBUG|[58]|DEBUG|andriy.lokotosh@gmail.com
07:41:45.183 (188794081)|STATEMENT_EXECUTE|[59]
07:41:45.183 (188799943)|HEAP_ALLOCATE|[59]|Bytes:4
07:41:45.183 (189070412)|SOQL_EXECUTE_BEGIN|[59]|Aggregations:0|SELECT Id, Name, HtmlValue, Subject, Body FROM EmailTemplate WHERE Name = 'NewSkillWasCreated'
07:41:45.183 (204326959)|SOQL_EXECUTE_END|[59]|Rows:1
07:41:45.183 (204347276)|HEAP_ALLOCATE|[59]|Bytes:8
07:41:45.183 (204359156)|HEAP_ALLOCATE|[59]|Bytes:162
07:41:45.183 (204380548)|HEAP_ALLOCATE|[59]|Bytes:8
07:41:45.183 (204418064)|HEAP_ALLOCATE|[59]|Bytes:24
07:41:45.183 (204457840)|VARIABLE_ASSIGNMENT|[59]|this.emailTemplate|{"s":1,"v":{"Id":"00X36000000QbewEAC","Name":"NewSkillWasCreated","Subject":"New Skill Was Create (2 more) ...","Body":"Dear, {!CreatedBy}!\r (33 more) ..."}}|0x7d9691c
07:41:45.183 (204462891)|STATEMENT_EXECUTE|[60]
07:41:45.183 (204482401)|VARIABLE_ASSIGNMENT|[60]|this.htmlBody|null|0x7d9691c
07:41:45.183 (204485075)|STATEMENT_EXECUTE|[63]
07:41:45.183 (204502610)|VARIABLE_ASSIGNMENT|[63]|this.plainBody|"Dear, {!CreatedBy}!\r (33 more) ..."|0x7d9691c
07:41:45.183 (204505635)|STATEMENT_EXECUTE|[64]
07:41:45.183 (204548715)|HEAP_ALLOCATE|[64]|Bytes:56
07:41:45.183 (204571176)|VARIABLE_ASSIGNMENT|[64]|this.plainBody|"Dear, Andrew Lokotos (36 more) ..."|0x7d9691c
07:41:45.183 (204574282)|STATEMENT_EXECUTE|[65]
07:41:45.183 (204594872)|HEAP_ALLOCATE|[65]|Bytes:54
07:41:45.183 (204612494)|VARIABLE_ASSIGNMENT|[65]|this.plainBody|"Dear, Andrew Lokotos (34 more) ..."|0x7d9691c
07:41:45.183 (204615410)|STATEMENT_EXECUTE|[67]
07:41:45.183 (204710279)|VARIABLE_ASSIGNMENT|[67]|this.mail|"common.api.soap.wsdl.SingleEmailMessage@643d2f77"|0x7d9691c
07:41:45.183 (204715268)|STATEMENT_EXECUTE|[68]
07:41:45.183 (204757341)|STATEMENT_EXECUTE|[69]
07:41:45.183 (204774576)|STATEMENT_EXECUTE|[70]
07:41:45.183 (204794437)|STATEMENT_EXECUTE|[71]
07:41:45.183 (204809281)|STATEMENT_EXECUTE|[72]
07:41:45.183 (204824135)|STATEMENT_EXECUTE|[73]
07:41:45.183 (204845960)|STATEMENT_EXECUTE|[74]
07:41:45.183 (204865074)|STATEMENT_EXECUTE|[75]
07:41:45.183 (204880835)|STATEMENT_EXECUTE|[76]
07:41:45.183 (204888355)|HEAP_ALLOCATE|[76]|Bytes:4
07:41:45.183 (204929265)|HEAP_ALLOCATE|[EXTERNAL]|Bytes:4
07:41:45.183 (204945204)|VARIABLE_ASSIGNMENT|[76]|this.sendTo|{"s":1,"v":[]}|0x7d9691c
07:41:45.183 (204953177)|STATEMENT_EXECUTE|[77]
07:41:45.183 (204971985)|HEAP_ALLOCATE|[EXTERNAL]|Bytes:4
07:41:45.183 (204977956)|STATEMENT_EXECUTE|[78]
07:41:45.183 (205007785)|STATEMENT_EXECUTE|[79]
07:41:45.183 (205014201)|HEAP_ALLOCATE|[79]|Bytes:4
07:41:45.183 (205048623)|HEAP_ALLOCATE|[EXTERNAL]|Bytes:8
07:41:45.183 (205076532)|HEAP_ALLOCATE|[EXTERNAL]|Bytes:8
07:41:45.183 (208570994)|EMAIL_QUEUE|[79]|replyTo: support@salesforce.com, subject: New Skill Was Created!, senderDisplayName: Salesforce Support, bccSender: false, saveAsActivity: false, useSignature: false, toAddresses: [andriy.lokotosh@gmail.com], plainTextBody: Dear, Andrew Lokotosh!

A new skill Tools was added!, 
07:41:45.183 (208617286)|HEAP_ALLOCATE|[EXTERNAL]|Bytes:8
07:41:45.208 (208649201)|CUMULATIVE_LIMIT_USAGE
07:41:45.208 (208649201)|LIMIT_USAGE_FOR_NS|(default)|
  Number of SOQL queries: 5 out of 100
  Number of query rows: 5 out of 50000
  Number of SOSL queries: 0 out of 20
  Number of DML statements: 1 out of 150
  Number of DML rows: 1 out of 10000
  Maximum CPU time: 0 out of 10000
  Maximum heap size: 0 out of 6000000
  Number of callouts: 0 out of 100
  Number of Email Invocations: 2 out of 10
  Number of future calls: 0 out of 50
  Number of queueable jobs added to the queue: 0 out of 50
  Number of Mobile Apex push calls: 0 out of 10

07:41:45.208 (208649201)|CUMULATIVE_LIMIT_USAGE_END

07:41:45.183 (210030600)|CODE_UNIT_FINISHED|EmployeeSkillsEmailTrigger on Employee_Skills trigger event AfterUpdate for [a0C36000000iqCU]
07:41:45.143 (212421863)|FLOW_START_INTERVIEWS_END|1
07:41:45.0 (214122530)|WF_FLOW_ACTION_END|09L36000000CiXq
07:41:45.0 (214175076)|WF_FLOW_ACTION_BEGIN|09L36000000CiXv
07:41:45.214 (214256175)|FLOW_CREATE_INTERVIEW_BEGIN|00D36000000JiIA|30036000000Gr5j|30136000000L4lD
07:41:45.214 (216446477)|FLOW_CREATE_INTERVIEW_END|5668b174a54a6e8d9da7e90a3c0153cd141489-35d0|SendEmailAlert
07:41:45.216 (216918183)|FLOW_START_INTERVIEWS_BEGIN|1
07:41:45.216 (217545599)|FLOW_START_INTERVIEW_BEGIN|5668b174a54a6e8d9da7e90a3c0153cd141489-35d0|SendEmailAlert
07:41:45.216 (218261943)|FLOW_START_INTERVIEW_END|5668b174a54a6e8d9da7e90a3c0153cd141489-35d0|SendEmailAlert
07:41:45.216 (218285216)|FLOW_START_INTERVIEWS_END|1
07:41:45.0 (219096979)|WF_FLOW_ACTION_END|09L36000000CiXv
07:41:45.0 (219189894)|WF_RULE_EVAL_BEGIN|Workflow
07:41:45.0 (219205976)|WF_SPOOL_ACTION_BEGIN|Workflow
07:41:45.0 (219213061)|WF_ACTION| None
07:41:45.0 (219215102)|WF_RULE_EVAL_END
07:41:45.0 (219309210)|WF_ACTIONS_END| Flow Trigger: 2;
07:41:45.0 (219316964)|CODE_UNIT_FINISHED|Workflow:01I360000002Vi7
07:41:45.0 (244324555)|CODE_UNIT_STARTED|[EXTERNAL]|Workflow:01I360000002SOx
07:41:45.0 (250567978)|WF_RULE_EVAL_BEGIN|Workflow
07:41:45.0 (250596411)|WF_CRITERIA_BEGIN|[Employee: Andriy Lokotosh a0A36000001ygYk]|Jon30136000000L4kU|01Q360000004R8v|ON_RECURSIVE_UPDATE|0
07:41:45.0 (250720638)|WF_FORMULA|Formula:ENCODED:[treatNullAsNull]true|Values:
07:41:45.0 (250729695)|WF_CRITERIA_END|true
07:41:45.0 (264532802)|WF_SPOOL_ACTION_BEGIN|Workflow
07:41:45.0 (264578798)|WF_ACTION| Flow Trigger: 1;
07:41:45.0 (264584006)|WF_RULE_EVAL_END
07:41:45.0 (264644525)|WF_FLOW_ACTION_BEGIN|09L36000000CiXg
07:41:45.264 (264739124)|FLOW_CREATE_INTERVIEW_BEGIN|00D36000000JiIA|30036000000Gqzv|30136000000L4kU
07:41:45.264 (266849933)|FLOW_CREATE_INTERVIEW_END|5678b174a54a6e8d9da7e90a3c0153cd141489-35cf|Update Intern Language
07:41:45.267 (267524493)|FLOW_START_INTERVIEWS_BEGIN|1
07:41:45.267 (268295809)|FLOW_START_INTERVIEW_BEGIN|5678b174a54a6e8d9da7e90a3c0153cd141489-35cf|Update Intern Language
07:41:45.267 (272707113)|FLOW_START_INTERVIEW_END|5678b174a54a6e8d9da7e90a3c0153cd141489-35cf|Update Intern Language
07:41:45.267 (272724101)|FLOW_START_INTERVIEWS_END|1
07:41:45.0 (273613096)|WF_FLOW_ACTION_END|09L36000000CiXg
07:41:45.0 (273702971)|WF_ACTIONS_END| Flow Trigger: 1;
07:41:45.0 (273710669)|CODE_UNIT_FINISHED|Workflow:01I360000002SOx
07:41:45.0 (333172501)|CODE_UNIT_FINISHED|TRIGGERS
07:41:45.0 (333189313)|EXECUTION_FINISHED
