36.0 APEX_CODE,FINEST;APEX_PROFILING,INFO;CALLOUT,INFO;DB,INFO;SYSTEM,DEBUG;VALIDATION,INFO;VISUALFORCE,INFO;WORKFLOW,INFO
07:08:07.7 (7906722)|EXECUTION_STARTED
07:08:07.7 (7945255)|CODE_UNIT_STARTED|[EXTERNAL]|06636000001VcbV|VF: /apex/AprooveWraper
07:08:07.7 (9791571)|CODE_UNIT_STARTED|[EXTERNAL]|01p360000072SS3|WrapperEmployeeSkills <init>
07:08:07.7 (9806706)|SYSTEM_MODE_ENTER|true
07:08:07.7 (10351783)|HEAP_ALLOCATE|[72]|Bytes:3
07:08:07.7 (10417362)|HEAP_ALLOCATE|[77]|Bytes:152
07:08:07.7 (10438708)|HEAP_ALLOCATE|[342]|Bytes:408
07:08:07.7 (10461258)|HEAP_ALLOCATE|[355]|Bytes:408
07:08:07.7 (10482668)|HEAP_ALLOCATE|[467]|Bytes:48
07:08:07.7 (10517555)|HEAP_ALLOCATE|[139]|Bytes:6
07:08:07.7 (10541117)|HEAP_ALLOCATE|[EXTERNAL]|Bytes:9
07:08:07.7 (10546159)|HEAP_ALLOCATE|[EXTERNAL]|Bytes:88
07:08:07.7 (10548978)|HEAP_ALLOCATE|[EXTERNAL]|Bytes:6
07:08:07.7 (10551978)|HEAP_ALLOCATE|[EXTERNAL]|Bytes:2
07:08:07.7 (10566950)|METHOD_ENTRY|[1]|01p360000072SS3|WrapperEmployeeSkills.WrapperEmployeeSkills()
07:08:07.7 (10571256)|STATEMENT_EXECUTE|[1]
07:08:07.7 (10583469)|STATEMENT_EXECUTE|[1]
07:08:07.7 (10615108)|HEAP_ALLOCATE|[50]|Bytes:5
07:08:07.7 (10641635)|HEAP_ALLOCATE|[56]|Bytes:5
07:08:07.7 (10652010)|HEAP_ALLOCATE|[64]|Bytes:7
07:08:07.7 (10676586)|SYSTEM_MODE_ENTER|false
07:08:07.7 (10695475)|HEAP_ALLOCATE|[EXTERNAL]|Bytes:5
07:08:07.7 (10699960)|STATEMENT_EXECUTE|[59]
07:08:07.7 (10705550)|SYSTEM_MODE_EXIT|false
07:08:07.7 (10717280)|METHOD_EXIT|[1]|WrapperEmployeeSkills
07:08:07.7 (10738221)|HEAP_ALLOCATE|[EXTERNAL]|Bytes:8
07:08:07.7 (10750045)|VARIABLE_SCOPE_BEGIN|[1]|this|WrapperEmployeeSkills|true|false
07:08:07.7 (10818567)|VARIABLE_ASSIGNMENT|[1]|this|{}|0x116200ac
07:08:07.7 (10829284)|SYSTEM_MODE_ENTER|false
07:08:07.7 (10834408)|HEAP_ALLOCATE|[EXTERNAL]|Bytes:5
07:08:07.7 (10843919)|HEAP_ALLOCATE|[EXTERNAL]|Bytes:6
07:08:07.7 (10870240)|SYSTEM_MODE_EXIT|false
07:08:07.7 (10874156)|STATEMENT_EXECUTE|[1]
07:08:07.7 (10878275)|SYSTEM_MODE_ENTER|false
07:08:07.7 (10881794)|HEAP_ALLOCATE|[EXTERNAL]|Bytes:5
07:08:07.7 (10884360)|STATEMENT_EXECUTE|[4]
07:08:07.7 (10887196)|SYSTEM_MODE_EXIT|false
07:08:07.7 (10902874)|CODE_UNIT_FINISHED|WrapperEmployeeSkills <init>
07:08:07.7 (10956881)|CODE_UNIT_STARTED|[EXTERNAL]|01p360000072SS3|WrapperEmployeeSkills get(EmployeeSkills)
07:08:07.7 (10965006)|SYSTEM_MODE_ENTER|true
07:08:07.7 (10985748)|CODE_UNIT_STARTED|[EXTERNAL]|01p360000072SS3|WrapperEmployeeSkills invoke(getEmployeeSkills)
07:08:07.7 (11016599)|HEAP_ALLOCATE|[EXTERNAL]|Bytes:8
07:08:07.7 (11026721)|VARIABLE_SCOPE_BEGIN|[7]|this|WrapperEmployeeSkills|true|false
07:08:07.7 (11042275)|VARIABLE_ASSIGNMENT|[7]|this|{}|0x116200ac
07:08:07.7 (11058454)|SYSTEM_MODE_ENTER|false
07:08:07.7 (11063171)|HEAP_ALLOCATE|[8]|Bytes:5
07:08:07.7 (11067050)|STATEMENT_EXECUTE|[7]
07:08:07.7 (11116752)|VARIABLE_ASSIGNMENT|[EXTERNAL]|this|{}|0x116200ac
07:08:07.7 (11131634)|STATEMENT_EXECUTE|[8]
07:08:07.7 (11133248)|STATEMENT_EXECUTE|[9]
07:08:07.7 (11140802)|HEAP_ALLOCATE|[9]|Bytes:4
07:08:07.7 (11255213)|VARIABLE_ASSIGNMENT|[EXTERNAL]|this|{}|0x116200ac
07:08:07.7 (11291630)|HEAP_ALLOCATE|[EXTERNAL]|Bytes:4
07:08:07.7 (11313732)|VARIABLE_ASSIGNMENT|[EXTERNAL]|value|{"s":1,"v":[]}|0x7108f059
07:08:07.7 (11329120)|VARIABLE_ASSIGNMENT|[4]|this.skillsList|{"s":1,"v":[]}|0x116200ac
07:08:07.7 (11340452)|HEAP_ALLOCATE|[10]|Bytes:39
07:08:07.7 (11351895)|HEAP_ALLOCATE|[10]|Bytes:4
07:08:07.7 (11654186)|SOQL_EXECUTE_BEGIN|[10]|Aggregations:0|SELECT Id, Name FROM Employee_Skills__c
07:08:07.7 (30897283)|SOQL_EXECUTE_END|[10]|Rows:13
07:08:07.7 (30921310)|HEAP_ALLOCATE|[EXTERNAL]|Bytes:56
07:08:07.7 (31194694)|HEAP_ALLOCATE|[10]|Bytes:49
07:08:07.7 (31204888)|HEAP_ALLOCATE|[10]|Bytes:8
07:08:07.7 (31223510)|SYSTEM_METHOD_ENTRY|[7]|QueryLocatorIterator.QueryLocatorIterator()
07:08:07.7 (31227316)|STATEMENT_EXECUTE|[7]
07:08:07.7 (31240810)|SYSTEM_METHOD_EXIT|[7]|QueryLocatorIterator
07:08:07.7 (31250540)|HEAP_ALLOCATE|[10]|Bytes:28
07:08:07.7 (31312997)|HEAP_ALLOCATE|[10]|Bytes:56
07:08:07.7 (31330432)|HEAP_ALLOCATE|[10]|Bytes:8
07:08:07.7 (31333037)|HEAP_ALLOCATE|[10]|Bytes:8
07:08:07.7 (31338857)|VARIABLE_SCOPE_BEGIN|[15]|this|Database.QueryLocatorIterator|true|false
07:08:07.7 (31381892)|VARIABLE_ASSIGNMENT|[15]|this|{}|0x76aebf5d
07:08:07.7 (31385882)|VARIABLE_SCOPE_BEGIN|[15]|values|List<SObject>|true|false
07:08:07.7 (31408505)|VARIABLE_ASSIGNMENT|[15]|values|{"s":1,"v":"List of size 13 too large to display"}|0x300c90b0
07:08:07.7 (31411640)|VARIABLE_SCOPE_BEGIN|[15]|ql|Database.QueryLocator|true|false
07:08:07.7 (31428344)|VARIABLE_ASSIGNMENT|[15]|ql|{"query":"SELECT Id, Name FROM (19 more) ..."}|0x38466b7d
07:08:07.7 (31431291)|VARIABLE_SCOPE_BEGIN|[15]|totalNumRecords|Integer|false|false
07:08:07.7 (31434985)|VARIABLE_ASSIGNMENT|[15]|totalNumRecords|13
07:08:07.7 (31436880)|VARIABLE_SCOPE_BEGIN|[15]|queryMoreSize|Integer|false|false
07:08:07.7 (31439616)|VARIABLE_ASSIGNMENT|[15]|queryMoreSize|49987
07:08:07.7 (31504068)|HEAP_ALLOCATE|[10]|Bytes:28
07:08:07.7 (31531511)|METHOD_ENTRY|[10]||Database.QueryLocatorIterator.hasNext()
07:08:07.7 (31644061)|METHOD_EXIT|[10]||Database.QueryLocatorIterator.hasNext()
07:08:07.7 (31654438)|METHOD_ENTRY|[10]||Database.QueryLocatorIterator.next()
07:08:07.7 (31748081)|METHOD_EXIT|[10]||Database.QueryLocatorIterator.next()
07:08:07.7 (31760022)|VARIABLE_SCOPE_BEGIN|[10]|c|Employee_Skills__c|true|false
07:08:07.7 (31785789)|VARIABLE_ASSIGNMENT|[10]|c|{"s":1,"v":{"Id":"a0C360000002n2pEAA","Name":"sdfsdfsdf"}}|0x3cc30e66
07:08:07.7 (31790991)|STATEMENT_EXECUTE|[10]
07:08:07.7 (31792648)|STATEMENT_EXECUTE|[12]
07:08:07.7 (31830772)|VARIABLE_ASSIGNMENT|[EXTERNAL]|this|{"skillsList":"0x7108f059"}|0x116200ac
07:08:07.7 (31850191)|HEAP_ALLOCATE|[12]|Bytes:112
07:08:07.7 (31855366)|HEAP_ALLOCATE|[12]|Bytes:8
07:08:07.7 (31877305)|HEAP_ALLOCATE|[12]|Bytes:12
07:08:07.7 (31906201)|CONSTRUCTOR_ENTRY|[12]|01p360000072SS3|<init>(Employee_Skills__c)
07:08:07.7 (31927513)|VARIABLE_SCOPE_BEGIN|[64]|this|WrapperEmployeeSkills.wEmployee|true|false
07:08:07.7 (31946419)|VARIABLE_ASSIGNMENT|[64]|this|{}|0x638813b3
07:08:07.7 (31951872)|VARIABLE_SCOPE_BEGIN|[64]|s|Employee_Skills__c|true|false
07:08:07.7 (31962794)|VARIABLE_ASSIGNMENT|[64]|s|{"s":1,"v":{"Id":"a0C360000002n2pEAA","Name":"sdfsdfsdf"}}|0x3cc30e66
07:08:07.7 (31966770)|STATEMENT_EXECUTE|[59]
07:08:07.7 (31968227)|STATEMENT_EXECUTE|[60]
07:08:07.7 (31969645)|STATEMENT_EXECUTE|[61]
07:08:07.7 (31982840)|STATEMENT_EXECUTE|[64]
07:08:07.7 (31984991)|STATEMENT_EXECUTE|[65]
07:08:07.7 (32061394)|VARIABLE_ASSIGNMENT|[EXTERNAL]|this|{}|0x638813b3
07:08:07.7 (32077256)|VARIABLE_ASSIGNMENT|[EXTERNAL]|value|{"s":1,"v":{"Id":"a0C360000002n2pEAA","Name":"sdfsdfsdf"}}|0x3cc30e66
07:08:07.7 (32092424)|VARIABLE_ASSIGNMENT|[60]|this.skill|{"s":1,"v":{"Id":"a0C360000002n2pEAA","Name":"sdfsdfsdf"}}|0x638813b3
07:08:07.7 (32100731)|STATEMENT_EXECUTE|[66]
07:08:07.7 (32150406)|VARIABLE_ASSIGNMENT|[EXTERNAL]|this|{"skill":"0x3cc30e66"}|0x638813b3
07:08:07.7 (32162530)|VARIABLE_ASSIGNMENT|[EXTERNAL]|value|false
07:08:07.7 (32168200)|HEAP_ALLOCATE|[61]|Bytes:5
07:08:07.7 (32175477)|VARIABLE_ASSIGNMENT|[61]|this.selected|false|0x638813b3
07:08:07.7 (32188363)|CONSTRUCTOR_EXIT|[12]|01p360000072SS3|<init>(Employee_Skills__c)
07:08:07.7 (32205107)|HEAP_ALLOCATE|[EXTERNAL]|Bytes:4
07:08:07.7 (32215184)|METHOD_ENTRY|[10]||Database.QueryLocatorIterator.hasNext()
07:08:07.7 (32236220)|METHOD_EXIT|[10]||Database.QueryLocatorIterator.hasNext()
07:08:07.7 (32241819)|METHOD_ENTRY|[10]||Database.QueryLocatorIterator.next()
07:08:07.7 (32302866)|METHOD_EXIT|[10]||Database.QueryLocatorIterator.next()
07:08:07.7 (32309504)|VARIABLE_SCOPE_BEGIN|[10]|c|Employee_Skills__c|true|false
07:08:07.7 (32323443)|VARIABLE_ASSIGNMENT|[10]|c|{"s":1,"v":{"Id":"a0C360000003sI7EAI","Name":"Test Skill"}}|0x264a322f
07:08:07.7 (32326451)|STATEMENT_EXECUTE|[10]
07:08:07.7 (32328047)|STATEMENT_EXECUTE|[12]
07:08:07.7 (32347905)|VARIABLE_ASSIGNMENT|[EXTERNAL]|this|{"skillsList":"0x7108f059"}|0x116200ac
07:08:07.7 (32358440)|HEAP_ALLOCATE|[12]|Bytes:12
07:08:07.7 (32367392)|CONSTRUCTOR_ENTRY|[12]|01p360000072SS3|<init>(Employee_Skills__c)
07:08:07.7 (32371379)|VARIABLE_SCOPE_BEGIN|[64]|this|WrapperEmployeeSkills.wEmployee|true|false
07:08:07.7 (32383751)|VARIABLE_ASSIGNMENT|[64]|this|{}|0x67efc686
07:08:07.7 (32386110)|VARIABLE_SCOPE_BEGIN|[64]|s|Employee_Skills__c|true|false
07:08:07.7 (32394764)|VARIABLE_ASSIGNMENT|[64]|s|{"s":1,"v":{"Id":"a0C360000003sI7EAI","Name":"Test Skill"}}|0x264a322f
07:08:07.7 (32397862)|STATEMENT_EXECUTE|[59]
07:08:07.7 (32399018)|STATEMENT_EXECUTE|[60]
07:08:07.7 (32400132)|STATEMENT_EXECUTE|[61]
07:08:07.7 (32410735)|STATEMENT_EXECUTE|[64]
07:08:07.7 (32412244)|STATEMENT_EXECUTE|[65]
07:08:07.7 (32427513)|VARIABLE_ASSIGNMENT|[EXTERNAL]|this|{}|0x67efc686
07:08:07.7 (32436631)|VARIABLE_ASSIGNMENT|[EXTERNAL]|value|{"s":1,"v":{"Id":"a0C360000003sI7EAI","Name":"Test Skill"}}|0x264a322f
07:08:07.7 (32447272)|VARIABLE_ASSIGNMENT|[60]|this.skill|{"s":1,"v":{"Id":"a0C360000003sI7EAI","Name":"Test Skill"}}|0x67efc686
07:08:07.7 (32453984)|STATEMENT_EXECUTE|[66]
07:08:07.7 (32471402)|VARIABLE_ASSIGNMENT|[EXTERNAL]|this|{"skill":"0x264a322f"}|0x67efc686
07:08:07.7 (32477973)|VARIABLE_ASSIGNMENT|[EXTERNAL]|value|false
07:08:07.7 (32482132)|HEAP_ALLOCATE|[61]|Bytes:5
07:08:07.7 (32488216)|VARIABLE_ASSIGNMENT|[61]|this.selected|false|0x67efc686
07:08:07.7 (32498570)|CONSTRUCTOR_EXIT|[12]|01p360000072SS3|<init>(Employee_Skills__c)
07:08:07.7 (32507702)|HEAP_ALLOCATE|[EXTERNAL]|Bytes:4
07:08:07.7 (32515864)|METHOD_ENTRY|[10]||Database.QueryLocatorIterator.hasNext()
07:08:07.7 (32535010)|METHOD_EXIT|[10]||Database.QueryLocatorIterator.hasNext()
07:08:07.7 (32540410)|METHOD_ENTRY|[10]||Database.QueryLocatorIterator.next()
07:08:07.7 (32598624)|METHOD_EXIT|[10]||Database.QueryLocatorIterator.next()
07:08:07.7 (32605099)|VARIABLE_SCOPE_BEGIN|[10]|c|Employee_Skills__c|true|false
07:08:07.7 (32618458)|VARIABLE_ASSIGNMENT|[10]|c|{"s":1,"v":{"Id":"a0C360000003I4VEAU","Name":"Design"}}|0x396c446a
07:08:07.7 (32621302)|STATEMENT_EXECUTE|[10]
07:08:07.7 (32622492)|STATEMENT_EXECUTE|[12]
07:08:07.7 (32641340)|VARIABLE_ASSIGNMENT|[EXTERNAL]|this|{"skillsList":"0x7108f059"}|0x116200ac
07:08:07.7 (32651752)|HEAP_ALLOCATE|[12]|Bytes:12
07:08:07.7 (32660298)|CONSTRUCTOR_ENTRY|[12]|01p360000072SS3|<init>(Employee_Skills__c)
07:08:07.7 (32664149)|VARIABLE_SCOPE_BEGIN|[64]|this|WrapperEmployeeSkills.wEmployee|true|false
07:08:07.7 (32676100)|VARIABLE_ASSIGNMENT|[64]|this|{}|0x707bd870
07:08:07.7 (32678616)|VARIABLE_SCOPE_BEGIN|[64]|s|Employee_Skills__c|true|false
07:08:07.7 (32687175)|VARIABLE_ASSIGNMENT|[64]|s|{"s":1,"v":{"Id":"a0C360000003I4VEAU","Name":"Design"}}|0x396c446a
07:08:07.7 (32690238)|STATEMENT_EXECUTE|[59]
07:08:07.7 (32691372)|STATEMENT_EXECUTE|[60]
07:08:07.7 (32692492)|STATEMENT_EXECUTE|[61]
07:08:07.7 (32702902)|STATEMENT_EXECUTE|[64]
07:08:07.7 (32704343)|STATEMENT_EXECUTE|[65]
07:08:07.7 (32719434)|VARIABLE_ASSIGNMENT|[EXTERNAL]|this|{}|0x707bd870
07:08:07.7 (32728772)|VARIABLE_ASSIGNMENT|[EXTERNAL]|value|{"s":1,"v":{"Id":"a0C360000003I4VEAU","Name":"Design"}}|0x396c446a
07:08:07.7 (32739423)|VARIABLE_ASSIGNMENT|[60]|this.skill|{"s":1,"v":{"Id":"a0C360000003I4VEAU","Name":"Design"}}|0x707bd870
07:08:07.7 (32746017)|STATEMENT_EXECUTE|[66]
07:08:07.7 (32762610)|VARIABLE_ASSIGNMENT|[EXTERNAL]|this|{"skill":"0x396c446a"}|0x707bd870
07:08:07.7 (32768708)|VARIABLE_ASSIGNMENT|[EXTERNAL]|value|false
07:08:07.7 (32772659)|HEAP_ALLOCATE|[61]|Bytes:5
07:08:07.7 (32779267)|VARIABLE_ASSIGNMENT|[61]|this.selected|false|0x707bd870
07:08:07.7 (32794495)|CONSTRUCTOR_EXIT|[12]|01p360000072SS3|<init>(Employee_Skills__c)
07:08:07.7 (32804020)|HEAP_ALLOCATE|[EXTERNAL]|Bytes:4
07:08:07.7 (32812223)|METHOD_ENTRY|[10]||Database.QueryLocatorIterator.hasNext()
07:08:07.7 (32831696)|METHOD_EXIT|[10]||Database.QueryLocatorIterator.hasNext()
07:08:07.7 (32837055)|METHOD_ENTRY|[10]||Database.QueryLocatorIterator.next()
07:08:07.7 (32894803)|METHOD_EXIT|[10]||Database.QueryLocatorIterator.next()
07:08:07.7 (32901358)|VARIABLE_SCOPE_BEGIN|[10]|c|Employee_Skills__c|true|false
07:08:07.7 (32914662)|VARIABLE_ASSIGNMENT|[10]|c|{"s":1,"v":{"Id":"a0C360000003VRsEAM","Name":"Designer"}}|0x7d7571a
07:08:07.7 (32917629)|STATEMENT_EXECUTE|[10]
07:08:07.7 (32918883)|STATEMENT_EXECUTE|[12]
07:08:07.7 (32937635)|VARIABLE_ASSIGNMENT|[EXTERNAL]|this|{"skillsList":"0x7108f059"}|0x116200ac
07:08:07.7 (32947798)|HEAP_ALLOCATE|[12]|Bytes:12
07:08:07.7 (32956364)|CONSTRUCTOR_ENTRY|[12]|01p360000072SS3|<init>(Employee_Skills__c)
07:08:07.7 (32960089)|VARIABLE_SCOPE_BEGIN|[64]|this|WrapperEmployeeSkills.wEmployee|true|false
07:08:07.7 (32971981)|VARIABLE_ASSIGNMENT|[64]|this|{}|0x1e956a90
07:08:07.7 (32974244)|VARIABLE_SCOPE_BEGIN|[64]|s|Employee_Skills__c|true|false
07:08:07.7 (32982417)|VARIABLE_ASSIGNMENT|[64]|s|{"s":1,"v":{"Id":"a0C360000003VRsEAM","Name":"Designer"}}|0x7d7571a
07:08:07.7 (32985430)|STATEMENT_EXECUTE|[59]
07:08:07.7 (32986581)|STATEMENT_EXECUTE|[60]
07:08:07.7 (32988036)|STATEMENT_EXECUTE|[61]
07:08:07.7 (32998448)|STATEMENT_EXECUTE|[64]
07:08:07.7 (32999949)|STATEMENT_EXECUTE|[65]
07:08:07.7 (33015331)|VARIABLE_ASSIGNMENT|[EXTERNAL]|this|{}|0x1e956a90
07:08:07.7 (33025337)|VARIABLE_ASSIGNMENT|[EXTERNAL]|value|{"s":1,"v":{"Id":"a0C360000003VRsEAM","Name":"Designer"}}|0x7d7571a
07:08:07.7 (33035996)|VARIABLE_ASSIGNMENT|[60]|this.skill|{"s":1,"v":{"Id":"a0C360000003VRsEAM","Name":"Designer"}}|0x1e956a90
07:08:07.7 (33042829)|STATEMENT_EXECUTE|[66]
07:08:07.7 (33059662)|VARIABLE_ASSIGNMENT|[EXTERNAL]|this|{"skill":"0x7d7571a"}|0x1e956a90
07:08:07.7 (33065982)|VARIABLE_ASSIGNMENT|[EXTERNAL]|value|false
07:08:07.7 (33070010)|HEAP_ALLOCATE|[61]|Bytes:5
07:08:07.7 (33076079)|VARIABLE_ASSIGNMENT|[61]|this.selected|false|0x1e956a90
07:08:07.7 (33085730)|CONSTRUCTOR_EXIT|[12]|01p360000072SS3|<init>(Employee_Skills__c)
07:08:07.7 (33094522)|HEAP_ALLOCATE|[EXTERNAL]|Bytes:4
07:08:07.7 (33102595)|METHOD_ENTRY|[10]||Database.QueryLocatorIterator.hasNext()
07:08:07.7 (33121679)|METHOD_EXIT|[10]||Database.QueryLocatorIterator.hasNext()
07:08:07.7 (33127207)|METHOD_ENTRY|[10]||Database.QueryLocatorIterator.next()
07:08:07.7 (33183840)|METHOD_EXIT|[10]||Database.QueryLocatorIterator.next()
07:08:07.7 (33190062)|VARIABLE_SCOPE_BEGIN|[10]|c|Employee_Skills__c|true|false
07:08:07.7 (33203226)|VARIABLE_ASSIGNMENT|[10]|c|{"s":1,"v":{"Id":"a0C360000003I4aEAE","Name":"QA"}}|0x4581323c
07:08:07.7 (33206229)|STATEMENT_EXECUTE|[10]
07:08:07.7 (33207389)|STATEMENT_EXECUTE|[12]
07:08:07.7 (33226285)|VARIABLE_ASSIGNMENT|[EXTERNAL]|this|{"skillsList":"0x7108f059"}|0x116200ac
07:08:07.7 (33236269)|HEAP_ALLOCATE|[12]|Bytes:12
07:08:07.7 (33244471)|CONSTRUCTOR_ENTRY|[12]|01p360000072SS3|<init>(Employee_Skills__c)
07:08:07.7 (33248067)|VARIABLE_SCOPE_BEGIN|[64]|this|WrapperEmployeeSkills.wEmployee|true|false
07:08:07.7 (33259893)|VARIABLE_ASSIGNMENT|[64]|this|{}|0x6b17daa4
07:08:07.7 (33262081)|VARIABLE_SCOPE_BEGIN|[64]|s|Employee_Skills__c|true|false
07:08:07.7 (33270171)|VARIABLE_ASSIGNMENT|[64]|s|{"s":1,"v":{"Id":"a0C360000003I4aEAE","Name":"QA"}}|0x4581323c
07:08:07.7 (33273136)|STATEMENT_EXECUTE|[59]
07:08:07.7 (33274268)|STATEMENT_EXECUTE|[60]
07:08:07.7 (33275367)|STATEMENT_EXECUTE|[61]
07:08:07.7 (33285362)|STATEMENT_EXECUTE|[64]
07:08:07.7 (33286814)|STATEMENT_EXECUTE|[65]
07:08:07.7 (33301615)|VARIABLE_ASSIGNMENT|[EXTERNAL]|this|{}|0x6b17daa4
07:08:07.7 (33310393)|VARIABLE_ASSIGNMENT|[EXTERNAL]|value|{"s":1,"v":{"Id":"a0C360000003I4aEAE","Name":"QA"}}|0x4581323c
07:08:07.7 (33321032)|VARIABLE_ASSIGNMENT|[60]|this.skill|{"s":1,"v":{"Id":"a0C360000003I4aEAE","Name":"QA"}}|0x6b17daa4
07:08:07.7 (33327323)|STATEMENT_EXECUTE|[66]
07:08:07.7 (33344049)|VARIABLE_ASSIGNMENT|[EXTERNAL]|this|{"skill":"0x4581323c"}|0x6b17daa4
07:08:07.7 (33350194)|VARIABLE_ASSIGNMENT|[EXTERNAL]|value|false
07:08:07.7 (33354140)|HEAP_ALLOCATE|[61]|Bytes:5
07:08:07.7 (33360059)|VARIABLE_ASSIGNMENT|[61]|this.selected|false|0x6b17daa4
07:08:07.7 (33369739)|CONSTRUCTOR_EXIT|[12]|01p360000072SS3|<init>(Employee_Skills__c)
07:08:07.7 (33378368)|HEAP_ALLOCATE|[EXTERNAL]|Bytes:4
07:08:07.7 (33386310)|METHOD_ENTRY|[10]||Database.QueryLocatorIterator.hasNext()
07:08:07.7 (33405085)|METHOD_EXIT|[10]||Database.QueryLocatorIterator.hasNext()
07:08:07.7 (33410196)|METHOD_ENTRY|[10]||Database.QueryLocatorIterator.next()
07:08:07.7 (33466650)|METHOD_EXIT|[10]||Database.QueryLocatorIterator.next()
07:08:07.7 (33472994)|VARIABLE_SCOPE_BEGIN|[10]|c|Employee_Skills__c|true|false
07:08:07.7 (33486034)|VARIABLE_ASSIGNMENT|[10]|c|{"s":1,"v":{"Id":"a0C360000003XRiEAM","Name":"Tomato"}}|0x56453f5b
07:08:07.7 (33488846)|STATEMENT_EXECUTE|[10]
07:08:07.7 (33490119)|STATEMENT_EXECUTE|[12]
07:08:07.7 (33508249)|VARIABLE_ASSIGNMENT|[EXTERNAL]|this|{"skillsList":"0x7108f059"}|0x116200ac
07:08:07.7 (33518061)|HEAP_ALLOCATE|[12]|Bytes:12
07:08:07.7 (33526234)|CONSTRUCTOR_ENTRY|[12]|01p360000072SS3|<init>(Employee_Skills__c)
07:08:07.7 (33529857)|VARIABLE_SCOPE_BEGIN|[64]|this|WrapperEmployeeSkills.wEmployee|true|false
07:08:07.7 (33541972)|VARIABLE_ASSIGNMENT|[64]|this|{}|0x63311ee9
07:08:07.7 (33544167)|VARIABLE_SCOPE_BEGIN|[64]|s|Employee_Skills__c|true|false
07:08:07.7 (33552130)|VARIABLE_ASSIGNMENT|[64]|s|{"s":1,"v":{"Id":"a0C360000003XRiEAM","Name":"Tomato"}}|0x56453f5b
07:08:07.7 (33555100)|STATEMENT_EXECUTE|[59]
07:08:07.7 (33556235)|STATEMENT_EXECUTE|[60]
07:08:07.7 (33557314)|STATEMENT_EXECUTE|[61]
07:08:07.7 (33567279)|STATEMENT_EXECUTE|[64]
07:08:07.7 (33568801)|STATEMENT_EXECUTE|[65]
07:08:07.7 (33583736)|VARIABLE_ASSIGNMENT|[EXTERNAL]|this|{}|0x63311ee9
07:08:07.7 (33592490)|VARIABLE_ASSIGNMENT|[EXTERNAL]|value|{"s":1,"v":{"Id":"a0C360000003XRiEAM","Name":"Tomato"}}|0x56453f5b
07:08:07.7 (33602719)|VARIABLE_ASSIGNMENT|[60]|this.skill|{"s":1,"v":{"Id":"a0C360000003XRiEAM","Name":"Tomato"}}|0x63311ee9
07:08:07.7 (33609034)|STATEMENT_EXECUTE|[66]
07:08:07.7 (33625726)|VARIABLE_ASSIGNMENT|[EXTERNAL]|this|{"skill":"0x56453f5b"}|0x63311ee9
07:08:07.7 (33631727)|VARIABLE_ASSIGNMENT|[EXTERNAL]|value|false
07:08:07.7 (33635804)|HEAP_ALLOCATE|[61]|Bytes:5
07:08:07.7 (33641724)|VARIABLE_ASSIGNMENT|[61]|this.selected|false|0x63311ee9
07:08:07.7 (33651385)|CONSTRUCTOR_EXIT|[12]|01p360000072SS3|<init>(Employee_Skills__c)
07:08:07.7 (33660044)|HEAP_ALLOCATE|[EXTERNAL]|Bytes:4
07:08:07.7 (33667809)|METHOD_ENTRY|[10]||Database.QueryLocatorIterator.hasNext()
07:08:07.7 (33686789)|METHOD_EXIT|[10]||Database.QueryLocatorIterator.hasNext()
07:08:07.7 (33692001)|METHOD_ENTRY|[10]||Database.QueryLocatorIterator.next()
07:08:07.7 (33747979)|METHOD_EXIT|[10]||Database.QueryLocatorIterator.next()
07:08:07.7 (33754210)|VARIABLE_SCOPE_BEGIN|[10]|c|Employee_Skills__c|true|false
07:08:07.7 (33767024)|VARIABLE_ASSIGNMENT|[10]|c|{"s":1,"v":{"Id":"a0C360000003YCSEA2","Name":"Enpl"}}|0x2f6dc061
07:08:07.7 (33769921)|STATEMENT_EXECUTE|[10]
07:08:07.7 (33771061)|STATEMENT_EXECUTE|[12]
07:08:07.7 (33793949)|VARIABLE_ASSIGNMENT|[EXTERNAL]|this|{"skillsList":"0x7108f059"}|0x116200ac
07:08:07.7 (33804681)|HEAP_ALLOCATE|[12]|Bytes:12
07:08:07.7 (33812945)|CONSTRUCTOR_ENTRY|[12]|01p360000072SS3|<init>(Employee_Skills__c)
07:08:07.7 (33816648)|VARIABLE_SCOPE_BEGIN|[64]|this|WrapperEmployeeSkills.wEmployee|true|false
07:08:07.7 (33828689)|VARIABLE_ASSIGNMENT|[64]|this|{}|0x7a7aedd2
07:08:07.7 (33830893)|VARIABLE_SCOPE_BEGIN|[64]|s|Employee_Skills__c|true|false
07:08:07.7 (33839120)|VARIABLE_ASSIGNMENT|[64]|s|{"s":1,"v":{"Id":"a0C360000003YCSEA2","Name":"Enpl"}}|0x2f6dc061
07:08:07.7 (33842169)|STATEMENT_EXECUTE|[59]
07:08:07.7 (33843712)|STATEMENT_EXECUTE|[60]
07:08:07.7 (33844991)|STATEMENT_EXECUTE|[61]
07:08:07.7 (33854948)|STATEMENT_EXECUTE|[64]
07:08:07.7 (33856456)|STATEMENT_EXECUTE|[65]
07:08:07.7 (33871261)|VARIABLE_ASSIGNMENT|[EXTERNAL]|this|{}|0x7a7aedd2
07:08:07.7 (33880052)|VARIABLE_ASSIGNMENT|[EXTERNAL]|value|{"s":1,"v":{"Id":"a0C360000003YCSEA2","Name":"Enpl"}}|0x2f6dc061
07:08:07.7 (33890337)|VARIABLE_ASSIGNMENT|[60]|this.skill|{"s":1,"v":{"Id":"a0C360000003YCSEA2","Name":"Enpl"}}|0x7a7aedd2
07:08:07.7 (33896533)|STATEMENT_EXECUTE|[66]
07:08:07.7 (33913379)|VARIABLE_ASSIGNMENT|[EXTERNAL]|this|{"skill":"0x2f6dc061"}|0x7a7aedd2
07:08:07.7 (33919307)|VARIABLE_ASSIGNMENT|[EXTERNAL]|value|false
07:08:07.7 (33923211)|HEAP_ALLOCATE|[61]|Bytes:5
07:08:07.7 (33929034)|VARIABLE_ASSIGNMENT|[61]|this.selected|false|0x7a7aedd2
07:08:07.7 (33938856)|CONSTRUCTOR_EXIT|[12]|01p360000072SS3|<init>(Employee_Skills__c)
07:08:07.7 (33947537)|HEAP_ALLOCATE|[EXTERNAL]|Bytes:4
07:08:07.7 (33955536)|METHOD_ENTRY|[10]||Database.QueryLocatorIterator.hasNext()
07:08:07.7 (33974377)|METHOD_EXIT|[10]||Database.QueryLocatorIterator.hasNext()
07:08:07.7 (33979527)|METHOD_ENTRY|[10]||Database.QueryLocatorIterator.next()
07:08:07.7 (34035943)|METHOD_EXIT|[10]||Database.QueryLocatorIterator.next()
07:08:07.7 (34043249)|VARIABLE_SCOPE_BEGIN|[10]|c|Employee_Skills__c|true|false
07:08:07.7 (34056428)|VARIABLE_ASSIGNMENT|[10]|c|{"s":1,"v":{"Id":"a0C360000003XRnEAM","Name":"potato"}}|0x5baba21
07:08:07.7 (34059413)|STATEMENT_EXECUTE|[10]
07:08:07.7 (34060515)|STATEMENT_EXECUTE|[12]
07:08:07.7 (34079200)|VARIABLE_ASSIGNMENT|[EXTERNAL]|this|{"skillsList":"0x7108f059"}|0x116200ac
07:08:07.7 (34089147)|HEAP_ALLOCATE|[12]|Bytes:12
07:08:07.7 (34097088)|CONSTRUCTOR_ENTRY|[12]|01p360000072SS3|<init>(Employee_Skills__c)
07:08:07.7 (34100610)|VARIABLE_SCOPE_BEGIN|[64]|this|WrapperEmployeeSkills.wEmployee|true|false
07:08:07.7 (34112542)|VARIABLE_ASSIGNMENT|[64]|this|{}|0x6e172a29
07:08:07.7 (34114729)|VARIABLE_SCOPE_BEGIN|[64]|s|Employee_Skills__c|true|false
07:08:07.7 (34122984)|VARIABLE_ASSIGNMENT|[64]|s|{"s":1,"v":{"Id":"a0C360000003XRnEAM","Name":"potato"}}|0x5baba21
07:08:07.7 (34126066)|STATEMENT_EXECUTE|[59]
07:08:07.7 (34127182)|STATEMENT_EXECUTE|[60]
07:08:07.7 (34128275)|STATEMENT_EXECUTE|[61]
07:08:07.7 (34138142)|STATEMENT_EXECUTE|[64]
07:08:07.7 (34139680)|STATEMENT_EXECUTE|[65]
07:08:07.7 (34154910)|VARIABLE_ASSIGNMENT|[EXTERNAL]|this|{}|0x6e172a29
07:08:07.7 (34163907)|VARIABLE_ASSIGNMENT|[EXTERNAL]|value|{"s":1,"v":{"Id":"a0C360000003XRnEAM","Name":"potato"}}|0x5baba21
07:08:07.7 (34174775)|VARIABLE_ASSIGNMENT|[60]|this.skill|{"s":1,"v":{"Id":"a0C360000003XRnEAM","Name":"potato"}}|0x6e172a29
07:08:07.7 (34181081)|STATEMENT_EXECUTE|[66]
07:08:07.7 (34197738)|VARIABLE_ASSIGNMENT|[EXTERNAL]|this|{"skill":"0x5baba21"}|0x6e172a29
07:08:07.7 (34203860)|VARIABLE_ASSIGNMENT|[EXTERNAL]|value|false
07:08:07.7 (34207749)|HEAP_ALLOCATE|[61]|Bytes:5
07:08:07.7 (34213578)|VARIABLE_ASSIGNMENT|[61]|this.selected|false|0x6e172a29
07:08:07.7 (34223118)|CONSTRUCTOR_EXIT|[12]|01p360000072SS3|<init>(Employee_Skills__c)
07:08:07.7 (34231805)|HEAP_ALLOCATE|[EXTERNAL]|Bytes:4
07:08:07.7 (34239695)|METHOD_ENTRY|[10]||Database.QueryLocatorIterator.hasNext()
07:08:07.7 (34258456)|METHOD_EXIT|[10]||Database.QueryLocatorIterator.hasNext()
07:08:07.7 (34263605)|METHOD_ENTRY|[10]||Database.QueryLocatorIterator.next()
07:08:07.7 (34319081)|METHOD_EXIT|[10]||Database.QueryLocatorIterator.next()
07:08:07.7 (34325348)|VARIABLE_SCOPE_BEGIN|[10]|c|Employee_Skills__c|true|false
07:08:07.7 (34338177)|VARIABLE_ASSIGNMENT|[10]|c|{"s":1,"v":{"Id":"a0C360000003XTFEA2","Name":"ef"}}|0x2fb88142
07:08:07.7 (34341152)|STATEMENT_EXECUTE|[10]
07:08:07.7 (34342315)|STATEMENT_EXECUTE|[12]
07:08:07.7 (34360828)|VARIABLE_ASSIGNMENT|[EXTERNAL]|this|{"skillsList":"0x7108f059"}|0x116200ac
07:08:07.7 (34370819)|HEAP_ALLOCATE|[12]|Bytes:12
07:08:07.7 (34378832)|CONSTRUCTOR_ENTRY|[12]|01p360000072SS3|<init>(Employee_Skills__c)
07:08:07.7 (34382426)|VARIABLE_SCOPE_BEGIN|[64]|this|WrapperEmployeeSkills.wEmployee|true|false
07:08:07.7 (34394393)|VARIABLE_ASSIGNMENT|[64]|this|{}|0x201fd1a
07:08:07.7 (34396697)|VARIABLE_SCOPE_BEGIN|[64]|s|Employee_Skills__c|true|false
07:08:07.7 (34404787)|VARIABLE_ASSIGNMENT|[64]|s|{"s":1,"v":{"Id":"a0C360000003XTFEA2","Name":"ef"}}|0x2fb88142
07:08:07.7 (34407723)|STATEMENT_EXECUTE|[59]
07:08:07.7 (34408844)|STATEMENT_EXECUTE|[60]
07:08:07.7 (34409926)|STATEMENT_EXECUTE|[61]
07:08:07.7 (34419904)|STATEMENT_EXECUTE|[64]
07:08:07.7 (34421327)|STATEMENT_EXECUTE|[65]
07:08:07.7 (34436273)|VARIABLE_ASSIGNMENT|[EXTERNAL]|this|{}|0x201fd1a
07:08:07.7 (34445211)|VARIABLE_ASSIGNMENT|[EXTERNAL]|value|{"s":1,"v":{"Id":"a0C360000003XTFEA2","Name":"ef"}}|0x2fb88142
07:08:07.7 (34455352)|VARIABLE_ASSIGNMENT|[60]|this.skill|{"s":1,"v":{"Id":"a0C360000003XTFEA2","Name":"ef"}}|0x201fd1a
07:08:07.7 (34461652)|STATEMENT_EXECUTE|[66]
07:08:07.7 (34478260)|VARIABLE_ASSIGNMENT|[EXTERNAL]|this|{"skill":"0x2fb88142"}|0x201fd1a
07:08:07.7 (34484478)|VARIABLE_ASSIGNMENT|[EXTERNAL]|value|false
07:08:07.7 (34488516)|HEAP_ALLOCATE|[61]|Bytes:5
07:08:07.7 (34494400)|VARIABLE_ASSIGNMENT|[61]|this.selected|false|0x201fd1a
07:08:07.7 (34504062)|CONSTRUCTOR_EXIT|[12]|01p360000072SS3|<init>(Employee_Skills__c)
07:08:07.7 (34512704)|HEAP_ALLOCATE|[EXTERNAL]|Bytes:4
07:08:07.7 (34520502)|METHOD_ENTRY|[10]||Database.QueryLocatorIterator.hasNext()
07:08:07.7 (34539250)|METHOD_EXIT|[10]||Database.QueryLocatorIterator.hasNext()
07:08:07.7 (34544641)|METHOD_ENTRY|[10]||Database.QueryLocatorIterator.next()
07:08:07.7 (34599989)|METHOD_EXIT|[10]||Database.QueryLocatorIterator.next()
07:08:07.7 (34606354)|VARIABLE_SCOPE_BEGIN|[10]|c|Employee_Skills__c|true|false
07:08:07.7 (34619304)|VARIABLE_ASSIGNMENT|[10]|c|{"s":1,"v":{"Id":"a0C360000003XTGEA2","Name":"frgt"}}|0x52ba24c9
07:08:07.7 (34622123)|STATEMENT_EXECUTE|[10]
07:08:07.7 (34623287)|STATEMENT_EXECUTE|[12]
07:08:07.7 (34641724)|VARIABLE_ASSIGNMENT|[EXTERNAL]|this|{"skillsList":"0x7108f059"}|0x116200ac
07:08:07.7 (34651433)|HEAP_ALLOCATE|[12]|Bytes:12
07:08:07.7 (34659547)|CONSTRUCTOR_ENTRY|[12]|01p360000072SS3|<init>(Employee_Skills__c)
07:08:07.7 (34663068)|VARIABLE_SCOPE_BEGIN|[64]|this|WrapperEmployeeSkills.wEmployee|true|false
07:08:07.7 (34674925)|VARIABLE_ASSIGNMENT|[64]|this|{}|0x52b1ad5
07:08:07.7 (34677155)|VARIABLE_SCOPE_BEGIN|[64]|s|Employee_Skills__c|true|false
07:08:07.7 (34685216)|VARIABLE_ASSIGNMENT|[64]|s|{"s":1,"v":{"Id":"a0C360000003XTGEA2","Name":"frgt"}}|0x52ba24c9
07:08:07.7 (34688250)|STATEMENT_EXECUTE|[59]
07:08:07.7 (34689805)|STATEMENT_EXECUTE|[60]
07:08:07.7 (34691001)|STATEMENT_EXECUTE|[61]
07:08:07.7 (34700870)|STATEMENT_EXECUTE|[64]
07:08:07.7 (34702284)|STATEMENT_EXECUTE|[65]
07:08:07.7 (34717092)|VARIABLE_ASSIGNMENT|[EXTERNAL]|this|{}|0x52b1ad5
07:08:07.7 (34726108)|VARIABLE_ASSIGNMENT|[EXTERNAL]|value|{"s":1,"v":{"Id":"a0C360000003XTGEA2","Name":"frgt"}}|0x52ba24c9
07:08:07.7 (34736478)|VARIABLE_ASSIGNMENT|[60]|this.skill|{"s":1,"v":{"Id":"a0C360000003XTGEA2","Name":"frgt"}}|0x52b1ad5
07:08:07.7 (34742866)|STATEMENT_EXECUTE|[66]
07:08:07.7 (34759682)|VARIABLE_ASSIGNMENT|[EXTERNAL]|this|{"skill":"0x52ba24c9"}|0x52b1ad5
07:08:07.7 (34765748)|VARIABLE_ASSIGNMENT|[EXTERNAL]|value|false
07:08:07.7 (34769658)|HEAP_ALLOCATE|[61]|Bytes:5
07:08:07.7 (34775366)|VARIABLE_ASSIGNMENT|[61]|this.selected|false|0x52b1ad5
07:08:07.7 (34789723)|CONSTRUCTOR_EXIT|[12]|01p360000072SS3|<init>(Employee_Skills__c)
07:08:07.7 (34798975)|HEAP_ALLOCATE|[EXTERNAL]|Bytes:4
07:08:07.7 (34806899)|METHOD_ENTRY|[10]||Database.QueryLocatorIterator.hasNext()
07:08:07.7 (34825922)|METHOD_EXIT|[10]||Database.QueryLocatorIterator.hasNext()
07:08:07.7 (34831161)|METHOD_ENTRY|[10]||Database.QueryLocatorIterator.next()
07:08:07.7 (34886353)|METHOD_EXIT|[10]||Database.QueryLocatorIterator.next()
07:08:07.7 (34892845)|VARIABLE_SCOPE_BEGIN|[10]|c|Employee_Skills__c|true|false
07:08:07.7 (34906252)|VARIABLE_ASSIGNMENT|[10]|c|{"s":1,"v":{"Id":"a0C360000003YGkEAM","Name":"Robert"}}|0x6ef239a3
07:08:07.7 (34909418)|STATEMENT_EXECUTE|[10]
07:08:07.7 (34910621)|STATEMENT_EXECUTE|[12]
07:08:07.7 (34929011)|VARIABLE_ASSIGNMENT|[EXTERNAL]|this|{"skillsList":"0x7108f059"}|0x116200ac
07:08:07.7 (34939412)|HEAP_ALLOCATE|[12]|Bytes:12
07:08:07.7 (34947534)|CONSTRUCTOR_ENTRY|[12]|01p360000072SS3|<init>(Employee_Skills__c)
07:08:07.7 (34951303)|VARIABLE_SCOPE_BEGIN|[64]|this|WrapperEmployeeSkills.wEmployee|true|false
07:08:07.7 (34963034)|VARIABLE_ASSIGNMENT|[64]|this|{}|0x6316f04a
07:08:07.7 (34965253)|VARIABLE_SCOPE_BEGIN|[64]|s|Employee_Skills__c|true|false
07:08:07.7 (34973346)|VARIABLE_ASSIGNMENT|[64]|s|{"s":1,"v":{"Id":"a0C360000003YGkEAM","Name":"Robert"}}|0x6ef239a3
07:08:07.7 (34976354)|STATEMENT_EXECUTE|[59]
07:08:07.7 (34977465)|STATEMENT_EXECUTE|[60]
07:08:07.7 (34978538)|STATEMENT_EXECUTE|[61]
07:08:07.7 (34988529)|STATEMENT_EXECUTE|[64]
07:08:07.7 (34989983)|STATEMENT_EXECUTE|[65]
07:08:07.7 (35004586)|VARIABLE_ASSIGNMENT|[EXTERNAL]|this|{}|0x6316f04a
07:08:07.7 (35014252)|VARIABLE_ASSIGNMENT|[EXTERNAL]|value|{"s":1,"v":{"Id":"a0C360000003YGkEAM","Name":"Robert"}}|0x6ef239a3
07:08:07.7 (35024988)|VARIABLE_ASSIGNMENT|[60]|this.skill|{"s":1,"v":{"Id":"a0C360000003YGkEAM","Name":"Robert"}}|0x6316f04a
07:08:07.7 (35031650)|STATEMENT_EXECUTE|[66]
07:08:07.7 (35048212)|VARIABLE_ASSIGNMENT|[EXTERNAL]|this|{"skill":"0x6ef239a3"}|0x6316f04a
07:08:07.7 (35054458)|VARIABLE_ASSIGNMENT|[EXTERNAL]|value|false
07:08:07.7 (35058337)|HEAP_ALLOCATE|[61]|Bytes:5
07:08:07.7 (35064318)|VARIABLE_ASSIGNMENT|[61]|this.selected|false|0x6316f04a
07:08:07.7 (35073983)|CONSTRUCTOR_EXIT|[12]|01p360000072SS3|<init>(Employee_Skills__c)
07:08:07.7 (35082685)|HEAP_ALLOCATE|[EXTERNAL]|Bytes:4
07:08:07.7 (35090689)|METHOD_ENTRY|[10]||Database.QueryLocatorIterator.hasNext()
07:08:07.7 (35109536)|METHOD_EXIT|[10]||Database.QueryLocatorIterator.hasNext()
07:08:07.7 (35114708)|METHOD_ENTRY|[10]||Database.QueryLocatorIterator.next()
07:08:07.7 (35169667)|METHOD_EXIT|[10]||Database.QueryLocatorIterator.next()
07:08:07.7 (35175870)|VARIABLE_SCOPE_BEGIN|[10]|c|Employee_Skills__c|true|false
07:08:07.7 (35188900)|VARIABLE_ASSIGNMENT|[10]|c|{"s":1,"v":{"Id":"a0C360000003XRTEA2","Name":"logo"}}|0x60890c8d
07:08:07.7 (35191951)|STATEMENT_EXECUTE|[10]
07:08:07.7 (35193223)|STATEMENT_EXECUTE|[12]
07:08:07.7 (35211495)|VARIABLE_ASSIGNMENT|[EXTERNAL]|this|{"skillsList":"0x7108f059"}|0x116200ac
07:08:07.7 (35221360)|HEAP_ALLOCATE|[12]|Bytes:12
07:08:07.7 (35229442)|CONSTRUCTOR_ENTRY|[12]|01p360000072SS3|<init>(Employee_Skills__c)
07:08:07.7 (35233000)|VARIABLE_SCOPE_BEGIN|[64]|this|WrapperEmployeeSkills.wEmployee|true|false
07:08:07.7 (35244712)|VARIABLE_ASSIGNMENT|[64]|this|{}|0x3d294ffb
07:08:07.7 (35246926)|VARIABLE_SCOPE_BEGIN|[64]|s|Employee_Skills__c|true|false
07:08:07.7 (35255108)|VARIABLE_ASSIGNMENT|[64]|s|{"s":1,"v":{"Id":"a0C360000003XRTEA2","Name":"logo"}}|0x60890c8d
07:08:07.7 (35258010)|STATEMENT_EXECUTE|[59]
07:08:07.7 (35259142)|STATEMENT_EXECUTE|[60]
07:08:07.7 (35260243)|STATEMENT_EXECUTE|[61]
07:08:07.7 (35270100)|STATEMENT_EXECUTE|[64]
07:08:07.7 (35271588)|STATEMENT_EXECUTE|[65]
07:08:07.7 (35286563)|VARIABLE_ASSIGNMENT|[EXTERNAL]|this|{}|0x3d294ffb
07:08:07.7 (35295343)|VARIABLE_ASSIGNMENT|[EXTERNAL]|value|{"s":1,"v":{"Id":"a0C360000003XRTEA2","Name":"logo"}}|0x60890c8d
07:08:07.7 (35305625)|VARIABLE_ASSIGNMENT|[60]|this.skill|{"s":1,"v":{"Id":"a0C360000003XRTEA2","Name":"logo"}}|0x3d294ffb
07:08:07.7 (35312242)|STATEMENT_EXECUTE|[66]
07:08:07.7 (35328931)|VARIABLE_ASSIGNMENT|[EXTERNAL]|this|{"skill":"0x60890c8d"}|0x3d294ffb
07:08:07.7 (35334930)|VARIABLE_ASSIGNMENT|[EXTERNAL]|value|false
07:08:07.7 (35339049)|HEAP_ALLOCATE|[61]|Bytes:5
07:08:07.7 (35345012)|VARIABLE_ASSIGNMENT|[61]|this.selected|false|0x3d294ffb
07:08:07.7 (35354471)|CONSTRUCTOR_EXIT|[12]|01p360000072SS3|<init>(Employee_Skills__c)
07:08:07.7 (35363297)|HEAP_ALLOCATE|[EXTERNAL]|Bytes:4
07:08:07.7 (35371091)|METHOD_ENTRY|[10]||Database.QueryLocatorIterator.hasNext()
07:08:07.7 (35389632)|METHOD_EXIT|[10]||Database.QueryLocatorIterator.hasNext()
07:08:07.7 (35394808)|METHOD_ENTRY|[10]||Database.QueryLocatorIterator.next()
07:08:07.7 (35449806)|METHOD_EXIT|[10]||Database.QueryLocatorIterator.next()
07:08:07.7 (35455974)|VARIABLE_SCOPE_BEGIN|[10]|c|Employee_Skills__c|true|false
07:08:07.7 (35469047)|VARIABLE_ASSIGNMENT|[10]|c|{"s":1,"v":{"Id":"a0C360000003sIHEAY","Name":"Test Skill"}}|0x42e956dc
07:08:07.7 (35471876)|STATEMENT_EXECUTE|[10]
07:08:07.7 (35473023)|STATEMENT_EXECUTE|[12]
07:08:07.7 (35491617)|VARIABLE_ASSIGNMENT|[EXTERNAL]|this|{"skillsList":"0x7108f059"}|0x116200ac
07:08:07.7 (35501600)|HEAP_ALLOCATE|[12]|Bytes:12
07:08:07.7 (35509652)|CONSTRUCTOR_ENTRY|[12]|01p360000072SS3|<init>(Employee_Skills__c)
07:08:07.7 (35513369)|VARIABLE_SCOPE_BEGIN|[64]|this|WrapperEmployeeSkills.wEmployee|true|false
07:08:07.7 (35525196)|VARIABLE_ASSIGNMENT|[64]|this|{}|0x16a97a6b
07:08:07.7 (35527385)|VARIABLE_SCOPE_BEGIN|[64]|s|Employee_Skills__c|true|false
07:08:07.7 (35535422)|VARIABLE_ASSIGNMENT|[64]|s|{"s":1,"v":{"Id":"a0C360000003sIHEAY","Name":"Test Skill"}}|0x42e956dc
07:08:07.7 (35538549)|STATEMENT_EXECUTE|[59]
07:08:07.7 (35539786)|STATEMENT_EXECUTE|[60]
07:08:07.7 (35540875)|STATEMENT_EXECUTE|[61]
07:08:07.7 (35550778)|STATEMENT_EXECUTE|[64]
07:08:07.7 (35552259)|STATEMENT_EXECUTE|[65]
07:08:07.7 (35567106)|VARIABLE_ASSIGNMENT|[EXTERNAL]|this|{}|0x16a97a6b
07:08:07.7 (35575994)|VARIABLE_ASSIGNMENT|[EXTERNAL]|value|{"s":1,"v":{"Id":"a0C360000003sIHEAY","Name":"Test Skill"}}|0x42e956dc
07:08:07.7 (35586433)|VARIABLE_ASSIGNMENT|[60]|this.skill|{"s":1,"v":{"Id":"a0C360000003sIHEAY","Name":"Test Skill"}}|0x16a97a6b
07:08:07.7 (35592772)|STATEMENT_EXECUTE|[66]
07:08:07.7 (35609506)|VARIABLE_ASSIGNMENT|[EXTERNAL]|this|{"skill":"0x42e956dc"}|0x16a97a6b
07:08:07.7 (35615710)|VARIABLE_ASSIGNMENT|[EXTERNAL]|value|false
07:08:07.7 (35619581)|HEAP_ALLOCATE|[61]|Bytes:5
07:08:07.7 (35625434)|VARIABLE_ASSIGNMENT|[61]|this.selected|false|0x16a97a6b
07:08:07.7 (35635116)|CONSTRUCTOR_EXIT|[12]|01p360000072SS3|<init>(Employee_Skills__c)
07:08:07.7 (35643521)|HEAP_ALLOCATE|[EXTERNAL]|Bytes:4
07:08:07.7 (35651259)|METHOD_ENTRY|[10]||Database.QueryLocatorIterator.hasNext()
07:08:07.7 (35664102)|METHOD_EXIT|[10]||Database.QueryLocatorIterator.hasNext()
07:08:07.7 (35671835)|VARIABLE_ASSIGNMENT|[10]|c|null|
07:08:07.7 (35700949)|STATEMENT_EXECUTE|[15]
07:08:07.7 (35732274)|VARIABLE_ASSIGNMENT|[EXTERNAL]|this|{"skillsList":"0x7108f059"}|0x116200ac
07:08:07.7 (35745634)|SYSTEM_MODE_EXIT|false
07:08:07.7 (35760525)|CODE_UNIT_FINISHED|WrapperEmployeeSkills invoke(getEmployeeSkills)
07:08:07.7 (35794246)|CODE_UNIT_FINISHED|WrapperEmployeeSkills get(EmployeeSkills)
07:08:07.7 (36249581)|CODE_UNIT_STARTED|[EXTERNAL]|01p360000072SS3|skill
07:08:07.7 (36265483)|CODE_UNIT_FINISHED|skill
07:08:07.7 (90431188)|CODE_UNIT_STARTED|[EXTERNAL]|01p360000072SS3|selected
07:08:07.7 (90467931)|CODE_UNIT_FINISHED|selected
07:08:07.7 (91283599)|CODE_UNIT_STARTED|[EXTERNAL]|01p360000072SS3|selected
07:08:07.7 (91297881)|CODE_UNIT_FINISHED|selected
07:08:07.7 (91392818)|CODE_UNIT_STARTED|[EXTERNAL]|01p360000072SS3|skill
07:08:07.7 (91405872)|CODE_UNIT_FINISHED|skill
07:08:07.7 (91866805)|CODE_UNIT_STARTED|[EXTERNAL]|01p360000072SS3|selected
07:08:07.7 (91880343)|CODE_UNIT_FINISHED|selected
07:08:07.7 (91974633)|CODE_UNIT_STARTED|[EXTERNAL]|01p360000072SS3|skill
07:08:07.7 (91986354)|CODE_UNIT_FINISHED|skill
07:08:07.7 (92434206)|CODE_UNIT_STARTED|[EXTERNAL]|01p360000072SS3|selected
07:08:07.7 (92447602)|CODE_UNIT_FINISHED|selected
07:08:07.7 (92540504)|CODE_UNIT_STARTED|[EXTERNAL]|01p360000072SS3|skill
07:08:07.7 (92552083)|CODE_UNIT_FINISHED|skill
07:08:07.7 (92999428)|CODE_UNIT_STARTED|[EXTERNAL]|01p360000072SS3|selected
07:08:07.7 (93011455)|CODE_UNIT_FINISHED|selected
07:08:07.7 (93104509)|CODE_UNIT_STARTED|[EXTERNAL]|01p360000072SS3|skill
07:08:07.7 (93116060)|CODE_UNIT_FINISHED|skill
07:08:07.7 (93557433)|CODE_UNIT_STARTED|[EXTERNAL]|01p360000072SS3|selected
07:08:07.7 (93569561)|CODE_UNIT_FINISHED|selected
07:08:07.7 (93661542)|CODE_UNIT_STARTED|[EXTERNAL]|01p360000072SS3|skill
07:08:07.7 (93673023)|CODE_UNIT_FINISHED|skill
07:08:07.7 (94117876)|CODE_UNIT_STARTED|[EXTERNAL]|01p360000072SS3|selected
07:08:07.7 (94131153)|CODE_UNIT_FINISHED|selected
07:08:07.7 (94222582)|CODE_UNIT_STARTED|[EXTERNAL]|01p360000072SS3|skill
07:08:07.7 (94233993)|CODE_UNIT_FINISHED|skill
07:08:07.7 (94672484)|CODE_UNIT_STARTED|[EXTERNAL]|01p360000072SS3|selected
07:08:07.7 (94684367)|CODE_UNIT_FINISHED|selected
07:08:07.7 (94775449)|CODE_UNIT_STARTED|[EXTERNAL]|01p360000072SS3|skill
07:08:07.7 (94791495)|CODE_UNIT_FINISHED|skill
07:08:07.7 (95236480)|CODE_UNIT_STARTED|[EXTERNAL]|01p360000072SS3|selected
07:08:07.7 (95268479)|CODE_UNIT_FINISHED|selected
07:08:07.7 (95388651)|CODE_UNIT_STARTED|[EXTERNAL]|01p360000072SS3|skill
07:08:07.7 (95400891)|CODE_UNIT_FINISHED|skill
07:08:07.7 (95867646)|CODE_UNIT_STARTED|[EXTERNAL]|01p360000072SS3|selected
07:08:07.7 (95879824)|CODE_UNIT_FINISHED|selected
07:08:07.7 (95971444)|CODE_UNIT_STARTED|[EXTERNAL]|01p360000072SS3|skill
07:08:07.7 (95982922)|CODE_UNIT_FINISHED|skill
07:08:07.7 (96421485)|CODE_UNIT_STARTED|[EXTERNAL]|01p360000072SS3|selected
07:08:07.7 (96434421)|CODE_UNIT_FINISHED|selected
07:08:07.7 (96526464)|CODE_UNIT_STARTED|[EXTERNAL]|01p360000072SS3|skill
07:08:07.7 (96537930)|CODE_UNIT_FINISHED|skill
07:08:07.7 (96979324)|CODE_UNIT_STARTED|[EXTERNAL]|01p360000072SS3|selected
07:08:07.7 (96990892)|CODE_UNIT_FINISHED|selected
07:08:07.7 (97081940)|CODE_UNIT_STARTED|[EXTERNAL]|01p360000072SS3|skill
07:08:07.7 (97094570)|CODE_UNIT_FINISHED|skill
07:08:07.7 (97533317)|CODE_UNIT_STARTED|[EXTERNAL]|01p360000072SS3|selected
07:08:07.7 (97545193)|CODE_UNIT_FINISHED|selected
07:08:07.7 (97636607)|CODE_UNIT_STARTED|[EXTERNAL]|01p360000072SS3|skill
07:08:07.7 (97647910)|CODE_UNIT_FINISHED|skill
07:08:07.7 (100747744)|VF_SERIALIZE_VIEWSTATE_BEGIN|06636000001VcbV
07:08:07.7 (109743134)|VF_SERIALIZE_VIEWSTATE_END
07:08:07.7 (115799671)|CODE_UNIT_STARTED|[EXTERNAL]|Generate Metadata
07:08:07.7 (118245192)|CODE_UNIT_FINISHED|Generate Metadata
07:08:07.123 (123107525)|CUMULATIVE_LIMIT_USAGE
07:08:07.123 (123107525)|LIMIT_USAGE_FOR_NS|(default)|
  Number of SOQL queries: 1 out of 100
  Number of query rows: 13 out of 50000
  Number of SOSL queries: 0 out of 20
  Number of DML statements: 0 out of 150
  Number of DML rows: 0 out of 10000
  Maximum CPU time: 0 out of 10000
  Maximum heap size: 0 out of 6000000
  Number of callouts: 0 out of 100
  Number of Email Invocations: 0 out of 10
  Number of future calls: 0 out of 50
  Number of queueable jobs added to the queue: 0 out of 50
  Number of Mobile Apex push calls: 0 out of 10

07:08:07.123 (123107525)|CUMULATIVE_LIMIT_USAGE_END

07:08:07.7 (123158972)|CODE_UNIT_FINISHED|VF: /apex/AprooveWraper
07:08:07.7 (124197473)|EXECUTION_FINISHED
