36.0 APEX_CODE,FINEST;APEX_PROFILING,INFO;CALLOUT,INFO;DB,INFO;SYSTEM,DEBUG;VALIDATION,INFO;VISUALFORCE,INFO;WORKFLOW,INFO
12:33:17.0 (488818)|EXECUTION_STARTED
12:33:17.0 (526179)|CODE_UNIT_STARTED|[EXTERNAL]|aura
12:33:17.0 (1079989)|HEAP_ALLOCATE|[72]|Bytes:3
12:33:17.0 (1158924)|HEAP_ALLOCATE|[77]|Bytes:152
12:33:17.0 (1192846)|HEAP_ALLOCATE|[342]|Bytes:408
12:33:17.0 (1227079)|HEAP_ALLOCATE|[355]|Bytes:408
12:33:17.0 (1264311)|HEAP_ALLOCATE|[467]|Bytes:48
12:33:17.0 (1312904)|HEAP_ALLOCATE|[139]|Bytes:6
12:33:17.0 (1348294)|HEAP_ALLOCATE|[EXTERNAL]|Bytes:12
12:33:17.0 (1364151)|HEAP_ALLOCATE|[EXTERNAL]|Bytes:12
12:33:17.0 (20401040)|CODE_UNIT_STARTED|[EXTERNAL]|01p36000006TzBn|AwesomeProductController.getProductByName
12:33:17.0 (20637227)|HEAP_ALLOCATE|[EXTERNAL]|Bytes:3
12:33:17.0 (20664588)|METHOD_ENTRY|[1]|01p36000006TzBn|AwesomeProductController.AwesomeProductController()
12:33:17.0 (20670884)|STATEMENT_EXECUTE|[1]
12:33:17.0 (20678272)|STATEMENT_EXECUTE|[1]
12:33:17.0 (20686751)|METHOD_EXIT|[1]|AwesomeProductController
12:33:17.0 (20692901)|HEAP_ALLOCATE|[EXTERNAL]|Bytes:12
12:33:17.0 (20704432)|SYSTEM_MODE_ENTER|false
12:33:17.0 (20717307)|VARIABLE_SCOPE_BEGIN|[8]|name|String|false|false
12:33:17.0 (20756692)|VARIABLE_ASSIGNMENT|[8]|name|"Vans Classic"
12:33:17.0 (20769503)|STATEMENT_EXECUTE|[8]
12:33:17.0 (20771174)|STATEMENT_EXECUTE|[9]
12:33:17.0 (20776853)|HEAP_ALLOCATE|[9]|Bytes:167
12:33:17.0 (20795222)|HEAP_ALLOCATE|[9]|Bytes:4
12:33:17.0 (20812876)|HEAP_ALLOCATE|[9]|Bytes:7
12:33:17.0 (20879528)|HEAP_ALLOCATE|[50]|Bytes:5
12:33:17.0 (20915040)|HEAP_ALLOCATE|[56]|Bytes:5
12:33:17.0 (20924407)|HEAP_ALLOCATE|[64]|Bytes:7
12:33:17.0 (22991472)|SOQL_EXECUTE_BEGIN|[9]|Aggregations:1|SELECT id, name, photo__c, color__c, points__c, description__c, (SELECT name FROM product_sizes__r ORDER BY name ASC NULLS FIRST) FROM product__c WHERE name = :tmpVar1
12:33:17.0 (32168803)|SOQL_EXECUTE_END|[9]|Rows:1
12:33:17.0 (32218121)|HEAP_ALLOCATE|[9]|Bytes:8
12:33:17.0 (32260279)|HEAP_ALLOCATE|[9]|Bytes:560
12:33:17.0 (32321926)|HEAP_ALLOCATE|[9]|Bytes:8
12:33:17.0 (32342678)|HEAP_ALLOCATE|[9]|Bytes:36
12:33:17.0 (32450141)|HEAP_ALLOCATE|[9]|Bytes:32
12:33:17.0 (32469206)|SYSTEM_MODE_EXIT|false
12:33:17.32 (32526200)|CUMULATIVE_LIMIT_USAGE
12:33:17.32 (32526200)|LIMIT_USAGE_FOR_NS|(default)|
  Number of SOQL queries: 1 out of 100
  Number of query rows: 5 out of 50000
  Number of SOSL queries: 0 out of 20
  Number of DML statements: 0 out of 150
  Number of DML rows: 0 out of 10000
  Maximum CPU time: 0 out of 10000
  Maximum heap size: 0 out of 6000000
  Number of callouts: 0 out of 100
  Number of Email Invocations: 0 out of 10
  Number of future calls: 0 out of 50
  Number of queueable jobs added to the queue: 0 out of 50
  Number of Mobile Apex push calls: 0 out of 10

12:33:17.32 (32526200)|CUMULATIVE_LIMIT_USAGE_END

12:33:17.0 (32570616)|CODE_UNIT_FINISHED|AwesomeProductController.getProductByName
