36.0 APEX_CODE,FINEST;APEX_PROFILING,INFO;CALLOUT,INFO;DB,INFO;SYSTEM,DEBUG;VALIDATION,INFO;VISUALFORCE,INFO;WORKFLOW,INFO
03:16:09.0 (513476)|EXECUTION_STARTED
03:16:09.0 (560360)|CODE_UNIT_STARTED|[EXTERNAL]|06636000002n6IF|VF: /apex/AccountTabWrap
03:16:09.0 (7991974)|CODE_UNIT_STARTED|[EXTERNAL]|01p360000074iI2|AccountTableWrapper <init>
03:16:09.0 (8011579)|SYSTEM_MODE_ENTER|true
03:16:09.0 (8550292)|HEAP_ALLOCATE|[72]|Bytes:3
03:16:09.0 (8589757)|HEAP_ALLOCATE|[77]|Bytes:152
03:16:09.0 (8605950)|HEAP_ALLOCATE|[342]|Bytes:408
03:16:09.0 (8623375)|HEAP_ALLOCATE|[355]|Bytes:408
03:16:09.0 (8639590)|HEAP_ALLOCATE|[467]|Bytes:48
03:16:09.0 (8669027)|HEAP_ALLOCATE|[139]|Bytes:6
03:16:09.0 (8690734)|HEAP_ALLOCATE|[EXTERNAL]|Bytes:24
03:16:09.0 (8696022)|HEAP_ALLOCATE|[EXTERNAL]|Bytes:120
03:16:09.0 (8698907)|HEAP_ALLOCATE|[EXTERNAL]|Bytes:15
03:16:09.0 (8714705)|METHOD_ENTRY|[1]|01p360000074iI2|AccountTableWrapper.AccountTableWrapper()
03:16:09.0 (8719254)|STATEMENT_EXECUTE|[1]
03:16:09.0 (8725445)|STATEMENT_EXECUTE|[1]
03:16:09.0 (8765394)|HEAP_ALLOCATE|[50]|Bytes:5
03:16:09.0 (8788034)|HEAP_ALLOCATE|[56]|Bytes:5
03:16:09.0 (8798137)|HEAP_ALLOCATE|[64]|Bytes:7
03:16:09.0 (8822684)|SYSTEM_MODE_ENTER|false
03:16:09.0 (8838993)|HEAP_ALLOCATE|[EXTERNAL]|Bytes:5
03:16:09.0 (8843479)|STATEMENT_EXECUTE|[68]
03:16:09.0 (8845160)|STATEMENT_EXECUTE|[86]
03:16:09.0 (8850862)|SYSTEM_MODE_EXIT|false
03:16:09.0 (8860930)|METHOD_EXIT|[1]|AccountTableWrapper
03:16:09.0 (9081454)|HEAP_ALLOCATE|[EXTERNAL]|Bytes:16
03:16:09.0 (9097509)|VARIABLE_SCOPE_BEGIN|[5]|this|AccountTableWrapper|true|false
03:16:09.0 (9175509)|VARIABLE_ASSIGNMENT|[5]|this|{}|0x6aeb3f36
03:16:09.0 (9185842)|SYSTEM_MODE_ENTER|false
03:16:09.0 (9191307)|HEAP_ALLOCATE|[EXTERNAL]|Bytes:5
03:16:09.0 (9195248)|STATEMENT_EXECUTE|[1]
03:16:09.0 (9197966)|HEAP_ALLOCATE|[EXTERNAL]|Bytes:5
03:16:09.0 (9199924)|STATEMENT_EXECUTE|[2]
03:16:09.0 (9201134)|STATEMENT_EXECUTE|[3]
03:16:09.0 (9202108)|STATEMENT_EXECUTE|[4]
03:16:09.0 (9210970)|HEAP_ALLOCATE|[EXTERNAL]|Bytes:6
03:16:09.0 (9234108)|STATEMENT_EXECUTE|[5]
03:16:09.0 (9240808)|SYSTEM_MODE_EXIT|false
03:16:09.0 (9259882)|CODE_UNIT_FINISHED|AccountTableWrapper <init>
03:16:09.0 (9321901)|CODE_UNIT_STARTED|[EXTERNAL]|01p360000074iI2|AccountTableWrapper get(HeaderWrappers)
03:16:09.0 (9329877)|SYSTEM_MODE_ENTER|true
03:16:09.0 (9355837)|CODE_UNIT_STARTED|[EXTERNAL]|01p360000074iI2|AccountTableWrapper invoke(getHeaderWrappers)
03:16:09.0 (9398522)|HEAP_ALLOCATE|[EXTERNAL]|Bytes:16
03:16:09.0 (9408596)|VARIABLE_SCOPE_BEGIN|[45]|this|AccountTableWrapper|true|false
03:16:09.0 (9426919)|VARIABLE_ASSIGNMENT|[45]|this|{}|0x6aeb3f36
03:16:09.0 (9440126)|SYSTEM_MODE_ENTER|false
03:16:09.0 (9445146)|HEAP_ALLOCATE|[47]|Bytes:5
03:16:09.0 (9448729)|STATEMENT_EXECUTE|[46]
03:16:09.0 (9497958)|VARIABLE_ASSIGNMENT|[EXTERNAL]|this|{}|0x6aeb3f36
03:16:09.0 (9511651)|STATEMENT_EXECUTE|[48]
03:16:09.0 (9513276)|STATEMENT_EXECUTE|[49]
03:16:09.0 (9517298)|HEAP_ALLOCATE|[49]|Bytes:4
03:16:09.0 (9612238)|VARIABLE_ASSIGNMENT|[EXTERNAL]|this|{}|0x6aeb3f36
03:16:09.0 (9637701)|HEAP_ALLOCATE|[EXTERNAL]|Bytes:4
03:16:09.0 (9659013)|VARIABLE_ASSIGNMENT|[EXTERNAL]|value|{"s":1,"v":[]}|0x29d610c8
03:16:09.0 (9673548)|VARIABLE_ASSIGNMENT|[4]|this.head|{"s":1,"v":[]}|0x6aeb3f36
03:16:09.0 (9682023)|STATEMENT_EXECUTE|[52]
03:16:09.0 (9688443)|VARIABLE_SCOPE_BEGIN|[52]|idx|Integer|false|false
03:16:09.0 (9692872)|HEAP_ALLOCATE|[52]|Bytes:4
03:16:09.0 (9698793)|VARIABLE_ASSIGNMENT|[52]|idx|0
03:16:09.0 (9702850)|STATEMENT_EXECUTE|[53]
03:16:09.0 (9704014)|STATEMENT_EXECUTE|[54]
03:16:09.0 (9737584)|VARIABLE_ASSIGNMENT|[EXTERNAL]|this|{"head":"0x29d610c8"}|0x6aeb3f36
03:16:09.0 (9807768)|HEAP_ALLOCATE|[54]|Bytes:84
03:16:09.0 (9814066)|HEAP_ALLOCATE|[54]|Bytes:8
03:16:09.0 (9831475)|HEAP_ALLOCATE|[54]|Bytes:8
03:16:09.0 (9849189)|CONSTRUCTOR_ENTRY|[54]|01p360000074iI2|<init>()
03:16:09.0 (9864457)|VARIABLE_SCOPE_BEGIN|[92]|this|AccountTableWrapper.HeaderWrapper|true|false
03:16:09.0 (9888857)|VARIABLE_ASSIGNMENT|[92]|this|{}|0x33a43475
03:16:09.0 (9893433)|STATEMENT_EXECUTE|[86]
03:16:09.0 (9894710)|STATEMENT_EXECUTE|[89]
03:16:09.0 (9906582)|STATEMENT_EXECUTE|[93]
03:16:09.0 (9907981)|STATEMENT_EXECUTE|[94]
03:16:09.0 (9911819)|HEAP_ALLOCATE|[94]|Bytes:4
03:16:09.0 (9991495)|VARIABLE_ASSIGNMENT|[EXTERNAL]|this|{}|0x33a43475
03:16:09.0 (10022793)|HEAP_ALLOCATE|[EXTERNAL]|Bytes:4
03:16:09.0 (10034122)|VARIABLE_ASSIGNMENT|[EXTERNAL]|value|{"s":1,"v":[]}|0x66af8ba1
03:16:09.0 (10046459)|VARIABLE_ASSIGNMENT|[89]|this.values|{"s":1,"v":[]}|0x33a43475
03:16:09.0 (10055561)|CONSTRUCTOR_EXIT|[54]|01p360000074iI2|<init>()
03:16:09.0 (10073428)|HEAP_ALLOCATE|[EXTERNAL]|Bytes:4
03:16:09.0 (10080182)|HEAP_ALLOCATE|[52]|Bytes:4
03:16:09.0 (10086936)|VARIABLE_ASSIGNMENT|[52]|idx|1
03:16:09.0 (10091718)|STATEMENT_EXECUTE|[58]
03:16:09.0 (10094962)|VARIABLE_SCOPE_BEGIN|[58]|idx|Integer|false|false
03:16:09.0 (10097945)|HEAP_ALLOCATE|[58]|Bytes:4
03:16:09.0 (10101957)|VARIABLE_ASSIGNMENT|[58]|idx|0
03:16:09.0 (10122708)|METHOD_ENTRY|[58]|01p360000074iI2|AccountTableWrapper.getAccounts()
03:16:09.0 (10143559)|VARIABLE_SCOPE_BEGIN|[9]|this|AccountTableWrapper|true|false
03:16:09.0 (10163163)|VARIABLE_ASSIGNMENT|[9]|this|{"head":"0x29d610c8"}|0x6aeb3f36
03:16:09.0 (10171746)|HEAP_ALLOCATE|[11]|Bytes:5
03:16:09.0 (10175194)|STATEMENT_EXECUTE|[10]
03:16:09.0 (10215098)|VARIABLE_ASSIGNMENT|[EXTERNAL]|this|{"head":"0x29d610c8"}|0x6aeb3f36
03:16:09.0 (10226341)|STATEMENT_EXECUTE|[12]
03:16:09.0 (10227868)|STATEMENT_EXECUTE|[13]
03:16:09.0 (10231323)|HEAP_ALLOCATE|[13]|Bytes:141
03:16:09.0 (10241242)|HEAP_ALLOCATE|[13]|Bytes:4
03:16:09.0 (11803617)|SOQL_EXECUTE_BEGIN|[13]|Aggregations:0|SELECT id, Name, BillingStreet, BillingCity, BillingPostalCode FROM Account WHERE (BillingCity != NULL AND BillingPostalCode != NULL) LIMIT 3
03:16:09.0 (15515122)|SOQL_EXECUTE_END|[13]|Rows:3
03:16:09.0 (15536784)|HEAP_ALLOCATE|[13]|Bytes:16
03:16:09.0 (15557644)|HEAP_ALLOCATE|[13]|Bytes:417
03:16:09.0 (15584510)|HEAP_ALLOCATE|[13]|Bytes:16
03:16:09.0 (15636064)|VARIABLE_ASSIGNMENT|[EXTERNAL]|this|{"head":"0x29d610c8"}|0x6aeb3f36
03:16:09.0 (15675902)|VARIABLE_ASSIGNMENT|[EXTERNAL]|value|{"s":1,"v":[{"s":2,"v":{"Id":"0013600000CWofeAAD","Name":"Google inc","BillingStreet":"Green st.","BillingCity":"LA","BillingPostalCode":"442234"}},{"s":3,"v":{"Id":"00136000003VQw8AAG","Name":"Burlington Textiles  (15 more) ...","BillingStreet":"525 S. Lexington Ave","BillingCity":"Burlington","BillingPostalCode":"27215"}},{"s":4,"v":{"Id":"00136000003VQw9AAG","Name":"Pyramid Construction (5 more) ...","BillingStreet":"2 Place Jussieu","BillingCity":"Paris","BillingPostalCode":"75251"}}]}|0x778e916e
03:16:09.0 (15705131)|VARIABLE_ASSIGNMENT|[2]|this.accs|{"s":1,"v":[{"s":2,"v":{"Id":"0013600000CWofeAAD","Name":"Google inc","BillingStreet":"Green st.","BillingCity":"LA","BillingPostalCode":"442234"}},{"s":3,"v":{"Id":"00136000003VQw8AAG","Name":"Burlington Textiles  (15 more) ...","BillingStreet":"525 S. Lexington Ave","BillingCity":"Burlington","BillingPostalCode":"27215"}},{"s":4,"v":{"Id":"00136000003VQw9AAG","Name":"Pyramid Construction (5 more) ...","BillingStreet":"2 Place Jussieu","BillingCity":"Paris","BillingPostalCode":"75251"}}]}|0x6aeb3f36
03:16:09.0 (15715919)|STATEMENT_EXECUTE|[17]
03:16:09.0 (15750183)|VARIABLE_ASSIGNMENT|[EXTERNAL]|this|{"accs":"0x778e916e","head":"0x29d610c8"}|0x6aeb3f36
03:16:09.0 (15764096)|METHOD_EXIT|[58]|01p360000074iI2|AccountTableWrapper.getAccounts()
03:16:09.0 (15816232)|STATEMENT_EXECUTE|[59]
03:16:09.0 (15818418)|STATEMENT_EXECUTE|[60]
03:16:09.0 (15860979)|VARIABLE_ASSIGNMENT|[EXTERNAL]|this|{"accs":"0x778e916e","head":"0x29d610c8"}|0x6aeb3f36
03:16:09.0 (15929162)|HEAP_ALLOCATE|[60]|Bytes:41
03:16:09.0 (15950067)|SYSTEM_MODE_EXIT|false
03:16:09.0 (16106887)|FATAL_ERROR|System.NullPointerException: Attempt to de-reference a null object

Class.AccountTableWrapper.getHeaderWrappers: line 60, column 1
03:16:09.0 (16124925)|CODE_UNIT_FINISHED|AccountTableWrapper invoke(getHeaderWrappers)
03:16:09.0 (16205932)|CODE_UNIT_FINISHED|AccountTableWrapper get(HeaderWrappers)
03:16:09.757 (757357517)|CUMULATIVE_LIMIT_USAGE
03:16:09.757 (757357517)|LIMIT_USAGE_FOR_NS|(default)|
  Number of SOQL queries: 1 out of 100
  Number of query rows: 3 out of 50000
  Number of SOSL queries: 0 out of 20
  Number of DML statements: 0 out of 150
  Number of DML rows: 0 out of 10000
  Maximum CPU time: 0 out of 10000
  Maximum heap size: 0 out of 6000000
  Number of callouts: 0 out of 100
  Number of Email Invocations: 0 out of 10
  Number of future calls: 0 out of 50
  Number of queueable jobs added to the queue: 0 out of 50
  Number of Mobile Apex push calls: 0 out of 10

03:16:09.757 (757357517)|CUMULATIVE_LIMIT_USAGE_END

03:16:09.0 (757442924)|CODE_UNIT_FINISHED|VF: /apex/AccountTabWrap
03:16:09.0 (758424162)|EXECUTION_FINISHED
