36.0 APEX_CODE,FINEST;APEX_PROFILING,INFO;CALLOUT,INFO;DB,INFO;SYSTEM,DEBUG;VALIDATION,INFO;VISUALFORCE,INFO;WORKFLOW,INFO
07:56:05.0 (427373)|EXECUTION_STARTED
07:56:05.0 (457276)|CODE_UNIT_STARTED|[EXTERNAL]|06636000001VcbV|VF: /apex/AprooveWraper
07:56:05.0 (623790)|VF_DESERIALIZE_VIEWSTATE_BEGIN|06636000001VcbV
07:56:05.0 (14471872)|HEAP_ALLOCATE|[72]|Bytes:3
07:56:05.0 (14540432)|HEAP_ALLOCATE|[77]|Bytes:152
07:56:05.0 (14562058)|HEAP_ALLOCATE|[342]|Bytes:408
07:56:05.0 (14584443)|HEAP_ALLOCATE|[355]|Bytes:408
07:56:05.0 (14605500)|HEAP_ALLOCATE|[467]|Bytes:48
07:56:05.0 (14640388)|HEAP_ALLOCATE|[139]|Bytes:6
07:56:05.0 (14677237)|HEAP_ALLOCATE|[50]|Bytes:5
07:56:05.0 (14703679)|HEAP_ALLOCATE|[56]|Bytes:5
07:56:05.0 (14713956)|HEAP_ALLOCATE|[64]|Bytes:7
07:56:05.0 (17333892)|VF_DESERIALIZE_VIEWSTATE_END
07:56:05.0 (19456043)|CODE_UNIT_STARTED|[EXTERNAL]|01p360000072SS3|WrapperEmployeeSkills get(EmployeeSkills)
07:56:05.0 (19469060)|SYSTEM_MODE_ENTER|true
07:56:05.0 (19810771)|CODE_UNIT_STARTED|[EXTERNAL]|01p360000072SS3|WrapperEmployeeSkills invoke(getEmployeeSkills)
07:56:05.0 (19858695)|HEAP_ALLOCATE|[EXTERNAL]|Bytes:9
07:56:05.0 (19865387)|HEAP_ALLOCATE|[EXTERNAL]|Bytes:88
07:56:05.0 (19868449)|HEAP_ALLOCATE|[EXTERNAL]|Bytes:6
07:56:05.0 (19871115)|HEAP_ALLOCATE|[EXTERNAL]|Bytes:2
07:56:05.0 (19886232)|METHOD_ENTRY|[1]|01p360000072SS3|WrapperEmployeeSkills.WrapperEmployeeSkills()
07:56:05.0 (19890431)|STATEMENT_EXECUTE|[1]
07:56:05.0 (19896853)|STATEMENT_EXECUTE|[1]
07:56:05.0 (19912223)|SYSTEM_MODE_ENTER|false
07:56:05.0 (19939190)|HEAP_ALLOCATE|[EXTERNAL]|Bytes:5
07:56:05.0 (19947147)|STATEMENT_EXECUTE|[61]
07:56:05.0 (19954899)|SYSTEM_MODE_EXIT|false
07:56:05.0 (19970537)|METHOD_EXIT|[1]|WrapperEmployeeSkills
07:56:05.0 (19983611)|HEAP_ALLOCATE|[EXTERNAL]|Bytes:8
07:56:05.0 (19994960)|VARIABLE_SCOPE_BEGIN|[7]|this|WrapperEmployeeSkills|true|false
07:56:05.0 (20065907)|VARIABLE_ASSIGNMENT|[7]|this|{"skillsList":"0x25862084"}|0x41368e81
07:56:05.0 (20084272)|SYSTEM_MODE_ENTER|false
07:56:05.0 (20089787)|HEAP_ALLOCATE|[8]|Bytes:5
07:56:05.0 (20093420)|STATEMENT_EXECUTE|[7]
07:56:05.0 (20148622)|VARIABLE_ASSIGNMENT|[EXTERNAL]|this|{"skillsList":"0x25862084"}|0x41368e81
07:56:05.0 (20163467)|STATEMENT_EXECUTE|[8]
07:56:05.0 (20165577)|STATEMENT_EXECUTE|[17]
07:56:05.0 (20191822)|VARIABLE_ASSIGNMENT|[EXTERNAL]|this|{"skillsList":"0x25862084"}|0x41368e81
07:56:05.0 (20202543)|SYSTEM_MODE_EXIT|false
07:56:05.0 (20213281)|CODE_UNIT_FINISHED|WrapperEmployeeSkills invoke(getEmployeeSkills)
07:56:05.0 (20232803)|CODE_UNIT_FINISHED|WrapperEmployeeSkills get(EmployeeSkills)
07:56:05.0 (21451090)|CODE_UNIT_STARTED|[EXTERNAL]|01p360000072SS3|selected
07:56:05.0 (21465709)|HEAP_ALLOCATE|[EXTERNAL]|Bytes:112
07:56:05.0 (21471217)|HEAP_ALLOCATE|[EXTERNAL]|Bytes:8
07:56:05.0 (21481397)|CODE_UNIT_FINISHED|selected
07:56:05.0 (21557766)|CODE_UNIT_STARTED|[EXTERNAL]|01p360000072SS3|selected
07:56:05.0 (21569917)|CODE_UNIT_FINISHED|selected
07:56:05.0 (21636990)|CODE_UNIT_STARTED|[EXTERNAL]|01p360000072SS3|selected
07:56:05.0 (21648232)|CODE_UNIT_FINISHED|selected
07:56:05.0 (21713004)|CODE_UNIT_STARTED|[EXTERNAL]|01p360000072SS3|selected
07:56:05.0 (21723767)|CODE_UNIT_FINISHED|selected
07:56:05.0 (21787900)|CODE_UNIT_STARTED|[EXTERNAL]|01p360000072SS3|selected
07:56:05.0 (21798479)|CODE_UNIT_FINISHED|selected
07:56:05.0 (21861721)|CODE_UNIT_STARTED|[EXTERNAL]|01p360000072SS3|selected
07:56:05.0 (21872222)|CODE_UNIT_FINISHED|selected
07:56:05.0 (21935305)|CODE_UNIT_STARTED|[EXTERNAL]|01p360000072SS3|selected
07:56:05.0 (21945881)|CODE_UNIT_FINISHED|selected
07:56:05.0 (22009266)|CODE_UNIT_STARTED|[EXTERNAL]|01p360000072SS3|selected
07:56:05.0 (22020814)|CODE_UNIT_FINISHED|selected
07:56:05.0 (22084495)|CODE_UNIT_STARTED|[EXTERNAL]|01p360000072SS3|selected
07:56:05.0 (22095311)|CODE_UNIT_FINISHED|selected
07:56:05.0 (22158897)|CODE_UNIT_STARTED|[EXTERNAL]|01p360000072SS3|selected
07:56:05.0 (22169691)|CODE_UNIT_FINISHED|selected
07:56:05.0 (22233061)|CODE_UNIT_STARTED|[EXTERNAL]|01p360000072SS3|selected
07:56:05.0 (22243755)|CODE_UNIT_FINISHED|selected
07:56:05.0 (22306691)|CODE_UNIT_STARTED|[EXTERNAL]|01p360000072SS3|selected
07:56:05.0 (22317314)|CODE_UNIT_FINISHED|selected
07:56:05.0 (22385797)|CODE_UNIT_STARTED|[EXTERNAL]|01p360000072SS3|selected
07:56:05.0 (22396448)|CODE_UNIT_FINISHED|selected
07:56:05.0 (22459617)|CODE_UNIT_STARTED|[EXTERNAL]|01p360000072SS3|selected
07:56:05.0 (22470139)|CODE_UNIT_FINISHED|selected
07:56:05.0 (22534846)|CODE_UNIT_STARTED|[EXTERNAL]|01p360000072SS3|selected
07:56:05.0 (22546085)|CODE_UNIT_FINISHED|selected
07:56:05.0 (22619327)|CODE_UNIT_STARTED|[EXTERNAL]|01p360000072SS3|selected
07:56:05.0 (22630246)|CODE_UNIT_FINISHED|selected
07:56:05.0 (23053239)|CODE_UNIT_STARTED|[EXTERNAL]|wEmployee set(selected,false)
07:56:05.0 (23088473)|HEAP_ALLOCATE|[EXTERNAL]|Bytes:5
07:56:05.0 (23098716)|HEAP_ALLOCATE|[EXTERNAL]|Bytes:12
07:56:05.0 (23111344)|VARIABLE_ASSIGNMENT|[EXTERNAL]|this.selected|false|0x26f53df9
07:56:05.0 (23119199)|CODE_UNIT_FINISHED|wEmployee set(selected,false)
07:56:05.0 (23188658)|CODE_UNIT_STARTED|[EXTERNAL]|wEmployee set(selected,false)
07:56:05.0 (23208155)|HEAP_ALLOCATE|[EXTERNAL]|Bytes:5
07:56:05.0 (23211903)|HEAP_ALLOCATE|[EXTERNAL]|Bytes:12
07:56:05.0 (23219608)|VARIABLE_ASSIGNMENT|[EXTERNAL]|this.selected|false|0x796f3a74
07:56:05.0 (23225769)|CODE_UNIT_FINISHED|wEmployee set(selected,false)
07:56:05.0 (23291323)|CODE_UNIT_STARTED|[EXTERNAL]|wEmployee set(selected,false)
07:56:05.0 (23310271)|HEAP_ALLOCATE|[EXTERNAL]|Bytes:5
07:56:05.0 (23313840)|HEAP_ALLOCATE|[EXTERNAL]|Bytes:12
07:56:05.0 (23325707)|VARIABLE_ASSIGNMENT|[EXTERNAL]|this.selected|false|0x6df9a7dd
07:56:05.0 (23332204)|CODE_UNIT_FINISHED|wEmployee set(selected,false)
07:56:05.0 (23397910)|CODE_UNIT_STARTED|[EXTERNAL]|wEmployee set(selected,false)
07:56:05.0 (23416599)|HEAP_ALLOCATE|[EXTERNAL]|Bytes:5
07:56:05.0 (23420163)|HEAP_ALLOCATE|[EXTERNAL]|Bytes:12
07:56:05.0 (23427637)|VARIABLE_ASSIGNMENT|[EXTERNAL]|this.selected|false|0x3fa32f1
07:56:05.0 (23433682)|CODE_UNIT_FINISHED|wEmployee set(selected,false)
07:56:05.0 (23498440)|CODE_UNIT_STARTED|[EXTERNAL]|wEmployee set(selected,false)
07:56:05.0 (23517156)|HEAP_ALLOCATE|[EXTERNAL]|Bytes:5
07:56:05.0 (23520738)|HEAP_ALLOCATE|[EXTERNAL]|Bytes:12
07:56:05.0 (23528432)|VARIABLE_ASSIGNMENT|[EXTERNAL]|this.selected|false|0xcefcd82
07:56:05.0 (23536751)|CODE_UNIT_FINISHED|wEmployee set(selected,false)
07:56:05.0 (23602578)|CODE_UNIT_STARTED|[EXTERNAL]|wEmployee set(selected,false)
07:56:05.0 (23621592)|HEAP_ALLOCATE|[EXTERNAL]|Bytes:5
07:56:05.0 (23625038)|HEAP_ALLOCATE|[EXTERNAL]|Bytes:12
07:56:05.0 (23632423)|VARIABLE_ASSIGNMENT|[EXTERNAL]|this.selected|false|0xcd3faf1
07:56:05.0 (23638505)|CODE_UNIT_FINISHED|wEmployee set(selected,false)
07:56:05.0 (23703405)|CODE_UNIT_STARTED|[EXTERNAL]|wEmployee set(selected,false)
07:56:05.0 (23721967)|HEAP_ALLOCATE|[EXTERNAL]|Bytes:5
07:56:05.0 (23725477)|HEAP_ALLOCATE|[EXTERNAL]|Bytes:12
07:56:05.0 (23732721)|VARIABLE_ASSIGNMENT|[EXTERNAL]|this.selected|false|0x2c3473f9
07:56:05.0 (23738640)|CODE_UNIT_FINISHED|wEmployee set(selected,false)
07:56:05.0 (23802826)|CODE_UNIT_STARTED|[EXTERNAL]|wEmployee set(selected,false)
07:56:05.0 (23821377)|HEAP_ALLOCATE|[EXTERNAL]|Bytes:5
07:56:05.0 (23824960)|HEAP_ALLOCATE|[EXTERNAL]|Bytes:12
07:56:05.0 (23832136)|VARIABLE_ASSIGNMENT|[EXTERNAL]|this.selected|false|0x7e0ba134
07:56:05.0 (23838020)|CODE_UNIT_FINISHED|wEmployee set(selected,false)
07:56:05.0 (23902163)|CODE_UNIT_STARTED|[EXTERNAL]|wEmployee set(selected,false)
07:56:05.0 (23921161)|HEAP_ALLOCATE|[EXTERNAL]|Bytes:5
07:56:05.0 (23924742)|HEAP_ALLOCATE|[EXTERNAL]|Bytes:12
07:56:05.0 (23931989)|VARIABLE_ASSIGNMENT|[EXTERNAL]|this.selected|false|0xc7af0aa
07:56:05.0 (23937820)|CODE_UNIT_FINISHED|wEmployee set(selected,false)
07:56:05.0 (24002607)|CODE_UNIT_STARTED|[EXTERNAL]|wEmployee set(selected,false)
07:56:05.0 (24022115)|HEAP_ALLOCATE|[EXTERNAL]|Bytes:5
07:56:05.0 (24025649)|HEAP_ALLOCATE|[EXTERNAL]|Bytes:12
07:56:05.0 (24033072)|VARIABLE_ASSIGNMENT|[EXTERNAL]|this.selected|false|0x1fed97a6
07:56:05.0 (24038902)|CODE_UNIT_FINISHED|wEmployee set(selected,false)
07:56:05.0 (24103299)|CODE_UNIT_STARTED|[EXTERNAL]|wEmployee set(selected,false)
07:56:05.0 (24121742)|HEAP_ALLOCATE|[EXTERNAL]|Bytes:5
07:56:05.0 (24125216)|HEAP_ALLOCATE|[EXTERNAL]|Bytes:12
07:56:05.0 (24132613)|VARIABLE_ASSIGNMENT|[EXTERNAL]|this.selected|false|0x10c98419
07:56:05.0 (24138358)|CODE_UNIT_FINISHED|wEmployee set(selected,false)
07:56:05.0 (24202774)|CODE_UNIT_STARTED|[EXTERNAL]|wEmployee set(selected,false)
07:56:05.0 (24221288)|HEAP_ALLOCATE|[EXTERNAL]|Bytes:5
07:56:05.0 (24225298)|HEAP_ALLOCATE|[EXTERNAL]|Bytes:12
07:56:05.0 (24232629)|VARIABLE_ASSIGNMENT|[EXTERNAL]|this.selected|false|0x33e89535
07:56:05.0 (24238419)|CODE_UNIT_FINISHED|wEmployee set(selected,false)
07:56:05.0 (24302557)|CODE_UNIT_STARTED|[EXTERNAL]|wEmployee set(selected,false)
07:56:05.0 (24329853)|HEAP_ALLOCATE|[EXTERNAL]|Bytes:5
07:56:05.0 (24333683)|HEAP_ALLOCATE|[EXTERNAL]|Bytes:12
07:56:05.0 (24341148)|VARIABLE_ASSIGNMENT|[EXTERNAL]|this.selected|false|0x684cdc42
07:56:05.0 (24347214)|CODE_UNIT_FINISHED|wEmployee set(selected,false)
07:56:05.0 (24411916)|CODE_UNIT_STARTED|[EXTERNAL]|wEmployee set(selected,false)
07:56:05.0 (24430540)|HEAP_ALLOCATE|[EXTERNAL]|Bytes:5
07:56:05.0 (24434027)|HEAP_ALLOCATE|[EXTERNAL]|Bytes:12
07:56:05.0 (24441235)|VARIABLE_ASSIGNMENT|[EXTERNAL]|this.selected|false|0x1b6f364a
07:56:05.0 (24447056)|CODE_UNIT_FINISHED|wEmployee set(selected,false)
07:56:05.0 (24511863)|CODE_UNIT_STARTED|[EXTERNAL]|wEmployee set(selected,true)
07:56:05.0 (24531381)|HEAP_ALLOCATE|[EXTERNAL]|Bytes:5
07:56:05.0 (24535876)|HEAP_ALLOCATE|[EXTERNAL]|Bytes:12
07:56:05.0 (24543358)|VARIABLE_ASSIGNMENT|[EXTERNAL]|this.selected|true|0x475a8072
07:56:05.0 (24549788)|CODE_UNIT_FINISHED|wEmployee set(selected,true)
07:56:05.0 (24614443)|CODE_UNIT_STARTED|[EXTERNAL]|wEmployee set(selected,false)
07:56:05.0 (24633465)|HEAP_ALLOCATE|[EXTERNAL]|Bytes:5
07:56:05.0 (24636967)|HEAP_ALLOCATE|[EXTERNAL]|Bytes:12
07:56:05.0 (24644166)|VARIABLE_ASSIGNMENT|[EXTERNAL]|this.selected|false|0x30ecf491
07:56:05.0 (24649954)|CODE_UNIT_FINISHED|wEmployee set(selected,false)
07:56:05.0 (24819831)|CODE_UNIT_STARTED|[EXTERNAL]|01p360000072SS3|WrapperEmployeeSkills invoke(processSelected)
07:56:05.0 (24846243)|HEAP_ALLOCATE|[EXTERNAL]|Bytes:8
07:56:05.0 (24854587)|VARIABLE_SCOPE_BEGIN|[21]|this|WrapperEmployeeSkills|true|false
07:56:05.0 (24873588)|VARIABLE_ASSIGNMENT|[21]|this|{"skillsList":"0x25862084"}|0x41368e81
07:56:05.0 (24883909)|SYSTEM_MODE_ENTER|false
07:56:05.0 (24888800)|HEAP_ALLOCATE|[23]|Bytes:5
07:56:05.0 (24892271)|STATEMENT_EXECUTE|[22]
07:56:05.0 (24893725)|STATEMENT_EXECUTE|[23]
07:56:05.0 (24894762)|STATEMENT_EXECUTE|[24]
07:56:05.0 (24895773)|STATEMENT_EXECUTE|[27]
07:56:05.0 (24926095)|HEAP_ALLOCATE|[27]|Bytes:4
07:56:05.0 (25015035)|VARIABLE_SCOPE_BEGIN|[27]|selectedSkills|List<Employee_Skills__c>|true|false
07:56:05.0 (25024806)|HEAP_ALLOCATE|[EXTERNAL]|Bytes:4
07:56:05.0 (25042677)|VARIABLE_ASSIGNMENT|[27]|selectedSkills|{"s":1,"v":[]}|0x4f396e0b
07:56:05.0 (25062999)|METHOD_ENTRY|[30]|01p360000072SS3|WrapperEmployeeSkills.getEmployeeSkills()
07:56:05.0 (25074732)|VARIABLE_SCOPE_BEGIN|[7]|this|WrapperEmployeeSkills|true|false
07:56:05.0 (25091701)|VARIABLE_ASSIGNMENT|[7]|this|{"skillsList":"0x25862084"}|0x41368e81
07:56:05.0 (25100476)|HEAP_ALLOCATE|[8]|Bytes:5
07:56:05.0 (25103915)|STATEMENT_EXECUTE|[7]
07:56:05.0 (25122382)|VARIABLE_ASSIGNMENT|[EXTERNAL]|this|{"skillsList":"0x25862084"}|0x41368e81
07:56:05.0 (25131347)|STATEMENT_EXECUTE|[8]
07:56:05.0 (25133105)|STATEMENT_EXECUTE|[17]
07:56:05.0 (25146571)|VARIABLE_ASSIGNMENT|[EXTERNAL]|this|{"skillsList":"0x25862084"}|0x41368e81
07:56:05.0 (25157346)|METHOD_EXIT|[30]|01p360000072SS3|WrapperEmployeeSkills.getEmployeeSkills()
07:56:05.0 (25364571)|HEAP_ALLOCATE|[30]|Bytes:5
07:56:05.0 (25383254)|HEAP_ALLOCATE|[30]|Bytes:12
07:56:05.0 (25394573)|VARIABLE_SCOPE_BEGIN|[30]|wEmp|WrapperEmployeeSkills.wEmployee|true|false
07:56:05.0 (25427586)|VARIABLE_ASSIGNMENT|[30]|wEmp|{"selected":false,"skill":"0x76194b2"}|0x26f53df9
07:56:05.0 (25432564)|STATEMENT_EXECUTE|[30]
07:56:05.0 (25473971)|VARIABLE_ASSIGNMENT|[EXTERNAL]|this|{"selected":false,"skill":"0x76194b2"}|0x26f53df9
07:56:05.0 (25487487)|STATEMENT_EXECUTE|[31]
07:56:05.0 (25498748)|HEAP_ALLOCATE|[30]|Bytes:5
07:56:05.0 (25508233)|HEAP_ALLOCATE|[30]|Bytes:12
07:56:05.0 (25513597)|VARIABLE_SCOPE_BEGIN|[30]|wEmp|WrapperEmployeeSkills.wEmployee|true|false
07:56:05.0 (25532773)|VARIABLE_ASSIGNMENT|[30]|wEmp|{"selected":false,"skill":"0x29389e4c"}|0x796f3a74
07:56:05.0 (25537168)|STATEMENT_EXECUTE|[30]
07:56:05.0 (25557695)|VARIABLE_ASSIGNMENT|[EXTERNAL]|this|{"selected":false,"skill":"0x29389e4c"}|0x796f3a74
07:56:05.0 (25566599)|STATEMENT_EXECUTE|[31]
07:56:05.0 (25576272)|HEAP_ALLOCATE|[30]|Bytes:5
07:56:05.0 (25584610)|HEAP_ALLOCATE|[30]|Bytes:12
07:56:05.0 (25589465)|VARIABLE_SCOPE_BEGIN|[30]|wEmp|WrapperEmployeeSkills.wEmployee|true|false
07:56:05.0 (25605196)|VARIABLE_ASSIGNMENT|[30]|wEmp|{"selected":false,"skill":"0x6bae7bc8"}|0x6df9a7dd
07:56:05.0 (25608425)|STATEMENT_EXECUTE|[30]
07:56:05.0 (25625871)|VARIABLE_ASSIGNMENT|[EXTERNAL]|this|{"selected":false,"skill":"0x6bae7bc8"}|0x6df9a7dd
07:56:05.0 (25634170)|STATEMENT_EXECUTE|[31]
07:56:05.0 (25643181)|HEAP_ALLOCATE|[30]|Bytes:5
07:56:05.0 (25651368)|HEAP_ALLOCATE|[30]|Bytes:12
07:56:05.0 (25656138)|VARIABLE_SCOPE_BEGIN|[30]|wEmp|WrapperEmployeeSkills.wEmployee|true|false
07:56:05.0 (25671469)|VARIABLE_ASSIGNMENT|[30]|wEmp|{"selected":false,"skill":"0x60e1a60b"}|0x3fa32f1
07:56:05.0 (25674826)|STATEMENT_EXECUTE|[30]
07:56:05.0 (25692242)|VARIABLE_ASSIGNMENT|[EXTERNAL]|this|{"selected":false,"skill":"0x60e1a60b"}|0x3fa32f1
07:56:05.0 (25700625)|STATEMENT_EXECUTE|[31]
07:56:05.0 (25709580)|HEAP_ALLOCATE|[30]|Bytes:5
07:56:05.0 (25717558)|HEAP_ALLOCATE|[30]|Bytes:12
07:56:05.0 (25722118)|VARIABLE_SCOPE_BEGIN|[30]|wEmp|WrapperEmployeeSkills.wEmployee|true|false
07:56:05.0 (25737520)|VARIABLE_ASSIGNMENT|[30]|wEmp|{"selected":false,"skill":"0x4f23e97"}|0xcefcd82
07:56:05.0 (25740799)|STATEMENT_EXECUTE|[30]
07:56:05.0 (25757760)|VARIABLE_ASSIGNMENT|[EXTERNAL]|this|{"selected":false,"skill":"0x4f23e97"}|0xcefcd82
07:56:05.0 (25766124)|STATEMENT_EXECUTE|[31]
07:56:05.0 (25775226)|HEAP_ALLOCATE|[30]|Bytes:5
07:56:05.0 (25783191)|HEAP_ALLOCATE|[30]|Bytes:12
07:56:05.0 (25787797)|VARIABLE_SCOPE_BEGIN|[30]|wEmp|WrapperEmployeeSkills.wEmployee|true|false
07:56:05.0 (25802885)|VARIABLE_ASSIGNMENT|[30]|wEmp|{"selected":false,"skill":"0x69550abb"}|0xcd3faf1
07:56:05.0 (25806280)|STATEMENT_EXECUTE|[30]
07:56:05.0 (25823186)|VARIABLE_ASSIGNMENT|[EXTERNAL]|this|{"selected":false,"skill":"0x69550abb"}|0xcd3faf1
07:56:05.0 (25831469)|STATEMENT_EXECUTE|[31]
07:56:05.0 (25840465)|HEAP_ALLOCATE|[30]|Bytes:5
07:56:05.0 (25848594)|HEAP_ALLOCATE|[30]|Bytes:12
07:56:05.0 (25853177)|VARIABLE_SCOPE_BEGIN|[30]|wEmp|WrapperEmployeeSkills.wEmployee|true|false
07:56:05.0 (25868346)|VARIABLE_ASSIGNMENT|[30]|wEmp|{"selected":false,"skill":"0x71bd4c62"}|0x2c3473f9
07:56:05.0 (25871472)|STATEMENT_EXECUTE|[30]
07:56:05.0 (25888640)|VARIABLE_ASSIGNMENT|[EXTERNAL]|this|{"selected":false,"skill":"0x71bd4c62"}|0x2c3473f9
07:56:05.0 (25896859)|STATEMENT_EXECUTE|[31]
07:56:05.0 (25905952)|HEAP_ALLOCATE|[30]|Bytes:5
07:56:05.0 (25914064)|HEAP_ALLOCATE|[30]|Bytes:12
07:56:05.0 (25918777)|VARIABLE_SCOPE_BEGIN|[30]|wEmp|WrapperEmployeeSkills.wEmployee|true|false
07:56:05.0 (25933827)|VARIABLE_ASSIGNMENT|[30]|wEmp|{"selected":false,"skill":"0x1c017da0"}|0x7e0ba134
07:56:05.0 (25937003)|STATEMENT_EXECUTE|[30]
07:56:05.0 (25954267)|VARIABLE_ASSIGNMENT|[EXTERNAL]|this|{"selected":false,"skill":"0x1c017da0"}|0x7e0ba134
07:56:05.0 (25962643)|STATEMENT_EXECUTE|[31]
07:56:05.0 (25971611)|HEAP_ALLOCATE|[30]|Bytes:5
07:56:05.0 (25979604)|HEAP_ALLOCATE|[30]|Bytes:12
07:56:05.0 (25984124)|VARIABLE_SCOPE_BEGIN|[30]|wEmp|WrapperEmployeeSkills.wEmployee|true|false
07:56:05.0 (25999191)|VARIABLE_ASSIGNMENT|[30]|wEmp|{"selected":false,"skill":"0x992ee31"}|0xc7af0aa
07:56:05.0 (26002242)|STATEMENT_EXECUTE|[30]
07:56:05.0 (26020795)|VARIABLE_ASSIGNMENT|[EXTERNAL]|this|{"selected":false,"skill":"0x992ee31"}|0xc7af0aa
07:56:05.0 (26029264)|STATEMENT_EXECUTE|[31]
07:56:05.0 (26038351)|HEAP_ALLOCATE|[30]|Bytes:5
07:56:05.0 (26046426)|HEAP_ALLOCATE|[30]|Bytes:12
07:56:05.0 (26051064)|VARIABLE_SCOPE_BEGIN|[30]|wEmp|WrapperEmployeeSkills.wEmployee|true|false
07:56:05.0 (26066149)|VARIABLE_ASSIGNMENT|[30]|wEmp|{"selected":false,"skill":"0x48533d6a"}|0x1fed97a6
07:56:05.0 (26069227)|STATEMENT_EXECUTE|[30]
07:56:05.0 (26086192)|VARIABLE_ASSIGNMENT|[EXTERNAL]|this|{"selected":false,"skill":"0x48533d6a"}|0x1fed97a6
07:56:05.0 (26094523)|STATEMENT_EXECUTE|[31]
07:56:05.0 (26103492)|HEAP_ALLOCATE|[30]|Bytes:5
07:56:05.0 (26111406)|HEAP_ALLOCATE|[30]|Bytes:12
07:56:05.0 (26115992)|VARIABLE_SCOPE_BEGIN|[30]|wEmp|WrapperEmployeeSkills.wEmployee|true|false
07:56:05.0 (26131223)|VARIABLE_ASSIGNMENT|[30]|wEmp|{"selected":false,"skill":"0x5396a65e"}|0x10c98419
07:56:05.0 (26134304)|STATEMENT_EXECUTE|[30]
07:56:05.0 (26151666)|VARIABLE_ASSIGNMENT|[EXTERNAL]|this|{"selected":false,"skill":"0x5396a65e"}|0x10c98419
07:56:05.0 (26160004)|STATEMENT_EXECUTE|[31]
07:56:05.0 (26168972)|HEAP_ALLOCATE|[30]|Bytes:5
07:56:05.0 (26176969)|HEAP_ALLOCATE|[30]|Bytes:12
07:56:05.0 (26181537)|VARIABLE_SCOPE_BEGIN|[30]|wEmp|WrapperEmployeeSkills.wEmployee|true|false
07:56:05.0 (26196993)|VARIABLE_ASSIGNMENT|[30]|wEmp|{"selected":false,"skill":"0x44ed2df1"}|0x33e89535
07:56:05.0 (26200240)|STATEMENT_EXECUTE|[30]
07:56:05.0 (26217097)|VARIABLE_ASSIGNMENT|[EXTERNAL]|this|{"selected":false,"skill":"0x44ed2df1"}|0x33e89535
07:56:05.0 (26225509)|STATEMENT_EXECUTE|[31]
07:56:05.0 (26234533)|HEAP_ALLOCATE|[30]|Bytes:5
07:56:05.0 (26242643)|HEAP_ALLOCATE|[30]|Bytes:12
07:56:05.0 (26247215)|VARIABLE_SCOPE_BEGIN|[30]|wEmp|WrapperEmployeeSkills.wEmployee|true|false
07:56:05.0 (26262317)|VARIABLE_ASSIGNMENT|[30]|wEmp|{"selected":false,"skill":"0x5a90a03b"}|0x684cdc42
07:56:05.0 (26265229)|STATEMENT_EXECUTE|[30]
07:56:05.0 (26282171)|VARIABLE_ASSIGNMENT|[EXTERNAL]|this|{"selected":false,"skill":"0x5a90a03b"}|0x684cdc42
07:56:05.0 (26290296)|STATEMENT_EXECUTE|[31]
07:56:05.0 (26299307)|HEAP_ALLOCATE|[30]|Bytes:5
07:56:05.0 (26307308)|HEAP_ALLOCATE|[30]|Bytes:12
07:56:05.0 (26311881)|VARIABLE_SCOPE_BEGIN|[30]|wEmp|WrapperEmployeeSkills.wEmployee|true|false
07:56:05.0 (26332238)|VARIABLE_ASSIGNMENT|[30]|wEmp|{"selected":false,"skill":"0xb796e6e"}|0x1b6f364a
07:56:05.0 (26335834)|STATEMENT_EXECUTE|[30]
07:56:05.0 (26354078)|VARIABLE_ASSIGNMENT|[EXTERNAL]|this|{"selected":false,"skill":"0xb796e6e"}|0x1b6f364a
07:56:05.0 (26362572)|STATEMENT_EXECUTE|[31]
07:56:05.0 (26372159)|HEAP_ALLOCATE|[30]|Bytes:5
07:56:05.0 (26380332)|HEAP_ALLOCATE|[30]|Bytes:12
07:56:05.0 (26384901)|VARIABLE_SCOPE_BEGIN|[30]|wEmp|WrapperEmployeeSkills.wEmployee|true|false
07:56:05.0 (26400289)|VARIABLE_ASSIGNMENT|[30]|wEmp|{"selected":true,"skill":"0x6dbb8d09"}|0x475a8072
07:56:05.0 (26403334)|STATEMENT_EXECUTE|[30]
07:56:05.0 (26420414)|VARIABLE_ASSIGNMENT|[EXTERNAL]|this|{"selected":true,"skill":"0x6dbb8d09"}|0x475a8072
07:56:05.0 (26428753)|STATEMENT_EXECUTE|[31]
07:56:05.0 (26430191)|STATEMENT_EXECUTE|[32]
07:56:05.0 (26468042)|VARIABLE_ASSIGNMENT|[EXTERNAL]|this|{"selected":true,"skill":"0x6dbb8d09"}|0x475a8072
07:56:05.0 (26489771)|HEAP_ALLOCATE|[EXTERNAL]|Bytes:4
07:56:05.0 (26502766)|HEAP_ALLOCATE|[30]|Bytes:5
07:56:05.0 (26511585)|HEAP_ALLOCATE|[30]|Bytes:12
07:56:05.0 (26516561)|VARIABLE_SCOPE_BEGIN|[30]|wEmp|WrapperEmployeeSkills.wEmployee|true|false
07:56:05.0 (26535941)|VARIABLE_ASSIGNMENT|[30]|wEmp|{"selected":false,"skill":"0x5f904120"}|0x30ecf491
07:56:05.0 (26542198)|STATEMENT_EXECUTE|[30]
07:56:05.0 (26567091)|VARIABLE_ASSIGNMENT|[EXTERNAL]|this|{"selected":false,"skill":"0x5f904120"}|0x30ecf491
07:56:05.0 (26576652)|STATEMENT_EXECUTE|[31]
07:56:05.0 (26586562)|HEAP_ALLOCATE|[30]|Bytes:5
07:56:05.0 (26597224)|VARIABLE_ASSIGNMENT|[30]|wEmp|null|
07:56:05.0 (26694655)|HEAP_ALLOCATE|[39]|Bytes:5
07:56:05.0 (26737581)|HEAP_ALLOCATE|[39]|Bytes:32
07:56:05.0 (26748056)|VARIABLE_SCOPE_BEGIN|[39]|es|Employee_Skills__c|true|false
07:56:05.0 (26776373)|VARIABLE_ASSIGNMENT|[39]|es|{"s":1,"v":{"Id":"a0C36000000iqFYEAY","Name":"fsdfsd","Employee__c":"a0A36000001ygYkEAI","Project__c":"a0736000000Ew01AAC","Status__c":"Waiting for submit","Employee__r":{"s":2,"v":{"Name":"Andriy Lokotosh","Id":"a0A36000001ygYkEAI"}},"Project__r":{"s":3,"v":{"Name":"eBank","Id":"a0736000000Ew01AAC"}}}}|0x6dbb8d09
07:56:05.0 (26781800)|STATEMENT_EXECUTE|[40]
07:56:05.0 (26783171)|STATEMENT_EXECUTE|[41]
07:56:05.0 (26873943)|VARIABLE_SCOPE_BEGIN|[41]|req|Approval.ProcessSubmitRequest|true|false
07:56:05.0 (26976958)|VARIABLE_ASSIGNMENT|[41]|req|"common.api.soap.wsdl.ProcessSubmitRequest@1bda3dbd"|0x67b48064
07:56:05.0 (26982302)|STATEMENT_EXECUTE|[42]
07:56:05.0 (26986852)|HEAP_ALLOCATE|[42]|Bytes:39
07:56:05.0 (27048533)|STATEMENT_EXECUTE|[43]
07:56:05.0 (27266678)|HEAP_ALLOCATE|[43]|Bytes:18
07:56:05.0 (27302992)|STATEMENT_EXECUTE|[45]
07:56:05.0 (27376153)|HEAP_ALLOCATE|[45]|Bytes:8
07:56:05.0 (27394806)|DML_BEGIN|[45]|Op:Process|Type:ProcessRequest|Rows:1
07:56:05.0 (27425891)|HEAP_ALLOCATE|[EXTERNAL]|Bytes:8
07:56:05.0 (42662797)|CODE_UNIT_STARTED|[EXTERNAL]|Workflow:ApprovalProcessActions
07:56:05.0 (53931471)|WF_APPROVAL_SUBMIT|[Employee Skills: fsdfsd a0C36000000iqFY]
07:56:05.0 (55033020)|WF_APPROVAL_SUBMITTER|Andrew Lokotosh|005360000011kEE
07:56:05.0 (82508940)|WF_RULE_FILTER|[Employee Skills : Status equals Pending approval]
07:56:05.0 (83074974)|WF_RULE_EVAL_VALUE|4
07:56:05.0 (83088242)|WF_EVAL_ENTRY_CRITERIA|Employee skill|00X36000000QVVE|false
07:56:05.0 (83118111)|WF_RULE_FILTER|[Employee Skills : Status equals Pending approval]
07:56:05.0 (83134046)|WF_RULE_EVAL_VALUE|4
07:56:05.0 (83140529)|WF_EVAL_ENTRY_CRITERIA|Employee skill|00X36000000QVVE|false
07:56:05.0 (83248245)|WF_PROCESS_FOUND||No applicable approval process was found.
07:56:05.0 (84043356)|CODE_UNIT_FINISHED|Workflow:ApprovalProcessActions
07:56:05.0 (84752111)|DML_END|[45]
07:56:05.0 (84852497)|EXCEPTION_THROWN|[45]|System.DmlException: Process failed. First exception on row 0; first error: NO_APPLICABLE_PROCESS, No applicable approval process was found.: []
07:56:05.0 (85443220)|HEAP_ALLOCATE|[45]|Bytes:127
07:56:05.0 (85514133)|VARIABLE_SCOPE_BEGIN|[53]|ex|Exception|true|false
07:56:05.0 (85621283)|VARIABLE_ASSIGNMENT|[53]|ex|"common.apex.runtime.impl.DmlExecutionException: Process failed. First exception on row 0; first error: NO_APPLICABLE_PROCESS, No applicable approval process was found.: []"|0x34ee55c6
07:56:05.0 (85629152)|STATEMENT_EXECUTE|[53]
07:56:05.0 (85633472)|STATEMENT_EXECUTE|[54]
07:56:05.0 (85645827)|HEAP_ALLOCATE|[54]|Bytes:1
07:56:05.0 (85700566)|VARIABLE_SCOPE_BEGIN|[54]|pageRef|System.PageReference|true|false
07:56:05.0 (85759503)|VARIABLE_ASSIGNMENT|[54]|pageRef|"/"|0x76a2f0f2
07:56:05.0 (85764490)|STATEMENT_EXECUTE|[55]
07:56:05.0 (85844842)|STATEMENT_EXECUTE|[56]
07:56:05.0 (85852623)|SYSTEM_MODE_EXIT|false
07:56:05.0 (89162058)|CODE_UNIT_FINISHED|WrapperEmployeeSkills invoke(processSelected)
07:56:05.0 (89834224)|VF_APEX_CALL|j_id4|{!processSelected}|PageReference:/
07:56:05.92 (92186557)|CUMULATIVE_LIMIT_USAGE
07:56:05.92 (92186557)|LIMIT_USAGE_FOR_NS|(default)|
  Number of SOQL queries: 0 out of 100
  Number of query rows: 0 out of 50000
  Number of SOSL queries: 0 out of 20
  Number of DML statements: 1 out of 150
  Number of DML rows: 1 out of 10000
  Maximum CPU time: 0 out of 10000
  Maximum heap size: 0 out of 6000000
  Number of callouts: 0 out of 100
  Number of Email Invocations: 0 out of 10
  Number of future calls: 0 out of 50
  Number of queueable jobs added to the queue: 0 out of 50
  Number of Mobile Apex push calls: 0 out of 10

07:56:05.92 (92186557)|CUMULATIVE_LIMIT_USAGE_END

07:56:05.0 (92225988)|CODE_UNIT_FINISHED|VF: /apex/AprooveWraper
07:56:05.0 (93526776)|EXECUTION_FINISHED
