36.0 APEX_CODE,FINEST;APEX_PROFILING,INFO;CALLOUT,INFO;DB,INFO;SYSTEM,DEBUG;VALIDATION,INFO;VISUALFORCE,INFO;WORKFLOW,INFO
07:52:19.0 (62078)|EXECUTION_STARTED
07:52:19.0 (100513)|CODE_UNIT_STARTED|[EXTERNAL]|06636000001VcbV|VF: /apex/AprooveWraper
07:52:19.0 (372575)|VF_DESERIALIZE_VIEWSTATE_BEGIN|06636000001VcbV
07:52:19.0 (6033815)|HEAP_ALLOCATE|[72]|Bytes:3
07:52:19.0 (6065515)|HEAP_ALLOCATE|[77]|Bytes:152
07:52:19.0 (6080267)|HEAP_ALLOCATE|[342]|Bytes:408
07:52:19.0 (6102743)|HEAP_ALLOCATE|[355]|Bytes:408
07:52:19.0 (6120437)|HEAP_ALLOCATE|[467]|Bytes:48
07:52:19.0 (6145911)|HEAP_ALLOCATE|[139]|Bytes:6
07:52:19.0 (6175454)|HEAP_ALLOCATE|[50]|Bytes:5
07:52:19.0 (6191934)|HEAP_ALLOCATE|[56]|Bytes:5
07:52:19.0 (6201557)|HEAP_ALLOCATE|[64]|Bytes:7
07:52:19.0 (8623323)|VF_DESERIALIZE_VIEWSTATE_END
07:52:19.0 (9988630)|CODE_UNIT_STARTED|[EXTERNAL]|01p360000072SS3|WrapperEmployeeSkills get(EmployeeSkills)
07:52:19.0 (9999812)|SYSTEM_MODE_ENTER|true
07:52:19.0 (10408936)|CODE_UNIT_STARTED|[EXTERNAL]|01p360000072SS3|WrapperEmployeeSkills invoke(getEmployeeSkills)
07:52:19.0 (10437866)|HEAP_ALLOCATE|[EXTERNAL]|Bytes:9
07:52:19.0 (10444473)|HEAP_ALLOCATE|[EXTERNAL]|Bytes:88
07:52:19.0 (10447601)|HEAP_ALLOCATE|[EXTERNAL]|Bytes:6
07:52:19.0 (10449949)|HEAP_ALLOCATE|[EXTERNAL]|Bytes:2
07:52:19.0 (10463376)|METHOD_ENTRY|[1]|01p360000072SS3|WrapperEmployeeSkills.WrapperEmployeeSkills()
07:52:19.0 (10467056)|STATEMENT_EXECUTE|[1]
07:52:19.0 (10471123)|STATEMENT_EXECUTE|[1]
07:52:19.0 (10479845)|SYSTEM_MODE_ENTER|false
07:52:19.0 (10495969)|HEAP_ALLOCATE|[EXTERNAL]|Bytes:5
07:52:19.0 (10500142)|STATEMENT_EXECUTE|[61]
07:52:19.0 (10503930)|SYSTEM_MODE_EXIT|false
07:52:19.0 (10513443)|METHOD_EXIT|[1]|WrapperEmployeeSkills
07:52:19.0 (10518539)|HEAP_ALLOCATE|[EXTERNAL]|Bytes:8
07:52:19.0 (10523531)|VARIABLE_SCOPE_BEGIN|[7]|this|WrapperEmployeeSkills|true|false
07:52:19.0 (10570066)|VARIABLE_ASSIGNMENT|[7]|this|{"skillsList":"0x4a3d91b4"}|0x323ab61d
07:52:19.0 (10584282)|SYSTEM_MODE_ENTER|false
07:52:19.0 (10589646)|HEAP_ALLOCATE|[8]|Bytes:5
07:52:19.0 (10593437)|STATEMENT_EXECUTE|[7]
07:52:19.0 (10630399)|VARIABLE_ASSIGNMENT|[EXTERNAL]|this|{"skillsList":"0x4a3d91b4"}|0x323ab61d
07:52:19.0 (10641356)|STATEMENT_EXECUTE|[8]
07:52:19.0 (10643461)|STATEMENT_EXECUTE|[17]
07:52:19.0 (10668038)|VARIABLE_ASSIGNMENT|[EXTERNAL]|this|{"skillsList":"0x4a3d91b4"}|0x323ab61d
07:52:19.0 (10678185)|SYSTEM_MODE_EXIT|false
07:52:19.0 (10687077)|CODE_UNIT_FINISHED|WrapperEmployeeSkills invoke(getEmployeeSkills)
07:52:19.0 (10703783)|CODE_UNIT_FINISHED|WrapperEmployeeSkills get(EmployeeSkills)
07:52:19.0 (11891564)|CODE_UNIT_STARTED|[EXTERNAL]|01p360000072SS3|selected
07:52:19.0 (11905709)|HEAP_ALLOCATE|[EXTERNAL]|Bytes:112
07:52:19.0 (11911267)|HEAP_ALLOCATE|[EXTERNAL]|Bytes:8
07:52:19.0 (11919462)|CODE_UNIT_FINISHED|selected
07:52:19.0 (11992672)|CODE_UNIT_STARTED|[EXTERNAL]|01p360000072SS3|selected
07:52:19.0 (12004466)|CODE_UNIT_FINISHED|selected
07:52:19.0 (12072899)|CODE_UNIT_STARTED|[EXTERNAL]|01p360000072SS3|selected
07:52:19.0 (12083836)|CODE_UNIT_FINISHED|selected
07:52:19.0 (12154287)|CODE_UNIT_STARTED|[EXTERNAL]|01p360000072SS3|selected
07:52:19.0 (12165442)|CODE_UNIT_FINISHED|selected
07:52:19.0 (12230488)|CODE_UNIT_STARTED|[EXTERNAL]|01p360000072SS3|selected
07:52:19.0 (12241404)|CODE_UNIT_FINISHED|selected
07:52:19.0 (12306125)|CODE_UNIT_STARTED|[EXTERNAL]|01p360000072SS3|selected
07:52:19.0 (12317034)|CODE_UNIT_FINISHED|selected
07:52:19.0 (12381565)|CODE_UNIT_STARTED|[EXTERNAL]|01p360000072SS3|selected
07:52:19.0 (12392330)|CODE_UNIT_FINISHED|selected
07:52:19.0 (12456456)|CODE_UNIT_STARTED|[EXTERNAL]|01p360000072SS3|selected
07:52:19.0 (12467158)|CODE_UNIT_FINISHED|selected
07:52:19.0 (12530923)|CODE_UNIT_STARTED|[EXTERNAL]|01p360000072SS3|selected
07:52:19.0 (12541493)|CODE_UNIT_FINISHED|selected
07:52:19.0 (12606430)|CODE_UNIT_STARTED|[EXTERNAL]|01p360000072SS3|selected
07:52:19.0 (12617191)|CODE_UNIT_FINISHED|selected
07:52:19.0 (12681511)|CODE_UNIT_STARTED|[EXTERNAL]|01p360000072SS3|selected
07:52:19.0 (12692138)|CODE_UNIT_FINISHED|selected
07:52:19.0 (12756100)|CODE_UNIT_STARTED|[EXTERNAL]|01p360000072SS3|selected
07:52:19.0 (12766798)|CODE_UNIT_FINISHED|selected
07:52:19.0 (12863121)|CODE_UNIT_STARTED|[EXTERNAL]|01p360000072SS3|selected
07:52:19.0 (12875576)|CODE_UNIT_FINISHED|selected
07:52:19.0 (12960226)|CODE_UNIT_STARTED|[EXTERNAL]|01p360000072SS3|selected
07:52:19.0 (12976285)|CODE_UNIT_FINISHED|selected
07:52:19.0 (13053060)|CODE_UNIT_STARTED|[EXTERNAL]|01p360000072SS3|selected
07:52:19.0 (13065176)|CODE_UNIT_FINISHED|selected
07:52:19.0 (13146461)|CODE_UNIT_STARTED|[EXTERNAL]|01p360000072SS3|selected
07:52:19.0 (13157557)|CODE_UNIT_FINISHED|selected
07:52:19.0 (13576300)|CODE_UNIT_STARTED|[EXTERNAL]|wEmployee set(selected,false)
07:52:19.0 (13605431)|HEAP_ALLOCATE|[EXTERNAL]|Bytes:5
07:52:19.0 (13609074)|HEAP_ALLOCATE|[EXTERNAL]|Bytes:12
07:52:19.0 (13622487)|VARIABLE_ASSIGNMENT|[EXTERNAL]|this.selected|false|0x614081e9
07:52:19.0 (13630489)|CODE_UNIT_FINISHED|wEmployee set(selected,false)
07:52:19.0 (13699201)|CODE_UNIT_STARTED|[EXTERNAL]|wEmployee set(selected,false)
07:52:19.0 (13718281)|HEAP_ALLOCATE|[EXTERNAL]|Bytes:5
07:52:19.0 (13721457)|HEAP_ALLOCATE|[EXTERNAL]|Bytes:12
07:52:19.0 (13729210)|VARIABLE_ASSIGNMENT|[EXTERNAL]|this.selected|false|0x537d0c8a
07:52:19.0 (13735522)|CODE_UNIT_FINISHED|wEmployee set(selected,false)
07:52:19.0 (13801863)|CODE_UNIT_STARTED|[EXTERNAL]|wEmployee set(selected,false)
07:52:19.0 (13822218)|HEAP_ALLOCATE|[EXTERNAL]|Bytes:5
07:52:19.0 (13825399)|HEAP_ALLOCATE|[EXTERNAL]|Bytes:12
07:52:19.0 (13833027)|VARIABLE_ASSIGNMENT|[EXTERNAL]|this.selected|false|0x3490c2a6
07:52:19.0 (13839136)|CODE_UNIT_FINISHED|wEmployee set(selected,false)
07:52:19.0 (13905183)|CODE_UNIT_STARTED|[EXTERNAL]|wEmployee set(selected,false)
07:52:19.0 (13924426)|HEAP_ALLOCATE|[EXTERNAL]|Bytes:5
07:52:19.0 (13927576)|HEAP_ALLOCATE|[EXTERNAL]|Bytes:12
07:52:19.0 (13934975)|VARIABLE_ASSIGNMENT|[EXTERNAL]|this.selected|false|0x120655b1
07:52:19.0 (13941020)|CODE_UNIT_FINISHED|wEmployee set(selected,false)
07:52:19.0 (14006817)|CODE_UNIT_STARTED|[EXTERNAL]|wEmployee set(selected,false)
07:52:19.0 (14026006)|HEAP_ALLOCATE|[EXTERNAL]|Bytes:5
07:52:19.0 (14029050)|HEAP_ALLOCATE|[EXTERNAL]|Bytes:12
07:52:19.0 (14036269)|VARIABLE_ASSIGNMENT|[EXTERNAL]|this.selected|false|0x77acc1d1
07:52:19.0 (14042248)|CODE_UNIT_FINISHED|wEmployee set(selected,false)
07:52:19.0 (14112189)|CODE_UNIT_STARTED|[EXTERNAL]|wEmployee set(selected,false)
07:52:19.0 (14131001)|HEAP_ALLOCATE|[EXTERNAL]|Bytes:5
07:52:19.0 (14133998)|HEAP_ALLOCATE|[EXTERNAL]|Bytes:12
07:52:19.0 (14141288)|VARIABLE_ASSIGNMENT|[EXTERNAL]|this.selected|false|0x4c8e8af2
07:52:19.0 (14147354)|CODE_UNIT_FINISHED|wEmployee set(selected,false)
07:52:19.0 (14213159)|CODE_UNIT_STARTED|[EXTERNAL]|wEmployee set(selected,false)
07:52:19.0 (14231615)|HEAP_ALLOCATE|[EXTERNAL]|Bytes:5
07:52:19.0 (14234654)|HEAP_ALLOCATE|[EXTERNAL]|Bytes:12
07:52:19.0 (14242036)|VARIABLE_ASSIGNMENT|[EXTERNAL]|this.selected|false|0x7e39f437
07:52:19.0 (14247843)|CODE_UNIT_FINISHED|wEmployee set(selected,false)
07:52:19.0 (14313638)|CODE_UNIT_STARTED|[EXTERNAL]|wEmployee set(selected,false)
07:52:19.0 (14332349)|HEAP_ALLOCATE|[EXTERNAL]|Bytes:5
07:52:19.0 (14335464)|HEAP_ALLOCATE|[EXTERNAL]|Bytes:12
07:52:19.0 (14342976)|VARIABLE_ASSIGNMENT|[EXTERNAL]|this.selected|false|0x5e328d9c
07:52:19.0 (14348866)|CODE_UNIT_FINISHED|wEmployee set(selected,false)
07:52:19.0 (14414562)|CODE_UNIT_STARTED|[EXTERNAL]|wEmployee set(selected,false)
07:52:19.0 (14433061)|HEAP_ALLOCATE|[EXTERNAL]|Bytes:5
07:52:19.0 (14436103)|HEAP_ALLOCATE|[EXTERNAL]|Bytes:12
07:52:19.0 (14443448)|VARIABLE_ASSIGNMENT|[EXTERNAL]|this.selected|false|0x4f817dc2
07:52:19.0 (14449360)|CODE_UNIT_FINISHED|wEmployee set(selected,false)
07:52:19.0 (14515513)|CODE_UNIT_STARTED|[EXTERNAL]|wEmployee set(selected,false)
07:52:19.0 (14533821)|HEAP_ALLOCATE|[EXTERNAL]|Bytes:5
07:52:19.0 (14537331)|HEAP_ALLOCATE|[EXTERNAL]|Bytes:12
07:52:19.0 (14544835)|VARIABLE_ASSIGNMENT|[EXTERNAL]|this.selected|false|0x7760a7da
07:52:19.0 (14550706)|CODE_UNIT_FINISHED|wEmployee set(selected,false)
07:52:19.0 (14616491)|CODE_UNIT_STARTED|[EXTERNAL]|wEmployee set(selected,false)
07:52:19.0 (14634864)|HEAP_ALLOCATE|[EXTERNAL]|Bytes:5
07:52:19.0 (14637811)|HEAP_ALLOCATE|[EXTERNAL]|Bytes:12
07:52:19.0 (14645296)|VARIABLE_ASSIGNMENT|[EXTERNAL]|this.selected|false|0x46496d4d
07:52:19.0 (14651790)|CODE_UNIT_FINISHED|wEmployee set(selected,false)
07:52:19.0 (14717290)|CODE_UNIT_STARTED|[EXTERNAL]|wEmployee set(selected,false)
07:52:19.0 (14736099)|HEAP_ALLOCATE|[EXTERNAL]|Bytes:5
07:52:19.0 (14739349)|HEAP_ALLOCATE|[EXTERNAL]|Bytes:12
07:52:19.0 (14747135)|VARIABLE_ASSIGNMENT|[EXTERNAL]|this.selected|false|0xc5d5675
07:52:19.0 (14753109)|CODE_UNIT_FINISHED|wEmployee set(selected,false)
07:52:19.0 (14818601)|CODE_UNIT_STARTED|[EXTERNAL]|wEmployee set(selected,false)
07:52:19.0 (14837171)|HEAP_ALLOCATE|[EXTERNAL]|Bytes:5
07:52:19.0 (14840157)|HEAP_ALLOCATE|[EXTERNAL]|Bytes:12
07:52:19.0 (14847820)|VARIABLE_ASSIGNMENT|[EXTERNAL]|this.selected|false|0x48f65551
07:52:19.0 (14853800)|CODE_UNIT_FINISHED|wEmployee set(selected,false)
07:52:19.0 (14920129)|CODE_UNIT_STARTED|[EXTERNAL]|wEmployee set(selected,false)
07:52:19.0 (14938665)|HEAP_ALLOCATE|[EXTERNAL]|Bytes:5
07:52:19.0 (14941694)|HEAP_ALLOCATE|[EXTERNAL]|Bytes:12
07:52:19.0 (14949334)|VARIABLE_ASSIGNMENT|[EXTERNAL]|this.selected|false|0x3a5a65e2
07:52:19.0 (14955213)|CODE_UNIT_FINISHED|wEmployee set(selected,false)
07:52:19.0 (15022234)|CODE_UNIT_STARTED|[EXTERNAL]|wEmployee set(selected,true)
07:52:19.0 (15042049)|HEAP_ALLOCATE|[EXTERNAL]|Bytes:5
07:52:19.0 (15045252)|HEAP_ALLOCATE|[EXTERNAL]|Bytes:12
07:52:19.0 (15053015)|VARIABLE_ASSIGNMENT|[EXTERNAL]|this.selected|true|0x377444e1
07:52:19.0 (15058850)|CODE_UNIT_FINISHED|wEmployee set(selected,true)
07:52:19.0 (15130945)|CODE_UNIT_STARTED|[EXTERNAL]|wEmployee set(selected,false)
07:52:19.0 (15150081)|HEAP_ALLOCATE|[EXTERNAL]|Bytes:5
07:52:19.0 (15153126)|HEAP_ALLOCATE|[EXTERNAL]|Bytes:12
07:52:19.0 (15160604)|VARIABLE_ASSIGNMENT|[EXTERNAL]|this.selected|false|0x517c5284
07:52:19.0 (15166574)|CODE_UNIT_FINISHED|wEmployee set(selected,false)
07:52:19.0 (15464660)|CODE_UNIT_STARTED|[EXTERNAL]|01p360000072SS3|WrapperEmployeeSkills invoke(processSelected)
07:52:19.0 (15503575)|HEAP_ALLOCATE|[EXTERNAL]|Bytes:8
07:52:19.0 (15516559)|VARIABLE_SCOPE_BEGIN|[21]|this|WrapperEmployeeSkills|true|false
07:52:19.0 (15556266)|VARIABLE_ASSIGNMENT|[21]|this|{"skillsList":"0x4a3d91b4"}|0x323ab61d
07:52:19.0 (15570212)|SYSTEM_MODE_ENTER|false
07:52:19.0 (15576439)|HEAP_ALLOCATE|[23]|Bytes:5
07:52:19.0 (15582062)|STATEMENT_EXECUTE|[22]
07:52:19.0 (15584759)|STATEMENT_EXECUTE|[23]
07:52:19.0 (15586073)|STATEMENT_EXECUTE|[24]
07:52:19.0 (15587200)|STATEMENT_EXECUTE|[27]
07:52:19.0 (15691519)|HEAP_ALLOCATE|[27]|Bytes:4
07:52:19.0 (15811009)|VARIABLE_SCOPE_BEGIN|[27]|selectedSkills|List<Employee_Skills__c>|true|false
07:52:19.0 (15820487)|HEAP_ALLOCATE|[EXTERNAL]|Bytes:4
07:52:19.0 (15841397)|VARIABLE_ASSIGNMENT|[27]|selectedSkills|{"s":1,"v":[]}|0x2b5ac927
07:52:19.0 (15860148)|METHOD_ENTRY|[30]|01p360000072SS3|WrapperEmployeeSkills.getEmployeeSkills()
07:52:19.0 (15875471)|VARIABLE_SCOPE_BEGIN|[7]|this|WrapperEmployeeSkills|true|false
07:52:19.0 (15894013)|VARIABLE_ASSIGNMENT|[7]|this|{"skillsList":"0x4a3d91b4"}|0x323ab61d
07:52:19.0 (15903048)|HEAP_ALLOCATE|[8]|Bytes:5
07:52:19.0 (15907239)|STATEMENT_EXECUTE|[7]
07:52:19.0 (15929166)|VARIABLE_ASSIGNMENT|[EXTERNAL]|this|{"skillsList":"0x4a3d91b4"}|0x323ab61d
07:52:19.0 (15939635)|STATEMENT_EXECUTE|[8]
07:52:19.0 (15941690)|STATEMENT_EXECUTE|[17]
07:52:19.0 (15957245)|VARIABLE_ASSIGNMENT|[EXTERNAL]|this|{"skillsList":"0x4a3d91b4"}|0x323ab61d
07:52:19.0 (15969317)|METHOD_EXIT|[30]|01p360000072SS3|WrapperEmployeeSkills.getEmployeeSkills()
07:52:19.0 (16240285)|HEAP_ALLOCATE|[30]|Bytes:5
07:52:19.0 (16260631)|HEAP_ALLOCATE|[30]|Bytes:12
07:52:19.0 (16271018)|VARIABLE_SCOPE_BEGIN|[30]|wEmp|WrapperEmployeeSkills.wEmployee|true|false
07:52:19.0 (16295133)|VARIABLE_ASSIGNMENT|[30]|wEmp|{"selected":false,"skill":"0x64db4b38"}|0x614081e9
07:52:19.0 (16299585)|STATEMENT_EXECUTE|[30]
07:52:19.0 (16337234)|VARIABLE_ASSIGNMENT|[EXTERNAL]|this|{"selected":false,"skill":"0x64db4b38"}|0x614081e9
07:52:19.0 (16350496)|STATEMENT_EXECUTE|[31]
07:52:19.0 (16362444)|HEAP_ALLOCATE|[30]|Bytes:5
07:52:19.0 (16372486)|HEAP_ALLOCATE|[30]|Bytes:12
07:52:19.0 (16378161)|VARIABLE_SCOPE_BEGIN|[30]|wEmp|WrapperEmployeeSkills.wEmployee|true|false
07:52:19.0 (16395927)|VARIABLE_ASSIGNMENT|[30]|wEmp|{"selected":false,"skill":"0x19b5b575"}|0x537d0c8a
07:52:19.0 (16400464)|STATEMENT_EXECUTE|[30]
07:52:19.0 (16419332)|VARIABLE_ASSIGNMENT|[EXTERNAL]|this|{"selected":false,"skill":"0x19b5b575"}|0x537d0c8a
07:52:19.0 (16427865)|STATEMENT_EXECUTE|[31]
07:52:19.0 (16438285)|HEAP_ALLOCATE|[30]|Bytes:5
07:52:19.0 (16447143)|HEAP_ALLOCATE|[30]|Bytes:12
07:52:19.0 (16452437)|VARIABLE_SCOPE_BEGIN|[30]|wEmp|WrapperEmployeeSkills.wEmployee|true|false
07:52:19.0 (16468984)|VARIABLE_ASSIGNMENT|[30]|wEmp|{"selected":false,"skill":"0x6de1829c"}|0x3490c2a6
07:52:19.0 (16472450)|STATEMENT_EXECUTE|[30]
07:52:19.0 (16490128)|VARIABLE_ASSIGNMENT|[EXTERNAL]|this|{"selected":false,"skill":"0x6de1829c"}|0x3490c2a6
07:52:19.0 (16498069)|STATEMENT_EXECUTE|[31]
07:52:19.0 (16507926)|HEAP_ALLOCATE|[30]|Bytes:5
07:52:19.0 (16516657)|HEAP_ALLOCATE|[30]|Bytes:12
07:52:19.0 (16521940)|VARIABLE_SCOPE_BEGIN|[30]|wEmp|WrapperEmployeeSkills.wEmployee|true|false
07:52:19.0 (16537924)|VARIABLE_ASSIGNMENT|[30]|wEmp|{"selected":false,"skill":"0x3c697db5"}|0x120655b1
07:52:19.0 (16541360)|STATEMENT_EXECUTE|[30]
07:52:19.0 (16559125)|VARIABLE_ASSIGNMENT|[EXTERNAL]|this|{"selected":false,"skill":"0x3c697db5"}|0x120655b1
07:52:19.0 (16567054)|STATEMENT_EXECUTE|[31]
07:52:19.0 (16577203)|HEAP_ALLOCATE|[30]|Bytes:5
07:52:19.0 (16585972)|HEAP_ALLOCATE|[30]|Bytes:12
07:52:19.0 (16591109)|VARIABLE_SCOPE_BEGIN|[30]|wEmp|WrapperEmployeeSkills.wEmployee|true|false
07:52:19.0 (16607562)|VARIABLE_ASSIGNMENT|[30]|wEmp|{"selected":false,"skill":"0x2d5738b"}|0x77acc1d1
07:52:19.0 (16611042)|STATEMENT_EXECUTE|[30]
07:52:19.0 (16628930)|VARIABLE_ASSIGNMENT|[EXTERNAL]|this|{"selected":false,"skill":"0x2d5738b"}|0x77acc1d1
07:52:19.0 (16637023)|STATEMENT_EXECUTE|[31]
07:52:19.0 (16646861)|HEAP_ALLOCATE|[30]|Bytes:5
07:52:19.0 (16655273)|HEAP_ALLOCATE|[30]|Bytes:12
07:52:19.0 (16660311)|VARIABLE_SCOPE_BEGIN|[30]|wEmp|WrapperEmployeeSkills.wEmployee|true|false
07:52:19.0 (16676210)|VARIABLE_ASSIGNMENT|[30]|wEmp|{"selected":false,"skill":"0x36ff70b9"}|0x4c8e8af2
07:52:19.0 (16679782)|STATEMENT_EXECUTE|[30]
07:52:19.0 (16697873)|VARIABLE_ASSIGNMENT|[EXTERNAL]|this|{"selected":false,"skill":"0x36ff70b9"}|0x4c8e8af2
07:52:19.0 (16706711)|STATEMENT_EXECUTE|[31]
07:52:19.0 (16718865)|HEAP_ALLOCATE|[30]|Bytes:5
07:52:19.0 (16727667)|HEAP_ALLOCATE|[30]|Bytes:12
07:52:19.0 (16732868)|VARIABLE_SCOPE_BEGIN|[30]|wEmp|WrapperEmployeeSkills.wEmployee|true|false
07:52:19.0 (16749620)|VARIABLE_ASSIGNMENT|[30]|wEmp|{"selected":false,"skill":"0x57ebe198"}|0x7e39f437
07:52:19.0 (16752862)|STATEMENT_EXECUTE|[30]
07:52:19.0 (16770494)|VARIABLE_ASSIGNMENT|[EXTERNAL]|this|{"selected":false,"skill":"0x57ebe198"}|0x7e39f437
07:52:19.0 (16778376)|STATEMENT_EXECUTE|[31]
07:52:19.0 (16787852)|HEAP_ALLOCATE|[30]|Bytes:5
07:52:19.0 (16796417)|HEAP_ALLOCATE|[30]|Bytes:12
07:52:19.0 (16801425)|VARIABLE_SCOPE_BEGIN|[30]|wEmp|WrapperEmployeeSkills.wEmployee|true|false
07:52:19.0 (16817104)|VARIABLE_ASSIGNMENT|[30]|wEmp|{"selected":false,"skill":"0x2018aa05"}|0x5e328d9c
07:52:19.0 (16820370)|STATEMENT_EXECUTE|[30]
07:52:19.0 (16837537)|VARIABLE_ASSIGNMENT|[EXTERNAL]|this|{"selected":false,"skill":"0x2018aa05"}|0x5e328d9c
07:52:19.0 (16845331)|STATEMENT_EXECUTE|[31]
07:52:19.0 (16855090)|HEAP_ALLOCATE|[30]|Bytes:5
07:52:19.0 (16863332)|HEAP_ALLOCATE|[30]|Bytes:12
07:52:19.0 (16868455)|VARIABLE_SCOPE_BEGIN|[30]|wEmp|WrapperEmployeeSkills.wEmployee|true|false
07:52:19.0 (16884398)|VARIABLE_ASSIGNMENT|[30]|wEmp|{"selected":false,"skill":"0x9f8dca6"}|0x4f817dc2
07:52:19.0 (16887696)|STATEMENT_EXECUTE|[30]
07:52:19.0 (16904558)|VARIABLE_ASSIGNMENT|[EXTERNAL]|this|{"selected":false,"skill":"0x9f8dca6"}|0x4f817dc2
07:52:19.0 (16912291)|STATEMENT_EXECUTE|[31]
07:52:19.0 (16921673)|HEAP_ALLOCATE|[30]|Bytes:5
07:52:19.0 (16929915)|HEAP_ALLOCATE|[30]|Bytes:12
07:52:19.0 (16934958)|VARIABLE_SCOPE_BEGIN|[30]|wEmp|WrapperEmployeeSkills.wEmployee|true|false
07:52:19.0 (16950674)|VARIABLE_ASSIGNMENT|[30]|wEmp|{"selected":false,"skill":"0x444f1f98"}|0x7760a7da
07:52:19.0 (16953893)|STATEMENT_EXECUTE|[30]
07:52:19.0 (16971074)|VARIABLE_ASSIGNMENT|[EXTERNAL]|this|{"selected":false,"skill":"0x444f1f98"}|0x7760a7da
07:52:19.0 (16978876)|STATEMENT_EXECUTE|[31]
07:52:19.0 (16988245)|HEAP_ALLOCATE|[30]|Bytes:5
07:52:19.0 (16996443)|HEAP_ALLOCATE|[30]|Bytes:12
07:52:19.0 (17001498)|VARIABLE_SCOPE_BEGIN|[30]|wEmp|WrapperEmployeeSkills.wEmployee|true|false
07:52:19.0 (17018436)|VARIABLE_ASSIGNMENT|[30]|wEmp|{"selected":false,"skill":"0x4c20c1a8"}|0x46496d4d
07:52:19.0 (17021764)|STATEMENT_EXECUTE|[30]
07:52:19.0 (17038845)|VARIABLE_ASSIGNMENT|[EXTERNAL]|this|{"selected":false,"skill":"0x4c20c1a8"}|0x46496d4d
07:52:19.0 (17046640)|STATEMENT_EXECUTE|[31]
07:52:19.0 (17056019)|HEAP_ALLOCATE|[30]|Bytes:5
07:52:19.0 (17064186)|HEAP_ALLOCATE|[30]|Bytes:12
07:52:19.0 (17069147)|VARIABLE_SCOPE_BEGIN|[30]|wEmp|WrapperEmployeeSkills.wEmployee|true|false
07:52:19.0 (17084820)|VARIABLE_ASSIGNMENT|[30]|wEmp|{"selected":false,"skill":"0x290d02ab"}|0xc5d5675
07:52:19.0 (17092513)|STATEMENT_EXECUTE|[30]
07:52:19.0 (17111216)|VARIABLE_ASSIGNMENT|[EXTERNAL]|this|{"selected":false,"skill":"0x290d02ab"}|0xc5d5675
07:52:19.0 (17119697)|STATEMENT_EXECUTE|[31]
07:52:19.0 (17129609)|HEAP_ALLOCATE|[30]|Bytes:5
07:52:19.0 (17137985)|HEAP_ALLOCATE|[30]|Bytes:12
07:52:19.0 (17143246)|VARIABLE_SCOPE_BEGIN|[30]|wEmp|WrapperEmployeeSkills.wEmployee|true|false
07:52:19.0 (17159101)|VARIABLE_ASSIGNMENT|[30]|wEmp|{"selected":false,"skill":"0x66dff6c0"}|0x48f65551
07:52:19.0 (17162273)|STATEMENT_EXECUTE|[30]
07:52:19.0 (17179650)|VARIABLE_ASSIGNMENT|[EXTERNAL]|this|{"selected":false,"skill":"0x66dff6c0"}|0x48f65551
07:52:19.0 (17187398)|STATEMENT_EXECUTE|[31]
07:52:19.0 (17196729)|HEAP_ALLOCATE|[30]|Bytes:5
07:52:19.0 (17204917)|HEAP_ALLOCATE|[30]|Bytes:12
07:52:19.0 (17209946)|VARIABLE_SCOPE_BEGIN|[30]|wEmp|WrapperEmployeeSkills.wEmployee|true|false
07:52:19.0 (17225925)|VARIABLE_ASSIGNMENT|[30]|wEmp|{"selected":false,"skill":"0x5ad0865c"}|0x3a5a65e2
07:52:19.0 (17229160)|STATEMENT_EXECUTE|[30]
07:52:19.0 (17246291)|VARIABLE_ASSIGNMENT|[EXTERNAL]|this|{"selected":false,"skill":"0x5ad0865c"}|0x3a5a65e2
07:52:19.0 (17253829)|STATEMENT_EXECUTE|[31]
07:52:19.0 (17263290)|HEAP_ALLOCATE|[30]|Bytes:5
07:52:19.0 (17271387)|HEAP_ALLOCATE|[30]|Bytes:12
07:52:19.0 (17276488)|VARIABLE_SCOPE_BEGIN|[30]|wEmp|WrapperEmployeeSkills.wEmployee|true|false
07:52:19.0 (17292521)|VARIABLE_ASSIGNMENT|[30]|wEmp|{"selected":true,"skill":"0x10b7212f"}|0x377444e1
07:52:19.0 (17295709)|STATEMENT_EXECUTE|[30]
07:52:19.0 (17312933)|VARIABLE_ASSIGNMENT|[EXTERNAL]|this|{"selected":true,"skill":"0x10b7212f"}|0x377444e1
07:52:19.0 (17321005)|STATEMENT_EXECUTE|[31]
07:52:19.0 (17322624)|STATEMENT_EXECUTE|[32]
07:52:19.0 (17354326)|VARIABLE_ASSIGNMENT|[EXTERNAL]|this|{"selected":true,"skill":"0x10b7212f"}|0x377444e1
07:52:19.0 (17375326)|HEAP_ALLOCATE|[EXTERNAL]|Bytes:4
07:52:19.0 (17388898)|HEAP_ALLOCATE|[30]|Bytes:5
07:52:19.0 (17397714)|HEAP_ALLOCATE|[30]|Bytes:12
07:52:19.0 (17403106)|VARIABLE_SCOPE_BEGIN|[30]|wEmp|WrapperEmployeeSkills.wEmployee|true|false
07:52:19.0 (17420631)|VARIABLE_ASSIGNMENT|[30]|wEmp|{"selected":false,"skill":"0x489ef4c3"}|0x517c5284
07:52:19.0 (17424016)|STATEMENT_EXECUTE|[30]
07:52:19.0 (17441588)|VARIABLE_ASSIGNMENT|[EXTERNAL]|this|{"selected":false,"skill":"0x489ef4c3"}|0x517c5284
07:52:19.0 (17449540)|STATEMENT_EXECUTE|[31]
07:52:19.0 (17459298)|HEAP_ALLOCATE|[30]|Bytes:5
07:52:19.0 (17469690)|VARIABLE_ASSIGNMENT|[30]|wEmp|null|
07:52:19.0 (17582769)|HEAP_ALLOCATE|[39]|Bytes:5
07:52:19.0 (17630771)|HEAP_ALLOCATE|[39]|Bytes:32
07:52:19.0 (17642538)|VARIABLE_SCOPE_BEGIN|[39]|es|Employee_Skills__c|true|false
07:52:19.0 (17677313)|VARIABLE_ASSIGNMENT|[39]|es|{"s":1,"v":{"Id":"a0C36000000iqFYEAY","Name":"fsdfsd","Employee__c":"a0A36000001ygYkEAI","Project__c":"a0736000000Ew01AAC","Status__c":"Waiting for submit","Employee__r":{"s":2,"v":{"Name":"Andriy Lokotosh","Id":"a0A36000001ygYkEAI"}},"Project__r":{"s":3,"v":{"Name":"eBank","Id":"a0736000000Ew01AAC"}}}}|0x10b7212f
07:52:19.0 (17683516)|STATEMENT_EXECUTE|[40]
07:52:19.0 (17684940)|STATEMENT_EXECUTE|[41]
07:52:19.0 (17789131)|VARIABLE_SCOPE_BEGIN|[41]|req|Approval.ProcessSubmitRequest|true|false
07:52:19.0 (17986969)|VARIABLE_ASSIGNMENT|[41]|req|"common.api.soap.wsdl.ProcessSubmitRequest@22f09dd6"|0x2718cd4b
07:52:19.0 (17992632)|STATEMENT_EXECUTE|[42]
07:52:19.0 (17998091)|HEAP_ALLOCATE|[42]|Bytes:39
07:52:19.0 (18070005)|STATEMENT_EXECUTE|[43]
07:52:19.0 (18305636)|HEAP_ALLOCATE|[43]|Bytes:18
07:52:19.0 (18342269)|STATEMENT_EXECUTE|[45]
07:52:19.0 (18401385)|HEAP_ALLOCATE|[45]|Bytes:8
07:52:19.0 (18421806)|DML_BEGIN|[45]|Op:Process|Type:ProcessRequest|Rows:1
07:52:19.0 (18451430)|HEAP_ALLOCATE|[EXTERNAL]|Bytes:8
07:52:19.0 (32402364)|CODE_UNIT_STARTED|[EXTERNAL]|Workflow:ApprovalProcessActions
07:52:19.0 (45080951)|WF_APPROVAL_SUBMIT|[Employee Skills: fsdfsd a0C36000000iqFY]
07:52:19.0 (45882268)|WF_APPROVAL_SUBMITTER|Andrew Lokotosh|005360000011kEE
07:52:19.0 (68605792)|WF_RULE_FILTER|[Employee Skills : Status equals Pending approval]
07:52:19.0 (69199016)|WF_RULE_EVAL_VALUE|4
07:52:19.0 (69220694)|WF_EVAL_ENTRY_CRITERIA|Employee skill|00X36000000QVVE|false
07:52:19.0 (69271932)|WF_RULE_FILTER|[Employee Skills : Status equals Pending approval]
07:52:19.0 (69292286)|WF_RULE_EVAL_VALUE|4
07:52:19.0 (69302841)|WF_EVAL_ENTRY_CRITERIA|Employee skill|00X36000000QVVE|false
07:52:19.0 (69315039)|WF_PROCESS_FOUND||No applicable approval process was found.
07:52:19.0 (70134864)|CODE_UNIT_FINISHED|Workflow:ApprovalProcessActions
07:52:19.0 (70919814)|DML_END|[45]
07:52:19.0 (71020655)|EXCEPTION_THROWN|[45]|System.DmlException: Process failed. First exception on row 0; first error: NO_APPLICABLE_PROCESS, No applicable approval process was found.: []
07:52:19.0 (71800167)|HEAP_ALLOCATE|[45]|Bytes:127
07:52:19.0 (71858569)|VARIABLE_SCOPE_BEGIN|[53]|ex|Exception|true|false
07:52:19.0 (71994299)|VARIABLE_ASSIGNMENT|[53]|ex|"common.apex.runtime.impl.DmlExecutionException: Process failed. First exception on row 0; first error: NO_APPLICABLE_PROCESS, No applicable approval process was found.: []"|0x6dd03f0d
07:52:19.0 (72004040)|STATEMENT_EXECUTE|[53]
07:52:19.0 (72009566)|STATEMENT_EXECUTE|[54]
07:52:19.0 (72024183)|HEAP_ALLOCATE|[54]|Bytes:1
07:52:19.0 (72078729)|VARIABLE_SCOPE_BEGIN|[54]|pageRef|System.PageReference|true|false
07:52:19.0 (72151364)|VARIABLE_ASSIGNMENT|[54]|pageRef|"/"|0x44b54aa2
07:52:19.0 (72156672)|STATEMENT_EXECUTE|[55]
07:52:19.0 (72226554)|STATEMENT_EXECUTE|[56]
07:52:19.0 (72234426)|SYSTEM_MODE_EXIT|false
07:52:19.0 (76243247)|CODE_UNIT_FINISHED|WrapperEmployeeSkills invoke(processSelected)
07:52:19.0 (77061053)|VF_APEX_CALL|j_id4|{!processSelected}|PageReference:/
07:52:19.80 (80348136)|CUMULATIVE_LIMIT_USAGE
07:52:19.80 (80348136)|LIMIT_USAGE_FOR_NS|(default)|
  Number of SOQL queries: 0 out of 100
  Number of query rows: 0 out of 50000
  Number of SOSL queries: 0 out of 20
  Number of DML statements: 1 out of 150
  Number of DML rows: 1 out of 10000
  Maximum CPU time: 0 out of 10000
  Maximum heap size: 0 out of 6000000
  Number of callouts: 0 out of 100
  Number of Email Invocations: 0 out of 10
  Number of future calls: 0 out of 50
  Number of queueable jobs added to the queue: 0 out of 50
  Number of Mobile Apex push calls: 0 out of 10

07:52:19.80 (80348136)|CUMULATIVE_LIMIT_USAGE_END

07:52:19.0 (80411826)|CODE_UNIT_FINISHED|VF: /apex/AprooveWraper
07:52:19.0 (81795271)|EXECUTION_FINISHED
