36.0 APEX_CODE,FINEST;APEX_PROFILING,INFO;CALLOUT,INFO;DB,INFO;SYSTEM,DEBUG;VALIDATION,INFO;VISUALFORCE,INFO;WORKFLOW,INFO
04:21:22.2 (2791807)|EXECUTION_STARTED
04:21:22.2 (2843850)|CODE_UNIT_STARTED|[EXTERNAL]|06636000002n7XB|VF: /apex/DraftsToPersonTable
04:21:22.2 (6061273)|CODE_UNIT_STARTED|[EXTERNAL]|01p360000074pQr|DraftsToPersons <init>
04:21:22.2 (6078975)|SYSTEM_MODE_ENTER|true
04:21:22.2 (7054681)|HEAP_ALLOCATE|[72]|Bytes:3
04:21:22.2 (7100849)|HEAP_ALLOCATE|[77]|Bytes:152
04:21:22.2 (7118973)|HEAP_ALLOCATE|[342]|Bytes:408
04:21:22.2 (7136655)|HEAP_ALLOCATE|[355]|Bytes:408
04:21:22.2 (7152745)|HEAP_ALLOCATE|[467]|Bytes:48
04:21:22.2 (7184806)|HEAP_ALLOCATE|[139]|Bytes:6
04:21:22.2 (7203991)|HEAP_ALLOCATE|[EXTERNAL]|Bytes:10
04:21:22.2 (7208761)|HEAP_ALLOCATE|[EXTERNAL]|Bytes:144
04:21:22.2 (7211409)|HEAP_ALLOCATE|[EXTERNAL]|Bytes:21
04:21:22.2 (7231976)|METHOD_ENTRY|[1]|01p360000074pQr|DraftsToPersons.DraftsToPersons()
04:21:22.2 (7265500)|STATEMENT_EXECUTE|[1]
04:21:22.2 (7275646)|STATEMENT_EXECUTE|[1]
04:21:22.2 (7312827)|HEAP_ALLOCATE|[50]|Bytes:5
04:21:22.2 (7340140)|HEAP_ALLOCATE|[56]|Bytes:5
04:21:22.2 (7349018)|HEAP_ALLOCATE|[64]|Bytes:7
04:21:22.2 (7382995)|SYSTEM_MODE_ENTER|false
04:21:22.2 (7404488)|HEAP_ALLOCATE|[EXTERNAL]|Bytes:5
04:21:22.2 (7410376)|STATEMENT_EXECUTE|[67]
04:21:22.2 (7417335)|SYSTEM_MODE_EXIT|false
04:21:22.2 (7430225)|METHOD_EXIT|[1]|DraftsToPersons
04:21:22.2 (7517212)|HEAP_ALLOCATE|[EXTERNAL]|Bytes:20
04:21:22.2 (7530838)|VARIABLE_SCOPE_BEGIN|[7]|this|DraftsToPersons|true|false
04:21:22.2 (7625498)|VARIABLE_ASSIGNMENT|[7]|this|{}|0x36b781ac
04:21:22.2 (7639359)|SYSTEM_MODE_ENTER|false
04:21:22.2 (7644773)|HEAP_ALLOCATE|[EXTERNAL]|Bytes:5
04:21:22.2 (7649182)|STATEMENT_EXECUTE|[1]
04:21:22.2 (7652232)|HEAP_ALLOCATE|[EXTERNAL]|Bytes:5
04:21:22.2 (7654470)|STATEMENT_EXECUTE|[2]
04:21:22.2 (7657005)|STATEMENT_EXECUTE|[3]
04:21:22.2 (7658152)|STATEMENT_EXECUTE|[4]
04:21:22.2 (7659297)|STATEMENT_EXECUTE|[5]
04:21:22.2 (7669395)|HEAP_ALLOCATE|[EXTERNAL]|Bytes:6
04:21:22.2 (7694828)|STATEMENT_EXECUTE|[8]
04:21:22.2 (7700784)|SYSTEM_MODE_EXIT|false
04:21:22.2 (7718470)|CODE_UNIT_FINISHED|DraftsToPersons <init>
04:21:22.2 (7768768)|CODE_UNIT_STARTED|[EXTERNAL]|01p360000074pQr|DraftsToPersons get(Drafts)
04:21:22.2 (7777543)|SYSTEM_MODE_ENTER|true
04:21:22.2 (7794112)|CODE_UNIT_STARTED|[EXTERNAL]|01p360000074pQr|Drafts
04:21:22.2 (7805407)|CODE_UNIT_FINISHED|Drafts
04:21:22.2 (7819296)|CODE_UNIT_FINISHED|DraftsToPersons get(Drafts)
04:21:22.2 (8003688)|CODE_UNIT_STARTED|[EXTERNAL]|01p360000074pQr|DraftsToPersons get(Persons)
04:21:22.2 (8013547)|SYSTEM_MODE_ENTER|true
04:21:22.2 (8033866)|CODE_UNIT_STARTED|[EXTERNAL]|01p360000074pQr|DraftsToPersons invoke(getPersons)
04:21:22.2 (8071759)|HEAP_ALLOCATE|[EXTERNAL]|Bytes:20
04:21:22.2 (8080166)|VARIABLE_SCOPE_BEGIN|[22]|this|DraftsToPersons|true|false
04:21:22.2 (8100686)|VARIABLE_ASSIGNMENT|[22]|this|{}|0x36b781ac
04:21:22.2 (8117799)|SYSTEM_MODE_ENTER|false
04:21:22.2 (8123032)|HEAP_ALLOCATE|[24]|Bytes:5
04:21:22.2 (8127606)|STATEMENT_EXECUTE|[23]
04:21:22.2 (8183038)|VARIABLE_ASSIGNMENT|[EXTERNAL]|this|{}|0x36b781ac
04:21:22.2 (8198705)|STATEMENT_EXECUTE|[25]
04:21:22.2 (8200953)|STATEMENT_EXECUTE|[26]
04:21:22.2 (8205313)|HEAP_ALLOCATE|[26]|Bytes:41
04:21:22.2 (8219999)|HEAP_ALLOCATE|[26]|Bytes:4
04:21:22.2 (8538745)|SOQL_EXECUTE_BEGIN|[26]|Aggregations:0|SELECT id, Name FROM Person__c LIMIT 1000
04:21:22.2 (26916650)|SOQL_EXECUTE_END|[26]|Rows:2
04:21:22.2 (26941727)|HEAP_ALLOCATE|[26]|Bytes:12
04:21:22.2 (26966538)|HEAP_ALLOCATE|[26]|Bytes:97
04:21:22.2 (27013367)|HEAP_ALLOCATE|[26]|Bytes:12
04:21:22.2 (27096413)|VARIABLE_ASSIGNMENT|[EXTERNAL]|this|{}|0x36b781ac
04:21:22.2 (27139374)|VARIABLE_ASSIGNMENT|[EXTERNAL]|value|{"s":1,"v":[{"s":2,"v":{"Id":"a0N36000000xneOEAQ","Name":"Andiy Lokotosh"}},{"s":3,"v":{"Id":"a0N36000000xneTEAQ","Name":"Jon Smith"}}]}|0x6ceb0e29
04:21:22.2 (27166270)|VARIABLE_ASSIGNMENT|[3]|this.pers|{"s":1,"v":[{"s":2,"v":{"Id":"a0N36000000xneOEAQ","Name":"Andiy Lokotosh"}},{"s":3,"v":{"Id":"a0N36000000xneTEAQ","Name":"Jon Smith"}}]}|0x36b781ac
04:21:22.2 (27178770)|STATEMENT_EXECUTE|[29]
04:21:22.2 (27233238)|VARIABLE_ASSIGNMENT|[EXTERNAL]|this|{"pers":"0x6ceb0e29"}|0x36b781ac
04:21:22.2 (27251027)|SYSTEM_MODE_EXIT|false
04:21:22.2 (27271828)|CODE_UNIT_FINISHED|DraftsToPersons invoke(getPersons)
04:21:22.2 (27296532)|CODE_UNIT_FINISHED|DraftsToPersons get(Persons)
04:21:22.2 (27613567)|CODE_UNIT_STARTED|[EXTERNAL]|01p360000074pQr|DraftsToPersons get(rowWrappers)
04:21:22.2 (27624200)|SYSTEM_MODE_ENTER|true
04:21:22.2 (27645617)|CODE_UNIT_STARTED|[EXTERNAL]|01p360000074pQr|DraftsToPersons invoke(getrowWrappers)
04:21:22.2 (27692746)|HEAP_ALLOCATE|[EXTERNAL]|Bytes:20
04:21:22.2 (27702776)|VARIABLE_SCOPE_BEGIN|[41]|this|DraftsToPersons|true|false
04:21:22.2 (27727108)|VARIABLE_ASSIGNMENT|[41]|this|{"pers":"0x6ceb0e29"}|0x36b781ac
04:21:22.2 (27740909)|SYSTEM_MODE_ENTER|false
04:21:22.2 (27746352)|HEAP_ALLOCATE|[43]|Bytes:5
04:21:22.2 (27751344)|STATEMENT_EXECUTE|[42]
04:21:22.2 (27802672)|VARIABLE_ASSIGNMENT|[EXTERNAL]|this|{"pers":"0x6ceb0e29"}|0x36b781ac
04:21:22.2 (27816861)|STATEMENT_EXECUTE|[44]
04:21:22.2 (27818987)|STATEMENT_EXECUTE|[45]
04:21:22.2 (27827222)|HEAP_ALLOCATE|[45]|Bytes:4
04:21:22.2 (27972963)|VARIABLE_ASSIGNMENT|[EXTERNAL]|this|{"pers":"0x6ceb0e29"}|0x36b781ac
04:21:22.2 (27996315)|HEAP_ALLOCATE|[EXTERNAL]|Bytes:4
04:21:22.2 (28009038)|VARIABLE_ASSIGNMENT|[EXTERNAL]|value|{"s":1,"v":[]}|0x3f0785c5
04:21:22.2 (28024034)|VARIABLE_ASSIGNMENT|[5]|this.rows|{"s":1,"v":[]}|0x36b781ac
04:21:22.2 (28034330)|STATEMENT_EXECUTE|[48]
04:21:22.2 (28043057)|VARIABLE_SCOPE_BEGIN|[48]|idx|Integer|false|false
04:21:22.2 (28047755)|HEAP_ALLOCATE|[48]|Bytes:4
04:21:22.2 (28054106)|VARIABLE_ASSIGNMENT|[48]|idx|0
04:21:22.2 (28079171)|METHOD_ENTRY|[48]|01p360000074pQr|DraftsToPersons.getPersons()
04:21:22.2 (28097999)|VARIABLE_SCOPE_BEGIN|[22]|this|DraftsToPersons|true|false
04:21:22.2 (28119916)|VARIABLE_ASSIGNMENT|[22]|this|{"pers":"0x6ceb0e29","rows":"0x3f0785c5"}|0x36b781ac
04:21:22.2 (28128522)|HEAP_ALLOCATE|[24]|Bytes:5
04:21:22.2 (28133088)|STATEMENT_EXECUTE|[23]
04:21:22.2 (28158394)|VARIABLE_ASSIGNMENT|[EXTERNAL]|this|{"pers":"0x6ceb0e29","rows":"0x3f0785c5"}|0x36b781ac
04:21:22.2 (28167922)|STATEMENT_EXECUTE|[24]
04:21:22.2 (28169976)|STATEMENT_EXECUTE|[29]
04:21:22.2 (28189550)|VARIABLE_ASSIGNMENT|[EXTERNAL]|this|{"pers":"0x6ceb0e29","rows":"0x3f0785c5"}|0x36b781ac
04:21:22.2 (28200119)|METHOD_EXIT|[48]|01p360000074pQr|DraftsToPersons.getPersons()
04:21:22.2 (28256365)|STATEMENT_EXECUTE|[49]
04:21:22.2 (28258862)|STATEMENT_EXECUTE|[50]
04:21:22.2 (28298463)|VARIABLE_ASSIGNMENT|[EXTERNAL]|this|{"pers":"0x6ceb0e29","rows":"0x3f0785c5"}|0x36b781ac
04:21:22.2 (28323168)|HEAP_ALLOCATE|[50]|Bytes:84
04:21:22.2 (28329532)|HEAP_ALLOCATE|[50]|Bytes:8
04:21:22.2 (28350259)|HEAP_ALLOCATE|[50]|Bytes:8
04:21:22.2 (28382415)|CONSTRUCTOR_ENTRY|[50]|01p360000074pQr|<init>()
04:21:22.2 (28400947)|VARIABLE_SCOPE_BEGIN|[73]|this|DraftsToPersons.RowWrapper|true|false
04:21:22.2 (28419022)|VARIABLE_ASSIGNMENT|[73]|this|{}|0x699f4fa3
04:21:22.2 (28424386)|STATEMENT_EXECUTE|[67]
04:21:22.2 (28426329)|STATEMENT_EXECUTE|[70]
04:21:22.2 (28443491)|STATEMENT_EXECUTE|[74]
04:21:22.2 (28445241)|STATEMENT_EXECUTE|[75]
04:21:22.2 (28449842)|HEAP_ALLOCATE|[75]|Bytes:4
04:21:22.2 (28537618)|VARIABLE_ASSIGNMENT|[EXTERNAL]|this|{}|0x699f4fa3
04:21:22.2 (28569823)|HEAP_ALLOCATE|[EXTERNAL]|Bytes:4
04:21:22.2 (28581497)|VARIABLE_ASSIGNMENT|[EXTERNAL]|value|{"s":1,"v":[]}|0x6e9a2a8a
04:21:22.2 (28595407)|VARIABLE_ASSIGNMENT|[70]|this.values|{"s":1,"v":[]}|0x699f4fa3
04:21:22.2 (28606888)|CONSTRUCTOR_EXIT|[50]|01p360000074pQr|<init>()
04:21:22.2 (28622871)|HEAP_ALLOCATE|[EXTERNAL]|Bytes:4
04:21:22.2 (28629713)|HEAP_ALLOCATE|[48]|Bytes:4
04:21:22.2 (28637449)|VARIABLE_ASSIGNMENT|[48]|idx|1
04:21:22.2 (28644627)|METHOD_ENTRY|[48]|01p360000074pQr|DraftsToPersons.getPersons()
04:21:22.2 (28648784)|VARIABLE_SCOPE_BEGIN|[22]|this|DraftsToPersons|true|false
04:21:22.2 (28669087)|VARIABLE_ASSIGNMENT|[22]|this|{"pers":"0x6ceb0e29","rows":"0x3f0785c5"}|0x36b781ac
04:21:22.2 (28677170)|HEAP_ALLOCATE|[24]|Bytes:5
04:21:22.2 (28681692)|STATEMENT_EXECUTE|[23]
04:21:22.2 (28705739)|VARIABLE_ASSIGNMENT|[EXTERNAL]|this|{"pers":"0x6ceb0e29","rows":"0x3f0785c5"}|0x36b781ac
04:21:22.2 (28714434)|STATEMENT_EXECUTE|[24]
04:21:22.2 (28716326)|STATEMENT_EXECUTE|[29]
04:21:22.2 (28735503)|VARIABLE_ASSIGNMENT|[EXTERNAL]|this|{"pers":"0x6ceb0e29","rows":"0x3f0785c5"}|0x36b781ac
04:21:22.2 (28745718)|METHOD_EXIT|[48]|01p360000074pQr|DraftsToPersons.getPersons()
04:21:22.2 (28756996)|STATEMENT_EXECUTE|[49]
04:21:22.2 (28758846)|STATEMENT_EXECUTE|[50]
04:21:22.2 (28779189)|VARIABLE_ASSIGNMENT|[EXTERNAL]|this|{"pers":"0x6ceb0e29","rows":"0x3f0785c5"}|0x36b781ac
04:21:22.2 (28788933)|HEAP_ALLOCATE|[50]|Bytes:8
04:21:22.2 (28796377)|CONSTRUCTOR_ENTRY|[50]|01p360000074pQr|<init>()
04:21:22.2 (28800614)|VARIABLE_SCOPE_BEGIN|[73]|this|DraftsToPersons.RowWrapper|true|false
04:21:22.2 (28813295)|VARIABLE_ASSIGNMENT|[73]|this|{}|0x392d89ee
04:21:22.2 (28817309)|STATEMENT_EXECUTE|[67]
04:21:22.2 (28818787)|STATEMENT_EXECUTE|[70]
04:21:22.2 (28829390)|STATEMENT_EXECUTE|[74]
04:21:22.2 (28831328)|STATEMENT_EXECUTE|[75]
04:21:22.2 (28835022)|HEAP_ALLOCATE|[75]|Bytes:4
04:21:22.2 (28860384)|VARIABLE_ASSIGNMENT|[EXTERNAL]|this|{}|0x392d89ee
04:21:22.2 (28874175)|HEAP_ALLOCATE|[EXTERNAL]|Bytes:4
04:21:22.2 (28884670)|VARIABLE_ASSIGNMENT|[EXTERNAL]|value|{"s":1,"v":[]}|0x1d1f738e
04:21:22.2 (28895994)|VARIABLE_ASSIGNMENT|[70]|this.values|{"s":1,"v":[]}|0x392d89ee
04:21:22.2 (28906416)|CONSTRUCTOR_EXIT|[50]|01p360000074pQr|<init>()
04:21:22.2 (28914979)|HEAP_ALLOCATE|[EXTERNAL]|Bytes:4
04:21:22.2 (28920357)|HEAP_ALLOCATE|[48]|Bytes:4
04:21:22.2 (28927412)|VARIABLE_ASSIGNMENT|[48]|idx|2
04:21:22.2 (28933962)|METHOD_ENTRY|[48]|01p360000074pQr|DraftsToPersons.getPersons()
04:21:22.2 (28937816)|VARIABLE_SCOPE_BEGIN|[22]|this|DraftsToPersons|true|false
04:21:22.2 (28956404)|VARIABLE_ASSIGNMENT|[22]|this|{"pers":"0x6ceb0e29","rows":"0x3f0785c5"}|0x36b781ac
04:21:22.2 (28964053)|HEAP_ALLOCATE|[24]|Bytes:5
04:21:22.2 (28968376)|STATEMENT_EXECUTE|[23]
04:21:22.2 (28991335)|VARIABLE_ASSIGNMENT|[EXTERNAL]|this|{"pers":"0x6ceb0e29","rows":"0x3f0785c5"}|0x36b781ac
04:21:22.2 (28999765)|STATEMENT_EXECUTE|[24]
04:21:22.2 (29001685)|STATEMENT_EXECUTE|[29]
04:21:22.2 (29022403)|VARIABLE_ASSIGNMENT|[EXTERNAL]|this|{"pers":"0x6ceb0e29","rows":"0x3f0785c5"}|0x36b781ac
04:21:22.2 (29032546)|METHOD_EXIT|[48]|01p360000074pQr|DraftsToPersons.getPersons()
04:21:22.2 (29044188)|STATEMENT_EXECUTE|[54]
04:21:22.2 (29047993)|VARIABLE_SCOPE_BEGIN|[54]|idx|Integer|false|false
04:21:22.2 (29051124)|HEAP_ALLOCATE|[54]|Bytes:4
04:21:22.2 (29056626)|VARIABLE_ASSIGNMENT|[54]|idx|0
04:21:22.2 (29066795)|METHOD_ENTRY|[54]|01p360000074pQr|DraftsToPersons.getTimes()
04:21:22.2 (29091884)|VARIABLE_SCOPE_BEGIN|[32]|this|DraftsToPersons|true|false
04:21:22.2 (29112339)|VARIABLE_ASSIGNMENT|[32]|this|{"pers":"0x6ceb0e29","rows":"0x3f0785c5"}|0x36b781ac
04:21:22.2 (29120589)|HEAP_ALLOCATE|[34]|Bytes:5
04:21:22.2 (29124989)|STATEMENT_EXECUTE|[33]
04:21:22.2 (29171922)|VARIABLE_ASSIGNMENT|[EXTERNAL]|this|{"pers":"0x6ceb0e29","rows":"0x3f0785c5"}|0x36b781ac
04:21:22.2 (29184320)|STATEMENT_EXECUTE|[35]
04:21:22.2 (29186323)|STATEMENT_EXECUTE|[36]
04:21:22.2 (29190884)|HEAP_ALLOCATE|[36]|Bytes:39
04:21:22.2 (29200232)|HEAP_ALLOCATE|[36]|Bytes:4
04:21:22.2 (29380323)|SOQL_EXECUTE_BEGIN|[36]|Aggregations:0|SELECT id, Name FROM Time__c LIMIT 1000
04:21:22.2 (44027155)|SOQL_EXECUTE_END|[36]|Rows:2
04:21:22.2 (44050598)|HEAP_ALLOCATE|[36]|Bytes:12
04:21:22.2 (44073330)|HEAP_ALLOCATE|[36]|Bytes:76
04:21:22.2 (44114623)|HEAP_ALLOCATE|[36]|Bytes:12
04:21:22.2 (44199400)|VARIABLE_ASSIGNMENT|[EXTERNAL]|this|{"pers":"0x6ceb0e29","rows":"0x3f0785c5"}|0x36b781ac
04:21:22.2 (44232680)|VARIABLE_ASSIGNMENT|[EXTERNAL]|value|{"s":1,"v":[{"s":2,"v":{"Id":"a0M36000000eCJfEAM","Name":"5"}},{"s":3,"v":{"Id":"a0M36000000eCJaEAM","Name":"4"}}]}|0x76863999
04:21:22.2 (44256605)|VARIABLE_ASSIGNMENT|[4]|this.times|{"s":1,"v":[{"s":2,"v":{"Id":"a0M36000000eCJfEAM","Name":"5"}},{"s":3,"v":{"Id":"a0M36000000eCJaEAM","Name":"4"}}]}|0x36b781ac
04:21:22.2 (44268700)|STATEMENT_EXECUTE|[39]
04:21:22.2 (44325040)|VARIABLE_ASSIGNMENT|[EXTERNAL]|this|{"pers":"0x6ceb0e29","rows":"0x3f0785c5","times":"0x76863999"}|0x36b781ac
04:21:22.2 (44341203)|METHOD_EXIT|[54]|01p360000074pQr|DraftsToPersons.getTimes()
04:21:22.2 (44426418)|STATEMENT_EXECUTE|[55]
04:21:22.2 (44429331)|STATEMENT_EXECUTE|[57]
04:21:22.2 (44473025)|VARIABLE_ASSIGNMENT|[EXTERNAL]|this|{"pers":"0x6ceb0e29","rows":"0x3f0785c5","times":"0x76863999"}|0x36b781ac
04:21:22.2 (44491019)|HEAP_ALLOCATE|[57]|Bytes:8
04:21:22.2 (44503540)|METHOD_ENTRY|[57]|01p360000074pQr|DraftsToPersons.getTimes()
04:21:22.2 (44509233)|VARIABLE_SCOPE_BEGIN|[32]|this|DraftsToPersons|true|false
04:21:22.2 (44529341)|VARIABLE_ASSIGNMENT|[32]|this|{"pers":"0x6ceb0e29","rows":"0x3f0785c5","times":"0x76863999"}|0x36b781ac
04:21:22.2 (44538789)|HEAP_ALLOCATE|[34]|Bytes:5
04:21:22.2 (44543313)|STATEMENT_EXECUTE|[33]
04:21:22.2 (44566997)|VARIABLE_ASSIGNMENT|[EXTERNAL]|this|{"pers":"0x6ceb0e29","rows":"0x3f0785c5","times":"0x76863999"}|0x36b781ac
04:21:22.2 (44576115)|STATEMENT_EXECUTE|[34]
04:21:22.2 (44578073)|STATEMENT_EXECUTE|[39]
04:21:22.2 (44597429)|VARIABLE_ASSIGNMENT|[EXTERNAL]|this|{"pers":"0x6ceb0e29","rows":"0x3f0785c5","times":"0x76863999"}|0x36b781ac
04:21:22.2 (44607959)|METHOD_EXIT|[57]|01p360000074pQr|DraftsToPersons.getTimes()
04:21:22.2 (44642809)|HEAP_ALLOCATE|[57]|Bytes:12
04:21:22.2 (44692196)|METHOD_ENTRY|[57]|01p360000074pQr|DraftsToPersons.RowWrapper.addValue(String)
04:21:22.2 (44699868)|VARIABLE_SCOPE_BEGIN|[79]|this|DraftsToPersons.RowWrapper|true|false
04:21:22.2 (44717084)|VARIABLE_ASSIGNMENT|[79]|this|{"values":"0x6e9a2a8a"}|0x699f4fa3
04:21:22.2 (44721333)|VARIABLE_SCOPE_BEGIN|[79]|value|String|false|false
04:21:22.2 (44725041)|VARIABLE_ASSIGNMENT|[79]|value|"5"
04:21:22.2 (44730485)|STATEMENT_EXECUTE|[80]
04:21:22.2 (44732559)|STATEMENT_EXECUTE|[81]
04:21:22.2 (44777561)|VARIABLE_ASSIGNMENT|[EXTERNAL]|this|{"values":"0x6e9a2a8a"}|0x699f4fa3
04:21:22.2 (44800571)|HEAP_ALLOCATE|[EXTERNAL]|Bytes:4
04:21:22.2 (44808635)|METHOD_EXIT|[57]|01p360000074pQr|DraftsToPersons.RowWrapper.addValue(String)
04:21:22.2 (44813038)|HEAP_ALLOCATE|[54]|Bytes:4
04:21:22.2 (44823009)|VARIABLE_ASSIGNMENT|[54]|idx|1
04:21:22.2 (44830030)|METHOD_ENTRY|[54]|01p360000074pQr|DraftsToPersons.getTimes()
04:21:22.2 (44834470)|VARIABLE_SCOPE_BEGIN|[32]|this|DraftsToPersons|true|false
04:21:22.2 (44854038)|VARIABLE_ASSIGNMENT|[32]|this|{"pers":"0x6ceb0e29","rows":"0x3f0785c5","times":"0x76863999"}|0x36b781ac
04:21:22.2 (44861802)|HEAP_ALLOCATE|[34]|Bytes:5
04:21:22.2 (44866169)|STATEMENT_EXECUTE|[33]
04:21:22.2 (44889849)|VARIABLE_ASSIGNMENT|[EXTERNAL]|this|{"pers":"0x6ceb0e29","rows":"0x3f0785c5","times":"0x76863999"}|0x36b781ac
04:21:22.2 (44898519)|STATEMENT_EXECUTE|[34]
04:21:22.2 (44900476)|STATEMENT_EXECUTE|[39]
04:21:22.2 (44920621)|VARIABLE_ASSIGNMENT|[EXTERNAL]|this|{"pers":"0x6ceb0e29","rows":"0x3f0785c5","times":"0x76863999"}|0x36b781ac
04:21:22.2 (44931071)|METHOD_EXIT|[54]|01p360000074pQr|DraftsToPersons.getTimes()
04:21:22.2 (44942674)|STATEMENT_EXECUTE|[55]
04:21:22.2 (44944833)|STATEMENT_EXECUTE|[57]
04:21:22.2 (44966448)|VARIABLE_ASSIGNMENT|[EXTERNAL]|this|{"pers":"0x6ceb0e29","rows":"0x3f0785c5","times":"0x76863999"}|0x36b781ac
04:21:22.2 (44977364)|HEAP_ALLOCATE|[57]|Bytes:8
04:21:22.2 (44983576)|METHOD_ENTRY|[57]|01p360000074pQr|DraftsToPersons.getTimes()
04:21:22.2 (44987346)|VARIABLE_SCOPE_BEGIN|[32]|this|DraftsToPersons|true|false
04:21:22.2 (45004248)|VARIABLE_ASSIGNMENT|[32]|this|{"pers":"0x6ceb0e29","rows":"0x3f0785c5","times":"0x76863999"}|0x36b781ac
04:21:22.2 (45012033)|HEAP_ALLOCATE|[34]|Bytes:5
04:21:22.2 (45015931)|STATEMENT_EXECUTE|[33]
04:21:22.2 (45038787)|VARIABLE_ASSIGNMENT|[EXTERNAL]|this|{"pers":"0x6ceb0e29","rows":"0x3f0785c5","times":"0x76863999"}|0x36b781ac
04:21:22.2 (45047054)|STATEMENT_EXECUTE|[34]
04:21:22.2 (45048978)|STATEMENT_EXECUTE|[39]
04:21:22.2 (45068982)|VARIABLE_ASSIGNMENT|[EXTERNAL]|this|{"pers":"0x6ceb0e29","rows":"0x3f0785c5","times":"0x76863999"}|0x36b781ac
04:21:22.2 (45079016)|METHOD_EXIT|[57]|01p360000074pQr|DraftsToPersons.getTimes()
04:21:22.2 (45095858)|HEAP_ALLOCATE|[57]|Bytes:12
04:21:22.2 (45110378)|METHOD_ENTRY|[57]|01p360000074pQr|DraftsToPersons.RowWrapper.addValue(String)
04:21:22.2 (45115126)|VARIABLE_SCOPE_BEGIN|[79]|this|DraftsToPersons.RowWrapper|true|false
04:21:22.2 (45130930)|VARIABLE_ASSIGNMENT|[79]|this|{"values":"0x1d1f738e"}|0x392d89ee
04:21:22.2 (45133693)|VARIABLE_SCOPE_BEGIN|[79]|value|String|false|false
04:21:22.2 (45136942)|VARIABLE_ASSIGNMENT|[79]|value|"4"
04:21:22.2 (45144941)|STATEMENT_EXECUTE|[80]
04:21:22.2 (45146698)|STATEMENT_EXECUTE|[81]
04:21:22.2 (45164982)|VARIABLE_ASSIGNMENT|[EXTERNAL]|this|{"values":"0x1d1f738e"}|0x392d89ee
04:21:22.2 (45177359)|HEAP_ALLOCATE|[EXTERNAL]|Bytes:4
04:21:22.2 (45184057)|METHOD_EXIT|[57]|01p360000074pQr|DraftsToPersons.RowWrapper.addValue(String)
04:21:22.2 (45187437)|HEAP_ALLOCATE|[54]|Bytes:4
04:21:22.2 (45194822)|VARIABLE_ASSIGNMENT|[54]|idx|2
04:21:22.2 (45201071)|METHOD_ENTRY|[54]|01p360000074pQr|DraftsToPersons.getTimes()
04:21:22.2 (45204896)|VARIABLE_SCOPE_BEGIN|[32]|this|DraftsToPersons|true|false
04:21:22.2 (45222770)|VARIABLE_ASSIGNMENT|[32]|this|{"pers":"0x6ceb0e29","rows":"0x3f0785c5","times":"0x76863999"}|0x36b781ac
04:21:22.2 (45230087)|HEAP_ALLOCATE|[34]|Bytes:5
04:21:22.2 (45234016)|STATEMENT_EXECUTE|[33]
04:21:22.2 (45257251)|VARIABLE_ASSIGNMENT|[EXTERNAL]|this|{"pers":"0x6ceb0e29","rows":"0x3f0785c5","times":"0x76863999"}|0x36b781ac
04:21:22.2 (45265542)|STATEMENT_EXECUTE|[34]
04:21:22.2 (45267542)|STATEMENT_EXECUTE|[39]
04:21:22.2 (45287781)|VARIABLE_ASSIGNMENT|[EXTERNAL]|this|{"pers":"0x6ceb0e29","rows":"0x3f0785c5","times":"0x76863999"}|0x36b781ac
04:21:22.2 (45297979)|METHOD_EXIT|[54]|01p360000074pQr|DraftsToPersons.getTimes()
04:21:22.2 (45315389)|STATEMENT_EXECUTE|[62]
04:21:22.2 (45363272)|VARIABLE_ASSIGNMENT|[EXTERNAL]|this|{"pers":"0x6ceb0e29","rows":"0x3f0785c5","times":"0x76863999"}|0x36b781ac
04:21:22.2 (45379064)|SYSTEM_MODE_EXIT|false
04:21:22.2 (45398868)|CODE_UNIT_FINISHED|DraftsToPersons invoke(getrowWrappers)
04:21:22.2 (45424312)|CODE_UNIT_FINISHED|DraftsToPersons get(rowWrappers)
04:21:22.2 (45767475)|CODE_UNIT_STARTED|[EXTERNAL]|01p360000074pQr|values
04:21:22.2 (45781518)|CODE_UNIT_FINISHED|values
04:21:22.2 (45926112)|CODE_UNIT_STARTED|[EXTERNAL]|01p360000074pQr|values
04:21:22.2 (45938210)|CODE_UNIT_FINISHED|values
04:21:22.73 (73200182)|CUMULATIVE_LIMIT_USAGE
04:21:22.73 (73200182)|LIMIT_USAGE_FOR_NS|(default)|
  Number of SOQL queries: 2 out of 100
  Number of query rows: 4 out of 50000
  Number of SOSL queries: 0 out of 20
  Number of DML statements: 0 out of 150
  Number of DML rows: 0 out of 10000
  Maximum CPU time: 0 out of 10000
  Maximum heap size: 0 out of 6000000
  Number of callouts: 0 out of 100
  Number of Email Invocations: 0 out of 10
  Number of future calls: 0 out of 50
  Number of queueable jobs added to the queue: 0 out of 50
  Number of Mobile Apex push calls: 0 out of 10

04:21:22.73 (73200182)|CUMULATIVE_LIMIT_USAGE_END

04:21:22.2 (73280263)|CODE_UNIT_FINISHED|VF: /apex/DraftsToPersonTable
04:21:22.2 (74401207)|EXECUTION_FINISHED
