34.0 APEX_CODE,FINEST;APEX_PROFILING,INFO;CALLOUT,INFO;DB,INFO;SYSTEM,DEBUG;VALIDATION,INFO;VISUALFORCE,INFO;WORKFLOW,INFO
01:31:04.0 (542582)|EXECUTION_STARTED
01:31:04.0 (571417)|CODE_UNIT_STARTED|[EXTERNAL]|066170000009I6f|VF: /apex/VisualQCProcess
01:31:04.0 (13438370)|CODE_UNIT_STARTED|[EXTERNAL]|01p17000000F7aR|VisualQCControllerExtension <init>
01:31:04.0 (13466913)|SYSTEM_MODE_ENTER|true
01:31:04.0 (13991502)|HEAP_ALLOCATE|[72]|Bytes:3
01:31:04.0 (14066807)|HEAP_ALLOCATE|[77]|Bytes:152
01:31:04.0 (14101344)|HEAP_ALLOCATE|[342]|Bytes:408
01:31:04.0 (14140551)|HEAP_ALLOCATE|[355]|Bytes:408
01:31:04.0 (14178124)|HEAP_ALLOCATE|[467]|Bytes:48
01:31:04.0 (14237444)|HEAP_ALLOCATE|[139]|Bytes:6
01:31:04.0 (14276036)|HEAP_ALLOCATE|[EXTERNAL]|Bytes:11
01:31:04.0 (14285791)|HEAP_ALLOCATE|[EXTERNAL]|Bytes:440
01:31:04.0 (14291342)|HEAP_ALLOCATE|[EXTERNAL]|Bytes:85
01:31:04.0 (14297273)|HEAP_ALLOCATE|[EXTERNAL]|Bytes:22
01:31:04.0 (14316090)|METHOD_ENTRY|[12]|01p17000000F7aR|VisualQCControllerExtension.VisualQCControllerExtension()
01:31:04.0 (14322179)|STATEMENT_EXECUTE|[12]
01:31:04.0 (14330753)|STATEMENT_EXECUTE|[12]
01:31:04.0 (14388433)|HEAP_ALLOCATE|[50]|Bytes:5
01:31:04.0 (14425178)|HEAP_ALLOCATE|[56]|Bytes:5
01:31:04.0 (14442693)|HEAP_ALLOCATE|[64]|Bytes:7
01:31:04.0 (14491134)|SYSTEM_MODE_ENTER|false
01:31:04.0 (14518197)|HEAP_ALLOCATE|[EXTERNAL]|Bytes:5
01:31:04.0 (14525333)|STATEMENT_EXECUTE|[237]
01:31:04.0 (14537170)|SYSTEM_MODE_EXIT|false
01:31:04.0 (14555709)|METHOD_EXIT|[12]|VisualQCControllerExtension
01:31:04.0 (14566211)|HEAP_ALLOCATE|[EXTERNAL]|Bytes:68
01:31:04.0 (14587781)|VARIABLE_SCOPE_BEGIN|[35]|this|VisualQCControllerExtension|true|false
01:31:04.0 (14701320)|VARIABLE_ASSIGNMENT|[35]|this|{}|0x431e3605
01:31:04.0 (14726406)|SYSTEM_MODE_ENTER|false
01:31:04.0 (14735534)|HEAP_ALLOCATE|[36]|Bytes:5
01:31:04.0 (14741322)|STATEMENT_EXECUTE|[12]
01:31:04.0 (14746974)|HEAP_ALLOCATE|[36]|Bytes:5
01:31:04.0 (14750473)|STATEMENT_EXECUTE|[14]
01:31:04.0 (14753464)|STATEMENT_EXECUTE|[15]
01:31:04.0 (14755357)|STATEMENT_EXECUTE|[16]
01:31:04.0 (14757121)|STATEMENT_EXECUTE|[17]
01:31:04.0 (14758874)|STATEMENT_EXECUTE|[18]
01:31:04.0 (14760741)|STATEMENT_EXECUTE|[19]
01:31:04.0 (14762448)|STATEMENT_EXECUTE|[20]
01:31:04.0 (14764281)|STATEMENT_EXECUTE|[22]
01:31:04.0 (14766266)|STATEMENT_EXECUTE|[23]
01:31:04.0 (14768175)|STATEMENT_EXECUTE|[24]
01:31:04.0 (14769859)|STATEMENT_EXECUTE|[25]
01:31:04.0 (14771836)|STATEMENT_EXECUTE|[26]
01:31:04.0 (14773349)|STATEMENT_EXECUTE|[28]
01:31:04.0 (14774868)|STATEMENT_EXECUTE|[29]
01:31:04.0 (14776679)|STATEMENT_EXECUTE|[31]
01:31:04.0 (14778840)|STATEMENT_EXECUTE|[32]
01:31:04.0 (14791775)|HEAP_ALLOCATE|[36]|Bytes:6
01:31:04.0 (14823184)|STATEMENT_EXECUTE|[35]
01:31:04.0 (14826449)|STATEMENT_EXECUTE|[36]
01:31:04.0 (15050725)|HEAP_ALLOCATE|[36]|Bytes:4
01:31:04.0 (15302593)|VARIABLE_ASSIGNMENT|[EXTERNAL]|this|{}|0x431e3605
01:31:04.0 (15349741)|HEAP_ALLOCATE|[EXTERNAL]|Bytes:4
01:31:04.0 (15384765)|VARIABLE_ASSIGNMENT|[EXTERNAL]|value|{"s":1,"v":[]}|0x7c2813ec
01:31:04.0 (15424809)|VARIABLE_ASSIGNMENT|[31]|this.scanHistoryList|{"s":1,"v":[]}|0x431e3605
01:31:04.0 (15437710)|STATEMENT_EXECUTE|[37]
01:31:04.0 (15559853)|HEAP_ALLOCATE|[37]|Bytes:4
01:31:04.0 (15739134)|VARIABLE_ASSIGNMENT|[EXTERNAL]|this|{"scanHistoryList":"0x7c2813ec"}|0x431e3605
01:31:04.0 (15753083)|HEAP_ALLOCATE|[EXTERNAL]|Bytes:4
01:31:04.0 (15774696)|VARIABLE_ASSIGNMENT|[EXTERNAL]|value|{"s":1,"v":[]}|0x13589a12
01:31:04.0 (15803389)|VARIABLE_ASSIGNMENT|[32]|this.failReviewItems|{"s":1,"v":[]}|0x431e3605
01:31:04.0 (15814535)|STATEMENT_EXECUTE|[38]
01:31:04.0 (15928951)|VARIABLE_ASSIGNMENT|[EXTERNAL]|this|{"failReviewItems":"0x13589a12","scanHistoryList":"0x7c2813ec"}|0x431e3605
01:31:04.0 (15942740)|VARIABLE_ASSIGNMENT|[EXTERNAL]|value|true
01:31:04.0 (15948410)|HEAP_ALLOCATE|[22]|Bytes:5
01:31:04.0 (15959466)|VARIABLE_ASSIGNMENT|[22]|this.kitFound|true|0x431e3605
01:31:04.0 (15966949)|STATEMENT_EXECUTE|[39]
01:31:04.0 (16049885)|VARIABLE_ASSIGNMENT|[EXTERNAL]|this|{"failReviewItems":"0x13589a12","kitFound":true,"scanHistoryList":"0x7c2813ec"}|0x431e3605
01:31:04.0 (16062255)|VARIABLE_ASSIGNMENT|[EXTERNAL]|value|false
01:31:04.0 (16067391)|HEAP_ALLOCATE|[23]|Bytes:5
01:31:04.0 (16077674)|VARIABLE_ASSIGNMENT|[23]|this.contactFound|false|0x431e3605
01:31:04.0 (16084598)|STATEMENT_EXECUTE|[40]
01:31:04.0 (16165012)|VARIABLE_ASSIGNMENT|[EXTERNAL]|this|{"contactFound":false,"failReviewItems":"0x13589a12","kitFound":true,"scanHistoryList":"0x7c2813ec"}|0x431e3605
01:31:04.0 (16175959)|VARIABLE_ASSIGNMENT|[EXTERNAL]|value|true
01:31:04.0 (16180969)|HEAP_ALLOCATE|[24]|Bytes:5
01:31:04.0 (16191955)|VARIABLE_ASSIGNMENT|[24]|this.initialLoading|true|0x431e3605
01:31:04.0 (16198857)|STATEMENT_EXECUTE|[41]
01:31:04.0 (16278789)|VARIABLE_ASSIGNMENT|[EXTERNAL]|this|{"contactFound":false,"failReviewItems":"0x13589a12","initialLoading":true,"kitFound":true,"scanHistoryList":"0x7c2813ec"}|0x431e3605
01:31:04.0 (16289594)|VARIABLE_ASSIGNMENT|[EXTERNAL]|value|false
01:31:04.0 (16294517)|HEAP_ALLOCATE|[25]|Bytes:5
01:31:04.0 (16306374)|VARIABLE_ASSIGNMENT|[25]|this.selectAll|false|0x431e3605
01:31:04.0 (16313296)|STATEMENT_EXECUTE|[42]
01:31:04.0 (16393603)|VARIABLE_ASSIGNMENT|[EXTERNAL]|this|{"contactFound":false,"failReviewItems":"0x13589a12","initialLoading":true,"kitFound":true,"scanHistoryList":"0x7c2813ec","selectAll":false}|0x431e3605
01:31:04.0 (16404480)|VARIABLE_ASSIGNMENT|[EXTERNAL]|value|false
01:31:04.0 (16409469)|HEAP_ALLOCATE|[26]|Bytes:5
01:31:04.0 (16420468)|VARIABLE_ASSIGNMENT|[26]|this.managerAccess|false|0x431e3605
01:31:04.0 (16427279)|STATEMENT_EXECUTE|[43]
01:31:04.0 (16431135)|HEAP_ALLOCATE|[43]|Bytes:4
01:31:04.0 (16512745)|VARIABLE_ASSIGNMENT|[EXTERNAL]|this|{"contactFound":false,"failReviewItems":"0x13589a12","initialLoading":true,"kitFound":true,"managerAccess":false,"scanHistoryList":"0x7c2813ec","selectAll":false}|0x431e3605
01:31:04.0 (16523043)|VARIABLE_ASSIGNMENT|[EXTERNAL]|value|"pass"
01:31:04.0 (16535759)|VARIABLE_ASSIGNMENT|[15]|this.mode|"pass"|0x431e3605
01:31:04.0 (16542658)|STATEMENT_EXECUTE|[44]
01:31:04.0 (16546703)|HEAP_ALLOCATE|[44]|Bytes:10
01:31:04.0 (16628079)|VARIABLE_ASSIGNMENT|[EXTERNAL]|this|{"contactFound":false,"failReviewItems":"0x13589a12","initialLoading":true,"kitFound":true,"managerAccess":false,"mode":"pass","scanHistoryList":"0x7c2813ec","selectAll":false}|0x431e3605
01:31:04.0 (16638438)|VARIABLE_ASSIGNMENT|[EXTERNAL]|value|"Low Volume"
01:31:04.0 (16651076)|VARIABLE_ASSIGNMENT|[16]|this.failureReason|"Low Volume"|0x431e3605
01:31:04.0 (16658153)|STATEMENT_EXECUTE|[45]
01:31:04.0 (16743731)|VARIABLE_ASSIGNMENT|[EXTERNAL]|this|{"contactFound":false,"failReviewItems":"0x13589a12","failureReason":"Low Volume","initialLoading":true,"kitFound":true,"managerAccess":false,"mode":"pass","scanHistoryList":"0x7c2813ec","selectAll":false}|0x431e3605
01:31:04.0 (16754651)|VARIABLE_ASSIGNMENT|[EXTERNAL]|value|"Low Volume"
01:31:04.0 (16767211)|VARIABLE_ASSIGNMENT|[17]|this.changeReason|"Low Volume"|0x431e3605
01:31:04.0 (16774192)|STATEMENT_EXECUTE|[46]
01:31:04.0 (16857116)|VARIABLE_ASSIGNMENT|[EXTERNAL]|this|{"changeReason":"Low Volume","contactFound":false,"failReviewItems":"0x13589a12","failureReason":"Low Volume","initialLoading":true,"kitFound":true,"managerAccess":false,"mode":"pass","scanHistoryList":"0x7c2813ec","selectAll":false}|0x431e3605
01:31:04.0 (16869616)|VARIABLE_ASSIGNMENT|[EXTERNAL]|value|0
01:31:04.0 (16873856)|HEAP_ALLOCATE|[29]|Bytes:4
01:31:04.0 (16883919)|VARIABLE_ASSIGNMENT|[29]|this.currentValue|0|0x431e3605
01:31:04.0 (16890720)|STATEMENT_EXECUTE|[47]
01:31:04.0 (16973613)|VARIABLE_ASSIGNMENT|[EXTERNAL]|this|{"changeReason":"Low Volume","contactFound":false,"currentValue":0,"failReviewItems":"0x13589a12","failureReason":"Low Volume","initialLoading":true,"kitFound":true,"managerAccess":false,"mode":"pass","scanHistoryList":"0x7c2813ec","selectAll":false}|0x431e3605
01:31:04.0 (16984558)|VARIABLE_ASSIGNMENT|[EXTERNAL]|value|0
01:31:04.0 (16988689)|HEAP_ALLOCATE|[28]|Bytes:4
01:31:04.0 (16999511)|VARIABLE_ASSIGNMENT|[28]|this.cycleMaximum|0|0x431e3605
01:31:04.0 (17006197)|STATEMENT_EXECUTE|[48]
01:31:04.0 (17035750)|METHOD_ENTRY|[48]|01p17000000F7aR|VisualQCControllerExtension.accessManagerView()
01:31:04.0 (17068378)|VARIABLE_SCOPE_BEGIN|[204]|this|VisualQCControllerExtension|true|false
01:31:04.0 (17111758)|VARIABLE_ASSIGNMENT|[204]|this|{"changeReason":"Low Volume","contactFound":false,"currentValue":0,"cycleMaximum":0,"failReviewItems":"0x13589a12","failureReason":"Low Volume","initialLoading":true,"kitFound":true,"managerAccess":false,"mode":"pass","scanHistoryList":"0x7c2813ec","selectAll":false}|0x431e3605
01:31:04.0 (17126930)|HEAP_ALLOCATE|[206]|Bytes:5
01:31:04.0 (17131279)|STATEMENT_EXECUTE|[204]
01:31:04.0 (17133402)|STATEMENT_EXECUTE|[206]
01:31:04.0 (18981486)|HEAP_ALLOCATE|[206]|Bytes:40
01:31:04.0 (19001086)|VARIABLE_SCOPE_BEGIN|[206]|pid|Set_Profile_ID__c|true|false
01:31:04.0 (19063362)|VARIABLE_ASSIGNMENT|[206]|pid|{"s":1,"v":{"Id":"a00170000036O2FAAU","IsDeleted":false,"Name":"a00170000036O2F","SetupOwnerId":"00D17000000BEKmEAO","CreatedDate":"2016-03-29T11:17:21.000Z","CreatedById":"00517000001OQ2zAAG","LastModifiedDate":"2016-04-01T07:07:38.000Z","LastModifiedById":"00517000001OQ2zAAG","SystemModstamp":"2016-04-01T07:07:38.000Z"}}|0x7d7a882a
01:31:04.0 (19068850)|STATEMENT_EXECUTE|[207]
01:31:04.0 (19079790)|VARIABLE_SCOPE_BEGIN|[207]|setProfileID|String|false|false
01:31:04.0 (19088108)|VARIABLE_ASSIGNMENT|[207]|setProfileID|null
01:31:04.0 (19090641)|STATEMENT_EXECUTE|[208]
01:31:04.0 (19161032)|HEAP_ALLOCATE|[208]|Bytes:85
01:31:04.0 (19176415)|SYSTEM_METHOD_ENTRY|[1]|UserInfo.UserInfo()
01:31:04.0 (19179285)|STATEMENT_EXECUTE|[1]
01:31:04.0 (19187622)|SYSTEM_METHOD_EXIT|[1]|UserInfo
01:31:04.0 (19198184)|METHOD_ENTRY|[208]||System.UserInfo.getProfileId()
01:31:04.0 (19261892)|METHOD_EXIT|[208]||System.UserInfo.getProfileId()
01:31:04.0 (19271051)|VARIABLE_SCOPE_BEGIN|[208]|currentProfileID|String|false|false
01:31:04.0 (19282334)|VARIABLE_ASSIGNMENT|[208]|currentProfileID|"00e36000000oZf1AAE"
01:31:04.0 (19285243)|STATEMENT_EXECUTE|[210]
01:31:04.0 (19289060)|HEAP_ALLOCATE|[210]|Bytes:17
01:31:04.0 (19310987)|HEAP_ALLOCATE|[210]|Bytes:21
01:31:04.0 (19358461)|USER_DEBUG|[210]|DEBUG|Custom settings: null
01:31:04.0 (19366148)|STATEMENT_EXECUTE|[211]
01:31:04.0 (19370069)|HEAP_ALLOCATE|[211]|Bytes:20
01:31:04.0 (19376734)|HEAP_ALLOCATE|[211]|Bytes:38
01:31:04.0 (19402018)|USER_DEBUG|[211]|DEBUG|Current profile ID: 00e36000000oZf1AAE
01:31:04.0 (19414045)|STATEMENT_EXECUTE|[213]
01:31:04.0 (19415588)|STATEMENT_EXECUTE|[214]
01:31:04.0 (19418868)|HEAP_ALLOCATE|[214]|Bytes:18
01:31:04.0 (19429716)|VARIABLE_ASSIGNMENT|[214]|setProfileID|"00e36000000oZf1AAE"
01:31:04.0 (19432446)|STATEMENT_EXECUTE|[215]
01:31:04.0 (19501377)|VARIABLE_ASSIGNMENT|[EXTERNAL]|this|{"changeReason":"Low Volume","contactFound":false,"currentValue":0,"cycleMaximum":0,"failReviewItems":"0x13589a12","failureReason":"Low Volume","initialLoading":true,"kitFound":true,"managerAccess":false,"mode":"pass","scanHistoryList":"0x7c2813ec","selectAll":false}|0x431e3605
01:31:04.0 (19511688)|VARIABLE_ASSIGNMENT|[EXTERNAL]|value|true
01:31:04.0 (19516456)|HEAP_ALLOCATE|[26]|Bytes:5
01:31:04.0 (19528299)|VARIABLE_ASSIGNMENT|[26]|this.managerAccess|true|0x431e3605
01:31:04.0 (19540383)|METHOD_EXIT|[48]|01p17000000F7aR|VisualQCControllerExtension.accessManagerView()
01:31:04.0 (19543561)|STATEMENT_EXECUTE|[49]
01:31:04.0 (19547401)|HEAP_ALLOCATE|[49]|Bytes:24
01:31:04.0 (19624273)|VARIABLE_ASSIGNMENT|[EXTERNAL]|this|{"changeReason":"Low Volume","contactFound":false,"currentValue":0,"cycleMaximum":0,"failReviewItems":"0x13589a12","failureReason":"Low Volume","initialLoading":true,"kitFound":true,"managerAccess":true,"mode":"pass","scanHistoryList":"0x7c2813ec","selectAll":false}|0x431e3605
01:31:04.0 (19662772)|HEAP_ALLOCATE|[49]|Bytes:5
01:31:04.0 (19680396)|HEAP_ALLOCATE|[49]|Bytes:29
01:31:04.0 (19689791)|USER_DEBUG|[49]|DEBUG|Checking contact value: false
01:31:04.0 (19694589)|STATEMENT_EXECUTE|[50]
01:31:04.0 (19698224)|HEAP_ALLOCATE|[50]|Bytes:21
01:31:04.0 (19776190)|VARIABLE_ASSIGNMENT|[EXTERNAL]|this|{"changeReason":"Low Volume","contactFound":false,"currentValue":0,"cycleMaximum":0,"failReviewItems":"0x13589a12","failureReason":"Low Volume","initialLoading":true,"kitFound":true,"managerAccess":true,"mode":"pass","scanHistoryList":"0x7c2813ec","selectAll":false}|0x431e3605
01:31:04.0 (19791501)|HEAP_ALLOCATE|[50]|Bytes:25
01:31:04.0 (19800830)|USER_DEBUG|[50]|DEBUG|Checking mode value: pass
01:31:04.0 (19810203)|SYSTEM_MODE_EXIT|false
01:31:04.0 (19833363)|CODE_UNIT_FINISHED|VisualQCControllerExtension <init>
01:31:04.0 (27075195)|CODE_UNIT_STARTED|[EXTERNAL]|01p17000000F7aR|VisualQCControllerExtension get(kitFound)
01:31:04.0 (27092097)|SYSTEM_MODE_ENTER|true
01:31:04.0 (27113572)|CODE_UNIT_STARTED|[EXTERNAL]|01p17000000F7aR|kitFound
01:31:04.0 (27129235)|CODE_UNIT_FINISHED|kitFound
01:31:04.0 (27146222)|CODE_UNIT_FINISHED|VisualQCControllerExtension get(kitFound)
01:31:04.27 (27543638)|SYSTEM_MODE_ENTER|true
01:31:04.27 (27602898)|HEAP_ALLOCATE|[EXTERNAL]|Bytes:38
01:31:04.27 (27608943)|HEAP_ALLOCATE|[EXTERNAL]|Bytes:7
01:31:04.27 (27620471)|SYSTEM_METHOD_ENTRY|[1]|PageMessagesComponentController.PageMessagesComponentController()
01:31:04.27 (27623712)|STATEMENT_EXECUTE|[1]
01:31:04.43 (43913525)|CUMULATIVE_LIMIT_USAGE
01:31:04.43 (43913525)|LIMIT_USAGE_FOR_NS|(default)|
  Number of SOQL queries: 0 out of 100
  Number of query rows: 0 out of 50000
  Number of SOSL queries: 0 out of 20
  Number of DML statements: 0 out of 150
  Number of DML rows: 0 out of 10000
  Maximum CPU time: 0 out of 10000
  Maximum heap size: 0 out of 6000000
  Number of callouts: 0 out of 100
  Number of Email Invocations: 0 out of 10
  Number of future calls: 0 out of 50
  Number of queueable jobs added to the queue: 0 out of 50
  Number of Mobile Apex push calls: 0 out of 10

01:31:04.43 (43913525)|CUMULATIVE_LIMIT_USAGE_END

