34.0 APEX_CODE,FINEST;APEX_PROFILING,INFO;CALLOUT,INFO;DB,INFO;SYSTEM,DEBUG;VALIDATION,INFO;VISUALFORCE,INFO;WORKFLOW,INFO
01:32:50.0 (117288)|EXECUTION_STARTED
01:32:50.0 (156909)|CODE_UNIT_STARTED|[EXTERNAL]|066170000009I6f|VF: /apex/VisualQCProcess
01:32:50.0 (512691)|VF_DESERIALIZE_VIEWSTATE_BEGIN|066170000009I6f
01:32:50.0 (6957459)|HEAP_ALLOCATE|[72]|Bytes:3
01:32:50.0 (7018546)|HEAP_ALLOCATE|[77]|Bytes:152
01:32:50.0 (7038590)|HEAP_ALLOCATE|[342]|Bytes:408
01:32:50.0 (7058988)|HEAP_ALLOCATE|[355]|Bytes:408
01:32:50.0 (7078348)|HEAP_ALLOCATE|[467]|Bytes:48
01:32:50.0 (7117193)|HEAP_ALLOCATE|[139]|Bytes:6
01:32:50.0 (7151953)|HEAP_ALLOCATE|[50]|Bytes:5
01:32:50.0 (7174370)|HEAP_ALLOCATE|[56]|Bytes:5
01:32:50.0 (7182868)|HEAP_ALLOCATE|[64]|Bytes:7
01:32:50.0 (11957044)|VF_DESERIALIZE_VIEWSTATE_END
01:32:50.0 (16109558)|CODE_UNIT_STARTED|[EXTERNAL]|01p17000000F7aR|VisualQCControllerExtension get(kitFound)
01:32:50.0 (16133287)|SYSTEM_MODE_ENTER|true
01:32:50.0 (16184466)|CODE_UNIT_STARTED|[EXTERNAL]|01p17000000F7aR|kitFound
01:32:50.0 (16210162)|HEAP_ALLOCATE|[EXTERNAL]|Bytes:11
01:32:50.0 (16221544)|HEAP_ALLOCATE|[EXTERNAL]|Bytes:440
01:32:50.0 (16228204)|HEAP_ALLOCATE|[EXTERNAL]|Bytes:85
01:32:50.0 (16233611)|HEAP_ALLOCATE|[EXTERNAL]|Bytes:22
01:32:50.0 (16253863)|METHOD_ENTRY|[12]|01p17000000F7aR|VisualQCControllerExtension.VisualQCControllerExtension()
01:32:50.0 (16260403)|STATEMENT_EXECUTE|[12]
01:32:50.0 (16269370)|STATEMENT_EXECUTE|[12]
01:32:50.0 (16287652)|SYSTEM_MODE_ENTER|false
01:32:50.0 (16313997)|HEAP_ALLOCATE|[EXTERNAL]|Bytes:5
01:32:50.0 (16320564)|STATEMENT_EXECUTE|[237]
01:32:50.0 (16331809)|SYSTEM_MODE_EXIT|false
01:32:50.0 (16347916)|METHOD_EXIT|[12]|VisualQCControllerExtension
01:32:50.0 (16370002)|CODE_UNIT_FINISHED|kitFound
01:32:50.0 (16401884)|CODE_UNIT_FINISHED|VisualQCControllerExtension get(kitFound)
01:32:50.16 (16801849)|SYSTEM_MODE_ENTER|true
01:32:50.16 (16930239)|HEAP_ALLOCATE|[EXTERNAL]|Bytes:38
01:32:50.16 (16939230)|HEAP_ALLOCATE|[EXTERNAL]|Bytes:7
01:32:50.16 (16952462)|SYSTEM_METHOD_ENTRY|[1]|PageMessagesComponentController.PageMessagesComponentController()
01:32:50.16 (16957581)|STATEMENT_EXECUTE|[1]
01:32:50.0 (25737233)|SYSTEM_MODE_ENTER|false
01:32:50.0 (25748981)|HEAP_ALLOCATE|[230]|Bytes:5
01:32:50.0 (25756190)|STATEMENT_EXECUTE|[229]
01:32:50.0 (25759032)|STATEMENT_EXECUTE|[230]
01:32:50.0 (25940274)|VARIABLE_ASSIGNMENT|[EXTERNAL]|this|{"changeReason":"Low Volume","contactFound":false,"currentValue":0,"cycleMaximum":0,"failReviewItems":"0x196cc4c1","failureReason":"Low Volume","initialLoading":true,"kitFound":true,"managerAccess":true,"mode":"failReview","scanHistoryList":"0x381975f9","searchKitId":"","selectAll":false}|0x62500a12
01:32:50.0 (26044737)|SYSTEM_MODE_EXIT|false
01:32:50.0 (26112488)|CODE_UNIT_FINISHED|VisualQCControllerExtension invoke(clearScanList)
01:32:50.0 (26164122)|VF_APEX_CALL|j_id35|{!clearScanList}|PageReference: none
01:32:50.0 (37305053)|CODE_UNIT_STARTED|[EXTERNAL]|01p17000000F7aR|VisualQCControllerExtension get(kitFound)
01:32:50.0 (37324762)|SYSTEM_MODE_ENTER|true
01:32:50.0 (37351167)|CODE_UNIT_STARTED|[EXTERNAL]|01p17000000F7aR|kitFound
01:32:50.0 (37376651)|CODE_UNIT_FINISHED|kitFound
01:32:50.0 (37404705)|CODE_UNIT_FINISHED|VisualQCControllerExtension get(kitFound)
01:32:50.37 (37626376)|SYSTEM_MODE_ENTER|true
01:32:50.37 (37768237)|HEAP_ALLOCATE|[EXTERNAL]|Bytes:8
01:32:50.37 (37786754)|VARIABLE_SCOPE_BEGIN|[88]|this|ApexPage.PageMessagesComponentController|true|false
01:32:50.37 (37847954)|VARIABLE_ASSIGNMENT|[88]|this|{}|0x3aa37ef3
01:32:50.37 (37858108)|VARIABLE_SCOPE_BEGIN|[88]|escape|Boolean|false|false
01:32:50.37 (37871427)|VARIABLE_ASSIGNMENT|[88]|escape|null
01:32:50.59 (59988988)|CUMULATIVE_LIMIT_USAGE
01:32:50.59 (59988988)|LIMIT_USAGE_FOR_NS|(default)|
  Number of SOQL queries: 0 out of 100
  Number of query rows: 0 out of 50000
  Number of SOSL queries: 0 out of 20
  Number of DML statements: 0 out of 150
  Number of DML rows: 0 out of 10000
  Maximum CPU time: 0 out of 10000
  Maximum heap size: 0 out of 6000000
  Number of callouts: 0 out of 100
  Number of Email Invocations: 0 out of 10
  Number of future calls: 0 out of 50
  Number of queueable jobs added to the queue: 0 out of 50
  Number of Mobile Apex push calls: 0 out of 10

01:32:50.59 (59988988)|CUMULATIVE_LIMIT_USAGE_END

