34.0 APEX_CODE,FINEST;APEX_PROFILING,INFO;CALLOUT,INFO;DB,INFO;SYSTEM,DEBUG;VALIDATION,INFO;VISUALFORCE,INFO;WORKFLOW,INFO
01:36:00.0 (469108)|EXECUTION_STARTED
01:36:00.0 (507444)|CODE_UNIT_STARTED|[EXTERNAL]|066170000009I6f|VF: /apex/VisualQCProcess
01:36:00.0 (1271361)|VF_DESERIALIZE_VIEWSTATE_BEGIN|066170000009I6f
01:36:00.0 (11730247)|HEAP_ALLOCATE|[72]|Bytes:3
01:36:00.0 (11803389)|HEAP_ALLOCATE|[77]|Bytes:152
01:36:00.0 (11837085)|HEAP_ALLOCATE|[342]|Bytes:408
01:36:00.0 (11862527)|HEAP_ALLOCATE|[355]|Bytes:408
01:36:00.0 (11884687)|HEAP_ALLOCATE|[467]|Bytes:48
01:36:00.0 (11927931)|HEAP_ALLOCATE|[139]|Bytes:6
01:36:00.0 (11967966)|HEAP_ALLOCATE|[50]|Bytes:5
01:36:00.0 (11996206)|HEAP_ALLOCATE|[56]|Bytes:5
01:36:00.0 (12006795)|HEAP_ALLOCATE|[64]|Bytes:7
01:36:00.0 (16757404)|VF_DESERIALIZE_VIEWSTATE_END
01:36:00.0 (19934300)|CODE_UNIT_STARTED|[EXTERNAL]|01p17000000F7aR|VisualQCControllerExtension get(kitFound)
01:36:00.0 (19957083)|SYSTEM_MODE_ENTER|true
01:36:00.0 (20007420)|CODE_UNIT_STARTED|[EXTERNAL]|01p17000000F7aR|kitFound
01:36:00.0 (20048232)|HEAP_ALLOCATE|[EXTERNAL]|Bytes:11
01:36:00.0 (20071113)|HEAP_ALLOCATE|[EXTERNAL]|Bytes:440
01:36:00.0 (20080656)|HEAP_ALLOCATE|[EXTERNAL]|Bytes:85
01:36:00.0 (20087997)|HEAP_ALLOCATE|[EXTERNAL]|Bytes:22
01:36:00.0 (20121384)|METHOD_ENTRY|[12]|01p17000000F7aR|VisualQCControllerExtension.VisualQCControllerExtension()
01:36:00.0 (20131210)|STATEMENT_EXECUTE|[12]
01:36:00.0 (20145782)|STATEMENT_EXECUTE|[12]
01:36:00.0 (20164969)|SYSTEM_MODE_ENTER|false
01:36:00.0 (20194126)|HEAP_ALLOCATE|[EXTERNAL]|Bytes:5
01:36:00.0 (20204581)|STATEMENT_EXECUTE|[237]
01:36:00.0 (20214310)|SYSTEM_MODE_EXIT|false
01:36:00.0 (20239864)|METHOD_EXIT|[12]|VisualQCControllerExtension
01:36:00.0 (20260427)|CODE_UNIT_FINISHED|kitFound
01:36:00.0 (20292866)|CODE_UNIT_FINISHED|VisualQCControllerExtension get(kitFound)
01:36:00.20 (20754795)|SYSTEM_MODE_ENTER|true
01:36:00.20 (20875538)|HEAP_ALLOCATE|[EXTERNAL]|Bytes:38
01:36:00.20 (20888840)|HEAP_ALLOCATE|[EXTERNAL]|Bytes:7
01:36:00.20 (20908170)|SYSTEM_METHOD_ENTRY|[1]|PageMessagesComponentController.PageMessagesComponentController()
01:36:00.20 (20915744)|STATEMENT_EXECUTE|[1]
01:36:00.0 (28517637)|SYSTEM_MODE_ENTER|false
01:36:00.0 (28532597)|HEAP_ALLOCATE|[230]|Bytes:5
01:36:00.0 (28543605)|STATEMENT_EXECUTE|[229]
01:36:00.0 (28546234)|STATEMENT_EXECUTE|[230]
01:36:00.0 (28675245)|VARIABLE_ASSIGNMENT|[EXTERNAL]|this|{"changeReason":"Low Volume","contactFound":false,"currentValue":0,"cycleMaximum":0,"failReviewItems":"0x47d72f71","failureReason":"Low Volume","initialLoading":true,"kitFound":true,"managerAccess":true,"mode":"failReview","scanHistoryList":"0x5fb56e8f","searchKitId":"","selectAll":false}|0x5cd23002
01:36:00.0 (28773637)|SYSTEM_MODE_EXIT|false
01:36:00.0 (28821042)|CODE_UNIT_FINISHED|VisualQCControllerExtension invoke(clearScanList)
01:36:00.0 (28867502)|VF_APEX_CALL|j_id35|{!clearScanList}|PageReference: none
01:36:00.0 (51249703)|CODE_UNIT_STARTED|[EXTERNAL]|01p17000000F7aR|VisualQCControllerExtension get(kitFound)
01:36:00.0 (51274970)|SYSTEM_MODE_ENTER|true
01:36:00.0 (51295547)|CODE_UNIT_STARTED|[EXTERNAL]|01p17000000F7aR|kitFound
01:36:00.0 (51317644)|CODE_UNIT_FINISHED|kitFound
01:36:00.0 (51347428)|CODE_UNIT_FINISHED|VisualQCControllerExtension get(kitFound)
01:36:00.51 (51508711)|SYSTEM_MODE_ENTER|true
01:36:00.51 (51625920)|HEAP_ALLOCATE|[EXTERNAL]|Bytes:8
01:36:00.51 (51640180)|VARIABLE_SCOPE_BEGIN|[88]|this|ApexPage.PageMessagesComponentController|true|false
01:36:00.51 (51703062)|VARIABLE_ASSIGNMENT|[88]|this|{}|0x20a70bb7
01:36:00.51 (51708633)|VARIABLE_SCOPE_BEGIN|[88]|escape|Boolean|false|false
01:36:00.51 (51715384)|VARIABLE_ASSIGNMENT|[88]|escape|null
01:36:00.68 (68272031)|CUMULATIVE_LIMIT_USAGE
01:36:00.68 (68272031)|LIMIT_USAGE_FOR_NS|(default)|
  Number of SOQL queries: 0 out of 100
  Number of query rows: 0 out of 50000
  Number of SOSL queries: 0 out of 20
  Number of DML statements: 0 out of 150
  Number of DML rows: 0 out of 10000
  Maximum CPU time: 0 out of 10000
  Maximum heap size: 0 out of 6000000
  Number of callouts: 0 out of 100
  Number of Email Invocations: 0 out of 10
  Number of future calls: 0 out of 50
  Number of queueable jobs added to the queue: 0 out of 50
  Number of Mobile Apex push calls: 0 out of 10

01:36:00.68 (68272031)|CUMULATIVE_LIMIT_USAGE_END

