34.0 APEX_CODE,FINEST;APEX_PROFILING,INFO;CALLOUT,INFO;DB,INFO;SYSTEM,DEBUG;VALIDATION,INFO;VISUALFORCE,INFO;WORKFLOW,INFO
01:29:10.0 (571456)|EXECUTION_STARTED
01:29:10.0 (615713)|CODE_UNIT_STARTED|[EXTERNAL]|0661700000059nb|VF: /apex/VisualReview
01:29:10.0 (1600628)|VF_DESERIALIZE_VIEWSTATE_BEGIN|0661700000059nb
01:29:10.0 (18049504)|HEAP_ALLOCATE|[72]|Bytes:3
01:29:10.0 (18106628)|HEAP_ALLOCATE|[77]|Bytes:152
01:29:10.0 (18126765)|HEAP_ALLOCATE|[342]|Bytes:408
01:29:10.0 (18147897)|HEAP_ALLOCATE|[355]|Bytes:408
01:29:10.0 (18167685)|HEAP_ALLOCATE|[467]|Bytes:48
01:29:10.0 (18198806)|HEAP_ALLOCATE|[139]|Bytes:6
01:29:10.0 (18265489)|HEAP_ALLOCATE|[50]|Bytes:5
01:29:10.0 (18287729)|HEAP_ALLOCATE|[56]|Bytes:5
01:29:10.0 (18296621)|HEAP_ALLOCATE|[64]|Bytes:7
01:29:10.0 (22664887)|VF_DESERIALIZE_VIEWSTATE_END
01:29:10.0 (25933653)|CODE_UNIT_STARTED|[EXTERNAL]|01p17000000F7aR|VisualQCControllerExtension get(kitFound)
01:29:10.0 (25952204)|SYSTEM_MODE_ENTER|true
01:29:10.0 (25987666)|CODE_UNIT_STARTED|[EXTERNAL]|01p17000000F7aR|kitFound
01:29:10.0 (26005253)|HEAP_ALLOCATE|[EXTERNAL]|Bytes:11
01:29:10.0 (26016903)|HEAP_ALLOCATE|[EXTERNAL]|Bytes:440
01:29:10.0 (26020514)|HEAP_ALLOCATE|[EXTERNAL]|Bytes:85
01:29:10.0 (26023253)|HEAP_ALLOCATE|[EXTERNAL]|Bytes:22
01:29:10.0 (26038640)|METHOD_ENTRY|[12]|01p17000000F7aR|VisualQCControllerExtension.VisualQCControllerExtension()
01:29:10.0 (26043262)|STATEMENT_EXECUTE|[12]
01:29:10.0 (26049760)|STATEMENT_EXECUTE|[12]
01:29:10.0 (26062004)|SYSTEM_MODE_ENTER|false
01:29:10.0 (26078112)|HEAP_ALLOCATE|[EXTERNAL]|Bytes:5
01:29:10.0 (26082696)|STATEMENT_EXECUTE|[237]
01:29:10.0 (26087550)|SYSTEM_MODE_EXIT|false
01:29:10.0 (26096953)|METHOD_EXIT|[12]|VisualQCControllerExtension
01:29:10.0 (26111161)|CODE_UNIT_FINISHED|kitFound
01:29:10.0 (26130857)|CODE_UNIT_FINISHED|VisualQCControllerExtension get(kitFound)
01:29:10.26 (26420468)|SYSTEM_MODE_ENTER|true
01:29:10.26 (26494135)|HEAP_ALLOCATE|[EXTERNAL]|Bytes:38
01:29:10.26 (26500574)|HEAP_ALLOCATE|[EXTERNAL]|Bytes:7
01:29:10.26 (26510372)|SYSTEM_METHOD_ENTRY|[1]|PageMessagesComponentController.PageMessagesComponentController()
01:29:10.26 (26513567)|STATEMENT_EXECUTE|[1]
01:29:10.59 (59163303)|CUMULATIVE_LIMIT_USAGE
01:29:10.59 (59163303)|LIMIT_USAGE_FOR_NS|(default)|
  Number of SOQL queries: 0 out of 100
  Number of query rows: 0 out of 50000
  Number of SOSL queries: 0 out of 20
  Number of DML statements: 0 out of 150
  Number of DML rows: 0 out of 10000
  Maximum CPU time: 0 out of 10000
  Maximum heap size: 0 out of 6000000
  Number of callouts: 0 out of 100
  Number of Email Invocations: 0 out of 10
  Number of future calls: 0 out of 50
  Number of queueable jobs added to the queue: 0 out of 50
  Number of Mobile Apex push calls: 0 out of 10

01:29:10.59 (59163303)|CUMULATIVE_LIMIT_USAGE_END

(29577716)|CODE_UNIT_FINISHED|VisualQCControllerExtension invoke(clearScanList)
01:29:11.0 (29618426)|VF_APEX_CALL|j_id35|{!clearScanList}|PageReference: none
01:29:11.0 (39137747)|CODE_UNIT_STARTED|[EXTERNAL]|01p17000000F7aR|VisualQCControllerExtension get(kitFound)
01:29:11.0 (39162994)|SYSTEM_MODE_ENTER|true
01:29:11.0 (39183117)|CODE_UNIT_STARTED|[EXTERNAL]|01p17000000F7aR|kitFound
01:29:11.0 (39204545)|CODE_UNIT_FINISHED|kitFound
01:29:11.0 (39235585)|CODE_UNIT_FINISHED|VisualQCControllerExtension get(kitFound)
01:29:11.39 (39394744)|SYSTEM_MODE_ENTER|true
01:29:11.39 (39515288)|HEAP_ALLOCATE|[EXTERNAL]|Bytes:8
01:29:11.39 (39533440)|VARIABLE_SCOPE_BEGIN|[88]|this|ApexPage.PageMessagesComponentController|true|false
01:29:11.39 (39595705)|VARIABLE_ASSIGNMENT|[88]|this|{}|0x4e09b42d
01:29:11.39 (39602269)|VARIABLE_SCOPE_BEGIN|[88]|escape|Boolean|false|false
01:29:11.39 (39608608)|VARIABLE_ASSIGNMENT|[88]|escape|null
01:29:11.55 (55165021)|CUMULATIVE_LIMIT_USAGE
01:29:11.55 (55165021)|LIMIT_USAGE_FOR_NS|(default)|
  Number of SOQL queries: 0 out of 100
  Number of query rows: 0 out of 50000
  Number of SOSL queries: 0 out of 20
  Number of DML statements: 0 out of 150
  Number of DML rows: 0 out of 10000
  Maximum CPU time: 0 out of 10000
  Maximum heap size: 0 out of 6000000
  Number of callouts: 0 out of 100
  Number of Email Invocations: 0 out of 10
  Number of future calls: 0 out of 50
  Number of queueable jobs added to the queue: 0 out of 50
  Number of Mobile Apex push calls: 0 out of 10

01:29:11.55 (55165021)|CUMULATIVE_LIMIT_USAGE_END

