34.0 APEX_CODE,FINEST;APEX_PROFILING,INFO;CALLOUT,INFO;DB,INFO;SYSTEM,DEBUG;VALIDATION,INFO;VISUALFORCE,INFO;WORKFLOW,INFO
01:29:08.0 (90056)|EXECUTION_STARTED
01:29:08.0 (130730)|CODE_UNIT_STARTED|[EXTERNAL]|0661700000059nb|VF: /apex/VisualReview
01:29:08.0 (409303)|VF_DESERIALIZE_VIEWSTATE_BEGIN|0661700000059nb
01:29:08.0 (7998193)|HEAP_ALLOCATE|[72]|Bytes:3
01:29:08.0 (8056927)|HEAP_ALLOCATE|[77]|Bytes:152
01:29:08.0 (8081796)|HEAP_ALLOCATE|[342]|Bytes:408
01:29:08.0 (8108338)|HEAP_ALLOCATE|[355]|Bytes:408
01:29:08.0 (8131624)|HEAP_ALLOCATE|[467]|Bytes:48
01:29:08.0 (8171580)|HEAP_ALLOCATE|[139]|Bytes:6
01:29:08.0 (8247704)|HEAP_ALLOCATE|[50]|Bytes:5
01:29:08.0 (8273271)|HEAP_ALLOCATE|[56]|Bytes:5
01:29:08.0 (8286134)|HEAP_ALLOCATE|[64]|Bytes:7
01:29:08.0 (12717289)|VF_DESERIALIZE_VIEWSTATE_END
01:29:08.0 (15779506)|CODE_UNIT_STARTED|[EXTERNAL]|01p17000000F7aR|VisualQCControllerExtension get(kitFound)
01:29:08.0 (15801430)|SYSTEM_MODE_ENTER|true
01:29:08.0 (15847118)|CODE_UNIT_STARTED|[EXTERNAL]|01p17000000F7aR|kitFound
01:29:08.0 (15870440)|HEAP_ALLOCATE|[EXTERNAL]|Bytes:11
01:29:08.0 (15881087)|HEAP_ALLOCATE|[EXTERNAL]|Bytes:440
01:29:08.0 (15886796)|HEAP_ALLOCATE|[EXTERNAL]|Bytes:85
01:29:08.0 (15891805)|HEAP_ALLOCATE|[EXTERNAL]|Bytes:22
01:29:08.0 (15908751)|METHOD_ENTRY|[12]|01p17000000F7aR|VisualQCControllerExtension.VisualQCControllerExtension()
01:29:08.0 (15916054)|STATEMENT_EXECUTE|[12]
01:29:08.0 (15926255)|STATEMENT_EXECUTE|[12]
01:29:08.0 (15939880)|SYSTEM_MODE_ENTER|false
01:29:08.0 (15956551)|HEAP_ALLOCATE|[EXTERNAL]|Bytes:5
01:29:08.0 (15962975)|STATEMENT_EXECUTE|[237]
01:29:08.0 (15971754)|SYSTEM_MODE_EXIT|false
01:29:08.0 (15984376)|METHOD_EXIT|[12]|VisualQCControllerExtension
01:29:08.0 (16000892)|CODE_UNIT_FINISHED|kitFound
01:29:08.0 (16023714)|CODE_UNIT_FINISHED|VisualQCControllerExtension get(kitFound)
01:29:08.16 (16334609)|SYSTEM_MODE_ENTER|true
01:29:08.16 (16433158)|HEAP_ALLOCATE|[EXTERNAL]|Bytes:38
01:29:08.16 (16442606)|HEAP_ALLOCATE|[EXTERNAL]|Bytes:7
01:29:08.16 (16454617)|SYSTEM_METHOD_ENTRY|[1]|PageMessagesComponentController.PageMessagesComponentController()
01:29:08.16 (16460702)|STATEMENT_EXECUTE|[1]
01:29:08.47 (47830091)|CUMULATIVE_LIMIT_USAGE
01:29:08.47 (47830091)|LIMIT_USAGE_FOR_NS|(default)|
  Number of SOQL queries: 0 out of 100
  Number of query rows: 0 out of 50000
  Number of SOSL queries: 0 out of 20
  Number of DML statements: 0 out of 150
  Number of DML rows: 0 out of 10000
  Maximum CPU time: 0 out of 10000
  Maximum heap size: 0 out of 6000000
  Number of callouts: 0 out of 100
  Number of Email Invocations: 0 out of 10
  Number of future calls: 0 out of 50
  Number of queueable jobs added to the queue: 0 out of 50
  Number of Mobile Apex push calls: 0 out of 10

01:29:08.47 (47830091)|CUMULATIVE_LIMIT_USAGE_END

