34.0 APEX_CODE,FINEST;APEX_PROFILING,INFO;CALLOUT,INFO;DB,INFO;SYSTEM,DEBUG;VALIDATION,INFO;VISUALFORCE,INFO;WORKFLOW,INFO
01:33:51.0 (472309)|EXECUTION_STARTED
01:33:51.0 (519654)|CODE_UNIT_STARTED|[EXTERNAL]|066170000009I6f|VF: /apex/VisualQCProcess
01:33:51.0 (11661931)|CODE_UNIT_STARTED|[EXTERNAL]|01p17000000F7aR|VisualQCControllerExtension <init>
01:33:51.0 (11684469)|SYSTEM_MODE_ENTER|true
01:33:51.0 (12344503)|HEAP_ALLOCATE|[72]|Bytes:3
01:33:51.0 (12401865)|HEAP_ALLOCATE|[77]|Bytes:152
01:33:51.0 (12422661)|HEAP_ALLOCATE|[342]|Bytes:408
01:33:51.0 (12445573)|HEAP_ALLOCATE|[355]|Bytes:408
01:33:51.0 (12476346)|HEAP_ALLOCATE|[467]|Bytes:48
01:33:51.0 (12520626)|HEAP_ALLOCATE|[139]|Bytes:6
01:33:51.0 (12545698)|HEAP_ALLOCATE|[EXTERNAL]|Bytes:11
01:33:51.0 (12551607)|HEAP_ALLOCATE|[EXTERNAL]|Bytes:440
01:33:51.0 (12555072)|HEAP_ALLOCATE|[EXTERNAL]|Bytes:85
01:33:51.0 (12558657)|HEAP_ALLOCATE|[EXTERNAL]|Bytes:22
01:33:51.0 (12574503)|METHOD_ENTRY|[12]|01p17000000F7aR|VisualQCControllerExtension.VisualQCControllerExtension()
01:33:51.0 (12580628)|STATEMENT_EXECUTE|[12]
01:33:51.0 (12587853)|STATEMENT_EXECUTE|[12]
01:33:51.0 (12622389)|HEAP_ALLOCATE|[50]|Bytes:5
01:33:51.0 (12646713)|HEAP_ALLOCATE|[56]|Bytes:5
01:33:51.0 (12656561)|HEAP_ALLOCATE|[64]|Bytes:7
01:33:51.0 (12681131)|SYSTEM_MODE_ENTER|false
01:33:51.0 (12700951)|HEAP_ALLOCATE|[EXTERNAL]|Bytes:5
01:33:51.0 (12705816)|STATEMENT_EXECUTE|[237]
01:33:51.0 (12712525)|SYSTEM_MODE_EXIT|false
01:33:51.0 (12726725)|METHOD_EXIT|[12]|VisualQCControllerExtension
01:33:51.0 (12734550)|HEAP_ALLOCATE|[EXTERNAL]|Bytes:68
01:33:51.0 (12747521)|VARIABLE_SCOPE_BEGIN|[35]|this|VisualQCControllerExtension|true|false
01:33:51.0 (12822395)|VARIABLE_ASSIGNMENT|[35]|this|{}|0x52593fec
01:33:51.0 (12835083)|SYSTEM_MODE_ENTER|false
01:33:51.0 (12839785)|HEAP_ALLOCATE|[36]|Bytes:5
01:33:51.0 (12843677)|STATEMENT_EXECUTE|[12]
01:33:51.0 (12846360)|HEAP_ALLOCATE|[36]|Bytes:5
01:33:51.0 (12848716)|STATEMENT_EXECUTE|[14]
01:33:51.0 (12850301)|STATEMENT_EXECUTE|[15]
01:33:51.0 (12851307)|STATEMENT_EXECUTE|[16]
01:33:51.0 (12852301)|STATEMENT_EXECUTE|[17]
01:33:51.0 (12853345)|STATEMENT_EXECUTE|[18]
01:33:51.0 (12854381)|STATEMENT_EXECUTE|[19]
01:33:51.0 (12855437)|STATEMENT_EXECUTE|[20]
01:33:51.0 (12856545)|STATEMENT_EXECUTE|[22]
01:33:51.0 (12857796)|STATEMENT_EXECUTE|[23]
01:33:51.0 (12858871)|STATEMENT_EXECUTE|[24]
01:33:51.0 (12859834)|STATEMENT_EXECUTE|[25]
01:33:51.0 (12860796)|STATEMENT_EXECUTE|[26]
01:33:51.0 (12861834)|STATEMENT_EXECUTE|[28]
01:33:51.0 (12862806)|STATEMENT_EXECUTE|[29]
01:33:51.0 (12863861)|STATEMENT_EXECUTE|[31]
01:33:51.0 (12864992)|STATEMENT_EXECUTE|[32]
01:33:51.0 (12874359)|HEAP_ALLOCATE|[36]|Bytes:6
01:33:51.0 (12899737)|STATEMENT_EXECUTE|[35]
01:33:51.0 (12901603)|STATEMENT_EXECUTE|[36]
01:33:51.0 (13020301)|HEAP_ALLOCATE|[36]|Bytes:4
01:33:51.0 (13186744)|VARIABLE_ASSIGNMENT|[EXTERNAL]|this|{}|0x52593fec
01:33:51.0 (13221268)|HEAP_ALLOCATE|[EXTERNAL]|Bytes:4
01:33:51.0 (13247905)|VARIABLE_ASSIGNMENT|[EXTERNAL]|value|{"s":1,"v":[]}|0x51c519bf
01:33:51.0 (13267846)|VARIABLE_ASSIGNMENT|[31]|this.scanHistoryList|{"s":1,"v":[]}|0x52593fec
01:33:51.0 (13278308)|STATEMENT_EXECUTE|[37]
01:33:51.0 (13379137)|HEAP_ALLOCATE|[37]|Bytes:4
01:33:51.0 (13493721)|VARIABLE_ASSIGNMENT|[EXTERNAL]|this|{"scanHistoryList":"0x51c519bf"}|0x52593fec
01:33:51.0 (13502881)|HEAP_ALLOCATE|[EXTERNAL]|Bytes:4
01:33:51.0 (13517305)|VARIABLE_ASSIGNMENT|[EXTERNAL]|value|{"s":1,"v":[]}|0x704f82a4
01:33:51.0 (13532805)|VARIABLE_ASSIGNMENT|[32]|this.failReviewItems|{"s":1,"v":[]}|0x52593fec
01:33:51.0 (13542005)|STATEMENT_EXECUTE|[38]
01:33:51.0 (13619984)|VARIABLE_ASSIGNMENT|[EXTERNAL]|this|{"failReviewItems":"0x704f82a4","scanHistoryList":"0x51c519bf"}|0x52593fec
01:33:51.0 (13632183)|VARIABLE_ASSIGNMENT|[EXTERNAL]|value|true
01:33:51.0 (13637840)|HEAP_ALLOCATE|[22]|Bytes:5
01:33:51.0 (13647229)|VARIABLE_ASSIGNMENT|[22]|this.kitFound|true|0x52593fec
01:33:51.0 (13656134)|STATEMENT_EXECUTE|[39]
01:33:51.0 (13729422)|VARIABLE_ASSIGNMENT|[EXTERNAL]|this|{"failReviewItems":"0x704f82a4","kitFound":true,"scanHistoryList":"0x51c519bf"}|0x52593fec
01:33:51.0 (13740700)|VARIABLE_ASSIGNMENT|[EXTERNAL]|value|false
01:33:51.0 (13745938)|HEAP_ALLOCATE|[23]|Bytes:5
01:33:51.0 (13754959)|VARIABLE_ASSIGNMENT|[23]|this.contactFound|false|0x52593fec
01:33:51.0 (13763577)|STATEMENT_EXECUTE|[40]
01:33:51.0 (13835413)|VARIABLE_ASSIGNMENT|[EXTERNAL]|this|{"contactFound":false,"failReviewItems":"0x704f82a4","kitFound":true,"scanHistoryList":"0x51c519bf"}|0x52593fec
01:33:51.0 (13845825)|VARIABLE_ASSIGNMENT|[EXTERNAL]|value|true
01:33:51.0 (13850937)|HEAP_ALLOCATE|[24]|Bytes:5
01:33:51.0 (13860052)|VARIABLE_ASSIGNMENT|[24]|this.initialLoading|true|0x52593fec
01:33:51.0 (13868485)|STATEMENT_EXECUTE|[41]
01:33:51.0 (13941152)|VARIABLE_ASSIGNMENT|[EXTERNAL]|this|{"contactFound":false,"failReviewItems":"0x704f82a4","initialLoading":true,"kitFound":true,"scanHistoryList":"0x51c519bf"}|0x52593fec
01:33:51.0 (13951948)|VARIABLE_ASSIGNMENT|[EXTERNAL]|value|false
01:33:51.0 (13957212)|HEAP_ALLOCATE|[25]|Bytes:5
01:33:51.0 (13965975)|VARIABLE_ASSIGNMENT|[25]|this.selectAll|false|0x52593fec
01:33:51.0 (13974528)|STATEMENT_EXECUTE|[42]
01:33:51.0 (14046626)|VARIABLE_ASSIGNMENT|[EXTERNAL]|this|{"contactFound":false,"failReviewItems":"0x704f82a4","initialLoading":true,"kitFound":true,"scanHistoryList":"0x51c519bf","selectAll":false}|0x52593fec
01:33:51.0 (14058617)|VARIABLE_ASSIGNMENT|[EXTERNAL]|value|false
01:33:51.0 (14063887)|HEAP_ALLOCATE|[26]|Bytes:5
01:33:51.0 (14072755)|VARIABLE_ASSIGNMENT|[26]|this.managerAccess|false|0x52593fec
01:33:51.0 (14081198)|STATEMENT_EXECUTE|[43]
01:33:51.0 (14085037)|HEAP_ALLOCATE|[43]|Bytes:4
01:33:51.0 (14159880)|VARIABLE_ASSIGNMENT|[EXTERNAL]|this|{"contactFound":false,"failReviewItems":"0x704f82a4","initialLoading":true,"kitFound":true,"managerAccess":false,"scanHistoryList":"0x51c519bf","selectAll":false}|0x52593fec
01:33:51.0 (14169862)|VARIABLE_ASSIGNMENT|[EXTERNAL]|value|"pass"
01:33:51.0 (14179538)|VARIABLE_ASSIGNMENT|[15]|this.mode|"pass"|0x52593fec
01:33:51.0 (14187970)|STATEMENT_EXECUTE|[44]
01:33:51.0 (14191307)|HEAP_ALLOCATE|[44]|Bytes:10
01:33:51.0 (14265356)|VARIABLE_ASSIGNMENT|[EXTERNAL]|this|{"contactFound":false,"failReviewItems":"0x704f82a4","initialLoading":true,"kitFound":true,"managerAccess":false,"mode":"pass","scanHistoryList":"0x51c519bf","selectAll":false}|0x52593fec
01:33:51.0 (14275322)|VARIABLE_ASSIGNMENT|[EXTERNAL]|value|"Low Volume"
01:33:51.0 (14285196)|VARIABLE_ASSIGNMENT|[16]|this.failureReason|"Low Volume"|0x52593fec
01:33:51.0 (14293425)|STATEMENT_EXECUTE|[45]
01:33:51.0 (14370302)|VARIABLE_ASSIGNMENT|[EXTERNAL]|this|{"contactFound":false,"failReviewItems":"0x704f82a4","failureReason":"Low Volume","initialLoading":true,"kitFound":true,"managerAccess":false,"mode":"pass","scanHistoryList":"0x51c519bf","selectAll":false}|0x52593fec
01:33:51.0 (14380857)|VARIABLE_ASSIGNMENT|[EXTERNAL]|value|"Low Volume"
01:33:51.0 (14391113)|VARIABLE_ASSIGNMENT|[17]|this.changeReason|"Low Volume"|0x52593fec
01:33:51.0 (14399576)|STATEMENT_EXECUTE|[46]
01:33:51.0 (14475560)|VARIABLE_ASSIGNMENT|[EXTERNAL]|this|{"changeReason":"Low Volume","contactFound":false,"failReviewItems":"0x704f82a4","failureReason":"Low Volume","initialLoading":true,"kitFound":true,"managerAccess":false,"mode":"pass","scanHistoryList":"0x51c519bf","selectAll":false}|0x52593fec
01:33:51.0 (14487224)|VARIABLE_ASSIGNMENT|[EXTERNAL]|value|0
01:33:51.0 (14492425)|HEAP_ALLOCATE|[29]|Bytes:4
01:33:51.0 (14501060)|VARIABLE_ASSIGNMENT|[29]|this.currentValue|0|0x52593fec
01:33:51.0 (14509388)|STATEMENT_EXECUTE|[47]
01:33:51.0 (14583865)|VARIABLE_ASSIGNMENT|[EXTERNAL]|this|{"changeReason":"Low Volume","contactFound":false,"currentValue":0,"failReviewItems":"0x704f82a4","failureReason":"Low Volume","initialLoading":true,"kitFound":true,"managerAccess":false,"mode":"pass","scanHistoryList":"0x51c519bf","selectAll":false}|0x52593fec
01:33:51.0 (14594716)|VARIABLE_ASSIGNMENT|[EXTERNAL]|value|0
01:33:51.0 (14599426)|HEAP_ALLOCATE|[28]|Bytes:4
01:33:51.0 (14607786)|VARIABLE_ASSIGNMENT|[28]|this.cycleMaximum|0|0x52593fec
01:33:51.0 (14615913)|STATEMENT_EXECUTE|[48]
01:33:51.0 (14632190)|METHOD_ENTRY|[48]|01p17000000F7aR|VisualQCControllerExtension.accessManagerView()
01:33:51.0 (14661385)|VARIABLE_SCOPE_BEGIN|[204]|this|VisualQCControllerExtension|true|false
01:33:51.0 (14699225)|VARIABLE_ASSIGNMENT|[204]|this|{"changeReason":"Low Volume","contactFound":false,"currentValue":0,"cycleMaximum":0,"failReviewItems":"0x704f82a4","failureReason":"Low Volume","initialLoading":true,"kitFound":true,"managerAccess":false,"mode":"pass","scanHistoryList":"0x51c519bf","selectAll":false}|0x52593fec
01:33:51.0 (14713639)|HEAP_ALLOCATE|[206]|Bytes:5
01:33:51.0 (14717962)|STATEMENT_EXECUTE|[204]
01:33:51.0 (14719906)|STATEMENT_EXECUTE|[206]
01:33:51.0 (16251436)|HEAP_ALLOCATE|[206]|Bytes:40
01:33:51.0 (16267832)|VARIABLE_SCOPE_BEGIN|[206]|pid|Set_Profile_ID__c|true|false
01:33:51.0 (16382247)|VARIABLE_ASSIGNMENT|[206]|pid|{"s":1,"v":{"Id":"a00170000036O2FAAU","IsDeleted":false,"Name":"a00170000036O2F","SetupOwnerId":"00D17000000BEKmEAO","CreatedDate":"2016-03-29T11:17:21.000Z","CreatedById":"00517000001OQ2zAAG","LastModifiedDate":"2016-04-01T07:07:38.000Z","LastModifiedById":"00517000001OQ2zAAG","SystemModstamp":"2016-04-01T07:07:38.000Z"}}|0x14a95fe7
01:33:51.0 (16389475)|STATEMENT_EXECUTE|[207]
01:33:51.0 (16397694)|VARIABLE_SCOPE_BEGIN|[207]|setProfileID|String|false|false
01:33:51.0 (16404350)|VARIABLE_ASSIGNMENT|[207]|setProfileID|null
01:33:51.0 (16407289)|STATEMENT_EXECUTE|[208]
01:33:51.0 (16460282)|HEAP_ALLOCATE|[208]|Bytes:85
01:33:51.0 (16479434)|SYSTEM_METHOD_ENTRY|[1]|UserInfo.UserInfo()
01:33:51.0 (16483917)|STATEMENT_EXECUTE|[1]
01:33:51.0 (16496074)|SYSTEM_METHOD_EXIT|[1]|UserInfo
01:33:51.0 (16508670)|METHOD_ENTRY|[208]||System.UserInfo.getProfileId()
01:33:51.0 (16571999)|METHOD_EXIT|[208]||System.UserInfo.getProfileId()
01:33:51.0 (16579244)|VARIABLE_SCOPE_BEGIN|[208]|currentProfileID|String|false|false
01:33:51.0 (16588403)|VARIABLE_ASSIGNMENT|[208]|currentProfileID|"00e36000000oZf1AAE"
01:33:51.0 (16591943)|STATEMENT_EXECUTE|[210]
01:33:51.0 (16594781)|HEAP_ALLOCATE|[210]|Bytes:17
01:33:51.0 (16617081)|HEAP_ALLOCATE|[210]|Bytes:21
01:33:51.0 (16667305)|USER_DEBUG|[210]|DEBUG|Custom settings: null
01:33:51.0 (16676063)|STATEMENT_EXECUTE|[211]
01:33:51.0 (16679479)|HEAP_ALLOCATE|[211]|Bytes:20
01:33:51.0 (16686586)|HEAP_ALLOCATE|[211]|Bytes:38
01:33:51.0 (16712693)|USER_DEBUG|[211]|DEBUG|Current profile ID: 00e36000000oZf1AAE
01:33:51.0 (16725535)|STATEMENT_EXECUTE|[213]
01:33:51.0 (16727195)|STATEMENT_EXECUTE|[214]
01:33:51.0 (16730091)|HEAP_ALLOCATE|[214]|Bytes:18
01:33:51.0 (16740054)|VARIABLE_ASSIGNMENT|[214]|setProfileID|"00e36000000oZf1AAE"
01:33:51.0 (16743278)|STATEMENT_EXECUTE|[215]
01:33:51.0 (16806243)|VARIABLE_ASSIGNMENT|[EXTERNAL]|this|{"changeReason":"Low Volume","contactFound":false,"currentValue":0,"cycleMaximum":0,"failReviewItems":"0x704f82a4","failureReason":"Low Volume","initialLoading":true,"kitFound":true,"managerAccess":false,"mode":"pass","scanHistoryList":"0x51c519bf","selectAll":false}|0x52593fec
01:33:51.0 (16817205)|VARIABLE_ASSIGNMENT|[EXTERNAL]|value|true
01:33:51.0 (16822105)|HEAP_ALLOCATE|[26]|Bytes:5
01:33:51.0 (16831603)|VARIABLE_ASSIGNMENT|[26]|this.managerAccess|true|0x52593fec
01:33:51.0 (16845734)|METHOD_EXIT|[48]|01p17000000F7aR|VisualQCControllerExtension.accessManagerView()
01:33:51.0 (16850176)|STATEMENT_EXECUTE|[49]
01:33:51.0 (16853408)|HEAP_ALLOCATE|[49]|Bytes:24
01:33:51.0 (16921031)|VARIABLE_ASSIGNMENT|[EXTERNAL]|this|{"changeReason":"Low Volume","contactFound":false,"currentValue":0,"cycleMaximum":0,"failReviewItems":"0x704f82a4","failureReason":"Low Volume","initialLoading":true,"kitFound":true,"managerAccess":true,"mode":"pass","scanHistoryList":"0x51c519bf","selectAll":false}|0x52593fec
01:33:51.0 (16956399)|HEAP_ALLOCATE|[49]|Bytes:5
01:33:51.0 (16969212)|HEAP_ALLOCATE|[49]|Bytes:29
01:33:51.0 (16982252)|USER_DEBUG|[49]|DEBUG|Checking contact value: false
01:33:51.0 (16989445)|STATEMENT_EXECUTE|[50]
01:33:51.0 (16992465)|HEAP_ALLOCATE|[50]|Bytes:21
01:33:51.0 (17059849)|VARIABLE_ASSIGNMENT|[EXTERNAL]|this|{"changeReason":"Low Volume","contactFound":false,"currentValue":0,"cycleMaximum":0,"failReviewItems":"0x704f82a4","failureReason":"Low Volume","initialLoading":true,"kitFound":true,"managerAccess":true,"mode":"pass","scanHistoryList":"0x51c519bf","selectAll":false}|0x52593fec
01:33:51.0 (17077589)|HEAP_ALLOCATE|[50]|Bytes:25
01:33:51.0 (17090946)|USER_DEBUG|[50]|DEBUG|Checking mode value: pass
01:33:51.0 (17101044)|SYSTEM_MODE_EXIT|false
01:33:51.0 (17119736)|CODE_UNIT_FINISHED|VisualQCControllerExtension <init>
01:33:51.0 (23366428)|CODE_UNIT_STARTED|[EXTERNAL]|01p17000000F7aR|VisualQCControllerExtension get(kitFound)
01:33:51.0 (23383591)|SYSTEM_MODE_ENTER|true
01:33:51.0 (23403155)|CODE_UNIT_STARTED|[EXTERNAL]|01p17000000F7aR|kitFound
01:33:51.0 (23417147)|CODE_UNIT_FINISHED|kitFound
01:33:51.0 (23434861)|CODE_UNIT_FINISHED|VisualQCControllerExtension get(kitFound)
01:33:51.23 (23770356)|SYSTEM_MODE_ENTER|true
01:33:51.23 (23829393)|HEAP_ALLOCATE|[EXTERNAL]|Bytes:38
01:33:51.23 (23836235)|HEAP_ALLOCATE|[EXTERNAL]|Bytes:7
01:33:51.23 (23851879)|SYSTEM_METHOD_ENTRY|[1]|PageMessagesComponentController.PageMessagesComponentController()
01:33:51.23 (23856687)|STATEMENT_EXECUTE|[1]
01:33:51.39 (39317585)|CUMULATIVE_LIMIT_USAGE
01:33:51.39 (39317585)|LIMIT_USAGE_FOR_NS|(default)|
  Number of SOQL queries: 0 out of 100
  Number of query rows: 0 out of 50000
  Number of SOSL queries: 0 out of 20
  Number of DML statements: 0 out of 150
  Number of DML rows: 0 out of 10000
  Maximum CPU time: 0 out of 10000
  Maximum heap size: 0 out of 6000000
  Number of callouts: 0 out of 100
  Number of Email Invocations: 0 out of 10
  Number of future calls: 0 out of 50
  Number of queueable jobs added to the queue: 0 out of 50
  Number of Mobile Apex push calls: 0 out of 10

01:33:51.39 (39317585)|CUMULATIVE_LIMIT_USAGE_END

