34.0 APEX_CODE,FINEST;APEX_PROFILING,INFO;CALLOUT,INFO;DB,INFO;SYSTEM,DEBUG;VALIDATION,INFO;VISUALFORCE,INFO;WORKFLOW,INFO
01:28:11.0 (635721)|EXECUTION_STARTED
01:28:11.0 (681751)|CODE_UNIT_STARTED|[EXTERNAL]|0661700000059nb|VF: /apex/VisualReview
01:28:11.0 (14228288)|CODE_UNIT_STARTED|[EXTERNAL]|01p17000000F7aR|VisualQCControllerExtension <init>
01:28:11.0 (14255052)|SYSTEM_MODE_ENTER|true
01:28:11.0 (14990779)|HEAP_ALLOCATE|[72]|Bytes:3
01:28:11.0 (15050427)|HEAP_ALLOCATE|[77]|Bytes:152
01:28:11.0 (15074063)|HEAP_ALLOCATE|[342]|Bytes:408
01:28:11.0 (15094223)|HEAP_ALLOCATE|[355]|Bytes:408
01:28:11.0 (15113165)|HEAP_ALLOCATE|[467]|Bytes:48
01:28:11.0 (15167307)|HEAP_ALLOCATE|[139]|Bytes:6
01:28:11.0 (15197382)|HEAP_ALLOCATE|[EXTERNAL]|Bytes:11
01:28:11.0 (15205811)|HEAP_ALLOCATE|[EXTERNAL]|Bytes:440
01:28:11.0 (15210919)|HEAP_ALLOCATE|[EXTERNAL]|Bytes:85
01:28:11.0 (15215683)|HEAP_ALLOCATE|[EXTERNAL]|Bytes:22
01:28:11.0 (15229400)|METHOD_ENTRY|[12]|01p17000000F7aR|VisualQCControllerExtension.VisualQCControllerExtension()
01:28:11.0 (15235480)|STATEMENT_EXECUTE|[12]
01:28:11.0 (15245924)|STATEMENT_EXECUTE|[12]
01:28:11.0 (15283159)|HEAP_ALLOCATE|[50]|Bytes:5
01:28:11.0 (15310281)|HEAP_ALLOCATE|[56]|Bytes:5
01:28:11.0 (15322055)|HEAP_ALLOCATE|[64]|Bytes:7
01:28:11.0 (15350753)|SYSTEM_MODE_ENTER|false
01:28:11.0 (15373338)|HEAP_ALLOCATE|[EXTERNAL]|Bytes:5
01:28:11.0 (15380012)|STATEMENT_EXECUTE|[237]
01:28:11.0 (15389510)|SYSTEM_MODE_EXIT|false
01:28:11.0 (15403736)|METHOD_EXIT|[12]|VisualQCControllerExtension
01:28:11.0 (15411408)|HEAP_ALLOCATE|[EXTERNAL]|Bytes:68
01:28:11.0 (15423496)|VARIABLE_SCOPE_BEGIN|[35]|this|VisualQCControllerExtension|true|false
01:28:11.0 (15526320)|VARIABLE_ASSIGNMENT|[35]|this|{}|0xb546a85
01:28:11.0 (15543123)|SYSTEM_MODE_ENTER|false
01:28:11.0 (15550245)|HEAP_ALLOCATE|[36]|Bytes:5
01:28:11.0 (15556056)|STATEMENT_EXECUTE|[12]
01:28:11.0 (15560651)|HEAP_ALLOCATE|[36]|Bytes:5
01:28:11.0 (15564341)|STATEMENT_EXECUTE|[14]
01:28:11.0 (15567265)|STATEMENT_EXECUTE|[15]
01:28:11.0 (15569676)|STATEMENT_EXECUTE|[16]
01:28:11.0 (15572159)|STATEMENT_EXECUTE|[17]
01:28:11.0 (15574574)|STATEMENT_EXECUTE|[18]
01:28:11.0 (15577017)|STATEMENT_EXECUTE|[19]
01:28:11.0 (15579357)|STATEMENT_EXECUTE|[20]
01:28:11.0 (15581752)|STATEMENT_EXECUTE|[22]
01:28:11.0 (15584088)|STATEMENT_EXECUTE|[23]
01:28:11.0 (15586585)|STATEMENT_EXECUTE|[24]
01:28:11.0 (15589088)|STATEMENT_EXECUTE|[25]
01:28:11.0 (15591495)|STATEMENT_EXECUTE|[26]
01:28:11.0 (15593769)|STATEMENT_EXECUTE|[28]
01:28:11.0 (15596152)|STATEMENT_EXECUTE|[29]
01:28:11.0 (15598514)|STATEMENT_EXECUTE|[31]
01:28:11.0 (15601235)|STATEMENT_EXECUTE|[32]
01:28:11.0 (15611930)|HEAP_ALLOCATE|[36]|Bytes:6
01:28:11.0 (15639167)|STATEMENT_EXECUTE|[35]
01:28:11.0 (15644060)|STATEMENT_EXECUTE|[36]
01:28:11.0 (15826577)|HEAP_ALLOCATE|[36]|Bytes:4
01:28:11.0 (16002153)|VARIABLE_ASSIGNMENT|[EXTERNAL]|this|{}|0xb546a85
01:28:11.0 (16043967)|HEAP_ALLOCATE|[EXTERNAL]|Bytes:4
01:28:11.0 (16072942)|VARIABLE_ASSIGNMENT|[EXTERNAL]|value|{"s":1,"v":[]}|0x23079145
01:28:11.0 (16098654)|VARIABLE_ASSIGNMENT|[31]|this.scanHistoryList|{"s":1,"v":[]}|0xb546a85
01:28:11.0 (16110567)|STATEMENT_EXECUTE|[37]
01:28:11.0 (16222139)|HEAP_ALLOCATE|[37]|Bytes:4
01:28:11.0 (16348106)|VARIABLE_ASSIGNMENT|[EXTERNAL]|this|{"scanHistoryList":"0x23079145"}|0xb546a85
01:28:11.0 (16361831)|HEAP_ALLOCATE|[EXTERNAL]|Bytes:4
01:28:11.0 (16376701)|VARIABLE_ASSIGNMENT|[EXTERNAL]|value|{"s":1,"v":[]}|0x50bdb1f0
01:28:11.0 (16397607)|VARIABLE_ASSIGNMENT|[32]|this.failReviewItems|{"s":1,"v":[]}|0xb546a85
01:28:11.0 (16408374)|STATEMENT_EXECUTE|[38]
01:28:11.0 (16501149)|VARIABLE_ASSIGNMENT|[EXTERNAL]|this|{"failReviewItems":"0x50bdb1f0","scanHistoryList":"0x23079145"}|0xb546a85
01:28:11.0 (16516303)|VARIABLE_ASSIGNMENT|[EXTERNAL]|value|true
01:28:11.0 (16523663)|HEAP_ALLOCATE|[22]|Bytes:5
01:28:11.0 (16537524)|VARIABLE_ASSIGNMENT|[22]|this.kitFound|true|0xb546a85
01:28:11.0 (16547298)|STATEMENT_EXECUTE|[39]
01:28:11.0 (16631287)|VARIABLE_ASSIGNMENT|[EXTERNAL]|this|{"failReviewItems":"0x50bdb1f0","kitFound":true,"scanHistoryList":"0x23079145"}|0xb546a85
01:28:11.0 (16644705)|VARIABLE_ASSIGNMENT|[EXTERNAL]|value|false
01:28:11.0 (16651540)|HEAP_ALLOCATE|[23]|Bytes:5
01:28:11.0 (16664665)|VARIABLE_ASSIGNMENT|[23]|this.contactFound|false|0xb546a85
01:28:11.0 (16674510)|STATEMENT_EXECUTE|[40]
01:28:11.0 (16756919)|VARIABLE_ASSIGNMENT|[EXTERNAL]|this|{"contactFound":false,"failReviewItems":"0x50bdb1f0","kitFound":true,"scanHistoryList":"0x23079145"}|0xb546a85
01:28:11.0 (16769971)|VARIABLE_ASSIGNMENT|[EXTERNAL]|value|true
01:28:11.0 (16777208)|HEAP_ALLOCATE|[24]|Bytes:5
01:28:11.0 (16790996)|VARIABLE_ASSIGNMENT|[24]|this.initialLoading|true|0xb546a85
01:28:11.0 (16800747)|STATEMENT_EXECUTE|[41]
01:28:11.0 (16882814)|VARIABLE_ASSIGNMENT|[EXTERNAL]|this|{"contactFound":false,"failReviewItems":"0x50bdb1f0","initialLoading":true,"kitFound":true,"scanHistoryList":"0x23079145"}|0xb546a85
01:28:11.0 (16896083)|VARIABLE_ASSIGNMENT|[EXTERNAL]|value|false
01:28:11.0 (16902937)|HEAP_ALLOCATE|[25]|Bytes:5
01:28:11.0 (16916325)|VARIABLE_ASSIGNMENT|[25]|this.selectAll|false|0xb546a85
01:28:11.0 (16925871)|STATEMENT_EXECUTE|[42]
01:28:11.0 (17008623)|VARIABLE_ASSIGNMENT|[EXTERNAL]|this|{"contactFound":false,"failReviewItems":"0x50bdb1f0","initialLoading":true,"kitFound":true,"scanHistoryList":"0x23079145","selectAll":false}|0xb546a85
01:28:11.0 (17022751)|VARIABLE_ASSIGNMENT|[EXTERNAL]|value|false
01:28:11.0 (17029599)|HEAP_ALLOCATE|[26]|Bytes:5
01:28:11.0 (17043046)|VARIABLE_ASSIGNMENT|[26]|this.managerAccess|false|0xb546a85
01:28:11.0 (17052565)|STATEMENT_EXECUTE|[43]
01:28:11.0 (17058339)|HEAP_ALLOCATE|[43]|Bytes:4
01:28:11.0 (17142316)|VARIABLE_ASSIGNMENT|[EXTERNAL]|this|{"contactFound":false,"failReviewItems":"0x50bdb1f0","initialLoading":true,"kitFound":true,"managerAccess":false,"scanHistoryList":"0x23079145","selectAll":false}|0xb546a85
01:28:11.0 (17154541)|VARIABLE_ASSIGNMENT|[EXTERNAL]|value|"pass"
01:28:11.0 (17169044)|VARIABLE_ASSIGNMENT|[15]|this.mode|"pass"|0xb546a85
01:28:11.0 (17178543)|STATEMENT_EXECUTE|[44]
01:28:11.0 (17184086)|HEAP_ALLOCATE|[44]|Bytes:10
01:28:11.0 (17267571)|VARIABLE_ASSIGNMENT|[EXTERNAL]|this|{"contactFound":false,"failReviewItems":"0x50bdb1f0","initialLoading":true,"kitFound":true,"managerAccess":false,"mode":"pass","scanHistoryList":"0x23079145","selectAll":false}|0xb546a85
01:28:11.0 (17280342)|VARIABLE_ASSIGNMENT|[EXTERNAL]|value|"Low Volume"
01:28:11.0 (17294688)|VARIABLE_ASSIGNMENT|[16]|this.failureReason|"Low Volume"|0xb546a85
01:28:11.0 (17304294)|STATEMENT_EXECUTE|[45]
01:28:11.0 (17387689)|VARIABLE_ASSIGNMENT|[EXTERNAL]|this|{"contactFound":false,"failReviewItems":"0x50bdb1f0","failureReason":"Low Volume","initialLoading":true,"kitFound":true,"managerAccess":false,"mode":"pass","scanHistoryList":"0x23079145","selectAll":false}|0xb546a85
01:28:11.0 (17400061)|VARIABLE_ASSIGNMENT|[EXTERNAL]|value|"Low Volume"
01:28:11.0 (17439053)|VARIABLE_ASSIGNMENT|[17]|this.changeReason|"Low Volume"|0xb546a85
01:28:11.0 (17450745)|STATEMENT_EXECUTE|[46]
01:28:11.0 (17552017)|VARIABLE_ASSIGNMENT|[EXTERNAL]|this|{"changeReason":"Low Volume","contactFound":false,"failReviewItems":"0x50bdb1f0","failureReason":"Low Volume","initialLoading":true,"kitFound":true,"managerAccess":false,"mode":"pass","scanHistoryList":"0x23079145","selectAll":false}|0xb546a85
01:28:11.0 (17567734)|VARIABLE_ASSIGNMENT|[EXTERNAL]|value|0
01:28:11.0 (17574506)|HEAP_ALLOCATE|[29]|Bytes:4
01:28:11.0 (17587021)|VARIABLE_ASSIGNMENT|[29]|this.currentValue|0|0xb546a85
01:28:11.0 (17596536)|STATEMENT_EXECUTE|[47]
01:28:11.0 (17681859)|VARIABLE_ASSIGNMENT|[EXTERNAL]|this|{"changeReason":"Low Volume","contactFound":false,"currentValue":0,"failReviewItems":"0x50bdb1f0","failureReason":"Low Volume","initialLoading":true,"kitFound":true,"managerAccess":false,"mode":"pass","scanHistoryList":"0x23079145","selectAll":false}|0xb546a85
01:28:11.0 (17695740)|VARIABLE_ASSIGNMENT|[EXTERNAL]|value|0
01:28:11.0 (17701782)|HEAP_ALLOCATE|[28]|Bytes:4
01:28:11.0 (17714453)|VARIABLE_ASSIGNMENT|[28]|this.cycleMaximum|0|0xb546a85
01:28:11.0 (17723493)|STATEMENT_EXECUTE|[48]
01:28:11.0 (17743943)|METHOD_ENTRY|[48]|01p17000000F7aR|VisualQCControllerExtension.accessManagerView()
01:28:11.0 (17775938)|VARIABLE_SCOPE_BEGIN|[204]|this|VisualQCControllerExtension|true|false
01:28:11.0 (17820310)|VARIABLE_ASSIGNMENT|[204]|this|{"changeReason":"Low Volume","contactFound":false,"currentValue":0,"cycleMaximum":0,"failReviewItems":"0x50bdb1f0","failureReason":"Low Volume","initialLoading":true,"kitFound":true,"managerAccess":false,"mode":"pass","scanHistoryList":"0x23079145","selectAll":false}|0xb546a85
01:28:11.0 (17837306)|HEAP_ALLOCATE|[206]|Bytes:5
01:28:11.0 (17843743)|STATEMENT_EXECUTE|[204]
01:28:11.0 (17846902)|STATEMENT_EXECUTE|[206]
01:28:11.0 (19478323)|HEAP_ALLOCATE|[206]|Bytes:40
01:28:11.0 (19504129)|VARIABLE_SCOPE_BEGIN|[206]|pid|Set_Profile_ID__c|true|false
01:28:11.0 (19596354)|VARIABLE_ASSIGNMENT|[206]|pid|{"s":1,"v":{"Id":"a00170000036O2FAAU","IsDeleted":false,"Name":"a00170000036O2F","SetupOwnerId":"00D17000000BEKmEAO","CreatedDate":"2016-03-29T11:17:21.000Z","CreatedById":"00517000001OQ2zAAG","LastModifiedDate":"2016-04-01T07:07:38.000Z","LastModifiedById":"00517000001OQ2zAAG","SystemModstamp":"2016-04-01T07:07:38.000Z"}}|0x1d16e6c8
01:28:11.0 (19605325)|STATEMENT_EXECUTE|[207]
01:28:11.0 (19616077)|VARIABLE_SCOPE_BEGIN|[207]|setProfileID|String|false|false
01:28:11.0 (19624079)|VARIABLE_ASSIGNMENT|[207]|setProfileID|null
01:28:11.0 (19627940)|STATEMENT_EXECUTE|[208]
01:28:11.0 (19703118)|HEAP_ALLOCATE|[208]|Bytes:85
01:28:11.0 (19721973)|SYSTEM_METHOD_ENTRY|[1]|UserInfo.UserInfo()
01:28:11.0 (19727273)|STATEMENT_EXECUTE|[1]
01:28:11.0 (19740333)|SYSTEM_METHOD_EXIT|[1]|UserInfo
01:28:11.0 (19754211)|METHOD_ENTRY|[208]||System.UserInfo.getProfileId()
01:28:11.0 (19819999)|METHOD_EXIT|[208]||System.UserInfo.getProfileId()
01:28:11.0 (19829098)|VARIABLE_SCOPE_BEGIN|[208]|currentProfileID|String|false|false
01:28:11.0 (19839609)|VARIABLE_ASSIGNMENT|[208]|currentProfileID|"00e36000000oZf1AAE"
01:28:11.0 (19844332)|STATEMENT_EXECUTE|[210]
01:28:11.0 (19848871)|HEAP_ALLOCATE|[210]|Bytes:17
01:28:11.0 (19871672)|HEAP_ALLOCATE|[210]|Bytes:21
01:28:11.0 (19929004)|USER_DEBUG|[210]|DEBUG|Custom settings: null
01:28:11.0 (19940358)|STATEMENT_EXECUTE|[211]
01:28:11.0 (19945616)|HEAP_ALLOCATE|[211]|Bytes:20
01:28:11.0 (19954059)|HEAP_ALLOCATE|[211]|Bytes:38
01:28:11.0 (19984164)|USER_DEBUG|[211]|DEBUG|Current profile ID: 00e36000000oZf1AAE
01:28:11.0 (19998921)|STATEMENT_EXECUTE|[213]
01:28:11.0 (20002687)|STATEMENT_EXECUTE|[214]
01:28:11.0 (20007772)|HEAP_ALLOCATE|[214]|Bytes:18
01:28:11.0 (20017529)|VARIABLE_ASSIGNMENT|[214]|setProfileID|"00e36000000oZf1AAE"
01:28:11.0 (20021797)|STATEMENT_EXECUTE|[215]
01:28:11.0 (20091585)|VARIABLE_ASSIGNMENT|[EXTERNAL]|this|{"changeReason":"Low Volume","contactFound":false,"currentValue":0,"cycleMaximum":0,"failReviewItems":"0x50bdb1f0","failureReason":"Low Volume","initialLoading":true,"kitFound":true,"managerAccess":false,"mode":"pass","scanHistoryList":"0x23079145","selectAll":false}|0xb546a85
01:28:11.0 (20104608)|VARIABLE_ASSIGNMENT|[EXTERNAL]|value|true
01:28:11.0 (20110881)|HEAP_ALLOCATE|[26]|Bytes:5
01:28:11.0 (20124840)|VARIABLE_ASSIGNMENT|[26]|this.managerAccess|true|0xb546a85
01:28:11.0 (20141119)|METHOD_EXIT|[48]|01p17000000F7aR|VisualQCControllerExtension.accessManagerView()
01:28:11.0 (20146300)|STATEMENT_EXECUTE|[49]
01:28:11.0 (20151132)|HEAP_ALLOCATE|[49]|Bytes:24
01:28:11.0 (20227183)|VARIABLE_ASSIGNMENT|[EXTERNAL]|this|{"changeReason":"Low Volume","contactFound":false,"currentValue":0,"cycleMaximum":0,"failReviewItems":"0x50bdb1f0","failureReason":"Low Volume","initialLoading":true,"kitFound":true,"managerAccess":true,"mode":"pass","scanHistoryList":"0x23079145","selectAll":false}|0xb546a85
01:28:11.0 (20267278)|HEAP_ALLOCATE|[49]|Bytes:5
01:28:11.0 (20282766)|HEAP_ALLOCATE|[49]|Bytes:29
01:28:11.0 (20298768)|USER_DEBUG|[49]|DEBUG|Checking contact value: false
01:28:11.0 (20307002)|STATEMENT_EXECUTE|[50]
01:28:11.0 (20312119)|HEAP_ALLOCATE|[50]|Bytes:21
01:28:11.0 (20387731)|VARIABLE_ASSIGNMENT|[EXTERNAL]|this|{"changeReason":"Low Volume","contactFound":false,"currentValue":0,"cycleMaximum":0,"failReviewItems":"0x50bdb1f0","failureReason":"Low Volume","initialLoading":true,"kitFound":true,"managerAccess":true,"mode":"pass","scanHistoryList":"0x23079145","selectAll":false}|0xb546a85
01:28:11.0 (20407258)|HEAP_ALLOCATE|[50]|Bytes:25
01:28:11.0 (20423221)|USER_DEBUG|[50]|DEBUG|Checking mode value: pass
01:28:11.0 (20454294)|SYSTEM_MODE_EXIT|false
01:28:11.0 (20479259)|CODE_UNIT_FINISHED|VisualQCControllerExtension <init>
01:28:11.0 (26331041)|CODE_UNIT_STARTED|[EXTERNAL]|01p17000000F7aR|VisualQCControllerExtension get(kitFound)
01:28:11.0 (26348424)|SYSTEM_MODE_ENTER|true
01:28:11.0 (26370586)|CODE_UNIT_STARTED|[EXTERNAL]|01p17000000F7aR|kitFound
01:28:11.0 (26386086)|CODE_UNIT_FINISHED|kitFound
01:28:11.0 (26404085)|CODE_UNIT_FINISHED|VisualQCControllerExtension get(kitFound)
01:28:11.26 (26835797)|SYSTEM_MODE_ENTER|true
01:28:11.26 (26892267)|HEAP_ALLOCATE|[EXTERNAL]|Bytes:38
01:28:11.26 (26902053)|HEAP_ALLOCATE|[EXTERNAL]|Bytes:7
01:28:11.26 (26916273)|SYSTEM_METHOD_ENTRY|[1]|PageMessagesComponentController.PageMessagesComponentController()
01:28:11.26 (26922042)|STATEMENT_EXECUTE|[1]
01:28:11.50 (50391480)|CUMULATIVE_LIMIT_USAGE
01:28:11.50 (50391480)|LIMIT_USAGE_FOR_NS|(default)|
  Number of SOQL queries: 0 out of 100
  Number of query rows: 0 out of 50000
  Number of SOSL queries: 0 out of 20
  Number of DML statements: 0 out of 150
  Number of DML rows: 0 out of 10000
  Maximum CPU time: 0 out of 10000
  Maximum heap size: 0 out of 6000000
  Number of callouts: 0 out of 100
  Number of Email Invocations: 0 out of 10
  Number of future calls: 0 out of 50
  Number of queueable jobs added to the queue: 0 out of 50
  Number of Mobile Apex push calls: 0 out of 10

01:28:11.50 (50391480)|CUMULATIVE_LIMIT_USAGE_END

