36.0 APEX_CODE,FINEST;APEX_PROFILING,INFO;CALLOUT,INFO;DB,INFO;SYSTEM,DEBUG;VALIDATION,INFO;VISUALFORCE,INFO;WORKFLOW,INFO
05:04:30.0 (102229)|EXECUTION_STARTED
05:04:30.0 (149943)|CODE_UNIT_STARTED|[EXTERNAL]|01p36000005H3V7|expansesController.saveExpense
05:04:30.0 (583180)|HEAP_ALLOCATE|[72]|Bytes:3
05:04:30.0 (676883)|HEAP_ALLOCATE|[77]|Bytes:152
05:04:30.0 (731191)|HEAP_ALLOCATE|[342]|Bytes:408
05:04:30.0 (798181)|HEAP_ALLOCATE|[355]|Bytes:408
05:04:30.0 (889448)|HEAP_ALLOCATE|[467]|Bytes:48
05:04:30.0 (965379)|HEAP_ALLOCATE|[139]|Bytes:6
05:04:30.0 (1013892)|HEAP_ALLOCATE|[EXTERNAL]|Bytes:4
05:04:30.0 (1043303)|METHOD_ENTRY|[1]|01p36000005H3V7|expansesController.expansesController()
05:04:30.0 (1051039)|STATEMENT_EXECUTE|[1]
05:04:30.0 (1063195)|STATEMENT_EXECUTE|[1]
05:04:30.0 (1113248)|HEAP_ALLOCATE|[50]|Bytes:5
05:04:30.0 (1164832)|HEAP_ALLOCATE|[56]|Bytes:5
05:04:30.0 (1192053)|HEAP_ALLOCATE|[64]|Bytes:7
05:04:30.0 (1238540)|SYSTEM_MODE_ENTER|false
05:04:30.0 (1276327)|HEAP_ALLOCATE|[EXTERNAL]|Bytes:5
05:04:30.0 (1294661)|SYSTEM_MODE_EXIT|false
05:04:30.0 (1315579)|METHOD_EXIT|[1]|expansesController
05:04:30.0 (1335376)|HEAP_ALLOCATE|[EXTERNAL]|Bytes:24
05:04:30.0 (1365560)|SYSTEM_MODE_ENTER|false
05:04:30.0 (1397838)|VARIABLE_SCOPE_BEGIN|[10]|expense|Expense__c|true|false
05:04:30.0 (1460452)|VARIABLE_ASSIGNMENT|[10]|expense|{"Amount__c":20.00,"Reimbursed__c":false,"Client__c":"","Name":""}|0x2e41be9c
05:04:30.0 (1489909)|HEAP_ALLOCATE|[13]|Bytes:5
05:04:30.0 (1499325)|STATEMENT_EXECUTE|[10]
05:04:30.0 (1502914)|STATEMENT_EXECUTE|[13]
05:04:30.0 (1587805)|HEAP_ALLOCATE|[13]|Bytes:8
05:04:30.0 (1637682)|DML_BEGIN|[13]|Op:Upsert|Type:Expense__c|Rows:1
05:04:30.0 (1696217)|HEAP_ALLOCATE|[EXTERNAL]|Bytes:8
05:04:30.0 (39679498)|DML_END|[13]
05:04:30.0 (39758786)|STATEMENT_EXECUTE|[14]
05:04:30.0 (39778482)|SYSTEM_MODE_EXIT|false
05:04:30.42 (42964920)|CUMULATIVE_LIMIT_USAGE
05:04:30.42 (42964920)|LIMIT_USAGE_FOR_NS|(default)|
  Number of SOQL queries: 0 out of 100
  Number of query rows: 0 out of 50000
  Number of SOSL queries: 0 out of 20
  Number of DML statements: 1 out of 150
  Number of DML rows: 1 out of 10000
  Maximum CPU time: 0 out of 10000
  Maximum heap size: 0 out of 6000000
  Number of callouts: 0 out of 100
  Number of Email Invocations: 0 out of 10
  Number of future calls: 0 out of 50
  Number of queueable jobs added to the queue: 0 out of 50
  Number of Mobile Apex push calls: 0 out of 10

05:04:30.42 (42964920)|CUMULATIVE_LIMIT_USAGE_END

05:04:30.0 (43028589)|CODE_UNIT_FINISHED|expansesController.saveExpense
05:04:30.0 (44084409)|EXECUTION_FINISHED
