36.0 APEX_CODE,FINEST;APEX_PROFILING,INFO;CALLOUT,INFO;DB,INFO;SYSTEM,DEBUG;VALIDATION,INFO;VISUALFORCE,INFO;WORKFLOW,INFO
09:30:20.0 (359936)|EXECUTION_STARTED
09:30:20.0 (397933)|CODE_UNIT_STARTED|[EXTERNAL]|01p36000004ZxaQ|AccountController.findAll
09:30:20.0 (810134)|HEAP_ALLOCATE|[72]|Bytes:3
09:30:20.0 (887737)|HEAP_ALLOCATE|[77]|Bytes:152
09:30:20.0 (912061)|HEAP_ALLOCATE|[342]|Bytes:408
09:30:20.0 (937012)|HEAP_ALLOCATE|[355]|Bytes:408
09:30:20.0 (960213)|HEAP_ALLOCATE|[467]|Bytes:48
09:30:20.0 (1005356)|HEAP_ALLOCATE|[139]|Bytes:6
09:30:20.0 (1038745)|HEAP_ALLOCATE|[EXTERNAL]|Bytes:1
09:30:20.0 (1057920)|METHOD_ENTRY|[1]|01p36000004ZxaQ|AccountController.AccountController()
09:30:20.0 (1063702)|STATEMENT_EXECUTE|[1]
09:30:20.0 (1071518)|STATEMENT_EXECUTE|[1]
09:30:20.0 (1111987)|HEAP_ALLOCATE|[50]|Bytes:5
09:30:20.0 (1143756)|HEAP_ALLOCATE|[56]|Bytes:5
09:30:20.0 (1156993)|HEAP_ALLOCATE|[64]|Bytes:7
09:30:20.0 (1187543)|SYSTEM_MODE_ENTER|false
09:30:20.0 (1212030)|HEAP_ALLOCATE|[EXTERNAL]|Bytes:5
09:30:20.0 (1221105)|SYSTEM_MODE_EXIT|false
09:30:20.0 (1233780)|METHOD_EXIT|[1]|AccountController
09:30:20.0 (1242745)|SYSTEM_MODE_ENTER|false
09:30:20.0 (1257996)|HEAP_ALLOCATE|[5]|Bytes:5
09:30:20.0 (1261945)|STATEMENT_EXECUTE|[4]
09:30:20.0 (1263622)|STATEMENT_EXECUTE|[5]
09:30:20.0 (1267471)|HEAP_ALLOCATE|[5]|Bytes:157
09:30:20.0 (1281023)|HEAP_ALLOCATE|[5]|Bytes:4
09:30:20.0 (3040496)|SOQL_EXECUTE_BEGIN|[5]|Aggregations:0|SELECT id, name, Location__Latitude__s, Location__Longitude__s FROM Account WHERE (Location__Latitude__s != NULL AND Location__Longitude__s != NULL) LIMIT 50
09:30:20.0 (7744150)|SOQL_EXECUTE_END|[5]|Rows:3
09:30:20.0 (7771871)|HEAP_ALLOCATE|[5]|Bytes:16
09:30:20.0 (7798170)|HEAP_ALLOCATE|[5]|Bytes:520
09:30:20.0 (7831439)|HEAP_ALLOCATE|[5]|Bytes:16
09:30:20.0 (7850253)|SYSTEM_MODE_EXIT|false
09:30:20.7 (7894213)|CUMULATIVE_LIMIT_USAGE
09:30:20.7 (7894213)|LIMIT_USAGE_FOR_NS|(default)|
  Number of SOQL queries: 1 out of 100
  Number of query rows: 3 out of 50000
  Number of SOSL queries: 0 out of 20
  Number of DML statements: 0 out of 150
  Number of DML rows: 0 out of 10000
  Maximum CPU time: 0 out of 10000
  Maximum heap size: 0 out of 6000000
  Number of callouts: 0 out of 100
  Number of Email Invocations: 0 out of 10
  Number of future calls: 0 out of 50
  Number of queueable jobs added to the queue: 0 out of 50
  Number of Mobile Apex push calls: 0 out of 10

09:30:20.7 (7894213)|CUMULATIVE_LIMIT_USAGE_END

09:30:20.0 (7948436)|CODE_UNIT_FINISHED|AccountController.findAll
09:30:20.0 (9908039)|EXECUTION_FINISHED
