36.0 APEX_CODE,FINEST;APEX_PROFILING,INFO;CALLOUT,INFO;DB,INFO;SYSTEM,DEBUG;VALIDATION,INFO;VISUALFORCE,INFO;WORKFLOW,INFO
14:20:22.0 (430834)|EXECUTION_STARTED
14:20:22.0 (478256)|CODE_UNIT_STARTED|[EXTERNAL]|01p36000006RnKY|InventoryController.getInventories
14:20:22.0 (961403)|HEAP_ALLOCATE|[72]|Bytes:3
14:20:22.0 (1047701)|HEAP_ALLOCATE|[77]|Bytes:152
14:20:22.0 (1084972)|HEAP_ALLOCATE|[342]|Bytes:408
14:20:22.0 (1115477)|HEAP_ALLOCATE|[355]|Bytes:408
14:20:22.0 (1144710)|HEAP_ALLOCATE|[467]|Bytes:48
14:20:22.0 (1208201)|HEAP_ALLOCATE|[139]|Bytes:6
14:20:22.0 (1253826)|HEAP_ALLOCATE|[EXTERNAL]|Bytes:4
14:20:22.0 (1283720)|METHOD_ENTRY|[1]|01p36000006RnKY|InventoryController.InventoryController()
14:20:22.0 (1296135)|STATEMENT_EXECUTE|[1]
14:20:22.0 (1309958)|STATEMENT_EXECUTE|[1]
14:20:22.0 (1359631)|HEAP_ALLOCATE|[50]|Bytes:5
14:20:22.0 (1404881)|HEAP_ALLOCATE|[56]|Bytes:5
14:20:22.0 (1428629)|HEAP_ALLOCATE|[64]|Bytes:7
14:20:22.0 (1471142)|SYSTEM_MODE_ENTER|false
14:20:22.0 (1499962)|HEAP_ALLOCATE|[EXTERNAL]|Bytes:5
14:20:22.0 (1518407)|SYSTEM_MODE_EXIT|false
14:20:22.0 (1540167)|METHOD_EXIT|[1]|InventoryController
14:20:22.0 (1559629)|SYSTEM_MODE_ENTER|false
14:20:22.0 (1584633)|HEAP_ALLOCATE|[13]|Bytes:5
14:20:22.0 (1598002)|STATEMENT_EXECUTE|[12]
14:20:22.0 (1604753)|STATEMENT_EXECUTE|[13]
14:20:22.0 (1613250)|HEAP_ALLOCATE|[13]|Bytes:132
14:20:22.0 (1634047)|HEAP_ALLOCATE|[13]|Bytes:4
14:20:22.0 (3716739)|SOQL_EXECUTE_BEGIN|[13]|Aggregations:0|SELECT id, name, Inventory_Number__c, Customer__c, Contact_Person__c, Value__c, LastModifiedDate FROM Computer_Inventory__c LIMIT 50
14:20:22.0 (6822555)|SOQL_EXECUTE_END|[13]|Rows:6
14:20:22.0 (6855940)|HEAP_ALLOCATE|[13]|Bytes:28
14:20:22.0 (6901619)|HEAP_ALLOCATE|[13]|Bytes:1470
14:20:22.0 (6950059)|HEAP_ALLOCATE|[13]|Bytes:28
14:20:22.0 (6980096)|SYSTEM_MODE_EXIT|false
14:20:22.7 (7031956)|CUMULATIVE_LIMIT_USAGE
14:20:22.7 (7031956)|LIMIT_USAGE_FOR_NS|(default)|
  Number of SOQL queries: 1 out of 100
  Number of query rows: 6 out of 50000
  Number of SOSL queries: 0 out of 20
  Number of DML statements: 0 out of 150
  Number of DML rows: 0 out of 10000
  Maximum CPU time: 0 out of 10000
  Maximum heap size: 0 out of 6000000
  Number of callouts: 0 out of 100
  Number of Email Invocations: 0 out of 10
  Number of future calls: 0 out of 50
  Number of queueable jobs added to the queue: 0 out of 50
  Number of Mobile Apex push calls: 0 out of 10

14:20:22.7 (7031956)|CUMULATIVE_LIMIT_USAGE_END

14:20:22.0 (7088074)|CODE_UNIT_FINISHED|InventoryController.getInventories
14:20:22.0 (8732202)|EXECUTION_FINISHED
14:20:22.11 (11422258)|EXECUTION_STARTED
14:20:22.11 (11437438)|CODE_UNIT_STARTED|[EXTERNAL]|01p36000006RnKY|InventoryController.getInventories
14:20:22.11 (11489753)|SYSTEM_MODE_ENTER|false
14:20:22.11 (11511300)|HEAP_ALLOCATE|[13]|Bytes:5
14:20:22.11 (11525189)|STATEMENT_EXECUTE|[12]
14:20:22.11 (11532081)|STATEMENT_EXECUTE|[13]
14:20:22.11 (11542706)|HEAP_ALLOCATE|[13]|Bytes:4
14:20:22.11 (11797432)|SOQL_EXECUTE_BEGIN|[13]|Aggregations:0|SELECT id, name, Inventory_Number__c, Customer__c, Contact_Person__c, Value__c, LastModifiedDate FROM Computer_Inventory__c LIMIT 50
14:20:22.11 (14402747)|SOQL_EXECUTE_END|[13]|Rows:6
14:20:22.11 (14427778)|HEAP_ALLOCATE|[13]|Bytes:28
14:20:22.11 (14462234)|HEAP_ALLOCATE|[13]|Bytes:1470
14:20:22.11 (14485735)|HEAP_ALLOCATE|[13]|Bytes:28
14:20:22.11 (14511595)|SYSTEM_MODE_EXIT|false
14:20:22.14 (14542180)|CUMULATIVE_LIMIT_USAGE
14:20:22.14 (14542180)|LIMIT_USAGE_FOR_NS|(default)|
  Number of SOQL queries: 2 out of 100
  Number of query rows: 12 out of 50000
  Number of SOSL queries: 0 out of 20
  Number of DML statements: 0 out of 150
  Number of DML rows: 0 out of 10000
  Maximum CPU time: 0 out of 10000
  Maximum heap size: 0 out of 6000000
  Number of callouts: 0 out of 100
  Number of Email Invocations: 0 out of 10
  Number of future calls: 0 out of 50
  Number of queueable jobs added to the queue: 0 out of 50
  Number of Mobile Apex push calls: 0 out of 10

14:20:22.14 (14542180)|CUMULATIVE_LIMIT_USAGE_END

14:20:22.11 (14586381)|CODE_UNIT_FINISHED|InventoryController.getInventories
14:20:22.11 (16077933)|EXECUTION_FINISHED
