36.0 APEX_CODE,FINEST;APEX_PROFILING,INFO;CALLOUT,INFO;DB,INFO;SYSTEM,DEBUG;VALIDATION,INFO;VISUALFORCE,INFO;WORKFLOW,INFO
14:24:17.0 (435249)|EXECUTION_STARTED
14:24:17.0 (480302)|CODE_UNIT_STARTED|[EXTERNAL]|01p36000006RnKY|InventoryController.getInventories
14:24:17.0 (674714)|HEAP_ALLOCATE|[72]|Bytes:3
14:24:17.0 (738872)|HEAP_ALLOCATE|[77]|Bytes:152
14:24:17.0 (762325)|HEAP_ALLOCATE|[342]|Bytes:408
14:24:17.0 (784653)|HEAP_ALLOCATE|[355]|Bytes:408
14:24:17.0 (805672)|HEAP_ALLOCATE|[467]|Bytes:48
14:24:17.0 (843471)|HEAP_ALLOCATE|[139]|Bytes:6
14:24:17.0 (926290)|HEAP_ALLOCATE|[EXTERNAL]|Bytes:4
14:24:17.0 (947853)|METHOD_ENTRY|[1]|01p36000006RnKY|InventoryController.InventoryController()
14:24:17.0 (953990)|STATEMENT_EXECUTE|[1]
14:24:17.0 (962457)|STATEMENT_EXECUTE|[1]
14:24:17.0 (1002713)|HEAP_ALLOCATE|[50]|Bytes:5
14:24:17.0 (1032148)|HEAP_ALLOCATE|[56]|Bytes:5
14:24:17.0 (1042920)|HEAP_ALLOCATE|[64]|Bytes:7
14:24:17.0 (1070631)|SYSTEM_MODE_ENTER|false
14:24:17.0 (1093794)|HEAP_ALLOCATE|[EXTERNAL]|Bytes:5
14:24:17.0 (1102677)|SYSTEM_MODE_EXIT|false
14:24:17.0 (1116761)|METHOD_EXIT|[1]|InventoryController
14:24:17.0 (1125435)|SYSTEM_MODE_ENTER|false
14:24:17.0 (1139603)|HEAP_ALLOCATE|[13]|Bytes:5
14:24:17.0 (1143240)|STATEMENT_EXECUTE|[12]
14:24:17.0 (1144877)|STATEMENT_EXECUTE|[13]
14:24:17.0 (1148085)|HEAP_ALLOCATE|[13]|Bytes:132
14:24:17.0 (1159412)|HEAP_ALLOCATE|[13]|Bytes:4
14:24:17.0 (1653463)|SOQL_EXECUTE_BEGIN|[13]|Aggregations:0|SELECT id, name, Inventory_Number__c, Customer__c, Contact_Person__c, Value__c, LastModifiedDate FROM Computer_Inventory__c LIMIT 50
14:24:17.0 (4386983)|SOQL_EXECUTE_END|[13]|Rows:6
14:24:17.0 (4412436)|HEAP_ALLOCATE|[13]|Bytes:28
14:24:17.0 (4449038)|HEAP_ALLOCATE|[13]|Bytes:1470
14:24:17.0 (4554733)|HEAP_ALLOCATE|[13]|Bytes:28
14:24:17.0 (4575624)|SYSTEM_MODE_EXIT|false
14:24:17.4 (4622883)|CUMULATIVE_LIMIT_USAGE
14:24:17.4 (4622883)|LIMIT_USAGE_FOR_NS|(default)|
  Number of SOQL queries: 1 out of 100
  Number of query rows: 6 out of 50000
  Number of SOSL queries: 0 out of 20
  Number of DML statements: 0 out of 150
  Number of DML rows: 0 out of 10000
  Maximum CPU time: 0 out of 10000
  Maximum heap size: 0 out of 6000000
  Number of callouts: 0 out of 100
  Number of Email Invocations: 0 out of 10
  Number of future calls: 0 out of 50
  Number of queueable jobs added to the queue: 0 out of 50
  Number of Mobile Apex push calls: 0 out of 10

14:24:17.4 (4622883)|CUMULATIVE_LIMIT_USAGE_END

14:24:17.0 (4678173)|CODE_UNIT_FINISHED|InventoryController.getInventories
14:24:17.0 (6281427)|EXECUTION_FINISHED
14:24:17.8 (8606925)|EXECUTION_STARTED
14:24:17.8 (8616134)|CODE_UNIT_STARTED|[EXTERNAL]|01p36000006RnKY|InventoryController.getInventories
14:24:17.8 (8660214)|SYSTEM_MODE_ENTER|false
14:24:17.8 (8674974)|HEAP_ALLOCATE|[13]|Bytes:5
14:24:17.8 (8679708)|STATEMENT_EXECUTE|[12]
14:24:17.8 (8681394)|STATEMENT_EXECUTE|[13]
14:24:17.8 (8685754)|HEAP_ALLOCATE|[13]|Bytes:4
14:24:17.8 (8873440)|SOQL_EXECUTE_BEGIN|[13]|Aggregations:0|SELECT id, name, Inventory_Number__c, Customer__c, Contact_Person__c, Value__c, LastModifiedDate FROM Computer_Inventory__c LIMIT 50
14:24:17.8 (11432020)|SOQL_EXECUTE_END|[13]|Rows:6
14:24:17.8 (11450709)|HEAP_ALLOCATE|[13]|Bytes:28
14:24:17.8 (11477954)|HEAP_ALLOCATE|[13]|Bytes:1470
14:24:17.8 (11493109)|HEAP_ALLOCATE|[13]|Bytes:28
14:24:17.8 (11509256)|SYSTEM_MODE_EXIT|false
14:24:17.11 (11534838)|CUMULATIVE_LIMIT_USAGE
14:24:17.11 (11534838)|LIMIT_USAGE_FOR_NS|(default)|
  Number of SOQL queries: 2 out of 100
  Number of query rows: 12 out of 50000
  Number of SOSL queries: 0 out of 20
  Number of DML statements: 0 out of 150
  Number of DML rows: 0 out of 10000
  Maximum CPU time: 0 out of 10000
  Maximum heap size: 0 out of 6000000
  Number of callouts: 0 out of 100
  Number of Email Invocations: 0 out of 10
  Number of future calls: 0 out of 50
  Number of queueable jobs added to the queue: 0 out of 50
  Number of Mobile Apex push calls: 0 out of 10

14:24:17.11 (11534838)|CUMULATIVE_LIMIT_USAGE_END

14:24:17.8 (11578894)|CODE_UNIT_FINISHED|InventoryController.getInventories
14:24:17.8 (13087024)|EXECUTION_FINISHED
