36.0 APEX_CODE,FINEST;APEX_PROFILING,INFO;CALLOUT,INFO;DB,INFO;SYSTEM,DEBUG;VALIDATION,INFO;VISUALFORCE,INFO;WORKFLOW,INFO
09:04:38.0 (462265)|EXECUTION_STARTED
09:04:38.0 (491380)|CODE_UNIT_STARTED|[EXTERNAL]|01p36000004ZxaQ|AccountController.findAll
09:04:38.0 (877611)|HEAP_ALLOCATE|[72]|Bytes:3
09:04:38.0 (937924)|HEAP_ALLOCATE|[77]|Bytes:152
09:04:38.0 (956298)|HEAP_ALLOCATE|[342]|Bytes:408
09:04:38.0 (973279)|HEAP_ALLOCATE|[355]|Bytes:408
09:04:38.0 (992132)|HEAP_ALLOCATE|[467]|Bytes:48
09:04:38.0 (1023508)|HEAP_ALLOCATE|[139]|Bytes:6
09:04:38.0 (1047250)|HEAP_ALLOCATE|[EXTERNAL]|Bytes:1
09:04:38.0 (1063603)|METHOD_ENTRY|[1]|01p36000004ZxaQ|AccountController.AccountController()
09:04:38.0 (1068533)|STATEMENT_EXECUTE|[1]
09:04:38.0 (1074246)|STATEMENT_EXECUTE|[1]
09:04:38.0 (1111402)|HEAP_ALLOCATE|[50]|Bytes:5
09:04:38.0 (1137447)|HEAP_ALLOCATE|[56]|Bytes:5
09:04:38.0 (1145975)|HEAP_ALLOCATE|[64]|Bytes:7
09:04:38.0 (1168943)|SYSTEM_MODE_ENTER|false
09:04:38.0 (1186773)|HEAP_ALLOCATE|[EXTERNAL]|Bytes:5
09:04:38.0 (1193954)|SYSTEM_MODE_EXIT|false
09:04:38.0 (1204963)|METHOD_EXIT|[1]|AccountController
09:04:38.0 (1211849)|SYSTEM_MODE_ENTER|false
09:04:38.0 (1225386)|HEAP_ALLOCATE|[5]|Bytes:5
09:04:38.0 (1228766)|STATEMENT_EXECUTE|[4]
09:04:38.0 (1230224)|STATEMENT_EXECUTE|[5]
09:04:38.0 (1233275)|HEAP_ALLOCATE|[5]|Bytes:157
09:04:38.0 (1243522)|HEAP_ALLOCATE|[5]|Bytes:4
09:04:38.0 (2743988)|SOQL_EXECUTE_BEGIN|[5]|Aggregations:0|SELECT id, name, Location__Latitude__s, Location__Longitude__s FROM Account WHERE (Location__Latitude__s != NULL AND Location__Longitude__s != NULL) LIMIT 50
09:04:38.0 (6336461)|SOQL_EXECUTE_END|[5]|Rows:3
09:04:38.0 (6354357)|HEAP_ALLOCATE|[5]|Bytes:16
09:04:38.0 (6378148)|HEAP_ALLOCATE|[5]|Bytes:520
09:04:38.0 (6413468)|HEAP_ALLOCATE|[5]|Bytes:16
09:04:38.0 (6429917)|SYSTEM_MODE_EXIT|false
09:04:38.6 (6471406)|CUMULATIVE_LIMIT_USAGE
09:04:38.6 (6471406)|LIMIT_USAGE_FOR_NS|(default)|
  Number of SOQL queries: 1 out of 100
  Number of query rows: 3 out of 50000
  Number of SOSL queries: 0 out of 20
  Number of DML statements: 0 out of 150
  Number of DML rows: 0 out of 10000
  Maximum CPU time: 0 out of 10000
  Maximum heap size: 0 out of 6000000
  Number of callouts: 0 out of 100
  Number of Email Invocations: 0 out of 10
  Number of future calls: 0 out of 50
  Number of queueable jobs added to the queue: 0 out of 50
  Number of Mobile Apex push calls: 0 out of 10

09:04:38.6 (6471406)|CUMULATIVE_LIMIT_USAGE_END

09:04:38.0 (6510017)|CODE_UNIT_FINISHED|AccountController.findAll
09:04:38.0 (8155351)|EXECUTION_FINISHED
