36.0 APEX_CODE,FINEST;APEX_PROFILING,INFO;CALLOUT,INFO;DB,INFO;SYSTEM,DEBUG;VALIDATION,INFO;VISUALFORCE,INFO;WORKFLOW,INFO
14:21:56.0 (444454)|EXECUTION_STARTED
14:21:56.0 (486953)|CODE_UNIT_STARTED|[EXTERNAL]|01p36000006RnKY|InventoryController.getInventories
14:21:56.0 (677106)|HEAP_ALLOCATE|[72]|Bytes:3
14:21:56.0 (741159)|HEAP_ALLOCATE|[77]|Bytes:152
14:21:56.0 (761948)|HEAP_ALLOCATE|[342]|Bytes:408
14:21:56.0 (782392)|HEAP_ALLOCATE|[355]|Bytes:408
14:21:56.0 (801706)|HEAP_ALLOCATE|[467]|Bytes:48
14:21:56.0 (837412)|HEAP_ALLOCATE|[139]|Bytes:6
14:21:56.0 (954603)|HEAP_ALLOCATE|[EXTERNAL]|Bytes:4
14:21:56.0 (967455)|METHOD_ENTRY|[1]|01p36000006RnKY|InventoryController.InventoryController()
14:21:56.0 (971689)|STATEMENT_EXECUTE|[1]
14:21:56.0 (977206)|STATEMENT_EXECUTE|[1]
14:21:56.0 (1010801)|HEAP_ALLOCATE|[50]|Bytes:5
14:21:56.0 (1040656)|HEAP_ALLOCATE|[56]|Bytes:5
14:21:56.0 (1050063)|HEAP_ALLOCATE|[64]|Bytes:7
14:21:56.0 (1077689)|SYSTEM_MODE_ENTER|false
14:21:56.0 (1096726)|HEAP_ALLOCATE|[EXTERNAL]|Bytes:5
14:21:56.0 (1105447)|SYSTEM_MODE_EXIT|false
14:21:56.0 (1114746)|METHOD_EXIT|[1]|InventoryController
14:21:56.0 (1123047)|SYSTEM_MODE_ENTER|false
14:21:56.0 (1137053)|HEAP_ALLOCATE|[13]|Bytes:5
14:21:56.0 (1140959)|STATEMENT_EXECUTE|[12]
14:21:56.0 (1142475)|STATEMENT_EXECUTE|[13]
14:21:56.0 (1145767)|HEAP_ALLOCATE|[13]|Bytes:132
14:21:56.0 (1157657)|HEAP_ALLOCATE|[13]|Bytes:4
14:21:56.0 (3283838)|SOQL_EXECUTE_BEGIN|[13]|Aggregations:0|SELECT id, name, Inventory_Number__c, Customer__c, Contact_Person__c, Value__c, LastModifiedDate FROM Computer_Inventory__c LIMIT 50
14:21:56.0 (5985317)|SOQL_EXECUTE_END|[13]|Rows:6
14:21:56.0 (6005383)|HEAP_ALLOCATE|[13]|Bytes:28
14:21:56.0 (6039634)|HEAP_ALLOCATE|[13]|Bytes:1470
14:21:56.0 (6179097)|HEAP_ALLOCATE|[13]|Bytes:28
14:21:56.0 (6201048)|SYSTEM_MODE_EXIT|false
14:21:56.6 (6245123)|CUMULATIVE_LIMIT_USAGE
14:21:56.6 (6245123)|LIMIT_USAGE_FOR_NS|(default)|
  Number of SOQL queries: 1 out of 100
  Number of query rows: 6 out of 50000
  Number of SOSL queries: 0 out of 20
  Number of DML statements: 0 out of 150
  Number of DML rows: 0 out of 10000
  Maximum CPU time: 0 out of 10000
  Maximum heap size: 0 out of 6000000
  Number of callouts: 0 out of 100
  Number of Email Invocations: 0 out of 10
  Number of future calls: 0 out of 50
  Number of queueable jobs added to the queue: 0 out of 50
  Number of Mobile Apex push calls: 0 out of 10

14:21:56.6 (6245123)|CUMULATIVE_LIMIT_USAGE_END

14:21:56.0 (6305141)|CODE_UNIT_FINISHED|InventoryController.getInventories
14:21:56.0 (8185455)|EXECUTION_FINISHED
