36.0 APEX_CODE,FINEST;APEX_PROFILING,INFO;CALLOUT,INFO;DB,INFO;SYSTEM,DEBUG;VALIDATION,INFO;VISUALFORCE,INFO;WORKFLOW,INFO
13:48:26.0 (95074)|EXECUTION_STARTED
13:48:26.0 (134454)|CODE_UNIT_STARTED|[EXTERNAL]|01p36000006RnKY|InventoryController.getInventories
13:48:26.0 (396646)|HEAP_ALLOCATE|[72]|Bytes:3
13:48:26.0 (492024)|HEAP_ALLOCATE|[77]|Bytes:152
13:48:26.0 (530470)|HEAP_ALLOCATE|[342]|Bytes:408
13:48:26.0 (584275)|HEAP_ALLOCATE|[355]|Bytes:408
13:48:26.0 (635673)|HEAP_ALLOCATE|[467]|Bytes:48
13:48:26.0 (722367)|HEAP_ALLOCATE|[139]|Bytes:6
13:48:26.0 (833858)|HEAP_ALLOCATE|[EXTERNAL]|Bytes:4
13:48:26.0 (879736)|METHOD_ENTRY|[1]|01p36000006RnKY|InventoryController.InventoryController()
13:48:26.0 (885492)|STATEMENT_EXECUTE|[1]
13:48:26.0 (894765)|STATEMENT_EXECUTE|[1]
13:48:26.0 (939192)|HEAP_ALLOCATE|[50]|Bytes:5
13:48:26.0 (976073)|HEAP_ALLOCATE|[56]|Bytes:5
13:48:26.0 (990280)|HEAP_ALLOCATE|[64]|Bytes:7
13:48:26.0 (1024195)|SYSTEM_MODE_ENTER|false
13:48:26.0 (1136181)|HEAP_ALLOCATE|[EXTERNAL]|Bytes:5
13:48:26.0 (1145888)|SYSTEM_MODE_EXIT|false
13:48:26.0 (1171699)|METHOD_EXIT|[1]|InventoryController
13:48:26.0 (1198787)|SYSTEM_MODE_ENTER|false
13:48:26.0 (1217344)|HEAP_ALLOCATE|[13]|Bytes:5
13:48:26.0 (1221532)|STATEMENT_EXECUTE|[12]
13:48:26.0 (1223267)|STATEMENT_EXECUTE|[13]
13:48:26.0 (1226226)|HEAP_ALLOCATE|[13]|Bytes:132
13:48:26.0 (1242615)|HEAP_ALLOCATE|[13]|Bytes:4
13:48:26.0 (1834999)|SOQL_EXECUTE_BEGIN|[13]|Aggregations:0|SELECT id, name, Inventory_Number__c, Customer__c, Contact_Person__c, Value__c, LastModifiedDate FROM Computer_Inventory__c LIMIT 50
13:48:26.0 (4929298)|SOQL_EXECUTE_END|[13]|Rows:5
13:48:26.0 (4958662)|HEAP_ALLOCATE|[13]|Bytes:24
13:48:26.0 (4995261)|HEAP_ALLOCATE|[13]|Bytes:1224
13:48:26.0 (5154831)|HEAP_ALLOCATE|[13]|Bytes:24
13:48:26.0 (5197357)|SYSTEM_MODE_EXIT|false
13:48:26.5 (5255071)|CUMULATIVE_LIMIT_USAGE
13:48:26.5 (5255071)|LIMIT_USAGE_FOR_NS|(default)|
  Number of SOQL queries: 1 out of 100
  Number of query rows: 5 out of 50000
  Number of SOSL queries: 0 out of 20
  Number of DML statements: 0 out of 150
  Number of DML rows: 0 out of 10000
  Maximum CPU time: 0 out of 10000
  Maximum heap size: 0 out of 6000000
  Number of callouts: 0 out of 100
  Number of Email Invocations: 0 out of 10
  Number of future calls: 0 out of 50
  Number of queueable jobs added to the queue: 0 out of 50
  Number of Mobile Apex push calls: 0 out of 10

13:48:26.5 (5255071)|CUMULATIVE_LIMIT_USAGE_END

13:48:26.0 (5315025)|CODE_UNIT_FINISHED|InventoryController.getInventories
13:48:26.0 (7651546)|EXECUTION_FINISHED
