36.0 APEX_CODE,FINEST;APEX_PROFILING,INFO;CALLOUT,INFO;DB,INFO;SYSTEM,DEBUG;VALIDATION,INFO;VISUALFORCE,INFO;WORKFLOW,INFO
03:33:44.0 (99527)|EXECUTION_STARTED
03:33:44.0 (142636)|CODE_UNIT_STARTED|[EXTERNAL]|01p36000006RnKY|InventoryController.findAll
03:33:44.0 (381655)|HEAP_ALLOCATE|[72]|Bytes:3
03:33:44.0 (444441)|HEAP_ALLOCATE|[77]|Bytes:152
03:33:44.0 (464795)|HEAP_ALLOCATE|[342]|Bytes:408
03:33:44.0 (485597)|HEAP_ALLOCATE|[355]|Bytes:408
03:33:44.0 (504108)|HEAP_ALLOCATE|[467]|Bytes:48
03:33:44.0 (537966)|HEAP_ALLOCATE|[139]|Bytes:6
03:33:44.0 (561842)|HEAP_ALLOCATE|[EXTERNAL]|Bytes:4
03:33:44.0 (579637)|METHOD_ENTRY|[1]|01p36000006RnKY|InventoryController.InventoryController()
03:33:44.0 (584739)|STATEMENT_EXECUTE|[1]
03:33:44.0 (591241)|STATEMENT_EXECUTE|[1]
03:33:44.0 (629753)|HEAP_ALLOCATE|[50]|Bytes:5
03:33:44.0 (658427)|HEAP_ALLOCATE|[56]|Bytes:5
03:33:44.0 (668670)|HEAP_ALLOCATE|[64]|Bytes:7
03:33:44.0 (704073)|SYSTEM_MODE_ENTER|false
03:33:44.0 (819088)|HEAP_ALLOCATE|[EXTERNAL]|Bytes:5
03:33:44.0 (829655)|SYSTEM_MODE_EXIT|false
03:33:44.0 (842478)|METHOD_EXIT|[1]|InventoryController
03:33:44.0 (854230)|SYSTEM_MODE_ENTER|false
03:33:44.0 (869844)|HEAP_ALLOCATE|[5]|Bytes:5
03:33:44.0 (873990)|STATEMENT_EXECUTE|[4]
03:33:44.0 (875589)|STATEMENT_EXECUTE|[5]
03:33:44.0 (879689)|HEAP_ALLOCATE|[5]|Bytes:132
03:33:44.0 (891874)|HEAP_ALLOCATE|[5]|Bytes:4
03:33:44.0 (2731463)|SOQL_EXECUTE_BEGIN|[5]|Aggregations:0|SELECT id, name, Inventory_Number__c, Customer__c, Contact_Person__c, Value__c, LastModifiedDate FROM Computer_Inventory__c LIMIT 50
03:33:44.0 (6485263)|SOQL_EXECUTE_END|[5]|Rows:5
03:33:44.0 (6509893)|HEAP_ALLOCATE|[5]|Bytes:24
03:33:44.0 (6543459)|HEAP_ALLOCATE|[5]|Bytes:1224
03:33:44.0 (6585671)|HEAP_ALLOCATE|[5]|Bytes:24
03:33:44.0 (6603870)|SYSTEM_MODE_EXIT|false
03:33:44.6 (6645650)|CUMULATIVE_LIMIT_USAGE
03:33:44.6 (6645650)|LIMIT_USAGE_FOR_NS|(default)|
  Number of SOQL queries: 1 out of 100
  Number of query rows: 5 out of 50000
  Number of SOSL queries: 0 out of 20
  Number of DML statements: 0 out of 150
  Number of DML rows: 0 out of 10000
  Maximum CPU time: 0 out of 10000
  Maximum heap size: 0 out of 6000000
  Number of callouts: 0 out of 100
  Number of Email Invocations: 0 out of 10
  Number of future calls: 0 out of 50
  Number of queueable jobs added to the queue: 0 out of 50
  Number of Mobile Apex push calls: 0 out of 10

03:33:44.6 (6645650)|CUMULATIVE_LIMIT_USAGE_END

03:33:44.0 (6703663)|CODE_UNIT_FINISHED|InventoryController.findAll
03:33:44.0 (8270732)|EXECUTION_FINISHED
