36.0 APEX_CODE,FINEST;APEX_PROFILING,INFO;CALLOUT,INFO;DB,INFO;SYSTEM,DEBUG;VALIDATION,INFO;VISUALFORCE,INFO;WORKFLOW,INFO
11:02:23.0 (519002)|EXECUTION_STARTED
11:02:23.0 (551237)|CODE_UNIT_STARTED|[EXTERNAL]|01p36000004ZxaQ|AccountController.findAll
11:02:23.0 (742422)|HEAP_ALLOCATE|[72]|Bytes:3
11:02:23.0 (819598)|HEAP_ALLOCATE|[77]|Bytes:152
11:02:23.0 (840354)|HEAP_ALLOCATE|[342]|Bytes:408
11:02:23.0 (859546)|HEAP_ALLOCATE|[355]|Bytes:408
11:02:23.0 (877136)|HEAP_ALLOCATE|[467]|Bytes:48
11:02:23.0 (915531)|HEAP_ALLOCATE|[139]|Bytes:6
11:02:23.0 (1011319)|HEAP_ALLOCATE|[EXTERNAL]|Bytes:1
11:02:23.0 (1030109)|METHOD_ENTRY|[1]|01p36000004ZxaQ|AccountController.AccountController()
11:02:23.0 (1034792)|STATEMENT_EXECUTE|[1]
11:02:23.0 (1041812)|STATEMENT_EXECUTE|[1]
11:02:23.0 (1075853)|HEAP_ALLOCATE|[50]|Bytes:5
11:02:23.0 (1102978)|HEAP_ALLOCATE|[56]|Bytes:5
11:02:23.0 (1112221)|HEAP_ALLOCATE|[64]|Bytes:7
11:02:23.0 (1139125)|SYSTEM_MODE_ENTER|false
11:02:23.0 (1158226)|HEAP_ALLOCATE|[EXTERNAL]|Bytes:5
11:02:23.0 (1166213)|SYSTEM_MODE_EXIT|false
11:02:23.0 (1177294)|METHOD_EXIT|[1]|AccountController
11:02:23.0 (1184418)|SYSTEM_MODE_ENTER|false
11:02:23.0 (1196705)|HEAP_ALLOCATE|[5]|Bytes:5
11:02:23.0 (1200317)|STATEMENT_EXECUTE|[4]
11:02:23.0 (1201880)|STATEMENT_EXECUTE|[5]
11:02:23.0 (1204656)|HEAP_ALLOCATE|[5]|Bytes:157
11:02:23.0 (1216921)|HEAP_ALLOCATE|[5]|Bytes:4
11:02:23.0 (2631974)|SOQL_EXECUTE_BEGIN|[5]|Aggregations:0|SELECT id, name, Location__Latitude__s, Location__Longitude__s FROM Account WHERE (Location__Latitude__s != NULL AND Location__Longitude__s != NULL) LIMIT 50
11:02:23.0 (6375743)|SOQL_EXECUTE_END|[5]|Rows:3
11:02:23.0 (6398507)|HEAP_ALLOCATE|[5]|Bytes:16
11:02:23.0 (6425980)|HEAP_ALLOCATE|[5]|Bytes:520
11:02:23.0 (6526454)|HEAP_ALLOCATE|[5]|Bytes:16
11:02:23.0 (6540763)|SYSTEM_MODE_EXIT|false
11:02:23.6 (6585948)|CUMULATIVE_LIMIT_USAGE
11:02:23.6 (6585948)|LIMIT_USAGE_FOR_NS|(default)|
  Number of SOQL queries: 1 out of 100
  Number of query rows: 3 out of 50000
  Number of SOSL queries: 0 out of 20
  Number of DML statements: 0 out of 150
  Number of DML rows: 0 out of 10000
  Maximum CPU time: 0 out of 10000
  Maximum heap size: 0 out of 6000000
  Number of callouts: 0 out of 100
  Number of Email Invocations: 0 out of 10
  Number of future calls: 0 out of 50
  Number of queueable jobs added to the queue: 0 out of 50
  Number of Mobile Apex push calls: 0 out of 10

11:02:23.6 (6585948)|CUMULATIVE_LIMIT_USAGE_END

11:02:23.0 (6632573)|CODE_UNIT_FINISHED|AccountController.findAll
11:02:23.0 (8377416)|EXECUTION_FINISHED
