36.0 APEX_CODE,FINEST;APEX_PROFILING,INFO;CALLOUT,INFO;DB,INFO;SYSTEM,DEBUG;VALIDATION,INFO;VISUALFORCE,INFO;WORKFLOW,INFO
03:47:40.0 (502569)|EXECUTION_STARTED
03:47:40.0 (554524)|CODE_UNIT_STARTED|[EXTERNAL]|01p36000006RnKY|InventoryController.findAll
03:47:40.0 (1173038)|HEAP_ALLOCATE|[72]|Bytes:3
03:47:40.0 (1283497)|HEAP_ALLOCATE|[77]|Bytes:152
03:47:40.0 (1309155)|HEAP_ALLOCATE|[342]|Bytes:408
03:47:40.0 (1332909)|HEAP_ALLOCATE|[355]|Bytes:408
03:47:40.0 (1354283)|HEAP_ALLOCATE|[467]|Bytes:48
03:47:40.0 (1430325)|HEAP_ALLOCATE|[139]|Bytes:6
03:47:40.0 (1461272)|HEAP_ALLOCATE|[EXTERNAL]|Bytes:4
03:47:40.0 (1507128)|METHOD_ENTRY|[1]|01p36000006RnKY|InventoryController.InventoryController()
03:47:40.0 (1514286)|STATEMENT_EXECUTE|[1]
03:47:40.0 (1523363)|STATEMENT_EXECUTE|[1]
03:47:40.0 (1563803)|HEAP_ALLOCATE|[50]|Bytes:5
03:47:40.0 (1593870)|HEAP_ALLOCATE|[56]|Bytes:5
03:47:40.0 (1605020)|HEAP_ALLOCATE|[64]|Bytes:7
03:47:40.0 (1634591)|SYSTEM_MODE_ENTER|false
03:47:40.0 (1738743)|HEAP_ALLOCATE|[EXTERNAL]|Bytes:5
03:47:40.0 (1749644)|SYSTEM_MODE_EXIT|false
03:47:40.0 (1776494)|METHOD_EXIT|[1]|InventoryController
03:47:40.0 (1788458)|SYSTEM_MODE_ENTER|false
03:47:40.0 (1805777)|HEAP_ALLOCATE|[5]|Bytes:5
03:47:40.0 (1811398)|STATEMENT_EXECUTE|[4]
03:47:40.0 (1813036)|STATEMENT_EXECUTE|[5]
03:47:40.0 (1831162)|HEAP_ALLOCATE|[5]|Bytes:132
03:47:40.0 (1846392)|HEAP_ALLOCATE|[5]|Bytes:4
03:47:40.0 (2376064)|SOQL_EXECUTE_BEGIN|[5]|Aggregations:0|SELECT id, name, Inventory_Number__c, Customer__c, Contact_Person__c, Value__c, LastModifiedDate FROM Computer_Inventory__c LIMIT 50
03:47:40.0 (5345234)|SOQL_EXECUTE_END|[5]|Rows:5
03:47:40.0 (5366074)|HEAP_ALLOCATE|[5]|Bytes:24
03:47:40.0 (5403656)|HEAP_ALLOCATE|[5]|Bytes:1224
03:47:40.0 (5448139)|HEAP_ALLOCATE|[5]|Bytes:24
03:47:40.0 (5482250)|SYSTEM_MODE_EXIT|false
03:47:40.5 (5530108)|CUMULATIVE_LIMIT_USAGE
03:47:40.5 (5530108)|LIMIT_USAGE_FOR_NS|(default)|
  Number of SOQL queries: 1 out of 100
  Number of query rows: 5 out of 50000
  Number of SOSL queries: 0 out of 20
  Number of DML statements: 0 out of 150
  Number of DML rows: 0 out of 10000
  Maximum CPU time: 0 out of 10000
  Maximum heap size: 0 out of 6000000
  Number of callouts: 0 out of 100
  Number of Email Invocations: 0 out of 10
  Number of future calls: 0 out of 50
  Number of queueable jobs added to the queue: 0 out of 50
  Number of Mobile Apex push calls: 0 out of 10

03:47:40.5 (5530108)|CUMULATIVE_LIMIT_USAGE_END

03:47:40.0 (5583966)|CODE_UNIT_FINISHED|InventoryController.findAll
03:47:40.0 (7601400)|EXECUTION_FINISHED
