36.0 APEX_CODE,FINEST;APEX_PROFILING,INFO;CALLOUT,INFO;DB,INFO;SYSTEM,DEBUG;VALIDATION,INFO;VISUALFORCE,INFO;WORKFLOW,INFO
12:47:31.0 (425976)|EXECUTION_STARTED
12:47:31.0 (467802)|CODE_UNIT_STARTED|[EXTERNAL]|aura
12:47:31.0 (952463)|HEAP_ALLOCATE|[72]|Bytes:3
12:47:31.0 (1021913)|HEAP_ALLOCATE|[77]|Bytes:152
12:47:31.0 (1046272)|HEAP_ALLOCATE|[342]|Bytes:408
12:47:31.0 (1068856)|HEAP_ALLOCATE|[355]|Bytes:408
12:47:31.0 (1091151)|HEAP_ALLOCATE|[467]|Bytes:48
12:47:31.0 (1133467)|HEAP_ALLOCATE|[139]|Bytes:6
12:47:31.0 (1166194)|HEAP_ALLOCATE|[EXTERNAL]|Bytes:7
12:47:31.0 (1183345)|HEAP_ALLOCATE|[EXTERNAL]|Bytes:7
12:47:31.0 (2277457)|CODE_UNIT_STARTED|[EXTERNAL]|01p36000006RyOZ|InputLookupController.getCurrentValue
12:47:31.0 (2415738)|HEAP_ALLOCATE|[EXTERNAL]|Bytes:12
12:47:31.0 (2424023)|HEAP_ALLOCATE|[EXTERNAL]|Bytes:7
12:47:31.0 (2427852)|HEAP_ALLOCATE|[EXTERNAL]|Bytes:5
12:47:31.0 (2451371)|METHOD_ENTRY|[1]|01p36000006RyOZ|InputLookupController.InputLookupController()
12:47:31.0 (2457730)|STATEMENT_EXECUTE|[1]
12:47:31.0 (2466343)|STATEMENT_EXECUTE|[1]
12:47:31.0 (2467895)|STATEMENT_EXECUTE|[41]
12:47:31.0 (2474673)|METHOD_EXIT|[1]|InputLookupController
12:47:31.0 (2480706)|HEAP_ALLOCATE|[EXTERNAL]|Bytes:7
12:47:31.0 (2494820)|SYSTEM_MODE_ENTER|false
12:47:31.0 (2508890)|VARIABLE_SCOPE_BEGIN|[7]|type|String|false|false
12:47:31.0 (2618296)|VARIABLE_ASSIGNMENT|[7]|type|"Account"
12:47:31.0 (2626720)|VARIABLE_SCOPE_BEGIN|[7]|value|String|false|false
12:47:31.0 (2633386)|VARIABLE_ASSIGNMENT|[7]|value|null
12:47:31.0 (2648096)|STATEMENT_EXECUTE|[7]
12:47:31.0 (2746260)|HEAP_ALLOCATE|[50]|Bytes:5
12:47:31.0 (2777477)|HEAP_ALLOCATE|[56]|Bytes:5
12:47:31.0 (2788838)|HEAP_ALLOCATE|[64]|Bytes:7
12:47:31.0 (2809240)|STATEMENT_EXECUTE|[8]
12:47:31.0 (2811677)|STATEMENT_EXECUTE|[12]
12:47:31.0 (2825777)|VARIABLE_SCOPE_BEGIN|[12]|lookupId|Id|false|false
12:47:31.0 (2835458)|VARIABLE_ASSIGNMENT|[12]|lookupId|null
12:47:31.0 (2838999)|STATEMENT_EXECUTE|[13]
12:47:31.0 (2840184)|STATEMENT_EXECUTE|[13]
12:47:31.0 (2841244)|STATEMENT_EXECUTE|[14]
12:47:31.0 (2847632)|VARIABLE_ASSIGNMENT|[14]|lookupId|null
12:47:31.0 (2893977)|STATEMENT_EXECUTE|[19]
12:47:31.0 (2896387)|STATEMENT_EXECUTE|[20]
12:47:31.0 (2906036)|SYSTEM_MODE_EXIT|false
12:47:31.2 (2942829)|CUMULATIVE_LIMIT_USAGE
12:47:31.2 (2942829)|LIMIT_USAGE_FOR_NS|(default)|
  Number of SOQL queries: 0 out of 100
  Number of query rows: 0 out of 50000
  Number of SOSL queries: 0 out of 20
  Number of DML statements: 0 out of 150
  Number of DML rows: 0 out of 10000
  Maximum CPU time: 0 out of 10000
  Maximum heap size: 0 out of 6000000
  Number of callouts: 0 out of 100
  Number of Email Invocations: 0 out of 10
  Number of future calls: 0 out of 50
  Number of queueable jobs added to the queue: 0 out of 50
  Number of Mobile Apex push calls: 0 out of 10

12:47:31.2 (2942829)|CUMULATIVE_LIMIT_USAGE_END

12:47:31.0 (2999341)|CODE_UNIT_FINISHED|InputLookupController.getCurrentValue
