36.0 APEX_CODE,FINEST;APEX_PROFILING,INFO;CALLOUT,INFO;DB,INFO;SYSTEM,DEBUG;VALIDATION,INFO;VISUALFORCE,INFO;WORKFLOW,INFO
12:46:55.0 (425248)|EXECUTION_STARTED
12:46:55.0 (467764)|CODE_UNIT_STARTED|[EXTERNAL]|aura
12:46:55.0 (954029)|HEAP_ALLOCATE|[72]|Bytes:3
12:46:55.0 (1010130)|HEAP_ALLOCATE|[77]|Bytes:152
12:46:55.0 (1028767)|HEAP_ALLOCATE|[342]|Bytes:408
12:46:55.0 (1047968)|HEAP_ALLOCATE|[355]|Bytes:408
12:46:55.0 (1065250)|HEAP_ALLOCATE|[467]|Bytes:48
12:46:55.0 (1097072)|HEAP_ALLOCATE|[139]|Bytes:6
12:46:55.0 (1122637)|HEAP_ALLOCATE|[EXTERNAL]|Bytes:21
12:46:55.0 (1140988)|HEAP_ALLOCATE|[EXTERNAL]|Bytes:21
12:46:55.0 (1279804)|HEAP_ALLOCATE|[EXTERNAL]|Bytes:2
12:46:55.0 (1291111)|HEAP_ALLOCATE|[EXTERNAL]|Bytes:2
12:46:55.0 (2409014)|CODE_UNIT_STARTED|[EXTERNAL]|01p36000006RyOZ|InputLookupController.searchSObject
12:46:55.0 (2543152)|HEAP_ALLOCATE|[EXTERNAL]|Bytes:12
12:46:55.0 (2550797)|HEAP_ALLOCATE|[EXTERNAL]|Bytes:7
12:46:55.0 (2554242)|HEAP_ALLOCATE|[EXTERNAL]|Bytes:5
12:46:55.0 (2569642)|METHOD_ENTRY|[1]|01p36000006RyOZ|InputLookupController.InputLookupController()
12:46:55.0 (2575141)|STATEMENT_EXECUTE|[1]
12:46:55.0 (2582489)|STATEMENT_EXECUTE|[1]
12:46:55.0 (2584246)|STATEMENT_EXECUTE|[41]
12:46:55.0 (2590586)|METHOD_EXIT|[1]|InputLookupController
12:46:55.0 (2595601)|HEAP_ALLOCATE|[EXTERNAL]|Bytes:21
12:46:55.0 (2598074)|HEAP_ALLOCATE|[EXTERNAL]|Bytes:2
12:46:55.0 (2613930)|SYSTEM_MODE_ENTER|false
12:46:55.0 (2628085)|VARIABLE_SCOPE_BEGIN|[68]|type|String|false|false
12:46:55.0 (2658279)|VARIABLE_ASSIGNMENT|[68]|type|"Computer_Inventory__ (1 more) ..."
12:46:55.0 (2663886)|VARIABLE_SCOPE_BEGIN|[68]|searchString|String|false|false
12:46:55.0 (2668842)|VARIABLE_ASSIGNMENT|[68]|searchString|"Jo"
12:46:55.0 (2681452)|STATEMENT_EXECUTE|[68]
12:46:55.0 (2790884)|HEAP_ALLOCATE|[50]|Bytes:5
12:46:55.0 (2819163)|HEAP_ALLOCATE|[56]|Bytes:5
12:46:55.0 (2829894)|HEAP_ALLOCATE|[64]|Bytes:7
12:46:55.0 (2868883)|STATEMENT_EXECUTE|[69]
12:46:55.0 (2871819)|STATEMENT_EXECUTE|[73]
12:46:55.0 (29621121)|HEAP_ALLOCATE|[73]|Bytes:1528
12:46:55.0 (29678052)|VARIABLE_SCOPE_BEGIN|[73]|objType|Schema.SObjectType|true|false
12:46:55.0 (29814603)|VARIABLE_ASSIGNMENT|[73]|objType|"common.apex.runtime.impl.ApexSObjectTypeToken@16dacaa3"|0x16dacaa3
12:46:55.0 (29823737)|STATEMENT_EXECUTE|[74]
12:46:55.0 (29826097)|STATEMENT_EXECUTE|[78]
12:46:55.0 (29847541)|METHOD_ENTRY|[78]|01p36000006RyOZ|InputLookupController.getSobjectNameField(Schema.SObjectType)
12:46:55.0 (29883237)|VARIABLE_SCOPE_BEGIN|[49]|sobjType|Schema.SObjectType|true|false
12:46:55.0 (29942039)|VARIABLE_ASSIGNMENT|[49]|sobjType|"common.apex.runtime.impl.ApexSObjectTypeToken@16dacaa3"|0x16dacaa3
12:46:55.0 (29950809)|STATEMENT_EXECUTE|[49]
12:46:55.0 (29952937)|STATEMENT_EXECUTE|[52]
12:46:55.0 (29957604)|HEAP_ALLOCATE|[52]|Bytes:4
12:46:55.0 (29964292)|VARIABLE_SCOPE_BEGIN|[52]|nameField|String|false|false
12:46:55.0 (29972614)|VARIABLE_ASSIGNMENT|[52]|nameField|"Name"
12:46:55.0 (29975560)|STATEMENT_EXECUTE|[53]
12:46:55.0 (30376987)|HEAP_ALLOCATE|[53]|Bytes:4
12:46:55.0 (30422855)|VARIABLE_SCOPE_BEGIN|[53]|dfrLkp|Schema.DescribeSObjectResult|true|false
12:46:55.0 (30498971)|VARIABLE_ASSIGNMENT|[53]|dfrLkp|"common.api.soap.wsdl.DescribeSObjectResult@b3127dfc"|0x34025367
12:46:55.0 (30888327)|HEAP_ALLOCATE|[54]|Bytes:68
12:46:55.0 (30958641)|HEAP_ALLOCATE|[EXTERNAL]|Bytes:68
12:46:55.0 (30978143)|HEAP_ALLOCATE|[54]|Bytes:68
12:46:55.0 (31116551)|HEAP_ALLOCATE|[54]|Bytes:5
12:46:55.0 (31149366)|VARIABLE_SCOPE_BEGIN|[54]|sotype|Schema.SObjectField|true|false
12:46:55.0 (31206965)|VARIABLE_ASSIGNMENT|[54]|sotype|"common.apex.runtime.impl.ApexFieldToken@575fc944"|0x575fc944
12:46:55.0 (31214448)|STATEMENT_EXECUTE|[54]
12:46:55.0 (31216378)|STATEMENT_EXECUTE|[55]
12:46:55.0 (31852550)|HEAP_ALLOCATE|[55]|Bytes:8
12:46:55.0 (31887385)|VARIABLE_SCOPE_BEGIN|[55]|fieldDescObj|Schema.DescribeFieldResult|true|false
12:46:55.0 (31962606)|VARIABLE_ASSIGNMENT|[55]|fieldDescObj|"common.api.soap.wsdl.Field@2b0ecaac"|0x23f60f5
12:46:55.0 (31987613)|STATEMENT_EXECUTE|[56]
12:46:55.0 (32004751)|HEAP_ALLOCATE|[54]|Bytes:5
12:46:55.0 (32023900)|VARIABLE_SCOPE_BEGIN|[54]|sotype|Schema.SObjectField|true|false
12:46:55.0 (32083878)|VARIABLE_ASSIGNMENT|[54]|sotype|"common.apex.runtime.impl.ApexFieldToken@698d571b"|0x698d571b
12:46:55.0 (32090368)|STATEMENT_EXECUTE|[54]
12:46:55.0 (32092046)|STATEMENT_EXECUTE|[55]
12:46:55.0 (32222697)|HEAP_ALLOCATE|[55]|Bytes:8
12:46:55.0 (32234682)|VARIABLE_SCOPE_BEGIN|[55]|fieldDescObj|Schema.DescribeFieldResult|true|false
12:46:55.0 (32297588)|VARIABLE_ASSIGNMENT|[55]|fieldDescObj|"common.api.soap.wsdl.Field@fcc49b77"|0x7a71dec1
12:46:55.0 (32311080)|STATEMENT_EXECUTE|[56]
12:46:55.0 (32327148)|HEAP_ALLOCATE|[54]|Bytes:5
12:46:55.0 (32344220)|VARIABLE_SCOPE_BEGIN|[54]|sotype|Schema.SObjectField|true|false
12:46:55.0 (32397303)|VARIABLE_ASSIGNMENT|[54]|sotype|"common.apex.runtime.impl.ApexFieldToken@cda562f"|0xcda562f
12:46:55.0 (32403458)|STATEMENT_EXECUTE|[54]
12:46:55.0 (32405342)|STATEMENT_EXECUTE|[55]
12:46:55.0 (32542007)|HEAP_ALLOCATE|[55]|Bytes:8
12:46:55.0 (32553719)|VARIABLE_SCOPE_BEGIN|[55]|fieldDescObj|Schema.DescribeFieldResult|true|false
12:46:55.0 (32616025)|VARIABLE_ASSIGNMENT|[55]|fieldDescObj|"common.api.soap.wsdl.Field@266c61ae"|0x61b7e948
12:46:55.0 (32629481)|STATEMENT_EXECUTE|[56]
12:46:55.0 (32631618)|STATEMENT_EXECUTE|[57]
12:46:55.0 (32647756)|HEAP_ALLOCATE|[57]|Bytes:4
12:46:55.0 (32658276)|VARIABLE_ASSIGNMENT|[57]|nameField|"Name"
12:46:55.0 (32661670)|STATEMENT_EXECUTE|[58]
12:46:55.0 (32669502)|VARIABLE_ASSIGNMENT|[54]|sotype|null|
12:46:55.0 (32672792)|STATEMENT_EXECUTE|[61]
12:46:55.0 (32680478)|METHOD_EXIT|[78]|01p36000006RyOZ|InputLookupController.getSobjectNameField(Schema.SObjectType)
12:46:55.0 (32688580)|VARIABLE_SCOPE_BEGIN|[78]|nameField|String|false|false
12:46:55.0 (32695032)|VARIABLE_ASSIGNMENT|[78]|nameField|"Name"
12:46:55.0 (32697676)|STATEMENT_EXECUTE|[79]
12:46:55.0 (32701898)|HEAP_ALLOCATE|[79]|Bytes:2
12:46:55.0 (32706294)|HEAP_ALLOCATE|[79]|Bytes:2
12:46:55.0 (32720775)|HEAP_ALLOCATE|[79]|Bytes:6
12:46:55.0 (32728718)|VARIABLE_ASSIGNMENT|[79]|searchString|"'*Jo*'"
12:46:55.0 (32732133)|STATEMENT_EXECUTE|[80]
12:46:55.0 (32735559)|HEAP_ALLOCATE|[80]|Bytes:44
12:46:55.0 (32739491)|HEAP_ALLOCATE|[81]|Bytes:5
12:46:55.0 (32742782)|HEAP_ALLOCATE|[81]|Bytes:10
12:46:55.0 (32752295)|HEAP_ALLOCATE|[80]|Bytes:88
12:46:55.0 (32756612)|HEAP_ALLOCATE|[81]|Bytes:10
12:46:55.0 (32763670)|HEAP_ALLOCATE|[80]|Bytes:98
12:46:55.0 (32768244)|VARIABLE_SCOPE_BEGIN|[80]|soslQuery|String|false|false
12:46:55.0 (32776756)|VARIABLE_ASSIGNMENT|[80]|soslQuery|"FIND :searchString I (78 more) ..."
12:46:55.0 (32779706)|STATEMENT_EXECUTE|[82]
12:46:55.0 (32783312)|HEAP_ALLOCATE|[82]|Bytes:12
12:46:55.0 (32789385)|HEAP_ALLOCATE|[82]|Bytes:110
12:46:55.0 (32847246)|USER_DEBUG|[82]|DEBUG|SOSL QUERY: FIND :searchString IN NAME FIELDS RETURNING Computer_Inventory__c(Id, Name ORDER BY Name) LIMIT 20
12:46:55.0 (32857512)|STATEMENT_EXECUTE|[83]
12:46:55.0 (33174686)|SOSL_EXECUTE_BEGIN|[83]|FIND :searchString IN NAME FIELDS RETURNING Computer_Inventory__c(Id, Name ORDER BY Name) LIMIT 20
12:46:55.0 (353754151)|HEAP_ALLOCATE|[83]|Bytes:4
12:46:55.0 (353773960)|HEAP_ALLOCATE|[83]|Bytes:8
12:46:55.0 (353783242)|SOSL_EXECUTE_END|[83]|Rows:0
12:46:55.0 (353873338)|HEAP_ALLOCATE|[83]|Bytes:8
12:46:55.0 (353905455)|VARIABLE_SCOPE_BEGIN|[83]|results|List<List<SObject>>|true|false
12:46:55.0 (353958964)|VARIABLE_ASSIGNMENT|[83]|results|{"s":1,"v":[{"s":2,"v":[]}]}|0x7930fae8
12:46:55.0 (353966516)|STATEMENT_EXECUTE|[85]
12:46:55.0 (354400786)|HEAP_ALLOCATE|[85]|Bytes:4
12:46:55.0 (354606213)|VARIABLE_SCOPE_BEGIN|[85]|output|List<InputLookupController.SearchResult>|true|false
12:46:55.0 (354638800)|HEAP_ALLOCATE|[EXTERNAL]|Bytes:4
12:46:55.0 (354654198)|VARIABLE_ASSIGNMENT|[85]|output|{"s":1,"v":[]}|0x68c44fae
12:46:55.0 (354722938)|STATEMENT_EXECUTE|[86]
12:46:55.0 (354763047)|HEAP_ALLOCATE|[87]|Bytes:4
12:46:55.0 (355055755)|HEAP_ALLOCATE|[87]|Bytes:5
12:46:55.0 (355079886)|VARIABLE_ASSIGNMENT|[87]|sobj|null|
12:46:55.0 (355087268)|STATEMENT_EXECUTE|[87]
12:46:55.0 (355090244)|STATEMENT_EXECUTE|[94]
12:46:55.0 (355184401)|HEAP_ALLOCATE|[94]|Bytes:18
12:46:55.0 (355208411)|SYSTEM_METHOD_ENTRY|[1]|JSON.JSON()
12:46:55.0 (355212419)|STATEMENT_EXECUTE|[1]
12:46:55.0 (355226781)|SYSTEM_METHOD_EXIT|[1]|JSON
12:46:55.0 (355249696)|METHOD_ENTRY|[94]||System.JSON.serialize(Object)
12:46:55.0 (355559445)|METHOD_EXIT|[94]||System.JSON.serialize(Object)
12:46:55.0 (355574175)|SYSTEM_MODE_EXIT|false
12:46:55.355 (355623948)|CUMULATIVE_LIMIT_USAGE
12:46:55.355 (355623948)|LIMIT_USAGE_FOR_NS|(default)|
  Number of SOQL queries: 0 out of 100
  Number of query rows: 0 out of 50000
  Number of SOSL queries: 1 out of 20
  Number of DML statements: 0 out of 150
  Number of DML rows: 0 out of 10000
  Maximum CPU time: 0 out of 10000
  Maximum heap size: 0 out of 6000000
  Number of callouts: 0 out of 100
  Number of Email Invocations: 0 out of 10
  Number of future calls: 0 out of 50
  Number of queueable jobs added to the queue: 0 out of 50
  Number of Mobile Apex push calls: 0 out of 10

12:46:55.355 (355623948)|CUMULATIVE_LIMIT_USAGE_END

12:46:55.0 (355691689)|CODE_UNIT_FINISHED|InputLookupController.searchSObject
