36.0 APEX_CODE,FINEST;APEX_PROFILING,INFO;CALLOUT,INFO;DB,INFO;SYSTEM,DEBUG;VALIDATION,INFO;VISUALFORCE,INFO;WORKFLOW,INFO
09:28:19.0 (506534)|EXECUTION_STARTED
09:28:19.0 (535667)|CODE_UNIT_STARTED|[EXTERNAL]|01p36000004ZxaQ|AccountController.findAll
09:28:19.0 (984794)|HEAP_ALLOCATE|[72]|Bytes:3
09:28:19.0 (1055891)|HEAP_ALLOCATE|[77]|Bytes:152
09:28:19.0 (1082127)|HEAP_ALLOCATE|[342]|Bytes:408
09:28:19.0 (1105121)|HEAP_ALLOCATE|[355]|Bytes:408
09:28:19.0 (1126196)|HEAP_ALLOCATE|[467]|Bytes:48
09:28:19.0 (1173403)|HEAP_ALLOCATE|[139]|Bytes:6
09:28:19.0 (1207166)|HEAP_ALLOCATE|[EXTERNAL]|Bytes:1
09:28:19.0 (1227315)|METHOD_ENTRY|[1]|01p36000004ZxaQ|AccountController.AccountController()
09:28:19.0 (1233148)|STATEMENT_EXECUTE|[1]
09:28:19.0 (1241245)|STATEMENT_EXECUTE|[1]
09:28:19.0 (1281595)|HEAP_ALLOCATE|[50]|Bytes:5
09:28:19.0 (1317868)|HEAP_ALLOCATE|[56]|Bytes:5
09:28:19.0 (1332213)|HEAP_ALLOCATE|[64]|Bytes:7
09:28:19.0 (1364080)|SYSTEM_MODE_ENTER|false
09:28:19.0 (1383696)|HEAP_ALLOCATE|[EXTERNAL]|Bytes:5
09:28:19.0 (1391908)|SYSTEM_MODE_EXIT|false
09:28:19.0 (1405569)|METHOD_EXIT|[1]|AccountController
09:28:19.0 (1415683)|SYSTEM_MODE_ENTER|false
09:28:19.0 (1430753)|HEAP_ALLOCATE|[5]|Bytes:5
09:28:19.0 (1434879)|STATEMENT_EXECUTE|[4]
09:28:19.0 (1436330)|STATEMENT_EXECUTE|[5]
09:28:19.0 (1439712)|HEAP_ALLOCATE|[5]|Bytes:157
09:28:19.0 (1453450)|HEAP_ALLOCATE|[5]|Bytes:4
09:28:19.0 (3294369)|SOQL_EXECUTE_BEGIN|[5]|Aggregations:0|SELECT id, name, Location__Latitude__s, Location__Longitude__s FROM Account WHERE (Location__Latitude__s != NULL AND Location__Longitude__s != NULL) LIMIT 50
09:28:19.0 (7967536)|SOQL_EXECUTE_END|[5]|Rows:3
09:28:19.0 (7994903)|HEAP_ALLOCATE|[5]|Bytes:16
09:28:19.0 (8019514)|HEAP_ALLOCATE|[5]|Bytes:520
09:28:19.0 (8062949)|HEAP_ALLOCATE|[5]|Bytes:16
09:28:19.0 (8083818)|SYSTEM_MODE_EXIT|false
09:28:19.8 (8124654)|CUMULATIVE_LIMIT_USAGE
09:28:19.8 (8124654)|LIMIT_USAGE_FOR_NS|(default)|
  Number of SOQL queries: 1 out of 100
  Number of query rows: 3 out of 50000
  Number of SOSL queries: 0 out of 20
  Number of DML statements: 0 out of 150
  Number of DML rows: 0 out of 10000
  Maximum CPU time: 0 out of 10000
  Maximum heap size: 0 out of 6000000
  Number of callouts: 0 out of 100
  Number of Email Invocations: 0 out of 10
  Number of future calls: 0 out of 50
  Number of queueable jobs added to the queue: 0 out of 50
  Number of Mobile Apex push calls: 0 out of 10

09:28:19.8 (8124654)|CUMULATIVE_LIMIT_USAGE_END

09:28:19.0 (8178064)|CODE_UNIT_FINISHED|AccountController.findAll
09:28:19.0 (9851766)|EXECUTION_FINISHED
