36.0 APEX_CODE,FINEST;APEX_PROFILING,INFO;CALLOUT,INFO;DB,INFO;SYSTEM,DEBUG;VALIDATION,INFO;VISUALFORCE,INFO;WORKFLOW,INFO
08:36:43.0 (587269)|EXECUTION_STARTED
08:36:43.0 (618160)|CODE_UNIT_STARTED|[EXTERNAL]|06636000001Y3wq|VF: /apex/Trailhead_SLDS_RecordHome
08:36:43.16 (16289544)|CUMULATIVE_LIMIT_USAGE
08:36:43.16 (16289544)|LIMIT_USAGE_FOR_NS|(default)|
  Number of SOQL queries: 0 out of 100
  Number of query rows: 0 out of 50000
  Number of SOSL queries: 0 out of 20
  Number of DML statements: 0 out of 150
  Number of DML rows: 0 out of 10000
  Maximum CPU time: 0 out of 10000
  Maximum heap size: 0 out of 6000000
  Number of callouts: 0 out of 100
  Number of Email Invocations: 0 out of 10
  Number of future calls: 0 out of 50
  Number of queueable jobs added to the queue: 0 out of 50
  Number of Mobile Apex push calls: 0 out of 10

08:36:43.16 (16289544)|CUMULATIVE_LIMIT_USAGE_END

08:36:43.0 (16337544)|CODE_UNIT_FINISHED|VF: /apex/Trailhead_SLDS_RecordHome
08:36:43.0 (17811169)|EXECUTION_FINISHED
