36.0 APEX_CODE,FINEST;APEX_PROFILING,INFO;CALLOUT,INFO;DB,INFO;SYSTEM,DEBUG;VALIDATION,INFO;VISUALFORCE,INFO;WORKFLOW,INFO
03:27:01.0 (144826)|EXECUTION_STARTED
03:27:01.0 (191687)|CODE_UNIT_STARTED|[EXTERNAL]|01p36000006RyIk|ContactController.getContacts
03:27:01.0 (508682)|HEAP_ALLOCATE|[72]|Bytes:3
03:27:01.0 (576940)|HEAP_ALLOCATE|[77]|Bytes:152
03:27:01.0 (593235)|HEAP_ALLOCATE|[342]|Bytes:408
03:27:01.0 (611592)|HEAP_ALLOCATE|[355]|Bytes:408
03:27:01.0 (628891)|HEAP_ALLOCATE|[467]|Bytes:48
03:27:01.0 (663668)|HEAP_ALLOCATE|[139]|Bytes:6
03:27:01.0 (684797)|HEAP_ALLOCATE|[EXTERNAL]|Bytes:4
03:27:01.0 (734468)|METHOD_ENTRY|[1]|01p36000006RyIk|ContactController.ContactController()
03:27:01.0 (739475)|STATEMENT_EXECUTE|[1]
03:27:01.0 (746710)|STATEMENT_EXECUTE|[1]
03:27:01.0 (783438)|HEAP_ALLOCATE|[50]|Bytes:5
03:27:01.0 (806927)|HEAP_ALLOCATE|[56]|Bytes:5
03:27:01.0 (817806)|HEAP_ALLOCATE|[64]|Bytes:7
03:27:01.0 (841418)|SYSTEM_MODE_ENTER|false
03:27:01.0 (925475)|HEAP_ALLOCATE|[EXTERNAL]|Bytes:5
03:27:01.0 (934542)|SYSTEM_MODE_EXIT|false
03:27:01.0 (948295)|METHOD_EXIT|[1]|ContactController
03:27:01.0 (960352)|SYSTEM_MODE_ENTER|false
03:27:01.0 (975664)|HEAP_ALLOCATE|[5]|Bytes:5
03:27:01.0 (980321)|STATEMENT_EXECUTE|[3]
03:27:01.0 (981959)|STATEMENT_EXECUTE|[4]
03:27:01.0 (985528)|HEAP_ALLOCATE|[5]|Bytes:67
03:27:01.0 (994017)|HEAP_ALLOCATE|[5]|Bytes:4
03:27:01.0 (2038113)|SOQL_EXECUTE_BEGIN|[5]|Aggregations:0|SELECT Id, Name, MailingStreet, Phone, Email, Level__c FROM Contact
03:27:01.0 (7783543)|SOQL_EXECUTE_END|[5]|Rows:48
03:27:01.0 (7802700)|HEAP_ALLOCATE|[5]|Bytes:196
03:27:01.0 (7892051)|HEAP_ALLOCATE|[5]|Bytes:5623
03:27:01.0 (7925782)|HEAP_ALLOCATE|[5]|Bytes:196
03:27:01.0 (7946257)|VARIABLE_SCOPE_BEGIN|[4]|contacts|List<Contact>|true|false
03:27:01.0 (8072619)|VARIABLE_ASSIGNMENT|[4]|contacts|{"s":1,"v":"List of size 48 too large to display"}|0x7f2172c6
03:27:01.0 (8079307)|STATEMENT_EXECUTE|[8]
03:27:01.0 (8092773)|SYSTEM_MODE_EXIT|false
03:27:01.8 (8137584)|CUMULATIVE_LIMIT_USAGE
03:27:01.8 (8137584)|LIMIT_USAGE_FOR_NS|(default)|
  Number of SOQL queries: 1 out of 100
  Number of query rows: 48 out of 50000
  Number of SOSL queries: 0 out of 20
  Number of DML statements: 0 out of 150
  Number of DML rows: 0 out of 10000
  Maximum CPU time: 0 out of 10000
  Maximum heap size: 0 out of 6000000
  Number of callouts: 0 out of 100
  Number of Email Invocations: 0 out of 10
  Number of future calls: 0 out of 50
  Number of queueable jobs added to the queue: 0 out of 50
  Number of Mobile Apex push calls: 0 out of 10

03:27:01.8 (8137584)|CUMULATIVE_LIMIT_USAGE_END

03:27:01.0 (8202002)|CODE_UNIT_FINISHED|ContactController.getContacts
03:27:01.0 (9916996)|EXECUTION_FINISHED
