36.0 APEX_CODE,FINEST;APEX_PROFILING,INFO;CALLOUT,INFO;DB,INFO;SYSTEM,DEBUG;VALIDATION,INFO;VISUALFORCE,INFO;WORKFLOW,INFO
03:50:15.0 (862859)|EXECUTION_STARTED
03:50:15.0 (926484)|CODE_UNIT_STARTED|[EXTERNAL]|01p36000006RnKY|InventoryController.findAll
03:50:15.0 (1599518)|HEAP_ALLOCATE|[72]|Bytes:3
03:50:15.0 (1666523)|HEAP_ALLOCATE|[77]|Bytes:152
03:50:15.0 (1694303)|HEAP_ALLOCATE|[342]|Bytes:408
03:50:15.0 (1715506)|HEAP_ALLOCATE|[355]|Bytes:408
03:50:15.0 (1746703)|HEAP_ALLOCATE|[467]|Bytes:48
03:50:15.0 (1806174)|HEAP_ALLOCATE|[139]|Bytes:6
03:50:15.0 (1842627)|HEAP_ALLOCATE|[EXTERNAL]|Bytes:4
03:50:15.0 (1868771)|METHOD_ENTRY|[1]|01p36000006RnKY|InventoryController.InventoryController()
03:50:15.0 (1877226)|STATEMENT_EXECUTE|[1]
03:50:15.0 (1887488)|STATEMENT_EXECUTE|[1]
03:50:15.0 (1945149)|HEAP_ALLOCATE|[50]|Bytes:5
03:50:15.0 (1993509)|HEAP_ALLOCATE|[56]|Bytes:5
03:50:15.0 (2014619)|HEAP_ALLOCATE|[64]|Bytes:7
03:50:15.0 (2046661)|SYSTEM_MODE_ENTER|false
03:50:15.0 (2065544)|HEAP_ALLOCATE|[EXTERNAL]|Bytes:5
03:50:15.0 (2074810)|SYSTEM_MODE_EXIT|false
03:50:15.0 (2086821)|METHOD_EXIT|[1]|InventoryController
03:50:15.0 (2119670)|SYSTEM_MODE_ENTER|false
03:50:15.0 (2146837)|HEAP_ALLOCATE|[5]|Bytes:5
03:50:15.0 (2154722)|STATEMENT_EXECUTE|[4]
03:50:15.0 (2157783)|STATEMENT_EXECUTE|[5]
03:50:15.0 (2164422)|HEAP_ALLOCATE|[5]|Bytes:132
03:50:15.0 (2184908)|HEAP_ALLOCATE|[5]|Bytes:4
03:50:15.0 (4795862)|SOQL_EXECUTE_BEGIN|[5]|Aggregations:0|SELECT id, name, Inventory_Number__c, Customer__c, Contact_Person__c, Value__c, LastModifiedDate FROM Computer_Inventory__c LIMIT 50
03:50:15.0 (8354750)|SOQL_EXECUTE_END|[5]|Rows:5
03:50:15.0 (8385111)|HEAP_ALLOCATE|[5]|Bytes:24
03:50:15.0 (8422833)|HEAP_ALLOCATE|[5]|Bytes:1224
03:50:15.0 (8478011)|HEAP_ALLOCATE|[5]|Bytes:24
03:50:15.0 (8506308)|SYSTEM_MODE_EXIT|false
03:50:15.8 (8558695)|CUMULATIVE_LIMIT_USAGE
03:50:15.8 (8558695)|LIMIT_USAGE_FOR_NS|(default)|
  Number of SOQL queries: 1 out of 100
  Number of query rows: 5 out of 50000
  Number of SOSL queries: 0 out of 20
  Number of DML statements: 0 out of 150
  Number of DML rows: 0 out of 10000
  Maximum CPU time: 0 out of 10000
  Maximum heap size: 0 out of 6000000
  Number of callouts: 0 out of 100
  Number of Email Invocations: 0 out of 10
  Number of future calls: 0 out of 50
  Number of queueable jobs added to the queue: 0 out of 50
  Number of Mobile Apex push calls: 0 out of 10

03:50:15.8 (8558695)|CUMULATIVE_LIMIT_USAGE_END

03:50:15.0 (8633197)|CODE_UNIT_FINISHED|InventoryController.findAll
03:50:15.0 (10321196)|EXECUTION_FINISHED
