36.0 APEX_CODE,FINEST;APEX_PROFILING,INFO;CALLOUT,INFO;DB,INFO;SYSTEM,DEBUG;VALIDATION,INFO;VISUALFORCE,INFO;WORKFLOW,INFO
14:09:23.0 (586413)|EXECUTION_STARTED
14:09:23.0 (698534)|CODE_UNIT_STARTED|[EXTERNAL]|01p36000006RnKY|InventoryController.getInventories
14:09:23.0 (1052922)|HEAP_ALLOCATE|[72]|Bytes:3
14:09:23.0 (1148069)|HEAP_ALLOCATE|[77]|Bytes:152
14:09:23.0 (1191750)|HEAP_ALLOCATE|[342]|Bytes:408
14:09:23.0 (1237787)|HEAP_ALLOCATE|[355]|Bytes:408
14:09:23.0 (1294921)|HEAP_ALLOCATE|[467]|Bytes:48
14:09:23.0 (1396499)|HEAP_ALLOCATE|[139]|Bytes:6
14:09:23.0 (1599382)|HEAP_ALLOCATE|[EXTERNAL]|Bytes:4
14:09:23.0 (1622241)|METHOD_ENTRY|[1]|01p36000006RnKY|InventoryController.InventoryController()
14:09:23.0 (1628556)|STATEMENT_EXECUTE|[1]
14:09:23.0 (1637199)|STATEMENT_EXECUTE|[1]
14:09:23.0 (1677587)|HEAP_ALLOCATE|[50]|Bytes:5
14:09:23.0 (1707405)|HEAP_ALLOCATE|[56]|Bytes:5
14:09:23.0 (1719438)|HEAP_ALLOCATE|[64]|Bytes:7
14:09:23.0 (1758206)|SYSTEM_MODE_ENTER|false
14:09:23.0 (1783760)|HEAP_ALLOCATE|[EXTERNAL]|Bytes:5
14:09:23.0 (1794505)|SYSTEM_MODE_EXIT|false
14:09:23.0 (1809145)|METHOD_EXIT|[1]|InventoryController
14:09:23.0 (1825922)|SYSTEM_MODE_ENTER|false
14:09:23.0 (1842594)|HEAP_ALLOCATE|[13]|Bytes:5
14:09:23.0 (1848382)|STATEMENT_EXECUTE|[12]
14:09:23.0 (1850909)|STATEMENT_EXECUTE|[13]
14:09:23.0 (1855102)|HEAP_ALLOCATE|[13]|Bytes:132
14:09:23.0 (1867752)|HEAP_ALLOCATE|[13]|Bytes:4
14:09:23.0 (2568123)|SOQL_EXECUTE_BEGIN|[13]|Aggregations:0|SELECT id, name, Inventory_Number__c, Customer__c, Contact_Person__c, Value__c, LastModifiedDate FROM Computer_Inventory__c LIMIT 50
14:09:23.0 (5941154)|SOQL_EXECUTE_END|[13]|Rows:6
14:09:23.0 (5965746)|HEAP_ALLOCATE|[13]|Bytes:28
14:09:23.0 (6033202)|HEAP_ALLOCATE|[13]|Bytes:1470
14:09:23.0 (6180023)|HEAP_ALLOCATE|[13]|Bytes:28
14:09:23.0 (6204701)|SYSTEM_MODE_EXIT|false
14:09:23.6 (6257192)|CUMULATIVE_LIMIT_USAGE
14:09:23.6 (6257192)|LIMIT_USAGE_FOR_NS|(default)|
  Number of SOQL queries: 1 out of 100
  Number of query rows: 6 out of 50000
  Number of SOSL queries: 0 out of 20
  Number of DML statements: 0 out of 150
  Number of DML rows: 0 out of 10000
  Maximum CPU time: 0 out of 10000
  Maximum heap size: 0 out of 6000000
  Number of callouts: 0 out of 100
  Number of Email Invocations: 0 out of 10
  Number of future calls: 0 out of 50
  Number of queueable jobs added to the queue: 0 out of 50
  Number of Mobile Apex push calls: 0 out of 10

14:09:23.6 (6257192)|CUMULATIVE_LIMIT_USAGE_END

14:09:23.0 (6321827)|CODE_UNIT_FINISHED|InventoryController.getInventories
14:09:23.0 (7963351)|EXECUTION_FINISHED
14:09:23.10 (10433479)|EXECUTION_STARTED
14:09:23.10 (10445581)|CODE_UNIT_STARTED|[EXTERNAL]|01p36000006RnKY|InventoryController.getInventories
14:09:23.10 (10498264)|SYSTEM_MODE_ENTER|false
14:09:23.10 (10516107)|HEAP_ALLOCATE|[13]|Bytes:5
14:09:23.10 (10522542)|STATEMENT_EXECUTE|[12]
14:09:23.10 (10525178)|STATEMENT_EXECUTE|[13]
14:09:23.10 (10530721)|HEAP_ALLOCATE|[13]|Bytes:4
14:09:23.10 (10724990)|SOQL_EXECUTE_BEGIN|[13]|Aggregations:0|SELECT id, name, Inventory_Number__c, Customer__c, Contact_Person__c, Value__c, LastModifiedDate FROM Computer_Inventory__c LIMIT 50
14:09:23.10 (12964379)|SOQL_EXECUTE_END|[13]|Rows:6
14:09:23.10 (12981707)|HEAP_ALLOCATE|[13]|Bytes:28
14:09:23.10 (13013490)|HEAP_ALLOCATE|[13]|Bytes:1470
14:09:23.10 (13030930)|HEAP_ALLOCATE|[13]|Bytes:28
14:09:23.10 (13048857)|SYSTEM_MODE_EXIT|false
14:09:23.13 (13073857)|CUMULATIVE_LIMIT_USAGE
14:09:23.13 (13073857)|LIMIT_USAGE_FOR_NS|(default)|
  Number of SOQL queries: 2 out of 100
  Number of query rows: 12 out of 50000
  Number of SOSL queries: 0 out of 20
  Number of DML statements: 0 out of 150
  Number of DML rows: 0 out of 10000
  Maximum CPU time: 0 out of 10000
  Maximum heap size: 0 out of 6000000
  Number of callouts: 0 out of 100
  Number of Email Invocations: 0 out of 10
  Number of future calls: 0 out of 50
  Number of queueable jobs added to the queue: 0 out of 50
  Number of Mobile Apex push calls: 0 out of 10

14:09:23.13 (13073857)|CUMULATIVE_LIMIT_USAGE_END

14:09:23.10 (13116934)|CODE_UNIT_FINISHED|InventoryController.getInventories
14:09:23.10 (14591327)|EXECUTION_FINISHED
