36.0 APEX_CODE,FINEST;APEX_PROFILING,INFO;CALLOUT,INFO;DB,INFO;SYSTEM,DEBUG;VALIDATION,INFO;VISUALFORCE,INFO;WORKFLOW,INFO
13:23:02.0 (91423)|EXECUTION_STARTED
13:23:02.0 (139074)|CODE_UNIT_STARTED|[EXTERNAL]|01p36000006RnKY|InventoryController.getInventories
13:23:02.0 (548888)|HEAP_ALLOCATE|[72]|Bytes:3
13:23:02.0 (602885)|HEAP_ALLOCATE|[77]|Bytes:152
13:23:02.0 (621406)|HEAP_ALLOCATE|[342]|Bytes:408
13:23:02.0 (641885)|HEAP_ALLOCATE|[355]|Bytes:408
13:23:02.0 (660383)|HEAP_ALLOCATE|[467]|Bytes:48
13:23:02.0 (691322)|HEAP_ALLOCATE|[139]|Bytes:6
13:23:02.0 (713847)|HEAP_ALLOCATE|[EXTERNAL]|Bytes:4
13:23:02.0 (732824)|METHOD_ENTRY|[1]|01p36000006RnKY|InventoryController.InventoryController()
13:23:02.0 (737764)|STATEMENT_EXECUTE|[1]
13:23:02.0 (743815)|STATEMENT_EXECUTE|[1]
13:23:02.0 (776602)|HEAP_ALLOCATE|[50]|Bytes:5
13:23:02.0 (802983)|HEAP_ALLOCATE|[56]|Bytes:5
13:23:02.0 (811846)|HEAP_ALLOCATE|[64]|Bytes:7
13:23:02.0 (838627)|SYSTEM_MODE_ENTER|false
13:23:02.0 (858491)|HEAP_ALLOCATE|[EXTERNAL]|Bytes:5
13:23:02.0 (866678)|SYSTEM_MODE_EXIT|false
13:23:02.0 (876824)|METHOD_EXIT|[1]|InventoryController
13:23:02.0 (887481)|SYSTEM_MODE_ENTER|false
13:23:02.0 (901209)|HEAP_ALLOCATE|[13]|Bytes:5
13:23:02.0 (904802)|STATEMENT_EXECUTE|[12]
13:23:02.0 (906466)|STATEMENT_EXECUTE|[13]
13:23:02.0 (910164)|HEAP_ALLOCATE|[13]|Bytes:132
13:23:02.0 (922224)|HEAP_ALLOCATE|[13]|Bytes:4
13:23:02.0 (3179843)|SOQL_EXECUTE_BEGIN|[13]|Aggregations:0|SELECT id, name, Inventory_Number__c, Customer__c, Contact_Person__c, Value__c, LastModifiedDate FROM Computer_Inventory__c LIMIT 50
13:23:02.0 (6266878)|SOQL_EXECUTE_END|[13]|Rows:5
13:23:02.0 (6293569)|HEAP_ALLOCATE|[13]|Bytes:24
13:23:02.0 (6330477)|HEAP_ALLOCATE|[13]|Bytes:1224
13:23:02.0 (6385923)|HEAP_ALLOCATE|[13]|Bytes:24
13:23:02.0 (6410873)|SYSTEM_MODE_EXIT|false
13:23:02.6 (6454790)|CUMULATIVE_LIMIT_USAGE
13:23:02.6 (6454790)|LIMIT_USAGE_FOR_NS|(default)|
  Number of SOQL queries: 1 out of 100
  Number of query rows: 5 out of 50000
  Number of SOSL queries: 0 out of 20
  Number of DML statements: 0 out of 150
  Number of DML rows: 0 out of 10000
  Maximum CPU time: 0 out of 10000
  Maximum heap size: 0 out of 6000000
  Number of callouts: 0 out of 100
  Number of Email Invocations: 0 out of 10
  Number of future calls: 0 out of 50
  Number of queueable jobs added to the queue: 0 out of 50
  Number of Mobile Apex push calls: 0 out of 10

13:23:02.6 (6454790)|CUMULATIVE_LIMIT_USAGE_END

13:23:02.0 (6515351)|CODE_UNIT_FINISHED|InventoryController.getInventories
13:23:02.0 (8458480)|EXECUTION_FINISHED
