36.0 APEX_CODE,FINEST;APEX_PROFILING,INFO;CALLOUT,INFO;DB,INFO;SYSTEM,DEBUG;VALIDATION,INFO;VISUALFORCE,INFO;WORKFLOW,INFO
03:28:15.3 (3392862)|EXECUTION_STARTED
03:28:15.3 (3435734)|CODE_UNIT_STARTED|[EXTERNAL]|01p36000006RyIk|ContactController.getContacts
03:28:15.3 (3902093)|HEAP_ALLOCATE|[72]|Bytes:3
03:28:15.3 (3990894)|HEAP_ALLOCATE|[77]|Bytes:152
03:28:15.3 (4011275)|HEAP_ALLOCATE|[342]|Bytes:408
03:28:15.3 (4032871)|HEAP_ALLOCATE|[355]|Bytes:408
03:28:15.3 (4052538)|HEAP_ALLOCATE|[467]|Bytes:48
03:28:15.3 (4124220)|HEAP_ALLOCATE|[139]|Bytes:6
03:28:15.3 (4151507)|HEAP_ALLOCATE|[EXTERNAL]|Bytes:4
03:28:15.3 (4187417)|METHOD_ENTRY|[1]|01p36000006RyIk|ContactController.ContactController()
03:28:15.3 (4192948)|STATEMENT_EXECUTE|[1]
03:28:15.3 (4215695)|STATEMENT_EXECUTE|[1]
03:28:15.3 (4252716)|HEAP_ALLOCATE|[50]|Bytes:5
03:28:15.3 (4283727)|HEAP_ALLOCATE|[56]|Bytes:5
03:28:15.3 (4295246)|HEAP_ALLOCATE|[64]|Bytes:7
03:28:15.3 (4322835)|SYSTEM_MODE_ENTER|false
03:28:15.3 (4402369)|HEAP_ALLOCATE|[EXTERNAL]|Bytes:5
03:28:15.3 (4412442)|SYSTEM_MODE_EXIT|false
03:28:15.3 (4436485)|METHOD_EXIT|[1]|ContactController
03:28:15.3 (4448028)|SYSTEM_MODE_ENTER|false
03:28:15.3 (4467869)|HEAP_ALLOCATE|[5]|Bytes:5
03:28:15.3 (4472639)|STATEMENT_EXECUTE|[3]
03:28:15.3 (4474302)|STATEMENT_EXECUTE|[4]
03:28:15.3 (4482669)|HEAP_ALLOCATE|[5]|Bytes:67
03:28:15.3 (4494354)|HEAP_ALLOCATE|[5]|Bytes:4
03:28:15.3 (5545442)|SOQL_EXECUTE_BEGIN|[5]|Aggregations:0|SELECT Id, Name, MailingStreet, Phone, Email, Level__c FROM Contact
03:28:15.3 (12666669)|SOQL_EXECUTE_END|[5]|Rows:48
03:28:15.3 (12690930)|HEAP_ALLOCATE|[5]|Bytes:196
03:28:15.3 (12776338)|HEAP_ALLOCATE|[5]|Bytes:5623
03:28:15.3 (12832194)|HEAP_ALLOCATE|[5]|Bytes:196
03:28:15.3 (12851309)|VARIABLE_SCOPE_BEGIN|[4]|contacts|List<Contact>|true|false
03:28:15.3 (12970783)|VARIABLE_ASSIGNMENT|[4]|contacts|{"s":1,"v":"List of size 48 too large to display"}|0x643db55e
03:28:15.3 (12975938)|STATEMENT_EXECUTE|[8]
03:28:15.3 (13002833)|SYSTEM_MODE_EXIT|false
03:28:15.13 (13063807)|CUMULATIVE_LIMIT_USAGE
03:28:15.13 (13063807)|LIMIT_USAGE_FOR_NS|(default)|
  Number of SOQL queries: 1 out of 100
  Number of query rows: 48 out of 50000
  Number of SOSL queries: 0 out of 20
  Number of DML statements: 0 out of 150
  Number of DML rows: 0 out of 10000
  Maximum CPU time: 0 out of 10000
  Maximum heap size: 0 out of 6000000
  Number of callouts: 0 out of 100
  Number of Email Invocations: 0 out of 10
  Number of future calls: 0 out of 50
  Number of queueable jobs added to the queue: 0 out of 50
  Number of Mobile Apex push calls: 0 out of 10

03:28:15.13 (13063807)|CUMULATIVE_LIMIT_USAGE_END

03:28:15.3 (13147640)|CODE_UNIT_FINISHED|ContactController.getContacts
03:28:15.3 (14853089)|EXECUTION_FINISHED
