36.0 APEX_CODE,FINEST;APEX_PROFILING,INFO;CALLOUT,INFO;DB,INFO;SYSTEM,DEBUG;VALIDATION,INFO;VISUALFORCE,INFO;WORKFLOW,INFO
14:11:58.0 (85021)|EXECUTION_STARTED
14:11:58.0 (130609)|CODE_UNIT_STARTED|[EXTERNAL]|01p36000006RnKY|InventoryController.getInventories
14:11:58.0 (343876)|HEAP_ALLOCATE|[72]|Bytes:3
14:11:58.0 (410938)|HEAP_ALLOCATE|[77]|Bytes:152
14:11:58.0 (434876)|HEAP_ALLOCATE|[342]|Bytes:408
14:11:58.0 (455645)|HEAP_ALLOCATE|[355]|Bytes:408
14:11:58.0 (475579)|HEAP_ALLOCATE|[467]|Bytes:48
14:11:58.0 (516020)|HEAP_ALLOCATE|[139]|Bytes:6
14:11:58.0 (646490)|HEAP_ALLOCATE|[EXTERNAL]|Bytes:4
14:11:58.0 (665195)|METHOD_ENTRY|[1]|01p36000006RnKY|InventoryController.InventoryController()
14:11:58.0 (671282)|STATEMENT_EXECUTE|[1]
14:11:58.0 (678955)|STATEMENT_EXECUTE|[1]
14:11:58.0 (718319)|HEAP_ALLOCATE|[50]|Bytes:5
14:11:58.0 (749493)|HEAP_ALLOCATE|[56]|Bytes:5
14:11:58.0 (761339)|HEAP_ALLOCATE|[64]|Bytes:7
14:11:58.0 (793991)|SYSTEM_MODE_ENTER|false
14:11:58.0 (818710)|HEAP_ALLOCATE|[EXTERNAL]|Bytes:5
14:11:58.0 (828872)|SYSTEM_MODE_EXIT|false
14:11:58.0 (846464)|METHOD_EXIT|[1]|InventoryController
14:11:58.0 (859569)|SYSTEM_MODE_ENTER|false
14:11:58.0 (875155)|HEAP_ALLOCATE|[13]|Bytes:5
14:11:58.0 (880820)|STATEMENT_EXECUTE|[12]
14:11:58.0 (883685)|STATEMENT_EXECUTE|[13]
14:11:58.0 (888034)|HEAP_ALLOCATE|[13]|Bytes:132
14:11:58.0 (900963)|HEAP_ALLOCATE|[13]|Bytes:4
14:11:58.0 (1382623)|SOQL_EXECUTE_BEGIN|[13]|Aggregations:0|SELECT id, name, Inventory_Number__c, Customer__c, Contact_Person__c, Value__c, LastModifiedDate FROM Computer_Inventory__c LIMIT 50
14:11:58.0 (3937216)|SOQL_EXECUTE_END|[13]|Rows:6
14:11:58.0 (3958883)|HEAP_ALLOCATE|[13]|Bytes:28
14:11:58.0 (3996671)|HEAP_ALLOCATE|[13]|Bytes:1470
14:11:58.0 (4119866)|HEAP_ALLOCATE|[13]|Bytes:28
14:11:58.0 (4145722)|SYSTEM_MODE_EXIT|false
14:11:58.4 (4193551)|CUMULATIVE_LIMIT_USAGE
14:11:58.4 (4193551)|LIMIT_USAGE_FOR_NS|(default)|
  Number of SOQL queries: 1 out of 100
  Number of query rows: 6 out of 50000
  Number of SOSL queries: 0 out of 20
  Number of DML statements: 0 out of 150
  Number of DML rows: 0 out of 10000
  Maximum CPU time: 0 out of 10000
  Maximum heap size: 0 out of 6000000
  Number of callouts: 0 out of 100
  Number of Email Invocations: 0 out of 10
  Number of future calls: 0 out of 50
  Number of queueable jobs added to the queue: 0 out of 50
  Number of Mobile Apex push calls: 0 out of 10

14:11:58.4 (4193551)|CUMULATIVE_LIMIT_USAGE_END

14:11:58.0 (4252573)|CODE_UNIT_FINISHED|InventoryController.getInventories
14:11:58.0 (5799778)|EXECUTION_FINISHED
14:11:58.8 (8338899)|EXECUTION_STARTED
14:11:58.8 (8351649)|CODE_UNIT_STARTED|[EXTERNAL]|01p36000006RnKY|InventoryController.getInventories
14:11:58.8 (8399468)|SYSTEM_MODE_ENTER|false
14:11:58.8 (8416088)|HEAP_ALLOCATE|[13]|Bytes:5
14:11:58.8 (8422156)|STATEMENT_EXECUTE|[12]
14:11:58.8 (8424868)|STATEMENT_EXECUTE|[13]
14:11:58.8 (8429977)|HEAP_ALLOCATE|[13]|Bytes:4
14:11:58.8 (8617299)|SOQL_EXECUTE_BEGIN|[13]|Aggregations:0|SELECT id, name, Inventory_Number__c, Customer__c, Contact_Person__c, Value__c, LastModifiedDate FROM Computer_Inventory__c LIMIT 50
14:11:58.8 (11026560)|SOQL_EXECUTE_END|[13]|Rows:6
14:11:58.8 (11051769)|HEAP_ALLOCATE|[13]|Bytes:28
14:11:58.8 (11091896)|HEAP_ALLOCATE|[13]|Bytes:1470
14:11:58.8 (11116074)|HEAP_ALLOCATE|[13]|Bytes:28
14:11:58.8 (11141803)|SYSTEM_MODE_EXIT|false
14:11:58.11 (11177710)|CUMULATIVE_LIMIT_USAGE
14:11:58.11 (11177710)|LIMIT_USAGE_FOR_NS|(default)|
  Number of SOQL queries: 2 out of 100
  Number of query rows: 12 out of 50000
  Number of SOSL queries: 0 out of 20
  Number of DML statements: 0 out of 150
  Number of DML rows: 0 out of 10000
  Maximum CPU time: 0 out of 10000
  Maximum heap size: 0 out of 6000000
  Number of callouts: 0 out of 100
  Number of Email Invocations: 0 out of 10
  Number of future calls: 0 out of 50
  Number of queueable jobs added to the queue: 0 out of 50
  Number of Mobile Apex push calls: 0 out of 10

14:11:58.11 (11177710)|CUMULATIVE_LIMIT_USAGE_END

14:11:58.8 (11242174)|CODE_UNIT_FINISHED|InventoryController.getInventories
14:11:58.8 (12998652)|EXECUTION_FINISHED
