36.0 APEX_CODE,FINEST;APEX_PROFILING,INFO;CALLOUT,INFO;DB,INFO;SYSTEM,DEBUG;VALIDATION,INFO;VISUALFORCE,INFO;WORKFLOW,INFO
02:45:38.0 (466683)|EXECUTION_STARTED
02:45:38.0 (509014)|CODE_UNIT_STARTED|[EXTERNAL]|01p36000004ZxaQ|AccountsController.getAccounts
02:45:38.0 (1068736)|HEAP_ALLOCATE|[72]|Bytes:3
02:45:38.0 (1142497)|HEAP_ALLOCATE|[77]|Bytes:152
02:45:38.0 (1172517)|HEAP_ALLOCATE|[342]|Bytes:408
02:45:38.0 (1200347)|HEAP_ALLOCATE|[355]|Bytes:408
02:45:38.0 (1227025)|HEAP_ALLOCATE|[467]|Bytes:48
02:45:38.0 (1276302)|HEAP_ALLOCATE|[139]|Bytes:6
02:45:38.0 (1309798)|HEAP_ALLOCATE|[EXTERNAL]|Bytes:1
02:45:38.0 (1333402)|METHOD_ENTRY|[1]|01p36000004ZxaQ|AccountsController.AccountsController()
02:45:38.0 (1340207)|STATEMENT_EXECUTE|[1]
02:45:38.0 (1349723)|STATEMENT_EXECUTE|[1]
02:45:38.0 (1358871)|METHOD_EXIT|[1]|AccountsController
02:45:38.0 (1376669)|SYSTEM_MODE_ENTER|false
02:45:38.0 (1394458)|STATEMENT_EXECUTE|[3]
02:45:38.0 (1398564)|STATEMENT_EXECUTE|[4]
02:45:38.0 (1403489)|HEAP_ALLOCATE|[4]|Bytes:182
02:45:38.0 (1422713)|HEAP_ALLOCATE|[4]|Bytes:4
02:45:38.0 (1477060)|HEAP_ALLOCATE|[50]|Bytes:5
02:45:38.0 (1514251)|HEAP_ALLOCATE|[56]|Bytes:5
02:45:38.0 (1530719)|HEAP_ALLOCATE|[64]|Bytes:7
02:45:38.0 (3038851)|SOQL_EXECUTE_BEGIN|[4]|Aggregations:0|SELECT Id, name, industry, Type, NumberOfEmployees, TickerSymbol, Phone, BillingStreet, BillingCity, BillingState, BillingPostalCode FROM Account ORDER BY createdDate ASC NULLS FIRST
02:45:38.0 (7614913)|SOQL_EXECUTE_END|[4]|Rows:26
02:45:38.0 (7642085)|HEAP_ALLOCATE|[4]|Bytes:108
02:45:38.0 (7727061)|HEAP_ALLOCATE|[4]|Bytes:4347
02:45:38.0 (7782222)|HEAP_ALLOCATE|[4]|Bytes:108
02:45:38.0 (7803125)|SYSTEM_MODE_EXIT|false
02:45:38.7 (7851093)|CUMULATIVE_LIMIT_USAGE
02:45:38.7 (7851093)|LIMIT_USAGE_FOR_NS|(default)|
  Number of SOQL queries: 1 out of 100
  Number of query rows: 26 out of 50000
  Number of SOSL queries: 0 out of 20
  Number of DML statements: 0 out of 150
  Number of DML rows: 0 out of 10000
  Maximum CPU time: 0 out of 10000
  Maximum heap size: 0 out of 6000000
  Number of callouts: 0 out of 100
  Number of Email Invocations: 0 out of 10
  Number of future calls: 0 out of 50
  Number of queueable jobs added to the queue: 0 out of 50
  Number of Mobile Apex push calls: 0 out of 10

02:45:38.7 (7851093)|CUMULATIVE_LIMIT_USAGE_END

02:45:38.0 (7909429)|CODE_UNIT_FINISHED|AccountsController.getAccounts
02:45:38.0 (9442723)|EXECUTION_FINISHED
