36.0 APEX_CODE,FINEST;APEX_PROFILING,INFO;CALLOUT,INFO;DB,INFO;SYSTEM,DEBUG;VALIDATION,INFO;VISUALFORCE,INFO;WORKFLOW,INFO
14:21:06.0 (97099)|EXECUTION_STARTED
14:21:06.0 (145770)|CODE_UNIT_STARTED|[EXTERNAL]|01p36000006RnKY|InventoryController.getInventories
14:21:06.0 (314439)|HEAP_ALLOCATE|[72]|Bytes:3
14:21:06.0 (376099)|HEAP_ALLOCATE|[77]|Bytes:152
14:21:06.0 (400136)|HEAP_ALLOCATE|[342]|Bytes:408
14:21:06.0 (422973)|HEAP_ALLOCATE|[355]|Bytes:408
14:21:06.0 (443907)|HEAP_ALLOCATE|[467]|Bytes:48
14:21:06.0 (481741)|HEAP_ALLOCATE|[139]|Bytes:6
14:21:06.0 (565264)|HEAP_ALLOCATE|[EXTERNAL]|Bytes:4
14:21:06.0 (580386)|METHOD_ENTRY|[1]|01p36000006RnKY|InventoryController.InventoryController()
14:21:06.0 (586071)|STATEMENT_EXECUTE|[1]
14:21:06.0 (592838)|STATEMENT_EXECUTE|[1]
14:21:06.0 (627224)|HEAP_ALLOCATE|[50]|Bytes:5
14:21:06.0 (653860)|HEAP_ALLOCATE|[56]|Bytes:5
14:21:06.0 (665230)|HEAP_ALLOCATE|[64]|Bytes:7
14:21:06.0 (694665)|SYSTEM_MODE_ENTER|false
14:21:06.0 (716852)|HEAP_ALLOCATE|[EXTERNAL]|Bytes:5
14:21:06.0 (726628)|SYSTEM_MODE_EXIT|false
14:21:06.0 (740015)|METHOD_EXIT|[1]|InventoryController
14:21:06.0 (751098)|SYSTEM_MODE_ENTER|false
14:21:06.0 (766677)|HEAP_ALLOCATE|[13]|Bytes:5
14:21:06.0 (772165)|STATEMENT_EXECUTE|[12]
14:21:06.0 (774820)|STATEMENT_EXECUTE|[13]
14:21:06.0 (778697)|HEAP_ALLOCATE|[13]|Bytes:132
14:21:06.0 (790685)|HEAP_ALLOCATE|[13]|Bytes:4
14:21:06.0 (1260080)|SOQL_EXECUTE_BEGIN|[13]|Aggregations:0|SELECT id, name, Inventory_Number__c, Customer__c, Contact_Person__c, Value__c, LastModifiedDate FROM Computer_Inventory__c LIMIT 50
14:21:06.0 (4008193)|SOQL_EXECUTE_END|[13]|Rows:6
14:21:06.0 (4031725)|HEAP_ALLOCATE|[13]|Bytes:28
14:21:06.0 (4069214)|HEAP_ALLOCATE|[13]|Bytes:1470
14:21:06.0 (4167997)|HEAP_ALLOCATE|[13]|Bytes:28
14:21:06.0 (4190068)|SYSTEM_MODE_EXIT|false
14:21:06.4 (4236627)|CUMULATIVE_LIMIT_USAGE
14:21:06.4 (4236627)|LIMIT_USAGE_FOR_NS|(default)|
  Number of SOQL queries: 1 out of 100
  Number of query rows: 6 out of 50000
  Number of SOSL queries: 0 out of 20
  Number of DML statements: 0 out of 150
  Number of DML rows: 0 out of 10000
  Maximum CPU time: 0 out of 10000
  Maximum heap size: 0 out of 6000000
  Number of callouts: 0 out of 100
  Number of Email Invocations: 0 out of 10
  Number of future calls: 0 out of 50
  Number of queueable jobs added to the queue: 0 out of 50
  Number of Mobile Apex push calls: 0 out of 10

14:21:06.4 (4236627)|CUMULATIVE_LIMIT_USAGE_END

14:21:06.0 (4294922)|CODE_UNIT_FINISHED|InventoryController.getInventories
14:21:06.0 (5946176)|EXECUTION_FINISHED
