36.0 APEX_CODE,FINEST;APEX_PROFILING,INFO;CALLOUT,INFO;DB,INFO;SYSTEM,DEBUG;VALIDATION,INFO;VISUALFORCE,INFO;WORKFLOW,INFO
08:20:30.0 (433085)|EXECUTION_STARTED
08:20:30.0 (465497)|CODE_UNIT_STARTED|[EXTERNAL]|01p36000004ZxaQ|AccountController.findAll
08:20:30.0 (675919)|HEAP_ALLOCATE|[72]|Bytes:3
08:20:30.0 (755375)|HEAP_ALLOCATE|[77]|Bytes:152
08:20:30.0 (772098)|HEAP_ALLOCATE|[342]|Bytes:408
08:20:30.0 (786668)|HEAP_ALLOCATE|[355]|Bytes:408
08:20:30.0 (800097)|HEAP_ALLOCATE|[467]|Bytes:48
08:20:30.0 (863494)|HEAP_ALLOCATE|[139]|Bytes:6
08:20:30.0 (888486)|HEAP_ALLOCATE|[EXTERNAL]|Bytes:1
08:20:30.0 (939016)|METHOD_ENTRY|[1]|01p36000004ZxaQ|AccountController.AccountController()
08:20:30.0 (943702)|STATEMENT_EXECUTE|[1]
08:20:30.0 (950088)|STATEMENT_EXECUTE|[1]
08:20:30.0 (990387)|HEAP_ALLOCATE|[50]|Bytes:5
08:20:30.0 (1016539)|HEAP_ALLOCATE|[56]|Bytes:5
08:20:30.0 (1026072)|HEAP_ALLOCATE|[64]|Bytes:7
08:20:30.0 (1061212)|SYSTEM_MODE_ENTER|false
08:20:30.0 (1160196)|HEAP_ALLOCATE|[EXTERNAL]|Bytes:5
08:20:30.0 (1167767)|SYSTEM_MODE_EXIT|false
08:20:30.0 (1194209)|METHOD_EXIT|[1]|AccountController
08:20:30.0 (1204831)|SYSTEM_MODE_ENTER|false
08:20:30.0 (1218898)|HEAP_ALLOCATE|[5]|Bytes:5
08:20:30.0 (1222787)|STATEMENT_EXECUTE|[4]
08:20:30.0 (1224509)|STATEMENT_EXECUTE|[5]
08:20:30.0 (1227650)|HEAP_ALLOCATE|[5]|Bytes:157
08:20:30.0 (1239912)|HEAP_ALLOCATE|[5]|Bytes:4
08:20:30.0 (2630719)|SOQL_EXECUTE_BEGIN|[5]|Aggregations:0|SELECT id, name, Location__Latitude__s, Location__Longitude__s FROM Account WHERE (Location__Latitude__s != NULL AND Location__Longitude__s != NULL) LIMIT 50
08:20:30.0 (6425192)|SOQL_EXECUTE_END|[5]|Rows:3
08:20:30.0 (6442950)|HEAP_ALLOCATE|[5]|Bytes:16
08:20:30.0 (6463456)|HEAP_ALLOCATE|[5]|Bytes:520
08:20:30.0 (6496570)|HEAP_ALLOCATE|[5]|Bytes:16
08:20:30.0 (6538893)|SYSTEM_MODE_EXIT|false
08:20:30.6 (6580562)|CUMULATIVE_LIMIT_USAGE
08:20:30.6 (6580562)|LIMIT_USAGE_FOR_NS|(default)|
  Number of SOQL queries: 1 out of 100
  Number of query rows: 3 out of 50000
  Number of SOSL queries: 0 out of 20
  Number of DML statements: 0 out of 150
  Number of DML rows: 0 out of 10000
  Maximum CPU time: 0 out of 10000
  Maximum heap size: 0 out of 6000000
  Number of callouts: 0 out of 100
  Number of Email Invocations: 0 out of 10
  Number of future calls: 0 out of 50
  Number of queueable jobs added to the queue: 0 out of 50
  Number of Mobile Apex push calls: 0 out of 10

08:20:30.6 (6580562)|CUMULATIVE_LIMIT_USAGE_END

08:20:30.0 (6625682)|CODE_UNIT_FINISHED|AccountController.findAll
08:20:30.0 (8711457)|EXECUTION_FINISHED
