36.0 APEX_CODE,FINEST;APEX_PROFILING,INFO;CALLOUT,INFO;DB,INFO;SYSTEM,DEBUG;VALIDATION,INFO;VISUALFORCE,INFO;WORKFLOW,INFO
14:21:27.0 (105045)|EXECUTION_STARTED
14:21:27.0 (154830)|CODE_UNIT_STARTED|[EXTERNAL]|01p36000006RnKY|InventoryController.getInventories
14:21:27.0 (390548)|HEAP_ALLOCATE|[72]|Bytes:3
14:21:27.0 (469676)|HEAP_ALLOCATE|[77]|Bytes:152
14:21:27.0 (500322)|HEAP_ALLOCATE|[342]|Bytes:408
14:21:27.0 (537366)|HEAP_ALLOCATE|[355]|Bytes:408
14:21:27.0 (566743)|HEAP_ALLOCATE|[467]|Bytes:48
14:21:27.0 (631084)|HEAP_ALLOCATE|[139]|Bytes:6
14:21:27.0 (786967)|HEAP_ALLOCATE|[EXTERNAL]|Bytes:4
14:21:27.0 (814667)|METHOD_ENTRY|[1]|01p36000006RnKY|InventoryController.InventoryController()
14:21:27.0 (824555)|STATEMENT_EXECUTE|[1]
14:21:27.0 (836284)|STATEMENT_EXECUTE|[1]
14:21:27.0 (880789)|HEAP_ALLOCATE|[50]|Bytes:5
14:21:27.0 (920852)|HEAP_ALLOCATE|[56]|Bytes:5
14:21:27.0 (939932)|HEAP_ALLOCATE|[64]|Bytes:7
14:21:27.0 (979159)|SYSTEM_MODE_ENTER|false
14:21:27.0 (1005403)|HEAP_ALLOCATE|[EXTERNAL]|Bytes:5
14:21:27.0 (1020406)|SYSTEM_MODE_EXIT|false
14:21:27.0 (1039629)|METHOD_EXIT|[1]|InventoryController
14:21:27.0 (1053018)|SYSTEM_MODE_ENTER|false
14:21:27.0 (1074021)|HEAP_ALLOCATE|[13]|Bytes:5
14:21:27.0 (1083122)|STATEMENT_EXECUTE|[12]
14:21:27.0 (1087973)|STATEMENT_EXECUTE|[13]
14:21:27.0 (1095023)|HEAP_ALLOCATE|[13]|Bytes:132
14:21:27.0 (1114124)|HEAP_ALLOCATE|[13]|Bytes:4
14:21:27.0 (1667986)|SOQL_EXECUTE_BEGIN|[13]|Aggregations:0|SELECT id, name, Inventory_Number__c, Customer__c, Contact_Person__c, Value__c, LastModifiedDate FROM Computer_Inventory__c LIMIT 50
14:21:27.0 (4891070)|SOQL_EXECUTE_END|[13]|Rows:6
14:21:27.0 (4922718)|HEAP_ALLOCATE|[13]|Bytes:28
14:21:27.0 (4968666)|HEAP_ALLOCATE|[13]|Bytes:1470
14:21:27.0 (5109626)|HEAP_ALLOCATE|[13]|Bytes:28
14:21:27.0 (5136629)|SYSTEM_MODE_EXIT|false
14:21:27.5 (5188669)|CUMULATIVE_LIMIT_USAGE
14:21:27.5 (5188669)|LIMIT_USAGE_FOR_NS|(default)|
  Number of SOQL queries: 1 out of 100
  Number of query rows: 6 out of 50000
  Number of SOSL queries: 0 out of 20
  Number of DML statements: 0 out of 150
  Number of DML rows: 0 out of 10000
  Maximum CPU time: 0 out of 10000
  Maximum heap size: 0 out of 6000000
  Number of callouts: 0 out of 100
  Number of Email Invocations: 0 out of 10
  Number of future calls: 0 out of 50
  Number of queueable jobs added to the queue: 0 out of 50
  Number of Mobile Apex push calls: 0 out of 10

14:21:27.5 (5188669)|CUMULATIVE_LIMIT_USAGE_END

14:21:27.0 (5249104)|CODE_UNIT_FINISHED|InventoryController.getInventories
14:21:27.0 (6792020)|EXECUTION_FINISHED
