36.0 APEX_CODE,FINEST;APEX_PROFILING,INFO;CALLOUT,INFO;DB,INFO;SYSTEM,DEBUG;VALIDATION,INFO;VISUALFORCE,INFO;WORKFLOW,INFO
13:28:23.0 (490640)|EXECUTION_STARTED
13:28:23.0 (535383)|CODE_UNIT_STARTED|[EXTERNAL]|01p36000006RnKY|InventoryController.findAll
13:28:23.0 (937061)|HEAP_ALLOCATE|[72]|Bytes:3
13:28:23.0 (1022135)|HEAP_ALLOCATE|[77]|Bytes:152
13:28:23.0 (1045919)|HEAP_ALLOCATE|[342]|Bytes:408
13:28:23.0 (1065568)|HEAP_ALLOCATE|[355]|Bytes:408
13:28:23.0 (1083625)|HEAP_ALLOCATE|[467]|Bytes:48
13:28:23.0 (1128624)|HEAP_ALLOCATE|[139]|Bytes:6
13:28:23.0 (1155573)|HEAP_ALLOCATE|[EXTERNAL]|Bytes:4
13:28:23.0 (1177447)|METHOD_ENTRY|[1]|01p36000006RnKY|InventoryController.InventoryController()
13:28:23.0 (1183403)|STATEMENT_EXECUTE|[1]
13:28:23.0 (1191866)|STATEMENT_EXECUTE|[1]
13:28:23.0 (1230301)|HEAP_ALLOCATE|[50]|Bytes:5
13:28:23.0 (1256878)|HEAP_ALLOCATE|[56]|Bytes:5
13:28:23.0 (1265566)|HEAP_ALLOCATE|[64]|Bytes:7
13:28:23.0 (1293806)|SYSTEM_MODE_ENTER|false
13:28:23.0 (1314176)|HEAP_ALLOCATE|[EXTERNAL]|Bytes:5
13:28:23.0 (1322266)|SYSTEM_MODE_EXIT|false
13:28:23.0 (1336929)|METHOD_EXIT|[1]|InventoryController
13:28:23.0 (1346162)|SYSTEM_MODE_ENTER|false
13:28:23.0 (1361314)|HEAP_ALLOCATE|[5]|Bytes:5
13:28:23.0 (1365631)|STATEMENT_EXECUTE|[4]
13:28:23.0 (1367070)|STATEMENT_EXECUTE|[5]
13:28:23.0 (1370669)|HEAP_ALLOCATE|[5]|Bytes:132
13:28:23.0 (1382593)|HEAP_ALLOCATE|[5]|Bytes:4
13:28:23.0 (3454319)|SOQL_EXECUTE_BEGIN|[5]|Aggregations:0|SELECT id, name, Inventory_Number__c, Customer__c, Contact_Person__c, Value__c, LastModifiedDate FROM Computer_Inventory__c LIMIT 50
13:28:23.0 (7330762)|SOQL_EXECUTE_END|[5]|Rows:5
13:28:23.0 (7353538)|HEAP_ALLOCATE|[5]|Bytes:24
13:28:23.0 (7389579)|HEAP_ALLOCATE|[5]|Bytes:1224
13:28:23.0 (7434279)|HEAP_ALLOCATE|[5]|Bytes:24
13:28:23.0 (7453591)|SYSTEM_MODE_EXIT|false
13:28:23.7 (7498984)|CUMULATIVE_LIMIT_USAGE
13:28:23.7 (7498984)|LIMIT_USAGE_FOR_NS|(default)|
  Number of SOQL queries: 1 out of 100
  Number of query rows: 5 out of 50000
  Number of SOSL queries: 0 out of 20
  Number of DML statements: 0 out of 150
  Number of DML rows: 0 out of 10000
  Maximum CPU time: 0 out of 10000
  Maximum heap size: 0 out of 6000000
  Number of callouts: 0 out of 100
  Number of Email Invocations: 0 out of 10
  Number of future calls: 0 out of 50
  Number of queueable jobs added to the queue: 0 out of 50
  Number of Mobile Apex push calls: 0 out of 10

13:28:23.7 (7498984)|CUMULATIVE_LIMIT_USAGE_END

13:28:23.0 (7549770)|CODE_UNIT_FINISHED|InventoryController.findAll
13:28:23.0 (9113084)|EXECUTION_FINISHED
