36.0 APEX_CODE,FINEST;APEX_PROFILING,INFO;CALLOUT,INFO;DB,INFO;SYSTEM,DEBUG;VALIDATION,INFO;VISUALFORCE,INFO;WORKFLOW,INFO
03:19:39.0 (436872)|EXECUTION_STARTED
03:19:39.0 (469694)|CODE_UNIT_STARTED|[EXTERNAL]|01p36000004ZxaQ|AccountsController.getAccounts
03:19:39.0 (1051155)|HEAP_ALLOCATE|[72]|Bytes:3
03:19:39.0 (1126844)|HEAP_ALLOCATE|[77]|Bytes:152
03:19:39.0 (1149725)|HEAP_ALLOCATE|[342]|Bytes:408
03:19:39.0 (1170053)|HEAP_ALLOCATE|[355]|Bytes:408
03:19:39.0 (1189375)|HEAP_ALLOCATE|[467]|Bytes:48
03:19:39.0 (1243553)|HEAP_ALLOCATE|[139]|Bytes:6
03:19:39.0 (1277730)|HEAP_ALLOCATE|[EXTERNAL]|Bytes:1
03:19:39.0 (1304459)|METHOD_ENTRY|[1]|01p36000004ZxaQ|AccountsController.AccountsController()
03:19:39.0 (1309915)|STATEMENT_EXECUTE|[1]
03:19:39.0 (1317244)|STATEMENT_EXECUTE|[1]
03:19:39.0 (1325361)|METHOD_EXIT|[1]|AccountsController
03:19:39.0 (1344159)|SYSTEM_MODE_ENTER|false
03:19:39.0 (1359698)|STATEMENT_EXECUTE|[3]
03:19:39.0 (1361483)|STATEMENT_EXECUTE|[4]
03:19:39.0 (1366551)|HEAP_ALLOCATE|[4]|Bytes:182
03:19:39.0 (1385631)|HEAP_ALLOCATE|[4]|Bytes:4
03:19:39.0 (1440493)|HEAP_ALLOCATE|[50]|Bytes:5
03:19:39.0 (1479516)|HEAP_ALLOCATE|[56]|Bytes:5
03:19:39.0 (1493239)|HEAP_ALLOCATE|[64]|Bytes:7
03:19:39.0 (3029311)|SOQL_EXECUTE_BEGIN|[4]|Aggregations:0|SELECT Id, name, industry, Type, NumberOfEmployees, TickerSymbol, Phone, BillingStreet, BillingCity, BillingState, BillingPostalCode FROM Account ORDER BY createdDate ASC NULLS FIRST
03:19:39.0 (7634586)|SOQL_EXECUTE_END|[4]|Rows:26
03:19:39.0 (7658404)|HEAP_ALLOCATE|[4]|Bytes:108
03:19:39.0 (7739391)|HEAP_ALLOCATE|[4]|Bytes:4347
03:19:39.0 (7788426)|HEAP_ALLOCATE|[4]|Bytes:108
03:19:39.0 (7806372)|SYSTEM_MODE_EXIT|false
03:19:39.7 (7858876)|CUMULATIVE_LIMIT_USAGE
03:19:39.7 (7858876)|LIMIT_USAGE_FOR_NS|(default)|
  Number of SOQL queries: 1 out of 100
  Number of query rows: 26 out of 50000
  Number of SOSL queries: 0 out of 20
  Number of DML statements: 0 out of 150
  Number of DML rows: 0 out of 10000
  Maximum CPU time: 0 out of 10000
  Maximum heap size: 0 out of 6000000
  Number of callouts: 0 out of 100
  Number of Email Invocations: 0 out of 10
  Number of future calls: 0 out of 50
  Number of queueable jobs added to the queue: 0 out of 50
  Number of Mobile Apex push calls: 0 out of 10

03:19:39.7 (7858876)|CUMULATIVE_LIMIT_USAGE_END

03:19:39.0 (7918413)|CODE_UNIT_FINISHED|AccountsController.getAccounts
03:19:39.0 (9489939)|EXECUTION_FINISHED
