36.0 APEX_CODE,FINEST;APEX_PROFILING,INFO;CALLOUT,INFO;DB,INFO;SYSTEM,DEBUG;VALIDATION,INFO;VISUALFORCE,INFO;WORKFLOW,INFO
13:09:59.0 (418561)|EXECUTION_STARTED
13:09:59.0 (461921)|CODE_UNIT_STARTED|[EXTERNAL]|aura
13:09:59.0 (829642)|HEAP_ALLOCATE|[72]|Bytes:3
13:09:59.0 (910429)|HEAP_ALLOCATE|[77]|Bytes:152
13:09:59.0 (939378)|HEAP_ALLOCATE|[342]|Bytes:408
13:09:59.0 (965926)|HEAP_ALLOCATE|[355]|Bytes:408
13:09:59.0 (991005)|HEAP_ALLOCATE|[467]|Bytes:48
13:09:59.0 (1044147)|HEAP_ALLOCATE|[139]|Bytes:6
13:09:59.0 (1086267)|HEAP_ALLOCATE|[EXTERNAL]|Bytes:7
13:09:59.0 (1105597)|HEAP_ALLOCATE|[EXTERNAL]|Bytes:7
13:09:59.0 (2223610)|CODE_UNIT_STARTED|[EXTERNAL]|01p36000006RyOZ|InputLookupController.getCurrentValue
13:09:59.0 (2361591)|HEAP_ALLOCATE|[EXTERNAL]|Bytes:12
13:09:59.0 (2373254)|HEAP_ALLOCATE|[EXTERNAL]|Bytes:7
13:09:59.0 (2379144)|HEAP_ALLOCATE|[EXTERNAL]|Bytes:5
13:09:59.0 (2399692)|METHOD_ENTRY|[1]|01p36000006RyOZ|InputLookupController.InputLookupController()
13:09:59.0 (2409384)|STATEMENT_EXECUTE|[1]
13:09:59.0 (2422430)|STATEMENT_EXECUTE|[1]
13:09:59.0 (2427551)|STATEMENT_EXECUTE|[41]
13:09:59.0 (2438830)|METHOD_EXIT|[1]|InputLookupController
13:09:59.0 (2446938)|HEAP_ALLOCATE|[EXTERNAL]|Bytes:7
13:09:59.0 (2465550)|SYSTEM_MODE_ENTER|false
13:09:59.0 (2479855)|VARIABLE_SCOPE_BEGIN|[7]|type|String|false|false
13:09:59.0 (2507299)|VARIABLE_ASSIGNMENT|[7]|type|"Account"
13:09:59.0 (2515978)|VARIABLE_SCOPE_BEGIN|[7]|value|String|false|false
13:09:59.0 (2524272)|VARIABLE_ASSIGNMENT|[7]|value|null
13:09:59.0 (2542135)|STATEMENT_EXECUTE|[7]
13:09:59.0 (2661972)|HEAP_ALLOCATE|[50]|Bytes:5
13:09:59.0 (2708197)|HEAP_ALLOCATE|[56]|Bytes:5
13:09:59.0 (2727331)|HEAP_ALLOCATE|[64]|Bytes:7
13:09:59.0 (2757795)|STATEMENT_EXECUTE|[8]
13:09:59.0 (2765587)|STATEMENT_EXECUTE|[12]
13:09:59.0 (2786566)|VARIABLE_SCOPE_BEGIN|[12]|lookupId|Id|false|false
13:09:59.0 (2798839)|VARIABLE_ASSIGNMENT|[12]|lookupId|null
13:09:59.0 (2806326)|STATEMENT_EXECUTE|[13]
13:09:59.0 (2810947)|STATEMENT_EXECUTE|[13]
13:09:59.0 (2814957)|STATEMENT_EXECUTE|[14]
13:09:59.0 (2826847)|VARIABLE_ASSIGNMENT|[14]|lookupId|null
13:09:59.0 (2896285)|STATEMENT_EXECUTE|[19]
13:09:59.0 (2903767)|STATEMENT_EXECUTE|[20]
13:09:59.0 (2917389)|SYSTEM_MODE_EXIT|false
13:09:59.2 (2964644)|CUMULATIVE_LIMIT_USAGE
13:09:59.2 (2964644)|LIMIT_USAGE_FOR_NS|(default)|
  Number of SOQL queries: 0 out of 100
  Number of query rows: 0 out of 50000
  Number of SOSL queries: 0 out of 20
  Number of DML statements: 0 out of 150
  Number of DML rows: 0 out of 10000
  Maximum CPU time: 0 out of 10000
  Maximum heap size: 0 out of 6000000
  Number of callouts: 0 out of 100
  Number of Email Invocations: 0 out of 10
  Number of future calls: 0 out of 50
  Number of queueable jobs added to the queue: 0 out of 50
  Number of Mobile Apex push calls: 0 out of 10

13:09:59.2 (2964644)|CUMULATIVE_LIMIT_USAGE_END

13:09:59.0 (3029272)|CODE_UNIT_FINISHED|InputLookupController.getCurrentValue
