36.0 APEX_CODE,FINEST;APEX_PROFILING,INFO;CALLOUT,INFO;DB,INFO;SYSTEM,DEBUG;VALIDATION,INFO;VISUALFORCE,INFO;WORKFLOW,INFO
12:46:46.0 (438927)|EXECUTION_STARTED
12:46:46.0 (480540)|CODE_UNIT_STARTED|[EXTERNAL]|01p36000006RnKY|InventoryController.getInventories
12:46:46.0 (866337)|HEAP_ALLOCATE|[72]|Bytes:3
12:46:46.0 (928301)|HEAP_ALLOCATE|[77]|Bytes:152
12:46:46.0 (951080)|HEAP_ALLOCATE|[342]|Bytes:408
12:46:46.0 (972891)|HEAP_ALLOCATE|[355]|Bytes:408
12:46:46.0 (993145)|HEAP_ALLOCATE|[467]|Bytes:48
12:46:46.0 (1030436)|HEAP_ALLOCATE|[139]|Bytes:6
12:46:46.0 (1055768)|HEAP_ALLOCATE|[EXTERNAL]|Bytes:5
12:46:46.0 (1071052)|METHOD_ENTRY|[1]|01p36000006RnKY|InventoryController.InventoryController()
12:46:46.0 (1075469)|STATEMENT_EXECUTE|[1]
12:46:46.0 (1081400)|STATEMENT_EXECUTE|[1]
12:46:46.0 (1113809)|HEAP_ALLOCATE|[50]|Bytes:5
12:46:46.0 (1140386)|HEAP_ALLOCATE|[56]|Bytes:5
12:46:46.0 (1149817)|HEAP_ALLOCATE|[64]|Bytes:7
12:46:46.0 (1177787)|SYSTEM_MODE_ENTER|false
12:46:46.0 (1198205)|HEAP_ALLOCATE|[EXTERNAL]|Bytes:5
12:46:46.0 (1207920)|SYSTEM_MODE_EXIT|false
12:46:46.0 (1221220)|METHOD_EXIT|[1]|InventoryController
12:46:46.0 (1230036)|SYSTEM_MODE_ENTER|false
12:46:46.0 (1244180)|HEAP_ALLOCATE|[23]|Bytes:5
12:46:46.0 (1248521)|STATEMENT_EXECUTE|[20]
12:46:46.0 (1250196)|STATEMENT_EXECUTE|[23]
12:46:46.0 (1253726)|HEAP_ALLOCATE|[23]|Bytes:132
12:46:46.0 (1265549)|HEAP_ALLOCATE|[23]|Bytes:4
12:46:46.0 (1672743)|SOQL_EXECUTE_BEGIN|[23]|Aggregations:0|SELECT id, name, Inventory_Number__c, Customer__c, Contact_Person__c, Value__c, LastModifiedDate FROM Computer_Inventory__c LIMIT 50
12:46:46.0 (4462540)|SOQL_EXECUTE_END|[23]|Rows:5
12:46:46.0 (4484507)|HEAP_ALLOCATE|[23]|Bytes:24
12:46:46.0 (4517385)|HEAP_ALLOCATE|[23]|Bytes:1224
12:46:46.0 (4554933)|HEAP_ALLOCATE|[23]|Bytes:24
12:46:46.0 (4572628)|SYSTEM_MODE_EXIT|false
12:46:46.4 (4617540)|CUMULATIVE_LIMIT_USAGE
12:46:46.4 (4617540)|LIMIT_USAGE_FOR_NS|(default)|
  Number of SOQL queries: 1 out of 100
  Number of query rows: 5 out of 50000
  Number of SOSL queries: 0 out of 20
  Number of DML statements: 0 out of 150
  Number of DML rows: 0 out of 10000
  Maximum CPU time: 0 out of 10000
  Maximum heap size: 0 out of 6000000
  Number of callouts: 0 out of 100
  Number of Email Invocations: 0 out of 10
  Number of future calls: 0 out of 50
  Number of queueable jobs added to the queue: 0 out of 50
  Number of Mobile Apex push calls: 0 out of 10

12:46:46.4 (4617540)|CUMULATIVE_LIMIT_USAGE_END

12:46:46.0 (4676341)|CODE_UNIT_FINISHED|InventoryController.getInventories
12:46:46.0 (6237088)|EXECUTION_FINISHED
 0 out of 10000
  Maximum heap size: 0 out of 6000000
  Number of callouts: 0 out of 100
  Number of Email Invocations: 0 out of 10
  Number of future calls: 0 out of 50
  Number of queueable jobs added to the queue: 0 out of 50
  Number of Mobile Apex push calls: 0 out of 10

12:46:47.3 (3470612)|CUMULATIVE_LIMIT_USAGE_END

12:46:47.0 (3530731)|CODE_UNIT_FINISHED|InputLookupController.getCurrentValue
