36.0 APEX_CODE,FINEST;APEX_PROFILING,INFO;CALLOUT,INFO;DB,INFO;SYSTEM,DEBUG;VALIDATION,INFO;VISUALFORCE,INFO;WORKFLOW,INFO
09:20:36.0 (452810)|EXECUTION_STARTED
09:20:36.0 (479885)|CODE_UNIT_STARTED|[EXTERNAL]|01p36000004ZxaQ|AccountController.findAll
09:20:36.0 (922342)|HEAP_ALLOCATE|[72]|Bytes:3
09:20:36.0 (994070)|HEAP_ALLOCATE|[77]|Bytes:152
09:20:36.0 (1019669)|HEAP_ALLOCATE|[342]|Bytes:408
09:20:36.0 (1045375)|HEAP_ALLOCATE|[355]|Bytes:408
09:20:36.0 (1068587)|HEAP_ALLOCATE|[467]|Bytes:48
09:20:36.0 (1119631)|HEAP_ALLOCATE|[139]|Bytes:6
09:20:36.0 (1150578)|HEAP_ALLOCATE|[EXTERNAL]|Bytes:1
09:20:36.0 (1171423)|METHOD_ENTRY|[1]|01p36000004ZxaQ|AccountController.AccountController()
09:20:36.0 (1176352)|STATEMENT_EXECUTE|[1]
09:20:36.0 (1183302)|STATEMENT_EXECUTE|[1]
09:20:36.0 (1219395)|HEAP_ALLOCATE|[50]|Bytes:5
09:20:36.0 (1249880)|HEAP_ALLOCATE|[56]|Bytes:5
09:20:36.0 (1262184)|HEAP_ALLOCATE|[64]|Bytes:7
09:20:36.0 (1291911)|SYSTEM_MODE_ENTER|false
09:20:36.0 (1313811)|HEAP_ALLOCATE|[EXTERNAL]|Bytes:5
09:20:36.0 (1320945)|SYSTEM_MODE_EXIT|false
09:20:36.0 (1334192)|METHOD_EXIT|[1]|AccountController
09:20:36.0 (1343618)|SYSTEM_MODE_ENTER|false
09:20:36.0 (1359179)|HEAP_ALLOCATE|[5]|Bytes:5
09:20:36.0 (1362871)|STATEMENT_EXECUTE|[4]
09:20:36.0 (1364410)|STATEMENT_EXECUTE|[5]
09:20:36.0 (1367516)|HEAP_ALLOCATE|[5]|Bytes:157
09:20:36.0 (1379117)|HEAP_ALLOCATE|[5]|Bytes:4
09:20:36.0 (2904442)|SOQL_EXECUTE_BEGIN|[5]|Aggregations:0|SELECT id, name, Location__Latitude__s, Location__Longitude__s FROM Account WHERE (Location__Latitude__s != NULL AND Location__Longitude__s != NULL) LIMIT 50
09:20:36.0 (6955339)|SOQL_EXECUTE_END|[5]|Rows:3
09:20:36.0 (6980584)|HEAP_ALLOCATE|[5]|Bytes:16
09:20:36.0 (7003507)|HEAP_ALLOCATE|[5]|Bytes:520
09:20:36.0 (7045214)|HEAP_ALLOCATE|[5]|Bytes:16
09:20:36.0 (7061318)|SYSTEM_MODE_EXIT|false
09:20:36.7 (7109816)|CUMULATIVE_LIMIT_USAGE
09:20:36.7 (7109816)|LIMIT_USAGE_FOR_NS|(default)|
  Number of SOQL queries: 1 out of 100
  Number of query rows: 3 out of 50000
  Number of SOSL queries: 0 out of 20
  Number of DML statements: 0 out of 150
  Number of DML rows: 0 out of 10000
  Maximum CPU time: 0 out of 10000
  Maximum heap size: 0 out of 6000000
  Number of callouts: 0 out of 100
  Number of Email Invocations: 0 out of 10
  Number of future calls: 0 out of 50
  Number of queueable jobs added to the queue: 0 out of 50
  Number of Mobile Apex push calls: 0 out of 10

09:20:36.7 (7109816)|CUMULATIVE_LIMIT_USAGE_END

09:20:36.0 (7165340)|CODE_UNIT_FINISHED|AccountController.findAll
09:20:36.0 (8946958)|EXECUTION_FINISHED
