36.0 APEX_CODE,FINEST;APEX_PROFILING,INFO;CALLOUT,INFO;DB,INFO;SYSTEM,DEBUG;VALIDATION,INFO;VISUALFORCE,INFO;WORKFLOW,INFO
10:48:48.0 (436020)|EXECUTION_STARTED
10:48:48.0 (466308)|CODE_UNIT_STARTED|[EXTERNAL]|01p36000004ZxaQ|AccountController.findAll
10:48:48.0 (753478)|HEAP_ALLOCATE|[72]|Bytes:3
10:48:48.0 (818922)|HEAP_ALLOCATE|[77]|Bytes:152
10:48:48.0 (840699)|HEAP_ALLOCATE|[342]|Bytes:408
10:48:48.0 (863273)|HEAP_ALLOCATE|[355]|Bytes:408
10:48:48.0 (884425)|HEAP_ALLOCATE|[467]|Bytes:48
10:48:48.0 (924364)|HEAP_ALLOCATE|[139]|Bytes:6
10:48:48.0 (952577)|HEAP_ALLOCATE|[EXTERNAL]|Bytes:1
10:48:48.0 (973943)|METHOD_ENTRY|[1]|01p36000004ZxaQ|AccountController.AccountController()
10:48:48.0 (979323)|STATEMENT_EXECUTE|[1]
10:48:48.0 (986252)|STATEMENT_EXECUTE|[1]
10:48:48.0 (1020900)|HEAP_ALLOCATE|[50]|Bytes:5
10:48:48.0 (1051552)|HEAP_ALLOCATE|[56]|Bytes:5
10:48:48.0 (1063802)|HEAP_ALLOCATE|[64]|Bytes:7
10:48:48.0 (1099882)|SYSTEM_MODE_ENTER|false
10:48:48.0 (1121235)|HEAP_ALLOCATE|[EXTERNAL]|Bytes:5
10:48:48.0 (1127757)|SYSTEM_MODE_EXIT|false
10:48:48.0 (1141701)|METHOD_EXIT|[1]|AccountController
10:48:48.0 (1151426)|SYSTEM_MODE_ENTER|false
10:48:48.0 (1164859)|HEAP_ALLOCATE|[5]|Bytes:5
10:48:48.0 (1168498)|STATEMENT_EXECUTE|[4]
10:48:48.0 (1170159)|STATEMENT_EXECUTE|[5]
10:48:48.0 (1174098)|HEAP_ALLOCATE|[5]|Bytes:157
10:48:48.0 (1185782)|HEAP_ALLOCATE|[5]|Bytes:4
10:48:48.0 (2793237)|SOQL_EXECUTE_BEGIN|[5]|Aggregations:0|SELECT id, name, Location__Latitude__s, Location__Longitude__s FROM Account WHERE (Location__Latitude__s != NULL AND Location__Longitude__s != NULL) LIMIT 50
10:48:48.0 (7510841)|SOQL_EXECUTE_END|[5]|Rows:3
10:48:48.0 (7534969)|HEAP_ALLOCATE|[5]|Bytes:16
10:48:48.0 (7558740)|HEAP_ALLOCATE|[5]|Bytes:520
10:48:48.0 (7602614)|HEAP_ALLOCATE|[5]|Bytes:16
10:48:48.0 (7619280)|SYSTEM_MODE_EXIT|false
10:48:48.7 (7662742)|CUMULATIVE_LIMIT_USAGE
10:48:48.7 (7662742)|LIMIT_USAGE_FOR_NS|(default)|
  Number of SOQL queries: 1 out of 100
  Number of query rows: 3 out of 50000
  Number of SOSL queries: 0 out of 20
  Number of DML statements: 0 out of 150
  Number of DML rows: 0 out of 10000
  Maximum CPU time: 0 out of 10000
  Maximum heap size: 0 out of 6000000
  Number of callouts: 0 out of 100
  Number of Email Invocations: 0 out of 10
  Number of future calls: 0 out of 50
  Number of queueable jobs added to the queue: 0 out of 50
  Number of Mobile Apex push calls: 0 out of 10

10:48:48.7 (7662742)|CUMULATIVE_LIMIT_USAGE_END

10:48:48.0 (7717161)|CODE_UNIT_FINISHED|AccountController.findAll
10:48:48.0 (10051778)|EXECUTION_FINISHED
