36.0 APEX_CODE,FINEST;APEX_PROFILING,INFO;CALLOUT,INFO;DB,INFO;SYSTEM,DEBUG;VALIDATION,INFO;VISUALFORCE,INFO;WORKFLOW,INFO
12:53:10.0 (100823)|EXECUTION_STARTED
12:53:10.0 (152657)|CODE_UNIT_STARTED|[EXTERNAL]|aura
12:53:10.0 (686194)|HEAP_ALLOCATE|[72]|Bytes:3
12:53:10.0 (744364)|HEAP_ALLOCATE|[77]|Bytes:152
12:53:10.0 (761953)|HEAP_ALLOCATE|[342]|Bytes:408
12:53:10.0 (780192)|HEAP_ALLOCATE|[355]|Bytes:408
12:53:10.0 (796789)|HEAP_ALLOCATE|[467]|Bytes:48
12:53:10.0 (828827)|HEAP_ALLOCATE|[139]|Bytes:6
12:53:10.0 (853099)|HEAP_ALLOCATE|[EXTERNAL]|Bytes:7
12:53:10.0 (887463)|HEAP_ALLOCATE|[EXTERNAL]|Bytes:7
12:53:10.0 (2095184)|CODE_UNIT_STARTED|[EXTERNAL]|01p36000006RyOZ|InputLookupController.getCurrentValue
12:53:10.0 (2239534)|HEAP_ALLOCATE|[EXTERNAL]|Bytes:12
12:53:10.0 (2246836)|HEAP_ALLOCATE|[EXTERNAL]|Bytes:7
12:53:10.0 (2250122)|HEAP_ALLOCATE|[EXTERNAL]|Bytes:5
12:53:10.0 (2276486)|METHOD_ENTRY|[1]|01p36000006RyOZ|InputLookupController.InputLookupController()
12:53:10.0 (2284623)|STATEMENT_EXECUTE|[1]
12:53:10.0 (2294827)|STATEMENT_EXECUTE|[1]
12:53:10.0 (2298347)|STATEMENT_EXECUTE|[41]
12:53:10.0 (2315604)|METHOD_EXIT|[1]|InputLookupController
12:53:10.0 (2325294)|HEAP_ALLOCATE|[EXTERNAL]|Bytes:7
12:53:10.0 (2347564)|SYSTEM_MODE_ENTER|false
12:53:10.0 (2362530)|VARIABLE_SCOPE_BEGIN|[7]|type|String|false|false
12:53:10.0 (2390642)|VARIABLE_ASSIGNMENT|[7]|type|"Account"
12:53:10.0 (2396161)|VARIABLE_SCOPE_BEGIN|[7]|value|String|false|false
12:53:10.0 (2402389)|VARIABLE_ASSIGNMENT|[7]|value|null
12:53:10.0 (2421604)|STATEMENT_EXECUTE|[7]
12:53:10.0 (2528952)|HEAP_ALLOCATE|[50]|Bytes:5
12:53:10.0 (2578625)|HEAP_ALLOCATE|[56]|Bytes:5
12:53:10.0 (2597281)|HEAP_ALLOCATE|[64]|Bytes:7
12:53:10.0 (2623460)|STATEMENT_EXECUTE|[8]
12:53:10.0 (2628266)|STATEMENT_EXECUTE|[12]
12:53:10.0 (2645444)|VARIABLE_SCOPE_BEGIN|[12]|lookupId|Id|false|false
12:53:10.0 (2655175)|VARIABLE_ASSIGNMENT|[12]|lookupId|null
12:53:10.0 (2658220)|STATEMENT_EXECUTE|[13]
12:53:10.0 (2659847)|STATEMENT_EXECUTE|[13]
12:53:10.0 (2661280)|STATEMENT_EXECUTE|[14]
12:53:10.0 (2668097)|VARIABLE_ASSIGNMENT|[14]|lookupId|null
12:53:10.0 (2725586)|STATEMENT_EXECUTE|[19]
12:53:10.0 (2728418)|STATEMENT_EXECUTE|[20]
12:53:10.0 (2738806)|SYSTEM_MODE_EXIT|false
12:53:10.2 (2779859)|CUMULATIVE_LIMIT_USAGE
12:53:10.2 (2779859)|LIMIT_USAGE_FOR_NS|(default)|
  Number of SOQL queries: 0 out of 100
  Number of query rows: 0 out of 50000
  Number of SOSL queries: 0 out of 20
  Number of DML statements: 0 out of 150
  Number of DML rows: 0 out of 10000
  Maximum CPU time: 0 out of 10000
  Maximum heap size: 0 out of 6000000
  Number of callouts: 0 out of 100
  Number of Email Invocations: 0 out of 10
  Number of future calls: 0 out of 50
  Number of queueable jobs added to the queue: 0 out of 50
  Number of Mobile Apex push calls: 0 out of 10

12:53:10.2 (2779859)|CUMULATIVE_LIMIT_USAGE_END

12:53:10.0 (2854407)|CODE_UNIT_FINISHED|InputLookupController.getCurrentValue
