36.0 APEX_CODE,FINEST;APEX_PROFILING,INFO;CALLOUT,INFO;DB,INFO;SYSTEM,DEBUG;VALIDATION,INFO;VISUALFORCE,INFO;WORKFLOW,INFO
04:13:42.0 (408068)|EXECUTION_STARTED
04:13:42.0 (450536)|CODE_UNIT_STARTED|[EXTERNAL]|01p36000006RnKY|InventoryController.getInventories
04:13:42.0 (873069)|HEAP_ALLOCATE|[72]|Bytes:3
04:13:42.0 (920743)|HEAP_ALLOCATE|[77]|Bytes:152
04:13:42.0 (940500)|HEAP_ALLOCATE|[342]|Bytes:408
04:13:42.0 (963523)|HEAP_ALLOCATE|[355]|Bytes:408
04:13:42.0 (985775)|HEAP_ALLOCATE|[467]|Bytes:48
04:13:42.0 (1036047)|HEAP_ALLOCATE|[139]|Bytes:6
04:13:42.0 (1080566)|HEAP_ALLOCATE|[EXTERNAL]|Bytes:4
04:13:42.0 (1112212)|METHOD_ENTRY|[1]|01p36000006RnKY|InventoryController.InventoryController()
04:13:42.0 (1119011)|STATEMENT_EXECUTE|[1]
04:13:42.0 (1127397)|STATEMENT_EXECUTE|[1]
04:13:42.0 (1166540)|HEAP_ALLOCATE|[50]|Bytes:5
04:13:42.0 (1190831)|HEAP_ALLOCATE|[56]|Bytes:5
04:13:42.0 (1202240)|HEAP_ALLOCATE|[64]|Bytes:7
04:13:42.0 (1229590)|SYSTEM_MODE_ENTER|false
04:13:42.0 (1245531)|HEAP_ALLOCATE|[EXTERNAL]|Bytes:5
04:13:42.0 (1253917)|SYSTEM_MODE_EXIT|false
04:13:42.0 (1265318)|METHOD_EXIT|[1]|InventoryController
04:13:42.0 (1274369)|SYSTEM_MODE_ENTER|false
04:13:42.0 (1287899)|HEAP_ALLOCATE|[13]|Bytes:5
04:13:42.0 (1292091)|STATEMENT_EXECUTE|[12]
04:13:42.0 (1293597)|STATEMENT_EXECUTE|[13]
04:13:42.0 (1297399)|HEAP_ALLOCATE|[13]|Bytes:132
04:13:42.0 (1306877)|HEAP_ALLOCATE|[13]|Bytes:4
04:13:42.0 (2993494)|SOQL_EXECUTE_BEGIN|[13]|Aggregations:0|SELECT id, name, Inventory_Number__c, Customer__c, Contact_Person__c, Value__c, LastModifiedDate FROM Computer_Inventory__c LIMIT 50
04:13:42.0 (5630261)|SOQL_EXECUTE_END|[13]|Rows:5
04:13:42.0 (5665774)|HEAP_ALLOCATE|[13]|Bytes:24
04:13:42.0 (5716233)|HEAP_ALLOCATE|[13]|Bytes:1224
04:13:42.0 (5754500)|HEAP_ALLOCATE|[13]|Bytes:24
04:13:42.0 (5771992)|SYSTEM_MODE_EXIT|false
04:13:42.5 (5807876)|CUMULATIVE_LIMIT_USAGE
04:13:42.5 (5807876)|LIMIT_USAGE_FOR_NS|(default)|
  Number of SOQL queries: 1 out of 100
  Number of query rows: 5 out of 50000
  Number of SOSL queries: 0 out of 20
  Number of DML statements: 0 out of 150
  Number of DML rows: 0 out of 10000
  Maximum CPU time: 0 out of 10000
  Maximum heap size: 0 out of 6000000
  Number of callouts: 0 out of 100
  Number of Email Invocations: 0 out of 10
  Number of future calls: 0 out of 50
  Number of queueable jobs added to the queue: 0 out of 50
  Number of Mobile Apex push calls: 0 out of 10

04:13:42.5 (5807876)|CUMULATIVE_LIMIT_USAGE_END

04:13:42.0 (5869015)|CODE_UNIT_FINISHED|InventoryController.getInventories
04:13:42.0 (7393036)|EXECUTION_FINISHED
