36.0 APEX_CODE,FINEST;APEX_PROFILING,INFO;CALLOUT,INFO;DB,INFO;SYSTEM,DEBUG;VALIDATION,INFO;VISUALFORCE,INFO;WORKFLOW,INFO
12:41:55.0 (335006)|EXECUTION_STARTED
12:41:55.0 (420763)|CODE_UNIT_STARTED|[EXTERNAL]|01p36000006RnKY|InventoryController.getInventories
12:41:55.0 (853262)|HEAP_ALLOCATE|[72]|Bytes:3
12:41:55.0 (925692)|HEAP_ALLOCATE|[77]|Bytes:152
12:41:55.0 (949246)|HEAP_ALLOCATE|[342]|Bytes:408
12:41:55.0 (973678)|HEAP_ALLOCATE|[355]|Bytes:408
12:41:55.0 (996494)|HEAP_ALLOCATE|[467]|Bytes:48
12:41:55.0 (1055257)|HEAP_ALLOCATE|[139]|Bytes:6
12:41:55.0 (1089503)|HEAP_ALLOCATE|[EXTERNAL]|Bytes:5
12:41:55.0 (1111568)|METHOD_ENTRY|[1]|01p36000006RnKY|InventoryController.InventoryController()
12:41:55.0 (1118337)|STATEMENT_EXECUTE|[1]
12:41:55.0 (1126792)|STATEMENT_EXECUTE|[1]
12:41:55.0 (1163535)|HEAP_ALLOCATE|[50]|Bytes:5
12:41:55.0 (1196107)|HEAP_ALLOCATE|[56]|Bytes:5
12:41:55.0 (1209027)|HEAP_ALLOCATE|[64]|Bytes:7
12:41:55.0 (1241410)|SYSTEM_MODE_ENTER|false
12:41:55.0 (1262049)|HEAP_ALLOCATE|[EXTERNAL]|Bytes:5
12:41:55.0 (1270781)|SYSTEM_MODE_EXIT|false
12:41:55.0 (1286945)|METHOD_EXIT|[1]|InventoryController
12:41:55.0 (1295938)|SYSTEM_MODE_ENTER|false
12:41:55.0 (1313492)|HEAP_ALLOCATE|[23]|Bytes:5
12:41:55.0 (1317341)|STATEMENT_EXECUTE|[20]
12:41:55.0 (1318957)|STATEMENT_EXECUTE|[23]
12:41:55.0 (1322899)|HEAP_ALLOCATE|[23]|Bytes:132
12:41:55.0 (1336071)|HEAP_ALLOCATE|[23]|Bytes:4
12:41:55.0 (1770940)|SOQL_EXECUTE_BEGIN|[23]|Aggregations:0|SELECT id, name, Inventory_Number__c, Customer__c, Contact_Person__c, Value__c, LastModifiedDate FROM Computer_Inventory__c LIMIT 50
12:41:55.0 (4859394)|SOQL_EXECUTE_END|[23]|Rows:5
12:41:55.0 (4884196)|HEAP_ALLOCATE|[23]|Bytes:24
12:41:55.0 (4922230)|HEAP_ALLOCATE|[23]|Bytes:1224
12:41:55.0 (4960335)|HEAP_ALLOCATE|[23]|Bytes:24
12:41:55.0 (4979054)|SYSTEM_MODE_EXIT|false
12:41:55.5 (5051255)|CUMULATIVE_LIMIT_USAGE
12:41:55.5 (5051255)|LIMIT_USAGE_FOR_NS|(default)|
  Number of SOQL queries: 1 out of 100
  Number of query rows: 5 out of 50000
  Number of SOSL queries: 0 out of 20
  Number of DML statements: 0 out of 150
  Number of DML rows: 0 out of 10000
  Maximum CPU time: 0 out of 10000
  Maximum heap size: 0 out of 6000000
  Number of callouts: 0 out of 100
  Number of Email Invocations: 0 out of 10
  Number of future calls: 0 out of 50
  Number of queueable jobs added to the queue: 0 out of 50
  Number of Mobile Apex push calls: 0 out of 10

12:41:55.5 (5051255)|CUMULATIVE_LIMIT_USAGE_END

12:41:55.0 (5107479)|CODE_UNIT_FINISHED|InventoryController.getInventories
12:41:55.0 (6748146)|EXECUTION_FINISHED
