36.0 APEX_CODE,FINEST;APEX_PROFILING,INFO;CALLOUT,INFO;DB,INFO;SYSTEM,DEBUG;VALIDATION,INFO;VISUALFORCE,INFO;WORKFLOW,INFO
04:57:29.0 (486528)|EXECUTION_STARTED
04:57:29.0 (526292)|CODE_UNIT_STARTED|[EXTERNAL]|01p36000005H3V7|expansesController.saveExpense
04:57:29.0 (819447)|HEAP_ALLOCATE|[72]|Bytes:3
04:57:29.0 (868633)|HEAP_ALLOCATE|[77]|Bytes:152
04:57:29.0 (887919)|HEAP_ALLOCATE|[342]|Bytes:408
04:57:29.0 (908747)|HEAP_ALLOCATE|[355]|Bytes:408
04:57:29.0 (927405)|HEAP_ALLOCATE|[467]|Bytes:48
04:57:29.0 (963354)|HEAP_ALLOCATE|[139]|Bytes:6
04:57:29.0 (989918)|HEAP_ALLOCATE|[EXTERNAL]|Bytes:4
04:57:29.0 (1010361)|METHOD_ENTRY|[1]|01p36000005H3V7|expansesController.expansesController()
04:57:29.0 (1016224)|STATEMENT_EXECUTE|[1]
04:57:29.0 (1022731)|STATEMENT_EXECUTE|[1]
04:57:29.0 (1058920)|HEAP_ALLOCATE|[50]|Bytes:5
04:57:29.0 (1081944)|HEAP_ALLOCATE|[56]|Bytes:5
04:57:29.0 (1091482)|HEAP_ALLOCATE|[64]|Bytes:7
04:57:29.0 (1118288)|SYSTEM_MODE_ENTER|false
04:57:29.0 (1133855)|HEAP_ALLOCATE|[EXTERNAL]|Bytes:5
04:57:29.0 (1140918)|SYSTEM_MODE_EXIT|false
04:57:29.0 (1154661)|METHOD_EXIT|[1]|expansesController
04:57:29.0 (1168820)|HEAP_ALLOCATE|[EXTERNAL]|Bytes:28
04:57:29.0 (1176701)|SYSTEM_MODE_ENTER|false
04:57:29.0 (1187535)|VARIABLE_SCOPE_BEGIN|[10]|expense|Expense__c|true|false
04:57:29.0 (1241381)|VARIABLE_ASSIGNMENT|[10]|expense|{"Amount__c":21,"Reimbursed__c":false,"CreatedDate":"2016-03-14T20:49:01.000Z","Date__c":"2016-03-14T20:48:00.000Z","Id":"a0H36000001jowFEAQ","Name":"Lunch"}|0x173c5ebd
04:57:29.0 (1258473)|HEAP_ALLOCATE|[13]|Bytes:5
04:57:29.0 (1262987)|STATEMENT_EXECUTE|[10]
04:57:29.0 (1264713)|STATEMENT_EXECUTE|[13]
04:57:29.0 (1324029)|HEAP_ALLOCATE|[13]|Bytes:8
04:57:29.0 (1349053)|DML_BEGIN|[13]|Op:Upsert|Type:Expense__c|Rows:1
04:57:29.0 (1368492)|HEAP_ALLOCATE|[EXTERNAL]|Bytes:8
04:57:29.0 (31719310)|DML_END|[13]
04:57:29.0 (31748013)|STATEMENT_EXECUTE|[14]
04:57:29.0 (31773776)|SYSTEM_MODE_EXIT|false
04:57:29.35 (35642948)|CUMULATIVE_LIMIT_USAGE
04:57:29.35 (35642948)|LIMIT_USAGE_FOR_NS|(default)|
  Number of SOQL queries: 0 out of 100
  Number of query rows: 0 out of 50000
  Number of SOSL queries: 0 out of 20
  Number of DML statements: 1 out of 150
  Number of DML rows: 1 out of 10000
  Maximum CPU time: 0 out of 10000
  Maximum heap size: 0 out of 6000000
  Number of callouts: 0 out of 100
  Number of Email Invocations: 0 out of 10
  Number of future calls: 0 out of 50
  Number of queueable jobs added to the queue: 0 out of 50
  Number of Mobile Apex push calls: 0 out of 10

04:57:29.35 (35642948)|CUMULATIVE_LIMIT_USAGE_END

04:57:29.0 (35707273)|CODE_UNIT_FINISHED|expansesController.saveExpense
04:57:29.0 (36833749)|EXECUTION_FINISHED
