36.0 APEX_CODE,FINEST;APEX_PROFILING,INFO;CALLOUT,INFO;DB,INFO;SYSTEM,DEBUG;VALIDATION,INFO;VISUALFORCE,INFO;WORKFLOW,INFO
06:19:53.0 (101570)|EXECUTION_STARTED
06:19:53.0 (139354)|CODE_UNIT_STARTED|[EXTERNAL]|aura
06:19:53.0 (619218)|HEAP_ALLOCATE|[72]|Bytes:3
06:19:53.0 (688559)|HEAP_ALLOCATE|[77]|Bytes:152
06:19:53.0 (713522)|HEAP_ALLOCATE|[342]|Bytes:408
06:19:53.0 (737328)|HEAP_ALLOCATE|[355]|Bytes:408
06:19:53.0 (759077)|HEAP_ALLOCATE|[467]|Bytes:48
06:19:53.0 (801150)|HEAP_ALLOCATE|[139]|Bytes:6
06:19:53.0 (833705)|HEAP_ALLOCATE|[EXTERNAL]|Bytes:7
06:19:53.0 (852451)|HEAP_ALLOCATE|[EXTERNAL]|Bytes:7
06:19:53.0 (977828)|HEAP_ALLOCATE|[EXTERNAL]|Bytes:18
06:19:53.0 (989349)|HEAP_ALLOCATE|[EXTERNAL]|Bytes:18
06:19:53.0 (2322052)|CODE_UNIT_STARTED|[EXTERNAL]|01p36000006RyOZ|InputLookupController.getCurrentValue
06:19:53.0 (2476029)|HEAP_ALLOCATE|[EXTERNAL]|Bytes:12
06:19:53.0 (2487813)|HEAP_ALLOCATE|[EXTERNAL]|Bytes:7
06:19:53.0 (2493794)|HEAP_ALLOCATE|[EXTERNAL]|Bytes:5
06:19:53.0 (2509671)|METHOD_ENTRY|[1]|01p36000006RyOZ|InputLookupController.InputLookupController()
06:19:53.0 (2515265)|STATEMENT_EXECUTE|[1]
06:19:53.0 (2522874)|STATEMENT_EXECUTE|[1]
06:19:53.0 (2525096)|STATEMENT_EXECUTE|[41]
06:19:53.0 (2534155)|METHOD_EXIT|[1]|InputLookupController
06:19:53.0 (2540561)|HEAP_ALLOCATE|[EXTERNAL]|Bytes:7
06:19:53.0 (2544883)|HEAP_ALLOCATE|[EXTERNAL]|Bytes:18
06:19:53.0 (2559041)|SYSTEM_MODE_ENTER|false
06:19:53.0 (2584031)|VARIABLE_SCOPE_BEGIN|[7]|type|String|false|false
06:19:53.0 (2620924)|VARIABLE_ASSIGNMENT|[7]|type|"Contact"
06:19:53.0 (2634805)|VARIABLE_SCOPE_BEGIN|[7]|value|String|false|false
06:19:53.0 (2648897)|VARIABLE_ASSIGNMENT|[7]|value|"00336000003WhTDAA0"
06:19:53.0 (2661557)|STATEMENT_EXECUTE|[7]
06:19:53.0 (2782123)|HEAP_ALLOCATE|[50]|Bytes:5
06:19:53.0 (2817570)|HEAP_ALLOCATE|[56]|Bytes:5
06:19:53.0 (2832996)|HEAP_ALLOCATE|[64]|Bytes:7
06:19:53.0 (2855380)|STATEMENT_EXECUTE|[8]
06:19:53.0 (2858999)|STATEMENT_EXECUTE|[12]
06:19:53.0 (2884966)|VARIABLE_SCOPE_BEGIN|[12]|lookupId|Id|false|false
06:19:53.0 (2911450)|VARIABLE_ASSIGNMENT|[12]|lookupId|null
06:19:53.0 (2915309)|STATEMENT_EXECUTE|[13]
06:19:53.0 (2917464)|STATEMENT_EXECUTE|[13]
06:19:53.0 (2919349)|STATEMENT_EXECUTE|[14]
06:19:53.0 (2928326)|HEAP_ALLOCATE|[14]|Bytes:4
06:19:53.0 (3039599)|VARIABLE_ASSIGNMENT|[14]|lookupId|"00336000003WhTDAA0"
06:19:53.0 (3058827)|HEAP_ALLOCATE|[19]|Bytes:18
06:19:53.0 (3121442)|STATEMENT_EXECUTE|[19]
06:19:53.0 (3125150)|STATEMENT_EXECUTE|[23]
06:19:53.0 (16912669)|HEAP_ALLOCATE|[23]|Bytes:1528
06:19:53.0 (16974033)|VARIABLE_SCOPE_BEGIN|[23]|objType|Schema.SObjectType|true|false
06:19:53.0 (17050461)|VARIABLE_ASSIGNMENT|[23]|objType|"common.apex.runtime.impl.ApexSObjectTypeToken@16a7be0c"|0x16a7be0c
06:19:53.0 (17061343)|STATEMENT_EXECUTE|[24]
06:19:53.0 (17064361)|STATEMENT_EXECUTE|[28]
06:19:53.0 (17083617)|METHOD_ENTRY|[28]|01p36000006RyOZ|InputLookupController.getSobjectNameField(Schema.SObjectType)
06:19:53.0 (17116481)|VARIABLE_SCOPE_BEGIN|[49]|sobjType|Schema.SObjectType|true|false
06:19:53.0 (17183791)|VARIABLE_ASSIGNMENT|[49]|sobjType|"common.apex.runtime.impl.ApexSObjectTypeToken@16a7be0c"|0x16a7be0c
06:19:53.0 (17191751)|STATEMENT_EXECUTE|[49]
06:19:53.0 (17194427)|STATEMENT_EXECUTE|[52]
06:19:53.0 (17201016)|HEAP_ALLOCATE|[52]|Bytes:4
06:19:53.0 (17217234)|VARIABLE_SCOPE_BEGIN|[52]|nameField|String|false|false
06:19:53.0 (17235098)|VARIABLE_ASSIGNMENT|[52]|nameField|"Name"
06:19:53.0 (17238219)|STATEMENT_EXECUTE|[53]
06:19:53.0 (17595602)|HEAP_ALLOCATE|[53]|Bytes:4
06:19:53.0 (17645670)|VARIABLE_SCOPE_BEGIN|[53]|dfrLkp|Schema.DescribeSObjectResult|true|false
06:19:53.0 (17733092)|VARIABLE_ASSIGNMENT|[53]|dfrLkp|"common.api.soap.wsdl.DescribeSObjectResult@186823e1"|0x37f68abd
06:19:53.0 (18376714)|HEAP_ALLOCATE|[54]|Bytes:260
06:19:53.0 (18502030)|HEAP_ALLOCATE|[EXTERNAL]|Bytes:260
06:19:53.0 (18530510)|HEAP_ALLOCATE|[54]|Bytes:260
06:19:53.0 (18656023)|HEAP_ALLOCATE|[54]|Bytes:5
06:19:53.0 (18697626)|VARIABLE_SCOPE_BEGIN|[54]|sotype|Schema.SObjectField|true|false
06:19:53.0 (18773324)|VARIABLE_ASSIGNMENT|[54]|sotype|"common.apex.runtime.impl.ApexFieldToken@770f44b5"|0x770f44b5
06:19:53.0 (18780086)|STATEMENT_EXECUTE|[54]
06:19:53.0 (18782669)|STATEMENT_EXECUTE|[55]
06:19:53.0 (19089438)|HEAP_ALLOCATE|[55]|Bytes:8
06:19:53.0 (19134972)|VARIABLE_SCOPE_BEGIN|[55]|fieldDescObj|Schema.DescribeFieldResult|true|false
06:19:53.0 (19215494)|VARIABLE_ASSIGNMENT|[55]|fieldDescObj|"common.api.soap.wsdl.Field@137b02fd"|0x141800d7
06:19:53.0 (19239687)|STATEMENT_EXECUTE|[56]
06:19:53.0 (19260023)|HEAP_ALLOCATE|[54]|Bytes:5
06:19:53.0 (19290077)|VARIABLE_SCOPE_BEGIN|[54]|sotype|Schema.SObjectField|true|false
06:19:53.0 (19358894)|VARIABLE_ASSIGNMENT|[54]|sotype|"common.apex.runtime.impl.ApexFieldToken@1806967"|0x1806967
06:19:53.0 (19365366)|STATEMENT_EXECUTE|[54]
06:19:53.0 (19367758)|STATEMENT_EXECUTE|[55]
06:19:53.0 (19503142)|HEAP_ALLOCATE|[55]|Bytes:8
06:19:53.0 (19525005)|VARIABLE_SCOPE_BEGIN|[55]|fieldDescObj|Schema.DescribeFieldResult|true|false
06:19:53.0 (19608510)|VARIABLE_ASSIGNMENT|[55]|fieldDescObj|"common.api.soap.wsdl.Field@80e0830a"|0x5f024cec
06:19:53.0 (19621531)|STATEMENT_EXECUTE|[56]
06:19:53.0 (19640767)|HEAP_ALLOCATE|[54]|Bytes:5
06:19:53.0 (19669751)|VARIABLE_SCOPE_BEGIN|[54]|sotype|Schema.SObjectField|true|false
06:19:53.0 (19734225)|VARIABLE_ASSIGNMENT|[54]|sotype|"common.apex.runtime.impl.ApexFieldToken@45fb8ce1"|0x45fb8ce1
06:19:53.0 (19740378)|STATEMENT_EXECUTE|[54]
06:19:53.0 (19742673)|STATEMENT_EXECUTE|[55]
06:19:53.0 (19888203)|HEAP_ALLOCATE|[55]|Bytes:8
06:19:53.0 (19909446)|VARIABLE_SCOPE_BEGIN|[55]|fieldDescObj|Schema.DescribeFieldResult|true|false
06:19:53.0 (19982542)|VARIABLE_ASSIGNMENT|[55]|fieldDescObj|"common.api.soap.wsdl.Field@d7ec857d"|0x31d2598e
06:19:53.0 (19995440)|STATEMENT_EXECUTE|[56]
06:19:53.0 (20014808)|HEAP_ALLOCATE|[54]|Bytes:5
06:19:53.0 (20045078)|VARIABLE_SCOPE_BEGIN|[54]|sotype|Schema.SObjectField|true|false
06:19:53.0 (20108651)|VARIABLE_ASSIGNMENT|[54]|sotype|"common.apex.runtime.impl.ApexFieldToken@114285b9"|0x114285b9
06:19:53.0 (20114620)|STATEMENT_EXECUTE|[54]
06:19:53.0 (20116938)|STATEMENT_EXECUTE|[55]
06:19:53.0 (20518961)|HEAP_ALLOCATE|[55]|Bytes:8
06:19:53.0 (20541290)|VARIABLE_SCOPE_BEGIN|[55]|fieldDescObj|Schema.DescribeFieldResult|true|false
06:19:53.0 (20623504)|VARIABLE_ASSIGNMENT|[55]|fieldDescObj|"common.api.soap.wsdl.Field@e64d1363"|0x1c38c8e2
06:19:53.0 (20636438)|STATEMENT_EXECUTE|[56]
06:19:53.0 (20655941)|HEAP_ALLOCATE|[54]|Bytes:5
06:19:53.0 (20685387)|VARIABLE_SCOPE_BEGIN|[54]|sotype|Schema.SObjectField|true|false
06:19:53.0 (20749871)|VARIABLE_ASSIGNMENT|[54]|sotype|"common.apex.runtime.impl.ApexFieldToken@1c6541c8"|0x1c6541c8
06:19:53.0 (20756182)|STATEMENT_EXECUTE|[54]
06:19:53.0 (20758614)|STATEMENT_EXECUTE|[55]
06:19:53.0 (20944551)|HEAP_ALLOCATE|[55]|Bytes:8
06:19:53.0 (20966388)|VARIABLE_SCOPE_BEGIN|[55]|fieldDescObj|Schema.DescribeFieldResult|true|false
06:19:53.0 (21038498)|VARIABLE_ASSIGNMENT|[55]|fieldDescObj|"common.api.soap.wsdl.Field@43f2c29"|0x4b8ab6d3
06:19:53.0 (21052172)|STATEMENT_EXECUTE|[56]
06:19:53.0 (21071239)|HEAP_ALLOCATE|[54]|Bytes:5
06:19:53.0 (21100186)|VARIABLE_SCOPE_BEGIN|[54]|sotype|Schema.SObjectField|true|false
06:19:53.0 (21168397)|VARIABLE_ASSIGNMENT|[54]|sotype|"common.apex.runtime.impl.ApexFieldToken@1eacd872"|0x1eacd872
06:19:53.0 (21174414)|STATEMENT_EXECUTE|[54]
06:19:53.0 (21176777)|STATEMENT_EXECUTE|[55]
06:19:53.0 (21315865)|HEAP_ALLOCATE|[55]|Bytes:8
06:19:53.0 (21337407)|VARIABLE_SCOPE_BEGIN|[55]|fieldDescObj|Schema.DescribeFieldResult|true|false
06:19:53.0 (21412157)|VARIABLE_ASSIGNMENT|[55]|fieldDescObj|"common.api.soap.wsdl.Field@4a049591"|0x2d63df73
06:19:53.0 (21424989)|STATEMENT_EXECUTE|[56]
06:19:53.0 (21444088)|HEAP_ALLOCATE|[54]|Bytes:5
06:19:53.0 (21472802)|VARIABLE_SCOPE_BEGIN|[54]|sotype|Schema.SObjectField|true|false
06:19:53.0 (21536665)|VARIABLE_ASSIGNMENT|[54]|sotype|"common.apex.runtime.impl.ApexFieldToken@729c3c2"|0x729c3c2
06:19:53.0 (21542742)|STATEMENT_EXECUTE|[54]
06:19:53.0 (21545102)|STATEMENT_EXECUTE|[55]
06:19:53.0 (21690706)|HEAP_ALLOCATE|[55]|Bytes:8
06:19:53.0 (21712135)|VARIABLE_SCOPE_BEGIN|[55]|fieldDescObj|Schema.DescribeFieldResult|true|false
06:19:53.0 (21783763)|VARIABLE_ASSIGNMENT|[55]|fieldDescObj|"common.api.soap.wsdl.Field@b56a7cd2"|0x465067f6
06:19:53.0 (21796418)|STATEMENT_EXECUTE|[56]
06:19:53.0 (21815248)|HEAP_ALLOCATE|[54]|Bytes:5
06:19:53.0 (21844000)|VARIABLE_SCOPE_BEGIN|[54]|sotype|Schema.SObjectField|true|false
06:19:53.0 (21910461)|VARIABLE_ASSIGNMENT|[54]|sotype|"common.apex.runtime.impl.ApexFieldToken@243e1d3"|0x243e1d3
06:19:53.0 (21916457)|STATEMENT_EXECUTE|[54]
06:19:53.0 (21918742)|STATEMENT_EXECUTE|[55]
06:19:53.0 (34366452)|HEAP_ALLOCATE|[55]|Bytes:8
06:19:53.0 (34394142)|VARIABLE_SCOPE_BEGIN|[55]|fieldDescObj|Schema.DescribeFieldResult|true|false
06:19:53.0 (34479393)|VARIABLE_ASSIGNMENT|[55]|fieldDescObj|"common.api.soap.wsdl.Field@13e121a6"|0x6c4b607f
06:19:53.0 (34493612)|STATEMENT_EXECUTE|[56]
06:19:53.0 (34496694)|STATEMENT_EXECUTE|[57]
06:19:53.0 (34516428)|HEAP_ALLOCATE|[57]|Bytes:4
06:19:53.0 (34541479)|VARIABLE_ASSIGNMENT|[57]|nameField|"Name"
06:19:53.0 (34545328)|STATEMENT_EXECUTE|[58]
06:19:53.0 (34561909)|VARIABLE_ASSIGNMENT|[54]|sotype|null|
06:19:53.0 (34565759)|STATEMENT_EXECUTE|[61]
06:19:53.0 (34579552)|METHOD_EXIT|[28]|01p36000006RyOZ|InputLookupController.getSobjectNameField(Schema.SObjectType)
06:19:53.0 (34595092)|VARIABLE_SCOPE_BEGIN|[28]|nameField|String|false|false
06:19:53.0 (34611399)|VARIABLE_ASSIGNMENT|[28]|nameField|"Name"
06:19:53.0 (34614531)|STATEMENT_EXECUTE|[29]
06:19:53.0 (34620614)|HEAP_ALLOCATE|[29]|Bytes:11
06:19:53.0 (34628790)|HEAP_ALLOCATE|[29]|Bytes:6
06:19:53.0 (34634390)|HEAP_ALLOCATE|[29]|Bytes:13
06:19:53.0 (34696911)|HEAP_ALLOCATE|[29]|Bytes:18
06:19:53.0 (34724753)|HEAP_ALLOCATE|[29]|Bytes:59
06:19:53.0 (34732313)|HEAP_ALLOCATE|[29]|Bytes:1
06:19:53.0 (34742533)|HEAP_ALLOCATE|[29]|Bytes:60
06:19:53.0 (34756571)|VARIABLE_SCOPE_BEGIN|[29]|query|String|false|false
06:19:53.0 (34777284)|VARIABLE_ASSIGNMENT|[29]|query|"Select Id, Name From (40 more) ..."
06:19:53.0 (34781183)|STATEMENT_EXECUTE|[30]
06:19:53.0 (34786925)|HEAP_ALLOCATE|[30]|Bytes:11
06:19:53.0 (34796917)|HEAP_ALLOCATE|[30]|Bytes:71
06:19:53.0 (34854899)|USER_DEBUG|[30]|DEBUG|### Query: Select Id, Name From Contact Where Id = '00336000003WhTDAA0'
06:19:53.0 (34865060)|STATEMENT_EXECUTE|[31]
06:19:53.0 (35069050)|SOQL_EXECUTE_BEGIN|[31]|Aggregations:0|Select Id, Name From Contact Where Id = '00336000003WhTDAA0'
06:19:53.0 (38152086)|SOQL_EXECUTE_END|[31]|Rows:1
06:19:53.0 (38176423)|HEAP_ALLOCATE|[31]|Bytes:8
06:19:53.0 (38194746)|HEAP_ALLOCATE|[31]|Bytes:46
06:19:53.0 (38244982)|HEAP_ALLOCATE|[31]|Bytes:8
06:19:53.0 (38270990)|VARIABLE_SCOPE_BEGIN|[31]|oList|List<SObject>|true|false
06:19:53.0 (38320955)|VARIABLE_ASSIGNMENT|[31]|oList|{"s":1,"v":[{"s":2,"v":{"Id":"00336000003WhTDAA0","Name":"Jon Smith"}}]}|0x2aa7ab34
06:19:53.0 (38438673)|STATEMENT_EXECUTE|[32]
06:19:53.0 (38442825)|STATEMENT_EXECUTE|[35]
06:19:53.0 (38480325)|HEAP_ALLOCATE|[35]|Bytes:12
06:19:53.0 (38589579)|HEAP_ALLOCATE|[35]|Bytes:9
06:19:53.0 (38616010)|SYSTEM_MODE_EXIT|false
06:19:53.38 (38655427)|CUMULATIVE_LIMIT_USAGE
06:19:53.38 (38655427)|LIMIT_USAGE_FOR_NS|(default)|
  Number of SOQL queries: 1 out of 100
  Number of query rows: 1 out of 50000
  Number of SOSL queries: 0 out of 20
  Number of DML statements: 0 out of 150
  Number of DML rows: 0 out of 10000
  Maximum CPU time: 0 out of 10000
  Maximum heap size: 0 out of 6000000
  Number of callouts: 0 out of 100
  Number of Email Invocations: 0 out of 10
  Number of future calls: 0 out of 50
  Number of queueable jobs added to the queue: 0 out of 50
  Number of Mobile Apex push calls: 0 out of 10

06:19:53.38 (38655427)|CUMULATIVE_LIMIT_USAGE_END

06:19:53.0 (38720984)|CODE_UNIT_FINISHED|InputLookupController.getCurrentValue
