36.0 APEX_CODE,FINEST;APEX_PROFILING,INFO;CALLOUT,INFO;DB,INFO;SYSTEM,DEBUG;VALIDATION,INFO;VISUALFORCE,INFO;WORKFLOW,INFO
03:20:14.0 (85113)|EXECUTION_STARTED
03:20:14.0 (117438)|CODE_UNIT_STARTED|[EXTERNAL]|01p36000004ZxaQ|AccountsController.getAccounts
03:20:14.0 (329006)|HEAP_ALLOCATE|[72]|Bytes:3
03:20:14.0 (405782)|HEAP_ALLOCATE|[77]|Bytes:152
03:20:14.0 (430116)|HEAP_ALLOCATE|[342]|Bytes:408
03:20:14.0 (452527)|HEAP_ALLOCATE|[355]|Bytes:408
03:20:14.0 (473063)|HEAP_ALLOCATE|[467]|Bytes:48
03:20:14.0 (520467)|HEAP_ALLOCATE|[139]|Bytes:6
03:20:14.0 (650907)|HEAP_ALLOCATE|[EXTERNAL]|Bytes:1
03:20:14.0 (671536)|METHOD_ENTRY|[1]|01p36000004ZxaQ|AccountsController.AccountsController()
03:20:14.0 (676977)|STATEMENT_EXECUTE|[1]
03:20:14.0 (683958)|STATEMENT_EXECUTE|[1]
03:20:14.0 (692208)|METHOD_EXIT|[1]|AccountsController
03:20:14.0 (711175)|SYSTEM_MODE_ENTER|false
03:20:14.0 (726584)|STATEMENT_EXECUTE|[3]
03:20:14.0 (728450)|STATEMENT_EXECUTE|[4]
03:20:14.0 (732027)|HEAP_ALLOCATE|[4]|Bytes:182
03:20:14.0 (750131)|HEAP_ALLOCATE|[4]|Bytes:4
03:20:14.0 (802305)|HEAP_ALLOCATE|[50]|Bytes:5
03:20:14.0 (836913)|HEAP_ALLOCATE|[56]|Bytes:5
03:20:14.0 (849192)|HEAP_ALLOCATE|[64]|Bytes:7
03:20:14.0 (1619803)|SOQL_EXECUTE_BEGIN|[4]|Aggregations:0|SELECT Id, name, industry, Type, NumberOfEmployees, TickerSymbol, Phone, BillingStreet, BillingCity, BillingState, BillingPostalCode FROM Account ORDER BY createdDate ASC NULLS FIRST
03:20:14.0 (6194949)|SOQL_EXECUTE_END|[4]|Rows:26
03:20:14.0 (6223467)|HEAP_ALLOCATE|[4]|Bytes:108
03:20:14.0 (6296527)|HEAP_ALLOCATE|[4]|Bytes:4347
03:20:14.0 (6479955)|HEAP_ALLOCATE|[4]|Bytes:108
03:20:14.0 (6497559)|SYSTEM_MODE_EXIT|false
03:20:14.6 (6546165)|CUMULATIVE_LIMIT_USAGE
03:20:14.6 (6546165)|LIMIT_USAGE_FOR_NS|(default)|
  Number of SOQL queries: 1 out of 100
  Number of query rows: 26 out of 50000
  Number of SOSL queries: 0 out of 20
  Number of DML statements: 0 out of 150
  Number of DML rows: 0 out of 10000
  Maximum CPU time: 0 out of 10000
  Maximum heap size: 0 out of 6000000
  Number of callouts: 0 out of 100
  Number of Email Invocations: 0 out of 10
  Number of future calls: 0 out of 50
  Number of queueable jobs added to the queue: 0 out of 50
  Number of Mobile Apex push calls: 0 out of 10

03:20:14.6 (6546165)|CUMULATIVE_LIMIT_USAGE_END

03:20:14.0 (6602444)|CODE_UNIT_FINISHED|AccountsController.getAccounts
03:20:14.0 (8203135)|EXECUTION_FINISHED
