36.0 APEX_CODE,FINEST;APEX_PROFILING,INFO;CALLOUT,INFO;DB,INFO;SYSTEM,DEBUG;VALIDATION,INFO;VISUALFORCE,INFO;WORKFLOW,INFO
12:52:42.0 (98528)|EXECUTION_STARTED
12:52:42.0 (143071)|CODE_UNIT_STARTED|[EXTERNAL]|aura
12:52:42.0 (676487)|HEAP_ALLOCATE|[72]|Bytes:3
12:52:42.0 (735448)|HEAP_ALLOCATE|[77]|Bytes:152
12:52:42.0 (755871)|HEAP_ALLOCATE|[342]|Bytes:408
12:52:42.0 (775972)|HEAP_ALLOCATE|[355]|Bytes:408
12:52:42.0 (794257)|HEAP_ALLOCATE|[467]|Bytes:48
12:52:42.0 (825051)|HEAP_ALLOCATE|[139]|Bytes:6
12:52:42.0 (852912)|HEAP_ALLOCATE|[EXTERNAL]|Bytes:7
12:52:42.0 (869417)|HEAP_ALLOCATE|[EXTERNAL]|Bytes:7
12:52:42.0 (2090762)|CODE_UNIT_STARTED|[EXTERNAL]|01p36000006RyOZ|InputLookupController.getCurrentValue
12:52:42.0 (2252621)|HEAP_ALLOCATE|[EXTERNAL]|Bytes:12
12:52:42.0 (2259338)|HEAP_ALLOCATE|[EXTERNAL]|Bytes:7
12:52:42.0 (2262169)|HEAP_ALLOCATE|[EXTERNAL]|Bytes:5
12:52:42.0 (2274634)|METHOD_ENTRY|[1]|01p36000006RyOZ|InputLookupController.InputLookupController()
12:52:42.0 (2278931)|STATEMENT_EXECUTE|[1]
12:52:42.0 (2284600)|STATEMENT_EXECUTE|[1]
12:52:42.0 (2286111)|STATEMENT_EXECUTE|[41]
12:52:42.0 (2290636)|METHOD_EXIT|[1]|InputLookupController
12:52:42.0 (2294498)|HEAP_ALLOCATE|[EXTERNAL]|Bytes:7
12:52:42.0 (2305823)|SYSTEM_MODE_ENTER|false
12:52:42.0 (2319359)|VARIABLE_SCOPE_BEGIN|[7]|type|String|false|false
12:52:42.0 (2350875)|VARIABLE_ASSIGNMENT|[7]|type|"Account"
12:52:42.0 (2355443)|VARIABLE_SCOPE_BEGIN|[7]|value|String|false|false
12:52:42.0 (2361588)|VARIABLE_ASSIGNMENT|[7]|value|null
12:52:42.0 (2372345)|STATEMENT_EXECUTE|[7]
12:52:42.0 (2461199)|HEAP_ALLOCATE|[50]|Bytes:5
12:52:42.0 (2485634)|HEAP_ALLOCATE|[56]|Bytes:5
12:52:42.0 (2494922)|HEAP_ALLOCATE|[64]|Bytes:7
12:52:42.0 (2512779)|STATEMENT_EXECUTE|[8]
12:52:42.0 (2515636)|STATEMENT_EXECUTE|[12]
12:52:42.0 (2527736)|VARIABLE_SCOPE_BEGIN|[12]|lookupId|Id|false|false
12:52:42.0 (2536048)|VARIABLE_ASSIGNMENT|[12]|lookupId|null
12:52:42.0 (2538239)|STATEMENT_EXECUTE|[13]
12:52:42.0 (2539442)|STATEMENT_EXECUTE|[13]
12:52:42.0 (2540715)|STATEMENT_EXECUTE|[14]
12:52:42.0 (2546472)|VARIABLE_ASSIGNMENT|[14]|lookupId|null
12:52:42.0 (2587422)|STATEMENT_EXECUTE|[19]
12:52:42.0 (2589754)|STATEMENT_EXECUTE|[20]
12:52:42.0 (2600884)|SYSTEM_MODE_EXIT|false
12:52:42.2 (2638049)|CUMULATIVE_LIMIT_USAGE
12:52:42.2 (2638049)|LIMIT_USAGE_FOR_NS|(default)|
  Number of SOQL queries: 0 out of 100
  Number of query rows: 0 out of 50000
  Number of SOSL queries: 0 out of 20
  Number of DML statements: 0 out of 150
  Number of DML rows: 0 out of 10000
  Maximum CPU time: 0 out of 10000
  Maximum heap size: 0 out of 6000000
  Number of callouts: 0 out of 100
  Number of Email Invocations: 0 out of 10
  Number of future calls: 0 out of 50
  Number of queueable jobs added to the queue: 0 out of 50
  Number of Mobile Apex push calls: 0 out of 10

12:52:42.2 (2638049)|CUMULATIVE_LIMIT_USAGE_END

12:52:42.0 (2694069)|CODE_UNIT_FINISHED|InputLookupController.getCurrentValue
