36.0 APEX_CODE,FINEST;APEX_PROFILING,INFO;CALLOUT,INFO;DB,INFO;SYSTEM,DEBUG;VALIDATION,INFO;VISUALFORCE,INFO;WORKFLOW,INFO
13:09:12.0 (88590)|EXECUTION_STARTED
13:09:12.0 (130956)|CODE_UNIT_STARTED|[EXTERNAL]|aura
13:09:12.0 (717143)|HEAP_ALLOCATE|[72]|Bytes:3
13:09:12.0 (778997)|HEAP_ALLOCATE|[77]|Bytes:152
13:09:12.0 (801056)|HEAP_ALLOCATE|[342]|Bytes:408
13:09:12.0 (823067)|HEAP_ALLOCATE|[355]|Bytes:408
13:09:12.0 (843227)|HEAP_ALLOCATE|[467]|Bytes:48
13:09:12.0 (881983)|HEAP_ALLOCATE|[139]|Bytes:6
13:09:12.0 (916601)|HEAP_ALLOCATE|[EXTERNAL]|Bytes:7
13:09:12.0 (932702)|HEAP_ALLOCATE|[EXTERNAL]|Bytes:7
13:09:12.0 (2137108)|CODE_UNIT_STARTED|[EXTERNAL]|01p36000006RyOZ|InputLookupController.getCurrentValue
13:09:12.0 (2288858)|HEAP_ALLOCATE|[EXTERNAL]|Bytes:12
13:09:12.0 (2297500)|HEAP_ALLOCATE|[EXTERNAL]|Bytes:7
13:09:12.0 (2301228)|HEAP_ALLOCATE|[EXTERNAL]|Bytes:5
13:09:12.0 (2313449)|METHOD_ENTRY|[1]|01p36000006RyOZ|InputLookupController.InputLookupController()
13:09:12.0 (2317077)|STATEMENT_EXECUTE|[1]
13:09:12.0 (2324830)|STATEMENT_EXECUTE|[1]
13:09:12.0 (2326169)|STATEMENT_EXECUTE|[41]
13:09:12.0 (2331911)|METHOD_EXIT|[1]|InputLookupController
13:09:12.0 (2335875)|HEAP_ALLOCATE|[EXTERNAL]|Bytes:7
13:09:12.0 (2350757)|SYSTEM_MODE_ENTER|false
13:09:12.0 (2360735)|VARIABLE_SCOPE_BEGIN|[7]|type|String|false|false
13:09:12.0 (2399306)|VARIABLE_ASSIGNMENT|[7]|type|"Account"
13:09:12.0 (2403935)|VARIABLE_SCOPE_BEGIN|[7]|value|String|false|false
13:09:12.0 (2412257)|VARIABLE_ASSIGNMENT|[7]|value|null
13:09:12.0 (2423261)|STATEMENT_EXECUTE|[7]
13:09:12.0 (2519466)|HEAP_ALLOCATE|[50]|Bytes:5
13:09:12.0 (2542965)|HEAP_ALLOCATE|[56]|Bytes:5
13:09:12.0 (2554136)|HEAP_ALLOCATE|[64]|Bytes:7
13:09:12.0 (2574249)|STATEMENT_EXECUTE|[8]
13:09:12.0 (2576739)|STATEMENT_EXECUTE|[12]
13:09:12.0 (2589261)|VARIABLE_SCOPE_BEGIN|[12]|lookupId|Id|false|false
13:09:12.0 (2602701)|VARIABLE_ASSIGNMENT|[12]|lookupId|null
13:09:12.0 (2605537)|STATEMENT_EXECUTE|[13]
13:09:12.0 (2606674)|STATEMENT_EXECUTE|[13]
13:09:12.0 (2607642)|STATEMENT_EXECUTE|[14]
13:09:12.0 (2616779)|VARIABLE_ASSIGNMENT|[14]|lookupId|null
13:09:12.0 (2668684)|STATEMENT_EXECUTE|[19]
13:09:12.0 (2671064)|STATEMENT_EXECUTE|[20]
13:09:12.0 (2683910)|SYSTEM_MODE_EXIT|false
13:09:12.2 (2727703)|CUMULATIVE_LIMIT_USAGE
13:09:12.2 (2727703)|LIMIT_USAGE_FOR_NS|(default)|
  Number of SOQL queries: 0 out of 100
  Number of query rows: 0 out of 50000
  Number of SOSL queries: 0 out of 20
  Number of DML statements: 0 out of 150
  Number of DML rows: 0 out of 10000
  Maximum CPU time: 0 out of 10000
  Maximum heap size: 0 out of 6000000
  Number of callouts: 0 out of 100
  Number of Email Invocations: 0 out of 10
  Number of future calls: 0 out of 50
  Number of queueable jobs added to the queue: 0 out of 50
  Number of Mobile Apex push calls: 0 out of 10

13:09:12.2 (2727703)|CUMULATIVE_LIMIT_USAGE_END

13:09:12.0 (2782568)|CODE_UNIT_FINISHED|InputLookupController.getCurrentValue
