36.0 APEX_CODE,FINEST;APEX_PROFILING,INFO;CALLOUT,INFO;DB,INFO;SYSTEM,DEBUG;VALIDATION,INFO;VISUALFORCE,INFO;WORKFLOW,INFO
13:14:27.0 (97111)|EXECUTION_STARTED
13:14:27.0 (138421)|CODE_UNIT_STARTED|[EXTERNAL]|01p36000006RnKY|InventoryController.getInventories
13:14:27.0 (660483)|HEAP_ALLOCATE|[72]|Bytes:3
13:14:27.0 (726302)|HEAP_ALLOCATE|[77]|Bytes:152
13:14:27.0 (746560)|HEAP_ALLOCATE|[342]|Bytes:408
13:14:27.0 (768570)|HEAP_ALLOCATE|[355]|Bytes:408
13:14:27.0 (789066)|HEAP_ALLOCATE|[467]|Bytes:48
13:14:27.0 (825657)|HEAP_ALLOCATE|[139]|Bytes:6
13:14:27.0 (849278)|HEAP_ALLOCATE|[EXTERNAL]|Bytes:4
13:14:27.0 (866160)|METHOD_ENTRY|[1]|01p36000006RnKY|InventoryController.InventoryController()
13:14:27.0 (870798)|STATEMENT_EXECUTE|[1]
13:14:27.0 (876156)|STATEMENT_EXECUTE|[1]
13:14:27.0 (911511)|HEAP_ALLOCATE|[50]|Bytes:5
13:14:27.0 (939208)|HEAP_ALLOCATE|[56]|Bytes:5
13:14:27.0 (948529)|HEAP_ALLOCATE|[64]|Bytes:7
13:14:27.0 (976128)|SYSTEM_MODE_ENTER|false
13:14:27.0 (998227)|HEAP_ALLOCATE|[EXTERNAL]|Bytes:5
13:14:27.0 (1005889)|SYSTEM_MODE_EXIT|false
13:14:27.0 (1019133)|METHOD_EXIT|[1]|InventoryController
13:14:27.0 (1029138)|SYSTEM_MODE_ENTER|false
13:14:27.0 (1044581)|HEAP_ALLOCATE|[13]|Bytes:5
13:14:27.0 (1048375)|STATEMENT_EXECUTE|[12]
13:14:27.0 (1050218)|STATEMENT_EXECUTE|[13]
13:14:27.0 (1053613)|HEAP_ALLOCATE|[13]|Bytes:132
13:14:27.0 (1064419)|HEAP_ALLOCATE|[13]|Bytes:4
13:14:27.0 (1500201)|SOQL_EXECUTE_BEGIN|[13]|Aggregations:0|SELECT id, name, Inventory_Number__c, Customer__c, Contact_Person__c, Value__c, LastModifiedDate FROM Computer_Inventory__c LIMIT 50
13:14:27.0 (4098750)|SOQL_EXECUTE_END|[13]|Rows:5
13:14:27.0 (4122068)|HEAP_ALLOCATE|[13]|Bytes:24
13:14:27.0 (4155946)|HEAP_ALLOCATE|[13]|Bytes:1224
13:14:27.0 (4197882)|HEAP_ALLOCATE|[13]|Bytes:24
13:14:27.0 (4221424)|SYSTEM_MODE_EXIT|false
13:14:27.4 (4267413)|CUMULATIVE_LIMIT_USAGE
13:14:27.4 (4267413)|LIMIT_USAGE_FOR_NS|(default)|
  Number of SOQL queries: 1 out of 100
  Number of query rows: 5 out of 50000
  Number of SOSL queries: 0 out of 20
  Number of DML statements: 0 out of 150
  Number of DML rows: 0 out of 10000
  Maximum CPU time: 0 out of 10000
  Maximum heap size: 0 out of 6000000
  Number of callouts: 0 out of 100
  Number of Email Invocations: 0 out of 10
  Number of future calls: 0 out of 50
  Number of queueable jobs added to the queue: 0 out of 50
  Number of Mobile Apex push calls: 0 out of 10

13:14:27.4 (4267413)|CUMULATIVE_LIMIT_USAGE_END

13:14:27.0 (4326071)|CODE_UNIT_FINISHED|InventoryController.getInventories
13:14:27.0 (5967383)|EXECUTION_FINISHED
