36.0 APEX_CODE,FINEST;APEX_PROFILING,INFO;CALLOUT,INFO;DB,INFO;SYSTEM,DEBUG;VALIDATION,INFO;VISUALFORCE,INFO;WORKFLOW,INFO
13:27:11.0 (96163)|EXECUTION_STARTED
13:27:11.0 (143841)|CODE_UNIT_STARTED|[EXTERNAL]|01p36000006RnKY|InventoryController.getInventories
13:27:11.0 (606768)|HEAP_ALLOCATE|[72]|Bytes:3
13:27:11.0 (695995)|HEAP_ALLOCATE|[77]|Bytes:152
13:27:11.0 (724930)|HEAP_ALLOCATE|[342]|Bytes:408
13:27:11.0 (749989)|HEAP_ALLOCATE|[355]|Bytes:408
13:27:11.0 (773834)|HEAP_ALLOCATE|[467]|Bytes:48
13:27:11.0 (829882)|HEAP_ALLOCATE|[139]|Bytes:6
13:27:11.0 (867267)|HEAP_ALLOCATE|[EXTERNAL]|Bytes:4
13:27:11.0 (892015)|METHOD_ENTRY|[1]|01p36000006RnKY|InventoryController.InventoryController()
13:27:11.0 (901686)|STATEMENT_EXECUTE|[1]
13:27:11.0 (914437)|STATEMENT_EXECUTE|[1]
13:27:11.0 (958800)|HEAP_ALLOCATE|[50]|Bytes:5
13:27:11.0 (998996)|HEAP_ALLOCATE|[56]|Bytes:5
13:27:11.0 (1016559)|HEAP_ALLOCATE|[64]|Bytes:7
13:27:11.0 (1055149)|SYSTEM_MODE_ENTER|false
13:27:11.0 (1084036)|HEAP_ALLOCATE|[EXTERNAL]|Bytes:5
13:27:11.0 (1096232)|SYSTEM_MODE_EXIT|false
13:27:11.0 (1113693)|METHOD_EXIT|[1]|InventoryController
13:27:11.0 (1126130)|SYSTEM_MODE_ENTER|false
13:27:11.0 (1145625)|HEAP_ALLOCATE|[13]|Bytes:5
13:27:11.0 (1154252)|STATEMENT_EXECUTE|[12]
13:27:11.0 (1159263)|STATEMENT_EXECUTE|[13]
13:27:11.0 (1165671)|HEAP_ALLOCATE|[13]|Bytes:132
13:27:11.0 (1182728)|HEAP_ALLOCATE|[13]|Bytes:4
13:27:11.0 (1761656)|SOQL_EXECUTE_BEGIN|[13]|Aggregations:0|SELECT id, name, Inventory_Number__c, Customer__c, Contact_Person__c, Value__c, LastModifiedDate FROM Computer_Inventory__c LIMIT 50
13:27:11.0 (4954073)|SOQL_EXECUTE_END|[13]|Rows:5
13:27:11.0 (4990212)|HEAP_ALLOCATE|[13]|Bytes:24
13:27:11.0 (5028864)|HEAP_ALLOCATE|[13]|Bytes:1224
13:27:11.0 (5079097)|HEAP_ALLOCATE|[13]|Bytes:24
13:27:11.0 (5103198)|SYSTEM_MODE_EXIT|false
13:27:11.5 (5149559)|CUMULATIVE_LIMIT_USAGE
13:27:11.5 (5149559)|LIMIT_USAGE_FOR_NS|(default)|
  Number of SOQL queries: 1 out of 100
  Number of query rows: 5 out of 50000
  Number of SOSL queries: 0 out of 20
  Number of DML statements: 0 out of 150
  Number of DML rows: 0 out of 10000
  Maximum CPU time: 0 out of 10000
  Maximum heap size: 0 out of 6000000
  Number of callouts: 0 out of 100
  Number of Email Invocations: 0 out of 10
  Number of future calls: 0 out of 50
  Number of queueable jobs added to the queue: 0 out of 50
  Number of Mobile Apex push calls: 0 out of 10

13:27:11.5 (5149559)|CUMULATIVE_LIMIT_USAGE_END

13:27:11.0 (5217186)|CODE_UNIT_FINISHED|InventoryController.getInventories
13:27:11.0 (6810804)|EXECUTION_FINISHED
