36.0 APEX_CODE,FINEST;APEX_PROFILING,INFO;CALLOUT,INFO;DB,INFO;SYSTEM,DEBUG;VALIDATION,INFO;VISUALFORCE,INFO;WORKFLOW,INFO
03:30:46.0 (110895)|EXECUTION_STARTED
03:30:46.0 (156089)|CODE_UNIT_STARTED|[EXTERNAL]|01p36000006RyIk|ContactController.getContacts
03:30:46.0 (366405)|HEAP_ALLOCATE|[72]|Bytes:3
03:30:46.0 (429874)|HEAP_ALLOCATE|[77]|Bytes:152
03:30:46.0 (450066)|HEAP_ALLOCATE|[342]|Bytes:408
03:30:46.0 (472235)|HEAP_ALLOCATE|[355]|Bytes:408
03:30:46.0 (497834)|HEAP_ALLOCATE|[467]|Bytes:48
03:30:46.0 (535843)|HEAP_ALLOCATE|[139]|Bytes:6
03:30:46.0 (676927)|HEAP_ALLOCATE|[EXTERNAL]|Bytes:4
03:30:46.0 (695274)|METHOD_ENTRY|[1]|01p36000006RyIk|ContactController.ContactController()
03:30:46.0 (700734)|STATEMENT_EXECUTE|[1]
03:30:46.0 (706535)|STATEMENT_EXECUTE|[1]
03:30:46.0 (741119)|HEAP_ALLOCATE|[50]|Bytes:5
03:30:46.0 (768213)|HEAP_ALLOCATE|[56]|Bytes:5
03:30:46.0 (777978)|HEAP_ALLOCATE|[64]|Bytes:7
03:30:46.0 (805498)|SYSTEM_MODE_ENTER|false
03:30:46.0 (823659)|HEAP_ALLOCATE|[EXTERNAL]|Bytes:5
03:30:46.0 (832240)|SYSTEM_MODE_EXIT|false
03:30:46.0 (845387)|METHOD_EXIT|[1]|ContactController
03:30:46.0 (855468)|SYSTEM_MODE_ENTER|false
03:30:46.0 (869248)|HEAP_ALLOCATE|[5]|Bytes:5
03:30:46.0 (873248)|STATEMENT_EXECUTE|[3]
03:30:46.0 (874801)|STATEMENT_EXECUTE|[4]
03:30:46.0 (877742)|HEAP_ALLOCATE|[5]|Bytes:67
03:30:46.0 (889975)|HEAP_ALLOCATE|[5]|Bytes:4
03:30:46.0 (1408553)|SOQL_EXECUTE_BEGIN|[5]|Aggregations:0|SELECT Id, Name, MailingStreet, Phone, Email, Level__c FROM Contact
03:30:46.0 (6065345)|SOQL_EXECUTE_END|[5]|Rows:48
03:30:46.0 (6090025)|HEAP_ALLOCATE|[5]|Bytes:196
03:30:46.0 (6175471)|HEAP_ALLOCATE|[5]|Bytes:5623
03:30:46.0 (6321756)|HEAP_ALLOCATE|[5]|Bytes:196
03:30:46.0 (6345086)|VARIABLE_SCOPE_BEGIN|[4]|contacts|List<Contact>|true|false
03:30:46.0 (6407980)|VARIABLE_ASSIGNMENT|[4]|contacts|{"s":1,"v":"List of size 48 too large to display"}|0x3c1ffc22
03:30:46.0 (6412580)|STATEMENT_EXECUTE|[8]
03:30:46.0 (6427488)|SYSTEM_MODE_EXIT|false
03:30:46.6 (6472998)|CUMULATIVE_LIMIT_USAGE
03:30:46.6 (6472998)|LIMIT_USAGE_FOR_NS|(default)|
  Number of SOQL queries: 1 out of 100
  Number of query rows: 48 out of 50000
  Number of SOSL queries: 0 out of 20
  Number of DML statements: 0 out of 150
  Number of DML rows: 0 out of 10000
  Maximum CPU time: 0 out of 10000
  Maximum heap size: 0 out of 6000000
  Number of callouts: 0 out of 100
  Number of Email Invocations: 0 out of 10
  Number of future calls: 0 out of 50
  Number of queueable jobs added to the queue: 0 out of 50
  Number of Mobile Apex push calls: 0 out of 10

03:30:46.6 (6472998)|CUMULATIVE_LIMIT_USAGE_END

03:30:46.0 (6543209)|CODE_UNIT_FINISHED|ContactController.getContacts
03:30:46.0 (8216136)|EXECUTION_FINISHED
