36.0 APEX_CODE,FINEST;APEX_PROFILING,INFO;CALLOUT,INFO;DB,INFO;SYSTEM,DEBUG;VALIDATION,INFO;VISUALFORCE,INFO;WORKFLOW,INFO
11:00:09.0 (418925)|EXECUTION_STARTED
11:00:09.0 (448965)|CODE_UNIT_STARTED|[EXTERNAL]|01p36000004ZxaQ|AccountController.findAll
11:00:09.0 (846634)|HEAP_ALLOCATE|[72]|Bytes:3
11:00:09.0 (918980)|HEAP_ALLOCATE|[77]|Bytes:152
11:00:09.0 (942104)|HEAP_ALLOCATE|[342]|Bytes:408
11:00:09.0 (963020)|HEAP_ALLOCATE|[355]|Bytes:408
11:00:09.0 (982658)|HEAP_ALLOCATE|[467]|Bytes:48
11:00:09.0 (1030877)|HEAP_ALLOCATE|[139]|Bytes:6
11:00:09.0 (1069609)|HEAP_ALLOCATE|[EXTERNAL]|Bytes:1
11:00:09.0 (1088790)|METHOD_ENTRY|[1]|01p36000004ZxaQ|AccountController.AccountController()
11:00:09.0 (1094581)|STATEMENT_EXECUTE|[1]
11:00:09.0 (1103268)|STATEMENT_EXECUTE|[1]
11:00:09.0 (1140760)|HEAP_ALLOCATE|[50]|Bytes:5
11:00:09.0 (1172213)|HEAP_ALLOCATE|[56]|Bytes:5
11:00:09.0 (1184086)|HEAP_ALLOCATE|[64]|Bytes:7
11:00:09.0 (1217013)|SYSTEM_MODE_ENTER|false
11:00:09.0 (1236342)|HEAP_ALLOCATE|[EXTERNAL]|Bytes:5
11:00:09.0 (1244294)|SYSTEM_MODE_EXIT|false
11:00:09.0 (1257918)|METHOD_EXIT|[1]|AccountController
11:00:09.0 (1267673)|SYSTEM_MODE_ENTER|false
11:00:09.0 (1282244)|HEAP_ALLOCATE|[5]|Bytes:5
11:00:09.0 (1285866)|STATEMENT_EXECUTE|[4]
11:00:09.0 (1287320)|STATEMENT_EXECUTE|[5]
11:00:09.0 (1290624)|HEAP_ALLOCATE|[5]|Bytes:157
11:00:09.0 (1305734)|HEAP_ALLOCATE|[5]|Bytes:4
11:00:09.0 (2103662)|SOQL_EXECUTE_BEGIN|[5]|Aggregations:0|SELECT id, name, Location__Latitude__s, Location__Longitude__s FROM Account WHERE (Location__Latitude__s != NULL AND Location__Longitude__s != NULL) LIMIT 50
11:00:09.0 (6353333)|SOQL_EXECUTE_END|[5]|Rows:3
11:00:09.0 (6382124)|HEAP_ALLOCATE|[5]|Bytes:16
11:00:09.0 (6407269)|HEAP_ALLOCATE|[5]|Bytes:520
11:00:09.0 (6451769)|HEAP_ALLOCATE|[5]|Bytes:16
11:00:09.0 (6469987)|SYSTEM_MODE_EXIT|false
11:00:09.6 (6517700)|CUMULATIVE_LIMIT_USAGE
11:00:09.6 (6517700)|LIMIT_USAGE_FOR_NS|(default)|
  Number of SOQL queries: 1 out of 100
  Number of query rows: 3 out of 50000
  Number of SOSL queries: 0 out of 20
  Number of DML statements: 0 out of 150
  Number of DML rows: 0 out of 10000
  Maximum CPU time: 0 out of 10000
  Maximum heap size: 0 out of 6000000
  Number of callouts: 0 out of 100
  Number of Email Invocations: 0 out of 10
  Number of future calls: 0 out of 50
  Number of queueable jobs added to the queue: 0 out of 50
  Number of Mobile Apex push calls: 0 out of 10

11:00:09.6 (6517700)|CUMULATIVE_LIMIT_USAGE_END

11:00:09.0 (6570754)|CODE_UNIT_FINISHED|AccountController.findAll
11:00:09.0 (8236584)|EXECUTION_FINISHED
