36.0 APEX_CODE,FINEST;APEX_PROFILING,INFO;CALLOUT,INFO;DB,INFO;SYSTEM,DEBUG;VALIDATION,INFO;VISUALFORCE,INFO;WORKFLOW,INFO
10:50:01.0 (549119)|EXECUTION_STARTED
10:50:01.0 (594646)|CODE_UNIT_STARTED|[EXTERNAL]|01p36000004ZxaQ|AccountController.findAll
10:50:01.0 (808530)|HEAP_ALLOCATE|[72]|Bytes:3
10:50:01.0 (882523)|HEAP_ALLOCATE|[77]|Bytes:152
10:50:01.0 (911703)|HEAP_ALLOCATE|[342]|Bytes:408
10:50:01.0 (933590)|HEAP_ALLOCATE|[355]|Bytes:408
10:50:01.0 (951176)|HEAP_ALLOCATE|[467]|Bytes:48
10:50:01.0 (986846)|HEAP_ALLOCATE|[139]|Bytes:6
10:50:01.0 (1014656)|HEAP_ALLOCATE|[EXTERNAL]|Bytes:1
10:50:01.0 (1033375)|METHOD_ENTRY|[1]|01p36000004ZxaQ|AccountController.AccountController()
10:50:01.0 (1041941)|STATEMENT_EXECUTE|[1]
10:50:01.0 (1048826)|STATEMENT_EXECUTE|[1]
10:50:01.0 (1079839)|HEAP_ALLOCATE|[50]|Bytes:5
10:50:01.0 (1100956)|HEAP_ALLOCATE|[56]|Bytes:5
10:50:01.0 (1109785)|HEAP_ALLOCATE|[64]|Bytes:7
10:50:01.0 (1136029)|SYSTEM_MODE_ENTER|false
10:50:01.0 (1151452)|HEAP_ALLOCATE|[EXTERNAL]|Bytes:5
10:50:01.0 (1159383)|SYSTEM_MODE_EXIT|false
10:50:01.0 (1181253)|METHOD_EXIT|[1]|AccountController
10:50:01.0 (1194543)|SYSTEM_MODE_ENTER|false
10:50:01.0 (1213233)|HEAP_ALLOCATE|[5]|Bytes:5
10:50:01.0 (1219741)|STATEMENT_EXECUTE|[4]
10:50:01.0 (1222103)|STATEMENT_EXECUTE|[5]
10:50:01.0 (1227318)|HEAP_ALLOCATE|[5]|Bytes:157
10:50:01.0 (1242603)|HEAP_ALLOCATE|[5]|Bytes:4
10:50:01.0 (2637100)|SOQL_EXECUTE_BEGIN|[5]|Aggregations:0|SELECT id, name, Location__Latitude__s, Location__Longitude__s FROM Account WHERE (Location__Latitude__s != NULL AND Location__Longitude__s != NULL) LIMIT 50
10:50:01.0 (6652288)|SOQL_EXECUTE_END|[5]|Rows:3
10:50:01.0 (6680267)|HEAP_ALLOCATE|[5]|Bytes:16
10:50:01.0 (6709994)|HEAP_ALLOCATE|[5]|Bytes:520
10:50:01.0 (6757335)|HEAP_ALLOCATE|[5]|Bytes:16
10:50:01.0 (6772335)|SYSTEM_MODE_EXIT|false
10:50:01.6 (6816374)|CUMULATIVE_LIMIT_USAGE
10:50:01.6 (6816374)|LIMIT_USAGE_FOR_NS|(default)|
  Number of SOQL queries: 1 out of 100
  Number of query rows: 3 out of 50000
  Number of SOSL queries: 0 out of 20
  Number of DML statements: 0 out of 150
  Number of DML rows: 0 out of 10000
  Maximum CPU time: 0 out of 10000
  Maximum heap size: 0 out of 6000000
  Number of callouts: 0 out of 100
  Number of Email Invocations: 0 out of 10
  Number of future calls: 0 out of 50
  Number of queueable jobs added to the queue: 0 out of 50
  Number of Mobile Apex push calls: 0 out of 10

10:50:01.6 (6816374)|CUMULATIVE_LIMIT_USAGE_END

10:50:01.0 (6876586)|CODE_UNIT_FINISHED|AccountController.findAll
10:50:01.0 (8554707)|EXECUTION_FINISHED
