36.0 APEX_CODE,FINEST;APEX_PROFILING,INFO;CALLOUT,INFO;DB,INFO;SYSTEM,DEBUG;VALIDATION,INFO;VISUALFORCE,INFO;WORKFLOW,INFO
09:03:01.0 (443295)|EXECUTION_STARTED
09:03:01.0 (474269)|CODE_UNIT_STARTED|[EXTERNAL]|01p36000004ZxaQ|AccountController.findAll
09:03:01.0 (875670)|HEAP_ALLOCATE|[72]|Bytes:3
09:03:01.0 (941391)|HEAP_ALLOCATE|[77]|Bytes:152
09:03:01.0 (962442)|HEAP_ALLOCATE|[342]|Bytes:408
09:03:01.0 (982657)|HEAP_ALLOCATE|[355]|Bytes:408
09:03:01.0 (1006311)|HEAP_ALLOCATE|[467]|Bytes:48
09:03:01.0 (1045631)|HEAP_ALLOCATE|[139]|Bytes:6
09:03:01.0 (1070683)|HEAP_ALLOCATE|[EXTERNAL]|Bytes:1
09:03:01.0 (1087679)|METHOD_ENTRY|[1]|01p36000004ZxaQ|AccountController.AccountController()
09:03:01.0 (1091883)|STATEMENT_EXECUTE|[1]
09:03:01.0 (1098060)|STATEMENT_EXECUTE|[1]
09:03:01.0 (1133716)|HEAP_ALLOCATE|[50]|Bytes:5
09:03:01.0 (1159092)|HEAP_ALLOCATE|[56]|Bytes:5
09:03:01.0 (1167359)|HEAP_ALLOCATE|[64]|Bytes:7
09:03:01.0 (1192182)|SYSTEM_MODE_ENTER|false
09:03:01.0 (1212865)|HEAP_ALLOCATE|[EXTERNAL]|Bytes:5
09:03:01.0 (1220551)|SYSTEM_MODE_EXIT|false
09:03:01.0 (1231386)|METHOD_EXIT|[1]|AccountController
09:03:01.0 (1239647)|SYSTEM_MODE_ENTER|false
09:03:01.0 (1254084)|HEAP_ALLOCATE|[5]|Bytes:5
09:03:01.0 (1257591)|STATEMENT_EXECUTE|[4]
09:03:01.0 (1258977)|STATEMENT_EXECUTE|[5]
09:03:01.0 (1263037)|HEAP_ALLOCATE|[5]|Bytes:157
09:03:01.0 (1274795)|HEAP_ALLOCATE|[5]|Bytes:4
09:03:01.0 (2854085)|SOQL_EXECUTE_BEGIN|[5]|Aggregations:0|SELECT id, name, Location__Latitude__s, Location__Longitude__s FROM Account WHERE (Location__Latitude__s != NULL AND Location__Longitude__s != NULL) LIMIT 50
09:03:01.0 (7038656)|SOQL_EXECUTE_END|[5]|Rows:3
09:03:01.0 (7055262)|HEAP_ALLOCATE|[5]|Bytes:16
09:03:01.0 (7078179)|HEAP_ALLOCATE|[5]|Bytes:520
09:03:01.0 (7117008)|HEAP_ALLOCATE|[5]|Bytes:16
09:03:01.0 (7131967)|SYSTEM_MODE_EXIT|false
09:03:01.7 (7170580)|CUMULATIVE_LIMIT_USAGE
09:03:01.7 (7170580)|LIMIT_USAGE_FOR_NS|(default)|
  Number of SOQL queries: 1 out of 100
  Number of query rows: 3 out of 50000
  Number of SOSL queries: 0 out of 20
  Number of DML statements: 0 out of 150
  Number of DML rows: 0 out of 10000
  Maximum CPU time: 0 out of 10000
  Maximum heap size: 0 out of 6000000
  Number of callouts: 0 out of 100
  Number of Email Invocations: 0 out of 10
  Number of future calls: 0 out of 50
  Number of queueable jobs added to the queue: 0 out of 50
  Number of Mobile Apex push calls: 0 out of 10

09:03:01.7 (7170580)|CUMULATIVE_LIMIT_USAGE_END

09:03:01.0 (7215665)|CODE_UNIT_FINISHED|AccountController.findAll
09:03:01.0 (9018892)|EXECUTION_FINISHED
