36.0 APEX_CODE,FINEST;APEX_PROFILING,INFO;CALLOUT,INFO;DB,INFO;SYSTEM,DEBUG;VALIDATION,INFO;VISUALFORCE,INFO;WORKFLOW,INFO
14:00:23.0 (122630)|EXECUTION_STARTED
14:00:23.0 (176392)|CODE_UNIT_STARTED|[EXTERNAL]|TRIGGERS
14:00:23.0 (1394318)|CODE_UNIT_STARTED|[EXTERNAL]|01q360000007e3w|AssigningContactPersonTrigger on Computer_Inventory trigger event BeforeInsert for [new]
14:00:23.0 (1473206)|HEAP_ALLOCATE|[EXTERNAL]|Bytes:8
14:00:23.0 (2208933)|HEAP_ALLOCATE|[72]|Bytes:3
14:00:23.0 (2295708)|HEAP_ALLOCATE|[77]|Bytes:152
14:00:23.0 (2317101)|HEAP_ALLOCATE|[342]|Bytes:408
14:00:23.0 (2338419)|HEAP_ALLOCATE|[355]|Bytes:408
14:00:23.0 (2357904)|HEAP_ALLOCATE|[467]|Bytes:48
14:00:23.0 (2441678)|HEAP_ALLOCATE|[139]|Bytes:6
14:00:23.0 (2495036)|HEAP_ALLOCATE|[EXTERNAL]|Bytes:4
14:00:23.0 (2536932)|VARIABLE_SCOPE_BEGIN|[46]|this|AssigningContactPersonTrigger|true|false
14:00:23.0 (2941928)|VARIABLE_ASSIGNMENT|[46]|this|{}|0x3ab834f7
14:00:23.0 (3036646)|HEAP_ALLOCATE|[EXTERNAL]|Bytes:4
14:00:23.0 (3059499)|VARIABLE_SCOPE_BEGIN|[46]|this|AssigningContactPersonTrigger|true|false
14:00:23.0 (3079451)|VARIABLE_ASSIGNMENT|[46]|this|{}|0x3ab834f7
14:00:23.0 (3087086)|STATEMENT_EXECUTE|[46]
14:00:23.0 (3126578)|HEAP_ALLOCATE|[50]|Bytes:5
14:00:23.0 (3149291)|HEAP_ALLOCATE|[56]|Bytes:5
14:00:23.0 (3159559)|HEAP_ALLOCATE|[64]|Bytes:7
14:00:23.0 (3751445)|HEAP_ALLOCATE|[48]|Bytes:5
14:00:23.0 (3790948)|HEAP_ALLOCATE|[48]|Bytes:4
14:00:23.0 (3805046)|VARIABLE_SCOPE_BEGIN|[48]|c|Computer_Inventory__c|true|false
14:00:23.0 (4096258)|VARIABLE_ASSIGNMENT|[48]|c|{"IsDeleted":false,"Inventory_Number__c":23423423,"Description__c":"sdfsdfsdf","Name":"Rocket","Customer__c":"0013600000CWofeAAD","Value__c":345.00}|0x638cb916
14:00:23.0 (4103322)|STATEMENT_EXECUTE|[48]
14:00:23.0 (4105108)|STATEMENT_EXECUTE|[49]
14:00:23.0 (4109094)|HEAP_ALLOCATE|[49]|Bytes:60
14:00:23.0 (4120368)|HEAP_ALLOCATE|[49]|Bytes:4
14:00:23.0 (4131867)|HEAP_ALLOCATE|[49]|Bytes:7
14:00:23.0 (4365536)|SOQL_EXECUTE_BEGIN|[49]|Aggregations:0|SELECT Inventory_Manager__c FROM Account WHERE id = :tmpVar1
14:00:23.0 (7447892)|SOQL_EXECUTE_END|[49]|Rows:1
14:00:23.0 (7461603)|HEAP_ALLOCATE|[49]|Bytes:8
14:00:23.0 (7475460)|HEAP_ALLOCATE|[49]|Bytes:71
14:00:23.0 (7546677)|HEAP_ALLOCATE|[49]|Bytes:8
14:00:23.0 (7654743)|HEAP_ALLOCATE|[51]|Bytes:12
14:00:23.0 (7835335)|VARIABLE_ASSIGNMENT|[49]|this.Contact_Person__c|"00336000002WYLxAAO"|0x638cb916
14:00:23.0 (7854034)|HEAP_ALLOCATE|[48]|Bytes:5
14:00:23.0 (7868821)|VARIABLE_ASSIGNMENT|[48]|c|null|
14:00:23.7 (7882811)|CUMULATIVE_LIMIT_USAGE
14:00:23.7 (7882811)|LIMIT_USAGE_FOR_NS|(default)|
  Number of SOQL queries: 1 out of 100
  Number of query rows: 1 out of 50000
  Number of SOSL queries: 0 out of 20
  Number of DML statements: 0 out of 150
  Number of DML rows: 0 out of 10000
  Maximum CPU time: 0 out of 10000
  Maximum heap size: 0 out of 6000000
  Number of callouts: 0 out of 100
  Number of Email Invocations: 0 out of 10
  Number of future calls: 0 out of 50
  Number of queueable jobs added to the queue: 0 out of 50
  Number of Mobile Apex push calls: 0 out of 10

14:00:23.7 (7882811)|CUMULATIVE_LIMIT_USAGE_END

14:00:23.0 (9228335)|CODE_UNIT_FINISHED|AssigningContactPersonTrigger on Computer_Inventory trigger event BeforeInsert for [new]
14:00:23.0 (206217771)|CODE_UNIT_STARTED|[EXTERNAL]|Workflow:Account
14:00:23.0 (211612386)|CODE_UNIT_FINISHED|Workflow:Account
14:00:23.0 (311989415)|CODE_UNIT_FINISHED|TRIGGERS
14:00:23.0 (312014305)|EXECUTION_FINISHED
