36.0 APEX_CODE,FINEST;APEX_PROFILING,INFO;CALLOUT,INFO;DB,INFO;SYSTEM,DEBUG;VALIDATION,INFO;VISUALFORCE,INFO;WORKFLOW,INFO
13:29:14.0 (90014)|EXECUTION_STARTED
13:29:14.0 (131921)|CODE_UNIT_STARTED|[EXTERNAL]|01p36000006RnKY|InventoryController.findAll
13:29:14.0 (536793)|HEAP_ALLOCATE|[72]|Bytes:3
13:29:14.0 (614655)|HEAP_ALLOCATE|[77]|Bytes:152
13:29:14.0 (643904)|HEAP_ALLOCATE|[342]|Bytes:408
13:29:14.0 (675189)|HEAP_ALLOCATE|[355]|Bytes:408
13:29:14.0 (701715)|HEAP_ALLOCATE|[467]|Bytes:48
13:29:14.0 (764019)|HEAP_ALLOCATE|[139]|Bytes:6
13:29:14.0 (804434)|HEAP_ALLOCATE|[EXTERNAL]|Bytes:4
13:29:14.0 (828259)|METHOD_ENTRY|[1]|01p36000006RnKY|InventoryController.InventoryController()
13:29:14.0 (836865)|STATEMENT_EXECUTE|[1]
13:29:14.0 (848757)|STATEMENT_EXECUTE|[1]
13:29:14.0 (902475)|HEAP_ALLOCATE|[50]|Bytes:5
13:29:14.0 (940114)|HEAP_ALLOCATE|[56]|Bytes:5
13:29:14.0 (957512)|HEAP_ALLOCATE|[64]|Bytes:7
13:29:14.0 (995330)|SYSTEM_MODE_ENTER|false
13:29:14.0 (1018509)|HEAP_ALLOCATE|[EXTERNAL]|Bytes:5
13:29:14.0 (1033324)|SYSTEM_MODE_EXIT|false
13:29:14.0 (1049447)|METHOD_EXIT|[1]|InventoryController
13:29:14.0 (1062424)|SYSTEM_MODE_ENTER|false
13:29:14.0 (1082280)|HEAP_ALLOCATE|[5]|Bytes:5
13:29:14.0 (1089486)|STATEMENT_EXECUTE|[4]
13:29:14.0 (1093355)|STATEMENT_EXECUTE|[5]
13:29:14.0 (1099081)|HEAP_ALLOCATE|[5]|Bytes:132
13:29:14.0 (1117259)|HEAP_ALLOCATE|[5]|Bytes:4
13:29:14.0 (1685575)|SOQL_EXECUTE_BEGIN|[5]|Aggregations:0|SELECT id, name, Inventory_Number__c, Customer__c, Contact_Person__c, Value__c, LastModifiedDate FROM Computer_Inventory__c LIMIT 50
13:29:14.0 (4814689)|SOQL_EXECUTE_END|[5]|Rows:5
13:29:14.0 (4847719)|HEAP_ALLOCATE|[5]|Bytes:24
13:29:14.0 (4889130)|HEAP_ALLOCATE|[5]|Bytes:1224
13:29:14.0 (4936882)|HEAP_ALLOCATE|[5]|Bytes:24
13:29:14.0 (4960243)|SYSTEM_MODE_EXIT|false
13:29:14.5 (5013287)|CUMULATIVE_LIMIT_USAGE
13:29:14.5 (5013287)|LIMIT_USAGE_FOR_NS|(default)|
  Number of SOQL queries: 1 out of 100
  Number of query rows: 5 out of 50000
  Number of SOSL queries: 0 out of 20
  Number of DML statements: 0 out of 150
  Number of DML rows: 0 out of 10000
  Maximum CPU time: 0 out of 10000
  Maximum heap size: 0 out of 6000000
  Number of callouts: 0 out of 100
  Number of Email Invocations: 0 out of 10
  Number of future calls: 0 out of 50
  Number of queueable jobs added to the queue: 0 out of 50
  Number of Mobile Apex push calls: 0 out of 10

13:29:14.5 (5013287)|CUMULATIVE_LIMIT_USAGE_END

13:29:14.0 (5065560)|CODE_UNIT_FINISHED|InventoryController.findAll
13:29:14.0 (6842326)|EXECUTION_FINISHED
