36.0 APEX_CODE,FINEST;APEX_PROFILING,INFO;CALLOUT,INFO;DB,INFO;SYSTEM,DEBUG;VALIDATION,INFO;VISUALFORCE,INFO;WORKFLOW,INFO
13:58:23.0 (411051)|EXECUTION_STARTED
13:58:23.0 (457037)|CODE_UNIT_STARTED|[EXTERNAL]|01p36000006RnKY|InventoryController.getInventories
13:58:23.0 (674505)|HEAP_ALLOCATE|[72]|Bytes:3
13:58:23.0 (751256)|HEAP_ALLOCATE|[77]|Bytes:152
13:58:23.0 (776853)|HEAP_ALLOCATE|[342]|Bytes:408
13:58:23.0 (799846)|HEAP_ALLOCATE|[355]|Bytes:408
13:58:23.0 (821203)|HEAP_ALLOCATE|[467]|Bytes:48
13:58:23.0 (859930)|HEAP_ALLOCATE|[139]|Bytes:6
13:58:23.0 (954671)|HEAP_ALLOCATE|[EXTERNAL]|Bytes:4
13:58:23.0 (971060)|METHOD_ENTRY|[1]|01p36000006RnKY|InventoryController.InventoryController()
13:58:23.0 (976627)|STATEMENT_EXECUTE|[1]
13:58:23.0 (983747)|STATEMENT_EXECUTE|[1]
13:58:23.0 (1019165)|HEAP_ALLOCATE|[50]|Bytes:5
13:58:23.0 (1050057)|HEAP_ALLOCATE|[56]|Bytes:5
13:58:23.0 (1061935)|HEAP_ALLOCATE|[64]|Bytes:7
13:58:23.0 (1092860)|SYSTEM_MODE_ENTER|false
13:58:23.0 (1118789)|HEAP_ALLOCATE|[EXTERNAL]|Bytes:5
13:58:23.0 (1130367)|SYSTEM_MODE_EXIT|false
13:58:23.0 (1144455)|METHOD_EXIT|[1]|InventoryController
13:58:23.0 (1155153)|SYSTEM_MODE_ENTER|false
13:58:23.0 (1171429)|HEAP_ALLOCATE|[13]|Bytes:5
13:58:23.0 (1177063)|STATEMENT_EXECUTE|[12]
13:58:23.0 (1179746)|STATEMENT_EXECUTE|[13]
13:58:23.0 (1183873)|HEAP_ALLOCATE|[13]|Bytes:132
13:58:23.0 (1197062)|HEAP_ALLOCATE|[13]|Bytes:4
13:58:23.0 (1695917)|SOQL_EXECUTE_BEGIN|[13]|Aggregations:0|SELECT id, name, Inventory_Number__c, Customer__c, Contact_Person__c, Value__c, LastModifiedDate FROM Computer_Inventory__c LIMIT 50
13:58:23.0 (4521577)|SOQL_EXECUTE_END|[13]|Rows:5
13:58:23.0 (4546918)|HEAP_ALLOCATE|[13]|Bytes:24
13:58:23.0 (4582485)|HEAP_ALLOCATE|[13]|Bytes:1224
13:58:23.0 (4695397)|HEAP_ALLOCATE|[13]|Bytes:24
13:58:23.0 (4724586)|SYSTEM_MODE_EXIT|false
13:58:23.4 (4777767)|CUMULATIVE_LIMIT_USAGE
13:58:23.4 (4777767)|LIMIT_USAGE_FOR_NS|(default)|
  Number of SOQL queries: 1 out of 100
  Number of query rows: 5 out of 50000
  Number of SOSL queries: 0 out of 20
  Number of DML statements: 0 out of 150
  Number of DML rows: 0 out of 10000
  Maximum CPU time: 0 out of 10000
  Maximum heap size: 0 out of 6000000
  Number of callouts: 0 out of 100
  Number of Email Invocations: 0 out of 10
  Number of future calls: 0 out of 50
  Number of queueable jobs added to the queue: 0 out of 50
  Number of Mobile Apex push calls: 0 out of 10

13:58:23.4 (4777767)|CUMULATIVE_LIMIT_USAGE_END

13:58:23.0 (4850793)|CODE_UNIT_FINISHED|InventoryController.getInventories
13:58:23.0 (6467782)|EXECUTION_FINISHED
