36.0 APEX_CODE,FINEST;APEX_PROFILING,INFO;CALLOUT,INFO;DB,INFO;SYSTEM,DEBUG;VALIDATION,INFO;VISUALFORCE,INFO;WORKFLOW,INFO
11:01:20.0 (483717)|EXECUTION_STARTED
11:01:20.0 (534639)|CODE_UNIT_STARTED|[EXTERNAL]|01p36000004ZxaQ|AccountController.findAll
11:01:20.0 (759118)|HEAP_ALLOCATE|[72]|Bytes:3
11:01:20.0 (813950)|HEAP_ALLOCATE|[77]|Bytes:152
11:01:20.0 (838360)|HEAP_ALLOCATE|[342]|Bytes:408
11:01:20.0 (864132)|HEAP_ALLOCATE|[355]|Bytes:408
11:01:20.0 (886793)|HEAP_ALLOCATE|[467]|Bytes:48
11:01:20.0 (928694)|HEAP_ALLOCATE|[139]|Bytes:6
11:01:20.0 (965178)|HEAP_ALLOCATE|[EXTERNAL]|Bytes:1
11:01:20.0 (988448)|METHOD_ENTRY|[1]|01p36000004ZxaQ|AccountController.AccountController()
11:01:20.0 (993958)|STATEMENT_EXECUTE|[1]
11:01:20.0 (1002010)|STATEMENT_EXECUTE|[1]
11:01:20.0 (1048995)|HEAP_ALLOCATE|[50]|Bytes:5
11:01:20.0 (1082592)|HEAP_ALLOCATE|[56]|Bytes:5
11:01:20.0 (1102407)|HEAP_ALLOCATE|[64]|Bytes:7
11:01:20.0 (1142345)|SYSTEM_MODE_ENTER|false
11:01:20.0 (1162373)|HEAP_ALLOCATE|[EXTERNAL]|Bytes:5
11:01:20.0 (1171853)|SYSTEM_MODE_EXIT|false
11:01:20.0 (1187629)|METHOD_EXIT|[1]|AccountController
11:01:20.0 (1200837)|SYSTEM_MODE_ENTER|false
11:01:20.0 (1219426)|HEAP_ALLOCATE|[5]|Bytes:5
11:01:20.0 (1225196)|STATEMENT_EXECUTE|[4]
11:01:20.0 (1227544)|STATEMENT_EXECUTE|[5]
11:01:20.0 (1232245)|HEAP_ALLOCATE|[5]|Bytes:157
11:01:20.0 (1243001)|HEAP_ALLOCATE|[5]|Bytes:4
11:01:20.0 (2181534)|SOQL_EXECUTE_BEGIN|[5]|Aggregations:0|SELECT id, name, Location__Latitude__s, Location__Longitude__s FROM Account WHERE (Location__Latitude__s != NULL AND Location__Longitude__s != NULL) LIMIT 50
11:01:20.0 (6757312)|SOQL_EXECUTE_END|[5]|Rows:3
11:01:20.0 (6781482)|HEAP_ALLOCATE|[5]|Bytes:16
11:01:20.0 (6805425)|HEAP_ALLOCATE|[5]|Bytes:520
11:01:20.0 (6846343)|HEAP_ALLOCATE|[5]|Bytes:16
11:01:20.0 (6867198)|SYSTEM_MODE_EXIT|false
11:01:20.6 (6924195)|CUMULATIVE_LIMIT_USAGE
11:01:20.6 (6924195)|LIMIT_USAGE_FOR_NS|(default)|
  Number of SOQL queries: 1 out of 100
  Number of query rows: 3 out of 50000
  Number of SOSL queries: 0 out of 20
  Number of DML statements: 0 out of 150
  Number of DML rows: 0 out of 10000
  Maximum CPU time: 0 out of 10000
  Maximum heap size: 0 out of 6000000
  Number of callouts: 0 out of 100
  Number of Email Invocations: 0 out of 10
  Number of future calls: 0 out of 50
  Number of queueable jobs added to the queue: 0 out of 50
  Number of Mobile Apex push calls: 0 out of 10

11:01:20.6 (6924195)|CUMULATIVE_LIMIT_USAGE_END

11:01:20.0 (6972276)|CODE_UNIT_FINISHED|AccountController.findAll
11:01:20.0 (8689675)|EXECUTION_FINISHED
