36.0 APEX_CODE,FINEST;APEX_PROFILING,INFO;CALLOUT,INFO;DB,INFO;SYSTEM,DEBUG;VALIDATION,INFO;VISUALFORCE,INFO;WORKFLOW,INFO
13:40:28.0 (556431)|EXECUTION_STARTED
13:40:28.0 (589317)|CODE_UNIT_STARTED|[EXTERNAL]|aura
13:40:28.0 (1068526)|HEAP_ALLOCATE|[72]|Bytes:3
13:40:28.0 (1117065)|HEAP_ALLOCATE|[77]|Bytes:152
13:40:28.0 (1132004)|HEAP_ALLOCATE|[342]|Bytes:408
13:40:28.0 (1150709)|HEAP_ALLOCATE|[355]|Bytes:408
13:40:28.0 (1168269)|HEAP_ALLOCATE|[467]|Bytes:48
13:40:28.0 (1199378)|HEAP_ALLOCATE|[139]|Bytes:6
13:40:28.0 (1238036)|HEAP_ALLOCATE|[EXTERNAL]|Bytes:5
13:40:28.0 (1255113)|HEAP_ALLOCATE|[EXTERNAL]|Bytes:5
13:40:28.0 (2832478)|CODE_UNIT_STARTED|[EXTERNAL]|01p36000004YTvk|SimpleServerSideController.serverEcho
13:40:28.0 (2963590)|HEAP_ALLOCATE|[EXTERNAL]|Bytes:1
13:40:28.0 (2987702)|METHOD_ENTRY|[1]|01p36000004YTvk|SimpleServerSideController.SimpleServerSideController()
13:40:28.0 (2992961)|STATEMENT_EXECUTE|[1]
13:40:28.0 (2999991)|STATEMENT_EXECUTE|[1]
13:40:28.0 (3038406)|HEAP_ALLOCATE|[50]|Bytes:5
13:40:28.0 (3061770)|HEAP_ALLOCATE|[56]|Bytes:5
13:40:28.0 (3071676)|HEAP_ALLOCATE|[64]|Bytes:7
13:40:28.0 (3093847)|SYSTEM_MODE_ENTER|false
13:40:28.0 (3114604)|HEAP_ALLOCATE|[EXTERNAL]|Bytes:5
13:40:28.0 (3120138)|SYSTEM_MODE_EXIT|false
13:40:28.0 (3129317)|METHOD_EXIT|[1]|SimpleServerSideController
13:40:28.0 (3134293)|HEAP_ALLOCATE|[EXTERNAL]|Bytes:5
13:40:28.0 (3141763)|SYSTEM_MODE_ENTER|false
13:40:28.0 (3153968)|VARIABLE_SCOPE_BEGIN|[5]|firstName|String|false|false
13:40:28.0 (3187261)|VARIABLE_ASSIGNMENT|[5]|firstName|"world"
13:40:28.0 (3200457)|HEAP_ALLOCATE|[6]|Bytes:5
13:40:28.0 (3204210)|STATEMENT_EXECUTE|[5]
13:40:28.0 (3205668)|STATEMENT_EXECUTE|[6]
13:40:28.0 (3209576)|HEAP_ALLOCATE|[6]|Bytes:23
13:40:28.0 (3222620)|HEAP_ALLOCATE|[6]|Bytes:28
13:40:28.0 (3232376)|SYSTEM_MODE_EXIT|false
13:40:28.3 (3268382)|CUMULATIVE_LIMIT_USAGE
13:40:28.3 (3268382)|LIMIT_USAGE_FOR_NS|(default)|
  Number of SOQL queries: 0 out of 100
  Number of query rows: 0 out of 50000
  Number of SOSL queries: 0 out of 20
  Number of DML statements: 0 out of 150
  Number of DML rows: 0 out of 10000
  Maximum CPU time: 0 out of 10000
  Maximum heap size: 0 out of 6000000
  Number of callouts: 0 out of 100
  Number of Email Invocations: 0 out of 10
  Number of future calls: 0 out of 50
  Number of queueable jobs added to the queue: 0 out of 50
  Number of Mobile Apex push calls: 0 out of 10

13:40:28.3 (3268382)|CUMULATIVE_LIMIT_USAGE_END

13:40:28.0 (3316030)|CODE_UNIT_FINISHED|SimpleServerSideController.serverEcho
