36.0 APEX_CODE,FINEST;APEX_PROFILING,INFO;CALLOUT,INFO;DB,INFO;SYSTEM,DEBUG;VALIDATION,INFO;VISUALFORCE,INFO;WORKFLOW,INFO
06:33:08.0 (378086)|EXECUTION_STARTED
06:33:08.0 (411067)|CODE_UNIT_STARTED|[EXTERNAL]|06636000001XZjR|VF: /apex/Trailhead_SLDS_Contacts
06:33:08.20 (20999772)|CUMULATIVE_LIMIT_USAGE
06:33:08.20 (20999772)|LIMIT_USAGE_FOR_NS|(default)|
  Number of SOQL queries: 0 out of 100
  Number of query rows: 0 out of 50000
  Number of SOSL queries: 0 out of 20
  Number of DML statements: 0 out of 150
  Number of DML rows: 0 out of 10000
  Maximum CPU time: 0 out of 10000
  Maximum heap size: 0 out of 6000000
  Number of callouts: 0 out of 100
  Number of Email Invocations: 0 out of 10
  Number of future calls: 0 out of 50
  Number of queueable jobs added to the queue: 0 out of 50
  Number of Mobile Apex push calls: 0 out of 10

06:33:08.20 (20999772)|CUMULATIVE_LIMIT_USAGE_END

06:33:08.0 (21051836)|CODE_UNIT_FINISHED|VF: /apex/Trailhead_SLDS_Contacts
06:33:08.0 (22006241)|EXECUTION_FINISHED
