36.0 APEX_CODE,FINEST;APEX_PROFILING,INFO;CALLOUT,INFO;DB,INFO;SYSTEM,DEBUG;VALIDATION,INFO;VISUALFORCE,INFO;WORKFLOW,INFO
13:41:21.0 (124895)|EXECUTION_STARTED
13:41:21.0 (177422)|CODE_UNIT_STARTED|[EXTERNAL]|01p36000006RnKY|InventoryController.getInventories
13:41:21.0 (606449)|HEAP_ALLOCATE|[72]|Bytes:3
13:41:21.0 (674608)|HEAP_ALLOCATE|[77]|Bytes:152
13:41:21.0 (699252)|HEAP_ALLOCATE|[342]|Bytes:408
13:41:21.0 (734439)|HEAP_ALLOCATE|[355]|Bytes:408
13:41:21.0 (776549)|HEAP_ALLOCATE|[467]|Bytes:48
13:41:21.0 (824439)|HEAP_ALLOCATE|[139]|Bytes:6
13:41:21.0 (855801)|HEAP_ALLOCATE|[EXTERNAL]|Bytes:4
13:41:21.0 (880602)|METHOD_ENTRY|[1]|01p36000006RnKY|InventoryController.InventoryController()
13:41:21.0 (888642)|STATEMENT_EXECUTE|[1]
13:41:21.0 (897748)|STATEMENT_EXECUTE|[1]
13:41:21.0 (934099)|HEAP_ALLOCATE|[50]|Bytes:5
13:41:21.0 (966552)|HEAP_ALLOCATE|[56]|Bytes:5
13:41:21.0 (979097)|HEAP_ALLOCATE|[64]|Bytes:7
13:41:21.0 (1038506)|SYSTEM_MODE_ENTER|false
13:41:21.0 (1063807)|HEAP_ALLOCATE|[EXTERNAL]|Bytes:5
13:41:21.0 (1077307)|SYSTEM_MODE_EXIT|false
13:41:21.0 (1093347)|METHOD_EXIT|[1]|InventoryController
13:41:21.0 (1104098)|SYSTEM_MODE_ENTER|false
13:41:21.0 (1116942)|HEAP_ALLOCATE|[13]|Bytes:5
13:41:21.0 (1125564)|STATEMENT_EXECUTE|[12]
13:41:21.0 (1128060)|STATEMENT_EXECUTE|[13]
13:41:21.0 (1131679)|HEAP_ALLOCATE|[13]|Bytes:132
13:41:21.0 (1145678)|HEAP_ALLOCATE|[13]|Bytes:4
13:41:21.0 (1871984)|SOQL_EXECUTE_BEGIN|[13]|Aggregations:0|SELECT id, name, Inventory_Number__c, Customer__c, Contact_Person__c, Value__c, LastModifiedDate FROM Computer_Inventory__c LIMIT 50
13:41:21.0 (5067694)|SOQL_EXECUTE_END|[13]|Rows:5
13:41:21.0 (5092172)|HEAP_ALLOCATE|[13]|Bytes:24
13:41:21.0 (5131755)|HEAP_ALLOCATE|[13]|Bytes:1224
13:41:21.0 (5184287)|HEAP_ALLOCATE|[13]|Bytes:24
13:41:21.0 (5206378)|SYSTEM_MODE_EXIT|false
13:41:21.5 (5252378)|CUMULATIVE_LIMIT_USAGE
13:41:21.5 (5252378)|LIMIT_USAGE_FOR_NS|(default)|
  Number of SOQL queries: 1 out of 100
  Number of query rows: 5 out of 50000
  Number of SOSL queries: 0 out of 20
  Number of DML statements: 0 out of 150
  Number of DML rows: 0 out of 10000
  Maximum CPU time: 0 out of 10000
  Maximum heap size: 0 out of 6000000
  Number of callouts: 0 out of 100
  Number of Email Invocations: 0 out of 10
  Number of future calls: 0 out of 50
  Number of queueable jobs added to the queue: 0 out of 50
  Number of Mobile Apex push calls: 0 out of 10

13:41:21.5 (5252378)|CUMULATIVE_LIMIT_USAGE_END

13:41:21.0 (5311958)|CODE_UNIT_FINISHED|InventoryController.getInventories
13:41:21.0 (6990561)|EXECUTION_FINISHED
