36.0 APEX_CODE,FINEST;APEX_PROFILING,INFO;CALLOUT,INFO;DB,INFO;SYSTEM,DEBUG;VALIDATION,INFO;VISUALFORCE,INFO;WORKFLOW,INFO
12:52:41.0 (103323)|EXECUTION_STARTED
12:52:41.0 (153769)|CODE_UNIT_STARTED|[EXTERNAL]|01p36000006RnKY|InventoryController.getInventories
12:52:41.0 (588165)|HEAP_ALLOCATE|[72]|Bytes:3
12:52:41.0 (670169)|HEAP_ALLOCATE|[77]|Bytes:152
12:52:41.0 (702424)|HEAP_ALLOCATE|[342]|Bytes:408
12:52:41.0 (732573)|HEAP_ALLOCATE|[355]|Bytes:408
12:52:41.0 (761161)|HEAP_ALLOCATE|[467]|Bytes:48
12:52:41.0 (818788)|HEAP_ALLOCATE|[139]|Bytes:6
12:52:41.0 (860061)|HEAP_ALLOCATE|[EXTERNAL]|Bytes:5
12:52:41.0 (887557)|METHOD_ENTRY|[1]|01p36000006RnKY|InventoryController.InventoryController()
12:52:41.0 (895829)|STATEMENT_EXECUTE|[1]
12:52:41.0 (907329)|STATEMENT_EXECUTE|[1]
12:52:41.0 (951046)|HEAP_ALLOCATE|[50]|Bytes:5
12:52:41.0 (995447)|HEAP_ALLOCATE|[56]|Bytes:5
12:52:41.0 (1016614)|HEAP_ALLOCATE|[64]|Bytes:7
12:52:41.0 (1058626)|SYSTEM_MODE_ENTER|false
12:52:41.0 (1084320)|HEAP_ALLOCATE|[EXTERNAL]|Bytes:5
12:52:41.0 (1100305)|SYSTEM_MODE_EXIT|false
12:52:41.0 (1124986)|METHOD_EXIT|[1]|InventoryController
12:52:41.0 (1139277)|SYSTEM_MODE_ENTER|false
12:52:41.0 (1160519)|HEAP_ALLOCATE|[23]|Bytes:5
12:52:41.0 (1170354)|STATEMENT_EXECUTE|[20]
12:52:41.0 (1174804)|STATEMENT_EXECUTE|[23]
12:52:41.0 (1180858)|HEAP_ALLOCATE|[23]|Bytes:132
12:52:41.0 (1199141)|HEAP_ALLOCATE|[23]|Bytes:4
12:52:41.0 (1668494)|SOQL_EXECUTE_BEGIN|[23]|Aggregations:0|SELECT id, name, Inventory_Number__c, Customer__c, Contact_Person__c, Value__c, LastModifiedDate FROM Computer_Inventory__c LIMIT 50
12:52:41.0 (4754558)|SOQL_EXECUTE_END|[23]|Rows:5
12:52:41.0 (4788915)|HEAP_ALLOCATE|[23]|Bytes:24
12:52:41.0 (4830090)|HEAP_ALLOCATE|[23]|Bytes:1224
12:52:41.0 (4878271)|HEAP_ALLOCATE|[23]|Bytes:24
12:52:41.0 (4903919)|SYSTEM_MODE_EXIT|false
12:52:41.4 (4953323)|CUMULATIVE_LIMIT_USAGE
12:52:41.4 (4953323)|LIMIT_USAGE_FOR_NS|(default)|
  Number of SOQL queries: 1 out of 100
  Number of query rows: 5 out of 50000
  Number of SOSL queries: 0 out of 20
  Number of DML statements: 0 out of 150
  Number of DML rows: 0 out of 10000
  Maximum CPU time: 0 out of 10000
  Maximum heap size: 0 out of 6000000
  Number of callouts: 0 out of 100
  Number of Email Invocations: 0 out of 10
  Number of future calls: 0 out of 50
  Number of queueable jobs added to the queue: 0 out of 50
  Number of Mobile Apex push calls: 0 out of 10

12:52:41.4 (4953323)|CUMULATIVE_LIMIT_USAGE_END

12:52:41.0 (5015659)|CODE_UNIT_FINISHED|InventoryController.getInventories
12:52:41.0 (6585059)|EXECUTION_FINISHED
