36.0 APEX_CODE,FINEST;APEX_PROFILING,INFO;CALLOUT,INFO;DB,INFO;SYSTEM,DEBUG;VALIDATION,INFO;VISUALFORCE,INFO;WORKFLOW,INFO
13:23:15.0 (92355)|EXECUTION_STARTED
13:23:15.0 (141156)|CODE_UNIT_STARTED|[EXTERNAL]|01p36000006RnKY|InventoryController.getInventories
13:23:15.0 (338862)|HEAP_ALLOCATE|[72]|Bytes:3
13:23:15.0 (402336)|HEAP_ALLOCATE|[77]|Bytes:152
13:23:15.0 (422070)|HEAP_ALLOCATE|[342]|Bytes:408
13:23:15.0 (442708)|HEAP_ALLOCATE|[355]|Bytes:408
13:23:15.0 (463908)|HEAP_ALLOCATE|[467]|Bytes:48
13:23:15.0 (497357)|HEAP_ALLOCATE|[139]|Bytes:6
13:23:15.0 (594737)|HEAP_ALLOCATE|[EXTERNAL]|Bytes:4
13:23:15.0 (611937)|METHOD_ENTRY|[1]|01p36000006RnKY|InventoryController.InventoryController()
13:23:15.0 (616701)|STATEMENT_EXECUTE|[1]
13:23:15.0 (623350)|STATEMENT_EXECUTE|[1]
13:23:15.0 (658954)|HEAP_ALLOCATE|[50]|Bytes:5
13:23:15.0 (687568)|HEAP_ALLOCATE|[56]|Bytes:5
13:23:15.0 (696761)|HEAP_ALLOCATE|[64]|Bytes:7
13:23:15.0 (728451)|SYSTEM_MODE_ENTER|false
13:23:15.0 (752008)|HEAP_ALLOCATE|[EXTERNAL]|Bytes:5
13:23:15.0 (761034)|SYSTEM_MODE_EXIT|false
13:23:15.0 (772482)|METHOD_EXIT|[1]|InventoryController
13:23:15.0 (783359)|SYSTEM_MODE_ENTER|false
13:23:15.0 (797784)|HEAP_ALLOCATE|[13]|Bytes:5
13:23:15.0 (801603)|STATEMENT_EXECUTE|[12]
13:23:15.0 (803254)|STATEMENT_EXECUTE|[13]
13:23:15.0 (806879)|HEAP_ALLOCATE|[13]|Bytes:132
13:23:15.0 (819291)|HEAP_ALLOCATE|[13]|Bytes:4
13:23:15.0 (1359961)|SOQL_EXECUTE_BEGIN|[13]|Aggregations:0|SELECT id, name, Inventory_Number__c, Customer__c, Contact_Person__c, Value__c, LastModifiedDate FROM Computer_Inventory__c LIMIT 50
13:23:15.0 (4544200)|SOQL_EXECUTE_END|[13]|Rows:5
13:23:15.0 (4569285)|HEAP_ALLOCATE|[13]|Bytes:24
13:23:15.0 (4609139)|HEAP_ALLOCATE|[13]|Bytes:1224
13:23:15.0 (4729448)|HEAP_ALLOCATE|[13]|Bytes:24
13:23:15.0 (4748961)|SYSTEM_MODE_EXIT|false
13:23:15.4 (4789904)|CUMULATIVE_LIMIT_USAGE
13:23:15.4 (4789904)|LIMIT_USAGE_FOR_NS|(default)|
  Number of SOQL queries: 1 out of 100
  Number of query rows: 5 out of 50000
  Number of SOSL queries: 0 out of 20
  Number of DML statements: 0 out of 150
  Number of DML rows: 0 out of 10000
  Maximum CPU time: 0 out of 10000
  Maximum heap size: 0 out of 6000000
  Number of callouts: 0 out of 100
  Number of Email Invocations: 0 out of 10
  Number of future calls: 0 out of 50
  Number of queueable jobs added to the queue: 0 out of 50
  Number of Mobile Apex push calls: 0 out of 10

13:23:15.4 (4789904)|CUMULATIVE_LIMIT_USAGE_END

13:23:15.0 (4839666)|CODE_UNIT_FINISHED|InventoryController.getInventories
13:23:15.0 (6522819)|EXECUTION_FINISHED
