36.0 APEX_CODE,FINEST;APEX_PROFILING,INFO;CALLOUT,INFO;DB,INFO;SYSTEM,DEBUG;VALIDATION,INFO;VISUALFORCE,INFO;WORKFLOW,INFO
10:53:06.0 (449867)|EXECUTION_STARTED
10:53:06.0 (482580)|CODE_UNIT_STARTED|[EXTERNAL]|01p36000004ZxaQ|AccountController.findAll
10:53:06.0 (747205)|HEAP_ALLOCATE|[72]|Bytes:3
10:53:06.0 (817273)|HEAP_ALLOCATE|[77]|Bytes:152
10:53:06.0 (852042)|HEAP_ALLOCATE|[342]|Bytes:408
10:53:06.0 (888602)|HEAP_ALLOCATE|[355]|Bytes:408
10:53:06.0 (910006)|HEAP_ALLOCATE|[467]|Bytes:48
10:53:06.0 (950048)|HEAP_ALLOCATE|[139]|Bytes:6
10:53:06.0 (976644)|HEAP_ALLOCATE|[EXTERNAL]|Bytes:1
10:53:06.0 (995244)|METHOD_ENTRY|[1]|01p36000004ZxaQ|AccountController.AccountController()
10:53:06.0 (999718)|STATEMENT_EXECUTE|[1]
10:53:06.0 (1006015)|STATEMENT_EXECUTE|[1]
10:53:06.0 (1046710)|HEAP_ALLOCATE|[50]|Bytes:5
10:53:06.0 (1076278)|HEAP_ALLOCATE|[56]|Bytes:5
10:53:06.0 (1085593)|HEAP_ALLOCATE|[64]|Bytes:7
10:53:06.0 (1113086)|SYSTEM_MODE_ENTER|false
10:53:06.0 (1137047)|HEAP_ALLOCATE|[EXTERNAL]|Bytes:5
10:53:06.0 (1144606)|SYSTEM_MODE_EXIT|false
10:53:06.0 (1156935)|METHOD_EXIT|[1]|AccountController
10:53:06.0 (1164599)|SYSTEM_MODE_ENTER|false
10:53:06.0 (1180732)|HEAP_ALLOCATE|[5]|Bytes:5
10:53:06.0 (1184427)|STATEMENT_EXECUTE|[4]
10:53:06.0 (1186098)|STATEMENT_EXECUTE|[5]
10:53:06.0 (1189626)|HEAP_ALLOCATE|[5]|Bytes:157
10:53:06.0 (1200964)|HEAP_ALLOCATE|[5]|Bytes:4
10:53:06.0 (2742736)|SOQL_EXECUTE_BEGIN|[5]|Aggregations:0|SELECT id, name, Location__Latitude__s, Location__Longitude__s FROM Account WHERE (Location__Latitude__s != NULL AND Location__Longitude__s != NULL) LIMIT 50
10:53:06.0 (6240093)|SOQL_EXECUTE_END|[5]|Rows:3
10:53:06.0 (6264388)|HEAP_ALLOCATE|[5]|Bytes:16
10:53:06.0 (6287237)|HEAP_ALLOCATE|[5]|Bytes:520
10:53:06.0 (6325477)|HEAP_ALLOCATE|[5]|Bytes:16
10:53:06.0 (6341991)|SYSTEM_MODE_EXIT|false
10:53:06.6 (6378341)|CUMULATIVE_LIMIT_USAGE
10:53:06.6 (6378341)|LIMIT_USAGE_FOR_NS|(default)|
  Number of SOQL queries: 1 out of 100
  Number of query rows: 3 out of 50000
  Number of SOSL queries: 0 out of 20
  Number of DML statements: 0 out of 150
  Number of DML rows: 0 out of 10000
  Maximum CPU time: 0 out of 10000
  Maximum heap size: 0 out of 6000000
  Number of callouts: 0 out of 100
  Number of Email Invocations: 0 out of 10
  Number of future calls: 0 out of 50
  Number of queueable jobs added to the queue: 0 out of 50
  Number of Mobile Apex push calls: 0 out of 10

10:53:06.6 (6378341)|CUMULATIVE_LIMIT_USAGE_END

10:53:06.0 (6414418)|CODE_UNIT_FINISHED|AccountController.findAll
10:53:06.0 (8097011)|EXECUTION_FINISHED
