36.0 APEX_CODE,FINEST;APEX_PROFILING,INFO;CALLOUT,INFO;DB,INFO;SYSTEM,DEBUG;VALIDATION,INFO;VISUALFORCE,INFO;WORKFLOW,INFO
12:51:56.0 (402282)|EXECUTION_STARTED
12:51:56.0 (446877)|CODE_UNIT_STARTED|[EXTERNAL]|aura
12:51:56.0 (965135)|HEAP_ALLOCATE|[72]|Bytes:3
12:51:56.0 (1046214)|HEAP_ALLOCATE|[77]|Bytes:152
12:51:56.0 (1073852)|HEAP_ALLOCATE|[342]|Bytes:408
12:51:56.0 (1098882)|HEAP_ALLOCATE|[355]|Bytes:408
12:51:56.0 (1122606)|HEAP_ALLOCATE|[467]|Bytes:48
12:51:56.0 (1179380)|HEAP_ALLOCATE|[139]|Bytes:6
12:51:56.0 (1224927)|HEAP_ALLOCATE|[EXTERNAL]|Bytes:21
12:51:56.0 (1244338)|HEAP_ALLOCATE|[EXTERNAL]|Bytes:21
12:51:56.0 (1340356)|HEAP_ALLOCATE|[EXTERNAL]|Bytes:4
12:51:56.0 (1352853)|HEAP_ALLOCATE|[EXTERNAL]|Bytes:4
12:51:56.0 (2628247)|CODE_UNIT_STARTED|[EXTERNAL]|01p36000006RyOZ|InputLookupController.searchSObject
12:51:56.0 (2764094)|HEAP_ALLOCATE|[EXTERNAL]|Bytes:12
12:51:56.0 (2774716)|HEAP_ALLOCATE|[EXTERNAL]|Bytes:7
12:51:56.0 (2780472)|HEAP_ALLOCATE|[EXTERNAL]|Bytes:5
12:51:56.0 (2800813)|METHOD_ENTRY|[1]|01p36000006RyOZ|InputLookupController.InputLookupController()
12:51:56.0 (2806597)|STATEMENT_EXECUTE|[1]
12:51:56.0 (2816833)|STATEMENT_EXECUTE|[1]
12:51:56.0 (2819534)|STATEMENT_EXECUTE|[41]
12:51:56.0 (2829786)|METHOD_EXIT|[1]|InputLookupController
12:51:56.0 (2835706)|HEAP_ALLOCATE|[EXTERNAL]|Bytes:21
12:51:56.0 (2839919)|HEAP_ALLOCATE|[EXTERNAL]|Bytes:4
12:51:56.0 (2855814)|SYSTEM_MODE_ENTER|false
12:51:56.0 (2868732)|VARIABLE_SCOPE_BEGIN|[68]|type|String|false|false
12:51:56.0 (2910684)|VARIABLE_ASSIGNMENT|[68]|type|"Computer_Inventory__ (1 more) ..."
12:51:56.0 (2916404)|VARIABLE_SCOPE_BEGIN|[68]|searchString|String|false|false
12:51:56.0 (2926216)|VARIABLE_ASSIGNMENT|[68]|searchString|"Goog"
12:51:56.0 (2940898)|STATEMENT_EXECUTE|[68]
12:51:56.0 (3060809)|HEAP_ALLOCATE|[50]|Bytes:5
12:51:56.0 (3103382)|HEAP_ALLOCATE|[56]|Bytes:5
12:51:56.0 (3120865)|HEAP_ALLOCATE|[64]|Bytes:7
12:51:56.0 (3173256)|STATEMENT_EXECUTE|[69]
12:51:56.0 (3178661)|STATEMENT_EXECUTE|[73]
12:51:56.0 (29192301)|HEAP_ALLOCATE|[73]|Bytes:1528
12:51:56.0 (29247892)|VARIABLE_SCOPE_BEGIN|[73]|objType|Schema.SObjectType|true|false
12:51:56.0 (29392617)|VARIABLE_ASSIGNMENT|[73]|objType|"common.apex.runtime.impl.ApexSObjectTypeToken@2d274298"|0x2d274298
12:51:56.0 (29400572)|STATEMENT_EXECUTE|[74]
12:51:56.0 (29404085)|STATEMENT_EXECUTE|[78]
12:51:56.0 (29423873)|METHOD_ENTRY|[78]|01p36000006RyOZ|InputLookupController.getSobjectNameField(Schema.SObjectType)
12:51:56.0 (29455055)|VARIABLE_SCOPE_BEGIN|[49]|sobjType|Schema.SObjectType|true|false
12:51:56.0 (29521111)|VARIABLE_ASSIGNMENT|[49]|sobjType|"common.apex.runtime.impl.ApexSObjectTypeToken@2d274298"|0x2d274298
12:51:56.0 (29532050)|STATEMENT_EXECUTE|[49]
12:51:56.0 (29535290)|STATEMENT_EXECUTE|[52]
12:51:56.0 (29540471)|HEAP_ALLOCATE|[52]|Bytes:4
12:51:56.0 (29551544)|VARIABLE_SCOPE_BEGIN|[52]|nameField|String|false|false
12:51:56.0 (29565944)|VARIABLE_ASSIGNMENT|[52]|nameField|"Name"
12:51:56.0 (29569292)|STATEMENT_EXECUTE|[53]
12:51:56.0 (29908260)|HEAP_ALLOCATE|[53]|Bytes:4
12:51:56.0 (29961089)|VARIABLE_SCOPE_BEGIN|[53]|dfrLkp|Schema.DescribeSObjectResult|true|false
12:51:56.0 (30054295)|VARIABLE_ASSIGNMENT|[53]|dfrLkp|"common.api.soap.wsdl.DescribeSObjectResult@b3127dfc"|0x7928bd58
12:51:56.0 (30450179)|HEAP_ALLOCATE|[54]|Bytes:68
12:51:56.0 (30528119)|HEAP_ALLOCATE|[EXTERNAL]|Bytes:68
12:51:56.0 (30551869)|HEAP_ALLOCATE|[54]|Bytes:68
12:51:56.0 (30696880)|HEAP_ALLOCATE|[54]|Bytes:5
12:51:56.0 (30733176)|VARIABLE_SCOPE_BEGIN|[54]|sotype|Schema.SObjectField|true|false
12:51:56.0 (30800658)|VARIABLE_ASSIGNMENT|[54]|sotype|"common.apex.runtime.impl.ApexFieldToken@4c38edbc"|0x4c38edbc
12:51:56.0 (30809470)|STATEMENT_EXECUTE|[54]
12:51:56.0 (30812737)|STATEMENT_EXECUTE|[55]
12:51:56.0 (31438087)|HEAP_ALLOCATE|[55]|Bytes:8
12:51:56.0 (31483985)|VARIABLE_SCOPE_BEGIN|[55]|fieldDescObj|Schema.DescribeFieldResult|true|false
12:51:56.0 (31563705)|VARIABLE_ASSIGNMENT|[55]|fieldDescObj|"common.api.soap.wsdl.Field@6817e3a9"|0x3ae33813
12:51:56.0 (31593554)|STATEMENT_EXECUTE|[56]
12:51:56.0 (31610602)|HEAP_ALLOCATE|[54]|Bytes:5
12:51:56.0 (31632200)|VARIABLE_SCOPE_BEGIN|[54]|sotype|Schema.SObjectField|true|false
12:51:56.0 (31694935)|VARIABLE_ASSIGNMENT|[54]|sotype|"common.apex.runtime.impl.ApexFieldToken@4096512c"|0x4096512c
12:51:56.0 (31701166)|STATEMENT_EXECUTE|[54]
12:51:56.0 (31704070)|STATEMENT_EXECUTE|[55]
12:51:56.0 (31837248)|HEAP_ALLOCATE|[55]|Bytes:8
12:51:56.0 (31852675)|VARIABLE_SCOPE_BEGIN|[55]|fieldDescObj|Schema.DescribeFieldResult|true|false
12:51:56.0 (31923307)|VARIABLE_ASSIGNMENT|[55]|fieldDescObj|"common.api.soap.wsdl.Field@f9573218"|0x5c08aa76
12:51:56.0 (31936224)|STATEMENT_EXECUTE|[56]
12:51:56.0 (31954709)|HEAP_ALLOCATE|[54]|Bytes:5
12:51:56.0 (31975629)|VARIABLE_SCOPE_BEGIN|[54]|sotype|Schema.SObjectField|true|false
12:51:56.0 (32042153)|VARIABLE_ASSIGNMENT|[54]|sotype|"common.apex.runtime.impl.ApexFieldToken@36ea3d6b"|0x36ea3d6b
12:51:56.0 (32049132)|STATEMENT_EXECUTE|[54]
12:51:56.0 (32052109)|STATEMENT_EXECUTE|[55]
12:51:56.0 (32197169)|HEAP_ALLOCATE|[55]|Bytes:8
12:51:56.0 (32212411)|VARIABLE_SCOPE_BEGIN|[55]|fieldDescObj|Schema.DescribeFieldResult|true|false
12:51:56.0 (32282676)|VARIABLE_ASSIGNMENT|[55]|fieldDescObj|"common.api.soap.wsdl.Field@73c52742"|0x64d43098
12:51:56.0 (32295338)|STATEMENT_EXECUTE|[56]
12:51:56.0 (32298709)|STATEMENT_EXECUTE|[57]
12:51:56.0 (32320721)|HEAP_ALLOCATE|[57]|Bytes:4
12:51:56.0 (32340160)|VARIABLE_ASSIGNMENT|[57]|nameField|"Name"
12:51:56.0 (32343962)|STATEMENT_EXECUTE|[58]
12:51:56.0 (32358058)|VARIABLE_ASSIGNMENT|[54]|sotype|null|
12:51:56.0 (32362044)|STATEMENT_EXECUTE|[61]
12:51:56.0 (32374888)|METHOD_EXIT|[78]|01p36000006RyOZ|InputLookupController.getSobjectNameField(Schema.SObjectType)
12:51:56.0 (32383200)|VARIABLE_SCOPE_BEGIN|[78]|nameField|String|false|false
12:51:56.0 (32398681)|VARIABLE_ASSIGNMENT|[78]|nameField|"Name"
12:51:56.0 (32402056)|STATEMENT_EXECUTE|[79]
12:51:56.0 (32407248)|HEAP_ALLOCATE|[79]|Bytes:2
12:51:56.0 (32415222)|HEAP_ALLOCATE|[79]|Bytes:2
12:51:56.0 (32433358)|HEAP_ALLOCATE|[79]|Bytes:8
12:51:56.0 (32449644)|VARIABLE_ASSIGNMENT|[79]|searchString|"'*Goog*'"
12:51:56.0 (32453492)|STATEMENT_EXECUTE|[80]
12:51:56.0 (32458399)|HEAP_ALLOCATE|[80]|Bytes:44
12:51:56.0 (32465453)|HEAP_ALLOCATE|[81]|Bytes:5
12:51:56.0 (32471055)|HEAP_ALLOCATE|[81]|Bytes:10
12:51:56.0 (32487678)|HEAP_ALLOCATE|[80]|Bytes:88
12:51:56.0 (32494527)|HEAP_ALLOCATE|[81]|Bytes:10
12:51:56.0 (32506447)|HEAP_ALLOCATE|[80]|Bytes:98
12:51:56.0 (32513771)|VARIABLE_SCOPE_BEGIN|[80]|soslQuery|String|false|false
12:51:56.0 (32528697)|VARIABLE_ASSIGNMENT|[80]|soslQuery|"FIND :searchString I (78 more) ..."
12:51:56.0 (32532481)|STATEMENT_EXECUTE|[82]
12:51:56.0 (32537110)|HEAP_ALLOCATE|[82]|Bytes:12
12:51:56.0 (32548608)|HEAP_ALLOCATE|[82]|Bytes:110
12:51:56.0 (32610728)|USER_DEBUG|[82]|DEBUG|SOSL QUERY: FIND :searchString IN NAME FIELDS RETURNING Computer_Inventory__c(Id, Name ORDER BY Name) LIMIT 20
12:51:56.0 (32621296)|STATEMENT_EXECUTE|[83]
12:51:56.0 (32971469)|SOSL_EXECUTE_BEGIN|[83]|FIND :searchString IN NAME FIELDS RETURNING Computer_Inventory__c(Id, Name ORDER BY Name) LIMIT 20
12:51:56.0 (42378082)|HEAP_ALLOCATE|[83]|Bytes:4
12:51:56.0 (42386422)|HEAP_ALLOCATE|[83]|Bytes:8
12:51:56.0 (42393802)|SOSL_EXECUTE_END|[83]|Rows:0
12:51:56.0 (42435219)|HEAP_ALLOCATE|[83]|Bytes:8
12:51:56.0 (42451218)|VARIABLE_SCOPE_BEGIN|[83]|results|List<List<SObject>>|true|false
12:51:56.0 (42489422)|VARIABLE_ASSIGNMENT|[83]|results|{"s":1,"v":[{"s":2,"v":[]}]}|0x7bba26ed
12:51:56.0 (42494011)|STATEMENT_EXECUTE|[85]
12:51:56.0 (42650877)|HEAP_ALLOCATE|[85]|Bytes:4
12:51:56.0 (42775490)|VARIABLE_SCOPE_BEGIN|[85]|output|List<InputLookupController.SearchResult>|true|false
12:51:56.0 (42804961)|HEAP_ALLOCATE|[EXTERNAL]|Bytes:4
12:51:56.0 (42827092)|VARIABLE_ASSIGNMENT|[85]|output|{"s":1,"v":[]}|0x635fc6ea
12:51:56.0 (42880556)|STATEMENT_EXECUTE|[86]
12:51:56.0 (42924230)|HEAP_ALLOCATE|[87]|Bytes:4
12:51:56.0 (43207447)|HEAP_ALLOCATE|[87]|Bytes:5
12:51:56.0 (43235112)|VARIABLE_ASSIGNMENT|[87]|sobj|null|
12:51:56.0 (43242577)|STATEMENT_EXECUTE|[87]
12:51:56.0 (43246403)|STATEMENT_EXECUTE|[94]
12:51:56.0 (43326389)|HEAP_ALLOCATE|[94]|Bytes:18
12:51:56.0 (43350618)|SYSTEM_METHOD_ENTRY|[1]|JSON.JSON()
12:51:56.0 (43355603)|STATEMENT_EXECUTE|[1]
12:51:56.0 (43372934)|SYSTEM_METHOD_EXIT|[1]|JSON
12:51:56.0 (43394408)|METHOD_ENTRY|[94]||System.JSON.serialize(Object)
12:51:56.0 (43718719)|METHOD_EXIT|[94]||System.JSON.serialize(Object)
12:51:56.0 (43735470)|SYSTEM_MODE_EXIT|false
12:51:56.43 (43784810)|CUMULATIVE_LIMIT_USAGE
12:51:56.43 (43784810)|LIMIT_USAGE_FOR_NS|(default)|
  Number of SOQL queries: 0 out of 100
  Number of query rows: 0 out of 50000
  Number of SOSL queries: 1 out of 20
  Number of DML statements: 0 out of 150
  Number of DML rows: 0 out of 10000
  Maximum CPU time: 0 out of 10000
  Maximum heap size: 0 out of 6000000
  Number of callouts: 0 out of 100
  Number of Email Invocations: 0 out of 10
  Number of future calls: 0 out of 50
  Number of queueable jobs added to the queue: 0 out of 50
  Number of Mobile Apex push calls: 0 out of 10

12:51:56.43 (43784810)|CUMULATIVE_LIMIT_USAGE_END

12:51:56.0 (43841652)|CODE_UNIT_FINISHED|InputLookupController.searchSObject
