36.0 APEX_CODE,FINEST;APEX_PROFILING,INFO;CALLOUT,INFO;DB,INFO;SYSTEM,DEBUG;VALIDATION,INFO;VISUALFORCE,INFO;WORKFLOW,INFO
03:52:20.0 (492414)|EXECUTION_STARTED
03:52:20.0 (548646)|CODE_UNIT_STARTED|[EXTERNAL]|01p36000006RnKY|InventoryController.findAll
03:52:20.0 (1283137)|HEAP_ALLOCATE|[72]|Bytes:3
03:52:20.0 (1377445)|HEAP_ALLOCATE|[77]|Bytes:152
03:52:20.0 (1435194)|HEAP_ALLOCATE|[342]|Bytes:408
03:52:20.0 (1509118)|HEAP_ALLOCATE|[355]|Bytes:408
03:52:20.0 (1581271)|HEAP_ALLOCATE|[467]|Bytes:48
03:52:20.0 (1664750)|HEAP_ALLOCATE|[139]|Bytes:6
03:52:20.0 (1722022)|HEAP_ALLOCATE|[EXTERNAL]|Bytes:4
03:52:20.0 (1757615)|METHOD_ENTRY|[1]|01p36000006RnKY|InventoryController.InventoryController()
03:52:20.0 (1785262)|STATEMENT_EXECUTE|[1]
03:52:20.0 (1803818)|STATEMENT_EXECUTE|[1]
03:52:20.0 (1860817)|HEAP_ALLOCATE|[50]|Bytes:5
03:52:20.0 (1920997)|HEAP_ALLOCATE|[56]|Bytes:5
03:52:20.0 (1958191)|HEAP_ALLOCATE|[64]|Bytes:7
03:52:20.0 (2012380)|SYSTEM_MODE_ENTER|false
03:52:20.0 (2049901)|HEAP_ALLOCATE|[EXTERNAL]|Bytes:5
03:52:20.0 (2072086)|SYSTEM_MODE_EXIT|false
03:52:20.0 (2098409)|METHOD_EXIT|[1]|InventoryController
03:52:20.0 (2117079)|SYSTEM_MODE_ENTER|false
03:52:20.0 (2146078)|HEAP_ALLOCATE|[5]|Bytes:5
03:52:20.0 (2162149)|STATEMENT_EXECUTE|[4]
03:52:20.0 (2187832)|STATEMENT_EXECUTE|[5]
03:52:20.0 (2203196)|HEAP_ALLOCATE|[5]|Bytes:132
03:52:20.0 (2231805)|HEAP_ALLOCATE|[5]|Bytes:4
03:52:20.0 (4225670)|SOQL_EXECUTE_BEGIN|[5]|Aggregations:0|SELECT id, name, Inventory_Number__c, Customer__c, Contact_Person__c, Value__c, LastModifiedDate FROM Computer_Inventory__c LIMIT 50
03:52:20.0 (7502009)|SOQL_EXECUTE_END|[5]|Rows:5
03:52:20.0 (7547848)|HEAP_ALLOCATE|[5]|Bytes:24
03:52:20.0 (7597715)|HEAP_ALLOCATE|[5]|Bytes:1224
03:52:20.0 (7664230)|HEAP_ALLOCATE|[5]|Bytes:24
03:52:20.0 (7702545)|SYSTEM_MODE_EXIT|false
03:52:20.7 (7763682)|CUMULATIVE_LIMIT_USAGE
03:52:20.7 (7763682)|LIMIT_USAGE_FOR_NS|(default)|
  Number of SOQL queries: 1 out of 100
  Number of query rows: 5 out of 50000
  Number of SOSL queries: 0 out of 20
  Number of DML statements: 0 out of 150
  Number of DML rows: 0 out of 10000
  Maximum CPU time: 0 out of 10000
  Maximum heap size: 0 out of 6000000
  Number of callouts: 0 out of 100
  Number of Email Invocations: 0 out of 10
  Number of future calls: 0 out of 50
  Number of queueable jobs added to the queue: 0 out of 50
  Number of Mobile Apex push calls: 0 out of 10

03:52:20.7 (7763682)|CUMULATIVE_LIMIT_USAGE_END

03:52:20.0 (7830421)|CODE_UNIT_FINISHED|InventoryController.findAll
03:52:20.0 (10138620)|EXECUTION_FINISHED
