36.0 APEX_CODE,FINEST;APEX_PROFILING,INFO;CALLOUT,INFO;DB,INFO;SYSTEM,DEBUG;VALIDATION,INFO;VISUALFORCE,INFO;WORKFLOW,INFO
02:44:36.2 (2485779)|EXECUTION_STARTED
02:44:36.2 (2555326)|CODE_UNIT_STARTED|[EXTERNAL]|01p36000004ZxaQ|AccountsController.getAccounts
02:44:36.2 (3438896)|HEAP_ALLOCATE|[72]|Bytes:3
02:44:36.2 (3534674)|HEAP_ALLOCATE|[77]|Bytes:152
02:44:36.2 (3590046)|HEAP_ALLOCATE|[342]|Bytes:408
02:44:36.2 (3635656)|HEAP_ALLOCATE|[355]|Bytes:408
02:44:36.2 (3679312)|HEAP_ALLOCATE|[467]|Bytes:48
02:44:36.2 (3748305)|HEAP_ALLOCATE|[139]|Bytes:6
02:44:36.2 (3803907)|HEAP_ALLOCATE|[EXTERNAL]|Bytes:1
02:44:36.2 (3836340)|METHOD_ENTRY|[1]|01p36000004ZxaQ|AccountsController.AccountsController()
02:44:36.2 (3848780)|STATEMENT_EXECUTE|[1]
02:44:36.2 (3860459)|STATEMENT_EXECUTE|[1]
02:44:36.2 (3882866)|METHOD_EXIT|[1]|AccountsController
02:44:36.2 (3908885)|SYSTEM_MODE_ENTER|false
02:44:36.2 (3932988)|STATEMENT_EXECUTE|[3]
02:44:36.2 (3936304)|STATEMENT_EXECUTE|[4]
02:44:36.2 (3942261)|HEAP_ALLOCATE|[4]|Bytes:182
02:44:36.2 (3981257)|HEAP_ALLOCATE|[4]|Bytes:4
02:44:36.2 (4079659)|HEAP_ALLOCATE|[50]|Bytes:5
02:44:36.2 (4120421)|HEAP_ALLOCATE|[56]|Bytes:5
02:44:36.2 (4132646)|HEAP_ALLOCATE|[64]|Bytes:7
02:44:36.2 (5845133)|SOQL_EXECUTE_BEGIN|[4]|Aggregations:0|SELECT Id, name, industry, Type, NumberOfEmployees, TickerSymbol, Phone, BillingStreet, BillingCity, BillingState, BillingPostalCode FROM Account ORDER BY createdDate ASC NULLS FIRST
02:44:36.2 (63535661)|SOQL_EXECUTE_END|[4]|Rows:26
02:44:36.2 (63564012)|HEAP_ALLOCATE|[4]|Bytes:108
02:44:36.2 (63651481)|HEAP_ALLOCATE|[4]|Bytes:4347
02:44:36.2 (63696982)|HEAP_ALLOCATE|[4]|Bytes:108
02:44:36.2 (63717562)|SYSTEM_MODE_EXIT|false
02:44:36.63 (63770517)|CUMULATIVE_LIMIT_USAGE
02:44:36.63 (63770517)|LIMIT_USAGE_FOR_NS|(default)|
  Number of SOQL queries: 1 out of 100
  Number of query rows: 26 out of 50000
  Number of SOSL queries: 0 out of 20
  Number of DML statements: 0 out of 150
  Number of DML rows: 0 out of 10000
  Maximum CPU time: 0 out of 10000
  Maximum heap size: 0 out of 6000000
  Number of callouts: 0 out of 100
  Number of Email Invocations: 0 out of 10
  Number of future calls: 0 out of 50
  Number of queueable jobs added to the queue: 0 out of 50
  Number of Mobile Apex push calls: 0 out of 10

02:44:36.63 (63770517)|CUMULATIVE_LIMIT_USAGE_END

02:44:36.2 (63827815)|CODE_UNIT_FINISHED|AccountsController.getAccounts
02:44:36.2 (65692252)|EXECUTION_FINISHED
