36.0 APEX_CODE,FINEST;APEX_PROFILING,INFO;CALLOUT,INFO;DB,INFO;SYSTEM,DEBUG;VALIDATION,INFO;VISUALFORCE,INFO;WORKFLOW,INFO
12:47:36.0 (99982)|EXECUTION_STARTED
12:47:36.0 (142643)|CODE_UNIT_STARTED|[EXTERNAL]|aura
12:47:36.0 (573473)|HEAP_ALLOCATE|[72]|Bytes:3
12:47:36.0 (645730)|HEAP_ALLOCATE|[77]|Bytes:152
12:47:36.0 (668433)|HEAP_ALLOCATE|[342]|Bytes:408
12:47:36.0 (691970)|HEAP_ALLOCATE|[355]|Bytes:408
12:47:36.0 (713957)|HEAP_ALLOCATE|[467]|Bytes:48
12:47:36.0 (762822)|HEAP_ALLOCATE|[139]|Bytes:6
12:47:36.0 (798244)|HEAP_ALLOCATE|[EXTERNAL]|Bytes:7
12:47:36.0 (813258)|HEAP_ALLOCATE|[EXTERNAL]|Bytes:7
12:47:36.0 (871462)|HEAP_ALLOCATE|[EXTERNAL]|Bytes:2
12:47:36.0 (880766)|HEAP_ALLOCATE|[EXTERNAL]|Bytes:2
12:47:36.0 (2142680)|CODE_UNIT_STARTED|[EXTERNAL]|01p36000006RyOZ|InputLookupController.searchSObject
12:47:36.0 (2290335)|HEAP_ALLOCATE|[EXTERNAL]|Bytes:12
12:47:36.0 (2297207)|HEAP_ALLOCATE|[EXTERNAL]|Bytes:7
12:47:36.0 (2299997)|HEAP_ALLOCATE|[EXTERNAL]|Bytes:5
12:47:36.0 (2319930)|METHOD_ENTRY|[1]|01p36000006RyOZ|InputLookupController.InputLookupController()
12:47:36.0 (2326192)|STATEMENT_EXECUTE|[1]
12:47:36.0 (2334554)|STATEMENT_EXECUTE|[1]
12:47:36.0 (2335877)|STATEMENT_EXECUTE|[41]
12:47:36.0 (2345574)|METHOD_EXIT|[1]|InputLookupController
12:47:36.0 (2350352)|HEAP_ALLOCATE|[EXTERNAL]|Bytes:7
12:47:36.0 (2352260)|HEAP_ALLOCATE|[EXTERNAL]|Bytes:2
12:47:36.0 (2363663)|SYSTEM_MODE_ENTER|false
12:47:36.0 (2378439)|VARIABLE_SCOPE_BEGIN|[68]|type|String|false|false
12:47:36.0 (2402747)|VARIABLE_ASSIGNMENT|[68]|type|"Account"
12:47:36.0 (2408515)|VARIABLE_SCOPE_BEGIN|[68]|searchString|String|false|false
12:47:36.0 (2412625)|VARIABLE_ASSIGNMENT|[68]|searchString|"Ac"
12:47:36.0 (2425918)|STATEMENT_EXECUTE|[68]
12:47:36.0 (2527591)|HEAP_ALLOCATE|[50]|Bytes:5
12:47:36.0 (2559949)|HEAP_ALLOCATE|[56]|Bytes:5
12:47:36.0 (2572758)|HEAP_ALLOCATE|[64]|Bytes:7
12:47:36.0 (2619148)|STATEMENT_EXECUTE|[69]
12:47:36.0 (2622216)|STATEMENT_EXECUTE|[73]
12:47:36.0 (28429336)|HEAP_ALLOCATE|[73]|Bytes:1528
12:47:36.0 (28474986)|VARIABLE_SCOPE_BEGIN|[73]|objType|Schema.SObjectType|true|false
12:47:36.0 (28600207)|VARIABLE_ASSIGNMENT|[73]|objType|"common.apex.runtime.impl.ApexSObjectTypeToken@37c270b6"|0x37c270b6
12:47:36.0 (28607205)|STATEMENT_EXECUTE|[74]
12:47:36.0 (28609063)|STATEMENT_EXECUTE|[78]
12:47:36.0 (28624360)|METHOD_ENTRY|[78]|01p36000006RyOZ|InputLookupController.getSobjectNameField(Schema.SObjectType)
12:47:36.0 (28648302)|VARIABLE_SCOPE_BEGIN|[49]|sobjType|Schema.SObjectType|true|false
12:47:36.0 (28702236)|VARIABLE_ASSIGNMENT|[49]|sobjType|"common.apex.runtime.impl.ApexSObjectTypeToken@37c270b6"|0x37c270b6
12:47:36.0 (28711317)|STATEMENT_EXECUTE|[49]
12:47:36.0 (28712981)|STATEMENT_EXECUTE|[52]
12:47:36.0 (28717693)|HEAP_ALLOCATE|[52]|Bytes:4
12:47:36.0 (28724983)|VARIABLE_SCOPE_BEGIN|[52]|nameField|String|false|false
12:47:36.0 (28732581)|VARIABLE_ASSIGNMENT|[52]|nameField|"Name"
12:47:36.0 (28734905)|STATEMENT_EXECUTE|[53]
12:47:36.0 (29458286)|HEAP_ALLOCATE|[53]|Bytes:4
12:47:36.0 (29506442)|VARIABLE_SCOPE_BEGIN|[53]|dfrLkp|Schema.DescribeSObjectResult|true|false
12:47:36.0 (29581938)|VARIABLE_ASSIGNMENT|[53]|dfrLkp|"common.api.soap.wsdl.DescribeSObjectResult@63f4b343"|0x3d457765
12:47:36.0 (31353653)|HEAP_ALLOCATE|[54]|Bytes:312
12:47:36.0 (31497932)|HEAP_ALLOCATE|[EXTERNAL]|Bytes:312
12:47:36.0 (31535018)|HEAP_ALLOCATE|[54]|Bytes:312
12:47:36.0 (31674405)|HEAP_ALLOCATE|[54]|Bytes:5
12:47:36.0 (31702280)|VARIABLE_SCOPE_BEGIN|[54]|sotype|Schema.SObjectField|true|false
12:47:36.0 (31759139)|VARIABLE_ASSIGNMENT|[54]|sotype|"common.apex.runtime.impl.ApexFieldToken@26a0d425"|0x26a0d425
12:47:36.0 (31765144)|STATEMENT_EXECUTE|[54]
12:47:36.0 (31766918)|STATEMENT_EXECUTE|[55]
12:47:36.0 (32390352)|HEAP_ALLOCATE|[55]|Bytes:8
12:47:36.0 (32433215)|VARIABLE_SCOPE_BEGIN|[55]|fieldDescObj|Schema.DescribeFieldResult|true|false
12:47:36.0 (32503316)|VARIABLE_ASSIGNMENT|[55]|fieldDescObj|"common.api.soap.wsdl.Field@6b1ea641"|0x1caa4fdb
12:47:36.0 (32529227)|STATEMENT_EXECUTE|[56]
12:47:36.0 (32544427)|HEAP_ALLOCATE|[54]|Bytes:5
12:47:36.0 (32560542)|VARIABLE_SCOPE_BEGIN|[54]|sotype|Schema.SObjectField|true|false
12:47:36.0 (32613081)|VARIABLE_ASSIGNMENT|[54]|sotype|"common.apex.runtime.impl.ApexFieldToken@31296053"|0x31296053
12:47:36.0 (32618227)|STATEMENT_EXECUTE|[54]
12:47:36.0 (32619498)|STATEMENT_EXECUTE|[55]
12:47:36.0 (32757126)|HEAP_ALLOCATE|[55]|Bytes:8
12:47:36.0 (32768694)|VARIABLE_SCOPE_BEGIN|[55]|fieldDescObj|Schema.DescribeFieldResult|true|false
12:47:36.0 (32829057)|VARIABLE_ASSIGNMENT|[55]|fieldDescObj|"common.api.soap.wsdl.Field@3b5be09"|0x4d8a1450
12:47:36.0 (32842588)|STATEMENT_EXECUTE|[56]
12:47:36.0 (32856013)|HEAP_ALLOCATE|[54]|Bytes:5
12:47:36.0 (32871483)|VARIABLE_SCOPE_BEGIN|[54]|sotype|Schema.SObjectField|true|false
12:47:36.0 (32921867)|VARIABLE_ASSIGNMENT|[54]|sotype|"common.apex.runtime.impl.ApexFieldToken@2d7a6770"|0x2d7a6770
12:47:36.0 (32926699)|STATEMENT_EXECUTE|[54]
12:47:36.0 (32927893)|STATEMENT_EXECUTE|[55]
12:47:36.0 (33083734)|HEAP_ALLOCATE|[55]|Bytes:8
12:47:36.0 (33096163)|VARIABLE_SCOPE_BEGIN|[55]|fieldDescObj|Schema.DescribeFieldResult|true|false
12:47:36.0 (33156280)|VARIABLE_ASSIGNMENT|[55]|fieldDescObj|"common.api.soap.wsdl.Field@d4adc85"|0x167f0d4e
12:47:36.0 (33169602)|STATEMENT_EXECUTE|[56]
12:47:36.0 (33182916)|HEAP_ALLOCATE|[54]|Bytes:5
12:47:36.0 (33197680)|VARIABLE_SCOPE_BEGIN|[54]|sotype|Schema.SObjectField|true|false
12:47:36.0 (33247857)|VARIABLE_ASSIGNMENT|[54]|sotype|"common.apex.runtime.impl.ApexFieldToken@5fa3bba4"|0x5fa3bba4
12:47:36.0 (33252749)|STATEMENT_EXECUTE|[54]
12:47:36.0 (33253969)|STATEMENT_EXECUTE|[55]
12:47:36.0 (33440061)|HEAP_ALLOCATE|[55]|Bytes:8
12:47:36.0 (33451650)|VARIABLE_SCOPE_BEGIN|[55]|fieldDescObj|Schema.DescribeFieldResult|true|false
12:47:36.0 (33510260)|VARIABLE_ASSIGNMENT|[55]|fieldDescObj|"common.api.soap.wsdl.Field@b48a719e"|0x60f336ad
12:47:36.0 (33523743)|STATEMENT_EXECUTE|[56]
12:47:36.0 (33525467)|STATEMENT_EXECUTE|[57]
12:47:36.0 (33541586)|HEAP_ALLOCATE|[57]|Bytes:4
12:47:36.0 (33551993)|VARIABLE_ASSIGNMENT|[57]|nameField|"Name"
12:47:36.0 (33554605)|STATEMENT_EXECUTE|[58]
12:47:36.0 (33561853)|VARIABLE_ASSIGNMENT|[54]|sotype|null|
12:47:36.0 (33564957)|STATEMENT_EXECUTE|[61]
12:47:36.0 (33574136)|METHOD_EXIT|[78]|01p36000006RyOZ|InputLookupController.getSobjectNameField(Schema.SObjectType)
12:47:36.0 (33580742)|VARIABLE_SCOPE_BEGIN|[78]|nameField|String|false|false
12:47:36.0 (33586376)|VARIABLE_ASSIGNMENT|[78]|nameField|"Name"
12:47:36.0 (33588376)|STATEMENT_EXECUTE|[79]
12:47:36.0 (33592171)|HEAP_ALLOCATE|[79]|Bytes:2
12:47:36.0 (33597045)|HEAP_ALLOCATE|[79]|Bytes:2
12:47:36.0 (33614066)|HEAP_ALLOCATE|[79]|Bytes:6
12:47:36.0 (33621792)|VARIABLE_ASSIGNMENT|[79]|searchString|"'*Ac*'"
12:47:36.0 (33624494)|STATEMENT_EXECUTE|[80]
12:47:36.0 (33627386)|HEAP_ALLOCATE|[80]|Bytes:44
12:47:36.0 (33632272)|HEAP_ALLOCATE|[81]|Bytes:5
12:47:36.0 (33635647)|HEAP_ALLOCATE|[81]|Bytes:10
12:47:36.0 (33650188)|HEAP_ALLOCATE|[80]|Bytes:74
12:47:36.0 (33654591)|HEAP_ALLOCATE|[81]|Bytes:10
12:47:36.0 (33663851)|HEAP_ALLOCATE|[80]|Bytes:84
12:47:36.0 (33668062)|VARIABLE_SCOPE_BEGIN|[80]|soslQuery|String|false|false
12:47:36.0 (33676400)|VARIABLE_ASSIGNMENT|[80]|soslQuery|"FIND :searchString I (64 more) ..."
12:47:36.0 (33678810)|STATEMENT_EXECUTE|[82]
12:47:36.0 (33681718)|HEAP_ALLOCATE|[82]|Bytes:12
12:47:36.0 (33689912)|HEAP_ALLOCATE|[82]|Bytes:96
12:47:36.0 (33739062)|USER_DEBUG|[82]|DEBUG|SOSL QUERY: FIND :searchString IN NAME FIELDS RETURNING Account(Id, Name ORDER BY Name) LIMIT 20
12:47:36.0 (33747268)|STATEMENT_EXECUTE|[83]
12:47:36.0 (34056667)|SOSL_EXECUTE_BEGIN|[83]|FIND :searchString IN NAME FIELDS RETURNING Account(Id, Name ORDER BY Name) LIMIT 20
12:47:36.0 (66287381)|HEAP_ALLOCATE|[83]|Bytes:4
12:47:36.0 (66295142)|HEAP_ALLOCATE|[83]|Bytes:4
12:47:36.0 (66300242)|HEAP_ALLOCATE|[83]|Bytes:4
12:47:36.0 (66303372)|HEAP_ALLOCATE|[83]|Bytes:4
12:47:36.0 (66306184)|HEAP_ALLOCATE|[83]|Bytes:4
12:47:36.0 (66316823)|HEAP_ALLOCATE|[83]|Bytes:8
12:47:36.0 (66324049)|SOSL_EXECUTE_END|[83]|Rows:4
12:47:36.0 (66470161)|HEAP_ALLOCATE|[83]|Bytes:8
12:47:36.0 (66486048)|VARIABLE_SCOPE_BEGIN|[83]|results|List<List<SObject>>|true|false
12:47:36.0 (66537411)|VARIABLE_ASSIGNMENT|[83]|results|{"s":1,"v":[{"s":2,"v":[{"s":3,"v":{"Id":"001360000062NvrAAE","Name":"TestAccount0"}},{"s":4,"v":{"Id":"001360000062NvsAAE","Name":"TestAccount1"}},{"s":5,"v":{"Id":"001360000062NvtAAE","Name":"TestAccount2"}},{"s":6,"v":{"Id":"00136000003VQwEAAW","Name":"University of Arizon (1 more) ..."}}]}]}|0x5be718c8
12:47:36.0 (66543349)|STATEMENT_EXECUTE|[85]
12:47:36.0 (66945940)|HEAP_ALLOCATE|[85]|Bytes:4
12:47:36.0 (67054870)|VARIABLE_SCOPE_BEGIN|[85]|output|List<InputLookupController.SearchResult>|true|false
12:47:36.0 (67084338)|HEAP_ALLOCATE|[EXTERNAL]|Bytes:4
12:47:36.0 (67099074)|VARIABLE_ASSIGNMENT|[85]|output|{"s":1,"v":[]}|0x136c4b9d
12:47:36.0 (67143592)|STATEMENT_EXECUTE|[86]
12:47:36.0 (67230941)|HEAP_ALLOCATE|[87]|Bytes:20
12:47:36.0 (67494334)|HEAP_ALLOCATE|[87]|Bytes:5
12:47:36.0 (67534992)|HEAP_ALLOCATE|[87]|Bytes:12
12:47:36.0 (67552836)|VARIABLE_SCOPE_BEGIN|[87]|sobj|SObject|true|false
12:47:36.0 (67569902)|VARIABLE_ASSIGNMENT|[87]|sobj|{"s":1,"v":{"Id":"001360000062NvrAAE","Name":"TestAccount0"}}|0x7805097d
12:47:36.0 (67573799)|STATEMENT_EXECUTE|[87]
12:47:36.0 (67575469)|STATEMENT_EXECUTE|[88]
12:47:36.0 (67687898)|HEAP_ALLOCATE|[88]|Bytes:100
12:47:36.0 (67695506)|HEAP_ALLOCATE|[88]|Bytes:5
12:47:36.0 (67716556)|HEAP_ALLOCATE|[88]|Bytes:12
12:47:36.0 (67744448)|CONSTRUCTOR_ENTRY|[88]|01p36000006RyOZ|<init>()
12:47:36.0 (67783432)|VARIABLE_SCOPE_BEGIN|[41]|this|InputLookupController.SearchResult|true|false
12:47:36.0 (67828146)|VARIABLE_ASSIGNMENT|[41]|this|{}|0x4605610a
12:47:36.0 (67839436)|HEAP_ALLOCATE|[EXTERNAL]|Bytes:6
12:47:36.0 (67878412)|STATEMENT_EXECUTE|[41]
12:47:36.0 (67880754)|STATEMENT_EXECUTE|[42]
12:47:36.0 (67881995)|STATEMENT_EXECUTE|[43]
12:47:36.0 (67889356)|CONSTRUCTOR_EXIT|[88]|01p36000006RyOZ|<init>()
12:47:36.0 (67893782)|VARIABLE_SCOPE_BEGIN|[88]|sr|InputLookupController.SearchResult|true|false
12:47:36.0 (67911548)|VARIABLE_ASSIGNMENT|[88]|sr|{}|0x4605610a
12:47:36.0 (67914520)|STATEMENT_EXECUTE|[89]
12:47:36.0 (67919358)|HEAP_ALLOCATE|[89]|Bytes:2
12:47:36.0 (68019081)|HEAP_ALLOCATE|[89]|Bytes:4
12:47:36.0 (68047496)|HEAP_ALLOCATE|[89]|Bytes:18
12:47:36.0 (68200165)|VARIABLE_ASSIGNMENT|[EXTERNAL]|this|{}|0x4605610a
12:47:36.0 (68210001)|VARIABLE_ASSIGNMENT|[EXTERNAL]|value|"001360000062NvrAAE"
12:47:36.0 (68232687)|VARIABLE_ASSIGNMENT|[43]|this.id|"001360000062NvrAAE"|0x4605610a
12:47:36.0 (68244917)|STATEMENT_EXECUTE|[90]
12:47:36.0 (68313754)|HEAP_ALLOCATE|[90]|Bytes:12
12:47:36.0 (68365425)|VARIABLE_ASSIGNMENT|[EXTERNAL]|this|{"id":"001360000062NvrAAE"}|0x4605610a
12:47:36.0 (68373891)|VARIABLE_ASSIGNMENT|[EXTERNAL]|value|"TestAccount0"
12:47:36.0 (68389477)|VARIABLE_ASSIGNMENT|[42]|this.value|"TestAccount0"|0x4605610a
12:47:36.0 (68396759)|STATEMENT_EXECUTE|[91]
12:47:36.0 (68455745)|HEAP_ALLOCATE|[EXTERNAL]|Bytes:4
12:47:36.0 (68474136)|HEAP_ALLOCATE|[87]|Bytes:5
12:47:36.0 (68497462)|HEAP_ALLOCATE|[87]|Bytes:12
12:47:36.0 (68509184)|VARIABLE_SCOPE_BEGIN|[87]|sobj|SObject|true|false
12:47:36.0 (68525821)|VARIABLE_ASSIGNMENT|[87]|sobj|{"s":1,"v":{"Id":"001360000062NvsAAE","Name":"TestAccount1"}}|0x135af1f1
12:47:36.0 (68529572)|STATEMENT_EXECUTE|[87]
12:47:36.0 (68530896)|STATEMENT_EXECUTE|[88]
12:47:36.0 (68535459)|HEAP_ALLOCATE|[88]|Bytes:12
12:47:36.0 (68547640)|CONSTRUCTOR_ENTRY|[88]|01p36000006RyOZ|<init>()
12:47:36.0 (68553204)|VARIABLE_SCOPE_BEGIN|[41]|this|InputLookupController.SearchResult|true|false
12:47:36.0 (68571142)|VARIABLE_ASSIGNMENT|[41]|this|{}|0x3e22b370
12:47:36.0 (68584533)|STATEMENT_EXECUTE|[41]
12:47:36.0 (68586133)|STATEMENT_EXECUTE|[42]
12:47:36.0 (68587235)|STATEMENT_EXECUTE|[43]
12:47:36.0 (68593765)|CONSTRUCTOR_EXIT|[88]|01p36000006RyOZ|<init>()
12:47:36.0 (68597573)|VARIABLE_SCOPE_BEGIN|[88]|sr|InputLookupController.SearchResult|true|false
12:47:36.0 (68611896)|VARIABLE_ASSIGNMENT|[88]|sr|{}|0x3e22b370
12:47:36.0 (68614648)|STATEMENT_EXECUTE|[89]
12:47:36.0 (68656168)|HEAP_ALLOCATE|[89]|Bytes:4
12:47:36.0 (68678937)|HEAP_ALLOCATE|[89]|Bytes:18
12:47:36.0 (68703574)|VARIABLE_ASSIGNMENT|[EXTERNAL]|this|{}|0x3e22b370
12:47:36.0 (68710104)|VARIABLE_ASSIGNMENT|[EXTERNAL]|value|"001360000062NvsAAE"
12:47:36.0 (68723699)|VARIABLE_ASSIGNMENT|[43]|this.id|"001360000062NvsAAE"|0x3e22b370
12:47:36.0 (68730544)|STATEMENT_EXECUTE|[90]
12:47:36.0 (68764987)|HEAP_ALLOCATE|[90]|Bytes:12
12:47:36.0 (68797904)|VARIABLE_ASSIGNMENT|[EXTERNAL]|this|{"id":"001360000062NvsAAE"}|0x3e22b370
12:47:36.0 (68803614)|VARIABLE_ASSIGNMENT|[EXTERNAL]|value|"TestAccount1"
12:47:36.0 (68816010)|VARIABLE_ASSIGNMENT|[42]|this.value|"TestAccount1"|0x3e22b370
12:47:36.0 (68822345)|STATEMENT_EXECUTE|[91]
12:47:36.0 (68835027)|HEAP_ALLOCATE|[EXTERNAL]|Bytes:4
12:47:36.0 (68849418)|HEAP_ALLOCATE|[87]|Bytes:5
12:47:36.0 (68871481)|HEAP_ALLOCATE|[87]|Bytes:12
12:47:36.0 (68882855)|VARIABLE_SCOPE_BEGIN|[87]|sobj|SObject|true|false
12:47:36.0 (68898299)|VARIABLE_ASSIGNMENT|[87]|sobj|{"s":1,"v":{"Id":"001360000062NvtAAE","Name":"TestAccount2"}}|0x70189a0a
12:47:36.0 (68901656)|STATEMENT_EXECUTE|[87]
12:47:36.0 (68902911)|STATEMENT_EXECUTE|[88]
12:47:36.0 (68907362)|HEAP_ALLOCATE|[88]|Bytes:12
12:47:36.0 (68919057)|CONSTRUCTOR_ENTRY|[88]|01p36000006RyOZ|<init>()
12:47:36.0 (68924346)|VARIABLE_SCOPE_BEGIN|[41]|this|InputLookupController.SearchResult|true|false
12:47:36.0 (68941282)|VARIABLE_ASSIGNMENT|[41]|this|{}|0x4a36e3de
12:47:36.0 (68954184)|STATEMENT_EXECUTE|[41]
12:47:36.0 (68955784)|STATEMENT_EXECUTE|[42]
12:47:36.0 (68956835)|STATEMENT_EXECUTE|[43]
12:47:36.0 (68963152)|CONSTRUCTOR_EXIT|[88]|01p36000006RyOZ|<init>()
12:47:36.0 (68966754)|VARIABLE_SCOPE_BEGIN|[88]|sr|InputLookupController.SearchResult|true|false
12:47:36.0 (68980556)|VARIABLE_ASSIGNMENT|[88]|sr|{}|0x4a36e3de
12:47:36.0 (68983279)|STATEMENT_EXECUTE|[89]
12:47:36.0 (69023204)|HEAP_ALLOCATE|[89]|Bytes:4
12:47:36.0 (69046320)|HEAP_ALLOCATE|[89]|Bytes:18
12:47:36.0 (69070642)|VARIABLE_ASSIGNMENT|[EXTERNAL]|this|{}|0x4a36e3de
12:47:36.0 (69076913)|VARIABLE_ASSIGNMENT|[EXTERNAL]|value|"001360000062NvtAAE"
12:47:36.0 (69089862)|VARIABLE_ASSIGNMENT|[43]|this.id|"001360000062NvtAAE"|0x4a36e3de
12:47:36.0 (69096407)|STATEMENT_EXECUTE|[90]
12:47:36.0 (69129880)|HEAP_ALLOCATE|[90]|Bytes:12
12:47:36.0 (69162244)|VARIABLE_ASSIGNMENT|[EXTERNAL]|this|{"id":"001360000062NvtAAE"}|0x4a36e3de
12:47:36.0 (69167705)|VARIABLE_ASSIGNMENT|[EXTERNAL]|value|"TestAccount2"
12:47:36.0 (69180190)|VARIABLE_ASSIGNMENT|[42]|this.value|"TestAccount2"|0x4a36e3de
12:47:36.0 (69186403)|STATEMENT_EXECUTE|[91]
12:47:36.0 (69198965)|HEAP_ALLOCATE|[EXTERNAL]|Bytes:4
12:47:36.0 (69213026)|HEAP_ALLOCATE|[87]|Bytes:5
12:47:36.0 (69234810)|HEAP_ALLOCATE|[87]|Bytes:12
12:47:36.0 (69251480)|VARIABLE_SCOPE_BEGIN|[87]|sobj|SObject|true|false
12:47:36.0 (69268628)|VARIABLE_ASSIGNMENT|[87]|sobj|{"s":1,"v":{"Id":"00136000003VQwEAAW","Name":"University of Arizon (1 more) ..."}}|0x4372fc6f
12:47:36.0 (69272043)|STATEMENT_EXECUTE|[87]
12:47:36.0 (69273310)|STATEMENT_EXECUTE|[88]
12:47:36.0 (69277688)|HEAP_ALLOCATE|[88]|Bytes:12
12:47:36.0 (69289252)|CONSTRUCTOR_ENTRY|[88]|01p36000006RyOZ|<init>()
12:47:36.0 (69294439)|VARIABLE_SCOPE_BEGIN|[41]|this|InputLookupController.SearchResult|true|false
12:47:36.0 (69311412)|VARIABLE_ASSIGNMENT|[41]|this|{}|0x52cd52e6
12:47:36.0 (69324280)|STATEMENT_EXECUTE|[41]
12:47:36.0 (69325798)|STATEMENT_EXECUTE|[42]
12:47:36.0 (69326883)|STATEMENT_EXECUTE|[43]
12:47:36.0 (69333011)|CONSTRUCTOR_EXIT|[88]|01p36000006RyOZ|<init>()
12:47:36.0 (69336608)|VARIABLE_SCOPE_BEGIN|[88]|sr|InputLookupController.SearchResult|true|false
12:47:36.0 (69350585)|VARIABLE_ASSIGNMENT|[88]|sr|{}|0x52cd52e6
12:47:36.0 (69353192)|STATEMENT_EXECUTE|[89]
12:47:36.0 (69392711)|HEAP_ALLOCATE|[89]|Bytes:4
12:47:36.0 (69414521)|HEAP_ALLOCATE|[89]|Bytes:18
12:47:36.0 (69438135)|VARIABLE_ASSIGNMENT|[EXTERNAL]|this|{}|0x52cd52e6
12:47:36.0 (69444243)|VARIABLE_ASSIGNMENT|[EXTERNAL]|value|"00136000003VQwEAAW"
12:47:36.0 (69456487)|VARIABLE_ASSIGNMENT|[43]|this.id|"00136000003VQwEAAW"|0x52cd52e6
12:47:36.0 (69463018)|STATEMENT_EXECUTE|[90]
12:47:36.0 (69495826)|HEAP_ALLOCATE|[90]|Bytes:21
12:47:36.0 (69528278)|VARIABLE_ASSIGNMENT|[EXTERNAL]|this|{"id":"00136000003VQwEAAW"}|0x52cd52e6
12:47:36.0 (69535203)|VARIABLE_ASSIGNMENT|[EXTERNAL]|value|"University of Arizon (1 more) ..."
12:47:36.0 (69548129)|VARIABLE_ASSIGNMENT|[42]|this.value|"University of Arizon (1 more) ..."|0x52cd52e6
12:47:36.0 (69554388)|STATEMENT_EXECUTE|[91]
12:47:36.0 (69566973)|HEAP_ALLOCATE|[EXTERNAL]|Bytes:4
12:47:36.0 (69580683)|HEAP_ALLOCATE|[87]|Bytes:5
12:47:36.0 (69592976)|VARIABLE_ASSIGNMENT|[87]|sobj|null|
12:47:36.0 (69597518)|STATEMENT_EXECUTE|[94]
12:47:36.0 (69678416)|HEAP_ALLOCATE|[94]|Bytes:18
12:47:36.0 (69698851)|SYSTEM_METHOD_ENTRY|[1]|JSON.JSON()
12:47:36.0 (69703318)|STATEMENT_EXECUTE|[1]
12:47:36.0 (69718180)|SYSTEM_METHOD_EXIT|[1]|JSON
12:47:36.0 (69747045)|METHOD_ENTRY|[94]||System.JSON.serialize(Object)
12:47:36.0 (69947444)|VARIABLE_ASSIGNMENT|[EXTERNAL]|this|{"id":"001360000062NvsAAE","value":"TestAccount1"}|0x3e22b370
12:47:36.0 (69977793)|VARIABLE_ASSIGNMENT|[EXTERNAL]|this|{"id":"001360000062NvtAAE","value":"TestAccount2"}|0x4a36e3de
12:47:36.0 (70005187)|VARIABLE_ASSIGNMENT|[EXTERNAL]|this|{"id":"00136000003VQwEAAW","value":"University of Arizon (1 more) ..."}|0x52cd52e6
12:47:36.0 (70034300)|VARIABLE_ASSIGNMENT|[EXTERNAL]|this|{"id":"001360000062NvrAAE","value":"TestAccount0"}|0x4605610a
12:47:36.0 (70060085)|VARIABLE_ASSIGNMENT|[EXTERNAL]|this|{"id":"001360000062NvsAAE","value":"TestAccount1"}|0x3e22b370
12:47:36.0 (70085248)|VARIABLE_ASSIGNMENT|[EXTERNAL]|this|{"id":"001360000062NvtAAE","value":"TestAccount2"}|0x4a36e3de
12:47:36.0 (70111190)|VARIABLE_ASSIGNMENT|[EXTERNAL]|this|{"id":"00136000003VQwEAAW","value":"University of Arizon (1 more) ..."}|0x52cd52e6
12:47:36.0 (70212708)|HEAP_ALLOCATE|[3]|Bytes:20
12:47:36.0 (70475996)|VARIABLE_ASSIGNMENT|[EXTERNAL]|this|{"id":"001360000062NvsAAE","value":"TestAccount1"}|0x3e22b370
12:47:36.0 (70504865)|VARIABLE_ASSIGNMENT|[EXTERNAL]|this|{"id":"001360000062NvtAAE","value":"TestAccount2"}|0x4a36e3de
12:47:36.0 (70532059)|VARIABLE_ASSIGNMENT|[EXTERNAL]|this|{"id":"00136000003VQwEAAW","value":"University of Arizon (1 more) ..."}|0x52cd52e6
12:47:36.0 (70562744)|HEAP_ALLOCATE|[3]|Bytes:214
12:47:36.0 (70572310)|METHOD_EXIT|[94]||System.JSON.serialize(Object)
12:47:36.0 (70587325)|SYSTEM_MODE_EXIT|false
12:47:36.70 (70632708)|CUMULATIVE_LIMIT_USAGE
12:47:36.70 (70632708)|LIMIT_USAGE_FOR_NS|(default)|
  Number of SOQL queries: 0 out of 100
  Number of query rows: 0 out of 50000
  Number of SOSL queries: 1 out of 20
  Number of DML statements: 0 out of 150
  Number of DML rows: 0 out of 10000
  Maximum CPU time: 0 out of 10000
  Maximum heap size: 0 out of 6000000
  Number of callouts: 0 out of 100
  Number of Email Invocations: 0 out of 10
  Number of future calls: 0 out of 50
  Number of queueable jobs added to the queue: 0 out of 50
  Number of Mobile Apex push calls: 0 out of 10

12:47:36.70 (70632708)|CUMULATIVE_LIMIT_USAGE_END

12:47:36.0 (70695391)|CODE_UNIT_FINISHED|InputLookupController.searchSObject
