36.0 APEX_CODE,FINEST;APEX_PROFILING,INFO;CALLOUT,INFO;DB,INFO;SYSTEM,DEBUG;VALIDATION,INFO;VISUALFORCE,INFO;WORKFLOW,INFO
13:27:30.0 (495669)|EXECUTION_STARTED
13:27:30.0 (542679)|CODE_UNIT_STARTED|[EXTERNAL]|01p36000006RnKY|InventoryController.getInventories
13:27:30.0 (824970)|HEAP_ALLOCATE|[72]|Bytes:3
13:27:30.0 (873201)|HEAP_ALLOCATE|[77]|Bytes:152
13:27:30.0 (893395)|HEAP_ALLOCATE|[342]|Bytes:408
13:27:30.0 (915480)|HEAP_ALLOCATE|[355]|Bytes:408
13:27:30.0 (936466)|HEAP_ALLOCATE|[467]|Bytes:48
13:27:30.0 (971974)|HEAP_ALLOCATE|[139]|Bytes:6
13:27:30.0 (996553)|HEAP_ALLOCATE|[EXTERNAL]|Bytes:4
13:27:30.0 (1018263)|METHOD_ENTRY|[1]|01p36000006RnKY|InventoryController.InventoryController()
13:27:30.0 (1024845)|STATEMENT_EXECUTE|[1]
13:27:30.0 (1033535)|STATEMENT_EXECUTE|[1]
13:27:30.0 (1069407)|HEAP_ALLOCATE|[50]|Bytes:5
13:27:30.0 (1094060)|HEAP_ALLOCATE|[56]|Bytes:5
13:27:30.0 (1104282)|HEAP_ALLOCATE|[64]|Bytes:7
13:27:30.0 (1129342)|SYSTEM_MODE_ENTER|false
13:27:30.0 (1147745)|HEAP_ALLOCATE|[EXTERNAL]|Bytes:5
13:27:30.0 (1154924)|SYSTEM_MODE_EXIT|false
13:27:30.0 (1165393)|METHOD_EXIT|[1]|InventoryController
13:27:30.0 (1174410)|SYSTEM_MODE_ENTER|false
13:27:30.0 (1192259)|HEAP_ALLOCATE|[13]|Bytes:5
13:27:30.0 (1196342)|STATEMENT_EXECUTE|[12]
13:27:30.0 (1197842)|STATEMENT_EXECUTE|[13]
13:27:30.0 (1201669)|HEAP_ALLOCATE|[13]|Bytes:132
13:27:30.0 (1208981)|HEAP_ALLOCATE|[13]|Bytes:4
13:27:30.0 (3286651)|SOQL_EXECUTE_BEGIN|[13]|Aggregations:0|SELECT id, name, Inventory_Number__c, Customer__c, Contact_Person__c, Value__c, LastModifiedDate FROM Computer_Inventory__c LIMIT 50
13:27:30.0 (5844337)|SOQL_EXECUTE_END|[13]|Rows:5
13:27:30.0 (5861512)|HEAP_ALLOCATE|[13]|Bytes:24
13:27:30.0 (5890279)|HEAP_ALLOCATE|[13]|Bytes:1224
13:27:30.0 (5921373)|HEAP_ALLOCATE|[13]|Bytes:24
13:27:30.0 (5939045)|SYSTEM_MODE_EXIT|false
13:27:30.5 (5982215)|CUMULATIVE_LIMIT_USAGE
13:27:30.5 (5982215)|LIMIT_USAGE_FOR_NS|(default)|
  Number of SOQL queries: 1 out of 100
  Number of query rows: 5 out of 50000
  Number of SOSL queries: 0 out of 20
  Number of DML statements: 0 out of 150
  Number of DML rows: 0 out of 10000
  Maximum CPU time: 0 out of 10000
  Maximum heap size: 0 out of 6000000
  Number of callouts: 0 out of 100
  Number of Email Invocations: 0 out of 10
  Number of future calls: 0 out of 50
  Number of queueable jobs added to the queue: 0 out of 50
  Number of Mobile Apex push calls: 0 out of 10

13:27:30.5 (5982215)|CUMULATIVE_LIMIT_USAGE_END

13:27:30.0 (6045005)|CODE_UNIT_FINISHED|InventoryController.getInventories
13:27:30.0 (7599176)|EXECUTION_FINISHED
