36.0 APEX_CODE,FINEST;APEX_PROFILING,INFO;CALLOUT,INFO;DB,INFO;SYSTEM,DEBUG;VALIDATION,INFO;VISUALFORCE,INFO;WORKFLOW,INFO
13:45:06.0 (479278)|EXECUTION_STARTED
13:45:06.0 (524312)|CODE_UNIT_STARTED|[EXTERNAL]|01p36000006RyIk|ContactController.getContacts
13:45:06.0 (834686)|HEAP_ALLOCATE|[72]|Bytes:3
13:45:06.0 (927714)|HEAP_ALLOCATE|[77]|Bytes:152
13:45:06.0 (950889)|HEAP_ALLOCATE|[342]|Bytes:408
13:45:06.0 (973036)|HEAP_ALLOCATE|[355]|Bytes:408
13:45:06.0 (993500)|HEAP_ALLOCATE|[467]|Bytes:48
13:45:06.0 (1067495)|HEAP_ALLOCATE|[139]|Bytes:6
13:45:06.0 (1096494)|HEAP_ALLOCATE|[EXTERNAL]|Bytes:4
13:45:06.0 (1161539)|METHOD_ENTRY|[1]|01p36000006RyIk|ContactController.ContactController()
13:45:06.0 (1168662)|STATEMENT_EXECUTE|[1]
13:45:06.0 (1177867)|STATEMENT_EXECUTE|[1]
13:45:06.0 (1220020)|HEAP_ALLOCATE|[50]|Bytes:5
13:45:06.0 (1249268)|HEAP_ALLOCATE|[56]|Bytes:5
13:45:06.0 (1259958)|HEAP_ALLOCATE|[64]|Bytes:7
13:45:06.0 (1294005)|SYSTEM_MODE_ENTER|false
13:45:06.0 (1399137)|HEAP_ALLOCATE|[EXTERNAL]|Bytes:5
13:45:06.0 (1410015)|SYSTEM_MODE_EXIT|false
13:45:06.0 (1446882)|METHOD_EXIT|[1]|ContactController
13:45:06.0 (1457682)|SYSTEM_MODE_ENTER|false
13:45:06.0 (1474298)|HEAP_ALLOCATE|[5]|Bytes:5
13:45:06.0 (1478556)|STATEMENT_EXECUTE|[3]
13:45:06.0 (1480091)|STATEMENT_EXECUTE|[4]
13:45:06.0 (1483311)|HEAP_ALLOCATE|[5]|Bytes:67
13:45:06.0 (1497267)|HEAP_ALLOCATE|[5]|Bytes:4
13:45:06.0 (2521193)|SOQL_EXECUTE_BEGIN|[5]|Aggregations:0|SELECT Id, Name, MailingStreet, Phone, Email, Level__c FROM Contact
13:45:06.0 (8083701)|SOQL_EXECUTE_END|[5]|Rows:48
13:45:06.0 (8108293)|HEAP_ALLOCATE|[5]|Bytes:196
13:45:06.0 (8194420)|HEAP_ALLOCATE|[5]|Bytes:5623
13:45:06.0 (8234764)|HEAP_ALLOCATE|[5]|Bytes:196
13:45:06.0 (8246044)|VARIABLE_SCOPE_BEGIN|[4]|contacts|List<Contact>|true|false
13:45:06.0 (8353969)|VARIABLE_ASSIGNMENT|[4]|contacts|{"s":1,"v":"List of size 48 too large to display"}|0x196a11ed
13:45:06.0 (8358898)|STATEMENT_EXECUTE|[8]
13:45:06.0 (8384374)|SYSTEM_MODE_EXIT|false
13:45:06.8 (8422510)|CUMULATIVE_LIMIT_USAGE
13:45:06.8 (8422510)|LIMIT_USAGE_FOR_NS|(default)|
  Number of SOQL queries: 1 out of 100
  Number of query rows: 48 out of 50000
  Number of SOSL queries: 0 out of 20
  Number of DML statements: 0 out of 150
  Number of DML rows: 0 out of 10000
  Maximum CPU time: 0 out of 10000
  Maximum heap size: 0 out of 6000000
  Number of callouts: 0 out of 100
  Number of Email Invocations: 0 out of 10
  Number of future calls: 0 out of 50
  Number of queueable jobs added to the queue: 0 out of 50
  Number of Mobile Apex push calls: 0 out of 10

13:45:06.8 (8422510)|CUMULATIVE_LIMIT_USAGE_END

13:45:06.0 (8482661)|CODE_UNIT_FINISHED|ContactController.getContacts
13:45:06.0 (10214761)|EXECUTION_FINISHED
