36.0 APEX_CODE,FINEST;APEX_PROFILING,INFO;CALLOUT,INFO;DB,INFO;SYSTEM,DEBUG;VALIDATION,INFO;VISUALFORCE,INFO;WORKFLOW,INFO
13:03:44.0 (454490)|EXECUTION_STARTED
13:03:44.0 (504664)|CODE_UNIT_STARTED|[EXTERNAL]|01p36000006RnKY|InventoryController.getInventories
13:03:44.0 (822751)|HEAP_ALLOCATE|[72]|Bytes:3
13:03:44.0 (876925)|HEAP_ALLOCATE|[77]|Bytes:152
13:03:44.0 (894923)|HEAP_ALLOCATE|[342]|Bytes:408
13:03:44.0 (913088)|HEAP_ALLOCATE|[355]|Bytes:408
13:03:44.0 (929929)|HEAP_ALLOCATE|[467]|Bytes:48
13:03:44.0 (965991)|HEAP_ALLOCATE|[139]|Bytes:6
13:03:44.0 (988191)|HEAP_ALLOCATE|[EXTERNAL]|Bytes:4
13:03:44.0 (1050553)|METHOD_ENTRY|[1]|01p36000006RnKY|InventoryController.InventoryController()
13:03:44.0 (1057351)|STATEMENT_EXECUTE|[1]
13:03:44.0 (1077777)|STATEMENT_EXECUTE|[1]
13:03:44.0 (1119205)|HEAP_ALLOCATE|[50]|Bytes:5
13:03:44.0 (1150005)|HEAP_ALLOCATE|[56]|Bytes:5
13:03:44.0 (1161151)|HEAP_ALLOCATE|[64]|Bytes:7
13:03:44.0 (1187325)|SYSTEM_MODE_ENTER|false
13:03:44.0 (1210342)|HEAP_ALLOCATE|[EXTERNAL]|Bytes:5
13:03:44.0 (1219421)|SYSTEM_MODE_EXIT|false
13:03:44.0 (1248617)|METHOD_EXIT|[1]|InventoryController
13:03:44.0 (1263552)|SYSTEM_MODE_ENTER|false
13:03:44.0 (1279837)|HEAP_ALLOCATE|[13]|Bytes:5
13:03:44.0 (1288937)|STATEMENT_EXECUTE|[12]
13:03:44.0 (1291198)|STATEMENT_EXECUTE|[13]
13:03:44.0 (1295434)|HEAP_ALLOCATE|[13]|Bytes:132
13:03:44.0 (1308021)|HEAP_ALLOCATE|[13]|Bytes:4
13:03:44.0 (3057029)|SOQL_EXECUTE_BEGIN|[13]|Aggregations:0|SELECT id, name, Inventory_Number__c, Customer__c, Contact_Person__c, Value__c, LastModifiedDate FROM Computer_Inventory__c LIMIT 50
13:03:44.0 (6009909)|SOQL_EXECUTE_END|[13]|Rows:5
13:03:44.0 (6032961)|HEAP_ALLOCATE|[13]|Bytes:24
13:03:44.0 (6067029)|HEAP_ALLOCATE|[13]|Bytes:1224
13:03:44.0 (6120257)|HEAP_ALLOCATE|[13]|Bytes:24
13:03:44.0 (6138826)|SYSTEM_MODE_EXIT|false
13:03:44.6 (6190608)|CUMULATIVE_LIMIT_USAGE
13:03:44.6 (6190608)|LIMIT_USAGE_FOR_NS|(default)|
  Number of SOQL queries: 1 out of 100
  Number of query rows: 5 out of 50000
  Number of SOSL queries: 0 out of 20
  Number of DML statements: 0 out of 150
  Number of DML rows: 0 out of 10000
  Maximum CPU time: 0 out of 10000
  Maximum heap size: 0 out of 6000000
  Number of callouts: 0 out of 100
  Number of Email Invocations: 0 out of 10
  Number of future calls: 0 out of 50
  Number of queueable jobs added to the queue: 0 out of 50
  Number of Mobile Apex push calls: 0 out of 10

13:03:44.6 (6190608)|CUMULATIVE_LIMIT_USAGE_END

13:03:44.0 (6246923)|CODE_UNIT_FINISHED|InventoryController.getInventories
13:03:44.0 (7877490)|EXECUTION_FINISHED
