36.0 APEX_CODE,FINEST;APEX_PROFILING,INFO;CALLOUT,INFO;DB,INFO;SYSTEM,DEBUG;VALIDATION,INFO;VISUALFORCE,INFO;WORKFLOW,INFO
04:03:22.0 (522393)|EXECUTION_STARTED
04:03:22.0 (583238)|CODE_UNIT_STARTED|[EXTERNAL]|01p36000006RnKY|InventoryController.findAll
04:03:22.0 (845054)|HEAP_ALLOCATE|[72]|Bytes:3
04:03:22.0 (931229)|HEAP_ALLOCATE|[77]|Bytes:152
04:03:22.0 (951943)|HEAP_ALLOCATE|[342]|Bytes:408
04:03:22.0 (973012)|HEAP_ALLOCATE|[355]|Bytes:408
04:03:22.0 (993019)|HEAP_ALLOCATE|[467]|Bytes:48
04:03:22.0 (1067440)|HEAP_ALLOCATE|[139]|Bytes:6
04:03:22.0 (1215135)|HEAP_ALLOCATE|[EXTERNAL]|Bytes:4
04:03:22.0 (1254335)|METHOD_ENTRY|[1]|01p36000006RnKY|InventoryController.InventoryController()
04:03:22.0 (1259870)|STATEMENT_EXECUTE|[1]
04:03:22.0 (1296241)|STATEMENT_EXECUTE|[1]
04:03:22.0 (1338153)|HEAP_ALLOCATE|[50]|Bytes:5
04:03:22.0 (1367525)|HEAP_ALLOCATE|[56]|Bytes:5
04:03:22.0 (1378114)|HEAP_ALLOCATE|[64]|Bytes:7
04:03:22.0 (1432767)|SYSTEM_MODE_ENTER|false
04:03:22.0 (1457591)|HEAP_ALLOCATE|[EXTERNAL]|Bytes:5
04:03:22.0 (1480880)|SYSTEM_MODE_EXIT|false
04:03:22.0 (1502877)|METHOD_EXIT|[1]|InventoryController
04:03:22.0 (1527119)|SYSTEM_MODE_ENTER|false
04:03:22.0 (1552449)|HEAP_ALLOCATE|[5]|Bytes:5
04:03:22.0 (1557647)|STATEMENT_EXECUTE|[4]
04:03:22.0 (1559343)|STATEMENT_EXECUTE|[5]
04:03:22.0 (1562645)|HEAP_ALLOCATE|[5]|Bytes:132
04:03:22.0 (1575273)|HEAP_ALLOCATE|[5]|Bytes:4
04:03:22.0 (3897715)|SOQL_EXECUTE_BEGIN|[5]|Aggregations:0|SELECT id, name, Inventory_Number__c, Customer__c, Contact_Person__c, Value__c, LastModifiedDate FROM Computer_Inventory__c LIMIT 50
04:03:22.0 (7472052)|SOQL_EXECUTE_END|[5]|Rows:5
04:03:22.0 (7499194)|HEAP_ALLOCATE|[5]|Bytes:24
04:03:22.0 (7534997)|HEAP_ALLOCATE|[5]|Bytes:1224
04:03:22.0 (7741071)|HEAP_ALLOCATE|[5]|Bytes:24
04:03:22.0 (7794818)|SYSTEM_MODE_EXIT|false
04:03:22.7 (7845200)|CUMULATIVE_LIMIT_USAGE
04:03:22.7 (7845200)|LIMIT_USAGE_FOR_NS|(default)|
  Number of SOQL queries: 1 out of 100
  Number of query rows: 5 out of 50000
  Number of SOSL queries: 0 out of 20
  Number of DML statements: 0 out of 150
  Number of DML rows: 0 out of 10000
  Maximum CPU time: 0 out of 10000
  Maximum heap size: 0 out of 6000000
  Number of callouts: 0 out of 100
  Number of Email Invocations: 0 out of 10
  Number of future calls: 0 out of 50
  Number of queueable jobs added to the queue: 0 out of 50
  Number of Mobile Apex push calls: 0 out of 10

04:03:22.7 (7845200)|CUMULATIVE_LIMIT_USAGE_END

04:03:22.0 (7933464)|CODE_UNIT_FINISHED|InventoryController.findAll
04:03:22.0 (9751743)|EXECUTION_FINISHED
