36.0 APEX_CODE,FINEST;APEX_PROFILING,INFO;CALLOUT,INFO;DB,INFO;SYSTEM,DEBUG;VALIDATION,INFO;VISUALFORCE,INFO;WORKFLOW,INFO
04:57:26.0 (141294)|EXECUTION_STARTED
04:57:26.0 (193738)|CODE_UNIT_STARTED|[EXTERNAL]|01p36000005H3V7|expansesController.saveExpense
04:57:26.0 (616509)|HEAP_ALLOCATE|[72]|Bytes:3
04:57:26.0 (709534)|HEAP_ALLOCATE|[77]|Bytes:152
04:57:26.0 (761635)|HEAP_ALLOCATE|[342]|Bytes:408
04:57:26.0 (832813)|HEAP_ALLOCATE|[355]|Bytes:408
04:57:26.0 (902215)|HEAP_ALLOCATE|[467]|Bytes:48
04:57:26.0 (986158)|HEAP_ALLOCATE|[139]|Bytes:6
04:57:26.0 (1039643)|HEAP_ALLOCATE|[EXTERNAL]|Bytes:4
04:57:26.0 (1074105)|METHOD_ENTRY|[1]|01p36000005H3V7|expansesController.expansesController()
04:57:26.0 (1084921)|STATEMENT_EXECUTE|[1]
04:57:26.0 (1098656)|STATEMENT_EXECUTE|[1]
04:57:26.0 (1149137)|HEAP_ALLOCATE|[50]|Bytes:5
04:57:26.0 (1205226)|HEAP_ALLOCATE|[56]|Bytes:5
04:57:26.0 (1237204)|HEAP_ALLOCATE|[64]|Bytes:7
04:57:26.0 (1288187)|SYSTEM_MODE_ENTER|false
04:57:26.0 (1318052)|HEAP_ALLOCATE|[EXTERNAL]|Bytes:5
04:57:26.0 (1340188)|SYSTEM_MODE_EXIT|false
04:57:26.0 (1362227)|METHOD_EXIT|[1]|expansesController
04:57:26.0 (1386846)|HEAP_ALLOCATE|[EXTERNAL]|Bytes:28
04:57:26.0 (1403287)|SYSTEM_MODE_ENTER|false
04:57:26.0 (1444110)|VARIABLE_SCOPE_BEGIN|[10]|expense|Expense__c|true|false
04:57:26.0 (1591418)|VARIABLE_ASSIGNMENT|[10]|expense|{"Amount__c":12,"Reimbursed__c":false,"CreatedDate":"2016-03-15T09:52:47.000Z","Date__c":"2016-03-23T19:00:00.000Z","Id":"a0H36000001jrIyEAI","Name":"Barbara"}|0x2ae873c0
04:57:26.0 (1647994)|HEAP_ALLOCATE|[13]|Bytes:5
04:57:26.0 (1663366)|STATEMENT_EXECUTE|[10]
04:57:26.0 (1669341)|STATEMENT_EXECUTE|[13]
04:57:26.0 (1766258)|HEAP_ALLOCATE|[13]|Bytes:8
04:57:26.0 (1799773)|DML_BEGIN|[13]|Op:Upsert|Type:Expense__c|Rows:1
04:57:26.0 (1854506)|HEAP_ALLOCATE|[EXTERNAL]|Bytes:8
04:57:26.0 (57702479)|DML_END|[13]
04:57:26.0 (57777583)|STATEMENT_EXECUTE|[14]
04:57:26.0 (57812746)|SYSTEM_MODE_EXIT|false
04:57:26.61 (61548290)|CUMULATIVE_LIMIT_USAGE
04:57:26.61 (61548290)|LIMIT_USAGE_FOR_NS|(default)|
  Number of SOQL queries: 0 out of 100
  Number of query rows: 0 out of 50000
  Number of SOSL queries: 0 out of 20
  Number of DML statements: 1 out of 150
  Number of DML rows: 1 out of 10000
  Maximum CPU time: 0 out of 10000
  Maximum heap size: 0 out of 6000000
  Number of callouts: 0 out of 100
  Number of Email Invocations: 0 out of 10
  Number of future calls: 0 out of 50
  Number of queueable jobs added to the queue: 0 out of 50
  Number of Mobile Apex push calls: 0 out of 10

04:57:26.61 (61548290)|CUMULATIVE_LIMIT_USAGE_END

04:57:26.0 (61627223)|CODE_UNIT_FINISHED|expansesController.saveExpense
04:57:26.0 (62712384)|EXECUTION_FINISHED
