36.0 APEX_CODE,FINEST;APEX_PROFILING,INFO;CALLOUT,INFO;DB,INFO;SYSTEM,DEBUG;VALIDATION,INFO;VISUALFORCE,INFO;WORKFLOW,INFO
03:19:40.0 (453340)|EXECUTION_STARTED
03:19:40.0 (482197)|CODE_UNIT_STARTED|[EXTERNAL]|01p36000004ZxaQ|AccountsController.getAccounts
03:19:40.0 (1007477)|HEAP_ALLOCATE|[72]|Bytes:3
03:19:40.0 (1080213)|HEAP_ALLOCATE|[77]|Bytes:152
03:19:40.0 (1104253)|HEAP_ALLOCATE|[342]|Bytes:408
03:19:40.0 (1126564)|HEAP_ALLOCATE|[355]|Bytes:408
03:19:40.0 (1146368)|HEAP_ALLOCATE|[467]|Bytes:48
03:19:40.0 (1193315)|HEAP_ALLOCATE|[139]|Bytes:6
03:19:40.0 (1223759)|HEAP_ALLOCATE|[EXTERNAL]|Bytes:1
03:19:40.0 (1244445)|METHOD_ENTRY|[1]|01p36000004ZxaQ|AccountsController.AccountsController()
03:19:40.0 (1249927)|STATEMENT_EXECUTE|[1]
03:19:40.0 (1257022)|STATEMENT_EXECUTE|[1]
03:19:40.0 (1270456)|METHOD_EXIT|[1]|AccountsController
03:19:40.0 (1289668)|SYSTEM_MODE_ENTER|false
03:19:40.0 (1305611)|STATEMENT_EXECUTE|[3]
03:19:40.0 (1307508)|STATEMENT_EXECUTE|[4]
03:19:40.0 (1311419)|HEAP_ALLOCATE|[4]|Bytes:182
03:19:40.0 (1328539)|HEAP_ALLOCATE|[4]|Bytes:4
03:19:40.0 (1380509)|HEAP_ALLOCATE|[50]|Bytes:5
03:19:40.0 (1414565)|HEAP_ALLOCATE|[56]|Bytes:5
03:19:40.0 (1426643)|HEAP_ALLOCATE|[64]|Bytes:7
03:19:40.0 (2874783)|SOQL_EXECUTE_BEGIN|[4]|Aggregations:0|SELECT Id, name, industry, Type, NumberOfEmployees, TickerSymbol, Phone, BillingStreet, BillingCity, BillingState, BillingPostalCode FROM Account ORDER BY createdDate ASC NULLS FIRST
03:19:40.0 (7282815)|SOQL_EXECUTE_END|[4]|Rows:26
03:19:40.0 (7308682)|HEAP_ALLOCATE|[4]|Bytes:108
03:19:40.0 (7381733)|HEAP_ALLOCATE|[4]|Bytes:4347
03:19:40.0 (7425341)|HEAP_ALLOCATE|[4]|Bytes:108
03:19:40.0 (7445126)|SYSTEM_MODE_EXIT|false
03:19:40.7 (7500339)|CUMULATIVE_LIMIT_USAGE
03:19:40.7 (7500339)|LIMIT_USAGE_FOR_NS|(default)|
  Number of SOQL queries: 1 out of 100
  Number of query rows: 26 out of 50000
  Number of SOSL queries: 0 out of 20
  Number of DML statements: 0 out of 150
  Number of DML rows: 0 out of 10000
  Maximum CPU time: 0 out of 10000
  Maximum heap size: 0 out of 6000000
  Number of callouts: 0 out of 100
  Number of Email Invocations: 0 out of 10
  Number of future calls: 0 out of 50
  Number of queueable jobs added to the queue: 0 out of 50
  Number of Mobile Apex push calls: 0 out of 10

03:19:40.7 (7500339)|CUMULATIVE_LIMIT_USAGE_END

03:19:40.0 (7556788)|CODE_UNIT_FINISHED|AccountsController.getAccounts
03:19:40.0 (9223481)|EXECUTION_FINISHED
