36.0 APEX_CODE,FINEST;APEX_PROFILING,INFO;CALLOUT,INFO;DB,INFO;SYSTEM,DEBUG;VALIDATION,INFO;VISUALFORCE,INFO;WORKFLOW,INFO
09:00:41.0 (540444)|EXECUTION_STARTED
09:00:41.0 (593088)|CODE_UNIT_STARTED|[EXTERNAL]|01p36000004ZxaQ|AccountController.findAll
09:00:41.0 (889802)|HEAP_ALLOCATE|[72]|Bytes:3
09:00:41.0 (969576)|HEAP_ALLOCATE|[77]|Bytes:152
09:00:41.0 (1005236)|HEAP_ALLOCATE|[342]|Bytes:408
09:00:41.0 (1042943)|HEAP_ALLOCATE|[355]|Bytes:408
09:00:41.0 (1075939)|HEAP_ALLOCATE|[467]|Bytes:48
09:00:41.0 (1157773)|HEAP_ALLOCATE|[139]|Bytes:6
09:00:41.0 (1204504)|HEAP_ALLOCATE|[EXTERNAL]|Bytes:1
09:00:41.0 (1225071)|METHOD_ENTRY|[1]|01p36000004ZxaQ|AccountController.AccountController()
09:00:41.0 (1231140)|STATEMENT_EXECUTE|[1]
09:00:41.0 (1240567)|STATEMENT_EXECUTE|[1]
09:00:41.0 (1291436)|HEAP_ALLOCATE|[50]|Bytes:5
09:00:41.0 (1330627)|HEAP_ALLOCATE|[56]|Bytes:5
09:00:41.0 (1346942)|HEAP_ALLOCATE|[64]|Bytes:7
09:00:41.0 (1391038)|SYSTEM_MODE_ENTER|false
09:00:41.0 (1416342)|HEAP_ALLOCATE|[EXTERNAL]|Bytes:5
09:00:41.0 (1430960)|SYSTEM_MODE_EXIT|false
09:00:41.0 (1441943)|METHOD_EXIT|[1]|AccountController
09:00:41.0 (1457170)|SYSTEM_MODE_ENTER|false
09:00:41.0 (2229528)|HEAP_ALLOCATE|[5]|Bytes:5
09:00:41.0 (2239522)|STATEMENT_EXECUTE|[4]
09:00:41.0 (2242871)|STATEMENT_EXECUTE|[5]
09:00:41.0 (2249258)|HEAP_ALLOCATE|[5]|Bytes:157
09:00:41.0 (2269468)|HEAP_ALLOCATE|[5]|Bytes:4
09:00:41.0 (4085134)|SOQL_EXECUTE_BEGIN|[5]|Aggregations:0|SELECT id, name, Location__Latitude__s, Location__Longitude__s FROM Account WHERE (Location__Latitude__s != NULL AND Location__Longitude__s != NULL) LIMIT 50
09:00:41.0 (9080293)|SOQL_EXECUTE_END|[5]|Rows:3
09:00:41.0 (9111692)|HEAP_ALLOCATE|[5]|Bytes:16
09:00:41.0 (9141420)|HEAP_ALLOCATE|[5]|Bytes:520
09:00:41.0 (9181221)|HEAP_ALLOCATE|[5]|Bytes:16
09:00:41.0 (9212134)|SYSTEM_MODE_EXIT|false
09:00:41.9 (9255442)|CUMULATIVE_LIMIT_USAGE
09:00:41.9 (9255442)|LIMIT_USAGE_FOR_NS|(default)|
  Number of SOQL queries: 1 out of 100
  Number of query rows: 3 out of 50000
  Number of SOSL queries: 0 out of 20
  Number of DML statements: 0 out of 150
  Number of DML rows: 0 out of 10000
  Maximum CPU time: 0 out of 10000
  Maximum heap size: 0 out of 6000000
  Number of callouts: 0 out of 100
  Number of Email Invocations: 0 out of 10
  Number of future calls: 0 out of 50
  Number of queueable jobs added to the queue: 0 out of 50
  Number of Mobile Apex push calls: 0 out of 10

09:00:41.9 (9255442)|CUMULATIVE_LIMIT_USAGE_END

09:00:41.0 (9296519)|CODE_UNIT_FINISHED|AccountController.findAll
09:00:41.0 (11650807)|EXECUTION_FINISHED
