36.0 APEX_CODE,FINEST;APEX_PROFILING,INFO;CALLOUT,INFO;DB,INFO;SYSTEM,DEBUG;VALIDATION,INFO;VISUALFORCE,INFO;WORKFLOW,INFO
03:53:02.0 (464549)|EXECUTION_STARTED
03:53:02.0 (513847)|CODE_UNIT_STARTED|[EXTERNAL]|01p36000006RnKY|InventoryController.findAll
03:53:02.0 (812848)|HEAP_ALLOCATE|[72]|Bytes:3
03:53:02.0 (897815)|HEAP_ALLOCATE|[77]|Bytes:152
03:53:02.0 (920389)|HEAP_ALLOCATE|[342]|Bytes:408
03:53:02.0 (941696)|HEAP_ALLOCATE|[355]|Bytes:408
03:53:02.0 (961475)|HEAP_ALLOCATE|[467]|Bytes:48
03:53:02.0 (1036267)|HEAP_ALLOCATE|[139]|Bytes:6
03:53:02.0 (1068417)|HEAP_ALLOCATE|[EXTERNAL]|Bytes:4
03:53:02.0 (1127470)|METHOD_ENTRY|[1]|01p36000006RnKY|InventoryController.InventoryController()
03:53:02.0 (1134376)|STATEMENT_EXECUTE|[1]
03:53:02.0 (1142734)|STATEMENT_EXECUTE|[1]
03:53:02.0 (1187643)|HEAP_ALLOCATE|[50]|Bytes:5
03:53:02.0 (1219425)|HEAP_ALLOCATE|[56]|Bytes:5
03:53:02.0 (1233487)|HEAP_ALLOCATE|[64]|Bytes:7
03:53:02.0 (1264485)|SYSTEM_MODE_ENTER|false
03:53:02.0 (1360506)|HEAP_ALLOCATE|[EXTERNAL]|Bytes:5
03:53:02.0 (1372235)|SYSTEM_MODE_EXIT|false
03:53:02.0 (1398604)|METHOD_EXIT|[1]|InventoryController
03:53:02.0 (1414207)|SYSTEM_MODE_ENTER|false
03:53:02.0 (1431355)|HEAP_ALLOCATE|[5]|Bytes:5
03:53:02.0 (1437904)|STATEMENT_EXECUTE|[4]
03:53:02.0 (1441184)|STATEMENT_EXECUTE|[5]
03:53:02.0 (1459893)|HEAP_ALLOCATE|[5]|Bytes:132
03:53:02.0 (1475992)|HEAP_ALLOCATE|[5]|Bytes:4
03:53:02.0 (3344686)|SOQL_EXECUTE_BEGIN|[5]|Aggregations:0|SELECT id, name, Inventory_Number__c, Customer__c, Contact_Person__c, Value__c, LastModifiedDate FROM Computer_Inventory__c LIMIT 50
03:53:02.0 (6047997)|SOQL_EXECUTE_END|[5]|Rows:5
03:53:02.0 (6072990)|HEAP_ALLOCATE|[5]|Bytes:24
03:53:02.0 (6106972)|HEAP_ALLOCATE|[5]|Bytes:1224
03:53:02.0 (6144002)|HEAP_ALLOCATE|[5]|Bytes:24
03:53:02.0 (6190331)|SYSTEM_MODE_EXIT|false
03:53:02.6 (6238574)|CUMULATIVE_LIMIT_USAGE
03:53:02.6 (6238574)|LIMIT_USAGE_FOR_NS|(default)|
  Number of SOQL queries: 1 out of 100
  Number of query rows: 5 out of 50000
  Number of SOSL queries: 0 out of 20
  Number of DML statements: 0 out of 150
  Number of DML rows: 0 out of 10000
  Maximum CPU time: 0 out of 10000
  Maximum heap size: 0 out of 6000000
  Number of callouts: 0 out of 100
  Number of Email Invocations: 0 out of 10
  Number of future calls: 0 out of 50
  Number of queueable jobs added to the queue: 0 out of 50
  Number of Mobile Apex push calls: 0 out of 10

03:53:02.6 (6238574)|CUMULATIVE_LIMIT_USAGE_END

03:53:02.0 (6302149)|CODE_UNIT_FINISHED|InventoryController.findAll
03:53:02.0 (7945977)|EXECUTION_FINISHED
