36.0 APEX_CODE,FINEST;APEX_PROFILING,INFO;CALLOUT,INFO;DB,INFO;SYSTEM,DEBUG;VALIDATION,INFO;VISUALFORCE,INFO;WORKFLOW,INFO
09:25:01.0 (74186)|EXECUTION_STARTED
09:25:01.0 (104741)|CODE_UNIT_STARTED|[EXTERNAL]|01p36000004ZxaQ|AccountController.findAll
09:25:01.0 (240106)|HEAP_ALLOCATE|[72]|Bytes:3
09:25:01.0 (289674)|HEAP_ALLOCATE|[77]|Bytes:152
09:25:01.0 (308978)|HEAP_ALLOCATE|[342]|Bytes:408
09:25:01.0 (328793)|HEAP_ALLOCATE|[355]|Bytes:408
09:25:01.0 (347905)|HEAP_ALLOCATE|[467]|Bytes:48
09:25:01.0 (380028)|HEAP_ALLOCATE|[139]|Bytes:6
09:25:01.0 (444557)|HEAP_ALLOCATE|[EXTERNAL]|Bytes:1
09:25:01.0 (458730)|METHOD_ENTRY|[1]|01p36000004ZxaQ|AccountController.AccountController()
09:25:01.0 (463034)|STATEMENT_EXECUTE|[1]
09:25:01.0 (468383)|STATEMENT_EXECUTE|[1]
09:25:01.0 (500674)|HEAP_ALLOCATE|[50]|Bytes:5
09:25:01.0 (527478)|HEAP_ALLOCATE|[56]|Bytes:5
09:25:01.0 (537082)|HEAP_ALLOCATE|[64]|Bytes:7
09:25:01.0 (565387)|SYSTEM_MODE_ENTER|false
09:25:01.0 (584356)|HEAP_ALLOCATE|[EXTERNAL]|Bytes:5
09:25:01.0 (590464)|SYSTEM_MODE_EXIT|false
09:25:01.0 (601641)|METHOD_EXIT|[1]|AccountController
09:25:01.0 (609039)|SYSTEM_MODE_ENTER|false
09:25:01.0 (621455)|HEAP_ALLOCATE|[5]|Bytes:5
09:25:01.0 (625096)|STATEMENT_EXECUTE|[4]
09:25:01.0 (626510)|STATEMENT_EXECUTE|[5]
09:25:01.0 (629478)|HEAP_ALLOCATE|[5]|Bytes:157
09:25:01.0 (636476)|HEAP_ALLOCATE|[5]|Bytes:4
09:25:01.0 (1123295)|SOQL_EXECUTE_BEGIN|[5]|Aggregations:0|SELECT id, name, Location__Latitude__s, Location__Longitude__s FROM Account WHERE (Location__Latitude__s != NULL AND Location__Longitude__s != NULL) LIMIT 50
09:25:01.0 (4999880)|SOQL_EXECUTE_END|[5]|Rows:3
09:25:01.0 (5020078)|HEAP_ALLOCATE|[5]|Bytes:16
09:25:01.0 (5044994)|HEAP_ALLOCATE|[5]|Bytes:520
09:25:01.0 (5136680)|HEAP_ALLOCATE|[5]|Bytes:16
09:25:01.0 (5155928)|SYSTEM_MODE_EXIT|false
09:25:01.5 (5193631)|CUMULATIVE_LIMIT_USAGE
09:25:01.5 (5193631)|LIMIT_USAGE_FOR_NS|(default)|
  Number of SOQL queries: 1 out of 100
  Number of query rows: 3 out of 50000
  Number of SOSL queries: 0 out of 20
  Number of DML statements: 0 out of 150
  Number of DML rows: 0 out of 10000
  Maximum CPU time: 0 out of 10000
  Maximum heap size: 0 out of 6000000
  Number of callouts: 0 out of 100
  Number of Email Invocations: 0 out of 10
  Number of future calls: 0 out of 50
  Number of queueable jobs added to the queue: 0 out of 50
  Number of Mobile Apex push calls: 0 out of 10

09:25:01.5 (5193631)|CUMULATIVE_LIMIT_USAGE_END

09:25:01.0 (5236187)|CODE_UNIT_FINISHED|AccountController.findAll
09:25:01.0 (7107799)|EXECUTION_FINISHED
