36.0 APEX_CODE,FINEST;APEX_PROFILING,INFO;CALLOUT,INFO;DB,INFO;SYSTEM,DEBUG;VALIDATION,INFO;VISUALFORCE,INFO;WORKFLOW,INFO
14:01:45.0 (91158)|EXECUTION_STARTED
14:01:45.0 (144957)|CODE_UNIT_STARTED|[EXTERNAL]|01p36000006RnKY|InventoryController.getInventories
14:01:45.0 (375727)|HEAP_ALLOCATE|[72]|Bytes:3
14:01:45.0 (452947)|HEAP_ALLOCATE|[77]|Bytes:152
14:01:45.0 (483242)|HEAP_ALLOCATE|[342]|Bytes:408
14:01:45.0 (510569)|HEAP_ALLOCATE|[355]|Bytes:408
14:01:45.0 (536313)|HEAP_ALLOCATE|[467]|Bytes:48
14:01:45.0 (599070)|HEAP_ALLOCATE|[139]|Bytes:6
14:01:45.0 (722601)|HEAP_ALLOCATE|[EXTERNAL]|Bytes:4
14:01:45.0 (747928)|METHOD_ENTRY|[1]|01p36000006RnKY|InventoryController.InventoryController()
14:01:45.0 (755657)|STATEMENT_EXECUTE|[1]
14:01:45.0 (767203)|STATEMENT_EXECUTE|[1]
14:01:45.0 (810513)|HEAP_ALLOCATE|[50]|Bytes:5
14:01:45.0 (848630)|HEAP_ALLOCATE|[56]|Bytes:5
14:01:45.0 (867624)|HEAP_ALLOCATE|[64]|Bytes:7
14:01:45.0 (908031)|SYSTEM_MODE_ENTER|false
14:01:45.0 (929944)|HEAP_ALLOCATE|[EXTERNAL]|Bytes:5
14:01:45.0 (944143)|SYSTEM_MODE_EXIT|false
14:01:45.0 (960569)|METHOD_EXIT|[1]|InventoryController
14:01:45.0 (973440)|SYSTEM_MODE_ENTER|false
14:01:45.0 (992959)|HEAP_ALLOCATE|[13]|Bytes:5
14:01:45.0 (1000851)|STATEMENT_EXECUTE|[12]
14:01:45.0 (1005729)|STATEMENT_EXECUTE|[13]
14:01:45.0 (1011396)|HEAP_ALLOCATE|[13]|Bytes:132
14:01:45.0 (1029874)|HEAP_ALLOCATE|[13]|Bytes:4
14:01:45.0 (1580879)|SOQL_EXECUTE_BEGIN|[13]|Aggregations:0|SELECT id, name, Inventory_Number__c, Customer__c, Contact_Person__c, Value__c, LastModifiedDate FROM Computer_Inventory__c LIMIT 50
14:01:45.0 (5104669)|SOQL_EXECUTE_END|[13]|Rows:6
14:01:45.0 (5137823)|HEAP_ALLOCATE|[13]|Bytes:28
14:01:45.0 (5181985)|HEAP_ALLOCATE|[13]|Bytes:1470
14:01:45.0 (5333669)|HEAP_ALLOCATE|[13]|Bytes:28
14:01:45.0 (5359789)|SYSTEM_MODE_EXIT|false
14:01:45.5 (5410954)|CUMULATIVE_LIMIT_USAGE
14:01:45.5 (5410954)|LIMIT_USAGE_FOR_NS|(default)|
  Number of SOQL queries: 1 out of 100
  Number of query rows: 6 out of 50000
  Number of SOSL queries: 0 out of 20
  Number of DML statements: 0 out of 150
  Number of DML rows: 0 out of 10000
  Maximum CPU time: 0 out of 10000
  Maximum heap size: 0 out of 6000000
  Number of callouts: 0 out of 100
  Number of Email Invocations: 0 out of 10
  Number of future calls: 0 out of 50
  Number of queueable jobs added to the queue: 0 out of 50
  Number of Mobile Apex push calls: 0 out of 10

14:01:45.5 (5410954)|CUMULATIVE_LIMIT_USAGE_END

14:01:45.0 (5463157)|CODE_UNIT_FINISHED|InventoryController.getInventories
14:01:45.0 (7131187)|EXECUTION_FINISHED
