36.0 APEX_CODE,FINEST;APEX_PROFILING,INFO;CALLOUT,INFO;DB,INFO;SYSTEM,DEBUG;VALIDATION,INFO;VISUALFORCE,INFO;WORKFLOW,INFO
13:08:04.0 (83965)|EXECUTION_STARTED
13:08:04.0 (134060)|CODE_UNIT_STARTED|[EXTERNAL]|aura
13:08:04.0 (638633)|HEAP_ALLOCATE|[72]|Bytes:3
13:08:04.0 (728876)|HEAP_ALLOCATE|[77]|Bytes:152
13:08:04.0 (765536)|HEAP_ALLOCATE|[342]|Bytes:408
13:08:04.0 (797106)|HEAP_ALLOCATE|[355]|Bytes:408
13:08:04.0 (826613)|HEAP_ALLOCATE|[467]|Bytes:48
13:08:04.0 (886178)|HEAP_ALLOCATE|[139]|Bytes:6
13:08:04.0 (942369)|HEAP_ALLOCATE|[EXTERNAL]|Bytes:21
13:08:04.0 (980201)|HEAP_ALLOCATE|[EXTERNAL]|Bytes:21
13:08:04.0 (2075277)|CODE_UNIT_STARTED|[EXTERNAL]|01p36000006RyOZ|InputLookupController.getCurrentValue
13:08:04.0 (2234893)|HEAP_ALLOCATE|[EXTERNAL]|Bytes:12
13:08:04.0 (2251554)|HEAP_ALLOCATE|[EXTERNAL]|Bytes:7
13:08:04.0 (2262041)|HEAP_ALLOCATE|[EXTERNAL]|Bytes:5
13:08:04.0 (2287298)|METHOD_ENTRY|[1]|01p36000006RyOZ|InputLookupController.InputLookupController()
13:08:04.0 (2299874)|STATEMENT_EXECUTE|[1]
13:08:04.0 (2313495)|STATEMENT_EXECUTE|[1]
13:08:04.0 (2320394)|STATEMENT_EXECUTE|[41]
13:08:04.0 (2335138)|METHOD_EXIT|[1]|InputLookupController
13:08:04.0 (2348048)|HEAP_ALLOCATE|[EXTERNAL]|Bytes:21
13:08:04.0 (2373639)|SYSTEM_MODE_ENTER|false
13:08:04.0 (2393033)|VARIABLE_SCOPE_BEGIN|[7]|type|String|false|false
13:08:04.0 (2434751)|VARIABLE_ASSIGNMENT|[7]|type|"Computer_Inventory__ (1 more) ..."
13:08:04.0 (2446186)|VARIABLE_SCOPE_BEGIN|[7]|value|String|false|false
13:08:04.0 (2461370)|VARIABLE_ASSIGNMENT|[7]|value|null
13:08:04.0 (2481876)|STATEMENT_EXECUTE|[7]
13:08:04.0 (2629515)|HEAP_ALLOCATE|[50]|Bytes:5
13:08:04.0 (2679623)|HEAP_ALLOCATE|[56]|Bytes:5
13:08:04.0 (2705431)|HEAP_ALLOCATE|[64]|Bytes:7
13:08:04.0 (2740147)|STATEMENT_EXECUTE|[8]
13:08:04.0 (2749843)|STATEMENT_EXECUTE|[12]
13:08:04.0 (2775472)|VARIABLE_SCOPE_BEGIN|[12]|lookupId|Id|false|false
13:08:04.0 (2797549)|VARIABLE_ASSIGNMENT|[12]|lookupId|null
13:08:04.0 (2806858)|STATEMENT_EXECUTE|[13]
13:08:04.0 (2812773)|STATEMENT_EXECUTE|[13]
13:08:04.0 (2818570)|STATEMENT_EXECUTE|[14]
13:08:04.0 (2840195)|VARIABLE_ASSIGNMENT|[14]|lookupId|null
13:08:04.0 (2920281)|STATEMENT_EXECUTE|[19]
13:08:04.0 (2930519)|STATEMENT_EXECUTE|[20]
13:08:04.0 (2948210)|SYSTEM_MODE_EXIT|false
13:08:04.2 (2999405)|CUMULATIVE_LIMIT_USAGE
13:08:04.2 (2999405)|LIMIT_USAGE_FOR_NS|(default)|
  Number of SOQL queries: 0 out of 100
  Number of query rows: 0 out of 50000
  Number of SOSL queries: 0 out of 20
  Number of DML statements: 0 out of 150
  Number of DML rows: 0 out of 10000
  Maximum CPU time: 0 out of 10000
  Maximum heap size: 0 out of 6000000
  Number of callouts: 0 out of 100
  Number of Email Invocations: 0 out of 10
  Number of future calls: 0 out of 50
  Number of queueable jobs added to the queue: 0 out of 50
  Number of Mobile Apex push calls: 0 out of 10

13:08:04.2 (2999405)|CUMULATIVE_LIMIT_USAGE_END

13:08:04.0 (3057521)|CODE_UNIT_FINISHED|InputLookupController.getCurrentValue
