36.0 APEX_CODE,FINEST;APEX_PROFILING,INFO;CALLOUT,INFO;DB,INFO;SYSTEM,DEBUG;VALIDATION,INFO;VISUALFORCE,INFO;WORKFLOW,INFO
14:14:10.0 (473622)|EXECUTION_STARTED
14:14:10.0 (532459)|CODE_UNIT_STARTED|[EXTERNAL]|01p36000006RnKY|InventoryController.getInventories
14:14:10.0 (746765)|HEAP_ALLOCATE|[72]|Bytes:3
14:14:10.0 (808568)|HEAP_ALLOCATE|[77]|Bytes:152
14:14:10.0 (838551)|HEAP_ALLOCATE|[342]|Bytes:408
14:14:10.0 (870056)|HEAP_ALLOCATE|[355]|Bytes:408
14:14:10.0 (900030)|HEAP_ALLOCATE|[467]|Bytes:48
14:14:10.0 (1026906)|HEAP_ALLOCATE|[139]|Bytes:6
14:14:10.0 (1161608)|HEAP_ALLOCATE|[EXTERNAL]|Bytes:4
14:14:10.0 (1219817)|METHOD_ENTRY|[1]|01p36000006RnKY|InventoryController.InventoryController()
14:14:10.0 (1226248)|STATEMENT_EXECUTE|[1]
14:14:10.0 (1246404)|STATEMENT_EXECUTE|[1]
14:14:10.0 (1303209)|HEAP_ALLOCATE|[50]|Bytes:5
14:14:10.0 (1348313)|HEAP_ALLOCATE|[56]|Bytes:5
14:14:10.0 (1370635)|HEAP_ALLOCATE|[64]|Bytes:7
14:14:10.0 (1418499)|SYSTEM_MODE_ENTER|false
14:14:10.0 (1538604)|HEAP_ALLOCATE|[EXTERNAL]|Bytes:5
14:14:10.0 (1550486)|SYSTEM_MODE_EXIT|false
14:14:10.0 (1584269)|METHOD_EXIT|[1]|InventoryController
14:14:10.0 (1598993)|SYSTEM_MODE_ENTER|false
14:14:10.0 (1614140)|HEAP_ALLOCATE|[13]|Bytes:5
14:14:10.0 (1619218)|STATEMENT_EXECUTE|[12]
14:14:10.0 (1621627)|STATEMENT_EXECUTE|[13]
14:14:10.0 (1625196)|HEAP_ALLOCATE|[13]|Bytes:132
14:14:10.0 (1638157)|HEAP_ALLOCATE|[13]|Bytes:4
14:14:10.0 (4247650)|SOQL_EXECUTE_BEGIN|[13]|Aggregations:0|SELECT id, name, Inventory_Number__c, Customer__c, Contact_Person__c, Value__c, LastModifiedDate FROM Computer_Inventory__c LIMIT 50
14:14:10.0 (7708467)|SOQL_EXECUTE_END|[13]|Rows:6
14:14:10.0 (7740962)|HEAP_ALLOCATE|[13]|Bytes:28
14:14:10.0 (7791308)|HEAP_ALLOCATE|[13]|Bytes:1470
14:14:10.0 (7973489)|HEAP_ALLOCATE|[13]|Bytes:28
14:14:10.0 (8024890)|SYSTEM_MODE_EXIT|false
14:14:10.8 (8088925)|CUMULATIVE_LIMIT_USAGE
14:14:10.8 (8088925)|LIMIT_USAGE_FOR_NS|(default)|
  Number of SOQL queries: 1 out of 100
  Number of query rows: 6 out of 50000
  Number of SOSL queries: 0 out of 20
  Number of DML statements: 0 out of 150
  Number of DML rows: 0 out of 10000
  Maximum CPU time: 0 out of 10000
  Maximum heap size: 0 out of 6000000
  Number of callouts: 0 out of 100
  Number of Email Invocations: 0 out of 10
  Number of future calls: 0 out of 50
  Number of queueable jobs added to the queue: 0 out of 50
  Number of Mobile Apex push calls: 0 out of 10

14:14:10.8 (8088925)|CUMULATIVE_LIMIT_USAGE_END

14:14:10.0 (8175632)|CODE_UNIT_FINISHED|InventoryController.getInventories
14:14:10.0 (9728846)|EXECUTION_FINISHED
14:14:10.36 (36007807)|EXECUTION_STARTED
14:14:10.36 (36033460)|CODE_UNIT_STARTED|[EXTERNAL]|01p36000006RnKY|InventoryController.getInventories
14:14:10.36 (36136335)|SYSTEM_MODE_ENTER|false
14:14:10.36 (36167859)|HEAP_ALLOCATE|[13]|Bytes:5
14:14:10.36 (36180666)|STATEMENT_EXECUTE|[12]
14:14:10.36 (36186216)|STATEMENT_EXECUTE|[13]
14:14:10.36 (36197478)|HEAP_ALLOCATE|[13]|Bytes:4
14:14:10.36 (36655139)|SOQL_EXECUTE_BEGIN|[13]|Aggregations:0|SELECT id, name, Inventory_Number__c, Customer__c, Contact_Person__c, Value__c, LastModifiedDate FROM Computer_Inventory__c LIMIT 50
14:14:10.36 (40187619)|SOQL_EXECUTE_END|[13]|Rows:6
14:14:10.36 (40218186)|HEAP_ALLOCATE|[13]|Bytes:28
14:14:10.36 (40265860)|HEAP_ALLOCATE|[13]|Bytes:1470
14:14:10.36 (40296730)|HEAP_ALLOCATE|[13]|Bytes:28
14:14:10.36 (40317496)|SYSTEM_MODE_EXIT|false
14:14:10.40 (40385546)|CUMULATIVE_LIMIT_USAGE
14:14:10.40 (40385546)|LIMIT_USAGE_FOR_NS|(default)|
  Number of SOQL queries: 2 out of 100
  Number of query rows: 12 out of 50000
  Number of SOSL queries: 0 out of 20
  Number of DML statements: 0 out of 150
  Number of DML rows: 0 out of 10000
  Maximum CPU time: 0 out of 10000
  Maximum heap size: 0 out of 6000000
  Number of callouts: 0 out of 100
  Number of Email Invocations: 0 out of 10
  Number of future calls: 0 out of 50
  Number of queueable jobs added to the queue: 0 out of 50
  Number of Mobile Apex push calls: 0 out of 10

14:14:10.40 (40385546)|CUMULATIVE_LIMIT_USAGE_END

14:14:10.36 (40465187)|CODE_UNIT_FINISHED|InventoryController.getInventories
14:14:10.36 (42114855)|EXECUTION_FINISHED
