36.0 APEX_CODE,FINEST;APEX_PROFILING,INFO;CALLOUT,INFO;DB,INFO;SYSTEM,DEBUG;VALIDATION,INFO;VISUALFORCE,INFO;WORKFLOW,INFO
13:02:31.0 (86529)|EXECUTION_STARTED
13:02:31.0 (125900)|CODE_UNIT_STARTED|[EXTERNAL]|01p36000006RnKY|InventoryController.getInventories
13:02:31.0 (704462)|HEAP_ALLOCATE|[72]|Bytes:3
13:02:31.0 (772279)|HEAP_ALLOCATE|[77]|Bytes:152
13:02:31.0 (796901)|HEAP_ALLOCATE|[342]|Bytes:408
13:02:31.0 (818424)|HEAP_ALLOCATE|[355]|Bytes:408
13:02:31.0 (838235)|HEAP_ALLOCATE|[467]|Bytes:48
13:02:31.0 (879954)|HEAP_ALLOCATE|[139]|Bytes:6
13:02:31.0 (908870)|HEAP_ALLOCATE|[EXTERNAL]|Bytes:4
13:02:31.0 (924623)|METHOD_ENTRY|[1]|01p36000006RnKY|InventoryController.InventoryController()
13:02:31.0 (928807)|STATEMENT_EXECUTE|[1]
13:02:31.0 (936409)|STATEMENT_EXECUTE|[1]
13:02:31.0 (972423)|HEAP_ALLOCATE|[50]|Bytes:5
13:02:31.0 (1001927)|HEAP_ALLOCATE|[56]|Bytes:5
13:02:31.0 (1013918)|HEAP_ALLOCATE|[64]|Bytes:7
13:02:31.0 (1044681)|SYSTEM_MODE_ENTER|false
13:02:31.0 (1068192)|HEAP_ALLOCATE|[EXTERNAL]|Bytes:5
13:02:31.0 (1078866)|SYSTEM_MODE_EXIT|false
13:02:31.0 (1090116)|METHOD_EXIT|[1]|InventoryController
13:02:31.0 (1099402)|SYSTEM_MODE_ENTER|false
13:02:31.0 (1114849)|HEAP_ALLOCATE|[13]|Bytes:5
13:02:31.0 (1120601)|STATEMENT_EXECUTE|[12]
13:02:31.0 (1122094)|STATEMENT_EXECUTE|[13]
13:02:31.0 (1125870)|HEAP_ALLOCATE|[13]|Bytes:132
13:02:31.0 (1140147)|HEAP_ALLOCATE|[13]|Bytes:4
13:02:31.0 (1602197)|SOQL_EXECUTE_BEGIN|[13]|Aggregations:0|SELECT id, name, Inventory_Number__c, Customer__c, Contact_Person__c, Value__c, LastModifiedDate FROM Computer_Inventory__c LIMIT 50
13:02:31.0 (4540784)|SOQL_EXECUTE_END|[13]|Rows:5
13:02:31.0 (4560702)|HEAP_ALLOCATE|[13]|Bytes:24
13:02:31.0 (4603861)|HEAP_ALLOCATE|[13]|Bytes:1224
13:02:31.0 (4644054)|HEAP_ALLOCATE|[13]|Bytes:24
13:02:31.0 (4665537)|SYSTEM_MODE_EXIT|false
13:02:31.4 (4710743)|CUMULATIVE_LIMIT_USAGE
13:02:31.4 (4710743)|LIMIT_USAGE_FOR_NS|(default)|
  Number of SOQL queries: 1 out of 100
  Number of query rows: 5 out of 50000
  Number of SOSL queries: 0 out of 20
  Number of DML statements: 0 out of 150
  Number of DML rows: 0 out of 10000
  Maximum CPU time: 0 out of 10000
  Maximum heap size: 0 out of 6000000
  Number of callouts: 0 out of 100
  Number of Email Invocations: 0 out of 10
  Number of future calls: 0 out of 50
  Number of queueable jobs added to the queue: 0 out of 50
  Number of Mobile Apex push calls: 0 out of 10

13:02:31.4 (4710743)|CUMULATIVE_LIMIT_USAGE_END

13:02:31.0 (4764229)|CODE_UNIT_FINISHED|InventoryController.getInventories
13:02:31.0 (6442684)|EXECUTION_FINISHED
