36.0 APEX_CODE,FINEST;APEX_PROFILING,INFO;CALLOUT,INFO;DB,INFO;SYSTEM,DEBUG;VALIDATION,INFO;VISUALFORCE,INFO;WORKFLOW,INFO
14:19:31.0 (609423)|EXECUTION_STARTED
14:19:31.0 (689140)|CODE_UNIT_STARTED|[EXTERNAL]|01p36000006RnKY|InventoryController.getInventories
14:19:31.0 (873884)|HEAP_ALLOCATE|[72]|Bytes:3
14:19:31.0 (937546)|HEAP_ALLOCATE|[77]|Bytes:152
14:19:31.0 (972390)|HEAP_ALLOCATE|[342]|Bytes:408
14:19:31.0 (1017255)|HEAP_ALLOCATE|[355]|Bytes:408
14:19:31.0 (1064829)|HEAP_ALLOCATE|[467]|Bytes:48
14:19:31.0 (1112041)|HEAP_ALLOCATE|[139]|Bytes:6
14:19:31.0 (1187618)|HEAP_ALLOCATE|[EXTERNAL]|Bytes:4
14:19:31.0 (1204799)|METHOD_ENTRY|[1]|01p36000006RnKY|InventoryController.InventoryController()
14:19:31.0 (1210644)|STATEMENT_EXECUTE|[1]
14:19:31.0 (1217992)|STATEMENT_EXECUTE|[1]
14:19:31.0 (1251879)|HEAP_ALLOCATE|[50]|Bytes:5
14:19:31.0 (1292567)|HEAP_ALLOCATE|[56]|Bytes:5
14:19:31.0 (1315678)|HEAP_ALLOCATE|[64]|Bytes:7
14:19:31.0 (1359955)|SYSTEM_MODE_ENTER|false
14:19:31.0 (1389137)|HEAP_ALLOCATE|[EXTERNAL]|Bytes:5
14:19:31.0 (1406318)|SYSTEM_MODE_EXIT|false
14:19:31.0 (1427907)|METHOD_EXIT|[1]|InventoryController
14:19:31.0 (1445565)|SYSTEM_MODE_ENTER|false
14:19:31.0 (1469160)|HEAP_ALLOCATE|[13]|Bytes:5
14:19:31.0 (1478961)|STATEMENT_EXECUTE|[12]
14:19:31.0 (1483347)|STATEMENT_EXECUTE|[13]
14:19:31.0 (1490126)|HEAP_ALLOCATE|[13]|Bytes:132
14:19:31.0 (1508605)|HEAP_ALLOCATE|[13]|Bytes:4
14:19:31.0 (3885362)|SOQL_EXECUTE_BEGIN|[13]|Aggregations:0|SELECT id, name, Inventory_Number__c, Customer__c, Contact_Person__c, Value__c, LastModifiedDate FROM Computer_Inventory__c LIMIT 50
14:19:31.0 (7302165)|SOQL_EXECUTE_END|[13]|Rows:6
14:19:31.0 (7331724)|HEAP_ALLOCATE|[13]|Bytes:28
14:19:31.0 (7379030)|HEAP_ALLOCATE|[13]|Bytes:1470
14:19:31.0 (7549640)|HEAP_ALLOCATE|[13]|Bytes:28
14:19:31.0 (7595813)|SYSTEM_MODE_EXIT|false
14:19:31.7 (7666338)|CUMULATIVE_LIMIT_USAGE
14:19:31.7 (7666338)|LIMIT_USAGE_FOR_NS|(default)|
  Number of SOQL queries: 1 out of 100
  Number of query rows: 6 out of 50000
  Number of SOSL queries: 0 out of 20
  Number of DML statements: 0 out of 150
  Number of DML rows: 0 out of 10000
  Maximum CPU time: 0 out of 10000
  Maximum heap size: 0 out of 6000000
  Number of callouts: 0 out of 100
  Number of Email Invocations: 0 out of 10
  Number of future calls: 0 out of 50
  Number of queueable jobs added to the queue: 0 out of 50
  Number of Mobile Apex push calls: 0 out of 10

14:19:31.7 (7666338)|CUMULATIVE_LIMIT_USAGE_END

14:19:31.0 (7761767)|CODE_UNIT_FINISHED|InventoryController.getInventories
14:19:31.0 (9689000)|EXECUTION_FINISHED
14:19:31.12 (12251783)|EXECUTION_STARTED
14:19:31.12 (12270038)|CODE_UNIT_STARTED|[EXTERNAL]|01p36000006RnKY|InventoryController.getInventories
14:19:31.12 (12336891)|SYSTEM_MODE_ENTER|false
14:19:31.12 (12362456)|HEAP_ALLOCATE|[13]|Bytes:5
14:19:31.12 (12372697)|STATEMENT_EXECUTE|[12]
14:19:31.12 (12376056)|STATEMENT_EXECUTE|[13]
14:19:31.12 (12387468)|HEAP_ALLOCATE|[13]|Bytes:4
14:19:31.12 (12735836)|SOQL_EXECUTE_BEGIN|[13]|Aggregations:0|SELECT id, name, Inventory_Number__c, Customer__c, Contact_Person__c, Value__c, LastModifiedDate FROM Computer_Inventory__c LIMIT 50
14:19:31.12 (23519255)|SOQL_EXECUTE_END|[13]|Rows:6
14:19:31.12 (23555642)|HEAP_ALLOCATE|[13]|Bytes:28
14:19:31.12 (23605467)|HEAP_ALLOCATE|[13]|Bytes:1470
14:19:31.12 (23645107)|HEAP_ALLOCATE|[13]|Bytes:28
14:19:31.12 (23686593)|SYSTEM_MODE_EXIT|false
14:19:31.23 (23754365)|CUMULATIVE_LIMIT_USAGE
14:19:31.23 (23754365)|LIMIT_USAGE_FOR_NS|(default)|
  Number of SOQL queries: 2 out of 100
  Number of query rows: 12 out of 50000
  Number of SOSL queries: 0 out of 20
  Number of DML statements: 0 out of 150
  Number of DML rows: 0 out of 10000
  Maximum CPU time: 0 out of 10000
  Maximum heap size: 0 out of 6000000
  Number of callouts: 0 out of 100
  Number of Email Invocations: 0 out of 10
  Number of future calls: 0 out of 50
  Number of queueable jobs added to the queue: 0 out of 50
  Number of Mobile Apex push calls: 0 out of 10

14:19:31.23 (23754365)|CUMULATIVE_LIMIT_USAGE_END

14:19:31.12 (23839109)|CODE_UNIT_FINISHED|InventoryController.getInventories
14:19:31.12 (25662370)|EXECUTION_FINISHED
