36.0 APEX_CODE,FINEST;APEX_PROFILING,INFO;CALLOUT,INFO;DB,INFO;SYSTEM,DEBUG;VALIDATION,INFO;VISUALFORCE,INFO;WORKFLOW,INFO
07:26:47.0 (426774)|EXECUTION_STARTED
07:26:47.0 (471675)|CODE_UNIT_STARTED|[EXTERNAL]|aura
07:26:47.0 (903463)|HEAP_ALLOCATE|[72]|Bytes:3
07:26:47.0 (968747)|HEAP_ALLOCATE|[77]|Bytes:152
07:26:47.0 (988288)|HEAP_ALLOCATE|[342]|Bytes:408
07:26:47.0 (1008909)|HEAP_ALLOCATE|[355]|Bytes:408
07:26:47.0 (1028252)|HEAP_ALLOCATE|[467]|Bytes:48
07:26:47.0 (1058347)|HEAP_ALLOCATE|[139]|Bytes:6
07:26:47.0 (1083938)|HEAP_ALLOCATE|[EXTERNAL]|Bytes:21
07:26:47.0 (1099981)|HEAP_ALLOCATE|[EXTERNAL]|Bytes:21
07:26:47.0 (1169680)|HEAP_ALLOCATE|[EXTERNAL]|Bytes:18
07:26:47.0 (1179489)|HEAP_ALLOCATE|[EXTERNAL]|Bytes:18
07:26:47.0 (2329939)|CODE_UNIT_STARTED|[EXTERNAL]|01p36000006RyOZ|InputLookupController.getCurrentValue
07:26:47.0 (2473837)|HEAP_ALLOCATE|[EXTERNAL]|Bytes:12
07:26:47.0 (2480171)|HEAP_ALLOCATE|[EXTERNAL]|Bytes:7
07:26:47.0 (2482823)|HEAP_ALLOCATE|[EXTERNAL]|Bytes:5
07:26:47.0 (2497521)|METHOD_ENTRY|[1]|01p36000006RyOZ|InputLookupController.InputLookupController()
07:26:47.0 (2502427)|STATEMENT_EXECUTE|[1]
07:26:47.0 (2509105)|STATEMENT_EXECUTE|[1]
07:26:47.0 (2510677)|STATEMENT_EXECUTE|[41]
07:26:47.0 (2517748)|METHOD_EXIT|[1]|InputLookupController
07:26:47.0 (2522243)|HEAP_ALLOCATE|[EXTERNAL]|Bytes:21
07:26:47.0 (2524310)|HEAP_ALLOCATE|[EXTERNAL]|Bytes:18
07:26:47.0 (2538073)|SYSTEM_MODE_ENTER|false
07:26:47.0 (2552103)|VARIABLE_SCOPE_BEGIN|[7]|type|String|false|false
07:26:47.0 (2579096)|VARIABLE_ASSIGNMENT|[7]|type|"Computer_Inventory__ (1 more) ..."
07:26:47.0 (2584678)|VARIABLE_SCOPE_BEGIN|[7]|value|String|false|false
07:26:47.0 (2589629)|VARIABLE_ASSIGNMENT|[7]|value|"a0L36000001A9snEAC"
07:26:47.0 (2601777)|STATEMENT_EXECUTE|[7]
07:26:47.0 (2705221)|HEAP_ALLOCATE|[50]|Bytes:5
07:26:47.0 (2731878)|HEAP_ALLOCATE|[56]|Bytes:5
07:26:47.0 (2741132)|HEAP_ALLOCATE|[64]|Bytes:7
07:26:47.0 (2759833)|STATEMENT_EXECUTE|[8]
07:26:47.0 (2762724)|STATEMENT_EXECUTE|[12]
07:26:47.0 (2776764)|VARIABLE_SCOPE_BEGIN|[12]|lookupId|Id|false|false
07:26:47.0 (2787469)|VARIABLE_ASSIGNMENT|[12]|lookupId|null
07:26:47.0 (2789940)|STATEMENT_EXECUTE|[13]
07:26:47.0 (2791066)|STATEMENT_EXECUTE|[13]
07:26:47.0 (2792354)|STATEMENT_EXECUTE|[14]
07:26:47.0 (2797332)|HEAP_ALLOCATE|[14]|Bytes:4
07:26:47.0 (2892804)|VARIABLE_ASSIGNMENT|[14]|lookupId|"a0L36000001A9snEAC"
07:26:47.0 (2907775)|HEAP_ALLOCATE|[19]|Bytes:18
07:26:47.0 (2959509)|STATEMENT_EXECUTE|[19]
07:26:47.0 (2962139)|STATEMENT_EXECUTE|[23]
07:26:47.0 (28775060)|HEAP_ALLOCATE|[23]|Bytes:1528
07:26:47.0 (28819029)|VARIABLE_SCOPE_BEGIN|[23]|objType|Schema.SObjectType|true|false
07:26:47.0 (28884849)|VARIABLE_ASSIGNMENT|[23]|objType|"common.apex.runtime.impl.ApexSObjectTypeToken@30d5d037"|0x30d5d037
07:26:47.0 (28891668)|STATEMENT_EXECUTE|[24]
07:26:47.0 (28893334)|STATEMENT_EXECUTE|[28]
07:26:47.0 (28909031)|METHOD_ENTRY|[28]|01p36000006RyOZ|InputLookupController.getSobjectNameField(Schema.SObjectType)
07:26:47.0 (28935856)|VARIABLE_SCOPE_BEGIN|[49]|sobjType|Schema.SObjectType|true|false
07:26:47.0 (28995137)|VARIABLE_ASSIGNMENT|[49]|sobjType|"common.apex.runtime.impl.ApexSObjectTypeToken@30d5d037"|0x30d5d037
07:26:47.0 (29002516)|STATEMENT_EXECUTE|[49]
07:26:47.0 (29004629)|STATEMENT_EXECUTE|[52]
07:26:47.0 (29007995)|HEAP_ALLOCATE|[52]|Bytes:4
07:26:47.0 (29013868)|VARIABLE_SCOPE_BEGIN|[52]|nameField|String|false|false
07:26:47.0 (29020851)|VARIABLE_ASSIGNMENT|[52]|nameField|"Name"
07:26:47.0 (29022781)|STATEMENT_EXECUTE|[53]
07:26:47.0 (29324031)|HEAP_ALLOCATE|[53]|Bytes:4
07:26:47.0 (29363274)|VARIABLE_SCOPE_BEGIN|[53]|dfrLkp|Schema.DescribeSObjectResult|true|false
07:26:47.0 (29437365)|VARIABLE_ASSIGNMENT|[53]|dfrLkp|"common.api.soap.wsdl.DescribeSObjectResult@b3127dfc"|0x7b1bffe1
07:26:47.0 (31174502)|HEAP_ALLOCATE|[54]|Bytes:68
07:26:47.0 (31302372)|HEAP_ALLOCATE|[EXTERNAL]|Bytes:68
07:26:47.0 (31324854)|HEAP_ALLOCATE|[54]|Bytes:68
07:26:47.0 (31433600)|HEAP_ALLOCATE|[54]|Bytes:5
07:26:47.0 (31460655)|VARIABLE_SCOPE_BEGIN|[54]|sotype|Schema.SObjectField|true|false
07:26:47.0 (31518252)|VARIABLE_ASSIGNMENT|[54]|sotype|"common.apex.runtime.impl.ApexFieldToken@17cb297f"|0x17cb297f
07:26:47.0 (31523876)|STATEMENT_EXECUTE|[54]
07:26:47.0 (31525236)|STATEMENT_EXECUTE|[55]
07:26:47.0 (32107909)|HEAP_ALLOCATE|[55]|Bytes:8
07:26:47.0 (32141744)|VARIABLE_SCOPE_BEGIN|[55]|fieldDescObj|Schema.DescribeFieldResult|true|false
07:26:47.0 (32213524)|VARIABLE_ASSIGNMENT|[55]|fieldDescObj|"common.api.soap.wsdl.Field@da1ecf62"|0x271ec2a4
07:26:47.0 (32235041)|STATEMENT_EXECUTE|[56]
07:26:47.0 (32249234)|HEAP_ALLOCATE|[54]|Bytes:5
07:26:47.0 (32265431)|VARIABLE_SCOPE_BEGIN|[54]|sotype|Schema.SObjectField|true|false
07:26:47.0 (32319093)|VARIABLE_ASSIGNMENT|[54]|sotype|"common.apex.runtime.impl.ApexFieldToken@5a4f8d8d"|0x5a4f8d8d
07:26:47.0 (32324268)|STATEMENT_EXECUTE|[54]
07:26:47.0 (32325578)|STATEMENT_EXECUTE|[55]
07:26:47.0 (32453728)|HEAP_ALLOCATE|[55]|Bytes:8
07:26:47.0 (32464140)|VARIABLE_SCOPE_BEGIN|[55]|fieldDescObj|Schema.DescribeFieldResult|true|false
07:26:47.0 (32525846)|VARIABLE_ASSIGNMENT|[55]|fieldDescObj|"common.api.soap.wsdl.Field@27723409"|0x5a15580a
07:26:47.0 (32537736)|STATEMENT_EXECUTE|[56]
07:26:47.0 (32551144)|HEAP_ALLOCATE|[54]|Bytes:5
07:26:47.0 (32566636)|VARIABLE_SCOPE_BEGIN|[54]|sotype|Schema.SObjectField|true|false
07:26:47.0 (32618730)|VARIABLE_ASSIGNMENT|[54]|sotype|"common.apex.runtime.impl.ApexFieldToken@231ba9ee"|0x231ba9ee
07:26:47.0 (32623721)|STATEMENT_EXECUTE|[54]
07:26:47.0 (32624947)|STATEMENT_EXECUTE|[55]
07:26:47.0 (32765786)|HEAP_ALLOCATE|[55]|Bytes:8
07:26:47.0 (32776267)|VARIABLE_SCOPE_BEGIN|[55]|fieldDescObj|Schema.DescribeFieldResult|true|false
07:26:47.0 (32837737)|VARIABLE_ASSIGNMENT|[55]|fieldDescObj|"common.api.soap.wsdl.Field@a36f8159"|0x3dba2031
07:26:47.0 (32849438)|STATEMENT_EXECUTE|[56]
07:26:47.0 (32851078)|STATEMENT_EXECUTE|[57]
07:26:47.0 (32864058)|HEAP_ALLOCATE|[57]|Bytes:4
07:26:47.0 (32873251)|VARIABLE_ASSIGNMENT|[57]|nameField|"Name"
07:26:47.0 (32875866)|STATEMENT_EXECUTE|[58]
07:26:47.0 (32882191)|VARIABLE_ASSIGNMENT|[54]|sotype|null|
07:26:47.0 (32884914)|STATEMENT_EXECUTE|[61]
07:26:47.0 (32892173)|METHOD_EXIT|[28]|01p36000006RyOZ|InputLookupController.getSobjectNameField(Schema.SObjectType)
07:26:47.0 (32898931)|VARIABLE_SCOPE_BEGIN|[28]|nameField|String|false|false
07:26:47.0 (32904303)|VARIABLE_ASSIGNMENT|[28]|nameField|"Name"
07:26:47.0 (32906156)|STATEMENT_EXECUTE|[29]
07:26:47.0 (32909455)|HEAP_ALLOCATE|[29]|Bytes:11
07:26:47.0 (32913095)|HEAP_ALLOCATE|[29]|Bytes:6
07:26:47.0 (32915534)|HEAP_ALLOCATE|[29]|Bytes:13
07:26:47.0 (32964674)|HEAP_ALLOCATE|[29]|Bytes:18
07:26:47.0 (32988270)|HEAP_ALLOCATE|[29]|Bytes:73
07:26:47.0 (32992109)|HEAP_ALLOCATE|[29]|Bytes:1
07:26:47.0 (32999134)|HEAP_ALLOCATE|[29]|Bytes:74
07:26:47.0 (33003135)|VARIABLE_SCOPE_BEGIN|[29]|query|String|false|false
07:26:47.0 (33012495)|VARIABLE_ASSIGNMENT|[29]|query|"Select Id, Name From (54 more) ..."
07:26:47.0 (33015309)|STATEMENT_EXECUTE|[30]
07:26:47.0 (33017949)|HEAP_ALLOCATE|[30]|Bytes:11
07:26:47.0 (33023016)|HEAP_ALLOCATE|[30]|Bytes:85
07:26:47.0 (33073229)|USER_DEBUG|[30]|DEBUG|### Query: Select Id, Name From Computer_Inventory__c Where Id = 'a0L36000001A9snEAC'
07:26:47.0 (33081978)|STATEMENT_EXECUTE|[31]
07:26:47.0 (33290115)|SOQL_EXECUTE_BEGIN|[31]|Aggregations:0|Select Id, Name From Computer_Inventory__c Where Id = 'a0L36000001A9snEAC'
07:26:47.0 (46840892)|SOQL_EXECUTE_END|[31]|Rows:1
07:26:47.0 (46861183)|HEAP_ALLOCATE|[31]|Bytes:8
07:26:47.0 (46877463)|HEAP_ALLOCATE|[31]|Bytes:50
07:26:47.0 (46954793)|HEAP_ALLOCATE|[31]|Bytes:8
07:26:47.0 (46968956)|VARIABLE_SCOPE_BEGIN|[31]|oList|List<SObject>|true|false
07:26:47.0 (47002963)|VARIABLE_ASSIGNMENT|[31]|oList|{"s":1,"v":[{"s":2,"v":{"Id":"a0L36000001A9snEAC","Name":"Apple Macbook"}}]}|0x22e1b24f
07:26:47.0 (47107222)|STATEMENT_EXECUTE|[32]
07:26:47.0 (47110224)|STATEMENT_EXECUTE|[35]
07:26:47.0 (47143034)|HEAP_ALLOCATE|[35]|Bytes:12
07:26:47.0 (47232564)|HEAP_ALLOCATE|[35]|Bytes:13
07:26:47.0 (47254682)|SYSTEM_MODE_EXIT|false
07:26:47.47 (47294567)|CUMULATIVE_LIMIT_USAGE
07:26:47.47 (47294567)|LIMIT_USAGE_FOR_NS|(default)|
  Number of SOQL queries: 1 out of 100
  Number of query rows: 1 out of 50000
  Number of SOSL queries: 0 out of 20
  Number of DML statements: 0 out of 150
  Number of DML rows: 0 out of 10000
  Maximum CPU time: 0 out of 10000
  Maximum heap size: 0 out of 6000000
  Number of callouts: 0 out of 100
  Number of Email Invocations: 0 out of 10
  Number of future calls: 0 out of 50
  Number of queueable jobs added to the queue: 0 out of 50
  Number of Mobile Apex push calls: 0 out of 10

07:26:47.47 (47294567)|CUMULATIVE_LIMIT_USAGE_END

07:26:47.0 (47352621)|CODE_UNIT_FINISHED|InputLookupController.getCurrentValue
