36.0 APEX_CODE,FINEST;APEX_PROFILING,INFO;CALLOUT,INFO;DB,INFO;SYSTEM,DEBUG;VALIDATION,INFO;VISUALFORCE,INFO;WORKFLOW,INFO
05:04:31.0 (468154)|EXECUTION_STARTED
05:04:31.0 (516609)|CODE_UNIT_STARTED|[EXTERNAL]|01p36000005H3V7|expansesController.saveExpense
05:04:31.0 (870980)|HEAP_ALLOCATE|[72]|Bytes:3
05:04:31.0 (971383)|HEAP_ALLOCATE|[77]|Bytes:152
05:04:31.0 (999410)|HEAP_ALLOCATE|[342]|Bytes:408
05:04:31.0 (1025150)|HEAP_ALLOCATE|[355]|Bytes:408
05:04:31.0 (1052069)|HEAP_ALLOCATE|[467]|Bytes:48
05:04:31.0 (1129013)|HEAP_ALLOCATE|[139]|Bytes:6
05:04:31.0 (1166763)|HEAP_ALLOCATE|[EXTERNAL]|Bytes:4
05:04:31.0 (1191573)|METHOD_ENTRY|[1]|01p36000005H3V7|expansesController.expansesController()
05:04:31.0 (1199320)|STATEMENT_EXECUTE|[1]
05:04:31.0 (1209902)|STATEMENT_EXECUTE|[1]
05:04:31.0 (1259200)|HEAP_ALLOCATE|[50]|Bytes:5
05:04:31.0 (1295889)|HEAP_ALLOCATE|[56]|Bytes:5
05:04:31.0 (1312205)|HEAP_ALLOCATE|[64]|Bytes:7
05:04:31.0 (1347646)|SYSTEM_MODE_ENTER|false
05:04:31.0 (1368716)|HEAP_ALLOCATE|[EXTERNAL]|Bytes:5
05:04:31.0 (1381179)|SYSTEM_MODE_EXIT|false
05:04:31.0 (1397770)|METHOD_EXIT|[1]|expansesController
05:04:31.0 (1414982)|HEAP_ALLOCATE|[EXTERNAL]|Bytes:24
05:04:31.0 (1425337)|SYSTEM_MODE_ENTER|false
05:04:31.0 (1449506)|VARIABLE_SCOPE_BEGIN|[10]|expense|Expense__c|true|false
05:04:31.0 (1525170)|VARIABLE_ASSIGNMENT|[10]|expense|{"Amount__c":20.00,"Reimbursed__c":false,"Client__c":"","Name":""}|0x53be62c3
05:04:31.0 (1542981)|HEAP_ALLOCATE|[13]|Bytes:5
05:04:31.0 (1551454)|STATEMENT_EXECUTE|[10]
05:04:31.0 (1554826)|STATEMENT_EXECUTE|[13]
05:04:31.0 (1635105)|HEAP_ALLOCATE|[13]|Bytes:8
05:04:31.0 (1665282)|DML_BEGIN|[13]|Op:Upsert|Type:Expense__c|Rows:1
05:04:31.0 (1698963)|HEAP_ALLOCATE|[EXTERNAL]|Bytes:8
05:04:31.0 (73149955)|DML_END|[13]
05:04:31.0 (73193341)|STATEMENT_EXECUTE|[14]
05:04:31.0 (73277827)|SYSTEM_MODE_EXIT|false
05:04:31.77 (77073004)|CUMULATIVE_LIMIT_USAGE
05:04:31.77 (77073004)|LIMIT_USAGE_FOR_NS|(default)|
  Number of SOQL queries: 0 out of 100
  Number of query rows: 0 out of 50000
  Number of SOSL queries: 0 out of 20
  Number of DML statements: 1 out of 150
  Number of DML rows: 1 out of 10000
  Maximum CPU time: 0 out of 10000
  Maximum heap size: 0 out of 6000000
  Number of callouts: 0 out of 100
  Number of Email Invocations: 0 out of 10
  Number of future calls: 0 out of 50
  Number of queueable jobs added to the queue: 0 out of 50
  Number of Mobile Apex push calls: 0 out of 10

05:04:31.77 (77073004)|CUMULATIVE_LIMIT_USAGE_END

05:04:31.0 (77156595)|CODE_UNIT_FINISHED|expansesController.saveExpense
05:04:31.0 (78155957)|EXECUTION_FINISHED
