36.0 APEX_CODE,FINEST;APEX_PROFILING,INFO;CALLOUT,INFO;DB,INFO;SYSTEM,DEBUG;VALIDATION,INFO;VISUALFORCE,INFO;WORKFLOW,INFO
06:09:34.0 (559401)|EXECUTION_STARTED
06:09:34.0 (624083)|CODE_UNIT_STARTED|[EXTERNAL]|aura
06:09:34.0 (1173090)|HEAP_ALLOCATE|[72]|Bytes:3
06:09:34.0 (1237591)|HEAP_ALLOCATE|[77]|Bytes:152
06:09:34.0 (1257098)|HEAP_ALLOCATE|[342]|Bytes:408
06:09:34.0 (1277004)|HEAP_ALLOCATE|[355]|Bytes:408
06:09:34.0 (1295908)|HEAP_ALLOCATE|[467]|Bytes:48
06:09:34.0 (1326260)|HEAP_ALLOCATE|[139]|Bytes:6
06:09:34.0 (1368652)|HEAP_ALLOCATE|[EXTERNAL]|Bytes:7
06:09:34.0 (1390221)|HEAP_ALLOCATE|[EXTERNAL]|Bytes:7
06:09:34.0 (3003856)|CODE_UNIT_STARTED|[EXTERNAL]|01p36000006RyOZ|InputLookupController.getCurrentValue
06:09:34.0 (3245056)|HEAP_ALLOCATE|[EXTERNAL]|Bytes:12
06:09:34.0 (3256343)|HEAP_ALLOCATE|[EXTERNAL]|Bytes:7
06:09:34.0 (3261882)|HEAP_ALLOCATE|[EXTERNAL]|Bytes:5
06:09:34.0 (3280277)|METHOD_ENTRY|[1]|01p36000006RyOZ|InputLookupController.InputLookupController()
06:09:34.0 (3286542)|STATEMENT_EXECUTE|[1]
06:09:34.0 (3294268)|STATEMENT_EXECUTE|[1]
06:09:34.0 (3296872)|STATEMENT_EXECUTE|[41]
06:09:34.0 (3305337)|METHOD_EXIT|[1]|InputLookupController
06:09:34.0 (3312948)|HEAP_ALLOCATE|[EXTERNAL]|Bytes:7
06:09:34.0 (3335296)|SYSTEM_MODE_ENTER|false
06:09:34.0 (3362823)|VARIABLE_SCOPE_BEGIN|[7]|type|String|false|false
06:09:34.0 (3405084)|VARIABLE_ASSIGNMENT|[7]|type|"Contact"
06:09:34.0 (3420556)|VARIABLE_SCOPE_BEGIN|[7]|value|String|false|false
06:09:34.0 (3430565)|VARIABLE_ASSIGNMENT|[7]|value|null
06:09:34.0 (3446490)|STATEMENT_EXECUTE|[7]
06:09:34.0 (3588166)|HEAP_ALLOCATE|[50]|Bytes:5
06:09:34.0 (3626187)|HEAP_ALLOCATE|[56]|Bytes:5
06:09:34.0 (3644764)|HEAP_ALLOCATE|[64]|Bytes:7
06:09:34.0 (3674106)|STATEMENT_EXECUTE|[8]
06:09:34.0 (3678718)|STATEMENT_EXECUTE|[12]
06:09:34.0 (3701736)|VARIABLE_SCOPE_BEGIN|[12]|lookupId|Id|false|false
06:09:34.0 (3713113)|VARIABLE_ASSIGNMENT|[12]|lookupId|null
06:09:34.0 (3717691)|STATEMENT_EXECUTE|[13]
06:09:34.0 (3719834)|STATEMENT_EXECUTE|[13]
06:09:34.0 (3721644)|STATEMENT_EXECUTE|[14]
06:09:34.0 (3733713)|VARIABLE_ASSIGNMENT|[14]|lookupId|null
06:09:34.0 (3800356)|STATEMENT_EXECUTE|[19]
06:09:34.0 (3803205)|STATEMENT_EXECUTE|[20]
06:09:34.0 (3813837)|SYSTEM_MODE_EXIT|false
06:09:34.3 (3852788)|CUMULATIVE_LIMIT_USAGE
06:09:34.3 (3852788)|LIMIT_USAGE_FOR_NS|(default)|
  Number of SOQL queries: 0 out of 100
  Number of query rows: 0 out of 50000
  Number of SOSL queries: 0 out of 20
  Number of DML statements: 0 out of 150
  Number of DML rows: 0 out of 10000
  Maximum CPU time: 0 out of 10000
  Maximum heap size: 0 out of 6000000
  Number of callouts: 0 out of 100
  Number of Email Invocations: 0 out of 10
  Number of future calls: 0 out of 50
  Number of queueable jobs added to the queue: 0 out of 50
  Number of Mobile Apex push calls: 0 out of 10

06:09:34.3 (3852788)|CUMULATIVE_LIMIT_USAGE_END

06:09:34.0 (3913118)|CODE_UNIT_FINISHED|InputLookupController.getCurrentValue
