36.0 APEX_CODE,FINEST;APEX_PROFILING,INFO;CALLOUT,INFO;DB,INFO;SYSTEM,DEBUG;VALIDATION,INFO;VISUALFORCE,INFO;WORKFLOW,INFO
08:36:25.0 (489692)|EXECUTION_STARTED
08:36:25.0 (525661)|CODE_UNIT_STARTED|[EXTERNAL]|06636000001Y3rQ|VF: /apex/TrailheadSLDS
08:36:25.12 (12101469)|CUMULATIVE_LIMIT_USAGE
08:36:25.12 (12101469)|LIMIT_USAGE_FOR_NS|(default)|
  Number of SOQL queries: 0 out of 100
  Number of query rows: 0 out of 50000
  Number of SOSL queries: 0 out of 20
  Number of DML statements: 0 out of 150
  Number of DML rows: 0 out of 10000
  Maximum CPU time: 0 out of 10000
  Maximum heap size: 0 out of 6000000
  Number of callouts: 0 out of 100
  Number of Email Invocations: 0 out of 10
  Number of future calls: 0 out of 50
  Number of queueable jobs added to the queue: 0 out of 50
  Number of Mobile Apex push calls: 0 out of 10

08:36:25.12 (12101469)|CUMULATIVE_LIMIT_USAGE_END

08:36:25.0 (12162811)|CODE_UNIT_FINISHED|VF: /apex/TrailheadSLDS
08:36:25.0 (13384308)|EXECUTION_FINISHED
