36.0 APEX_CODE,FINEST;APEX_PROFILING,INFO;CALLOUT,INFO;DB,INFO;SYSTEM,DEBUG;VALIDATION,INFO;VISUALFORCE,INFO;WORKFLOW,INFO
13:46:50.0 (462365)|EXECUTION_STARTED
13:46:50.0 (504067)|CODE_UNIT_STARTED|[EXTERNAL]|01p36000006RnKY|InventoryController.getInventories
13:46:50.0 (902633)|HEAP_ALLOCATE|[72]|Bytes:3
13:46:50.0 (973171)|HEAP_ALLOCATE|[77]|Bytes:152
13:46:50.0 (996171)|HEAP_ALLOCATE|[342]|Bytes:408
13:46:50.0 (1017649)|HEAP_ALLOCATE|[355]|Bytes:408
13:46:50.0 (1038394)|HEAP_ALLOCATE|[467]|Bytes:48
13:46:50.0 (1077410)|HEAP_ALLOCATE|[139]|Bytes:6
13:46:50.0 (1103297)|HEAP_ALLOCATE|[EXTERNAL]|Bytes:4
13:46:50.0 (1120279)|METHOD_ENTRY|[1]|01p36000006RnKY|InventoryController.InventoryController()
13:46:50.0 (1124867)|STATEMENT_EXECUTE|[1]
13:46:50.0 (1131615)|STATEMENT_EXECUTE|[1]
13:46:50.0 (1169983)|HEAP_ALLOCATE|[50]|Bytes:5
13:46:50.0 (1199946)|HEAP_ALLOCATE|[56]|Bytes:5
13:46:50.0 (1209164)|HEAP_ALLOCATE|[64]|Bytes:7
13:46:50.0 (1237631)|SYSTEM_MODE_ENTER|false
13:46:50.0 (1258669)|HEAP_ALLOCATE|[EXTERNAL]|Bytes:5
13:46:50.0 (1266816)|SYSTEM_MODE_EXIT|false
13:46:50.0 (1281966)|METHOD_EXIT|[1]|InventoryController
13:46:50.0 (1291057)|SYSTEM_MODE_ENTER|false
13:46:50.0 (1307512)|HEAP_ALLOCATE|[13]|Bytes:5
13:46:50.0 (1311426)|STATEMENT_EXECUTE|[12]
13:46:50.0 (1313099)|STATEMENT_EXECUTE|[13]
13:46:50.0 (1317062)|HEAP_ALLOCATE|[13]|Bytes:132
13:46:50.0 (1328275)|HEAP_ALLOCATE|[13]|Bytes:4
13:46:50.0 (3656126)|SOQL_EXECUTE_BEGIN|[13]|Aggregations:0|SELECT id, name, Inventory_Number__c, Customer__c, Contact_Person__c, Value__c, LastModifiedDate FROM Computer_Inventory__c LIMIT 50
13:46:50.0 (6620970)|SOQL_EXECUTE_END|[13]|Rows:5
13:46:50.0 (6642240)|HEAP_ALLOCATE|[13]|Bytes:24
13:46:50.0 (6680148)|HEAP_ALLOCATE|[13]|Bytes:1224
13:46:50.0 (6738572)|HEAP_ALLOCATE|[13]|Bytes:24
13:46:50.0 (6764571)|SYSTEM_MODE_EXIT|false
13:46:50.6 (6810676)|CUMULATIVE_LIMIT_USAGE
13:46:50.6 (6810676)|LIMIT_USAGE_FOR_NS|(default)|
  Number of SOQL queries: 1 out of 100
  Number of query rows: 5 out of 50000
  Number of SOSL queries: 0 out of 20
  Number of DML statements: 0 out of 150
  Number of DML rows: 0 out of 10000
  Maximum CPU time: 0 out of 10000
  Maximum heap size: 0 out of 6000000
  Number of callouts: 0 out of 100
  Number of Email Invocations: 0 out of 10
  Number of future calls: 0 out of 50
  Number of queueable jobs added to the queue: 0 out of 50
  Number of Mobile Apex push calls: 0 out of 10

13:46:50.6 (6810676)|CUMULATIVE_LIMIT_USAGE_END

13:46:50.0 (6876974)|CODE_UNIT_FINISHED|InventoryController.getInventories
13:46:50.0 (8441984)|EXECUTION_FINISHED
