36.0 APEX_CODE,FINEST;APEX_PROFILING,INFO;CALLOUT,INFO;DB,INFO;SYSTEM,DEBUG;VALIDATION,INFO;VISUALFORCE,INFO;WORKFLOW,INFO
12:53:23.0 (799374)|EXECUTION_STARTED
12:53:23.0 (835184)|CODE_UNIT_STARTED|[EXTERNAL]|01p36000006RnKY|InventoryController.getInventories
12:53:23.0 (1208035)|HEAP_ALLOCATE|[72]|Bytes:3
12:53:23.0 (1272270)|HEAP_ALLOCATE|[77]|Bytes:152
12:53:23.0 (1293218)|HEAP_ALLOCATE|[342]|Bytes:408
12:53:23.0 (1313409)|HEAP_ALLOCATE|[355]|Bytes:408
12:53:23.0 (1333310)|HEAP_ALLOCATE|[467]|Bytes:48
12:53:23.0 (1372765)|HEAP_ALLOCATE|[139]|Bytes:6
12:53:23.0 (1398951)|HEAP_ALLOCATE|[EXTERNAL]|Bytes:5
12:53:23.0 (1420780)|METHOD_ENTRY|[1]|01p36000006RnKY|InventoryController.InventoryController()
12:53:23.0 (1425978)|STATEMENT_EXECUTE|[1]
12:53:23.0 (1435014)|STATEMENT_EXECUTE|[1]
12:53:23.0 (1476208)|HEAP_ALLOCATE|[50]|Bytes:5
12:53:23.0 (1504438)|HEAP_ALLOCATE|[56]|Bytes:5
12:53:23.0 (1513837)|HEAP_ALLOCATE|[64]|Bytes:7
12:53:23.0 (1545422)|SYSTEM_MODE_ENTER|false
12:53:23.0 (1565988)|HEAP_ALLOCATE|[EXTERNAL]|Bytes:5
12:53:23.0 (1574586)|SYSTEM_MODE_EXIT|false
12:53:23.0 (1589688)|METHOD_EXIT|[1]|InventoryController
12:53:23.0 (1599452)|SYSTEM_MODE_ENTER|false
12:53:23.0 (1612410)|HEAP_ALLOCATE|[23]|Bytes:5
12:53:23.0 (1616059)|STATEMENT_EXECUTE|[20]
12:53:23.0 (1617790)|STATEMENT_EXECUTE|[23]
12:53:23.0 (1621243)|HEAP_ALLOCATE|[23]|Bytes:132
12:53:23.0 (1631407)|HEAP_ALLOCATE|[23]|Bytes:4
12:53:23.0 (2021712)|SOQL_EXECUTE_BEGIN|[23]|Aggregations:0|SELECT id, name, Inventory_Number__c, Customer__c, Contact_Person__c, Value__c, LastModifiedDate FROM Computer_Inventory__c LIMIT 50
12:53:23.0 (4848963)|SOQL_EXECUTE_END|[23]|Rows:5
12:53:23.0 (4871375)|HEAP_ALLOCATE|[23]|Bytes:24
12:53:23.0 (4906911)|HEAP_ALLOCATE|[23]|Bytes:1224
12:53:23.0 (4940820)|HEAP_ALLOCATE|[23]|Bytes:24
12:53:23.0 (4959747)|SYSTEM_MODE_EXIT|false
12:53:23.5 (5000585)|CUMULATIVE_LIMIT_USAGE
12:53:23.5 (5000585)|LIMIT_USAGE_FOR_NS|(default)|
  Number of SOQL queries: 1 out of 100
  Number of query rows: 5 out of 50000
  Number of SOSL queries: 0 out of 20
  Number of DML statements: 0 out of 150
  Number of DML rows: 0 out of 10000
  Maximum CPU time: 0 out of 10000
  Maximum heap size: 0 out of 6000000
  Number of callouts: 0 out of 100
  Number of Email Invocations: 0 out of 10
  Number of future calls: 0 out of 50
  Number of queueable jobs added to the queue: 0 out of 50
  Number of Mobile Apex push calls: 0 out of 10

12:53:23.5 (5000585)|CUMULATIVE_LIMIT_USAGE_END

12:53:23.0 (5054948)|CODE_UNIT_FINISHED|InventoryController.getInventories
12:53:23.0 (6552382)|EXECUTION_FINISHED
