36.0 APEX_CODE,FINEST;APEX_PROFILING,INFO;CALLOUT,INFO;DB,INFO;SYSTEM,DEBUG;VALIDATION,INFO;VISUALFORCE,INFO;WORKFLOW,INFO
02:49:44.0 (428867)|EXECUTION_STARTED
02:49:44.0 (461252)|CODE_UNIT_STARTED|[EXTERNAL]|01p36000004ZxaQ|AccountsController.getAccounts
02:49:44.0 (822016)|HEAP_ALLOCATE|[72]|Bytes:3
02:49:44.0 (865035)|HEAP_ALLOCATE|[77]|Bytes:152
02:49:44.0 (880069)|HEAP_ALLOCATE|[342]|Bytes:408
02:49:44.0 (896671)|HEAP_ALLOCATE|[355]|Bytes:408
02:49:44.0 (912107)|HEAP_ALLOCATE|[467]|Bytes:48
02:49:44.0 (943620)|HEAP_ALLOCATE|[139]|Bytes:6
02:49:44.0 (965298)|HEAP_ALLOCATE|[EXTERNAL]|Bytes:1
02:49:44.0 (983003)|METHOD_ENTRY|[1]|01p36000004ZxaQ|AccountsController.AccountsController()
02:49:44.0 (988072)|STATEMENT_EXECUTE|[1]
02:49:44.0 (994177)|STATEMENT_EXECUTE|[1]
02:49:44.0 (999441)|METHOD_EXIT|[1]|AccountsController
02:49:44.0 (1010912)|SYSTEM_MODE_ENTER|false
02:49:44.0 (1024256)|STATEMENT_EXECUTE|[3]
02:49:44.0 (1026129)|STATEMENT_EXECUTE|[4]
02:49:44.0 (1029496)|HEAP_ALLOCATE|[4]|Bytes:182
02:49:44.0 (1047412)|HEAP_ALLOCATE|[4]|Bytes:4
02:49:44.0 (1088772)|HEAP_ALLOCATE|[50]|Bytes:5
02:49:44.0 (1110606)|HEAP_ALLOCATE|[56]|Bytes:5
02:49:44.0 (1119137)|HEAP_ALLOCATE|[64]|Bytes:7
02:49:44.0 (2382421)|SOQL_EXECUTE_BEGIN|[4]|Aggregations:0|SELECT Id, name, industry, Type, NumberOfEmployees, TickerSymbol, Phone, BillingStreet, BillingCity, BillingState, BillingPostalCode FROM Account ORDER BY createdDate ASC NULLS FIRST
02:49:44.0 (6409232)|SOQL_EXECUTE_END|[4]|Rows:26
02:49:44.0 (6424736)|HEAP_ALLOCATE|[4]|Bytes:108
02:49:44.0 (6495373)|HEAP_ALLOCATE|[4]|Bytes:4347
02:49:44.0 (6531498)|HEAP_ALLOCATE|[4]|Bytes:108
02:49:44.0 (6545915)|SYSTEM_MODE_EXIT|false
02:49:44.6 (6587222)|CUMULATIVE_LIMIT_USAGE
02:49:44.6 (6587222)|LIMIT_USAGE_FOR_NS|(default)|
  Number of SOQL queries: 1 out of 100
  Number of query rows: 26 out of 50000
  Number of SOSL queries: 0 out of 20
  Number of DML statements: 0 out of 150
  Number of DML rows: 0 out of 10000
  Maximum CPU time: 0 out of 10000
  Maximum heap size: 0 out of 6000000
  Number of callouts: 0 out of 100
  Number of Email Invocations: 0 out of 10
  Number of future calls: 0 out of 50
  Number of queueable jobs added to the queue: 0 out of 50
  Number of Mobile Apex push calls: 0 out of 10

02:49:44.6 (6587222)|CUMULATIVE_LIMIT_USAGE_END

02:49:44.0 (6632998)|CODE_UNIT_FINISHED|AccountsController.getAccounts
02:49:44.0 (8155994)|EXECUTION_FINISHED
