36.0 APEX_CODE,FINEST;APEX_PROFILING,INFO;CALLOUT,INFO;DB,INFO;SYSTEM,DEBUG;VALIDATION,INFO;VISUALFORCE,INFO;WORKFLOW,INFO
14:22:43.0 (101720)|EXECUTION_STARTED
14:22:43.0 (145002)|CODE_UNIT_STARTED|[EXTERNAL]|01p36000006RnKY|InventoryController.getInventories
14:22:43.0 (376284)|HEAP_ALLOCATE|[72]|Bytes:3
14:22:43.0 (446978)|HEAP_ALLOCATE|[77]|Bytes:152
14:22:43.0 (484079)|HEAP_ALLOCATE|[342]|Bytes:408
14:22:43.0 (537626)|HEAP_ALLOCATE|[355]|Bytes:408
14:22:43.0 (589572)|HEAP_ALLOCATE|[467]|Bytes:48
14:22:43.0 (640461)|HEAP_ALLOCATE|[139]|Bytes:6
14:22:43.0 (747738)|HEAP_ALLOCATE|[EXTERNAL]|Bytes:4
14:22:43.0 (769153)|METHOD_ENTRY|[1]|01p36000006RnKY|InventoryController.InventoryController()
14:22:43.0 (774273)|STATEMENT_EXECUTE|[1]
14:22:43.0 (782756)|STATEMENT_EXECUTE|[1]
14:22:43.0 (826747)|HEAP_ALLOCATE|[50]|Bytes:5
14:22:43.0 (863033)|HEAP_ALLOCATE|[56]|Bytes:5
14:22:43.0 (876867)|HEAP_ALLOCATE|[64]|Bytes:7
14:22:43.0 (910493)|SYSTEM_MODE_ENTER|false
14:22:43.0 (936713)|HEAP_ALLOCATE|[EXTERNAL]|Bytes:5
14:22:43.0 (945741)|SYSTEM_MODE_EXIT|false
14:22:43.0 (960474)|METHOD_EXIT|[1]|InventoryController
14:22:43.0 (970093)|SYSTEM_MODE_ENTER|false
14:22:43.0 (986422)|HEAP_ALLOCATE|[13]|Bytes:5
14:22:43.0 (990222)|STATEMENT_EXECUTE|[12]
14:22:43.0 (991777)|STATEMENT_EXECUTE|[13]
14:22:43.0 (994652)|HEAP_ALLOCATE|[13]|Bytes:132
14:22:43.0 (1009948)|HEAP_ALLOCATE|[13]|Bytes:4
14:22:43.0 (1577625)|SOQL_EXECUTE_BEGIN|[13]|Aggregations:0|SELECT id, name, Inventory_Number__c, Customer__c, Contact_Person__c, Value__c, LastModifiedDate FROM Computer_Inventory__c LIMIT 50
14:22:43.0 (16256373)|SOQL_EXECUTE_END|[13]|Rows:6
14:22:43.0 (16285403)|HEAP_ALLOCATE|[13]|Bytes:28
14:22:43.0 (16323867)|HEAP_ALLOCATE|[13]|Bytes:1470
14:22:43.0 (16470022)|HEAP_ALLOCATE|[13]|Bytes:28
14:22:43.0 (16492098)|SYSTEM_MODE_EXIT|false
14:22:43.16 (16540960)|CUMULATIVE_LIMIT_USAGE
14:22:43.16 (16540960)|LIMIT_USAGE_FOR_NS|(default)|
  Number of SOQL queries: 1 out of 100
  Number of query rows: 6 out of 50000
  Number of SOSL queries: 0 out of 20
  Number of DML statements: 0 out of 150
  Number of DML rows: 0 out of 10000
  Maximum CPU time: 0 out of 10000
  Maximum heap size: 0 out of 6000000
  Number of callouts: 0 out of 100
  Number of Email Invocations: 0 out of 10
  Number of future calls: 0 out of 50
  Number of queueable jobs added to the queue: 0 out of 50
  Number of Mobile Apex push calls: 0 out of 10

14:22:43.16 (16540960)|CUMULATIVE_LIMIT_USAGE_END

14:22:43.0 (16595288)|CODE_UNIT_FINISHED|InventoryController.getInventories
14:22:43.0 (18502131)|EXECUTION_FINISHED
14:22:43.21 (21293364)|EXECUTION_STARTED
14:22:43.21 (21305980)|CODE_UNIT_STARTED|[EXTERNAL]|01p36000006RnKY|InventoryController.getInventories
14:22:43.21 (21361114)|SYSTEM_MODE_ENTER|false
14:22:43.21 (21382407)|HEAP_ALLOCATE|[13]|Bytes:5
14:22:43.21 (21389008)|STATEMENT_EXECUTE|[12]
14:22:43.21 (21391542)|STATEMENT_EXECUTE|[13]
14:22:43.21 (21399903)|HEAP_ALLOCATE|[13]|Bytes:4
14:22:43.21 (21801907)|SOQL_EXECUTE_BEGIN|[13]|Aggregations:0|SELECT id, name, Inventory_Number__c, Customer__c, Contact_Person__c, Value__c, LastModifiedDate FROM Computer_Inventory__c LIMIT 50
14:22:43.21 (25637928)|SOQL_EXECUTE_END|[13]|Rows:6
14:22:43.21 (25664737)|HEAP_ALLOCATE|[13]|Bytes:28
14:22:43.21 (25706049)|HEAP_ALLOCATE|[13]|Bytes:1470
14:22:43.21 (25734926)|HEAP_ALLOCATE|[13]|Bytes:28
14:22:43.21 (25756477)|SYSTEM_MODE_EXIT|false
14:22:43.25 (25794900)|CUMULATIVE_LIMIT_USAGE
14:22:43.25 (25794900)|LIMIT_USAGE_FOR_NS|(default)|
  Number of SOQL queries: 2 out of 100
  Number of query rows: 12 out of 50000
  Number of SOSL queries: 0 out of 20
  Number of DML statements: 0 out of 150
  Number of DML rows: 0 out of 10000
  Maximum CPU time: 0 out of 10000
  Maximum heap size: 0 out of 6000000
  Number of callouts: 0 out of 100
  Number of Email Invocations: 0 out of 10
  Number of future calls: 0 out of 50
  Number of queueable jobs added to the queue: 0 out of 50
  Number of Mobile Apex push calls: 0 out of 10

14:22:43.25 (25794900)|CUMULATIVE_LIMIT_USAGE_END

14:22:43.21 (25855363)|CODE_UNIT_FINISHED|InventoryController.getInventories
14:22:43.21 (27530860)|EXECUTION_FINISHED
