36.0 APEX_CODE,FINEST;APEX_PROFILING,INFO;CALLOUT,INFO;DB,INFO;SYSTEM,DEBUG;VALIDATION,INFO;VISUALFORCE,INFO;WORKFLOW,INFO
03:57:55.0 (454132)|EXECUTION_STARTED
03:57:55.0 (503822)|CODE_UNIT_STARTED|[EXTERNAL]|01p36000006RyIk|ContactController.getContacts
03:57:55.0 (834027)|HEAP_ALLOCATE|[72]|Bytes:3
03:57:55.0 (927809)|HEAP_ALLOCATE|[77]|Bytes:152
03:57:55.0 (948082)|HEAP_ALLOCATE|[342]|Bytes:408
03:57:55.0 (967662)|HEAP_ALLOCATE|[355]|Bytes:408
03:57:55.0 (986081)|HEAP_ALLOCATE|[467]|Bytes:48
03:57:55.0 (1019594)|HEAP_ALLOCATE|[139]|Bytes:6
03:57:55.0 (1044035)|HEAP_ALLOCATE|[EXTERNAL]|Bytes:4
03:57:55.0 (1095037)|METHOD_ENTRY|[1]|01p36000006RyIk|ContactController.ContactController()
03:57:55.0 (1100386)|STATEMENT_EXECUTE|[1]
03:57:55.0 (1122405)|STATEMENT_EXECUTE|[1]
03:57:55.0 (1162458)|HEAP_ALLOCATE|[50]|Bytes:5
03:57:55.0 (1190670)|HEAP_ALLOCATE|[56]|Bytes:5
03:57:55.0 (1199550)|HEAP_ALLOCATE|[64]|Bytes:7
03:57:55.0 (1228096)|SYSTEM_MODE_ENTER|false
03:57:55.0 (1249486)|HEAP_ALLOCATE|[EXTERNAL]|Bytes:5
03:57:55.0 (1259043)|SYSTEM_MODE_EXIT|false
03:57:55.0 (1270842)|METHOD_EXIT|[1]|ContactController
03:57:55.0 (1282782)|SYSTEM_MODE_ENTER|false
03:57:55.0 (1297707)|HEAP_ALLOCATE|[5]|Bytes:5
03:57:55.0 (1301490)|STATEMENT_EXECUTE|[3]
03:57:55.0 (1302990)|STATEMENT_EXECUTE|[4]
03:57:55.0 (1306767)|HEAP_ALLOCATE|[5]|Bytes:67
03:57:55.0 (1318510)|HEAP_ALLOCATE|[5]|Bytes:4
03:57:55.0 (2551121)|SOQL_EXECUTE_BEGIN|[5]|Aggregations:0|SELECT Id, Name, MailingStreet, Phone, Email, Level__c FROM Contact
03:57:55.0 (7155141)|SOQL_EXECUTE_END|[5]|Rows:48
03:57:55.0 (7171202)|HEAP_ALLOCATE|[5]|Bytes:196
03:57:55.0 (7283273)|HEAP_ALLOCATE|[5]|Bytes:5623
03:57:55.0 (7325956)|HEAP_ALLOCATE|[5]|Bytes:196
03:57:55.0 (7345062)|VARIABLE_SCOPE_BEGIN|[4]|contacts|List<Contact>|true|false
03:57:55.0 (7473790)|VARIABLE_ASSIGNMENT|[4]|contacts|{"s":1,"v":"List of size 48 too large to display"}|0x2a296b1
03:57:55.0 (7490449)|STATEMENT_EXECUTE|[8]
03:57:55.0 (7504770)|SYSTEM_MODE_EXIT|false
03:57:55.7 (7548635)|CUMULATIVE_LIMIT_USAGE
03:57:55.7 (7548635)|LIMIT_USAGE_FOR_NS|(default)|
  Number of SOQL queries: 1 out of 100
  Number of query rows: 48 out of 50000
  Number of SOSL queries: 0 out of 20
  Number of DML statements: 0 out of 150
  Number of DML rows: 0 out of 10000
  Maximum CPU time: 0 out of 10000
  Maximum heap size: 0 out of 6000000
  Number of callouts: 0 out of 100
  Number of Email Invocations: 0 out of 10
  Number of future calls: 0 out of 50
  Number of queueable jobs added to the queue: 0 out of 50
  Number of Mobile Apex push calls: 0 out of 10

03:57:55.7 (7548635)|CUMULATIVE_LIMIT_USAGE_END

03:57:55.0 (7604652)|CODE_UNIT_FINISHED|ContactController.getContacts
03:57:55.0 (9234841)|EXECUTION_FINISHED
