36.0 APEX_CODE,FINEST;APEX_PROFILING,INFO;CALLOUT,INFO;DB,INFO;SYSTEM,DEBUG;VALIDATION,INFO;VISUALFORCE,INFO;WORKFLOW,INFO
05:06:03.0 (449361)|EXECUTION_STARTED
05:06:03.0 (491961)|CODE_UNIT_STARTED|[EXTERNAL]|01p36000005H3V7|expansesController.saveExpense
05:06:03.0 (708759)|HEAP_ALLOCATE|[72]|Bytes:3
05:06:03.0 (746554)|HEAP_ALLOCATE|[77]|Bytes:152
05:06:03.0 (759999)|HEAP_ALLOCATE|[342]|Bytes:408
05:06:03.0 (775975)|HEAP_ALLOCATE|[355]|Bytes:408
05:06:03.0 (791603)|HEAP_ALLOCATE|[467]|Bytes:48
05:06:03.0 (820343)|HEAP_ALLOCATE|[139]|Bytes:6
05:06:03.0 (841618)|HEAP_ALLOCATE|[EXTERNAL]|Bytes:4
05:06:03.0 (859096)|METHOD_ENTRY|[1]|01p36000005H3V7|expansesController.expansesController()
05:06:03.0 (863962)|STATEMENT_EXECUTE|[1]
05:06:03.0 (869536)|STATEMENT_EXECUTE|[1]
05:06:03.0 (898505)|HEAP_ALLOCATE|[50]|Bytes:5
05:06:03.0 (918010)|HEAP_ALLOCATE|[56]|Bytes:5
05:06:03.0 (926445)|HEAP_ALLOCATE|[64]|Bytes:7
05:06:03.0 (951731)|SYSTEM_MODE_ENTER|false
05:06:03.0 (962658)|HEAP_ALLOCATE|[EXTERNAL]|Bytes:5
05:06:03.0 (968881)|SYSTEM_MODE_EXIT|false
05:06:03.0 (980238)|METHOD_EXIT|[1]|expansesController
05:06:03.0 (993082)|HEAP_ALLOCATE|[EXTERNAL]|Bytes:24
05:06:03.0 (1003255)|SYSTEM_MODE_ENTER|false
05:06:03.0 (1020550)|VARIABLE_SCOPE_BEGIN|[10]|expense|Expense__c|true|false
05:06:03.0 (1077999)|VARIABLE_ASSIGNMENT|[10]|expense|{"Amount__c":20,"Reimbursed__c":true,"Id":"a0H36000001l5KdEAI","Client__c":"","Name":""}|0x207c98e1
05:06:03.0 (1093209)|HEAP_ALLOCATE|[13]|Bytes:5
05:06:03.0 (1097350)|STATEMENT_EXECUTE|[10]
05:06:03.0 (1098981)|STATEMENT_EXECUTE|[13]
05:06:03.0 (1159387)|HEAP_ALLOCATE|[13]|Bytes:8
05:06:03.0 (1185116)|DML_BEGIN|[13]|Op:Upsert|Type:Expense__c|Rows:1
05:06:03.0 (1212428)|HEAP_ALLOCATE|[EXTERNAL]|Bytes:8
05:06:03.0 (72655151)|DML_END|[13]
05:06:03.0 (72694607)|STATEMENT_EXECUTE|[14]
05:06:03.0 (72722486)|SYSTEM_MODE_EXIT|false
05:06:03.76 (76663076)|CUMULATIVE_LIMIT_USAGE
05:06:03.76 (76663076)|LIMIT_USAGE_FOR_NS|(default)|
  Number of SOQL queries: 0 out of 100
  Number of query rows: 0 out of 50000
  Number of SOSL queries: 0 out of 20
  Number of DML statements: 1 out of 150
  Number of DML rows: 1 out of 10000
  Maximum CPU time: 0 out of 10000
  Maximum heap size: 0 out of 6000000
  Number of callouts: 0 out of 100
  Number of Email Invocations: 0 out of 10
  Number of future calls: 0 out of 50
  Number of queueable jobs added to the queue: 0 out of 50
  Number of Mobile Apex push calls: 0 out of 10

05:06:03.76 (76663076)|CUMULATIVE_LIMIT_USAGE_END

05:06:03.0 (76737693)|CODE_UNIT_FINISHED|expansesController.saveExpense
05:06:03.0 (77781476)|EXECUTION_FINISHED
