36.0 APEX_CODE,FINEST;APEX_PROFILING,INFO;CALLOUT,INFO;DB,INFO;SYSTEM,DEBUG;VALIDATION,INFO;VISUALFORCE,INFO;WORKFLOW,INFO
12:47:00.0 (88099)|EXECUTION_STARTED
12:47:00.0 (131588)|CODE_UNIT_STARTED|[EXTERNAL]|aura
12:47:00.0 (594402)|HEAP_ALLOCATE|[72]|Bytes:3
12:47:00.0 (646922)|HEAP_ALLOCATE|[77]|Bytes:152
12:47:00.0 (667703)|HEAP_ALLOCATE|[342]|Bytes:408
12:47:00.0 (688562)|HEAP_ALLOCATE|[355]|Bytes:408
12:47:00.0 (707738)|HEAP_ALLOCATE|[467]|Bytes:48
12:47:00.0 (737740)|HEAP_ALLOCATE|[139]|Bytes:6
12:47:00.0 (769586)|HEAP_ALLOCATE|[EXTERNAL]|Bytes:21
12:47:00.0 (785650)|HEAP_ALLOCATE|[EXTERNAL]|Bytes:21
12:47:00.0 (916023)|HEAP_ALLOCATE|[EXTERNAL]|Bytes:3
12:47:00.0 (926264)|HEAP_ALLOCATE|[EXTERNAL]|Bytes:3
12:47:00.0 (2128988)|CODE_UNIT_STARTED|[EXTERNAL]|01p36000006RyOZ|InputLookupController.searchSObject
12:47:00.0 (2261134)|HEAP_ALLOCATE|[EXTERNAL]|Bytes:12
12:47:00.0 (2268242)|HEAP_ALLOCATE|[EXTERNAL]|Bytes:7
12:47:00.0 (2271185)|HEAP_ALLOCATE|[EXTERNAL]|Bytes:5
12:47:00.0 (2284687)|METHOD_ENTRY|[1]|01p36000006RyOZ|InputLookupController.InputLookupController()
12:47:00.0 (2288615)|STATEMENT_EXECUTE|[1]
12:47:00.0 (2296482)|STATEMENT_EXECUTE|[1]
12:47:00.0 (2298079)|STATEMENT_EXECUTE|[41]
12:47:00.0 (2303186)|METHOD_EXIT|[1]|InputLookupController
12:47:00.0 (2307856)|HEAP_ALLOCATE|[EXTERNAL]|Bytes:21
12:47:00.0 (2309929)|HEAP_ALLOCATE|[EXTERNAL]|Bytes:3
12:47:00.0 (2320176)|SYSTEM_MODE_ENTER|false
12:47:00.0 (2330918)|VARIABLE_SCOPE_BEGIN|[68]|type|String|false|false
12:47:00.0 (2364770)|VARIABLE_ASSIGNMENT|[68]|type|"Computer_Inventory__ (1 more) ..."
12:47:00.0 (2369845)|VARIABLE_SCOPE_BEGIN|[68]|searchString|String|false|false
12:47:00.0 (2374583)|VARIABLE_ASSIGNMENT|[68]|searchString|"Goo"
12:47:00.0 (2385364)|STATEMENT_EXECUTE|[68]
12:47:00.0 (2486064)|HEAP_ALLOCATE|[50]|Bytes:5
12:47:00.0 (2514420)|HEAP_ALLOCATE|[56]|Bytes:5
12:47:00.0 (2524144)|HEAP_ALLOCATE|[64]|Bytes:7
12:47:00.0 (2562950)|STATEMENT_EXECUTE|[69]
12:47:00.0 (2565922)|STATEMENT_EXECUTE|[73]
12:47:00.0 (28176392)|HEAP_ALLOCATE|[73]|Bytes:1528
12:47:00.0 (28240378)|VARIABLE_SCOPE_BEGIN|[73]|objType|Schema.SObjectType|true|false
12:47:00.0 (28391029)|VARIABLE_ASSIGNMENT|[73]|objType|"common.apex.runtime.impl.ApexSObjectTypeToken@236a80c3"|0x236a80c3
12:47:00.0 (28400011)|STATEMENT_EXECUTE|[74]
12:47:00.0 (28402857)|STATEMENT_EXECUTE|[78]
12:47:00.0 (28430573)|METHOD_ENTRY|[78]|01p36000006RyOZ|InputLookupController.getSobjectNameField(Schema.SObjectType)
12:47:00.0 (28481163)|VARIABLE_SCOPE_BEGIN|[49]|sobjType|Schema.SObjectType|true|false
12:47:00.0 (28537581)|VARIABLE_ASSIGNMENT|[49]|sobjType|"common.apex.runtime.impl.ApexSObjectTypeToken@236a80c3"|0x236a80c3
12:47:00.0 (28545641)|STATEMENT_EXECUTE|[49]
12:47:00.0 (28547242)|STATEMENT_EXECUTE|[52]
12:47:00.0 (28551436)|HEAP_ALLOCATE|[52]|Bytes:4
12:47:00.0 (28558095)|VARIABLE_SCOPE_BEGIN|[52]|nameField|String|false|false
12:47:00.0 (28566639)|VARIABLE_ASSIGNMENT|[52]|nameField|"Name"
12:47:00.0 (28568900)|STATEMENT_EXECUTE|[53]
12:47:00.0 (28891439)|HEAP_ALLOCATE|[53]|Bytes:4
12:47:00.0 (28936009)|VARIABLE_SCOPE_BEGIN|[53]|dfrLkp|Schema.DescribeSObjectResult|true|false
12:47:00.0 (29008535)|VARIABLE_ASSIGNMENT|[53]|dfrLkp|"common.api.soap.wsdl.DescribeSObjectResult@b3127dfc"|0x1d487122
12:47:00.0 (29364454)|HEAP_ALLOCATE|[54]|Bytes:68
12:47:00.0 (29512776)|HEAP_ALLOCATE|[EXTERNAL]|Bytes:68
12:47:00.0 (29535444)|HEAP_ALLOCATE|[54]|Bytes:68
12:47:00.0 (29644057)|HEAP_ALLOCATE|[54]|Bytes:5
12:47:00.0 (29672671)|VARIABLE_SCOPE_BEGIN|[54]|sotype|Schema.SObjectField|true|false
12:47:00.0 (29725684)|VARIABLE_ASSIGNMENT|[54]|sotype|"common.apex.runtime.impl.ApexFieldToken@4d4d48ef"|0x4d4d48ef
12:47:00.0 (29731950)|STATEMENT_EXECUTE|[54]
12:47:00.0 (29733727)|STATEMENT_EXECUTE|[55]
12:47:00.0 (30292530)|HEAP_ALLOCATE|[55]|Bytes:8
12:47:00.0 (30328427)|VARIABLE_SCOPE_BEGIN|[55]|fieldDescObj|Schema.DescribeFieldResult|true|false
12:47:00.0 (30395552)|VARIABLE_ASSIGNMENT|[55]|fieldDescObj|"common.api.soap.wsdl.Field@a538bc5d"|0x1ce71a4c
12:47:00.0 (30421443)|STATEMENT_EXECUTE|[56]
12:47:00.0 (30437017)|HEAP_ALLOCATE|[54]|Bytes:5
12:47:00.0 (30453854)|VARIABLE_SCOPE_BEGIN|[54]|sotype|Schema.SObjectField|true|false
12:47:00.0 (30507070)|VARIABLE_ASSIGNMENT|[54]|sotype|"common.apex.runtime.impl.ApexFieldToken@4c978de"|0x4c978de
12:47:00.0 (30512392)|STATEMENT_EXECUTE|[54]
12:47:00.0 (30513769)|STATEMENT_EXECUTE|[55]
12:47:00.0 (30633934)|HEAP_ALLOCATE|[55]|Bytes:8
12:47:00.0 (44433626)|VARIABLE_SCOPE_BEGIN|[55]|fieldDescObj|Schema.DescribeFieldResult|true|false
12:47:00.0 (44591357)|VARIABLE_ASSIGNMENT|[55]|fieldDescObj|"common.api.soap.wsdl.Field@4d60957a"|0x377d2526
12:47:00.0 (44626245)|STATEMENT_EXECUTE|[56]
12:47:00.0 (44671030)|HEAP_ALLOCATE|[54]|Bytes:5
12:47:00.0 (44707781)|VARIABLE_SCOPE_BEGIN|[54]|sotype|Schema.SObjectField|true|false
12:47:00.0 (44761544)|VARIABLE_ASSIGNMENT|[54]|sotype|"common.apex.runtime.impl.ApexFieldToken@15e48674"|0x15e48674
12:47:00.0 (44767186)|STATEMENT_EXECUTE|[54]
12:47:00.0 (44769003)|STATEMENT_EXECUTE|[55]
12:47:00.0 (45095605)|HEAP_ALLOCATE|[55]|Bytes:8
12:47:00.0 (45107599)|VARIABLE_SCOPE_BEGIN|[55]|fieldDescObj|Schema.DescribeFieldResult|true|false
12:47:00.0 (45168832)|VARIABLE_ASSIGNMENT|[55]|fieldDescObj|"common.api.soap.wsdl.Field@46d4b1c5"|0x7b2ff962
12:47:00.0 (45181472)|STATEMENT_EXECUTE|[56]
12:47:00.0 (45183235)|STATEMENT_EXECUTE|[57]
12:47:00.0 (45213285)|HEAP_ALLOCATE|[57]|Bytes:4
12:47:00.0 (45226168)|VARIABLE_ASSIGNMENT|[57]|nameField|"Name"
12:47:00.0 (45229397)|STATEMENT_EXECUTE|[58]
12:47:00.0 (45237309)|VARIABLE_ASSIGNMENT|[54]|sotype|null|
12:47:00.0 (45241086)|STATEMENT_EXECUTE|[61]
12:47:00.0 (45256049)|METHOD_EXIT|[78]|01p36000006RyOZ|InputLookupController.getSobjectNameField(Schema.SObjectType)
12:47:00.0 (45263872)|VARIABLE_SCOPE_BEGIN|[78]|nameField|String|false|false
12:47:00.0 (45269809)|VARIABLE_ASSIGNMENT|[78]|nameField|"Name"
12:47:00.0 (45272043)|STATEMENT_EXECUTE|[79]
12:47:00.0 (45276577)|HEAP_ALLOCATE|[79]|Bytes:2
12:47:00.0 (45280964)|HEAP_ALLOCATE|[79]|Bytes:2
12:47:00.0 (45300643)|HEAP_ALLOCATE|[79]|Bytes:7
12:47:00.0 (45307893)|VARIABLE_ASSIGNMENT|[79]|searchString|"'*Goo*'"
12:47:00.0 (45311164)|STATEMENT_EXECUTE|[80]
12:47:00.0 (45313701)|HEAP_ALLOCATE|[80]|Bytes:44
12:47:00.0 (45317837)|HEAP_ALLOCATE|[81]|Bytes:5
12:47:00.0 (45320701)|HEAP_ALLOCATE|[81]|Bytes:10
12:47:00.0 (45330438)|HEAP_ALLOCATE|[80]|Bytes:88
12:47:00.0 (45334329)|HEAP_ALLOCATE|[81]|Bytes:10
12:47:00.0 (45341344)|HEAP_ALLOCATE|[80]|Bytes:98
12:47:00.0 (45345344)|VARIABLE_SCOPE_BEGIN|[80]|soslQuery|String|false|false
12:47:00.0 (45353493)|VARIABLE_ASSIGNMENT|[80]|soslQuery|"FIND :searchString I (78 more) ..."
12:47:00.0 (45355859)|STATEMENT_EXECUTE|[82]
12:47:00.0 (45358794)|HEAP_ALLOCATE|[82]|Bytes:12
12:47:00.0 (45364219)|HEAP_ALLOCATE|[82]|Bytes:110
12:47:00.0 (45458085)|USER_DEBUG|[82]|DEBUG|SOSL QUERY: FIND :searchString IN NAME FIELDS RETURNING Computer_Inventory__c(Id, Name ORDER BY Name) LIMIT 20
12:47:00.0 (45468305)|STATEMENT_EXECUTE|[83]
12:47:00.0 (45829031)|SOSL_EXECUTE_BEGIN|[83]|FIND :searchString IN NAME FIELDS RETURNING Computer_Inventory__c(Id, Name ORDER BY Name) LIMIT 20
12:47:00.0 (55554000)|HEAP_ALLOCATE|[83]|Bytes:4
12:47:00.0 (55566497)|HEAP_ALLOCATE|[83]|Bytes:8
12:47:00.0 (55574248)|SOSL_EXECUTE_END|[83]|Rows:0
12:47:00.0 (55645599)|HEAP_ALLOCATE|[83]|Bytes:8
12:47:00.0 (55663538)|VARIABLE_SCOPE_BEGIN|[83]|results|List<List<SObject>>|true|false
12:47:00.0 (55704513)|VARIABLE_ASSIGNMENT|[83]|results|{"s":1,"v":[{"s":2,"v":[]}]}|0x3159aed1
12:47:00.0 (55709416)|STATEMENT_EXECUTE|[85]
12:47:00.0 (56082701)|HEAP_ALLOCATE|[85]|Bytes:4
12:47:00.0 (56206128)|VARIABLE_SCOPE_BEGIN|[85]|output|List<InputLookupController.SearchResult>|true|false
12:47:00.0 (56232900)|HEAP_ALLOCATE|[EXTERNAL]|Bytes:4
12:47:00.0 (56250205)|VARIABLE_ASSIGNMENT|[85]|output|{"s":1,"v":[]}|0x1b7dbdc5
12:47:00.0 (56305467)|STATEMENT_EXECUTE|[86]
12:47:00.0 (56356972)|HEAP_ALLOCATE|[87]|Bytes:4
12:47:00.0 (56627740)|HEAP_ALLOCATE|[87]|Bytes:5
12:47:00.0 (56651755)|VARIABLE_ASSIGNMENT|[87]|sobj|null|
12:47:00.0 (56656959)|STATEMENT_EXECUTE|[87]
12:47:00.0 (56659196)|STATEMENT_EXECUTE|[94]
12:47:00.0 (56751018)|HEAP_ALLOCATE|[94]|Bytes:18
12:47:00.0 (56772032)|SYSTEM_METHOD_ENTRY|[1]|JSON.JSON()
12:47:00.0 (56774996)|STATEMENT_EXECUTE|[1]
12:47:00.0 (56787623)|SYSTEM_METHOD_EXIT|[1]|JSON
12:47:00.0 (56804606)|METHOD_ENTRY|[94]||System.JSON.serialize(Object)
12:47:00.0 (57096647)|METHOD_EXIT|[94]||System.JSON.serialize(Object)
12:47:00.0 (57112995)|SYSTEM_MODE_EXIT|false
12:47:00.57 (57154051)|CUMULATIVE_LIMIT_USAGE
12:47:00.57 (57154051)|LIMIT_USAGE_FOR_NS|(default)|
  Number of SOQL queries: 0 out of 100
  Number of query rows: 0 out of 50000
  Number of SOSL queries: 1 out of 20
  Number of DML statements: 0 out of 150
  Number of DML rows: 0 out of 10000
  Maximum CPU time: 0 out of 10000
  Maximum heap size: 0 out of 6000000
  Number of callouts: 0 out of 100
  Number of Email Invocations: 0 out of 10
  Number of future calls: 0 out of 50
  Number of queueable jobs added to the queue: 0 out of 50
  Number of Mobile Apex push calls: 0 out of 10

12:47:00.57 (57154051)|CUMULATIVE_LIMIT_USAGE_END

12:47:00.0 (57215979)|CODE_UNIT_FINISHED|InputLookupController.searchSObject
SObject
