36.0 APEX_CODE,FINEST;APEX_PROFILING,INFO;CALLOUT,INFO;DB,INFO;SYSTEM,DEBUG;VALIDATION,INFO;VISUALFORCE,INFO;WORKFLOW,INFO
14:19:45.0 (89151)|EXECUTION_STARTED
14:19:45.0 (136736)|CODE_UNIT_STARTED|[EXTERNAL]|01p36000006RnKY|InventoryController.getInventories
14:19:45.0 (328312)|HEAP_ALLOCATE|[72]|Bytes:3
14:19:45.0 (392438)|HEAP_ALLOCATE|[77]|Bytes:152
14:19:45.0 (414882)|HEAP_ALLOCATE|[342]|Bytes:408
14:19:45.0 (442592)|HEAP_ALLOCATE|[355]|Bytes:408
14:19:45.0 (463045)|HEAP_ALLOCATE|[467]|Bytes:48
14:19:45.0 (497846)|HEAP_ALLOCATE|[139]|Bytes:6
14:19:45.0 (585403)|HEAP_ALLOCATE|[EXTERNAL]|Bytes:4
14:19:45.0 (604044)|METHOD_ENTRY|[1]|01p36000006RnKY|InventoryController.InventoryController()
14:19:45.0 (610049)|STATEMENT_EXECUTE|[1]
14:19:45.0 (617126)|STATEMENT_EXECUTE|[1]
14:19:45.0 (652762)|HEAP_ALLOCATE|[50]|Bytes:5
14:19:45.0 (682897)|HEAP_ALLOCATE|[56]|Bytes:5
14:19:45.0 (694378)|HEAP_ALLOCATE|[64]|Bytes:7
14:19:45.0 (725772)|SYSTEM_MODE_ENTER|false
14:19:45.0 (763634)|HEAP_ALLOCATE|[EXTERNAL]|Bytes:5
14:19:45.0 (775985)|SYSTEM_MODE_EXIT|false
14:19:45.0 (789726)|METHOD_EXIT|[1]|InventoryController
14:19:45.0 (802481)|SYSTEM_MODE_ENTER|false
14:19:45.0 (818850)|HEAP_ALLOCATE|[13]|Bytes:5
14:19:45.0 (824209)|STATEMENT_EXECUTE|[12]
14:19:45.0 (827029)|STATEMENT_EXECUTE|[13]
14:19:45.0 (831550)|HEAP_ALLOCATE|[13]|Bytes:132
14:19:45.0 (845077)|HEAP_ALLOCATE|[13]|Bytes:4
14:19:45.0 (1278229)|SOQL_EXECUTE_BEGIN|[13]|Aggregations:0|SELECT id, name, Inventory_Number__c, Customer__c, Contact_Person__c, Value__c, LastModifiedDate FROM Computer_Inventory__c LIMIT 50
14:19:45.0 (3768739)|SOQL_EXECUTE_END|[13]|Rows:6
14:19:45.0 (3797187)|HEAP_ALLOCATE|[13]|Bytes:28
14:19:45.0 (3834164)|HEAP_ALLOCATE|[13]|Bytes:1470
14:19:45.0 (3954728)|HEAP_ALLOCATE|[13]|Bytes:28
14:19:45.0 (3976677)|SYSTEM_MODE_EXIT|false
14:19:45.4 (4019217)|CUMULATIVE_LIMIT_USAGE
14:19:45.4 (4019217)|LIMIT_USAGE_FOR_NS|(default)|
  Number of SOQL queries: 1 out of 100
  Number of query rows: 6 out of 50000
  Number of SOSL queries: 0 out of 20
  Number of DML statements: 0 out of 150
  Number of DML rows: 0 out of 10000
  Maximum CPU time: 0 out of 10000
  Maximum heap size: 0 out of 6000000
  Number of callouts: 0 out of 100
  Number of Email Invocations: 0 out of 10
  Number of future calls: 0 out of 50
  Number of queueable jobs added to the queue: 0 out of 50
  Number of Mobile Apex push calls: 0 out of 10

14:19:45.4 (4019217)|CUMULATIVE_LIMIT_USAGE_END

14:19:45.0 (4066260)|CODE_UNIT_FINISHED|InventoryController.getInventories
14:19:45.0 (5515715)|EXECUTION_FINISHED
14:19:45.7 (7887395)|EXECUTION_STARTED
14:19:45.7 (7901297)|CODE_UNIT_STARTED|[EXTERNAL]|01p36000006RnKY|InventoryController.getInventories
14:19:45.7 (7942981)|SYSTEM_MODE_ENTER|false
14:19:45.7 (7959426)|HEAP_ALLOCATE|[13]|Bytes:5
14:19:45.7 (7965431)|STATEMENT_EXECUTE|[12]
14:19:45.7 (7968131)|STATEMENT_EXECUTE|[13]
14:19:45.7 (7973450)|HEAP_ALLOCATE|[13]|Bytes:4
14:19:45.7 (8156850)|SOQL_EXECUTE_BEGIN|[13]|Aggregations:0|SELECT id, name, Inventory_Number__c, Customer__c, Contact_Person__c, Value__c, LastModifiedDate FROM Computer_Inventory__c LIMIT 50
14:19:45.7 (10478905)|SOQL_EXECUTE_END|[13]|Rows:6
14:19:45.7 (10496644)|HEAP_ALLOCATE|[13]|Bytes:28
14:19:45.7 (10524836)|HEAP_ALLOCATE|[13]|Bytes:1470
14:19:45.7 (10541210)|HEAP_ALLOCATE|[13]|Bytes:28
14:19:45.7 (10558472)|SYSTEM_MODE_EXIT|false
14:19:45.10 (10581748)|CUMULATIVE_LIMIT_USAGE
14:19:45.10 (10581748)|LIMIT_USAGE_FOR_NS|(default)|
  Number of SOQL queries: 2 out of 100
  Number of query rows: 12 out of 50000
  Number of SOSL queries: 0 out of 20
  Number of DML statements: 0 out of 150
  Number of DML rows: 0 out of 10000
  Maximum CPU time: 0 out of 10000
  Maximum heap size: 0 out of 6000000
  Number of callouts: 0 out of 100
  Number of Email Invocations: 0 out of 10
  Number of future calls: 0 out of 50
  Number of queueable jobs added to the queue: 0 out of 50
  Number of Mobile Apex push calls: 0 out of 10

14:19:45.10 (10581748)|CUMULATIVE_LIMIT_USAGE_END

14:19:45.7 (10615759)|CODE_UNIT_FINISHED|InventoryController.getInventories
14:19:45.7 (12027349)|EXECUTION_FINISHED
