36.0 APEX_CODE,FINEST;APEX_PROFILING,INFO;CALLOUT,INFO;DB,INFO;SYSTEM,DEBUG;VALIDATION,INFO;VISUALFORCE,INFO;WORKFLOW,INFO
13:58:33.0 (92760)|EXECUTION_STARTED
13:58:33.0 (140228)|CODE_UNIT_STARTED|[EXTERNAL]|01p36000006RnKY|InventoryController.getInventories
13:58:33.0 (337739)|HEAP_ALLOCATE|[72]|Bytes:3
13:58:33.0 (403845)|HEAP_ALLOCATE|[77]|Bytes:152
13:58:33.0 (426293)|HEAP_ALLOCATE|[342]|Bytes:408
13:58:33.0 (448795)|HEAP_ALLOCATE|[355]|Bytes:408
13:58:33.0 (469333)|HEAP_ALLOCATE|[467]|Bytes:48
13:58:33.0 (504308)|HEAP_ALLOCATE|[139]|Bytes:6
13:58:33.0 (584279)|HEAP_ALLOCATE|[EXTERNAL]|Bytes:4
13:58:33.0 (603301)|METHOD_ENTRY|[1]|01p36000006RnKY|InventoryController.InventoryController()
13:58:33.0 (609696)|STATEMENT_EXECUTE|[1]
13:58:33.0 (620631)|STATEMENT_EXECUTE|[1]
13:58:33.0 (657837)|HEAP_ALLOCATE|[50]|Bytes:5
13:58:33.0 (689976)|HEAP_ALLOCATE|[56]|Bytes:5
13:58:33.0 (702221)|HEAP_ALLOCATE|[64]|Bytes:7
13:58:33.0 (735441)|SYSTEM_MODE_ENTER|false
13:58:33.0 (759421)|HEAP_ALLOCATE|[EXTERNAL]|Bytes:5
13:58:33.0 (770256)|SYSTEM_MODE_EXIT|false
13:58:33.0 (783315)|METHOD_EXIT|[1]|InventoryController
13:58:33.0 (795687)|SYSTEM_MODE_ENTER|false
13:58:33.0 (812158)|HEAP_ALLOCATE|[13]|Bytes:5
13:58:33.0 (817724)|STATEMENT_EXECUTE|[12]
13:58:33.0 (820548)|STATEMENT_EXECUTE|[13]
13:58:33.0 (825301)|HEAP_ALLOCATE|[13]|Bytes:132
13:58:33.0 (839581)|HEAP_ALLOCATE|[13]|Bytes:4
13:58:33.0 (1363940)|SOQL_EXECUTE_BEGIN|[13]|Aggregations:0|SELECT id, name, Inventory_Number__c, Customer__c, Contact_Person__c, Value__c, LastModifiedDate FROM Computer_Inventory__c LIMIT 50
13:58:33.0 (4147514)|SOQL_EXECUTE_END|[13]|Rows:5
13:58:33.0 (4176064)|HEAP_ALLOCATE|[13]|Bytes:24
13:58:33.0 (4210871)|HEAP_ALLOCATE|[13]|Bytes:1224
13:58:33.0 (4332055)|HEAP_ALLOCATE|[13]|Bytes:24
13:58:33.0 (4354897)|SYSTEM_MODE_EXIT|false
13:58:33.4 (4397211)|CUMULATIVE_LIMIT_USAGE
13:58:33.4 (4397211)|LIMIT_USAGE_FOR_NS|(default)|
  Number of SOQL queries: 1 out of 100
  Number of query rows: 5 out of 50000
  Number of SOSL queries: 0 out of 20
  Number of DML statements: 0 out of 150
  Number of DML rows: 0 out of 10000
  Maximum CPU time: 0 out of 10000
  Maximum heap size: 0 out of 6000000
  Number of callouts: 0 out of 100
  Number of Email Invocations: 0 out of 10
  Number of future calls: 0 out of 50
  Number of queueable jobs added to the queue: 0 out of 50
  Number of Mobile Apex push calls: 0 out of 10

13:58:33.4 (4397211)|CUMULATIVE_LIMIT_USAGE_END

13:58:33.0 (4444583)|CODE_UNIT_FINISHED|InventoryController.getInventories
13:58:33.0 (6277737)|EXECUTION_FINISHED
13:58:33.8 (8749882)|EXECUTION_STARTED
13:58:33.8 (8764059)|CODE_UNIT_STARTED|[EXTERNAL]|01p36000006RnKY|InventoryController.getInventories
13:58:33.8 (8805575)|SYSTEM_MODE_ENTER|false
13:58:33.8 (8822521)|HEAP_ALLOCATE|[13]|Bytes:5
13:58:33.8 (8829008)|STATEMENT_EXECUTE|[12]
13:58:33.8 (8831953)|STATEMENT_EXECUTE|[13]
13:58:33.8 (8837323)|HEAP_ALLOCATE|[13]|Bytes:4
13:58:33.8 (9019462)|SOQL_EXECUTE_BEGIN|[13]|Aggregations:0|SELECT id, name, Inventory_Number__c, Customer__c, Contact_Person__c, Value__c, LastModifiedDate FROM Computer_Inventory__c LIMIT 50
13:58:33.8 (11331173)|SOQL_EXECUTE_END|[13]|Rows:5
13:58:33.8 (11349599)|HEAP_ALLOCATE|[13]|Bytes:24
13:58:33.8 (11376615)|HEAP_ALLOCATE|[13]|Bytes:1224
13:58:33.8 (11393695)|HEAP_ALLOCATE|[13]|Bytes:24
13:58:33.8 (11410999)|SYSTEM_MODE_EXIT|false
13:58:33.11 (11433905)|CUMULATIVE_LIMIT_USAGE
13:58:33.11 (11433905)|LIMIT_USAGE_FOR_NS|(default)|
  Number of SOQL queries: 2 out of 100
  Number of query rows: 10 out of 50000
  Number of SOSL queries: 0 out of 20
  Number of DML statements: 0 out of 150
  Number of DML rows: 0 out of 10000
  Maximum CPU time: 0 out of 10000
  Maximum heap size: 0 out of 6000000
  Number of callouts: 0 out of 100
  Number of Email Invocations: 0 out of 10
  Number of future calls: 0 out of 50
  Number of queueable jobs added to the queue: 0 out of 50
  Number of Mobile Apex push calls: 0 out of 10

13:58:33.11 (11433905)|CUMULATIVE_LIMIT_USAGE_END

13:58:33.8 (11468065)|CODE_UNIT_FINISHED|InventoryController.getInventories
13:58:33.8 (13109515)|EXECUTION_FINISHED
