36.0 APEX_CODE,FINEST;APEX_PROFILING,INFO;CALLOUT,INFO;DB,INFO;SYSTEM,DEBUG;VALIDATION,INFO;VISUALFORCE,INFO;WORKFLOW,INFO
02:45:14.0 (438185)|EXECUTION_STARTED
02:45:14.0 (475113)|CODE_UNIT_STARTED|[EXTERNAL]|01p36000004ZxaQ|AccountsController.getAccounts
02:45:14.0 (999578)|HEAP_ALLOCATE|[72]|Bytes:3
02:45:14.0 (1074757)|HEAP_ALLOCATE|[77]|Bytes:152
02:45:14.0 (1100800)|HEAP_ALLOCATE|[342]|Bytes:408
02:45:14.0 (1122441)|HEAP_ALLOCATE|[355]|Bytes:408
02:45:14.0 (1142286)|HEAP_ALLOCATE|[467]|Bytes:48
02:45:14.0 (1192702)|HEAP_ALLOCATE|[139]|Bytes:6
02:45:14.0 (1224211)|HEAP_ALLOCATE|[EXTERNAL]|Bytes:1
02:45:14.0 (1242810)|METHOD_ENTRY|[1]|01p36000004ZxaQ|AccountsController.AccountsController()
02:45:14.0 (1247756)|STATEMENT_EXECUTE|[1]
02:45:14.0 (1255921)|STATEMENT_EXECUTE|[1]
02:45:14.0 (1263291)|METHOD_EXIT|[1]|AccountsController
02:45:14.0 (1279680)|SYSTEM_MODE_ENTER|false
02:45:14.0 (1296345)|STATEMENT_EXECUTE|[3]
02:45:14.0 (1297978)|STATEMENT_EXECUTE|[4]
02:45:14.0 (1301430)|HEAP_ALLOCATE|[4]|Bytes:182
02:45:14.0 (1319302)|HEAP_ALLOCATE|[4]|Bytes:4
02:45:14.0 (1374564)|HEAP_ALLOCATE|[50]|Bytes:5
02:45:14.0 (1409473)|HEAP_ALLOCATE|[56]|Bytes:5
02:45:14.0 (1421831)|HEAP_ALLOCATE|[64]|Bytes:7
02:45:14.0 (2897213)|SOQL_EXECUTE_BEGIN|[4]|Aggregations:0|SELECT Id, name, industry, Type, NumberOfEmployees, TickerSymbol, Phone, BillingStreet, BillingCity, BillingState, BillingPostalCode FROM Account ORDER BY createdDate ASC NULLS FIRST
02:45:14.0 (8155595)|SOQL_EXECUTE_END|[4]|Rows:26
02:45:14.0 (8182528)|HEAP_ALLOCATE|[4]|Bytes:108
02:45:14.0 (8263675)|HEAP_ALLOCATE|[4]|Bytes:4347
02:45:14.0 (8309759)|HEAP_ALLOCATE|[4]|Bytes:108
02:45:14.0 (8326734)|SYSTEM_MODE_EXIT|false
02:45:14.8 (8373400)|CUMULATIVE_LIMIT_USAGE
02:45:14.8 (8373400)|LIMIT_USAGE_FOR_NS|(default)|
  Number of SOQL queries: 1 out of 100
  Number of query rows: 26 out of 50000
  Number of SOSL queries: 0 out of 20
  Number of DML statements: 0 out of 150
  Number of DML rows: 0 out of 10000
  Maximum CPU time: 0 out of 10000
  Maximum heap size: 0 out of 6000000
  Number of callouts: 0 out of 100
  Number of Email Invocations: 0 out of 10
  Number of future calls: 0 out of 50
  Number of queueable jobs added to the queue: 0 out of 50
  Number of Mobile Apex push calls: 0 out of 10

02:45:14.8 (8373400)|CUMULATIVE_LIMIT_USAGE_END

02:45:14.0 (8430014)|CODE_UNIT_FINISHED|AccountsController.getAccounts
02:45:14.0 (10167191)|EXECUTION_FINISHED
