36.0 APEX_CODE,FINEST;APEX_PROFILING,INFO;CALLOUT,INFO;DB,INFO;SYSTEM,DEBUG;VALIDATION,INFO;VISUALFORCE,INFO;WORKFLOW,INFO
14:15:28.0 (443692)|EXECUTION_STARTED
14:15:28.0 (488145)|CODE_UNIT_STARTED|[EXTERNAL]|01p36000006RnKY|InventoryController.getInventories
14:15:28.0 (733097)|HEAP_ALLOCATE|[72]|Bytes:3
14:15:28.0 (828392)|HEAP_ALLOCATE|[77]|Bytes:152
14:15:28.0 (862039)|HEAP_ALLOCATE|[342]|Bytes:408
14:15:28.0 (885009)|HEAP_ALLOCATE|[355]|Bytes:408
14:15:28.0 (906505)|HEAP_ALLOCATE|[467]|Bytes:48
14:15:28.0 (983244)|HEAP_ALLOCATE|[139]|Bytes:6
14:15:28.0 (1019027)|HEAP_ALLOCATE|[EXTERNAL]|Bytes:4
14:15:28.0 (1063493)|METHOD_ENTRY|[1]|01p36000006RnKY|InventoryController.InventoryController()
14:15:28.0 (1071468)|STATEMENT_EXECUTE|[1]
14:15:28.0 (1079706)|STATEMENT_EXECUTE|[1]
14:15:28.0 (1114119)|HEAP_ALLOCATE|[50]|Bytes:5
14:15:28.0 (1137309)|HEAP_ALLOCATE|[56]|Bytes:5
14:15:28.0 (1149960)|HEAP_ALLOCATE|[64]|Bytes:7
14:15:28.0 (1183391)|SYSTEM_MODE_ENTER|false
14:15:28.0 (1261957)|HEAP_ALLOCATE|[EXTERNAL]|Bytes:5
14:15:28.0 (1273916)|SYSTEM_MODE_EXIT|false
14:15:28.0 (1303724)|METHOD_EXIT|[1]|InventoryController
14:15:28.0 (1314716)|SYSTEM_MODE_ENTER|false
14:15:28.0 (1326564)|HEAP_ALLOCATE|[13]|Bytes:5
14:15:28.0 (1335354)|STATEMENT_EXECUTE|[12]
14:15:28.0 (1338063)|STATEMENT_EXECUTE|[13]
14:15:28.0 (1341314)|HEAP_ALLOCATE|[13]|Bytes:132
14:15:28.0 (1354238)|HEAP_ALLOCATE|[13]|Bytes:4
14:15:28.0 (3511582)|SOQL_EXECUTE_BEGIN|[13]|Aggregations:0|SELECT id, name, Inventory_Number__c, Customer__c, Contact_Person__c, Value__c, LastModifiedDate FROM Computer_Inventory__c LIMIT 50
14:15:28.0 (6442155)|SOQL_EXECUTE_END|[13]|Rows:6
14:15:28.0 (6461906)|HEAP_ALLOCATE|[13]|Bytes:28
14:15:28.0 (6501531)|HEAP_ALLOCATE|[13]|Bytes:1470
14:15:28.0 (6534276)|HEAP_ALLOCATE|[13]|Bytes:28
14:15:28.0 (6585884)|SYSTEM_MODE_EXIT|false
14:15:28.6 (6626765)|CUMULATIVE_LIMIT_USAGE
14:15:28.6 (6626765)|LIMIT_USAGE_FOR_NS|(default)|
  Number of SOQL queries: 1 out of 100
  Number of query rows: 6 out of 50000
  Number of SOSL queries: 0 out of 20
  Number of DML statements: 0 out of 150
  Number of DML rows: 0 out of 10000
  Maximum CPU time: 0 out of 10000
  Maximum heap size: 0 out of 6000000
  Number of callouts: 0 out of 100
  Number of Email Invocations: 0 out of 10
  Number of future calls: 0 out of 50
  Number of queueable jobs added to the queue: 0 out of 50
  Number of Mobile Apex push calls: 0 out of 10

14:15:28.6 (6626765)|CUMULATIVE_LIMIT_USAGE_END

14:15:28.0 (6683440)|CODE_UNIT_FINISHED|InventoryController.getInventories
14:15:28.0 (8254435)|EXECUTION_FINISHED
14:15:28.10 (10669477)|EXECUTION_STARTED
14:15:28.10 (10677357)|CODE_UNIT_STARTED|[EXTERNAL]|01p36000006RnKY|InventoryController.getInventories
14:15:28.10 (10721549)|SYSTEM_MODE_ENTER|false
14:15:28.10 (10736152)|HEAP_ALLOCATE|[13]|Bytes:5
14:15:28.10 (10746445)|STATEMENT_EXECUTE|[12]
14:15:28.10 (10749076)|STATEMENT_EXECUTE|[13]
14:15:28.10 (10753412)|HEAP_ALLOCATE|[13]|Bytes:4
14:15:28.10 (10949096)|SOQL_EXECUTE_BEGIN|[13]|Aggregations:0|SELECT id, name, Inventory_Number__c, Customer__c, Contact_Person__c, Value__c, LastModifiedDate FROM Computer_Inventory__c LIMIT 50
14:15:28.10 (13229424)|SOQL_EXECUTE_END|[13]|Rows:6
14:15:28.10 (13243634)|HEAP_ALLOCATE|[13]|Bytes:28
14:15:28.10 (13270147)|HEAP_ALLOCATE|[13]|Bytes:1470
14:15:28.10 (13286361)|HEAP_ALLOCATE|[13]|Bytes:28
14:15:28.10 (13306128)|SYSTEM_MODE_EXIT|false
14:15:28.13 (13328943)|CUMULATIVE_LIMIT_USAGE
14:15:28.13 (13328943)|LIMIT_USAGE_FOR_NS|(default)|
  Number of SOQL queries: 2 out of 100
  Number of query rows: 12 out of 50000
  Number of SOSL queries: 0 out of 20
  Number of DML statements: 0 out of 150
  Number of DML rows: 0 out of 10000
  Maximum CPU time: 0 out of 10000
  Maximum heap size: 0 out of 6000000
  Number of callouts: 0 out of 100
  Number of Email Invocations: 0 out of 10
  Number of future calls: 0 out of 50
  Number of queueable jobs added to the queue: 0 out of 50
  Number of Mobile Apex push calls: 0 out of 10

14:15:28.13 (13328943)|CUMULATIVE_LIMIT_USAGE_END

14:15:28.10 (13371742)|CODE_UNIT_FINISHED|InventoryController.getInventories
14:15:28.10 (15143260)|EXECUTION_FINISHED
