36.0 APEX_CODE,FINEST;APEX_PROFILING,INFO;CALLOUT,INFO;DB,INFO;SYSTEM,DEBUG;VALIDATION,INFO;VISUALFORCE,INFO;WORKFLOW,INFO
13:13:19.0 (86426)|EXECUTION_STARTED
13:13:19.0 (131578)|CODE_UNIT_STARTED|[EXTERNAL]|01p36000006RnKY|InventoryController.getInventories
13:13:19.0 (672676)|HEAP_ALLOCATE|[72]|Bytes:3
13:13:19.0 (746385)|HEAP_ALLOCATE|[77]|Bytes:152
13:13:19.0 (773357)|HEAP_ALLOCATE|[342]|Bytes:408
13:13:19.0 (802582)|HEAP_ALLOCATE|[355]|Bytes:408
13:13:19.0 (827478)|HEAP_ALLOCATE|[467]|Bytes:48
13:13:19.0 (874065)|HEAP_ALLOCATE|[139]|Bytes:6
13:13:19.0 (902493)|HEAP_ALLOCATE|[EXTERNAL]|Bytes:4
13:13:19.0 (923443)|METHOD_ENTRY|[1]|01p36000006RnKY|InventoryController.InventoryController()
13:13:19.0 (929111)|STATEMENT_EXECUTE|[1]
13:13:19.0 (936457)|STATEMENT_EXECUTE|[1]
13:13:19.0 (975792)|HEAP_ALLOCATE|[50]|Bytes:5
13:13:19.0 (1008990)|HEAP_ALLOCATE|[56]|Bytes:5
13:13:19.0 (1022952)|HEAP_ALLOCATE|[64]|Bytes:7
13:13:19.0 (1053325)|SYSTEM_MODE_ENTER|false
13:13:19.0 (1077648)|HEAP_ALLOCATE|[EXTERNAL]|Bytes:5
13:13:19.0 (1089036)|SYSTEM_MODE_EXIT|false
13:13:19.0 (1104249)|METHOD_EXIT|[1]|InventoryController
13:13:19.0 (1114357)|SYSTEM_MODE_ENTER|false
13:13:19.0 (1130458)|HEAP_ALLOCATE|[13]|Bytes:5
13:13:19.0 (1136972)|STATEMENT_EXECUTE|[12]
13:13:19.0 (1139304)|STATEMENT_EXECUTE|[13]
13:13:19.0 (1143312)|HEAP_ALLOCATE|[13]|Bytes:132
13:13:19.0 (1156621)|HEAP_ALLOCATE|[13]|Bytes:4
13:13:19.0 (1576100)|SOQL_EXECUTE_BEGIN|[13]|Aggregations:0|SELECT id, name, Inventory_Number__c, Customer__c, Contact_Person__c, Value__c, LastModifiedDate FROM Computer_Inventory__c LIMIT 50
13:13:19.0 (3998809)|SOQL_EXECUTE_END|[13]|Rows:5
13:13:19.0 (4018685)|HEAP_ALLOCATE|[13]|Bytes:24
13:13:19.0 (4054261)|HEAP_ALLOCATE|[13]|Bytes:1224
13:13:19.0 (4097951)|HEAP_ALLOCATE|[13]|Bytes:24
13:13:19.0 (4119254)|SYSTEM_MODE_EXIT|false
13:13:19.4 (4162695)|CUMULATIVE_LIMIT_USAGE
13:13:19.4 (4162695)|LIMIT_USAGE_FOR_NS|(default)|
  Number of SOQL queries: 1 out of 100
  Number of query rows: 5 out of 50000
  Number of SOSL queries: 0 out of 20
  Number of DML statements: 0 out of 150
  Number of DML rows: 0 out of 10000
  Maximum CPU time: 0 out of 10000
  Maximum heap size: 0 out of 6000000
  Number of callouts: 0 out of 100
  Number of Email Invocations: 0 out of 10
  Number of future calls: 0 out of 50
  Number of queueable jobs added to the queue: 0 out of 50
  Number of Mobile Apex push calls: 0 out of 10

13:13:19.4 (4162695)|CUMULATIVE_LIMIT_USAGE_END

13:13:19.0 (4219217)|CODE_UNIT_FINISHED|InventoryController.getInventories
13:13:19.0 (5750991)|EXECUTION_FINISHED
