36.0 APEX_CODE,FINEST;APEX_PROFILING,INFO;CALLOUT,INFO;DB,INFO;SYSTEM,DEBUG;VALIDATION,INFO;VISUALFORCE,INFO;WORKFLOW,INFO
06:09:54.0 (87546)|EXECUTION_STARTED
06:09:54.0 (230969)|CODE_UNIT_STARTED|[EXTERNAL]|aura
06:09:54.0 (734714)|HEAP_ALLOCATE|[72]|Bytes:3
06:09:54.0 (815521)|HEAP_ALLOCATE|[77]|Bytes:152
06:09:54.0 (863547)|HEAP_ALLOCATE|[342]|Bytes:408
06:09:54.0 (931363)|HEAP_ALLOCATE|[355]|Bytes:408
06:09:54.0 (998040)|HEAP_ALLOCATE|[467]|Bytes:48
06:09:54.0 (1077515)|HEAP_ALLOCATE|[139]|Bytes:6
06:09:54.0 (1170652)|HEAP_ALLOCATE|[EXTERNAL]|Bytes:7
06:09:54.0 (1205022)|HEAP_ALLOCATE|[EXTERNAL]|Bytes:7
06:09:54.0 (2521765)|CODE_UNIT_STARTED|[EXTERNAL]|01p36000006RyOZ|InputLookupController.getCurrentValue
06:09:54.0 (2713496)|HEAP_ALLOCATE|[EXTERNAL]|Bytes:12
06:09:54.0 (2731061)|HEAP_ALLOCATE|[EXTERNAL]|Bytes:7
06:09:54.0 (2742249)|HEAP_ALLOCATE|[EXTERNAL]|Bytes:5
06:09:54.0 (2766210)|METHOD_ENTRY|[1]|01p36000006RyOZ|InputLookupController.InputLookupController()
06:09:54.0 (2774553)|STATEMENT_EXECUTE|[1]
06:09:54.0 (2786542)|STATEMENT_EXECUTE|[1]
06:09:54.0 (2791014)|STATEMENT_EXECUTE|[41]
06:09:54.0 (2801828)|METHOD_EXIT|[1]|InputLookupController
06:09:54.0 (2811814)|HEAP_ALLOCATE|[EXTERNAL]|Bytes:7
06:09:54.0 (2830731)|SYSTEM_MODE_ENTER|false
06:09:54.0 (2855508)|VARIABLE_SCOPE_BEGIN|[7]|type|String|false|false
06:09:54.0 (2896556)|VARIABLE_ASSIGNMENT|[7]|type|"Contact"
06:09:54.0 (2911864)|VARIABLE_SCOPE_BEGIN|[7]|value|String|false|false
06:09:54.0 (2931115)|VARIABLE_ASSIGNMENT|[7]|value|null
06:09:54.0 (2948076)|STATEMENT_EXECUTE|[7]
06:09:54.0 (3075056)|HEAP_ALLOCATE|[50]|Bytes:5
06:09:54.0 (3128529)|HEAP_ALLOCATE|[56]|Bytes:5
06:09:54.0 (3154850)|HEAP_ALLOCATE|[64]|Bytes:7
06:09:54.0 (3185679)|STATEMENT_EXECUTE|[8]
06:09:54.0 (3192683)|STATEMENT_EXECUTE|[12]
06:09:54.0 (3219350)|VARIABLE_SCOPE_BEGIN|[12]|lookupId|Id|false|false
06:09:54.0 (3242244)|VARIABLE_ASSIGNMENT|[12]|lookupId|null
06:09:54.0 (3248746)|STATEMENT_EXECUTE|[13]
06:09:54.0 (3252821)|STATEMENT_EXECUTE|[13]
06:09:54.0 (3256476)|STATEMENT_EXECUTE|[14]
06:09:54.0 (3279863)|VARIABLE_ASSIGNMENT|[14]|lookupId|null
06:09:54.0 (3348676)|STATEMENT_EXECUTE|[19]
06:09:54.0 (3355991)|STATEMENT_EXECUTE|[20]
06:09:54.0 (3371062)|SYSTEM_MODE_EXIT|false
06:09:54.3 (3419694)|CUMULATIVE_LIMIT_USAGE
06:09:54.3 (3419694)|LIMIT_USAGE_FOR_NS|(default)|
  Number of SOQL queries: 0 out of 100
  Number of query rows: 0 out of 50000
  Number of SOSL queries: 0 out of 20
  Number of DML statements: 0 out of 150
  Number of DML rows: 0 out of 10000
  Maximum CPU time: 0 out of 10000
  Maximum heap size: 0 out of 6000000
  Number of callouts: 0 out of 100
  Number of Email Invocations: 0 out of 10
  Number of future calls: 0 out of 50
  Number of queueable jobs added to the queue: 0 out of 50
  Number of Mobile Apex push calls: 0 out of 10

06:09:54.3 (3419694)|CUMULATIVE_LIMIT_USAGE_END

06:09:54.0 (3540236)|CODE_UNIT_FINISHED|InputLookupController.getCurrentValue
