36.0 APEX_CODE,FINEST;APEX_PROFILING,INFO;CALLOUT,INFO;DB,INFO;SYSTEM,DEBUG;VALIDATION,INFO;VISUALFORCE,INFO;WORKFLOW,INFO
09:26:27.0 (362596)|EXECUTION_STARTED
09:26:27.0 (396012)|CODE_UNIT_STARTED|[EXTERNAL]|01p36000004ZxaQ|AccountController.findAll
09:26:27.0 (725407)|HEAP_ALLOCATE|[72]|Bytes:3
09:26:27.0 (777797)|HEAP_ALLOCATE|[77]|Bytes:152
09:26:27.0 (794529)|HEAP_ALLOCATE|[342]|Bytes:408
09:26:27.0 (813395)|HEAP_ALLOCATE|[355]|Bytes:408
09:26:27.0 (830483)|HEAP_ALLOCATE|[467]|Bytes:48
09:26:27.0 (861487)|HEAP_ALLOCATE|[139]|Bytes:6
09:26:27.0 (880136)|HEAP_ALLOCATE|[EXTERNAL]|Bytes:1
09:26:27.0 (895965)|METHOD_ENTRY|[1]|01p36000004ZxaQ|AccountController.AccountController()
09:26:27.0 (900328)|STATEMENT_EXECUTE|[1]
09:26:27.0 (905628)|STATEMENT_EXECUTE|[1]
09:26:27.0 (938802)|HEAP_ALLOCATE|[50]|Bytes:5
09:26:27.0 (969227)|HEAP_ALLOCATE|[56]|Bytes:5
09:26:27.0 (978995)|HEAP_ALLOCATE|[64]|Bytes:7
09:26:27.0 (999322)|SYSTEM_MODE_ENTER|false
09:26:27.0 (1020052)|HEAP_ALLOCATE|[EXTERNAL]|Bytes:5
09:26:27.0 (1027951)|SYSTEM_MODE_EXIT|false
09:26:27.0 (1037096)|METHOD_EXIT|[1]|AccountController
09:26:27.0 (1044247)|SYSTEM_MODE_ENTER|false
09:26:27.0 (1057752)|HEAP_ALLOCATE|[5]|Bytes:5
09:26:27.0 (1061653)|STATEMENT_EXECUTE|[4]
09:26:27.0 (1063127)|STATEMENT_EXECUTE|[5]
09:26:27.0 (1066903)|HEAP_ALLOCATE|[5]|Bytes:157
09:26:27.0 (1080055)|HEAP_ALLOCATE|[5]|Bytes:4
09:26:27.0 (2714944)|SOQL_EXECUTE_BEGIN|[5]|Aggregations:0|SELECT id, name, Location__Latitude__s, Location__Longitude__s FROM Account WHERE (Location__Latitude__s != NULL AND Location__Longitude__s != NULL) LIMIT 50
09:26:27.0 (7191374)|SOQL_EXECUTE_END|[5]|Rows:3
09:26:27.0 (7210136)|HEAP_ALLOCATE|[5]|Bytes:16
09:26:27.0 (7234788)|HEAP_ALLOCATE|[5]|Bytes:520
09:26:27.0 (7281213)|HEAP_ALLOCATE|[5]|Bytes:16
09:26:27.0 (7299589)|SYSTEM_MODE_EXIT|false
09:26:27.7 (7343814)|CUMULATIVE_LIMIT_USAGE
09:26:27.7 (7343814)|LIMIT_USAGE_FOR_NS|(default)|
  Number of SOQL queries: 1 out of 100
  Number of query rows: 3 out of 50000
  Number of SOSL queries: 0 out of 20
  Number of DML statements: 0 out of 150
  Number of DML rows: 0 out of 10000
  Maximum CPU time: 0 out of 10000
  Maximum heap size: 0 out of 6000000
  Number of callouts: 0 out of 100
  Number of Email Invocations: 0 out of 10
  Number of future calls: 0 out of 50
  Number of queueable jobs added to the queue: 0 out of 50
  Number of Mobile Apex push calls: 0 out of 10

09:26:27.7 (7343814)|CUMULATIVE_LIMIT_USAGE_END

09:26:27.0 (7390998)|CODE_UNIT_FINISHED|AccountController.findAll
09:26:27.0 (9312435)|EXECUTION_FINISHED
