36.0 APEX_CODE,FINEST;APEX_PROFILING,INFO;CALLOUT,INFO;DB,INFO;SYSTEM,DEBUG;VALIDATION,INFO;VISUALFORCE,INFO;WORKFLOW,INFO
13:46:02.0 (101724)|EXECUTION_STARTED
13:46:02.0 (147292)|CODE_UNIT_STARTED|[EXTERNAL]|01p36000004ZxaQ|AccountController.findAll
13:46:02.0 (400073)|HEAP_ALLOCATE|[72]|Bytes:3
13:46:02.0 (475414)|HEAP_ALLOCATE|[77]|Bytes:152
13:46:02.0 (503748)|HEAP_ALLOCATE|[342]|Bytes:408
13:46:02.0 (530416)|HEAP_ALLOCATE|[355]|Bytes:408
13:46:02.0 (556075)|HEAP_ALLOCATE|[467]|Bytes:48
13:46:02.0 (612669)|HEAP_ALLOCATE|[139]|Bytes:6
13:46:02.0 (649100)|HEAP_ALLOCATE|[EXTERNAL]|Bytes:4
13:46:02.0 (673823)|METHOD_ENTRY|[1]|01p36000004ZxaQ|AccountController.AccountController()
13:46:02.0 (682622)|STATEMENT_EXECUTE|[1]
13:46:02.0 (693106)|STATEMENT_EXECUTE|[1]
13:46:02.0 (733782)|HEAP_ALLOCATE|[50]|Bytes:5
13:46:02.0 (771175)|HEAP_ALLOCATE|[56]|Bytes:5
13:46:02.0 (788043)|HEAP_ALLOCATE|[64]|Bytes:7
13:46:02.0 (846092)|SYSTEM_MODE_ENTER|false
13:46:02.0 (877859)|HEAP_ALLOCATE|[EXTERNAL]|Bytes:5
13:46:02.0 (892122)|SYSTEM_MODE_EXIT|false
13:46:02.0 (910575)|METHOD_EXIT|[1]|AccountController
13:46:02.0 (922232)|SYSTEM_MODE_ENTER|false
13:46:02.0 (947311)|HEAP_ALLOCATE|[5]|Bytes:5
13:46:02.0 (954884)|STATEMENT_EXECUTE|[4]
13:46:02.0 (958448)|STATEMENT_EXECUTE|[5]
13:46:02.0 (964076)|HEAP_ALLOCATE|[5]|Bytes:157
13:46:02.0 (996007)|HEAP_ALLOCATE|[5]|Bytes:4
13:46:02.0 (1780377)|SOQL_EXECUTE_BEGIN|[5]|Aggregations:0|SELECT id, name, Location__Latitude__s, Location__Longitude__s FROM Account WHERE (Location__Latitude__s != NULL AND Location__Longitude__s != NULL) LIMIT 50
13:46:02.0 (9955327)|SOQL_EXECUTE_END|[5]|Rows:3
13:46:02.0 (9985262)|HEAP_ALLOCATE|[5]|Bytes:16
13:46:02.0 (10014106)|HEAP_ALLOCATE|[5]|Bytes:520
13:46:02.0 (10068652)|HEAP_ALLOCATE|[5]|Bytes:16
13:46:02.0 (10090629)|SYSTEM_MODE_EXIT|false
13:46:02.10 (10139416)|CUMULATIVE_LIMIT_USAGE
13:46:02.10 (10139416)|LIMIT_USAGE_FOR_NS|(default)|
  Number of SOQL queries: 1 out of 100
  Number of query rows: 3 out of 50000
  Number of SOSL queries: 0 out of 20
  Number of DML statements: 0 out of 150
  Number of DML rows: 0 out of 10000
  Maximum CPU time: 0 out of 10000
  Maximum heap size: 0 out of 6000000
  Number of callouts: 0 out of 100
  Number of Email Invocations: 0 out of 10
  Number of future calls: 0 out of 50
  Number of queueable jobs added to the queue: 0 out of 50
  Number of Mobile Apex push calls: 0 out of 10

13:46:02.10 (10139416)|CUMULATIVE_LIMIT_USAGE_END

13:46:02.0 (10201312)|CODE_UNIT_FINISHED|AccountController.findAll
13:46:02.0 (12126690)|EXECUTION_FINISHED
