36.0 APEX_CODE,FINEST;APEX_PROFILING,INFO;CALLOUT,INFO;DB,INFO;SYSTEM,DEBUG;VALIDATION,INFO;VISUALFORCE,INFO;WORKFLOW,INFO
14:18:14.0 (104061)|EXECUTION_STARTED
14:18:14.0 (149467)|CODE_UNIT_STARTED|[EXTERNAL]|01p36000006RnKY|InventoryController.getInventories
14:18:14.0 (612671)|HEAP_ALLOCATE|[72]|Bytes:3
14:18:14.0 (693793)|HEAP_ALLOCATE|[77]|Bytes:152
14:18:14.0 (729758)|HEAP_ALLOCATE|[342]|Bytes:408
14:18:14.0 (760033)|HEAP_ALLOCATE|[355]|Bytes:408
14:18:14.0 (787969)|HEAP_ALLOCATE|[467]|Bytes:48
14:18:14.0 (847780)|HEAP_ALLOCATE|[139]|Bytes:6
14:18:14.0 (887452)|HEAP_ALLOCATE|[EXTERNAL]|Bytes:4
14:18:14.0 (918249)|METHOD_ENTRY|[1]|01p36000006RnKY|InventoryController.InventoryController()
14:18:14.0 (929219)|STATEMENT_EXECUTE|[1]
14:18:14.0 (941531)|STATEMENT_EXECUTE|[1]
14:18:14.0 (983423)|HEAP_ALLOCATE|[50]|Bytes:5
14:18:14.0 (1022173)|HEAP_ALLOCATE|[56]|Bytes:5
14:18:14.0 (1043078)|HEAP_ALLOCATE|[64]|Bytes:7
14:18:14.0 (1080998)|SYSTEM_MODE_ENTER|false
14:18:14.0 (1106437)|HEAP_ALLOCATE|[EXTERNAL]|Bytes:5
14:18:14.0 (1119898)|SYSTEM_MODE_EXIT|false
14:18:14.0 (1138604)|METHOD_EXIT|[1]|InventoryController
14:18:14.0 (1151631)|SYSTEM_MODE_ENTER|false
14:18:14.0 (1172925)|HEAP_ALLOCATE|[13]|Bytes:5
14:18:14.0 (1182285)|STATEMENT_EXECUTE|[12]
14:18:14.0 (1187167)|STATEMENT_EXECUTE|[13]
14:18:14.0 (1193928)|HEAP_ALLOCATE|[13]|Bytes:132
14:18:14.0 (1212960)|HEAP_ALLOCATE|[13]|Bytes:4
14:18:14.0 (1791877)|SOQL_EXECUTE_BEGIN|[13]|Aggregations:0|SELECT id, name, Inventory_Number__c, Customer__c, Contact_Person__c, Value__c, LastModifiedDate FROM Computer_Inventory__c LIMIT 50
14:18:14.0 (4853614)|SOQL_EXECUTE_END|[13]|Rows:6
14:18:14.0 (4885852)|HEAP_ALLOCATE|[13]|Bytes:28
14:18:14.0 (4936265)|HEAP_ALLOCATE|[13]|Bytes:1470
14:18:14.0 (4990174)|HEAP_ALLOCATE|[13]|Bytes:28
14:18:14.0 (5014908)|SYSTEM_MODE_EXIT|false
14:18:14.5 (5069644)|CUMULATIVE_LIMIT_USAGE
14:18:14.5 (5069644)|LIMIT_USAGE_FOR_NS|(default)|
  Number of SOQL queries: 1 out of 100
  Number of query rows: 6 out of 50000
  Number of SOSL queries: 0 out of 20
  Number of DML statements: 0 out of 150
  Number of DML rows: 0 out of 10000
  Maximum CPU time: 0 out of 10000
  Maximum heap size: 0 out of 6000000
  Number of callouts: 0 out of 100
  Number of Email Invocations: 0 out of 10
  Number of future calls: 0 out of 50
  Number of queueable jobs added to the queue: 0 out of 50
  Number of Mobile Apex push calls: 0 out of 10

14:18:14.5 (5069644)|CUMULATIVE_LIMIT_USAGE_END

14:18:14.0 (5130281)|CODE_UNIT_FINISHED|InventoryController.getInventories
14:18:14.0 (6830610)|EXECUTION_FINISHED
14:18:14.9 (9294162)|EXECUTION_STARTED
14:18:14.9 (9309412)|CODE_UNIT_STARTED|[EXTERNAL]|01p36000006RnKY|InventoryController.getInventories
14:18:14.9 (9346389)|SYSTEM_MODE_ENTER|false
14:18:14.9 (9366695)|HEAP_ALLOCATE|[13]|Bytes:5
14:18:14.9 (9376732)|STATEMENT_EXECUTE|[12]
14:18:14.9 (9381590)|STATEMENT_EXECUTE|[13]
14:18:14.9 (9391257)|HEAP_ALLOCATE|[13]|Bytes:4
14:18:14.9 (9635824)|SOQL_EXECUTE_BEGIN|[13]|Aggregations:0|SELECT id, name, Inventory_Number__c, Customer__c, Contact_Person__c, Value__c, LastModifiedDate FROM Computer_Inventory__c LIMIT 50
14:18:14.9 (12353906)|SOQL_EXECUTE_END|[13]|Rows:6
14:18:14.9 (12377907)|HEAP_ALLOCATE|[13]|Bytes:28
14:18:14.9 (12413491)|HEAP_ALLOCATE|[13]|Bytes:1470
14:18:14.9 (12437359)|HEAP_ALLOCATE|[13]|Bytes:28
14:18:14.9 (12458437)|SYSTEM_MODE_EXIT|false
14:18:14.12 (12488516)|CUMULATIVE_LIMIT_USAGE
14:18:14.12 (12488516)|LIMIT_USAGE_FOR_NS|(default)|
  Number of SOQL queries: 2 out of 100
  Number of query rows: 12 out of 50000
  Number of SOSL queries: 0 out of 20
  Number of DML statements: 0 out of 150
  Number of DML rows: 0 out of 10000
  Maximum CPU time: 0 out of 10000
  Maximum heap size: 0 out of 6000000
  Number of callouts: 0 out of 100
  Number of Email Invocations: 0 out of 10
  Number of future calls: 0 out of 50
  Number of queueable jobs added to the queue: 0 out of 50
  Number of Mobile Apex push calls: 0 out of 10

14:18:14.12 (12488516)|CUMULATIVE_LIMIT_USAGE_END

14:18:14.9 (12535020)|CODE_UNIT_FINISHED|InventoryController.getInventories
14:18:14.9 (14191117)|EXECUTION_FINISHED
