36.0 APEX_CODE,FINEST;APEX_PROFILING,INFO;CALLOUT,INFO;DB,INFO;SYSTEM,DEBUG;VALIDATION,INFO;VISUALFORCE,INFO;WORKFLOW,INFO
08:18:03.0 (435008)|EXECUTION_STARTED
08:18:03.0 (464714)|CODE_UNIT_STARTED|[EXTERNAL]|01p36000004ZxaQ|AccountController.findAll
08:18:03.0 (771212)|HEAP_ALLOCATE|[72]|Bytes:3
08:18:03.0 (842312)|HEAP_ALLOCATE|[77]|Bytes:152
08:18:03.0 (866472)|HEAP_ALLOCATE|[342]|Bytes:408
08:18:03.0 (889724)|HEAP_ALLOCATE|[355]|Bytes:408
08:18:03.0 (910984)|HEAP_ALLOCATE|[467]|Bytes:48
08:18:03.0 (963916)|HEAP_ALLOCATE|[139]|Bytes:6
08:18:03.0 (995286)|HEAP_ALLOCATE|[EXTERNAL]|Bytes:1
08:18:03.0 (1016807)|METHOD_ENTRY|[1]|01p36000004ZxaQ|AccountController.AccountController()
08:18:03.0 (1023262)|STATEMENT_EXECUTE|[1]
08:18:03.0 (1030701)|STATEMENT_EXECUTE|[1]
08:18:03.0 (1065858)|HEAP_ALLOCATE|[50]|Bytes:5
08:18:03.0 (1098252)|HEAP_ALLOCATE|[56]|Bytes:5
08:18:03.0 (1111108)|HEAP_ALLOCATE|[64]|Bytes:7
08:18:03.0 (1150178)|SYSTEM_MODE_ENTER|false
08:18:03.0 (1172284)|HEAP_ALLOCATE|[EXTERNAL]|Bytes:5
08:18:03.0 (1179373)|SYSTEM_MODE_EXIT|false
08:18:03.0 (1193308)|METHOD_EXIT|[1]|AccountController
08:18:03.0 (1204384)|SYSTEM_MODE_ENTER|false
08:18:03.0 (1218671)|HEAP_ALLOCATE|[5]|Bytes:5
08:18:03.0 (1222376)|STATEMENT_EXECUTE|[4]
08:18:03.0 (1223937)|STATEMENT_EXECUTE|[5]
08:18:03.0 (1227543)|HEAP_ALLOCATE|[5]|Bytes:157
08:18:03.0 (1243312)|HEAP_ALLOCATE|[5]|Bytes:4
08:18:03.0 (19158762)|SOQL_EXECUTE_BEGIN|[5]|Aggregations:0|SELECT id, name, Location__Latitude__s, Location__Longitude__s FROM Account WHERE (Location__Latitude__s != NULL AND Location__Longitude__s != NULL) LIMIT 50
08:18:03.0 (23989462)|SOQL_EXECUTE_END|[5]|Rows:3
08:18:03.0 (24016837)|HEAP_ALLOCATE|[5]|Bytes:16
08:18:03.0 (24042104)|HEAP_ALLOCATE|[5]|Bytes:520
08:18:03.0 (24095325)|HEAP_ALLOCATE|[5]|Bytes:16
08:18:03.0 (24111916)|SYSTEM_MODE_EXIT|false
08:18:03.24 (24160174)|CUMULATIVE_LIMIT_USAGE
08:18:03.24 (24160174)|LIMIT_USAGE_FOR_NS|(default)|
  Number of SOQL queries: 1 out of 100
  Number of query rows: 3 out of 50000
  Number of SOSL queries: 0 out of 20
  Number of DML statements: 0 out of 150
  Number of DML rows: 0 out of 10000
  Maximum CPU time: 0 out of 10000
  Maximum heap size: 0 out of 6000000
  Number of callouts: 0 out of 100
  Number of Email Invocations: 0 out of 10
  Number of future calls: 0 out of 50
  Number of queueable jobs added to the queue: 0 out of 50
  Number of Mobile Apex push calls: 0 out of 10

08:18:03.24 (24160174)|CUMULATIVE_LIMIT_USAGE_END

08:18:03.0 (24214869)|CODE_UNIT_FINISHED|AccountController.findAll
08:18:03.0 (25978508)|EXECUTION_FINISHED
