36.0 APEX_CODE,FINEST;APEX_PROFILING,INFO;CALLOUT,INFO;DB,INFO;SYSTEM,DEBUG;VALIDATION,INFO;VISUALFORCE,INFO;WORKFLOW,INFO
03:30:59.0 (343167)|EXECUTION_STARTED
03:30:59.0 (407651)|CODE_UNIT_STARTED|[EXTERNAL]|01p36000006RyIk|ContactController.getPrimary
03:30:59.0 (1015292)|HEAP_ALLOCATE|[72]|Bytes:3
03:30:59.0 (1109882)|HEAP_ALLOCATE|[77]|Bytes:152
03:30:59.0 (1163771)|HEAP_ALLOCATE|[342]|Bytes:408
03:30:59.0 (1234518)|HEAP_ALLOCATE|[355]|Bytes:408
03:30:59.0 (1303944)|HEAP_ALLOCATE|[467]|Bytes:48
03:30:59.0 (1381823)|HEAP_ALLOCATE|[139]|Bytes:6
03:30:59.0 (1439684)|HEAP_ALLOCATE|[EXTERNAL]|Bytes:4
03:30:59.0 (1473132)|METHOD_ENTRY|[1]|01p36000006RyIk|ContactController.ContactController()
03:30:59.0 (1485596)|STATEMENT_EXECUTE|[1]
03:30:59.0 (1501910)|STATEMENT_EXECUTE|[1]
03:30:59.0 (1553025)|HEAP_ALLOCATE|[50]|Bytes:5
03:30:59.0 (1607514)|HEAP_ALLOCATE|[56]|Bytes:5
03:30:59.0 (1640116)|HEAP_ALLOCATE|[64]|Bytes:7
03:30:59.0 (1687070)|SYSTEM_MODE_ENTER|false
03:30:59.0 (1717307)|HEAP_ALLOCATE|[EXTERNAL]|Bytes:5
03:30:59.0 (1736083)|SYSTEM_MODE_EXIT|false
03:30:59.0 (1758823)|METHOD_EXIT|[1]|ContactController
03:30:59.0 (1775349)|SYSTEM_MODE_ENTER|false
03:30:59.0 (1801588)|HEAP_ALLOCATE|[15]|Bytes:5
03:30:59.0 (1815544)|STATEMENT_EXECUTE|[13]
03:30:59.0 (1823264)|STATEMENT_EXECUTE|[14]
03:30:59.0 (1834289)|HEAP_ALLOCATE|[15]|Bytes:94
03:30:59.0 (1860075)|HEAP_ALLOCATE|[15]|Bytes:4
03:30:59.0 (3226792)|SOQL_EXECUTE_BEGIN|[15]|Aggregations:0|SELECT Id, Name, MailingStreet, Phone, Email, Level__c FROM Contact WHERE Level__c = 'Primary'
03:30:59.0 (29776353)|SOQL_EXECUTE_END|[15]|Rows:10
03:30:59.0 (29817806)|HEAP_ALLOCATE|[15]|Bytes:44
03:30:59.0 (29871187)|HEAP_ALLOCATE|[15]|Bytes:1844
03:30:59.0 (29936243)|HEAP_ALLOCATE|[15]|Bytes:44
03:30:59.0 (29970258)|VARIABLE_SCOPE_BEGIN|[14]|primaryContacts|List<Contact>|true|false
03:30:59.0 (30038895)|VARIABLE_ASSIGNMENT|[14]|primaryContacts|{"s":1,"v":"List of size 10 too large to display"}|0x145f9bff
03:30:59.0 (30053606)|STATEMENT_EXECUTE|[18]
03:30:59.0 (30073154)|SYSTEM_MODE_EXIT|false
03:30:59.30 (30147057)|CUMULATIVE_LIMIT_USAGE
03:30:59.30 (30147057)|LIMIT_USAGE_FOR_NS|(default)|
  Number of SOQL queries: 1 out of 100
  Number of query rows: 10 out of 50000
  Number of SOSL queries: 0 out of 20
  Number of DML statements: 0 out of 150
  Number of DML rows: 0 out of 10000
  Maximum CPU time: 0 out of 10000
  Maximum heap size: 0 out of 6000000
  Number of callouts: 0 out of 100
  Number of Email Invocations: 0 out of 10
  Number of future calls: 0 out of 50
  Number of queueable jobs added to the queue: 0 out of 50
  Number of Mobile Apex push calls: 0 out of 10

03:30:59.30 (30147057)|CUMULATIVE_LIMIT_USAGE_END

03:30:59.0 (30211859)|CODE_UNIT_FINISHED|ContactController.getPrimary
03:30:59.0 (32247088)|EXECUTION_FINISHED
