36.0 APEX_CODE,FINEST;APEX_PROFILING,INFO;CALLOUT,INFO;DB,INFO;SYSTEM,DEBUG;VALIDATION,INFO;VISUALFORCE,INFO;WORKFLOW,INFO
06:17:28.0 (86362)|EXECUTION_STARTED
06:17:28.0 (129525)|CODE_UNIT_STARTED|[EXTERNAL]|aura
06:17:28.0 (668259)|HEAP_ALLOCATE|[72]|Bytes:3
06:17:28.0 (728798)|HEAP_ALLOCATE|[77]|Bytes:152
06:17:28.0 (748959)|HEAP_ALLOCATE|[342]|Bytes:408
06:17:28.0 (769090)|HEAP_ALLOCATE|[355]|Bytes:408
06:17:28.0 (787326)|HEAP_ALLOCATE|[467]|Bytes:48
06:17:28.0 (818675)|HEAP_ALLOCATE|[139]|Bytes:6
06:17:28.0 (849176)|HEAP_ALLOCATE|[EXTERNAL]|Bytes:7
06:17:28.0 (866320)|HEAP_ALLOCATE|[EXTERNAL]|Bytes:7
06:17:28.0 (1047437)|HEAP_ALLOCATE|[EXTERNAL]|Bytes:2
06:17:28.0 (1059479)|HEAP_ALLOCATE|[EXTERNAL]|Bytes:2
06:17:28.0 (2161232)|CODE_UNIT_STARTED|[EXTERNAL]|01p36000006RyOZ|InputLookupController.searchSObject
06:17:28.0 (2312034)|HEAP_ALLOCATE|[EXTERNAL]|Bytes:12
06:17:28.0 (2319548)|HEAP_ALLOCATE|[EXTERNAL]|Bytes:7
06:17:28.0 (2322818)|HEAP_ALLOCATE|[EXTERNAL]|Bytes:5
06:17:28.0 (2339635)|METHOD_ENTRY|[1]|01p36000006RyOZ|InputLookupController.InputLookupController()
06:17:28.0 (2344671)|STATEMENT_EXECUTE|[1]
06:17:28.0 (2350571)|STATEMENT_EXECUTE|[1]
06:17:28.0 (2352091)|STATEMENT_EXECUTE|[41]
06:17:28.0 (2358339)|METHOD_EXIT|[1]|InputLookupController
06:17:28.0 (2362832)|HEAP_ALLOCATE|[EXTERNAL]|Bytes:7
06:17:28.0 (2365295)|HEAP_ALLOCATE|[EXTERNAL]|Bytes:2
06:17:28.0 (2376448)|SYSTEM_MODE_ENTER|false
06:17:28.0 (2400880)|VARIABLE_SCOPE_BEGIN|[68]|type|String|false|false
06:17:28.0 (2440936)|VARIABLE_ASSIGNMENT|[68]|type|"Contact"
06:17:28.0 (2451446)|VARIABLE_SCOPE_BEGIN|[68]|searchString|String|false|false
06:17:28.0 (2463224)|VARIABLE_ASSIGNMENT|[68]|searchString|"Jo"
06:17:28.0 (2473834)|STATEMENT_EXECUTE|[68]
06:17:28.0 (2580414)|HEAP_ALLOCATE|[50]|Bytes:5
06:17:28.0 (2609028)|HEAP_ALLOCATE|[56]|Bytes:5
06:17:28.0 (2618614)|HEAP_ALLOCATE|[64]|Bytes:7
06:17:28.0 (2656499)|STATEMENT_EXECUTE|[69]
06:17:28.0 (2659713)|STATEMENT_EXECUTE|[73]
06:17:28.0 (30864936)|HEAP_ALLOCATE|[73]|Bytes:1528
06:17:28.0 (30942928)|VARIABLE_SCOPE_BEGIN|[73]|objType|Schema.SObjectType|true|false
06:17:28.0 (31118202)|VARIABLE_ASSIGNMENT|[73]|objType|"common.apex.runtime.impl.ApexSObjectTypeToken@11d75126"|0x11d75126
06:17:28.0 (31126622)|STATEMENT_EXECUTE|[74]
06:17:28.0 (31129593)|STATEMENT_EXECUTE|[78]
06:17:28.0 (31161891)|METHOD_ENTRY|[78]|01p36000006RyOZ|InputLookupController.getSobjectNameField(Schema.SObjectType)
06:17:28.0 (31208991)|VARIABLE_SCOPE_BEGIN|[49]|sobjType|Schema.SObjectType|true|false
06:17:28.0 (31274747)|VARIABLE_ASSIGNMENT|[49]|sobjType|"common.apex.runtime.impl.ApexSObjectTypeToken@11d75126"|0x11d75126
06:17:28.0 (31282433)|STATEMENT_EXECUTE|[49]
06:17:28.0 (31283877)|STATEMENT_EXECUTE|[52]
06:17:28.0 (31287677)|HEAP_ALLOCATE|[52]|Bytes:4
06:17:28.0 (31299159)|VARIABLE_SCOPE_BEGIN|[52]|nameField|String|false|false
06:17:28.0 (31317190)|VARIABLE_ASSIGNMENT|[52]|nameField|"Name"
06:17:28.0 (31319727)|STATEMENT_EXECUTE|[53]
06:17:28.0 (32100501)|HEAP_ALLOCATE|[53]|Bytes:4
06:17:28.0 (32150934)|VARIABLE_SCOPE_BEGIN|[53]|dfrLkp|Schema.DescribeSObjectResult|true|false
06:17:28.0 (32238573)|VARIABLE_ASSIGNMENT|[53]|dfrLkp|"common.api.soap.wsdl.DescribeSObjectResult@186823e1"|0x6237a1a7
06:17:28.0 (32989669)|HEAP_ALLOCATE|[54]|Bytes:260
06:17:28.0 (33120944)|HEAP_ALLOCATE|[EXTERNAL]|Bytes:260
06:17:28.0 (33148069)|HEAP_ALLOCATE|[54]|Bytes:260
06:17:28.0 (33260575)|HEAP_ALLOCATE|[54]|Bytes:5
06:17:28.0 (33332847)|VARIABLE_SCOPE_BEGIN|[54]|sotype|Schema.SObjectField|true|false
06:17:28.0 (33402576)|VARIABLE_ASSIGNMENT|[54]|sotype|"common.apex.runtime.impl.ApexFieldToken@42562211"|0x42562211
06:17:28.0 (33408157)|STATEMENT_EXECUTE|[54]
06:17:28.0 (33410029)|STATEMENT_EXECUTE|[55]
06:17:28.0 (33741500)|HEAP_ALLOCATE|[55]|Bytes:8
06:17:28.0 (33782680)|VARIABLE_SCOPE_BEGIN|[55]|fieldDescObj|Schema.DescribeFieldResult|true|false
06:17:28.0 (33863796)|VARIABLE_ASSIGNMENT|[55]|fieldDescObj|"common.api.soap.wsdl.Field@d9dac074"|0x212cd744
06:17:28.0 (33886889)|STATEMENT_EXECUTE|[56]
06:17:28.0 (33903604)|HEAP_ALLOCATE|[54]|Bytes:5
06:17:28.0 (33926655)|VARIABLE_SCOPE_BEGIN|[54]|sotype|Schema.SObjectField|true|false
06:17:28.0 (33995651)|VARIABLE_ASSIGNMENT|[54]|sotype|"common.apex.runtime.impl.ApexFieldToken@6312f985"|0x6312f985
06:17:28.0 (34000988)|STATEMENT_EXECUTE|[54]
06:17:28.0 (34003217)|STATEMENT_EXECUTE|[55]
06:17:28.0 (34127749)|HEAP_ALLOCATE|[55]|Bytes:8
06:17:28.0 (34145494)|VARIABLE_SCOPE_BEGIN|[55]|fieldDescObj|Schema.DescribeFieldResult|true|false
06:17:28.0 (34218438)|VARIABLE_ASSIGNMENT|[55]|fieldDescObj|"common.api.soap.wsdl.Field@b1bf5b8a"|0x49d438e5
06:17:28.0 (34230389)|STATEMENT_EXECUTE|[56]
06:17:28.0 (34246575)|HEAP_ALLOCATE|[54]|Bytes:5
06:17:28.0 (34268700)|VARIABLE_SCOPE_BEGIN|[54]|sotype|Schema.SObjectField|true|false
06:17:28.0 (34331749)|VARIABLE_ASSIGNMENT|[54]|sotype|"common.apex.runtime.impl.ApexFieldToken@27100586"|0x27100586
06:17:28.0 (34336897)|STATEMENT_EXECUTE|[54]
06:17:28.0 (34338117)|STATEMENT_EXECUTE|[55]
06:17:28.0 (34468165)|HEAP_ALLOCATE|[55]|Bytes:8
06:17:28.0 (34485421)|VARIABLE_SCOPE_BEGIN|[55]|fieldDescObj|Schema.DescribeFieldResult|true|false
06:17:28.0 (34561401)|VARIABLE_ASSIGNMENT|[55]|fieldDescObj|"common.api.soap.wsdl.Field@736d71e2"|0x104326a4
06:17:28.0 (34573176)|STATEMENT_EXECUTE|[56]
06:17:28.0 (34588626)|HEAP_ALLOCATE|[54]|Bytes:5
06:17:28.0 (34610490)|VARIABLE_SCOPE_BEGIN|[54]|sotype|Schema.SObjectField|true|false
06:17:28.0 (34672528)|VARIABLE_ASSIGNMENT|[54]|sotype|"common.apex.runtime.impl.ApexFieldToken@6319eb53"|0x6319eb53
06:17:28.0 (34677674)|STATEMENT_EXECUTE|[54]
06:17:28.0 (34678899)|STATEMENT_EXECUTE|[55]
06:17:28.0 (35125880)|HEAP_ALLOCATE|[55]|Bytes:8
06:17:28.0 (35144901)|VARIABLE_SCOPE_BEGIN|[55]|fieldDescObj|Schema.DescribeFieldResult|true|false
06:17:28.0 (35217748)|VARIABLE_ASSIGNMENT|[55]|fieldDescObj|"common.api.soap.wsdl.Field@d563fa38"|0x4eb45358
06:17:28.0 (35229529)|STATEMENT_EXECUTE|[56]
06:17:28.0 (35245124)|HEAP_ALLOCATE|[54]|Bytes:5
06:17:28.0 (35267226)|VARIABLE_SCOPE_BEGIN|[54]|sotype|Schema.SObjectField|true|false
06:17:28.0 (35329541)|VARIABLE_ASSIGNMENT|[54]|sotype|"common.apex.runtime.impl.ApexFieldToken@102c1b8b"|0x102c1b8b
06:17:28.0 (35334551)|STATEMENT_EXECUTE|[54]
06:17:28.0 (35335730)|STATEMENT_EXECUTE|[55]
06:17:28.0 (35503987)|HEAP_ALLOCATE|[55]|Bytes:8
06:17:28.0 (35523308)|VARIABLE_SCOPE_BEGIN|[55]|fieldDescObj|Schema.DescribeFieldResult|true|false
06:17:28.0 (35594306)|VARIABLE_ASSIGNMENT|[55]|fieldDescObj|"common.api.soap.wsdl.Field@38dc0179"|0x4c8cfea4
06:17:28.0 (35606152)|STATEMENT_EXECUTE|[56]
06:17:28.0 (35621471)|HEAP_ALLOCATE|[54]|Bytes:5
06:17:28.0 (35643207)|VARIABLE_SCOPE_BEGIN|[54]|sotype|Schema.SObjectField|true|false
06:17:28.0 (35706079)|VARIABLE_ASSIGNMENT|[54]|sotype|"common.apex.runtime.impl.ApexFieldToken@640606da"|0x640606da
06:17:28.0 (35715450)|STATEMENT_EXECUTE|[54]
06:17:28.0 (35716970)|STATEMENT_EXECUTE|[55]
06:17:28.0 (35846762)|HEAP_ALLOCATE|[55]|Bytes:8
06:17:28.0 (35863724)|VARIABLE_SCOPE_BEGIN|[55]|fieldDescObj|Schema.DescribeFieldResult|true|false
06:17:28.0 (35936566)|VARIABLE_ASSIGNMENT|[55]|fieldDescObj|"common.api.soap.wsdl.Field@70398a80"|0x9a6ad40
06:17:28.0 (35948227)|STATEMENT_EXECUTE|[56]
06:17:28.0 (35963357)|HEAP_ALLOCATE|[54]|Bytes:5
06:17:28.0 (35984770)|VARIABLE_SCOPE_BEGIN|[54]|sotype|Schema.SObjectField|true|false
06:17:28.0 (36046883)|VARIABLE_ASSIGNMENT|[54]|sotype|"common.apex.runtime.impl.ApexFieldToken@431d03e9"|0x431d03e9
06:17:28.0 (36052822)|STATEMENT_EXECUTE|[54]
06:17:28.0 (36054011)|STATEMENT_EXECUTE|[55]
06:17:28.0 (36184762)|HEAP_ALLOCATE|[55]|Bytes:8
06:17:28.0 (36201560)|VARIABLE_SCOPE_BEGIN|[55]|fieldDescObj|Schema.DescribeFieldResult|true|false
06:17:28.0 (36270763)|VARIABLE_ASSIGNMENT|[55]|fieldDescObj|"common.api.soap.wsdl.Field@d80d1510"|0x623d7c1d
06:17:28.0 (36282453)|STATEMENT_EXECUTE|[56]
06:17:28.0 (36297338)|HEAP_ALLOCATE|[54]|Bytes:5
06:17:28.0 (36318846)|VARIABLE_SCOPE_BEGIN|[54]|sotype|Schema.SObjectField|true|false
06:17:28.0 (36381118)|VARIABLE_ASSIGNMENT|[54]|sotype|"common.apex.runtime.impl.ApexFieldToken@6f723baa"|0x6f723baa
06:17:28.0 (36386091)|STATEMENT_EXECUTE|[54]
06:17:28.0 (36387261)|STATEMENT_EXECUTE|[55]
06:17:28.0 (36534197)|HEAP_ALLOCATE|[55]|Bytes:8
06:17:28.0 (36550699)|VARIABLE_SCOPE_BEGIN|[55]|fieldDescObj|Schema.DescribeFieldResult|true|false
06:17:28.0 (36620919)|VARIABLE_ASSIGNMENT|[55]|fieldDescObj|"common.api.soap.wsdl.Field@ac5ad204"|0x1b406473
06:17:28.0 (36632440)|STATEMENT_EXECUTE|[56]
06:17:28.0 (36633951)|STATEMENT_EXECUTE|[57]
06:17:28.0 (36648014)|HEAP_ALLOCATE|[57]|Bytes:4
06:17:28.0 (36667550)|VARIABLE_ASSIGNMENT|[57]|nameField|"Name"
06:17:28.0 (36670488)|STATEMENT_EXECUTE|[58]
06:17:28.0 (36684778)|VARIABLE_ASSIGNMENT|[54]|sotype|null|
06:17:28.0 (36688033)|STATEMENT_EXECUTE|[61]
06:17:28.0 (36699762)|METHOD_EXIT|[78]|01p36000006RyOZ|InputLookupController.getSobjectNameField(Schema.SObjectType)
06:17:28.0 (36716813)|VARIABLE_SCOPE_BEGIN|[78]|nameField|String|false|false
06:17:28.0 (36735240)|VARIABLE_ASSIGNMENT|[78]|nameField|"Name"
06:17:28.0 (36737786)|STATEMENT_EXECUTE|[79]
06:17:28.0 (36741856)|HEAP_ALLOCATE|[79]|Bytes:2
06:17:28.0 (36745921)|HEAP_ALLOCATE|[79]|Bytes:2
06:17:28.0 (36755460)|HEAP_ALLOCATE|[79]|Bytes:6
06:17:28.0 (36771736)|VARIABLE_ASSIGNMENT|[79]|searchString|"'*Jo*'"
06:17:28.0 (36775295)|STATEMENT_EXECUTE|[80]
06:17:28.0 (36778312)|HEAP_ALLOCATE|[80]|Bytes:44
06:17:28.0 (36782546)|HEAP_ALLOCATE|[81]|Bytes:5
06:17:28.0 (36785284)|HEAP_ALLOCATE|[81]|Bytes:10
06:17:28.0 (36795829)|HEAP_ALLOCATE|[80]|Bytes:74
06:17:28.0 (36799748)|HEAP_ALLOCATE|[81]|Bytes:10
06:17:28.0 (36805633)|HEAP_ALLOCATE|[80]|Bytes:84
06:17:28.0 (36814237)|VARIABLE_SCOPE_BEGIN|[80]|soslQuery|String|false|false
06:17:28.0 (36831361)|VARIABLE_ASSIGNMENT|[80]|soslQuery|"FIND :searchString I (64 more) ..."
06:17:28.0 (36834394)|STATEMENT_EXECUTE|[82]
06:17:28.0 (36837853)|HEAP_ALLOCATE|[82]|Bytes:12
06:17:28.0 (36843922)|HEAP_ALLOCATE|[82]|Bytes:96
06:17:28.0 (36892444)|USER_DEBUG|[82]|DEBUG|SOSL QUERY: FIND :searchString IN NAME FIELDS RETURNING Contact(Id, Name ORDER BY Name) LIMIT 20
06:17:28.0 (36901219)|STATEMENT_EXECUTE|[83]
06:17:28.0 (37262644)|SOSL_EXECUTE_BEGIN|[83]|FIND :searchString IN NAME FIELDS RETURNING Contact(Id, Name ORDER BY Name) LIMIT 20
06:17:28.0 (52136718)|HEAP_ALLOCATE|[83]|Bytes:4
06:17:28.0 (52146885)|HEAP_ALLOCATE|[83]|Bytes:4
06:17:28.0 (52151276)|HEAP_ALLOCATE|[83]|Bytes:4
06:17:28.0 (52154121)|HEAP_ALLOCATE|[83]|Bytes:4
06:17:28.0 (52156443)|HEAP_ALLOCATE|[83]|Bytes:4
06:17:28.0 (52158729)|HEAP_ALLOCATE|[83]|Bytes:4
06:17:28.0 (52161047)|HEAP_ALLOCATE|[83]|Bytes:4
06:17:28.0 (52163354)|HEAP_ALLOCATE|[83]|Bytes:4
06:17:28.0 (52174027)|HEAP_ALLOCATE|[83]|Bytes:8
06:17:28.0 (52193312)|SOSL_EXECUTE_END|[83]|Rows:7
06:17:28.0 (52235160)|HEAP_ALLOCATE|[83]|Bytes:8
06:17:28.0 (52267172)|VARIABLE_SCOPE_BEGIN|[83]|results|List<List<SObject>>|true|false
06:17:28.0 (52326385)|VARIABLE_ASSIGNMENT|[83]|results|{"s":1,"v":[{"s":2,"v":"List of size 7 too large to display"}]}|0x2107218f
06:17:28.0 (52331748)|STATEMENT_EXECUTE|[85]
06:17:28.0 (52649192)|HEAP_ALLOCATE|[85]|Bytes:4
06:17:28.0 (52743620)|VARIABLE_SCOPE_BEGIN|[85]|output|List<InputLookupController.SearchResult>|true|false
06:17:28.0 (52772383)|HEAP_ALLOCATE|[EXTERNAL]|Bytes:4
06:17:28.0 (52795292)|VARIABLE_ASSIGNMENT|[85]|output|{"s":1,"v":[]}|0x209d5b63
06:17:28.0 (52855069)|STATEMENT_EXECUTE|[86]
06:17:28.0 (52904226)|HEAP_ALLOCATE|[87]|Bytes:32
06:17:28.0 (53125196)|HEAP_ALLOCATE|[87]|Bytes:5
06:17:28.0 (53164579)|HEAP_ALLOCATE|[87]|Bytes:12
06:17:28.0 (53183517)|VARIABLE_SCOPE_BEGIN|[87]|sobj|SObject|true|false
06:17:28.0 (53217529)|VARIABLE_ASSIGNMENT|[87]|sobj|{"s":1,"v":{"Id":"00336000002ydapAAA","Name":"Jessica Jones"}}|0x107c82b0
06:17:28.0 (53221921)|STATEMENT_EXECUTE|[87]
06:17:28.0 (53223496)|STATEMENT_EXECUTE|[88]
06:17:28.0 (53335134)|HEAP_ALLOCATE|[88]|Bytes:100
06:17:28.0 (53342564)|HEAP_ALLOCATE|[88]|Bytes:5
06:17:28.0 (53361511)|HEAP_ALLOCATE|[88]|Bytes:12
06:17:28.0 (53386400)|CONSTRUCTOR_ENTRY|[88]|01p36000006RyOZ|<init>()
06:17:28.0 (53432593)|VARIABLE_SCOPE_BEGIN|[41]|this|InputLookupController.SearchResult|true|false
06:17:28.0 (53498380)|VARIABLE_ASSIGNMENT|[41]|this|{}|0x129fc626
06:17:28.0 (53509178)|HEAP_ALLOCATE|[EXTERNAL]|Bytes:6
06:17:28.0 (53547384)|STATEMENT_EXECUTE|[41]
06:17:28.0 (53549692)|STATEMENT_EXECUTE|[42]
06:17:28.0 (53550909)|STATEMENT_EXECUTE|[43]
06:17:28.0 (53559553)|CONSTRUCTOR_EXIT|[88]|01p36000006RyOZ|<init>()
06:17:28.0 (53568299)|VARIABLE_SCOPE_BEGIN|[88]|sr|InputLookupController.SearchResult|true|false
06:17:28.0 (53599320)|VARIABLE_ASSIGNMENT|[88]|sr|{}|0x129fc626
06:17:28.0 (53603027)|STATEMENT_EXECUTE|[89]
06:17:28.0 (53606713)|HEAP_ALLOCATE|[89]|Bytes:2
06:17:28.0 (53703933)|HEAP_ALLOCATE|[89]|Bytes:4
06:17:28.0 (53734387)|HEAP_ALLOCATE|[89]|Bytes:18
06:17:28.0 (53798120)|VARIABLE_ASSIGNMENT|[EXTERNAL]|this|{}|0x129fc626
06:17:28.0 (53818679)|VARIABLE_ASSIGNMENT|[EXTERNAL]|value|"00336000002ydapAAA"
06:17:28.0 (53843458)|VARIABLE_ASSIGNMENT|[43]|this.id|"00336000002ydapAAA"|0x129fc626
06:17:28.0 (53852686)|STATEMENT_EXECUTE|[90]
06:17:28.0 (53917364)|HEAP_ALLOCATE|[90]|Bytes:13
06:17:28.0 (53989784)|VARIABLE_ASSIGNMENT|[EXTERNAL]|this|{"id":"00336000002ydapAAA"}|0x129fc626
06:17:28.0 (54008962)|VARIABLE_ASSIGNMENT|[EXTERNAL]|value|"Jessica Jones"
06:17:28.0 (54030849)|VARIABLE_ASSIGNMENT|[42]|this.value|"Jessica Jones"|0x129fc626
06:17:28.0 (54039739)|STATEMENT_EXECUTE|[91]
06:17:28.0 (54086171)|HEAP_ALLOCATE|[EXTERNAL]|Bytes:4
06:17:28.0 (54105772)|HEAP_ALLOCATE|[87]|Bytes:5
06:17:28.0 (54132043)|HEAP_ALLOCATE|[87]|Bytes:12
06:17:28.0 (54148702)|VARIABLE_SCOPE_BEGIN|[87]|sobj|SObject|true|false
06:17:28.0 (54176376)|VARIABLE_ASSIGNMENT|[87]|sobj|{"s":1,"v":{"Id":"00336000002WYM1AAO","Name":"John Bond"}}|0x445a61bc
06:17:28.0 (54180605)|STATEMENT_EXECUTE|[87]
06:17:28.0 (54181893)|STATEMENT_EXECUTE|[88]
06:17:28.0 (54186186)|HEAP_ALLOCATE|[88]|Bytes:12
06:17:28.0 (54196885)|CONSTRUCTOR_ENTRY|[88]|01p36000006RyOZ|<init>()
06:17:28.0 (54205105)|VARIABLE_SCOPE_BEGIN|[41]|this|InputLookupController.SearchResult|true|false
06:17:28.0 (54233882)|VARIABLE_ASSIGNMENT|[41]|this|{}|0x2f436ced
06:17:28.0 (54251823)|STATEMENT_EXECUTE|[41]
06:17:28.0 (54253411)|STATEMENT_EXECUTE|[42]
06:17:28.0 (54254467)|STATEMENT_EXECUTE|[43]
06:17:28.0 (54262780)|CONSTRUCTOR_EXIT|[88]|01p36000006RyOZ|<init>()
06:17:28.0 (54270736)|VARIABLE_SCOPE_BEGIN|[88]|sr|InputLookupController.SearchResult|true|false
06:17:28.0 (54298406)|VARIABLE_ASSIGNMENT|[88]|sr|{}|0x2f436ced
06:17:28.0 (54301900)|STATEMENT_EXECUTE|[89]
06:17:28.0 (54338648)|HEAP_ALLOCATE|[89]|Bytes:4
06:17:28.0 (54362644)|HEAP_ALLOCATE|[89]|Bytes:18
06:17:28.0 (54402474)|VARIABLE_ASSIGNMENT|[EXTERNAL]|this|{}|0x2f436ced
06:17:28.0 (54417353)|VARIABLE_ASSIGNMENT|[EXTERNAL]|value|"00336000002WYM1AAO"
06:17:28.0 (54436555)|VARIABLE_ASSIGNMENT|[43]|this.id|"00336000002WYM1AAO"|0x2f436ced
06:17:28.0 (54445094)|STATEMENT_EXECUTE|[90]
06:17:28.0 (54475786)|HEAP_ALLOCATE|[90]|Bytes:9
06:17:28.0 (54528688)|VARIABLE_ASSIGNMENT|[EXTERNAL]|this|{"id":"00336000002WYM1AAO"}|0x2f436ced
06:17:28.0 (54543882)|VARIABLE_ASSIGNMENT|[EXTERNAL]|value|"John Bond"
06:17:28.0 (54562929)|VARIABLE_ASSIGNMENT|[42]|this.value|"John Bond"|0x2f436ced
06:17:28.0 (54571173)|STATEMENT_EXECUTE|[91]
06:17:28.0 (54583744)|HEAP_ALLOCATE|[EXTERNAL]|Bytes:4
06:17:28.0 (54599585)|HEAP_ALLOCATE|[87]|Bytes:5
06:17:28.0 (54625216)|HEAP_ALLOCATE|[87]|Bytes:12
06:17:28.0 (54641561)|VARIABLE_SCOPE_BEGIN|[87]|sobj|SObject|true|false
06:17:28.0 (54668319)|VARIABLE_ASSIGNMENT|[87]|sobj|{"s":1,"v":{"Id":"00336000002ydalAAA","Name":"John Dodge"}}|0x3a978928
06:17:28.0 (54672351)|STATEMENT_EXECUTE|[87]
06:17:28.0 (54673509)|STATEMENT_EXECUTE|[88]
06:17:28.0 (54677602)|HEAP_ALLOCATE|[88]|Bytes:12
06:17:28.0 (54693641)|CONSTRUCTOR_ENTRY|[88]|01p36000006RyOZ|<init>()
06:17:28.0 (54701842)|VARIABLE_SCOPE_BEGIN|[41]|this|InputLookupController.SearchResult|true|false
06:17:28.0 (54730698)|VARIABLE_ASSIGNMENT|[41]|this|{}|0x5f06a783
06:17:28.0 (54748567)|STATEMENT_EXECUTE|[41]
06:17:28.0 (54750167)|STATEMENT_EXECUTE|[42]
06:17:28.0 (54751286)|STATEMENT_EXECUTE|[43]
06:17:28.0 (54759098)|CONSTRUCTOR_EXIT|[88]|01p36000006RyOZ|<init>()
06:17:28.0 (54766938)|VARIABLE_SCOPE_BEGIN|[88]|sr|InputLookupController.SearchResult|true|false
06:17:28.0 (54794486)|VARIABLE_ASSIGNMENT|[88]|sr|{}|0x5f06a783
06:17:28.0 (54798028)|STATEMENT_EXECUTE|[89]
06:17:28.0 (54837832)|HEAP_ALLOCATE|[89]|Bytes:4
06:17:28.0 (54861911)|HEAP_ALLOCATE|[89]|Bytes:18
06:17:28.0 (54901328)|VARIABLE_ASSIGNMENT|[EXTERNAL]|this|{}|0x5f06a783
06:17:28.0 (54916460)|VARIABLE_ASSIGNMENT|[EXTERNAL]|value|"00336000002ydalAAA"
06:17:28.0 (54935250)|VARIABLE_ASSIGNMENT|[43]|this.id|"00336000002ydalAAA"|0x5f06a783
06:17:28.0 (54943397)|STATEMENT_EXECUTE|[90]
06:17:28.0 (54973827)|HEAP_ALLOCATE|[90]|Bytes:10
06:17:28.0 (55021533)|VARIABLE_ASSIGNMENT|[EXTERNAL]|this|{"id":"00336000002ydalAAA"}|0x5f06a783
06:17:28.0 (55036961)|VARIABLE_ASSIGNMENT|[EXTERNAL]|value|"John Dodge"
06:17:28.0 (55055231)|VARIABLE_ASSIGNMENT|[42]|this.value|"John Dodge"|0x5f06a783
06:17:28.0 (55063363)|STATEMENT_EXECUTE|[91]
06:17:28.0 (55075875)|HEAP_ALLOCATE|[EXTERNAL]|Bytes:4
06:17:28.0 (55091546)|HEAP_ALLOCATE|[87]|Bytes:5
06:17:28.0 (55116228)|HEAP_ALLOCATE|[87]|Bytes:12
06:17:28.0 (55132346)|VARIABLE_SCOPE_BEGIN|[87]|sobj|SObject|true|false
06:17:28.0 (55159398)|VARIABLE_ASSIGNMENT|[87]|sobj|{"s":1,"v":{"Id":"00336000002ydb1AAA","Name":"John Downes"}}|0x48c67a5e
06:17:28.0 (55163404)|STATEMENT_EXECUTE|[87]
06:17:28.0 (55164601)|STATEMENT_EXECUTE|[88]
06:17:28.0 (55168987)|HEAP_ALLOCATE|[88]|Bytes:12
06:17:28.0 (55179541)|CONSTRUCTOR_ENTRY|[88]|01p36000006RyOZ|<init>()
06:17:28.0 (55187214)|VARIABLE_SCOPE_BEGIN|[41]|this|InputLookupController.SearchResult|true|false
06:17:28.0 (55214708)|VARIABLE_ASSIGNMENT|[41]|this|{}|0x7c5643af
06:17:28.0 (55231658)|STATEMENT_EXECUTE|[41]
06:17:28.0 (55233200)|STATEMENT_EXECUTE|[42]
06:17:28.0 (55234271)|STATEMENT_EXECUTE|[43]
06:17:28.0 (55241873)|CONSTRUCTOR_EXIT|[88]|01p36000006RyOZ|<init>()
06:17:28.0 (55249487)|VARIABLE_SCOPE_BEGIN|[88]|sr|InputLookupController.SearchResult|true|false
06:17:28.0 (55276263)|VARIABLE_ASSIGNMENT|[88]|sr|{}|0x7c5643af
06:17:28.0 (55279694)|STATEMENT_EXECUTE|[89]
06:17:28.0 (55314887)|HEAP_ALLOCATE|[89]|Bytes:4
06:17:28.0 (55338049)|HEAP_ALLOCATE|[89]|Bytes:18
06:17:28.0 (55376443)|VARIABLE_ASSIGNMENT|[EXTERNAL]|this|{}|0x7c5643af
06:17:28.0 (55391387)|VARIABLE_ASSIGNMENT|[EXTERNAL]|value|"00336000002ydb1AAA"
06:17:28.0 (55413281)|VARIABLE_ASSIGNMENT|[43]|this.id|"00336000002ydb1AAA"|0x7c5643af
06:17:28.0 (55421923)|STATEMENT_EXECUTE|[90]
06:17:28.0 (55451747)|HEAP_ALLOCATE|[90]|Bytes:11
06:17:28.0 (55498984)|VARIABLE_ASSIGNMENT|[EXTERNAL]|this|{"id":"00336000002ydb1AAA"}|0x7c5643af
06:17:28.0 (55513148)|VARIABLE_ASSIGNMENT|[EXTERNAL]|value|"John Downes"
06:17:28.0 (55536061)|VARIABLE_ASSIGNMENT|[42]|this.value|"John Downes"|0x7c5643af
06:17:28.0 (55544523)|STATEMENT_EXECUTE|[91]
06:17:28.0 (55556924)|HEAP_ALLOCATE|[EXTERNAL]|Bytes:4
06:17:28.0 (55572529)|HEAP_ALLOCATE|[87]|Bytes:5
06:17:28.0 (55597016)|HEAP_ALLOCATE|[87]|Bytes:12
06:17:28.0 (55613029)|VARIABLE_SCOPE_BEGIN|[87]|sobj|SObject|true|false
06:17:28.0 (55639379)|VARIABLE_ASSIGNMENT|[87]|sobj|{"s":1,"v":{"Id":"00336000003WhTDAA0","Name":"Jon Smith"}}|0x7a8e5bc4
06:17:28.0 (55643611)|STATEMENT_EXECUTE|[87]
06:17:28.0 (55644884)|STATEMENT_EXECUTE|[88]
06:17:28.0 (55649030)|HEAP_ALLOCATE|[88]|Bytes:12
06:17:28.0 (55659173)|CONSTRUCTOR_ENTRY|[88]|01p36000006RyOZ|<init>()
06:17:28.0 (55666827)|VARIABLE_SCOPE_BEGIN|[41]|this|InputLookupController.SearchResult|true|false
06:17:28.0 (55694137)|VARIABLE_ASSIGNMENT|[41]|this|{}|0x10ded1a9
06:17:28.0 (55711187)|STATEMENT_EXECUTE|[41]
06:17:28.0 (55712727)|STATEMENT_EXECUTE|[42]
06:17:28.0 (55714035)|STATEMENT_EXECUTE|[43]
06:17:28.0 (55721460)|CONSTRUCTOR_EXIT|[88]|01p36000006RyOZ|<init>()
06:17:28.0 (55728896)|VARIABLE_SCOPE_BEGIN|[88]|sr|InputLookupController.SearchResult|true|false
06:17:28.0 (55755863)|VARIABLE_ASSIGNMENT|[88]|sr|{}|0x10ded1a9
06:17:28.0 (55759334)|STATEMENT_EXECUTE|[89]
06:17:28.0 (55794061)|HEAP_ALLOCATE|[89]|Bytes:4
06:17:28.0 (55816691)|HEAP_ALLOCATE|[89]|Bytes:18
06:17:28.0 (55855269)|VARIABLE_ASSIGNMENT|[EXTERNAL]|this|{}|0x10ded1a9
06:17:28.0 (55869955)|VARIABLE_ASSIGNMENT|[EXTERNAL]|value|"00336000003WhTDAA0"
06:17:28.0 (55888622)|VARIABLE_ASSIGNMENT|[43]|this.id|"00336000003WhTDAA0"|0x10ded1a9
06:17:28.0 (55896642)|STATEMENT_EXECUTE|[90]
06:17:28.0 (55926037)|HEAP_ALLOCATE|[90]|Bytes:9
06:17:28.0 (55972962)|VARIABLE_ASSIGNMENT|[EXTERNAL]|this|{"id":"00336000003WhTDAA0"}|0x10ded1a9
06:17:28.0 (55987016)|VARIABLE_ASSIGNMENT|[EXTERNAL]|value|"Jon Smith"
06:17:28.0 (56005111)|VARIABLE_ASSIGNMENT|[42]|this.value|"Jon Smith"|0x10ded1a9
06:17:28.0 (56014024)|STATEMENT_EXECUTE|[91]
06:17:28.0 (56026323)|HEAP_ALLOCATE|[EXTERNAL]|Bytes:4
06:17:28.0 (56041870)|HEAP_ALLOCATE|[87]|Bytes:5
06:17:28.0 (56065927)|HEAP_ALLOCATE|[87]|Bytes:12
06:17:28.0 (56081716)|VARIABLE_SCOPE_BEGIN|[87]|sobj|SObject|true|false
06:17:28.0 (56107662)|VARIABLE_ASSIGNMENT|[87]|sobj|{"s":1,"v":{"Id":"00336000003WhTNAA0","Name":"Jon Smith"}}|0x6b314d66
06:17:28.0 (56111618)|STATEMENT_EXECUTE|[87]
06:17:28.0 (56112787)|STATEMENT_EXECUTE|[88]
06:17:28.0 (56119890)|HEAP_ALLOCATE|[88]|Bytes:12
06:17:28.0 (56130239)|CONSTRUCTOR_ENTRY|[88]|01p36000006RyOZ|<init>()
06:17:28.0 (56137956)|VARIABLE_SCOPE_BEGIN|[41]|this|InputLookupController.SearchResult|true|false
06:17:28.0 (56165890)|VARIABLE_ASSIGNMENT|[41]|this|{}|0x25b42094
06:17:28.0 (56188968)|STATEMENT_EXECUTE|[41]
06:17:28.0 (56191766)|STATEMENT_EXECUTE|[42]
06:17:28.0 (56193796)|STATEMENT_EXECUTE|[43]
06:17:28.0 (56203966)|CONSTRUCTOR_EXIT|[88]|01p36000006RyOZ|<init>()
06:17:28.0 (56212225)|VARIABLE_SCOPE_BEGIN|[88]|sr|InputLookupController.SearchResult|true|false
06:17:28.0 (56240916)|VARIABLE_ASSIGNMENT|[88]|sr|{}|0x25b42094
06:17:28.0 (56244468)|STATEMENT_EXECUTE|[89]
06:17:28.0 (56279264)|HEAP_ALLOCATE|[89]|Bytes:4
06:17:28.0 (56302070)|HEAP_ALLOCATE|[89]|Bytes:18
06:17:28.0 (56341351)|VARIABLE_ASSIGNMENT|[EXTERNAL]|this|{}|0x25b42094
06:17:28.0 (56356086)|VARIABLE_ASSIGNMENT|[EXTERNAL]|value|"00336000003WhTNAA0"
06:17:28.0 (56374256)|VARIABLE_ASSIGNMENT|[43]|this.id|"00336000003WhTNAA0"|0x25b42094
06:17:28.0 (56382243)|STATEMENT_EXECUTE|[90]
06:17:28.0 (56411200)|HEAP_ALLOCATE|[90]|Bytes:9
06:17:28.0 (56457923)|VARIABLE_ASSIGNMENT|[EXTERNAL]|this|{"id":"00336000003WhTNAA0"}|0x25b42094
06:17:28.0 (56471968)|VARIABLE_ASSIGNMENT|[EXTERNAL]|value|"Jon Smith"
06:17:28.0 (56489882)|VARIABLE_ASSIGNMENT|[42]|this.value|"Jon Smith"|0x25b42094
06:17:28.0 (56497714)|STATEMENT_EXECUTE|[91]
06:17:28.0 (56509621)|HEAP_ALLOCATE|[EXTERNAL]|Bytes:4
06:17:28.0 (56528860)|HEAP_ALLOCATE|[87]|Bytes:5
06:17:28.0 (56553997)|HEAP_ALLOCATE|[87]|Bytes:12
06:17:28.0 (56569861)|VARIABLE_SCOPE_BEGIN|[87]|sobj|SObject|true|false
06:17:28.0 (56595911)|VARIABLE_ASSIGNMENT|[87]|sobj|{"s":1,"v":{"Id":"00336000002WYM5AAO","Name":"Josh Davis"}}|0x2dec0f9d
06:17:28.0 (56599822)|STATEMENT_EXECUTE|[87]
06:17:28.0 (56601328)|STATEMENT_EXECUTE|[88]
06:17:28.0 (56605784)|HEAP_ALLOCATE|[88]|Bytes:12
06:17:28.0 (56615858)|CONSTRUCTOR_ENTRY|[88]|01p36000006RyOZ|<init>()
06:17:28.0 (56623491)|VARIABLE_SCOPE_BEGIN|[41]|this|InputLookupController.SearchResult|true|false
06:17:28.0 (56651450)|VARIABLE_ASSIGNMENT|[41]|this|{}|0x4b59c010
06:17:28.0 (56668345)|STATEMENT_EXECUTE|[41]
06:17:28.0 (56669895)|STATEMENT_EXECUTE|[42]
06:17:28.0 (56671007)|STATEMENT_EXECUTE|[43]
06:17:28.0 (56678362)|CONSTRUCTOR_EXIT|[88]|01p36000006RyOZ|<init>()
06:17:28.0 (56685767)|VARIABLE_SCOPE_BEGIN|[88]|sr|InputLookupController.SearchResult|true|false
06:17:28.0 (56712171)|VARIABLE_ASSIGNMENT|[88]|sr|{}|0x4b59c010
06:17:28.0 (56715611)|STATEMENT_EXECUTE|[89]
06:17:28.0 (56750200)|HEAP_ALLOCATE|[89]|Bytes:4
06:17:28.0 (56772859)|HEAP_ALLOCATE|[89]|Bytes:18
06:17:28.0 (56811706)|VARIABLE_ASSIGNMENT|[EXTERNAL]|this|{}|0x4b59c010
06:17:28.0 (56826577)|VARIABLE_ASSIGNMENT|[EXTERNAL]|value|"00336000002WYM5AAO"
06:17:28.0 (56848189)|VARIABLE_ASSIGNMENT|[43]|this.id|"00336000002WYM5AAO"|0x4b59c010
06:17:28.0 (56856549)|STATEMENT_EXECUTE|[90]
06:17:28.0 (56885693)|HEAP_ALLOCATE|[90]|Bytes:10
06:17:28.0 (56933028)|VARIABLE_ASSIGNMENT|[EXTERNAL]|this|{"id":"00336000002WYM5AAO"}|0x4b59c010
06:17:28.0 (56946992)|VARIABLE_ASSIGNMENT|[EXTERNAL]|value|"Josh Davis"
06:17:28.0 (56964767)|VARIABLE_ASSIGNMENT|[42]|this.value|"Josh Davis"|0x4b59c010
06:17:28.0 (56972582)|STATEMENT_EXECUTE|[91]
06:17:28.0 (56984574)|HEAP_ALLOCATE|[EXTERNAL]|Bytes:4
06:17:28.0 (56999710)|HEAP_ALLOCATE|[87]|Bytes:5
06:17:28.0 (57022230)|VARIABLE_ASSIGNMENT|[87]|sobj|null|
06:17:28.0 (57027291)|STATEMENT_EXECUTE|[94]
06:17:28.0 (57095769)|HEAP_ALLOCATE|[94]|Bytes:18
06:17:28.0 (57112270)|SYSTEM_METHOD_ENTRY|[1]|JSON.JSON()
06:17:28.0 (57115895)|STATEMENT_EXECUTE|[1]
06:17:28.0 (57127014)|SYSTEM_METHOD_EXIT|[1]|JSON
06:17:28.0 (57147026)|METHOD_ENTRY|[94]||System.JSON.serialize(Object)
06:17:28.0 (57365246)|VARIABLE_ASSIGNMENT|[EXTERNAL]|this|{"id":"00336000002WYM1AAO","value":"John Bond"}|0x2f436ced
06:17:28.0 (57421879)|VARIABLE_ASSIGNMENT|[EXTERNAL]|this|{"id":"00336000002ydalAAA","value":"John Dodge"}|0x5f06a783
06:17:28.0 (57476100)|VARIABLE_ASSIGNMENT|[EXTERNAL]|this|{"id":"00336000002ydb1AAA","value":"John Downes"}|0x7c5643af
06:17:28.0 (57534401)|VARIABLE_ASSIGNMENT|[EXTERNAL]|this|{"id":"00336000003WhTDAA0","value":"Jon Smith"}|0x10ded1a9
06:17:28.0 (57589013)|VARIABLE_ASSIGNMENT|[EXTERNAL]|this|{"id":"00336000003WhTNAA0","value":"Jon Smith"}|0x25b42094
06:17:28.0 (57642585)|VARIABLE_ASSIGNMENT|[EXTERNAL]|this|{"id":"00336000002WYM5AAO","value":"Josh Davis"}|0x4b59c010
06:17:28.0 (57696109)|VARIABLE_ASSIGNMENT|[EXTERNAL]|this|{"id":"00336000002ydapAAA","value":"Jessica Jones"}|0x129fc626
06:17:28.0 (57748724)|VARIABLE_ASSIGNMENT|[EXTERNAL]|this|{"id":"00336000002WYM1AAO","value":"John Bond"}|0x2f436ced
06:17:28.0 (57801833)|VARIABLE_ASSIGNMENT|[EXTERNAL]|this|{"id":"00336000002ydalAAA","value":"John Dodge"}|0x5f06a783
06:17:28.0 (57854528)|VARIABLE_ASSIGNMENT|[EXTERNAL]|this|{"id":"00336000002ydb1AAA","value":"John Downes"}|0x7c5643af
06:17:28.0 (57911889)|VARIABLE_ASSIGNMENT|[EXTERNAL]|this|{"id":"00336000003WhTDAA0","value":"Jon Smith"}|0x10ded1a9
06:17:28.0 (57965946)|VARIABLE_ASSIGNMENT|[EXTERNAL]|this|{"id":"00336000003WhTNAA0","value":"Jon Smith"}|0x25b42094
06:17:28.0 (58019461)|VARIABLE_ASSIGNMENT|[EXTERNAL]|this|{"id":"00336000002WYM5AAO","value":"Josh Davis"}|0x4b59c010
06:17:28.0 (58146897)|HEAP_ALLOCATE|[3]|Bytes:32
06:17:28.0 (58691706)|VARIABLE_ASSIGNMENT|[EXTERNAL]|this|{"id":"00336000002WYM1AAO","value":"John Bond"}|0x2f436ced
06:17:28.0 (58746720)|VARIABLE_ASSIGNMENT|[EXTERNAL]|this|{"id":"00336000002ydalAAA","value":"John Dodge"}|0x5f06a783
06:17:28.0 (58800145)|VARIABLE_ASSIGNMENT|[EXTERNAL]|this|{"id":"00336000002ydb1AAA","value":"John Downes"}|0x7c5643af
06:17:28.0 (58858339)|VARIABLE_ASSIGNMENT|[EXTERNAL]|this|{"id":"00336000003WhTDAA0","value":"Jon Smith"}|0x10ded1a9
06:17:28.0 (58910875)|VARIABLE_ASSIGNMENT|[EXTERNAL]|this|{"id":"00336000003WhTNAA0","value":"Jon Smith"}|0x25b42094
06:17:28.0 (58963266)|VARIABLE_ASSIGNMENT|[EXTERNAL]|this|{"id":"00336000002WYM5AAO","value":"Josh Davis"}|0x4b59c010
06:17:28.0 (59000400)|HEAP_ALLOCATE|[3]|Bytes:345
06:17:28.0 (59017278)|METHOD_EXIT|[94]||System.JSON.serialize(Object)
06:17:28.0 (59032392)|SYSTEM_MODE_EXIT|false
06:17:28.59 (59077278)|CUMULATIVE_LIMIT_USAGE
06:17:28.59 (59077278)|LIMIT_USAGE_FOR_NS|(default)|
  Number of SOQL queries: 0 out of 100
  Number of query rows: 0 out of 50000
  Number of SOSL queries: 1 out of 20
  Number of DML statements: 0 out of 150
  Number of DML rows: 0 out of 10000
  Maximum CPU time: 0 out of 10000
  Maximum heap size: 0 out of 6000000
  Number of callouts: 0 out of 100
  Number of Email Invocations: 0 out of 10
  Number of future calls: 0 out of 50
  Number of queueable jobs added to the queue: 0 out of 50
  Number of Mobile Apex push calls: 0 out of 10

06:17:28.59 (59077278)|CUMULATIVE_LIMIT_USAGE_END

06:17:28.0 (59147941)|CODE_UNIT_FINISHED|InputLookupController.searchSObject
