36.0 APEX_CODE,FINEST;APEX_PROFILING,INFO;CALLOUT,INFO;DB,INFO;SYSTEM,DEBUG;VALIDATION,INFO;VISUALFORCE,INFO;WORKFLOW,INFO
13:10:35.0 (92903)|EXECUTION_STARTED
13:10:35.0 (140897)|CODE_UNIT_STARTED|[EXTERNAL]|aura
13:10:35.0 (498846)|HEAP_ALLOCATE|[72]|Bytes:3
13:10:35.0 (578207)|HEAP_ALLOCATE|[77]|Bytes:152
13:10:35.0 (608432)|HEAP_ALLOCATE|[342]|Bytes:408
13:10:35.0 (636102)|HEAP_ALLOCATE|[355]|Bytes:408
13:10:35.0 (660993)|HEAP_ALLOCATE|[467]|Bytes:48
13:10:35.0 (714453)|HEAP_ALLOCATE|[139]|Bytes:6
13:10:35.0 (756895)|HEAP_ALLOCATE|[EXTERNAL]|Bytes:7
13:10:35.0 (776929)|HEAP_ALLOCATE|[EXTERNAL]|Bytes:7
13:10:35.0 (1881901)|CODE_UNIT_STARTED|[EXTERNAL]|01p36000006RyOZ|InputLookupController.getCurrentValue
13:10:35.0 (2031584)|HEAP_ALLOCATE|[EXTERNAL]|Bytes:12
13:10:35.0 (2044225)|HEAP_ALLOCATE|[EXTERNAL]|Bytes:7
13:10:35.0 (2050289)|HEAP_ALLOCATE|[EXTERNAL]|Bytes:5
13:10:35.0 (2070661)|METHOD_ENTRY|[1]|01p36000006RyOZ|InputLookupController.InputLookupController()
13:10:35.0 (2084504)|STATEMENT_EXECUTE|[1]
13:10:35.0 (2098263)|STATEMENT_EXECUTE|[1]
13:10:35.0 (2103302)|STATEMENT_EXECUTE|[41]
13:10:35.0 (2115164)|METHOD_EXIT|[1]|InputLookupController
13:10:35.0 (2123355)|HEAP_ALLOCATE|[EXTERNAL]|Bytes:7
13:10:35.0 (2142577)|SYSTEM_MODE_ENTER|false
13:10:35.0 (2157489)|VARIABLE_SCOPE_BEGIN|[7]|type|String|false|false
13:10:35.0 (2183858)|VARIABLE_ASSIGNMENT|[7]|type|"Account"
13:10:35.0 (2192858)|VARIABLE_SCOPE_BEGIN|[7]|value|String|false|false
13:10:35.0 (2200828)|VARIABLE_ASSIGNMENT|[7]|value|null
13:10:35.0 (2218215)|STATEMENT_EXECUTE|[7]
13:10:35.0 (2335639)|HEAP_ALLOCATE|[50]|Bytes:5
13:10:35.0 (2377417)|HEAP_ALLOCATE|[56]|Bytes:5
13:10:35.0 (2396072)|HEAP_ALLOCATE|[64]|Bytes:7
13:10:35.0 (2426404)|STATEMENT_EXECUTE|[8]
13:10:35.0 (2434195)|STATEMENT_EXECUTE|[12]
13:10:35.0 (2455856)|VARIABLE_SCOPE_BEGIN|[12]|lookupId|Id|false|false
13:10:35.0 (2467880)|VARIABLE_ASSIGNMENT|[12]|lookupId|null
13:10:35.0 (2475339)|STATEMENT_EXECUTE|[13]
13:10:35.0 (2479800)|STATEMENT_EXECUTE|[13]
13:10:35.0 (2483924)|STATEMENT_EXECUTE|[14]
13:10:35.0 (2495994)|VARIABLE_ASSIGNMENT|[14]|lookupId|null
13:10:35.0 (2559438)|STATEMENT_EXECUTE|[19]
13:10:35.0 (2566782)|STATEMENT_EXECUTE|[20]
13:10:35.0 (2581595)|SYSTEM_MODE_EXIT|false
13:10:35.2 (2630547)|CUMULATIVE_LIMIT_USAGE
13:10:35.2 (2630547)|LIMIT_USAGE_FOR_NS|(default)|
  Number of SOQL queries: 0 out of 100
  Number of query rows: 0 out of 50000
  Number of SOSL queries: 0 out of 20
  Number of DML statements: 0 out of 150
  Number of DML rows: 0 out of 10000
  Maximum CPU time: 0 out of 10000
  Maximum heap size: 0 out of 6000000
  Number of callouts: 0 out of 100
  Number of Email Invocations: 0 out of 10
  Number of future calls: 0 out of 50
  Number of queueable jobs added to the queue: 0 out of 50
  Number of Mobile Apex push calls: 0 out of 10

13:10:35.2 (2630547)|CUMULATIVE_LIMIT_USAGE_END

13:10:35.0 (2695306)|CODE_UNIT_FINISHED|InputLookupController.getCurrentValue
