36.0 APEX_CODE,FINEST;APEX_PROFILING,INFO;CALLOUT,INFO;DB,INFO;SYSTEM,DEBUG;VALIDATION,INFO;VISUALFORCE,INFO;WORKFLOW,INFO
14:13:27.0 (85185)|EXECUTION_STARTED
14:13:27.0 (138897)|CODE_UNIT_STARTED|[EXTERNAL]|01p36000006RnKY|InventoryController.getInventories
14:13:27.0 (352812)|HEAP_ALLOCATE|[72]|Bytes:3
14:13:27.0 (428961)|HEAP_ALLOCATE|[77]|Bytes:152
14:13:27.0 (452987)|HEAP_ALLOCATE|[342]|Bytes:408
14:13:27.0 (474570)|HEAP_ALLOCATE|[355]|Bytes:408
14:13:27.0 (495780)|HEAP_ALLOCATE|[467]|Bytes:48
14:13:27.0 (535497)|HEAP_ALLOCATE|[139]|Bytes:6
14:13:27.0 (648430)|HEAP_ALLOCATE|[EXTERNAL]|Bytes:4
14:13:27.0 (668616)|METHOD_ENTRY|[1]|01p36000006RnKY|InventoryController.InventoryController()
14:13:27.0 (674445)|STATEMENT_EXECUTE|[1]
14:13:27.0 (682644)|STATEMENT_EXECUTE|[1]
14:13:27.0 (719578)|HEAP_ALLOCATE|[50]|Bytes:5
14:13:27.0 (750061)|HEAP_ALLOCATE|[56]|Bytes:5
14:13:27.0 (762074)|HEAP_ALLOCATE|[64]|Bytes:7
14:13:27.0 (793646)|SYSTEM_MODE_ENTER|false
14:13:27.0 (818707)|HEAP_ALLOCATE|[EXTERNAL]|Bytes:5
14:13:27.0 (828592)|SYSTEM_MODE_EXIT|false
14:13:27.0 (841865)|METHOD_EXIT|[1]|InventoryController
14:13:27.0 (858138)|SYSTEM_MODE_ENTER|false
14:13:27.0 (874479)|HEAP_ALLOCATE|[13]|Bytes:5
14:13:27.0 (880128)|STATEMENT_EXECUTE|[12]
14:13:27.0 (882751)|STATEMENT_EXECUTE|[13]
14:13:27.0 (886625)|HEAP_ALLOCATE|[13]|Bytes:132
14:13:27.0 (898878)|HEAP_ALLOCATE|[13]|Bytes:4
14:13:27.0 (1402932)|SOQL_EXECUTE_BEGIN|[13]|Aggregations:0|SELECT id, name, Inventory_Number__c, Customer__c, Contact_Person__c, Value__c, LastModifiedDate FROM Computer_Inventory__c LIMIT 50
14:13:27.0 (4159110)|SOQL_EXECUTE_END|[13]|Rows:6
14:13:27.0 (4183621)|HEAP_ALLOCATE|[13]|Bytes:28
14:13:27.0 (4224968)|HEAP_ALLOCATE|[13]|Bytes:1470
14:13:27.0 (4352563)|HEAP_ALLOCATE|[13]|Bytes:28
14:13:27.0 (4375477)|SYSTEM_MODE_EXIT|false
14:13:27.4 (4428264)|CUMULATIVE_LIMIT_USAGE
14:13:27.4 (4428264)|LIMIT_USAGE_FOR_NS|(default)|
  Number of SOQL queries: 1 out of 100
  Number of query rows: 6 out of 50000
  Number of SOSL queries: 0 out of 20
  Number of DML statements: 0 out of 150
  Number of DML rows: 0 out of 10000
  Maximum CPU time: 0 out of 10000
  Maximum heap size: 0 out of 6000000
  Number of callouts: 0 out of 100
  Number of Email Invocations: 0 out of 10
  Number of future calls: 0 out of 50
  Number of queueable jobs added to the queue: 0 out of 50
  Number of Mobile Apex push calls: 0 out of 10

14:13:27.4 (4428264)|CUMULATIVE_LIMIT_USAGE_END

14:13:27.0 (4491966)|CODE_UNIT_FINISHED|InventoryController.getInventories
14:13:27.0 (5971946)|EXECUTION_FINISHED
14:13:27.8 (8557954)|EXECUTION_STARTED
14:13:27.8 (8569982)|CODE_UNIT_STARTED|[EXTERNAL]|01p36000006RnKY|InventoryController.getInventories
14:13:27.8 (8620954)|SYSTEM_MODE_ENTER|false
14:13:27.8 (8637816)|HEAP_ALLOCATE|[13]|Bytes:5
14:13:27.8 (8644364)|STATEMENT_EXECUTE|[12]
14:13:27.8 (8646944)|STATEMENT_EXECUTE|[13]
14:13:27.8 (8652456)|HEAP_ALLOCATE|[13]|Bytes:4
14:13:27.8 (8846944)|SOQL_EXECUTE_BEGIN|[13]|Aggregations:0|SELECT id, name, Inventory_Number__c, Customer__c, Contact_Person__c, Value__c, LastModifiedDate FROM Computer_Inventory__c LIMIT 50
14:13:27.8 (11237503)|SOQL_EXECUTE_END|[13]|Rows:6
14:13:27.8 (11255140)|HEAP_ALLOCATE|[13]|Bytes:28
14:13:27.8 (11284724)|HEAP_ALLOCATE|[13]|Bytes:1470
14:13:27.8 (11310991)|HEAP_ALLOCATE|[13]|Bytes:28
14:13:27.8 (11329602)|SYSTEM_MODE_EXIT|false
14:13:27.11 (11358059)|CUMULATIVE_LIMIT_USAGE
14:13:27.11 (11358059)|LIMIT_USAGE_FOR_NS|(default)|
  Number of SOQL queries: 2 out of 100
  Number of query rows: 12 out of 50000
  Number of SOSL queries: 0 out of 20
  Number of DML statements: 0 out of 150
  Number of DML rows: 0 out of 10000
  Maximum CPU time: 0 out of 10000
  Maximum heap size: 0 out of 6000000
  Number of callouts: 0 out of 100
  Number of Email Invocations: 0 out of 10
  Number of future calls: 0 out of 50
  Number of queueable jobs added to the queue: 0 out of 50
  Number of Mobile Apex push calls: 0 out of 10

14:13:27.11 (11358059)|CUMULATIVE_LIMIT_USAGE_END

14:13:27.8 (11410052)|CODE_UNIT_FINISHED|InventoryController.getInventories
14:13:27.8 (12959127)|EXECUTION_FINISHED
