36.0 APEX_CODE,FINEST;APEX_PROFILING,INFO;CALLOUT,INFO;DB,INFO;SYSTEM,DEBUG;VALIDATION,INFO;VISUALFORCE,INFO;WORKFLOW,INFO
13:54:54.0 (390915)|EXECUTION_STARTED
13:54:54.0 (429967)|CODE_UNIT_STARTED|[EXTERNAL]|01p36000006RnKY|InventoryController.getInventories
13:54:54.0 (803000)|HEAP_ALLOCATE|[72]|Bytes:3
13:54:54.0 (868271)|HEAP_ALLOCATE|[77]|Bytes:152
13:54:54.0 (889694)|HEAP_ALLOCATE|[342]|Bytes:408
13:54:54.0 (908496)|HEAP_ALLOCATE|[355]|Bytes:408
13:54:54.0 (926444)|HEAP_ALLOCATE|[467]|Bytes:48
13:54:54.0 (965309)|HEAP_ALLOCATE|[139]|Bytes:6
13:54:54.0 (990457)|HEAP_ALLOCATE|[EXTERNAL]|Bytes:4
13:54:54.0 (1008668)|METHOD_ENTRY|[1]|01p36000006RnKY|InventoryController.InventoryController()
13:54:54.0 (1014366)|STATEMENT_EXECUTE|[1]
13:54:54.0 (1020718)|STATEMENT_EXECUTE|[1]
13:54:54.0 (1055447)|HEAP_ALLOCATE|[50]|Bytes:5
13:54:54.0 (1083451)|HEAP_ALLOCATE|[56]|Bytes:5
13:54:54.0 (1093145)|HEAP_ALLOCATE|[64]|Bytes:7
13:54:54.0 (1123961)|SYSTEM_MODE_ENTER|false
13:54:54.0 (1146020)|HEAP_ALLOCATE|[EXTERNAL]|Bytes:5
13:54:54.0 (1155002)|SYSTEM_MODE_EXIT|false
13:54:54.0 (1171659)|METHOD_EXIT|[1]|InventoryController
13:54:54.0 (1184318)|SYSTEM_MODE_ENTER|false
13:54:54.0 (1200426)|HEAP_ALLOCATE|[13]|Bytes:5
13:54:54.0 (1204660)|STATEMENT_EXECUTE|[12]
13:54:54.0 (1206440)|STATEMENT_EXECUTE|[13]
13:54:54.0 (1210108)|HEAP_ALLOCATE|[13]|Bytes:132
13:54:54.0 (1220584)|HEAP_ALLOCATE|[13]|Bytes:4
13:54:54.0 (3152057)|SOQL_EXECUTE_BEGIN|[13]|Aggregations:0|SELECT id, name, Inventory_Number__c, Customer__c, Contact_Person__c, Value__c, LastModifiedDate FROM Computer_Inventory__c LIMIT 50
13:54:54.0 (6103497)|SOQL_EXECUTE_END|[13]|Rows:5
13:54:54.0 (6122286)|HEAP_ALLOCATE|[13]|Bytes:24
13:54:54.0 (6154830)|HEAP_ALLOCATE|[13]|Bytes:1224
13:54:54.0 (6190104)|HEAP_ALLOCATE|[13]|Bytes:24
13:54:54.0 (6211770)|SYSTEM_MODE_EXIT|false
13:54:54.6 (6255792)|CUMULATIVE_LIMIT_USAGE
13:54:54.6 (6255792)|LIMIT_USAGE_FOR_NS|(default)|
  Number of SOQL queries: 1 out of 100
  Number of query rows: 5 out of 50000
  Number of SOSL queries: 0 out of 20
  Number of DML statements: 0 out of 150
  Number of DML rows: 0 out of 10000
  Maximum CPU time: 0 out of 10000
  Maximum heap size: 0 out of 6000000
  Number of callouts: 0 out of 100
  Number of Email Invocations: 0 out of 10
  Number of future calls: 0 out of 50
  Number of queueable jobs added to the queue: 0 out of 50
  Number of Mobile Apex push calls: 0 out of 10

13:54:54.6 (6255792)|CUMULATIVE_LIMIT_USAGE_END

13:54:54.0 (6312170)|CODE_UNIT_FINISHED|InventoryController.getInventories
13:54:54.0 (8299132)|EXECUTION_FINISHED
13:54:54.18 (18872049)|EXECUTION_STARTED
13:54:54.18 (18890752)|CODE_UNIT_STARTED|[EXTERNAL]|01p36000006RnKY|InventoryController.getInventories
13:54:54.18 (18990257)|SYSTEM_MODE_ENTER|false
13:54:54.18 (19031763)|HEAP_ALLOCATE|[13]|Bytes:5
13:54:54.18 (19042307)|STATEMENT_EXECUTE|[12]
13:54:54.18 (19044711)|STATEMENT_EXECUTE|[13]
13:54:54.18 (19055269)|HEAP_ALLOCATE|[13]|Bytes:4
13:54:54.18 (19389585)|SOQL_EXECUTE_BEGIN|[13]|Aggregations:0|SELECT id, name, Inventory_Number__c, Customer__c, Contact_Person__c, Value__c, LastModifiedDate FROM Computer_Inventory__c LIMIT 50
13:54:54.18 (22627349)|SOQL_EXECUTE_END|[13]|Rows:5
13:54:54.18 (22646735)|HEAP_ALLOCATE|[13]|Bytes:24
13:54:54.18 (22679073)|HEAP_ALLOCATE|[13]|Bytes:1224
13:54:54.18 (22713079)|HEAP_ALLOCATE|[13]|Bytes:24
13:54:54.18 (22739323)|SYSTEM_MODE_EXIT|false
13:54:54.22 (22786777)|CUMULATIVE_LIMIT_USAGE
13:54:54.22 (22786777)|LIMIT_USAGE_FOR_NS|(default)|
  Number of SOQL queries: 2 out of 100
  Number of query rows: 10 out of 50000
  Number of SOSL queries: 0 out of 20
  Number of DML statements: 0 out of 150
  Number of DML rows: 0 out of 10000
  Maximum CPU time: 0 out of 10000
  Maximum heap size: 0 out of 6000000
  Number of callouts: 0 out of 100
  Number of Email Invocations: 0 out of 10
  Number of future calls: 0 out of 50
  Number of queueable jobs added to the queue: 0 out of 50
  Number of Mobile Apex push calls: 0 out of 10

13:54:54.22 (22786777)|CUMULATIVE_LIMIT_USAGE_END

13:54:54.18 (22846247)|CODE_UNIT_FINISHED|InventoryController.getInventories
13:54:54.18 (24636768)|EXECUTION_FINISHED
