36.0 APEX_CODE,FINEST;APEX_PROFILING,INFO;CALLOUT,INFO;DB,INFO;SYSTEM,DEBUG;VALIDATION,INFO;VISUALFORCE,INFO;WORKFLOW,INFO
08:48:56.0 (76676)|EXECUTION_STARTED
08:48:56.0 (103467)|CODE_UNIT_STARTED|[EXTERNAL]|0663600000264dI|VF: /apex/EmployeePageSDLS
08:48:56.22 (22935845)|CUMULATIVE_LIMIT_USAGE
08:48:56.22 (22935845)|LIMIT_USAGE_FOR_NS|(default)|
  Number of SOQL queries: 0 out of 100
  Number of query rows: 0 out of 50000
  Number of SOSL queries: 0 out of 20
  Number of DML statements: 0 out of 150
  Number of DML rows: 0 out of 10000
  Maximum CPU time: 0 out of 10000
  Maximum heap size: 0 out of 6000000
  Number of callouts: 0 out of 100
  Number of Email Invocations: 0 out of 10
  Number of future calls: 0 out of 50
  Number of queueable jobs added to the queue: 0 out of 50
  Number of Mobile Apex push calls: 0 out of 10

08:48:56.22 (22935845)|CUMULATIVE_LIMIT_USAGE_END

08:48:56.0 (22982529)|CODE_UNIT_FINISHED|VF: /apex/EmployeePageSDLS
08:48:56.0 (23917115)|EXECUTION_FINISHED
