36.0 APEX_CODE,FINEST;APEX_PROFILING,INFO;CALLOUT,INFO;DB,INFO;SYSTEM,DEBUG;VALIDATION,INFO;VISUALFORCE,INFO;WORKFLOW,INFO
14:14:35.0 (81834)|EXECUTION_STARTED
14:14:35.0 (120538)|CODE_UNIT_STARTED|[EXTERNAL]|01p36000006RnKY|InventoryController.getInventories
14:14:35.0 (254403)|HEAP_ALLOCATE|[72]|Bytes:3
14:14:35.0 (289786)|HEAP_ALLOCATE|[77]|Bytes:152
14:14:35.0 (302367)|HEAP_ALLOCATE|[342]|Bytes:408
14:14:35.0 (319087)|HEAP_ALLOCATE|[355]|Bytes:408
14:14:35.0 (335640)|HEAP_ALLOCATE|[467]|Bytes:48
14:14:35.0 (363707)|HEAP_ALLOCATE|[139]|Bytes:6
14:14:35.0 (427986)|HEAP_ALLOCATE|[EXTERNAL]|Bytes:4
14:14:35.0 (444890)|METHOD_ENTRY|[1]|01p36000006RnKY|InventoryController.InventoryController()
14:14:35.0 (450306)|STATEMENT_EXECUTE|[1]
14:14:35.0 (455804)|STATEMENT_EXECUTE|[1]
14:14:35.0 (483830)|HEAP_ALLOCATE|[50]|Bytes:5
14:14:35.0 (507993)|HEAP_ALLOCATE|[56]|Bytes:5
14:14:35.0 (519148)|HEAP_ALLOCATE|[64]|Bytes:7
14:14:35.0 (540489)|SYSTEM_MODE_ENTER|false
14:14:35.0 (560478)|HEAP_ALLOCATE|[EXTERNAL]|Bytes:5
14:14:35.0 (567894)|SYSTEM_MODE_EXIT|false
14:14:35.0 (578510)|METHOD_EXIT|[1]|InventoryController
14:14:35.0 (588648)|SYSTEM_MODE_ENTER|false
14:14:35.0 (599540)|HEAP_ALLOCATE|[13]|Bytes:5
14:14:35.0 (604128)|STATEMENT_EXECUTE|[12]
14:14:35.0 (606026)|STATEMENT_EXECUTE|[13]
14:14:35.0 (609193)|HEAP_ALLOCATE|[13]|Bytes:132
14:14:35.0 (616891)|HEAP_ALLOCATE|[13]|Bytes:4
14:14:35.0 (1134753)|SOQL_EXECUTE_BEGIN|[13]|Aggregations:0|SELECT id, name, Inventory_Number__c, Customer__c, Contact_Person__c, Value__c, LastModifiedDate FROM Computer_Inventory__c LIMIT 50
14:14:35.0 (3827855)|SOQL_EXECUTE_END|[13]|Rows:6
14:14:35.0 (3849785)|HEAP_ALLOCATE|[13]|Bytes:28
14:14:35.0 (3885005)|HEAP_ALLOCATE|[13]|Bytes:1470
14:14:35.0 (3978170)|HEAP_ALLOCATE|[13]|Bytes:28
14:14:35.0 (3995982)|SYSTEM_MODE_EXIT|false
14:14:35.4 (4035553)|CUMULATIVE_LIMIT_USAGE
14:14:35.4 (4035553)|LIMIT_USAGE_FOR_NS|(default)|
  Number of SOQL queries: 1 out of 100
  Number of query rows: 6 out of 50000
  Number of SOSL queries: 0 out of 20
  Number of DML statements: 0 out of 150
  Number of DML rows: 0 out of 10000
  Maximum CPU time: 0 out of 10000
  Maximum heap size: 0 out of 6000000
  Number of callouts: 0 out of 100
  Number of Email Invocations: 0 out of 10
  Number of future calls: 0 out of 50
  Number of queueable jobs added to the queue: 0 out of 50
  Number of Mobile Apex push calls: 0 out of 10

14:14:35.4 (4035553)|CUMULATIVE_LIMIT_USAGE_END

14:14:35.0 (4092043)|CODE_UNIT_FINISHED|InventoryController.getInventories
14:14:35.0 (5658606)|EXECUTION_FINISHED
14:14:35.8 (8263436)|EXECUTION_STARTED
14:14:35.8 (8274165)|CODE_UNIT_STARTED|[EXTERNAL]|01p36000006RnKY|InventoryController.getInventories
14:14:35.8 (8320685)|SYSTEM_MODE_ENTER|false
14:14:35.8 (8336853)|HEAP_ALLOCATE|[13]|Bytes:5
14:14:35.8 (8342288)|STATEMENT_EXECUTE|[12]
14:14:35.8 (8344403)|STATEMENT_EXECUTE|[13]
14:14:35.8 (8349225)|HEAP_ALLOCATE|[13]|Bytes:4
14:14:35.8 (8536355)|SOQL_EXECUTE_BEGIN|[13]|Aggregations:0|SELECT id, name, Inventory_Number__c, Customer__c, Contact_Person__c, Value__c, LastModifiedDate FROM Computer_Inventory__c LIMIT 50
14:14:35.8 (11048129)|SOQL_EXECUTE_END|[13]|Rows:6
14:14:35.8 (11073893)|HEAP_ALLOCATE|[13]|Bytes:28
14:14:35.8 (11111885)|HEAP_ALLOCATE|[13]|Bytes:1470
14:14:35.8 (11133644)|HEAP_ALLOCATE|[13]|Bytes:28
14:14:35.8 (11160453)|SYSTEM_MODE_EXIT|false
14:14:35.11 (11192121)|CUMULATIVE_LIMIT_USAGE
14:14:35.11 (11192121)|LIMIT_USAGE_FOR_NS|(default)|
  Number of SOQL queries: 2 out of 100
  Number of query rows: 12 out of 50000
  Number of SOSL queries: 0 out of 20
  Number of DML statements: 0 out of 150
  Number of DML rows: 0 out of 10000
  Maximum CPU time: 0 out of 10000
  Maximum heap size: 0 out of 6000000
  Number of callouts: 0 out of 100
  Number of Email Invocations: 0 out of 10
  Number of future calls: 0 out of 50
  Number of queueable jobs added to the queue: 0 out of 50
  Number of Mobile Apex push calls: 0 out of 10

14:14:35.11 (11192121)|CUMULATIVE_LIMIT_USAGE_END

14:14:35.8 (11247546)|CODE_UNIT_FINISHED|InventoryController.getInventories
14:14:35.8 (12851116)|EXECUTION_FINISHED
