36.0 APEX_CODE,FINEST;APEX_PROFILING,INFO;CALLOUT,INFO;DB,INFO;SYSTEM,DEBUG;VALIDATION,INFO;VISUALFORCE,INFO;WORKFLOW,INFO
05:06:04.0 (436412)|EXECUTION_STARTED
05:06:04.0 (482209)|CODE_UNIT_STARTED|[EXTERNAL]|01p36000005H3V7|expansesController.saveExpense
05:06:04.0 (838546)|HEAP_ALLOCATE|[72]|Bytes:3
05:06:04.0 (917178)|HEAP_ALLOCATE|[77]|Bytes:152
05:06:04.0 (936837)|HEAP_ALLOCATE|[342]|Bytes:408
05:06:04.0 (955658)|HEAP_ALLOCATE|[355]|Bytes:408
05:06:04.0 (972672)|HEAP_ALLOCATE|[467]|Bytes:48
05:06:04.0 (1044863)|HEAP_ALLOCATE|[139]|Bytes:6
05:06:04.0 (1069040)|HEAP_ALLOCATE|[EXTERNAL]|Bytes:4
05:06:04.0 (1102057)|METHOD_ENTRY|[1]|01p36000005H3V7|expansesController.expansesController()
05:06:04.0 (1106717)|STATEMENT_EXECUTE|[1]
05:06:04.0 (1130225)|STATEMENT_EXECUTE|[1]
05:06:04.0 (1171473)|HEAP_ALLOCATE|[50]|Bytes:5
05:06:04.0 (1201434)|HEAP_ALLOCATE|[56]|Bytes:5
05:06:04.0 (1212302)|HEAP_ALLOCATE|[64]|Bytes:7
05:06:04.0 (1237986)|SYSTEM_MODE_ENTER|false
05:06:04.0 (1262504)|HEAP_ALLOCATE|[EXTERNAL]|Bytes:5
05:06:04.0 (1271287)|SYSTEM_MODE_EXIT|false
05:06:04.0 (1295758)|METHOD_EXIT|[1]|expansesController
05:06:04.0 (1311020)|HEAP_ALLOCATE|[EXTERNAL]|Bytes:24
05:06:04.0 (1321706)|SYSTEM_MODE_ENTER|false
05:06:04.0 (1338038)|VARIABLE_SCOPE_BEGIN|[10]|expense|Expense__c|true|false
05:06:04.0 (1434206)|VARIABLE_ASSIGNMENT|[10]|expense|{"Amount__c":20,"Reimbursed__c":true,"Id":"a0H36000001l5KiEAI","Client__c":"","Name":""}|0x45d68ee2
05:06:04.0 (1453709)|HEAP_ALLOCATE|[13]|Bytes:5
05:06:04.0 (1457951)|STATEMENT_EXECUTE|[10]
05:06:04.0 (1459597)|STATEMENT_EXECUTE|[13]
05:06:04.0 (1540367)|HEAP_ALLOCATE|[13]|Bytes:8
05:06:04.0 (1565756)|DML_BEGIN|[13]|Op:Upsert|Type:Expense__c|Rows:1
05:06:04.0 (1590881)|HEAP_ALLOCATE|[EXTERNAL]|Bytes:8
05:06:04.0 (25311015)|DML_END|[13]
05:06:04.0 (25336049)|STATEMENT_EXECUTE|[14]
05:06:04.0 (25379115)|SYSTEM_MODE_EXIT|false
05:06:04.29 (29341039)|CUMULATIVE_LIMIT_USAGE
05:06:04.29 (29341039)|LIMIT_USAGE_FOR_NS|(default)|
  Number of SOQL queries: 0 out of 100
  Number of query rows: 0 out of 50000
  Number of SOSL queries: 0 out of 20
  Number of DML statements: 1 out of 150
  Number of DML rows: 1 out of 10000
  Maximum CPU time: 0 out of 10000
  Maximum heap size: 0 out of 6000000
  Number of callouts: 0 out of 100
  Number of Email Invocations: 0 out of 10
  Number of future calls: 0 out of 50
  Number of queueable jobs added to the queue: 0 out of 50
  Number of Mobile Apex push calls: 0 out of 10

05:06:04.29 (29341039)|CUMULATIVE_LIMIT_USAGE_END

05:06:04.0 (29415379)|CODE_UNIT_FINISHED|expansesController.saveExpense
05:06:04.0 (30641061)|EXECUTION_FINISHED
