36.0 APEX_CODE,FINEST;APEX_PROFILING,INFO;CALLOUT,INFO;DB,INFO;SYSTEM,DEBUG;VALIDATION,INFO;VISUALFORCE,INFO;WORKFLOW,INFO
05:06:06.0 (433786)|EXECUTION_STARTED
05:06:06.0 (473741)|CODE_UNIT_STARTED|[EXTERNAL]|01p36000005H3V7|expansesController.saveExpense
05:06:06.0 (675389)|HEAP_ALLOCATE|[72]|Bytes:3
05:06:06.0 (731299)|HEAP_ALLOCATE|[77]|Bytes:152
05:06:06.0 (747728)|HEAP_ALLOCATE|[342]|Bytes:408
05:06:06.0 (768271)|HEAP_ALLOCATE|[355]|Bytes:408
05:06:06.0 (788382)|HEAP_ALLOCATE|[467]|Bytes:48
05:06:06.0 (855187)|HEAP_ALLOCATE|[139]|Bytes:6
05:06:06.0 (885384)|HEAP_ALLOCATE|[EXTERNAL]|Bytes:4
05:06:06.0 (927027)|METHOD_ENTRY|[1]|01p36000005H3V7|expansesController.expansesController()
05:06:06.0 (934596)|STATEMENT_EXECUTE|[1]
05:06:06.0 (943835)|STATEMENT_EXECUTE|[1]
05:06:06.0 (975070)|HEAP_ALLOCATE|[50]|Bytes:5
05:06:06.0 (996644)|HEAP_ALLOCATE|[56]|Bytes:5
05:06:06.0 (1006698)|HEAP_ALLOCATE|[64]|Bytes:7
05:06:06.0 (1032746)|SYSTEM_MODE_ENTER|false
05:06:06.0 (1049725)|HEAP_ALLOCATE|[EXTERNAL]|Bytes:5
05:06:06.0 (1057373)|SYSTEM_MODE_EXIT|false
05:06:06.0 (1081840)|METHOD_EXIT|[1]|expansesController
05:06:06.0 (1096145)|HEAP_ALLOCATE|[EXTERNAL]|Bytes:24
05:06:06.0 (1104785)|SYSTEM_MODE_ENTER|false
05:06:06.0 (1125872)|VARIABLE_SCOPE_BEGIN|[10]|expense|Expense__c|true|false
05:06:06.0 (1225443)|VARIABLE_ASSIGNMENT|[10]|expense|{"Amount__c":20,"Reimbursed__c":true,"Id":"a0H36000001l5KnEAI","Client__c":"","Name":""}|0x32203489
05:06:06.0 (1241292)|HEAP_ALLOCATE|[13]|Bytes:5
05:06:06.0 (1247316)|STATEMENT_EXECUTE|[10]
05:06:06.0 (1249913)|STATEMENT_EXECUTE|[13]
05:06:06.0 (1305043)|HEAP_ALLOCATE|[13]|Bytes:8
05:06:06.0 (1327544)|DML_BEGIN|[13]|Op:Upsert|Type:Expense__c|Rows:1
05:06:06.0 (1347795)|HEAP_ALLOCATE|[EXTERNAL]|Bytes:8
05:06:06.0 (26540941)|DML_END|[13]
05:06:06.0 (26564165)|STATEMENT_EXECUTE|[14]
05:06:06.0 (26601142)|SYSTEM_MODE_EXIT|false
05:06:06.29 (29934820)|CUMULATIVE_LIMIT_USAGE
05:06:06.29 (29934820)|LIMIT_USAGE_FOR_NS|(default)|
  Number of SOQL queries: 0 out of 100
  Number of query rows: 0 out of 50000
  Number of SOSL queries: 0 out of 20
  Number of DML statements: 1 out of 150
  Number of DML rows: 1 out of 10000
  Maximum CPU time: 0 out of 10000
  Maximum heap size: 0 out of 6000000
  Number of callouts: 0 out of 100
  Number of Email Invocations: 0 out of 10
  Number of future calls: 0 out of 50
  Number of queueable jobs added to the queue: 0 out of 50
  Number of Mobile Apex push calls: 0 out of 10

05:06:06.29 (29934820)|CUMULATIVE_LIMIT_USAGE_END

05:06:06.0 (30001354)|CODE_UNIT_FINISHED|expansesController.saveExpense
05:06:06.0 (30976308)|EXECUTION_FINISHED
