36.0 APEX_CODE,FINEST;APEX_PROFILING,INFO;CALLOUT,INFO;DB,INFO;SYSTEM,DEBUG;VALIDATION,INFO;VISUALFORCE,INFO;WORKFLOW,INFO
09:22:55.0 (453093)|EXECUTION_STARTED
09:22:55.0 (482538)|CODE_UNIT_STARTED|[EXTERNAL]|01p36000004ZxaQ|AccountController.findAll
09:22:55.0 (738859)|HEAP_ALLOCATE|[72]|Bytes:3
09:22:55.0 (797138)|HEAP_ALLOCATE|[77]|Bytes:152
09:22:55.0 (817458)|HEAP_ALLOCATE|[342]|Bytes:408
09:22:55.0 (836494)|HEAP_ALLOCATE|[355]|Bytes:408
09:22:55.0 (855317)|HEAP_ALLOCATE|[467]|Bytes:48
09:22:55.0 (892086)|HEAP_ALLOCATE|[139]|Bytes:6
09:22:55.0 (916211)|HEAP_ALLOCATE|[EXTERNAL]|Bytes:1
09:22:55.0 (934252)|METHOD_ENTRY|[1]|01p36000004ZxaQ|AccountController.AccountController()
09:22:55.0 (938430)|STATEMENT_EXECUTE|[1]
09:22:55.0 (944231)|STATEMENT_EXECUTE|[1]
09:22:55.0 (977612)|HEAP_ALLOCATE|[50]|Bytes:5
09:22:55.0 (1001028)|HEAP_ALLOCATE|[56]|Bytes:5
09:22:55.0 (1011218)|HEAP_ALLOCATE|[64]|Bytes:7
09:22:55.0 (1034090)|SYSTEM_MODE_ENTER|false
09:22:55.0 (1053510)|HEAP_ALLOCATE|[EXTERNAL]|Bytes:5
09:22:55.0 (1061850)|SYSTEM_MODE_EXIT|false
09:22:55.0 (1075736)|METHOD_EXIT|[1]|AccountController
09:22:55.0 (1083373)|SYSTEM_MODE_ENTER|false
09:22:55.0 (1094133)|HEAP_ALLOCATE|[5]|Bytes:5
09:22:55.0 (1097659)|STATEMENT_EXECUTE|[4]
09:22:55.0 (1099355)|STATEMENT_EXECUTE|[5]
09:22:55.0 (1102550)|HEAP_ALLOCATE|[5]|Bytes:157
09:22:55.0 (1112092)|HEAP_ALLOCATE|[5]|Bytes:4
09:22:55.0 (2741696)|SOQL_EXECUTE_BEGIN|[5]|Aggregations:0|SELECT id, name, Location__Latitude__s, Location__Longitude__s FROM Account WHERE (Location__Latitude__s != NULL AND Location__Longitude__s != NULL) LIMIT 50
09:22:55.0 (6706446)|SOQL_EXECUTE_END|[5]|Rows:3
09:22:55.0 (6728985)|HEAP_ALLOCATE|[5]|Bytes:16
09:22:55.0 (6753418)|HEAP_ALLOCATE|[5]|Bytes:520
09:22:55.0 (6799700)|HEAP_ALLOCATE|[5]|Bytes:16
09:22:55.0 (6828274)|SYSTEM_MODE_EXIT|false
09:22:55.6 (6872648)|CUMULATIVE_LIMIT_USAGE
09:22:55.6 (6872648)|LIMIT_USAGE_FOR_NS|(default)|
  Number of SOQL queries: 1 out of 100
  Number of query rows: 3 out of 50000
  Number of SOSL queries: 0 out of 20
  Number of DML statements: 0 out of 150
  Number of DML rows: 0 out of 10000
  Maximum CPU time: 0 out of 10000
  Maximum heap size: 0 out of 6000000
  Number of callouts: 0 out of 100
  Number of Email Invocations: 0 out of 10
  Number of future calls: 0 out of 50
  Number of queueable jobs added to the queue: 0 out of 50
  Number of Mobile Apex push calls: 0 out of 10

09:22:55.6 (6872648)|CUMULATIVE_LIMIT_USAGE_END

09:22:55.0 (6920541)|CODE_UNIT_FINISHED|AccountController.findAll
09:22:55.0 (9067797)|EXECUTION_FINISHED
