36.0 APEX_CODE,FINEST;APEX_PROFILING,INFO;CALLOUT,INFO;DB,INFO;SYSTEM,DEBUG;VALIDATION,INFO;VISUALFORCE,INFO;WORKFLOW,INFO
14:11:18.0 (120423)|EXECUTION_STARTED
14:11:18.0 (162294)|CODE_UNIT_STARTED|[EXTERNAL]|01p36000006RnKY|InventoryController.getInventories
14:11:18.0 (420226)|HEAP_ALLOCATE|[72]|Bytes:3
14:11:18.0 (538873)|HEAP_ALLOCATE|[77]|Bytes:152
14:11:18.0 (565293)|HEAP_ALLOCATE|[342]|Bytes:408
14:11:18.0 (591678)|HEAP_ALLOCATE|[355]|Bytes:408
14:11:18.0 (616072)|HEAP_ALLOCATE|[467]|Bytes:48
14:11:18.0 (690578)|HEAP_ALLOCATE|[139]|Bytes:6
14:11:18.0 (856459)|HEAP_ALLOCATE|[EXTERNAL]|Bytes:4
14:11:18.0 (904703)|METHOD_ENTRY|[1]|01p36000006RnKY|InventoryController.InventoryController()
14:11:18.0 (910373)|STATEMENT_EXECUTE|[1]
14:11:18.0 (918855)|STATEMENT_EXECUTE|[1]
14:11:18.0 (962126)|HEAP_ALLOCATE|[50]|Bytes:5
14:11:18.0 (1000042)|HEAP_ALLOCATE|[56]|Bytes:5
14:11:18.0 (1015352)|HEAP_ALLOCATE|[64]|Bytes:7
14:11:18.0 (1051659)|SYSTEM_MODE_ENTER|false
14:11:18.0 (1157117)|HEAP_ALLOCATE|[EXTERNAL]|Bytes:5
14:11:18.0 (1168250)|SYSTEM_MODE_EXIT|false
14:11:18.0 (1185716)|METHOD_EXIT|[1]|InventoryController
14:11:18.0 (1196399)|SYSTEM_MODE_ENTER|false
14:11:18.0 (1212869)|HEAP_ALLOCATE|[13]|Bytes:5
14:11:18.0 (1216942)|STATEMENT_EXECUTE|[12]
14:11:18.0 (1218634)|STATEMENT_EXECUTE|[13]
14:11:18.0 (1221866)|HEAP_ALLOCATE|[13]|Bytes:132
14:11:18.0 (1236634)|HEAP_ALLOCATE|[13]|Bytes:4
14:11:18.0 (1814407)|SOQL_EXECUTE_BEGIN|[13]|Aggregations:0|SELECT id, name, Inventory_Number__c, Customer__c, Contact_Person__c, Value__c, LastModifiedDate FROM Computer_Inventory__c LIMIT 50
14:11:18.0 (4856413)|SOQL_EXECUTE_END|[13]|Rows:6
14:11:18.0 (4885213)|HEAP_ALLOCATE|[13]|Bytes:28
14:11:18.0 (4940751)|HEAP_ALLOCATE|[13]|Bytes:1470
14:11:18.0 (5094312)|HEAP_ALLOCATE|[13]|Bytes:28
14:11:18.0 (5136908)|SYSTEM_MODE_EXIT|false
14:11:18.5 (5185496)|CUMULATIVE_LIMIT_USAGE
14:11:18.5 (5185496)|LIMIT_USAGE_FOR_NS|(default)|
  Number of SOQL queries: 1 out of 100
  Number of query rows: 6 out of 50000
  Number of SOSL queries: 0 out of 20
  Number of DML statements: 0 out of 150
  Number of DML rows: 0 out of 10000
  Maximum CPU time: 0 out of 10000
  Maximum heap size: 0 out of 6000000
  Number of callouts: 0 out of 100
  Number of Email Invocations: 0 out of 10
  Number of future calls: 0 out of 50
  Number of queueable jobs added to the queue: 0 out of 50
  Number of Mobile Apex push calls: 0 out of 10

14:11:18.5 (5185496)|CUMULATIVE_LIMIT_USAGE_END

14:11:18.0 (5241795)|CODE_UNIT_FINISHED|InventoryController.getInventories
14:11:18.0 (6786665)|EXECUTION_FINISHED
14:11:18.9 (9157374)|EXECUTION_STARTED
14:11:18.9 (9166358)|CODE_UNIT_STARTED|[EXTERNAL]|01p36000006RnKY|InventoryController.getInventories
14:11:18.9 (9207550)|SYSTEM_MODE_ENTER|false
14:11:18.9 (9222404)|HEAP_ALLOCATE|[13]|Bytes:5
14:11:18.9 (9227812)|STATEMENT_EXECUTE|[12]
14:11:18.9 (9229448)|STATEMENT_EXECUTE|[13]
14:11:18.9 (9234840)|HEAP_ALLOCATE|[13]|Bytes:4
14:11:18.9 (9467818)|SOQL_EXECUTE_BEGIN|[13]|Aggregations:0|SELECT id, name, Inventory_Number__c, Customer__c, Contact_Person__c, Value__c, LastModifiedDate FROM Computer_Inventory__c LIMIT 50
14:11:18.9 (12148987)|SOQL_EXECUTE_END|[13]|Rows:6
14:11:18.9 (12167180)|HEAP_ALLOCATE|[13]|Bytes:28
14:11:18.9 (12196642)|HEAP_ALLOCATE|[13]|Bytes:1470
14:11:18.9 (12216485)|HEAP_ALLOCATE|[13]|Bytes:28
14:11:18.9 (12233850)|SYSTEM_MODE_EXIT|false
14:11:18.12 (12260309)|CUMULATIVE_LIMIT_USAGE
14:11:18.12 (12260309)|LIMIT_USAGE_FOR_NS|(default)|
  Number of SOQL queries: 2 out of 100
  Number of query rows: 12 out of 50000
  Number of SOSL queries: 0 out of 20
  Number of DML statements: 0 out of 150
  Number of DML rows: 0 out of 10000
  Maximum CPU time: 0 out of 10000
  Maximum heap size: 0 out of 6000000
  Number of callouts: 0 out of 100
  Number of Email Invocations: 0 out of 10
  Number of future calls: 0 out of 50
  Number of queueable jobs added to the queue: 0 out of 50
  Number of Mobile Apex push calls: 0 out of 10

14:11:18.12 (12260309)|CUMULATIVE_LIMIT_USAGE_END

14:11:18.9 (12303773)|CODE_UNIT_FINISHED|InventoryController.getInventories
14:11:18.9 (13837316)|EXECUTION_FINISHED
