36.0 APEX_CODE,FINEST;APEX_PROFILING,INFO;CALLOUT,INFO;DB,INFO;SYSTEM,DEBUG;VALIDATION,INFO;VISUALFORCE,INFO;WORKFLOW,INFO
03:53:19.0 (106901)|EXECUTION_STARTED
03:53:19.0 (155725)|CODE_UNIT_STARTED|[EXTERNAL]|01p36000006RnKY|InventoryController.getInventories
03:53:19.0 (850896)|HEAP_ALLOCATE|[72]|Bytes:3
03:53:19.0 (936397)|HEAP_ALLOCATE|[77]|Bytes:152
03:53:19.0 (992900)|HEAP_ALLOCATE|[342]|Bytes:408
03:53:19.0 (1063990)|HEAP_ALLOCATE|[355]|Bytes:408
03:53:19.0 (1134410)|HEAP_ALLOCATE|[467]|Bytes:48
03:53:19.0 (1217086)|HEAP_ALLOCATE|[139]|Bytes:6
03:53:19.0 (1269590)|HEAP_ALLOCATE|[EXTERNAL]|Bytes:4
03:53:19.0 (1304420)|METHOD_ENTRY|[1]|01p36000006RnKY|InventoryController.InventoryController()
03:53:19.0 (1316967)|STATEMENT_EXECUTE|[1]
03:53:19.0 (1333136)|STATEMENT_EXECUTE|[1]
03:53:19.0 (1385097)|HEAP_ALLOCATE|[50]|Bytes:5
03:53:19.0 (1439101)|HEAP_ALLOCATE|[56]|Bytes:5
03:53:19.0 (1470511)|HEAP_ALLOCATE|[64]|Bytes:7
03:53:19.0 (1516261)|SYSTEM_MODE_ENTER|false
03:53:19.0 (1548159)|HEAP_ALLOCATE|[EXTERNAL]|Bytes:5
03:53:19.0 (1566434)|SYSTEM_MODE_EXIT|false
03:53:19.0 (1588802)|METHOD_EXIT|[1]|InventoryController
03:53:19.0 (1605587)|SYSTEM_MODE_ENTER|false
03:53:19.0 (1631638)|HEAP_ALLOCATE|[13]|Bytes:5
03:53:19.0 (1645275)|STATEMENT_EXECUTE|[12]
03:53:19.0 (1652777)|STATEMENT_EXECUTE|[13]
03:53:19.0 (1663670)|HEAP_ALLOCATE|[13]|Bytes:132
03:53:19.0 (1687866)|HEAP_ALLOCATE|[13]|Bytes:4
03:53:19.0 (2245207)|SOQL_EXECUTE_BEGIN|[13]|Aggregations:0|SELECT id, name, Inventory_Number__c, Customer__c, Contact_Person__c, Value__c, LastModifiedDate FROM Computer_Inventory__c LIMIT 50
03:53:19.0 (20982381)|SOQL_EXECUTE_END|[13]|Rows:5
03:53:19.0 (21020948)|HEAP_ALLOCATE|[13]|Bytes:24
03:53:19.0 (21072746)|HEAP_ALLOCATE|[13]|Bytes:1224
03:53:19.0 (21149218)|HEAP_ALLOCATE|[13]|Bytes:24
03:53:19.0 (21188959)|SYSTEM_MODE_EXIT|false
03:53:19.21 (21258421)|CUMULATIVE_LIMIT_USAGE
03:53:19.21 (21258421)|LIMIT_USAGE_FOR_NS|(default)|
  Number of SOQL queries: 1 out of 100
  Number of query rows: 5 out of 50000
  Number of SOSL queries: 0 out of 20
  Number of DML statements: 0 out of 150
  Number of DML rows: 0 out of 10000
  Maximum CPU time: 0 out of 10000
  Maximum heap size: 0 out of 6000000
  Number of callouts: 0 out of 100
  Number of Email Invocations: 0 out of 10
  Number of future calls: 0 out of 50
  Number of queueable jobs added to the queue: 0 out of 50
  Number of Mobile Apex push calls: 0 out of 10

03:53:19.21 (21258421)|CUMULATIVE_LIMIT_USAGE_END

03:53:19.0 (21322277)|CODE_UNIT_FINISHED|InventoryController.getInventories
03:53:19.0 (23643183)|EXECUTION_FINISHED
