36.0 APEX_CODE,FINEST;APEX_PROFILING,INFO;CALLOUT,INFO;DB,INFO;SYSTEM,DEBUG;VALIDATION,INFO;VISUALFORCE,INFO;WORKFLOW,INFO
14:11:59.0 (86353)|EXECUTION_STARTED
14:11:59.0 (132614)|CODE_UNIT_STARTED|[EXTERNAL]|01p36000006RnKY|InventoryController.getInventories
14:11:59.0 (339702)|HEAP_ALLOCATE|[72]|Bytes:3
14:11:59.0 (408987)|HEAP_ALLOCATE|[77]|Bytes:152
14:11:59.0 (432513)|HEAP_ALLOCATE|[342]|Bytes:408
14:11:59.0 (453377)|HEAP_ALLOCATE|[355]|Bytes:408
14:11:59.0 (473237)|HEAP_ALLOCATE|[467]|Bytes:48
14:11:59.0 (513391)|HEAP_ALLOCATE|[139]|Bytes:6
14:11:59.0 (635151)|HEAP_ALLOCATE|[EXTERNAL]|Bytes:4
14:11:59.0 (653339)|METHOD_ENTRY|[1]|01p36000006RnKY|InventoryController.InventoryController()
14:11:59.0 (659332)|STATEMENT_EXECUTE|[1]
14:11:59.0 (666500)|STATEMENT_EXECUTE|[1]
14:11:59.0 (706628)|HEAP_ALLOCATE|[50]|Bytes:5
14:11:59.0 (738003)|HEAP_ALLOCATE|[56]|Bytes:5
14:11:59.0 (750069)|HEAP_ALLOCATE|[64]|Bytes:7
14:11:59.0 (786501)|SYSTEM_MODE_ENTER|false
14:11:59.0 (809598)|HEAP_ALLOCATE|[EXTERNAL]|Bytes:5
14:11:59.0 (820363)|SYSTEM_MODE_EXIT|false
14:11:59.0 (838862)|METHOD_EXIT|[1]|InventoryController
14:11:59.0 (853337)|SYSTEM_MODE_ENTER|false
14:11:59.0 (869189)|HEAP_ALLOCATE|[13]|Bytes:5
14:11:59.0 (875065)|STATEMENT_EXECUTE|[12]
14:11:59.0 (877846)|STATEMENT_EXECUTE|[13]
14:11:59.0 (882031)|HEAP_ALLOCATE|[13]|Bytes:132
14:11:59.0 (895056)|HEAP_ALLOCATE|[13]|Bytes:4
14:11:59.0 (1347341)|SOQL_EXECUTE_BEGIN|[13]|Aggregations:0|SELECT id, name, Inventory_Number__c, Customer__c, Contact_Person__c, Value__c, LastModifiedDate FROM Computer_Inventory__c LIMIT 50
14:11:59.0 (3816032)|SOQL_EXECUTE_END|[13]|Rows:6
14:11:59.0 (3837811)|HEAP_ALLOCATE|[13]|Bytes:28
14:11:59.0 (3873914)|HEAP_ALLOCATE|[13]|Bytes:1470
14:11:59.0 (3993712)|HEAP_ALLOCATE|[13]|Bytes:28
14:11:59.0 (4018032)|SYSTEM_MODE_EXIT|false
14:11:59.4 (4065859)|CUMULATIVE_LIMIT_USAGE
14:11:59.4 (4065859)|LIMIT_USAGE_FOR_NS|(default)|
  Number of SOQL queries: 1 out of 100
  Number of query rows: 6 out of 50000
  Number of SOSL queries: 0 out of 20
  Number of DML statements: 0 out of 150
  Number of DML rows: 0 out of 10000
  Maximum CPU time: 0 out of 10000
  Maximum heap size: 0 out of 6000000
  Number of callouts: 0 out of 100
  Number of Email Invocations: 0 out of 10
  Number of future calls: 0 out of 50
  Number of queueable jobs added to the queue: 0 out of 50
  Number of Mobile Apex push calls: 0 out of 10

14:11:59.4 (4065859)|CUMULATIVE_LIMIT_USAGE_END

14:11:59.0 (4126419)|CODE_UNIT_FINISHED|InventoryController.getInventories
14:11:59.0 (5636048)|EXECUTION_FINISHED
14:11:59.7 (7894292)|EXECUTION_STARTED
14:11:59.7 (7906827)|CODE_UNIT_STARTED|[EXTERNAL]|01p36000006RnKY|InventoryController.getInventories
14:11:59.7 (7951557)|SYSTEM_MODE_ENTER|false
14:11:59.7 (7968151)|HEAP_ALLOCATE|[13]|Bytes:5
14:11:59.7 (7974220)|STATEMENT_EXECUTE|[12]
14:11:59.7 (7976964)|STATEMENT_EXECUTE|[13]
14:11:59.7 (7981858)|HEAP_ALLOCATE|[13]|Bytes:4
14:11:59.7 (8159940)|SOQL_EXECUTE_BEGIN|[13]|Aggregations:0|SELECT id, name, Inventory_Number__c, Customer__c, Contact_Person__c, Value__c, LastModifiedDate FROM Computer_Inventory__c LIMIT 50
14:11:59.7 (10424502)|SOQL_EXECUTE_END|[13]|Rows:6
14:11:59.7 (10441455)|HEAP_ALLOCATE|[13]|Bytes:28
14:11:59.7 (10467750)|HEAP_ALLOCATE|[13]|Bytes:1470
14:11:59.7 (10483976)|HEAP_ALLOCATE|[13]|Bytes:28
14:11:59.7 (10502153)|SYSTEM_MODE_EXIT|false
14:11:59.10 (10532699)|CUMULATIVE_LIMIT_USAGE
14:11:59.10 (10532699)|LIMIT_USAGE_FOR_NS|(default)|
  Number of SOQL queries: 2 out of 100
  Number of query rows: 12 out of 50000
  Number of SOSL queries: 0 out of 20
  Number of DML statements: 0 out of 150
  Number of DML rows: 0 out of 10000
  Maximum CPU time: 0 out of 10000
  Maximum heap size: 0 out of 6000000
  Number of callouts: 0 out of 100
  Number of Email Invocations: 0 out of 10
  Number of future calls: 0 out of 50
  Number of queueable jobs added to the queue: 0 out of 50
  Number of Mobile Apex push calls: 0 out of 10

14:11:59.10 (10532699)|CUMULATIVE_LIMIT_USAGE_END

14:11:59.7 (10576525)|CODE_UNIT_FINISHED|InventoryController.getInventories
14:11:59.7 (11973128)|EXECUTION_FINISHED
