36.0 APEX_CODE,FINEST;APEX_PROFILING,INFO;CALLOUT,INFO;DB,INFO;SYSTEM,DEBUG;VALIDATION,INFO;VISUALFORCE,INFO;WORKFLOW,INFO
13:46:42.0 (93622)|EXECUTION_STARTED
13:46:42.0 (141122)|CODE_UNIT_STARTED|[EXTERNAL]|01p36000006RnKY|InventoryController.getInventories
13:46:42.0 (315078)|HEAP_ALLOCATE|[72]|Bytes:3
13:46:42.0 (378958)|HEAP_ALLOCATE|[77]|Bytes:152
13:46:42.0 (400075)|HEAP_ALLOCATE|[342]|Bytes:408
13:46:42.0 (423037)|HEAP_ALLOCATE|[355]|Bytes:408
13:46:42.0 (444767)|HEAP_ALLOCATE|[467]|Bytes:48
13:46:42.0 (483766)|HEAP_ALLOCATE|[139]|Bytes:6
13:46:42.0 (588638)|HEAP_ALLOCATE|[EXTERNAL]|Bytes:4
13:46:42.0 (610883)|METHOD_ENTRY|[1]|01p36000006RnKY|InventoryController.InventoryController()
13:46:42.0 (616476)|STATEMENT_EXECUTE|[1]
13:46:42.0 (627943)|STATEMENT_EXECUTE|[1]
13:46:42.0 (665889)|HEAP_ALLOCATE|[50]|Bytes:5
13:46:42.0 (693561)|HEAP_ALLOCATE|[56]|Bytes:5
13:46:42.0 (703553)|HEAP_ALLOCATE|[64]|Bytes:7
13:46:42.0 (735145)|SYSTEM_MODE_ENTER|false
13:46:42.0 (755057)|HEAP_ALLOCATE|[EXTERNAL]|Bytes:5
13:46:42.0 (763162)|SYSTEM_MODE_EXIT|false
13:46:42.0 (775265)|METHOD_EXIT|[1]|InventoryController
13:46:42.0 (784693)|SYSTEM_MODE_ENTER|false
13:46:42.0 (797480)|HEAP_ALLOCATE|[13]|Bytes:5
13:46:42.0 (801359)|STATEMENT_EXECUTE|[12]
13:46:42.0 (803301)|STATEMENT_EXECUTE|[13]
13:46:42.0 (806604)|HEAP_ALLOCATE|[13]|Bytes:132
13:46:42.0 (818279)|HEAP_ALLOCATE|[13]|Bytes:4
13:46:42.0 (1324963)|SOQL_EXECUTE_BEGIN|[13]|Aggregations:0|SELECT id, name, Inventory_Number__c, Customer__c, Contact_Person__c, Value__c, LastModifiedDate FROM Computer_Inventory__c LIMIT 50
13:46:42.0 (4681784)|SOQL_EXECUTE_END|[13]|Rows:5
13:46:42.0 (4708021)|HEAP_ALLOCATE|[13]|Bytes:24
13:46:42.0 (4737512)|HEAP_ALLOCATE|[13]|Bytes:1224
13:46:42.0 (4832564)|HEAP_ALLOCATE|[13]|Bytes:24
13:46:42.0 (4853949)|SYSTEM_MODE_EXIT|false
13:46:42.4 (4898109)|CUMULATIVE_LIMIT_USAGE
13:46:42.4 (4898109)|LIMIT_USAGE_FOR_NS|(default)|
  Number of SOQL queries: 1 out of 100
  Number of query rows: 5 out of 50000
  Number of SOSL queries: 0 out of 20
  Number of DML statements: 0 out of 150
  Number of DML rows: 0 out of 10000
  Maximum CPU time: 0 out of 10000
  Maximum heap size: 0 out of 6000000
  Number of callouts: 0 out of 100
  Number of Email Invocations: 0 out of 10
  Number of future calls: 0 out of 50
  Number of queueable jobs added to the queue: 0 out of 50
  Number of Mobile Apex push calls: 0 out of 10

13:46:42.4 (4898109)|CUMULATIVE_LIMIT_USAGE_END

13:46:42.0 (4961497)|CODE_UNIT_FINISHED|InventoryController.getInventories
13:46:42.0 (6653264)|EXECUTION_FINISHED
