36.0 APEX_CODE,FINEST;APEX_PROFILING,INFO;CALLOUT,INFO;DB,INFO;SYSTEM,DEBUG;VALIDATION,INFO;VISUALFORCE,INFO;WORKFLOW,INFO
09:18:20.0 (467881)|EXECUTION_STARTED
09:18:20.0 (500369)|CODE_UNIT_STARTED|[EXTERNAL]|01p36000004ZxaQ|AccountController.findAll
09:18:20.0 (680275)|HEAP_ALLOCATE|[72]|Bytes:3
09:18:20.0 (748346)|HEAP_ALLOCATE|[77]|Bytes:152
09:18:20.0 (770317)|HEAP_ALLOCATE|[342]|Bytes:408
09:18:20.0 (790233)|HEAP_ALLOCATE|[355]|Bytes:408
09:18:20.0 (808692)|HEAP_ALLOCATE|[467]|Bytes:48
09:18:20.0 (854827)|HEAP_ALLOCATE|[139]|Bytes:6
09:18:20.0 (951827)|HEAP_ALLOCATE|[EXTERNAL]|Bytes:1
09:18:20.0 (964676)|METHOD_ENTRY|[1]|01p36000004ZxaQ|AccountController.AccountController()
09:18:20.0 (969206)|STATEMENT_EXECUTE|[1]
09:18:20.0 (975846)|STATEMENT_EXECUTE|[1]
09:18:20.0 (1011014)|HEAP_ALLOCATE|[50]|Bytes:5
09:18:20.0 (1058224)|HEAP_ALLOCATE|[56]|Bytes:5
09:18:20.0 (1078473)|HEAP_ALLOCATE|[64]|Bytes:7
09:18:20.0 (1224170)|SYSTEM_MODE_ENTER|false
09:18:20.0 (1246048)|HEAP_ALLOCATE|[EXTERNAL]|Bytes:5
09:18:20.0 (1256471)|SYSTEM_MODE_EXIT|false
09:18:20.0 (1264890)|METHOD_EXIT|[1]|AccountController
09:18:20.0 (1274369)|SYSTEM_MODE_ENTER|false
09:18:20.0 (1289666)|HEAP_ALLOCATE|[5]|Bytes:5
09:18:20.0 (1293795)|STATEMENT_EXECUTE|[4]
09:18:20.0 (1295526)|STATEMENT_EXECUTE|[5]
09:18:20.0 (1298809)|HEAP_ALLOCATE|[5]|Bytes:157
09:18:20.0 (1312121)|HEAP_ALLOCATE|[5]|Bytes:4
09:18:20.0 (2896006)|SOQL_EXECUTE_BEGIN|[5]|Aggregations:0|SELECT id, name, Location__Latitude__s, Location__Longitude__s FROM Account WHERE (Location__Latitude__s != NULL AND Location__Longitude__s != NULL) LIMIT 50
09:18:20.0 (7099740)|SOQL_EXECUTE_END|[5]|Rows:3
09:18:20.0 (7125901)|HEAP_ALLOCATE|[5]|Bytes:16
09:18:20.0 (7150370)|HEAP_ALLOCATE|[5]|Bytes:520
09:18:20.0 (7249017)|HEAP_ALLOCATE|[5]|Bytes:16
09:18:20.0 (7268630)|SYSTEM_MODE_EXIT|false
09:18:20.7 (7311577)|CUMULATIVE_LIMIT_USAGE
09:18:20.7 (7311577)|LIMIT_USAGE_FOR_NS|(default)|
  Number of SOQL queries: 1 out of 100
  Number of query rows: 3 out of 50000
  Number of SOSL queries: 0 out of 20
  Number of DML statements: 0 out of 150
  Number of DML rows: 0 out of 10000
  Maximum CPU time: 0 out of 10000
  Maximum heap size: 0 out of 6000000
  Number of callouts: 0 out of 100
  Number of Email Invocations: 0 out of 10
  Number of future calls: 0 out of 50
  Number of queueable jobs added to the queue: 0 out of 50
  Number of Mobile Apex push calls: 0 out of 10

09:18:20.7 (7311577)|CUMULATIVE_LIMIT_USAGE_END

09:18:20.0 (7348656)|CODE_UNIT_FINISHED|AccountController.findAll
09:18:20.0 (9005339)|EXECUTION_FINISHED
