36.0 APEX_CODE,FINEST;APEX_PROFILING,INFO;CALLOUT,INFO;DB,INFO;SYSTEM,DEBUG;VALIDATION,INFO;VISUALFORCE,INFO;WORKFLOW,INFO
13:43:25.0 (88098)|EXECUTION_STARTED
13:43:25.0 (129295)|CODE_UNIT_STARTED|[EXTERNAL]|01p36000006RnKY|InventoryController.getInventories
13:43:25.0 (542563)|HEAP_ALLOCATE|[72]|Bytes:3
13:43:25.0 (621851)|HEAP_ALLOCATE|[77]|Bytes:152
13:43:25.0 (652156)|HEAP_ALLOCATE|[342]|Bytes:408
13:43:25.0 (680323)|HEAP_ALLOCATE|[355]|Bytes:408
13:43:25.0 (706713)|HEAP_ALLOCATE|[467]|Bytes:48
13:43:25.0 (769268)|HEAP_ALLOCATE|[139]|Bytes:6
13:43:25.0 (810437)|HEAP_ALLOCATE|[EXTERNAL]|Bytes:4
13:43:25.0 (832878)|METHOD_ENTRY|[1]|01p36000006RnKY|InventoryController.InventoryController()
13:43:25.0 (840811)|STATEMENT_EXECUTE|[1]
13:43:25.0 (852394)|STATEMENT_EXECUTE|[1]
13:43:25.0 (897467)|HEAP_ALLOCATE|[50]|Bytes:5
13:43:25.0 (940138)|HEAP_ALLOCATE|[56]|Bytes:5
13:43:25.0 (960287)|HEAP_ALLOCATE|[64]|Bytes:7
13:43:25.0 (998927)|SYSTEM_MODE_ENTER|false
13:43:25.0 (1022131)|HEAP_ALLOCATE|[EXTERNAL]|Bytes:5
13:43:25.0 (1037943)|SYSTEM_MODE_EXIT|false
13:43:25.0 (1054589)|METHOD_EXIT|[1]|InventoryController
13:43:25.0 (1068090)|SYSTEM_MODE_ENTER|false
13:43:25.0 (1089333)|HEAP_ALLOCATE|[13]|Bytes:5
13:43:25.0 (1097596)|STATEMENT_EXECUTE|[12]
13:43:25.0 (1101496)|STATEMENT_EXECUTE|[13]
13:43:25.0 (1106992)|HEAP_ALLOCATE|[13]|Bytes:132
13:43:25.0 (1126076)|HEAP_ALLOCATE|[13]|Bytes:4
13:43:25.0 (1704091)|SOQL_EXECUTE_BEGIN|[13]|Aggregations:0|SELECT id, name, Inventory_Number__c, Customer__c, Contact_Person__c, Value__c, LastModifiedDate FROM Computer_Inventory__c LIMIT 50
13:43:25.0 (5034465)|SOQL_EXECUTE_END|[13]|Rows:5
13:43:25.0 (5068263)|HEAP_ALLOCATE|[13]|Bytes:24
13:43:25.0 (5111220)|HEAP_ALLOCATE|[13]|Bytes:1224
13:43:25.0 (5163817)|HEAP_ALLOCATE|[13]|Bytes:24
13:43:25.0 (5188295)|SYSTEM_MODE_EXIT|false
13:43:25.5 (5241019)|CUMULATIVE_LIMIT_USAGE
13:43:25.5 (5241019)|LIMIT_USAGE_FOR_NS|(default)|
  Number of SOQL queries: 1 out of 100
  Number of query rows: 5 out of 50000
  Number of SOSL queries: 0 out of 20
  Number of DML statements: 0 out of 150
  Number of DML rows: 0 out of 10000
  Maximum CPU time: 0 out of 10000
  Maximum heap size: 0 out of 6000000
  Number of callouts: 0 out of 100
  Number of Email Invocations: 0 out of 10
  Number of future calls: 0 out of 50
  Number of queueable jobs added to the queue: 0 out of 50
  Number of Mobile Apex push calls: 0 out of 10

13:43:25.5 (5241019)|CUMULATIVE_LIMIT_USAGE_END

13:43:25.0 (5293308)|CODE_UNIT_FINISHED|InventoryController.getInventories
13:43:25.0 (6901206)|EXECUTION_FINISHED
