36.0 APEX_CODE,FINEST;APEX_PROFILING,INFO;CALLOUT,INFO;DB,INFO;SYSTEM,DEBUG;VALIDATION,INFO;VISUALFORCE,INFO;WORKFLOW,INFO
13:29:01.0 (132630)|EXECUTION_STARTED
13:29:01.0 (216315)|CODE_UNIT_STARTED|[EXTERNAL]|01p36000006RnKY|InventoryController.findAll
13:29:01.0 (426678)|HEAP_ALLOCATE|[72]|Bytes:3
13:29:01.0 (498222)|HEAP_ALLOCATE|[77]|Bytes:152
13:29:01.0 (521473)|HEAP_ALLOCATE|[342]|Bytes:408
13:29:01.0 (543155)|HEAP_ALLOCATE|[355]|Bytes:408
13:29:01.0 (563040)|HEAP_ALLOCATE|[467]|Bytes:48
13:29:01.0 (603161)|HEAP_ALLOCATE|[139]|Bytes:6
13:29:01.0 (740234)|HEAP_ALLOCATE|[EXTERNAL]|Bytes:4
13:29:01.0 (763244)|METHOD_ENTRY|[1]|01p36000006RnKY|InventoryController.InventoryController()
13:29:01.0 (782997)|STATEMENT_EXECUTE|[1]
13:29:01.0 (794973)|STATEMENT_EXECUTE|[1]
13:29:01.0 (837254)|HEAP_ALLOCATE|[50]|Bytes:5
13:29:01.0 (866752)|HEAP_ALLOCATE|[56]|Bytes:5
13:29:01.0 (878521)|HEAP_ALLOCATE|[64]|Bytes:7
13:29:01.0 (920178)|SYSTEM_MODE_ENTER|false
13:29:01.0 (943481)|HEAP_ALLOCATE|[EXTERNAL]|Bytes:5
13:29:01.0 (961344)|SYSTEM_MODE_EXIT|false
13:29:01.0 (980248)|METHOD_EXIT|[1]|InventoryController
13:29:01.0 (991802)|SYSTEM_MODE_ENTER|false
13:29:01.0 (1008506)|HEAP_ALLOCATE|[5]|Bytes:5
13:29:01.0 (1015634)|STATEMENT_EXECUTE|[4]
13:29:01.0 (1018043)|STATEMENT_EXECUTE|[5]
13:29:01.0 (1022394)|HEAP_ALLOCATE|[5]|Bytes:132
13:29:01.0 (1039901)|HEAP_ALLOCATE|[5]|Bytes:4
13:29:01.0 (1597257)|SOQL_EXECUTE_BEGIN|[5]|Aggregations:0|SELECT id, name, Inventory_Number__c, Customer__c, Contact_Person__c, Value__c, LastModifiedDate FROM Computer_Inventory__c LIMIT 50
13:29:01.0 (5448893)|SOQL_EXECUTE_END|[5]|Rows:5
13:29:01.0 (5479197)|HEAP_ALLOCATE|[5]|Bytes:24
13:29:01.0 (5520179)|HEAP_ALLOCATE|[5]|Bytes:1224
13:29:01.0 (5682591)|HEAP_ALLOCATE|[5]|Bytes:24
13:29:01.0 (5707309)|SYSTEM_MODE_EXIT|false
13:29:01.5 (5749234)|CUMULATIVE_LIMIT_USAGE
13:29:01.5 (5749234)|LIMIT_USAGE_FOR_NS|(default)|
  Number of SOQL queries: 1 out of 100
  Number of query rows: 5 out of 50000
  Number of SOSL queries: 0 out of 20
  Number of DML statements: 0 out of 150
  Number of DML rows: 0 out of 10000
  Maximum CPU time: 0 out of 10000
  Maximum heap size: 0 out of 6000000
  Number of callouts: 0 out of 100
  Number of Email Invocations: 0 out of 10
  Number of future calls: 0 out of 50
  Number of queueable jobs added to the queue: 0 out of 50
  Number of Mobile Apex push calls: 0 out of 10

13:29:01.5 (5749234)|CUMULATIVE_LIMIT_USAGE_END

13:29:01.0 (5805038)|CODE_UNIT_FINISHED|InventoryController.findAll
13:29:01.0 (7661368)|EXECUTION_FINISHED
