36.0 APEX_CODE,FINEST;APEX_PROFILING,INFO;CALLOUT,INFO;DB,INFO;SYSTEM,DEBUG;VALIDATION,INFO;VISUALFORCE,INFO;WORKFLOW,INFO
13:56:55.0 (106072)|EXECUTION_STARTED
13:56:55.0 (149830)|CODE_UNIT_STARTED|[EXTERNAL]|01p36000006RnKY|InventoryController.getInventories
13:56:55.0 (637367)|HEAP_ALLOCATE|[72]|Bytes:3
13:56:55.0 (710242)|HEAP_ALLOCATE|[77]|Bytes:152
13:56:55.0 (735140)|HEAP_ALLOCATE|[342]|Bytes:408
13:56:55.0 (758999)|HEAP_ALLOCATE|[355]|Bytes:408
13:56:55.0 (781548)|HEAP_ALLOCATE|[467]|Bytes:48
13:56:55.0 (857601)|HEAP_ALLOCATE|[139]|Bytes:6
13:56:55.0 (893382)|HEAP_ALLOCATE|[EXTERNAL]|Bytes:4
13:56:55.0 (913660)|METHOD_ENTRY|[1]|01p36000006RnKY|InventoryController.InventoryController()
13:56:55.0 (919709)|STATEMENT_EXECUTE|[1]
13:56:55.0 (926292)|STATEMENT_EXECUTE|[1]
13:56:55.0 (965621)|HEAP_ALLOCATE|[50]|Bytes:5
13:56:55.0 (999539)|HEAP_ALLOCATE|[56]|Bytes:5
13:56:55.0 (1013237)|HEAP_ALLOCATE|[64]|Bytes:7
13:56:55.0 (1061953)|SYSTEM_MODE_ENTER|false
13:56:55.0 (1084890)|HEAP_ALLOCATE|[EXTERNAL]|Bytes:5
13:56:55.0 (1094468)|SYSTEM_MODE_EXIT|false
13:56:55.0 (1108634)|METHOD_EXIT|[1]|InventoryController
13:56:55.0 (1119553)|SYSTEM_MODE_ENTER|false
13:56:55.0 (1135774)|HEAP_ALLOCATE|[13]|Bytes:5
13:56:55.0 (1140500)|STATEMENT_EXECUTE|[12]
13:56:55.0 (1142217)|STATEMENT_EXECUTE|[13]
13:56:55.0 (1146375)|HEAP_ALLOCATE|[13]|Bytes:132
13:56:55.0 (1160712)|HEAP_ALLOCATE|[13]|Bytes:4
13:56:55.0 (1735646)|SOQL_EXECUTE_BEGIN|[13]|Aggregations:0|SELECT id, name, Inventory_Number__c, Customer__c, Contact_Person__c, Value__c, LastModifiedDate FROM Computer_Inventory__c LIMIT 50
13:56:55.0 (5723381)|SOQL_EXECUTE_END|[13]|Rows:5
13:56:55.0 (5748883)|HEAP_ALLOCATE|[13]|Bytes:24
13:56:55.0 (5784704)|HEAP_ALLOCATE|[13]|Bytes:1224
13:56:55.0 (5837577)|HEAP_ALLOCATE|[13]|Bytes:24
13:56:55.0 (5855976)|SYSTEM_MODE_EXIT|false
13:56:55.5 (5904331)|CUMULATIVE_LIMIT_USAGE
13:56:55.5 (5904331)|LIMIT_USAGE_FOR_NS|(default)|
  Number of SOQL queries: 1 out of 100
  Number of query rows: 5 out of 50000
  Number of SOSL queries: 0 out of 20
  Number of DML statements: 0 out of 150
  Number of DML rows: 0 out of 10000
  Maximum CPU time: 0 out of 10000
  Maximum heap size: 0 out of 6000000
  Number of callouts: 0 out of 100
  Number of Email Invocations: 0 out of 10
  Number of future calls: 0 out of 50
  Number of queueable jobs added to the queue: 0 out of 50
  Number of Mobile Apex push calls: 0 out of 10

13:56:55.5 (5904331)|CUMULATIVE_LIMIT_USAGE_END

13:56:55.0 (5962452)|CODE_UNIT_FINISHED|InventoryController.getInventories
13:56:55.0 (8230933)|EXECUTION_FINISHED
13:56:55.11 (11126640)|EXECUTION_STARTED
13:56:55.11 (11136043)|CODE_UNIT_STARTED|[EXTERNAL]|01p36000006RnKY|InventoryController.getInventories
13:56:55.11 (11183581)|SYSTEM_MODE_ENTER|false
13:56:55.11 (11198417)|HEAP_ALLOCATE|[13]|Bytes:5
13:56:55.11 (11203058)|STATEMENT_EXECUTE|[12]
13:56:55.11 (11204661)|STATEMENT_EXECUTE|[13]
13:56:55.11 (11210188)|HEAP_ALLOCATE|[13]|Bytes:4
13:56:55.11 (11464667)|SOQL_EXECUTE_BEGIN|[13]|Aggregations:0|SELECT id, name, Inventory_Number__c, Customer__c, Contact_Person__c, Value__c, LastModifiedDate FROM Computer_Inventory__c LIMIT 50
13:56:55.11 (14178615)|SOQL_EXECUTE_END|[13]|Rows:5
13:56:55.11 (14196155)|HEAP_ALLOCATE|[13]|Bytes:24
13:56:55.11 (14223115)|HEAP_ALLOCATE|[13]|Bytes:1224
13:56:55.11 (14243569)|HEAP_ALLOCATE|[13]|Bytes:24
13:56:55.11 (14259281)|SYSTEM_MODE_EXIT|false
13:56:55.14 (14286305)|CUMULATIVE_LIMIT_USAGE
13:56:55.14 (14286305)|LIMIT_USAGE_FOR_NS|(default)|
  Number of SOQL queries: 2 out of 100
  Number of query rows: 10 out of 50000
  Number of SOSL queries: 0 out of 20
  Number of DML statements: 0 out of 150
  Number of DML rows: 0 out of 10000
  Maximum CPU time: 0 out of 10000
  Maximum heap size: 0 out of 6000000
  Number of callouts: 0 out of 100
  Number of Email Invocations: 0 out of 10
  Number of future calls: 0 out of 50
  Number of queueable jobs added to the queue: 0 out of 50
  Number of Mobile Apex push calls: 0 out of 10

13:56:55.14 (14286305)|CUMULATIVE_LIMIT_USAGE_END

13:56:55.11 (14328756)|CODE_UNIT_FINISHED|InventoryController.getInventories
13:56:55.11 (16382010)|EXECUTION_FINISHED
