36.0 APEX_CODE,FINEST;APEX_PROFILING,INFO;CALLOUT,INFO;DB,INFO;SYSTEM,DEBUG;VALIDATION,INFO;VISUALFORCE,INFO;WORKFLOW,INFO
13:08:43.0 (97334)|EXECUTION_STARTED
13:08:43.0 (141230)|CODE_UNIT_STARTED|[EXTERNAL]|aura
13:08:43.0 (552531)|HEAP_ALLOCATE|[72]|Bytes:3
13:08:43.0 (625486)|HEAP_ALLOCATE|[77]|Bytes:152
13:08:43.0 (648555)|HEAP_ALLOCATE|[342]|Bytes:408
13:08:43.0 (671734)|HEAP_ALLOCATE|[355]|Bytes:408
13:08:43.0 (693702)|HEAP_ALLOCATE|[467]|Bytes:48
13:08:43.0 (742930)|HEAP_ALLOCATE|[139]|Bytes:6
13:08:43.0 (778267)|HEAP_ALLOCATE|[EXTERNAL]|Bytes:21
13:08:43.0 (792669)|HEAP_ALLOCATE|[EXTERNAL]|Bytes:21
13:08:43.0 (2063420)|CODE_UNIT_STARTED|[EXTERNAL]|01p36000006RyOZ|InputLookupController.getCurrentValue
13:08:43.0 (2208567)|HEAP_ALLOCATE|[EXTERNAL]|Bytes:12
13:08:43.0 (2215155)|HEAP_ALLOCATE|[EXTERNAL]|Bytes:7
13:08:43.0 (2217871)|HEAP_ALLOCATE|[EXTERNAL]|Bytes:5
13:08:43.0 (2236808)|METHOD_ENTRY|[1]|01p36000006RyOZ|InputLookupController.InputLookupController()
13:08:43.0 (2242580)|STATEMENT_EXECUTE|[1]
13:08:43.0 (2251424)|STATEMENT_EXECUTE|[1]
13:08:43.0 (2252721)|STATEMENT_EXECUTE|[41]
13:08:43.0 (2262337)|METHOD_EXIT|[1]|InputLookupController
13:08:43.0 (2267303)|HEAP_ALLOCATE|[EXTERNAL]|Bytes:21
13:08:43.0 (2279391)|SYSTEM_MODE_ENTER|false
13:08:43.0 (2290133)|VARIABLE_SCOPE_BEGIN|[7]|type|String|false|false
13:08:43.0 (2317758)|VARIABLE_ASSIGNMENT|[7]|type|"Computer_Inventory__ (1 more) ..."
13:08:43.0 (2321495)|VARIABLE_SCOPE_BEGIN|[7]|value|String|false|false
13:08:43.0 (2326792)|VARIABLE_ASSIGNMENT|[7]|value|null
13:08:43.0 (2339841)|STATEMENT_EXECUTE|[7]
13:08:43.0 (2445233)|HEAP_ALLOCATE|[50]|Bytes:5
13:08:43.0 (2478189)|HEAP_ALLOCATE|[56]|Bytes:5
13:08:43.0 (2490915)|HEAP_ALLOCATE|[64]|Bytes:7
13:08:43.0 (2514939)|STATEMENT_EXECUTE|[8]
13:08:43.0 (2517579)|STATEMENT_EXECUTE|[12]
13:08:43.0 (2535908)|VARIABLE_SCOPE_BEGIN|[12]|lookupId|Id|false|false
13:08:43.0 (2548724)|VARIABLE_ASSIGNMENT|[12]|lookupId|null
13:08:43.0 (2551582)|STATEMENT_EXECUTE|[13]
13:08:43.0 (2552746)|STATEMENT_EXECUTE|[13]
13:08:43.0 (2553946)|STATEMENT_EXECUTE|[14]
13:08:43.0 (2563076)|VARIABLE_ASSIGNMENT|[14]|lookupId|null
13:08:43.0 (2609992)|STATEMENT_EXECUTE|[19]
13:08:43.0 (2612318)|STATEMENT_EXECUTE|[20]
13:08:43.0 (2623947)|SYSTEM_MODE_EXIT|false
13:08:43.2 (2668591)|CUMULATIVE_LIMIT_USAGE
13:08:43.2 (2668591)|LIMIT_USAGE_FOR_NS|(default)|
  Number of SOQL queries: 0 out of 100
  Number of query rows: 0 out of 50000
  Number of SOSL queries: 0 out of 20
  Number of DML statements: 0 out of 150
  Number of DML rows: 0 out of 10000
  Maximum CPU time: 0 out of 10000
  Maximum heap size: 0 out of 6000000
  Number of callouts: 0 out of 100
  Number of Email Invocations: 0 out of 10
  Number of future calls: 0 out of 50
  Number of queueable jobs added to the queue: 0 out of 50
  Number of Mobile Apex push calls: 0 out of 10

13:08:43.2 (2668591)|CUMULATIVE_LIMIT_USAGE_END

13:08:43.0 (2725503)|CODE_UNIT_FINISHED|InputLookupController.getCurrentValue
