36.0 APEX_CODE,FINEST;APEX_PROFILING,INFO;CALLOUT,INFO;DB,INFO;SYSTEM,DEBUG;VALIDATION,INFO;VISUALFORCE,INFO;WORKFLOW,INFO
13:06:07.0 (421067)|EXECUTION_STARTED
13:06:07.0 (461549)|CODE_UNIT_STARTED|[EXTERNAL]|aura
13:06:07.0 (935239)|HEAP_ALLOCATE|[72]|Bytes:3
13:06:07.0 (995795)|HEAP_ALLOCATE|[77]|Bytes:152
13:06:07.0 (1015494)|HEAP_ALLOCATE|[342]|Bytes:408
13:06:07.0 (1035727)|HEAP_ALLOCATE|[355]|Bytes:408
13:06:07.0 (1059263)|HEAP_ALLOCATE|[467]|Bytes:48
13:06:07.0 (1093791)|HEAP_ALLOCATE|[139]|Bytes:6
13:06:07.0 (1121970)|HEAP_ALLOCATE|[EXTERNAL]|Bytes:21
13:06:07.0 (1161481)|HEAP_ALLOCATE|[EXTERNAL]|Bytes:21
13:06:07.0 (2269664)|CODE_UNIT_STARTED|[EXTERNAL]|01p36000006RyOZ|InputLookupController.getCurrentValue
13:06:07.0 (2413145)|HEAP_ALLOCATE|[EXTERNAL]|Bytes:12
13:06:07.0 (2420203)|HEAP_ALLOCATE|[EXTERNAL]|Bytes:7
13:06:07.0 (2423402)|HEAP_ALLOCATE|[EXTERNAL]|Bytes:5
13:06:07.0 (2459306)|METHOD_ENTRY|[1]|01p36000006RyOZ|InputLookupController.InputLookupController()
13:06:07.0 (2464660)|STATEMENT_EXECUTE|[1]
13:06:07.0 (2482428)|STATEMENT_EXECUTE|[1]
13:06:07.0 (2484440)|STATEMENT_EXECUTE|[41]
13:06:07.0 (2506486)|METHOD_EXIT|[1]|InputLookupController
13:06:07.0 (2512750)|HEAP_ALLOCATE|[EXTERNAL]|Bytes:21
13:06:07.0 (2528582)|SYSTEM_MODE_ENTER|false
13:06:07.0 (2563713)|VARIABLE_SCOPE_BEGIN|[7]|type|String|false|false
13:06:07.0 (2598726)|VARIABLE_ASSIGNMENT|[7]|type|"Computer_Inventory__ (1 more) ..."
13:06:07.0 (2605211)|VARIABLE_SCOPE_BEGIN|[7]|value|String|false|false
13:06:07.0 (2611896)|VARIABLE_ASSIGNMENT|[7]|value|null
13:06:07.0 (2623811)|STATEMENT_EXECUTE|[7]
13:06:07.0 (2733258)|HEAP_ALLOCATE|[50]|Bytes:5
13:06:07.0 (2760433)|HEAP_ALLOCATE|[56]|Bytes:5
13:06:07.0 (2770334)|HEAP_ALLOCATE|[64]|Bytes:7
13:06:07.0 (2790165)|STATEMENT_EXECUTE|[8]
13:06:07.0 (2792807)|STATEMENT_EXECUTE|[12]
13:06:07.0 (2806771)|VARIABLE_SCOPE_BEGIN|[12]|lookupId|Id|false|false
13:06:07.0 (2815453)|VARIABLE_ASSIGNMENT|[12]|lookupId|null
13:06:07.0 (2818353)|STATEMENT_EXECUTE|[13]
13:06:07.0 (2819694)|STATEMENT_EXECUTE|[13]
13:06:07.0 (2820862)|STATEMENT_EXECUTE|[14]
13:06:07.0 (2826509)|VARIABLE_ASSIGNMENT|[14]|lookupId|null
13:06:07.0 (2880681)|STATEMENT_EXECUTE|[19]
13:06:07.0 (2883514)|STATEMENT_EXECUTE|[20]
13:06:07.0 (2912685)|SYSTEM_MODE_EXIT|false
13:06:07.2 (2954113)|CUMULATIVE_LIMIT_USAGE
13:06:07.2 (2954113)|LIMIT_USAGE_FOR_NS|(default)|
  Number of SOQL queries: 0 out of 100
  Number of query rows: 0 out of 50000
  Number of SOSL queries: 0 out of 20
  Number of DML statements: 0 out of 150
  Number of DML rows: 0 out of 10000
  Maximum CPU time: 0 out of 10000
  Maximum heap size: 0 out of 6000000
  Number of callouts: 0 out of 100
  Number of Email Invocations: 0 out of 10
  Number of future calls: 0 out of 50
  Number of queueable jobs added to the queue: 0 out of 50
  Number of Mobile Apex push calls: 0 out of 10

13:06:07.2 (2954113)|CUMULATIVE_LIMIT_USAGE_END

13:06:07.0 (3013035)|CODE_UNIT_FINISHED|InputLookupController.getCurrentValue
