36.0 APEX_CODE,FINEST;APEX_PROFILING,INFO;CALLOUT,INFO;DB,INFO;SYSTEM,DEBUG;VALIDATION,INFO;VISUALFORCE,INFO;WORKFLOW,INFO
12:55:31.0 (91702)|EXECUTION_STARTED
12:55:31.0 (137983)|CODE_UNIT_STARTED|[EXTERNAL]|aura
12:55:31.0 (521868)|HEAP_ALLOCATE|[72]|Bytes:3
12:55:31.0 (600999)|HEAP_ALLOCATE|[77]|Bytes:152
12:55:31.0 (648964)|HEAP_ALLOCATE|[342]|Bytes:408
12:55:31.0 (711848)|HEAP_ALLOCATE|[355]|Bytes:408
12:55:31.0 (772113)|HEAP_ALLOCATE|[467]|Bytes:48
12:55:31.0 (828671)|HEAP_ALLOCATE|[139]|Bytes:6
12:55:31.0 (868114)|HEAP_ALLOCATE|[EXTERNAL]|Bytes:7
12:55:31.0 (888758)|HEAP_ALLOCATE|[EXTERNAL]|Bytes:7
12:55:31.0 (2215280)|CODE_UNIT_STARTED|[EXTERNAL]|01p36000006RyOZ|InputLookupController.getCurrentValue
12:55:31.0 (2367847)|HEAP_ALLOCATE|[EXTERNAL]|Bytes:12
12:55:31.0 (2378543)|HEAP_ALLOCATE|[EXTERNAL]|Bytes:7
12:55:31.0 (2384286)|HEAP_ALLOCATE|[EXTERNAL]|Bytes:5
12:55:31.0 (2405680)|METHOD_ENTRY|[1]|01p36000006RyOZ|InputLookupController.InputLookupController()
12:55:31.0 (2412814)|STATEMENT_EXECUTE|[1]
12:55:31.0 (2423438)|STATEMENT_EXECUTE|[1]
12:55:31.0 (2426850)|STATEMENT_EXECUTE|[41]
12:55:31.0 (2437436)|METHOD_EXIT|[1]|InputLookupController
12:55:31.0 (2444131)|HEAP_ALLOCATE|[EXTERNAL]|Bytes:7
12:55:31.0 (2462451)|SYSTEM_MODE_ENTER|false
12:55:31.0 (2480378)|VARIABLE_SCOPE_BEGIN|[7]|type|String|false|false
12:55:31.0 (2522177)|VARIABLE_ASSIGNMENT|[7]|type|"Account"
12:55:31.0 (2531559)|VARIABLE_SCOPE_BEGIN|[7]|value|String|false|false
12:55:31.0 (2546445)|VARIABLE_ASSIGNMENT|[7]|value|null
12:55:31.0 (2562220)|STATEMENT_EXECUTE|[7]
12:55:31.0 (2692173)|HEAP_ALLOCATE|[50]|Bytes:5
12:55:31.0 (2733025)|HEAP_ALLOCATE|[56]|Bytes:5
12:55:31.0 (2751202)|HEAP_ALLOCATE|[64]|Bytes:7
12:55:31.0 (2777389)|STATEMENT_EXECUTE|[8]
12:55:31.0 (2782538)|STATEMENT_EXECUTE|[12]
12:55:31.0 (2806272)|VARIABLE_SCOPE_BEGIN|[12]|lookupId|Id|false|false
12:55:31.0 (2827254)|VARIABLE_ASSIGNMENT|[12]|lookupId|null
12:55:31.0 (2832605)|STATEMENT_EXECUTE|[13]
12:55:31.0 (2835437)|STATEMENT_EXECUTE|[13]
12:55:31.0 (2837938)|STATEMENT_EXECUTE|[14]
12:55:31.0 (2857950)|VARIABLE_ASSIGNMENT|[14]|lookupId|null
12:55:31.0 (2925721)|STATEMENT_EXECUTE|[19]
12:55:31.0 (2931394)|STATEMENT_EXECUTE|[20]
12:55:31.0 (2945769)|SYSTEM_MODE_EXIT|false
12:55:31.2 (2994093)|CUMULATIVE_LIMIT_USAGE
12:55:31.2 (2994093)|LIMIT_USAGE_FOR_NS|(default)|
  Number of SOQL queries: 0 out of 100
  Number of query rows: 0 out of 50000
  Number of SOSL queries: 0 out of 20
  Number of DML statements: 0 out of 150
  Number of DML rows: 0 out of 10000
  Maximum CPU time: 0 out of 10000
  Maximum heap size: 0 out of 6000000
  Number of callouts: 0 out of 100
  Number of Email Invocations: 0 out of 10
  Number of future calls: 0 out of 50
  Number of queueable jobs added to the queue: 0 out of 50
  Number of Mobile Apex push calls: 0 out of 10

12:55:31.2 (2994093)|CUMULATIVE_LIMIT_USAGE_END

12:55:31.0 (3058589)|CODE_UNIT_FINISHED|InputLookupController.getCurrentValue
