36.0 APEX_CODE,FINEST;APEX_PROFILING,INFO;CALLOUT,INFO;DB,INFO;SYSTEM,DEBUG;VALIDATION,INFO;VISUALFORCE,INFO;WORKFLOW,INFO
12:47:49.0 (422759)|EXECUTION_STARTED
12:47:49.0 (459312)|CODE_UNIT_STARTED|[EXTERNAL]|aura
12:47:49.0 (929222)|HEAP_ALLOCATE|[72]|Bytes:3
12:47:49.0 (1010154)|HEAP_ALLOCATE|[77]|Bytes:152
12:47:49.0 (1038931)|HEAP_ALLOCATE|[342]|Bytes:408
12:47:49.0 (1062526)|HEAP_ALLOCATE|[355]|Bytes:408
12:47:49.0 (1084536)|HEAP_ALLOCATE|[467]|Bytes:48
12:47:49.0 (1140498)|HEAP_ALLOCATE|[139]|Bytes:6
12:47:49.0 (1182309)|HEAP_ALLOCATE|[EXTERNAL]|Bytes:7
12:47:49.0 (1199906)|HEAP_ALLOCATE|[EXTERNAL]|Bytes:7
12:47:49.0 (2373129)|CODE_UNIT_STARTED|[EXTERNAL]|01p36000006RyOZ|InputLookupController.getCurrentValue
12:47:49.0 (2531683)|HEAP_ALLOCATE|[EXTERNAL]|Bytes:12
12:47:49.0 (2541157)|HEAP_ALLOCATE|[EXTERNAL]|Bytes:7
12:47:49.0 (2545385)|HEAP_ALLOCATE|[EXTERNAL]|Bytes:5
12:47:49.0 (2563654)|METHOD_ENTRY|[1]|01p36000006RyOZ|InputLookupController.InputLookupController()
12:47:49.0 (2569968)|STATEMENT_EXECUTE|[1]
12:47:49.0 (2580436)|STATEMENT_EXECUTE|[1]
12:47:49.0 (2582399)|STATEMENT_EXECUTE|[41]
12:47:49.0 (2591416)|METHOD_EXIT|[1]|InputLookupController
12:47:49.0 (2596440)|HEAP_ALLOCATE|[EXTERNAL]|Bytes:7
12:47:49.0 (2612820)|SYSTEM_MODE_ENTER|false
12:47:49.0 (2624676)|VARIABLE_SCOPE_BEGIN|[7]|type|String|false|false
12:47:49.0 (2659256)|VARIABLE_ASSIGNMENT|[7]|type|"Account"
12:47:49.0 (2664245)|VARIABLE_SCOPE_BEGIN|[7]|value|String|false|false
12:47:49.0 (2674254)|VARIABLE_ASSIGNMENT|[7]|value|null
12:47:49.0 (2687988)|STATEMENT_EXECUTE|[7]
12:47:49.0 (2803508)|HEAP_ALLOCATE|[50]|Bytes:5
12:47:49.0 (2839252)|HEAP_ALLOCATE|[56]|Bytes:5
12:47:49.0 (2855644)|HEAP_ALLOCATE|[64]|Bytes:7
12:47:49.0 (2883714)|STATEMENT_EXECUTE|[8]
12:47:49.0 (2887535)|STATEMENT_EXECUTE|[12]
12:47:49.0 (2907935)|VARIABLE_SCOPE_BEGIN|[12]|lookupId|Id|false|false
12:47:49.0 (2924019)|VARIABLE_ASSIGNMENT|[12]|lookupId|null
12:47:49.0 (2927065)|STATEMENT_EXECUTE|[13]
12:47:49.0 (2929216)|STATEMENT_EXECUTE|[13]
12:47:49.0 (2930894)|STATEMENT_EXECUTE|[14]
12:47:49.0 (2946887)|VARIABLE_ASSIGNMENT|[14]|lookupId|null
12:47:49.0 (3002690)|STATEMENT_EXECUTE|[19]
12:47:49.0 (3006850)|STATEMENT_EXECUTE|[20]
12:47:49.0 (3018863)|SYSTEM_MODE_EXIT|false
12:47:49.3 (3065084)|CUMULATIVE_LIMIT_USAGE
12:47:49.3 (3065084)|LIMIT_USAGE_FOR_NS|(default)|
  Number of SOQL queries: 0 out of 100
  Number of query rows: 0 out of 50000
  Number of SOSL queries: 0 out of 20
  Number of DML statements: 0 out of 150
  Number of DML rows: 0 out of 10000
  Maximum CPU time: 0 out of 10000
  Maximum heap size: 0 out of 6000000
  Number of callouts: 0 out of 100
  Number of Email Invocations: 0 out of 10
  Number of future calls: 0 out of 50
  Number of queueable jobs added to the queue: 0 out of 50
  Number of Mobile Apex push calls: 0 out of 10

12:47:49.3 (3065084)|CUMULATIVE_LIMIT_USAGE_END

12:47:49.0 (3115438)|CODE_UNIT_FINISHED|InputLookupController.getCurrentValue
