36.0 APEX_CODE,FINEST;APEX_PROFILING,INFO;CALLOUT,INFO;DB,INFO;SYSTEM,DEBUG;VALIDATION,INFO;VISUALFORCE,INFO;WORKFLOW,INFO
14:04:08.0 (423956)|EXECUTION_STARTED
14:04:08.0 (463038)|CODE_UNIT_STARTED|[EXTERNAL]|01p36000006RnKY|InventoryController.getInventories
14:04:08.0 (700613)|HEAP_ALLOCATE|[72]|Bytes:3
14:04:08.0 (780209)|HEAP_ALLOCATE|[77]|Bytes:152
14:04:08.0 (807224)|HEAP_ALLOCATE|[342]|Bytes:408
14:04:08.0 (828979)|HEAP_ALLOCATE|[355]|Bytes:408
14:04:08.0 (848565)|HEAP_ALLOCATE|[467]|Bytes:48
14:04:08.0 (890681)|HEAP_ALLOCATE|[139]|Bytes:6
14:04:08.0 (969383)|HEAP_ALLOCATE|[EXTERNAL]|Bytes:4
14:04:08.0 (1017124)|METHOD_ENTRY|[1]|01p36000006RnKY|InventoryController.InventoryController()
14:04:08.0 (1022362)|STATEMENT_EXECUTE|[1]
14:04:08.0 (1043176)|STATEMENT_EXECUTE|[1]
14:04:08.0 (1081314)|HEAP_ALLOCATE|[50]|Bytes:5
14:04:08.0 (1111817)|HEAP_ALLOCATE|[56]|Bytes:5
14:04:08.0 (1123234)|HEAP_ALLOCATE|[64]|Bytes:7
14:04:08.0 (1155203)|SYSTEM_MODE_ENTER|false
14:04:08.0 (1178056)|HEAP_ALLOCATE|[EXTERNAL]|Bytes:5
14:04:08.0 (1189374)|SYSTEM_MODE_EXIT|false
14:04:08.0 (1224935)|METHOD_EXIT|[1]|InventoryController
14:04:08.0 (1236053)|SYSTEM_MODE_ENTER|false
14:04:08.0 (1252874)|HEAP_ALLOCATE|[13]|Bytes:5
14:04:08.0 (1259095)|STATEMENT_EXECUTE|[12]
14:04:08.0 (1260979)|STATEMENT_EXECUTE|[13]
14:04:08.0 (1264435)|HEAP_ALLOCATE|[13]|Bytes:132
14:04:08.0 (1278631)|HEAP_ALLOCATE|[13]|Bytes:4
14:04:08.0 (3009586)|SOQL_EXECUTE_BEGIN|[13]|Aggregations:0|SELECT id, name, Inventory_Number__c, Customer__c, Contact_Person__c, Value__c, LastModifiedDate FROM Computer_Inventory__c LIMIT 50
14:04:08.0 (6679599)|SOQL_EXECUTE_END|[13]|Rows:6
14:04:08.0 (6701143)|HEAP_ALLOCATE|[13]|Bytes:28
14:04:08.0 (6740568)|HEAP_ALLOCATE|[13]|Bytes:1470
14:04:08.0 (6850605)|HEAP_ALLOCATE|[13]|Bytes:28
14:04:08.0 (6893091)|SYSTEM_MODE_EXIT|false
14:04:08.6 (6935975)|CUMULATIVE_LIMIT_USAGE
14:04:08.6 (6935975)|LIMIT_USAGE_FOR_NS|(default)|
  Number of SOQL queries: 1 out of 100
  Number of query rows: 6 out of 50000
  Number of SOSL queries: 0 out of 20
  Number of DML statements: 0 out of 150
  Number of DML rows: 0 out of 10000
  Maximum CPU time: 0 out of 10000
  Maximum heap size: 0 out of 6000000
  Number of callouts: 0 out of 100
  Number of Email Invocations: 0 out of 10
  Number of future calls: 0 out of 50
  Number of queueable jobs added to the queue: 0 out of 50
  Number of Mobile Apex push calls: 0 out of 10

14:04:08.6 (6935975)|CUMULATIVE_LIMIT_USAGE_END

14:04:08.0 (6989526)|CODE_UNIT_FINISHED|InventoryController.getInventories
14:04:08.0 (8608242)|EXECUTION_FINISHED
