36.0 APEX_CODE,FINEST;APEX_PROFILING,INFO;CALLOUT,INFO;DB,INFO;SYSTEM,DEBUG;VALIDATION,INFO;VISUALFORCE,INFO;WORKFLOW,INFO
06:17:23.0 (89604)|EXECUTION_STARTED
06:17:23.0 (137158)|CODE_UNIT_STARTED|[EXTERNAL]|aura
06:17:23.0 (630236)|HEAP_ALLOCATE|[72]|Bytes:3
06:17:23.0 (714742)|HEAP_ALLOCATE|[77]|Bytes:152
06:17:23.0 (762205)|HEAP_ALLOCATE|[342]|Bytes:408
06:17:23.0 (830988)|HEAP_ALLOCATE|[355]|Bytes:408
06:17:23.0 (903550)|HEAP_ALLOCATE|[467]|Bytes:48
06:17:23.0 (970181)|HEAP_ALLOCATE|[139]|Bytes:6
06:17:23.0 (1020774)|HEAP_ALLOCATE|[EXTERNAL]|Bytes:7
06:17:23.0 (1043094)|HEAP_ALLOCATE|[EXTERNAL]|Bytes:7
06:17:23.0 (1138858)|HEAP_ALLOCATE|[EXTERNAL]|Bytes:2
06:17:23.0 (1152429)|HEAP_ALLOCATE|[EXTERNAL]|Bytes:2
06:17:23.0 (2259714)|CODE_UNIT_STARTED|[EXTERNAL]|01p36000006RyOZ|InputLookupController.searchSObject
06:17:23.0 (2435401)|HEAP_ALLOCATE|[EXTERNAL]|Bytes:12
06:17:23.0 (2448807)|HEAP_ALLOCATE|[EXTERNAL]|Bytes:7
06:17:23.0 (2457380)|HEAP_ALLOCATE|[EXTERNAL]|Bytes:5
06:17:23.0 (2480067)|METHOD_ENTRY|[1]|01p36000006RyOZ|InputLookupController.InputLookupController()
06:17:23.0 (2486484)|STATEMENT_EXECUTE|[1]
06:17:23.0 (2495535)|STATEMENT_EXECUTE|[1]
06:17:23.0 (2498071)|STATEMENT_EXECUTE|[41]
06:17:23.0 (2509727)|METHOD_EXIT|[1]|InputLookupController
06:17:23.0 (2517432)|HEAP_ALLOCATE|[EXTERNAL]|Bytes:7
06:17:23.0 (2522771)|HEAP_ALLOCATE|[EXTERNAL]|Bytes:2
06:17:23.0 (2539402)|SYSTEM_MODE_ENTER|false
06:17:23.0 (2557689)|VARIABLE_SCOPE_BEGIN|[68]|type|String|false|false
06:17:23.0 (2595695)|VARIABLE_ASSIGNMENT|[68]|type|"Contact"
06:17:23.0 (2604745)|VARIABLE_SCOPE_BEGIN|[68]|searchString|String|false|false
06:17:23.0 (2618058)|VARIABLE_ASSIGNMENT|[68]|searchString|"Te"
06:17:23.0 (2631546)|STATEMENT_EXECUTE|[68]
06:17:23.0 (2928868)|HEAP_ALLOCATE|[50]|Bytes:5
06:17:23.0 (2979397)|HEAP_ALLOCATE|[56]|Bytes:5
06:17:23.0 (3005140)|HEAP_ALLOCATE|[64]|Bytes:7
06:17:23.0 (3087747)|STATEMENT_EXECUTE|[69]
06:17:23.0 (3092620)|STATEMENT_EXECUTE|[73]
06:17:23.0 (15849514)|HEAP_ALLOCATE|[73]|Bytes:1528
06:17:23.0 (15929075)|VARIABLE_SCOPE_BEGIN|[73]|objType|Schema.SObjectType|true|false
06:17:23.0 (16060247)|VARIABLE_ASSIGNMENT|[73]|objType|"common.apex.runtime.impl.ApexSObjectTypeToken@3c190bdf"|0x3c190bdf
06:17:23.0 (16069241)|STATEMENT_EXECUTE|[74]
06:17:23.0 (16072168)|STATEMENT_EXECUTE|[78]
06:17:23.0 (16100481)|METHOD_ENTRY|[78]|01p36000006RyOZ|InputLookupController.getSobjectNameField(Schema.SObjectType)
06:17:23.0 (16139813)|VARIABLE_SCOPE_BEGIN|[49]|sobjType|Schema.SObjectType|true|false
06:17:23.0 (16207600)|VARIABLE_ASSIGNMENT|[49]|sobjType|"common.apex.runtime.impl.ApexSObjectTypeToken@3c190bdf"|0x3c190bdf
06:17:23.0 (16217700)|STATEMENT_EXECUTE|[49]
06:17:23.0 (16220160)|STATEMENT_EXECUTE|[52]
06:17:23.0 (16227737)|HEAP_ALLOCATE|[52]|Bytes:4
06:17:23.0 (16243285)|VARIABLE_SCOPE_BEGIN|[52]|nameField|String|false|false
06:17:23.0 (16261394)|VARIABLE_ASSIGNMENT|[52]|nameField|"Name"
06:17:23.0 (16265037)|STATEMENT_EXECUTE|[53]
06:17:23.0 (16662921)|HEAP_ALLOCATE|[53]|Bytes:4
06:17:23.0 (16726062)|VARIABLE_SCOPE_BEGIN|[53]|dfrLkp|Schema.DescribeSObjectResult|true|false
06:17:23.0 (16815968)|VARIABLE_ASSIGNMENT|[53]|dfrLkp|"common.api.soap.wsdl.DescribeSObjectResult@186823e1"|0x4feb34fb
06:17:23.0 (17596784)|HEAP_ALLOCATE|[54]|Bytes:260
06:17:23.0 (17769643)|HEAP_ALLOCATE|[EXTERNAL]|Bytes:260
06:17:23.0 (17811217)|HEAP_ALLOCATE|[54]|Bytes:260
06:17:23.0 (17982101)|HEAP_ALLOCATE|[54]|Bytes:5
06:17:23.0 (18029119)|VARIABLE_SCOPE_BEGIN|[54]|sotype|Schema.SObjectField|true|false
06:17:23.0 (18102024)|VARIABLE_ASSIGNMENT|[54]|sotype|"common.apex.runtime.impl.ApexFieldToken@220ee38"|0x220ee38
06:17:23.0 (18109318)|STATEMENT_EXECUTE|[54]
06:17:23.0 (18112336)|STATEMENT_EXECUTE|[55]
06:17:23.0 (18482324)|HEAP_ALLOCATE|[55]|Bytes:8
06:17:23.0 (18539942)|VARIABLE_SCOPE_BEGIN|[55]|fieldDescObj|Schema.DescribeFieldResult|true|false
06:17:23.0 (18621161)|VARIABLE_ASSIGNMENT|[55]|fieldDescObj|"common.api.soap.wsdl.Field@2cb90cc0"|0x722e1b
06:17:23.0 (18655687)|STATEMENT_EXECUTE|[56]
06:17:23.0 (18684334)|HEAP_ALLOCATE|[54]|Bytes:5
06:17:23.0 (18719989)|VARIABLE_SCOPE_BEGIN|[54]|sotype|Schema.SObjectField|true|false
06:17:23.0 (18787193)|VARIABLE_ASSIGNMENT|[54]|sotype|"common.apex.runtime.impl.ApexFieldToken@122a96c"|0x122a96c
06:17:23.0 (18793724)|STATEMENT_EXECUTE|[54]
06:17:23.0 (18796117)|STATEMENT_EXECUTE|[55]
06:17:23.0 (18950049)|HEAP_ALLOCATE|[55]|Bytes:8
06:17:23.0 (18978528)|VARIABLE_SCOPE_BEGIN|[55]|fieldDescObj|Schema.DescribeFieldResult|true|false
06:17:23.0 (19051737)|VARIABLE_ASSIGNMENT|[55]|fieldDescObj|"common.api.soap.wsdl.Field@efba5b41"|0x603fc84f
06:17:23.0 (19070816)|STATEMENT_EXECUTE|[56]
06:17:23.0 (19098054)|HEAP_ALLOCATE|[54]|Bytes:5
06:17:23.0 (19132906)|VARIABLE_SCOPE_BEGIN|[54]|sotype|Schema.SObjectField|true|false
06:17:23.0 (19198394)|VARIABLE_ASSIGNMENT|[54]|sotype|"common.apex.runtime.impl.ApexFieldToken@628e4f0f"|0x628e4f0f
06:17:23.0 (19204943)|STATEMENT_EXECUTE|[54]
06:17:23.0 (19207287)|STATEMENT_EXECUTE|[55]
06:17:23.0 (19366581)|HEAP_ALLOCATE|[55]|Bytes:8
06:17:23.0 (19391270)|VARIABLE_SCOPE_BEGIN|[55]|fieldDescObj|Schema.DescribeFieldResult|true|false
06:17:23.0 (19465977)|VARIABLE_ASSIGNMENT|[55]|fieldDescObj|"common.api.soap.wsdl.Field@873759e6"|0x7194adaa
06:17:23.0 (19484085)|STATEMENT_EXECUTE|[56]
06:17:23.0 (19511206)|HEAP_ALLOCATE|[54]|Bytes:5
06:17:23.0 (19545583)|VARIABLE_SCOPE_BEGIN|[54]|sotype|Schema.SObjectField|true|false
06:17:23.0 (19610423)|VARIABLE_ASSIGNMENT|[54]|sotype|"common.apex.runtime.impl.ApexFieldToken@29d5cd4a"|0x29d5cd4a
06:17:23.0 (19616896)|STATEMENT_EXECUTE|[54]
06:17:23.0 (19619196)|STATEMENT_EXECUTE|[55]
06:17:23.0 (20061383)|HEAP_ALLOCATE|[55]|Bytes:8
06:17:23.0 (20087529)|VARIABLE_SCOPE_BEGIN|[55]|fieldDescObj|Schema.DescribeFieldResult|true|false
06:17:23.0 (20163234)|VARIABLE_ASSIGNMENT|[55]|fieldDescObj|"common.api.soap.wsdl.Field@3ea4e570"|0x7b5500f9
06:17:23.0 (20181300)|STATEMENT_EXECUTE|[56]
06:17:23.0 (20208805)|HEAP_ALLOCATE|[54]|Bytes:5
06:17:23.0 (20243732)|VARIABLE_SCOPE_BEGIN|[54]|sotype|Schema.SObjectField|true|false
06:17:23.0 (20309128)|VARIABLE_ASSIGNMENT|[54]|sotype|"common.apex.runtime.impl.ApexFieldToken@2c81a766"|0x2c81a766
06:17:23.0 (20315574)|STATEMENT_EXECUTE|[54]
06:17:23.0 (20317896)|STATEMENT_EXECUTE|[55]
06:17:23.0 (20526585)|HEAP_ALLOCATE|[55]|Bytes:8
06:17:23.0 (20551177)|VARIABLE_SCOPE_BEGIN|[55]|fieldDescObj|Schema.DescribeFieldResult|true|false
06:17:23.0 (20624520)|VARIABLE_ASSIGNMENT|[55]|fieldDescObj|"common.api.soap.wsdl.Field@9adf4cbb"|0x106de76
06:17:23.0 (20642176)|STATEMENT_EXECUTE|[56]
06:17:23.0 (20668831)|HEAP_ALLOCATE|[54]|Bytes:5
06:17:23.0 (20703304)|VARIABLE_SCOPE_BEGIN|[54]|sotype|Schema.SObjectField|true|false
06:17:23.0 (20767826)|VARIABLE_ASSIGNMENT|[54]|sotype|"common.apex.runtime.impl.ApexFieldToken@38fc1253"|0x38fc1253
06:17:23.0 (20774253)|STATEMENT_EXECUTE|[54]
06:17:23.0 (20776560)|STATEMENT_EXECUTE|[55]
06:17:23.0 (20942818)|HEAP_ALLOCATE|[55]|Bytes:8
06:17:23.0 (20967039)|VARIABLE_SCOPE_BEGIN|[55]|fieldDescObj|Schema.DescribeFieldResult|true|false
06:17:23.0 (21039466)|VARIABLE_ASSIGNMENT|[55]|fieldDescObj|"common.api.soap.wsdl.Field@176d1181"|0x3e0b5887
06:17:23.0 (21058204)|STATEMENT_EXECUTE|[56]
06:17:23.0 (21084652)|HEAP_ALLOCATE|[54]|Bytes:5
06:17:23.0 (21118724)|VARIABLE_SCOPE_BEGIN|[54]|sotype|Schema.SObjectField|true|false
06:17:23.0 (21182964)|VARIABLE_ASSIGNMENT|[54]|sotype|"common.apex.runtime.impl.ApexFieldToken@289ac474"|0x289ac474
06:17:23.0 (21189587)|STATEMENT_EXECUTE|[54]
06:17:23.0 (21191929)|STATEMENT_EXECUTE|[55]
06:17:23.0 (21354505)|HEAP_ALLOCATE|[55]|Bytes:8
06:17:23.0 (21378490)|VARIABLE_SCOPE_BEGIN|[55]|fieldDescObj|Schema.DescribeFieldResult|true|false
06:17:23.0 (21450497)|VARIABLE_ASSIGNMENT|[55]|fieldDescObj|"common.api.soap.wsdl.Field@9de43d6"|0x46a39f19
06:17:23.0 (21468676)|STATEMENT_EXECUTE|[56]
06:17:23.0 (21495322)|HEAP_ALLOCATE|[54]|Bytes:5
06:17:23.0 (21529551)|VARIABLE_SCOPE_BEGIN|[54]|sotype|Schema.SObjectField|true|false
06:17:23.0 (21593530)|VARIABLE_ASSIGNMENT|[54]|sotype|"common.apex.runtime.impl.ApexFieldToken@2f22e3b0"|0x2f22e3b0
06:17:23.0 (21599984)|STATEMENT_EXECUTE|[54]
06:17:23.0 (21602229)|STATEMENT_EXECUTE|[55]
06:17:23.0 (21767206)|HEAP_ALLOCATE|[55]|Bytes:8
06:17:23.0 (21791509)|VARIABLE_SCOPE_BEGIN|[55]|fieldDescObj|Schema.DescribeFieldResult|true|false
06:17:23.0 (21867010)|VARIABLE_ASSIGNMENT|[55]|fieldDescObj|"common.api.soap.wsdl.Field@ff62a98"|0x3f1fb8a6
06:17:23.0 (21885225)|STATEMENT_EXECUTE|[56]
06:17:23.0 (21888225)|STATEMENT_EXECUTE|[57]
06:17:23.0 (21913413)|HEAP_ALLOCATE|[57]|Bytes:4
06:17:23.0 (21939258)|VARIABLE_ASSIGNMENT|[57]|nameField|"Name"
06:17:23.0 (21943874)|STATEMENT_EXECUTE|[58]
06:17:23.0 (21960777)|VARIABLE_ASSIGNMENT|[54]|sotype|null|
06:17:23.0 (21965145)|STATEMENT_EXECUTE|[61]
06:17:23.0 (21983794)|METHOD_EXIT|[78]|01p36000006RyOZ|InputLookupController.getSobjectNameField(Schema.SObjectType)
06:17:23.0 (21997080)|VARIABLE_SCOPE_BEGIN|[78]|nameField|String|false|false
06:17:23.0 (22013707)|VARIABLE_ASSIGNMENT|[78]|nameField|"Name"
06:17:23.0 (22018381)|STATEMENT_EXECUTE|[79]
06:17:23.0 (22025954)|HEAP_ALLOCATE|[79]|Bytes:2
06:17:23.0 (22036147)|HEAP_ALLOCATE|[79]|Bytes:2
06:17:23.0 (22059621)|HEAP_ALLOCATE|[79]|Bytes:6
06:17:23.0 (22083543)|VARIABLE_ASSIGNMENT|[79]|searchString|"'*Te*'"
06:17:23.0 (22087803)|STATEMENT_EXECUTE|[80]
06:17:23.0 (22094555)|HEAP_ALLOCATE|[80]|Bytes:44
06:17:23.0 (22104160)|HEAP_ALLOCATE|[81]|Bytes:5
06:17:23.0 (22112445)|HEAP_ALLOCATE|[81]|Bytes:10
06:17:23.0 (22132970)|HEAP_ALLOCATE|[80]|Bytes:74
06:17:23.0 (22144461)|HEAP_ALLOCATE|[81]|Bytes:10
06:17:23.0 (22160920)|HEAP_ALLOCATE|[80]|Bytes:84
06:17:23.0 (22175276)|VARIABLE_SCOPE_BEGIN|[80]|soslQuery|String|false|false
06:17:23.0 (22194731)|VARIABLE_ASSIGNMENT|[80]|soslQuery|"FIND :searchString I (64 more) ..."
06:17:23.0 (22198932)|STATEMENT_EXECUTE|[82]
06:17:23.0 (22205926)|HEAP_ALLOCATE|[82]|Bytes:12
06:17:23.0 (22221693)|HEAP_ALLOCATE|[82]|Bytes:96
06:17:23.0 (22296439)|USER_DEBUG|[82]|DEBUG|SOSL QUERY: FIND :searchString IN NAME FIELDS RETURNING Contact(Id, Name ORDER BY Name) LIMIT 20
06:17:23.0 (22311076)|STATEMENT_EXECUTE|[83]
06:17:23.0 (22622704)|SOSL_EXECUTE_BEGIN|[83]|FIND :searchString IN NAME FIELDS RETURNING Contact(Id, Name ORDER BY Name) LIMIT 20
06:17:23.0 (41239412)|HEAP_ALLOCATE|[83]|Bytes:4
06:17:23.0 (41250200)|HEAP_ALLOCATE|[83]|Bytes:4
06:17:23.0 (41257403)|HEAP_ALLOCATE|[83]|Bytes:4
06:17:23.0 (41263140)|HEAP_ALLOCATE|[83]|Bytes:4
06:17:23.0 (41268531)|HEAP_ALLOCATE|[83]|Bytes:4
06:17:23.0 (41273694)|HEAP_ALLOCATE|[83]|Bytes:4
06:17:23.0 (41278843)|HEAP_ALLOCATE|[83]|Bytes:4
06:17:23.0 (41292751)|HEAP_ALLOCATE|[83]|Bytes:8
06:17:23.0 (41300120)|SOSL_EXECUTE_END|[83]|Rows:6
06:17:23.0 (41357863)|HEAP_ALLOCATE|[83]|Bytes:8
06:17:23.0 (41386226)|VARIABLE_SCOPE_BEGIN|[83]|results|List<List<SObject>>|true|false
06:17:23.0 (41432488)|VARIABLE_ASSIGNMENT|[83]|results|{"s":1,"v":[{"s":2,"v":"List of size 6 too large to display"}]}|0x1d0337b7
06:17:23.0 (41438492)|STATEMENT_EXECUTE|[85]
06:17:23.0 (41596369)|HEAP_ALLOCATE|[85]|Bytes:4
06:17:23.0 (41732077)|VARIABLE_SCOPE_BEGIN|[85]|output|List<InputLookupController.SearchResult>|true|false
06:17:23.0 (41775033)|HEAP_ALLOCATE|[EXTERNAL]|Bytes:4
06:17:23.0 (41799450)|VARIABLE_ASSIGNMENT|[85]|output|{"s":1,"v":[]}|0x1ba365b6
06:17:23.0 (41878665)|STATEMENT_EXECUTE|[86]
06:17:23.0 (41952786)|HEAP_ALLOCATE|[87]|Bytes:28
06:17:23.0 (42257127)|HEAP_ALLOCATE|[87]|Bytes:5
06:17:23.0 (42315673)|HEAP_ALLOCATE|[87]|Bytes:12
06:17:23.0 (42343368)|VARIABLE_SCOPE_BEGIN|[87]|sobj|SObject|true|false
06:17:23.0 (42378880)|VARIABLE_ASSIGNMENT|[87]|sobj|{"s":1,"v":{"Id":"00336000002WYM7AAO","Name":"Arthur Song"}}|0x680c51b2
06:17:23.0 (42384617)|STATEMENT_EXECUTE|[87]
06:17:23.0 (42387267)|STATEMENT_EXECUTE|[88]
06:17:23.0 (42405855)|HEAP_ALLOCATE|[88]|Bytes:100
06:17:23.0 (42417769)|HEAP_ALLOCATE|[88]|Bytes:5
06:17:23.0 (42431560)|HEAP_ALLOCATE|[88]|Bytes:12
06:17:23.0 (42458057)|CONSTRUCTOR_ENTRY|[88]|01p36000006RyOZ|<init>()
06:17:23.0 (42494202)|VARIABLE_SCOPE_BEGIN|[41]|this|InputLookupController.SearchResult|true|false
06:17:23.0 (42539005)|VARIABLE_ASSIGNMENT|[41]|this|{}|0x680217d0
06:17:23.0 (42555456)|HEAP_ALLOCATE|[EXTERNAL]|Bytes:6
06:17:23.0 (42613344)|STATEMENT_EXECUTE|[41]
06:17:23.0 (42617322)|STATEMENT_EXECUTE|[42]
06:17:23.0 (42619260)|STATEMENT_EXECUTE|[43]
06:17:23.0 (42634125)|CONSTRUCTOR_EXIT|[88]|01p36000006RyOZ|<init>()
06:17:23.0 (42644533)|VARIABLE_SCOPE_BEGIN|[88]|sr|InputLookupController.SearchResult|true|false
06:17:23.0 (42675402)|VARIABLE_ASSIGNMENT|[88]|sr|{}|0x680217d0
06:17:23.0 (42680067)|STATEMENT_EXECUTE|[89]
06:17:23.0 (42688081)|HEAP_ALLOCATE|[89]|Bytes:2
06:17:23.0 (42839807)|HEAP_ALLOCATE|[89]|Bytes:4
06:17:23.0 (42894829)|HEAP_ALLOCATE|[89]|Bytes:18
06:17:23.0 (42961046)|VARIABLE_ASSIGNMENT|[EXTERNAL]|this|{}|0x680217d0
06:17:23.0 (42980574)|VARIABLE_ASSIGNMENT|[EXTERNAL]|value|"00336000002WYM7AAO"
06:17:23.0 (43012057)|VARIABLE_ASSIGNMENT|[43]|this.id|"00336000002WYM7AAO"|0x680217d0
06:17:23.0 (43028533)|STATEMENT_EXECUTE|[90]
06:17:23.0 (43134689)|HEAP_ALLOCATE|[90]|Bytes:11
06:17:23.0 (43215036)|VARIABLE_ASSIGNMENT|[EXTERNAL]|this|{"id":"00336000002WYM7AAO"}|0x680217d0
06:17:23.0 (43233285)|VARIABLE_ASSIGNMENT|[EXTERNAL]|value|"Arthur Song"
06:17:23.0 (43259983)|VARIABLE_ASSIGNMENT|[42]|this.value|"Arthur Song"|0x680217d0
06:17:23.0 (43275319)|STATEMENT_EXECUTE|[91]
06:17:23.0 (43358329)|HEAP_ALLOCATE|[EXTERNAL]|Bytes:4
06:17:23.0 (43394541)|HEAP_ALLOCATE|[87]|Bytes:5
06:17:23.0 (43433597)|HEAP_ALLOCATE|[87]|Bytes:12
06:17:23.0 (43458040)|VARIABLE_SCOPE_BEGIN|[87]|sobj|SObject|true|false
06:17:23.0 (43487356)|VARIABLE_ASSIGNMENT|[87]|sobj|{"s":1,"v":{"Id":"00336000002ydazAAA","Name":"Patti Patel"}}|0x37857dc8
06:17:23.0 (43493004)|STATEMENT_EXECUTE|[87]
06:17:23.0 (43495373)|STATEMENT_EXECUTE|[88]
06:17:23.0 (43503203)|HEAP_ALLOCATE|[88]|Bytes:12
06:17:23.0 (43523374)|CONSTRUCTOR_ENTRY|[88]|01p36000006RyOZ|<init>()
06:17:23.0 (43536030)|VARIABLE_SCOPE_BEGIN|[41]|this|InputLookupController.SearchResult|true|false
06:17:23.0 (43565014)|VARIABLE_ASSIGNMENT|[41]|this|{}|0x4f41407f
06:17:23.0 (43604214)|STATEMENT_EXECUTE|[41]
06:17:23.0 (43608891)|STATEMENT_EXECUTE|[42]
06:17:23.0 (43612452)|STATEMENT_EXECUTE|[43]
06:17:23.0 (43631373)|CONSTRUCTOR_EXIT|[88]|01p36000006RyOZ|<init>()
06:17:23.0 (43642086)|VARIABLE_SCOPE_BEGIN|[88]|sr|InputLookupController.SearchResult|true|false
06:17:23.0 (43672203)|VARIABLE_ASSIGNMENT|[88]|sr|{}|0x4f41407f
06:17:23.0 (43676851)|STATEMENT_EXECUTE|[89]
06:17:23.0 (43738937)|HEAP_ALLOCATE|[89]|Bytes:4
06:17:23.0 (43781390)|HEAP_ALLOCATE|[89]|Bytes:18
06:17:23.0 (43833453)|VARIABLE_ASSIGNMENT|[EXTERNAL]|this|{}|0x4f41407f
06:17:23.0 (43852210)|VARIABLE_ASSIGNMENT|[EXTERNAL]|value|"00336000002ydazAAA"
06:17:23.0 (43881163)|VARIABLE_ASSIGNMENT|[43]|this.id|"00336000002ydazAAA"|0x4f41407f
06:17:23.0 (43896273)|STATEMENT_EXECUTE|[90]
06:17:23.0 (43949468)|HEAP_ALLOCATE|[90]|Bytes:11
06:17:23.0 (44019544)|VARIABLE_ASSIGNMENT|[EXTERNAL]|this|{"id":"00336000002ydazAAA"}|0x4f41407f
06:17:23.0 (44038463)|VARIABLE_ASSIGNMENT|[EXTERNAL]|value|"Patti Patel"
06:17:23.0 (44062385)|VARIABLE_ASSIGNMENT|[42]|this.value|"Patti Patel"|0x4f41407f
06:17:23.0 (44077232)|STATEMENT_EXECUTE|[91]
06:17:23.0 (44102603)|HEAP_ALLOCATE|[EXTERNAL]|Bytes:4
06:17:23.0 (44134002)|HEAP_ALLOCATE|[87]|Bytes:5
06:17:23.0 (44172064)|HEAP_ALLOCATE|[87]|Bytes:12
06:17:23.0 (44196253)|VARIABLE_SCOPE_BEGIN|[87]|sobj|SObject|true|false
06:17:23.0 (44225243)|VARIABLE_ASSIGNMENT|[87]|sobj|{"s":1,"v":{"Id":"00336000002WYM2AAO","Name":"Stella Pavlova"}}|0x5835f949
06:17:23.0 (44230728)|STATEMENT_EXECUTE|[87]
06:17:23.0 (44233095)|STATEMENT_EXECUTE|[88]
06:17:23.0 (44240661)|HEAP_ALLOCATE|[88]|Bytes:12
06:17:23.0 (44260500)|CONSTRUCTOR_ENTRY|[88]|01p36000006RyOZ|<init>()
06:17:23.0 (44272670)|VARIABLE_SCOPE_BEGIN|[41]|this|InputLookupController.SearchResult|true|false
06:17:23.0 (44300556)|VARIABLE_ASSIGNMENT|[41]|this|{}|0x1427c62f
06:17:23.0 (44328809)|STATEMENT_EXECUTE|[41]
06:17:23.0 (44332024)|STATEMENT_EXECUTE|[42]
06:17:23.0 (44333906)|STATEMENT_EXECUTE|[43]
06:17:23.0 (44347887)|CONSTRUCTOR_EXIT|[88]|01p36000006RyOZ|<init>()
06:17:23.0 (44357547)|VARIABLE_SCOPE_BEGIN|[88]|sr|InputLookupController.SearchResult|true|false
06:17:23.0 (44385502)|VARIABLE_ASSIGNMENT|[88]|sr|{}|0x1427c62f
06:17:23.0 (44389865)|STATEMENT_EXECUTE|[89]
06:17:23.0 (44450714)|HEAP_ALLOCATE|[89]|Bytes:4
06:17:23.0 (44492226)|HEAP_ALLOCATE|[89]|Bytes:18
06:17:23.0 (44543825)|VARIABLE_ASSIGNMENT|[EXTERNAL]|this|{}|0x1427c62f
06:17:23.0 (44562512)|VARIABLE_ASSIGNMENT|[EXTERNAL]|value|"00336000002WYM2AAO"
06:17:23.0 (44586177)|VARIABLE_ASSIGNMENT|[43]|this.id|"00336000002WYM2AAO"|0x1427c62f
06:17:23.0 (44600664)|STATEMENT_EXECUTE|[90]
06:17:23.0 (44652916)|HEAP_ALLOCATE|[90]|Bytes:14
06:17:23.0 (44722114)|VARIABLE_ASSIGNMENT|[EXTERNAL]|this|{"id":"00336000002WYM2AAO"}|0x1427c62f
06:17:23.0 (44740111)|VARIABLE_ASSIGNMENT|[EXTERNAL]|value|"Stella Pavlova"
06:17:23.0 (44763403)|VARIABLE_ASSIGNMENT|[42]|this.value|"Stella Pavlova"|0x1427c62f
06:17:23.0 (44777789)|STATEMENT_EXECUTE|[91]
06:17:23.0 (44802556)|HEAP_ALLOCATE|[EXTERNAL]|Bytes:4
06:17:23.0 (44834586)|HEAP_ALLOCATE|[87]|Bytes:5
06:17:23.0 (44877696)|HEAP_ALLOCATE|[87]|Bytes:12
06:17:23.0 (44901992)|VARIABLE_SCOPE_BEGIN|[87]|sobj|SObject|true|false
06:17:23.0 (44930419)|VARIABLE_ASSIGNMENT|[87]|sobj|{"s":1,"v":{"Id":"00336000002ydarAAA","Name":"Steve Curio"}}|0x8d0925e
06:17:23.0 (44935761)|STATEMENT_EXECUTE|[87]
06:17:23.0 (44938204)|STATEMENT_EXECUTE|[88]
06:17:23.0 (44945772)|HEAP_ALLOCATE|[88]|Bytes:12
06:17:23.0 (44965830)|CONSTRUCTOR_ENTRY|[88]|01p36000006RyOZ|<init>()
06:17:23.0 (44978073)|VARIABLE_SCOPE_BEGIN|[41]|this|InputLookupController.SearchResult|true|false
06:17:23.0 (45005927)|VARIABLE_ASSIGNMENT|[41]|this|{}|0x4d577983
06:17:23.0 (45035677)|STATEMENT_EXECUTE|[41]
06:17:23.0 (45038812)|STATEMENT_EXECUTE|[42]
06:17:23.0 (45040640)|STATEMENT_EXECUTE|[43]
06:17:23.0 (45054259)|CONSTRUCTOR_EXIT|[88]|01p36000006RyOZ|<init>()
06:17:23.0 (45064094)|VARIABLE_SCOPE_BEGIN|[88]|sr|InputLookupController.SearchResult|true|false
06:17:23.0 (45092212)|VARIABLE_ASSIGNMENT|[88]|sr|{}|0x4d577983
06:17:23.0 (45096649)|STATEMENT_EXECUTE|[89]
06:17:23.0 (45156168)|HEAP_ALLOCATE|[89]|Bytes:4
06:17:23.0 (45197395)|HEAP_ALLOCATE|[89]|Bytes:18
06:17:23.0 (45247933)|VARIABLE_ASSIGNMENT|[EXTERNAL]|this|{}|0x4d577983
06:17:23.0 (45266329)|VARIABLE_ASSIGNMENT|[EXTERNAL]|value|"00336000002ydarAAA"
06:17:23.0 (45289686)|VARIABLE_ASSIGNMENT|[43]|this.id|"00336000002ydarAAA"|0x4d577983
06:17:23.0 (45303868)|STATEMENT_EXECUTE|[90]
06:17:23.0 (45355568)|HEAP_ALLOCATE|[90]|Bytes:11
06:17:23.0 (45424727)|VARIABLE_ASSIGNMENT|[EXTERNAL]|this|{"id":"00336000002ydarAAA"}|0x4d577983
06:17:23.0 (45442388)|VARIABLE_ASSIGNMENT|[EXTERNAL]|value|"Steve Curio"
06:17:23.0 (45465367)|VARIABLE_ASSIGNMENT|[42]|this.value|"Steve Curio"|0x4d577983
06:17:23.0 (45479452)|STATEMENT_EXECUTE|[91]
06:17:23.0 (45504047)|HEAP_ALLOCATE|[EXTERNAL]|Bytes:4
06:17:23.0 (45535526)|HEAP_ALLOCATE|[87]|Bytes:5
06:17:23.0 (45572777)|HEAP_ALLOCATE|[87]|Bytes:12
06:17:23.0 (45596426)|VARIABLE_SCOPE_BEGIN|[87]|sobj|SObject|true|false
06:17:23.0 (45624745)|VARIABLE_ASSIGNMENT|[87]|sobj|{"s":1,"v":{"Id":"00336000003WDXeAAO","Name":"Test Contact"}}|0x3a5f3ed1
06:17:23.0 (45630216)|STATEMENT_EXECUTE|[87]
06:17:23.0 (45632569)|STATEMENT_EXECUTE|[88]
06:17:23.0 (45640111)|HEAP_ALLOCATE|[88]|Bytes:12
06:17:23.0 (45659498)|CONSTRUCTOR_ENTRY|[88]|01p36000006RyOZ|<init>()
06:17:23.0 (45671748)|VARIABLE_SCOPE_BEGIN|[41]|this|InputLookupController.SearchResult|true|false
06:17:23.0 (45699513)|VARIABLE_ASSIGNMENT|[41]|this|{}|0x1063810b
06:17:23.0 (45727837)|STATEMENT_EXECUTE|[41]
06:17:23.0 (45731069)|STATEMENT_EXECUTE|[42]
06:17:23.0 (45732937)|STATEMENT_EXECUTE|[43]
06:17:23.0 (45746774)|CONSTRUCTOR_EXIT|[88]|01p36000006RyOZ|<init>()
06:17:23.0 (45756586)|VARIABLE_SCOPE_BEGIN|[88]|sr|InputLookupController.SearchResult|true|false
06:17:23.0 (45784364)|VARIABLE_ASSIGNMENT|[88]|sr|{}|0x1063810b
06:17:23.0 (45788800)|STATEMENT_EXECUTE|[89]
06:17:23.0 (45847902)|HEAP_ALLOCATE|[89]|Bytes:4
06:17:23.0 (45893620)|HEAP_ALLOCATE|[89]|Bytes:18
06:17:23.0 (45944898)|VARIABLE_ASSIGNMENT|[EXTERNAL]|this|{}|0x1063810b
06:17:23.0 (45963269)|VARIABLE_ASSIGNMENT|[EXTERNAL]|value|"00336000003WDXeAAO"
06:17:23.0 (45986323)|VARIABLE_ASSIGNMENT|[43]|this.id|"00336000003WDXeAAO"|0x1063810b
06:17:23.0 (46000470)|STATEMENT_EXECUTE|[90]
06:17:23.0 (46053126)|HEAP_ALLOCATE|[90]|Bytes:12
06:17:23.0 (46122497)|VARIABLE_ASSIGNMENT|[EXTERNAL]|this|{"id":"00336000003WDXeAAO"}|0x1063810b
06:17:23.0 (46140067)|VARIABLE_ASSIGNMENT|[EXTERNAL]|value|"Test Contact"
06:17:23.0 (46162886)|VARIABLE_ASSIGNMENT|[42]|this.value|"Test Contact"|0x1063810b
06:17:23.0 (46177164)|STATEMENT_EXECUTE|[91]
06:17:23.0 (46201835)|HEAP_ALLOCATE|[EXTERNAL]|Bytes:4
06:17:23.0 (46233500)|HEAP_ALLOCATE|[87]|Bytes:5
06:17:23.0 (46271036)|HEAP_ALLOCATE|[87]|Bytes:12
06:17:23.0 (46294846)|VARIABLE_SCOPE_BEGIN|[87]|sobj|SObject|true|false
06:17:23.0 (46323333)|VARIABLE_ASSIGNMENT|[87]|sobj|{"s":1,"v":{"Id":"00336000002ydauAAA","Name":"Winter Drake"}}|0x1c2db33b
06:17:23.0 (46328727)|STATEMENT_EXECUTE|[87]
06:17:23.0 (46331044)|STATEMENT_EXECUTE|[88]
06:17:23.0 (46338553)|HEAP_ALLOCATE|[88]|Bytes:12
06:17:23.0 (46358384)|CONSTRUCTOR_ENTRY|[88]|01p36000006RyOZ|<init>()
06:17:23.0 (46370615)|VARIABLE_SCOPE_BEGIN|[41]|this|InputLookupController.SearchResult|true|false
06:17:23.0 (46398405)|VARIABLE_ASSIGNMENT|[41]|this|{}|0x6a405a5c
06:17:23.0 (46426354)|STATEMENT_EXECUTE|[41]
06:17:23.0 (46429483)|STATEMENT_EXECUTE|[42]
06:17:23.0 (46431383)|STATEMENT_EXECUTE|[43]
06:17:23.0 (46444984)|CONSTRUCTOR_EXIT|[88]|01p36000006RyOZ|<init>()
06:17:23.0 (46454763)|VARIABLE_SCOPE_BEGIN|[88]|sr|InputLookupController.SearchResult|true|false
06:17:23.0 (46482802)|VARIABLE_ASSIGNMENT|[88]|sr|{}|0x6a405a5c
06:17:23.0 (46487211)|STATEMENT_EXECUTE|[89]
06:17:23.0 (46545812)|HEAP_ALLOCATE|[89]|Bytes:4
06:17:23.0 (46586368)|HEAP_ALLOCATE|[89]|Bytes:18
06:17:23.0 (46637108)|VARIABLE_ASSIGNMENT|[EXTERNAL]|this|{}|0x6a405a5c
06:17:23.0 (46655394)|VARIABLE_ASSIGNMENT|[EXTERNAL]|value|"00336000002ydauAAA"
06:17:23.0 (46678304)|VARIABLE_ASSIGNMENT|[43]|this.id|"00336000002ydauAAA"|0x6a405a5c
06:17:23.0 (46692376)|STATEMENT_EXECUTE|[90]
06:17:23.0 (46743255)|HEAP_ALLOCATE|[90]|Bytes:12
06:17:23.0 (46811818)|VARIABLE_ASSIGNMENT|[EXTERNAL]|this|{"id":"00336000002ydauAAA"}|0x6a405a5c
06:17:23.0 (46829657)|VARIABLE_ASSIGNMENT|[EXTERNAL]|value|"Winter Drake"
06:17:23.0 (46852383)|VARIABLE_ASSIGNMENT|[42]|this.value|"Winter Drake"|0x6a405a5c
06:17:23.0 (46871193)|STATEMENT_EXECUTE|[91]
06:17:23.0 (46896249)|HEAP_ALLOCATE|[EXTERNAL]|Bytes:4
06:17:23.0 (46927332)|HEAP_ALLOCATE|[87]|Bytes:5
06:17:23.0 (46959240)|VARIABLE_ASSIGNMENT|[87]|sobj|null|
06:17:23.0 (46964956)|STATEMENT_EXECUTE|[94]
06:17:23.0 (47051526)|HEAP_ALLOCATE|[94]|Bytes:18
06:17:23.0 (47076819)|SYSTEM_METHOD_ENTRY|[1]|JSON.JSON()
06:17:23.0 (47081989)|STATEMENT_EXECUTE|[1]
06:17:23.0 (47099990)|SYSTEM_METHOD_EXIT|[1]|JSON
06:17:23.0 (47127991)|METHOD_ENTRY|[94]||System.JSON.serialize(Object)
06:17:23.0 (47385046)|VARIABLE_ASSIGNMENT|[EXTERNAL]|this|{"id":"00336000002ydazAAA","value":"Patti Patel"}|0x4f41407f
06:17:23.0 (47450247)|VARIABLE_ASSIGNMENT|[EXTERNAL]|this|{"id":"00336000002WYM2AAO","value":"Stella Pavlova"}|0x1427c62f
06:17:23.0 (47513660)|VARIABLE_ASSIGNMENT|[EXTERNAL]|this|{"id":"00336000002ydarAAA","value":"Steve Curio"}|0x4d577983
06:17:23.0 (47575576)|VARIABLE_ASSIGNMENT|[EXTERNAL]|this|{"id":"00336000003WDXeAAO","value":"Test Contact"}|0x1063810b
06:17:23.0 (47637449)|VARIABLE_ASSIGNMENT|[EXTERNAL]|this|{"id":"00336000002ydauAAA","value":"Winter Drake"}|0x6a405a5c
06:17:23.0 (47700173)|VARIABLE_ASSIGNMENT|[EXTERNAL]|this|{"id":"00336000002WYM7AAO","value":"Arthur Song"}|0x680217d0
06:17:23.0 (47761767)|VARIABLE_ASSIGNMENT|[EXTERNAL]|this|{"id":"00336000002ydazAAA","value":"Patti Patel"}|0x4f41407f
06:17:23.0 (47823447)|VARIABLE_ASSIGNMENT|[EXTERNAL]|this|{"id":"00336000002WYM2AAO","value":"Stella Pavlova"}|0x1427c62f
06:17:23.0 (47890644)|VARIABLE_ASSIGNMENT|[EXTERNAL]|this|{"id":"00336000002ydarAAA","value":"Steve Curio"}|0x4d577983
06:17:23.0 (47953593)|VARIABLE_ASSIGNMENT|[EXTERNAL]|this|{"id":"00336000003WDXeAAO","value":"Test Contact"}|0x1063810b
06:17:23.0 (48014900)|VARIABLE_ASSIGNMENT|[EXTERNAL]|this|{"id":"00336000002ydauAAA","value":"Winter Drake"}|0x6a405a5c
06:17:23.0 (48158119)|HEAP_ALLOCATE|[3]|Bytes:28
06:17:23.0 (48915157)|VARIABLE_ASSIGNMENT|[EXTERNAL]|this|{"id":"00336000002ydazAAA","value":"Patti Patel"}|0x4f41407f
06:17:23.0 (48979189)|VARIABLE_ASSIGNMENT|[EXTERNAL]|this|{"id":"00336000002WYM2AAO","value":"Stella Pavlova"}|0x1427c62f
06:17:23.0 (49041659)|VARIABLE_ASSIGNMENT|[EXTERNAL]|this|{"id":"00336000002ydarAAA","value":"Steve Curio"}|0x4d577983
06:17:23.0 (49104522)|VARIABLE_ASSIGNMENT|[EXTERNAL]|this|{"id":"00336000003WDXeAAO","value":"Test Contact"}|0x1063810b
06:17:23.0 (49166229)|VARIABLE_ASSIGNMENT|[EXTERNAL]|this|{"id":"00336000002ydauAAA","value":"Winter Drake"}|0x6a405a5c
06:17:23.0 (49215410)|HEAP_ALLOCATE|[3]|Bytes:306
06:17:23.0 (49240205)|METHOD_EXIT|[94]||System.JSON.serialize(Object)
06:17:23.0 (49258527)|SYSTEM_MODE_EXIT|false
06:17:23.49 (49305330)|CUMULATIVE_LIMIT_USAGE
06:17:23.49 (49305330)|LIMIT_USAGE_FOR_NS|(default)|
  Number of SOQL queries: 0 out of 100
  Number of query rows: 0 out of 50000
  Number of SOSL queries: 1 out of 20
  Number of DML statements: 0 out of 150
  Number of DML rows: 0 out of 10000
  Maximum CPU time: 0 out of 10000
  Maximum heap size: 0 out of 6000000
  Number of callouts: 0 out of 100
  Number of Email Invocations: 0 out of 10
  Number of future calls: 0 out of 50
  Number of queueable jobs added to the queue: 0 out of 50
  Number of Mobile Apex push calls: 0 out of 10

06:17:23.49 (49305330)|CUMULATIVE_LIMIT_USAGE_END

06:17:23.0 (49369790)|CODE_UNIT_FINISHED|InputLookupController.searchSObject
