36.0 APEX_CODE,FINEST;APEX_PROFILING,INFO;CALLOUT,INFO;DB,INFO;SYSTEM,DEBUG;VALIDATION,INFO;VISUALFORCE,INFO;WORKFLOW,INFO
14:16:32.0 (478322)|EXECUTION_STARTED
14:16:32.0 (534923)|CODE_UNIT_STARTED|[EXTERNAL]|01p36000006RnKY|InventoryController.getInventories
14:16:32.0 (1035537)|HEAP_ALLOCATE|[72]|Bytes:3
14:16:32.0 (1120726)|HEAP_ALLOCATE|[77]|Bytes:152
14:16:32.0 (1158199)|HEAP_ALLOCATE|[342]|Bytes:408
14:16:32.0 (1199529)|HEAP_ALLOCATE|[355]|Bytes:408
14:16:32.0 (1237384)|HEAP_ALLOCATE|[467]|Bytes:48
14:16:32.0 (1301042)|HEAP_ALLOCATE|[139]|Bytes:6
14:16:32.0 (1339096)|HEAP_ALLOCATE|[EXTERNAL]|Bytes:4
14:16:32.0 (1366976)|METHOD_ENTRY|[1]|01p36000006RnKY|InventoryController.InventoryController()
14:16:32.0 (1376400)|STATEMENT_EXECUTE|[1]
14:16:32.0 (1388001)|STATEMENT_EXECUTE|[1]
14:16:32.0 (1435728)|HEAP_ALLOCATE|[50]|Bytes:5
14:16:32.0 (1472299)|HEAP_ALLOCATE|[56]|Bytes:5
14:16:32.0 (1489251)|HEAP_ALLOCATE|[64]|Bytes:7
14:16:32.0 (1528094)|SYSTEM_MODE_ENTER|false
14:16:32.0 (1568340)|HEAP_ALLOCATE|[EXTERNAL]|Bytes:5
14:16:32.0 (1583838)|SYSTEM_MODE_EXIT|false
14:16:32.0 (1600357)|METHOD_EXIT|[1]|InventoryController
14:16:32.0 (1614495)|SYSTEM_MODE_ENTER|false
14:16:32.0 (1634543)|HEAP_ALLOCATE|[13]|Bytes:5
14:16:32.0 (1641194)|STATEMENT_EXECUTE|[12]
14:16:32.0 (1645742)|STATEMENT_EXECUTE|[13]
14:16:32.0 (1652849)|HEAP_ALLOCATE|[13]|Bytes:132
14:16:32.0 (1668301)|HEAP_ALLOCATE|[13]|Bytes:4
14:16:32.0 (3879558)|SOQL_EXECUTE_BEGIN|[13]|Aggregations:0|SELECT id, name, Inventory_Number__c, Customer__c, Contact_Person__c, Value__c, LastModifiedDate FROM Computer_Inventory__c LIMIT 50
14:16:32.0 (6575546)|SOQL_EXECUTE_END|[13]|Rows:6
14:16:32.0 (6596759)|HEAP_ALLOCATE|[13]|Bytes:28
14:16:32.0 (6635840)|HEAP_ALLOCATE|[13]|Bytes:1470
14:16:32.0 (6676863)|HEAP_ALLOCATE|[13]|Bytes:28
14:16:32.0 (6697262)|SYSTEM_MODE_EXIT|false
14:16:32.6 (6737883)|CUMULATIVE_LIMIT_USAGE
14:16:32.6 (6737883)|LIMIT_USAGE_FOR_NS|(default)|
  Number of SOQL queries: 1 out of 100
  Number of query rows: 6 out of 50000
  Number of SOSL queries: 0 out of 20
  Number of DML statements: 0 out of 150
  Number of DML rows: 0 out of 10000
  Maximum CPU time: 0 out of 10000
  Maximum heap size: 0 out of 6000000
  Number of callouts: 0 out of 100
  Number of Email Invocations: 0 out of 10
  Number of future calls: 0 out of 50
  Number of queueable jobs added to the queue: 0 out of 50
  Number of Mobile Apex push calls: 0 out of 10

14:16:32.6 (6737883)|CUMULATIVE_LIMIT_USAGE_END

14:16:32.0 (6785416)|CODE_UNIT_FINISHED|InventoryController.getInventories
14:16:32.0 (8343058)|EXECUTION_FINISHED
14:16:32.10 (10849519)|EXECUTION_STARTED
14:16:32.10 (10858565)|CODE_UNIT_STARTED|[EXTERNAL]|01p36000006RnKY|InventoryController.findAll
14:16:32.10 (10903988)|SYSTEM_MODE_ENTER|false
14:16:32.10 (10920609)|HEAP_ALLOCATE|[5]|Bytes:5
14:16:32.10 (10926145)|STATEMENT_EXECUTE|[4]
14:16:32.10 (10928903)|STATEMENT_EXECUTE|[5]
14:16:32.10 (10934755)|HEAP_ALLOCATE|[5]|Bytes:4
14:16:32.10 (11122400)|SOQL_EXECUTE_BEGIN|[5]|Aggregations:0|SELECT id, name, Inventory_Number__c, Customer__c, Contact_Person__c, Value__c, LastModifiedDate FROM Computer_Inventory__c LIMIT 50
14:16:32.10 (13571681)|SOQL_EXECUTE_END|[5]|Rows:6
14:16:32.10 (13590252)|HEAP_ALLOCATE|[5]|Bytes:28
14:16:32.10 (13629977)|HEAP_ALLOCATE|[5]|Bytes:1470
14:16:32.10 (13649397)|HEAP_ALLOCATE|[5]|Bytes:28
14:16:32.10 (13671257)|SYSTEM_MODE_EXIT|false
14:16:32.13 (13704761)|CUMULATIVE_LIMIT_USAGE
14:16:32.13 (13704761)|LIMIT_USAGE_FOR_NS|(default)|
  Number of SOQL queries: 2 out of 100
  Number of query rows: 12 out of 50000
  Number of SOSL queries: 0 out of 20
  Number of DML statements: 0 out of 150
  Number of DML rows: 0 out of 10000
  Maximum CPU time: 0 out of 10000
  Maximum heap size: 0 out of 6000000
  Number of callouts: 0 out of 100
  Number of Email Invocations: 0 out of 10
  Number of future calls: 0 out of 50
  Number of queueable jobs added to the queue: 0 out of 50
  Number of Mobile Apex push calls: 0 out of 10

14:16:32.13 (13704761)|CUMULATIVE_LIMIT_USAGE_END

14:16:32.10 (13753173)|CODE_UNIT_FINISHED|InventoryController.findAll
14:16:32.10 (15362244)|EXECUTION_FINISHED
