36.0 APEX_CODE,FINEST;APEX_PROFILING,INFO;CALLOUT,INFO;DB,INFO;SYSTEM,DEBUG;VALIDATION,INFO;VISUALFORCE,INFO;WORKFLOW,INFO
12:46:13.0 (429828)|EXECUTION_STARTED
12:46:13.0 (478836)|CODE_UNIT_STARTED|[EXTERNAL]|01p36000006RnKY|InventoryController.getInventories
12:46:13.0 (800130)|HEAP_ALLOCATE|[72]|Bytes:3
12:46:13.0 (888560)|HEAP_ALLOCATE|[77]|Bytes:152
12:46:13.0 (924321)|HEAP_ALLOCATE|[342]|Bytes:408
12:46:13.0 (954789)|HEAP_ALLOCATE|[355]|Bytes:408
12:46:13.0 (984189)|HEAP_ALLOCATE|[467]|Bytes:48
12:46:13.0 (1050693)|HEAP_ALLOCATE|[139]|Bytes:6
12:46:13.0 (1098253)|HEAP_ALLOCATE|[EXTERNAL]|Bytes:5
12:46:13.0 (1129358)|METHOD_ENTRY|[1]|01p36000006RnKY|InventoryController.InventoryController()
12:46:13.0 (1141718)|STATEMENT_EXECUTE|[1]
12:46:13.0 (1155086)|STATEMENT_EXECUTE|[1]
12:46:13.0 (1203115)|HEAP_ALLOCATE|[50]|Bytes:5
12:46:13.0 (1249551)|HEAP_ALLOCATE|[56]|Bytes:5
12:46:13.0 (1274351)|HEAP_ALLOCATE|[64]|Bytes:7
12:46:13.0 (1318030)|SYSTEM_MODE_ENTER|false
12:46:13.0 (1346348)|HEAP_ALLOCATE|[EXTERNAL]|Bytes:5
12:46:13.0 (1364398)|SYSTEM_MODE_EXIT|false
12:46:13.0 (1386061)|METHOD_EXIT|[1]|InventoryController
12:46:13.0 (1405599)|SYSTEM_MODE_ENTER|false
12:46:13.0 (1430950)|HEAP_ALLOCATE|[23]|Bytes:5
12:46:13.0 (1444192)|STATEMENT_EXECUTE|[20]
12:46:13.0 (1450699)|STATEMENT_EXECUTE|[23]
12:46:13.0 (1459716)|HEAP_ALLOCATE|[23]|Bytes:132
12:46:13.0 (1481760)|HEAP_ALLOCATE|[23]|Bytes:4
12:46:13.0 (1959361)|SOQL_EXECUTE_BEGIN|[23]|Aggregations:0|SELECT id, name, Inventory_Number__c, Customer__c, Contact_Person__c, Value__c, LastModifiedDate FROM Computer_Inventory__c LIMIT 50
12:46:13.0 (5066466)|SOQL_EXECUTE_END|[23]|Rows:5
12:46:13.0 (5101412)|HEAP_ALLOCATE|[23]|Bytes:24
12:46:13.0 (5144255)|HEAP_ALLOCATE|[23]|Bytes:1224
12:46:13.0 (5191484)|HEAP_ALLOCATE|[23]|Bytes:24
12:46:13.0 (5220864)|SYSTEM_MODE_EXIT|false
12:46:13.5 (5275111)|CUMULATIVE_LIMIT_USAGE
12:46:13.5 (5275111)|LIMIT_USAGE_FOR_NS|(default)|
  Number of SOQL queries: 1 out of 100
  Number of query rows: 5 out of 50000
  Number of SOSL queries: 0 out of 20
  Number of DML statements: 0 out of 150
  Number of DML rows: 0 out of 10000
  Maximum CPU time: 0 out of 10000
  Maximum heap size: 0 out of 6000000
  Number of callouts: 0 out of 100
  Number of Email Invocations: 0 out of 10
  Number of future calls: 0 out of 50
  Number of queueable jobs added to the queue: 0 out of 50
  Number of Mobile Apex push calls: 0 out of 10

12:46:13.5 (5275111)|CUMULATIVE_LIMIT_USAGE_END

12:46:13.0 (5331870)|CODE_UNIT_FINISHED|InventoryController.getInventories
12:46:13.0 (6968972)|EXECUTION_FINISHED
