36.0 APEX_CODE,FINEST;APEX_PROFILING,INFO;CALLOUT,INFO;DB,INFO;SYSTEM,DEBUG;VALIDATION,INFO;VISUALFORCE,INFO;WORKFLOW,INFO
03:45:49.0 (443722)|EXECUTION_STARTED
03:45:49.0 (489525)|CODE_UNIT_STARTED|[EXTERNAL]|01p36000006RnKY|InventoryController.findAll
03:45:49.0 (1108694)|HEAP_ALLOCATE|[72]|Bytes:3
03:45:49.0 (1192010)|HEAP_ALLOCATE|[77]|Bytes:152
03:45:49.0 (1237176)|HEAP_ALLOCATE|[342]|Bytes:408
03:45:49.0 (1300458)|HEAP_ALLOCATE|[355]|Bytes:408
03:45:49.0 (1362035)|HEAP_ALLOCATE|[467]|Bytes:48
03:45:49.0 (1425329)|HEAP_ALLOCATE|[139]|Bytes:6
03:45:49.0 (1469124)|HEAP_ALLOCATE|[EXTERNAL]|Bytes:4
03:45:49.0 (1496411)|METHOD_ENTRY|[1]|01p36000006RnKY|InventoryController.InventoryController()
03:45:49.0 (1504509)|STATEMENT_EXECUTE|[1]
03:45:49.0 (1515262)|STATEMENT_EXECUTE|[1]
03:45:49.0 (1558851)|HEAP_ALLOCATE|[50]|Bytes:5
03:45:49.0 (1604773)|HEAP_ALLOCATE|[56]|Bytes:5
03:45:49.0 (1628993)|HEAP_ALLOCATE|[64]|Bytes:7
03:45:49.0 (1671644)|SYSTEM_MODE_ENTER|false
03:45:49.0 (1697011)|HEAP_ALLOCATE|[EXTERNAL]|Bytes:5
03:45:49.0 (1711735)|SYSTEM_MODE_EXIT|false
03:45:49.0 (1730422)|METHOD_EXIT|[1]|InventoryController
03:45:49.0 (1742920)|SYSTEM_MODE_ENTER|false
03:45:49.0 (1763476)|HEAP_ALLOCATE|[5]|Bytes:5
03:45:49.0 (1772078)|STATEMENT_EXECUTE|[4]
03:45:49.0 (1775967)|STATEMENT_EXECUTE|[5]
03:45:49.0 (1782073)|HEAP_ALLOCATE|[5]|Bytes:132
03:45:49.0 (1802396)|HEAP_ALLOCATE|[5]|Bytes:4
03:45:49.0 (3739116)|SOQL_EXECUTE_BEGIN|[5]|Aggregations:0|SELECT id, name, Inventory_Number__c, Customer__c, Contact_Person__c, Value__c, LastModifiedDate FROM Computer_Inventory__c LIMIT 50
03:45:49.0 (6988562)|SOQL_EXECUTE_END|[5]|Rows:5
03:45:49.0 (7017581)|HEAP_ALLOCATE|[5]|Bytes:24
03:45:49.0 (7080072)|HEAP_ALLOCATE|[5]|Bytes:1224
03:45:49.0 (7135600)|HEAP_ALLOCATE|[5]|Bytes:24
03:45:49.0 (7164334)|SYSTEM_MODE_EXIT|false
03:45:49.7 (7217205)|CUMULATIVE_LIMIT_USAGE
03:45:49.7 (7217205)|LIMIT_USAGE_FOR_NS|(default)|
  Number of SOQL queries: 1 out of 100
  Number of query rows: 5 out of 50000
  Number of SOSL queries: 0 out of 20
  Number of DML statements: 0 out of 150
  Number of DML rows: 0 out of 10000
  Maximum CPU time: 0 out of 10000
  Maximum heap size: 0 out of 6000000
  Number of callouts: 0 out of 100
  Number of Email Invocations: 0 out of 10
  Number of future calls: 0 out of 50
  Number of queueable jobs added to the queue: 0 out of 50
  Number of Mobile Apex push calls: 0 out of 10

03:45:49.7 (7217205)|CUMULATIVE_LIMIT_USAGE_END

03:45:49.0 (7279485)|CODE_UNIT_FINISHED|InventoryController.findAll
03:45:49.0 (9116970)|EXECUTION_FINISHED
