36.0 APEX_CODE,FINEST;APEX_PROFILING,INFO;CALLOUT,INFO;DB,INFO;SYSTEM,DEBUG;VALIDATION,INFO;VISUALFORCE,INFO;WORKFLOW,INFO
13:59:45.0 (91991)|EXECUTION_STARTED
13:59:45.0 (144172)|CODE_UNIT_STARTED|[EXTERNAL]|01p36000006RnKY|InventoryController.getInventories
13:59:45.0 (334845)|HEAP_ALLOCATE|[72]|Bytes:3
13:59:45.0 (400237)|HEAP_ALLOCATE|[77]|Bytes:152
13:59:45.0 (422413)|HEAP_ALLOCATE|[342]|Bytes:408
13:59:45.0 (445082)|HEAP_ALLOCATE|[355]|Bytes:408
13:59:45.0 (465309)|HEAP_ALLOCATE|[467]|Bytes:48
13:59:45.0 (506552)|HEAP_ALLOCATE|[139]|Bytes:6
13:59:45.0 (587719)|HEAP_ALLOCATE|[EXTERNAL]|Bytes:4
13:59:45.0 (606687)|METHOD_ENTRY|[1]|01p36000006RnKY|InventoryController.InventoryController()
13:59:45.0 (612972)|STATEMENT_EXECUTE|[1]
13:59:45.0 (620655)|STATEMENT_EXECUTE|[1]
13:59:45.0 (657284)|HEAP_ALLOCATE|[50]|Bytes:5
13:59:45.0 (688397)|HEAP_ALLOCATE|[56]|Bytes:5
13:59:45.0 (699933)|HEAP_ALLOCATE|[64]|Bytes:7
13:59:45.0 (732216)|SYSTEM_MODE_ENTER|false
13:59:45.0 (756320)|HEAP_ALLOCATE|[EXTERNAL]|Bytes:5
13:59:45.0 (767401)|SYSTEM_MODE_EXIT|false
13:59:45.0 (779981)|METHOD_EXIT|[1]|InventoryController
13:59:45.0 (792131)|SYSTEM_MODE_ENTER|false
13:59:45.0 (808581)|HEAP_ALLOCATE|[13]|Bytes:5
13:59:45.0 (814022)|STATEMENT_EXECUTE|[12]
13:59:45.0 (816859)|STATEMENT_EXECUTE|[13]
13:59:45.0 (821187)|HEAP_ALLOCATE|[13]|Bytes:132
13:59:45.0 (834292)|HEAP_ALLOCATE|[13]|Bytes:4
13:59:45.0 (1346206)|SOQL_EXECUTE_BEGIN|[13]|Aggregations:0|SELECT id, name, Inventory_Number__c, Customer__c, Contact_Person__c, Value__c, LastModifiedDate FROM Computer_Inventory__c LIMIT 50
13:59:45.0 (4029069)|SOQL_EXECUTE_END|[13]|Rows:5
13:59:45.0 (4056166)|HEAP_ALLOCATE|[13]|Bytes:24
13:59:45.0 (4092238)|HEAP_ALLOCATE|[13]|Bytes:1224
13:59:45.0 (4200428)|HEAP_ALLOCATE|[13]|Bytes:24
13:59:45.0 (4222376)|SYSTEM_MODE_EXIT|false
13:59:45.4 (4264899)|CUMULATIVE_LIMIT_USAGE
13:59:45.4 (4264899)|LIMIT_USAGE_FOR_NS|(default)|
  Number of SOQL queries: 1 out of 100
  Number of query rows: 5 out of 50000
  Number of SOSL queries: 0 out of 20
  Number of DML statements: 0 out of 150
  Number of DML rows: 0 out of 10000
  Maximum CPU time: 0 out of 10000
  Maximum heap size: 0 out of 6000000
  Number of callouts: 0 out of 100
  Number of Email Invocations: 0 out of 10
  Number of future calls: 0 out of 50
  Number of queueable jobs added to the queue: 0 out of 50
  Number of Mobile Apex push calls: 0 out of 10

13:59:45.4 (4264899)|CUMULATIVE_LIMIT_USAGE_END

13:59:45.0 (4312683)|CODE_UNIT_FINISHED|InventoryController.getInventories
13:59:45.0 (5858265)|EXECUTION_FINISHED
13:59:45.8 (8262168)|EXECUTION_STARTED
13:59:45.8 (8276280)|CODE_UNIT_STARTED|[EXTERNAL]|01p36000006RnKY|InventoryController.getInventories
13:59:45.8 (8318248)|SYSTEM_MODE_ENTER|false
13:59:45.8 (8335357)|HEAP_ALLOCATE|[13]|Bytes:5
13:59:45.8 (8341855)|STATEMENT_EXECUTE|[12]
13:59:45.8 (8344658)|STATEMENT_EXECUTE|[13]
13:59:45.8 (8350107)|HEAP_ALLOCATE|[13]|Bytes:4
13:59:45.8 (8540168)|SOQL_EXECUTE_BEGIN|[13]|Aggregations:0|SELECT id, name, Inventory_Number__c, Customer__c, Contact_Person__c, Value__c, LastModifiedDate FROM Computer_Inventory__c LIMIT 50
13:59:45.8 (10813567)|SOQL_EXECUTE_END|[13]|Rows:5
13:59:45.8 (10831572)|HEAP_ALLOCATE|[13]|Bytes:24
13:59:45.8 (10858767)|HEAP_ALLOCATE|[13]|Bytes:1224
13:59:45.8 (10875301)|HEAP_ALLOCATE|[13]|Bytes:24
13:59:45.8 (10892523)|SYSTEM_MODE_EXIT|false
13:59:45.10 (10915461)|CUMULATIVE_LIMIT_USAGE
13:59:45.10 (10915461)|LIMIT_USAGE_FOR_NS|(default)|
  Number of SOQL queries: 2 out of 100
  Number of query rows: 10 out of 50000
  Number of SOSL queries: 0 out of 20
  Number of DML statements: 0 out of 150
  Number of DML rows: 0 out of 10000
  Maximum CPU time: 0 out of 10000
  Maximum heap size: 0 out of 6000000
  Number of callouts: 0 out of 100
  Number of Email Invocations: 0 out of 10
  Number of future calls: 0 out of 50
  Number of queueable jobs added to the queue: 0 out of 50
  Number of Mobile Apex push calls: 0 out of 10

13:59:45.10 (10915461)|CUMULATIVE_LIMIT_USAGE_END

13:59:45.8 (10950004)|CODE_UNIT_FINISHED|InventoryController.getInventories
13:59:45.8 (12652628)|EXECUTION_FINISHED
