36.0 APEX_CODE,FINEST;APEX_PROFILING,INFO;CALLOUT,INFO;DB,INFO;SYSTEM,DEBUG;VALIDATION,INFO;VISUALFORCE,INFO;WORKFLOW,INFO
13:56:24.0 (476613)|EXECUTION_STARTED
13:56:24.0 (533787)|CODE_UNIT_STARTED|[EXTERNAL]|01p36000006RnKY|InventoryController.getInventories
13:56:24.0 (764274)|HEAP_ALLOCATE|[72]|Bytes:3
13:56:24.0 (818313)|HEAP_ALLOCATE|[77]|Bytes:152
13:56:24.0 (835185)|HEAP_ALLOCATE|[342]|Bytes:408
13:56:24.0 (853676)|HEAP_ALLOCATE|[355]|Bytes:408
13:56:24.0 (870827)|HEAP_ALLOCATE|[467]|Bytes:48
13:56:24.0 (907147)|HEAP_ALLOCATE|[139]|Bytes:6
13:56:24.0 (1031489)|HEAP_ALLOCATE|[EXTERNAL]|Bytes:4
13:56:24.0 (1054144)|METHOD_ENTRY|[1]|01p36000006RnKY|InventoryController.InventoryController()
13:56:24.0 (1059959)|STATEMENT_EXECUTE|[1]
13:56:24.0 (1067557)|STATEMENT_EXECUTE|[1]
13:56:24.0 (1104992)|HEAP_ALLOCATE|[50]|Bytes:5
13:56:24.0 (1134302)|HEAP_ALLOCATE|[56]|Bytes:5
13:56:24.0 (1145194)|HEAP_ALLOCATE|[64]|Bytes:7
13:56:24.0 (1170943)|SYSTEM_MODE_ENTER|false
13:56:24.0 (1192857)|HEAP_ALLOCATE|[EXTERNAL]|Bytes:5
13:56:24.0 (1202047)|SYSTEM_MODE_EXIT|false
13:56:24.0 (1213786)|METHOD_EXIT|[1]|InventoryController
13:56:24.0 (1225426)|SYSTEM_MODE_ENTER|false
13:56:24.0 (1239760)|HEAP_ALLOCATE|[13]|Bytes:5
13:56:24.0 (1244495)|STATEMENT_EXECUTE|[12]
13:56:24.0 (1246828)|STATEMENT_EXECUTE|[13]
13:56:24.0 (1250540)|HEAP_ALLOCATE|[13]|Bytes:132
13:56:24.0 (1267000)|HEAP_ALLOCATE|[13]|Bytes:4
13:56:24.0 (3380120)|SOQL_EXECUTE_BEGIN|[13]|Aggregations:0|SELECT id, name, Inventory_Number__c, Customer__c, Contact_Person__c, Value__c, LastModifiedDate FROM Computer_Inventory__c LIMIT 50
13:56:24.0 (6215389)|SOQL_EXECUTE_END|[13]|Rows:5
13:56:24.0 (6242340)|HEAP_ALLOCATE|[13]|Bytes:24
13:56:24.0 (6284075)|HEAP_ALLOCATE|[13]|Bytes:1224
13:56:24.0 (6410118)|HEAP_ALLOCATE|[13]|Bytes:24
13:56:24.0 (6428289)|SYSTEM_MODE_EXIT|false
13:56:24.6 (6481200)|CUMULATIVE_LIMIT_USAGE
13:56:24.6 (6481200)|LIMIT_USAGE_FOR_NS|(default)|
  Number of SOQL queries: 1 out of 100
  Number of query rows: 5 out of 50000
  Number of SOSL queries: 0 out of 20
  Number of DML statements: 0 out of 150
  Number of DML rows: 0 out of 10000
  Maximum CPU time: 0 out of 10000
  Maximum heap size: 0 out of 6000000
  Number of callouts: 0 out of 100
  Number of Email Invocations: 0 out of 10
  Number of future calls: 0 out of 50
  Number of queueable jobs added to the queue: 0 out of 50
  Number of Mobile Apex push calls: 0 out of 10

13:56:24.6 (6481200)|CUMULATIVE_LIMIT_USAGE_END

13:56:24.0 (6545080)|CODE_UNIT_FINISHED|InventoryController.getInventories
13:56:24.0 (8085197)|EXECUTION_FINISHED
13:56:24.10 (10886215)|EXECUTION_STARTED
13:56:24.10 (10897810)|CODE_UNIT_STARTED|[EXTERNAL]|01p36000006RnKY|InventoryController.getInventories
13:56:24.10 (10951790)|SYSTEM_MODE_ENTER|false
13:56:24.10 (10969225)|HEAP_ALLOCATE|[13]|Bytes:5
13:56:24.10 (10975450)|STATEMENT_EXECUTE|[12]
13:56:24.10 (10977766)|STATEMENT_EXECUTE|[13]
13:56:24.10 (10983617)|HEAP_ALLOCATE|[13]|Bytes:4
13:56:24.10 (11199938)|SOQL_EXECUTE_BEGIN|[13]|Aggregations:0|SELECT id, name, Inventory_Number__c, Customer__c, Contact_Person__c, Value__c, LastModifiedDate FROM Computer_Inventory__c LIMIT 50
13:56:24.10 (13577584)|SOQL_EXECUTE_END|[13]|Rows:5
13:56:24.10 (13599787)|HEAP_ALLOCATE|[13]|Bytes:24
13:56:24.10 (13628549)|HEAP_ALLOCATE|[13]|Bytes:1224
13:56:24.10 (13646569)|HEAP_ALLOCATE|[13]|Bytes:24
13:56:24.10 (13665918)|SYSTEM_MODE_EXIT|false
13:56:24.13 (13696239)|CUMULATIVE_LIMIT_USAGE
13:56:24.13 (13696239)|LIMIT_USAGE_FOR_NS|(default)|
  Number of SOQL queries: 2 out of 100
  Number of query rows: 10 out of 50000
  Number of SOSL queries: 0 out of 20
  Number of DML statements: 0 out of 150
  Number of DML rows: 0 out of 10000
  Maximum CPU time: 0 out of 10000
  Maximum heap size: 0 out of 6000000
  Number of callouts: 0 out of 100
  Number of Email Invocations: 0 out of 10
  Number of future calls: 0 out of 50
  Number of queueable jobs added to the queue: 0 out of 50
  Number of Mobile Apex push calls: 0 out of 10

13:56:24.13 (13696239)|CUMULATIVE_LIMIT_USAGE_END

13:56:24.10 (13747789)|CODE_UNIT_FINISHED|InventoryController.getInventories
13:56:24.10 (15451890)|EXECUTION_FINISHED
