34.0 APEX_CODE,FINEST;APEX_PROFILING,INFO;CALLOUT,INFO;DB,INFO;SYSTEM,DEBUG;VALIDATION,INFO;VISUALFORCE,INFO;WORKFLOW,INFO
14:29:15.0 (316337)|EXECUTION_STARTED
14:29:15.0 (357915)|CODE_UNIT_STARTED|[EXTERNAL]|0664E0000000AOi|VF: /apex/ReportPLIS
14:29:15.0 (2876275)|CODE_UNIT_STARTED|[EXTERNAL]|01p4E0000008wR2|ReportPLIS_Controller <init>
14:29:15.0 (2894872)|SYSTEM_MODE_ENTER|true
14:29:15.0 (3289709)|HEAP_ALLOCATE|[72]|Bytes:3
14:29:15.0 (3348113)|HEAP_ALLOCATE|[77]|Bytes:152
14:29:15.0 (3368139)|HEAP_ALLOCATE|[342]|Bytes:408
14:29:15.0 (3388014)|HEAP_ALLOCATE|[355]|Bytes:408
14:29:15.0 (3407018)|HEAP_ALLOCATE|[467]|Bytes:48
14:29:15.0 (3447156)|HEAP_ALLOCATE|[139]|Bytes:6
14:29:15.0 (3472831)|HEAP_ALLOCATE|[EXTERNAL]|Bytes:37
14:29:15.0 (3478093)|HEAP_ALLOCATE|[EXTERNAL]|Bytes:140
14:29:15.0 (3480830)|HEAP_ALLOCATE|[EXTERNAL]|Bytes:19
14:29:15.0 (3498033)|METHOD_ENTRY|[1]|01p4E0000008wR2|ReportPLIS_Controller.ReportPLIS_Controller()
14:29:15.0 (3503972)|STATEMENT_EXECUTE|[1]
14:29:15.0 (3513268)|STATEMENT_EXECUTE|[1]
14:29:15.0 (3553223)|HEAP_ALLOCATE|[50]|Bytes:5
14:29:15.0 (3580713)|HEAP_ALLOCATE|[56]|Bytes:5
14:29:15.0 (3589609)|HEAP_ALLOCATE|[64]|Bytes:7
14:29:15.0 (3618450)|SYSTEM_MODE_ENTER|false
14:29:15.0 (3639749)|HEAP_ALLOCATE|[EXTERNAL]|Bytes:5
14:29:15.0 (3644212)|STATEMENT_EXECUTE|[97]
14:29:15.0 (3645824)|STATEMENT_EXECUTE|[209]
14:29:15.0 (3647065)|STATEMENT_EXECUTE|[227]
14:29:15.0 (3651441)|SYSTEM_MODE_EXIT|false
14:29:15.0 (3663026)|METHOD_EXIT|[1]|ReportPLIS_Controller
14:29:15.0 (4100848)|HEAP_ALLOCATE|[EXTERNAL]|Bytes:24
14:29:15.0 (4116078)|VARIABLE_SCOPE_BEGIN|[11]|this|ReportPLIS_Controller|true|false
14:29:15.0 (4196987)|VARIABLE_ASSIGNMENT|[11]|this|{}|0x24de1323
14:29:15.0 (4212087)|SYSTEM_MODE_ENTER|false
14:29:15.0 (4217626)|HEAP_ALLOCATE|[6]|Bytes:5
14:29:15.0 (4221505)|STATEMENT_EXECUTE|[1]
14:29:15.0 (4224542)|HEAP_ALLOCATE|[6]|Bytes:5
14:29:15.0 (4226217)|STATEMENT_EXECUTE|[3]
14:29:15.0 (4227618)|STATEMENT_EXECUTE|[4]
14:29:15.0 (4228610)|STATEMENT_EXECUTE|[5]
14:29:15.0 (4229581)|STATEMENT_EXECUTE|[6]
14:29:15.0 (4236008)|HEAP_ALLOCATE|[6]|Bytes:4
14:29:15.0 (4295708)|HEAP_ALLOCATE|[6]|Bytes:1
14:29:15.0 (4308206)|HEAP_ALLOCATE|[6]|Bytes:1
14:29:15.0 (4312203)|HEAP_ALLOCATE|[6]|Bytes:1
14:29:15.0 (4316011)|HEAP_ALLOCATE|[6]|Bytes:1
14:29:15.0 (4319752)|HEAP_ALLOCATE|[6]|Bytes:1
14:29:15.0 (4323646)|HEAP_ALLOCATE|[6]|Bytes:1
14:29:15.0 (4327418)|HEAP_ALLOCATE|[6]|Bytes:1
14:29:15.0 (4331097)|HEAP_ALLOCATE|[6]|Bytes:1
14:29:15.0 (4334646)|HEAP_ALLOCATE|[6]|Bytes:1
14:29:15.0 (4338361)|HEAP_ALLOCATE|[6]|Bytes:2
14:29:15.0 (4342423)|HEAP_ALLOCATE|[6]|Bytes:2
14:29:15.0 (4346331)|HEAP_ALLOCATE|[6]|Bytes:2
14:29:15.0 (4390805)|HEAP_ALLOCATE|[EXTERNAL]|Bytes:52
14:29:15.0 (4421596)|VARIABLE_ASSIGNMENT|[6]|this.month|{"s":1,"v":"List of size 12 too large to display"}|0x24de1323
14:29:15.0 (4425573)|STATEMENT_EXECUTE|[7]
14:29:15.0 (4437038)|HEAP_ALLOCATE|[6]|Bytes:6
14:29:15.0 (4464630)|STATEMENT_EXECUTE|[11]
14:29:15.0 (4468859)|SYSTEM_MODE_EXIT|false
14:29:15.0 (4484832)|CODE_UNIT_FINISHED|ReportPLIS_Controller <init>
14:29:15.0 (4531939)|CODE_UNIT_STARTED|[EXTERNAL]|01p4E0000008wR2|ReportPLIS_Controller get(Phase)
14:29:15.0 (4542769)|SYSTEM_MODE_ENTER|true
14:29:15.0 (4560755)|CODE_UNIT_STARTED|[EXTERNAL]|01p4E0000008wR2|Phase
14:29:15.0 (4571062)|CODE_UNIT_FINISHED|Phase
14:29:15.0 (4585162)|CODE_UNIT_FINISHED|ReportPLIS_Controller get(Phase)
14:29:15.18 (18490041)|CUMULATIVE_LIMIT_USAGE
14:29:15.18 (18490041)|LIMIT_USAGE_FOR_NS|(default)|
  Number of SOQL queries: 0 out of 100
  Number of query rows: 0 out of 50000
  Number of SOSL queries: 0 out of 20
  Number of DML statements: 0 out of 150
  Number of DML rows: 0 out of 10000
  Maximum CPU time: 0 out of 10000
  Maximum heap size: 0 out of 6000000
  Number of callouts: 0 out of 100
  Number of Email Invocations: 0 out of 10
  Number of future calls: 0 out of 50
  Number of queueable jobs added to the queue: 0 out of 50
  Number of Mobile Apex push calls: 0 out of 10

14:29:15.18 (18490041)|CUMULATIVE_LIMIT_USAGE_END

14:29:15.0 (18533309)|CODE_UNIT_FINISHED|VF: /apex/ReportPLIS
14:29:15.0 (19633948)|EXECUTION_FINISHED
