36.0 APEX_CODE,FINEST;APEX_PROFILING,INFO;CALLOUT,INFO;DB,INFO;SYSTEM,DEBUG;VALIDATION,INFO;VISUALFORCE,INFO;WORKFLOW,INFO
19:54:49.0 (291238)|EXECUTION_STARTED
19:54:49.0 (325028)|CODE_UNIT_STARTED|[EXTERNAL]|0664E00000007Nc|VF: /apex/Change_Status_Phase
19:54:49.0 (524685)|VF_DESERIALIZE_VIEWSTATE_BEGIN|0664E00000007Nc
19:54:49.0 (9745655)|HEAP_ALLOCATE|[72]|Bytes:3
19:54:49.0 (9809024)|HEAP_ALLOCATE|[77]|Bytes:152
19:54:49.0 (9829335)|HEAP_ALLOCATE|[342]|Bytes:408
19:54:49.0 (9849402)|HEAP_ALLOCATE|[355]|Bytes:408
19:54:49.0 (9868510)|HEAP_ALLOCATE|[467]|Bytes:48
19:54:49.0 (9909051)|HEAP_ALLOCATE|[139]|Bytes:6
19:54:49.0 (26982692)|VF_DESERIALIZE_VIEWSTATE_END
19:54:49.0 (28516640)|CODE_UNIT_STARTED|[EXTERNAL]|01p4E0000008nN6|AccountControllerExtension get(project)
19:54:49.0 (28531715)|SYSTEM_MODE_ENTER|true
19:54:49.0 (28568649)|CODE_UNIT_STARTED|[EXTERNAL]|01p4E0000008nN6|project
19:54:49.0 (28585958)|HEAP_ALLOCATE|[EXTERNAL]|Bytes:232
19:54:49.0 (28596037)|HEAP_ALLOCATE|[EXTERNAL]|Bytes:35
19:54:49.0 (28616254)|METHOD_ENTRY|[11]|01p4E0000008nN6|AccountControllerExtension.AccountControllerExtension()
19:54:49.0 (28621543)|STATEMENT_EXECUTE|[11]
19:54:49.0 (28629492)|STATEMENT_EXECUTE|[11]
19:54:49.0 (28669465)|HEAP_ALLOCATE|[50]|Bytes:5
19:54:49.0 (28703740)|HEAP_ALLOCATE|[56]|Bytes:5
19:54:49.0 (28714011)|HEAP_ALLOCATE|[64]|Bytes:7
19:54:49.0 (28742340)|SYSTEM_MODE_ENTER|false
19:54:49.0 (28760300)|HEAP_ALLOCATE|[EXTERNAL]|Bytes:5
19:54:49.0 (28768214)|SYSTEM_MODE_EXIT|false
19:54:49.0 (28778310)|METHOD_EXIT|[11]|AccountControllerExtension
19:54:49.0 (28793356)|CODE_UNIT_FINISHED|project
19:54:49.0 (28820485)|CODE_UNIT_FINISHED|AccountControllerExtension get(project)
19:54:49.0 (34235478)|CODE_UNIT_STARTED|[EXTERNAL]|01p4E0000008nN6|AccountControllerExtension get(phase)
19:54:49.0 (34246428)|SYSTEM_MODE_ENTER|true
19:54:49.0 (34260118)|CODE_UNIT_STARTED|[EXTERNAL]|01p4E0000008nN6|phase
19:54:49.0 (34270621)|CODE_UNIT_FINISHED|phase
19:54:49.0 (34285750)|CODE_UNIT_FINISHED|AccountControllerExtension get(phase)
19:54:49.0 (35363242)|CODE_UNIT_STARTED|[EXTERNAL]|01p4E0000008nN6|AccountControllerExtension get(tempDate)
19:54:49.0 (35373757)|SYSTEM_MODE_ENTER|true
19:54:49.0 (35386946)|CODE_UNIT_STARTED|[EXTERNAL]|01p4E0000008nN6|tempDate
19:54:49.0 (35396817)|CODE_UNIT_FINISHED|tempDate
19:54:49.0 (35411442)|CODE_UNIT_FINISHED|AccountControllerExtension get(tempDate)
19:54:49.0 (35921652)|CODE_UNIT_STARTED|[EXTERNAL]|AccountControllerExtension set(tempDate,null)
19:54:49.0 (35931218)|SYSTEM_MODE_ENTER|true
19:54:49.0 (35944503)|CODE_UNIT_STARTED|[EXTERNAL]|AccountControllerExtension set(tempDate,null)
19:54:49.0 (35979359)|HEAP_ALLOCATE|[EXTERNAL]|Bytes:48
19:54:49.0 (36014731)|VARIABLE_ASSIGNMENT|[EXTERNAL]|this.tempDate|null|0x19186d9e
19:54:49.0 (36023554)|CODE_UNIT_FINISHED|AccountControllerExtension set(tempDate,null)
19:54:49.0 (36038168)|CODE_UNIT_FINISHED|AccountControllerExtension set(tempDate,null)
19:54:49.0 (36074519)|CODE_UNIT_STARTED|[EXTERNAL]|01p4E0000008nN6|AccountControllerExtension get(phase)
19:54:49.0 (36082912)|SYSTEM_MODE_ENTER|true
19:54:49.0 (36094906)|CODE_UNIT_STARTED|[EXTERNAL]|01p4E0000008nN6|phase
19:54:49.0 (36104440)|CODE_UNIT_FINISHED|phase
19:54:49.0 (36117705)|CODE_UNIT_FINISHED|AccountControllerExtension get(phase)
19:54:49.0 (36505477)|CODE_UNIT_STARTED|[EXTERNAL]|01p4E0000008nN6|AccountControllerExtension invoke(updatePhase)
19:54:49.0 (36555300)|HEAP_ALLOCATE|[EXTERNAL]|Bytes:48
19:54:49.0 (36567922)|VARIABLE_SCOPE_BEGIN|[57]|this|AccountControllerExtension|true|false
19:54:49.0 (36655827)|VARIABLE_ASSIGNMENT|[57]|this|{"company":"0x12d402f8","companyLicenseMarker (1 more) ...":"0x20626d8a","ideaMarkers":"0x1598ae31","markersList":"0x6f7d20b1","phase":"Verification","project":"0x23816acc","projectObj":"0x5d8c2c64","uniqueMarkers":"0x6e311462","verificationMarkers":"0x3e88c6b3"}|0x19186d9e
19:54:49.0 (36675945)|SYSTEM_MODE_ENTER|false
19:54:49.0 (36685566)|HEAP_ALLOCATE|[58]|Bytes:5
19:54:49.0 (36689867)|STATEMENT_EXECUTE|[57]
19:54:49.0 (36691370)|STATEMENT_EXECUTE|[58]
19:54:49.0 (36767796)|VARIABLE_ASSIGNMENT|[EXTERNAL]|this|{"company":"0x12d402f8","companyLicenseMarker (1 more) ...":"0x20626d8a","ideaMarkers":"0x1598ae31","markersList":"0x6f7d20b1","phase":"Verification","project":"0x23816acc","projectObj":"0x5d8c2c64","uniqueMarkers":"0x6e311462","verificationMarkers":"0x3e88c6b3"}|0x19186d9e
19:54:49.0 (36863416)|VARIABLE_ASSIGNMENT|[EXTERNAL]|this|{"company":"0x12d402f8","companyLicenseMarker (1 more) ...":"0x20626d8a","ideaMarkers":"0x1598ae31","markersList":"0x6f7d20b1","phase":"Verification","project":"0x23816acc","projectObj":"0x5d8c2c64","uniqueMarkers":"0x6e311462","verificationMarkers":"0x3e88c6b3"}|0x19186d9e
19:54:49.0 (36873105)|VARIABLE_ASSIGNMENT|[EXTERNAL]|value|"Verification"
19:54:49.0 (36883142)|VARIABLE_ASSIGNMENT|[16]|this.phase|"Verification"|0x19186d9e
19:54:49.0 (36894681)|SYSTEM_MODE_EXIT|false
19:54:49.0 (36934523)|CODE_UNIT_FINISHED|AccountControllerExtension invoke(updatePhase)
19:54:49.0 (36967773)|VF_APEX_CALL|j_id3|{!updatePhase}|PageReference: none
19:54:49.0 (40406419)|CODE_UNIT_STARTED|[EXTERNAL]|01p4E0000008nN6|AccountControllerExtension get(project)
19:54:49.0 (40418675)|SYSTEM_MODE_ENTER|true
19:54:49.0 (40431779)|CODE_UNIT_STARTED|[EXTERNAL]|01p4E0000008nN6|project
19:54:49.0 (40442209)|CODE_UNIT_FINISHED|project
19:54:49.0 (40458348)|CODE_UNIT_FINISHED|AccountControllerExtension get(project)
19:54:49.0 (41206064)|CODE_UNIT_STARTED|[EXTERNAL]|01p4E0000008nN6|AccountControllerExtension get(phase)
19:54:49.0 (41216453)|SYSTEM_MODE_ENTER|true
19:54:49.0 (41229475)|CODE_UNIT_STARTED|[EXTERNAL]|01p4E0000008nN6|phase
19:54:49.0 (41239251)|CODE_UNIT_FINISHED|phase
19:54:49.0 (41253568)|CODE_UNIT_FINISHED|AccountControllerExtension get(phase)
19:54:49.0 (42668756)|VF_SERIALIZE_VIEWSTATE_BEGIN|0664E00000007Nc
19:54:49.0 (44492238)|VF_SERIALIZE_VIEWSTATE_END
19:54:49.47 (47084698)|CUMULATIVE_LIMIT_USAGE
19:54:49.47 (47084698)|LIMIT_USAGE_FOR_NS|(default)|
  Number of SOQL queries: 0 out of 100
  Number of query rows: 0 out of 50000
  Number of SOSL queries: 0 out of 20
  Number of DML statements: 0 out of 150
  Number of DML rows: 0 out of 10000
  Maximum CPU time: 0 out of 10000
  Maximum heap size: 0 out of 6000000
  Number of callouts: 0 out of 100
  Number of Email Invocations: 0 out of 10
  Number of future calls: 0 out of 50
  Number of queueable jobs added to the queue: 0 out of 50
  Number of Mobile Apex push calls: 0 out of 10

19:54:49.47 (47084698)|CUMULATIVE_LIMIT_USAGE_END

19:54:49.0 (47124232)|CODE_UNIT_FINISHED|VF: /apex/Change_Status_Phase
19:54:49.0 (48196900)|EXECUTION_FINISHED
