36.0 APEX_CODE,FINEST;APEX_PROFILING,INFO;CALLOUT,INFO;DB,INFO;SYSTEM,DEBUG;VALIDATION,INFO;VISUALFORCE,INFO;WORKFLOW,INFO
19:54:59.0 (114921)|EXECUTION_STARTED
19:54:59.0 (157809)|CODE_UNIT_STARTED|[EXTERNAL]|0664E00000007Nc|VF: /apex/Change_Status_Phase
19:54:59.0 (454959)|VF_DESERIALIZE_VIEWSTATE_BEGIN|0664E00000007Nc
19:54:59.0 (9174856)|HEAP_ALLOCATE|[72]|Bytes:3
19:54:59.0 (9245844)|HEAP_ALLOCATE|[77]|Bytes:152
19:54:59.0 (9268577)|HEAP_ALLOCATE|[342]|Bytes:408
19:54:59.0 (9289826)|HEAP_ALLOCATE|[355]|Bytes:408
19:54:59.0 (9309697)|HEAP_ALLOCATE|[467]|Bytes:48
19:54:59.0 (9356608)|HEAP_ALLOCATE|[139]|Bytes:6
19:54:59.0 (11505921)|VF_DESERIALIZE_VIEWSTATE_END
19:54:59.0 (13044470)|CODE_UNIT_STARTED|[EXTERNAL]|01p4E0000008nN6|AccountControllerExtension get(project)
19:54:59.0 (13059932)|SYSTEM_MODE_ENTER|true
19:54:59.0 (13096568)|CODE_UNIT_STARTED|[EXTERNAL]|01p4E0000008nN6|project
19:54:59.0 (13112678)|HEAP_ALLOCATE|[EXTERNAL]|Bytes:232
19:54:59.0 (13120283)|HEAP_ALLOCATE|[EXTERNAL]|Bytes:35
19:54:59.0 (13136256)|METHOD_ENTRY|[11]|01p4E0000008nN6|AccountControllerExtension.AccountControllerExtension()
19:54:59.0 (13142416)|STATEMENT_EXECUTE|[11]
19:54:59.0 (13150330)|STATEMENT_EXECUTE|[11]
19:54:59.0 (13190387)|HEAP_ALLOCATE|[50]|Bytes:5
19:54:59.0 (13219408)|HEAP_ALLOCATE|[56]|Bytes:5
19:54:59.0 (13228792)|HEAP_ALLOCATE|[64]|Bytes:7
19:54:59.0 (13259682)|SYSTEM_MODE_ENTER|false
19:54:59.0 (13279199)|HEAP_ALLOCATE|[EXTERNAL]|Bytes:5
19:54:59.0 (13287015)|SYSTEM_MODE_EXIT|false
19:54:59.0 (13299705)|METHOD_EXIT|[11]|AccountControllerExtension
19:54:59.0 (13315328)|CODE_UNIT_FINISHED|project
19:54:59.0 (13345597)|CODE_UNIT_FINISHED|AccountControllerExtension get(project)
19:54:59.0 (21547282)|CODE_UNIT_STARTED|[EXTERNAL]|01p4E0000008nN6|AccountControllerExtension get(phase)
19:54:59.0 (21557812)|SYSTEM_MODE_ENTER|true
19:54:59.0 (21571999)|CODE_UNIT_STARTED|[EXTERNAL]|01p4E0000008nN6|phase
19:54:59.0 (21581905)|CODE_UNIT_FINISHED|phase
19:54:59.0 (21596768)|CODE_UNIT_FINISHED|AccountControllerExtension get(phase)
19:54:59.0 (22744329)|CODE_UNIT_STARTED|[EXTERNAL]|01p4E0000008nN6|AccountControllerExtension get(tempDate)
19:54:59.0 (22754544)|SYSTEM_MODE_ENTER|true
19:54:59.0 (22768317)|CODE_UNIT_STARTED|[EXTERNAL]|01p4E0000008nN6|tempDate
19:54:59.0 (22777372)|CODE_UNIT_FINISHED|tempDate
19:54:59.0 (22791053)|CODE_UNIT_FINISHED|AccountControllerExtension get(tempDate)
19:54:59.0 (28719051)|CODE_UNIT_STARTED|[EXTERNAL]|01p4E0000008nN6|AccountControllerExtension get(project)
19:54:59.0 (28731184)|SYSTEM_MODE_ENTER|true
19:54:59.0 (28745724)|CODE_UNIT_STARTED|[EXTERNAL]|01p4E0000008nN6|project
19:54:59.0 (28756115)|CODE_UNIT_FINISHED|project
19:54:59.0 (28771640)|CODE_UNIT_FINISHED|AccountControllerExtension get(project)
19:54:59.0 (29611259)|CODE_UNIT_STARTED|[EXTERNAL]|01p4E0000008nN6|AccountControllerExtension get(phase)
19:54:59.0 (29621305)|SYSTEM_MODE_ENTER|true
19:54:59.0 (29635472)|CODE_UNIT_STARTED|[EXTERNAL]|01p4E0000008nN6|phase
19:54:59.0 (29645035)|CODE_UNIT_FINISHED|phase
19:54:59.0 (29659132)|CODE_UNIT_FINISHED|AccountControllerExtension get(phase)
19:54:59.0 (32222632)|VF_SERIALIZE_VIEWSTATE_BEGIN|0664E00000007Nc
19:54:59.0 (34062749)|VF_SERIALIZE_VIEWSTATE_END
19:54:59.36 (36651878)|CUMULATIVE_LIMIT_USAGE
19:54:59.36 (36651878)|LIMIT_USAGE_FOR_NS|(default)|
  Number of SOQL queries: 0 out of 100
  Number of query rows: 0 out of 50000
  Number of SOSL queries: 0 out of 20
  Number of DML statements: 0 out of 150
  Number of DML rows: 0 out of 10000
  Maximum CPU time: 0 out of 10000
  Maximum heap size: 0 out of 6000000
  Number of callouts: 0 out of 100
  Number of Email Invocations: 0 out of 10
  Number of future calls: 0 out of 50
  Number of queueable jobs added to the queue: 0 out of 50
  Number of Mobile Apex push calls: 0 out of 10

19:54:59.36 (36651878)|CUMULATIVE_LIMIT_USAGE_END

19:54:59.0 (36691444)|CODE_UNIT_FINISHED|VF: /apex/Change_Status_Phase
19:54:59.0 (37598241)|EXECUTION_FINISHED
