36.0 APEX_CODE,FINEST;APEX_PROFILING,INFO;CALLOUT,INFO;DB,INFO;SYSTEM,DEBUG;VALIDATION,INFO;VISUALFORCE,INFO;WORKFLOW,INFO
20:41:59.0 (295680)|EXECUTION_STARTED
20:41:59.0 (330633)|CODE_UNIT_STARTED|[EXTERNAL]|VisualForce View State
20:41:59.0 (7902244)|HEAP_ALLOCATE|[72]|Bytes:3
20:41:59.0 (7976603)|HEAP_ALLOCATE|[77]|Bytes:152
20:41:59.0 (8000142)|HEAP_ALLOCATE|[342]|Bytes:408
20:41:59.0 (8021529)|HEAP_ALLOCATE|[355]|Bytes:408
20:41:59.0 (8040438)|HEAP_ALLOCATE|[467]|Bytes:48
20:41:59.0 (8082877)|HEAP_ALLOCATE|[139]|Bytes:6
20:41:59.0 (10094780)|CODE_UNIT_FINISHED|VisualForce View State
20:41:59.0 (11215532)|EXECUTION_FINISHED
20:41:59.217 (217950327)|SYSTEM_MODE_ENTER|true
20:41:59.217 (221052312)|HEAP_ALLOCATE|[EXTERNAL]|Bytes:120
20:41:59.217 (221071321)|HEAP_ALLOCATE|[EXTERNAL]|Bytes:10
20:41:59.217 (221099013)|SYSTEM_METHOD_ENTRY|[1]|pagemessagecomponentcontroller.pagemessagecomponentcontroller()
20:41:59.217 (221106524)|STATEMENT_EXECUTE|[1]
20:41:59.248 (248722257)|CUMULATIVE_LIMIT_USAGE
20:41:59.248 (248722257)|LIMIT_USAGE_FOR_NS|(default)|
  Number of SOQL queries: 0 out of 100
  Number of query rows: 0 out of 50000
  Number of SOSL queries: 0 out of 20
  Number of DML statements: 0 out of 150
  Number of DML rows: 0 out of 10000
  Maximum CPU time: 0 out of 10000
  Maximum heap size: 0 out of 6000000
  Number of callouts: 0 out of 100
  Number of Email Invocations: 0 out of 10
  Number of future calls: 0 out of 50
  Number of queueable jobs added to the queue: 0 out of 50
  Number of Mobile Apex push calls: 0 out of 10

20:41:59.248 (248722257)|CUMULATIVE_LIMIT_USAGE_END

