36.0 APEX_CODE,FINEST;APEX_PROFILING,INFO;CALLOUT,INFO;DB,INFO;SYSTEM,DEBUG;VALIDATION,INFO;VISUALFORCE,INFO;WORKFLOW,INFO
Execute Anonymous: 
Execute Anonymous: 
Execute Anonymous: List<Account> a= [SELECT id, Active_Start_Date__c  FROM Account WHERE CALENDAR_MONTH(Active_Start_Date__c) = 4 
Execute Anonymous:                   AND CALENDAR_YEAR(Active_Start_Date__c) =2016 ];
Execute Anonymous: System.debug(a);
13:12:22.1 (1417683)|EXECUTION_STARTED
13:12:22.1 (1427172)|CODE_UNIT_STARTED|[EXTERNAL]|execute_anonymous_apex
13:12:22.1 (1649274)|VARIABLE_SCOPE_BEGIN|[3]|a|List<Account>|true|false
13:12:22.1 (1783299)|HEAP_ALLOCATE|[72]|Bytes:3
13:12:22.1 (1834756)|HEAP_ALLOCATE|[77]|Bytes:152
13:12:22.1 (1855754)|HEAP_ALLOCATE|[342]|Bytes:408
13:12:22.1 (1876886)|HEAP_ALLOCATE|[355]|Bytes:408
13:12:22.1 (1895527)|HEAP_ALLOCATE|[467]|Bytes:48
13:12:22.1 (1934938)|HEAP_ALLOCATE|[139]|Bytes:6
13:12:22.1 (1962894)|HEAP_ALLOCATE|[EXTERNAL]|Bytes:3
13:12:22.1 (2072184)|STATEMENT_EXECUTE|[1]
13:12:22.1 (2077348)|STATEMENT_EXECUTE|[3]
13:12:22.1 (2080894)|HEAP_ALLOCATE|[3]|Bytes:140
13:12:22.1 (2090213)|HEAP_ALLOCATE|[3]|Bytes:4
13:12:22.1 (2130869)|HEAP_ALLOCATE|[50]|Bytes:5
13:12:22.1 (2154934)|HEAP_ALLOCATE|[56]|Bytes:5
13:12:22.1 (2163684)|HEAP_ALLOCATE|[64]|Bytes:7
13:12:22.1 (2558431)|SOQL_EXECUTE_BEGIN|[3]|Aggregations:0|SELECT id, Active_Start_Date__c FROM Account WHERE (CALENDAR_MONTH(Active_Start_Date__c) = 4 AND CALENDAR_YEAR(Active_Start_Date__c) = 2016)
13:12:22.1 (17699755)|SOQL_EXECUTE_END|[3]|Rows:2
13:12:22.1 (17716976)|HEAP_ALLOCATE|[3]|Bytes:12
13:12:22.1 (17731005)|HEAP_ALLOCATE|[3]|Bytes:114
13:12:22.1 (17756886)|HEAP_ALLOCATE|[3]|Bytes:12
13:12:22.1 (17862346)|VARIABLE_ASSIGNMENT|[3]|a|{"s":1,"v":[{"s":2,"v":{"Id":"0014E000003O61FQAS","Active_Start_Date__c":"2016-04-21T00:00:00.000Z"}},{"s":3,"v":{"Id":"0014E000003Nm0KQAS","Active_Start_Date__c":"2016-04-21T00:00:00.000Z"}}]}|0x20b75d5
13:12:22.1 (17868671)|STATEMENT_EXECUTE|[5]
13:12:22.1 (17967617)|USER_DEBUG|[5]|DEBUG|(Account:{Id=0014E000003O61FQAS, Active_Start_Date__c=2016-04-21 00:00:00}, Account:{Id=0014E000003Nm0KQAS, Active_Start_Date__c=2016-04-21 00:00:00})
13:12:22.18 (18022663)|CUMULATIVE_LIMIT_USAGE
13:12:22.18 (18022663)|LIMIT_USAGE_FOR_NS|(default)|
  Number of SOQL queries: 1 out of 100
  Number of query rows: 2 out of 50000
  Number of SOSL queries: 0 out of 20
  Number of DML statements: 0 out of 150
  Number of DML rows: 0 out of 10000
  Maximum CPU time: 0 out of 10000
  Maximum heap size: 0 out of 6000000
  Number of callouts: 0 out of 100
  Number of Email Invocations: 0 out of 10
  Number of future calls: 0 out of 50
  Number of queueable jobs added to the queue: 0 out of 50
  Number of Mobile Apex push calls: 0 out of 10

13:12:22.18 (18022663)|CUMULATIVE_LIMIT_USAGE_END

13:12:22.1 (18063344)|CODE_UNIT_FINISHED|execute_anonymous_apex
13:12:22.1 (19073837)|EXECUTION_FINISHED
