36.0 APEX_CODE,FINEST;APEX_PROFILING,INFO;CALLOUT,INFO;DB,INFO;SYSTEM,DEBUG;VALIDATION,INFO;VISUALFORCE,INFO;WORKFLOW,INFO
19:55:07.0 (78457)|EXECUTION_STARTED
19:55:07.0 (119382)|CODE_UNIT_STARTED|[EXTERNAL]|0664E00000007Nc|VF: /apex/Change_Status_Phase
19:55:07.0 (337829)|VF_DESERIALIZE_VIEWSTATE_BEGIN|0664E00000007Nc
19:55:07.0 (6779467)|HEAP_ALLOCATE|[72]|Bytes:3
19:55:07.0 (6842970)|HEAP_ALLOCATE|[77]|Bytes:152
19:55:07.0 (6863678)|HEAP_ALLOCATE|[342]|Bytes:408
19:55:07.0 (6885596)|HEAP_ALLOCATE|[355]|Bytes:408
19:55:07.0 (6907141)|HEAP_ALLOCATE|[467]|Bytes:48
19:55:07.0 (6953751)|HEAP_ALLOCATE|[139]|Bytes:6
19:55:07.0 (8965292)|VF_DESERIALIZE_VIEWSTATE_END
19:55:07.0 (10416716)|CODE_UNIT_STARTED|[EXTERNAL]|01p4E0000008nN6|AccountControllerExtension get(project)
19:55:07.0 (10432347)|SYSTEM_MODE_ENTER|true
19:55:07.0 (10465823)|CODE_UNIT_STARTED|[EXTERNAL]|01p4E0000008nN6|project
19:55:07.0 (10480980)|HEAP_ALLOCATE|[EXTERNAL]|Bytes:232
19:55:07.0 (10488631)|HEAP_ALLOCATE|[EXTERNAL]|Bytes:35
19:55:07.0 (10505207)|METHOD_ENTRY|[11]|01p4E0000008nN6|AccountControllerExtension.AccountControllerExtension()
19:55:07.0 (10511140)|STATEMENT_EXECUTE|[11]
19:55:07.0 (10520677)|STATEMENT_EXECUTE|[11]
19:55:07.0 (10565407)|HEAP_ALLOCATE|[50]|Bytes:5
19:55:07.0 (10595207)|HEAP_ALLOCATE|[56]|Bytes:5
19:55:07.0 (10605529)|HEAP_ALLOCATE|[64]|Bytes:7
19:55:07.0 (10634111)|SYSTEM_MODE_ENTER|false
19:55:07.0 (10652975)|HEAP_ALLOCATE|[EXTERNAL]|Bytes:5
19:55:07.0 (10662874)|SYSTEM_MODE_EXIT|false
19:55:07.0 (10676078)|METHOD_EXIT|[11]|AccountControllerExtension
19:55:07.0 (10690165)|CODE_UNIT_FINISHED|project
19:55:07.0 (10716811)|CODE_UNIT_FINISHED|AccountControllerExtension get(project)
19:55:07.0 (16123944)|CODE_UNIT_STARTED|[EXTERNAL]|01p4E0000008nN6|AccountControllerExtension get(phase)
19:55:07.0 (16136137)|SYSTEM_MODE_ENTER|true
19:55:07.0 (16148948)|CODE_UNIT_STARTED|[EXTERNAL]|01p4E0000008nN6|phase
19:55:07.0 (16159822)|CODE_UNIT_FINISHED|phase
19:55:07.0 (16174772)|CODE_UNIT_FINISHED|AccountControllerExtension get(phase)
19:55:07.0 (22403107)|CODE_UNIT_STARTED|[EXTERNAL]|01p4E0000008nN6|AccountControllerExtension get(project)
19:55:07.0 (22416655)|SYSTEM_MODE_ENTER|true
19:55:07.0 (22429944)|CODE_UNIT_STARTED|[EXTERNAL]|01p4E0000008nN6|project
19:55:07.0 (22440814)|CODE_UNIT_FINISHED|project
19:55:07.0 (22455976)|CODE_UNIT_FINISHED|AccountControllerExtension get(project)
19:55:07.0 (23280726)|CODE_UNIT_STARTED|[EXTERNAL]|01p4E0000008nN6|AccountControllerExtension get(phase)
19:55:07.0 (23292431)|SYSTEM_MODE_ENTER|true
19:55:07.0 (23304666)|CODE_UNIT_STARTED|[EXTERNAL]|01p4E0000008nN6|phase
19:55:07.0 (23315226)|CODE_UNIT_FINISHED|phase
19:55:07.0 (23329032)|CODE_UNIT_FINISHED|AccountControllerExtension get(phase)
19:55:07.0 (25003638)|VF_SERIALIZE_VIEWSTATE_BEGIN|0664E00000007Nc
19:55:07.0 (26803026)|VF_SERIALIZE_VIEWSTATE_END
19:55:07.29 (29316382)|CUMULATIVE_LIMIT_USAGE
19:55:07.29 (29316382)|LIMIT_USAGE_FOR_NS|(default)|
  Number of SOQL queries: 0 out of 100
  Number of query rows: 0 out of 50000
  Number of SOSL queries: 0 out of 20
  Number of DML statements: 0 out of 150
  Number of DML rows: 0 out of 10000
  Maximum CPU time: 0 out of 10000
  Maximum heap size: 0 out of 6000000
  Number of callouts: 0 out of 100
  Number of Email Invocations: 0 out of 10
  Number of future calls: 0 out of 50
  Number of queueable jobs added to the queue: 0 out of 50
  Number of Mobile Apex push calls: 0 out of 10

19:55:07.29 (29316382)|CUMULATIVE_LIMIT_USAGE_END

19:55:07.0 (29366470)|CODE_UNIT_FINISHED|VF: /apex/Change_Status_Phase
19:55:07.0 (30237647)|EXECUTION_FINISHED
