36.0 APEX_CODE,FINEST;APEX_PROFILING,INFO;CALLOUT,INFO;DB,INFO;SYSTEM,DEBUG;VALIDATION,INFO;VISUALFORCE,INFO;WORKFLOW,INFO
Execute Anonymous: public List<Account> contact_a{get;set;}
Execute Anonymous: public List<Integer> con = new List<Integer>();
Execute Anonymous: 
Execute Anonymous: 
Execute Anonymous: 
Execute Anonymous: 	
Execute Anonymous: 
Execute Anonymous: 			Integer years =2016;
Execute Anonymous: 					for (Integer idx=1; idx<13; idx++)
Execute Anonymous: 					{
Execute Anonymous: 									//con.add(count_contact_phase(idx,year));
Execute Anonymous:                         con.add(idx);
Execute Anonymous:                         			
Execute Anonymous:                     }
Execute Anonymous: 	System.debug('3');
Execute Anonymous:                         					
Execute Anonymous: 	System.debug(con);
Execute Anonymous: 		return con;
Execute Anonymous: 	
Execute Anonymous: 
Execute Anonymous: 	public  Integer count_contact_phase (Integer month, Integer year)
Execute Anonymous: 	{
Execute Anonymous: 
Execute Anonymous: 
Execute Anonymous: 			contact_a= [SELECT id, Contact_Start_Date__c
Execute Anonymous: 																FROM Account
Execute Anonymous: 																WHERE CALENDAR_MONTH(Contact_Start_Date__c)=:month
Execute Anonymous: 																AND CALENDAR_YEAR(Contact_Start_Date__c)=:year
Execute Anonymous: 															];
Execute Anonymous: 
Execute Anonymous: 							return contact_a.size();
Execute Anonymous: 	}
15:46:01.1 (1024124)|EXECUTION_STARTED
15:46:01.1 (1037186)|CODE_UNIT_STARTED|[EXTERNAL]|execute_anonymous_apex
15:46:01.1 (1295918)|VARIABLE_SCOPE_BEGIN|[2]|con|List<Integer>|true|false
15:46:01.1 (1367727)|VARIABLE_SCOPE_BEGIN|[1]|contact_a|List<Account>|true|false
15:46:01.1 (1389638)|VARIABLE_SCOPE_BEGIN|[8]|years|Integer|false|false
15:46:01.1 (1536208)|HEAP_ALLOCATE|[72]|Bytes:3
15:46:01.1 (1596393)|HEAP_ALLOCATE|[77]|Bytes:152
15:46:01.1 (1617982)|HEAP_ALLOCATE|[342]|Bytes:408
15:46:01.1 (1638569)|HEAP_ALLOCATE|[355]|Bytes:408
15:46:01.1 (1657017)|HEAP_ALLOCATE|[467]|Bytes:48
15:46:01.1 (1697308)|HEAP_ALLOCATE|[139]|Bytes:6
15:46:01.1 (1725544)|HEAP_ALLOCATE|[EXTERNAL]|Bytes:88
15:46:01.1 (1731036)|HEAP_ALLOCATE|[EXTERNAL]|Bytes:4
15:46:01.1 (1734128)|HEAP_ALLOCATE|[EXTERNAL]|Bytes:20
15:46:01.1 (1883327)|STATEMENT_EXECUTE|[1]
15:46:01.1 (1886793)|STATEMENT_EXECUTE|[1]
15:46:01.1 (1945291)|HEAP_ALLOCATE|[50]|Bytes:5
15:46:01.1 (1972978)|HEAP_ALLOCATE|[56]|Bytes:5
15:46:01.1 (1982343)|HEAP_ALLOCATE|[64]|Bytes:7
15:46:01.1 (2012938)|SYSTEM_MODE_ENTER|false
15:46:01.1 (2048313)|HEAP_ALLOCATE|[1]|Bytes:5
15:46:01.1 (2097086)|VARIABLE_ASSIGNMENT|[EXTERNAL]|value|null|
15:46:01.1 (2114938)|VARIABLE_ASSIGNMENT|[1]|contact_a|null|
15:46:01.1 (2122636)|SYSTEM_MODE_EXIT|false
15:46:01.1 (2128194)|STATEMENT_EXECUTE|[2]
15:46:01.1 (2135495)|HEAP_ALLOCATE|[2]|Bytes:4
15:46:01.1 (2215570)|HEAP_ALLOCATE|[EXTERNAL]|Bytes:4
15:46:01.1 (2248452)|VARIABLE_ASSIGNMENT|[2]|con|{"s":1,"v":[]}|0x26828e81
15:46:01.1 (2252211)|STATEMENT_EXECUTE|[8]
15:46:01.1 (2259505)|HEAP_ALLOCATE|[8]|Bytes:4
15:46:01.1 (2269065)|VARIABLE_ASSIGNMENT|[8]|years|2016
15:46:01.1 (2272528)|STATEMENT_EXECUTE|[9]
15:46:01.1 (2277668)|VARIABLE_SCOPE_BEGIN|[9]|idx|Integer|false|false
15:46:01.1 (2281289)|HEAP_ALLOCATE|[9]|Bytes:4
15:46:01.1 (2285503)|VARIABLE_ASSIGNMENT|[9]|idx|1
15:46:01.1 (2291305)|STATEMENT_EXECUTE|[10]
15:46:01.1 (2292722)|STATEMENT_EXECUTE|[12]
15:46:01.1 (2336455)|HEAP_ALLOCATE|[12]|Bytes:4
15:46:01.1 (2342065)|HEAP_ALLOCATE|[EXTERNAL]|Bytes:4
15:46:01.1 (2351546)|HEAP_ALLOCATE|[9]|Bytes:4
15:46:01.1 (2356659)|VARIABLE_ASSIGNMENT|[9]|idx|2
15:46:01.1 (2360402)|STATEMENT_EXECUTE|[10]
15:46:01.1 (2361683)|STATEMENT_EXECUTE|[12]
15:46:01.1 (2368710)|HEAP_ALLOCATE|[12]|Bytes:4
15:46:01.1 (2370939)|HEAP_ALLOCATE|[EXTERNAL]|Bytes:4
15:46:01.1 (2380158)|HEAP_ALLOCATE|[9]|Bytes:4
15:46:01.1 (2384450)|VARIABLE_ASSIGNMENT|[9]|idx|3
15:46:01.1 (2387122)|STATEMENT_EXECUTE|[10]
15:46:01.1 (2388373)|STATEMENT_EXECUTE|[12]
15:46:01.1 (2394345)|HEAP_ALLOCATE|[12]|Bytes:4
15:46:01.1 (2396436)|HEAP_ALLOCATE|[EXTERNAL]|Bytes:4
15:46:01.1 (2400581)|HEAP_ALLOCATE|[9]|Bytes:4
15:46:01.1 (2404205)|VARIABLE_ASSIGNMENT|[9]|idx|4
15:46:01.1 (2406557)|STATEMENT_EXECUTE|[10]
15:46:01.1 (2407760)|STATEMENT_EXECUTE|[12]
15:46:01.1 (2413045)|HEAP_ALLOCATE|[12]|Bytes:4
15:46:01.1 (2415112)|HEAP_ALLOCATE|[EXTERNAL]|Bytes:4
15:46:01.1 (2419450)|HEAP_ALLOCATE|[9]|Bytes:4
15:46:01.1 (2423268)|VARIABLE_ASSIGNMENT|[9]|idx|5
15:46:01.1 (2425599)|STATEMENT_EXECUTE|[10]
15:46:01.1 (2426769)|STATEMENT_EXECUTE|[12]
15:46:01.1 (2432034)|HEAP_ALLOCATE|[12]|Bytes:4
15:46:01.1 (2434105)|HEAP_ALLOCATE|[EXTERNAL]|Bytes:4
15:46:01.1 (2438167)|HEAP_ALLOCATE|[9]|Bytes:4
15:46:01.1 (2441765)|VARIABLE_ASSIGNMENT|[9]|idx|6
15:46:01.1 (2444091)|STATEMENT_EXECUTE|[10]
15:46:01.1 (2445306)|STATEMENT_EXECUTE|[12]
15:46:01.1 (2450688)|HEAP_ALLOCATE|[12]|Bytes:4
15:46:01.1 (2452735)|HEAP_ALLOCATE|[EXTERNAL]|Bytes:4
15:46:01.1 (2456858)|HEAP_ALLOCATE|[9]|Bytes:4
15:46:01.1 (2460468)|VARIABLE_ASSIGNMENT|[9]|idx|7
15:46:01.1 (2462843)|STATEMENT_EXECUTE|[10]
15:46:01.1 (2464067)|STATEMENT_EXECUTE|[12]
15:46:01.1 (2469126)|HEAP_ALLOCATE|[12]|Bytes:4
15:46:01.1 (2471143)|HEAP_ALLOCATE|[EXTERNAL]|Bytes:4
15:46:01.1 (2475189)|HEAP_ALLOCATE|[9]|Bytes:4
15:46:01.1 (2478765)|VARIABLE_ASSIGNMENT|[9]|idx|8
15:46:01.1 (2481208)|STATEMENT_EXECUTE|[10]
15:46:01.1 (2482502)|STATEMENT_EXECUTE|[12]
15:46:01.1 (2487592)|HEAP_ALLOCATE|[12]|Bytes:4
15:46:01.1 (2489581)|HEAP_ALLOCATE|[EXTERNAL]|Bytes:4
15:46:01.1 (2493601)|HEAP_ALLOCATE|[9]|Bytes:4
15:46:01.1 (2497291)|VARIABLE_ASSIGNMENT|[9]|idx|9
15:46:01.1 (2499601)|STATEMENT_EXECUTE|[10]
15:46:01.1 (2500796)|STATEMENT_EXECUTE|[12]
15:46:01.1 (2505809)|HEAP_ALLOCATE|[12]|Bytes:4
15:46:01.1 (2507988)|HEAP_ALLOCATE|[EXTERNAL]|Bytes:4
15:46:01.1 (2512041)|HEAP_ALLOCATE|[9]|Bytes:4
15:46:01.1 (2515674)|VARIABLE_ASSIGNMENT|[9]|idx|10
15:46:01.1 (2518125)|STATEMENT_EXECUTE|[10]
15:46:01.1 (2519262)|STATEMENT_EXECUTE|[12]
15:46:01.1 (2524364)|HEAP_ALLOCATE|[12]|Bytes:4
15:46:01.1 (2526349)|HEAP_ALLOCATE|[EXTERNAL]|Bytes:4
15:46:01.1 (2530326)|HEAP_ALLOCATE|[9]|Bytes:4
15:46:01.1 (2533873)|VARIABLE_ASSIGNMENT|[9]|idx|11
15:46:01.1 (2536151)|STATEMENT_EXECUTE|[10]
15:46:01.1 (2537306)|STATEMENT_EXECUTE|[12]
15:46:01.1 (2542376)|HEAP_ALLOCATE|[12]|Bytes:4
15:46:01.1 (2544424)|HEAP_ALLOCATE|[EXTERNAL]|Bytes:4
15:46:01.1 (2548760)|HEAP_ALLOCATE|[9]|Bytes:4
15:46:01.1 (2552223)|VARIABLE_ASSIGNMENT|[9]|idx|12
15:46:01.1 (2554533)|STATEMENT_EXECUTE|[10]
15:46:01.1 (2555677)|STATEMENT_EXECUTE|[12]
15:46:01.1 (2560837)|HEAP_ALLOCATE|[12]|Bytes:4
15:46:01.1 (2562843)|HEAP_ALLOCATE|[EXTERNAL]|Bytes:4
15:46:01.1 (2566865)|HEAP_ALLOCATE|[9]|Bytes:4
15:46:01.1 (2570421)|VARIABLE_ASSIGNMENT|[9]|idx|13
15:46:01.1 (2573071)|STATEMENT_EXECUTE|[15]
15:46:01.1 (2576077)|HEAP_ALLOCATE|[15]|Bytes:1
15:46:01.1 (2632930)|USER_DEBUG|[15]|DEBUG|3
15:46:01.1 (2642074)|STATEMENT_EXECUTE|[17]
15:46:01.1 (2672877)|USER_DEBUG|[17]|DEBUG|(1, 2, 3, 4, 5, 6, 7, 8, 9, 10, ...)
15:46:01.1 (2679491)|STATEMENT_EXECUTE|[18]
15:46:01.2 (2723837)|CUMULATIVE_LIMIT_USAGE
15:46:01.2 (2723837)|LIMIT_USAGE_FOR_NS|(default)|
  Number of SOQL queries: 0 out of 100
  Number of query rows: 0 out of 50000
  Number of SOSL queries: 0 out of 20
  Number of DML statements: 0 out of 150
  Number of DML rows: 0 out of 10000
  Maximum CPU time: 0 out of 10000
  Maximum heap size: 0 out of 6000000
  Number of callouts: 0 out of 100
  Number of Email Invocations: 0 out of 10
  Number of future calls: 0 out of 50
  Number of queueable jobs added to the queue: 0 out of 50
  Number of Mobile Apex push calls: 0 out of 10

15:46:01.2 (2723837)|CUMULATIVE_LIMIT_USAGE_END

15:46:01.1 (2764881)|CODE_UNIT_FINISHED|execute_anonymous_apex
15:46:01.1 (3589953)|EXECUTION_FINISHED
