36.0 APEX_CODE,FINEST;APEX_PROFILING,INFO;CALLOUT,INFO;DB,INFO;SYSTEM,DEBUG;VALIDATION,INFO;VISUALFORCE,INFO;WORKFLOW,INFO
20:25:43.0 (60135)|EXECUTION_STARTED
20:25:43.0 (93498)|CODE_UNIT_STARTED|[EXTERNAL]|VisualForce View State
20:25:43.0 (251505375)|HEAP_ALLOCATE|[72]|Bytes:3
20:25:43.0 (251572642)|HEAP_ALLOCATE|[77]|Bytes:152
20:25:43.0 (251597425)|HEAP_ALLOCATE|[342]|Bytes:408
20:25:43.0 (251622015)|HEAP_ALLOCATE|[355]|Bytes:408
20:25:43.0 (251644317)|HEAP_ALLOCATE|[467]|Bytes:48
20:25:43.0 (251695090)|HEAP_ALLOCATE|[139]|Bytes:6
20:25:43.0 (251733421)|HEAP_ALLOCATE|[50]|Bytes:5
20:25:43.0 (251756978)|HEAP_ALLOCATE|[56]|Bytes:5
20:25:43.0 (251766865)|HEAP_ALLOCATE|[64]|Bytes:7
20:25:43.0 (253201672)|CODE_UNIT_FINISHED|VisualForce View State
20:25:43.0 (254868160)|EXECUTION_FINISHED
20:25:43.256 (256860034)|SYSTEM_MODE_ENTER|true
20:25:43.256 (256962075)|HEAP_ALLOCATE|[EXTERNAL]|Bytes:38
20:25:43.256 (256968976)|HEAP_ALLOCATE|[EXTERNAL]|Bytes:7
20:25:43.256 (256986942)|SYSTEM_METHOD_ENTRY|[1]|PageMessagesComponentController.PageMessagesComponentController()
20:25:43.256 (256993270)|STATEMENT_EXECUTE|[1]
20:25:43.260 (260932831)|CUMULATIVE_LIMIT_USAGE
20:25:43.260 (260932831)|LIMIT_USAGE_FOR_NS|(default)|
  Number of SOQL queries: 0 out of 100
  Number of query rows: 0 out of 50000
  Number of SOSL queries: 0 out of 20
  Number of DML statements: 0 out of 150
  Number of DML rows: 0 out of 10000
  Maximum CPU time: 0 out of 10000
  Maximum heap size: 0 out of 6000000
  Number of callouts: 0 out of 100
  Number of Email Invocations: 0 out of 10
  Number of future calls: 0 out of 50
  Number of queueable jobs added to the queue: 0 out of 50
  Number of Mobile Apex push calls: 0 out of 10

20:25:43.260 (260932831)|CUMULATIVE_LIMIT_USAGE_END

