36.0 APEX_CODE,FINEST;APEX_PROFILING,INFO;CALLOUT,INFO;DB,INFO;SYSTEM,DEBUG;VALIDATION,INFO;VISUALFORCE,INFO;WORKFLOW,INFO
Execute Anonymous: public List<Account> contact_a{get;set;}
Execute Anonymous: public List<Integer> con{get; set;}
Execute Anonymous: 
Execute Anonymous: 
Execute Anonymous: 
Execute Anonymous: 	public List<Integer> getContacts()
Execute Anonymous: 	{
Execute Anonymous: 
Execute Anonymous: 
Execute Anonymous: 			Integer year =2016;
Execute Anonymous: 					for (Integer idx=1; idx<13; idx++)
Execute Anonymous: 					{
Execute Anonymous: 									con.add(count_contact_phase(idx,year));
Execute Anonymous:                         con.add(1);
Execute Anonymous:                         			
Execute Anonymous: 					}
Execute Anonymous: 
Execute Anonymous: 	System.debug(con);
Execute Anonymous: 		return con;
Execute Anonymous: 	}
Execute Anonymous: 
Execute Anonymous: 	public  Integer count_contact_phase (Integer month, Integer year)
Execute Anonymous: 	{
Execute Anonymous: 
Execute Anonymous: 
Execute Anonymous: 			contact_a= [SELECT id, Contact_Start_Date__c
Execute Anonymous: 																FROM Account
Execute Anonymous: 																WHERE CALENDAR_MONTH(Contact_Start_Date__c)=:month
Execute Anonymous: 																AND CALENDAR_YEAR(Contact_Start_Date__c)=:year
Execute Anonymous: 															];
Execute Anonymous: 
Execute Anonymous: 							return contact_a.size();
Execute Anonymous: 	}
15:42:16.1 (1346459)|EXECUTION_STARTED
15:42:16.1 (1362103)|CODE_UNIT_STARTED|[EXTERNAL]|execute_anonymous_apex
15:42:16.1 (1610623)|VARIABLE_SCOPE_BEGIN|[2]|con|List<Integer>|true|false
15:42:16.1 (1686245)|VARIABLE_SCOPE_BEGIN|[1]|contact_a|List<Account>|true|false
15:42:16.1 (1836595)|HEAP_ALLOCATE|[72]|Bytes:3
15:42:16.1 (1895407)|HEAP_ALLOCATE|[77]|Bytes:152
15:42:16.1 (1916331)|HEAP_ALLOCATE|[342]|Bytes:408
15:42:16.1 (1935086)|HEAP_ALLOCATE|[355]|Bytes:408
15:42:16.1 (1952206)|HEAP_ALLOCATE|[467]|Bytes:48
15:42:16.1 (1992501)|HEAP_ALLOCATE|[139]|Bytes:6
15:42:16.1 (2021707)|HEAP_ALLOCATE|[EXTERNAL]|Bytes:104
15:42:16.1 (2028329)|HEAP_ALLOCATE|[EXTERNAL]|Bytes:8
15:42:16.1 (2031260)|HEAP_ALLOCATE|[EXTERNAL]|Bytes:2
15:42:16.1 (2142865)|STATEMENT_EXECUTE|[1]
15:42:16.1 (2147386)|STATEMENT_EXECUTE|[1]
15:42:16.1 (2213501)|HEAP_ALLOCATE|[50]|Bytes:5
15:42:16.1 (2240414)|HEAP_ALLOCATE|[56]|Bytes:5
15:42:16.1 (2250593)|HEAP_ALLOCATE|[64]|Bytes:7
15:42:16.1 (2282905)|SYSTEM_MODE_ENTER|false
15:42:16.1 (2318668)|HEAP_ALLOCATE|[1]|Bytes:5
15:42:16.1 (2377001)|VARIABLE_ASSIGNMENT|[EXTERNAL]|value|null|
15:42:16.1 (2394809)|VARIABLE_ASSIGNMENT|[1]|contact_a|null|
15:42:16.1 (2404669)|SYSTEM_MODE_EXIT|false
15:42:16.1 (2411430)|STATEMENT_EXECUTE|[2]
15:42:16.1 (2437324)|SYSTEM_MODE_ENTER|false
15:42:16.1 (2452127)|HEAP_ALLOCATE|[2]|Bytes:5
15:42:16.1 (2479326)|VARIABLE_ASSIGNMENT|[EXTERNAL]|value|null|
15:42:16.1 (2490691)|VARIABLE_ASSIGNMENT|[2]|con|null|
15:42:16.1 (2497799)|SYSTEM_MODE_EXIT|false
15:42:16.2 (2538523)|CUMULATIVE_LIMIT_USAGE
15:42:16.2 (2538523)|LIMIT_USAGE_FOR_NS|(default)|
  Number of SOQL queries: 0 out of 100
  Number of query rows: 0 out of 50000
  Number of SOSL queries: 0 out of 20
  Number of DML statements: 0 out of 150
  Number of DML rows: 0 out of 10000
  Maximum CPU time: 0 out of 10000
  Maximum heap size: 0 out of 6000000
  Number of callouts: 0 out of 100
  Number of Email Invocations: 0 out of 10
  Number of future calls: 0 out of 50
  Number of queueable jobs added to the queue: 0 out of 50
  Number of Mobile Apex push calls: 0 out of 10

15:42:16.2 (2538523)|CUMULATIVE_LIMIT_USAGE_END

15:42:16.1 (2576987)|CODE_UNIT_FINISHED|execute_anonymous_apex
15:42:16.1 (3417047)|EXECUTION_FINISHED
