34.0 APEX_CODE,FINEST;APEX_PROFILING,INFO;CALLOUT,INFO;DB,INFO;SYSTEM,DEBUG;VALIDATION,INFO;VISUALFORCE,INFO;WORKFLOW,INFO
15:28:25.0 (306661)|EXECUTION_STARTED
15:28:25.0 (341283)|CODE_UNIT_STARTED|[EXTERNAL]|0664E0000000AOi|VF: /apex/ReportPLIS
15:28:25.0 (18004117)|CODE_UNIT_STARTED|[EXTERNAL]|01p4E0000008wR2|ReportPLIS_Controller <init>
15:28:25.0 (18024354)|SYSTEM_MODE_ENTER|true
15:28:25.0 (18408752)|HEAP_ALLOCATE|[72]|Bytes:3
15:28:25.0 (18472096)|HEAP_ALLOCATE|[77]|Bytes:152
15:28:25.0 (18492839)|HEAP_ALLOCATE|[342]|Bytes:408
15:28:25.0 (18512053)|HEAP_ALLOCATE|[355]|Bytes:408
15:28:25.0 (18530483)|HEAP_ALLOCATE|[467]|Bytes:48
15:28:25.0 (18571797)|HEAP_ALLOCATE|[139]|Bytes:6
15:28:25.0 (18598009)|HEAP_ALLOCATE|[EXTERNAL]|Bytes:37
15:28:25.0 (18603374)|HEAP_ALLOCATE|[EXTERNAL]|Bytes:164
15:28:25.0 (18606215)|HEAP_ALLOCATE|[EXTERNAL]|Bytes:29
15:28:25.0 (18617910)|METHOD_ENTRY|[1]|01p4E0000008wR2|ReportPLIS_Controller.ReportPLIS_Controller()
15:28:25.0 (18621680)|STATEMENT_EXECUTE|[1]
15:28:25.0 (18629162)|STATEMENT_EXECUTE|[1]
15:28:25.0 (18630495)|STATEMENT_EXECUTE|[129]
15:28:25.0 (18631641)|STATEMENT_EXECUTE|[268]
15:28:25.0 (18632653)|STATEMENT_EXECUTE|[286]
15:28:25.0 (18637354)|METHOD_EXIT|[1]|ReportPLIS_Controller
15:28:25.0 (19046729)|HEAP_ALLOCATE|[EXTERNAL]|Bytes:28
15:28:25.0 (19060934)|VARIABLE_SCOPE_BEGIN|[11]|this|ReportPLIS_Controller|true|false
15:28:25.0 (19159560)|VARIABLE_ASSIGNMENT|[11]|this|{}|0x43316090
15:28:25.0 (19167826)|STATEMENT_EXECUTE|[1]
15:28:25.0 (19169372)|STATEMENT_EXECUTE|[3]
15:28:25.0 (19171668)|STATEMENT_EXECUTE|[4]
15:28:25.0 (19172785)|STATEMENT_EXECUTE|[5]
15:28:25.0 (19173792)|STATEMENT_EXECUTE|[6]
15:28:25.0 (19182193)|HEAP_ALLOCATE|[6]|Bytes:4
15:28:25.0 (19227555)|HEAP_ALLOCATE|[6]|Bytes:1
15:28:25.0 (19237978)|HEAP_ALLOCATE|[6]|Bytes:1
15:28:25.0 (19241786)|HEAP_ALLOCATE|[6]|Bytes:1
15:28:25.0 (19245359)|HEAP_ALLOCATE|[6]|Bytes:1
15:28:25.0 (19248657)|HEAP_ALLOCATE|[6]|Bytes:1
15:28:25.0 (19251913)|HEAP_ALLOCATE|[6]|Bytes:1
15:28:25.0 (19255165)|HEAP_ALLOCATE|[6]|Bytes:1
15:28:25.0 (19258487)|HEAP_ALLOCATE|[6]|Bytes:1
15:28:25.0 (19261898)|HEAP_ALLOCATE|[6]|Bytes:1
15:28:25.0 (19265105)|HEAP_ALLOCATE|[6]|Bytes:2
15:28:25.0 (19268344)|HEAP_ALLOCATE|[6]|Bytes:2
15:28:25.0 (19271843)|HEAP_ALLOCATE|[6]|Bytes:2
15:28:25.0 (19312498)|HEAP_ALLOCATE|[EXTERNAL]|Bytes:52
15:28:25.0 (19343942)|VARIABLE_ASSIGNMENT|[6]|this.month|{"s":1,"v":"List of size 12 too large to display"}|0x43316090
15:28:25.0 (19348293)|STATEMENT_EXECUTE|[14]
15:28:25.0 (19350101)|STATEMENT_EXECUTE|[15]
15:28:25.0 (19358649)|HEAP_ALLOCATE|[6]|Bytes:6
15:28:25.0 (19402362)|STATEMENT_EXECUTE|[11]
15:28:25.0 (19420786)|CODE_UNIT_FINISHED|ReportPLIS_Controller <init>
15:28:25.0 (19477270)|CODE_UNIT_STARTED|[EXTERNAL]|01p4E0000008wR2|ReportPLIS_Controller get(Phase)
15:28:25.0 (19486978)|SYSTEM_MODE_ENTER|true
15:28:25.0 (19513982)|CODE_UNIT_STARTED|[EXTERNAL]|01p4E0000008wR2|ReportPLIS_Controller invoke(getPhase)
15:28:25.0 (19550463)|HEAP_ALLOCATE|[EXTERNAL]|Bytes:28
15:28:25.0 (19558799)|VARIABLE_SCOPE_BEGIN|[84]|this|ReportPLIS_Controller|true|false
15:28:25.0 (19583377)|VARIABLE_ASSIGNMENT|[84]|this|{"month":"0x603436f3"}|0x43316090
15:28:25.0 (19597374)|STATEMENT_EXECUTE|[85]
15:28:25.0 (19599005)|STATEMENT_EXECUTE|[86]
15:28:25.0 (19603233)|HEAP_ALLOCATE|[86]|Bytes:4
15:28:25.0 (19626804)|HEAP_ALLOCATE|[86]|Bytes:1
15:28:25.0 (19633570)|HEAP_ALLOCATE|[86]|Bytes:7
15:28:25.0 (19638007)|HEAP_ALLOCATE|[86]|Bytes:4
15:28:25.0 (19641396)|HEAP_ALLOCATE|[86]|Bytes:12
15:28:25.0 (19644821)|HEAP_ALLOCATE|[86]|Bytes:11
15:28:25.0 (19648193)|HEAP_ALLOCATE|[86]|Bytes:3
15:28:25.0 (19651390)|HEAP_ALLOCATE|[86]|Bytes:3
15:28:25.0 (19671480)|HEAP_ALLOCATE|[EXTERNAL]|Bytes:32
15:28:25.0 (19678330)|CODE_UNIT_FINISHED|ReportPLIS_Controller invoke(getPhase)
15:28:25.0 (19696828)|CODE_UNIT_FINISHED|ReportPLIS_Controller get(Phase)
15:28:25.0 (19994677)|CODE_UNIT_STARTED|[EXTERNAL]|01p4E0000008wR2|ReportPLIS_Controller get(Contacts)
15:28:25.0 (20004831)|SYSTEM_MODE_ENTER|true
15:28:25.0 (20024447)|CODE_UNIT_STARTED|[EXTERNAL]|01p4E0000008wR2|ReportPLIS_Controller invoke(getContacts)
15:28:25.0 (20054769)|HEAP_ALLOCATE|[EXTERNAL]|Bytes:28
15:28:25.0 (20062810)|VARIABLE_SCOPE_BEGIN|[19]|this|ReportPLIS_Controller|true|false
15:28:25.0 (20087208)|VARIABLE_ASSIGNMENT|[19]|this|{"month":"0x603436f3"}|0x43316090
15:28:25.0 (20093859)|STATEMENT_EXECUTE|[20]
15:28:25.0 (20095371)|STATEMENT_EXECUTE|[23]
15:28:25.0 (20103017)|VARIABLE_SCOPE_BEGIN|[23]|year|Integer|false|false
15:28:25.0 (20107214)|HEAP_ALLOCATE|[23]|Bytes:4
15:28:25.0 (20114532)|VARIABLE_ASSIGNMENT|[23]|year|2016
15:28:25.0 (20117231)|STATEMENT_EXECUTE|[24]
15:28:25.0 (20119502)|VARIABLE_SCOPE_BEGIN|[24]|idx|Integer|false|false
15:28:25.0 (20121606)|HEAP_ALLOCATE|[24]|Bytes:4
15:28:25.0 (20125329)|VARIABLE_ASSIGNMENT|[24]|idx|1
15:28:25.0 (20131002)|STATEMENT_EXECUTE|[25]
15:28:25.0 (20132135)|STATEMENT_EXECUTE|[26]
15:28:25.0 (20179826)|VARIABLE_ASSIGNMENT|[EXTERNAL]|this|{"month":"0x603436f3"}|0x43316090
15:28:25.0 (20222333)|METHOD_ENTRY|[26]|01p4E0000008wR2|ReportPLIS_Controller.count_contact_phase(Integer, Integer)
15:28:25.0 (20230207)|VARIABLE_SCOPE_BEGIN|[33]|this|ReportPLIS_Controller|true|false
15:28:25.0 (20250437)|VARIABLE_ASSIGNMENT|[33]|this|{"month":"0x603436f3"}|0x43316090
15:28:25.0 (20254942)|VARIABLE_SCOPE_BEGIN|[33]|month|Integer|false|false
15:28:25.0 (20259132)|VARIABLE_ASSIGNMENT|[33]|month|1
15:28:25.0 (20261571)|VARIABLE_SCOPE_BEGIN|[33]|year|Integer|false|false
15:28:25.0 (20264574)|VARIABLE_ASSIGNMENT|[33]|year|2016
15:28:25.0 (20268102)|STATEMENT_EXECUTE|[34]
15:28:25.0 (20269416)|STATEMENT_EXECUTE|[37]
15:28:25.0 (20272371)|HEAP_ALLOCATE|[37]|Bytes:154
15:28:25.0 (20285762)|HEAP_ALLOCATE|[37]|Bytes:4
15:28:25.0 (20296936)|HEAP_ALLOCATE|[37]|Bytes:7
15:28:25.0 (20307419)|HEAP_ALLOCATE|[37]|Bytes:4
15:28:25.0 (20334636)|HEAP_ALLOCATE|[37]|Bytes:7
15:28:25.0 (20339120)|HEAP_ALLOCATE|[37]|Bytes:4
15:28:25.0 (20366016)|HEAP_ALLOCATE|[50]|Bytes:5
15:28:25.0 (20382952)|HEAP_ALLOCATE|[56]|Bytes:5
15:28:25.0 (20391630)|HEAP_ALLOCATE|[64]|Bytes:7
15:28:25.0 (20718004)|SOQL_EXECUTE_BEGIN|[37]|Aggregations:0|SELECT id, Contact_Start_Date__c FROM Account WHERE (CALENDAR_MONTH(Contact_Start_Date__c) = :tmpVar1 AND CALENDAR_YEAR(Contact_Start_Date__c) = :tmpVar2)
15:28:25.0 (29002219)|SOQL_EXECUTE_END|[37]|Rows:0
15:28:25.0 (29024655)|HEAP_ALLOCATE|[37]|Bytes:4
15:28:25.0 (29036551)|HEAP_ALLOCATE|[37]|Bytes:0
15:28:25.0 (29063530)|HEAP_ALLOCATE|[37]|Bytes:4
15:28:25.0 (29114008)|VARIABLE_ASSIGNMENT|[EXTERNAL]|this|{"month":"0x603436f3"}|0x43316090
15:28:25.0 (29133383)|VARIABLE_ASSIGNMENT|[EXTERNAL]|value|{"s":1,"v":[]}|0x1803008b
15:28:25.0 (29147346)|VARIABLE_ASSIGNMENT|[14]|this.contact_a|{"s":1,"v":[]}|0x43316090
15:28:25.0 (29156097)|STATEMENT_EXECUTE|[43]
15:28:25.0 (29202604)|VARIABLE_ASSIGNMENT|[EXTERNAL]|this|{"contact_a":"0x1803008b","month":"0x603436f3"}|0x43316090
15:28:25.0 (29290603)|METHOD_EXIT|[26]|01p4E0000008wR2|ReportPLIS_Controller.count_contact_phase(Integer, Integer)
15:28:25.0 (29363721)|HEAP_ALLOCATE|[26]|Bytes:41
15:28:25.0 (29483929)|FATAL_ERROR|System.NullPointerException: Attempt to de-reference a null object

Class.ReportPLIS_Controller.getContacts: line 26, column 1
15:28:25.0 (29505359)|CODE_UNIT_FINISHED|ReportPLIS_Controller invoke(getContacts)
15:28:25.0 (29573372)|CODE_UNIT_FINISHED|ReportPLIS_Controller get(Contacts)
