34.0 APEX_CODE,FINEST;APEX_PROFILING,INFO;CALLOUT,INFO;DB,INFO;SYSTEM,DEBUG;VALIDATION,INFO;VISUALFORCE,INFO;WORKFLOW,INFO
14:33:35.0 (335259)|EXECUTION_STARTED
14:33:35.0 (368539)|CODE_UNIT_STARTED|[EXTERNAL]|0664E0000000AOi|VF: /apex/ReportPLIS
14:33:35.0 (18441272)|CODE_UNIT_STARTED|[EXTERNAL]|01p4E0000008wR2|ReportPLIS_Controller <init>
14:33:35.0 (18464360)|SYSTEM_MODE_ENTER|true
14:33:35.0 (18882938)|HEAP_ALLOCATE|[72]|Bytes:3
14:33:35.0 (18948236)|HEAP_ALLOCATE|[77]|Bytes:152
14:33:35.0 (18969298)|HEAP_ALLOCATE|[342]|Bytes:408
14:33:35.0 (18991680)|HEAP_ALLOCATE|[355]|Bytes:408
14:33:35.0 (19013531)|HEAP_ALLOCATE|[467]|Bytes:48
14:33:35.0 (19056863)|HEAP_ALLOCATE|[139]|Bytes:6
14:33:35.0 (19082363)|HEAP_ALLOCATE|[EXTERNAL]|Bytes:37
14:33:35.0 (19088632)|HEAP_ALLOCATE|[EXTERNAL]|Bytes:140
14:33:35.0 (19092044)|HEAP_ALLOCATE|[EXTERNAL]|Bytes:19
14:33:35.0 (19110252)|METHOD_ENTRY|[1]|01p4E0000008wR2|ReportPLIS_Controller.ReportPLIS_Controller()
14:33:35.0 (19115633)|STATEMENT_EXECUTE|[1]
14:33:35.0 (19123564)|STATEMENT_EXECUTE|[1]
14:33:35.0 (19163041)|HEAP_ALLOCATE|[50]|Bytes:5
14:33:35.0 (19195679)|HEAP_ALLOCATE|[56]|Bytes:5
14:33:35.0 (19206736)|HEAP_ALLOCATE|[64]|Bytes:7
14:33:35.0 (19233939)|SYSTEM_MODE_ENTER|false
14:33:35.0 (19253943)|HEAP_ALLOCATE|[EXTERNAL]|Bytes:5
14:33:35.0 (19258782)|STATEMENT_EXECUTE|[98]
14:33:35.0 (19260362)|STATEMENT_EXECUTE|[210]
14:33:35.0 (19261473)|STATEMENT_EXECUTE|[228]
14:33:35.0 (19267497)|SYSTEM_MODE_EXIT|false
14:33:35.0 (19280887)|METHOD_EXIT|[1]|ReportPLIS_Controller
14:33:35.0 (19685199)|HEAP_ALLOCATE|[EXTERNAL]|Bytes:24
14:33:35.0 (19699607)|VARIABLE_SCOPE_BEGIN|[11]|this|ReportPLIS_Controller|true|false
14:33:35.0 (19787276)|VARIABLE_ASSIGNMENT|[11]|this|{}|0x66ee8c5e
14:33:35.0 (19802666)|SYSTEM_MODE_ENTER|false
14:33:35.0 (19808363)|HEAP_ALLOCATE|[6]|Bytes:5
14:33:35.0 (19812218)|STATEMENT_EXECUTE|[1]
14:33:35.0 (19815255)|HEAP_ALLOCATE|[6]|Bytes:5
14:33:35.0 (19817103)|STATEMENT_EXECUTE|[3]
14:33:35.0 (19818600)|STATEMENT_EXECUTE|[4]
14:33:35.0 (19819584)|STATEMENT_EXECUTE|[5]
14:33:35.0 (19820623)|STATEMENT_EXECUTE|[6]
14:33:35.0 (19827193)|HEAP_ALLOCATE|[6]|Bytes:4
14:33:35.0 (19916471)|HEAP_ALLOCATE|[6]|Bytes:1
14:33:35.0 (19929011)|HEAP_ALLOCATE|[6]|Bytes:1
14:33:35.0 (19933606)|HEAP_ALLOCATE|[6]|Bytes:1
14:33:35.0 (19937864)|HEAP_ALLOCATE|[6]|Bytes:1
14:33:35.0 (19941752)|HEAP_ALLOCATE|[6]|Bytes:1
14:33:35.0 (19945622)|HEAP_ALLOCATE|[6]|Bytes:1
14:33:35.0 (19949610)|HEAP_ALLOCATE|[6]|Bytes:1
14:33:35.0 (19953504)|HEAP_ALLOCATE|[6]|Bytes:1
14:33:35.0 (19957354)|HEAP_ALLOCATE|[6]|Bytes:1
14:33:35.0 (19961850)|HEAP_ALLOCATE|[6]|Bytes:2
14:33:35.0 (19965663)|HEAP_ALLOCATE|[6]|Bytes:2
14:33:35.0 (19969623)|HEAP_ALLOCATE|[6]|Bytes:2
14:33:35.0 (20010049)|HEAP_ALLOCATE|[EXTERNAL]|Bytes:52
14:33:35.0 (20041507)|VARIABLE_ASSIGNMENT|[6]|this.month|{"s":1,"v":"List of size 12 too large to display"}|0x66ee8c5e
14:33:35.0 (20046046)|STATEMENT_EXECUTE|[7]
14:33:35.0 (20058384)|HEAP_ALLOCATE|[6]|Bytes:6
14:33:35.0 (20086461)|STATEMENT_EXECUTE|[11]
14:33:35.0 (20093152)|SYSTEM_MODE_EXIT|false
14:33:35.0 (20110395)|CODE_UNIT_FINISHED|ReportPLIS_Controller <init>
14:33:35.0 (20155932)|CODE_UNIT_STARTED|[EXTERNAL]|01p4E0000008wR2|ReportPLIS_Controller get(Phase)
14:33:35.0 (20164540)|SYSTEM_MODE_ENTER|true
14:33:35.0 (20186503)|CODE_UNIT_STARTED|[EXTERNAL]|01p4E0000008wR2|Phase
14:33:35.0 (20197887)|CODE_UNIT_FINISHED|Phase
14:33:35.0 (20212013)|CODE_UNIT_FINISHED|ReportPLIS_Controller get(Phase)
14:33:35.35 (35055204)|CUMULATIVE_LIMIT_USAGE
14:33:35.35 (35055204)|LIMIT_USAGE_FOR_NS|(default)|
  Number of SOQL queries: 0 out of 100
  Number of query rows: 0 out of 50000
  Number of SOSL queries: 0 out of 20
  Number of DML statements: 0 out of 150
  Number of DML rows: 0 out of 10000
  Maximum CPU time: 0 out of 10000
  Maximum heap size: 0 out of 6000000
  Number of callouts: 0 out of 100
  Number of Email Invocations: 0 out of 10
  Number of future calls: 0 out of 50
  Number of queueable jobs added to the queue: 0 out of 50
  Number of Mobile Apex push calls: 0 out of 10

14:33:35.35 (35055204)|CUMULATIVE_LIMIT_USAGE_END

14:33:35.0 (35102765)|CODE_UNIT_FINISHED|VF: /apex/ReportPLIS
14:33:35.0 (35949874)|EXECUTION_FINISHED
