36.0 APEX_CODE,FINEST;APEX_PROFILING,INFO;CALLOUT,INFO;DB,INFO;SYSTEM,DEBUG;VALIDATION,INFO;VISUALFORCE,INFO;WORKFLOW,INFO
19:56:39.0 (316507)|EXECUTION_STARTED
19:56:39.0 (352644)|CODE_UNIT_STARTED|[EXTERNAL]|06658000000u9xP|VF: /apex/Timeline
19:56:39.15 (15785862)|CUMULATIVE_LIMIT_USAGE
19:56:39.15 (15785862)|LIMIT_USAGE_FOR_NS|(default)|
  Number of SOQL queries: 0 out of 100
  Number of query rows: 0 out of 50000
  Number of SOSL queries: 0 out of 20
  Number of DML statements: 0 out of 150
  Number of DML rows: 0 out of 10000
  Maximum CPU time: 0 out of 10000
  Maximum heap size: 0 out of 6000000
  Number of callouts: 0 out of 100
  Number of Email Invocations: 0 out of 10
  Number of future calls: 0 out of 50
  Number of queueable jobs added to the queue: 0 out of 50
  Number of Mobile Apex push calls: 0 out of 10

19:56:39.15 (15785862)|CUMULATIVE_LIMIT_USAGE_END

19:56:39.0 (15836492)|CODE_UNIT_FINISHED|VF: /apex/Timeline
19:56:39.0 (16928401)|EXECUTION_FINISHED
