36.0 APEX_CODE,FINEST;APEX_PROFILING,INFO;CALLOUT,INFO;DB,INFO;SYSTEM,DEBUG;VALIDATION,INFO;VISUALFORCE,INFO;WORKFLOW,INFO
Execute Anonymous: //Account a1 = [Select Id, Name, Active_Start_Date__c from Account Where Name = 'Super New 1'];
Execute Anonymous: //a1.Active_Start_Date__c = year(2016);
Execute Anonymous: //update a1;
Execute Anonymous: //Account a2 = [Select Id, Name, Active_Start_Date__c from Account Where Name = 'Super New 1'];
Execute Anonymous: //Account a3 = [Select Id, Name, Active_Start_Date__c from Account Where Name = 'Super New 1'];
Execute Anonymous: 
Execute Anonymous: List<AggregateResult> results = 
Execute Anonymous:     new List<AggregateResult>([SELECT  CALENDAR_MONTH(Active_Start_Date__c), 
Execute Anonymous:                                		COUNT(id)  
Execute Anonymous:                                       FROM Account WHERE CALENDAR_YEAR(Active_Start_Date__c)=2016
Execute Anonymous: 									Group by CALENDAR_MONTH(Active_Start_Date__c)                                 
Execute Anonymous:                                      ]);
Execute Anonymous: 
Execute Anonymous: List<AggregateResult> results1 = 
Execute Anonymous: new List<AggregateResult>([SELECT  CALENDAR_MONTH(Contact_Start_Date__c), 
Execute Anonymous:                                		COUNT(id)  
Execute Anonymous:                                       FROM Account WHERE CALENDAR_YEAR(Contact_Start_Date__c)=2016
Execute Anonymous: 									Group by CALENDAR_MONTH(Contact_Start_Date__c)                                 
Execute Anonymous:                                      ]);
Execute Anonymous: System.debug(results);
Execute Anonymous: System.debug(results1);
Execute Anonymous: //System.debug(a1);
Execute Anonymous: //System.debug(a2);
Execute Anonymous: //System.debug(a3);
11:53:56.1 (1440798)|EXECUTION_STARTED
11:53:56.1 (1453961)|CODE_UNIT_STARTED|[EXTERNAL]|execute_anonymous_apex
11:53:56.1 (1687493)|VARIABLE_SCOPE_BEGIN|[7]|results|List<AggregateResult>|true|false
11:53:56.1 (1698983)|VARIABLE_SCOPE_BEGIN|[14]|results1|List<AggregateResult>|true|false
11:53:56.1 (1850383)|HEAP_ALLOCATE|[72]|Bytes:3
11:53:56.1 (1896742)|HEAP_ALLOCATE|[77]|Bytes:152
11:53:56.1 (1917539)|HEAP_ALLOCATE|[342]|Bytes:408
11:53:56.1 (1937496)|HEAP_ALLOCATE|[355]|Bytes:408
11:53:56.1 (1956258)|HEAP_ALLOCATE|[467]|Bytes:48
11:53:56.1 (1996612)|HEAP_ALLOCATE|[139]|Bytes:6
11:53:56.1 (2027568)|HEAP_ALLOCATE|[EXTERNAL]|Bytes:15
11:53:56.1 (2150590)|STATEMENT_EXECUTE|[1]
11:53:56.1 (2154918)|STATEMENT_EXECUTE|[7]
11:53:56.1 (2161933)|HEAP_ALLOCATE|[8]|Bytes:4
11:53:56.1 (2263438)|HEAP_ALLOCATE|[8]|Bytes:162
11:53:56.1 (2275591)|HEAP_ALLOCATE|[8]|Bytes:4
11:53:56.1 (2319955)|HEAP_ALLOCATE|[50]|Bytes:5
11:53:56.1 (2344345)|HEAP_ALLOCATE|[56]|Bytes:5
11:53:56.1 (2354337)|HEAP_ALLOCATE|[64]|Bytes:7
11:53:56.1 (2859059)|SOQL_EXECUTE_BEGIN|[8]|Aggregations:0|SELECT CALENDAR_MONTH(Active_Start_Date__c), COUNT(id) FROM Account WHERE CALENDAR_YEAR(Active_Start_Date__c) = 2016 GROUP BY CALENDAR_MONTH(Active_Start_Date__c)
11:53:56.1 (11113819)|SOQL_EXECUTE_END|[8]|Rows:1
11:53:56.1 (11130089)|HEAP_ALLOCATE|[8]|Bytes:8
11:53:56.1 (11148348)|HEAP_ALLOCATE|[8]|Bytes:31
11:53:56.1 (11188702)|HEAP_ALLOCATE|[8]|Bytes:8
11:53:56.1 (11235768)|HEAP_ALLOCATE|[8]|Bytes:12
11:53:56.1 (11243572)|HEAP_ALLOCATE|[8]|Bytes:12
11:53:56.1 (11246472)|HEAP_ALLOCATE|[8]|Bytes:4
11:53:56.1 (11261564)|HEAP_ALLOCATE|[EXTERNAL]|Bytes:8
11:53:56.1 (11310843)|VARIABLE_ASSIGNMENT|[7]|results|{"s":1,"v":[{"s":2,"v":{"expr0":4,"expr1":5}}]}|0x33af1d58
11:53:56.1 (11315964)|STATEMENT_EXECUTE|[14]
11:53:56.1 (11321411)|HEAP_ALLOCATE|[15]|Bytes:4
11:53:56.1 (11343608)|HEAP_ALLOCATE|[15]|Bytes:165
11:53:56.1 (11348947)|HEAP_ALLOCATE|[15]|Bytes:4
11:53:56.1 (11746782)|SOQL_EXECUTE_BEGIN|[15]|Aggregations:0|SELECT CALENDAR_MONTH(Contact_Start_Date__c), COUNT(id) FROM Account WHERE CALENDAR_YEAR(Contact_Start_Date__c) = 2016 GROUP BY CALENDAR_MONTH(Contact_Start_Date__c)
11:53:56.1 (35365123)|SOQL_EXECUTE_END|[15]|Rows:2
11:53:56.1 (35385927)|HEAP_ALLOCATE|[15]|Bytes:12
11:53:56.1 (35405036)|HEAP_ALLOCATE|[15]|Bytes:62
11:53:56.1 (35429135)|HEAP_ALLOCATE|[15]|Bytes:12
11:53:56.1 (35470308)|HEAP_ALLOCATE|[15]|Bytes:12
11:53:56.1 (35477231)|HEAP_ALLOCATE|[15]|Bytes:12
11:53:56.1 (35485702)|HEAP_ALLOCATE|[15]|Bytes:12
11:53:56.1 (35488285)|HEAP_ALLOCATE|[15]|Bytes:8
11:53:56.1 (35505483)|HEAP_ALLOCATE|[EXTERNAL]|Bytes:12
11:53:56.1 (35540958)|VARIABLE_ASSIGNMENT|[14]|results1|{"s":1,"v":[{"s":2,"v":{"expr0":2,"expr1":2}},{"s":3,"v":{"expr0":4,"expr1":1}}]}|0x64d702f0
11:53:56.1 (35546355)|STATEMENT_EXECUTE|[20]
11:53:56.1 (35625568)|USER_DEBUG|[20]|DEBUG|(AggregateResult:{expr0=4, expr1=5})
11:53:56.1 (35634949)|STATEMENT_EXECUTE|[21]
11:53:56.1 (35661340)|USER_DEBUG|[21]|DEBUG|(AggregateResult:{expr0=2, expr1=2}, AggregateResult:{expr0=4, expr1=1})
11:53:56.35 (35718288)|CUMULATIVE_LIMIT_USAGE
11:53:56.35 (35718288)|LIMIT_USAGE_FOR_NS|(default)|
  Number of SOQL queries: 2 out of 100
  Number of query rows: 8 out of 50000
  Number of SOSL queries: 0 out of 20
  Number of DML statements: 0 out of 150
  Number of DML rows: 0 out of 10000
  Maximum CPU time: 0 out of 10000
  Maximum heap size: 0 out of 6000000
  Number of callouts: 0 out of 100
  Number of Email Invocations: 0 out of 10
  Number of future calls: 0 out of 50
  Number of queueable jobs added to the queue: 0 out of 50
  Number of Mobile Apex push calls: 0 out of 10

11:53:56.35 (35718288)|CUMULATIVE_LIMIT_USAGE_END

11:53:56.1 (35768386)|CODE_UNIT_FINISHED|execute_anonymous_apex
11:53:56.1 (36761683)|EXECUTION_FINISHED
