36.0 APEX_CODE,FINEST;APEX_PROFILING,INFO;CALLOUT,INFO;DB,INFO;SYSTEM,DEBUG;VALIDATION,INFO;VISUALFORCE,INFO;WORKFLOW,INFO
Execute Anonymous: List<AggregateResult> results = 
Execute Anonymous:     new List<AggregateResult>([SELECT  CALENDAR_MONTH(Active_Start_Date__c), 
Execute Anonymous:                                		COUNT(id)  
Execute Anonymous:                                       FROM Account WHERE CALENDAR_YEAR(Active_Start_Date__c)=2016
Execute Anonymous: 									Group by CALENDAR_MONTH(Active_Start_Date__c)                                 
Execute Anonymous:                                      ]);
Execute Anonymous: System.debug(results);
11:20:39.1 (1262486)|EXECUTION_STARTED
11:20:39.1 (1272628)|CODE_UNIT_STARTED|[EXTERNAL]|execute_anonymous_apex
11:20:39.1 (1476095)|VARIABLE_SCOPE_BEGIN|[1]|results|List<AggregateResult>|true|false
11:20:39.1 (1607108)|HEAP_ALLOCATE|[72]|Bytes:3
11:20:39.1 (1652795)|HEAP_ALLOCATE|[77]|Bytes:152
11:20:39.1 (1673292)|HEAP_ALLOCATE|[342]|Bytes:408
11:20:39.1 (1692989)|HEAP_ALLOCATE|[355]|Bytes:408
11:20:39.1 (1716228)|HEAP_ALLOCATE|[467]|Bytes:48
11:20:39.1 (1756493)|HEAP_ALLOCATE|[139]|Bytes:6
11:20:39.1 (1785834)|HEAP_ALLOCATE|[EXTERNAL]|Bytes:5
11:20:39.1 (1880228)|STATEMENT_EXECUTE|[1]
11:20:39.1 (1884103)|STATEMENT_EXECUTE|[1]
11:20:39.1 (1890246)|HEAP_ALLOCATE|[2]|Bytes:4
11:20:39.1 (1962010)|HEAP_ALLOCATE|[2]|Bytes:162
11:20:39.1 (1971169)|HEAP_ALLOCATE|[2]|Bytes:4
11:20:39.1 (2018600)|HEAP_ALLOCATE|[50]|Bytes:5
11:20:39.1 (2042271)|HEAP_ALLOCATE|[56]|Bytes:5
11:20:39.1 (2052081)|HEAP_ALLOCATE|[64]|Bytes:7
11:20:39.1 (2543230)|SOQL_EXECUTE_BEGIN|[2]|Aggregations:0|SELECT CALENDAR_MONTH(Active_Start_Date__c), COUNT(id) FROM Account WHERE CALENDAR_YEAR(Active_Start_Date__c) = 2016 GROUP BY CALENDAR_MONTH(Active_Start_Date__c)
11:20:39.1 (102935224)|SOQL_EXECUTE_END|[2]|Rows:1
11:20:39.1 (102964379)|HEAP_ALLOCATE|[2]|Bytes:8
11:20:39.1 (102987929)|HEAP_ALLOCATE|[2]|Bytes:31
11:20:39.1 (103052463)|HEAP_ALLOCATE|[2]|Bytes:8
11:20:39.1 (103113616)|HEAP_ALLOCATE|[2]|Bytes:12
11:20:39.1 (103121530)|HEAP_ALLOCATE|[2]|Bytes:12
11:20:39.1 (103124255)|HEAP_ALLOCATE|[2]|Bytes:4
11:20:39.1 (103149061)|HEAP_ALLOCATE|[EXTERNAL]|Bytes:8
11:20:39.1 (103206880)|VARIABLE_ASSIGNMENT|[1]|results|{"s":1,"v":[{"s":2,"v":{"expr0":4,"expr1":2}}]}|0x5fee8041
11:20:39.1 (103213405)|STATEMENT_EXECUTE|[7]
11:20:39.1 (103281821)|USER_DEBUG|[7]|DEBUG|(AggregateResult:{expr0=4, expr1=2})
11:20:39.103 (103338212)|CUMULATIVE_LIMIT_USAGE
11:20:39.103 (103338212)|LIMIT_USAGE_FOR_NS|(default)|
  Number of SOQL queries: 1 out of 100
  Number of query rows: 2 out of 50000
  Number of SOSL queries: 0 out of 20
  Number of DML statements: 0 out of 150
  Number of DML rows: 0 out of 10000
  Maximum CPU time: 0 out of 10000
  Maximum heap size: 0 out of 6000000
  Number of callouts: 0 out of 100
  Number of Email Invocations: 0 out of 10
  Number of future calls: 0 out of 50
  Number of queueable jobs added to the queue: 0 out of 50
  Number of Mobile Apex push calls: 0 out of 10

11:20:39.103 (103338212)|CUMULATIVE_LIMIT_USAGE_END

11:20:39.1 (103384243)|CODE_UNIT_FINISHED|execute_anonymous_apex
11:20:39.1 (118008975)|EXECUTION_FINISHED
