34.0 APEX_CODE,FINEST;APEX_PROFILING,INFO;CALLOUT,INFO;DB,INFO;SYSTEM,DEBUG;VALIDATION,INFO;VISUALFORCE,INFO;WORKFLOW,INFO
14:06:55.0 (422692)|EXECUTION_STARTED
14:06:55.0 (464345)|CODE_UNIT_STARTED|[EXTERNAL]|0664E0000000AOi|VF: /apex/ReportPLIS
14:06:55.0 (7251039)|CODE_UNIT_STARTED|[EXTERNAL]|01p4E0000008wR2|ReportPLIS_Controller <init>
14:06:55.0 (7268860)|SYSTEM_MODE_ENTER|true
14:06:55.0 (7761338)|HEAP_ALLOCATE|[72]|Bytes:3
14:06:55.0 (7835963)|HEAP_ALLOCATE|[77]|Bytes:152
14:06:55.0 (7858899)|HEAP_ALLOCATE|[342]|Bytes:408
14:06:55.0 (7880519)|HEAP_ALLOCATE|[355]|Bytes:408
14:06:55.0 (7901097)|HEAP_ALLOCATE|[467]|Bytes:48
14:06:55.0 (7945319)|HEAP_ALLOCATE|[139]|Bytes:6
14:06:55.0 (7972543)|HEAP_ALLOCATE|[EXTERNAL]|Bytes:37
14:06:55.0 (7977920)|HEAP_ALLOCATE|[EXTERNAL]|Bytes:140
14:06:55.0 (7981112)|HEAP_ALLOCATE|[EXTERNAL]|Bytes:19
14:06:55.0 (7998760)|METHOD_ENTRY|[1]|01p4E0000008wR2|ReportPLIS_Controller.ReportPLIS_Controller()
14:06:55.0 (8004485)|STATEMENT_EXECUTE|[1]
14:06:55.0 (8015081)|STATEMENT_EXECUTE|[1]
14:06:55.0 (8057008)|HEAP_ALLOCATE|[50]|Bytes:5
14:06:55.0 (8084489)|HEAP_ALLOCATE|[56]|Bytes:5
14:06:55.0 (8094810)|HEAP_ALLOCATE|[64]|Bytes:7
14:06:55.0 (8122425)|SYSTEM_MODE_ENTER|false
14:06:55.0 (8142824)|HEAP_ALLOCATE|[EXTERNAL]|Bytes:5
14:06:55.0 (8148076)|STATEMENT_EXECUTE|[97]
14:06:55.0 (8149875)|STATEMENT_EXECUTE|[209]
14:06:55.0 (8151289)|STATEMENT_EXECUTE|[227]
14:06:55.0 (8158492)|SYSTEM_MODE_EXIT|false
14:06:55.0 (8170655)|METHOD_EXIT|[1]|ReportPLIS_Controller
14:06:55.0 (8686843)|HEAP_ALLOCATE|[EXTERNAL]|Bytes:24
14:06:55.0 (8701404)|VARIABLE_SCOPE_BEGIN|[11]|this|ReportPLIS_Controller|true|false
14:06:55.0 (8793193)|VARIABLE_ASSIGNMENT|[11]|this|{}|0x4a04b53d
14:06:55.0 (8807864)|SYSTEM_MODE_ENTER|false
14:06:55.0 (8813426)|HEAP_ALLOCATE|[6]|Bytes:5
14:06:55.0 (8817428)|STATEMENT_EXECUTE|[1]
14:06:55.0 (8820248)|HEAP_ALLOCATE|[6]|Bytes:5
14:06:55.0 (8822021)|STATEMENT_EXECUTE|[3]
14:06:55.0 (8823837)|STATEMENT_EXECUTE|[4]
14:06:55.0 (8824906)|STATEMENT_EXECUTE|[5]
14:06:55.0 (8825970)|STATEMENT_EXECUTE|[6]
14:06:55.0 (8832224)|HEAP_ALLOCATE|[6]|Bytes:4
14:06:55.0 (8883970)|HEAP_ALLOCATE|[6]|Bytes:1
14:06:55.0 (8896277)|HEAP_ALLOCATE|[6]|Bytes:1
14:06:55.0 (8900281)|HEAP_ALLOCATE|[6]|Bytes:1
14:06:55.0 (8904240)|HEAP_ALLOCATE|[6]|Bytes:1
14:06:55.0 (8908136)|HEAP_ALLOCATE|[6]|Bytes:1
14:06:55.0 (8911752)|HEAP_ALLOCATE|[6]|Bytes:1
14:06:55.0 (8915457)|HEAP_ALLOCATE|[6]|Bytes:1
14:06:55.0 (8919277)|HEAP_ALLOCATE|[6]|Bytes:1
14:06:55.0 (8923116)|HEAP_ALLOCATE|[6]|Bytes:1
14:06:55.0 (8936993)|HEAP_ALLOCATE|[6]|Bytes:2
14:06:55.0 (8943290)|HEAP_ALLOCATE|[6]|Bytes:2
14:06:55.0 (8947669)|HEAP_ALLOCATE|[6]|Bytes:2
14:06:55.0 (8993779)|HEAP_ALLOCATE|[EXTERNAL]|Bytes:52
14:06:55.0 (9024944)|VARIABLE_ASSIGNMENT|[6]|this.month|{"s":1,"v":"List of size 12 too large to display"}|0x4a04b53d
14:06:55.0 (9030086)|STATEMENT_EXECUTE|[7]
14:06:55.0 (9043649)|HEAP_ALLOCATE|[6]|Bytes:6
14:06:55.0 (9072293)|STATEMENT_EXECUTE|[11]
14:06:55.0 (9079432)|SYSTEM_MODE_EXIT|false
14:06:55.0 (9099344)|CODE_UNIT_FINISHED|ReportPLIS_Controller <init>
14:06:55.20 (20321072)|CUMULATIVE_LIMIT_USAGE
14:06:55.20 (20321072)|LIMIT_USAGE_FOR_NS|(default)|
  Number of SOQL queries: 0 out of 100
  Number of query rows: 0 out of 50000
  Number of SOSL queries: 0 out of 20
  Number of DML statements: 0 out of 150
  Number of DML rows: 0 out of 10000
  Maximum CPU time: 0 out of 10000
  Maximum heap size: 0 out of 6000000
  Number of callouts: 0 out of 100
  Number of Email Invocations: 0 out of 10
  Number of future calls: 0 out of 50
  Number of queueable jobs added to the queue: 0 out of 50
  Number of Mobile Apex push calls: 0 out of 10

14:06:55.20 (20321072)|CUMULATIVE_LIMIT_USAGE_END

14:06:55.0 (20367511)|CODE_UNIT_FINISHED|VF: /apex/ReportPLIS
14:06:55.0 (21233222)|EXECUTION_FINISHED
