34.0 APEX_CODE,FINEST;APEX_PROFILING,INFO;CALLOUT,INFO;DB,INFO;SYSTEM,DEBUG;VALIDATION,INFO;VISUALFORCE,INFO;WORKFLOW,INFO
14:33:56.0 (69350)|EXECUTION_STARTED
14:33:56.0 (105651)|CODE_UNIT_STARTED|[EXTERNAL]|0664E0000000AOi|VF: /apex/ReportPLIS
14:33:56.0 (14631484)|CODE_UNIT_STARTED|[EXTERNAL]|01p4E0000008wR2|ReportPLIS_Controller <init>
14:33:56.0 (14650618)|SYSTEM_MODE_ENTER|true
14:33:56.0 (15051538)|HEAP_ALLOCATE|[72]|Bytes:3
14:33:56.0 (15097788)|HEAP_ALLOCATE|[77]|Bytes:152
14:33:56.0 (15118476)|HEAP_ALLOCATE|[342]|Bytes:408
14:33:56.0 (15140101)|HEAP_ALLOCATE|[355]|Bytes:408
14:33:56.0 (15161584)|HEAP_ALLOCATE|[467]|Bytes:48
14:33:56.0 (15198487)|HEAP_ALLOCATE|[139]|Bytes:6
14:33:56.0 (15222820)|HEAP_ALLOCATE|[EXTERNAL]|Bytes:37
14:33:56.0 (15228833)|HEAP_ALLOCATE|[EXTERNAL]|Bytes:140
14:33:56.0 (15237207)|HEAP_ALLOCATE|[EXTERNAL]|Bytes:19
14:33:56.0 (15255901)|METHOD_ENTRY|[1]|01p4E0000008wR2|ReportPLIS_Controller.ReportPLIS_Controller()
14:33:56.0 (15261086)|STATEMENT_EXECUTE|[1]
14:33:56.0 (15267946)|STATEMENT_EXECUTE|[1]
14:33:56.0 (15269254)|STATEMENT_EXECUTE|[98]
14:33:56.0 (15270395)|STATEMENT_EXECUTE|[210]
14:33:56.0 (15271503)|STATEMENT_EXECUTE|[228]
14:33:56.0 (15279005)|METHOD_EXIT|[1]|ReportPLIS_Controller
14:33:56.0 (15657456)|HEAP_ALLOCATE|[EXTERNAL]|Bytes:24
14:33:56.0 (15671105)|VARIABLE_SCOPE_BEGIN|[11]|this|ReportPLIS_Controller|true|false
14:33:56.0 (15749016)|VARIABLE_ASSIGNMENT|[11]|this|{}|0x1c8d59f1
14:33:56.0 (15757304)|STATEMENT_EXECUTE|[1]
14:33:56.0 (15758811)|STATEMENT_EXECUTE|[3]
14:33:56.0 (15760923)|STATEMENT_EXECUTE|[4]
14:33:56.0 (15762130)|STATEMENT_EXECUTE|[5]
14:33:56.0 (15763109)|STATEMENT_EXECUTE|[6]
14:33:56.0 (15768060)|HEAP_ALLOCATE|[6]|Bytes:4
14:33:56.0 (15848303)|HEAP_ALLOCATE|[6]|Bytes:1
14:33:56.0 (15858789)|HEAP_ALLOCATE|[6]|Bytes:1
14:33:56.0 (15863005)|HEAP_ALLOCATE|[6]|Bytes:1
14:33:56.0 (15867085)|HEAP_ALLOCATE|[6]|Bytes:1
14:33:56.0 (15870988)|HEAP_ALLOCATE|[6]|Bytes:1
14:33:56.0 (15874720)|HEAP_ALLOCATE|[6]|Bytes:1
14:33:56.0 (15878527)|HEAP_ALLOCATE|[6]|Bytes:1
14:33:56.0 (15882177)|HEAP_ALLOCATE|[6]|Bytes:1
14:33:56.0 (15885953)|HEAP_ALLOCATE|[6]|Bytes:1
14:33:56.0 (15889822)|HEAP_ALLOCATE|[6]|Bytes:2
14:33:56.0 (15893374)|HEAP_ALLOCATE|[6]|Bytes:2
14:33:56.0 (15897127)|HEAP_ALLOCATE|[6]|Bytes:2
14:33:56.0 (15932383)|HEAP_ALLOCATE|[EXTERNAL]|Bytes:52
14:33:56.0 (15962860)|VARIABLE_ASSIGNMENT|[6]|this.month|{"s":1,"v":"List of size 12 too large to display"}|0x1c8d59f1
14:33:56.0 (15966973)|STATEMENT_EXECUTE|[7]
14:33:56.0 (15975302)|HEAP_ALLOCATE|[6]|Bytes:6
14:33:56.0 (16023679)|STATEMENT_EXECUTE|[11]
14:33:56.0 (16042156)|CODE_UNIT_FINISHED|ReportPLIS_Controller <init>
14:33:56.0 (16087159)|CODE_UNIT_STARTED|[EXTERNAL]|01p4E0000008wR2|ReportPLIS_Controller get(Phase)
14:33:56.0 (16095983)|SYSTEM_MODE_ENTER|true
14:33:56.0 (16112328)|CODE_UNIT_STARTED|[EXTERNAL]|01p4E0000008wR2|Phase
14:33:56.0 (16123289)|CODE_UNIT_FINISHED|Phase
14:33:56.0 (16137290)|CODE_UNIT_FINISHED|ReportPLIS_Controller get(Phase)
14:33:56.30 (30635284)|CUMULATIVE_LIMIT_USAGE
14:33:56.30 (30635284)|LIMIT_USAGE_FOR_NS|(default)|
  Number of SOQL queries: 0 out of 100
  Number of query rows: 0 out of 50000
  Number of SOSL queries: 0 out of 20
  Number of DML statements: 0 out of 150
  Number of DML rows: 0 out of 10000
  Maximum CPU time: 0 out of 10000
  Maximum heap size: 0 out of 6000000
  Number of callouts: 0 out of 100
  Number of Email Invocations: 0 out of 10
  Number of future calls: 0 out of 50
  Number of queueable jobs added to the queue: 0 out of 50
  Number of Mobile Apex push calls: 0 out of 10

14:33:56.30 (30635284)|CUMULATIVE_LIMIT_USAGE_END

14:33:56.0 (30681214)|CODE_UNIT_FINISHED|VF: /apex/ReportPLIS
14:33:56.0 (31521271)|EXECUTION_FINISHED
