34.0 APEX_CODE,FINEST;APEX_PROFILING,INFO;CALLOUT,INFO;DB,INFO;SYSTEM,DEBUG;VALIDATION,INFO;VISUALFORCE,INFO;WORKFLOW,INFO
14:34:24.0 (423299)|EXECUTION_STARTED
14:34:24.0 (463599)|CODE_UNIT_STARTED|[EXTERNAL]|0664E0000000AOi|VF: /apex/ReportPLIS
14:34:24.0 (19243412)|CODE_UNIT_STARTED|[EXTERNAL]|01p4E0000008wR2|ReportPLIS_Controller <init>
14:34:24.0 (19264464)|SYSTEM_MODE_ENTER|true
14:34:24.0 (19703859)|HEAP_ALLOCATE|[72]|Bytes:3
14:34:24.0 (19770202)|HEAP_ALLOCATE|[77]|Bytes:152
14:34:24.0 (19792904)|HEAP_ALLOCATE|[342]|Bytes:408
14:34:24.0 (19818449)|HEAP_ALLOCATE|[355]|Bytes:408
14:34:24.0 (19843633)|HEAP_ALLOCATE|[467]|Bytes:48
14:34:24.0 (19900670)|HEAP_ALLOCATE|[139]|Bytes:6
14:34:24.0 (19932318)|HEAP_ALLOCATE|[EXTERNAL]|Bytes:37
14:34:24.0 (19937971)|HEAP_ALLOCATE|[EXTERNAL]|Bytes:120
14:34:24.0 (19941048)|HEAP_ALLOCATE|[EXTERNAL]|Bytes:17
14:34:24.0 (19957764)|METHOD_ENTRY|[1]|01p4E0000008wR2|ReportPLIS_Controller.ReportPLIS_Controller()
14:34:24.0 (19963214)|STATEMENT_EXECUTE|[1]
14:34:24.0 (19970967)|STATEMENT_EXECUTE|[1]
14:34:24.0 (19972354)|STATEMENT_EXECUTE|[98]
14:34:24.0 (19973513)|STATEMENT_EXECUTE|[210]
14:34:24.0 (19974659)|STATEMENT_EXECUTE|[228]
14:34:24.0 (19982248)|METHOD_EXIT|[1]|ReportPLIS_Controller
14:34:24.0 (20525838)|HEAP_ALLOCATE|[EXTERNAL]|Bytes:20
14:34:24.0 (20542869)|VARIABLE_SCOPE_BEGIN|[11]|this|ReportPLIS_Controller|true|false
14:34:24.0 (20640965)|VARIABLE_ASSIGNMENT|[11]|this|{}|0x7fb94575
14:34:24.0 (20649674)|STATEMENT_EXECUTE|[1]
14:34:24.0 (20651362)|STATEMENT_EXECUTE|[3]
14:34:24.0 (20653328)|STATEMENT_EXECUTE|[4]
14:34:24.0 (20654563)|STATEMENT_EXECUTE|[5]
14:34:24.0 (20655500)|STATEMENT_EXECUTE|[6]
14:34:24.0 (20668120)|HEAP_ALLOCATE|[6]|Bytes:4
14:34:24.0 (20715834)|HEAP_ALLOCATE|[6]|Bytes:1
14:34:24.0 (20728447)|HEAP_ALLOCATE|[6]|Bytes:1
14:34:24.0 (20733089)|HEAP_ALLOCATE|[6]|Bytes:1
14:34:24.0 (20737207)|HEAP_ALLOCATE|[6]|Bytes:1
14:34:24.0 (20741300)|HEAP_ALLOCATE|[6]|Bytes:1
14:34:24.0 (20745587)|HEAP_ALLOCATE|[6]|Bytes:1
14:34:24.0 (20749783)|HEAP_ALLOCATE|[6]|Bytes:1
14:34:24.0 (20753835)|HEAP_ALLOCATE|[6]|Bytes:1
14:34:24.0 (20757782)|HEAP_ALLOCATE|[6]|Bytes:1
14:34:24.0 (20761787)|HEAP_ALLOCATE|[6]|Bytes:2
14:34:24.0 (20765735)|HEAP_ALLOCATE|[6]|Bytes:2
14:34:24.0 (20769826)|HEAP_ALLOCATE|[6]|Bytes:2
14:34:24.0 (20811774)|HEAP_ALLOCATE|[EXTERNAL]|Bytes:52
14:34:24.0 (20843811)|VARIABLE_ASSIGNMENT|[6]|this.month|{"s":1,"v":"List of size 12 too large to display"}|0x7fb94575
14:34:24.0 (20855682)|HEAP_ALLOCATE|[6]|Bytes:6
14:34:24.0 (20905249)|STATEMENT_EXECUTE|[11]
14:34:24.0 (20934502)|CODE_UNIT_FINISHED|ReportPLIS_Controller <init>
14:34:24.0 (21002935)|CODE_UNIT_STARTED|[EXTERNAL]|01p4E0000008wR2|ReportPLIS_Controller get(Phase)
14:34:24.0 (21014238)|SYSTEM_MODE_ENTER|true
14:34:24.0 (21047868)|CODE_UNIT_STARTED|[EXTERNAL]|01p4E0000008wR2|ReportPLIS_Controller invoke(getPhase)
14:34:24.0 (21096030)|HEAP_ALLOCATE|[EXTERNAL]|Bytes:20
14:34:24.0 (21105595)|VARIABLE_SCOPE_BEGIN|[52]|this|ReportPLIS_Controller|true|false
14:34:24.0 (21127925)|VARIABLE_ASSIGNMENT|[52]|this|{"month":"0x29880e45"}|0x7fb94575
14:34:24.0 (21140209)|STATEMENT_EXECUTE|[53]
14:34:24.0 (21141748)|STATEMENT_EXECUTE|[55]
14:34:24.0 (21146273)|HEAP_ALLOCATE|[55]|Bytes:4
14:34:24.0 (21172606)|HEAP_ALLOCATE|[55]|Bytes:3
14:34:24.0 (21180458)|HEAP_ALLOCATE|[55]|Bytes:3
14:34:24.0 (21185688)|HEAP_ALLOCATE|[55]|Bytes:5
14:34:24.0 (21209816)|HEAP_ALLOCATE|[EXTERNAL]|Bytes:16
14:34:24.0 (21222951)|CODE_UNIT_FINISHED|ReportPLIS_Controller invoke(getPhase)
14:34:24.0 (21251642)|CODE_UNIT_FINISHED|ReportPLIS_Controller get(Phase)
14:34:24.37 (37895940)|CUMULATIVE_LIMIT_USAGE
14:34:24.37 (37895940)|LIMIT_USAGE_FOR_NS|(default)|
  Number of SOQL queries: 0 out of 100
  Number of query rows: 0 out of 50000
  Number of SOSL queries: 0 out of 20
  Number of DML statements: 0 out of 150
  Number of DML rows: 0 out of 10000
  Maximum CPU time: 0 out of 10000
  Maximum heap size: 0 out of 6000000
  Number of callouts: 0 out of 100
  Number of Email Invocations: 0 out of 10
  Number of future calls: 0 out of 50
  Number of queueable jobs added to the queue: 0 out of 50
  Number of Mobile Apex push calls: 0 out of 10

14:34:24.37 (37895940)|CUMULATIVE_LIMIT_USAGE_END

14:34:24.0 (37944560)|CODE_UNIT_FINISHED|VF: /apex/ReportPLIS
14:34:24.0 (38783990)|EXECUTION_FINISHED
