36.0 APEX_CODE,FINEST;APEX_PROFILING,INFO;CALLOUT,INFO;DB,INFO;SYSTEM,DEBUG;VALIDATION,INFO;VISUALFORCE,INFO;WORKFLOW,INFO
Execute Anonymous: public List<Account> contact_a{get;set;}
Execute Anonymous: public List<Integer> con = new List<Integer>();
Execute Anonymous: 
Execute Anonymous: 
Execute Anonymous: 
Execute Anonymous: 	
Execute Anonymous: 
Execute Anonymous: 			Integer years =2016;
Execute Anonymous: 					for (Integer idx=1; idx<13; idx++)
Execute Anonymous: 					{
Execute Anonymous: 									con.add(count_contact_phase(idx,years));
Execute Anonymous:                     //    con.add(idx);
Execute Anonymous:                         			
Execute Anonymous:                     }
Execute Anonymous: 	//System.debug('3');
Execute Anonymous:                         					
Execute Anonymous: 	System.debug(con);
Execute Anonymous: 		return con;
Execute Anonymous: 	
Execute Anonymous: 
Execute Anonymous: 	public  Integer count_contact_phase (Integer month, Integer year)
Execute Anonymous: 	{
Execute Anonymous: 
Execute Anonymous: 
Execute Anonymous: 			contact_a= [SELECT id, Contact_Start_Date__c
Execute Anonymous: 																FROM Account
Execute Anonymous: 																WHERE CALENDAR_MONTH(Contact_Start_Date__c)=:month
Execute Anonymous: 																AND CALENDAR_YEAR(Contact_Start_Date__c)=:year
Execute Anonymous: 															];
Execute Anonymous: 
Execute Anonymous: 							return contact_a.size();
Execute Anonymous: 	}
15:47:06.1 (1450943)|EXECUTION_STARTED
15:47:06.1 (1466269)|CODE_UNIT_STARTED|[EXTERNAL]|execute_anonymous_apex
15:47:06.1 (1766184)|VARIABLE_SCOPE_BEGIN|[2]|con|List<Integer>|true|false
15:47:06.1 (1844830)|VARIABLE_SCOPE_BEGIN|[1]|contact_a|List<Account>|true|false
15:47:06.1 (1863809)|VARIABLE_SCOPE_BEGIN|[8]|years|Integer|false|false
15:47:06.1 (2004445)|HEAP_ALLOCATE|[72]|Bytes:3
15:47:06.1 (2060189)|HEAP_ALLOCATE|[77]|Bytes:152
15:47:06.1 (2079515)|HEAP_ALLOCATE|[342]|Bytes:408
15:47:06.1 (2100503)|HEAP_ALLOCATE|[355]|Bytes:408
15:47:06.1 (2119519)|HEAP_ALLOCATE|[467]|Bytes:48
15:47:06.1 (2159641)|HEAP_ALLOCATE|[139]|Bytes:6
15:47:06.1 (2185629)|HEAP_ALLOCATE|[EXTERNAL]|Bytes:88
15:47:06.1 (2191188)|HEAP_ALLOCATE|[EXTERNAL]|Bytes:4
15:47:06.1 (2193978)|HEAP_ALLOCATE|[EXTERNAL]|Bytes:17
15:47:06.1 (2323434)|STATEMENT_EXECUTE|[1]
15:47:06.1 (2327531)|STATEMENT_EXECUTE|[1]
15:47:06.1 (2387002)|HEAP_ALLOCATE|[50]|Bytes:5
15:47:06.1 (2412991)|HEAP_ALLOCATE|[56]|Bytes:5
15:47:06.1 (2422337)|HEAP_ALLOCATE|[64]|Bytes:7
15:47:06.1 (2457338)|SYSTEM_MODE_ENTER|false
15:47:06.1 (2492479)|HEAP_ALLOCATE|[1]|Bytes:5
15:47:06.1 (2546171)|VARIABLE_ASSIGNMENT|[EXTERNAL]|value|null|
15:47:06.1 (2560287)|VARIABLE_ASSIGNMENT|[1]|contact_a|null|
15:47:06.1 (2568002)|SYSTEM_MODE_EXIT|false
15:47:06.1 (2574242)|STATEMENT_EXECUTE|[2]
15:47:06.1 (2581428)|HEAP_ALLOCATE|[2]|Bytes:4
15:47:06.1 (2665257)|HEAP_ALLOCATE|[EXTERNAL]|Bytes:4
15:47:06.1 (2694590)|VARIABLE_ASSIGNMENT|[2]|con|{"s":1,"v":[]}|0x7ca90781
15:47:06.1 (2698493)|STATEMENT_EXECUTE|[8]
15:47:06.1 (2705376)|HEAP_ALLOCATE|[8]|Bytes:4
15:47:06.1 (2713451)|VARIABLE_ASSIGNMENT|[8]|years|2016
15:47:06.1 (2716709)|STATEMENT_EXECUTE|[9]
15:47:06.1 (2720220)|VARIABLE_SCOPE_BEGIN|[9]|idx|Integer|false|false
15:47:06.1 (2723000)|HEAP_ALLOCATE|[9]|Bytes:4
15:47:06.1 (2727797)|VARIABLE_ASSIGNMENT|[9]|idx|1
15:47:06.1 (2733009)|STATEMENT_EXECUTE|[10]
15:47:06.1 (2734331)|STATEMENT_EXECUTE|[11]
15:47:06.1 (2769197)|SYSTEM_MODE_ENTER|false
15:47:06.1 (2785110)|HEAP_ALLOCATE|[11]|Bytes:5
15:47:06.1 (2838643)|VARIABLE_SCOPE_BEGIN|[21]|month|Integer|false|false
15:47:06.1 (2846421)|VARIABLE_ASSIGNMENT|[21]|month|1
15:47:06.1 (2850026)|VARIABLE_SCOPE_BEGIN|[21]|year|Integer|false|false
15:47:06.1 (2853344)|VARIABLE_ASSIGNMENT|[21]|year|2016
15:47:06.1 (2860798)|STATEMENT_EXECUTE|[22]
15:47:06.1 (2862269)|STATEMENT_EXECUTE|[25]
15:47:06.1 (2865616)|HEAP_ALLOCATE|[25]|Bytes:154
15:47:06.1 (2877707)|HEAP_ALLOCATE|[25]|Bytes:4
15:47:06.1 (2889051)|HEAP_ALLOCATE|[25]|Bytes:7
15:47:06.1 (2899211)|HEAP_ALLOCATE|[25]|Bytes:4
15:47:06.1 (2925243)|HEAP_ALLOCATE|[25]|Bytes:7
15:47:06.1 (3375743)|SOQL_EXECUTE_BEGIN|[25]|Aggregations:0|SELECT id, Contact_Start_Date__c FROM Account WHERE (CALENDAR_MONTH(Contact_Start_Date__c) = :tmpVar1 AND CALENDAR_YEAR(Contact_Start_Date__c) = :tmpVar2)
15:47:06.1 (24589072)|SOQL_EXECUTE_END|[25]|Rows:0
15:47:06.1 (24608278)|HEAP_ALLOCATE|[25]|Bytes:4
15:47:06.1 (24620225)|HEAP_ALLOCATE|[25]|Bytes:0
15:47:06.1 (24654821)|HEAP_ALLOCATE|[25]|Bytes:4
15:47:06.1 (24689877)|VARIABLE_ASSIGNMENT|[EXTERNAL]|value|{"s":1,"v":[]}|0x101bf282
15:47:06.1 (24705558)|VARIABLE_ASSIGNMENT|[1]|contact_a|{"s":1,"v":[]}|0x101bf282
15:47:06.1 (24711620)|STATEMENT_EXECUTE|[31]
15:47:06.1 (24820298)|HEAP_ALLOCATE|[11]|Bytes:4
15:47:06.1 (24827677)|SYSTEM_MODE_EXIT|false
15:47:06.1 (24862424)|HEAP_ALLOCATE|[11]|Bytes:4
15:47:06.1 (24867691)|HEAP_ALLOCATE|[EXTERNAL]|Bytes:4
15:47:06.1 (24875392)|HEAP_ALLOCATE|[9]|Bytes:4
15:47:06.1 (24882099)|VARIABLE_ASSIGNMENT|[9]|idx|2
15:47:06.1 (24886653)|STATEMENT_EXECUTE|[10]
15:47:06.1 (24888229)|STATEMENT_EXECUTE|[11]
15:47:06.1 (24904162)|SYSTEM_MODE_ENTER|false
15:47:06.1 (24920477)|HEAP_ALLOCATE|[11]|Bytes:5
15:47:06.1 (24927201)|VARIABLE_SCOPE_BEGIN|[21]|month|Integer|false|false
15:47:06.1 (24932389)|VARIABLE_ASSIGNMENT|[21]|month|2
15:47:06.1 (24934557)|VARIABLE_SCOPE_BEGIN|[21]|year|Integer|false|false
15:47:06.1 (24937452)|VARIABLE_ASSIGNMENT|[21]|year|2016
15:47:06.1 (24940522)|STATEMENT_EXECUTE|[22]
15:47:06.1 (24941804)|STATEMENT_EXECUTE|[25]
15:47:06.1 (24945977)|HEAP_ALLOCATE|[25]|Bytes:4
15:47:06.1 (24953871)|HEAP_ALLOCATE|[25]|Bytes:4
15:47:06.1 (25194590)|SOQL_EXECUTE_BEGIN|[25]|Aggregations:0|SELECT id, Contact_Start_Date__c FROM Account WHERE (CALENDAR_MONTH(Contact_Start_Date__c) = :tmpVar1 AND CALENDAR_YEAR(Contact_Start_Date__c) = :tmpVar2)
15:47:06.1 (29711584)|SOQL_EXECUTE_END|[25]|Rows:0
15:47:06.1 (29725502)|HEAP_ALLOCATE|[25]|Bytes:4
15:47:06.1 (29734272)|HEAP_ALLOCATE|[25]|Bytes:0
15:47:06.1 (29749660)|HEAP_ALLOCATE|[25]|Bytes:4
15:47:06.1 (29773727)|VARIABLE_ASSIGNMENT|[EXTERNAL]|value|{"s":1,"v":[]}|0x7236f677
15:47:06.1 (29788959)|VARIABLE_ASSIGNMENT|[1]|contact_a|{"s":1,"v":[]}|0x7236f677
15:47:06.1 (29793738)|STATEMENT_EXECUTE|[31]
15:47:06.1 (29810811)|HEAP_ALLOCATE|[11]|Bytes:4
15:47:06.1 (29816842)|SYSTEM_MODE_EXIT|false
15:47:06.1 (29826295)|HEAP_ALLOCATE|[11]|Bytes:4
15:47:06.1 (29829433)|HEAP_ALLOCATE|[EXTERNAL]|Bytes:4
15:47:06.1 (29834773)|HEAP_ALLOCATE|[9]|Bytes:4
15:47:06.1 (29840496)|VARIABLE_ASSIGNMENT|[9]|idx|3
15:47:06.1 (29844357)|STATEMENT_EXECUTE|[10]
15:47:06.1 (29845666)|STATEMENT_EXECUTE|[11]
15:47:06.1 (29859759)|SYSTEM_MODE_ENTER|false
15:47:06.1 (29875808)|HEAP_ALLOCATE|[11]|Bytes:5
15:47:06.1 (29882139)|VARIABLE_SCOPE_BEGIN|[21]|month|Integer|false|false
15:47:06.1 (29887166)|VARIABLE_ASSIGNMENT|[21]|month|3
15:47:06.1 (29889187)|VARIABLE_SCOPE_BEGIN|[21]|year|Integer|false|false
15:47:06.1 (29892474)|VARIABLE_ASSIGNMENT|[21]|year|2016
15:47:06.1 (29895418)|STATEMENT_EXECUTE|[22]
15:47:06.1 (29896692)|STATEMENT_EXECUTE|[25]
15:47:06.1 (29900817)|HEAP_ALLOCATE|[25]|Bytes:4
15:47:06.1 (29907927)|HEAP_ALLOCATE|[25]|Bytes:4
15:47:06.1 (30137308)|SOQL_EXECUTE_BEGIN|[25]|Aggregations:0|SELECT id, Contact_Start_Date__c FROM Account WHERE (CALENDAR_MONTH(Contact_Start_Date__c) = :tmpVar1 AND CALENDAR_YEAR(Contact_Start_Date__c) = :tmpVar2)
15:47:06.1 (34519150)|SOQL_EXECUTE_END|[25]|Rows:0
15:47:06.1 (34533212)|HEAP_ALLOCATE|[25]|Bytes:4
15:47:06.1 (34542171)|HEAP_ALLOCATE|[25]|Bytes:0
15:47:06.1 (34556555)|HEAP_ALLOCATE|[25]|Bytes:4
15:47:06.1 (34578067)|VARIABLE_ASSIGNMENT|[EXTERNAL]|value|{"s":1,"v":[]}|0x5abf5783
15:47:06.1 (34592684)|VARIABLE_ASSIGNMENT|[1]|contact_a|{"s":1,"v":[]}|0x5abf5783
15:47:06.1 (34597668)|STATEMENT_EXECUTE|[31]
15:47:06.1 (34614072)|HEAP_ALLOCATE|[11]|Bytes:4
15:47:06.1 (34620007)|SYSTEM_MODE_EXIT|false
15:47:06.1 (34629238)|HEAP_ALLOCATE|[11]|Bytes:4
15:47:06.1 (34632317)|HEAP_ALLOCATE|[EXTERNAL]|Bytes:4
15:47:06.1 (34637639)|HEAP_ALLOCATE|[9]|Bytes:4
15:47:06.1 (34643245)|VARIABLE_ASSIGNMENT|[9]|idx|4
15:47:06.1 (34647028)|STATEMENT_EXECUTE|[10]
15:47:06.1 (34648341)|STATEMENT_EXECUTE|[11]
15:47:06.1 (34667325)|SYSTEM_MODE_ENTER|false
15:47:06.1 (34683667)|HEAP_ALLOCATE|[11]|Bytes:5
15:47:06.1 (34690258)|VARIABLE_SCOPE_BEGIN|[21]|month|Integer|false|false
15:47:06.1 (34695576)|VARIABLE_ASSIGNMENT|[21]|month|4
15:47:06.1 (34697699)|VARIABLE_SCOPE_BEGIN|[21]|year|Integer|false|false
15:47:06.1 (34700513)|VARIABLE_ASSIGNMENT|[21]|year|2016
15:47:06.1 (34703688)|STATEMENT_EXECUTE|[22]
15:47:06.1 (34705000)|STATEMENT_EXECUTE|[25]
15:47:06.1 (34709066)|HEAP_ALLOCATE|[25]|Bytes:4
15:47:06.1 (34716018)|HEAP_ALLOCATE|[25]|Bytes:4
15:47:06.1 (34947095)|SOQL_EXECUTE_BEGIN|[25]|Aggregations:0|SELECT id, Contact_Start_Date__c FROM Account WHERE (CALENDAR_MONTH(Contact_Start_Date__c) = :tmpVar1 AND CALENDAR_YEAR(Contact_Start_Date__c) = :tmpVar2)
15:47:06.1 (39545506)|SOQL_EXECUTE_END|[25]|Rows:0
15:47:06.1 (39559187)|HEAP_ALLOCATE|[25]|Bytes:4
15:47:06.1 (39568260)|HEAP_ALLOCATE|[25]|Bytes:0
15:47:06.1 (39582773)|HEAP_ALLOCATE|[25]|Bytes:4
15:47:06.1 (39604154)|VARIABLE_ASSIGNMENT|[EXTERNAL]|value|{"s":1,"v":[]}|0x1e5f6ffb
15:47:06.1 (39618598)|VARIABLE_ASSIGNMENT|[1]|contact_a|{"s":1,"v":[]}|0x1e5f6ffb
15:47:06.1 (39623376)|STATEMENT_EXECUTE|[31]
15:47:06.1 (39639986)|HEAP_ALLOCATE|[11]|Bytes:4
15:47:06.1 (39649015)|SYSTEM_MODE_EXIT|false
15:47:06.1 (39658887)|HEAP_ALLOCATE|[11]|Bytes:4
15:47:06.1 (39667758)|HEAP_ALLOCATE|[EXTERNAL]|Bytes:4
15:47:06.1 (39673761)|HEAP_ALLOCATE|[9]|Bytes:4
15:47:06.1 (39679727)|VARIABLE_ASSIGNMENT|[9]|idx|5
15:47:06.1 (39683811)|STATEMENT_EXECUTE|[10]
15:47:06.1 (39685208)|STATEMENT_EXECUTE|[11]
15:47:06.1 (39700006)|SYSTEM_MODE_ENTER|false
15:47:06.1 (39715982)|HEAP_ALLOCATE|[11]|Bytes:5
15:47:06.1 (39722413)|VARIABLE_SCOPE_BEGIN|[21]|month|Integer|false|false
15:47:06.1 (39727625)|VARIABLE_ASSIGNMENT|[21]|month|5
15:47:06.1 (39729741)|VARIABLE_SCOPE_BEGIN|[21]|year|Integer|false|false
15:47:06.1 (39732506)|VARIABLE_ASSIGNMENT|[21]|year|2016
15:47:06.1 (39735560)|STATEMENT_EXECUTE|[22]
15:47:06.1 (39736879)|STATEMENT_EXECUTE|[25]
15:47:06.1 (39740942)|HEAP_ALLOCATE|[25]|Bytes:4
15:47:06.1 (39748115)|HEAP_ALLOCATE|[25]|Bytes:4
15:47:06.1 (39978718)|SOQL_EXECUTE_BEGIN|[25]|Aggregations:0|SELECT id, Contact_Start_Date__c FROM Account WHERE (CALENDAR_MONTH(Contact_Start_Date__c) = :tmpVar1 AND CALENDAR_YEAR(Contact_Start_Date__c) = :tmpVar2)
15:47:06.1 (44005541)|SOQL_EXECUTE_END|[25]|Rows:0
15:47:06.1 (44019467)|HEAP_ALLOCATE|[25]|Bytes:4
15:47:06.1 (44028540)|HEAP_ALLOCATE|[25]|Bytes:0
15:47:06.1 (44043283)|HEAP_ALLOCATE|[25]|Bytes:4
15:47:06.1 (44065119)|VARIABLE_ASSIGNMENT|[EXTERNAL]|value|{"s":1,"v":[]}|0x12b20904
15:47:06.1 (44080290)|VARIABLE_ASSIGNMENT|[1]|contact_a|{"s":1,"v":[]}|0x12b20904
15:47:06.1 (44085217)|STATEMENT_EXECUTE|[31]
15:47:06.1 (44101905)|HEAP_ALLOCATE|[11]|Bytes:4
15:47:06.1 (44108009)|SYSTEM_MODE_EXIT|false
15:47:06.1 (44117403)|HEAP_ALLOCATE|[11]|Bytes:4
15:47:06.1 (44120516)|HEAP_ALLOCATE|[EXTERNAL]|Bytes:4
15:47:06.1 (44125831)|HEAP_ALLOCATE|[9]|Bytes:4
15:47:06.1 (44131566)|VARIABLE_ASSIGNMENT|[9]|idx|6
15:47:06.1 (44135490)|STATEMENT_EXECUTE|[10]
15:47:06.1 (44136869)|STATEMENT_EXECUTE|[11]
15:47:06.1 (44154593)|SYSTEM_MODE_ENTER|false
15:47:06.1 (44170972)|HEAP_ALLOCATE|[11]|Bytes:5
15:47:06.1 (44177272)|VARIABLE_SCOPE_BEGIN|[21]|month|Integer|false|false
15:47:06.1 (44182575)|VARIABLE_ASSIGNMENT|[21]|month|6
15:47:06.1 (44184626)|VARIABLE_SCOPE_BEGIN|[21]|year|Integer|false|false
15:47:06.1 (44187371)|VARIABLE_ASSIGNMENT|[21]|year|2016
15:47:06.1 (44190433)|STATEMENT_EXECUTE|[22]
15:47:06.1 (44191699)|STATEMENT_EXECUTE|[25]
15:47:06.1 (44195763)|HEAP_ALLOCATE|[25]|Bytes:4
15:47:06.1 (44203381)|HEAP_ALLOCATE|[25]|Bytes:4
15:47:06.1 (44434171)|SOQL_EXECUTE_BEGIN|[25]|Aggregations:0|SELECT id, Contact_Start_Date__c FROM Account WHERE (CALENDAR_MONTH(Contact_Start_Date__c) = :tmpVar1 AND CALENDAR_YEAR(Contact_Start_Date__c) = :tmpVar2)
15:47:06.1 (48755032)|SOQL_EXECUTE_END|[25]|Rows:0
15:47:06.1 (48768804)|HEAP_ALLOCATE|[25]|Bytes:4
15:47:06.1 (48777783)|HEAP_ALLOCATE|[25]|Bytes:0
15:47:06.1 (48792343)|HEAP_ALLOCATE|[25]|Bytes:4
15:47:06.1 (48813715)|VARIABLE_ASSIGNMENT|[EXTERNAL]|value|{"s":1,"v":[]}|0x1b8df445
15:47:06.1 (48828084)|VARIABLE_ASSIGNMENT|[1]|contact_a|{"s":1,"v":[]}|0x1b8df445
15:47:06.1 (48832797)|STATEMENT_EXECUTE|[31]
15:47:06.1 (48849014)|HEAP_ALLOCATE|[11]|Bytes:4
15:47:06.1 (48854876)|SYSTEM_MODE_EXIT|false
15:47:06.1 (48864212)|HEAP_ALLOCATE|[11]|Bytes:4
15:47:06.1 (48867259)|HEAP_ALLOCATE|[EXTERNAL]|Bytes:4
15:47:06.1 (48872736)|HEAP_ALLOCATE|[9]|Bytes:4
15:47:06.1 (48878288)|VARIABLE_ASSIGNMENT|[9]|idx|7
15:47:06.1 (48882168)|STATEMENT_EXECUTE|[10]
15:47:06.1 (48883458)|STATEMENT_EXECUTE|[11]
15:47:06.1 (48897630)|SYSTEM_MODE_ENTER|false
15:47:06.1 (48913525)|HEAP_ALLOCATE|[11]|Bytes:5
15:47:06.1 (48919928)|VARIABLE_SCOPE_BEGIN|[21]|month|Integer|false|false
15:47:06.1 (48925135)|VARIABLE_ASSIGNMENT|[21]|month|7
15:47:06.1 (48927562)|VARIABLE_SCOPE_BEGIN|[21]|year|Integer|false|false
15:47:06.1 (48930424)|VARIABLE_ASSIGNMENT|[21]|year|2016
15:47:06.1 (48933410)|STATEMENT_EXECUTE|[22]
15:47:06.1 (48934741)|STATEMENT_EXECUTE|[25]
15:47:06.1 (48938847)|HEAP_ALLOCATE|[25]|Bytes:4
15:47:06.1 (48945945)|HEAP_ALLOCATE|[25]|Bytes:4
15:47:06.1 (49173784)|SOQL_EXECUTE_BEGIN|[25]|Aggregations:0|SELECT id, Contact_Start_Date__c FROM Account WHERE (CALENDAR_MONTH(Contact_Start_Date__c) = :tmpVar1 AND CALENDAR_YEAR(Contact_Start_Date__c) = :tmpVar2)
15:47:06.1 (53171934)|SOQL_EXECUTE_END|[25]|Rows:0
15:47:06.1 (53185582)|HEAP_ALLOCATE|[25]|Bytes:4
15:47:06.1 (53194492)|HEAP_ALLOCATE|[25]|Bytes:0
15:47:06.1 (53208954)|HEAP_ALLOCATE|[25]|Bytes:4
15:47:06.1 (53230024)|VARIABLE_ASSIGNMENT|[EXTERNAL]|value|{"s":1,"v":[]}|0x1a2a1097
15:47:06.1 (53244564)|VARIABLE_ASSIGNMENT|[1]|contact_a|{"s":1,"v":[]}|0x1a2a1097
15:47:06.1 (53249327)|STATEMENT_EXECUTE|[31]
15:47:06.1 (53266281)|HEAP_ALLOCATE|[11]|Bytes:4
15:47:06.1 (53272411)|SYSTEM_MODE_EXIT|false
15:47:06.1 (53282075)|HEAP_ALLOCATE|[11]|Bytes:4
15:47:06.1 (53285313)|HEAP_ALLOCATE|[EXTERNAL]|Bytes:4
15:47:06.1 (53290727)|HEAP_ALLOCATE|[9]|Bytes:4
15:47:06.1 (53296403)|VARIABLE_ASSIGNMENT|[9]|idx|8
15:47:06.1 (53300322)|STATEMENT_EXECUTE|[10]
15:47:06.1 (53301989)|STATEMENT_EXECUTE|[11]
15:47:06.1 (53316561)|SYSTEM_MODE_ENTER|false
15:47:06.1 (53332400)|HEAP_ALLOCATE|[11]|Bytes:5
15:47:06.1 (53338682)|VARIABLE_SCOPE_BEGIN|[21]|month|Integer|false|false
15:47:06.1 (53344067)|VARIABLE_ASSIGNMENT|[21]|month|8
15:47:06.1 (53346202)|VARIABLE_SCOPE_BEGIN|[21]|year|Integer|false|false
15:47:06.1 (53348950)|VARIABLE_ASSIGNMENT|[21]|year|2016
15:47:06.1 (53352007)|STATEMENT_EXECUTE|[22]
15:47:06.1 (53353336)|STATEMENT_EXECUTE|[25]
15:47:06.1 (53357415)|HEAP_ALLOCATE|[25]|Bytes:4
15:47:06.1 (53364622)|HEAP_ALLOCATE|[25]|Bytes:4
15:47:06.1 (53592520)|SOQL_EXECUTE_BEGIN|[25]|Aggregations:0|SELECT id, Contact_Start_Date__c FROM Account WHERE (CALENDAR_MONTH(Contact_Start_Date__c) = :tmpVar1 AND CALENDAR_YEAR(Contact_Start_Date__c) = :tmpVar2)
15:47:06.1 (58835365)|SOQL_EXECUTE_END|[25]|Rows:0
15:47:06.1 (58849028)|HEAP_ALLOCATE|[25]|Bytes:4
15:47:06.1 (58858258)|HEAP_ALLOCATE|[25]|Bytes:0
15:47:06.1 (58872684)|HEAP_ALLOCATE|[25]|Bytes:4
15:47:06.1 (58893972)|VARIABLE_ASSIGNMENT|[EXTERNAL]|value|{"s":1,"v":[]}|0x7aace49
15:47:06.1 (58908643)|VARIABLE_ASSIGNMENT|[1]|contact_a|{"s":1,"v":[]}|0x7aace49
15:47:06.1 (58913633)|STATEMENT_EXECUTE|[31]
15:47:06.1 (58930518)|HEAP_ALLOCATE|[11]|Bytes:4
15:47:06.1 (58936671)|SYSTEM_MODE_EXIT|false
15:47:06.1 (58946600)|HEAP_ALLOCATE|[11]|Bytes:4
15:47:06.1 (58949844)|HEAP_ALLOCATE|[EXTERNAL]|Bytes:4
15:47:06.1 (58955170)|HEAP_ALLOCATE|[9]|Bytes:4
15:47:06.1 (58960831)|VARIABLE_ASSIGNMENT|[9]|idx|9
15:47:06.1 (58964717)|STATEMENT_EXECUTE|[10]
15:47:06.1 (58966107)|STATEMENT_EXECUTE|[11]
15:47:06.1 (58980131)|SYSTEM_MODE_ENTER|false
15:47:06.1 (58995851)|HEAP_ALLOCATE|[11]|Bytes:5
15:47:06.1 (59002289)|VARIABLE_SCOPE_BEGIN|[21]|month|Integer|false|false
15:47:06.1 (59008311)|VARIABLE_ASSIGNMENT|[21]|month|9
15:47:06.1 (59010476)|VARIABLE_SCOPE_BEGIN|[21]|year|Integer|false|false
15:47:06.1 (59013254)|VARIABLE_ASSIGNMENT|[21]|year|2016
15:47:06.1 (59016296)|STATEMENT_EXECUTE|[22]
15:47:06.1 (59017550)|STATEMENT_EXECUTE|[25]
15:47:06.1 (59021569)|HEAP_ALLOCATE|[25]|Bytes:4
15:47:06.1 (59028785)|HEAP_ALLOCATE|[25]|Bytes:4
15:47:06.1 (59256874)|SOQL_EXECUTE_BEGIN|[25]|Aggregations:0|SELECT id, Contact_Start_Date__c FROM Account WHERE (CALENDAR_MONTH(Contact_Start_Date__c) = :tmpVar1 AND CALENDAR_YEAR(Contact_Start_Date__c) = :tmpVar2)
15:47:06.1 (65895979)|SOQL_EXECUTE_END|[25]|Rows:0
15:47:06.1 (65909921)|HEAP_ALLOCATE|[25]|Bytes:4
15:47:06.1 (65918764)|HEAP_ALLOCATE|[25]|Bytes:0
15:47:06.1 (65933573)|HEAP_ALLOCATE|[25]|Bytes:4
15:47:06.1 (65954880)|VARIABLE_ASSIGNMENT|[EXTERNAL]|value|{"s":1,"v":[]}|0x1e1deb4
15:47:06.1 (65969556)|VARIABLE_ASSIGNMENT|[1]|contact_a|{"s":1,"v":[]}|0x1e1deb4
15:47:06.1 (65974254)|STATEMENT_EXECUTE|[31]
15:47:06.1 (65991036)|HEAP_ALLOCATE|[11]|Bytes:4
15:47:06.1 (65997311)|SYSTEM_MODE_EXIT|false
15:47:06.1 (66006611)|HEAP_ALLOCATE|[11]|Bytes:4
15:47:06.1 (66013605)|HEAP_ALLOCATE|[EXTERNAL]|Bytes:4
15:47:06.1 (66019580)|HEAP_ALLOCATE|[9]|Bytes:4
15:47:06.1 (66025462)|VARIABLE_ASSIGNMENT|[9]|idx|10
15:47:06.1 (66029454)|STATEMENT_EXECUTE|[10]
15:47:06.1 (66030762)|STATEMENT_EXECUTE|[11]
15:47:06.1 (66045287)|SYSTEM_MODE_ENTER|false
15:47:06.1 (66061204)|HEAP_ALLOCATE|[11]|Bytes:5
15:47:06.1 (66067708)|VARIABLE_SCOPE_BEGIN|[21]|month|Integer|false|false
15:47:06.1 (66072940)|VARIABLE_ASSIGNMENT|[21]|month|10
15:47:06.1 (66075054)|VARIABLE_SCOPE_BEGIN|[21]|year|Integer|false|false
15:47:06.1 (66077834)|VARIABLE_ASSIGNMENT|[21]|year|2016
15:47:06.1 (66080832)|STATEMENT_EXECUTE|[22]
15:47:06.1 (66082084)|STATEMENT_EXECUTE|[25]
15:47:06.1 (66086322)|HEAP_ALLOCATE|[25]|Bytes:4
15:47:06.1 (66093356)|HEAP_ALLOCATE|[25]|Bytes:4
15:47:06.1 (66324173)|SOQL_EXECUTE_BEGIN|[25]|Aggregations:0|SELECT id, Contact_Start_Date__c FROM Account WHERE (CALENDAR_MONTH(Contact_Start_Date__c) = :tmpVar1 AND CALENDAR_YEAR(Contact_Start_Date__c) = :tmpVar2)
15:47:06.1 (71576628)|SOQL_EXECUTE_END|[25]|Rows:0
15:47:06.1 (71590625)|HEAP_ALLOCATE|[25]|Bytes:4
15:47:06.1 (71599912)|HEAP_ALLOCATE|[25]|Bytes:0
15:47:06.1 (71614466)|HEAP_ALLOCATE|[25]|Bytes:4
15:47:06.1 (71636711)|VARIABLE_ASSIGNMENT|[EXTERNAL]|value|{"s":1,"v":[]}|0x4636a329
15:47:06.1 (71651770)|VARIABLE_ASSIGNMENT|[1]|contact_a|{"s":1,"v":[]}|0x4636a329
15:47:06.1 (71657076)|STATEMENT_EXECUTE|[31]
15:47:06.1 (71679695)|HEAP_ALLOCATE|[11]|Bytes:4
15:47:06.1 (71686020)|SYSTEM_MODE_EXIT|false
15:47:06.1 (71695430)|HEAP_ALLOCATE|[11]|Bytes:4
15:47:06.1 (71698758)|HEAP_ALLOCATE|[EXTERNAL]|Bytes:4
15:47:06.1 (71704205)|HEAP_ALLOCATE|[9]|Bytes:4
15:47:06.1 (71710217)|VARIABLE_ASSIGNMENT|[9]|idx|11
15:47:06.1 (71714239)|STATEMENT_EXECUTE|[10]
15:47:06.1 (71715549)|STATEMENT_EXECUTE|[11]
15:47:06.1 (71729902)|SYSTEM_MODE_ENTER|false
15:47:06.1 (71746422)|HEAP_ALLOCATE|[11]|Bytes:5
15:47:06.1 (71753232)|VARIABLE_SCOPE_BEGIN|[21]|month|Integer|false|false
15:47:06.1 (71758483)|VARIABLE_ASSIGNMENT|[21]|month|11
15:47:06.1 (71760835)|VARIABLE_SCOPE_BEGIN|[21]|year|Integer|false|false
15:47:06.1 (71763845)|VARIABLE_ASSIGNMENT|[21]|year|2016
15:47:06.1 (71766882)|STATEMENT_EXECUTE|[22]
15:47:06.1 (71768167)|STATEMENT_EXECUTE|[25]
15:47:06.1 (71772184)|HEAP_ALLOCATE|[25]|Bytes:4
15:47:06.1 (71779204)|HEAP_ALLOCATE|[25]|Bytes:4
15:47:06.1 (72009370)|SOQL_EXECUTE_BEGIN|[25]|Aggregations:0|SELECT id, Contact_Start_Date__c FROM Account WHERE (CALENDAR_MONTH(Contact_Start_Date__c) = :tmpVar1 AND CALENDAR_YEAR(Contact_Start_Date__c) = :tmpVar2)
15:47:06.1 (76041737)|SOQL_EXECUTE_END|[25]|Rows:0
15:47:06.1 (76055442)|HEAP_ALLOCATE|[25]|Bytes:4
15:47:06.1 (76064605)|HEAP_ALLOCATE|[25]|Bytes:0
15:47:06.1 (76078967)|HEAP_ALLOCATE|[25]|Bytes:4
15:47:06.1 (76100199)|VARIABLE_ASSIGNMENT|[EXTERNAL]|value|{"s":1,"v":[]}|0x2a9bb4d5
15:47:06.1 (76114945)|VARIABLE_ASSIGNMENT|[1]|contact_a|{"s":1,"v":[]}|0x2a9bb4d5
15:47:06.1 (76119874)|STATEMENT_EXECUTE|[31]
15:47:06.1 (76136425)|HEAP_ALLOCATE|[11]|Bytes:4
15:47:06.1 (76142427)|SYSTEM_MODE_EXIT|false
15:47:06.1 (76151692)|HEAP_ALLOCATE|[11]|Bytes:4
15:47:06.1 (76154849)|HEAP_ALLOCATE|[EXTERNAL]|Bytes:4
15:47:06.1 (76160488)|HEAP_ALLOCATE|[9]|Bytes:4
15:47:06.1 (76166166)|VARIABLE_ASSIGNMENT|[9]|idx|12
15:47:06.1 (76170095)|STATEMENT_EXECUTE|[10]
15:47:06.1 (76171803)|STATEMENT_EXECUTE|[11]
15:47:06.1 (76186272)|SYSTEM_MODE_ENTER|false
15:47:06.1 (76202023)|HEAP_ALLOCATE|[11]|Bytes:5
15:47:06.1 (76208673)|VARIABLE_SCOPE_BEGIN|[21]|month|Integer|false|false
15:47:06.1 (76214050)|VARIABLE_ASSIGNMENT|[21]|month|12
15:47:06.1 (76216123)|VARIABLE_SCOPE_BEGIN|[21]|year|Integer|false|false
15:47:06.1 (76218898)|VARIABLE_ASSIGNMENT|[21]|year|2016
15:47:06.1 (76221886)|STATEMENT_EXECUTE|[22]
15:47:06.1 (76223145)|STATEMENT_EXECUTE|[25]
15:47:06.1 (76227262)|HEAP_ALLOCATE|[25]|Bytes:4
15:47:06.1 (76234545)|HEAP_ALLOCATE|[25]|Bytes:4
15:47:06.1 (76461518)|SOQL_EXECUTE_BEGIN|[25]|Aggregations:0|SELECT id, Contact_Start_Date__c FROM Account WHERE (CALENDAR_MONTH(Contact_Start_Date__c) = :tmpVar1 AND CALENDAR_YEAR(Contact_Start_Date__c) = :tmpVar2)
15:47:06.1 (80834300)|SOQL_EXECUTE_END|[25]|Rows:0
15:47:06.1 (80848312)|HEAP_ALLOCATE|[25]|Bytes:4
15:47:06.1 (80857518)|HEAP_ALLOCATE|[25]|Bytes:0
15:47:06.1 (80871716)|HEAP_ALLOCATE|[25]|Bytes:4
15:47:06.1 (80893139)|VARIABLE_ASSIGNMENT|[EXTERNAL]|value|{"s":1,"v":[]}|0x4746b4f4
15:47:06.1 (80907971)|VARIABLE_ASSIGNMENT|[1]|contact_a|{"s":1,"v":[]}|0x4746b4f4
15:47:06.1 (80912745)|STATEMENT_EXECUTE|[31]
15:47:06.1 (80929236)|HEAP_ALLOCATE|[11]|Bytes:4
15:47:06.1 (80935683)|SYSTEM_MODE_EXIT|false
15:47:06.1 (80945135)|HEAP_ALLOCATE|[11]|Bytes:4
15:47:06.1 (80948257)|HEAP_ALLOCATE|[EXTERNAL]|Bytes:4
15:47:06.1 (80953567)|HEAP_ALLOCATE|[9]|Bytes:4
15:47:06.1 (80959237)|VARIABLE_ASSIGNMENT|[9]|idx|13
15:47:06.1 (80964258)|STATEMENT_EXECUTE|[17]
15:47:06.1 (81043185)|USER_DEBUG|[17]|DEBUG|(0, 0, 0, 0, 0, 0, 0, 0, 0, 0, ...)
15:47:06.1 (81054369)|STATEMENT_EXECUTE|[18]
15:47:06.81 (81105906)|CUMULATIVE_LIMIT_USAGE
15:47:06.81 (81105906)|LIMIT_USAGE_FOR_NS|(default)|
  Number of SOQL queries: 12 out of 100
  Number of query rows: 0 out of 50000
  Number of SOSL queries: 0 out of 20
  Number of DML statements: 0 out of 150
  Number of DML rows: 0 out of 10000
  Maximum CPU time: 0 out of 10000
  Maximum heap size: 0 out of 6000000
  Number of callouts: 0 out of 100
  Number of Email Invocations: 0 out of 10
  Number of future calls: 0 out of 50
  Number of queueable jobs added to the queue: 0 out of 50
  Number of Mobile Apex push calls: 0 out of 10

15:47:06.81 (81105906)|CUMULATIVE_LIMIT_USAGE_END

15:47:06.1 (81153202)|CODE_UNIT_FINISHED|execute_anonymous_apex
15:47:06.1 (82724478)|EXECUTION_FINISHED
