36.0 APEX_CODE,FINEST;APEX_PROFILING,INFO;CALLOUT,INFO;DB,INFO;SYSTEM,DEBUG;VALIDATION,INFO;VISUALFORCE,INFO;WORKFLOW,INFO
19:56:52.0 (60477)|EXECUTION_STARTED
19:56:52.0 (94866)|CODE_UNIT_STARTED|[EXTERNAL]|0664E00000007Nc|VF: /apex/Change_Status_Phase
19:56:52.0 (302084)|VF_DESERIALIZE_VIEWSTATE_BEGIN|0664E00000007Nc
19:56:52.0 (6957326)|HEAP_ALLOCATE|[72]|Bytes:3
19:56:52.0 (7025874)|HEAP_ALLOCATE|[77]|Bytes:152
19:56:52.0 (7049506)|HEAP_ALLOCATE|[342]|Bytes:408
19:56:52.0 (7070529)|HEAP_ALLOCATE|[355]|Bytes:408
19:56:52.0 (7089325)|HEAP_ALLOCATE|[467]|Bytes:48
19:56:52.0 (7131460)|HEAP_ALLOCATE|[139]|Bytes:6
19:56:52.0 (9527170)|VF_DESERIALIZE_VIEWSTATE_END
19:56:52.0 (10971710)|CODE_UNIT_STARTED|[EXTERNAL]|01p4E0000008nN6|AccountControllerExtension get(project)
19:56:52.0 (10987282)|SYSTEM_MODE_ENTER|true
19:56:52.0 (11025665)|CODE_UNIT_STARTED|[EXTERNAL]|01p4E0000008nN6|project
19:56:52.0 (11043992)|HEAP_ALLOCATE|[EXTERNAL]|Bytes:232
19:56:52.0 (11051767)|HEAP_ALLOCATE|[EXTERNAL]|Bytes:35
19:56:52.0 (11068364)|METHOD_ENTRY|[11]|01p4E0000008nN6|AccountControllerExtension.AccountControllerExtension()
19:56:52.0 (11074375)|STATEMENT_EXECUTE|[11]
19:56:52.0 (11083417)|STATEMENT_EXECUTE|[11]
19:56:52.0 (11123497)|HEAP_ALLOCATE|[50]|Bytes:5
19:56:52.0 (11152876)|HEAP_ALLOCATE|[56]|Bytes:5
19:56:52.0 (11162675)|HEAP_ALLOCATE|[64]|Bytes:7
19:56:52.0 (11190913)|SYSTEM_MODE_ENTER|false
19:56:52.0 (11208383)|HEAP_ALLOCATE|[EXTERNAL]|Bytes:5
19:56:52.0 (11217882)|SYSTEM_MODE_EXIT|false
19:56:52.0 (11230085)|METHOD_EXIT|[11]|AccountControllerExtension
19:56:52.0 (11246304)|CODE_UNIT_FINISHED|project
19:56:52.0 (11274767)|CODE_UNIT_FINISHED|AccountControllerExtension get(project)
19:56:52.0 (19020307)|CODE_UNIT_STARTED|[EXTERNAL]|01p4E0000008nN6|AccountControllerExtension get(phase)
19:56:52.0 (19031098)|SYSTEM_MODE_ENTER|true
19:56:52.0 (19044486)|CODE_UNIT_STARTED|[EXTERNAL]|01p4E0000008nN6|phase
19:56:52.0 (19056143)|CODE_UNIT_FINISHED|phase
19:56:52.0 (19071597)|CODE_UNIT_FINISHED|AccountControllerExtension get(phase)
19:56:52.0 (20111232)|CODE_UNIT_STARTED|[EXTERNAL]|01p4E0000008nN6|AccountControllerExtension get(tempDate)
19:56:52.0 (20121254)|SYSTEM_MODE_ENTER|true
19:56:52.0 (20133887)|CODE_UNIT_STARTED|[EXTERNAL]|01p4E0000008nN6|tempDate
19:56:52.0 (20144480)|CODE_UNIT_FINISHED|tempDate
19:56:52.0 (20158387)|CODE_UNIT_FINISHED|AccountControllerExtension get(tempDate)
19:56:52.0 (20681530)|CODE_UNIT_STARTED|[EXTERNAL]|AccountControllerExtension set(tempDate,null)
19:56:52.0 (20690568)|SYSTEM_MODE_ENTER|true
19:56:52.0 (20703163)|CODE_UNIT_STARTED|[EXTERNAL]|AccountControllerExtension set(tempDate,null)
19:56:52.0 (20728807)|HEAP_ALLOCATE|[EXTERNAL]|Bytes:48
19:56:52.0 (20766022)|VARIABLE_ASSIGNMENT|[EXTERNAL]|this.tempDate|null|0x235c0e88
19:56:52.0 (20773539)|CODE_UNIT_FINISHED|AccountControllerExtension set(tempDate,null)
19:56:52.0 (20787706)|CODE_UNIT_FINISHED|AccountControllerExtension set(tempDate,null)
19:56:52.0 (20823440)|CODE_UNIT_STARTED|[EXTERNAL]|01p4E0000008nN6|AccountControllerExtension get(phase)
19:56:52.0 (20831413)|SYSTEM_MODE_ENTER|true
19:56:52.0 (20846430)|CODE_UNIT_STARTED|[EXTERNAL]|01p4E0000008nN6|phase
19:56:52.0 (20857833)|CODE_UNIT_FINISHED|phase
19:56:52.0 (20871599)|CODE_UNIT_FINISHED|AccountControllerExtension get(phase)
19:56:52.0 (21273668)|CODE_UNIT_STARTED|[EXTERNAL]|01p4E0000008nN6|AccountControllerExtension invoke(updatePhase)
19:56:52.0 (21318315)|HEAP_ALLOCATE|[EXTERNAL]|Bytes:48
19:56:52.0 (21329132)|VARIABLE_SCOPE_BEGIN|[57]|this|AccountControllerExtension|true|false
19:56:52.0 (21396365)|VARIABLE_ASSIGNMENT|[57]|this|{"company":"0x70d04401","companyLicenseMarker (1 more) ...":"0x206bd46","ideaMarkers":"0x3f336178","markersList":"0x4d7b3812","phase":"License","project":"0x391d6d11","projectObj":"0x3ff99df0","uniqueMarkers":"0x8a2ebc4","verificationMarkers":"0x2cbe7309"}|0x235c0e88
19:56:52.0 (21418183)|SYSTEM_MODE_ENTER|false
19:56:52.0 (21423873)|HEAP_ALLOCATE|[58]|Bytes:5
19:56:52.0 (21428293)|STATEMENT_EXECUTE|[57]
19:56:52.0 (21430062)|STATEMENT_EXECUTE|[58]
19:56:52.0 (21499839)|VARIABLE_ASSIGNMENT|[EXTERNAL]|this|{"company":"0x70d04401","companyLicenseMarker (1 more) ...":"0x206bd46","ideaMarkers":"0x3f336178","markersList":"0x4d7b3812","phase":"License","project":"0x391d6d11","projectObj":"0x3ff99df0","uniqueMarkers":"0x8a2ebc4","verificationMarkers":"0x2cbe7309"}|0x235c0e88
19:56:52.0 (21582823)|VARIABLE_ASSIGNMENT|[EXTERNAL]|this|{"company":"0x70d04401","companyLicenseMarker (1 more) ...":"0x206bd46","ideaMarkers":"0x3f336178","markersList":"0x4d7b3812","phase":"License","project":"0x391d6d11","projectObj":"0x3ff99df0","uniqueMarkers":"0x8a2ebc4","verificationMarkers":"0x2cbe7309"}|0x235c0e88
19:56:52.0 (21590133)|VARIABLE_ASSIGNMENT|[EXTERNAL]|value|"Commercial"
19:56:52.0 (21599160)|VARIABLE_ASSIGNMENT|[16]|this.phase|"Commercial"|0x235c0e88
19:56:52.0 (21611075)|SYSTEM_MODE_EXIT|false
19:56:52.0 (21654607)|CODE_UNIT_FINISHED|AccountControllerExtension invoke(updatePhase)
19:56:52.0 (21690103)|VF_APEX_CALL|j_id15|{!updatePhase}|PageReference: none
19:56:52.0 (25894078)|CODE_UNIT_STARTED|[EXTERNAL]|01p4E0000008nN6|AccountControllerExtension get(project)
19:56:52.0 (25906395)|SYSTEM_MODE_ENTER|true
19:56:52.0 (25919162)|CODE_UNIT_STARTED|[EXTERNAL]|01p4E0000008nN6|project
19:56:52.0 (25930649)|CODE_UNIT_FINISHED|project
19:56:52.0 (25946405)|CODE_UNIT_FINISHED|AccountControllerExtension get(project)
19:56:52.0 (26710353)|CODE_UNIT_STARTED|[EXTERNAL]|01p4E0000008nN6|AccountControllerExtension get(phase)
19:56:52.0 (26720245)|SYSTEM_MODE_ENTER|true
19:56:52.0 (26732784)|CODE_UNIT_STARTED|[EXTERNAL]|01p4E0000008nN6|phase
19:56:52.0 (26743756)|CODE_UNIT_FINISHED|phase
19:56:52.0 (26757790)|CODE_UNIT_FINISHED|AccountControllerExtension get(phase)
19:56:52.0 (27037907)|CODE_UNIT_STARTED|[EXTERNAL]|01p4E0000008nN6|AccountControllerExtension get(company)
19:56:52.0 (27047508)|SYSTEM_MODE_ENTER|true
19:56:52.0 (27059252)|CODE_UNIT_STARTED|[EXTERNAL]|01p4E0000008nN6|company
19:56:52.0 (27069720)|CODE_UNIT_FINISHED|company
19:56:52.0 (27084065)|CODE_UNIT_FINISHED|AccountControllerExtension get(company)
19:56:52.0 (29828668)|CODE_UNIT_STARTED|[EXTERNAL]|01p4E0000008nN6|AccountControllerExtension get(tempDate)
19:56:52.0 (29841562)|SYSTEM_MODE_ENTER|true
19:56:52.0 (29855663)|CODE_UNIT_STARTED|[EXTERNAL]|01p4E0000008nN6|tempDate
19:56:52.0 (29867144)|CODE_UNIT_FINISHED|tempDate
19:56:52.0 (29882315)|CODE_UNIT_FINISHED|AccountControllerExtension get(tempDate)
19:56:52.0 (33016209)|VF_SERIALIZE_VIEWSTATE_BEGIN|0664E00000007Nc
19:56:52.0 (35329696)|VF_SERIALIZE_VIEWSTATE_END
19:56:52.38 (38898731)|CUMULATIVE_LIMIT_USAGE
19:56:52.38 (38898731)|LIMIT_USAGE_FOR_NS|(default)|
  Number of SOQL queries: 0 out of 100
  Number of query rows: 0 out of 50000
  Number of SOSL queries: 0 out of 20
  Number of DML statements: 0 out of 150
  Number of DML rows: 0 out of 10000
  Maximum CPU time: 0 out of 10000
  Maximum heap size: 0 out of 6000000
  Number of callouts: 0 out of 100
  Number of Email Invocations: 0 out of 10
  Number of future calls: 0 out of 50
  Number of queueable jobs added to the queue: 0 out of 50
  Number of Mobile Apex push calls: 0 out of 10

19:56:52.38 (38898731)|CUMULATIVE_LIMIT_USAGE_END

19:56:52.0 (38941613)|CODE_UNIT_FINISHED|VF: /apex/Change_Status_Phase
19:56:52.0 (39793386)|EXECUTION_FINISHED
