36.0 APEX_CODE,FINEST;APEX_PROFILING,INFO;CALLOUT,INFO;DB,INFO;SYSTEM,DEBUG;VALIDATION,INFO;VISUALFORCE,INFO;WORKFLOW,INFO
19:56:54.0 (63876)|EXECUTION_STARTED
19:56:54.0 (99914)|CODE_UNIT_STARTED|[EXTERNAL]|0664E00000007Nc|VF: /apex/Change_Status_Phase
19:56:54.0 (326533)|VF_DESERIALIZE_VIEWSTATE_BEGIN|0664E00000007Nc
19:56:54.0 (8969241)|HEAP_ALLOCATE|[72]|Bytes:3
19:56:54.0 (9035540)|HEAP_ALLOCATE|[77]|Bytes:152
19:56:54.0 (9058357)|HEAP_ALLOCATE|[342]|Bytes:408
19:56:54.0 (9079501)|HEAP_ALLOCATE|[355]|Bytes:408
19:56:54.0 (9098327)|HEAP_ALLOCATE|[467]|Bytes:48
19:56:54.0 (9140770)|HEAP_ALLOCATE|[139]|Bytes:6
19:56:54.0 (11636013)|VF_DESERIALIZE_VIEWSTATE_END
19:56:54.0 (13177831)|CODE_UNIT_STARTED|[EXTERNAL]|01p4E0000008nN6|AccountControllerExtension get(project)
19:56:54.0 (13203281)|SYSTEM_MODE_ENTER|true
19:56:54.0 (13239276)|CODE_UNIT_STARTED|[EXTERNAL]|01p4E0000008nN6|project
19:56:54.0 (13261994)|HEAP_ALLOCATE|[EXTERNAL]|Bytes:232
19:56:54.0 (13269209)|HEAP_ALLOCATE|[EXTERNAL]|Bytes:35
19:56:54.0 (13284590)|METHOD_ENTRY|[11]|01p4E0000008nN6|AccountControllerExtension.AccountControllerExtension()
19:56:54.0 (13290886)|STATEMENT_EXECUTE|[11]
19:56:54.0 (13300575)|STATEMENT_EXECUTE|[11]
19:56:54.0 (13353289)|HEAP_ALLOCATE|[50]|Bytes:5
19:56:54.0 (13382749)|HEAP_ALLOCATE|[56]|Bytes:5
19:56:54.0 (13392574)|HEAP_ALLOCATE|[64]|Bytes:7
19:56:54.0 (13422309)|SYSTEM_MODE_ENTER|false
19:56:54.0 (13441037)|HEAP_ALLOCATE|[EXTERNAL]|Bytes:5
19:56:54.0 (13450606)|SYSTEM_MODE_EXIT|false
19:56:54.0 (13463096)|METHOD_EXIT|[11]|AccountControllerExtension
19:56:54.0 (13479202)|CODE_UNIT_FINISHED|project
19:56:54.0 (13502468)|CODE_UNIT_FINISHED|AccountControllerExtension get(project)
19:56:54.0 (19018568)|CODE_UNIT_STARTED|[EXTERNAL]|01p4E0000008nN6|AccountControllerExtension get(phase)
19:56:54.0 (19029850)|SYSTEM_MODE_ENTER|true
19:56:54.0 (19043596)|CODE_UNIT_STARTED|[EXTERNAL]|01p4E0000008nN6|phase
19:56:54.0 (19054654)|CODE_UNIT_FINISHED|phase
19:56:54.0 (19068953)|CODE_UNIT_FINISHED|AccountControllerExtension get(phase)
19:56:54.0 (19438093)|CODE_UNIT_STARTED|[EXTERNAL]|01p4E0000008nN6|AccountControllerExtension get(company)
19:56:54.0 (19447673)|SYSTEM_MODE_ENTER|true
19:56:54.0 (19460885)|CODE_UNIT_STARTED|[EXTERNAL]|01p4E0000008nN6|company
19:56:54.0 (19471074)|CODE_UNIT_FINISHED|company
19:56:54.0 (19484498)|CODE_UNIT_FINISHED|AccountControllerExtension get(company)
19:56:54.0 (22043378)|CODE_UNIT_STARTED|[EXTERNAL]|01p4E0000008nN6|AccountControllerExtension get(tempDate)
19:56:54.0 (22054266)|SYSTEM_MODE_ENTER|true
19:56:54.0 (22066855)|CODE_UNIT_STARTED|[EXTERNAL]|01p4E0000008nN6|tempDate
19:56:54.0 (22077060)|CODE_UNIT_FINISHED|tempDate
19:56:54.0 (22090574)|CODE_UNIT_FINISHED|AccountControllerExtension get(tempDate)
19:56:54.0 (22998682)|CODE_UNIT_STARTED|[EXTERNAL]|AccountControllerExtension set(tempDate,null)
19:56:54.0 (23008470)|SYSTEM_MODE_ENTER|true
19:56:54.0 (23023932)|CODE_UNIT_STARTED|[EXTERNAL]|AccountControllerExtension set(tempDate,null)
19:56:54.0 (23085842)|HEAP_ALLOCATE|[EXTERNAL]|Bytes:48
19:56:54.0 (23120964)|VARIABLE_ASSIGNMENT|[EXTERNAL]|this.tempDate|null|0x337bfdfa
19:56:54.0 (23129293)|CODE_UNIT_FINISHED|AccountControllerExtension set(tempDate,null)
19:56:54.0 (23143640)|CODE_UNIT_FINISHED|AccountControllerExtension set(tempDate,null)
19:56:54.0 (23180932)|CODE_UNIT_STARTED|[EXTERNAL]|01p4E0000008nN6|AccountControllerExtension get(phase)
19:56:54.0 (23190122)|SYSTEM_MODE_ENTER|true
19:56:54.0 (23202968)|CODE_UNIT_STARTED|[EXTERNAL]|01p4E0000008nN6|phase
19:56:54.0 (23213085)|CODE_UNIT_FINISHED|phase
19:56:54.0 (23226023)|CODE_UNIT_FINISHED|AccountControllerExtension get(phase)
19:56:54.0 (23273549)|CODE_UNIT_STARTED|[EXTERNAL]|01p4E0000008nN6|AccountControllerExtension get(company)
19:56:54.0 (23282259)|SYSTEM_MODE_ENTER|true
19:56:54.0 (23293981)|CODE_UNIT_STARTED|[EXTERNAL]|01p4E0000008nN6|company
19:56:54.0 (23303529)|CODE_UNIT_FINISHED|company
19:56:54.0 (23316111)|CODE_UNIT_FINISHED|AccountControllerExtension get(company)
19:56:54.0 (23957961)|CODE_UNIT_STARTED|[EXTERNAL]|01p4E0000008nN6|AccountControllerExtension invoke(updatePhase)
19:56:54.0 (24016325)|HEAP_ALLOCATE|[EXTERNAL]|Bytes:48
19:56:54.0 (24032017)|VARIABLE_SCOPE_BEGIN|[57]|this|AccountControllerExtension|true|false
19:56:54.0 (24119769)|VARIABLE_ASSIGNMENT|[57]|this|{"company":"0x64605bd2","companyLicenseMarker (1 more) ...":"0x65c91da0","ideaMarkers":"0x75d3d5ad","markersList":"0x7fe4ad8d","phase":"Commercial","project":"0x756cd9a6","projectObj":"0x19bcd768","uniqueMarkers":"0x34b5fde2","verificationMarkers":"0x5f202864"}|0x337bfdfa
19:56:54.0 (24140391)|SYSTEM_MODE_ENTER|false
19:56:54.0 (24146025)|HEAP_ALLOCATE|[58]|Bytes:5
19:56:54.0 (24150134)|STATEMENT_EXECUTE|[57]
19:56:54.0 (24151727)|STATEMENT_EXECUTE|[58]
19:56:54.0 (24227041)|VARIABLE_ASSIGNMENT|[EXTERNAL]|this|{"company":"0x64605bd2","companyLicenseMarker (1 more) ...":"0x65c91da0","ideaMarkers":"0x75d3d5ad","markersList":"0x7fe4ad8d","phase":"Commercial","project":"0x756cd9a6","projectObj":"0x19bcd768","uniqueMarkers":"0x34b5fde2","verificationMarkers":"0x5f202864"}|0x337bfdfa
19:56:54.0 (24338250)|VARIABLE_ASSIGNMENT|[EXTERNAL]|this|{"company":"0x64605bd2","companyLicenseMarker (1 more) ...":"0x65c91da0","ideaMarkers":"0x75d3d5ad","markersList":"0x7fe4ad8d","phase":"Commercial","project":"0x756cd9a6","projectObj":"0x19bcd768","uniqueMarkers":"0x34b5fde2","verificationMarkers":"0x5f202864"}|0x337bfdfa
19:56:54.0 (24348766)|VARIABLE_ASSIGNMENT|[EXTERNAL]|value|"Contact"
19:56:54.0 (24358446)|VARIABLE_ASSIGNMENT|[16]|this.phase|"Contact"|0x337bfdfa
19:56:54.0 (24370983)|SYSTEM_MODE_EXIT|false
19:56:54.0 (24412212)|CODE_UNIT_FINISHED|AccountControllerExtension invoke(updatePhase)
19:56:54.0 (24446169)|VF_APEX_CALL|j_id15|{!updatePhase}|PageReference: none
19:56:54.0 (28573625)|CODE_UNIT_STARTED|[EXTERNAL]|01p4E0000008nN6|AccountControllerExtension get(project)
19:56:54.0 (28586446)|SYSTEM_MODE_ENTER|true
19:56:54.0 (28600389)|CODE_UNIT_STARTED|[EXTERNAL]|01p4E0000008nN6|project
19:56:54.0 (28611551)|CODE_UNIT_FINISHED|project
19:56:54.0 (28626558)|CODE_UNIT_FINISHED|AccountControllerExtension get(project)
19:56:54.0 (29386939)|CODE_UNIT_STARTED|[EXTERNAL]|01p4E0000008nN6|AccountControllerExtension get(phase)
19:56:54.0 (29398011)|SYSTEM_MODE_ENTER|true
19:56:54.0 (29411556)|CODE_UNIT_STARTED|[EXTERNAL]|01p4E0000008nN6|phase
19:56:54.0 (29422091)|CODE_UNIT_FINISHED|phase
19:56:54.0 (29435690)|CODE_UNIT_FINISHED|AccountControllerExtension get(phase)
19:56:54.0 (30930631)|VF_SERIALIZE_VIEWSTATE_BEGIN|0664E00000007Nc
19:56:54.0 (33148106)|VF_SERIALIZE_VIEWSTATE_END
19:56:54.35 (35796365)|CUMULATIVE_LIMIT_USAGE
19:56:54.35 (35796365)|LIMIT_USAGE_FOR_NS|(default)|
  Number of SOQL queries: 0 out of 100
  Number of query rows: 0 out of 50000
  Number of SOSL queries: 0 out of 20
  Number of DML statements: 0 out of 150
  Number of DML rows: 0 out of 10000
  Maximum CPU time: 0 out of 10000
  Maximum heap size: 0 out of 6000000
  Number of callouts: 0 out of 100
  Number of Email Invocations: 0 out of 10
  Number of future calls: 0 out of 50
  Number of queueable jobs added to the queue: 0 out of 50
  Number of Mobile Apex push calls: 0 out of 10

19:56:54.35 (35796365)|CUMULATIVE_LIMIT_USAGE_END

19:56:54.0 (35848521)|CODE_UNIT_FINISHED|VF: /apex/Change_Status_Phase
19:56:54.0 (36661020)|EXECUTION_FINISHED
