36.0 APEX_CODE,FINEST;APEX_PROFILING,INFO;CALLOUT,INFO;DB,INFO;SYSTEM,DEBUG;VALIDATION,INFO;VISUALFORCE,INFO;WORKFLOW,INFO
19:55:05.0 (304569)|EXECUTION_STARTED
19:55:05.0 (334300)|CODE_UNIT_STARTED|[EXTERNAL]|0664E00000007Nc|VF: /apex/Change_Status_Phase
19:55:05.0 (553800)|VF_DESERIALIZE_VIEWSTATE_BEGIN|0664E00000007Nc
19:55:05.0 (9928793)|HEAP_ALLOCATE|[72]|Bytes:3
19:55:05.0 (9993495)|HEAP_ALLOCATE|[77]|Bytes:152
19:55:05.0 (10014399)|HEAP_ALLOCATE|[342]|Bytes:408
19:55:05.0 (10035399)|HEAP_ALLOCATE|[355]|Bytes:408
19:55:05.0 (10054768)|HEAP_ALLOCATE|[467]|Bytes:48
19:55:05.0 (10101823)|HEAP_ALLOCATE|[139]|Bytes:6
19:55:05.0 (12264264)|VF_DESERIALIZE_VIEWSTATE_END
19:55:05.0 (13813052)|CODE_UNIT_STARTED|[EXTERNAL]|01p4E0000008nN6|AccountControllerExtension get(project)
19:55:05.0 (13829421)|SYSTEM_MODE_ENTER|true
19:55:05.0 (13870245)|CODE_UNIT_STARTED|[EXTERNAL]|01p4E0000008nN6|project
19:55:05.0 (13888515)|HEAP_ALLOCATE|[EXTERNAL]|Bytes:232
19:55:05.0 (13895753)|HEAP_ALLOCATE|[EXTERNAL]|Bytes:35
19:55:05.0 (13933834)|METHOD_ENTRY|[11]|01p4E0000008nN6|AccountControllerExtension.AccountControllerExtension()
19:55:05.0 (13940522)|STATEMENT_EXECUTE|[11]
19:55:05.0 (13950014)|STATEMENT_EXECUTE|[11]
19:55:05.0 (14000268)|HEAP_ALLOCATE|[50]|Bytes:5
19:55:05.0 (14032148)|HEAP_ALLOCATE|[56]|Bytes:5
19:55:05.0 (14042455)|HEAP_ALLOCATE|[64]|Bytes:7
19:55:05.0 (14071395)|SYSTEM_MODE_ENTER|false
19:55:05.0 (14089058)|HEAP_ALLOCATE|[EXTERNAL]|Bytes:5
19:55:05.0 (14102661)|SYSTEM_MODE_EXIT|false
19:55:05.0 (14115131)|METHOD_EXIT|[11]|AccountControllerExtension
19:55:05.0 (14130178)|CODE_UNIT_FINISHED|project
19:55:05.0 (14153492)|CODE_UNIT_FINISHED|AccountControllerExtension get(project)
19:55:05.0 (20244389)|CODE_UNIT_STARTED|[EXTERNAL]|01p4E0000008nN6|AccountControllerExtension get(phase)
19:55:05.0 (20255716)|SYSTEM_MODE_ENTER|true
19:55:05.0 (20269449)|CODE_UNIT_STARTED|[EXTERNAL]|01p4E0000008nN6|phase
19:55:05.0 (20280613)|CODE_UNIT_FINISHED|phase
19:55:05.0 (20294978)|CODE_UNIT_FINISHED|AccountControllerExtension get(phase)
19:55:05.0 (27804589)|CODE_UNIT_STARTED|[EXTERNAL]|01p4E0000008nN6|AccountControllerExtension get(project)
19:55:05.0 (27818174)|SYSTEM_MODE_ENTER|true
19:55:05.0 (27832987)|CODE_UNIT_STARTED|[EXTERNAL]|01p4E0000008nN6|project
19:55:05.0 (27844741)|CODE_UNIT_FINISHED|project
19:55:05.0 (27860122)|CODE_UNIT_FINISHED|AccountControllerExtension get(project)
19:55:05.0 (28640663)|CODE_UNIT_STARTED|[EXTERNAL]|01p4E0000008nN6|AccountControllerExtension get(phase)
19:55:05.0 (28651790)|SYSTEM_MODE_ENTER|true
19:55:05.0 (28665245)|CODE_UNIT_STARTED|[EXTERNAL]|01p4E0000008nN6|phase
19:55:05.0 (28675722)|CODE_UNIT_FINISHED|phase
19:55:05.0 (28689492)|CODE_UNIT_FINISHED|AccountControllerExtension get(phase)
19:55:05.0 (31102737)|VF_SERIALIZE_VIEWSTATE_BEGIN|0664E00000007Nc
19:55:05.0 (33032160)|VF_SERIALIZE_VIEWSTATE_END
19:55:05.35 (35509874)|CUMULATIVE_LIMIT_USAGE
19:55:05.35 (35509874)|LIMIT_USAGE_FOR_NS|(default)|
  Number of SOQL queries: 0 out of 100
  Number of query rows: 0 out of 50000
  Number of SOSL queries: 0 out of 20
  Number of DML statements: 0 out of 150
  Number of DML rows: 0 out of 10000
  Maximum CPU time: 0 out of 10000
  Maximum heap size: 0 out of 6000000
  Number of callouts: 0 out of 100
  Number of Email Invocations: 0 out of 10
  Number of future calls: 0 out of 50
  Number of queueable jobs added to the queue: 0 out of 50
  Number of Mobile Apex push calls: 0 out of 10

19:55:05.35 (35509874)|CUMULATIVE_LIMIT_USAGE_END

19:55:05.0 (35562998)|CODE_UNIT_FINISHED|VF: /apex/Change_Status_Phase
19:55:05.0 (36470279)|EXECUTION_FINISHED
