34.0 APEX_CODE,FINEST;APEX_PROFILING,INFO;CALLOUT,INFO;DB,INFO;SYSTEM,DEBUG;VALIDATION,INFO;VISUALFORCE,INFO;WORKFLOW,INFO
14:09:53.0 (384329)|EXECUTION_STARTED
14:09:53.0 (420496)|CODE_UNIT_STARTED|[EXTERNAL]|0664E0000000AOi|VF: /apex/ReportPLIS
14:09:53.0 (5030809)|CODE_UNIT_STARTED|[EXTERNAL]|01p4E0000008wR2|ReportPLIS_Controller <init>
14:09:53.0 (5049844)|SYSTEM_MODE_ENTER|true
14:09:53.0 (5495937)|HEAP_ALLOCATE|[72]|Bytes:3
14:09:53.0 (5561456)|HEAP_ALLOCATE|[77]|Bytes:152
14:09:53.0 (5585276)|HEAP_ALLOCATE|[342]|Bytes:408
14:09:53.0 (5606087)|HEAP_ALLOCATE|[355]|Bytes:408
14:09:53.0 (5624521)|HEAP_ALLOCATE|[467]|Bytes:48
14:09:53.0 (5669246)|HEAP_ALLOCATE|[139]|Bytes:6
14:09:53.0 (5702105)|HEAP_ALLOCATE|[EXTERNAL]|Bytes:37
14:09:53.0 (5708101)|HEAP_ALLOCATE|[EXTERNAL]|Bytes:140
14:09:53.0 (5710851)|HEAP_ALLOCATE|[EXTERNAL]|Bytes:19
14:09:53.0 (5728900)|METHOD_ENTRY|[1]|01p4E0000008wR2|ReportPLIS_Controller.ReportPLIS_Controller()
14:09:53.0 (5734836)|STATEMENT_EXECUTE|[1]
14:09:53.0 (5744605)|STATEMENT_EXECUTE|[1]
14:09:53.0 (5781826)|HEAP_ALLOCATE|[50]|Bytes:5
14:09:53.0 (5810463)|HEAP_ALLOCATE|[56]|Bytes:5
14:09:53.0 (5819410)|HEAP_ALLOCATE|[64]|Bytes:7
14:09:53.0 (5847396)|SYSTEM_MODE_ENTER|false
14:09:53.0 (5865422)|HEAP_ALLOCATE|[EXTERNAL]|Bytes:5
14:09:53.0 (5870483)|STATEMENT_EXECUTE|[97]
14:09:53.0 (5872357)|STATEMENT_EXECUTE|[209]
14:09:53.0 (5873580)|STATEMENT_EXECUTE|[227]
14:09:53.0 (5880490)|SYSTEM_MODE_EXIT|false
14:09:53.0 (5893812)|METHOD_EXIT|[1]|ReportPLIS_Controller
14:09:53.0 (6413539)|HEAP_ALLOCATE|[EXTERNAL]|Bytes:24
14:09:53.0 (6426689)|VARIABLE_SCOPE_BEGIN|[11]|this|ReportPLIS_Controller|true|false
14:09:53.0 (6517844)|VARIABLE_ASSIGNMENT|[11]|this|{}|0x3dcb5fe
14:09:53.0 (6532471)|SYSTEM_MODE_ENTER|false
14:09:53.0 (6538228)|HEAP_ALLOCATE|[6]|Bytes:5
14:09:53.0 (6541991)|STATEMENT_EXECUTE|[1]
14:09:53.0 (6545203)|HEAP_ALLOCATE|[6]|Bytes:5
14:09:53.0 (6547228)|STATEMENT_EXECUTE|[3]
14:09:53.0 (6548855)|STATEMENT_EXECUTE|[4]
14:09:53.0 (6549976)|STATEMENT_EXECUTE|[5]
14:09:53.0 (6551110)|STATEMENT_EXECUTE|[6]
14:09:53.0 (6557576)|HEAP_ALLOCATE|[6]|Bytes:4
14:09:53.0 (6600481)|HEAP_ALLOCATE|[6]|Bytes:1
14:09:53.0 (6613350)|HEAP_ALLOCATE|[6]|Bytes:1
14:09:53.0 (6617818)|HEAP_ALLOCATE|[6]|Bytes:1
14:09:53.0 (6621866)|HEAP_ALLOCATE|[6]|Bytes:1
14:09:53.0 (6625702)|HEAP_ALLOCATE|[6]|Bytes:1
14:09:53.0 (6629620)|HEAP_ALLOCATE|[6]|Bytes:1
14:09:53.0 (6633473)|HEAP_ALLOCATE|[6]|Bytes:1
14:09:53.0 (6637610)|HEAP_ALLOCATE|[6]|Bytes:1
14:09:53.0 (6641351)|HEAP_ALLOCATE|[6]|Bytes:1
14:09:53.0 (6645526)|HEAP_ALLOCATE|[6]|Bytes:2
14:09:53.0 (6650057)|HEAP_ALLOCATE|[6]|Bytes:2
14:09:53.0 (6654002)|HEAP_ALLOCATE|[6]|Bytes:2
14:09:53.0 (6700578)|HEAP_ALLOCATE|[EXTERNAL]|Bytes:52
14:09:53.0 (6733687)|VARIABLE_ASSIGNMENT|[6]|this.month|{"s":1,"v":"List of size 12 too large to display"}|0x3dcb5fe
14:09:53.0 (6737750)|STATEMENT_EXECUTE|[7]
14:09:53.0 (6749302)|HEAP_ALLOCATE|[6]|Bytes:6
14:09:53.0 (6775797)|STATEMENT_EXECUTE|[11]
14:09:53.0 (6782854)|SYSTEM_MODE_EXIT|false
14:09:53.0 (6800153)|CODE_UNIT_FINISHED|ReportPLIS_Controller <init>
14:09:53.0 (6849335)|CODE_UNIT_STARTED|[EXTERNAL]|01p4E0000008wR2|ReportPLIS_Controller get(Phase)
14:09:53.0 (6858918)|SYSTEM_MODE_ENTER|true
14:09:53.0 (6876721)|CODE_UNIT_STARTED|[EXTERNAL]|01p4E0000008wR2|Phase
14:09:53.0 (6887521)|CODE_UNIT_FINISHED|Phase
14:09:53.0 (6900420)|CODE_UNIT_FINISHED|ReportPLIS_Controller get(Phase)
14:09:53.21 (21035333)|CUMULATIVE_LIMIT_USAGE
14:09:53.21 (21035333)|LIMIT_USAGE_FOR_NS|(default)|
  Number of SOQL queries: 0 out of 100
  Number of query rows: 0 out of 50000
  Number of SOSL queries: 0 out of 20
  Number of DML statements: 0 out of 150
  Number of DML rows: 0 out of 10000
  Maximum CPU time: 0 out of 10000
  Maximum heap size: 0 out of 6000000
  Number of callouts: 0 out of 100
  Number of Email Invocations: 0 out of 10
  Number of future calls: 0 out of 50
  Number of queueable jobs added to the queue: 0 out of 50
  Number of Mobile Apex push calls: 0 out of 10

14:09:53.21 (21035333)|CUMULATIVE_LIMIT_USAGE_END

14:09:53.0 (21086332)|CODE_UNIT_FINISHED|VF: /apex/ReportPLIS
14:09:53.0 (22364538)|EXECUTION_FINISHED
