36.0 APEX_CODE,FINEST;APEX_PROFILING,INFO;CALLOUT,INFO;DB,INFO;SYSTEM,DEBUG;VALIDATION,INFO;VISUALFORCE,INFO;WORKFLOW,INFO
Execute Anonymous: List<AggregateResult> results = 
Execute Anonymous:     new List<AggregateResult>([SELECT  CALENDAR_MONTH(Active_Start_Date__c), 
Execute Anonymous:                                		COUNT(id)  
Execute Anonymous:                                       FROM Account WHERE CALENDAR_YEAR(Active_Start_Date__c)=2016
Execute Anonymous: 									Group by CALENDAR_MONTH(Active_Start_Date__c)                                 
Execute Anonymous:                                      ]);
Execute Anonymous: String str = String.valueOf(results[0].get('exp'));
Execute Anonymous: Integer I = Integer.valueOf(str) ;
Execute Anonymous: 
Execute Anonymous: System.debug(I);
11:41:45.1 (1784801)|EXECUTION_STARTED
11:41:45.1 (1802026)|CODE_UNIT_STARTED|[EXTERNAL]|execute_anonymous_apex
11:41:45.1 (1934474)|VARIABLE_SCOPE_BEGIN|[8]|I|Integer|false|false
11:41:45.1 (2049990)|VARIABLE_SCOPE_BEGIN|[1]|results|List<AggregateResult>|true|false
11:41:45.1 (2068453)|VARIABLE_SCOPE_BEGIN|[7]|str|String|false|false
11:41:45.1 (2188017)|HEAP_ALLOCATE|[72]|Bytes:3
11:41:45.1 (2233247)|HEAP_ALLOCATE|[77]|Bytes:152
11:41:45.1 (2253702)|HEAP_ALLOCATE|[342]|Bytes:408
11:41:45.1 (2274498)|HEAP_ALLOCATE|[355]|Bytes:408
11:41:45.1 (2293676)|HEAP_ALLOCATE|[467]|Bytes:48
11:41:45.1 (2334301)|HEAP_ALLOCATE|[139]|Bytes:6
11:41:45.1 (2364174)|HEAP_ALLOCATE|[EXTERNAL]|Bytes:10
11:41:45.1 (2520449)|STATEMENT_EXECUTE|[1]
11:41:45.1 (2524918)|STATEMENT_EXECUTE|[1]
11:41:45.1 (2530482)|HEAP_ALLOCATE|[2]|Bytes:4
11:41:45.1 (2632306)|HEAP_ALLOCATE|[2]|Bytes:162
11:41:45.1 (2645432)|HEAP_ALLOCATE|[2]|Bytes:4
11:41:45.1 (2687710)|HEAP_ALLOCATE|[50]|Bytes:5
11:41:45.1 (2708769)|HEAP_ALLOCATE|[56]|Bytes:5
11:41:45.1 (2718246)|HEAP_ALLOCATE|[64]|Bytes:7
11:41:45.1 (3124552)|SOQL_EXECUTE_BEGIN|[2]|Aggregations:0|SELECT CALENDAR_MONTH(Active_Start_Date__c), COUNT(id) FROM Account WHERE CALENDAR_YEAR(Active_Start_Date__c) = 2016 GROUP BY CALENDAR_MONTH(Active_Start_Date__c)
11:41:45.1 (14223127)|SOQL_EXECUTE_END|[2]|Rows:1
11:41:45.1 (14241493)|HEAP_ALLOCATE|[2]|Bytes:8
11:41:45.1 (14258147)|HEAP_ALLOCATE|[2]|Bytes:31
11:41:45.1 (14290954)|HEAP_ALLOCATE|[2]|Bytes:8
11:41:45.1 (14330019)|HEAP_ALLOCATE|[2]|Bytes:12
11:41:45.1 (14337426)|HEAP_ALLOCATE|[2]|Bytes:12
11:41:45.1 (14339536)|HEAP_ALLOCATE|[2]|Bytes:4
11:41:45.1 (14353423)|HEAP_ALLOCATE|[EXTERNAL]|Bytes:8
11:41:45.1 (14416649)|VARIABLE_ASSIGNMENT|[1]|results|{"s":1,"v":[{"s":2,"v":{"expr0":4,"expr1":2}}]}|0x735b6955
11:41:45.1 (14422184)|STATEMENT_EXECUTE|[7]
11:41:45.1 (14437047)|HEAP_ALLOCATE|[7]|Bytes:12
11:41:45.1 (14443743)|HEAP_ALLOCATE|[7]|Bytes:3
11:41:45.1 (14586726)|HEAP_ALLOCATE|[7]|Bytes:41
11:41:45.1 (14662036)|FATAL_ERROR|System.SObjectException: Invalid field exp for AggregateResult

AnonymousBlock: line 7, column 1
11:41:45.14 (14697595)|CUMULATIVE_LIMIT_USAGE
11:41:45.14 (14697595)|LIMIT_USAGE_FOR_NS|(default)|
  Number of SOQL queries: 1 out of 100
  Number of query rows: 2 out of 50000
  Number of SOSL queries: 0 out of 20
  Number of DML statements: 0 out of 150
  Number of DML rows: 0 out of 10000
  Maximum CPU time: 0 out of 10000
  Maximum heap size: 0 out of 6000000
  Number of callouts: 0 out of 100
  Number of Email Invocations: 0 out of 10
  Number of future calls: 0 out of 50
  Number of queueable jobs added to the queue: 0 out of 50
  Number of Mobile Apex push calls: 0 out of 10

11:41:45.14 (14697595)|CUMULATIVE_LIMIT_USAGE_END

11:41:45.1 (14740169)|CODE_UNIT_FINISHED|execute_anonymous_apex
11:41:45.1 (16723308)|EXECUTION_FINISHED
