36.0 APEX_CODE,FINEST;APEX_PROFILING,INFO;CALLOUT,INFO;DB,INFO;SYSTEM,DEBUG;VALIDATION,INFO;VISUALFORCE,INFO;WORKFLOW,INFO
Execute Anonymous: Map<Id,AggregateResult> results = 
Execute Anonymous:     new Map<id,AggregateResult>([SELECT AccountId Id, COUNT(Id) 
Execute Anonymous:                                ContactCount FROM Contact WHERE AccountId != NULL GROUP BY AccountId]);
Execute Anonymous: System.debug(results);
10:51:15.1 (1685518)|EXECUTION_STARTED
10:51:15.1 (1701101)|CODE_UNIT_STARTED|[EXTERNAL]|execute_anonymous_apex
10:51:15.1 (1917614)|VARIABLE_SCOPE_BEGIN|[1]|results|Map<Id,AggregateResult>|true|false
10:51:15.1 (2110766)|HEAP_ALLOCATE|[72]|Bytes:3
10:51:15.1 (2171371)|HEAP_ALLOCATE|[77]|Bytes:152
10:51:15.1 (2202668)|HEAP_ALLOCATE|[342]|Bytes:408
10:51:15.1 (2236234)|HEAP_ALLOCATE|[355]|Bytes:408
10:51:15.1 (2267407)|HEAP_ALLOCATE|[467]|Bytes:48
10:51:15.1 (2329273)|HEAP_ALLOCATE|[139]|Bytes:6
10:51:15.1 (2372988)|HEAP_ALLOCATE|[EXTERNAL]|Bytes:5
10:51:15.1 (2518824)|STATEMENT_EXECUTE|[1]
10:51:15.1 (2524034)|STATEMENT_EXECUTE|[1]
10:51:15.1 (2533599)|HEAP_ALLOCATE|[2]|Bytes:4
10:51:15.1 (2542535)|HEAP_ALLOCATE|[2]|Bytes:99
10:51:15.1 (2553141)|HEAP_ALLOCATE|[2]|Bytes:4
10:51:15.1 (2617765)|HEAP_ALLOCATE|[50]|Bytes:5
10:51:15.1 (2650003)|HEAP_ALLOCATE|[56]|Bytes:5
10:51:15.1 (2666531)|HEAP_ALLOCATE|[64]|Bytes:7
10:51:15.1 (3134920)|SOQL_EXECUTE_BEGIN|[2]|Aggregations:0|SELECT AccountId Id, COUNT(Id) ContactCount FROM Contact WHERE AccountId != NULL GROUP BY AccountId
10:51:15.1 (10631642)|SOQL_EXECUTE_END|[2]|Rows:3
10:51:15.1 (10647536)|HEAP_ALLOCATE|[2]|Bytes:16
10:51:15.1 (10662897)|HEAP_ALLOCATE|[2]|Bytes:147
10:51:15.1 (10767344)|HEAP_ALLOCATE|[2]|Bytes:16
10:51:15.1 (10835857)|HEAP_ALLOCATE|[2]|Bytes:12
10:51:15.1 (10852289)|HEAP_ALLOCATE|[2]|Bytes:4
10:51:15.1 (10863503)|HEAP_ALLOCATE|[2]|Bytes:12
10:51:15.1 (10868891)|HEAP_ALLOCATE|[2]|Bytes:4
10:51:15.1 (10876848)|HEAP_ALLOCATE|[2]|Bytes:12
10:51:15.1 (10881495)|HEAP_ALLOCATE|[2]|Bytes:4
10:51:15.1 (10963021)|VARIABLE_ASSIGNMENT|[1]|results|{"s":1,"v":{"0014E0000034jcsQAA":{"s":2,"v":{"Id":"0014E0000034jcsQAA","ContactCount":1}},"0014E0000034iyXQAQ":{"s":3,"v":{"Id":"0014E0000034iyXQAQ","ContactCount":3769}},"0014E0000034izgQAA":{"s":4,"v":{"Id":"0014E0000034izgQAA","ContactCount":1}}}}|0x7214c137
10:51:15.1 (10970501)|STATEMENT_EXECUTE|[4]
10:51:15.1 (11151031)|USER_DEBUG|[4]|DEBUG|{0014E0000034iyXQAQ=AggregateResult:{Id=0014E0000034iyXQAQ, ContactCount=3769}, 0014E0000034izgQAA=AggregateResult:{Id=0014E0000034izgQAA, ContactCount=1}, 0014E0000034jcsQAA=AggregateResult:{Id=0014E0000034jcsQAA, ContactCount=1}}
10:51:15.11 (11212251)|CUMULATIVE_LIMIT_USAGE
10:51:15.11 (11212251)|LIMIT_USAGE_FOR_NS|(default)|
  Number of SOQL queries: 1 out of 100
  Number of query rows: 3771 out of 50000
  Number of SOSL queries: 0 out of 20
  Number of DML statements: 0 out of 150
  Number of DML rows: 0 out of 10000
  Maximum CPU time: 0 out of 10000
  Maximum heap size: 0 out of 6000000
  Number of callouts: 0 out of 100
  Number of Email Invocations: 0 out of 10
  Number of future calls: 0 out of 50
  Number of queueable jobs added to the queue: 0 out of 50
  Number of Mobile Apex push calls: 0 out of 10

10:51:15.11 (11212251)|CUMULATIVE_LIMIT_USAGE_END

10:51:15.1 (11258306)|CODE_UNIT_FINISHED|execute_anonymous_apex
10:51:15.1 (12180771)|EXECUTION_FINISHED
