36.0 APEX_CODE,FINEST;APEX_PROFILING,INFO;CALLOUT,INFO;DB,INFO;SYSTEM,DEBUG;VALIDATION,INFO;VISUALFORCE,INFO;WORKFLOW,INFO
Execute Anonymous: List<AggregateResult > results = 
Execute Anonymous:     new List<AggregateResult >([SELECT  CALENDAR_MONTH(Active_Start_Date__c) month, Count(id) acc
Execute Anonymous:                                		
Execute Anonymous:                                       FROM Account WHERE CALENDAR_YEAR(Active_Start_Date__c)=2016
Execute Anonymous: 									Group by CALENDAR_MONTH(Active_Start_Date__c)                                 
Execute Anonymous:                                      ]);
Execute Anonymous: List<AggregateResult > cresults = 
Execute Anonymous:     new List<AggregateResult >([SELECT  CALENDAR_MONTH(Pending_Start_Date__c) month, Count(id) acc
Execute Anonymous:                                		
Execute Anonymous:                                       FROM Account WHERE CALENDAR_YEAR(Pending_Start_Date__c)=2016
Execute Anonymous: 									Group by CALENDAR_MONTH(Pending_Start_Date__c)                                 
Execute Anonymous:                                      ]);
Execute Anonymous: 
Execute Anonymous: 
Execute Anonymous: System.debug(results);
Execute Anonymous: System.debug(cresults);
11:52:49.1 (1410235)|EXECUTION_STARTED
11:52:49.1 (1425150)|CODE_UNIT_STARTED|[EXTERNAL]|execute_anonymous_apex
11:52:49.1 (1621275)|VARIABLE_SCOPE_BEGIN|[7]|cresults|List<AggregateResult>|true|false
11:52:49.1 (1632786)|VARIABLE_SCOPE_BEGIN|[1]|results|List<AggregateResult>|true|false
11:52:49.1 (1758695)|HEAP_ALLOCATE|[72]|Bytes:3
11:52:49.1 (1811749)|HEAP_ALLOCATE|[77]|Bytes:152
11:52:49.1 (1830593)|HEAP_ALLOCATE|[342]|Bytes:408
11:52:49.1 (1849126)|HEAP_ALLOCATE|[355]|Bytes:408
11:52:49.1 (1866072)|HEAP_ALLOCATE|[467]|Bytes:48
11:52:49.1 (1904627)|HEAP_ALLOCATE|[139]|Bytes:6
11:52:49.1 (1931586)|HEAP_ALLOCATE|[EXTERNAL]|Bytes:13
11:52:49.1 (2067979)|STATEMENT_EXECUTE|[1]
11:52:49.1 (2072848)|STATEMENT_EXECUTE|[1]
11:52:49.1 (2079046)|HEAP_ALLOCATE|[2]|Bytes:4
11:52:49.1 (2171872)|HEAP_ALLOCATE|[2]|Bytes:172
11:52:49.1 (2183254)|HEAP_ALLOCATE|[2]|Bytes:4
11:52:49.1 (2223323)|HEAP_ALLOCATE|[50]|Bytes:5
11:52:49.1 (2248064)|HEAP_ALLOCATE|[56]|Bytes:5
11:52:49.1 (2256547)|HEAP_ALLOCATE|[64]|Bytes:7
11:52:49.1 (2779402)|SOQL_EXECUTE_BEGIN|[2]|Aggregations:0|SELECT CALENDAR_MONTH(Active_Start_Date__c) month, COUNT(id) acc FROM Account WHERE CALENDAR_YEAR(Active_Start_Date__c) = 2016 GROUP BY CALENDAR_MONTH(Active_Start_Date__c)
11:52:49.1 (20083632)|SOQL_EXECUTE_END|[2]|Rows:1
11:52:49.1 (20119048)|HEAP_ALLOCATE|[2]|Bytes:8
11:52:49.1 (20148633)|HEAP_ALLOCATE|[2]|Bytes:29
11:52:49.1 (20209498)|HEAP_ALLOCATE|[2]|Bytes:8
11:52:49.1 (20284224)|HEAP_ALLOCATE|[2]|Bytes:12
11:52:49.1 (20297407)|HEAP_ALLOCATE|[2]|Bytes:12
11:52:49.1 (20302451)|HEAP_ALLOCATE|[2]|Bytes:4
11:52:49.1 (20330772)|HEAP_ALLOCATE|[EXTERNAL]|Bytes:8
11:52:49.1 (20412066)|VARIABLE_ASSIGNMENT|[1]|results|{"s":1,"v":[{"s":2,"v":{"month":4,"acc":5}}]}|0x5923030f
11:52:49.1 (20421125)|STATEMENT_EXECUTE|[7]
11:52:49.1 (20430398)|HEAP_ALLOCATE|[8]|Bytes:4
11:52:49.1 (20471925)|HEAP_ALLOCATE|[8]|Bytes:175
11:52:49.1 (20483466)|HEAP_ALLOCATE|[8]|Bytes:4
11:52:49.1 (21204000)|SOQL_EXECUTE_BEGIN|[8]|Aggregations:0|SELECT CALENDAR_MONTH(Pending_Start_Date__c) month, COUNT(id) acc FROM Account WHERE CALENDAR_YEAR(Pending_Start_Date__c) = 2016 GROUP BY CALENDAR_MONTH(Pending_Start_Date__c)
11:52:49.1 (45339192)|SOQL_EXECUTE_END|[8]|Rows:1
11:52:49.1 (45362244)|HEAP_ALLOCATE|[8]|Bytes:8
11:52:49.1 (45381450)|HEAP_ALLOCATE|[8]|Bytes:29
11:52:49.1 (45406350)|HEAP_ALLOCATE|[8]|Bytes:8
11:52:49.1 (45448654)|HEAP_ALLOCATE|[8]|Bytes:12
11:52:49.1 (45455478)|HEAP_ALLOCATE|[8]|Bytes:12
11:52:49.1 (45457594)|HEAP_ALLOCATE|[8]|Bytes:4
11:52:49.1 (45475033)|HEAP_ALLOCATE|[EXTERNAL]|Bytes:8
11:52:49.1 (45510006)|VARIABLE_ASSIGNMENT|[7]|cresults|{"s":1,"v":[{"s":2,"v":{"month":4,"acc":1}}]}|0x3f29a89
11:52:49.1 (45516556)|STATEMENT_EXECUTE|[15]
11:52:49.1 (45597889)|USER_DEBUG|[15]|DEBUG|(AggregateResult:{month=4, acc=5})
11:52:49.1 (45607374)|STATEMENT_EXECUTE|[16]
11:52:49.1 (45633895)|USER_DEBUG|[16]|DEBUG|(AggregateResult:{month=4, acc=1})
11:52:49.45 (45690661)|CUMULATIVE_LIMIT_USAGE
11:52:49.45 (45690661)|LIMIT_USAGE_FOR_NS|(default)|
  Number of SOQL queries: 2 out of 100
  Number of query rows: 6 out of 50000
  Number of SOSL queries: 0 out of 20
  Number of DML statements: 0 out of 150
  Number of DML rows: 0 out of 10000
  Maximum CPU time: 0 out of 10000
  Maximum heap size: 0 out of 6000000
  Number of callouts: 0 out of 100
  Number of Email Invocations: 0 out of 10
  Number of future calls: 0 out of 50
  Number of queueable jobs added to the queue: 0 out of 50
  Number of Mobile Apex push calls: 0 out of 10

11:52:49.45 (45690661)|CUMULATIVE_LIMIT_USAGE_END

11:52:49.1 (45733544)|CODE_UNIT_FINISHED|execute_anonymous_apex
11:52:49.1 (46860214)|EXECUTION_FINISHED
