36.0 APEX_CODE,FINEST;APEX_PROFILING,INFO;CALLOUT,INFO;DB,INFO;SYSTEM,DEBUG;VALIDATION,INFO;VISUALFORCE,INFO;WORKFLOW,INFO
11:49:26.0 (342402)|EXECUTION_STARTED
11:49:26.0 (378009)|CODE_UNIT_STARTED|[EXTERNAL]|VisualForce View State
11:49:26.0 (238060164)|HEAP_ALLOCATE|[72]|Bytes:3
11:49:26.0 (238128689)|HEAP_ALLOCATE|[77]|Bytes:152
11:49:26.0 (238161667)|HEAP_ALLOCATE|[342]|Bytes:408
11:49:26.0 (238199151)|HEAP_ALLOCATE|[355]|Bytes:408
11:49:26.0 (238233309)|HEAP_ALLOCATE|[467]|Bytes:48
11:49:26.0 (238290653)|HEAP_ALLOCATE|[139]|Bytes:6
11:49:26.0 (238360260)|HEAP_ALLOCATE|[50]|Bytes:5
11:49:26.0 (238393376)|HEAP_ALLOCATE|[56]|Bytes:5
11:49:26.0 (238412830)|HEAP_ALLOCATE|[64]|Bytes:7
11:49:26.0 (240847932)|CODE_UNIT_FINISHED|VisualForce View State
11:49:26.0 (242370003)|EXECUTION_FINISHED
11:49:26.245 (245181392)|SYSTEM_MODE_ENTER|true
11:49:26.245 (245319129)|HEAP_ALLOCATE|[EXTERNAL]|Bytes:38
11:49:26.245 (245330198)|HEAP_ALLOCATE|[EXTERNAL]|Bytes:7
11:49:26.245 (245347393)|SYSTEM_METHOD_ENTRY|[1]|PageMessagesComponentController.PageMessagesComponentController()
11:49:26.245 (245358484)|STATEMENT_EXECUTE|[1]
11:49:26.986 (986355620)|CUMULATIVE_LIMIT_USAGE
11:49:26.986 (986355620)|LIMIT_USAGE_FOR_NS|(default)|
  Number of SOQL queries: 0 out of 100
  Number of query rows: 0 out of 50000
  Number of SOSL queries: 0 out of 20
  Number of DML statements: 0 out of 150
  Number of DML rows: 0 out of 10000
  Maximum CPU time: 0 out of 10000
  Maximum heap size: 0 out of 6000000
  Number of callouts: 0 out of 100
  Number of Email Invocations: 0 out of 10
  Number of future calls: 0 out of 50
  Number of queueable jobs added to the queue: 0 out of 50
  Number of Mobile Apex push calls: 0 out of 10

11:49:26.986 (986355620)|CUMULATIVE_LIMIT_USAGE_END

