36.0 APEX_CODE,FINEST;APEX_PROFILING,INFO;CALLOUT,INFO;DB,INFO;SYSTEM,DEBUG;VALIDATION,INFO;VISUALFORCE,INFO;WORKFLOW,INFO
19:54:52.0 (310596)|EXECUTION_STARTED
19:54:52.0 (348996)|CODE_UNIT_STARTED|[EXTERNAL]|0664E00000007Nc|VF: /apex/Change_Status_Phase
19:54:52.0 (970356)|VF_DESERIALIZE_VIEWSTATE_BEGIN|0664E00000007Nc
19:54:52.0 (10974481)|HEAP_ALLOCATE|[72]|Bytes:3
19:54:52.0 (11035844)|HEAP_ALLOCATE|[77]|Bytes:152
19:54:52.0 (11056078)|HEAP_ALLOCATE|[342]|Bytes:408
19:54:52.0 (11078046)|HEAP_ALLOCATE|[355]|Bytes:408
19:54:52.0 (11099331)|HEAP_ALLOCATE|[467]|Bytes:48
19:54:52.0 (11141372)|HEAP_ALLOCATE|[139]|Bytes:6
19:54:52.0 (13265258)|VF_DESERIALIZE_VIEWSTATE_END
19:54:52.0 (15184548)|CODE_UNIT_STARTED|[EXTERNAL]|01p4E0000008nN6|AccountControllerExtension get(project)
19:54:52.0 (15204798)|SYSTEM_MODE_ENTER|true
19:54:52.0 (15251251)|CODE_UNIT_STARTED|[EXTERNAL]|01p4E0000008nN6|project
19:54:52.0 (15270499)|HEAP_ALLOCATE|[EXTERNAL]|Bytes:232
19:54:52.0 (15281849)|HEAP_ALLOCATE|[EXTERNAL]|Bytes:35
19:54:52.0 (15306438)|METHOD_ENTRY|[11]|01p4E0000008nN6|AccountControllerExtension.AccountControllerExtension()
19:54:52.0 (15314488)|STATEMENT_EXECUTE|[11]
19:54:52.0 (15326380)|STATEMENT_EXECUTE|[11]
19:54:52.0 (15380159)|HEAP_ALLOCATE|[50]|Bytes:5
19:54:52.0 (15476116)|HEAP_ALLOCATE|[56]|Bytes:5
19:54:52.0 (15494797)|HEAP_ALLOCATE|[64]|Bytes:7
19:54:52.0 (15531052)|SYSTEM_MODE_ENTER|false
19:54:52.0 (15626075)|HEAP_ALLOCATE|[EXTERNAL]|Bytes:5
19:54:52.0 (15643032)|SYSTEM_MODE_EXIT|false
19:54:52.0 (15664187)|METHOD_EXIT|[11]|AccountControllerExtension
19:54:52.0 (15684141)|CODE_UNIT_FINISHED|project
19:54:52.0 (15720034)|CODE_UNIT_FINISHED|AccountControllerExtension get(project)
19:54:52.0 (22937900)|CODE_UNIT_STARTED|[EXTERNAL]|01p4E0000008nN6|AccountControllerExtension get(phase)
19:54:52.0 (22950016)|SYSTEM_MODE_ENTER|true
19:54:52.0 (22962920)|CODE_UNIT_STARTED|[EXTERNAL]|01p4E0000008nN6|phase
19:54:52.0 (22973690)|CODE_UNIT_FINISHED|phase
19:54:52.0 (22988530)|CODE_UNIT_FINISHED|AccountControllerExtension get(phase)
19:54:52.0 (24093599)|CODE_UNIT_STARTED|[EXTERNAL]|01p4E0000008nN6|AccountControllerExtension get(tempDate)
19:54:52.0 (24104683)|SYSTEM_MODE_ENTER|true
19:54:52.0 (24117105)|CODE_UNIT_STARTED|[EXTERNAL]|01p4E0000008nN6|tempDate
19:54:52.0 (24127173)|CODE_UNIT_FINISHED|tempDate
19:54:52.0 (24141412)|CODE_UNIT_FINISHED|AccountControllerExtension get(tempDate)
19:54:52.0 (24693954)|CODE_UNIT_STARTED|[EXTERNAL]|AccountControllerExtension set(tempDate,null)
19:54:52.0 (24703909)|SYSTEM_MODE_ENTER|true
19:54:52.0 (24717137)|CODE_UNIT_STARTED|[EXTERNAL]|AccountControllerExtension set(tempDate,null)
19:54:52.0 (24749245)|HEAP_ALLOCATE|[EXTERNAL]|Bytes:48
19:54:52.0 (24784262)|VARIABLE_ASSIGNMENT|[EXTERNAL]|this.tempDate|null|0xbadeb13
19:54:52.0 (24792003)|CODE_UNIT_FINISHED|AccountControllerExtension set(tempDate,null)
19:54:52.0 (24806546)|CODE_UNIT_FINISHED|AccountControllerExtension set(tempDate,null)
19:54:52.0 (24843737)|CODE_UNIT_STARTED|[EXTERNAL]|01p4E0000008nN6|AccountControllerExtension get(phase)
19:54:52.0 (24853373)|SYSTEM_MODE_ENTER|true
19:54:52.0 (24864497)|CODE_UNIT_STARTED|[EXTERNAL]|01p4E0000008nN6|phase
19:54:52.0 (24874399)|CODE_UNIT_FINISHED|phase
19:54:52.0 (24887310)|CODE_UNIT_FINISHED|AccountControllerExtension get(phase)
19:54:52.0 (25273568)|CODE_UNIT_STARTED|[EXTERNAL]|01p4E0000008nN6|AccountControllerExtension invoke(updatePhase)
19:54:52.0 (25327813)|HEAP_ALLOCATE|[EXTERNAL]|Bytes:48
19:54:52.0 (25341459)|VARIABLE_SCOPE_BEGIN|[57]|this|AccountControllerExtension|true|false
19:54:52.0 (25436246)|VARIABLE_ASSIGNMENT|[57]|this|{"company":"0x5aaf4710","companyLicenseMarker (1 more) ...":"0x5c9f43c2","ideaMarkers":"0x55300ed8","markersList":"0x67cc7d12","phase":"Verification","project":"0x242f7298","projectObj":"0x477b313c","uniqueMarkers":"0x61dcfb42","verificationMarkers":"0x34cf6f6f"}|0xbadeb13
19:54:52.0 (25458269)|SYSTEM_MODE_ENTER|false
19:54:52.0 (25464439)|HEAP_ALLOCATE|[58]|Bytes:5
19:54:52.0 (25468409)|STATEMENT_EXECUTE|[57]
19:54:52.0 (25469914)|STATEMENT_EXECUTE|[58]
19:54:52.0 (25544732)|VARIABLE_ASSIGNMENT|[EXTERNAL]|this|{"company":"0x5aaf4710","companyLicenseMarker (1 more) ...":"0x5c9f43c2","ideaMarkers":"0x55300ed8","markersList":"0x67cc7d12","phase":"Verification","project":"0x242f7298","projectObj":"0x477b313c","uniqueMarkers":"0x61dcfb42","verificationMarkers":"0x34cf6f6f"}|0xbadeb13
19:54:52.0 (25639596)|VARIABLE_ASSIGNMENT|[EXTERNAL]|this|{"company":"0x5aaf4710","companyLicenseMarker (1 more) ...":"0x5c9f43c2","ideaMarkers":"0x55300ed8","markersList":"0x67cc7d12","phase":"Verification","project":"0x242f7298","projectObj":"0x477b313c","uniqueMarkers":"0x61dcfb42","verificationMarkers":"0x34cf6f6f"}|0xbadeb13
19:54:52.0 (25650010)|VARIABLE_ASSIGNMENT|[EXTERNAL]|value|"Contact"
19:54:52.0 (25660163)|VARIABLE_ASSIGNMENT|[16]|this.phase|"Contact"|0xbadeb13
19:54:52.0 (25672784)|SYSTEM_MODE_EXIT|false
19:54:52.0 (25712225)|CODE_UNIT_FINISHED|AccountControllerExtension invoke(updatePhase)
19:54:52.0 (25748023)|VF_APEX_CALL|j_id15|{!updatePhase}|PageReference: none
19:54:52.0 (29753335)|CODE_UNIT_STARTED|[EXTERNAL]|01p4E0000008nN6|AccountControllerExtension get(project)
19:54:52.0 (29766957)|SYSTEM_MODE_ENTER|true
19:54:52.0 (29779551)|CODE_UNIT_STARTED|[EXTERNAL]|01p4E0000008nN6|project
19:54:52.0 (29789971)|CODE_UNIT_FINISHED|project
19:54:52.0 (29804810)|CODE_UNIT_FINISHED|AccountControllerExtension get(project)
19:54:52.0 (30633765)|CODE_UNIT_STARTED|[EXTERNAL]|01p4E0000008nN6|AccountControllerExtension get(phase)
19:54:52.0 (30645282)|SYSTEM_MODE_ENTER|true
19:54:52.0 (30657516)|CODE_UNIT_STARTED|[EXTERNAL]|01p4E0000008nN6|phase
19:54:52.0 (30667427)|CODE_UNIT_FINISHED|phase
19:54:52.0 (30681377)|CODE_UNIT_FINISHED|AccountControllerExtension get(phase)
19:54:52.0 (32357008)|VF_SERIALIZE_VIEWSTATE_BEGIN|0664E00000007Nc
19:54:52.0 (34183015)|VF_SERIALIZE_VIEWSTATE_END
19:54:52.36 (36863725)|CUMULATIVE_LIMIT_USAGE
19:54:52.36 (36863725)|LIMIT_USAGE_FOR_NS|(default)|
  Number of SOQL queries: 0 out of 100
  Number of query rows: 0 out of 50000
  Number of SOSL queries: 0 out of 20
  Number of DML statements: 0 out of 150
  Number of DML rows: 0 out of 10000
  Maximum CPU time: 0 out of 10000
  Maximum heap size: 0 out of 6000000
  Number of callouts: 0 out of 100
  Number of Email Invocations: 0 out of 10
  Number of future calls: 0 out of 50
  Number of queueable jobs added to the queue: 0 out of 50
  Number of Mobile Apex push calls: 0 out of 10

19:54:52.36 (36863725)|CUMULATIVE_LIMIT_USAGE_END

19:54:52.0 (36912464)|CODE_UNIT_FINISHED|VF: /apex/Change_Status_Phase
19:54:52.0 (37892033)|EXECUTION_FINISHED
