36.0 APEX_CODE,FINEST;APEX_PROFILING,INFO;CALLOUT,INFO;DB,INFO;SYSTEM,DEBUG;VALIDATION,INFO;VISUALFORCE,INFO;WORKFLOW,INFO
Execute Anonymous: public List<Account> contact_a{get;set;}
Execute Anonymous: public List<Integer> con;
Execute Anonymous: 
Execute Anonymous: 
Execute Anonymous: 
Execute Anonymous: 	
Execute Anonymous: 
Execute Anonymous: 			Integer years =2016;
Execute Anonymous: 					for (Integer idx=1; idx<13; idx++)
Execute Anonymous: 					{
Execute Anonymous: 									//con.add(count_contact_phase(idx,year));
Execute Anonymous:                         con.add(idx);
Execute Anonymous:                         			
Execute Anonymous:                     }
Execute Anonymous: 	System.debug('3');
Execute Anonymous:                         					
Execute Anonymous: 	System.debug(con);
Execute Anonymous: 		return con;
Execute Anonymous: 	
Execute Anonymous: 
Execute Anonymous: 	public  Integer count_contact_phase (Integer month, Integer year)
Execute Anonymous: 	{
Execute Anonymous: 
Execute Anonymous: 
Execute Anonymous: 			contact_a= [SELECT id, Contact_Start_Date__c
Execute Anonymous: 																FROM Account
Execute Anonymous: 																WHERE CALENDAR_MONTH(Contact_Start_Date__c)=:month
Execute Anonymous: 																AND CALENDAR_YEAR(Contact_Start_Date__c)=:year
Execute Anonymous: 															];
Execute Anonymous: 
Execute Anonymous: 							return contact_a.size();
Execute Anonymous: 	}
15:45:40.1 (1681158)|EXECUTION_STARTED
15:45:40.1 (1698016)|CODE_UNIT_STARTED|[EXTERNAL]|execute_anonymous_apex
15:45:40.1 (1947981)|VARIABLE_SCOPE_BEGIN|[2]|con|List<Integer>|true|false
15:45:40.1 (2022261)|VARIABLE_SCOPE_BEGIN|[1]|contact_a|List<Account>|true|false
15:45:40.1 (2043211)|VARIABLE_SCOPE_BEGIN|[8]|years|Integer|false|false
15:45:40.1 (2172101)|HEAP_ALLOCATE|[72]|Bytes:3
15:45:40.1 (2222815)|HEAP_ALLOCATE|[77]|Bytes:152
15:45:40.1 (2245052)|HEAP_ALLOCATE|[342]|Bytes:408
15:45:40.1 (2266349)|HEAP_ALLOCATE|[355]|Bytes:408
15:45:40.1 (2285471)|HEAP_ALLOCATE|[467]|Bytes:48
15:45:40.1 (2326527)|HEAP_ALLOCATE|[139]|Bytes:6
15:45:40.1 (2354686)|HEAP_ALLOCATE|[EXTERNAL]|Bytes:88
15:45:40.1 (2360212)|HEAP_ALLOCATE|[EXTERNAL]|Bytes:4
15:45:40.1 (2363176)|HEAP_ALLOCATE|[EXTERNAL]|Bytes:20
15:45:40.1 (2501933)|STATEMENT_EXECUTE|[1]
15:45:40.1 (2506327)|STATEMENT_EXECUTE|[1]
15:45:40.1 (2561006)|HEAP_ALLOCATE|[50]|Bytes:5
15:45:40.1 (2584630)|HEAP_ALLOCATE|[56]|Bytes:5
15:45:40.1 (2594852)|HEAP_ALLOCATE|[64]|Bytes:7
15:45:40.1 (2625523)|SYSTEM_MODE_ENTER|false
15:45:40.1 (2660930)|HEAP_ALLOCATE|[1]|Bytes:5
15:45:40.1 (2716889)|VARIABLE_ASSIGNMENT|[EXTERNAL]|value|null|
15:45:40.1 (2730549)|VARIABLE_ASSIGNMENT|[1]|contact_a|null|
15:45:40.1 (2741289)|SYSTEM_MODE_EXIT|false
15:45:40.1 (2748217)|STATEMENT_EXECUTE|[2]
15:45:40.1 (2755854)|VARIABLE_ASSIGNMENT|[2]|con|null|
15:45:40.1 (2757886)|STATEMENT_EXECUTE|[8]
15:45:40.1 (2764113)|HEAP_ALLOCATE|[8]|Bytes:4
15:45:40.1 (2771429)|VARIABLE_ASSIGNMENT|[8]|years|2016
15:45:40.1 (2774059)|STATEMENT_EXECUTE|[9]
15:45:40.1 (2777699)|VARIABLE_SCOPE_BEGIN|[9]|idx|Integer|false|false
15:45:40.1 (2780946)|HEAP_ALLOCATE|[9]|Bytes:4
15:45:40.1 (2785150)|VARIABLE_ASSIGNMENT|[9]|idx|1
15:45:40.1 (2789997)|STATEMENT_EXECUTE|[10]
15:45:40.1 (2791328)|STATEMENT_EXECUTE|[12]
15:45:40.1 (2863386)|HEAP_ALLOCATE|[12]|Bytes:41
15:45:40.1 (3038092)|FATAL_ERROR|System.NullPointerException: Attempt to de-reference a null object

AnonymousBlock: line 12, column 1
15:45:40.3 (3076622)|CUMULATIVE_LIMIT_USAGE
15:45:40.3 (3076622)|LIMIT_USAGE_FOR_NS|(default)|
  Number of SOQL queries: 0 out of 100
  Number of query rows: 0 out of 50000
  Number of SOSL queries: 0 out of 20
  Number of DML statements: 0 out of 150
  Number of DML rows: 0 out of 10000
  Maximum CPU time: 0 out of 10000
  Maximum heap size: 0 out of 6000000
  Number of callouts: 0 out of 100
  Number of Email Invocations: 0 out of 10
  Number of future calls: 0 out of 50
  Number of queueable jobs added to the queue: 0 out of 50
  Number of Mobile Apex push calls: 0 out of 10

15:45:40.3 (3076622)|CUMULATIVE_LIMIT_USAGE_END

15:45:40.1 (3117304)|CODE_UNIT_FINISHED|execute_anonymous_apex
15:45:40.1 (3977660)|EXECUTION_FINISHED
