36.0 APEX_CODE,FINEST;APEX_PROFILING,INFO;CALLOUT,INFO;DB,INFO;SYSTEM,DEBUG;VALIDATION,INFO;VISUALFORCE,INFO;WORKFLOW,INFO
Execute Anonymous: //Account a1 = [Select Id, Name, Active_Start_Date__c from Account Where Name = 'Super New 1'];
Execute Anonymous: //a1.Active_Start_Date__c = year(2016);
Execute Anonymous: //update a1;
Execute Anonymous: //Account a2 = [Select Id, Name, Active_Start_Date__c from Account Where Name = 'Super New 1'];
Execute Anonymous: //Account a3 = [Select Id, Name, Active_Start_Date__c from Account Where Name = 'Super New 1'];
Execute Anonymous: 
Execute Anonymous: List<AggregateResult> results = 
Execute Anonymous:     new List<AggregateResult>([SELECT  CALENDAR_MONTH(Active_Start_Date__c), 
Execute Anonymous:                                		COUNT(id)  
Execute Anonymous:                                       FROM Account WHERE CALENDAR_YEAR(Active_Start_Date__c)=2016
Execute Anonymous: 									Group by CALENDAR_MONTH(Active_Start_Date__c)                                 
Execute Anonymous:                                      ]);
Execute Anonymous: 
Execute Anonymous: List<AggregateResult> results1 = 
Execute Anonymous: new List<AggregateResult>([SELECT  CALENDAR_MONTH(Contact_Start_Date__c), 
Execute Anonymous:                                		COUNT(id)  
Execute Anonymous:                                       FROM Account WHERE CALENDAR_YEAR(Contact_Start_Date__c)=2016
Execute Anonymous: 									Group by CALENDAR_MONTH(Contact_Start_Date__c)                                 
Execute Anonymous:                                      ]);
Execute Anonymous: System.debug(results);
Execute Anonymous: System.debug(results1[0].get('expr0'));
Execute Anonymous: //System.debug(a1);
Execute Anonymous: //System.debug(a2);
Execute Anonymous: //System.debug(a3);
11:59:56.1 (1273619)|EXECUTION_STARTED
11:59:56.1 (1286794)|CODE_UNIT_STARTED|[EXTERNAL]|execute_anonymous_apex
11:59:56.1 (1523842)|VARIABLE_SCOPE_BEGIN|[7]|results|List<AggregateResult>|true|false
11:59:56.1 (1537054)|VARIABLE_SCOPE_BEGIN|[14]|results1|List<AggregateResult>|true|false
11:59:56.1 (1686074)|HEAP_ALLOCATE|[72]|Bytes:3
11:59:56.1 (1739493)|HEAP_ALLOCATE|[77]|Bytes:152
11:59:56.1 (1760616)|HEAP_ALLOCATE|[342]|Bytes:408
11:59:56.1 (1780098)|HEAP_ALLOCATE|[355]|Bytes:408
11:59:56.1 (1798447)|HEAP_ALLOCATE|[467]|Bytes:48
11:59:56.1 (1840453)|HEAP_ALLOCATE|[139]|Bytes:6
11:59:56.1 (1869168)|HEAP_ALLOCATE|[EXTERNAL]|Bytes:15
11:59:56.1 (2004180)|STATEMENT_EXECUTE|[1]
11:59:56.1 (2008230)|STATEMENT_EXECUTE|[7]
11:59:56.1 (2017007)|HEAP_ALLOCATE|[8]|Bytes:4
11:59:56.1 (2116326)|HEAP_ALLOCATE|[8]|Bytes:162
11:59:56.1 (2128432)|HEAP_ALLOCATE|[8]|Bytes:4
11:59:56.1 (2174646)|HEAP_ALLOCATE|[50]|Bytes:5
11:59:56.1 (2199445)|HEAP_ALLOCATE|[56]|Bytes:5
11:59:56.1 (2208500)|HEAP_ALLOCATE|[64]|Bytes:7
11:59:56.1 (2617308)|SOQL_EXECUTE_BEGIN|[8]|Aggregations:0|SELECT CALENDAR_MONTH(Active_Start_Date__c), COUNT(id) FROM Account WHERE CALENDAR_YEAR(Active_Start_Date__c) = 2016 GROUP BY CALENDAR_MONTH(Active_Start_Date__c)
11:59:56.1 (9866668)|SOQL_EXECUTE_END|[8]|Rows:1
11:59:56.1 (9882305)|HEAP_ALLOCATE|[8]|Bytes:8
11:59:56.1 (9900578)|HEAP_ALLOCATE|[8]|Bytes:31
11:59:56.1 (9935104)|HEAP_ALLOCATE|[8]|Bytes:8
11:59:56.1 (9980821)|HEAP_ALLOCATE|[8]|Bytes:12
11:59:56.1 (9988854)|HEAP_ALLOCATE|[8]|Bytes:12
11:59:56.1 (9991948)|HEAP_ALLOCATE|[8]|Bytes:4
11:59:56.1 (10007713)|HEAP_ALLOCATE|[EXTERNAL]|Bytes:8
11:59:56.1 (10067955)|VARIABLE_ASSIGNMENT|[7]|results|{"s":1,"v":[{"s":2,"v":{"expr0":4,"expr1":5}}]}|0x1a664e55
11:59:56.1 (10072958)|STATEMENT_EXECUTE|[14]
11:59:56.1 (10078712)|HEAP_ALLOCATE|[15]|Bytes:4
11:59:56.1 (10101194)|HEAP_ALLOCATE|[15]|Bytes:165
11:59:56.1 (10106273)|HEAP_ALLOCATE|[15]|Bytes:4
11:59:56.1 (10482589)|SOQL_EXECUTE_BEGIN|[15]|Aggregations:0|SELECT CALENDAR_MONTH(Contact_Start_Date__c), COUNT(id) FROM Account WHERE CALENDAR_YEAR(Contact_Start_Date__c) = 2016 GROUP BY CALENDAR_MONTH(Contact_Start_Date__c)
11:59:56.1 (16071594)|SOQL_EXECUTE_END|[15]|Rows:2
11:59:56.1 (16084551)|HEAP_ALLOCATE|[15]|Bytes:12
11:59:56.1 (16099217)|HEAP_ALLOCATE|[15]|Bytes:62
11:59:56.1 (16120877)|HEAP_ALLOCATE|[15]|Bytes:12
11:59:56.1 (16159050)|HEAP_ALLOCATE|[15]|Bytes:12
11:59:56.1 (16166021)|HEAP_ALLOCATE|[15]|Bytes:12
11:59:56.1 (16173607)|HEAP_ALLOCATE|[15]|Bytes:12
11:59:56.1 (16175561)|HEAP_ALLOCATE|[15]|Bytes:8
11:59:56.1 (16190104)|HEAP_ALLOCATE|[EXTERNAL]|Bytes:12
11:59:56.1 (16211141)|VARIABLE_ASSIGNMENT|[14]|results1|{"s":1,"v":[{"s":2,"v":{"expr0":2,"expr1":2}},{"s":3,"v":{"expr0":4,"expr1":1}}]}|0x3a579036
11:59:56.1 (16215446)|STATEMENT_EXECUTE|[20]
11:59:56.1 (16275327)|USER_DEBUG|[20]|DEBUG|(AggregateResult:{expr0=4, expr1=5})
11:59:56.1 (16284150)|STATEMENT_EXECUTE|[21]
11:59:56.1 (16300409)|HEAP_ALLOCATE|[21]|Bytes:12
11:59:56.1 (16307381)|HEAP_ALLOCATE|[21]|Bytes:5
11:59:56.1 (16389020)|USER_DEBUG|[21]|DEBUG|2
11:59:56.16 (16432631)|CUMULATIVE_LIMIT_USAGE
11:59:56.16 (16432631)|LIMIT_USAGE_FOR_NS|(default)|
  Number of SOQL queries: 2 out of 100
  Number of query rows: 8 out of 50000
  Number of SOSL queries: 0 out of 20
  Number of DML statements: 0 out of 150
  Number of DML rows: 0 out of 10000
  Maximum CPU time: 0 out of 10000
  Maximum heap size: 0 out of 6000000
  Number of callouts: 0 out of 100
  Number of Email Invocations: 0 out of 10
  Number of future calls: 0 out of 50
  Number of queueable jobs added to the queue: 0 out of 50
  Number of Mobile Apex push calls: 0 out of 10

11:59:56.16 (16432631)|CUMULATIVE_LIMIT_USAGE_END

11:59:56.1 (16470695)|CODE_UNIT_FINISHED|execute_anonymous_apex
11:59:56.1 (17494973)|EXECUTION_FINISHED
