36.0 APEX_CODE,FINEST;APEX_PROFILING,INFO;CALLOUT,INFO;DB,INFO;SYSTEM,DEBUG;VALIDATION,INFO;VISUALFORCE,INFO;WORKFLOW,INFO
19:57:00.0 (61375)|EXECUTION_STARTED
19:57:00.0 (98953)|CODE_UNIT_STARTED|[EXTERNAL]|0664E00000007Nc|VF: /apex/Change_Status_Phase
19:57:00.0 (335515)|VF_DESERIALIZE_VIEWSTATE_BEGIN|0664E00000007Nc
19:57:00.0 (9843891)|HEAP_ALLOCATE|[72]|Bytes:3
19:57:00.0 (9905950)|HEAP_ALLOCATE|[77]|Bytes:152
19:57:00.0 (9926837)|HEAP_ALLOCATE|[342]|Bytes:408
19:57:00.0 (9948155)|HEAP_ALLOCATE|[355]|Bytes:408
19:57:00.0 (9968540)|HEAP_ALLOCATE|[467]|Bytes:48
19:57:00.0 (10011608)|HEAP_ALLOCATE|[139]|Bytes:6
19:57:00.0 (12757037)|VF_DESERIALIZE_VIEWSTATE_END
19:57:00.0 (14353508)|CODE_UNIT_STARTED|[EXTERNAL]|01p4E0000008nN6|AccountControllerExtension get(project)
19:57:00.0 (14367018)|SYSTEM_MODE_ENTER|true
19:57:00.0 (14407220)|CODE_UNIT_STARTED|[EXTERNAL]|01p4E0000008nN6|project
19:57:00.0 (14425733)|HEAP_ALLOCATE|[EXTERNAL]|Bytes:232
19:57:00.0 (14433829)|HEAP_ALLOCATE|[EXTERNAL]|Bytes:35
19:57:00.0 (14450765)|METHOD_ENTRY|[11]|01p4E0000008nN6|AccountControllerExtension.AccountControllerExtension()
19:57:00.0 (14456859)|STATEMENT_EXECUTE|[11]
19:57:00.0 (14464677)|STATEMENT_EXECUTE|[11]
19:57:00.0 (14496996)|HEAP_ALLOCATE|[50]|Bytes:5
19:57:00.0 (14516911)|HEAP_ALLOCATE|[56]|Bytes:5
19:57:00.0 (14526586)|HEAP_ALLOCATE|[64]|Bytes:7
19:57:00.0 (14552144)|SYSTEM_MODE_ENTER|false
19:57:00.0 (14565802)|HEAP_ALLOCATE|[EXTERNAL]|Bytes:5
19:57:00.0 (14573323)|SYSTEM_MODE_EXIT|false
19:57:00.0 (14585031)|METHOD_EXIT|[11]|AccountControllerExtension
19:57:00.0 (14599074)|CODE_UNIT_FINISHED|project
19:57:00.0 (14625144)|CODE_UNIT_FINISHED|AccountControllerExtension get(project)
19:57:00.0 (25950500)|CODE_UNIT_STARTED|[EXTERNAL]|01p4E0000008nN6|AccountControllerExtension get(phase)
19:57:00.0 (25965032)|SYSTEM_MODE_ENTER|true
19:57:00.0 (25986974)|CODE_UNIT_STARTED|[EXTERNAL]|01p4E0000008nN6|phase
19:57:00.0 (26002897)|CODE_UNIT_FINISHED|phase
19:57:00.0 (26023728)|CODE_UNIT_FINISHED|AccountControllerExtension get(phase)
19:57:00.0 (33720674)|CODE_UNIT_STARTED|[EXTERNAL]|01p4E0000008nN6|AccountControllerExtension get(project)
19:57:00.0 (33735389)|SYSTEM_MODE_ENTER|true
19:57:00.0 (33752213)|CODE_UNIT_STARTED|[EXTERNAL]|01p4E0000008nN6|project
19:57:00.0 (33765089)|CODE_UNIT_FINISHED|project
19:57:00.0 (33782078)|CODE_UNIT_FINISHED|AccountControllerExtension get(project)
19:57:00.0 (34621348)|CODE_UNIT_STARTED|[EXTERNAL]|01p4E0000008nN6|AccountControllerExtension get(phase)
19:57:00.0 (34631364)|SYSTEM_MODE_ENTER|true
19:57:00.0 (34645107)|CODE_UNIT_STARTED|[EXTERNAL]|01p4E0000008nN6|phase
19:57:00.0 (34655897)|CODE_UNIT_FINISHED|phase
19:57:00.0 (34670640)|CODE_UNIT_FINISHED|AccountControllerExtension get(phase)
19:57:00.0 (36409452)|VF_SERIALIZE_VIEWSTATE_BEGIN|0664E00000007Nc
19:57:00.0 (38868049)|VF_SERIALIZE_VIEWSTATE_END
19:57:00.41 (41675553)|CUMULATIVE_LIMIT_USAGE
19:57:00.41 (41675553)|LIMIT_USAGE_FOR_NS|(default)|
  Number of SOQL queries: 0 out of 100
  Number of query rows: 0 out of 50000
  Number of SOSL queries: 0 out of 20
  Number of DML statements: 0 out of 150
  Number of DML rows: 0 out of 10000
  Maximum CPU time: 0 out of 10000
  Maximum heap size: 0 out of 6000000
  Number of callouts: 0 out of 100
  Number of Email Invocations: 0 out of 10
  Number of future calls: 0 out of 50
  Number of queueable jobs added to the queue: 0 out of 50
  Number of Mobile Apex push calls: 0 out of 10

19:57:00.41 (41675553)|CUMULATIVE_LIMIT_USAGE_END

19:57:00.0 (41721522)|CODE_UNIT_FINISHED|VF: /apex/Change_Status_Phase
19:57:00.0 (42748985)|EXECUTION_FINISHED
