36.0 APEX_CODE,FINEST;APEX_PROFILING,INFO;CALLOUT,INFO;DB,INFO;SYSTEM,DEBUG;VALIDATION,INFO;VISUALFORCE,INFO;WORKFLOW,INFO
19:54:54.0 (321220)|EXECUTION_STARTED
19:54:54.0 (360148)|CODE_UNIT_STARTED|[EXTERNAL]|0664E00000007Nc|VF: /apex/Change_Status_Phase
19:54:54.0 (1030520)|VF_DESERIALIZE_VIEWSTATE_BEGIN|0664E00000007Nc
19:54:54.0 (11450721)|HEAP_ALLOCATE|[72]|Bytes:3
19:54:54.0 (11514973)|HEAP_ALLOCATE|[77]|Bytes:152
19:54:54.0 (11534630)|HEAP_ALLOCATE|[342]|Bytes:408
19:54:54.0 (11555549)|HEAP_ALLOCATE|[355]|Bytes:408
19:54:54.0 (11576441)|HEAP_ALLOCATE|[467]|Bytes:48
19:54:54.0 (11621710)|HEAP_ALLOCATE|[139]|Bytes:6
19:54:54.0 (13740483)|VF_DESERIALIZE_VIEWSTATE_END
19:54:54.0 (15347387)|CODE_UNIT_STARTED|[EXTERNAL]|01p4E0000008nN6|AccountControllerExtension get(project)
19:54:54.0 (15361981)|SYSTEM_MODE_ENTER|true
19:54:54.0 (15402220)|CODE_UNIT_STARTED|[EXTERNAL]|01p4E0000008nN6|project
19:54:54.0 (15420844)|HEAP_ALLOCATE|[EXTERNAL]|Bytes:232
19:54:54.0 (15428466)|HEAP_ALLOCATE|[EXTERNAL]|Bytes:35
19:54:54.0 (15451851)|METHOD_ENTRY|[11]|01p4E0000008nN6|AccountControllerExtension.AccountControllerExtension()
19:54:54.0 (15458185)|STATEMENT_EXECUTE|[11]
19:54:54.0 (15466819)|STATEMENT_EXECUTE|[11]
19:54:54.0 (15507433)|HEAP_ALLOCATE|[50]|Bytes:5
19:54:54.0 (15535834)|HEAP_ALLOCATE|[56]|Bytes:5
19:54:54.0 (15545967)|HEAP_ALLOCATE|[64]|Bytes:7
19:54:54.0 (15575775)|SYSTEM_MODE_ENTER|false
19:54:54.0 (15593849)|HEAP_ALLOCATE|[EXTERNAL]|Bytes:5
19:54:54.0 (15603106)|SYSTEM_MODE_EXIT|false
19:54:54.0 (15615936)|METHOD_EXIT|[11]|AccountControllerExtension
19:54:54.0 (15631369)|CODE_UNIT_FINISHED|project
19:54:54.0 (15659282)|CODE_UNIT_FINISHED|AccountControllerExtension get(project)
19:54:54.0 (25468111)|CODE_UNIT_STARTED|[EXTERNAL]|01p4E0000008nN6|AccountControllerExtension get(phase)
19:54:54.0 (25479344)|SYSTEM_MODE_ENTER|true
19:54:54.0 (25493727)|CODE_UNIT_STARTED|[EXTERNAL]|01p4E0000008nN6|phase
19:54:54.0 (25504701)|CODE_UNIT_FINISHED|phase
19:54:54.0 (25521031)|CODE_UNIT_FINISHED|AccountControllerExtension get(phase)
19:54:54.0 (26645738)|CODE_UNIT_STARTED|[EXTERNAL]|01p4E0000008nN6|AccountControllerExtension get(tempDate)
19:54:54.0 (26656045)|SYSTEM_MODE_ENTER|true
19:54:54.0 (26669660)|CODE_UNIT_STARTED|[EXTERNAL]|01p4E0000008nN6|tempDate
19:54:54.0 (26679592)|CODE_UNIT_FINISHED|tempDate
19:54:54.0 (26695067)|CODE_UNIT_FINISHED|AccountControllerExtension get(tempDate)
19:54:54.0 (27265941)|CODE_UNIT_STARTED|[EXTERNAL]|AccountControllerExtension set(tempDate,null)
19:54:54.0 (27281211)|SYSTEM_MODE_ENTER|true
19:54:54.0 (27296313)|CODE_UNIT_STARTED|[EXTERNAL]|AccountControllerExtension set(tempDate,null)
19:54:54.0 (27329562)|HEAP_ALLOCATE|[EXTERNAL]|Bytes:48
19:54:54.0 (27366679)|VARIABLE_ASSIGNMENT|[EXTERNAL]|this.tempDate|null|0x19361fe7
19:54:54.0 (27374605)|CODE_UNIT_FINISHED|AccountControllerExtension set(tempDate,null)
19:54:54.0 (27389834)|CODE_UNIT_FINISHED|AccountControllerExtension set(tempDate,null)
19:54:54.0 (27427175)|CODE_UNIT_STARTED|[EXTERNAL]|01p4E0000008nN6|AccountControllerExtension get(phase)
19:54:54.0 (27437699)|SYSTEM_MODE_ENTER|true
19:54:54.0 (27452838)|CODE_UNIT_STARTED|[EXTERNAL]|01p4E0000008nN6|phase
19:54:54.0 (27463299)|CODE_UNIT_FINISHED|phase
19:54:54.0 (27477500)|CODE_UNIT_FINISHED|AccountControllerExtension get(phase)
19:54:54.0 (27910815)|CODE_UNIT_STARTED|[EXTERNAL]|01p4E0000008nN6|AccountControllerExtension invoke(updatePhase)
19:54:54.0 (27972235)|HEAP_ALLOCATE|[EXTERNAL]|Bytes:48
19:54:54.0 (27988829)|VARIABLE_SCOPE_BEGIN|[57]|this|AccountControllerExtension|true|false
19:54:54.0 (28086736)|VARIABLE_ASSIGNMENT|[57]|this|{"company":"0x2902ff9a","companyLicenseMarker (1 more) ...":"0x103fa516","ideaMarkers":"0xea96352","markersList":"0x74b45fe2","phase":"Verification","project":"0x6a29f16","projectObj":"0x4af490c1","uniqueMarkers":"0x278e9b9c","verificationMarkers":"0x62f8dfcc"}|0x19361fe7
19:54:54.0 (28109220)|SYSTEM_MODE_ENTER|false
19:54:54.0 (28115010)|HEAP_ALLOCATE|[58]|Bytes:5
19:54:54.0 (28119022)|STATEMENT_EXECUTE|[57]
19:54:54.0 (28120524)|STATEMENT_EXECUTE|[58]
19:54:54.0 (28193753)|VARIABLE_ASSIGNMENT|[EXTERNAL]|this|{"company":"0x2902ff9a","companyLicenseMarker (1 more) ...":"0x103fa516","ideaMarkers":"0xea96352","markersList":"0x74b45fe2","phase":"Verification","project":"0x6a29f16","projectObj":"0x4af490c1","uniqueMarkers":"0x278e9b9c","verificationMarkers":"0x62f8dfcc"}|0x19361fe7
19:54:54.0 (28297458)|VARIABLE_ASSIGNMENT|[EXTERNAL]|this|{"company":"0x2902ff9a","companyLicenseMarker (1 more) ...":"0x103fa516","ideaMarkers":"0xea96352","markersList":"0x74b45fe2","phase":"Verification","project":"0x6a29f16","projectObj":"0x4af490c1","uniqueMarkers":"0x278e9b9c","verificationMarkers":"0x62f8dfcc"}|0x19361fe7
19:54:54.0 (28307721)|VARIABLE_ASSIGNMENT|[EXTERNAL]|value|"Verification"
19:54:54.0 (28317469)|VARIABLE_ASSIGNMENT|[16]|this.phase|"Verification"|0x19361fe7
19:54:54.0 (28330271)|SYSTEM_MODE_EXIT|false
19:54:54.0 (28373695)|CODE_UNIT_FINISHED|AccountControllerExtension invoke(updatePhase)
19:54:54.0 (28408926)|VF_APEX_CALL|j_id3|{!updatePhase}|PageReference: none
19:54:54.0 (31904714)|CODE_UNIT_STARTED|[EXTERNAL]|01p4E0000008nN6|AccountControllerExtension get(project)
19:54:54.0 (31917278)|SYSTEM_MODE_ENTER|true
19:54:54.0 (31931087)|CODE_UNIT_STARTED|[EXTERNAL]|01p4E0000008nN6|project
19:54:54.0 (31942372)|CODE_UNIT_FINISHED|project
19:54:54.0 (31958909)|CODE_UNIT_FINISHED|AccountControllerExtension get(project)
19:54:54.0 (32770161)|CODE_UNIT_STARTED|[EXTERNAL]|01p4E0000008nN6|AccountControllerExtension get(phase)
19:54:54.0 (32780644)|SYSTEM_MODE_ENTER|true
19:54:54.0 (32794334)|CODE_UNIT_STARTED|[EXTERNAL]|01p4E0000008nN6|phase
19:54:54.0 (32804690)|CODE_UNIT_FINISHED|phase
19:54:54.0 (32819937)|CODE_UNIT_FINISHED|AccountControllerExtension get(phase)
19:54:54.0 (34405142)|VF_SERIALIZE_VIEWSTATE_BEGIN|0664E00000007Nc
19:54:54.0 (36292350)|VF_SERIALIZE_VIEWSTATE_END
19:54:54.38 (38780333)|CUMULATIVE_LIMIT_USAGE
19:54:54.38 (38780333)|LIMIT_USAGE_FOR_NS|(default)|
  Number of SOQL queries: 0 out of 100
  Number of query rows: 0 out of 50000
  Number of SOSL queries: 0 out of 20
  Number of DML statements: 0 out of 150
  Number of DML rows: 0 out of 10000
  Maximum CPU time: 0 out of 10000
  Maximum heap size: 0 out of 6000000
  Number of callouts: 0 out of 100
  Number of Email Invocations: 0 out of 10
  Number of future calls: 0 out of 50
  Number of queueable jobs added to the queue: 0 out of 50
  Number of Mobile Apex push calls: 0 out of 10

19:54:54.38 (38780333)|CUMULATIVE_LIMIT_USAGE_END

19:54:54.0 (38821817)|CODE_UNIT_FINISHED|VF: /apex/Change_Status_Phase
19:54:54.0 (39663820)|EXECUTION_FINISHED
