34.0 APEX_CODE,FINEST;APEX_PROFILING,INFO;CALLOUT,INFO;DB,INFO;SYSTEM,DEBUG;VALIDATION,INFO;VISUALFORCE,INFO;WORKFLOW,INFO
10:31:15.0 (421585)|EXECUTION_STARTED
10:31:15.0 (461182)|CODE_UNIT_STARTED|[EXTERNAL]|0664E0000000AIz|VF: /apex/ContactsSearch
10:31:15.0 (1174709)|VF_DESERIALIZE_VIEWSTATE_BEGIN|0664E0000000AIz
10:31:15.0 (11692606)|HEAP_ALLOCATE|[72]|Bytes:3
10:31:15.0 (11746875)|HEAP_ALLOCATE|[77]|Bytes:152
10:31:15.0 (11770394)|HEAP_ALLOCATE|[342]|Bytes:408
10:31:15.0 (11795579)|HEAP_ALLOCATE|[355]|Bytes:408
10:31:15.0 (11819618)|HEAP_ALLOCATE|[467]|Bytes:48
10:31:15.0 (11869939)|HEAP_ALLOCATE|[139]|Bytes:6
10:31:15.0 (11938726)|HEAP_ALLOCATE|[50]|Bytes:5
10:31:15.0 (11967169)|HEAP_ALLOCATE|[56]|Bytes:5
10:31:15.0 (11979289)|HEAP_ALLOCATE|[64]|Bytes:7
10:31:15.0 (14399857)|VF_DESERIALIZE_VIEWSTATE_END
10:31:15.0 (16125658)|CODE_UNIT_STARTED|[EXTERNAL]|01p4E0000008w7W|ContactSearchControllerExtension get(hasSearched)
10:31:15.0 (16142491)|SYSTEM_MODE_ENTER|true
10:31:15.0 (16185012)|CODE_UNIT_STARTED|[EXTERNAL]|01p4E0000008w7W|hasSearched
10:31:15.0 (16454970)|HEAP_ALLOCATE|[EXTERNAL]|Bytes:260
10:31:15.0 (16462755)|HEAP_ALLOCATE|[EXTERNAL]|Bytes:29
10:31:15.0 (16481412)|METHOD_ENTRY|[1]|01p4E0000008w7W|ContactSearchControllerExtension.ContactSearchControllerExtension()
10:31:15.0 (16492153)|STATEMENT_EXECUTE|[1]
10:31:15.0 (16502782)|STATEMENT_EXECUTE|[1]
10:31:15.0 (16518400)|SYSTEM_MODE_ENTER|false
10:31:15.0 (16533869)|HEAP_ALLOCATE|[EXTERNAL]|Bytes:5
10:31:15.0 (16541983)|SYSTEM_MODE_EXIT|false
10:31:15.0 (16558466)|METHOD_EXIT|[1]|ContactSearchControllerExtension
10:31:15.0 (16574238)|HEAP_ALLOCATE|[EXTERNAL]|Bytes:36
10:31:15.0 (16724676)|VARIABLE_ASSIGNMENT|[EXTERNAL]|this|{"contactEmail":"","ctt":"0x5a5b3e","emailStartsWith":true,"firstNameStartsWith":true,"hasSearched":false,"lastNameStartsWith":true,"results":"0x5c9ee9d5"}|0x51a20bd4
10:31:15.0 (16746041)|SYSTEM_MODE_ENTER|false
10:31:15.0 (16751598)|HEAP_ALLOCATE|[24]|Bytes:5
10:31:15.0 (16756313)|STATEMENT_EXECUTE|[23]
10:31:15.0 (16774527)|STATEMENT_EXECUTE|[24]
10:31:15.0 (16777004)|STATEMENT_EXECUTE|[25]
10:31:15.0 (16783069)|SYSTEM_MODE_EXIT|false
10:31:15.0 (16801044)|CODE_UNIT_FINISHED|hasSearched
10:31:15.0 (16826503)|CODE_UNIT_FINISHED|ContactSearchControllerExtension get(hasSearched)
10:31:15.0 (20821600)|CODE_UNIT_STARTED|[EXTERNAL]|01p4E0000008w7W|ContactSearchControllerExtension get(resultsFound)
10:31:15.0 (20832597)|SYSTEM_MODE_ENTER|true
10:31:15.0 (20845146)|CODE_UNIT_STARTED|[EXTERNAL]|01p4E0000008w7W|resultsFound
10:31:15.0 (20882414)|HEAP_ALLOCATE|[EXTERNAL]|Bytes:36
10:31:15.0 (20932274)|VARIABLE_ASSIGNMENT|[EXTERNAL]|this|{"contactEmail":"","ctt":"0x5a5b3e","emailStartsWith":true,"firstNameStartsWith":true,"hasSearched":false,"lastNameStartsWith":true,"results":"0x5c9ee9d5"}|0x51a20bd4
10:31:15.0 (20946087)|SYSTEM_MODE_ENTER|false
10:31:15.0 (20951562)|HEAP_ALLOCATE|[34]|Bytes:5
10:31:15.0 (20955232)|STATEMENT_EXECUTE|[33]
10:31:15.0 (21032438)|VARIABLE_ASSIGNMENT|[EXTERNAL]|this|{"contactEmail":"","ctt":"0x5a5b3e","emailStartsWith":true,"firstNameStartsWith":true,"hasSearched":false,"lastNameStartsWith":true,"results":"0x5c9ee9d5"}|0x51a20bd4
10:31:15.0 (21047744)|HEAP_ALLOCATE|[14]|Bytes:5
10:31:15.0 (21051672)|STATEMENT_EXECUTE|[13]
10:31:15.0 (21056333)|STATEMENT_EXECUTE|[14]
10:31:15.0 (21058650)|STATEMENT_EXECUTE|[15]
10:31:15.0 (21158541)|STATEMENT_EXECUTE|[35]
10:31:15.0 (21165567)|HEAP_ALLOCATE|[35]|Bytes:5
10:31:15.0 (21172004)|SYSTEM_MODE_EXIT|false
10:31:15.0 (21177366)|HEAP_ALLOCATE|[35]|Bytes:5
10:31:15.0 (21189923)|CODE_UNIT_FINISHED|resultsFound
10:31:15.0 (21206607)|CODE_UNIT_FINISHED|ContactSearchControllerExtension get(resultsFound)
10:31:15.0 (21723137)|CODE_UNIT_STARTED|[EXTERNAL]|01p4E0000008w7W|ContactSearchControllerExtension get(lastNameStartsWith)
10:31:15.0 (21732780)|SYSTEM_MODE_ENTER|true
10:31:15.0 (21744655)|CODE_UNIT_STARTED|[EXTERNAL]|01p4E0000008w7W|lastNameStartsWith
10:31:15.0 (21784746)|HEAP_ALLOCATE|[EXTERNAL]|Bytes:36
10:31:15.0 (21836955)|VARIABLE_ASSIGNMENT|[EXTERNAL]|this|{"contactEmail":"","ctt":"0x5a5b3e","emailStartsWith":true,"firstNameStartsWith":true,"hasSearched":false,"lastNameStartsWith":true,"results":"0x5c9ee9d5"}|0x51a20bd4
10:31:15.0 (21851139)|SYSTEM_MODE_ENTER|false
10:31:15.0 (21858473)|HEAP_ALLOCATE|[45]|Bytes:5
10:31:15.0 (21862807)|STATEMENT_EXECUTE|[44]
10:31:15.0 (21866952)|STATEMENT_EXECUTE|[45]
10:31:15.0 (21868593)|STATEMENT_EXECUTE|[46]
10:31:15.0 (21873917)|SYSTEM_MODE_EXIT|false
10:31:15.0 (21889013)|CODE_UNIT_FINISHED|lastNameStartsWith
10:31:15.0 (21905992)|CODE_UNIT_FINISHED|ContactSearchControllerExtension get(lastNameStartsWith)
10:31:15.0 (22270292)|CODE_UNIT_STARTED|[EXTERNAL]|01p4E0000008w7W|ContactSearchControllerExtension get(firstNameStartsWith)
10:31:15.0 (22281336)|SYSTEM_MODE_ENTER|true
10:31:15.0 (22293452)|CODE_UNIT_STARTED|[EXTERNAL]|01p4E0000008w7W|firstNameStartsWith
10:31:15.0 (22328511)|HEAP_ALLOCATE|[EXTERNAL]|Bytes:36
10:31:15.0 (22379474)|VARIABLE_ASSIGNMENT|[EXTERNAL]|this|{"contactEmail":"","ctt":"0x5a5b3e","emailStartsWith":true,"firstNameStartsWith":true,"hasSearched":false,"lastNameStartsWith":true,"results":"0x5c9ee9d5"}|0x51a20bd4
10:31:15.0 (22394755)|SYSTEM_MODE_ENTER|false
10:31:15.0 (22400458)|HEAP_ALLOCATE|[55]|Bytes:5
10:31:15.0 (22404238)|STATEMENT_EXECUTE|[54]
10:31:15.0 (22408496)|STATEMENT_EXECUTE|[55]
10:31:15.0 (22409782)|STATEMENT_EXECUTE|[56]
10:31:15.0 (22414511)|SYSTEM_MODE_EXIT|false
10:31:15.0 (22425141)|CODE_UNIT_FINISHED|firstNameStartsWith
10:31:15.0 (22440146)|CODE_UNIT_FINISHED|ContactSearchControllerExtension get(firstNameStartsWith)
10:31:15.0 (22529069)|CODE_UNIT_STARTED|[EXTERNAL]|01p4E0000008w7W|ContactSearchControllerExtension get(contactEmail)
10:31:15.0 (22538140)|SYSTEM_MODE_ENTER|true
10:31:15.0 (22549681)|CODE_UNIT_STARTED|[EXTERNAL]|01p4E0000008w7W|contactEmail
10:31:15.0 (22584403)|HEAP_ALLOCATE|[EXTERNAL]|Bytes:36
10:31:15.0 (22629793)|VARIABLE_ASSIGNMENT|[EXTERNAL]|this|{"contactEmail":"","ctt":"0x5a5b3e","emailStartsWith":true,"firstNameStartsWith":true,"hasSearched":false,"lastNameStartsWith":true,"results":"0x5c9ee9d5"}|0x51a20bd4
10:31:15.0 (22643178)|SYSTEM_MODE_ENTER|false
10:31:15.0 (22648285)|HEAP_ALLOCATE|[75]|Bytes:5
10:31:15.0 (22651803)|STATEMENT_EXECUTE|[74]
10:31:15.0 (22655433)|STATEMENT_EXECUTE|[75]
10:31:15.0 (22656697)|STATEMENT_EXECUTE|[76]
10:31:15.0 (22660885)|SYSTEM_MODE_EXIT|false
10:31:15.0 (22670929)|CODE_UNIT_FINISHED|contactEmail
10:31:15.0 (22685272)|CODE_UNIT_FINISHED|ContactSearchControllerExtension get(contactEmail)
10:31:15.0 (22775857)|CODE_UNIT_STARTED|[EXTERNAL]|01p4E0000008w7W|ContactSearchControllerExtension get(emailStartsWith)
10:31:15.0 (22785269)|SYSTEM_MODE_ENTER|true
10:31:15.0 (22796873)|CODE_UNIT_STARTED|[EXTERNAL]|01p4E0000008w7W|emailStartsWith
10:31:15.0 (22830333)|HEAP_ALLOCATE|[EXTERNAL]|Bytes:36
10:31:15.0 (22874763)|VARIABLE_ASSIGNMENT|[EXTERNAL]|this|{"contactEmail":"","ctt":"0x5a5b3e","emailStartsWith":true,"firstNameStartsWith":true,"hasSearched":false,"lastNameStartsWith":true,"results":"0x5c9ee9d5"}|0x51a20bd4
10:31:15.0 (22887415)|SYSTEM_MODE_ENTER|false
10:31:15.0 (22892566)|HEAP_ALLOCATE|[65]|Bytes:5
10:31:15.0 (22896024)|STATEMENT_EXECUTE|[64]
10:31:15.0 (22903569)|STATEMENT_EXECUTE|[65]
10:31:15.0 (22905314)|STATEMENT_EXECUTE|[66]
10:31:15.0 (22910043)|SYSTEM_MODE_EXIT|false
10:31:15.0 (22920948)|CODE_UNIT_FINISHED|emailStartsWith
10:31:15.0 (22938220)|CODE_UNIT_FINISHED|ContactSearchControllerExtension get(emailStartsWith)
10:31:15.24 (24170717)|HEAP_ALLOCATE|[EXTERNAL]|Bytes:-4
10:31:15.0 (24245228)|CODE_UNIT_STARTED|[EXTERNAL]|ContactSearchControllerExtension set(lastNameStartsWith,true)
10:31:15.0 (24256108)|SYSTEM_MODE_ENTER|true
10:31:15.0 (24271845)|CODE_UNIT_STARTED|[EXTERNAL]|ContactSearchControllerExtension set(lastNameStartsWith,true)
10:31:15.0 (24356328)|HEAP_ALLOCATE|[EXTERNAL]|Bytes:36
10:31:15.0 (24363188)|HEAP_ALLOCATE|[EXTERNAL]|Bytes:5
10:31:15.0 (24409571)|VARIABLE_ASSIGNMENT|[EXTERNAL]|this|{"contactEmail":"","ctt":"0x5a5b3e","emailStartsWith":true,"firstNameStartsWith":true,"hasSearched":false,"lastNameStartsWith":true,"results":"0x5c9ee9d5"}|0x51a20bd4
10:31:15.0 (24421245)|VARIABLE_ASSIGNMENT|[EXTERNAL]|value|true
10:31:15.0 (24432788)|SYSTEM_MODE_ENTER|false
10:31:15.0 (24437764)|HEAP_ALLOCATE|[48]|Bytes:5
10:31:15.0 (24441416)|STATEMENT_EXECUTE|[48]
10:31:15.0 (24442941)|STATEMENT_EXECUTE|[48]
10:31:15.0 (24458549)|VARIABLE_ASSIGNMENT|[48]|this.lastNameStartsWith|true|0x51a20bd4
10:31:15.0 (24464673)|SYSTEM_MODE_EXIT|false
10:31:15.0 (24480745)|CODE_UNIT_FINISHED|ContactSearchControllerExtension set(lastNameStartsWith,true)
10:31:15.0 (24496570)|CODE_UNIT_FINISHED|ContactSearchControllerExtension set(lastNameStartsWith,true)
10:31:15.0 (24665647)|CODE_UNIT_STARTED|[EXTERNAL]|ContactSearchControllerExtension set(firstNameStartsWith,true)
10:31:15.0 (24674928)|SYSTEM_MODE_ENTER|true
10:31:15.0 (24687189)|CODE_UNIT_STARTED|[EXTERNAL]|ContactSearchControllerExtension set(firstNameStartsWith,true)
10:31:15.0 (24758694)|HEAP_ALLOCATE|[EXTERNAL]|Bytes:36
10:31:15.0 (24790207)|HEAP_ALLOCATE|[EXTERNAL]|Bytes:5
10:31:15.0 (24841740)|VARIABLE_ASSIGNMENT|[EXTERNAL]|this|{"contactEmail":"","ctt":"0x5a5b3e","emailStartsWith":true,"firstNameStartsWith":true,"hasSearched":false,"lastNameStartsWith":true,"results":"0x5c9ee9d5"}|0x51a20bd4
10:31:15.0 (24853651)|VARIABLE_ASSIGNMENT|[EXTERNAL]|value|true
10:31:15.0 (24867112)|SYSTEM_MODE_ENTER|false
10:31:15.0 (24872739)|HEAP_ALLOCATE|[58]|Bytes:5
10:31:15.0 (24876553)|STATEMENT_EXECUTE|[58]
10:31:15.0 (24878067)|STATEMENT_EXECUTE|[58]
10:31:15.0 (24891550)|VARIABLE_ASSIGNMENT|[58]|this.firstNameStartsWith|true|0x51a20bd4
10:31:15.0 (24902385)|SYSTEM_MODE_EXIT|false
10:31:15.0 (24916556)|CODE_UNIT_FINISHED|ContactSearchControllerExtension set(firstNameStartsWith,true)
10:31:15.0 (24936246)|CODE_UNIT_FINISHED|ContactSearchControllerExtension set(firstNameStartsWith,true)
10:31:15.0 (24989708)|CODE_UNIT_STARTED|[EXTERNAL]|ContactSearchControllerExtension set(contactEmail,)
10:31:15.0 (24998716)|SYSTEM_MODE_ENTER|true
10:31:15.0 (25011624)|CODE_UNIT_STARTED|[EXTERNAL]|ContactSearchControllerExtension set(contactEmail,)
10:31:15.0 (25087536)|HEAP_ALLOCATE|[EXTERNAL]|Bytes:36
10:31:15.0 (25141730)|VARIABLE_ASSIGNMENT|[EXTERNAL]|this|{"contactEmail":"","ctt":"0x5a5b3e","emailStartsWith":true,"firstNameStartsWith":true,"hasSearched":false,"lastNameStartsWith":true,"results":"0x5c9ee9d5"}|0x51a20bd4
10:31:15.0 (25153526)|VARIABLE_ASSIGNMENT|[EXTERNAL]|value|""
10:31:15.0 (25168021)|SYSTEM_MODE_ENTER|false
10:31:15.0 (25173651)|HEAP_ALLOCATE|[78]|Bytes:5
10:31:15.0 (25177515)|STATEMENT_EXECUTE|[78]
10:31:15.0 (25178812)|STATEMENT_EXECUTE|[78]
10:31:15.0 (25191754)|VARIABLE_ASSIGNMENT|[78]|this.contactEmail|""|0x51a20bd4
10:31:15.0 (25197545)|SYSTEM_MODE_EXIT|false
10:31:15.0 (25210883)|CODE_UNIT_FINISHED|ContactSearchControllerExtension set(contactEmail,)
10:31:15.0 (25226364)|CODE_UNIT_FINISHED|ContactSearchControllerExtension set(contactEmail,)
10:31:15.0 (25270122)|CODE_UNIT_STARTED|[EXTERNAL]|ContactSearchControllerExtension set(emailStartsWith,true)
10:31:15.0 (25278660)|SYSTEM_MODE_ENTER|true
10:31:15.0 (25289968)|CODE_UNIT_STARTED|[EXTERNAL]|ContactSearchControllerExtension set(emailStartsWith,true)
10:31:15.0 (25352091)|HEAP_ALLOCATE|[EXTERNAL]|Bytes:36
10:31:15.0 (25357823)|HEAP_ALLOCATE|[EXTERNAL]|Bytes:5
10:31:15.0 (25400445)|VARIABLE_ASSIGNMENT|[EXTERNAL]|this|{"contactEmail":"","ctt":"0x5a5b3e","emailStartsWith":true,"firstNameStartsWith":true,"hasSearched":false,"lastNameStartsWith":true,"results":"0x5c9ee9d5"}|0x51a20bd4
10:31:15.0 (25411199)|VARIABLE_ASSIGNMENT|[EXTERNAL]|value|true
10:31:15.0 (25422159)|SYSTEM_MODE_ENTER|false
10:31:15.0 (25427098)|HEAP_ALLOCATE|[68]|Bytes:5
10:31:15.0 (25430554)|STATEMENT_EXECUTE|[68]
10:31:15.0 (25431935)|STATEMENT_EXECUTE|[68]
10:31:15.0 (25443749)|VARIABLE_ASSIGNMENT|[68]|this.emailStartsWith|true|0x51a20bd4
10:31:15.0 (25449153)|SYSTEM_MODE_EXIT|false
10:31:15.0 (25462079)|CODE_UNIT_FINISHED|ContactSearchControllerExtension set(emailStartsWith,true)
10:31:15.0 (25477579)|CODE_UNIT_FINISHED|ContactSearchControllerExtension set(emailStartsWith,true)
10:31:15.25 (25699847)|HEAP_ALLOCATE|[EXTERNAL]|Bytes:-4
10:31:15.0 (25765052)|CODE_UNIT_STARTED|[EXTERNAL]|ContactSearchControllerExtension set(emailStartsWith,true)
10:31:15.0 (25777984)|SYSTEM_MODE_ENTER|true
10:31:15.0 (25790835)|CODE_UNIT_STARTED|[EXTERNAL]|ContactSearchControllerExtension set(emailStartsWith,true)
10:31:15.0 (25849810)|HEAP_ALLOCATE|[EXTERNAL]|Bytes:36
10:31:15.0 (25857801)|HEAP_ALLOCATE|[EXTERNAL]|Bytes:5
10:31:15.0 (25903915)|VARIABLE_ASSIGNMENT|[EXTERNAL]|this|{"contactEmail":"","ctt":"0x5a5b3e","emailStartsWith":true,"firstNameStartsWith":true,"hasSearched":false,"lastNameStartsWith":true,"results":"0x5c9ee9d5"}|0x51a20bd4
10:31:15.0 (25913001)|VARIABLE_ASSIGNMENT|[EXTERNAL]|value|true
10:31:15.0 (25925147)|SYSTEM_MODE_ENTER|false
10:31:15.0 (25931054)|HEAP_ALLOCATE|[68]|Bytes:5
10:31:15.0 (25934815)|STATEMENT_EXECUTE|[68]
10:31:15.0 (25936244)|STATEMENT_EXECUTE|[68]
10:31:15.0 (25948440)|VARIABLE_ASSIGNMENT|[68]|this.emailStartsWith|true|0x51a20bd4
10:31:15.0 (25957866)|SYSTEM_MODE_EXIT|false
10:31:15.0 (25971312)|CODE_UNIT_FINISHED|ContactSearchControllerExtension set(emailStartsWith,true)
10:31:15.0 (25989455)|CODE_UNIT_FINISHED|ContactSearchControllerExtension set(emailStartsWith,true)
10:31:15.0 (26033542)|CODE_UNIT_STARTED|[EXTERNAL]|01p4E0000008w7W|ContactSearchControllerExtension get(resultsFound)
10:31:15.0 (26043212)|SYSTEM_MODE_ENTER|true
10:31:15.0 (26054953)|CODE_UNIT_STARTED|[EXTERNAL]|01p4E0000008w7W|resultsFound
10:31:15.0 (26083890)|HEAP_ALLOCATE|[EXTERNAL]|Bytes:36
10:31:15.0 (26125384)|VARIABLE_ASSIGNMENT|[EXTERNAL]|this|{"contactEmail":"","ctt":"0x5a5b3e","emailStartsWith":true,"firstNameStartsWith":true,"hasSearched":false,"lastNameStartsWith":true,"results":"0x5c9ee9d5"}|0x51a20bd4
10:31:15.0 (26137855)|SYSTEM_MODE_ENTER|false
10:31:15.0 (26142758)|HEAP_ALLOCATE|[34]|Bytes:5
10:31:15.0 (26146771)|STATEMENT_EXECUTE|[33]
10:31:15.0 (26186589)|VARIABLE_ASSIGNMENT|[EXTERNAL]|this|{"contactEmail":"","ctt":"0x5a5b3e","emailStartsWith":true,"firstNameStartsWith":true,"hasSearched":false,"lastNameStartsWith":true,"results":"0x5c9ee9d5"}|0x51a20bd4
10:31:15.0 (26194646)|HEAP_ALLOCATE|[14]|Bytes:5
10:31:15.0 (26198034)|STATEMENT_EXECUTE|[13]
10:31:15.0 (26200176)|STATEMENT_EXECUTE|[14]
10:31:15.0 (26201361)|STATEMENT_EXECUTE|[15]
10:31:15.0 (26218370)|STATEMENT_EXECUTE|[35]
10:31:15.0 (26221759)|HEAP_ALLOCATE|[35]|Bytes:5
10:31:15.0 (26227376)|SYSTEM_MODE_EXIT|false
10:31:15.0 (26231215)|HEAP_ALLOCATE|[35]|Bytes:5
10:31:15.0 (26240350)|CODE_UNIT_FINISHED|resultsFound
10:31:15.0 (26254671)|CODE_UNIT_FINISHED|ContactSearchControllerExtension get(resultsFound)
10:31:15.0 (26452127)|CODE_UNIT_STARTED|[EXTERNAL]|01p4E0000008w7W|ContactSearchControllerExtension invoke(searchContacts)
10:31:15.0 (26499440)|HEAP_ALLOCATE|[EXTERNAL]|Bytes:36
10:31:15.0 (26513286)|VARIABLE_SCOPE_BEGIN|[81]|this|ContactSearchControllerExtension|true|false
10:31:15.0 (26555176)|VARIABLE_ASSIGNMENT|[81]|this|{"contactEmail":"","ctt":"0x5a5b3e","emailStartsWith":true,"firstNameStartsWith":true,"hasSearched":false,"lastNameStartsWith":true,"results":"0x5c9ee9d5"}|0x51a20bd4
10:31:15.0 (26574469)|SYSTEM_MODE_ENTER|false
10:31:15.0 (26580245)|HEAP_ALLOCATE|[83]|Bytes:5
10:31:15.0 (26584142)|STATEMENT_EXECUTE|[82]
10:31:15.0 (26585634)|STATEMENT_EXECUTE|[83]
10:31:15.0 (26657098)|VARIABLE_ASSIGNMENT|[EXTERNAL]|this|{"contactEmail":"","ctt":"0x5a5b3e","emailStartsWith":true,"firstNameStartsWith":true,"hasSearched":false,"lastNameStartsWith":true,"results":"0x5c9ee9d5"}|0x51a20bd4
10:31:15.0 (26671129)|HEAP_ALLOCATE|[14]|Bytes:5
10:31:15.0 (26675125)|STATEMENT_EXECUTE|[13]
10:31:15.0 (26677571)|STATEMENT_EXECUTE|[14]
10:31:15.0 (26678780)|STATEMENT_EXECUTE|[15]
10:31:15.0 (26705788)|STATEMENT_EXECUTE|[84]
10:31:15.0 (26798128)|VARIABLE_ASSIGNMENT|[EXTERNAL]|this|{"contactEmail":"","ctt":"0x5a5b3e","emailStartsWith":true,"firstNameStartsWith":true,"hasSearched":false,"lastNameStartsWith":true,"results":"0x5c9ee9d5"}|0x51a20bd4
10:31:15.0 (26810785)|VARIABLE_ASSIGNMENT|[EXTERNAL]|value|true
10:31:15.0 (26817611)|HEAP_ALLOCATE|[27]|Bytes:5
10:31:15.0 (26821271)|STATEMENT_EXECUTE|[27]
10:31:15.0 (26823017)|STATEMENT_EXECUTE|[27]
10:31:15.0 (26826390)|HEAP_ALLOCATE|[27]|Bytes:5
10:31:15.0 (26836555)|VARIABLE_ASSIGNMENT|[27]|this.hasSearched|true|0x51a20bd4
10:31:15.0 (26951809)|STATEMENT_EXECUTE|[87]
10:31:15.0 (26958880)|STATEMENT_EXECUTE|[93]
10:31:15.0 (26960246)|STATEMENT_EXECUTE|[101]
10:31:15.0 (26963721)|HEAP_ALLOCATE|[101]|Bytes:99
10:31:15.0 (26969158)|VARIABLE_SCOPE_BEGIN|[101]|soqlQuery|String|false|false
10:31:15.0 (26983627)|VARIABLE_ASSIGNMENT|[101]|soqlQuery|"select Id, Name, Ema (79 more) ..."
10:31:15.0 (26995128)|STATEMENT_EXECUTE|[103]
10:31:15.0 (27060293)|VARIABLE_ASSIGNMENT|[EXTERNAL]|this|{"contactEmail":"","ctt":"0x5a5b3e","emailStartsWith":true,"firstNameStartsWith":true,"hasSearched":true,"lastNameStartsWith":true,"results":"0x5c9ee9d5"}|0x51a20bd4
10:31:15.0 (27072466)|HEAP_ALLOCATE|[45]|Bytes:5
10:31:15.0 (27076906)|STATEMENT_EXECUTE|[44]
10:31:15.0 (27079240)|STATEMENT_EXECUTE|[45]
10:31:15.0 (27080368)|STATEMENT_EXECUTE|[46]
10:31:15.0 (27090261)|STATEMENT_EXECUTE|[105]
10:31:15.0 (27093786)|HEAP_ALLOCATE|[105]|Bytes:19
10:31:15.0 (27102092)|HEAP_ALLOCATE|[105]|Bytes:1
10:31:15.0 (27104790)|HEAP_ALLOCATE|[105]|Bytes:2
10:31:15.0 (27153924)|HEAP_ALLOCATE|[105]|Bytes:6
10:31:15.0 (27167826)|HEAP_ALLOCATE|[105]|Bytes:3
10:31:15.0 (27180118)|HEAP_ALLOCATE|[105]|Bytes:28
10:31:15.0 (27187100)|HEAP_ALLOCATE|[105]|Bytes:127
10:31:15.0 (27200580)|VARIABLE_ASSIGNMENT|[105]|soqlQuery|"select Id, Name, Ema (107 more) ..."
10:31:15.0 (27207781)|STATEMENT_EXECUTE|[109]
10:31:15.0 (27264012)|VARIABLE_ASSIGNMENT|[EXTERNAL]|this|{"contactEmail":"","ctt":"0x5a5b3e","emailStartsWith":true,"firstNameStartsWith":true,"hasSearched":true,"lastNameStartsWith":true,"results":"0x5c9ee9d5"}|0x51a20bd4
10:31:15.0 (27272956)|HEAP_ALLOCATE|[75]|Bytes:5
10:31:15.0 (27276438)|STATEMENT_EXECUTE|[74]
10:31:15.0 (27278624)|STATEMENT_EXECUTE|[75]
10:31:15.0 (27279783)|STATEMENT_EXECUTE|[76]
10:31:15.0 (27308560)|STATEMENT_EXECUTE|[116]
10:31:15.0 (27310656)|STATEMENT_EXECUTE|[124]
10:31:15.0 (27313867)|HEAP_ALLOCATE|[124]|Bytes:24
10:31:15.0 (27319546)|HEAP_ALLOCATE|[124]|Bytes:151
10:31:15.0 (27332080)|VARIABLE_ASSIGNMENT|[124]|soqlQuery|"select Id, Name, Ema (131 more) ..."
10:31:15.0 (27334809)|STATEMENT_EXECUTE|[126]
10:31:15.0 (31321637)|SOQL_EXECUTE_BEGIN|[126]|Aggregations:0|select Id, Name, Email, AccountId, Account.Name, OwnerId, Owner.Name from Contact where Id != null and LastName like 'Robert%' order by Name limit 1000
10:31:15.0 (43529930)|SOQL_EXECUTE_END|[126]|Rows:1
10:31:15.0 (43550434)|HEAP_ALLOCATE|[126]|Bytes:8
10:31:15.0 (43575071)|HEAP_ALLOCATE|[126]|Bytes:268
10:31:15.0 (43614274)|HEAP_ALLOCATE|[126]|Bytes:8
10:31:15.0 (43719747)|VARIABLE_ASSIGNMENT|[EXTERNAL]|this|{"contactEmail":"","ctt":"0x5a5b3e","emailStartsWith":true,"firstNameStartsWith":true,"hasSearched":true,"lastNameStartsWith":true,"results":"0x5c9ee9d5"}|0x51a20bd4
10:31:15.0 (43772514)|VARIABLE_ASSIGNMENT|[EXTERNAL]|value|{"s":1,"v":[{"s":2,"v":{"Id":"0034E000002LaXvQAK","Name":"Anders Robertsson","Email":"anders.robertsson@co (12 more) ...","AccountId":"0014E0000034iyXQAQ","OwnerId":"00558000000LPqZAAW","Account":{"s":3,"v":{"Name":"Cystapep","Id":"0014E0000034iyXQAQ"}},"Owner":{"s":4,"v":{"Name":"Martin Haagen","Id":"00558000000LPqZAAW"}}}}]}|0x1edde39e
10:31:15.0 (43784345)|HEAP_ALLOCATE|[17]|Bytes:5
10:31:15.0 (43788475)|STATEMENT_EXECUTE|[17]
10:31:15.0 (43790433)|STATEMENT_EXECUTE|[17]
10:31:15.0 (43822067)|VARIABLE_ASSIGNMENT|[17]|this.results|{"s":1,"v":[{"s":2,"v":{"Id":"0034E000002LaXvQAK","Name":"Anders Robertsson","Email":"anders.robertsson@co (12 more) ...","AccountId":"0014E0000034iyXQAQ","OwnerId":"00558000000LPqZAAW","Account":{"s":3,"v":{"Name":"Cystapep","Id":"0014E0000034iyXQAQ"}},"Owner":{"s":4,"v":{"Name":"Martin Haagen","Id":"00558000000LPqZAAW"}}}}]}|0x51a20bd4
10:31:15.0 (43895972)|VARIABLE_ASSIGNMENT|[EXTERNAL]|this|{"contactEmail":"","ctt":"0x5a5b3e","emailStartsWith":true,"firstNameStartsWith":true,"hasSearched":true,"lastNameStartsWith":true,"results":"0x1edde39e"}|0x51a20bd4
10:31:15.0 (43905111)|HEAP_ALLOCATE|[14]|Bytes:5
10:31:15.0 (43908857)|STATEMENT_EXECUTE|[13]
10:31:15.0 (43911365)|STATEMENT_EXECUTE|[14]
10:31:15.0 (43912570)|STATEMENT_EXECUTE|[15]
10:31:15.0 (43940657)|STATEMENT_EXECUTE|[128]
10:31:15.0 (43943131)|STATEMENT_EXECUTE|[131]
10:31:15.0 (43949789)|SYSTEM_MODE_EXIT|false
10:31:15.0 (44003606)|CODE_UNIT_FINISHED|ContactSearchControllerExtension invoke(searchContacts)
10:31:15.0 (44056910)|VF_APEX_CALL|btnSearch|{!searchContacts}|PageReference: none
10:31:15.0 (48179796)|CODE_UNIT_STARTED|[EXTERNAL]|01p4E0000008w7W|ContactSearchControllerExtension get(hasSearched)
10:31:15.0 (48198497)|SYSTEM_MODE_ENTER|true
10:31:15.0 (48215206)|CODE_UNIT_STARTED|[EXTERNAL]|01p4E0000008w7W|hasSearched
10:31:15.0 (48256135)|HEAP_ALLOCATE|[EXTERNAL]|Bytes:36
10:31:15.0 (48303985)|VARIABLE_ASSIGNMENT|[EXTERNAL]|this|{"contactEmail":"","ctt":"0x5a5b3e","emailStartsWith":true,"firstNameStartsWith":true,"hasSearched":true,"lastNameStartsWith":true,"results":"0x1edde39e"}|0x51a20bd4
10:31:15.0 (48318255)|SYSTEM_MODE_ENTER|false
10:31:15.0 (48323708)|HEAP_ALLOCATE|[24]|Bytes:5
10:31:15.0 (48327670)|STATEMENT_EXECUTE|[23]
10:31:15.0 (48330285)|STATEMENT_EXECUTE|[24]
10:31:15.0 (48331676)|STATEMENT_EXECUTE|[25]
10:31:15.0 (48335461)|SYSTEM_MODE_EXIT|false
10:31:15.0 (48345790)|CODE_UNIT_FINISHED|hasSearched
10:31:15.0 (48361512)|CODE_UNIT_FINISHED|ContactSearchControllerExtension get(hasSearched)
10:31:15.0 (49708913)|CODE_UNIT_STARTED|[EXTERNAL]|01p4E0000008w7W|ContactSearchControllerExtension get(resultsFound)
10:31:15.0 (49721013)|SYSTEM_MODE_ENTER|true
10:31:15.0 (49735288)|CODE_UNIT_STARTED|[EXTERNAL]|01p4E0000008w7W|resultsFound
10:31:15.0 (49776157)|HEAP_ALLOCATE|[EXTERNAL]|Bytes:36
10:31:15.0 (49825593)|VARIABLE_ASSIGNMENT|[EXTERNAL]|this|{"contactEmail":"","ctt":"0x5a5b3e","emailStartsWith":true,"firstNameStartsWith":true,"hasSearched":true,"lastNameStartsWith":true,"results":"0x1edde39e"}|0x51a20bd4
10:31:15.0 (49841505)|SYSTEM_MODE_ENTER|false
10:31:15.0 (49847338)|HEAP_ALLOCATE|[34]|Bytes:5
10:31:15.0 (49851483)|STATEMENT_EXECUTE|[33]
10:31:15.0 (49900631)|VARIABLE_ASSIGNMENT|[EXTERNAL]|this|{"contactEmail":"","ctt":"0x5a5b3e","emailStartsWith":true,"firstNameStartsWith":true,"hasSearched":true,"lastNameStartsWith":true,"results":"0x1edde39e"}|0x51a20bd4
10:31:15.0 (49909549)|HEAP_ALLOCATE|[14]|Bytes:5
10:31:15.0 (49913315)|STATEMENT_EXECUTE|[13]
10:31:15.0 (49915565)|STATEMENT_EXECUTE|[14]
10:31:15.0 (49916932)|STATEMENT_EXECUTE|[15]
10:31:15.0 (49936857)|STATEMENT_EXECUTE|[37]
10:31:15.0 (49940964)|HEAP_ALLOCATE|[37]|Bytes:5
10:31:15.0 (49947089)|SYSTEM_MODE_EXIT|false
10:31:15.0 (49951222)|HEAP_ALLOCATE|[37]|Bytes:5
10:31:15.0 (49960958)|CODE_UNIT_FINISHED|resultsFound
10:31:15.0 (49975863)|CODE_UNIT_FINISHED|ContactSearchControllerExtension get(resultsFound)
10:31:15.0 (50090362)|CODE_UNIT_STARTED|[EXTERNAL]|01p4E0000008w7W|ContactSearchControllerExtension get(results)
10:31:15.0 (50100712)|SYSTEM_MODE_ENTER|true
10:31:15.0 (50112318)|CODE_UNIT_STARTED|[EXTERNAL]|01p4E0000008w7W|results
10:31:15.0 (50145844)|HEAP_ALLOCATE|[EXTERNAL]|Bytes:36
10:31:15.0 (50190698)|VARIABLE_ASSIGNMENT|[EXTERNAL]|this|{"contactEmail":"","ctt":"0x5a5b3e","emailStartsWith":true,"firstNameStartsWith":true,"hasSearched":true,"lastNameStartsWith":true,"results":"0x1edde39e"}|0x51a20bd4
10:31:15.0 (50209734)|SYSTEM_MODE_ENTER|false
10:31:15.0 (50215248)|HEAP_ALLOCATE|[14]|Bytes:5
10:31:15.0 (50218777)|STATEMENT_EXECUTE|[13]
10:31:15.0 (50221119)|STATEMENT_EXECUTE|[14]
10:31:15.0 (50222388)|STATEMENT_EXECUTE|[15]
10:31:15.0 (50226045)|SYSTEM_MODE_EXIT|false
10:31:15.0 (50237657)|CODE_UNIT_FINISHED|results
10:31:15.0 (50253159)|CODE_UNIT_FINISHED|ContactSearchControllerExtension get(results)
10:31:15.0 (54882037)|CODE_UNIT_STARTED|[EXTERNAL]|01p4E0000008w7W|ContactSearchControllerExtension get(lastNameStartsWith)
10:31:15.0 (54896207)|SYSTEM_MODE_ENTER|true
10:31:15.0 (54910757)|CODE_UNIT_STARTED|[EXTERNAL]|01p4E0000008w7W|lastNameStartsWith
10:31:15.0 (54952903)|HEAP_ALLOCATE|[EXTERNAL]|Bytes:36
10:31:15.0 (55005706)|VARIABLE_ASSIGNMENT|[EXTERNAL]|this|{"contactEmail":"","ctt":"0x5a5b3e","emailStartsWith":true,"firstNameStartsWith":true,"hasSearched":true,"lastNameStartsWith":true,"results":"0x1edde39e"}|0x51a20bd4
10:31:15.0 (55021848)|SYSTEM_MODE_ENTER|false
10:31:15.0 (55027682)|HEAP_ALLOCATE|[45]|Bytes:5
10:31:15.0 (55031711)|STATEMENT_EXECUTE|[44]
10:31:15.0 (55034285)|STATEMENT_EXECUTE|[45]
10:31:15.0 (55035497)|STATEMENT_EXECUTE|[46]
10:31:15.0 (55039365)|SYSTEM_MODE_EXIT|false
10:31:15.0 (55053835)|CODE_UNIT_FINISHED|lastNameStartsWith
10:31:15.0 (55071416)|CODE_UNIT_FINISHED|ContactSearchControllerExtension get(lastNameStartsWith)
10:31:15.0 (55977999)|CODE_UNIT_STARTED|[EXTERNAL]|01p4E0000008w7W|ContactSearchControllerExtension get(firstNameStartsWith)
10:31:15.0 (55991243)|SYSTEM_MODE_ENTER|true
10:31:15.0 (56004941)|CODE_UNIT_STARTED|[EXTERNAL]|01p4E0000008w7W|firstNameStartsWith
10:31:15.0 (56041263)|HEAP_ALLOCATE|[EXTERNAL]|Bytes:36
10:31:15.0 (56093028)|VARIABLE_ASSIGNMENT|[EXTERNAL]|this|{"contactEmail":"","ctt":"0x5a5b3e","emailStartsWith":true,"firstNameStartsWith":true,"hasSearched":true,"lastNameStartsWith":true,"results":"0x1edde39e"}|0x51a20bd4
10:31:15.0 (56108522)|SYSTEM_MODE_ENTER|false
10:31:15.0 (56114626)|HEAP_ALLOCATE|[55]|Bytes:5
10:31:15.0 (56118894)|STATEMENT_EXECUTE|[54]
10:31:15.0 (56121763)|STATEMENT_EXECUTE|[55]
10:31:15.0 (56123182)|STATEMENT_EXECUTE|[56]
10:31:15.0 (56127393)|SYSTEM_MODE_EXIT|false
10:31:15.0 (56138021)|CODE_UNIT_FINISHED|firstNameStartsWith
10:31:15.0 (56157147)|CODE_UNIT_FINISHED|ContactSearchControllerExtension get(firstNameStartsWith)
10:31:15.0 (56508754)|CODE_UNIT_STARTED|[EXTERNAL]|01p4E0000008w7W|ContactSearchControllerExtension get(contactEmail)
10:31:15.0 (56517963)|SYSTEM_MODE_ENTER|true
10:31:15.0 (56529994)|CODE_UNIT_STARTED|[EXTERNAL]|01p4E0000008w7W|contactEmail
10:31:15.0 (56560448)|HEAP_ALLOCATE|[EXTERNAL]|Bytes:36
10:31:15.0 (56604102)|VARIABLE_ASSIGNMENT|[EXTERNAL]|this|{"contactEmail":"","ctt":"0x5a5b3e","emailStartsWith":true,"firstNameStartsWith":true,"hasSearched":true,"lastNameStartsWith":true,"results":"0x1edde39e"}|0x51a20bd4
10:31:15.0 (56617982)|SYSTEM_MODE_ENTER|false
10:31:15.0 (56623185)|HEAP_ALLOCATE|[75]|Bytes:5
10:31:15.0 (56626996)|STATEMENT_EXECUTE|[74]
10:31:15.0 (56629877)|STATEMENT_EXECUTE|[75]
10:31:15.0 (56631445)|STATEMENT_EXECUTE|[76]
10:31:15.0 (56635420)|SYSTEM_MODE_EXIT|false
10:31:15.0 (56645722)|CODE_UNIT_FINISHED|contactEmail
10:31:15.0 (56660564)|CODE_UNIT_FINISHED|ContactSearchControllerExtension get(contactEmail)
10:31:15.0 (56867811)|CODE_UNIT_STARTED|[EXTERNAL]|01p4E0000008w7W|ContactSearchControllerExtension get(emailStartsWith)
10:31:15.0 (56877489)|SYSTEM_MODE_ENTER|true
10:31:15.0 (56892275)|CODE_UNIT_STARTED|[EXTERNAL]|01p4E0000008w7W|emailStartsWith
10:31:15.0 (56929672)|HEAP_ALLOCATE|[EXTERNAL]|Bytes:36
10:31:15.0 (56979115)|VARIABLE_ASSIGNMENT|[EXTERNAL]|this|{"contactEmail":"","ctt":"0x5a5b3e","emailStartsWith":true,"firstNameStartsWith":true,"hasSearched":true,"lastNameStartsWith":true,"results":"0x1edde39e"}|0x51a20bd4
10:31:15.0 (56993481)|SYSTEM_MODE_ENTER|false
10:31:15.0 (57000456)|HEAP_ALLOCATE|[65]|Bytes:5
10:31:15.0 (57006033)|STATEMENT_EXECUTE|[64]
10:31:15.0 (57008525)|STATEMENT_EXECUTE|[65]
10:31:15.0 (57009899)|STATEMENT_EXECUTE|[66]
10:31:15.0 (57014322)|SYSTEM_MODE_EXIT|false
10:31:15.0 (57024680)|CODE_UNIT_FINISHED|emailStartsWith
10:31:15.0 (57044491)|CODE_UNIT_FINISHED|ContactSearchControllerExtension get(emailStartsWith)
10:31:15.0 (63556402)|VF_SERIALIZE_VIEWSTATE_BEGIN|0664E0000000AIz
10:31:15.0 (65673664)|VF_SERIALIZE_VIEWSTATE_END
10:31:15.70 (70396610)|CUMULATIVE_LIMIT_USAGE
10:31:15.70 (70396610)|LIMIT_USAGE_FOR_NS|(default)|
  Number of SOQL queries: 1 out of 100
  Number of query rows: 1 out of 50000
  Number of SOSL queries: 0 out of 20
  Number of DML statements: 0 out of 150
  Number of DML rows: 0 out of 10000
  Maximum CPU time: 0 out of 10000
  Maximum heap size: 0 out of 6000000
  Number of callouts: 0 out of 100
  Number of Email Invocations: 0 out of 10
  Number of future calls: 0 out of 50
  Number of queueable jobs added to the queue: 0 out of 50
  Number of Mobile Apex push calls: 0 out of 10

10:31:15.70 (70396610)|CUMULATIVE_LIMIT_USAGE_END

10:31:15.0 (70447706)|CODE_UNIT_FINISHED|VF: /apex/ContactsSearch
10:31:15.0 (71587602)|EXECUTION_FINISHED
