36.0 APEX_CODE,FINEST;APEX_PROFILING,INFO;CALLOUT,INFO;DB,INFO;SYSTEM,DEBUG;VALIDATION,INFO;VISUALFORCE,INFO;WORKFLOW,INFO
19:55:02.0 (73722)|EXECUTION_STARTED
19:55:02.0 (110594)|CODE_UNIT_STARTED|[EXTERNAL]|0664E00000007Nc|VF: /apex/Change_Status_Phase
19:55:02.0 (321904)|VF_DESERIALIZE_VIEWSTATE_BEGIN|0664E00000007Nc
19:55:02.0 (7415300)|HEAP_ALLOCATE|[72]|Bytes:3
19:55:02.0 (7471214)|HEAP_ALLOCATE|[77]|Bytes:152
19:55:02.0 (7490358)|HEAP_ALLOCATE|[342]|Bytes:408
19:55:02.0 (7512447)|HEAP_ALLOCATE|[355]|Bytes:408
19:55:02.0 (7533691)|HEAP_ALLOCATE|[467]|Bytes:48
19:55:02.0 (7571900)|HEAP_ALLOCATE|[139]|Bytes:6
19:55:02.0 (9534036)|VF_DESERIALIZE_VIEWSTATE_END
19:55:02.0 (10948368)|CODE_UNIT_STARTED|[EXTERNAL]|01p4E0000008nN6|AccountControllerExtension get(project)
19:55:02.0 (10963641)|SYSTEM_MODE_ENTER|true
19:55:02.0 (10995926)|CODE_UNIT_STARTED|[EXTERNAL]|01p4E0000008nN6|project
19:55:02.0 (11008932)|HEAP_ALLOCATE|[EXTERNAL]|Bytes:232
19:55:02.0 (11017231)|HEAP_ALLOCATE|[EXTERNAL]|Bytes:35
19:55:02.0 (11034010)|METHOD_ENTRY|[11]|01p4E0000008nN6|AccountControllerExtension.AccountControllerExtension()
19:55:02.0 (11039710)|STATEMENT_EXECUTE|[11]
19:55:02.0 (11047968)|STATEMENT_EXECUTE|[11]
19:55:02.0 (11087357)|HEAP_ALLOCATE|[50]|Bytes:5
19:55:02.0 (11112255)|HEAP_ALLOCATE|[56]|Bytes:5
19:55:02.0 (11122799)|HEAP_ALLOCATE|[64]|Bytes:7
19:55:02.0 (11149762)|SYSTEM_MODE_ENTER|false
19:55:02.0 (11163718)|HEAP_ALLOCATE|[EXTERNAL]|Bytes:5
19:55:02.0 (11172601)|SYSTEM_MODE_EXIT|false
19:55:02.0 (11185476)|METHOD_EXIT|[11]|AccountControllerExtension
19:55:02.0 (11197508)|CODE_UNIT_FINISHED|project
19:55:02.0 (11215326)|CODE_UNIT_FINISHED|AccountControllerExtension get(project)
19:55:02.0 (18634985)|CODE_UNIT_STARTED|[EXTERNAL]|01p4E0000008nN6|AccountControllerExtension get(phase)
19:55:02.0 (18647084)|SYSTEM_MODE_ENTER|true
19:55:02.0 (18660305)|CODE_UNIT_STARTED|[EXTERNAL]|01p4E0000008nN6|phase
19:55:02.0 (18670966)|CODE_UNIT_FINISHED|phase
19:55:02.0 (18685880)|CODE_UNIT_FINISHED|AccountControllerExtension get(phase)
19:55:02.0 (25503196)|CODE_UNIT_STARTED|[EXTERNAL]|01p4E0000008nN6|AccountControllerExtension get(project)
19:55:02.0 (25516812)|SYSTEM_MODE_ENTER|true
19:55:02.0 (25530150)|CODE_UNIT_STARTED|[EXTERNAL]|01p4E0000008nN6|project
19:55:02.0 (25541005)|CODE_UNIT_FINISHED|project
19:55:02.0 (25556455)|CODE_UNIT_FINISHED|AccountControllerExtension get(project)
19:55:02.0 (26371052)|CODE_UNIT_STARTED|[EXTERNAL]|01p4E0000008nN6|AccountControllerExtension get(phase)
19:55:02.0 (26382551)|SYSTEM_MODE_ENTER|true
19:55:02.0 (26394694)|CODE_UNIT_STARTED|[EXTERNAL]|01p4E0000008nN6|phase
19:55:02.0 (26405099)|CODE_UNIT_FINISHED|phase
19:55:02.0 (26419052)|CODE_UNIT_FINISHED|AccountControllerExtension get(phase)
19:55:02.0 (28960863)|VF_SERIALIZE_VIEWSTATE_BEGIN|0664E00000007Nc
19:55:02.0 (30740831)|VF_SERIALIZE_VIEWSTATE_END
19:55:02.33 (33276651)|CUMULATIVE_LIMIT_USAGE
19:55:02.33 (33276651)|LIMIT_USAGE_FOR_NS|(default)|
  Number of SOQL queries: 0 out of 100
  Number of query rows: 0 out of 50000
  Number of SOSL queries: 0 out of 20
  Number of DML statements: 0 out of 150
  Number of DML rows: 0 out of 10000
  Maximum CPU time: 0 out of 10000
  Maximum heap size: 0 out of 6000000
  Number of callouts: 0 out of 100
  Number of Email Invocations: 0 out of 10
  Number of future calls: 0 out of 50
  Number of queueable jobs added to the queue: 0 out of 50
  Number of Mobile Apex push calls: 0 out of 10

19:55:02.33 (33276651)|CUMULATIVE_LIMIT_USAGE_END

19:55:02.0 (33323982)|CODE_UNIT_FINISHED|VF: /apex/Change_Status_Phase
19:55:02.0 (34160096)|EXECUTION_FINISHED
