36.0 APEX_CODE,FINEST;APEX_PROFILING,INFO;CALLOUT,INFO;DB,INFO;SYSTEM,DEBUG;VALIDATION,INFO;VISUALFORCE,INFO;WORKFLOW,INFO
19:56:49.0 (56391)|EXECUTION_STARTED
19:56:49.0 (96398)|CODE_UNIT_STARTED|[EXTERNAL]|0664E00000007Nc|VF: /apex/Change_Status_Phase
19:56:49.0 (1416105)|CODE_UNIT_STARTED|[EXTERNAL]|01p4E0000008nN6|AccountControllerExtension <init>
19:56:49.0 (1431256)|SYSTEM_MODE_ENTER|true
19:56:49.0 (1786050)|HEAP_ALLOCATE|[72]|Bytes:3
19:56:49.0 (1831900)|HEAP_ALLOCATE|[77]|Bytes:152
19:56:49.0 (1851911)|HEAP_ALLOCATE|[342]|Bytes:408
19:56:49.0 (1871809)|HEAP_ALLOCATE|[355]|Bytes:408
19:56:49.0 (1890878)|HEAP_ALLOCATE|[467]|Bytes:48
19:56:49.0 (1930693)|HEAP_ALLOCATE|[139]|Bytes:6
19:56:49.0 (1958408)|HEAP_ALLOCATE|[EXTERNAL]|Bytes:232
19:56:49.0 (1964755)|HEAP_ALLOCATE|[EXTERNAL]|Bytes:35
19:56:49.0 (1981437)|METHOD_ENTRY|[11]|01p4E0000008nN6|AccountControllerExtension.AccountControllerExtension()
19:56:49.0 (1987658)|STATEMENT_EXECUTE|[11]
19:56:49.0 (1995222)|STATEMENT_EXECUTE|[11]
19:56:49.0 (2028994)|HEAP_ALLOCATE|[50]|Bytes:5
19:56:49.0 (2053225)|HEAP_ALLOCATE|[56]|Bytes:5
19:56:49.0 (2063336)|HEAP_ALLOCATE|[64]|Bytes:7
19:56:49.0 (2087561)|SYSTEM_MODE_ENTER|false
19:56:49.0 (2102730)|HEAP_ALLOCATE|[EXTERNAL]|Bytes:5
19:56:49.0 (2108703)|SYSTEM_MODE_EXIT|false
19:56:49.0 (2119563)|METHOD_EXIT|[11]|AccountControllerExtension
19:56:49.0 (2249221)|HEAP_ALLOCATE|[EXTERNAL]|Bytes:48
19:56:49.0 (2272122)|VARIABLE_SCOPE_BEGIN|[31]|this|AccountControllerExtension|true|false
19:56:49.0 (2359228)|VARIABLE_ASSIGNMENT|[31]|this|{}|0x54563e95
19:56:49.0 (2366859)|VARIABLE_SCOPE_BEGIN|[31]|stdController|ApexPages.StandardController|true|false
19:56:49.0 (2489868)|VARIABLE_ASSIGNMENT|[31]|stdController|"StandardController [null]"|0x5b6f4d49
19:56:49.0 (2504612)|SYSTEM_MODE_ENTER|false
19:56:49.0 (2510125)|HEAP_ALLOCATE|[22]|Bytes:5
19:56:49.0 (2514049)|STATEMENT_EXECUTE|[11]
19:56:49.0 (2516937)|HEAP_ALLOCATE|[22]|Bytes:5
19:56:49.0 (2518819)|STATEMENT_EXECUTE|[13]
19:56:49.0 (2520158)|STATEMENT_EXECUTE|[14]
19:56:49.0 (2521347)|STATEMENT_EXECUTE|[15]
19:56:49.0 (2522473)|STATEMENT_EXECUTE|[16]
19:56:49.0 (2523597)|STATEMENT_EXECUTE|[17]
19:56:49.0 (2524773)|STATEMENT_EXECUTE|[18]
19:56:49.0 (2525839)|STATEMENT_EXECUTE|[19]
19:56:49.0 (2526997)|STATEMENT_EXECUTE|[20]
19:56:49.0 (2528009)|STATEMENT_EXECUTE|[22]
19:56:49.0 (2532798)|HEAP_ALLOCATE|[22]|Bytes:4
19:56:49.0 (2587809)|HEAP_ALLOCATE|[22]|Bytes:12
19:56:49.0 (2613059)|HEAP_ALLOCATE|[22]|Bytes:7
19:56:49.0 (2623540)|HEAP_ALLOCATE|[22]|Bytes:6
19:56:49.0 (2632813)|HEAP_ALLOCATE|[22]|Bytes:3
19:56:49.0 (2642972)|HEAP_ALLOCATE|[22]|Bytes:9
19:56:49.0 (2652562)|HEAP_ALLOCATE|[22]|Bytes:4
19:56:49.0 (2661937)|HEAP_ALLOCATE|[22]|Bytes:8
19:56:49.0 (2671316)|HEAP_ALLOCATE|[22]|Bytes:5
19:56:49.0 (2731691)|VARIABLE_ASSIGNMENT|[22]|this.ideaMarkers|{"s":1,"v":"List of size 8 too large to display"}|0x54563e95
19:56:49.0 (2736546)|STATEMENT_EXECUTE|[23]
19:56:49.0 (2741488)|HEAP_ALLOCATE|[23]|Bytes:4
19:56:49.0 (2784524)|HEAP_ALLOCATE|[23]|Bytes:3
19:56:49.0 (2795413)|HEAP_ALLOCATE|[23]|Bytes:2
19:56:49.0 (2804892)|HEAP_ALLOCATE|[23]|Bytes:12
19:56:49.0 (2814249)|HEAP_ALLOCATE|[23]|Bytes:12
19:56:49.0 (2823298)|HEAP_ALLOCATE|[23]|Bytes:9
19:56:49.0 (2833748)|HEAP_ALLOCATE|[23]|Bytes:16
19:56:49.0 (2842795)|HEAP_ALLOCATE|[23]|Bytes:6
19:56:49.0 (2876079)|VARIABLE_ASSIGNMENT|[23]|this.verificationMarkers|{"s":1,"v":"List of size 10 too large to display"}|0x54563e95
19:56:49.0 (2880209)|STATEMENT_EXECUTE|[24]
19:56:49.0 (2884623)|HEAP_ALLOCATE|[24]|Bytes:4
19:56:49.0 (2919604)|HEAP_ALLOCATE|[24]|Bytes:11
19:56:49.0 (2930609)|HEAP_ALLOCATE|[24]|Bytes:8
19:56:49.0 (2939810)|HEAP_ALLOCATE|[24]|Bytes:12
19:56:49.0 (2948899)|HEAP_ALLOCATE|[24]|Bytes:14
19:56:49.0 (2957832)|HEAP_ALLOCATE|[24]|Bytes:13
19:56:49.0 (2966914)|HEAP_ALLOCATE|[24]|Bytes:6
19:56:49.0 (2975959)|HEAP_ALLOCATE|[24]|Bytes:10
19:56:49.0 (2990150)|HEAP_ALLOCATE|[24]|Bytes:12
19:56:49.0 (3021273)|VARIABLE_ASSIGNMENT|[24]|this.companyLicenseMarkers|{"s":1,"v":"List of size 11 too large to display"}|0x54563e95
19:56:49.0 (3035976)|HEAP_ALLOCATE|[24]|Bytes:6
19:56:49.0 (3062585)|STATEMENT_EXECUTE|[31]
19:56:49.0 (3064618)|STATEMENT_EXECUTE|[32]
19:56:49.0 (11453088)|HEAP_ALLOCATE|[32]|Bytes:8
19:56:49.0 (11508132)|VARIABLE_ASSIGNMENT|[32]|this.projectObj|{"s":1,"v":{"Id":"0014E000003LtYxQAK"}}|0x54563e95
19:56:49.0 (11535921)|STATEMENT_EXECUTE|[33]
19:56:49.0 (11538314)|STATEMENT_EXECUTE|[34]
19:56:49.0 (11541957)|HEAP_ALLOCATE|[34]|Bytes:97
19:56:49.0 (11556672)|HEAP_ALLOCATE|[34]|Bytes:4
19:56:49.0 (11567082)|HEAP_ALLOCATE|[34]|Bytes:7
19:56:49.0 (11854526)|SOQL_EXECUTE_BEGIN|[34]|Aggregations:0|SELECT Id, Name, Project_Status__c, Project_Phase__c, Company__c FROM Account WHERE Id = :tmpVar1
19:56:49.0 (14567875)|SOQL_EXECUTE_END|[34]|Rows:1
19:56:49.0 (14582695)|HEAP_ALLOCATE|[34]|Bytes:8
19:56:49.0 (14596893)|HEAP_ALLOCATE|[34]|Bytes:102
19:56:49.0 (14638842)|HEAP_ALLOCATE|[34]|Bytes:8
19:56:49.0 (14648781)|HEAP_ALLOCATE|[34]|Bytes:33
19:56:49.0 (14707088)|HEAP_ALLOCATE|[34]|Bytes:20
19:56:49.0 (14773168)|VARIABLE_ASSIGNMENT|[EXTERNAL]|this|{"companyLicenseMarker (1 more) ...":"0x21370272","ideaMarkers":"0x6677da9f","projectObj":"0x162067d0","verificationMarkers":"0x44f03eef"}|0x54563e95
19:56:49.0 (14790991)|VARIABLE_ASSIGNMENT|[EXTERNAL]|value|{"s":1,"v":{"Id":"0014E000003LtYxQAK","Name":"Super New 4","Project_Status__c":"Active","Project_Phase__c":"License"}}|0x4ecbfa7a
19:56:49.0 (14806731)|VARIABLE_ASSIGNMENT|[14]|this.project|{"s":1,"v":{"Id":"0014E000003LtYxQAK","Name":"Super New 4","Project_Status__c":"Active","Project_Phase__c":"License"}}|0x54563e95
19:56:49.0 (14815730)|STATEMENT_EXECUTE|[36]
19:56:49.0 (14872799)|VARIABLE_ASSIGNMENT|[EXTERNAL]|this|{"companyLicenseMarker (1 more) ...":"0x21370272","ideaMarkers":"0x6677da9f","project":"0x4ecbfa7a","projectObj":"0x162067d0","verificationMarkers":"0x44f03eef"}|0x54563e95
19:56:49.0 (14952113)|VARIABLE_ASSIGNMENT|[EXTERNAL]|this|{"companyLicenseMarker (1 more) ...":"0x21370272","ideaMarkers":"0x6677da9f","project":"0x4ecbfa7a","projectObj":"0x162067d0","verificationMarkers":"0x44f03eef"}|0x54563e95
19:56:49.0 (14959805)|VARIABLE_ASSIGNMENT|[EXTERNAL]|value|"License"
19:56:49.0 (14968225)|VARIABLE_ASSIGNMENT|[16]|this.phase|"License"|0x54563e95
19:56:49.0 (14975731)|STATEMENT_EXECUTE|[37]
19:56:49.0 (14991544)|HEAP_ALLOCATE|[37]|Bytes:4
19:56:49.0 (15185030)|VARIABLE_ASSIGNMENT|[EXTERNAL]|this|{"companyLicenseMarker (1 more) ...":"0x21370272","ideaMarkers":"0x6677da9f","phase":"License","project":"0x4ecbfa7a","projectObj":"0x162067d0","verificationMarkers":"0x44f03eef"}|0x54563e95
19:56:49.0 (15200271)|VARIABLE_ASSIGNMENT|[EXTERNAL]|value|{}|0x133e8de2
19:56:49.0 (15209906)|VARIABLE_ASSIGNMENT|[18]|this.company|{}|0x54563e95
19:56:49.0 (15217686)|STATEMENT_EXECUTE|[38]
19:56:49.0 (15223116)|HEAP_ALLOCATE|[38]|Bytes:4
19:56:49.0 (15296418)|VARIABLE_ASSIGNMENT|[EXTERNAL]|this|{"company":"0x133e8de2","companyLicenseMarker (1 more) ...":"0x21370272","ideaMarkers":"0x6677da9f","phase":"License","project":"0x4ecbfa7a","projectObj":"0x162067d0","verificationMarkers":"0x44f03eef"}|0x54563e95
19:56:49.0 (15314659)|VARIABLE_ASSIGNMENT|[EXTERNAL]|value|{"s":1,"v":[]}|0x41f483d5
19:56:49.0 (15327607)|VARIABLE_ASSIGNMENT|[20]|this.uniqueMarkers|{"s":1,"v":[]}|0x54563e95
19:56:49.0 (15335718)|STATEMENT_EXECUTE|[39]
19:56:49.0 (15341642)|HEAP_ALLOCATE|[39]|Bytes:4
19:56:49.0 (15400857)|HEAP_ALLOCATE|[39]|Bytes:72
19:56:49.0 (15407323)|HEAP_ALLOCATE|[39]|Bytes:4
19:56:49.0 (15450022)|VARIABLE_ASSIGNMENT|[EXTERNAL]|this|{"company":"0x133e8de2","companyLicenseMarker (1 more) ...":"0x21370272","ideaMarkers":"0x6677da9f","phase":"License","project":"0x4ecbfa7a","projectObj":"0x162067d0","uniqueMarkers":"0x41f483d5","verificationMarkers":"0x44f03eef"}|0x54563e95
19:56:49.0 (16747839)|SOQL_EXECUTE_BEGIN|[39]|Aggregations:0|SELECT Id, Marker__c FROM Project_Markers__c WHERE Project__c = :tmpVar1
19:56:49.0 (23294809)|SOQL_EXECUTE_END|[39]|Rows:94
19:56:49.0 (23310690)|HEAP_ALLOCATE|[39]|Bytes:380
19:56:49.0 (23404021)|HEAP_ALLOCATE|[39]|Bytes:4905
19:56:49.0 (23431008)|HEAP_ALLOCATE|[39]|Bytes:380
19:56:49.0 (23467896)|HEAP_ALLOCATE|[39]|Bytes:12
19:56:49.0 (23475689)|HEAP_ALLOCATE|[39]|Bytes:12
19:56:49.0 (23484748)|HEAP_ALLOCATE|[39]|Bytes:12
19:56:49.0 (23491821)|HEAP_ALLOCATE|[39]|Bytes:12
19:56:49.0 (23498550)|HEAP_ALLOCATE|[39]|Bytes:12
19:56:49.0 (23505254)|HEAP_ALLOCATE|[39]|Bytes:12
19:56:49.0 (23512021)|HEAP_ALLOCATE|[39]|Bytes:12
19:56:49.0 (23518520)|HEAP_ALLOCATE|[39]|Bytes:12
19:56:49.0 (23525052)|HEAP_ALLOCATE|[39]|Bytes:12
19:56:49.0 (23531715)|HEAP_ALLOCATE|[39]|Bytes:12
19:56:49.0 (23538331)|HEAP_ALLOCATE|[39]|Bytes:12
19:56:49.0 (23544935)|HEAP_ALLOCATE|[39]|Bytes:12
19:56:49.0 (23557253)|HEAP_ALLOCATE|[39]|Bytes:12
19:56:49.0 (23564393)|HEAP_ALLOCATE|[39]|Bytes:12
19:56:49.0 (23571068)|HEAP_ALLOCATE|[39]|Bytes:12
19:56:49.0 (23577554)|HEAP_ALLOCATE|[39]|Bytes:12
19:56:49.0 (23584145)|HEAP_ALLOCATE|[39]|Bytes:12
19:56:49.0 (23590940)|HEAP_ALLOCATE|[39]|Bytes:12
19:56:49.0 (23597531)|HEAP_ALLOCATE|[39]|Bytes:12
19:56:49.0 (23604570)|HEAP_ALLOCATE|[39]|Bytes:12
19:56:49.0 (23611417)|HEAP_ALLOCATE|[39]|Bytes:12
19:56:49.0 (23618045)|HEAP_ALLOCATE|[39]|Bytes:12
19:56:49.0 (23624729)|HEAP_ALLOCATE|[39]|Bytes:12
19:56:49.0 (23631475)|HEAP_ALLOCATE|[39]|Bytes:12
19:56:49.0 (23638284)|HEAP_ALLOCATE|[39]|Bytes:12
19:56:49.0 (23645020)|HEAP_ALLOCATE|[39]|Bytes:12
19:56:49.0 (23651581)|HEAP_ALLOCATE|[39]|Bytes:12
19:56:49.0 (23658314)|HEAP_ALLOCATE|[39]|Bytes:12
19:56:49.0 (23664837)|HEAP_ALLOCATE|[39]|Bytes:12
19:56:49.0 (23671446)|HEAP_ALLOCATE|[39]|Bytes:12
19:56:49.0 (23678091)|HEAP_ALLOCATE|[39]|Bytes:12
19:56:49.0 (23684635)|HEAP_ALLOCATE|[39]|Bytes:12
19:56:49.0 (23691122)|HEAP_ALLOCATE|[39]|Bytes:12
19:56:49.0 (23697648)|HEAP_ALLOCATE|[39]|Bytes:12
19:56:49.0 (23704072)|HEAP_ALLOCATE|[39]|Bytes:12
19:56:49.0 (23710898)|HEAP_ALLOCATE|[39]|Bytes:12
19:56:49.0 (23717471)|HEAP_ALLOCATE|[39]|Bytes:12
19:56:49.0 (23724081)|HEAP_ALLOCATE|[39]|Bytes:12
19:56:49.0 (23730710)|HEAP_ALLOCATE|[39]|Bytes:12
19:56:49.0 (23737839)|HEAP_ALLOCATE|[39]|Bytes:12
19:56:49.0 (23744422)|HEAP_ALLOCATE|[39]|Bytes:12
19:56:49.0 (23750922)|HEAP_ALLOCATE|[39]|Bytes:12
19:56:49.0 (23757368)|HEAP_ALLOCATE|[39]|Bytes:12
19:56:49.0 (23763817)|HEAP_ALLOCATE|[39]|Bytes:12
19:56:49.0 (23770349)|HEAP_ALLOCATE|[39]|Bytes:12
19:56:49.0 (23776792)|HEAP_ALLOCATE|[39]|Bytes:12
19:56:49.0 (23783237)|HEAP_ALLOCATE|[39]|Bytes:12
19:56:49.0 (23789776)|HEAP_ALLOCATE|[39]|Bytes:12
19:56:49.0 (23796293)|HEAP_ALLOCATE|[39]|Bytes:12
19:56:49.0 (23802816)|HEAP_ALLOCATE|[39]|Bytes:12
19:56:49.0 (23809316)|HEAP_ALLOCATE|[39]|Bytes:12
19:56:49.0 (23815945)|HEAP_ALLOCATE|[39]|Bytes:12
19:56:49.0 (23822411)|HEAP_ALLOCATE|[39]|Bytes:12
19:56:49.0 (23828975)|HEAP_ALLOCATE|[39]|Bytes:12
19:56:49.0 (23835519)|HEAP_ALLOCATE|[39]|Bytes:12
19:56:49.0 (23841957)|HEAP_ALLOCATE|[39]|Bytes:12
19:56:49.0 (23848422)|HEAP_ALLOCATE|[39]|Bytes:12
19:56:49.0 (23854924)|HEAP_ALLOCATE|[39]|Bytes:12
19:56:49.0 (23861427)|HEAP_ALLOCATE|[39]|Bytes:12
19:56:49.0 (23867970)|HEAP_ALLOCATE|[39]|Bytes:12
19:56:49.0 (23874922)|HEAP_ALLOCATE|[39]|Bytes:12
19:56:49.0 (23881595)|HEAP_ALLOCATE|[39]|Bytes:12
19:56:49.0 (23888108)|HEAP_ALLOCATE|[39]|Bytes:12
19:56:49.0 (23894704)|HEAP_ALLOCATE|[39]|Bytes:12
19:56:49.0 (23901349)|HEAP_ALLOCATE|[39]|Bytes:12
19:56:49.0 (23907870)|HEAP_ALLOCATE|[39]|Bytes:12
19:56:49.0 (23914424)|HEAP_ALLOCATE|[39]|Bytes:12
19:56:49.0 (23921010)|HEAP_ALLOCATE|[39]|Bytes:12
19:56:49.0 (23927698)|HEAP_ALLOCATE|[39]|Bytes:12
19:56:49.0 (23934428)|HEAP_ALLOCATE|[39]|Bytes:12
19:56:49.0 (23941120)|HEAP_ALLOCATE|[39]|Bytes:12
19:56:49.0 (23947846)|HEAP_ALLOCATE|[39]|Bytes:12
19:56:49.0 (23954571)|HEAP_ALLOCATE|[39]|Bytes:12
19:56:49.0 (23961176)|HEAP_ALLOCATE|[39]|Bytes:12
19:56:49.0 (23967842)|HEAP_ALLOCATE|[39]|Bytes:12
19:56:49.0 (23974638)|HEAP_ALLOCATE|[39]|Bytes:12
19:56:49.0 (23981283)|HEAP_ALLOCATE|[39]|Bytes:12
19:56:49.0 (23987939)|HEAP_ALLOCATE|[39]|Bytes:12
19:56:49.0 (23994622)|HEAP_ALLOCATE|[39]|Bytes:12
19:56:49.0 (24001270)|HEAP_ALLOCATE|[39]|Bytes:12
19:56:49.0 (24009262)|HEAP_ALLOCATE|[39]|Bytes:12
19:56:49.0 (24015889)|HEAP_ALLOCATE|[39]|Bytes:12
19:56:49.0 (24022411)|HEAP_ALLOCATE|[39]|Bytes:12
19:56:49.0 (24028861)|HEAP_ALLOCATE|[39]|Bytes:12
19:56:49.0 (24035456)|HEAP_ALLOCATE|[39]|Bytes:12
19:56:49.0 (24042237)|HEAP_ALLOCATE|[39]|Bytes:12
19:56:49.0 (24048832)|HEAP_ALLOCATE|[39]|Bytes:12
19:56:49.0 (24055395)|HEAP_ALLOCATE|[39]|Bytes:12
19:56:49.0 (24062036)|HEAP_ALLOCATE|[39]|Bytes:12
19:56:49.0 (24068666)|HEAP_ALLOCATE|[39]|Bytes:12
19:56:49.0 (24075208)|HEAP_ALLOCATE|[39]|Bytes:12
19:56:49.0 (24081810)|HEAP_ALLOCATE|[39]|Bytes:12
19:56:49.0 (24088418)|HEAP_ALLOCATE|[39]|Bytes:12
19:56:49.0 (24095016)|HEAP_ALLOCATE|[39]|Bytes:12
19:56:49.0 (24101633)|HEAP_ALLOCATE|[39]|Bytes:12
19:56:49.0 (24104201)|HEAP_ALLOCATE|[39]|Bytes:376
19:56:49.0 (24169471)|VARIABLE_ASSIGNMENT|[EXTERNAL]|this|{"company":"0x133e8de2","companyLicenseMarker (1 more) ...":"0x21370272","ideaMarkers":"0x6677da9f","phase":"License","project":"0x4ecbfa7a","projectObj":"0x162067d0","uniqueMarkers":"0x41f483d5","verificationMarkers":"0x44f03eef"}|0x54563e95
19:56:49.0 (24184019)|HEAP_ALLOCATE|[EXTERNAL]|Bytes:380
19:56:49.0 (24194262)|VARIABLE_ASSIGNMENT|[EXTERNAL]|value|{"s":1,"v":"List of size 94 too large to display"}|0x6b473b2f
19:56:49.0 (24207691)|VARIABLE_ASSIGNMENT|[19]|this.markersList|{"s":1,"v":"List of size 94 too large to display"}|0x54563e95
19:56:49.0 (24273792)|VARIABLE_ASSIGNMENT|[EXTERNAL]|this|{"company":"0x133e8de2","companyLicenseMarker (1 more) ...":"0x21370272","ideaMarkers":"0x6677da9f","markersList":"0x6b473b2f","phase":"License","project":"0x4ecbfa7a","projectObj":"0x162067d0","uniqueMarkers":"0x41f483d5","verificationMarkers":"0x44f03eef"}|0x54563e95
19:56:49.0 (24457566)|HEAP_ALLOCATE|[40]|Bytes:5
19:56:49.0 (24476322)|HEAP_ALLOCATE|[40]|Bytes:12
19:56:49.0 (24488727)|VARIABLE_SCOPE_BEGIN|[40]|pm|Project_Markers__c|true|false
19:56:49.0 (24504407)|VARIABLE_ASSIGNMENT|[40]|pm|{"s":1,"v":{"Id":"a024E0000019oexQAA","Marker__c":"Forskaravtal"}}|0x420a64b6
19:56:49.0 (24508272)|STATEMENT_EXECUTE|[40]
19:56:49.0 (24510041)|STATEMENT_EXECUTE|[41]
19:56:49.0 (24576988)|VARIABLE_ASSIGNMENT|[EXTERNAL]|this|{"company":"0x133e8de2","companyLicenseMarker (1 more) ...":"0x21370272","ideaMarkers":"0x6677da9f","markersList":"0x6b473b2f","phase":"License","project":"0x4ecbfa7a","projectObj":"0x162067d0","uniqueMarkers":"0x41f483d5","verificationMarkers":"0x44f03eef"}|0x54563e95
19:56:49.0 (24627211)|HEAP_ALLOCATE|[EXTERNAL]|Bytes:4
19:56:49.0 (24644302)|HEAP_ALLOCATE|[40]|Bytes:5
19:56:49.0 (24656118)|HEAP_ALLOCATE|[40]|Bytes:12
19:56:49.0 (24663083)|VARIABLE_SCOPE_BEGIN|[40]|pm|Project_Markers__c|true|false
19:56:49.0 (24677297)|VARIABLE_ASSIGNMENT|[40]|pm|{"s":1,"v":{"Id":"a024E0000019oeyQAA","Marker__c":"Marknad"}}|0x5b5cca0b
19:56:49.0 (24680465)|STATEMENT_EXECUTE|[40]
19:56:49.0 (24681787)|STATEMENT_EXECUTE|[41]
19:56:49.0 (24721388)|VARIABLE_ASSIGNMENT|[EXTERNAL]|this|{"company":"0x133e8de2","companyLicenseMarker (1 more) ...":"0x21370272","ideaMarkers":"0x6677da9f","markersList":"0x6b473b2f","phase":"License","project":"0x4ecbfa7a","projectObj":"0x162067d0","uniqueMarkers":"0x41f483d5","verificationMarkers":"0x44f03eef"}|0x54563e95
19:56:49.0 (24746707)|HEAP_ALLOCATE|[EXTERNAL]|Bytes:4
19:56:49.0 (24761169)|HEAP_ALLOCATE|[40]|Bytes:5
19:56:49.0 (24772196)|HEAP_ALLOCATE|[40]|Bytes:12
19:56:49.0 (24778486)|VARIABLE_SCOPE_BEGIN|[40]|pm|Project_Markers__c|true|false
19:56:49.0 (24791236)|VARIABLE_ASSIGNMENT|[40]|pm|{"s":1,"v":{"Id":"a024E0000019oezQAA","Marker__c":"Person"}}|0x1e5c9385
19:56:49.0 (24794223)|STATEMENT_EXECUTE|[40]
19:56:49.0 (24795490)|STATEMENT_EXECUTE|[41]
19:56:49.0 (24832791)|VARIABLE_ASSIGNMENT|[EXTERNAL]|this|{"company":"0x133e8de2","companyLicenseMarker (1 more) ...":"0x21370272","ideaMarkers":"0x6677da9f","markersList":"0x6b473b2f","phase":"License","project":"0x4ecbfa7a","projectObj":"0x162067d0","uniqueMarkers":"0x41f483d5","verificationMarkers":"0x44f03eef"}|0x54563e95
19:56:49.0 (24856371)|HEAP_ALLOCATE|[EXTERNAL]|Bytes:4
19:56:49.0 (24870339)|HEAP_ALLOCATE|[40]|Bytes:5
19:56:49.0 (24881653)|HEAP_ALLOCATE|[40]|Bytes:12
19:56:49.0 (24888099)|VARIABLE_SCOPE_BEGIN|[40]|pm|Project_Markers__c|true|false
19:56:49.0 (24900500)|VARIABLE_ASSIGNMENT|[40]|pm|{"s":1,"v":{"Id":"a024E0000019of0QAA","Marker__c":"IDF"}}|0x18ff697e
19:56:49.0 (24903442)|STATEMENT_EXECUTE|[40]
19:56:49.0 (24904664)|STATEMENT_EXECUTE|[41]
19:56:49.0 (24941492)|VARIABLE_ASSIGNMENT|[EXTERNAL]|this|{"company":"0x133e8de2","companyLicenseMarker (1 more) ...":"0x21370272","ideaMarkers":"0x6677da9f","markersList":"0x6b473b2f","phase":"License","project":"0x4ecbfa7a","projectObj":"0x162067d0","uniqueMarkers":"0x41f483d5","verificationMarkers":"0x44f03eef"}|0x54563e95
19:56:49.0 (24964759)|HEAP_ALLOCATE|[EXTERNAL]|Bytes:4
19:56:49.0 (24978681)|HEAP_ALLOCATE|[40]|Bytes:5
19:56:49.0 (24989509)|HEAP_ALLOCATE|[40]|Bytes:12
19:56:49.0 (24995716)|VARIABLE_SCOPE_BEGIN|[40]|pm|Project_Markers__c|true|false
19:56:49.0 (25008086)|VARIABLE_ASSIGNMENT|[40]|pm|{"s":1,"v":{"Id":"a024E0000019of1QAA","Marker__c":"IP utrett"}}|0x9418103
19:56:49.0 (25012437)|STATEMENT_EXECUTE|[40]
19:56:49.0 (25013704)|STATEMENT_EXECUTE|[41]
19:56:49.0 (25050604)|VARIABLE_ASSIGNMENT|[EXTERNAL]|this|{"company":"0x133e8de2","companyLicenseMarker (1 more) ...":"0x21370272","ideaMarkers":"0x6677da9f","markersList":"0x6b473b2f","phase":"License","project":"0x4ecbfa7a","projectObj":"0x162067d0","uniqueMarkers":"0x41f483d5","verificationMarkers":"0x44f03eef"}|0x54563e95
19:56:49.0 (25073880)|HEAP_ALLOCATE|[EXTERNAL]|Bytes:4
19:56:49.0 (25087636)|HEAP_ALLOCATE|[40]|Bytes:5
19:56:49.0 (25098375)|HEAP_ALLOCATE|[40]|Bytes:12
19:56:49.0 (25104520)|VARIABLE_SCOPE_BEGIN|[40]|pm|Project_Markers__c|true|false
19:56:49.0 (25117076)|VARIABLE_ASSIGNMENT|[40]|pm|{"s":1,"v":{"Id":"a024E0000019of2QAA","Marker__c":"Team"}}|0x34701eb2
19:56:49.0 (25119916)|STATEMENT_EXECUTE|[40]
19:56:49.0 (25121092)|STATEMENT_EXECUTE|[41]
19:56:49.0 (25157251)|VARIABLE_ASSIGNMENT|[EXTERNAL]|this|{"company":"0x133e8de2","companyLicenseMarker (1 more) ...":"0x21370272","ideaMarkers":"0x6677da9f","markersList":"0x6b473b2f","phase":"License","project":"0x4ecbfa7a","projectObj":"0x162067d0","uniqueMarkers":"0x41f483d5","verificationMarkers":"0x44f03eef"}|0x54563e95
19:56:49.0 (25180657)|HEAP_ALLOCATE|[EXTERNAL]|Bytes:4
19:56:49.0 (25195000)|HEAP_ALLOCATE|[40]|Bytes:5
19:56:49.0 (25205645)|HEAP_ALLOCATE|[40]|Bytes:12
19:56:49.0 (25211757)|VARIABLE_SCOPE_BEGIN|[40]|pm|Project_Markers__c|true|false
19:56:49.0 (25224024)|VARIABLE_ASSIGNMENT|[40]|pm|{"s":1,"v":{"Id":"a024E0000019of3QAA","Marker__c":"Connectr"}}|0x4e4a6302
19:56:49.0 (25227092)|STATEMENT_EXECUTE|[40]
19:56:49.0 (25228287)|STATEMENT_EXECUTE|[41]
19:56:49.0 (25264220)|VARIABLE_ASSIGNMENT|[EXTERNAL]|this|{"company":"0x133e8de2","companyLicenseMarker (1 more) ...":"0x21370272","ideaMarkers":"0x6677da9f","markersList":"0x6b473b2f","phase":"License","project":"0x4ecbfa7a","projectObj":"0x162067d0","uniqueMarkers":"0x41f483d5","verificationMarkers":"0x44f03eef"}|0x54563e95
19:56:49.0 (25287052)|HEAP_ALLOCATE|[EXTERNAL]|Bytes:4
19:56:49.0 (25300764)|HEAP_ALLOCATE|[40]|Bytes:5
19:56:49.0 (25311805)|HEAP_ALLOCATE|[40]|Bytes:12
19:56:49.0 (25318176)|VARIABLE_SCOPE_BEGIN|[40]|pm|Project_Markers__c|true|false
19:56:49.0 (25330238)|VARIABLE_ASSIGNMENT|[40]|pm|{"s":1,"v":{"Id":"a024E0000019of4QAA","Marker__c":"Annan"}}|0x2d9d572c
19:56:49.0 (25333187)|STATEMENT_EXECUTE|[40]
19:56:49.0 (25334356)|STATEMENT_EXECUTE|[41]
19:56:49.0 (25370871)|VARIABLE_ASSIGNMENT|[EXTERNAL]|this|{"company":"0x133e8de2","companyLicenseMarker (1 more) ...":"0x21370272","ideaMarkers":"0x6677da9f","markersList":"0x6b473b2f","phase":"License","project":"0x4ecbfa7a","projectObj":"0x162067d0","uniqueMarkers":"0x41f483d5","verificationMarkers":"0x44f03eef"}|0x54563e95
19:56:49.0 (25393478)|HEAP_ALLOCATE|[EXTERNAL]|Bytes:4
19:56:49.0 (25407408)|HEAP_ALLOCATE|[40]|Bytes:5
19:56:49.0 (25418034)|HEAP_ALLOCATE|[40]|Bytes:12
19:56:49.0 (25424152)|VARIABLE_SCOPE_BEGIN|[40]|pm|Project_Markers__c|true|false
19:56:49.0 (25436478)|VARIABLE_ASSIGNMENT|[40]|pm|{"s":1,"v":{"Id":"a024E0000019of5QAA","Marker__c":"Bolagsstart"}}|0x28d19205
19:56:49.0 (25439705)|STATEMENT_EXECUTE|[40]
19:56:49.0 (25440915)|STATEMENT_EXECUTE|[41]
19:56:49.0 (25477700)|VARIABLE_ASSIGNMENT|[EXTERNAL]|this|{"company":"0x133e8de2","companyLicenseMarker (1 more) ...":"0x21370272","ideaMarkers":"0x6677da9f","markersList":"0x6b473b2f","phase":"License","project":"0x4ecbfa7a","projectObj":"0x162067d0","uniqueMarkers":"0x41f483d5","verificationMarkers":"0x44f03eef"}|0x54563e95
19:56:49.0 (25500818)|HEAP_ALLOCATE|[EXTERNAL]|Bytes:4
19:56:49.0 (25514696)|HEAP_ALLOCATE|[40]|Bytes:5
19:56:49.0 (25525353)|HEAP_ALLOCATE|[40]|Bytes:12
19:56:49.0 (25531453)|VARIABLE_SCOPE_BEGIN|[40]|pm|Project_Markers__c|true|false
19:56:49.0 (25543797)|VARIABLE_ASSIGNMENT|[40]|pm|{"s":1,"v":{"Id":"a024E0000019of6QAA","Marker__c":"Styrelse"}}|0x1ce08c23
19:56:49.0 (25846583)|STATEMENT_EXECUTE|[40]
19:56:49.0 (25847900)|STATEMENT_EXECUTE|[41]
19:56:49.0 (25888263)|VARIABLE_ASSIGNMENT|[EXTERNAL]|this|{"company":"0x133e8de2","companyLicenseMarker (1 more) ...":"0x21370272","ideaMarkers":"0x6677da9f","markersList":"0x6b473b2f","phase":"License","project":"0x4ecbfa7a","projectObj":"0x162067d0","uniqueMarkers":"0x41f483d5","verificationMarkers":"0x44f03eef"}|0x54563e95
19:56:49.0 (25912121)|HEAP_ALLOCATE|[EXTERNAL]|Bytes:4
19:56:49.0 (25926319)|HEAP_ALLOCATE|[40]|Bytes:5
19:56:49.0 (25937356)|HEAP_ALLOCATE|[40]|Bytes:12
19:56:49.0 (25943714)|VARIABLE_SCOPE_BEGIN|[40]|pm|Project_Markers__c|true|false
19:56:49.0 (25956258)|VARIABLE_ASSIGNMENT|[40]|pm|{"s":1,"v":{"Id":"a024E0000019of7QAA","Marker__c":"Inom LUIS AB"}}|0x12faece
19:56:49.0 (25959150)|STATEMENT_EXECUTE|[40]
19:56:49.0 (25960337)|STATEMENT_EXECUTE|[41]
19:56:49.0 (25996392)|VARIABLE_ASSIGNMENT|[EXTERNAL]|this|{"company":"0x133e8de2","companyLicenseMarker (1 more) ...":"0x21370272","ideaMarkers":"0x6677da9f","markersList":"0x6b473b2f","phase":"License","project":"0x4ecbfa7a","projectObj":"0x162067d0","uniqueMarkers":"0x41f483d5","verificationMarkers":"0x44f03eef"}|0x54563e95
19:56:49.0 (26019453)|HEAP_ALLOCATE|[EXTERNAL]|Bytes:4
19:56:49.0 (26034730)|HEAP_ALLOCATE|[40]|Bytes:5
19:56:49.0 (26045484)|HEAP_ALLOCATE|[40]|Bytes:12
19:56:49.0 (26051739)|VARIABLE_SCOPE_BEGIN|[40]|pm|Project_Markers__c|true|false
19:56:49.0 (26063863)|VARIABLE_ASSIGNMENT|[40]|pm|{"s":1,"v":{"Id":"a024E0000019of8QAA","Marker__c":"Aktieägaravtal"}}|0x464cadf0
19:56:49.0 (26067006)|STATEMENT_EXECUTE|[40]
19:56:49.0 (26068190)|STATEMENT_EXECUTE|[41]
19:56:49.0 (26104225)|VARIABLE_ASSIGNMENT|[EXTERNAL]|this|{"company":"0x133e8de2","companyLicenseMarker (1 more) ...":"0x21370272","ideaMarkers":"0x6677da9f","markersList":"0x6b473b2f","phase":"License","project":"0x4ecbfa7a","projectObj":"0x162067d0","uniqueMarkers":"0x41f483d5","verificationMarkers":"0x44f03eef"}|0x54563e95
19:56:49.0 (26127115)|HEAP_ALLOCATE|[EXTERNAL]|Bytes:4
19:56:49.0 (26140862)|HEAP_ALLOCATE|[40]|Bytes:5
19:56:49.0 (26151700)|HEAP_ALLOCATE|[40]|Bytes:12
19:56:49.0 (26157962)|VARIABLE_SCOPE_BEGIN|[40]|pm|Project_Markers__c|true|false
19:56:49.0 (26170171)|VARIABLE_ASSIGNMENT|[40]|pm|{"s":1,"v":{"Id":"a024E0000019of9QAA","Marker__c":"Bolagsordning"}}|0x62294e86
19:56:49.0 (26173483)|STATEMENT_EXECUTE|[40]
19:56:49.0 (26174755)|STATEMENT_EXECUTE|[41]
19:56:49.0 (26210871)|VARIABLE_ASSIGNMENT|[EXTERNAL]|this|{"company":"0x133e8de2","companyLicenseMarker (1 more) ...":"0x21370272","ideaMarkers":"0x6677da9f","markersList":"0x6b473b2f","phase":"License","project":"0x4ecbfa7a","projectObj":"0x162067d0","uniqueMarkers":"0x41f483d5","verificationMarkers":"0x44f03eef"}|0x54563e95
19:56:49.0 (26234113)|HEAP_ALLOCATE|[EXTERNAL]|Bytes:4
19:56:49.0 (26248893)|HEAP_ALLOCATE|[40]|Bytes:5
19:56:49.0 (26259866)|HEAP_ALLOCATE|[40]|Bytes:12
19:56:49.0 (26266094)|VARIABLE_SCOPE_BEGIN|[40]|pm|Project_Markers__c|true|false
19:56:49.0 (26278119)|VARIABLE_ASSIGNMENT|[40]|pm|{"s":1,"v":{"Id":"a024E0000019ofAQAQ","Marker__c":"Budget"}}|0x7ab04774
19:56:49.0 (26281144)|STATEMENT_EXECUTE|[40]
19:56:49.0 (26282319)|STATEMENT_EXECUTE|[41]
19:56:49.0 (26318788)|VARIABLE_ASSIGNMENT|[EXTERNAL]|this|{"company":"0x133e8de2","companyLicenseMarker (1 more) ...":"0x21370272","ideaMarkers":"0x6677da9f","markersList":"0x6b473b2f","phase":"License","project":"0x4ecbfa7a","projectObj":"0x162067d0","uniqueMarkers":"0x41f483d5","verificationMarkers":"0x44f03eef"}|0x54563e95
19:56:49.0 (26342198)|HEAP_ALLOCATE|[EXTERNAL]|Bytes:4
19:56:49.0 (26356064)|HEAP_ALLOCATE|[40]|Bytes:5
19:56:49.0 (26366803)|HEAP_ALLOCATE|[40]|Bytes:12
19:56:49.0 (26373065)|VARIABLE_SCOPE_BEGIN|[40]|pm|Project_Markers__c|true|false
19:56:49.0 (26385229)|VARIABLE_ASSIGNMENT|[40]|pm|{"s":1,"v":{"Id":"a024E0000019ofBQAQ","Marker__c":"Affärsplan"}}|0x615df32
19:56:49.0 (26388391)|STATEMENT_EXECUTE|[40]
19:56:49.0 (26389548)|STATEMENT_EXECUTE|[41]
19:56:49.0 (26425516)|VARIABLE_ASSIGNMENT|[EXTERNAL]|this|{"company":"0x133e8de2","companyLicenseMarker (1 more) ...":"0x21370272","ideaMarkers":"0x6677da9f","markersList":"0x6b473b2f","phase":"License","project":"0x4ecbfa7a","projectObj":"0x162067d0","uniqueMarkers":"0x41f483d5","verificationMarkers":"0x44f03eef"}|0x54563e95
19:56:49.0 (26449237)|HEAP_ALLOCATE|[EXTERNAL]|Bytes:4
19:56:49.0 (26463229)|HEAP_ALLOCATE|[40]|Bytes:5
19:56:49.0 (26474016)|HEAP_ALLOCATE|[40]|Bytes:12
19:56:49.0 (26480338)|VARIABLE_SCOPE_BEGIN|[40]|pm|Project_Markers__c|true|false
19:56:49.0 (26492419)|VARIABLE_ASSIGNMENT|[40]|pm|{"s":1,"v":{"Id":"a024E0000019ofCQAQ","Marker__c":"Finansiering"}}|0x2595d12d
19:56:49.0 (26495469)|STATEMENT_EXECUTE|[40]
19:56:49.0 (26496599)|STATEMENT_EXECUTE|[41]
19:56:49.0 (26533285)|VARIABLE_ASSIGNMENT|[EXTERNAL]|this|{"company":"0x133e8de2","companyLicenseMarker (1 more) ...":"0x21370272","ideaMarkers":"0x6677da9f","markersList":"0x6b473b2f","phase":"License","project":"0x4ecbfa7a","projectObj":"0x162067d0","uniqueMarkers":"0x41f483d5","verificationMarkers":"0x44f03eef"}|0x54563e95
19:56:49.0 (26566132)|HEAP_ALLOCATE|[EXTERNAL]|Bytes:4
19:56:49.0 (26580669)|HEAP_ALLOCATE|[40]|Bytes:5
19:56:49.0 (26591850)|HEAP_ALLOCATE|[40]|Bytes:12
19:56:49.0 (26598381)|VARIABLE_SCOPE_BEGIN|[40]|pm|Project_Markers__c|true|false
19:56:49.0 (26611227)|VARIABLE_ASSIGNMENT|[40]|pm|{"s":1,"v":{"Id":"a024E0000019ofDQAQ","Marker__c":"Pressrelease"}}|0xd60e667
19:56:49.0 (26614092)|STATEMENT_EXECUTE|[40]
19:56:49.0 (26615320)|STATEMENT_EXECUTE|[41]
19:56:49.0 (26651984)|VARIABLE_ASSIGNMENT|[EXTERNAL]|this|{"company":"0x133e8de2","companyLicenseMarker (1 more) ...":"0x21370272","ideaMarkers":"0x6677da9f","markersList":"0x6b473b2f","phase":"License","project":"0x4ecbfa7a","projectObj":"0x162067d0","uniqueMarkers":"0x41f483d5","verificationMarkers":"0x44f03eef"}|0x54563e95
19:56:49.0 (26675279)|HEAP_ALLOCATE|[EXTERNAL]|Bytes:4
19:56:49.0 (26689156)|HEAP_ALLOCATE|[40]|Bytes:5
19:56:49.0 (26700064)|HEAP_ALLOCATE|[40]|Bytes:12
19:56:49.0 (26706221)|VARIABLE_SCOPE_BEGIN|[40]|pm|Project_Markers__c|true|false
19:56:49.0 (26718298)|VARIABLE_ASSIGNMENT|[40]|pm|{"s":1,"v":{"Id":"a024E0000019ofEQAQ","Marker__c":"Annan"}}|0x75938b58
19:56:49.0 (26721195)|STATEMENT_EXECUTE|[40]
19:56:49.0 (26722466)|STATEMENT_EXECUTE|[41]
19:56:49.0 (26758840)|VARIABLE_ASSIGNMENT|[EXTERNAL]|this|{"company":"0x133e8de2","companyLicenseMarker (1 more) ...":"0x21370272","ideaMarkers":"0x6677da9f","markersList":"0x6b473b2f","phase":"License","project":"0x4ecbfa7a","projectObj":"0x162067d0","uniqueMarkers":"0x41f483d5","verificationMarkers":"0x44f03eef"}|0x54563e95
19:56:49.0 (26782257)|HEAP_ALLOCATE|[EXTERNAL]|Bytes:4
19:56:49.0 (26796210)|HEAP_ALLOCATE|[40]|Bytes:5
19:56:49.0 (26807021)|HEAP_ALLOCATE|[40]|Bytes:12
19:56:49.0 (26813232)|VARIABLE_SCOPE_BEGIN|[40]|pm|Project_Markers__c|true|false
19:56:49.0 (26825186)|VARIABLE_ASSIGNMENT|[40]|pm|{"s":1,"v":{"Id":"a024E0000019ofFQAQ","Marker__c":"Forskaravtal"}}|0x5dd72697
19:56:49.0 (26828321)|STATEMENT_EXECUTE|[40]
19:56:49.0 (26829477)|STATEMENT_EXECUTE|[41]
19:56:49.0 (26865661)|VARIABLE_ASSIGNMENT|[EXTERNAL]|this|{"company":"0x133e8de2","companyLicenseMarker (1 more) ...":"0x21370272","ideaMarkers":"0x6677da9f","markersList":"0x6b473b2f","phase":"License","project":"0x4ecbfa7a","projectObj":"0x162067d0","uniqueMarkers":"0x41f483d5","verificationMarkers":"0x44f03eef"}|0x54563e95
19:56:49.0 (26888785)|HEAP_ALLOCATE|[EXTERNAL]|Bytes:4
19:56:49.0 (26902675)|HEAP_ALLOCATE|[40]|Bytes:5
19:56:49.0 (26913552)|HEAP_ALLOCATE|[40]|Bytes:12
19:56:49.0 (26919807)|VARIABLE_SCOPE_BEGIN|[40]|pm|Project_Markers__c|true|false
19:56:49.0 (26932024)|VARIABLE_ASSIGNMENT|[40]|pm|{"s":1,"v":{"Id":"a024E0000019ofGQAQ","Marker__c":"Bolagsstart"}}|0x56c098b9
19:56:49.0 (26935005)|STATEMENT_EXECUTE|[40]
19:56:49.0 (26936186)|STATEMENT_EXECUTE|[41]
19:56:49.0 (26972658)|VARIABLE_ASSIGNMENT|[EXTERNAL]|this|{"company":"0x133e8de2","companyLicenseMarker (1 more) ...":"0x21370272","ideaMarkers":"0x6677da9f","markersList":"0x6b473b2f","phase":"License","project":"0x4ecbfa7a","projectObj":"0x162067d0","uniqueMarkers":"0x41f483d5","verificationMarkers":"0x44f03eef"}|0x54563e95
19:56:49.0 (26995508)|HEAP_ALLOCATE|[EXTERNAL]|Bytes:4
19:56:49.0 (27009186)|HEAP_ALLOCATE|[40]|Bytes:5
19:56:49.0 (27020900)|HEAP_ALLOCATE|[40]|Bytes:12
19:56:49.0 (27027132)|VARIABLE_SCOPE_BEGIN|[40]|pm|Project_Markers__c|true|false
19:56:49.0 (27039420)|VARIABLE_ASSIGNMENT|[40]|pm|{"s":1,"v":{"Id":"a024E0000019ofHQAQ","Marker__c":"Styrelse"}}|0x5c990fd8
19:56:49.0 (27042321)|STATEMENT_EXECUTE|[40]
19:56:49.0 (27043517)|STATEMENT_EXECUTE|[41]
19:56:49.0 (27079615)|VARIABLE_ASSIGNMENT|[EXTERNAL]|this|{"company":"0x133e8de2","companyLicenseMarker (1 more) ...":"0x21370272","ideaMarkers":"0x6677da9f","markersList":"0x6b473b2f","phase":"License","project":"0x4ecbfa7a","projectObj":"0x162067d0","uniqueMarkers":"0x41f483d5","verificationMarkers":"0x44f03eef"}|0x54563e95
19:56:49.0 (27102762)|HEAP_ALLOCATE|[EXTERNAL]|Bytes:4
19:56:49.0 (27116581)|HEAP_ALLOCATE|[40]|Bytes:5
19:56:49.0 (27127396)|HEAP_ALLOCATE|[40]|Bytes:12
19:56:49.0 (27133650)|VARIABLE_SCOPE_BEGIN|[40]|pm|Project_Markers__c|true|false
19:56:49.0 (27145918)|VARIABLE_ASSIGNMENT|[40]|pm|{"s":1,"v":{"Id":"a024E0000019ofIQAQ","Marker__c":"Inom LUIS AB"}}|0x35b99658
19:56:49.0 (27148803)|STATEMENT_EXECUTE|[40]
19:56:49.0 (27150025)|STATEMENT_EXECUTE|[41]
19:56:49.0 (27186937)|VARIABLE_ASSIGNMENT|[EXTERNAL]|this|{"company":"0x133e8de2","companyLicenseMarker (1 more) ...":"0x21370272","ideaMarkers":"0x6677da9f","markersList":"0x6b473b2f","phase":"License","project":"0x4ecbfa7a","projectObj":"0x162067d0","uniqueMarkers":"0x41f483d5","verificationMarkers":"0x44f03eef"}|0x54563e95
19:56:49.0 (27209886)|HEAP_ALLOCATE|[EXTERNAL]|Bytes:4
19:56:49.0 (27223630)|HEAP_ALLOCATE|[40]|Bytes:5
19:56:49.0 (27234508)|HEAP_ALLOCATE|[40]|Bytes:12
19:56:49.0 (27240719)|VARIABLE_SCOPE_BEGIN|[40]|pm|Project_Markers__c|true|false
19:56:49.0 (27272703)|VARIABLE_ASSIGNMENT|[40]|pm|{"s":1,"v":{"Id":"a024E0000019ofJQAQ","Marker__c":"Aktieägaravtal"}}|0x513eede6
19:56:49.0 (27278648)|STATEMENT_EXECUTE|[40]
19:56:49.0 (27280838)|STATEMENT_EXECUTE|[41]
19:56:49.0 (27343724)|VARIABLE_ASSIGNMENT|[EXTERNAL]|this|{"company":"0x133e8de2","companyLicenseMarker (1 more) ...":"0x21370272","ideaMarkers":"0x6677da9f","markersList":"0x6b473b2f","phase":"License","project":"0x4ecbfa7a","projectObj":"0x162067d0","uniqueMarkers":"0x41f483d5","verificationMarkers":"0x44f03eef"}|0x54563e95
19:56:49.0 (27378134)|HEAP_ALLOCATE|[EXTERNAL]|Bytes:4
19:56:49.0 (27393799)|HEAP_ALLOCATE|[40]|Bytes:5
19:56:49.0 (27405343)|HEAP_ALLOCATE|[40]|Bytes:12
19:56:49.0 (27411853)|VARIABLE_SCOPE_BEGIN|[40]|pm|Project_Markers__c|true|false
19:56:49.0 (27424941)|VARIABLE_ASSIGNMENT|[40]|pm|{"s":1,"v":{"Id":"a024E0000019ofKQAQ","Marker__c":"Bolagsordning"}}|0x3e9b228
19:56:49.0 (27427902)|STATEMENT_EXECUTE|[40]
19:56:49.0 (27429102)|STATEMENT_EXECUTE|[41]
19:56:49.0 (27466984)|VARIABLE_ASSIGNMENT|[EXTERNAL]|this|{"company":"0x133e8de2","companyLicenseMarker (1 more) ...":"0x21370272","ideaMarkers":"0x6677da9f","markersList":"0x6b473b2f","phase":"License","project":"0x4ecbfa7a","projectObj":"0x162067d0","uniqueMarkers":"0x41f483d5","verificationMarkers":"0x44f03eef"}|0x54563e95
19:56:49.0 (27490504)|HEAP_ALLOCATE|[EXTERNAL]|Bytes:4
19:56:49.0 (27504370)|HEAP_ALLOCATE|[40]|Bytes:5
19:56:49.0 (27515217)|HEAP_ALLOCATE|[40]|Bytes:12
19:56:49.0 (27521741)|VARIABLE_SCOPE_BEGIN|[40]|pm|Project_Markers__c|true|false
19:56:49.0 (27533845)|VARIABLE_ASSIGNMENT|[40]|pm|{"s":1,"v":{"Id":"a024E0000019ofLQAQ","Marker__c":"Budget"}}|0x171a8a42
19:56:49.0 (27536776)|STATEMENT_EXECUTE|[40]
19:56:49.0 (27537924)|STATEMENT_EXECUTE|[41]
19:56:49.0 (27578555)|VARIABLE_ASSIGNMENT|[EXTERNAL]|this|{"company":"0x133e8de2","companyLicenseMarker (1 more) ...":"0x21370272","ideaMarkers":"0x6677da9f","markersList":"0x6b473b2f","phase":"License","project":"0x4ecbfa7a","projectObj":"0x162067d0","uniqueMarkers":"0x41f483d5","verificationMarkers":"0x44f03eef"}|0x54563e95
19:56:49.0 (27602709)|HEAP_ALLOCATE|[EXTERNAL]|Bytes:4
19:56:49.0 (27617016)|HEAP_ALLOCATE|[40]|Bytes:5
19:56:49.0 (27628072)|HEAP_ALLOCATE|[40]|Bytes:12
19:56:49.0 (27634440)|VARIABLE_SCOPE_BEGIN|[40]|pm|Project_Markers__c|true|false
19:56:49.0 (27646697)|VARIABLE_ASSIGNMENT|[40]|pm|{"s":1,"v":{"Id":"a024E0000019ofMQAQ","Marker__c":"Affärsplan"}}|0x6ee8c5af
19:56:49.0 (27649691)|STATEMENT_EXECUTE|[40]
19:56:49.0 (27651094)|STATEMENT_EXECUTE|[41]
19:56:49.0 (27687816)|VARIABLE_ASSIGNMENT|[EXTERNAL]|this|{"company":"0x133e8de2","companyLicenseMarker (1 more) ...":"0x21370272","ideaMarkers":"0x6677da9f","markersList":"0x6b473b2f","phase":"License","project":"0x4ecbfa7a","projectObj":"0x162067d0","uniqueMarkers":"0x41f483d5","verificationMarkers":"0x44f03eef"}|0x54563e95
19:56:49.0 (27713159)|HEAP_ALLOCATE|[EXTERNAL]|Bytes:4
19:56:49.0 (27729255)|HEAP_ALLOCATE|[40]|Bytes:5
19:56:49.0 (27740502)|HEAP_ALLOCATE|[40]|Bytes:12
19:56:49.0 (27746785)|VARIABLE_SCOPE_BEGIN|[40]|pm|Project_Markers__c|true|false
19:56:49.0 (27759254)|VARIABLE_ASSIGNMENT|[40]|pm|{"s":1,"v":{"Id":"a024E0000019ofNQAQ","Marker__c":"Finansiering"}}|0x481f4449
19:56:49.0 (27762153)|STATEMENT_EXECUTE|[40]
19:56:49.0 (27763329)|STATEMENT_EXECUTE|[41]
19:56:49.0 (27799814)|VARIABLE_ASSIGNMENT|[EXTERNAL]|this|{"company":"0x133e8de2","companyLicenseMarker (1 more) ...":"0x21370272","ideaMarkers":"0x6677da9f","markersList":"0x6b473b2f","phase":"License","project":"0x4ecbfa7a","projectObj":"0x162067d0","uniqueMarkers":"0x41f483d5","verificationMarkers":"0x44f03eef"}|0x54563e95
19:56:49.0 (27823224)|HEAP_ALLOCATE|[EXTERNAL]|Bytes:4
19:56:49.0 (27836953)|HEAP_ALLOCATE|[40]|Bytes:5
19:56:49.0 (27847748)|HEAP_ALLOCATE|[40]|Bytes:12
19:56:49.0 (27853931)|VARIABLE_SCOPE_BEGIN|[40]|pm|Project_Markers__c|true|false
19:56:49.0 (27866076)|VARIABLE_ASSIGNMENT|[40]|pm|{"s":1,"v":{"Id":"a024E0000019ofOQAQ","Marker__c":"Pressrelease"}}|0x6a9d790
19:56:49.0 (27869083)|STATEMENT_EXECUTE|[40]
19:56:49.0 (27870270)|STATEMENT_EXECUTE|[41]
19:56:49.0 (27906456)|VARIABLE_ASSIGNMENT|[EXTERNAL]|this|{"company":"0x133e8de2","companyLicenseMarker (1 more) ...":"0x21370272","ideaMarkers":"0x6677da9f","markersList":"0x6b473b2f","phase":"License","project":"0x4ecbfa7a","projectObj":"0x162067d0","uniqueMarkers":"0x41f483d5","verificationMarkers":"0x44f03eef"}|0x54563e95
19:56:49.0 (27929347)|HEAP_ALLOCATE|[EXTERNAL]|Bytes:4
19:56:49.0 (27943128)|HEAP_ALLOCATE|[40]|Bytes:5
19:56:49.0 (27954171)|HEAP_ALLOCATE|[40]|Bytes:12
19:56:49.0 (27960364)|VARIABLE_SCOPE_BEGIN|[40]|pm|Project_Markers__c|true|false
19:56:49.0 (27972407)|VARIABLE_ASSIGNMENT|[40]|pm|{"s":1,"v":{"Id":"a024E0000019ofPQAQ","Marker__c":"Annan"}}|0x45a2059d
19:56:49.0 (27975322)|STATEMENT_EXECUTE|[40]
19:56:49.0 (27976512)|STATEMENT_EXECUTE|[41]
19:56:49.0 (28012393)|VARIABLE_ASSIGNMENT|[EXTERNAL]|this|{"company":"0x133e8de2","companyLicenseMarker (1 more) ...":"0x21370272","ideaMarkers":"0x6677da9f","markersList":"0x6b473b2f","phase":"License","project":"0x4ecbfa7a","projectObj":"0x162067d0","uniqueMarkers":"0x41f483d5","verificationMarkers":"0x44f03eef"}|0x54563e95
19:56:49.0 (28036212)|HEAP_ALLOCATE|[EXTERNAL]|Bytes:4
19:56:49.0 (28050159)|HEAP_ALLOCATE|[40]|Bytes:5
19:56:49.0 (28061088)|HEAP_ALLOCATE|[40]|Bytes:12
19:56:49.0 (28067378)|VARIABLE_SCOPE_BEGIN|[40]|pm|Project_Markers__c|true|false
19:56:49.0 (28079611)|VARIABLE_ASSIGNMENT|[40]|pm|{"s":1,"v":{"Id":"a024E0000019ofQQAQ","Marker__c":"Forskaravtal"}}|0x6d4f753b
19:56:49.0 (28082757)|STATEMENT_EXECUTE|[40]
19:56:49.0 (28083969)|STATEMENT_EXECUTE|[41]
19:56:49.0 (28120499)|VARIABLE_ASSIGNMENT|[EXTERNAL]|this|{"company":"0x133e8de2","companyLicenseMarker (1 more) ...":"0x21370272","ideaMarkers":"0x6677da9f","markersList":"0x6b473b2f","phase":"License","project":"0x4ecbfa7a","projectObj":"0x162067d0","uniqueMarkers":"0x41f483d5","verificationMarkers":"0x44f03eef"}|0x54563e95
19:56:49.0 (28143644)|HEAP_ALLOCATE|[EXTERNAL]|Bytes:4
19:56:49.0 (28157292)|HEAP_ALLOCATE|[40]|Bytes:5
19:56:49.0 (28168033)|HEAP_ALLOCATE|[40]|Bytes:12
19:56:49.0 (28174223)|VARIABLE_SCOPE_BEGIN|[40]|pm|Project_Markers__c|true|false
19:56:49.0 (28186428)|VARIABLE_ASSIGNMENT|[40]|pm|{"s":1,"v":{"Id":"a024E0000019ofRQAQ","Marker__c":"Bolagsstart"}}|0x5f4049d7
19:56:49.0 (28189316)|STATEMENT_EXECUTE|[40]
19:56:49.0 (28190507)|STATEMENT_EXECUTE|[41]
19:56:49.0 (28226908)|VARIABLE_ASSIGNMENT|[EXTERNAL]|this|{"company":"0x133e8de2","companyLicenseMarker (1 more) ...":"0x21370272","ideaMarkers":"0x6677da9f","markersList":"0x6b473b2f","phase":"License","project":"0x4ecbfa7a","projectObj":"0x162067d0","uniqueMarkers":"0x41f483d5","verificationMarkers":"0x44f03eef"}|0x54563e95
19:56:49.0 (28250594)|HEAP_ALLOCATE|[EXTERNAL]|Bytes:4
19:56:49.0 (28264332)|HEAP_ALLOCATE|[40]|Bytes:5
19:56:49.0 (28275019)|HEAP_ALLOCATE|[40]|Bytes:12
19:56:49.0 (28281191)|VARIABLE_SCOPE_BEGIN|[40]|pm|Project_Markers__c|true|false
19:56:49.0 (28293373)|VARIABLE_ASSIGNMENT|[40]|pm|{"s":1,"v":{"Id":"a024E0000019ofSQAQ","Marker__c":"Styrelse"}}|0x171d00f8
19:56:49.0 (28296313)|STATEMENT_EXECUTE|[40]
19:56:49.0 (28297504)|STATEMENT_EXECUTE|[41]
19:56:49.0 (28333878)|VARIABLE_ASSIGNMENT|[EXTERNAL]|this|{"company":"0x133e8de2","companyLicenseMarker (1 more) ...":"0x21370272","ideaMarkers":"0x6677da9f","markersList":"0x6b473b2f","phase":"License","project":"0x4ecbfa7a","projectObj":"0x162067d0","uniqueMarkers":"0x41f483d5","verificationMarkers":"0x44f03eef"}|0x54563e95
19:56:49.0 (28356745)|HEAP_ALLOCATE|[EXTERNAL]|Bytes:4
19:56:49.0 (28370668)|HEAP_ALLOCATE|[40]|Bytes:5
19:56:49.0 (28381396)|HEAP_ALLOCATE|[40]|Bytes:12
19:56:49.0 (28387520)|VARIABLE_SCOPE_BEGIN|[40]|pm|Project_Markers__c|true|false
19:56:49.0 (28399636)|VARIABLE_ASSIGNMENT|[40]|pm|{"s":1,"v":{"Id":"a024E0000019ofTQAQ","Marker__c":"Inom LUIS AB"}}|0x42c6616b
19:56:49.0 (28402539)|STATEMENT_EXECUTE|[40]
19:56:49.0 (28403737)|STATEMENT_EXECUTE|[41]
19:56:49.0 (28439389)|VARIABLE_ASSIGNMENT|[EXTERNAL]|this|{"company":"0x133e8de2","companyLicenseMarker (1 more) ...":"0x21370272","ideaMarkers":"0x6677da9f","markersList":"0x6b473b2f","phase":"License","project":"0x4ecbfa7a","projectObj":"0x162067d0","uniqueMarkers":"0x41f483d5","verificationMarkers":"0x44f03eef"}|0x54563e95
19:56:49.0 (28462389)|HEAP_ALLOCATE|[EXTERNAL]|Bytes:4
19:56:49.0 (28476179)|HEAP_ALLOCATE|[40]|Bytes:5
19:56:49.0 (28486926)|HEAP_ALLOCATE|[40]|Bytes:12
19:56:49.0 (28493188)|VARIABLE_SCOPE_BEGIN|[40]|pm|Project_Markers__c|true|false
19:56:49.0 (28505475)|VARIABLE_ASSIGNMENT|[40]|pm|{"s":1,"v":{"Id":"a024E0000019ofUQAQ","Marker__c":"Aktieägaravtal"}}|0x543622a5
19:56:49.0 (28508833)|STATEMENT_EXECUTE|[40]
19:56:49.0 (28510109)|STATEMENT_EXECUTE|[41]
19:56:49.0 (28545882)|VARIABLE_ASSIGNMENT|[EXTERNAL]|this|{"company":"0x133e8de2","companyLicenseMarker (1 more) ...":"0x21370272","ideaMarkers":"0x6677da9f","markersList":"0x6b473b2f","phase":"License","project":"0x4ecbfa7a","projectObj":"0x162067d0","uniqueMarkers":"0x41f483d5","verificationMarkers":"0x44f03eef"}|0x54563e95
19:56:49.0 (28573147)|HEAP_ALLOCATE|[EXTERNAL]|Bytes:4
19:56:49.0 (28587243)|HEAP_ALLOCATE|[40]|Bytes:5
19:56:49.0 (28598158)|HEAP_ALLOCATE|[40]|Bytes:12
19:56:49.0 (28604403)|VARIABLE_SCOPE_BEGIN|[40]|pm|Project_Markers__c|true|false
19:56:49.0 (28616689)|VARIABLE_ASSIGNMENT|[40]|pm|{"s":1,"v":{"Id":"a024E0000019ofVQAQ","Marker__c":"Bolagsordning"}}|0x965d705
19:56:49.0 (28619619)|STATEMENT_EXECUTE|[40]
19:56:49.0 (28620843)|STATEMENT_EXECUTE|[41]
19:56:49.0 (28656877)|VARIABLE_ASSIGNMENT|[EXTERNAL]|this|{"company":"0x133e8de2","companyLicenseMarker (1 more) ...":"0x21370272","ideaMarkers":"0x6677da9f","markersList":"0x6b473b2f","phase":"License","project":"0x4ecbfa7a","projectObj":"0x162067d0","uniqueMarkers":"0x41f483d5","verificationMarkers":"0x44f03eef"}|0x54563e95
19:56:49.0 (28680228)|HEAP_ALLOCATE|[EXTERNAL]|Bytes:4
19:56:49.0 (28694085)|HEAP_ALLOCATE|[40]|Bytes:5
19:56:49.0 (28705218)|HEAP_ALLOCATE|[40]|Bytes:12
19:56:49.0 (28714188)|VARIABLE_SCOPE_BEGIN|[40]|pm|Project_Markers__c|true|false
19:56:49.0 (28726591)|VARIABLE_ASSIGNMENT|[40]|pm|{"s":1,"v":{"Id":"a024E0000019ofWQAQ","Marker__c":"Budget"}}|0x76800c11
19:56:49.0 (28729597)|STATEMENT_EXECUTE|[40]
19:56:49.0 (28730771)|STATEMENT_EXECUTE|[41]
19:56:49.0 (28767592)|VARIABLE_ASSIGNMENT|[EXTERNAL]|this|{"company":"0x133e8de2","companyLicenseMarker (1 more) ...":"0x21370272","ideaMarkers":"0x6677da9f","markersList":"0x6b473b2f","phase":"License","project":"0x4ecbfa7a","projectObj":"0x162067d0","uniqueMarkers":"0x41f483d5","verificationMarkers":"0x44f03eef"}|0x54563e95
19:56:49.0 (28791471)|HEAP_ALLOCATE|[EXTERNAL]|Bytes:4
19:56:49.0 (28805603)|HEAP_ALLOCATE|[40]|Bytes:5
19:56:49.0 (28816317)|HEAP_ALLOCATE|[40]|Bytes:12
19:56:49.0 (28822615)|VARIABLE_SCOPE_BEGIN|[40]|pm|Project_Markers__c|true|false
19:56:49.0 (28834761)|VARIABLE_ASSIGNMENT|[40]|pm|{"s":1,"v":{"Id":"a024E0000019ofXQAQ","Marker__c":"Affärsplan"}}|0x73ce693
19:56:49.0 (28837789)|STATEMENT_EXECUTE|[40]
19:56:49.0 (28838925)|STATEMENT_EXECUTE|[41]
19:56:49.0 (28874936)|VARIABLE_ASSIGNMENT|[EXTERNAL]|this|{"company":"0x133e8de2","companyLicenseMarker (1 more) ...":"0x21370272","ideaMarkers":"0x6677da9f","markersList":"0x6b473b2f","phase":"License","project":"0x4ecbfa7a","projectObj":"0x162067d0","uniqueMarkers":"0x41f483d5","verificationMarkers":"0x44f03eef"}|0x54563e95
19:56:49.0 (28897666)|HEAP_ALLOCATE|[EXTERNAL]|Bytes:4
19:56:49.0 (28911363)|HEAP_ALLOCATE|[40]|Bytes:5
19:56:49.0 (28922225)|HEAP_ALLOCATE|[40]|Bytes:12
19:56:49.0 (28928583)|VARIABLE_SCOPE_BEGIN|[40]|pm|Project_Markers__c|true|false
19:56:49.0 (28941175)|VARIABLE_ASSIGNMENT|[40]|pm|{"s":1,"v":{"Id":"a024E0000019ofYQAQ","Marker__c":"Finansiering"}}|0x62fadfdb
19:56:49.0 (28944052)|STATEMENT_EXECUTE|[40]
19:56:49.0 (28945238)|STATEMENT_EXECUTE|[41]
19:56:49.0 (28981729)|VARIABLE_ASSIGNMENT|[EXTERNAL]|this|{"company":"0x133e8de2","companyLicenseMarker (1 more) ...":"0x21370272","ideaMarkers":"0x6677da9f","markersList":"0x6b473b2f","phase":"License","project":"0x4ecbfa7a","projectObj":"0x162067d0","uniqueMarkers":"0x41f483d5","verificationMarkers":"0x44f03eef"}|0x54563e95
19:56:49.0 (29004669)|HEAP_ALLOCATE|[EXTERNAL]|Bytes:4
19:56:49.0 (29019444)|HEAP_ALLOCATE|[40]|Bytes:5
19:56:49.0 (29030327)|HEAP_ALLOCATE|[40]|Bytes:12
19:56:49.0 (29036604)|VARIABLE_SCOPE_BEGIN|[40]|pm|Project_Markers__c|true|false
19:56:49.0 (29048795)|VARIABLE_ASSIGNMENT|[40]|pm|{"s":1,"v":{"Id":"a024E0000019ofZQAQ","Marker__c":"Pressrelease"}}|0x4500f17e
19:56:49.0 (29051622)|STATEMENT_EXECUTE|[40]
19:56:49.0 (29052856)|STATEMENT_EXECUTE|[41]
19:56:49.0 (29089821)|VARIABLE_ASSIGNMENT|[EXTERNAL]|this|{"company":"0x133e8de2","companyLicenseMarker (1 more) ...":"0x21370272","ideaMarkers":"0x6677da9f","markersList":"0x6b473b2f","phase":"License","project":"0x4ecbfa7a","projectObj":"0x162067d0","uniqueMarkers":"0x41f483d5","verificationMarkers":"0x44f03eef"}|0x54563e95
19:56:49.0 (29113362)|HEAP_ALLOCATE|[EXTERNAL]|Bytes:4
19:56:49.0 (29127178)|HEAP_ALLOCATE|[40]|Bytes:5
19:56:49.0 (29137853)|HEAP_ALLOCATE|[40]|Bytes:12
19:56:49.0 (29144101)|VARIABLE_SCOPE_BEGIN|[40]|pm|Project_Markers__c|true|false
19:56:49.0 (29156168)|VARIABLE_ASSIGNMENT|[40]|pm|{"s":1,"v":{"Id":"a024E0000019ofaQAA","Marker__c":"Annan"}}|0x33169d4b
19:56:49.0 (29159037)|STATEMENT_EXECUTE|[40]
19:56:49.0 (29160234)|STATEMENT_EXECUTE|[41]
19:56:49.0 (29196725)|VARIABLE_ASSIGNMENT|[EXTERNAL]|this|{"company":"0x133e8de2","companyLicenseMarker (1 more) ...":"0x21370272","ideaMarkers":"0x6677da9f","markersList":"0x6b473b2f","phase":"License","project":"0x4ecbfa7a","projectObj":"0x162067d0","uniqueMarkers":"0x41f483d5","verificationMarkers":"0x44f03eef"}|0x54563e95
19:56:49.0 (29219960)|HEAP_ALLOCATE|[EXTERNAL]|Bytes:4
19:56:49.0 (29233875)|HEAP_ALLOCATE|[40]|Bytes:5
19:56:49.0 (29244669)|HEAP_ALLOCATE|[40]|Bytes:12
19:56:49.0 (29250990)|VARIABLE_SCOPE_BEGIN|[40]|pm|Project_Markers__c|true|false
19:56:49.0 (29263100)|VARIABLE_ASSIGNMENT|[40]|pm|{"s":1,"v":{"Id":"a024E0000019ofbQAA","Marker__c":"Forskaravtal"}}|0x537efdc4
19:56:49.0 (29266036)|STATEMENT_EXECUTE|[40]
19:56:49.0 (29267210)|STATEMENT_EXECUTE|[41]
19:56:49.0 (29303298)|VARIABLE_ASSIGNMENT|[EXTERNAL]|this|{"company":"0x133e8de2","companyLicenseMarker (1 more) ...":"0x21370272","ideaMarkers":"0x6677da9f","markersList":"0x6b473b2f","phase":"License","project":"0x4ecbfa7a","projectObj":"0x162067d0","uniqueMarkers":"0x41f483d5","verificationMarkers":"0x44f03eef"}|0x54563e95
19:56:49.0 (29326587)|HEAP_ALLOCATE|[EXTERNAL]|Bytes:4
19:56:49.0 (29340374)|HEAP_ALLOCATE|[40]|Bytes:5
19:56:49.0 (29351175)|HEAP_ALLOCATE|[40]|Bytes:12
19:56:49.0 (29357348)|VARIABLE_SCOPE_BEGIN|[40]|pm|Project_Markers__c|true|false
19:56:49.0 (29369810)|VARIABLE_ASSIGNMENT|[40]|pm|{"s":1,"v":{"Id":"a024E0000019ofcQAA","Marker__c":"Bolagsstart"}}|0x67cee477
19:56:49.0 (29373014)|STATEMENT_EXECUTE|[40]
19:56:49.0 (29374169)|STATEMENT_EXECUTE|[41]
19:56:49.0 (29410110)|VARIABLE_ASSIGNMENT|[EXTERNAL]|this|{"company":"0x133e8de2","companyLicenseMarker (1 more) ...":"0x21370272","ideaMarkers":"0x6677da9f","markersList":"0x6b473b2f","phase":"License","project":"0x4ecbfa7a","projectObj":"0x162067d0","uniqueMarkers":"0x41f483d5","verificationMarkers":"0x44f03eef"}|0x54563e95
19:56:49.0 (29432732)|HEAP_ALLOCATE|[EXTERNAL]|Bytes:4
19:56:49.0 (29446447)|HEAP_ALLOCATE|[40]|Bytes:5
19:56:49.0 (29457286)|HEAP_ALLOCATE|[40]|Bytes:12
19:56:49.0 (29463601)|VARIABLE_SCOPE_BEGIN|[40]|pm|Project_Markers__c|true|false
19:56:49.0 (29475995)|VARIABLE_ASSIGNMENT|[40]|pm|{"s":1,"v":{"Id":"a024E0000019ofdQAA","Marker__c":"Styrelse"}}|0x250762f1
19:56:49.0 (29478871)|STATEMENT_EXECUTE|[40]
19:56:49.0 (29480081)|STATEMENT_EXECUTE|[41]
19:56:49.0 (29516325)|VARIABLE_ASSIGNMENT|[EXTERNAL]|this|{"company":"0x133e8de2","companyLicenseMarker (1 more) ...":"0x21370272","ideaMarkers":"0x6677da9f","markersList":"0x6b473b2f","phase":"License","project":"0x4ecbfa7a","projectObj":"0x162067d0","uniqueMarkers":"0x41f483d5","verificationMarkers":"0x44f03eef"}|0x54563e95
19:56:49.0 (29539232)|HEAP_ALLOCATE|[EXTERNAL]|Bytes:4
19:56:49.0 (29557059)|HEAP_ALLOCATE|[40]|Bytes:5
19:56:49.0 (29568367)|HEAP_ALLOCATE|[40]|Bytes:12
19:56:49.0 (29574658)|VARIABLE_SCOPE_BEGIN|[40]|pm|Project_Markers__c|true|false
19:56:49.0 (29586946)|VARIABLE_ASSIGNMENT|[40]|pm|{"s":1,"v":{"Id":"a024E0000019ofeQAA","Marker__c":"Inom LUIS AB"}}|0x22fc5fdf
19:56:49.0 (29589791)|STATEMENT_EXECUTE|[40]
19:56:49.0 (29590994)|STATEMENT_EXECUTE|[41]
19:56:49.0 (29627461)|VARIABLE_ASSIGNMENT|[EXTERNAL]|this|{"company":"0x133e8de2","companyLicenseMarker (1 more) ...":"0x21370272","ideaMarkers":"0x6677da9f","markersList":"0x6b473b2f","phase":"License","project":"0x4ecbfa7a","projectObj":"0x162067d0","uniqueMarkers":"0x41f483d5","verificationMarkers":"0x44f03eef"}|0x54563e95
19:56:49.0 (29650885)|HEAP_ALLOCATE|[EXTERNAL]|Bytes:4
19:56:49.0 (29664642)|HEAP_ALLOCATE|[40]|Bytes:5
19:56:49.0 (29675478)|HEAP_ALLOCATE|[40]|Bytes:12
19:56:49.0 (29681802)|VARIABLE_SCOPE_BEGIN|[40]|pm|Project_Markers__c|true|false
19:56:49.0 (29693841)|VARIABLE_ASSIGNMENT|[40]|pm|{"s":1,"v":{"Id":"a024E0000019offQAA","Marker__c":"Aktieägaravtal"}}|0x6481699
19:56:49.0 (29696825)|STATEMENT_EXECUTE|[40]
19:56:49.0 (29697989)|STATEMENT_EXECUTE|[41]
19:56:49.0 (29737334)|VARIABLE_ASSIGNMENT|[EXTERNAL]|this|{"company":"0x133e8de2","companyLicenseMarker (1 more) ...":"0x21370272","ideaMarkers":"0x6677da9f","markersList":"0x6b473b2f","phase":"License","project":"0x4ecbfa7a","projectObj":"0x162067d0","uniqueMarkers":"0x41f483d5","verificationMarkers":"0x44f03eef"}|0x54563e95
19:56:49.0 (29761483)|HEAP_ALLOCATE|[EXTERNAL]|Bytes:4
19:56:49.0 (29775336)|HEAP_ALLOCATE|[40]|Bytes:5
19:56:49.0 (29786244)|HEAP_ALLOCATE|[40]|Bytes:12
19:56:49.0 (29792749)|VARIABLE_SCOPE_BEGIN|[40]|pm|Project_Markers__c|true|false
19:56:49.0 (29805086)|VARIABLE_ASSIGNMENT|[40]|pm|{"s":1,"v":{"Id":"a024E0000019ofgQAA","Marker__c":"Bolagsordning"}}|0x16b5a77b
19:56:49.0 (29808005)|STATEMENT_EXECUTE|[40]
19:56:49.0 (29809158)|STATEMENT_EXECUTE|[41]
19:56:49.0 (29845678)|VARIABLE_ASSIGNMENT|[EXTERNAL]|this|{"company":"0x133e8de2","companyLicenseMarker (1 more) ...":"0x21370272","ideaMarkers":"0x6677da9f","markersList":"0x6b473b2f","phase":"License","project":"0x4ecbfa7a","projectObj":"0x162067d0","uniqueMarkers":"0x41f483d5","verificationMarkers":"0x44f03eef"}|0x54563e95
19:56:49.0 (29868849)|HEAP_ALLOCATE|[EXTERNAL]|Bytes:4
19:56:49.0 (29882664)|HEAP_ALLOCATE|[40]|Bytes:5
19:56:49.0 (29893496)|HEAP_ALLOCATE|[40]|Bytes:12
19:56:49.0 (29900055)|VARIABLE_SCOPE_BEGIN|[40]|pm|Project_Markers__c|true|false
19:56:49.0 (29912081)|VARIABLE_ASSIGNMENT|[40]|pm|{"s":1,"v":{"Id":"a024E0000019ofhQAA","Marker__c":"Budget"}}|0x8bb5fb6
19:56:49.0 (29914911)|STATEMENT_EXECUTE|[40]
19:56:49.0 (29916322)|STATEMENT_EXECUTE|[41]
19:56:49.0 (29952494)|VARIABLE_ASSIGNMENT|[EXTERNAL]|this|{"company":"0x133e8de2","companyLicenseMarker (1 more) ...":"0x21370272","ideaMarkers":"0x6677da9f","markersList":"0x6b473b2f","phase":"License","project":"0x4ecbfa7a","projectObj":"0x162067d0","uniqueMarkers":"0x41f483d5","verificationMarkers":"0x44f03eef"}|0x54563e95
19:56:49.0 (29975367)|HEAP_ALLOCATE|[EXTERNAL]|Bytes:4
19:56:49.0 (29989342)|HEAP_ALLOCATE|[40]|Bytes:5
19:56:49.0 (30000111)|HEAP_ALLOCATE|[40]|Bytes:12
19:56:49.0 (30007133)|VARIABLE_SCOPE_BEGIN|[40]|pm|Project_Markers__c|true|false
19:56:49.0 (30019211)|VARIABLE_ASSIGNMENT|[40]|pm|{"s":1,"v":{"Id":"a024E0000019ofiQAA","Marker__c":"Affärsplan"}}|0x4879fbd9
19:56:49.0 (30022297)|STATEMENT_EXECUTE|[40]
19:56:49.0 (30023631)|STATEMENT_EXECUTE|[41]
19:56:49.0 (30060248)|VARIABLE_ASSIGNMENT|[EXTERNAL]|this|{"company":"0x133e8de2","companyLicenseMarker (1 more) ...":"0x21370272","ideaMarkers":"0x6677da9f","markersList":"0x6b473b2f","phase":"License","project":"0x4ecbfa7a","projectObj":"0x162067d0","uniqueMarkers":"0x41f483d5","verificationMarkers":"0x44f03eef"}|0x54563e95
19:56:49.0 (30083332)|HEAP_ALLOCATE|[EXTERNAL]|Bytes:4
19:56:49.0 (30097219)|HEAP_ALLOCATE|[40]|Bytes:5
19:56:49.0 (30107943)|HEAP_ALLOCATE|[40]|Bytes:12
19:56:49.0 (30114221)|VARIABLE_SCOPE_BEGIN|[40]|pm|Project_Markers__c|true|false
19:56:49.0 (30126373)|VARIABLE_ASSIGNMENT|[40]|pm|{"s":1,"v":{"Id":"a024E0000019ofjQAA","Marker__c":"Finansiering"}}|0xec3c091
19:56:49.0 (30129298)|STATEMENT_EXECUTE|[40]
19:56:49.0 (30130518)|STATEMENT_EXECUTE|[41]
19:56:49.0 (30166655)|VARIABLE_ASSIGNMENT|[EXTERNAL]|this|{"company":"0x133e8de2","companyLicenseMarker (1 more) ...":"0x21370272","ideaMarkers":"0x6677da9f","markersList":"0x6b473b2f","phase":"License","project":"0x4ecbfa7a","projectObj":"0x162067d0","uniqueMarkers":"0x41f483d5","verificationMarkers":"0x44f03eef"}|0x54563e95
19:56:49.0 (30189725)|HEAP_ALLOCATE|[EXTERNAL]|Bytes:4
19:56:49.0 (30203538)|HEAP_ALLOCATE|[40]|Bytes:5
19:56:49.0 (30214711)|HEAP_ALLOCATE|[40]|Bytes:12
19:56:49.0 (30220939)|VARIABLE_SCOPE_BEGIN|[40]|pm|Project_Markers__c|true|false
19:56:49.0 (30232940)|VARIABLE_ASSIGNMENT|[40]|pm|{"s":1,"v":{"Id":"a024E0000019ofkQAA","Marker__c":"Pressrelease"}}|0x35f6204d
19:56:49.0 (30235821)|STATEMENT_EXECUTE|[40]
19:56:49.0 (30237014)|STATEMENT_EXECUTE|[41]
19:56:49.0 (30272759)|VARIABLE_ASSIGNMENT|[EXTERNAL]|this|{"company":"0x133e8de2","companyLicenseMarker (1 more) ...":"0x21370272","ideaMarkers":"0x6677da9f","markersList":"0x6b473b2f","phase":"License","project":"0x4ecbfa7a","projectObj":"0x162067d0","uniqueMarkers":"0x41f483d5","verificationMarkers":"0x44f03eef"}|0x54563e95
19:56:49.0 (30295941)|HEAP_ALLOCATE|[EXTERNAL]|Bytes:4
19:56:49.0 (30309656)|HEAP_ALLOCATE|[40]|Bytes:5
19:56:49.0 (30320560)|HEAP_ALLOCATE|[40]|Bytes:12
19:56:49.0 (30326793)|VARIABLE_SCOPE_BEGIN|[40]|pm|Project_Markers__c|true|false
19:56:49.0 (30338759)|VARIABLE_ASSIGNMENT|[40]|pm|{"s":1,"v":{"Id":"a024E0000019oflQAA","Marker__c":"Annan"}}|0x67628faa
19:56:49.0 (30341726)|STATEMENT_EXECUTE|[40]
19:56:49.0 (30342903)|STATEMENT_EXECUTE|[41]
19:56:49.0 (30379304)|VARIABLE_ASSIGNMENT|[EXTERNAL]|this|{"company":"0x133e8de2","companyLicenseMarker (1 more) ...":"0x21370272","ideaMarkers":"0x6677da9f","markersList":"0x6b473b2f","phase":"License","project":"0x4ecbfa7a","projectObj":"0x162067d0","uniqueMarkers":"0x41f483d5","verificationMarkers":"0x44f03eef"}|0x54563e95
19:56:49.0 (30402368)|HEAP_ALLOCATE|[EXTERNAL]|Bytes:4
19:56:49.0 (30416293)|HEAP_ALLOCATE|[40]|Bytes:5
19:56:49.0 (30427107)|HEAP_ALLOCATE|[40]|Bytes:12
19:56:49.0 (30433409)|VARIABLE_SCOPE_BEGIN|[40]|pm|Project_Markers__c|true|false
19:56:49.0 (30445592)|VARIABLE_ASSIGNMENT|[40]|pm|{"s":1,"v":{"Id":"a024E0000019ofmQAA","Marker__c":"Forskaravtal"}}|0x60c207ac
19:56:49.0 (30448436)|STATEMENT_EXECUTE|[40]
19:56:49.0 (30449671)|STATEMENT_EXECUTE|[41]
19:56:49.0 (30485848)|VARIABLE_ASSIGNMENT|[EXTERNAL]|this|{"company":"0x133e8de2","companyLicenseMarker (1 more) ...":"0x21370272","ideaMarkers":"0x6677da9f","markersList":"0x6b473b2f","phase":"License","project":"0x4ecbfa7a","projectObj":"0x162067d0","uniqueMarkers":"0x41f483d5","verificationMarkers":"0x44f03eef"}|0x54563e95
19:56:49.0 (30509059)|HEAP_ALLOCATE|[EXTERNAL]|Bytes:4
19:56:49.0 (30522826)|HEAP_ALLOCATE|[40]|Bytes:5
19:56:49.0 (30533722)|HEAP_ALLOCATE|[40]|Bytes:12
19:56:49.0 (30539886)|VARIABLE_SCOPE_BEGIN|[40]|pm|Project_Markers__c|true|false
19:56:49.0 (30562544)|VARIABLE_ASSIGNMENT|[40]|pm|{"s":1,"v":{"Id":"a024E0000019ofnQAA","Marker__c":"Bolagsstart"}}|0x7095946d
19:56:49.0 (30566168)|STATEMENT_EXECUTE|[40]
19:56:49.0 (30567423)|STATEMENT_EXECUTE|[41]
19:56:49.0 (30605636)|VARIABLE_ASSIGNMENT|[EXTERNAL]|this|{"company":"0x133e8de2","companyLicenseMarker (1 more) ...":"0x21370272","ideaMarkers":"0x6677da9f","markersList":"0x6b473b2f","phase":"License","project":"0x4ecbfa7a","projectObj":"0x162067d0","uniqueMarkers":"0x41f483d5","verificationMarkers":"0x44f03eef"}|0x54563e95
19:56:49.0 (30629389)|HEAP_ALLOCATE|[EXTERNAL]|Bytes:4
19:56:49.0 (30643829)|HEAP_ALLOCATE|[40]|Bytes:5
19:56:49.0 (30654997)|HEAP_ALLOCATE|[40]|Bytes:12
19:56:49.0 (30661394)|VARIABLE_SCOPE_BEGIN|[40]|pm|Project_Markers__c|true|false
19:56:49.0 (30673775)|VARIABLE_ASSIGNMENT|[40]|pm|{"s":1,"v":{"Id":"a024E0000019ofoQAA","Marker__c":"Styrelse"}}|0x74e5267a
19:56:49.0 (30676645)|STATEMENT_EXECUTE|[40]
19:56:49.0 (30677874)|STATEMENT_EXECUTE|[41]
19:56:49.0 (30717848)|VARIABLE_ASSIGNMENT|[EXTERNAL]|this|{"company":"0x133e8de2","companyLicenseMarker (1 more) ...":"0x21370272","ideaMarkers":"0x6677da9f","markersList":"0x6b473b2f","phase":"License","project":"0x4ecbfa7a","projectObj":"0x162067d0","uniqueMarkers":"0x41f483d5","verificationMarkers":"0x44f03eef"}|0x54563e95
19:56:49.0 (30742746)|HEAP_ALLOCATE|[EXTERNAL]|Bytes:4
19:56:49.0 (30756916)|HEAP_ALLOCATE|[40]|Bytes:5
19:56:49.0 (30767906)|HEAP_ALLOCATE|[40]|Bytes:12
19:56:49.0 (30774190)|VARIABLE_SCOPE_BEGIN|[40]|pm|Project_Markers__c|true|false
19:56:49.0 (30786521)|VARIABLE_ASSIGNMENT|[40]|pm|{"s":1,"v":{"Id":"a024E0000019ofpQAA","Marker__c":"Inom LUIS AB"}}|0x709f893
19:56:49.0 (30789543)|STATEMENT_EXECUTE|[40]
19:56:49.0 (30790824)|STATEMENT_EXECUTE|[41]
19:56:49.0 (30827146)|VARIABLE_ASSIGNMENT|[EXTERNAL]|this|{"company":"0x133e8de2","companyLicenseMarker (1 more) ...":"0x21370272","ideaMarkers":"0x6677da9f","markersList":"0x6b473b2f","phase":"License","project":"0x4ecbfa7a","projectObj":"0x162067d0","uniqueMarkers":"0x41f483d5","verificationMarkers":"0x44f03eef"}|0x54563e95
19:56:49.0 (30850562)|HEAP_ALLOCATE|[EXTERNAL]|Bytes:4
19:56:49.0 (30864700)|HEAP_ALLOCATE|[40]|Bytes:5
19:56:49.0 (30875525)|HEAP_ALLOCATE|[40]|Bytes:12
19:56:49.0 (30881662)|VARIABLE_SCOPE_BEGIN|[40]|pm|Project_Markers__c|true|false
19:56:49.0 (30893810)|VARIABLE_ASSIGNMENT|[40]|pm|{"s":1,"v":{"Id":"a024E0000019ofqQAA","Marker__c":"Aktieägaravtal"}}|0x770660b9
19:56:49.0 (30896716)|STATEMENT_EXECUTE|[40]
19:56:49.0 (30897923)|STATEMENT_EXECUTE|[41]
19:56:49.0 (30933997)|VARIABLE_ASSIGNMENT|[EXTERNAL]|this|{"company":"0x133e8de2","companyLicenseMarker (1 more) ...":"0x21370272","ideaMarkers":"0x6677da9f","markersList":"0x6b473b2f","phase":"License","project":"0x4ecbfa7a","projectObj":"0x162067d0","uniqueMarkers":"0x41f483d5","verificationMarkers":"0x44f03eef"}|0x54563e95
19:56:49.0 (30957055)|HEAP_ALLOCATE|[EXTERNAL]|Bytes:4
19:56:49.0 (30970912)|HEAP_ALLOCATE|[40]|Bytes:5
19:56:49.0 (30981756)|HEAP_ALLOCATE|[40]|Bytes:12
19:56:49.0 (30988011)|VARIABLE_SCOPE_BEGIN|[40]|pm|Project_Markers__c|true|false
19:56:49.0 (31000452)|VARIABLE_ASSIGNMENT|[40]|pm|{"s":1,"v":{"Id":"a024E0000019ofrQAA","Marker__c":"Bolagsordning"}}|0x2becb4c8
19:56:49.0 (31004199)|STATEMENT_EXECUTE|[40]
19:56:49.0 (31005332)|STATEMENT_EXECUTE|[41]
19:56:49.0 (31041983)|VARIABLE_ASSIGNMENT|[EXTERNAL]|this|{"company":"0x133e8de2","companyLicenseMarker (1 more) ...":"0x21370272","ideaMarkers":"0x6677da9f","markersList":"0x6b473b2f","phase":"License","project":"0x4ecbfa7a","projectObj":"0x162067d0","uniqueMarkers":"0x41f483d5","verificationMarkers":"0x44f03eef"}|0x54563e95
19:56:49.0 (31065231)|HEAP_ALLOCATE|[EXTERNAL]|Bytes:4
19:56:49.0 (31079091)|HEAP_ALLOCATE|[40]|Bytes:5
19:56:49.0 (31089770)|HEAP_ALLOCATE|[40]|Bytes:12
19:56:49.0 (31095979)|VARIABLE_SCOPE_BEGIN|[40]|pm|Project_Markers__c|true|false
19:56:49.0 (31108226)|VARIABLE_ASSIGNMENT|[40]|pm|{"s":1,"v":{"Id":"a024E0000019ofsQAA","Marker__c":"Budget"}}|0x76e79139
19:56:49.0 (31111138)|STATEMENT_EXECUTE|[40]
19:56:49.0 (31112301)|STATEMENT_EXECUTE|[41]
19:56:49.0 (31148419)|VARIABLE_ASSIGNMENT|[EXTERNAL]|this|{"company":"0x133e8de2","companyLicenseMarker (1 more) ...":"0x21370272","ideaMarkers":"0x6677da9f","markersList":"0x6b473b2f","phase":"License","project":"0x4ecbfa7a","projectObj":"0x162067d0","uniqueMarkers":"0x41f483d5","verificationMarkers":"0x44f03eef"}|0x54563e95
19:56:49.0 (31171605)|HEAP_ALLOCATE|[EXTERNAL]|Bytes:4
19:56:49.0 (31185352)|HEAP_ALLOCATE|[40]|Bytes:5
19:56:49.0 (31196184)|HEAP_ALLOCATE|[40]|Bytes:12
19:56:49.0 (31202395)|VARIABLE_SCOPE_BEGIN|[40]|pm|Project_Markers__c|true|false
19:56:49.0 (31214473)|VARIABLE_ASSIGNMENT|[40]|pm|{"s":1,"v":{"Id":"a024E0000019oftQAA","Marker__c":"Affärsplan"}}|0x3e622216
19:56:49.0 (31217606)|STATEMENT_EXECUTE|[40]
19:56:49.0 (31218763)|STATEMENT_EXECUTE|[41]
19:56:49.0 (31255182)|VARIABLE_ASSIGNMENT|[EXTERNAL]|this|{"company":"0x133e8de2","companyLicenseMarker (1 more) ...":"0x21370272","ideaMarkers":"0x6677da9f","markersList":"0x6b473b2f","phase":"License","project":"0x4ecbfa7a","projectObj":"0x162067d0","uniqueMarkers":"0x41f483d5","verificationMarkers":"0x44f03eef"}|0x54563e95
19:56:49.0 (31278169)|HEAP_ALLOCATE|[EXTERNAL]|Bytes:4
19:56:49.0 (31291837)|HEAP_ALLOCATE|[40]|Bytes:5
19:56:49.0 (31302757)|HEAP_ALLOCATE|[40]|Bytes:12
19:56:49.0 (31309112)|VARIABLE_SCOPE_BEGIN|[40]|pm|Project_Markers__c|true|false
19:56:49.0 (31321215)|VARIABLE_ASSIGNMENT|[40]|pm|{"s":1,"v":{"Id":"a024E0000019ofuQAA","Marker__c":"Finansiering"}}|0x7aa59ecb
19:56:49.0 (31324106)|STATEMENT_EXECUTE|[40]
19:56:49.0 (31325299)|STATEMENT_EXECUTE|[41]
19:56:49.0 (31361384)|VARIABLE_ASSIGNMENT|[EXTERNAL]|this|{"company":"0x133e8de2","companyLicenseMarker (1 more) ...":"0x21370272","ideaMarkers":"0x6677da9f","markersList":"0x6b473b2f","phase":"License","project":"0x4ecbfa7a","projectObj":"0x162067d0","uniqueMarkers":"0x41f483d5","verificationMarkers":"0x44f03eef"}|0x54563e95
19:56:49.0 (31384683)|HEAP_ALLOCATE|[EXTERNAL]|Bytes:4
19:56:49.0 (31398379)|HEAP_ALLOCATE|[40]|Bytes:5
19:56:49.0 (31409067)|HEAP_ALLOCATE|[40]|Bytes:12
19:56:49.0 (31415324)|VARIABLE_SCOPE_BEGIN|[40]|pm|Project_Markers__c|true|false
19:56:49.0 (31427353)|VARIABLE_ASSIGNMENT|[40]|pm|{"s":1,"v":{"Id":"a024E0000019ofvQAA","Marker__c":"Pressrelease"}}|0x34a12fa3
19:56:49.0 (31430135)|STATEMENT_EXECUTE|[40]
19:56:49.0 (31431339)|STATEMENT_EXECUTE|[41]
19:56:49.0 (31467666)|VARIABLE_ASSIGNMENT|[EXTERNAL]|this|{"company":"0x133e8de2","companyLicenseMarker (1 more) ...":"0x21370272","ideaMarkers":"0x6677da9f","markersList":"0x6b473b2f","phase":"License","project":"0x4ecbfa7a","projectObj":"0x162067d0","uniqueMarkers":"0x41f483d5","verificationMarkers":"0x44f03eef"}|0x54563e95
19:56:49.0 (31490767)|HEAP_ALLOCATE|[EXTERNAL]|Bytes:4
19:56:49.0 (31504431)|HEAP_ALLOCATE|[40]|Bytes:5
19:56:49.0 (31515149)|HEAP_ALLOCATE|[40]|Bytes:12
19:56:49.0 (31521499)|VARIABLE_SCOPE_BEGIN|[40]|pm|Project_Markers__c|true|false
19:56:49.0 (31533459)|VARIABLE_ASSIGNMENT|[40]|pm|{"s":1,"v":{"Id":"a024E0000019ofwQAA","Marker__c":"Annan"}}|0x7e051e57
19:56:49.0 (31536331)|STATEMENT_EXECUTE|[40]
19:56:49.0 (31537512)|STATEMENT_EXECUTE|[41]
19:56:49.0 (31578061)|VARIABLE_ASSIGNMENT|[EXTERNAL]|this|{"company":"0x133e8de2","companyLicenseMarker (1 more) ...":"0x21370272","ideaMarkers":"0x6677da9f","markersList":"0x6b473b2f","phase":"License","project":"0x4ecbfa7a","projectObj":"0x162067d0","uniqueMarkers":"0x41f483d5","verificationMarkers":"0x44f03eef"}|0x54563e95
19:56:49.0 (31601987)|HEAP_ALLOCATE|[EXTERNAL]|Bytes:4
19:56:49.0 (31616187)|HEAP_ALLOCATE|[40]|Bytes:5
19:56:49.0 (31626993)|HEAP_ALLOCATE|[40]|Bytes:12
19:56:49.0 (31633242)|VARIABLE_SCOPE_BEGIN|[40]|pm|Project_Markers__c|true|false
19:56:49.0 (31645738)|VARIABLE_ASSIGNMENT|[40]|pm|{"s":1,"v":{"Id":"a024E0000019ofxQAA","Marker__c":"Forskaravtal"}}|0x51d8e113
19:56:49.0 (31648596)|STATEMENT_EXECUTE|[40]
19:56:49.0 (31649785)|STATEMENT_EXECUTE|[41]
19:56:49.0 (31685864)|VARIABLE_ASSIGNMENT|[EXTERNAL]|this|{"company":"0x133e8de2","companyLicenseMarker (1 more) ...":"0x21370272","ideaMarkers":"0x6677da9f","markersList":"0x6b473b2f","phase":"License","project":"0x4ecbfa7a","projectObj":"0x162067d0","uniqueMarkers":"0x41f483d5","verificationMarkers":"0x44f03eef"}|0x54563e95
19:56:49.0 (31710385)|HEAP_ALLOCATE|[EXTERNAL]|Bytes:4
19:56:49.0 (31726039)|HEAP_ALLOCATE|[40]|Bytes:5
19:56:49.0 (31737225)|HEAP_ALLOCATE|[40]|Bytes:12
19:56:49.0 (31743504)|VARIABLE_SCOPE_BEGIN|[40]|pm|Project_Markers__c|true|false
19:56:49.0 (31755783)|VARIABLE_ASSIGNMENT|[40]|pm|{"s":1,"v":{"Id":"a024E0000019ofyQAA","Marker__c":"Bolagsstart"}}|0x7dd7e25
19:56:49.0 (31758620)|STATEMENT_EXECUTE|[40]
19:56:49.0 (31759812)|STATEMENT_EXECUTE|[41]
19:56:49.0 (31796142)|VARIABLE_ASSIGNMENT|[EXTERNAL]|this|{"company":"0x133e8de2","companyLicenseMarker (1 more) ...":"0x21370272","ideaMarkers":"0x6677da9f","markersList":"0x6b473b2f","phase":"License","project":"0x4ecbfa7a","projectObj":"0x162067d0","uniqueMarkers":"0x41f483d5","verificationMarkers":"0x44f03eef"}|0x54563e95
19:56:49.0 (31819402)|HEAP_ALLOCATE|[EXTERNAL]|Bytes:4
19:56:49.0 (31833256)|HEAP_ALLOCATE|[40]|Bytes:5
19:56:49.0 (31844003)|HEAP_ALLOCATE|[40]|Bytes:12
19:56:49.0 (31850289)|VARIABLE_SCOPE_BEGIN|[40]|pm|Project_Markers__c|true|false
19:56:49.0 (31862265)|VARIABLE_ASSIGNMENT|[40]|pm|{"s":1,"v":{"Id":"a024E0000019ofzQAA","Marker__c":"Styrelse"}}|0x3a3c954a
19:56:49.0 (31865108)|STATEMENT_EXECUTE|[40]
19:56:49.0 (31866311)|STATEMENT_EXECUTE|[41]
19:56:49.0 (31905915)|VARIABLE_ASSIGNMENT|[EXTERNAL]|this|{"company":"0x133e8de2","companyLicenseMarker (1 more) ...":"0x21370272","ideaMarkers":"0x6677da9f","markersList":"0x6b473b2f","phase":"License","project":"0x4ecbfa7a","projectObj":"0x162067d0","uniqueMarkers":"0x41f483d5","verificationMarkers":"0x44f03eef"}|0x54563e95
19:56:49.0 (31930328)|HEAP_ALLOCATE|[EXTERNAL]|Bytes:4
19:56:49.0 (31944288)|HEAP_ALLOCATE|[40]|Bytes:5
19:56:49.0 (31955148)|HEAP_ALLOCATE|[40]|Bytes:12
19:56:49.0 (31961385)|VARIABLE_SCOPE_BEGIN|[40]|pm|Project_Markers__c|true|false
19:56:49.0 (31973581)|VARIABLE_ASSIGNMENT|[40]|pm|{"s":1,"v":{"Id":"a024E0000019og0QAA","Marker__c":"Inom LUIS AB"}}|0x6c1dc3fc
19:56:49.0 (31976734)|STATEMENT_EXECUTE|[40]
19:56:49.0 (31977904)|STATEMENT_EXECUTE|[41]
19:56:49.0 (32013985)|VARIABLE_ASSIGNMENT|[EXTERNAL]|this|{"company":"0x133e8de2","companyLicenseMarker (1 more) ...":"0x21370272","ideaMarkers":"0x6677da9f","markersList":"0x6b473b2f","phase":"License","project":"0x4ecbfa7a","projectObj":"0x162067d0","uniqueMarkers":"0x41f483d5","verificationMarkers":"0x44f03eef"}|0x54563e95
19:56:49.0 (32037594)|HEAP_ALLOCATE|[EXTERNAL]|Bytes:4
19:56:49.0 (32051462)|HEAP_ALLOCATE|[40]|Bytes:5
19:56:49.0 (32062328)|HEAP_ALLOCATE|[40]|Bytes:12
19:56:49.0 (32068582)|VARIABLE_SCOPE_BEGIN|[40]|pm|Project_Markers__c|true|false
19:56:49.0 (32080940)|VARIABLE_ASSIGNMENT|[40]|pm|{"s":1,"v":{"Id":"a024E0000019og1QAA","Marker__c":"Aktieägaravtal"}}|0x7a5b7715
19:56:49.0 (32083917)|STATEMENT_EXECUTE|[40]
19:56:49.0 (32085080)|STATEMENT_EXECUTE|[41]
19:56:49.0 (32121096)|VARIABLE_ASSIGNMENT|[EXTERNAL]|this|{"company":"0x133e8de2","companyLicenseMarker (1 more) ...":"0x21370272","ideaMarkers":"0x6677da9f","markersList":"0x6b473b2f","phase":"License","project":"0x4ecbfa7a","projectObj":"0x162067d0","uniqueMarkers":"0x41f483d5","verificationMarkers":"0x44f03eef"}|0x54563e95
19:56:49.0 (32144391)|HEAP_ALLOCATE|[EXTERNAL]|Bytes:4
19:56:49.0 (32158334)|HEAP_ALLOCATE|[40]|Bytes:5
19:56:49.0 (32169143)|HEAP_ALLOCATE|[40]|Bytes:12
19:56:49.0 (32175222)|VARIABLE_SCOPE_BEGIN|[40]|pm|Project_Markers__c|true|false
19:56:49.0 (32187414)|VARIABLE_ASSIGNMENT|[40]|pm|{"s":1,"v":{"Id":"a024E0000019og2QAA","Marker__c":"Bolagsordning"}}|0x169b022d
19:56:49.0 (32190255)|STATEMENT_EXECUTE|[40]
19:56:49.0 (32191653)|STATEMENT_EXECUTE|[41]
19:56:49.0 (32228105)|VARIABLE_ASSIGNMENT|[EXTERNAL]|this|{"company":"0x133e8de2","companyLicenseMarker (1 more) ...":"0x21370272","ideaMarkers":"0x6677da9f","markersList":"0x6b473b2f","phase":"License","project":"0x4ecbfa7a","projectObj":"0x162067d0","uniqueMarkers":"0x41f483d5","verificationMarkers":"0x44f03eef"}|0x54563e95
19:56:49.0 (32251061)|HEAP_ALLOCATE|[EXTERNAL]|Bytes:4
19:56:49.0 (32264918)|HEAP_ALLOCATE|[40]|Bytes:5
19:56:49.0 (32275802)|HEAP_ALLOCATE|[40]|Bytes:12
19:56:49.0 (32281990)|VARIABLE_SCOPE_BEGIN|[40]|pm|Project_Markers__c|true|false
19:56:49.0 (32294030)|VARIABLE_ASSIGNMENT|[40]|pm|{"s":1,"v":{"Id":"a024E0000019og3QAA","Marker__c":"Budget"}}|0x48d34371
19:56:49.0 (32296877)|STATEMENT_EXECUTE|[40]
19:56:49.0 (32298053)|STATEMENT_EXECUTE|[41]
19:56:49.0 (32334329)|VARIABLE_ASSIGNMENT|[EXTERNAL]|this|{"company":"0x133e8de2","companyLicenseMarker (1 more) ...":"0x21370272","ideaMarkers":"0x6677da9f","markersList":"0x6b473b2f","phase":"License","project":"0x4ecbfa7a","projectObj":"0x162067d0","uniqueMarkers":"0x41f483d5","verificationMarkers":"0x44f03eef"}|0x54563e95
19:56:49.0 (32357560)|HEAP_ALLOCATE|[EXTERNAL]|Bytes:4
19:56:49.0 (32371589)|HEAP_ALLOCATE|[40]|Bytes:5
19:56:49.0 (32382300)|HEAP_ALLOCATE|[40]|Bytes:12
19:56:49.0 (32388428)|VARIABLE_SCOPE_BEGIN|[40]|pm|Project_Markers__c|true|false
19:56:49.0 (32400502)|VARIABLE_ASSIGNMENT|[40]|pm|{"s":1,"v":{"Id":"a024E0000019og4QAA","Marker__c":"Affärsplan"}}|0x4ad36bb4
19:56:49.0 (32403402)|STATEMENT_EXECUTE|[40]
19:56:49.0 (32404571)|STATEMENT_EXECUTE|[41]
19:56:49.0 (32440431)|VARIABLE_ASSIGNMENT|[EXTERNAL]|this|{"company":"0x133e8de2","companyLicenseMarker (1 more) ...":"0x21370272","ideaMarkers":"0x6677da9f","markersList":"0x6b473b2f","phase":"License","project":"0x4ecbfa7a","projectObj":"0x162067d0","uniqueMarkers":"0x41f483d5","verificationMarkers":"0x44f03eef"}|0x54563e95
19:56:49.0 (32463465)|HEAP_ALLOCATE|[EXTERNAL]|Bytes:4
19:56:49.0 (32477308)|HEAP_ALLOCATE|[40]|Bytes:5
19:56:49.0 (32488145)|HEAP_ALLOCATE|[40]|Bytes:12
19:56:49.0 (32494662)|VARIABLE_SCOPE_BEGIN|[40]|pm|Project_Markers__c|true|false
19:56:49.0 (32506793)|VARIABLE_ASSIGNMENT|[40]|pm|{"s":1,"v":{"Id":"a024E0000019og5QAA","Marker__c":"Finansiering"}}|0x6b915e24
19:56:49.0 (32509716)|STATEMENT_EXECUTE|[40]
19:56:49.0 (32510921)|STATEMENT_EXECUTE|[41]
19:56:49.0 (32546902)|VARIABLE_ASSIGNMENT|[EXTERNAL]|this|{"company":"0x133e8de2","companyLicenseMarker (1 more) ...":"0x21370272","ideaMarkers":"0x6677da9f","markersList":"0x6b473b2f","phase":"License","project":"0x4ecbfa7a","projectObj":"0x162067d0","uniqueMarkers":"0x41f483d5","verificationMarkers":"0x44f03eef"}|0x54563e95
19:56:49.0 (32575725)|HEAP_ALLOCATE|[EXTERNAL]|Bytes:4
19:56:49.0 (32590072)|HEAP_ALLOCATE|[40]|Bytes:5
19:56:49.0 (32601097)|HEAP_ALLOCATE|[40]|Bytes:12
19:56:49.0 (32607330)|VARIABLE_SCOPE_BEGIN|[40]|pm|Project_Markers__c|true|false
19:56:49.0 (32619528)|VARIABLE_ASSIGNMENT|[40]|pm|{"s":1,"v":{"Id":"a024E0000019og6QAA","Marker__c":"Pressrelease"}}|0x2555a311
19:56:49.0 (32622620)|STATEMENT_EXECUTE|[40]
19:56:49.0 (32623783)|STATEMENT_EXECUTE|[41]
19:56:49.0 (32660125)|VARIABLE_ASSIGNMENT|[EXTERNAL]|this|{"company":"0x133e8de2","companyLicenseMarker (1 more) ...":"0x21370272","ideaMarkers":"0x6677da9f","markersList":"0x6b473b2f","phase":"License","project":"0x4ecbfa7a","projectObj":"0x162067d0","uniqueMarkers":"0x41f483d5","verificationMarkers":"0x44f03eef"}|0x54563e95
19:56:49.0 (32683100)|HEAP_ALLOCATE|[EXTERNAL]|Bytes:4
19:56:49.0 (32696907)|HEAP_ALLOCATE|[40]|Bytes:5
19:56:49.0 (32708906)|HEAP_ALLOCATE|[40]|Bytes:12
19:56:49.0 (32716692)|VARIABLE_SCOPE_BEGIN|[40]|pm|Project_Markers__c|true|false
19:56:49.0 (32728928)|VARIABLE_ASSIGNMENT|[40]|pm|{"s":1,"v":{"Id":"a024E0000019og7QAA","Marker__c":"Annan"}}|0x774fb401
19:56:49.0 (32731821)|STATEMENT_EXECUTE|[40]
19:56:49.0 (32733015)|STATEMENT_EXECUTE|[41]
19:56:49.0 (32769744)|VARIABLE_ASSIGNMENT|[EXTERNAL]|this|{"company":"0x133e8de2","companyLicenseMarker (1 more) ...":"0x21370272","ideaMarkers":"0x6677da9f","markersList":"0x6b473b2f","phase":"License","project":"0x4ecbfa7a","projectObj":"0x162067d0","uniqueMarkers":"0x41f483d5","verificationMarkers":"0x44f03eef"}|0x54563e95
19:56:49.0 (32793023)|HEAP_ALLOCATE|[EXTERNAL]|Bytes:4
19:56:49.0 (32806988)|HEAP_ALLOCATE|[40]|Bytes:5
19:56:49.0 (32817787)|HEAP_ALLOCATE|[40]|Bytes:12
19:56:49.0 (32823976)|VARIABLE_SCOPE_BEGIN|[40]|pm|Project_Markers__c|true|false
19:56:49.0 (32836043)|VARIABLE_ASSIGNMENT|[40]|pm|{"s":1,"v":{"Id":"a024E0000019og8QAA","Marker__c":"Forskaravtal"}}|0x2610ff97
19:56:49.0 (32838932)|STATEMENT_EXECUTE|[40]
19:56:49.0 (32840060)|STATEMENT_EXECUTE|[41]
19:56:49.0 (32875922)|VARIABLE_ASSIGNMENT|[EXTERNAL]|this|{"company":"0x133e8de2","companyLicenseMarker (1 more) ...":"0x21370272","ideaMarkers":"0x6677da9f","markersList":"0x6b473b2f","phase":"License","project":"0x4ecbfa7a","projectObj":"0x162067d0","uniqueMarkers":"0x41f483d5","verificationMarkers":"0x44f03eef"}|0x54563e95
19:56:49.0 (32898950)|HEAP_ALLOCATE|[EXTERNAL]|Bytes:4
19:56:49.0 (32912742)|HEAP_ALLOCATE|[40]|Bytes:5
19:56:49.0 (32923882)|HEAP_ALLOCATE|[40]|Bytes:12
19:56:49.0 (32930123)|VARIABLE_SCOPE_BEGIN|[40]|pm|Project_Markers__c|true|false
19:56:49.0 (32942301)|VARIABLE_ASSIGNMENT|[40]|pm|{"s":1,"v":{"Id":"a024E0000019og9QAA","Marker__c":"Bolagsstart"}}|0x4711f50f
19:56:49.0 (32945222)|STATEMENT_EXECUTE|[40]
19:56:49.0 (32946407)|STATEMENT_EXECUTE|[41]
19:56:49.0 (32982938)|VARIABLE_ASSIGNMENT|[EXTERNAL]|this|{"company":"0x133e8de2","companyLicenseMarker (1 more) ...":"0x21370272","ideaMarkers":"0x6677da9f","markersList":"0x6b473b2f","phase":"License","project":"0x4ecbfa7a","projectObj":"0x162067d0","uniqueMarkers":"0x41f483d5","verificationMarkers":"0x44f03eef"}|0x54563e95
19:56:49.0 (33005909)|HEAP_ALLOCATE|[EXTERNAL]|Bytes:4
19:56:49.0 (33020774)|HEAP_ALLOCATE|[40]|Bytes:5
19:56:49.0 (33037072)|HEAP_ALLOCATE|[40]|Bytes:12
19:56:49.0 (33047284)|VARIABLE_SCOPE_BEGIN|[40]|pm|Project_Markers__c|true|false
19:56:49.0 (33063618)|VARIABLE_ASSIGNMENT|[40]|pm|{"s":1,"v":{"Id":"a024E0000019ogAQAQ","Marker__c":"Styrelse"}}|0x4f548bd7
19:56:49.0 (33067295)|STATEMENT_EXECUTE|[40]
19:56:49.0 (33068522)|STATEMENT_EXECUTE|[41]
19:56:49.0 (33106847)|VARIABLE_ASSIGNMENT|[EXTERNAL]|this|{"company":"0x133e8de2","companyLicenseMarker (1 more) ...":"0x21370272","ideaMarkers":"0x6677da9f","markersList":"0x6b473b2f","phase":"License","project":"0x4ecbfa7a","projectObj":"0x162067d0","uniqueMarkers":"0x41f483d5","verificationMarkers":"0x44f03eef"}|0x54563e95
19:56:49.0 (33130395)|HEAP_ALLOCATE|[EXTERNAL]|Bytes:4
19:56:49.0 (33144571)|HEAP_ALLOCATE|[40]|Bytes:5
19:56:49.0 (33155776)|HEAP_ALLOCATE|[40]|Bytes:12
19:56:49.0 (33161992)|VARIABLE_SCOPE_BEGIN|[40]|pm|Project_Markers__c|true|false
19:56:49.0 (33174287)|VARIABLE_ASSIGNMENT|[40]|pm|{"s":1,"v":{"Id":"a024E0000019ogBQAQ","Marker__c":"Inom LUIS AB"}}|0x45b1c180
19:56:49.0 (33177227)|STATEMENT_EXECUTE|[40]
19:56:49.0 (33178415)|STATEMENT_EXECUTE|[41]
19:56:49.0 (33214460)|VARIABLE_ASSIGNMENT|[EXTERNAL]|this|{"company":"0x133e8de2","companyLicenseMarker (1 more) ...":"0x21370272","ideaMarkers":"0x6677da9f","markersList":"0x6b473b2f","phase":"License","project":"0x4ecbfa7a","projectObj":"0x162067d0","uniqueMarkers":"0x41f483d5","verificationMarkers":"0x44f03eef"}|0x54563e95
19:56:49.0 (33237729)|HEAP_ALLOCATE|[EXTERNAL]|Bytes:4
19:56:49.0 (33251659)|HEAP_ALLOCATE|[40]|Bytes:5
19:56:49.0 (33262403)|HEAP_ALLOCATE|[40]|Bytes:12
19:56:49.0 (33268666)|VARIABLE_SCOPE_BEGIN|[40]|pm|Project_Markers__c|true|false
19:56:49.0 (33280851)|VARIABLE_ASSIGNMENT|[40]|pm|{"s":1,"v":{"Id":"a024E0000019ogCQAQ","Marker__c":"Aktieägaravtal"}}|0x647c72e6
19:56:49.0 (33283774)|STATEMENT_EXECUTE|[40]
19:56:49.0 (33285013)|STATEMENT_EXECUTE|[41]
19:56:49.0 (33321410)|VARIABLE_ASSIGNMENT|[EXTERNAL]|this|{"company":"0x133e8de2","companyLicenseMarker (1 more) ...":"0x21370272","ideaMarkers":"0x6677da9f","markersList":"0x6b473b2f","phase":"License","project":"0x4ecbfa7a","projectObj":"0x162067d0","uniqueMarkers":"0x41f483d5","verificationMarkers":"0x44f03eef"}|0x54563e95
19:56:49.0 (33344372)|HEAP_ALLOCATE|[EXTERNAL]|Bytes:4
19:56:49.0 (33358414)|HEAP_ALLOCATE|[40]|Bytes:5
19:56:49.0 (33369280)|HEAP_ALLOCATE|[40]|Bytes:12
19:56:49.0 (33375452)|VARIABLE_SCOPE_BEGIN|[40]|pm|Project_Markers__c|true|false
19:56:49.0 (33387501)|VARIABLE_ASSIGNMENT|[40]|pm|{"s":1,"v":{"Id":"a024E0000019ogDQAQ","Marker__c":"Bolagsordning"}}|0x2c8d5aeb
19:56:49.0 (33390308)|STATEMENT_EXECUTE|[40]
19:56:49.0 (33391529)|STATEMENT_EXECUTE|[41]
19:56:49.0 (33427803)|VARIABLE_ASSIGNMENT|[EXTERNAL]|this|{"company":"0x133e8de2","companyLicenseMarker (1 more) ...":"0x21370272","ideaMarkers":"0x6677da9f","markersList":"0x6b473b2f","phase":"License","project":"0x4ecbfa7a","projectObj":"0x162067d0","uniqueMarkers":"0x41f483d5","verificationMarkers":"0x44f03eef"}|0x54563e95
19:56:49.0 (33450942)|HEAP_ALLOCATE|[EXTERNAL]|Bytes:4
19:56:49.0 (33464686)|HEAP_ALLOCATE|[40]|Bytes:5
19:56:49.0 (33475472)|HEAP_ALLOCATE|[40]|Bytes:12
19:56:49.0 (33481657)|VARIABLE_SCOPE_BEGIN|[40]|pm|Project_Markers__c|true|false
19:56:49.0 (33493893)|VARIABLE_ASSIGNMENT|[40]|pm|{"s":1,"v":{"Id":"a024E0000019ogEQAQ","Marker__c":"Budget"}}|0x47ec769e
19:56:49.0 (33496974)|STATEMENT_EXECUTE|[40]
19:56:49.0 (33498263)|STATEMENT_EXECUTE|[41]
19:56:49.0 (33534820)|VARIABLE_ASSIGNMENT|[EXTERNAL]|this|{"company":"0x133e8de2","companyLicenseMarker (1 more) ...":"0x21370272","ideaMarkers":"0x6677da9f","markersList":"0x6b473b2f","phase":"License","project":"0x4ecbfa7a","projectObj":"0x162067d0","uniqueMarkers":"0x41f483d5","verificationMarkers":"0x44f03eef"}|0x54563e95
19:56:49.0 (33566980)|HEAP_ALLOCATE|[EXTERNAL]|Bytes:4
19:56:49.0 (33581673)|HEAP_ALLOCATE|[40]|Bytes:5
19:56:49.0 (33592617)|HEAP_ALLOCATE|[40]|Bytes:12
19:56:49.0 (33599034)|VARIABLE_SCOPE_BEGIN|[40]|pm|Project_Markers__c|true|false
19:56:49.0 (33611329)|VARIABLE_ASSIGNMENT|[40]|pm|{"s":1,"v":{"Id":"a024E0000019ogFQAQ","Marker__c":"Affärsplan"}}|0xc1a1222
19:56:49.0 (33614484)|STATEMENT_EXECUTE|[40]
19:56:49.0 (33615671)|STATEMENT_EXECUTE|[41]
19:56:49.0 (33651945)|VARIABLE_ASSIGNMENT|[EXTERNAL]|this|{"company":"0x133e8de2","companyLicenseMarker (1 more) ...":"0x21370272","ideaMarkers":"0x6677da9f","markersList":"0x6b473b2f","phase":"License","project":"0x4ecbfa7a","projectObj":"0x162067d0","uniqueMarkers":"0x41f483d5","verificationMarkers":"0x44f03eef"}|0x54563e95
19:56:49.0 (33675194)|HEAP_ALLOCATE|[EXTERNAL]|Bytes:4
19:56:49.0 (33689131)|HEAP_ALLOCATE|[40]|Bytes:5
19:56:49.0 (33700021)|HEAP_ALLOCATE|[40]|Bytes:12
19:56:49.0 (33707317)|VARIABLE_SCOPE_BEGIN|[40]|pm|Project_Markers__c|true|false
19:56:49.0 (33722274)|VARIABLE_ASSIGNMENT|[40]|pm|{"s":1,"v":{"Id":"a024E0000019ogGQAQ","Marker__c":"Finansiering"}}|0xbf6aa05
19:56:49.0 (33725646)|STATEMENT_EXECUTE|[40]
19:56:49.0 (33727012)|STATEMENT_EXECUTE|[41]
19:56:49.0 (33764229)|VARIABLE_ASSIGNMENT|[EXTERNAL]|this|{"company":"0x133e8de2","companyLicenseMarker (1 more) ...":"0x21370272","ideaMarkers":"0x6677da9f","markersList":"0x6b473b2f","phase":"License","project":"0x4ecbfa7a","projectObj":"0x162067d0","uniqueMarkers":"0x41f483d5","verificationMarkers":"0x44f03eef"}|0x54563e95
19:56:49.0 (33787629)|HEAP_ALLOCATE|[EXTERNAL]|Bytes:4
19:56:49.0 (33801667)|HEAP_ALLOCATE|[40]|Bytes:5
19:56:49.0 (33812582)|HEAP_ALLOCATE|[40]|Bytes:12
19:56:49.0 (33818822)|VARIABLE_SCOPE_BEGIN|[40]|pm|Project_Markers__c|true|false
19:56:49.0 (33830895)|VARIABLE_ASSIGNMENT|[40]|pm|{"s":1,"v":{"Id":"a024E0000019ogHQAQ","Marker__c":"Pressrelease"}}|0x4d6ae392
19:56:49.0 (33833733)|STATEMENT_EXECUTE|[40]
19:56:49.0 (33834880)|STATEMENT_EXECUTE|[41]
19:56:49.0 (33870993)|VARIABLE_ASSIGNMENT|[EXTERNAL]|this|{"company":"0x133e8de2","companyLicenseMarker (1 more) ...":"0x21370272","ideaMarkers":"0x6677da9f","markersList":"0x6b473b2f","phase":"License","project":"0x4ecbfa7a","projectObj":"0x162067d0","uniqueMarkers":"0x41f483d5","verificationMarkers":"0x44f03eef"}|0x54563e95
19:56:49.0 (33893856)|HEAP_ALLOCATE|[EXTERNAL]|Bytes:4
19:56:49.0 (33907489)|HEAP_ALLOCATE|[40]|Bytes:5
19:56:49.0 (33918371)|HEAP_ALLOCATE|[40]|Bytes:12
19:56:49.0 (33924777)|VARIABLE_SCOPE_BEGIN|[40]|pm|Project_Markers__c|true|false
19:56:49.0 (33937035)|VARIABLE_ASSIGNMENT|[40]|pm|{"s":1,"v":{"Id":"a024E0000019ogIQAQ","Marker__c":"Annan"}}|0x69963427
19:56:49.0 (33939924)|STATEMENT_EXECUTE|[40]
19:56:49.0 (33941080)|STATEMENT_EXECUTE|[41]
19:56:49.0 (33977138)|VARIABLE_ASSIGNMENT|[EXTERNAL]|this|{"company":"0x133e8de2","companyLicenseMarker (1 more) ...":"0x21370272","ideaMarkers":"0x6677da9f","markersList":"0x6b473b2f","phase":"License","project":"0x4ecbfa7a","projectObj":"0x162067d0","uniqueMarkers":"0x41f483d5","verificationMarkers":"0x44f03eef"}|0x54563e95
19:56:49.0 (34000109)|HEAP_ALLOCATE|[EXTERNAL]|Bytes:4
19:56:49.0 (34014827)|HEAP_ALLOCATE|[40]|Bytes:5
19:56:49.0 (34025629)|HEAP_ALLOCATE|[40]|Bytes:12
19:56:49.0 (34031915)|VARIABLE_SCOPE_BEGIN|[40]|pm|Project_Markers__c|true|false
19:56:49.0 (34044146)|VARIABLE_ASSIGNMENT|[40]|pm|{"s":1,"v":{"Id":"a024E0000019ogJQAQ","Marker__c":"Forskaravtal"}}|0x3541a035
19:56:49.0 (34046952)|STATEMENT_EXECUTE|[40]
19:56:49.0 (34048085)|STATEMENT_EXECUTE|[41]
19:56:49.0 (34084227)|VARIABLE_ASSIGNMENT|[EXTERNAL]|this|{"company":"0x133e8de2","companyLicenseMarker (1 more) ...":"0x21370272","ideaMarkers":"0x6677da9f","markersList":"0x6b473b2f","phase":"License","project":"0x4ecbfa7a","projectObj":"0x162067d0","uniqueMarkers":"0x41f483d5","verificationMarkers":"0x44f03eef"}|0x54563e95
19:56:49.0 (34107843)|HEAP_ALLOCATE|[EXTERNAL]|Bytes:4
19:56:49.0 (34121908)|HEAP_ALLOCATE|[40]|Bytes:5
19:56:49.0 (34132772)|HEAP_ALLOCATE|[40]|Bytes:12
19:56:49.0 (34138900)|VARIABLE_SCOPE_BEGIN|[40]|pm|Project_Markers__c|true|false
19:56:49.0 (34150950)|VARIABLE_ASSIGNMENT|[40]|pm|{"s":1,"v":{"Id":"a024E0000019ogKQAQ","Marker__c":"Bolagsstart"}}|0xbd9921a
19:56:49.0 (34153750)|STATEMENT_EXECUTE|[40]
19:56:49.0 (34154920)|STATEMENT_EXECUTE|[41]
19:56:49.0 (34191489)|VARIABLE_ASSIGNMENT|[EXTERNAL]|this|{"company":"0x133e8de2","companyLicenseMarker (1 more) ...":"0x21370272","ideaMarkers":"0x6677da9f","markersList":"0x6b473b2f","phase":"License","project":"0x4ecbfa7a","projectObj":"0x162067d0","uniqueMarkers":"0x41f483d5","verificationMarkers":"0x44f03eef"}|0x54563e95
19:56:49.0 (34214651)|HEAP_ALLOCATE|[EXTERNAL]|Bytes:4
19:56:49.0 (34228623)|HEAP_ALLOCATE|[40]|Bytes:5
19:56:49.0 (34239635)|HEAP_ALLOCATE|[40]|Bytes:12
19:56:49.0 (34245864)|VARIABLE_SCOPE_BEGIN|[40]|pm|Project_Markers__c|true|false
19:56:49.0 (34257854)|VARIABLE_ASSIGNMENT|[40]|pm|{"s":1,"v":{"Id":"a024E0000019ogLQAQ","Marker__c":"Styrelse"}}|0x11b58680
19:56:49.0 (34260685)|STATEMENT_EXECUTE|[40]
19:56:49.0 (34261894)|STATEMENT_EXECUTE|[41]
19:56:49.0 (34298137)|VARIABLE_ASSIGNMENT|[EXTERNAL]|this|{"company":"0x133e8de2","companyLicenseMarker (1 more) ...":"0x21370272","ideaMarkers":"0x6677da9f","markersList":"0x6b473b2f","phase":"License","project":"0x4ecbfa7a","projectObj":"0x162067d0","uniqueMarkers":"0x41f483d5","verificationMarkers":"0x44f03eef"}|0x54563e95
19:56:49.0 (34325729)|HEAP_ALLOCATE|[EXTERNAL]|Bytes:4
19:56:49.0 (34343260)|HEAP_ALLOCATE|[40]|Bytes:5
19:56:49.0 (34354546)|HEAP_ALLOCATE|[40]|Bytes:12
19:56:49.0 (34361054)|VARIABLE_SCOPE_BEGIN|[40]|pm|Project_Markers__c|true|false
19:56:49.0 (34373884)|VARIABLE_ASSIGNMENT|[40]|pm|{"s":1,"v":{"Id":"a024E0000019ogMQAQ","Marker__c":"Inom LUIS AB"}}|0x49daaf9d
19:56:49.0 (34376950)|STATEMENT_EXECUTE|[40]
19:56:49.0 (34378103)|STATEMENT_EXECUTE|[41]
19:56:49.0 (34414709)|VARIABLE_ASSIGNMENT|[EXTERNAL]|this|{"company":"0x133e8de2","companyLicenseMarker (1 more) ...":"0x21370272","ideaMarkers":"0x6677da9f","markersList":"0x6b473b2f","phase":"License","project":"0x4ecbfa7a","projectObj":"0x162067d0","uniqueMarkers":"0x41f483d5","verificationMarkers":"0x44f03eef"}|0x54563e95
19:56:49.0 (34437998)|HEAP_ALLOCATE|[EXTERNAL]|Bytes:4
19:56:49.0 (34452642)|HEAP_ALLOCATE|[40]|Bytes:5
19:56:49.0 (34463655)|HEAP_ALLOCATE|[40]|Bytes:12
19:56:49.0 (34469962)|VARIABLE_SCOPE_BEGIN|[40]|pm|Project_Markers__c|true|false
19:56:49.0 (34482088)|VARIABLE_ASSIGNMENT|[40]|pm|{"s":1,"v":{"Id":"a024E0000019ogNQAQ","Marker__c":"Aktieägaravtal"}}|0x7122fe9b
19:56:49.0 (34485156)|STATEMENT_EXECUTE|[40]
19:56:49.0 (34486300)|STATEMENT_EXECUTE|[41]
19:56:49.0 (34522515)|VARIABLE_ASSIGNMENT|[EXTERNAL]|this|{"company":"0x133e8de2","companyLicenseMarker (1 more) ...":"0x21370272","ideaMarkers":"0x6677da9f","markersList":"0x6b473b2f","phase":"License","project":"0x4ecbfa7a","projectObj":"0x162067d0","uniqueMarkers":"0x41f483d5","verificationMarkers":"0x44f03eef"}|0x54563e95
19:56:49.0 (34545797)|HEAP_ALLOCATE|[EXTERNAL]|Bytes:4
19:56:49.0 (34572019)|HEAP_ALLOCATE|[40]|Bytes:5
19:56:49.0 (34584551)|HEAP_ALLOCATE|[40]|Bytes:12
19:56:49.0 (34590956)|VARIABLE_SCOPE_BEGIN|[40]|pm|Project_Markers__c|true|false
19:56:49.0 (34603381)|VARIABLE_ASSIGNMENT|[40]|pm|{"s":1,"v":{"Id":"a024E0000019ogOQAQ","Marker__c":"Bolagsordning"}}|0x362cfbe7
19:56:49.0 (34606507)|STATEMENT_EXECUTE|[40]
19:56:49.0 (34607693)|STATEMENT_EXECUTE|[41]
19:56:49.0 (34644358)|VARIABLE_ASSIGNMENT|[EXTERNAL]|this|{"company":"0x133e8de2","companyLicenseMarker (1 more) ...":"0x21370272","ideaMarkers":"0x6677da9f","markersList":"0x6b473b2f","phase":"License","project":"0x4ecbfa7a","projectObj":"0x162067d0","uniqueMarkers":"0x41f483d5","verificationMarkers":"0x44f03eef"}|0x54563e95
19:56:49.0 (34667956)|HEAP_ALLOCATE|[EXTERNAL]|Bytes:4
19:56:49.0 (34681794)|HEAP_ALLOCATE|[40]|Bytes:5
19:56:49.0 (34692653)|HEAP_ALLOCATE|[40]|Bytes:12
19:56:49.0 (34698841)|VARIABLE_SCOPE_BEGIN|[40]|pm|Project_Markers__c|true|false
19:56:49.0 (34710839)|VARIABLE_ASSIGNMENT|[40]|pm|{"s":1,"v":{"Id":"a024E0000019ogPQAQ","Marker__c":"Budget"}}|0xb90fa24
19:56:49.0 (34713707)|STATEMENT_EXECUTE|[40]
19:56:49.0 (34714888)|STATEMENT_EXECUTE|[41]
19:56:49.0 (34751432)|VARIABLE_ASSIGNMENT|[EXTERNAL]|this|{"company":"0x133e8de2","companyLicenseMarker (1 more) ...":"0x21370272","ideaMarkers":"0x6677da9f","markersList":"0x6b473b2f","phase":"License","project":"0x4ecbfa7a","projectObj":"0x162067d0","uniqueMarkers":"0x41f483d5","verificationMarkers":"0x44f03eef"}|0x54563e95
19:56:49.0 (34774188)|HEAP_ALLOCATE|[EXTERNAL]|Bytes:4
19:56:49.0 (34788084)|HEAP_ALLOCATE|[40]|Bytes:5
19:56:49.0 (34798893)|HEAP_ALLOCATE|[40]|Bytes:12
19:56:49.0 (34805330)|VARIABLE_SCOPE_BEGIN|[40]|pm|Project_Markers__c|true|false
19:56:49.0 (34817305)|VARIABLE_ASSIGNMENT|[40]|pm|{"s":1,"v":{"Id":"a024E0000019ogQQAQ","Marker__c":"Affärsplan"}}|0x172a1a8c
19:56:49.0 (34820233)|STATEMENT_EXECUTE|[40]
19:56:49.0 (34821396)|STATEMENT_EXECUTE|[41]
19:56:49.0 (34857693)|VARIABLE_ASSIGNMENT|[EXTERNAL]|this|{"company":"0x133e8de2","companyLicenseMarker (1 more) ...":"0x21370272","ideaMarkers":"0x6677da9f","markersList":"0x6b473b2f","phase":"License","project":"0x4ecbfa7a","projectObj":"0x162067d0","uniqueMarkers":"0x41f483d5","verificationMarkers":"0x44f03eef"}|0x54563e95
19:56:49.0 (34880784)|HEAP_ALLOCATE|[EXTERNAL]|Bytes:4
19:56:49.0 (34894835)|HEAP_ALLOCATE|[40]|Bytes:5
19:56:49.0 (34905762)|HEAP_ALLOCATE|[40]|Bytes:12
19:56:49.0 (34911965)|VARIABLE_SCOPE_BEGIN|[40]|pm|Project_Markers__c|true|false
19:56:49.0 (34924000)|VARIABLE_ASSIGNMENT|[40]|pm|{"s":1,"v":{"Id":"a024E0000019ogRQAQ","Marker__c":"Finansiering"}}|0x719ae8d4
19:56:49.0 (34926910)|STATEMENT_EXECUTE|[40]
19:56:49.0 (34928334)|STATEMENT_EXECUTE|[41]
19:56:49.0 (34964580)|VARIABLE_ASSIGNMENT|[EXTERNAL]|this|{"company":"0x133e8de2","companyLicenseMarker (1 more) ...":"0x21370272","ideaMarkers":"0x6677da9f","markersList":"0x6b473b2f","phase":"License","project":"0x4ecbfa7a","projectObj":"0x162067d0","uniqueMarkers":"0x41f483d5","verificationMarkers":"0x44f03eef"}|0x54563e95
19:56:49.0 (34987621)|HEAP_ALLOCATE|[EXTERNAL]|Bytes:4
19:56:49.0 (35001578)|HEAP_ALLOCATE|[40]|Bytes:5
19:56:49.0 (35013158)|HEAP_ALLOCATE|[40]|Bytes:12
19:56:49.0 (35019475)|VARIABLE_SCOPE_BEGIN|[40]|pm|Project_Markers__c|true|false
19:56:49.0 (35031587)|VARIABLE_ASSIGNMENT|[40]|pm|{"s":1,"v":{"Id":"a024E0000019ogSQAQ","Marker__c":"Pressrelease"}}|0x2038d6c3
19:56:49.0 (35034469)|STATEMENT_EXECUTE|[40]
19:56:49.0 (35035665)|STATEMENT_EXECUTE|[41]
19:56:49.0 (35072203)|VARIABLE_ASSIGNMENT|[EXTERNAL]|this|{"company":"0x133e8de2","companyLicenseMarker (1 more) ...":"0x21370272","ideaMarkers":"0x6677da9f","markersList":"0x6b473b2f","phase":"License","project":"0x4ecbfa7a","projectObj":"0x162067d0","uniqueMarkers":"0x41f483d5","verificationMarkers":"0x44f03eef"}|0x54563e95
19:56:49.0 (35095442)|HEAP_ALLOCATE|[EXTERNAL]|Bytes:4
19:56:49.0 (35109367)|HEAP_ALLOCATE|[40]|Bytes:5
19:56:49.0 (35121805)|VARIABLE_ASSIGNMENT|[40]|pm|null|
19:56:49.0 (35127318)|SYSTEM_MODE_EXIT|false
19:56:49.0 (35146857)|CODE_UNIT_FINISHED|AccountControllerExtension <init>
19:56:49.0 (36873629)|CODE_UNIT_STARTED|[EXTERNAL]|01p4E0000008nN6|AccountControllerExtension get(project)
19:56:49.0 (36887818)|SYSTEM_MODE_ENTER|true
19:56:49.0 (36905820)|CODE_UNIT_STARTED|[EXTERNAL]|01p4E0000008nN6|project
19:56:49.0 (36917937)|CODE_UNIT_FINISHED|project
19:56:49.0 (36933901)|CODE_UNIT_FINISHED|AccountControllerExtension get(project)
19:56:49.0 (38251600)|CODE_UNIT_STARTED|[EXTERNAL]|01p4E0000008nN6|AccountControllerExtension get(phase)
19:56:49.0 (38263397)|SYSTEM_MODE_ENTER|true
19:56:49.0 (38276599)|CODE_UNIT_STARTED|[EXTERNAL]|01p4E0000008nN6|phase
19:56:49.0 (38287931)|CODE_UNIT_FINISHED|phase
19:56:49.0 (38302776)|CODE_UNIT_FINISHED|AccountControllerExtension get(phase)
19:56:49.0 (57198069)|CODE_UNIT_STARTED|[EXTERNAL]|01p4E0000008nN6|AccountControllerExtension get(tempDate)
19:56:49.0 (57212105)|SYSTEM_MODE_ENTER|true
19:56:49.0 (57226115)|CODE_UNIT_STARTED|[EXTERNAL]|01p4E0000008nN6|tempDate
19:56:49.0 (57247122)|CODE_UNIT_FINISHED|tempDate
19:56:49.0 (57264723)|CODE_UNIT_FINISHED|AccountControllerExtension get(tempDate)
19:56:49.0 (59855569)|VF_SERIALIZE_VIEWSTATE_BEGIN|0664E00000007Nc
19:56:49.0 (63658241)|VF_SERIALIZE_VIEWSTATE_END
19:56:49.68 (68009945)|CUMULATIVE_LIMIT_USAGE
19:56:49.68 (68009945)|LIMIT_USAGE_FOR_NS|(default)|
  Number of SOQL queries: 2 out of 100
  Number of query rows: 95 out of 50000
  Number of SOSL queries: 0 out of 20
  Number of DML statements: 0 out of 150
  Number of DML rows: 0 out of 10000
  Maximum CPU time: 0 out of 10000
  Maximum heap size: 0 out of 6000000
  Number of callouts: 0 out of 100
  Number of Email Invocations: 0 out of 10
  Number of future calls: 0 out of 50
  Number of queueable jobs added to the queue: 0 out of 50
  Number of Mobile Apex push calls: 0 out of 10

19:56:49.68 (68009945)|CUMULATIVE_LIMIT_USAGE_END

19:56:49.0 (68051947)|CODE_UNIT_FINISHED|VF: /apex/Change_Status_Phase
19:56:49.0 (68950482)|EXECUTION_FINISHED
