34.0 APEX_CODE,FINEST;APEX_PROFILING,INFO;CALLOUT,INFO;DB,INFO;SYSTEM,DEBUG;VALIDATION,INFO;VISUALFORCE,INFO;WORKFLOW,INFO
14:29:32.0 (323510)|EXECUTION_STARTED
14:29:32.0 (354524)|CODE_UNIT_STARTED|[EXTERNAL]|0664E0000000AOi|VF: /apex/ReportPLIS
14:29:32.0 (3444745)|CODE_UNIT_STARTED|[EXTERNAL]|01p4E0000008wR2|ReportPLIS_Controller <init>
14:29:32.0 (3461556)|SYSTEM_MODE_ENTER|true
14:29:32.0 (3842385)|HEAP_ALLOCATE|[72]|Bytes:3
14:29:32.0 (3912083)|HEAP_ALLOCATE|[77]|Bytes:152
14:29:32.0 (3936095)|HEAP_ALLOCATE|[342]|Bytes:408
14:29:32.0 (3956719)|HEAP_ALLOCATE|[355]|Bytes:408
14:29:32.0 (3976461)|HEAP_ALLOCATE|[467]|Bytes:48
14:29:32.0 (4018833)|HEAP_ALLOCATE|[139]|Bytes:6
14:29:32.0 (4047101)|HEAP_ALLOCATE|[EXTERNAL]|Bytes:37
14:29:32.0 (4052646)|HEAP_ALLOCATE|[EXTERNAL]|Bytes:140
14:29:32.0 (4055465)|HEAP_ALLOCATE|[EXTERNAL]|Bytes:19
14:29:32.0 (4072049)|METHOD_ENTRY|[1]|01p4E0000008wR2|ReportPLIS_Controller.ReportPLIS_Controller()
14:29:32.0 (4077100)|STATEMENT_EXECUTE|[1]
14:29:32.0 (4086413)|STATEMENT_EXECUTE|[1]
14:29:32.0 (4138085)|HEAP_ALLOCATE|[50]|Bytes:5
14:29:32.0 (4176269)|HEAP_ALLOCATE|[56]|Bytes:5
14:29:32.0 (4187557)|HEAP_ALLOCATE|[64]|Bytes:7
14:29:32.0 (4229805)|SYSTEM_MODE_ENTER|false
14:29:32.0 (4249964)|HEAP_ALLOCATE|[EXTERNAL]|Bytes:5
14:29:32.0 (4254741)|STATEMENT_EXECUTE|[97]
14:29:32.0 (4256580)|STATEMENT_EXECUTE|[209]
14:29:32.0 (4258063)|STATEMENT_EXECUTE|[227]
14:29:32.0 (4265190)|SYSTEM_MODE_EXIT|false
14:29:32.0 (4279120)|METHOD_EXIT|[1]|ReportPLIS_Controller
14:29:32.0 (4734318)|HEAP_ALLOCATE|[EXTERNAL]|Bytes:24
14:29:32.0 (4748146)|VARIABLE_SCOPE_BEGIN|[11]|this|ReportPLIS_Controller|true|false
14:29:32.0 (4832075)|VARIABLE_ASSIGNMENT|[11]|this|{}|0x2d36505c
14:29:32.0 (4846876)|SYSTEM_MODE_ENTER|false
14:29:32.0 (4852715)|HEAP_ALLOCATE|[6]|Bytes:5
14:29:32.0 (4856472)|STATEMENT_EXECUTE|[1]
14:29:32.0 (4859674)|HEAP_ALLOCATE|[6]|Bytes:5
14:29:32.0 (4861591)|STATEMENT_EXECUTE|[3]
14:29:32.0 (4863220)|STATEMENT_EXECUTE|[4]
14:29:32.0 (4864227)|STATEMENT_EXECUTE|[5]
14:29:32.0 (4865205)|STATEMENT_EXECUTE|[6]
14:29:32.0 (4871538)|HEAP_ALLOCATE|[6]|Bytes:4
14:29:32.0 (4922975)|HEAP_ALLOCATE|[6]|Bytes:1
14:29:32.0 (4934978)|HEAP_ALLOCATE|[6]|Bytes:1
14:29:32.0 (4939010)|HEAP_ALLOCATE|[6]|Bytes:1
14:29:32.0 (4942872)|HEAP_ALLOCATE|[6]|Bytes:1
14:29:32.0 (4946299)|HEAP_ALLOCATE|[6]|Bytes:1
14:29:32.0 (4949645)|HEAP_ALLOCATE|[6]|Bytes:1
14:29:32.0 (4953050)|HEAP_ALLOCATE|[6]|Bytes:1
14:29:32.0 (4956376)|HEAP_ALLOCATE|[6]|Bytes:1
14:29:32.0 (4959946)|HEAP_ALLOCATE|[6]|Bytes:1
14:29:32.0 (4963719)|HEAP_ALLOCATE|[6]|Bytes:2
14:29:32.0 (4967611)|HEAP_ALLOCATE|[6]|Bytes:2
14:29:32.0 (4971286)|HEAP_ALLOCATE|[6]|Bytes:2
14:29:32.0 (5011818)|HEAP_ALLOCATE|[EXTERNAL]|Bytes:52
14:29:32.0 (5040577)|VARIABLE_ASSIGNMENT|[6]|this.month|{"s":1,"v":"List of size 12 too large to display"}|0x2d36505c
14:29:32.0 (5044636)|STATEMENT_EXECUTE|[7]
14:29:32.0 (5057126)|HEAP_ALLOCATE|[6]|Bytes:6
14:29:32.0 (5087399)|STATEMENT_EXECUTE|[11]
14:29:32.0 (5094966)|SYSTEM_MODE_EXIT|false
14:29:32.0 (5112304)|CODE_UNIT_FINISHED|ReportPLIS_Controller <init>
14:29:32.0 (5158103)|CODE_UNIT_STARTED|[EXTERNAL]|01p4E0000008wR2|ReportPLIS_Controller get(Phase)
14:29:32.0 (5167052)|SYSTEM_MODE_ENTER|true
14:29:32.0 (5184830)|CODE_UNIT_STARTED|[EXTERNAL]|01p4E0000008wR2|Phase
14:29:32.0 (5195598)|CODE_UNIT_FINISHED|Phase
14:29:32.0 (5210097)|CODE_UNIT_FINISHED|ReportPLIS_Controller get(Phase)
14:29:32.19 (19793652)|CUMULATIVE_LIMIT_USAGE
14:29:32.19 (19793652)|LIMIT_USAGE_FOR_NS|(default)|
  Number of SOQL queries: 0 out of 100
  Number of query rows: 0 out of 50000
  Number of SOSL queries: 0 out of 20
  Number of DML statements: 0 out of 150
  Number of DML rows: 0 out of 10000
  Maximum CPU time: 0 out of 10000
  Maximum heap size: 0 out of 6000000
  Number of callouts: 0 out of 100
  Number of Email Invocations: 0 out of 10
  Number of future calls: 0 out of 50
  Number of queueable jobs added to the queue: 0 out of 50
  Number of Mobile Apex push calls: 0 out of 10

14:29:32.19 (19793652)|CUMULATIVE_LIMIT_USAGE_END

14:29:32.0 (19834412)|CODE_UNIT_FINISHED|VF: /apex/ReportPLIS
14:29:32.0 (22273937)|EXECUTION_FINISHED
