34.0 APEX_CODE,FINEST;APEX_PROFILING,INFO;CALLOUT,INFO;DB,INFO;SYSTEM,DEBUG;VALIDATION,INFO;VISUALFORCE,INFO;WORKFLOW,INFO
14:05:06.0 (324207)|EXECUTION_STARTED
14:05:06.0 (357659)|CODE_UNIT_STARTED|[EXTERNAL]|0664E0000000AOi|VF: /apex/ReportPLIS
14:05:06.0 (3402004)|CODE_UNIT_STARTED|[EXTERNAL]|01p4E0000008wR2|ReportPLIS_Controller <init>
14:05:06.0 (3420093)|SYSTEM_MODE_ENTER|true
14:05:06.0 (3850138)|HEAP_ALLOCATE|[72]|Bytes:3
14:05:06.0 (3916096)|HEAP_ALLOCATE|[77]|Bytes:152
14:05:06.0 (3938236)|HEAP_ALLOCATE|[342]|Bytes:408
14:05:06.0 (3958938)|HEAP_ALLOCATE|[355]|Bytes:408
14:05:06.0 (3978052)|HEAP_ALLOCATE|[467]|Bytes:48
14:05:06.0 (4019229)|HEAP_ALLOCATE|[139]|Bytes:6
14:05:06.0 (4045293)|HEAP_ALLOCATE|[EXTERNAL]|Bytes:37
14:05:06.0 (4050491)|HEAP_ALLOCATE|[EXTERNAL]|Bytes:140
14:05:06.0 (4053514)|HEAP_ALLOCATE|[EXTERNAL]|Bytes:19
14:05:06.0 (4068045)|METHOD_ENTRY|[1]|01p4E0000008wR2|ReportPLIS_Controller.ReportPLIS_Controller()
14:05:06.0 (4072982)|STATEMENT_EXECUTE|[1]
14:05:06.0 (4082501)|STATEMENT_EXECUTE|[1]
14:05:06.0 (4120611)|HEAP_ALLOCATE|[50]|Bytes:5
14:05:06.0 (4148939)|HEAP_ALLOCATE|[56]|Bytes:5
14:05:06.0 (4158042)|HEAP_ALLOCATE|[64]|Bytes:7
14:05:06.0 (4198124)|SYSTEM_MODE_ENTER|false
14:05:06.0 (4227017)|HEAP_ALLOCATE|[EXTERNAL]|Bytes:5
14:05:06.0 (4234997)|STATEMENT_EXECUTE|[97]
14:05:06.0 (4237161)|STATEMENT_EXECUTE|[209]
14:05:06.0 (4238405)|STATEMENT_EXECUTE|[227]
14:05:06.0 (4244101)|SYSTEM_MODE_EXIT|false
14:05:06.0 (4256417)|METHOD_EXIT|[1]|ReportPLIS_Controller
14:05:06.0 (4540743)|HEAP_ALLOCATE|[EXTERNAL]|Bytes:24
14:05:06.0 (4556143)|VARIABLE_SCOPE_BEGIN|[11]|this|ReportPLIS_Controller|true|false
14:05:06.0 (4634875)|VARIABLE_ASSIGNMENT|[11]|this|{}|0x48928ebe
14:05:06.0 (4649341)|SYSTEM_MODE_ENTER|false
14:05:06.0 (4654988)|HEAP_ALLOCATE|[6]|Bytes:5
14:05:06.0 (4658812)|STATEMENT_EXECUTE|[1]
14:05:06.0 (4661632)|HEAP_ALLOCATE|[6]|Bytes:5
14:05:06.0 (4663461)|STATEMENT_EXECUTE|[3]
14:05:06.0 (4665221)|STATEMENT_EXECUTE|[4]
14:05:06.0 (4666258)|STATEMENT_EXECUTE|[5]
14:05:06.0 (4667337)|STATEMENT_EXECUTE|[6]
14:05:06.0 (4673594)|HEAP_ALLOCATE|[6]|Bytes:4
14:05:06.0 (4723573)|HEAP_ALLOCATE|[6]|Bytes:1
14:05:06.0 (4735957)|HEAP_ALLOCATE|[6]|Bytes:1
14:05:06.0 (4740336)|HEAP_ALLOCATE|[6]|Bytes:1
14:05:06.0 (4744090)|HEAP_ALLOCATE|[6]|Bytes:1
14:05:06.0 (4747534)|HEAP_ALLOCATE|[6]|Bytes:1
14:05:06.0 (4751170)|HEAP_ALLOCATE|[6]|Bytes:1
14:05:06.0 (4754650)|HEAP_ALLOCATE|[6]|Bytes:1
14:05:06.0 (4758163)|HEAP_ALLOCATE|[6]|Bytes:1
14:05:06.0 (4761633)|HEAP_ALLOCATE|[6]|Bytes:1
14:05:06.0 (4765154)|HEAP_ALLOCATE|[6]|Bytes:2
14:05:06.0 (4768798)|HEAP_ALLOCATE|[6]|Bytes:2
14:05:06.0 (4772490)|HEAP_ALLOCATE|[6]|Bytes:2
14:05:06.0 (4810497)|HEAP_ALLOCATE|[EXTERNAL]|Bytes:52
14:05:06.0 (4857806)|VARIABLE_ASSIGNMENT|[6]|this.month|{"s":1,"v":"List of size 12 too large to display"}|0x48928ebe
14:05:06.0 (4864833)|STATEMENT_EXECUTE|[7]
14:05:06.0 (4880653)|HEAP_ALLOCATE|[6]|Bytes:6
14:05:06.0 (4922156)|STATEMENT_EXECUTE|[11]
14:05:06.0 (4927897)|SYSTEM_MODE_EXIT|false
14:05:06.0 (4948792)|CODE_UNIT_FINISHED|ReportPLIS_Controller <init>
14:05:06.0 (4998948)|CODE_UNIT_STARTED|[EXTERNAL]|01p4E0000008wR2|ReportPLIS_Controller get(Phase)
14:05:06.0 (5008226)|SYSTEM_MODE_ENTER|true
14:05:06.0 (5029220)|CODE_UNIT_STARTED|[EXTERNAL]|01p4E0000008wR2|Phase
14:05:06.0 (5042749)|CODE_UNIT_FINISHED|Phase
14:05:06.0 (5058406)|CODE_UNIT_FINISHED|ReportPLIS_Controller get(Phase)
14:05:06.0 (5224242)|CODE_UNIT_STARTED|[EXTERNAL]|01p4E0000008wR2|ReportPLIS_Controller get(rowWrappers)
14:05:06.0 (5233542)|SYSTEM_MODE_ENTER|true
14:05:06.0 (5257774)|CODE_UNIT_STARTED|[EXTERNAL]|01p4E0000008wR2|ReportPLIS_Controller invoke(getrowWrappers)
14:05:06.0 (5303832)|HEAP_ALLOCATE|[EXTERNAL]|Bytes:24
14:05:06.0 (5327802)|VARIABLE_SCOPE_BEGIN|[57]|this|ReportPLIS_Controller|true|false
14:05:06.0 (5361974)|VARIABLE_ASSIGNMENT|[57]|this|{"month":"0x4ea243fd"}|0x48928ebe
14:05:06.0 (5384057)|SYSTEM_MODE_ENTER|false
14:05:06.0 (5389902)|HEAP_ALLOCATE|[59]|Bytes:5
14:05:06.0 (5393975)|STATEMENT_EXECUTE|[58]
14:05:06.0 (5395569)|STATEMENT_EXECUTE|[59]
14:05:06.0 (5402726)|VARIABLE_SCOPE_BEGIN|[59]|year|Integer|false|false
14:05:06.0 (5406902)|HEAP_ALLOCATE|[59]|Bytes:4
14:05:06.0 (5412646)|VARIABLE_ASSIGNMENT|[59]|year|2016
14:05:06.0 (5469922)|VARIABLE_ASSIGNMENT|[EXTERNAL]|this|{"month":"0x4ea243fd"}|0x48928ebe
14:05:06.0 (5496678)|STATEMENT_EXECUTE|[61]
14:05:06.0 (5499790)|STATEMENT_EXECUTE|[62]
14:05:06.0 (5506670)|HEAP_ALLOCATE|[62]|Bytes:4
14:05:06.0 (5657619)|VARIABLE_ASSIGNMENT|[EXTERNAL]|this|{"month":"0x4ea243fd"}|0x48928ebe
14:05:06.0 (5682002)|HEAP_ALLOCATE|[EXTERNAL]|Bytes:4
14:05:06.0 (5694652)|VARIABLE_ASSIGNMENT|[EXTERNAL]|value|{"s":1,"v":[]}|0xc352557
14:05:06.0 (5708754)|VARIABLE_ASSIGNMENT|[4]|this.rows|{"s":1,"v":[]}|0x48928ebe
14:05:06.0 (5718698)|STATEMENT_EXECUTE|[65]
14:05:06.0 (5722781)|VARIABLE_SCOPE_BEGIN|[65]|idx|Integer|false|false
14:05:06.0 (5726623)|HEAP_ALLOCATE|[65]|Bytes:4
14:05:06.0 (5731939)|VARIABLE_ASSIGNMENT|[65]|idx|0
14:05:06.0 (5738788)|STATEMENT_EXECUTE|[66]
14:05:06.0 (5740192)|STATEMENT_EXECUTE|[67]
14:05:06.0 (5779163)|VARIABLE_ASSIGNMENT|[EXTERNAL]|this|{"month":"0x4ea243fd","rows":"0xc352557"}|0x48928ebe
14:05:06.0 (5797433)|HEAP_ALLOCATE|[67]|Bytes:88
14:05:06.0 (5802139)|HEAP_ALLOCATE|[67]|Bytes:11
14:05:06.0 (5818273)|HEAP_ALLOCATE|[67]|Bytes:8
14:05:06.0 (5843042)|CONSTRUCTOR_ENTRY|[67]|01p4E0000008wR2|<init>()
14:05:06.0 (5859148)|VARIABLE_SCOPE_BEGIN|[215]|this|ReportPLIS_Controller.RowWrapper|true|false
14:05:06.0 (5875302)|VARIABLE_ASSIGNMENT|[215]|this|{}|0x539c8b1e
14:05:06.0 (5879667)|STATEMENT_EXECUTE|[209]
14:05:06.0 (5881293)|STATEMENT_EXECUTE|[212]
14:05:06.0 (5893661)|STATEMENT_EXECUTE|[216]
14:05:06.0 (5895152)|STATEMENT_EXECUTE|[217]
14:05:06.0 (5899683)|HEAP_ALLOCATE|[217]|Bytes:4
14:05:06.0 (6021560)|VARIABLE_ASSIGNMENT|[EXTERNAL]|this|{}|0x539c8b1e
14:05:06.0 (6044586)|HEAP_ALLOCATE|[EXTERNAL]|Bytes:4
14:05:06.0 (6056630)|VARIABLE_ASSIGNMENT|[EXTERNAL]|value|{"s":1,"v":[]}|0x627a05d9
14:05:06.0 (6070060)|VARIABLE_ASSIGNMENT|[212]|this.values|{"s":1,"v":[]}|0x539c8b1e
14:05:06.0 (6079284)|CONSTRUCTOR_EXIT|[67]|01p4E0000008wR2|<init>()
14:05:06.0 (6097398)|HEAP_ALLOCATE|[EXTERNAL]|Bytes:4
14:05:06.0 (6105036)|HEAP_ALLOCATE|[65]|Bytes:4
14:05:06.0 (6111084)|VARIABLE_ASSIGNMENT|[65]|idx|1
14:05:06.0 (6115830)|STATEMENT_EXECUTE|[66]
14:05:06.0 (6117204)|STATEMENT_EXECUTE|[67]
14:05:06.0 (6141353)|VARIABLE_ASSIGNMENT|[EXTERNAL]|this|{"month":"0x4ea243fd","rows":"0xc352557"}|0x48928ebe
14:05:06.0 (6152704)|HEAP_ALLOCATE|[67]|Bytes:8
14:05:06.0 (6158756)|CONSTRUCTOR_ENTRY|[67]|01p4E0000008wR2|<init>()
14:05:06.0 (6162620)|VARIABLE_SCOPE_BEGIN|[215]|this|ReportPLIS_Controller.RowWrapper|true|false
14:05:06.0 (6174125)|VARIABLE_ASSIGNMENT|[215]|this|{}|0x78356911
14:05:06.0 (6177387)|STATEMENT_EXECUTE|[209]
14:05:06.0 (6178814)|STATEMENT_EXECUTE|[212]
14:05:06.0 (6188812)|STATEMENT_EXECUTE|[216]
14:05:06.0 (6190314)|STATEMENT_EXECUTE|[217]
14:05:06.0 (6193813)|HEAP_ALLOCATE|[217]|Bytes:4
14:05:06.0 (6215386)|VARIABLE_ASSIGNMENT|[EXTERNAL]|this|{}|0x78356911
14:05:06.0 (6224832)|HEAP_ALLOCATE|[EXTERNAL]|Bytes:4
14:05:06.0 (6234775)|VARIABLE_ASSIGNMENT|[EXTERNAL]|value|{"s":1,"v":[]}|0x24f61be6
14:05:06.0 (6245264)|VARIABLE_ASSIGNMENT|[212]|this.values|{"s":1,"v":[]}|0x78356911
14:05:06.0 (6253323)|CONSTRUCTOR_EXIT|[67]|01p4E0000008wR2|<init>()
14:05:06.0 (6274001)|HEAP_ALLOCATE|[EXTERNAL]|Bytes:4
14:05:06.0 (6287435)|HEAP_ALLOCATE|[65]|Bytes:4
14:05:06.0 (6298126)|VARIABLE_ASSIGNMENT|[65]|idx|2
14:05:06.0 (6304611)|STATEMENT_EXECUTE|[66]
14:05:06.0 (6306809)|STATEMENT_EXECUTE|[67]
14:05:06.0 (6344980)|VARIABLE_ASSIGNMENT|[EXTERNAL]|this|{"month":"0x4ea243fd","rows":"0xc352557"}|0x48928ebe
14:05:06.0 (6358912)|HEAP_ALLOCATE|[67]|Bytes:8
14:05:06.0 (6365309)|CONSTRUCTOR_ENTRY|[67]|01p4E0000008wR2|<init>()
14:05:06.0 (6369329)|VARIABLE_SCOPE_BEGIN|[215]|this|ReportPLIS_Controller.RowWrapper|true|false
14:05:06.0 (6381678)|VARIABLE_ASSIGNMENT|[215]|this|{}|0x1690866c
14:05:06.0 (6385030)|STATEMENT_EXECUTE|[209]
14:05:06.0 (6386384)|STATEMENT_EXECUTE|[212]
14:05:06.0 (6396091)|STATEMENT_EXECUTE|[216]
14:05:06.0 (6397507)|STATEMENT_EXECUTE|[217]
14:05:06.0 (6401066)|HEAP_ALLOCATE|[217]|Bytes:4
14:05:06.0 (6422490)|VARIABLE_ASSIGNMENT|[EXTERNAL]|this|{}|0x1690866c
14:05:06.0 (6431553)|HEAP_ALLOCATE|[EXTERNAL]|Bytes:4
14:05:06.0 (6442009)|VARIABLE_ASSIGNMENT|[EXTERNAL]|value|{"s":1,"v":[]}|0xeb68473
14:05:06.0 (6452794)|VARIABLE_ASSIGNMENT|[212]|this.values|{"s":1,"v":[]}|0x1690866c
14:05:06.0 (6460918)|CONSTRUCTOR_EXIT|[67]|01p4E0000008wR2|<init>()
14:05:06.0 (6471695)|HEAP_ALLOCATE|[EXTERNAL]|Bytes:4
14:05:06.0 (6478143)|HEAP_ALLOCATE|[65]|Bytes:4
14:05:06.0 (6483706)|VARIABLE_ASSIGNMENT|[65]|idx|3
14:05:06.0 (6487645)|STATEMENT_EXECUTE|[66]
14:05:06.0 (6488951)|STATEMENT_EXECUTE|[67]
14:05:06.0 (6511064)|VARIABLE_ASSIGNMENT|[EXTERNAL]|this|{"month":"0x4ea243fd","rows":"0xc352557"}|0x48928ebe
14:05:06.0 (6521475)|HEAP_ALLOCATE|[67]|Bytes:8
14:05:06.0 (6526923)|CONSTRUCTOR_ENTRY|[67]|01p4E0000008wR2|<init>()
14:05:06.0 (6530549)|VARIABLE_SCOPE_BEGIN|[215]|this|ReportPLIS_Controller.RowWrapper|true|false
14:05:06.0 (6541736)|VARIABLE_ASSIGNMENT|[215]|this|{}|0x5d981955
14:05:06.0 (6544824)|STATEMENT_EXECUTE|[209]
14:05:06.0 (6546101)|STATEMENT_EXECUTE|[212]
14:05:06.0 (6555074)|STATEMENT_EXECUTE|[216]
14:05:06.0 (6556615)|STATEMENT_EXECUTE|[217]
14:05:06.0 (6559881)|HEAP_ALLOCATE|[217]|Bytes:4
14:05:06.0 (6580307)|VARIABLE_ASSIGNMENT|[EXTERNAL]|this|{}|0x5d981955
14:05:06.0 (6588816)|HEAP_ALLOCATE|[EXTERNAL]|Bytes:4
14:05:06.0 (6598625)|VARIABLE_ASSIGNMENT|[EXTERNAL]|value|{"s":1,"v":[]}|0x4925102b
14:05:06.0 (6609126)|VARIABLE_ASSIGNMENT|[212]|this.values|{"s":1,"v":[]}|0x5d981955
14:05:06.0 (6617280)|CONSTRUCTOR_EXIT|[67]|01p4E0000008wR2|<init>()
14:05:06.0 (6627782)|HEAP_ALLOCATE|[EXTERNAL]|Bytes:4
14:05:06.0 (6633655)|HEAP_ALLOCATE|[65]|Bytes:4
14:05:06.0 (6639241)|VARIABLE_ASSIGNMENT|[65]|idx|4
14:05:06.0 (6643036)|STATEMENT_EXECUTE|[66]
14:05:06.0 (6644291)|STATEMENT_EXECUTE|[67]
14:05:06.0 (6665697)|VARIABLE_ASSIGNMENT|[EXTERNAL]|this|{"month":"0x4ea243fd","rows":"0xc352557"}|0x48928ebe
14:05:06.0 (6676016)|HEAP_ALLOCATE|[67]|Bytes:8
14:05:06.0 (6681536)|CONSTRUCTOR_ENTRY|[67]|01p4E0000008wR2|<init>()
14:05:06.0 (6685099)|VARIABLE_SCOPE_BEGIN|[215]|this|ReportPLIS_Controller.RowWrapper|true|false
14:05:06.0 (6696243)|VARIABLE_ASSIGNMENT|[215]|this|{}|0x5b144c85
14:05:06.0 (6699368)|STATEMENT_EXECUTE|[209]
14:05:06.0 (6700662)|STATEMENT_EXECUTE|[212]
14:05:06.0 (6709554)|STATEMENT_EXECUTE|[216]
14:05:06.0 (6711004)|STATEMENT_EXECUTE|[217]
14:05:06.0 (6714236)|HEAP_ALLOCATE|[217]|Bytes:4
14:05:06.0 (6734355)|VARIABLE_ASSIGNMENT|[EXTERNAL]|this|{}|0x5b144c85
14:05:06.0 (6742570)|HEAP_ALLOCATE|[EXTERNAL]|Bytes:4
14:05:06.0 (6752072)|VARIABLE_ASSIGNMENT|[EXTERNAL]|value|{"s":1,"v":[]}|0x613bce88
14:05:06.0 (6762545)|VARIABLE_ASSIGNMENT|[212]|this.values|{"s":1,"v":[]}|0x5b144c85
14:05:06.0 (6770360)|CONSTRUCTOR_EXIT|[67]|01p4E0000008wR2|<init>()
14:05:06.0 (6780823)|HEAP_ALLOCATE|[EXTERNAL]|Bytes:4
14:05:06.0 (6786645)|HEAP_ALLOCATE|[65]|Bytes:4
14:05:06.0 (6792034)|VARIABLE_ASSIGNMENT|[65]|idx|5
14:05:06.0 (6795829)|STATEMENT_EXECUTE|[66]
14:05:06.0 (6797082)|STATEMENT_EXECUTE|[67]
14:05:06.0 (6818474)|VARIABLE_ASSIGNMENT|[EXTERNAL]|this|{"month":"0x4ea243fd","rows":"0xc352557"}|0x48928ebe
14:05:06.0 (6833016)|HEAP_ALLOCATE|[67]|Bytes:8
14:05:06.0 (6838735)|CONSTRUCTOR_ENTRY|[67]|01p4E0000008wR2|<init>()
14:05:06.0 (6842438)|VARIABLE_SCOPE_BEGIN|[215]|this|ReportPLIS_Controller.RowWrapper|true|false
14:05:06.0 (6854063)|VARIABLE_ASSIGNMENT|[215]|this|{}|0x7cf4314b
14:05:06.0 (6857158)|STATEMENT_EXECUTE|[209]
14:05:06.0 (6858393)|STATEMENT_EXECUTE|[212]
14:05:06.0 (6867315)|STATEMENT_EXECUTE|[216]
14:05:06.0 (6868791)|STATEMENT_EXECUTE|[217]
14:05:06.0 (6872029)|HEAP_ALLOCATE|[217]|Bytes:4
14:05:06.0 (6892341)|VARIABLE_ASSIGNMENT|[EXTERNAL]|this|{}|0x7cf4314b
14:05:06.0 (6900538)|HEAP_ALLOCATE|[EXTERNAL]|Bytes:4
14:05:06.0 (6910763)|VARIABLE_ASSIGNMENT|[EXTERNAL]|value|{"s":1,"v":[]}|0x1db1d2b6
14:05:06.0 (6921102)|VARIABLE_ASSIGNMENT|[212]|this.values|{"s":1,"v":[]}|0x7cf4314b
14:05:06.0 (6928979)|CONSTRUCTOR_EXIT|[67]|01p4E0000008wR2|<init>()
14:05:06.0 (6939330)|HEAP_ALLOCATE|[EXTERNAL]|Bytes:4
14:05:06.0 (6945011)|HEAP_ALLOCATE|[65]|Bytes:4
14:05:06.0 (6950435)|VARIABLE_ASSIGNMENT|[65]|idx|6
14:05:06.0 (6954303)|STATEMENT_EXECUTE|[66]
14:05:06.0 (6955641)|STATEMENT_EXECUTE|[67]
14:05:06.0 (6976726)|VARIABLE_ASSIGNMENT|[EXTERNAL]|this|{"month":"0x4ea243fd","rows":"0xc352557"}|0x48928ebe
14:05:06.0 (6986911)|HEAP_ALLOCATE|[67]|Bytes:8
14:05:06.0 (6992364)|CONSTRUCTOR_ENTRY|[67]|01p4E0000008wR2|<init>()
14:05:06.0 (6995747)|VARIABLE_SCOPE_BEGIN|[215]|this|ReportPLIS_Controller.RowWrapper|true|false
14:05:06.0 (7006642)|VARIABLE_ASSIGNMENT|[215]|this|{}|0x6438d5e1
14:05:06.0 (7010520)|STATEMENT_EXECUTE|[209]
14:05:06.0 (7011816)|STATEMENT_EXECUTE|[212]
14:05:06.0 (7020726)|STATEMENT_EXECUTE|[216]
14:05:06.0 (7022162)|STATEMENT_EXECUTE|[217]
14:05:06.0 (7025335)|HEAP_ALLOCATE|[217]|Bytes:4
14:05:06.0 (7045611)|VARIABLE_ASSIGNMENT|[EXTERNAL]|this|{}|0x6438d5e1
14:05:06.0 (7053911)|HEAP_ALLOCATE|[EXTERNAL]|Bytes:4
14:05:06.0 (7063409)|VARIABLE_ASSIGNMENT|[EXTERNAL]|value|{"s":1,"v":[]}|0x5b481860
14:05:06.0 (7073524)|VARIABLE_ASSIGNMENT|[212]|this.values|{"s":1,"v":[]}|0x6438d5e1
14:05:06.0 (7081423)|CONSTRUCTOR_EXIT|[67]|01p4E0000008wR2|<init>()
14:05:06.0 (7091733)|HEAP_ALLOCATE|[EXTERNAL]|Bytes:4
14:05:06.0 (7097413)|HEAP_ALLOCATE|[65]|Bytes:4
14:05:06.0 (7102778)|VARIABLE_ASSIGNMENT|[65]|idx|7
14:05:06.0 (7106513)|STATEMENT_EXECUTE|[66]
14:05:06.0 (7107788)|STATEMENT_EXECUTE|[67]
14:05:06.0 (7128775)|VARIABLE_ASSIGNMENT|[EXTERNAL]|this|{"month":"0x4ea243fd","rows":"0xc352557"}|0x48928ebe
14:05:06.0 (7138749)|HEAP_ALLOCATE|[67]|Bytes:8
14:05:06.0 (7144105)|CONSTRUCTOR_ENTRY|[67]|01p4E0000008wR2|<init>()
14:05:06.0 (7147707)|VARIABLE_SCOPE_BEGIN|[215]|this|ReportPLIS_Controller.RowWrapper|true|false
14:05:06.0 (7158517)|VARIABLE_ASSIGNMENT|[215]|this|{}|0x6eb042b
14:05:06.0 (7161557)|STATEMENT_EXECUTE|[209]
14:05:06.0 (7162840)|STATEMENT_EXECUTE|[212]
14:05:06.0 (7171388)|STATEMENT_EXECUTE|[216]
14:05:06.0 (7172803)|STATEMENT_EXECUTE|[217]
14:05:06.0 (7175937)|HEAP_ALLOCATE|[217]|Bytes:4
14:05:06.0 (7196257)|VARIABLE_ASSIGNMENT|[EXTERNAL]|this|{}|0x6eb042b
14:05:06.0 (7204270)|HEAP_ALLOCATE|[EXTERNAL]|Bytes:4
14:05:06.0 (7213817)|VARIABLE_ASSIGNMENT|[EXTERNAL]|value|{"s":1,"v":[]}|0x15dc5222
14:05:06.0 (7223989)|VARIABLE_ASSIGNMENT|[212]|this.values|{"s":1,"v":[]}|0x6eb042b
14:05:06.0 (7231739)|CONSTRUCTOR_EXIT|[67]|01p4E0000008wR2|<init>()
14:05:06.0 (7242029)|HEAP_ALLOCATE|[EXTERNAL]|Bytes:4
14:05:06.0 (7247767)|HEAP_ALLOCATE|[65]|Bytes:4
14:05:06.0 (7252942)|VARIABLE_ASSIGNMENT|[65]|idx|8
14:05:06.0 (7256671)|STATEMENT_EXECUTE|[66]
14:05:06.0 (7257976)|STATEMENT_EXECUTE|[67]
14:05:06.0 (7278898)|VARIABLE_ASSIGNMENT|[EXTERNAL]|this|{"month":"0x4ea243fd","rows":"0xc352557"}|0x48928ebe
14:05:06.0 (7288886)|HEAP_ALLOCATE|[67]|Bytes:8
14:05:06.0 (7294259)|CONSTRUCTOR_ENTRY|[67]|01p4E0000008wR2|<init>()
14:05:06.0 (7297702)|VARIABLE_SCOPE_BEGIN|[215]|this|ReportPLIS_Controller.RowWrapper|true|false
14:05:06.0 (7308408)|VARIABLE_ASSIGNMENT|[215]|this|{}|0x37e90aa5
14:05:06.0 (7311416)|STATEMENT_EXECUTE|[209]
14:05:06.0 (7312605)|STATEMENT_EXECUTE|[212]
14:05:06.0 (7321582)|STATEMENT_EXECUTE|[216]
14:05:06.0 (7323081)|STATEMENT_EXECUTE|[217]
14:05:06.0 (7326651)|HEAP_ALLOCATE|[217]|Bytes:4
14:05:06.0 (7346786)|VARIABLE_ASSIGNMENT|[EXTERNAL]|this|{}|0x37e90aa5
14:05:06.0 (7354645)|HEAP_ALLOCATE|[EXTERNAL]|Bytes:4
14:05:06.0 (7364035)|VARIABLE_ASSIGNMENT|[EXTERNAL]|value|{"s":1,"v":[]}|0x2c799f20
14:05:06.0 (7374029)|VARIABLE_ASSIGNMENT|[212]|this.values|{"s":1,"v":[]}|0x37e90aa5
14:05:06.0 (7381954)|CONSTRUCTOR_EXIT|[67]|01p4E0000008wR2|<init>()
14:05:06.0 (7391999)|HEAP_ALLOCATE|[EXTERNAL]|Bytes:4
14:05:06.0 (7397589)|HEAP_ALLOCATE|[65]|Bytes:4
14:05:06.0 (7402814)|VARIABLE_ASSIGNMENT|[65]|idx|9
14:05:06.0 (7406483)|STATEMENT_EXECUTE|[66]
14:05:06.0 (7407694)|STATEMENT_EXECUTE|[67]
14:05:06.0 (7428892)|VARIABLE_ASSIGNMENT|[EXTERNAL]|this|{"month":"0x4ea243fd","rows":"0xc352557"}|0x48928ebe
14:05:06.0 (7438994)|HEAP_ALLOCATE|[67]|Bytes:8
14:05:06.0 (7444293)|CONSTRUCTOR_ENTRY|[67]|01p4E0000008wR2|<init>()
14:05:06.0 (7447697)|VARIABLE_SCOPE_BEGIN|[215]|this|ReportPLIS_Controller.RowWrapper|true|false
14:05:06.0 (7458429)|VARIABLE_ASSIGNMENT|[215]|this|{}|0x726d0cd8
14:05:06.0 (7461426)|STATEMENT_EXECUTE|[209]
14:05:06.0 (7462656)|STATEMENT_EXECUTE|[212]
14:05:06.0 (7471228)|STATEMENT_EXECUTE|[216]
14:05:06.0 (7472824)|STATEMENT_EXECUTE|[217]
14:05:06.0 (7475996)|HEAP_ALLOCATE|[217]|Bytes:4
14:05:06.0 (7496024)|VARIABLE_ASSIGNMENT|[EXTERNAL]|this|{}|0x726d0cd8
14:05:06.0 (7503716)|HEAP_ALLOCATE|[EXTERNAL]|Bytes:4
14:05:06.0 (7513417)|VARIABLE_ASSIGNMENT|[EXTERNAL]|value|{"s":1,"v":[]}|0x5571df5
14:05:06.0 (7523575)|VARIABLE_ASSIGNMENT|[212]|this.values|{"s":1,"v":[]}|0x726d0cd8
14:05:06.0 (7531270)|CONSTRUCTOR_EXIT|[67]|01p4E0000008wR2|<init>()
14:05:06.0 (7541278)|HEAP_ALLOCATE|[EXTERNAL]|Bytes:4
14:05:06.0 (7546867)|HEAP_ALLOCATE|[65]|Bytes:4
14:05:06.0 (7551985)|VARIABLE_ASSIGNMENT|[65]|idx|10
14:05:06.0 (7555772)|STATEMENT_EXECUTE|[66]
14:05:06.0 (7556998)|STATEMENT_EXECUTE|[67]
14:05:06.0 (7578268)|VARIABLE_ASSIGNMENT|[EXTERNAL]|this|{"month":"0x4ea243fd","rows":"0xc352557"}|0x48928ebe
14:05:06.0 (7588011)|HEAP_ALLOCATE|[67]|Bytes:8
14:05:06.0 (7593314)|CONSTRUCTOR_ENTRY|[67]|01p4E0000008wR2|<init>()
14:05:06.0 (7596745)|VARIABLE_SCOPE_BEGIN|[215]|this|ReportPLIS_Controller.RowWrapper|true|false
14:05:06.0 (7607759)|VARIABLE_ASSIGNMENT|[215]|this|{}|0x7a9493d8
14:05:06.0 (7610772)|STATEMENT_EXECUTE|[209]
14:05:06.0 (7612236)|STATEMENT_EXECUTE|[212]
14:05:06.0 (7621144)|STATEMENT_EXECUTE|[216]
14:05:06.0 (7622572)|STATEMENT_EXECUTE|[217]
14:05:06.0 (7625685)|HEAP_ALLOCATE|[217]|Bytes:4
14:05:06.0 (7645883)|VARIABLE_ASSIGNMENT|[EXTERNAL]|this|{}|0x7a9493d8
14:05:06.0 (7653795)|HEAP_ALLOCATE|[EXTERNAL]|Bytes:4
14:05:06.0 (7663328)|VARIABLE_ASSIGNMENT|[EXTERNAL]|value|{"s":1,"v":[]}|0x1af49335
14:05:06.0 (7673407)|VARIABLE_ASSIGNMENT|[212]|this.values|{"s":1,"v":[]}|0x7a9493d8
14:05:06.0 (7681246)|CONSTRUCTOR_EXIT|[67]|01p4E0000008wR2|<init>()
14:05:06.0 (7691430)|HEAP_ALLOCATE|[EXTERNAL]|Bytes:4
14:05:06.0 (7697226)|HEAP_ALLOCATE|[65]|Bytes:4
14:05:06.0 (7702500)|VARIABLE_ASSIGNMENT|[65]|idx|11
14:05:06.0 (7707535)|STATEMENT_EXECUTE|[71]
14:05:06.0 (7710432)|VARIABLE_SCOPE_BEGIN|[71]|idx|Integer|false|false
14:05:06.0 (7713351)|HEAP_ALLOCATE|[71]|Bytes:4
14:05:06.0 (7716946)|VARIABLE_ASSIGNMENT|[71]|idx|0
14:05:06.0 (7764847)|VARIABLE_ASSIGNMENT|[EXTERNAL]|this|{"month":"0x4ea243fd","rows":"0xc352557"}|0x48928ebe
14:05:06.0 (7851862)|HEAP_ALLOCATE|[71]|Bytes:41
14:05:06.0 (7875461)|SYSTEM_MODE_EXIT|false
14:05:06.0 (8005088)|FATAL_ERROR|System.NullPointerException: Attempt to de-reference a null object

Class.ReportPLIS_Controller.getRowWrappers: line 71, column 1
14:05:06.0 (8029638)|CODE_UNIT_FINISHED|ReportPLIS_Controller invoke(getrowWrappers)
14:05:06.0 (8102908)|CODE_UNIT_FINISHED|ReportPLIS_Controller get(rowWrappers)
