36.0 APEX_CODE,FINEST;APEX_PROFILING,INFO;CALLOUT,INFO;DB,INFO;SYSTEM,DEBUG;VALIDATION,INFO;VISUALFORCE,INFO;WORKFLOW,INFO
Execute Anonymous: //Account a1 = [Select Id, Name, Active_Start_Date__c from Account Where Name = 'Super New 1'];
Execute Anonymous: //a1.Active_Start_Date__c = year(2016);
Execute Anonymous: //update a1;
Execute Anonymous: //Account a2 = [Select Id, Name, Active_Start_Date__c from Account Where Name = 'Super New 1'];
Execute Anonymous: //Account a3 = [Select Id, Name, Active_Start_Date__c from Account Where Name = 'Super New 1'];
Execute Anonymous: 
Execute Anonymous: List<AggregateResult> results = 
Execute Anonymous:     new List<AggregateResult>([SELECT  CALENDAR_MONTH(Active_Start_Date__c), 
Execute Anonymous:                                		COUNT(id)  
Execute Anonymous:                                       FROM Account WHERE CALENDAR_YEAR(Active_Start_Date__c)=2016
Execute Anonymous: 									Group by CALENDAR_MONTH(Active_Start_Date__c)                                 
Execute Anonymous:                                      ]);
Execute Anonymous: 
Execute Anonymous: List<AggregateResult> results1 = 
Execute Anonymous: new List<AggregateResult>([SELECT  CALENDAR_MONTH(Contact_Start_Date__c), 
Execute Anonymous:                                		COUNT(id)  
Execute Anonymous:                                       FROM Account WHERE CALENDAR_YEAR(Contact_Start_Date__c)=2016
Execute Anonymous: 									Group by CALENDAR_MONTH(Contact_Start_Date__c)                                 
Execute Anonymous:                                      ]);
Execute Anonymous: System.debug(results);
Execute Anonymous: System.debug(results1);
Execute Anonymous: //System.debug(a1);
Execute Anonymous: //System.debug(a2);
Execute Anonymous: //System.debug(a3);
11:54:16.1 (1365288)|EXECUTION_STARTED
11:54:16.1 (1378507)|CODE_UNIT_STARTED|[EXTERNAL]|execute_anonymous_apex
11:54:16.1 (1616603)|VARIABLE_SCOPE_BEGIN|[7]|results|List<AggregateResult>|true|false
11:54:16.1 (1629095)|VARIABLE_SCOPE_BEGIN|[14]|results1|List<AggregateResult>|true|false
11:54:16.1 (1779692)|HEAP_ALLOCATE|[72]|Bytes:3
11:54:16.1 (1838295)|HEAP_ALLOCATE|[77]|Bytes:152
11:54:16.1 (1859245)|HEAP_ALLOCATE|[342]|Bytes:408
11:54:16.1 (1879716)|HEAP_ALLOCATE|[355]|Bytes:408
11:54:16.1 (1898409)|HEAP_ALLOCATE|[467]|Bytes:48
11:54:16.1 (1941176)|HEAP_ALLOCATE|[139]|Bytes:6
11:54:16.1 (1970730)|HEAP_ALLOCATE|[EXTERNAL]|Bytes:15
11:54:16.1 (2099795)|STATEMENT_EXECUTE|[1]
11:54:16.1 (2104312)|STATEMENT_EXECUTE|[7]
11:54:16.1 (2111907)|HEAP_ALLOCATE|[8]|Bytes:4
11:54:16.1 (2210264)|HEAP_ALLOCATE|[8]|Bytes:162
11:54:16.1 (2221543)|HEAP_ALLOCATE|[8]|Bytes:4
11:54:16.1 (2270457)|HEAP_ALLOCATE|[50]|Bytes:5
11:54:16.1 (2297834)|HEAP_ALLOCATE|[56]|Bytes:5
11:54:16.1 (2307702)|HEAP_ALLOCATE|[64]|Bytes:7
11:54:16.1 (2691335)|SOQL_EXECUTE_BEGIN|[8]|Aggregations:0|SELECT CALENDAR_MONTH(Active_Start_Date__c), COUNT(id) FROM Account WHERE CALENDAR_YEAR(Active_Start_Date__c) = 2016 GROUP BY CALENDAR_MONTH(Active_Start_Date__c)
11:54:16.1 (11620572)|SOQL_EXECUTE_END|[8]|Rows:1
11:54:16.1 (11638697)|HEAP_ALLOCATE|[8]|Bytes:8
11:54:16.1 (11655638)|HEAP_ALLOCATE|[8]|Bytes:31
11:54:16.1 (11694933)|HEAP_ALLOCATE|[8]|Bytes:8
11:54:16.1 (11773533)|HEAP_ALLOCATE|[8]|Bytes:12
11:54:16.1 (11782567)|HEAP_ALLOCATE|[8]|Bytes:12
11:54:16.1 (11785918)|HEAP_ALLOCATE|[8]|Bytes:4
11:54:16.1 (11807267)|HEAP_ALLOCATE|[EXTERNAL]|Bytes:8
11:54:16.1 (11864417)|VARIABLE_ASSIGNMENT|[7]|results|{"s":1,"v":[{"s":2,"v":{"expr0":4,"expr1":5}}]}|0x1488b5a7
11:54:16.1 (11869190)|STATEMENT_EXECUTE|[14]
11:54:16.1 (11874816)|HEAP_ALLOCATE|[15]|Bytes:4
11:54:16.1 (11898097)|HEAP_ALLOCATE|[15]|Bytes:165
11:54:16.1 (11903628)|HEAP_ALLOCATE|[15]|Bytes:4
11:54:16.1 (12244581)|SOQL_EXECUTE_BEGIN|[15]|Aggregations:0|SELECT CALENDAR_MONTH(Contact_Start_Date__c), COUNT(id) FROM Account WHERE CALENDAR_YEAR(Contact_Start_Date__c) = 2016 GROUP BY CALENDAR_MONTH(Contact_Start_Date__c)
11:54:16.1 (19153428)|SOQL_EXECUTE_END|[15]|Rows:2
11:54:16.1 (19166162)|HEAP_ALLOCATE|[15]|Bytes:12
11:54:16.1 (19178332)|HEAP_ALLOCATE|[15]|Bytes:62
11:54:16.1 (19193950)|HEAP_ALLOCATE|[15]|Bytes:12
11:54:16.1 (19221737)|HEAP_ALLOCATE|[15]|Bytes:12
11:54:16.1 (19227915)|HEAP_ALLOCATE|[15]|Bytes:12
11:54:16.1 (19234958)|HEAP_ALLOCATE|[15]|Bytes:12
11:54:16.1 (19236991)|HEAP_ALLOCATE|[15]|Bytes:8
11:54:16.1 (19251878)|HEAP_ALLOCATE|[EXTERNAL]|Bytes:12
11:54:16.1 (19273717)|VARIABLE_ASSIGNMENT|[14]|results1|{"s":1,"v":[{"s":2,"v":{"expr0":2,"expr1":2}},{"s":3,"v":{"expr0":4,"expr1":1}}]}|0x2d802dff
11:54:16.1 (19278045)|STATEMENT_EXECUTE|[20]
11:54:16.1 (19340258)|USER_DEBUG|[20]|DEBUG|(AggregateResult:{expr0=4, expr1=5})
11:54:16.1 (19348790)|STATEMENT_EXECUTE|[21]
11:54:16.1 (19375690)|USER_DEBUG|[21]|DEBUG|(AggregateResult:{expr0=2, expr1=2}, AggregateResult:{expr0=4, expr1=1})
11:54:16.19 (19422574)|CUMULATIVE_LIMIT_USAGE
11:54:16.19 (19422574)|LIMIT_USAGE_FOR_NS|(default)|
  Number of SOQL queries: 2 out of 100
  Number of query rows: 8 out of 50000
  Number of SOSL queries: 0 out of 20
  Number of DML statements: 0 out of 150
  Number of DML rows: 0 out of 10000
  Maximum CPU time: 0 out of 10000
  Maximum heap size: 0 out of 6000000
  Number of callouts: 0 out of 100
  Number of Email Invocations: 0 out of 10
  Number of future calls: 0 out of 50
  Number of queueable jobs added to the queue: 0 out of 50
  Number of Mobile Apex push calls: 0 out of 10

11:54:16.19 (19422574)|CUMULATIVE_LIMIT_USAGE_END

11:54:16.1 (19461327)|CODE_UNIT_FINISHED|execute_anonymous_apex
11:54:16.1 (20453471)|EXECUTION_FINISHED
