36.0 APEX_CODE,FINEST;APEX_PROFILING,INFO;CALLOUT,INFO;DB,INFO;SYSTEM,DEBUG;VALIDATION,INFO;VISUALFORCE,INFO;WORKFLOW,INFO
19:54:54.0 (296624)|EXECUTION_STARTED
19:54:54.0 (329832)|CODE_UNIT_STARTED|[EXTERNAL]|0664E00000007Nc|VF: /apex/Change_Status_Phase
19:54:54.0 (972677)|VF_DESERIALIZE_VIEWSTATE_BEGIN|0664E00000007Nc
19:54:54.0 (12715542)|HEAP_ALLOCATE|[72]|Bytes:3
19:54:54.0 (12781822)|HEAP_ALLOCATE|[77]|Bytes:152
19:54:54.0 (12801967)|HEAP_ALLOCATE|[342]|Bytes:408
19:54:54.0 (12821752)|HEAP_ALLOCATE|[355]|Bytes:408
19:54:54.0 (12840539)|HEAP_ALLOCATE|[467]|Bytes:48
19:54:54.0 (12883255)|HEAP_ALLOCATE|[139]|Bytes:6
19:54:54.0 (15610114)|VF_DESERIALIZE_VIEWSTATE_END
19:54:54.0 (17466189)|CODE_UNIT_STARTED|[EXTERNAL]|01p4E0000008nN6|AccountControllerExtension get(project)
19:54:54.0 (17484183)|SYSTEM_MODE_ENTER|true
19:54:54.0 (17519408)|CODE_UNIT_STARTED|[EXTERNAL]|01p4E0000008nN6|project
19:54:54.0 (17537008)|HEAP_ALLOCATE|[EXTERNAL]|Bytes:232
19:54:54.0 (17544928)|HEAP_ALLOCATE|[EXTERNAL]|Bytes:35
19:54:54.0 (17562710)|METHOD_ENTRY|[11]|01p4E0000008nN6|AccountControllerExtension.AccountControllerExtension()
19:54:54.0 (17568831)|STATEMENT_EXECUTE|[11]
19:54:54.0 (17577709)|STATEMENT_EXECUTE|[11]
19:54:54.0 (17617831)|HEAP_ALLOCATE|[50]|Bytes:5
19:54:54.0 (17646375)|HEAP_ALLOCATE|[56]|Bytes:5
19:54:54.0 (17656503)|HEAP_ALLOCATE|[64]|Bytes:7
19:54:54.0 (17685690)|SYSTEM_MODE_ENTER|false
19:54:54.0 (17703005)|HEAP_ALLOCATE|[EXTERNAL]|Bytes:5
19:54:54.0 (17711816)|SYSTEM_MODE_EXIT|false
19:54:54.0 (17724560)|METHOD_EXIT|[11]|AccountControllerExtension
19:54:54.0 (17740839)|CODE_UNIT_FINISHED|project
19:54:54.0 (17768127)|CODE_UNIT_FINISHED|AccountControllerExtension get(project)
19:54:54.0 (26727764)|CODE_UNIT_STARTED|[EXTERNAL]|01p4E0000008nN6|AccountControllerExtension get(phase)
19:54:54.0 (26738345)|SYSTEM_MODE_ENTER|true
19:54:54.0 (26751567)|CODE_UNIT_STARTED|[EXTERNAL]|01p4E0000008nN6|phase
19:54:54.0 (26763609)|CODE_UNIT_FINISHED|phase
19:54:54.0 (26778674)|CODE_UNIT_FINISHED|AccountControllerExtension get(phase)
19:54:54.0 (29174053)|CODE_UNIT_STARTED|[EXTERNAL]|01p4E0000008nN6|AccountControllerExtension invoke(updatePhase)
19:54:54.0 (29236322)|HEAP_ALLOCATE|[EXTERNAL]|Bytes:48
19:54:54.0 (29249482)|VARIABLE_SCOPE_BEGIN|[57]|this|AccountControllerExtension|true|false
19:54:54.0 (29371848)|VARIABLE_ASSIGNMENT|[57]|this|{"company":"0x11d58d9a","companyLicenseMarker (1 more) ...":"0x7dc9aacf","ideaMarkers":"0x53704f62","markersList":"0x7fad38f1","phase":"Contact","project":"0x367ecaa1","projectObj":"0x42a9d3c3","uniqueMarkers":"0x7206868b","verificationMarkers":"0x23dcccf6"}|0x7676137
19:54:54.0 (29393888)|SYSTEM_MODE_ENTER|false
19:54:54.0 (29399327)|HEAP_ALLOCATE|[58]|Bytes:5
19:54:54.0 (29403803)|STATEMENT_EXECUTE|[57]
19:54:54.0 (29405404)|STATEMENT_EXECUTE|[58]
19:54:54.0 (29481008)|VARIABLE_ASSIGNMENT|[EXTERNAL]|this|{"company":"0x11d58d9a","companyLicenseMarker (1 more) ...":"0x7dc9aacf","ideaMarkers":"0x53704f62","markersList":"0x7fad38f1","phase":"Contact","project":"0x367ecaa1","projectObj":"0x42a9d3c3","uniqueMarkers":"0x7206868b","verificationMarkers":"0x23dcccf6"}|0x7676137
19:54:54.0 (29570897)|VARIABLE_ASSIGNMENT|[EXTERNAL]|this|{"company":"0x11d58d9a","companyLicenseMarker (1 more) ...":"0x7dc9aacf","ideaMarkers":"0x53704f62","markersList":"0x7fad38f1","phase":"Contact","project":"0x367ecaa1","projectObj":"0x42a9d3c3","uniqueMarkers":"0x7206868b","verificationMarkers":"0x23dcccf6"}|0x7676137
19:54:54.0 (29579713)|VARIABLE_ASSIGNMENT|[EXTERNAL]|value|"Verification"
19:54:54.0 (29592323)|VARIABLE_ASSIGNMENT|[16]|this.phase|"Verification"|0x7676137
19:54:54.0 (29605160)|SYSTEM_MODE_EXIT|false
19:54:54.0 (29648178)|CODE_UNIT_FINISHED|AccountControllerExtension invoke(updatePhase)
19:54:54.0 (29685427)|VF_APEX_CALL|j_id15|{!updatePhase}|PageReference: none
19:54:54.0 (33816491)|CODE_UNIT_STARTED|[EXTERNAL]|01p4E0000008nN6|AccountControllerExtension get(project)
19:54:54.0 (33829347)|SYSTEM_MODE_ENTER|true
19:54:54.0 (33842663)|CODE_UNIT_STARTED|[EXTERNAL]|01p4E0000008nN6|project
19:54:54.0 (33855255)|CODE_UNIT_FINISHED|project
19:54:54.0 (33871637)|CODE_UNIT_FINISHED|AccountControllerExtension get(project)
19:54:54.0 (34636853)|CODE_UNIT_STARTED|[EXTERNAL]|01p4E0000008nN6|AccountControllerExtension get(phase)
19:54:54.0 (34646877)|SYSTEM_MODE_ENTER|true
19:54:54.0 (34659691)|CODE_UNIT_STARTED|[EXTERNAL]|01p4E0000008nN6|phase
19:54:54.0 (34670961)|CODE_UNIT_FINISHED|phase
19:54:54.0 (34685310)|CODE_UNIT_FINISHED|AccountControllerExtension get(phase)
19:54:54.0 (35935751)|CODE_UNIT_STARTED|[EXTERNAL]|01p4E0000008nN6|AccountControllerExtension get(tempDate)
19:54:54.0 (35945726)|SYSTEM_MODE_ENTER|true
19:54:54.0 (35957901)|CODE_UNIT_STARTED|[EXTERNAL]|01p4E0000008nN6|tempDate
19:54:54.0 (35969108)|CODE_UNIT_FINISHED|tempDate
19:54:54.0 (35983675)|CODE_UNIT_FINISHED|AccountControllerExtension get(tempDate)
19:54:54.0 (37192480)|VF_SERIALIZE_VIEWSTATE_BEGIN|0664E00000007Nc
19:54:54.0 (39408329)|VF_SERIALIZE_VIEWSTATE_END
19:54:54.41 (41910962)|CUMULATIVE_LIMIT_USAGE
19:54:54.41 (41910962)|LIMIT_USAGE_FOR_NS|(default)|
  Number of SOQL queries: 0 out of 100
  Number of query rows: 0 out of 50000
  Number of SOSL queries: 0 out of 20
  Number of DML statements: 0 out of 150
  Number of DML rows: 0 out of 10000
  Maximum CPU time: 0 out of 10000
  Maximum heap size: 0 out of 6000000
  Number of callouts: 0 out of 100
  Number of Email Invocations: 0 out of 10
  Number of future calls: 0 out of 50
  Number of queueable jobs added to the queue: 0 out of 50
  Number of Mobile Apex push calls: 0 out of 10

19:54:54.41 (41910962)|CUMULATIVE_LIMIT_USAGE_END

19:54:54.0 (41965902)|CODE_UNIT_FINISHED|VF: /apex/Change_Status_Phase
19:54:54.0 (42833754)|EXECUTION_FINISHED
