36.0 APEX_CODE,FINEST;APEX_PROFILING,INFO;CALLOUT,INFO;DB,INFO;SYSTEM,DEBUG;VALIDATION,INFO;VISUALFORCE,INFO;WORKFLOW,INFO
10:46:42.1 (1916011)|EXECUTION_STARTED
10:46:42.1 (1949722)|CODE_UNIT_STARTED|[EXTERNAL]|VisualForce View State
10:46:42.1 (9763619)|HEAP_ALLOCATE|[72]|Bytes:3
10:46:42.1 (9842768)|HEAP_ALLOCATE|[77]|Bytes:152
10:46:42.1 (9867936)|HEAP_ALLOCATE|[342]|Bytes:408
10:46:42.1 (9889978)|HEAP_ALLOCATE|[355]|Bytes:408
10:46:42.1 (9911105)|HEAP_ALLOCATE|[467]|Bytes:48
10:46:42.1 (9957015)|HEAP_ALLOCATE|[139]|Bytes:6
10:46:42.1 (14033193)|CODE_UNIT_FINISHED|VisualForce View State
10:46:42.1 (15100252)|EXECUTION_FINISHED
10:46:42.838 (838475161)|SYSTEM_MODE_ENTER|true
10:46:42.838 (838568783)|HEAP_ALLOCATE|[EXTERNAL]|Bytes:120
10:46:42.838 (838587596)|HEAP_ALLOCATE|[EXTERNAL]|Bytes:10
10:46:42.838 (838613693)|SYSTEM_METHOD_ENTRY|[1]|pagemessagecomponentcontroller.pagemessagecomponentcontroller()
10:46:42.838 (838620146)|STATEMENT_EXECUTE|[1]
10:46:43.151 (1151683098)|CUMULATIVE_LIMIT_USAGE
10:46:43.151 (1151683098)|LIMIT_USAGE_FOR_NS|(default)|
  Number of SOQL queries: 0 out of 100
  Number of query rows: 0 out of 50000
  Number of SOSL queries: 0 out of 20
  Number of DML statements: 0 out of 150
  Number of DML rows: 0 out of 10000
  Maximum CPU time: 0 out of 10000
  Maximum heap size: 0 out of 6000000
  Number of callouts: 0 out of 100
  Number of Email Invocations: 0 out of 10
  Number of future calls: 0 out of 50
  Number of queueable jobs added to the queue: 0 out of 50
  Number of Mobile Apex push calls: 0 out of 10

10:46:43.151 (1151683098)|CUMULATIVE_LIMIT_USAGE_END

