34.0 APEX_CODE,FINEST;APEX_PROFILING,INFO;CALLOUT,INFO;DB,INFO;SYSTEM,DEBUG;VALIDATION,INFO;VISUALFORCE,INFO;WORKFLOW,INFO
14:31:40.0 (316263)|EXECUTION_STARTED
14:31:40.0 (346971)|CODE_UNIT_STARTED|[EXTERNAL]|0664E0000000AOi|VF: /apex/ReportPLIS
14:31:40.0 (17552846)|CODE_UNIT_STARTED|[EXTERNAL]|01p4E0000008wR2|ReportPLIS_Controller <init>
14:31:40.0 (17572204)|SYSTEM_MODE_ENTER|true
14:31:40.0 (17933707)|HEAP_ALLOCATE|[72]|Bytes:3
14:31:40.0 (17991484)|HEAP_ALLOCATE|[77]|Bytes:152
14:31:40.0 (18009495)|HEAP_ALLOCATE|[342]|Bytes:408
14:31:40.0 (18028949)|HEAP_ALLOCATE|[355]|Bytes:408
14:31:40.0 (18046465)|HEAP_ALLOCATE|[467]|Bytes:48
14:31:40.0 (18089058)|HEAP_ALLOCATE|[139]|Bytes:6
14:31:40.0 (18120493)|HEAP_ALLOCATE|[EXTERNAL]|Bytes:37
14:31:40.0 (18126503)|HEAP_ALLOCATE|[EXTERNAL]|Bytes:140
14:31:40.0 (18129218)|HEAP_ALLOCATE|[EXTERNAL]|Bytes:19
14:31:40.0 (18147291)|METHOD_ENTRY|[1]|01p4E0000008wR2|ReportPLIS_Controller.ReportPLIS_Controller()
14:31:40.0 (18152876)|STATEMENT_EXECUTE|[1]
14:31:40.0 (18161783)|STATEMENT_EXECUTE|[1]
14:31:40.0 (18196275)|HEAP_ALLOCATE|[50]|Bytes:5
14:31:40.0 (18222334)|HEAP_ALLOCATE|[56]|Bytes:5
14:31:40.0 (18231101)|HEAP_ALLOCATE|[64]|Bytes:7
14:31:40.0 (18262264)|SYSTEM_MODE_ENTER|false
14:31:40.0 (18280222)|HEAP_ALLOCATE|[EXTERNAL]|Bytes:5
14:31:40.0 (18285164)|STATEMENT_EXECUTE|[100]
14:31:40.0 (18287057)|STATEMENT_EXECUTE|[212]
14:31:40.0 (18288138)|STATEMENT_EXECUTE|[230]
14:31:40.0 (18294834)|SYSTEM_MODE_EXIT|false
14:31:40.0 (18308124)|METHOD_EXIT|[1]|ReportPLIS_Controller
14:31:40.0 (18687338)|HEAP_ALLOCATE|[EXTERNAL]|Bytes:24
14:31:40.0 (18698687)|VARIABLE_SCOPE_BEGIN|[11]|this|ReportPLIS_Controller|true|false
14:31:40.0 (18784969)|VARIABLE_ASSIGNMENT|[11]|this|{}|0x180564
14:31:40.0 (18799643)|SYSTEM_MODE_ENTER|false
14:31:40.0 (18805439)|HEAP_ALLOCATE|[6]|Bytes:5
14:31:40.0 (18809029)|STATEMENT_EXECUTE|[1]
14:31:40.0 (18812170)|HEAP_ALLOCATE|[6]|Bytes:5
14:31:40.0 (18813921)|STATEMENT_EXECUTE|[3]
14:31:40.0 (18815300)|STATEMENT_EXECUTE|[4]
14:31:40.0 (18816288)|STATEMENT_EXECUTE|[5]
14:31:40.0 (18817321)|STATEMENT_EXECUTE|[6]
14:31:40.0 (18823358)|HEAP_ALLOCATE|[6]|Bytes:4
14:31:40.0 (18896707)|HEAP_ALLOCATE|[6]|Bytes:1
14:31:40.0 (18909313)|HEAP_ALLOCATE|[6]|Bytes:1
14:31:40.0 (18913713)|HEAP_ALLOCATE|[6]|Bytes:1
14:31:40.0 (18917628)|HEAP_ALLOCATE|[6]|Bytes:1
14:31:40.0 (18921284)|HEAP_ALLOCATE|[6]|Bytes:1
14:31:40.0 (18924963)|HEAP_ALLOCATE|[6]|Bytes:1
14:31:40.0 (18928659)|HEAP_ALLOCATE|[6]|Bytes:1
14:31:40.0 (18932378)|HEAP_ALLOCATE|[6]|Bytes:1
14:31:40.0 (18936027)|HEAP_ALLOCATE|[6]|Bytes:1
14:31:40.0 (18940084)|HEAP_ALLOCATE|[6]|Bytes:2
14:31:40.0 (18943975)|HEAP_ALLOCATE|[6]|Bytes:2
14:31:40.0 (18947897)|HEAP_ALLOCATE|[6]|Bytes:2
14:31:40.0 (18986925)|HEAP_ALLOCATE|[EXTERNAL]|Bytes:52
14:31:40.0 (19017524)|VARIABLE_ASSIGNMENT|[6]|this.month|{"s":1,"v":"List of size 12 too large to display"}|0x180564
14:31:40.0 (19022117)|STATEMENT_EXECUTE|[7]
14:31:40.0 (19033413)|HEAP_ALLOCATE|[6]|Bytes:6
14:31:40.0 (19059255)|STATEMENT_EXECUTE|[11]
14:31:40.0 (19066155)|SYSTEM_MODE_EXIT|false
14:31:40.0 (19081585)|CODE_UNIT_FINISHED|ReportPLIS_Controller <init>
14:31:40.0 (19125233)|CODE_UNIT_STARTED|[EXTERNAL]|01p4E0000008wR2|ReportPLIS_Controller get(Phase)
14:31:40.0 (19135287)|SYSTEM_MODE_ENTER|true
14:31:40.0 (19152790)|CODE_UNIT_STARTED|[EXTERNAL]|01p4E0000008wR2|Phase
14:31:40.0 (19163622)|CODE_UNIT_FINISHED|Phase
14:31:40.0 (19176743)|CODE_UNIT_FINISHED|ReportPLIS_Controller get(Phase)
14:31:40.33 (33628490)|CUMULATIVE_LIMIT_USAGE
14:31:40.33 (33628490)|LIMIT_USAGE_FOR_NS|(default)|
  Number of SOQL queries: 0 out of 100
  Number of query rows: 0 out of 50000
  Number of SOSL queries: 0 out of 20
  Number of DML statements: 0 out of 150
  Number of DML rows: 0 out of 10000
  Maximum CPU time: 0 out of 10000
  Maximum heap size: 0 out of 6000000
  Number of callouts: 0 out of 100
  Number of Email Invocations: 0 out of 10
  Number of future calls: 0 out of 50
  Number of queueable jobs added to the queue: 0 out of 50
  Number of Mobile Apex push calls: 0 out of 10

14:31:40.33 (33628490)|CUMULATIVE_LIMIT_USAGE_END

14:31:40.0 (33674603)|CODE_UNIT_FINISHED|VF: /apex/ReportPLIS
14:31:40.0 (34500453)|EXECUTION_FINISHED
