34.0 APEX_CODE,FINEST;APEX_PROFILING,INFO;CALLOUT,INFO;DB,INFO;SYSTEM,DEBUG;VALIDATION,INFO;VISUALFORCE,INFO;WORKFLOW,INFO
14:11:51.0 (325476)|EXECUTION_STARTED
14:11:51.0 (355584)|CODE_UNIT_STARTED|[EXTERNAL]|0664E0000000AOi|VF: /apex/ReportPLIS
14:11:51.0 (17694688)|CODE_UNIT_STARTED|[EXTERNAL]|01p4E0000008wR2|ReportPLIS_Controller <init>
14:11:51.0 (17709199)|SYSTEM_MODE_ENTER|true
14:11:51.0 (18088742)|HEAP_ALLOCATE|[72]|Bytes:3
14:11:51.0 (18153615)|HEAP_ALLOCATE|[77]|Bytes:152
14:11:51.0 (18174607)|HEAP_ALLOCATE|[342]|Bytes:408
14:11:51.0 (18195456)|HEAP_ALLOCATE|[355]|Bytes:408
14:11:51.0 (18215857)|HEAP_ALLOCATE|[467]|Bytes:48
14:11:51.0 (18255926)|HEAP_ALLOCATE|[139]|Bytes:6
14:11:51.0 (18281453)|HEAP_ALLOCATE|[EXTERNAL]|Bytes:37
14:11:51.0 (18286393)|HEAP_ALLOCATE|[EXTERNAL]|Bytes:140
14:11:51.0 (18289300)|HEAP_ALLOCATE|[EXTERNAL]|Bytes:19
14:11:51.0 (18305696)|METHOD_ENTRY|[1]|01p4E0000008wR2|ReportPLIS_Controller.ReportPLIS_Controller()
14:11:51.0 (18311011)|STATEMENT_EXECUTE|[1]
14:11:51.0 (18319427)|STATEMENT_EXECUTE|[1]
14:11:51.0 (18355540)|HEAP_ALLOCATE|[50]|Bytes:5
14:11:51.0 (18383939)|HEAP_ALLOCATE|[56]|Bytes:5
14:11:51.0 (18393686)|HEAP_ALLOCATE|[64]|Bytes:7
14:11:51.0 (18421012)|SYSTEM_MODE_ENTER|false
14:11:51.0 (18441690)|HEAP_ALLOCATE|[EXTERNAL]|Bytes:5
14:11:51.0 (18446286)|STATEMENT_EXECUTE|[97]
14:11:51.0 (18448037)|STATEMENT_EXECUTE|[209]
14:11:51.0 (18449173)|STATEMENT_EXECUTE|[227]
14:11:51.0 (18456499)|SYSTEM_MODE_EXIT|false
14:11:51.0 (18469507)|METHOD_EXIT|[1]|ReportPLIS_Controller
14:11:51.0 (18850867)|HEAP_ALLOCATE|[EXTERNAL]|Bytes:24
14:11:51.0 (18862306)|VARIABLE_SCOPE_BEGIN|[11]|this|ReportPLIS_Controller|true|false
14:11:51.0 (18942302)|VARIABLE_ASSIGNMENT|[11]|this|{}|0x30adc4fd
14:11:51.0 (18956355)|SYSTEM_MODE_ENTER|false
14:11:51.0 (18962215)|HEAP_ALLOCATE|[6]|Bytes:5
14:11:51.0 (18965889)|STATEMENT_EXECUTE|[1]
14:11:51.0 (18969063)|HEAP_ALLOCATE|[6]|Bytes:5
14:11:51.0 (18970967)|STATEMENT_EXECUTE|[3]
14:11:51.0 (18972119)|STATEMENT_EXECUTE|[4]
14:11:51.0 (18973120)|STATEMENT_EXECUTE|[5]
14:11:51.0 (18974102)|STATEMENT_EXECUTE|[6]
14:11:51.0 (18980193)|HEAP_ALLOCATE|[6]|Bytes:4
14:11:51.0 (19060848)|HEAP_ALLOCATE|[6]|Bytes:1
14:11:51.0 (19074147)|HEAP_ALLOCATE|[6]|Bytes:1
14:11:51.0 (19078201)|HEAP_ALLOCATE|[6]|Bytes:1
14:11:51.0 (19081840)|HEAP_ALLOCATE|[6]|Bytes:1
14:11:51.0 (19085496)|HEAP_ALLOCATE|[6]|Bytes:1
14:11:51.0 (19089266)|HEAP_ALLOCATE|[6]|Bytes:1
14:11:51.0 (19093276)|HEAP_ALLOCATE|[6]|Bytes:1
14:11:51.0 (19096718)|HEAP_ALLOCATE|[6]|Bytes:1
14:11:51.0 (19100382)|HEAP_ALLOCATE|[6]|Bytes:1
14:11:51.0 (19104205)|HEAP_ALLOCATE|[6]|Bytes:2
14:11:51.0 (19107679)|HEAP_ALLOCATE|[6]|Bytes:2
14:11:51.0 (19111280)|HEAP_ALLOCATE|[6]|Bytes:2
14:11:51.0 (19151122)|HEAP_ALLOCATE|[EXTERNAL]|Bytes:52
14:11:51.0 (19180051)|VARIABLE_ASSIGNMENT|[6]|this.month|{"s":1,"v":"List of size 12 too large to display"}|0x30adc4fd
14:11:51.0 (19183748)|STATEMENT_EXECUTE|[7]
14:11:51.0 (19195921)|HEAP_ALLOCATE|[6]|Bytes:6
14:11:51.0 (19223075)|STATEMENT_EXECUTE|[11]
14:11:51.0 (19229895)|SYSTEM_MODE_EXIT|false
14:11:51.0 (19248117)|CODE_UNIT_FINISHED|ReportPLIS_Controller <init>
14:11:51.0 (19296093)|CODE_UNIT_STARTED|[EXTERNAL]|01p4E0000008wR2|ReportPLIS_Controller get(Phase)
14:11:51.0 (19304335)|SYSTEM_MODE_ENTER|true
14:11:51.0 (19322720)|CODE_UNIT_STARTED|[EXTERNAL]|01p4E0000008wR2|Phase
14:11:51.0 (19333334)|CODE_UNIT_FINISHED|Phase
14:11:51.0 (19346845)|CODE_UNIT_FINISHED|ReportPLIS_Controller get(Phase)
14:11:51.34 (34323416)|CUMULATIVE_LIMIT_USAGE
14:11:51.34 (34323416)|LIMIT_USAGE_FOR_NS|(default)|
  Number of SOQL queries: 0 out of 100
  Number of query rows: 0 out of 50000
  Number of SOSL queries: 0 out of 20
  Number of DML statements: 0 out of 150
  Number of DML rows: 0 out of 10000
  Maximum CPU time: 0 out of 10000
  Maximum heap size: 0 out of 6000000
  Number of callouts: 0 out of 100
  Number of Email Invocations: 0 out of 10
  Number of future calls: 0 out of 50
  Number of queueable jobs added to the queue: 0 out of 50
  Number of Mobile Apex push calls: 0 out of 10

14:11:51.34 (34323416)|CUMULATIVE_LIMIT_USAGE_END

14:11:51.0 (34366760)|CODE_UNIT_FINISHED|VF: /apex/ReportPLIS
14:11:51.0 (35206510)|EXECUTION_FINISHED
