36.0 APEX_CODE,FINEST;APEX_PROFILING,INFO;CALLOUT,INFO;DB,INFO;SYSTEM,DEBUG;VALIDATION,INFO;VISUALFORCE,INFO;WORKFLOW,INFO
20:16:17.0 (317914)|EXECUTION_STARTED
20:16:17.0 (358858)|CODE_UNIT_STARTED|[EXTERNAL]|VisualForce View State
20:16:17.0 (9188818)|HEAP_ALLOCATE|[72]|Bytes:3
20:16:17.0 (9264189)|HEAP_ALLOCATE|[77]|Bytes:152
20:16:17.0 (9287380)|HEAP_ALLOCATE|[342]|Bytes:408
20:16:17.0 (9308836)|HEAP_ALLOCATE|[355]|Bytes:408
20:16:17.0 (9328016)|HEAP_ALLOCATE|[467]|Bytes:48
20:16:17.0 (9376563)|HEAP_ALLOCATE|[139]|Bytes:6
20:16:17.0 (11063351)|CODE_UNIT_FINISHED|VisualForce View State
20:16:17.0 (13018153)|EXECUTION_FINISHED
20:16:17.240 (240925756)|SYSTEM_MODE_ENTER|true
20:16:17.240 (244476181)|HEAP_ALLOCATE|[EXTERNAL]|Bytes:120
20:16:17.240 (244490013)|HEAP_ALLOCATE|[EXTERNAL]|Bytes:10
20:16:17.240 (244506919)|SYSTEM_METHOD_ENTRY|[1]|pagemessagecomponentcontroller.pagemessagecomponentcontroller()
20:16:17.240 (244511347)|STATEMENT_EXECUTE|[1]
20:16:17.267 (267200043)|CUMULATIVE_LIMIT_USAGE
20:16:17.267 (267200043)|LIMIT_USAGE_FOR_NS|(default)|
  Number of SOQL queries: 0 out of 100
  Number of query rows: 0 out of 50000
  Number of SOSL queries: 0 out of 20
  Number of DML statements: 0 out of 150
  Number of DML rows: 0 out of 10000
  Maximum CPU time: 0 out of 10000
  Maximum heap size: 0 out of 6000000
  Number of callouts: 0 out of 100
  Number of Email Invocations: 0 out of 10
  Number of future calls: 0 out of 50
  Number of queueable jobs added to the queue: 0 out of 50
  Number of Mobile Apex push calls: 0 out of 10

20:16:17.267 (267200043)|CUMULATIVE_LIMIT_USAGE_END

