34.0 APEX_CODE,FINEST;APEX_PROFILING,INFO;CALLOUT,INFO;DB,INFO;SYSTEM,DEBUG;VALIDATION,INFO;VISUALFORCE,INFO;WORKFLOW,INFO
16:07:56.0 (319861)|EXECUTION_STARTED
16:07:56.0 (361640)|CODE_UNIT_STARTED|[EXTERNAL]|0664E0000000AOi|VF: /apex/ReportPLIS
16:07:56.0 (11203978)|CODE_UNIT_STARTED|[EXTERNAL]|01p4E0000008wR2|ReportPLIS_Controller <init>
16:07:56.0 (11220963)|SYSTEM_MODE_ENTER|true
16:07:56.0 (11663546)|HEAP_ALLOCATE|[72]|Bytes:3
16:07:56.0 (11734928)|HEAP_ALLOCATE|[77]|Bytes:152
16:07:56.0 (11757811)|HEAP_ALLOCATE|[342]|Bytes:408
16:07:56.0 (11785165)|HEAP_ALLOCATE|[355]|Bytes:408
16:07:56.0 (11805235)|HEAP_ALLOCATE|[467]|Bytes:48
16:07:56.0 (11852631)|HEAP_ALLOCATE|[139]|Bytes:6
16:07:56.0 (11880313)|HEAP_ALLOCATE|[EXTERNAL]|Bytes:37
16:07:56.0 (11887636)|HEAP_ALLOCATE|[EXTERNAL]|Bytes:152
16:07:56.0 (11890945)|HEAP_ALLOCATE|[EXTERNAL]|Bytes:26
16:07:56.0 (11909571)|METHOD_ENTRY|[1]|01p4E0000008wR2|ReportPLIS_Controller.ReportPLIS_Controller()
16:07:56.0 (11914660)|STATEMENT_EXECUTE|[1]
16:07:56.0 (11925300)|STATEMENT_EXECUTE|[1]
16:07:56.0 (11926810)|STATEMENT_EXECUTE|[129]
16:07:56.0 (11928069)|STATEMENT_EXECUTE|[268]
16:07:56.0 (11929122)|STATEMENT_EXECUTE|[286]
16:07:56.0 (11935580)|METHOD_EXIT|[1]|ReportPLIS_Controller
16:07:56.0 (12360544)|HEAP_ALLOCATE|[EXTERNAL]|Bytes:28
16:07:56.0 (12375977)|VARIABLE_SCOPE_BEGIN|[11]|this|ReportPLIS_Controller|true|false
16:07:56.0 (12482120)|VARIABLE_ASSIGNMENT|[11]|this|{}|0xc20992a
16:07:56.0 (12490893)|STATEMENT_EXECUTE|[1]
16:07:56.0 (12492669)|STATEMENT_EXECUTE|[3]
16:07:56.0 (12494534)|STATEMENT_EXECUTE|[4]
16:07:56.0 (12495901)|STATEMENT_EXECUTE|[5]
16:07:56.0 (12496897)|STATEMENT_EXECUTE|[6]
16:07:56.0 (12504693)|HEAP_ALLOCATE|[6]|Bytes:4
16:07:56.0 (12567133)|HEAP_ALLOCATE|[6]|Bytes:1
16:07:56.0 (12585530)|HEAP_ALLOCATE|[6]|Bytes:1
16:07:56.0 (12600006)|HEAP_ALLOCATE|[6]|Bytes:1
16:07:56.0 (12608807)|HEAP_ALLOCATE|[6]|Bytes:1
16:07:56.0 (12616444)|HEAP_ALLOCATE|[6]|Bytes:1
16:07:56.0 (12624668)|HEAP_ALLOCATE|[6]|Bytes:1
16:07:56.0 (12632591)|HEAP_ALLOCATE|[6]|Bytes:1
16:07:56.0 (12639350)|HEAP_ALLOCATE|[6]|Bytes:1
16:07:56.0 (12647272)|HEAP_ALLOCATE|[6]|Bytes:1
16:07:56.0 (12654259)|HEAP_ALLOCATE|[6]|Bytes:2
16:07:56.0 (12665879)|HEAP_ALLOCATE|[6]|Bytes:2
16:07:56.0 (12674190)|HEAP_ALLOCATE|[6]|Bytes:2
16:07:56.0 (12744425)|HEAP_ALLOCATE|[EXTERNAL]|Bytes:52
16:07:56.0 (12786728)|VARIABLE_ASSIGNMENT|[6]|this.month|{"s":1,"v":"List of size 12 too large to display"}|0xc20992a
16:07:56.0 (12794032)|STATEMENT_EXECUTE|[14]
16:07:56.0 (12796502)|STATEMENT_EXECUTE|[15]
16:07:56.0 (12804403)|HEAP_ALLOCATE|[15]|Bytes:4
16:07:56.0 (12872387)|HEAP_ALLOCATE|[EXTERNAL]|Bytes:4
16:07:56.0 (12891989)|VARIABLE_ASSIGNMENT|[15]|this.con|{"s":1,"v":[]}|0xc20992a
16:07:56.0 (12906588)|HEAP_ALLOCATE|[15]|Bytes:6
16:07:56.0 (12977252)|STATEMENT_EXECUTE|[11]
16:07:56.0 (13001926)|CODE_UNIT_FINISHED|ReportPLIS_Controller <init>
16:07:56.0 (13069322)|CODE_UNIT_STARTED|[EXTERNAL]|01p4E0000008wR2|ReportPLIS_Controller get(Phase)
16:07:56.0 (13084753)|SYSTEM_MODE_ENTER|true
16:07:56.0 (13119372)|CODE_UNIT_STARTED|[EXTERNAL]|01p4E0000008wR2|ReportPLIS_Controller invoke(getPhase)
16:07:56.0 (13169476)|HEAP_ALLOCATE|[EXTERNAL]|Bytes:28
16:07:56.0 (13179948)|VARIABLE_SCOPE_BEGIN|[84]|this|ReportPLIS_Controller|true|false
16:07:56.0 (13208816)|VARIABLE_ASSIGNMENT|[84]|this|{"con":"0x1259d4ab","month":"0x153732a5"}|0xc20992a
16:07:56.0 (13222464)|STATEMENT_EXECUTE|[85]
16:07:56.0 (13224208)|STATEMENT_EXECUTE|[86]
16:07:56.0 (13232353)|HEAP_ALLOCATE|[86]|Bytes:4
16:07:56.0 (13255903)|HEAP_ALLOCATE|[86]|Bytes:1
16:07:56.0 (13263310)|HEAP_ALLOCATE|[86]|Bytes:7
16:07:56.0 (13268361)|HEAP_ALLOCATE|[86]|Bytes:4
16:07:56.0 (13273177)|HEAP_ALLOCATE|[86]|Bytes:12
16:07:56.0 (13288077)|HEAP_ALLOCATE|[86]|Bytes:11
16:07:56.0 (13298066)|HEAP_ALLOCATE|[86]|Bytes:3
16:07:56.0 (13302293)|HEAP_ALLOCATE|[86]|Bytes:3
16:07:56.0 (13323593)|HEAP_ALLOCATE|[EXTERNAL]|Bytes:32
16:07:56.0 (13329939)|CODE_UNIT_FINISHED|ReportPLIS_Controller invoke(getPhase)
16:07:56.0 (13355215)|CODE_UNIT_FINISHED|ReportPLIS_Controller get(Phase)
16:07:56.0 (13663794)|CODE_UNIT_STARTED|[EXTERNAL]|01p4E0000008wR2|ReportPLIS_Controller get(Contacts)
16:07:56.0 (13674726)|SYSTEM_MODE_ENTER|true
16:07:56.0 (13689106)|CODE_UNIT_STARTED|[EXTERNAL]|01p4E0000008wR2|ReportPLIS_Controller invoke(getContacts)
16:07:56.0 (13722884)|HEAP_ALLOCATE|[EXTERNAL]|Bytes:28
16:07:56.0 (13732073)|VARIABLE_SCOPE_BEGIN|[19]|this|ReportPLIS_Controller|true|false
16:07:56.0 (13757070)|VARIABLE_ASSIGNMENT|[19]|this|{"con":"0x1259d4ab","month":"0x153732a5"}|0xc20992a
16:07:56.0 (13764450)|STATEMENT_EXECUTE|[20]
16:07:56.0 (13767192)|STATEMENT_EXECUTE|[23]
16:07:56.0 (13775427)|VARIABLE_SCOPE_BEGIN|[23]|year|Integer|false|false
16:07:56.0 (13780945)|HEAP_ALLOCATE|[23]|Bytes:4
16:07:56.0 (13792705)|VARIABLE_ASSIGNMENT|[23]|year|2016
16:07:56.0 (13795384)|STATEMENT_EXECUTE|[24]
16:07:56.0 (13798027)|VARIABLE_SCOPE_BEGIN|[24]|idx|Integer|false|false
16:07:56.0 (13800430)|HEAP_ALLOCATE|[24]|Bytes:4
16:07:56.0 (13804305)|VARIABLE_ASSIGNMENT|[24]|idx|1
16:07:56.0 (13809864)|STATEMENT_EXECUTE|[25]
16:07:56.0 (13811081)|STATEMENT_EXECUTE|[26]
16:07:56.0 (13841431)|METHOD_ENTRY|[26]|01p4E0000008wR2|ReportPLIS_Controller.count_contact_phase(Integer, Integer)
16:07:56.0 (13860928)|VARIABLE_SCOPE_BEGIN|[33]|this|ReportPLIS_Controller|true|false
16:07:56.0 (13883131)|VARIABLE_ASSIGNMENT|[33]|this|{"con":"0x1259d4ab","month":"0x153732a5"}|0xc20992a
16:07:56.0 (13889688)|VARIABLE_SCOPE_BEGIN|[33]|month|Integer|false|false
16:07:56.0 (13893829)|VARIABLE_ASSIGNMENT|[33]|month|1
16:07:56.0 (13896872)|VARIABLE_SCOPE_BEGIN|[33]|year|Integer|false|false
16:07:56.0 (13899954)|VARIABLE_ASSIGNMENT|[33]|year|2016
16:07:56.0 (13903378)|STATEMENT_EXECUTE|[34]
16:07:56.0 (13904724)|STATEMENT_EXECUTE|[37]
16:07:56.0 (13907691)|HEAP_ALLOCATE|[37]|Bytes:154
16:07:56.0 (13920119)|HEAP_ALLOCATE|[37]|Bytes:4
16:07:56.0 (13930914)|HEAP_ALLOCATE|[37]|Bytes:7
16:07:56.0 (13942236)|HEAP_ALLOCATE|[37]|Bytes:4
16:07:56.0 (13970605)|HEAP_ALLOCATE|[37]|Bytes:7
16:07:56.0 (13975795)|HEAP_ALLOCATE|[37]|Bytes:4
16:07:56.0 (14004050)|HEAP_ALLOCATE|[50]|Bytes:5
16:07:56.0 (14025988)|HEAP_ALLOCATE|[56]|Bytes:5
16:07:56.0 (14035788)|HEAP_ALLOCATE|[64]|Bytes:7
16:07:56.0 (16904126)|SOQL_EXECUTE_BEGIN|[37]|Aggregations:0|SELECT id, Contact_Start_Date__c FROM Account WHERE (CALENDAR_MONTH(Contact_Start_Date__c) = :tmpVar1 AND CALENDAR_YEAR(Contact_Start_Date__c) = :tmpVar2)
16:07:56.0 (23091722)|SOQL_EXECUTE_END|[37]|Rows:0
16:07:56.0 (23270696)|HEAP_ALLOCATE|[37]|Bytes:4
16:07:56.0 (23289537)|HEAP_ALLOCATE|[37]|Bytes:0
16:07:56.0 (23338177)|HEAP_ALLOCATE|[37]|Bytes:4
16:07:56.0 (23437601)|VARIABLE_ASSIGNMENT|[EXTERNAL]|this|{"con":"0x1259d4ab","month":"0x153732a5"}|0xc20992a
16:07:56.0 (23469486)|VARIABLE_ASSIGNMENT|[EXTERNAL]|value|{"s":1,"v":[]}|0x50a1f6f
16:07:56.0 (24023999)|VARIABLE_ASSIGNMENT|[14]|this.contact_a|{"s":1,"v":[]}|0xc20992a
16:07:56.0 (24038312)|STATEMENT_EXECUTE|[43]
16:07:56.0 (24093058)|VARIABLE_ASSIGNMENT|[EXTERNAL]|this|{"con":"0x1259d4ab","contact_a":"0x50a1f6f","month":"0x153732a5"}|0xc20992a
16:07:56.0 (24219505)|METHOD_EXIT|[26]|01p4E0000008wR2|ReportPLIS_Controller.count_contact_phase(Integer, Integer)
16:07:56.0 (24241506)|HEAP_ALLOCATE|[26]|Bytes:4
16:07:56.0 (24249075)|HEAP_ALLOCATE|[EXTERNAL]|Bytes:4
16:07:56.0 (24265222)|HEAP_ALLOCATE|[24]|Bytes:4
16:07:56.0 (24276502)|VARIABLE_ASSIGNMENT|[24]|idx|2
16:07:56.0 (24284903)|STATEMENT_EXECUTE|[25]
16:07:56.0 (24287611)|STATEMENT_EXECUTE|[26]
16:07:56.0 (24298780)|METHOD_ENTRY|[26]|01p4E0000008wR2|ReportPLIS_Controller.count_contact_phase(Integer, Integer)
16:07:56.0 (24306929)|VARIABLE_SCOPE_BEGIN|[33]|this|ReportPLIS_Controller|true|false
16:07:56.0 (24338808)|VARIABLE_ASSIGNMENT|[33]|this|{"con":"0x1259d4ab","contact_a":"0x50a1f6f","month":"0x153732a5"}|0xc20992a
16:07:56.0 (24343565)|VARIABLE_SCOPE_BEGIN|[33]|month|Integer|false|false
16:07:56.0 (24348963)|VARIABLE_ASSIGNMENT|[33]|month|2
16:07:56.0 (24350877)|VARIABLE_SCOPE_BEGIN|[33]|year|Integer|false|false
16:07:56.0 (24354075)|VARIABLE_ASSIGNMENT|[33]|year|2016
16:07:56.0 (24357342)|STATEMENT_EXECUTE|[34]
16:07:56.0 (24358761)|STATEMENT_EXECUTE|[37]
16:07:56.0 (24363107)|HEAP_ALLOCATE|[37]|Bytes:4
16:07:56.0 (24372098)|HEAP_ALLOCATE|[37]|Bytes:4
16:07:56.0 (24393240)|HEAP_ALLOCATE|[37]|Bytes:4
16:07:56.0 (24643101)|SOQL_EXECUTE_BEGIN|[37]|Aggregations:0|SELECT id, Contact_Start_Date__c FROM Account WHERE (CALENDAR_MONTH(Contact_Start_Date__c) = :tmpVar1 AND CALENDAR_YEAR(Contact_Start_Date__c) = :tmpVar2)
16:07:56.0 (32060023)|SOQL_EXECUTE_END|[37]|Rows:0
16:07:56.0 (32079313)|HEAP_ALLOCATE|[37]|Bytes:4
16:07:56.0 (32092181)|HEAP_ALLOCATE|[37]|Bytes:0
16:07:56.0 (32110730)|HEAP_ALLOCATE|[37]|Bytes:4
16:07:56.0 (32168928)|VARIABLE_ASSIGNMENT|[EXTERNAL]|this|{"con":"0x1259d4ab","contact_a":"0x50a1f6f","month":"0x153732a5"}|0xc20992a
16:07:56.0 (32189734)|VARIABLE_ASSIGNMENT|[EXTERNAL]|value|{"s":1,"v":[]}|0x4c62be5f
16:07:56.0 (32210904)|VARIABLE_ASSIGNMENT|[14]|this.contact_a|{"s":1,"v":[]}|0xc20992a
16:07:56.0 (32223222)|STATEMENT_EXECUTE|[43]
16:07:56.0 (32262311)|VARIABLE_ASSIGNMENT|[EXTERNAL]|this|{"con":"0x1259d4ab","contact_a":"0x4c62be5f","month":"0x153732a5"}|0xc20992a
16:07:56.0 (32289958)|METHOD_EXIT|[26]|01p4E0000008wR2|ReportPLIS_Controller.count_contact_phase(Integer, Integer)
16:07:56.0 (32307394)|HEAP_ALLOCATE|[26]|Bytes:4
16:07:56.0 (32313253)|HEAP_ALLOCATE|[EXTERNAL]|Bytes:4
16:07:56.0 (32322051)|HEAP_ALLOCATE|[24]|Bytes:4
16:07:56.0 (32331411)|VARIABLE_ASSIGNMENT|[24]|idx|3
16:07:56.0 (32337243)|STATEMENT_EXECUTE|[25]
16:07:56.0 (32339580)|STATEMENT_EXECUTE|[26]
16:07:56.0 (32348472)|METHOD_ENTRY|[26]|01p4E0000008wR2|ReportPLIS_Controller.count_contact_phase(Integer, Integer)
16:07:56.0 (32358914)|VARIABLE_SCOPE_BEGIN|[33]|this|ReportPLIS_Controller|true|false
16:07:56.0 (32390992)|VARIABLE_ASSIGNMENT|[33]|this|{"con":"0x1259d4ab","contact_a":"0x4c62be5f","month":"0x153732a5"}|0xc20992a
16:07:56.0 (32398257)|VARIABLE_SCOPE_BEGIN|[33]|month|Integer|false|false
16:07:56.0 (32405388)|VARIABLE_ASSIGNMENT|[33]|month|3
16:07:56.0 (32408774)|VARIABLE_SCOPE_BEGIN|[33]|year|Integer|false|false
16:07:56.0 (32412452)|VARIABLE_ASSIGNMENT|[33]|year|2016
16:07:56.0 (32416095)|STATEMENT_EXECUTE|[34]
16:07:56.0 (32417438)|STATEMENT_EXECUTE|[37]
16:07:56.0 (32424797)|HEAP_ALLOCATE|[37]|Bytes:4
16:07:56.0 (32434183)|HEAP_ALLOCATE|[37]|Bytes:4
16:07:56.0 (32454515)|HEAP_ALLOCATE|[37]|Bytes:4
16:07:56.0 (32706754)|SOQL_EXECUTE_BEGIN|[37]|Aggregations:0|SELECT id, Contact_Start_Date__c FROM Account WHERE (CALENDAR_MONTH(Contact_Start_Date__c) = :tmpVar1 AND CALENDAR_YEAR(Contact_Start_Date__c) = :tmpVar2)
16:07:56.0 (37209409)|SOQL_EXECUTE_END|[37]|Rows:0
16:07:56.0 (37224831)|HEAP_ALLOCATE|[37]|Bytes:4
16:07:56.0 (37234428)|HEAP_ALLOCATE|[37]|Bytes:0
16:07:56.0 (37249193)|HEAP_ALLOCATE|[37]|Bytes:4
16:07:56.0 (37300131)|VARIABLE_ASSIGNMENT|[EXTERNAL]|this|{"con":"0x1259d4ab","contact_a":"0x4c62be5f","month":"0x153732a5"}|0xc20992a
16:07:56.0 (37315417)|VARIABLE_ASSIGNMENT|[EXTERNAL]|value|{"s":1,"v":[]}|0x66ee60c0
16:07:56.0 (37331672)|VARIABLE_ASSIGNMENT|[14]|this.contact_a|{"s":1,"v":[]}|0xc20992a
16:07:56.0 (37340479)|STATEMENT_EXECUTE|[43]
16:07:56.0 (37369035)|VARIABLE_ASSIGNMENT|[EXTERNAL]|this|{"con":"0x1259d4ab","contact_a":"0x66ee60c0","month":"0x153732a5"}|0xc20992a
16:07:56.0 (37388216)|METHOD_EXIT|[26]|01p4E0000008wR2|ReportPLIS_Controller.count_contact_phase(Integer, Integer)
16:07:56.0 (37401441)|HEAP_ALLOCATE|[26]|Bytes:4
16:07:56.0 (37405563)|HEAP_ALLOCATE|[EXTERNAL]|Bytes:4
16:07:56.0 (37411215)|HEAP_ALLOCATE|[24]|Bytes:4
16:07:56.0 (37417534)|VARIABLE_ASSIGNMENT|[24]|idx|4
16:07:56.0 (37423777)|STATEMENT_EXECUTE|[25]
16:07:56.0 (37425534)|STATEMENT_EXECUTE|[26]
16:07:56.0 (37431981)|METHOD_ENTRY|[26]|01p4E0000008wR2|ReportPLIS_Controller.count_contact_phase(Integer, Integer)
16:07:56.0 (37437327)|VARIABLE_SCOPE_BEGIN|[33]|this|ReportPLIS_Controller|true|false
16:07:56.0 (37463526)|VARIABLE_ASSIGNMENT|[33]|this|{"con":"0x1259d4ab","contact_a":"0x66ee60c0","month":"0x153732a5"}|0xc20992a
16:07:56.0 (37467686)|VARIABLE_SCOPE_BEGIN|[33]|month|Integer|false|false
16:07:56.0 (37472124)|VARIABLE_ASSIGNMENT|[33]|month|4
16:07:56.0 (37475480)|VARIABLE_SCOPE_BEGIN|[33]|year|Integer|false|false
16:07:56.0 (37480007)|VARIABLE_ASSIGNMENT|[33]|year|2016
16:07:56.0 (37483215)|STATEMENT_EXECUTE|[34]
16:07:56.0 (37484577)|STATEMENT_EXECUTE|[37]
16:07:56.0 (37489015)|HEAP_ALLOCATE|[37]|Bytes:4
16:07:56.0 (37497694)|HEAP_ALLOCATE|[37]|Bytes:4
16:07:56.0 (37518150)|HEAP_ALLOCATE|[37]|Bytes:4
16:07:56.0 (37763827)|SOQL_EXECUTE_BEGIN|[37]|Aggregations:0|SELECT id, Contact_Start_Date__c FROM Account WHERE (CALENDAR_MONTH(Contact_Start_Date__c) = :tmpVar1 AND CALENDAR_YEAR(Contact_Start_Date__c) = :tmpVar2)
16:07:56.0 (43904755)|SOQL_EXECUTE_END|[37]|Rows:0
16:07:56.0 (43923160)|HEAP_ALLOCATE|[37]|Bytes:4
16:07:56.0 (43935876)|HEAP_ALLOCATE|[37]|Bytes:0
16:07:56.0 (43955032)|HEAP_ALLOCATE|[37]|Bytes:4
16:07:56.0 (44015341)|VARIABLE_ASSIGNMENT|[EXTERNAL]|this|{"con":"0x1259d4ab","contact_a":"0x66ee60c0","month":"0x153732a5"}|0xc20992a
16:07:56.0 (44043048)|VARIABLE_ASSIGNMENT|[EXTERNAL]|value|{"s":1,"v":[]}|0x7b764dbd
16:07:56.0 (44063101)|VARIABLE_ASSIGNMENT|[14]|this.contact_a|{"s":1,"v":[]}|0xc20992a
16:07:56.0 (44075479)|STATEMENT_EXECUTE|[43]
16:07:56.0 (44109086)|VARIABLE_ASSIGNMENT|[EXTERNAL]|this|{"con":"0x1259d4ab","contact_a":"0x7b764dbd","month":"0x153732a5"}|0xc20992a
16:07:56.0 (44133705)|METHOD_EXIT|[26]|01p4E0000008wR2|ReportPLIS_Controller.count_contact_phase(Integer, Integer)
16:07:56.0 (44142367)|HEAP_ALLOCATE|[26]|Bytes:4
16:07:56.0 (44146333)|HEAP_ALLOCATE|[EXTERNAL]|Bytes:4
16:07:56.0 (44151798)|HEAP_ALLOCATE|[24]|Bytes:4
16:07:56.0 (44157750)|VARIABLE_ASSIGNMENT|[24]|idx|5
16:07:56.0 (44162127)|STATEMENT_EXECUTE|[25]
16:07:56.0 (44163632)|STATEMENT_EXECUTE|[26]
16:07:56.0 (44169723)|METHOD_ENTRY|[26]|01p4E0000008wR2|ReportPLIS_Controller.count_contact_phase(Integer, Integer)
16:07:56.0 (44174655)|VARIABLE_SCOPE_BEGIN|[33]|this|ReportPLIS_Controller|true|false
16:07:56.0 (44195999)|VARIABLE_ASSIGNMENT|[33]|this|{"con":"0x1259d4ab","contact_a":"0x7b764dbd","month":"0x153732a5"}|0xc20992a
16:07:56.0 (44199875)|VARIABLE_SCOPE_BEGIN|[33]|month|Integer|false|false
16:07:56.0 (44203618)|VARIABLE_ASSIGNMENT|[33]|month|5
16:07:56.0 (44205661)|VARIABLE_SCOPE_BEGIN|[33]|year|Integer|false|false
16:07:56.0 (44208525)|VARIABLE_ASSIGNMENT|[33]|year|2016
16:07:56.0 (44211935)|STATEMENT_EXECUTE|[34]
16:07:56.0 (44213282)|STATEMENT_EXECUTE|[37]
16:07:56.0 (44217491)|HEAP_ALLOCATE|[37]|Bytes:4
16:07:56.0 (44225717)|HEAP_ALLOCATE|[37]|Bytes:4
16:07:56.0 (44242727)|HEAP_ALLOCATE|[37]|Bytes:4
16:07:56.0 (44470320)|SOQL_EXECUTE_BEGIN|[37]|Aggregations:0|SELECT id, Contact_Start_Date__c FROM Account WHERE (CALENDAR_MONTH(Contact_Start_Date__c) = :tmpVar1 AND CALENDAR_YEAR(Contact_Start_Date__c) = :tmpVar2)
16:07:56.0 (48741917)|SOQL_EXECUTE_END|[37]|Rows:0
16:07:56.0 (48768870)|HEAP_ALLOCATE|[37]|Bytes:4
16:07:56.0 (48784714)|HEAP_ALLOCATE|[37]|Bytes:0
16:07:56.0 (48807022)|HEAP_ALLOCATE|[37]|Bytes:4
16:07:56.0 (48868023)|VARIABLE_ASSIGNMENT|[EXTERNAL]|this|{"con":"0x1259d4ab","contact_a":"0x7b764dbd","month":"0x153732a5"}|0xc20992a
16:07:56.0 (48894451)|VARIABLE_ASSIGNMENT|[EXTERNAL]|value|{"s":1,"v":[]}|0x724353d6
16:07:56.0 (48913898)|VARIABLE_ASSIGNMENT|[14]|this.contact_a|{"s":1,"v":[]}|0xc20992a
16:07:56.0 (48925917)|STATEMENT_EXECUTE|[43]
16:07:56.0 (48971719)|VARIABLE_ASSIGNMENT|[EXTERNAL]|this|{"con":"0x1259d4ab","contact_a":"0x724353d6","month":"0x153732a5"}|0xc20992a
16:07:56.0 (49005839)|METHOD_EXIT|[26]|01p4E0000008wR2|ReportPLIS_Controller.count_contact_phase(Integer, Integer)
16:07:56.0 (49021260)|HEAP_ALLOCATE|[26]|Bytes:4
16:07:56.0 (49027875)|HEAP_ALLOCATE|[EXTERNAL]|Bytes:4
16:07:56.0 (49039192)|HEAP_ALLOCATE|[24]|Bytes:4
16:07:56.0 (49048712)|VARIABLE_ASSIGNMENT|[24]|idx|6
16:07:56.0 (49054644)|STATEMENT_EXECUTE|[25]
16:07:56.0 (49057102)|STATEMENT_EXECUTE|[26]
16:07:56.0 (49066477)|METHOD_ENTRY|[26]|01p4E0000008wR2|ReportPLIS_Controller.count_contact_phase(Integer, Integer)
16:07:56.0 (49074247)|VARIABLE_SCOPE_BEGIN|[33]|this|ReportPLIS_Controller|true|false
16:07:56.0 (49107592)|VARIABLE_ASSIGNMENT|[33]|this|{"con":"0x1259d4ab","contact_a":"0x724353d6","month":"0x153732a5"}|0xc20992a
16:07:56.0 (49114613)|VARIABLE_SCOPE_BEGIN|[33]|month|Integer|false|false
16:07:56.0 (49120952)|VARIABLE_ASSIGNMENT|[33]|month|6
16:07:56.0 (49123300)|VARIABLE_SCOPE_BEGIN|[33]|year|Integer|false|false
16:07:56.0 (49131408)|VARIABLE_ASSIGNMENT|[33]|year|2016
16:07:56.0 (49134899)|STATEMENT_EXECUTE|[34]
16:07:56.0 (49136317)|STATEMENT_EXECUTE|[37]
16:07:56.0 (49140865)|HEAP_ALLOCATE|[37]|Bytes:4
16:07:56.0 (49149863)|HEAP_ALLOCATE|[37]|Bytes:4
16:07:56.0 (49166780)|HEAP_ALLOCATE|[37]|Bytes:4
16:07:56.0 (49393523)|SOQL_EXECUTE_BEGIN|[37]|Aggregations:0|SELECT id, Contact_Start_Date__c FROM Account WHERE (CALENDAR_MONTH(Contact_Start_Date__c) = :tmpVar1 AND CALENDAR_YEAR(Contact_Start_Date__c) = :tmpVar2)
16:07:56.0 (53714104)|SOQL_EXECUTE_END|[37]|Rows:0
16:07:56.0 (53729517)|HEAP_ALLOCATE|[37]|Bytes:4
16:07:56.0 (53739289)|HEAP_ALLOCATE|[37]|Bytes:0
16:07:56.0 (53756040)|HEAP_ALLOCATE|[37]|Bytes:4
16:07:56.0 (53803172)|VARIABLE_ASSIGNMENT|[EXTERNAL]|this|{"con":"0x1259d4ab","contact_a":"0x724353d6","month":"0x153732a5"}|0xc20992a
16:07:56.0 (53821275)|VARIABLE_ASSIGNMENT|[EXTERNAL]|value|{"s":1,"v":[]}|0x518347fa
16:07:56.0 (53834371)|VARIABLE_ASSIGNMENT|[14]|this.contact_a|{"s":1,"v":[]}|0xc20992a
16:07:56.0 (53842788)|STATEMENT_EXECUTE|[43]
16:07:56.0 (53868293)|VARIABLE_ASSIGNMENT|[EXTERNAL]|this|{"con":"0x1259d4ab","contact_a":"0x518347fa","month":"0x153732a5"}|0xc20992a
16:07:56.0 (53886108)|METHOD_EXIT|[26]|01p4E0000008wR2|ReportPLIS_Controller.count_contact_phase(Integer, Integer)
16:07:56.0 (53893834)|HEAP_ALLOCATE|[26]|Bytes:4
16:07:56.0 (53897659)|HEAP_ALLOCATE|[EXTERNAL]|Bytes:4
16:07:56.0 (53902798)|HEAP_ALLOCATE|[24]|Bytes:4
16:07:56.0 (53908330)|VARIABLE_ASSIGNMENT|[24]|idx|7
16:07:56.0 (53912486)|STATEMENT_EXECUTE|[25]
16:07:56.0 (53913902)|STATEMENT_EXECUTE|[26]
16:07:56.0 (53919930)|METHOD_ENTRY|[26]|01p4E0000008wR2|ReportPLIS_Controller.count_contact_phase(Integer, Integer)
16:07:56.0 (53926177)|VARIABLE_SCOPE_BEGIN|[33]|this|ReportPLIS_Controller|true|false
16:07:56.0 (53951937)|VARIABLE_ASSIGNMENT|[33]|this|{"con":"0x1259d4ab","contact_a":"0x518347fa","month":"0x153732a5"}|0xc20992a
16:07:56.0 (53956710)|VARIABLE_SCOPE_BEGIN|[33]|month|Integer|false|false
16:07:56.0 (53960969)|VARIABLE_ASSIGNMENT|[33]|month|7
16:07:56.0 (53962881)|VARIABLE_SCOPE_BEGIN|[33]|year|Integer|false|false
16:07:56.0 (53965829)|VARIABLE_ASSIGNMENT|[33]|year|2016
16:07:56.0 (53968835)|STATEMENT_EXECUTE|[34]
16:07:56.0 (53970144)|STATEMENT_EXECUTE|[37]
16:07:56.0 (53974314)|HEAP_ALLOCATE|[37]|Bytes:4
16:07:56.0 (53984728)|HEAP_ALLOCATE|[37]|Bytes:4
16:07:56.0 (54023594)|HEAP_ALLOCATE|[37]|Bytes:4
16:07:56.0 (54416267)|SOQL_EXECUTE_BEGIN|[37]|Aggregations:0|SELECT id, Contact_Start_Date__c FROM Account WHERE (CALENDAR_MONTH(Contact_Start_Date__c) = :tmpVar1 AND CALENDAR_YEAR(Contact_Start_Date__c) = :tmpVar2)
16:07:56.0 (58456241)|SOQL_EXECUTE_END|[37]|Rows:0
16:07:56.0 (58476971)|HEAP_ALLOCATE|[37]|Bytes:4
16:07:56.0 (58492323)|HEAP_ALLOCATE|[37]|Bytes:0
16:07:56.0 (58513030)|HEAP_ALLOCATE|[37]|Bytes:4
16:07:56.0 (58568309)|VARIABLE_ASSIGNMENT|[EXTERNAL]|this|{"con":"0x1259d4ab","contact_a":"0x518347fa","month":"0x153732a5"}|0xc20992a
16:07:56.0 (58589399)|VARIABLE_ASSIGNMENT|[EXTERNAL]|value|{"s":1,"v":[]}|0x646fa453
16:07:56.0 (58611291)|VARIABLE_ASSIGNMENT|[14]|this.contact_a|{"s":1,"v":[]}|0xc20992a
16:07:56.0 (58623578)|STATEMENT_EXECUTE|[43]
16:07:56.0 (58664103)|VARIABLE_ASSIGNMENT|[EXTERNAL]|this|{"con":"0x1259d4ab","contact_a":"0x646fa453","month":"0x153732a5"}|0xc20992a
16:07:56.0 (58694017)|METHOD_EXIT|[26]|01p4E0000008wR2|ReportPLIS_Controller.count_contact_phase(Integer, Integer)
16:07:56.0 (58707955)|HEAP_ALLOCATE|[26]|Bytes:4
16:07:56.0 (58714284)|HEAP_ALLOCATE|[EXTERNAL]|Bytes:4
16:07:56.0 (58724197)|HEAP_ALLOCATE|[24]|Bytes:4
16:07:56.0 (58733389)|VARIABLE_ASSIGNMENT|[24]|idx|8
16:07:56.0 (58739800)|STATEMENT_EXECUTE|[25]
16:07:56.0 (58742050)|STATEMENT_EXECUTE|[26]
16:07:56.0 (58752212)|METHOD_ENTRY|[26]|01p4E0000008wR2|ReportPLIS_Controller.count_contact_phase(Integer, Integer)
16:07:56.0 (58760428)|VARIABLE_SCOPE_BEGIN|[33]|this|ReportPLIS_Controller|true|false
16:07:56.0 (58793033)|VARIABLE_ASSIGNMENT|[33]|this|{"con":"0x1259d4ab","contact_a":"0x646fa453","month":"0x153732a5"}|0xc20992a
16:07:56.0 (58800319)|VARIABLE_SCOPE_BEGIN|[33]|month|Integer|false|false
16:07:56.0 (58807027)|VARIABLE_ASSIGNMENT|[33]|month|8
16:07:56.0 (58810575)|VARIABLE_SCOPE_BEGIN|[33]|year|Integer|false|false
16:07:56.0 (58815057)|VARIABLE_ASSIGNMENT|[33]|year|2016
16:07:56.0 (58820335)|STATEMENT_EXECUTE|[34]
16:07:56.0 (58822523)|STATEMENT_EXECUTE|[37]
16:07:56.0 (58828125)|HEAP_ALLOCATE|[37]|Bytes:4
16:07:56.0 (58840708)|HEAP_ALLOCATE|[37]|Bytes:4
16:07:56.0 (58866519)|HEAP_ALLOCATE|[37]|Bytes:4
16:07:56.0 (59262204)|SOQL_EXECUTE_BEGIN|[37]|Aggregations:0|SELECT id, Contact_Start_Date__c FROM Account WHERE (CALENDAR_MONTH(Contact_Start_Date__c) = :tmpVar1 AND CALENDAR_YEAR(Contact_Start_Date__c) = :tmpVar2)
16:07:56.0 (63653273)|SOQL_EXECUTE_END|[37]|Rows:0
16:07:56.0 (63668851)|HEAP_ALLOCATE|[37]|Bytes:4
16:07:56.0 (63679179)|HEAP_ALLOCATE|[37]|Bytes:0
16:07:56.0 (63696272)|HEAP_ALLOCATE|[37]|Bytes:4
16:07:56.0 (63743333)|VARIABLE_ASSIGNMENT|[EXTERNAL]|this|{"con":"0x1259d4ab","contact_a":"0x646fa453","month":"0x153732a5"}|0xc20992a
16:07:56.0 (63761733)|VARIABLE_ASSIGNMENT|[EXTERNAL]|value|{"s":1,"v":[]}|0x294ce7e9
16:07:56.0 (63774649)|VARIABLE_ASSIGNMENT|[14]|this.contact_a|{"s":1,"v":[]}|0xc20992a
16:07:56.0 (63783183)|STATEMENT_EXECUTE|[43]
16:07:56.0 (63811290)|VARIABLE_ASSIGNMENT|[EXTERNAL]|this|{"con":"0x1259d4ab","contact_a":"0x294ce7e9","month":"0x153732a5"}|0xc20992a
16:07:56.0 (63833854)|METHOD_EXIT|[26]|01p4E0000008wR2|ReportPLIS_Controller.count_contact_phase(Integer, Integer)
16:07:56.0 (63842661)|HEAP_ALLOCATE|[26]|Bytes:4
16:07:56.0 (63846730)|HEAP_ALLOCATE|[EXTERNAL]|Bytes:4
16:07:56.0 (63854437)|HEAP_ALLOCATE|[24]|Bytes:4
16:07:56.0 (63861644)|VARIABLE_ASSIGNMENT|[24]|idx|9
16:07:56.0 (63866337)|STATEMENT_EXECUTE|[25]
16:07:56.0 (63868084)|STATEMENT_EXECUTE|[26]
16:07:56.0 (63878168)|METHOD_ENTRY|[26]|01p4E0000008wR2|ReportPLIS_Controller.count_contact_phase(Integer, Integer)
16:07:56.0 (63883350)|VARIABLE_SCOPE_BEGIN|[33]|this|ReportPLIS_Controller|true|false
16:07:56.0 (63904662)|VARIABLE_ASSIGNMENT|[33]|this|{"con":"0x1259d4ab","contact_a":"0x294ce7e9","month":"0x153732a5"}|0xc20992a
16:07:56.0 (63908741)|VARIABLE_SCOPE_BEGIN|[33]|month|Integer|false|false
16:07:56.0 (63912538)|VARIABLE_ASSIGNMENT|[33]|month|9
16:07:56.0 (63915102)|VARIABLE_SCOPE_BEGIN|[33]|year|Integer|false|false
16:07:56.0 (63920666)|VARIABLE_ASSIGNMENT|[33]|year|2016
16:07:56.0 (63924190)|STATEMENT_EXECUTE|[34]
16:07:56.0 (63925458)|STATEMENT_EXECUTE|[37]
16:07:56.0 (63929848)|HEAP_ALLOCATE|[37]|Bytes:4
16:07:56.0 (63941187)|HEAP_ALLOCATE|[37]|Bytes:4
16:07:56.0 (63958138)|HEAP_ALLOCATE|[37]|Bytes:4
16:07:56.0 (64201204)|SOQL_EXECUTE_BEGIN|[37]|Aggregations:0|SELECT id, Contact_Start_Date__c FROM Account WHERE (CALENDAR_MONTH(Contact_Start_Date__c) = :tmpVar1 AND CALENDAR_YEAR(Contact_Start_Date__c) = :tmpVar2)
16:07:56.0 (68086186)|SOQL_EXECUTE_END|[37]|Rows:0
16:07:56.0 (68105228)|HEAP_ALLOCATE|[37]|Bytes:4
16:07:56.0 (68115283)|HEAP_ALLOCATE|[37]|Bytes:0
16:07:56.0 (68130521)|HEAP_ALLOCATE|[37]|Bytes:4
16:07:56.0 (68171477)|VARIABLE_ASSIGNMENT|[EXTERNAL]|this|{"con":"0x1259d4ab","contact_a":"0x294ce7e9","month":"0x153732a5"}|0xc20992a
16:07:56.0 (68185647)|VARIABLE_ASSIGNMENT|[EXTERNAL]|value|{"s":1,"v":[]}|0x50bb27b0
16:07:56.0 (68198959)|VARIABLE_ASSIGNMENT|[14]|this.contact_a|{"s":1,"v":[]}|0xc20992a
16:07:56.0 (68209195)|STATEMENT_EXECUTE|[43]
16:07:56.0 (68239715)|VARIABLE_ASSIGNMENT|[EXTERNAL]|this|{"con":"0x1259d4ab","contact_a":"0x50bb27b0","month":"0x153732a5"}|0xc20992a
16:07:56.0 (68261520)|METHOD_EXIT|[26]|01p4E0000008wR2|ReportPLIS_Controller.count_contact_phase(Integer, Integer)
16:07:56.0 (68270333)|HEAP_ALLOCATE|[26]|Bytes:4
16:07:56.0 (68274216)|HEAP_ALLOCATE|[EXTERNAL]|Bytes:4
16:07:56.0 (68286514)|HEAP_ALLOCATE|[24]|Bytes:4
16:07:56.0 (68293245)|VARIABLE_ASSIGNMENT|[24]|idx|10
16:07:56.0 (68297730)|STATEMENT_EXECUTE|[25]
16:07:56.0 (68299317)|STATEMENT_EXECUTE|[26]
16:07:56.0 (68305472)|METHOD_ENTRY|[26]|01p4E0000008wR2|ReportPLIS_Controller.count_contact_phase(Integer, Integer)
16:07:56.0 (68310711)|VARIABLE_SCOPE_BEGIN|[33]|this|ReportPLIS_Controller|true|false
16:07:56.0 (68335017)|VARIABLE_ASSIGNMENT|[33]|this|{"con":"0x1259d4ab","contact_a":"0x50bb27b0","month":"0x153732a5"}|0xc20992a
16:07:56.0 (68339677)|VARIABLE_SCOPE_BEGIN|[33]|month|Integer|false|false
16:07:56.0 (68347231)|VARIABLE_ASSIGNMENT|[33]|month|10
16:07:56.0 (68349159)|VARIABLE_SCOPE_BEGIN|[33]|year|Integer|false|false
16:07:56.0 (68352979)|VARIABLE_ASSIGNMENT|[33]|year|2016
16:07:56.0 (68356029)|STATEMENT_EXECUTE|[34]
16:07:56.0 (68357302)|STATEMENT_EXECUTE|[37]
16:07:56.0 (68361602)|HEAP_ALLOCATE|[37]|Bytes:4
16:07:56.0 (68370134)|HEAP_ALLOCATE|[37]|Bytes:4
16:07:56.0 (68388998)|HEAP_ALLOCATE|[37]|Bytes:4
16:07:56.0 (68626404)|SOQL_EXECUTE_BEGIN|[37]|Aggregations:0|SELECT id, Contact_Start_Date__c FROM Account WHERE (CALENDAR_MONTH(Contact_Start_Date__c) = :tmpVar1 AND CALENDAR_YEAR(Contact_Start_Date__c) = :tmpVar2)
16:07:56.0 (72439077)|SOQL_EXECUTE_END|[37]|Rows:0
16:07:56.0 (72453887)|HEAP_ALLOCATE|[37]|Bytes:4
16:07:56.0 (72463250)|HEAP_ALLOCATE|[37]|Bytes:0
16:07:56.0 (72477605)|HEAP_ALLOCATE|[37]|Bytes:4
16:07:56.0 (72516551)|VARIABLE_ASSIGNMENT|[EXTERNAL]|this|{"con":"0x1259d4ab","contact_a":"0x50bb27b0","month":"0x153732a5"}|0xc20992a
16:07:56.0 (72529871)|VARIABLE_ASSIGNMENT|[EXTERNAL]|value|{"s":1,"v":[]}|0x7bed2357
16:07:56.0 (72543680)|VARIABLE_ASSIGNMENT|[14]|this.contact_a|{"s":1,"v":[]}|0xc20992a
16:07:56.0 (72552740)|STATEMENT_EXECUTE|[43]
16:07:56.0 (72581755)|VARIABLE_ASSIGNMENT|[EXTERNAL]|this|{"con":"0x1259d4ab","contact_a":"0x7bed2357","month":"0x153732a5"}|0xc20992a
16:07:56.0 (72603066)|METHOD_EXIT|[26]|01p4E0000008wR2|ReportPLIS_Controller.count_contact_phase(Integer, Integer)
16:07:56.0 (72611923)|HEAP_ALLOCATE|[26]|Bytes:4
16:07:56.0 (72618506)|HEAP_ALLOCATE|[EXTERNAL]|Bytes:4
16:07:56.0 (72624352)|HEAP_ALLOCATE|[24]|Bytes:4
16:07:56.0 (72630490)|VARIABLE_ASSIGNMENT|[24]|idx|11
16:07:56.0 (72634895)|STATEMENT_EXECUTE|[25]
16:07:56.0 (72636246)|STATEMENT_EXECUTE|[26]
16:07:56.0 (72642298)|METHOD_ENTRY|[26]|01p4E0000008wR2|ReportPLIS_Controller.count_contact_phase(Integer, Integer)
16:07:56.0 (72647536)|VARIABLE_SCOPE_BEGIN|[33]|this|ReportPLIS_Controller|true|false
16:07:56.0 (72670990)|VARIABLE_ASSIGNMENT|[33]|this|{"con":"0x1259d4ab","contact_a":"0x7bed2357","month":"0x153732a5"}|0xc20992a
16:07:56.0 (72675676)|VARIABLE_SCOPE_BEGIN|[33]|month|Integer|false|false
16:07:56.0 (72679895)|VARIABLE_ASSIGNMENT|[33]|month|11
16:07:56.0 (72684582)|VARIABLE_SCOPE_BEGIN|[33]|year|Integer|false|false
16:07:56.0 (72687618)|VARIABLE_ASSIGNMENT|[33]|year|2016
16:07:56.0 (72690709)|STATEMENT_EXECUTE|[34]
16:07:56.0 (72692030)|STATEMENT_EXECUTE|[37]
16:07:56.0 (72696371)|HEAP_ALLOCATE|[37]|Bytes:4
16:07:56.0 (72704611)|HEAP_ALLOCATE|[37]|Bytes:4
16:07:56.0 (72721087)|HEAP_ALLOCATE|[37]|Bytes:4
16:07:56.0 (72939822)|SOQL_EXECUTE_BEGIN|[37]|Aggregations:0|SELECT id, Contact_Start_Date__c FROM Account WHERE (CALENDAR_MONTH(Contact_Start_Date__c) = :tmpVar1 AND CALENDAR_YEAR(Contact_Start_Date__c) = :tmpVar2)
16:07:56.0 (77178864)|SOQL_EXECUTE_END|[37]|Rows:0
16:07:56.0 (77193905)|HEAP_ALLOCATE|[37]|Bytes:4
16:07:56.0 (77203417)|HEAP_ALLOCATE|[37]|Bytes:0
16:07:56.0 (77220105)|HEAP_ALLOCATE|[37]|Bytes:4
16:07:56.0 (77266021)|VARIABLE_ASSIGNMENT|[EXTERNAL]|this|{"con":"0x1259d4ab","contact_a":"0x7bed2357","month":"0x153732a5"}|0xc20992a
16:07:56.0 (77289324)|VARIABLE_ASSIGNMENT|[EXTERNAL]|value|{"s":1,"v":[]}|0x6284ea0a
16:07:56.0 (77305832)|VARIABLE_ASSIGNMENT|[14]|this.contact_a|{"s":1,"v":[]}|0xc20992a
16:07:56.0 (77317368)|STATEMENT_EXECUTE|[43]
16:07:56.0 (77344187)|VARIABLE_ASSIGNMENT|[EXTERNAL]|this|{"con":"0x1259d4ab","contact_a":"0x6284ea0a","month":"0x153732a5"}|0xc20992a
16:07:56.0 (77365522)|METHOD_EXIT|[26]|01p4E0000008wR2|ReportPLIS_Controller.count_contact_phase(Integer, Integer)
16:07:56.0 (77374038)|HEAP_ALLOCATE|[26]|Bytes:4
16:07:56.0 (77380557)|HEAP_ALLOCATE|[EXTERNAL]|Bytes:4
16:07:56.0 (77386427)|HEAP_ALLOCATE|[24]|Bytes:4
16:07:56.0 (77392498)|VARIABLE_ASSIGNMENT|[24]|idx|12
16:07:56.0 (77397051)|STATEMENT_EXECUTE|[25]
16:07:56.0 (77398579)|STATEMENT_EXECUTE|[26]
16:07:56.0 (77404604)|METHOD_ENTRY|[26]|01p4E0000008wR2|ReportPLIS_Controller.count_contact_phase(Integer, Integer)
16:07:56.0 (77409709)|VARIABLE_SCOPE_BEGIN|[33]|this|ReportPLIS_Controller|true|false
16:07:56.0 (77435930)|VARIABLE_ASSIGNMENT|[33]|this|{"con":"0x1259d4ab","contact_a":"0x6284ea0a","month":"0x153732a5"}|0xc20992a
16:07:56.0 (77440751)|VARIABLE_SCOPE_BEGIN|[33]|month|Integer|false|false
16:07:56.0 (77444865)|VARIABLE_ASSIGNMENT|[33]|month|12
16:07:56.0 (77446864)|VARIABLE_SCOPE_BEGIN|[33]|year|Integer|false|false
16:07:56.0 (77449815)|VARIABLE_ASSIGNMENT|[33]|year|2016
16:07:56.0 (77453129)|STATEMENT_EXECUTE|[34]
16:07:56.0 (77454419)|STATEMENT_EXECUTE|[37]
16:07:56.0 (77458668)|HEAP_ALLOCATE|[37]|Bytes:4
16:07:56.0 (77467369)|HEAP_ALLOCATE|[37]|Bytes:4
16:07:56.0 (77486563)|HEAP_ALLOCATE|[37]|Bytes:4
16:07:56.0 (77727648)|SOQL_EXECUTE_BEGIN|[37]|Aggregations:0|SELECT id, Contact_Start_Date__c FROM Account WHERE (CALENDAR_MONTH(Contact_Start_Date__c) = :tmpVar1 AND CALENDAR_YEAR(Contact_Start_Date__c) = :tmpVar2)
16:07:56.0 (81577333)|SOQL_EXECUTE_END|[37]|Rows:0
16:07:56.0 (81597961)|HEAP_ALLOCATE|[37]|Bytes:4
16:07:56.0 (81617077)|HEAP_ALLOCATE|[37]|Bytes:0
16:07:56.0 (81637485)|HEAP_ALLOCATE|[37]|Bytes:4
16:07:56.0 (81691734)|VARIABLE_ASSIGNMENT|[EXTERNAL]|this|{"con":"0x1259d4ab","contact_a":"0x6284ea0a","month":"0x153732a5"}|0xc20992a
16:07:56.0 (81711817)|VARIABLE_ASSIGNMENT|[EXTERNAL]|value|{"s":1,"v":[]}|0x151b8007
16:07:56.0 (81739744)|VARIABLE_ASSIGNMENT|[14]|this.contact_a|{"s":1,"v":[]}|0xc20992a
16:07:56.0 (81753689)|STATEMENT_EXECUTE|[43]
16:07:56.0 (81840094)|VARIABLE_ASSIGNMENT|[EXTERNAL]|this|{"con":"0x1259d4ab","contact_a":"0x151b8007","month":"0x153732a5"}|0xc20992a
16:07:56.0 (81864012)|METHOD_EXIT|[26]|01p4E0000008wR2|ReportPLIS_Controller.count_contact_phase(Integer, Integer)
16:07:56.0 (81903107)|HEAP_ALLOCATE|[26]|Bytes:4
16:07:56.0 (81910455)|HEAP_ALLOCATE|[EXTERNAL]|Bytes:4
16:07:56.0 (81923031)|HEAP_ALLOCATE|[24]|Bytes:4
16:07:56.0 (81934551)|VARIABLE_ASSIGNMENT|[24]|idx|13
16:07:56.0 (81942682)|STATEMENT_EXECUTE|[30]
16:07:56.0 (81964624)|CODE_UNIT_FINISHED|ReportPLIS_Controller invoke(getContacts)
16:07:56.0 (81996040)|CODE_UNIT_FINISHED|ReportPLIS_Controller get(Contacts)
16:07:56.100 (100489321)|CUMULATIVE_LIMIT_USAGE
16:07:56.100 (100489321)|LIMIT_USAGE_FOR_NS|(default)|
  Number of SOQL queries: 12 out of 100
  Number of query rows: 0 out of 50000
  Number of SOSL queries: 0 out of 20
  Number of DML statements: 0 out of 150
  Number of DML rows: 0 out of 10000
  Maximum CPU time: 0 out of 10000
  Maximum heap size: 0 out of 6000000
  Number of callouts: 0 out of 100
  Number of Email Invocations: 0 out of 10
  Number of future calls: 0 out of 50
  Number of queueable jobs added to the queue: 0 out of 50
  Number of Mobile Apex push calls: 0 out of 10

16:07:56.100 (100489321)|CUMULATIVE_LIMIT_USAGE_END

16:07:56.0 (100545865)|CODE_UNIT_FINISHED|VF: /apex/ReportPLIS
16:07:56.0 (101398775)|EXECUTION_FINISHED
