36.0 APEX_CODE,FINEST;APEX_PROFILING,INFO;CALLOUT,INFO;DB,INFO;SYSTEM,DEBUG;VALIDATION,INFO;VISUALFORCE,INFO;WORKFLOW,INFO
Execute Anonymous: List<String> phase = new List<String>{' 1','Contact','Idea','Verification','Development','Com','Lic'};
Execute Anonymous:     
Execute Anonymous:     
Execute Anonymous:     System.debug(phase.size());
14:12:59.1 (1899257)|EXECUTION_STARTED
14:12:59.1 (1913774)|CODE_UNIT_STARTED|[EXTERNAL]|execute_anonymous_apex
14:12:59.1 (2131586)|VARIABLE_SCOPE_BEGIN|[1]|phase|List<String>|true|false
14:12:59.1 (2301018)|HEAP_ALLOCATE|[72]|Bytes:3
14:12:59.1 (2357658)|HEAP_ALLOCATE|[77]|Bytes:152
14:12:59.1 (2378121)|HEAP_ALLOCATE|[342]|Bytes:408
14:12:59.1 (2399290)|HEAP_ALLOCATE|[355]|Bytes:408
14:12:59.1 (2418484)|HEAP_ALLOCATE|[467]|Bytes:48
14:12:59.1 (2458791)|HEAP_ALLOCATE|[139]|Bytes:6
14:12:59.1 (2487445)|HEAP_ALLOCATE|[EXTERNAL]|Bytes:3
14:12:59.1 (2605546)|STATEMENT_EXECUTE|[1]
14:12:59.1 (2609245)|STATEMENT_EXECUTE|[1]
14:12:59.1 (2617135)|HEAP_ALLOCATE|[1]|Bytes:4
14:12:59.1 (2673339)|HEAP_ALLOCATE|[1]|Bytes:2
14:12:59.1 (2685383)|HEAP_ALLOCATE|[1]|Bytes:7
14:12:59.1 (2689769)|HEAP_ALLOCATE|[1]|Bytes:4
14:12:59.1 (2693710)|HEAP_ALLOCATE|[1]|Bytes:12
14:12:59.1 (2697735)|HEAP_ALLOCATE|[1]|Bytes:11
14:12:59.1 (2701569)|HEAP_ALLOCATE|[1]|Bytes:3
14:12:59.1 (2706056)|HEAP_ALLOCATE|[1]|Bytes:3
14:12:59.1 (2754080)|HEAP_ALLOCATE|[EXTERNAL]|Bytes:32
14:12:59.1 (2805170)|VARIABLE_ASSIGNMENT|[1]|phase|{"s":1,"v":"List of size 7 too large to display"}|0x6f07d2c1
14:12:59.1 (2809925)|STATEMENT_EXECUTE|[4]
14:12:59.1 (2894706)|HEAP_ALLOCATE|[50]|Bytes:5
14:12:59.1 (2923297)|HEAP_ALLOCATE|[56]|Bytes:5
14:12:59.1 (2932527)|HEAP_ALLOCATE|[64]|Bytes:7
14:12:59.1 (2985097)|USER_DEBUG|[4]|DEBUG|7
14:12:59.3 (3030158)|CUMULATIVE_LIMIT_USAGE
14:12:59.3 (3030158)|LIMIT_USAGE_FOR_NS|(default)|
  Number of SOQL queries: 0 out of 100
  Number of query rows: 0 out of 50000
  Number of SOSL queries: 0 out of 20
  Number of DML statements: 0 out of 150
  Number of DML rows: 0 out of 10000
  Maximum CPU time: 0 out of 10000
  Maximum heap size: 0 out of 6000000
  Number of callouts: 0 out of 100
  Number of Email Invocations: 0 out of 10
  Number of future calls: 0 out of 50
  Number of queueable jobs added to the queue: 0 out of 50
  Number of Mobile Apex push calls: 0 out of 10

14:12:59.3 (3030158)|CUMULATIVE_LIMIT_USAGE_END

14:12:59.1 (3071858)|CODE_UNIT_FINISHED|execute_anonymous_apex
14:12:59.1 (4713065)|EXECUTION_FINISHED
