36.0 APEX_CODE,FINEST;APEX_PROFILING,INFO;CALLOUT,INFO;DB,INFO;SYSTEM,DEBUG;VALIDATION,INFO;VISUALFORCE,INFO;WORKFLOW,INFO
Execute Anonymous: Map<Id,AggregateResult> results = 
Execute Anonymous:     new Map<id,AggregateResult>([SELECT AccountId Id, COUNT(Id) 
Execute Anonymous:                                ContactCount FROM Contact WHERE AccountId != NULL GROUP BY AccountId]);
10:50:05.2 (2029357)|EXECUTION_STARTED
10:50:05.2 (2046415)|CODE_UNIT_STARTED|[EXTERNAL]|execute_anonymous_apex
10:50:05.2 (2296088)|VARIABLE_SCOPE_BEGIN|[1]|results|Map<Id,AggregateResult>|true|false
10:50:05.2 (2487246)|HEAP_ALLOCATE|[72]|Bytes:3
10:50:05.2 (2548128)|HEAP_ALLOCATE|[77]|Bytes:152
10:50:05.2 (2580090)|HEAP_ALLOCATE|[342]|Bytes:408
10:50:05.2 (2614612)|HEAP_ALLOCATE|[355]|Bytes:408
10:50:05.2 (2647463)|HEAP_ALLOCATE|[467]|Bytes:48
10:50:05.2 (2703127)|HEAP_ALLOCATE|[139]|Bytes:6
10:50:05.2 (2741477)|HEAP_ALLOCATE|[EXTERNAL]|Bytes:3
10:50:05.2 (2868716)|STATEMENT_EXECUTE|[1]
10:50:05.2 (2873465)|STATEMENT_EXECUTE|[1]
10:50:05.2 (2881611)|HEAP_ALLOCATE|[2]|Bytes:4
10:50:05.2 (2888905)|HEAP_ALLOCATE|[2]|Bytes:99
10:50:05.2 (2898607)|HEAP_ALLOCATE|[2]|Bytes:4
10:50:05.2 (2960261)|HEAP_ALLOCATE|[50]|Bytes:5
10:50:05.2 (2998010)|HEAP_ALLOCATE|[56]|Bytes:5
10:50:05.2 (3016291)|HEAP_ALLOCATE|[64]|Bytes:7
10:50:05.2 (3484646)|SOQL_EXECUTE_BEGIN|[2]|Aggregations:0|SELECT AccountId Id, COUNT(Id) ContactCount FROM Contact WHERE AccountId != NULL GROUP BY AccountId
10:50:05.2 (40141617)|SOQL_EXECUTE_END|[2]|Rows:3
10:50:05.2 (40162418)|HEAP_ALLOCATE|[2]|Bytes:16
10:50:05.2 (40183567)|HEAP_ALLOCATE|[2]|Bytes:147
10:50:05.2 (40318010)|HEAP_ALLOCATE|[2]|Bytes:16
10:50:05.2 (40403248)|HEAP_ALLOCATE|[2]|Bytes:12
10:50:05.2 (40425805)|HEAP_ALLOCATE|[2]|Bytes:4
10:50:05.2 (40439425)|HEAP_ALLOCATE|[2]|Bytes:12
10:50:05.2 (40445501)|HEAP_ALLOCATE|[2]|Bytes:4
10:50:05.2 (40453283)|HEAP_ALLOCATE|[2]|Bytes:12
10:50:05.2 (40459045)|HEAP_ALLOCATE|[2]|Bytes:4
10:50:05.2 (40540814)|VARIABLE_ASSIGNMENT|[1]|results|{"s":1,"v":{"0014E0000034jcsQAA":{"s":2,"v":{"Id":"0014E0000034jcsQAA","ContactCount":1}},"0014E0000034iyXQAQ":{"s":3,"v":{"Id":"0014E0000034iyXQAQ","ContactCount":3769}},"0014E0000034izgQAA":{"s":4,"v":{"Id":"0014E0000034izgQAA","ContactCount":1}}}}|0x4476c49b
10:50:05.40 (40589377)|CUMULATIVE_LIMIT_USAGE
10:50:05.40 (40589377)|LIMIT_USAGE_FOR_NS|(default)|
  Number of SOQL queries: 1 out of 100
  Number of query rows: 3771 out of 50000
  Number of SOSL queries: 0 out of 20
  Number of DML statements: 0 out of 150
  Number of DML rows: 0 out of 10000
  Maximum CPU time: 0 out of 10000
  Maximum heap size: 0 out of 6000000
  Number of callouts: 0 out of 100
  Number of Email Invocations: 0 out of 10
  Number of future calls: 0 out of 50
  Number of queueable jobs added to the queue: 0 out of 50
  Number of Mobile Apex push calls: 0 out of 10

10:50:05.40 (40589377)|CUMULATIVE_LIMIT_USAGE_END

10:50:05.2 (40630987)|CODE_UNIT_FINISHED|execute_anonymous_apex
10:50:05.2 (42163819)|EXECUTION_FINISHED
