34.0 APEX_CODE,FINEST;APEX_PROFILING,INFO;CALLOUT,INFO;DB,INFO;SYSTEM,DEBUG;VALIDATION,INFO;VISUALFORCE,INFO;WORKFLOW,INFO
10:31:02.0 (375716)|EXECUTION_STARTED
10:31:02.0 (408434)|CODE_UNIT_STARTED|[EXTERNAL]|0664E0000000AIz|VF: /apex/ContactsSearch
10:31:02.0 (17970880)|CODE_UNIT_STARTED|[EXTERNAL]|01p4E0000008w7W|ContactSearchControllerExtension <init>
10:31:02.0 (17990906)|SYSTEM_MODE_ENTER|true
10:31:02.0 (18426707)|HEAP_ALLOCATE|[72]|Bytes:3
10:31:02.0 (18493520)|HEAP_ALLOCATE|[77]|Bytes:152
10:31:02.0 (18514795)|HEAP_ALLOCATE|[342]|Bytes:408
10:31:02.0 (18534184)|HEAP_ALLOCATE|[355]|Bytes:408
10:31:02.0 (18553252)|HEAP_ALLOCATE|[467]|Bytes:48
10:31:02.0 (18597308)|HEAP_ALLOCATE|[139]|Bytes:6
10:31:02.0 (18623159)|HEAP_ALLOCATE|[EXTERNAL]|Bytes:260
10:31:02.0 (18628761)|HEAP_ALLOCATE|[EXTERNAL]|Bytes:29
10:31:02.0 (18646790)|METHOD_ENTRY|[1]|01p4E0000008w7W|ContactSearchControllerExtension.ContactSearchControllerExtension()
10:31:02.0 (18652753)|STATEMENT_EXECUTE|[1]
10:31:02.0 (18662465)|STATEMENT_EXECUTE|[1]
10:31:02.0 (18697292)|HEAP_ALLOCATE|[50]|Bytes:5
10:31:02.0 (18725875)|HEAP_ALLOCATE|[56]|Bytes:5
10:31:02.0 (18735045)|HEAP_ALLOCATE|[64]|Bytes:7
10:31:02.0 (18763336)|SYSTEM_MODE_ENTER|false
10:31:02.0 (18784456)|HEAP_ALLOCATE|[EXTERNAL]|Bytes:5
10:31:02.0 (18793486)|SYSTEM_MODE_EXIT|false
10:31:02.0 (18806888)|METHOD_EXIT|[1]|ContactSearchControllerExtension
10:31:02.0 (18944286)|HEAP_ALLOCATE|[EXTERNAL]|Bytes:36
10:31:02.0 (18962387)|VARIABLE_SCOPE_BEGIN|[5]|this|ContactSearchControllerExtension|true|false
10:31:02.0 (19077493)|VARIABLE_ASSIGNMENT|[5]|this|{}|0x522ad9d9
10:31:02.0 (19086078)|VARIABLE_SCOPE_BEGIN|[5]|stdController|ApexPages.StandardController|true|false
10:31:02.0 (19211899)|VARIABLE_ASSIGNMENT|[5]|stdController|"StandardController [null]"|0x6c28d2ca
10:31:02.0 (19228067)|SYSTEM_MODE_ENTER|false
10:31:02.0 (19234102)|HEAP_ALLOCATE|[7]|Bytes:5
10:31:02.0 (19238016)|STATEMENT_EXECUTE|[1]
10:31:02.0 (19240842)|HEAP_ALLOCATE|[7]|Bytes:5
10:31:02.0 (19242922)|STATEMENT_EXECUTE|[3]
10:31:02.0 (19244566)|STATEMENT_EXECUTE|[10]
10:31:02.0 (19245712)|STATEMENT_EXECUTE|[20]
10:31:02.0 (19246696)|STATEMENT_EXECUTE|[30]
10:31:02.0 (19247645)|STATEMENT_EXECUTE|[41]
10:31:02.0 (19248601)|STATEMENT_EXECUTE|[51]
10:31:02.0 (19249573)|STATEMENT_EXECUTE|[61]
10:31:02.0 (19250538)|STATEMENT_EXECUTE|[71]
10:31:02.0 (19260902)|HEAP_ALLOCATE|[7]|Bytes:6
10:31:02.0 (19288895)|STATEMENT_EXECUTE|[6]
10:31:02.0 (19290979)|STATEMENT_EXECUTE|[7]
10:31:02.0 (19475261)|HEAP_ALLOCATE|[7]|Bytes:4
10:31:02.0 (19548499)|VARIABLE_ASSIGNMENT|[7]|this.ctt|{"s":1,"v":{}}|0x522ad9d9
10:31:02.0 (19558094)|SYSTEM_MODE_EXIT|false
10:31:02.0 (19579613)|CODE_UNIT_FINISHED|ContactSearchControllerExtension <init>
10:31:02.0 (19648639)|CODE_UNIT_STARTED|[EXTERNAL]|01p4E0000008w7W|ContactSearchControllerExtension get(hasSearched)
10:31:02.0 (19657748)|SYSTEM_MODE_ENTER|true
10:31:02.0 (19673229)|CODE_UNIT_STARTED|[EXTERNAL]|01p4E0000008w7W|hasSearched
10:31:02.0 (19714859)|HEAP_ALLOCATE|[EXTERNAL]|Bytes:36
10:31:02.0 (19759154)|VARIABLE_ASSIGNMENT|[EXTERNAL]|this|{"ctt":"0x7eafe424"}|0x522ad9d9
10:31:02.0 (19772605)|SYSTEM_MODE_ENTER|false
10:31:02.0 (19778084)|HEAP_ALLOCATE|[24]|Bytes:5
10:31:02.0 (19781704)|STATEMENT_EXECUTE|[23]
10:31:02.0 (19785889)|STATEMENT_EXECUTE|[24]
10:31:02.0 (19791832)|HEAP_ALLOCATE|[24]|Bytes:5
10:31:02.0 (19805091)|VARIABLE_ASSIGNMENT|[24]|this.hasSearched|false|0x522ad9d9
10:31:02.0 (19808010)|STATEMENT_EXECUTE|[25]
10:31:02.0 (19814056)|SYSTEM_MODE_EXIT|false
10:31:02.0 (19828602)|CODE_UNIT_FINISHED|hasSearched
10:31:02.0 (19846221)|CODE_UNIT_FINISHED|ContactSearchControllerExtension get(hasSearched)
10:31:02.0 (22280984)|CODE_UNIT_STARTED|[EXTERNAL]|01p4E0000008w7W|ContactSearchControllerExtension get(resultsFound)
10:31:02.0 (22291962)|SYSTEM_MODE_ENTER|true
10:31:02.0 (22303805)|CODE_UNIT_STARTED|[EXTERNAL]|01p4E0000008w7W|resultsFound
10:31:02.0 (22341368)|HEAP_ALLOCATE|[EXTERNAL]|Bytes:36
10:31:02.0 (22385739)|VARIABLE_ASSIGNMENT|[EXTERNAL]|this|{"ctt":"0x7eafe424","hasSearched":false}|0x522ad9d9
10:31:02.0 (22399177)|SYSTEM_MODE_ENTER|false
10:31:02.0 (22405203)|HEAP_ALLOCATE|[34]|Bytes:5
10:31:02.0 (22409177)|STATEMENT_EXECUTE|[33]
10:31:02.0 (22481318)|VARIABLE_ASSIGNMENT|[EXTERNAL]|this|{"ctt":"0x7eafe424","hasSearched":false}|0x522ad9d9
10:31:02.0 (22491037)|HEAP_ALLOCATE|[14]|Bytes:5
10:31:02.0 (22494724)|STATEMENT_EXECUTE|[13]
10:31:02.0 (22498259)|STATEMENT_EXECUTE|[14]
10:31:02.0 (22505119)|HEAP_ALLOCATE|[14]|Bytes:4
10:31:02.0 (22638143)|HEAP_ALLOCATE|[EXTERNAL]|Bytes:4
10:31:02.0 (22661043)|VARIABLE_ASSIGNMENT|[14]|this.results|{"s":1,"v":[]}|0x522ad9d9
10:31:02.0 (22665045)|STATEMENT_EXECUTE|[15]
10:31:02.0 (22695955)|STATEMENT_EXECUTE|[35]
10:31:02.0 (22700908)|HEAP_ALLOCATE|[35]|Bytes:5
10:31:02.0 (22707249)|SYSTEM_MODE_EXIT|false
10:31:02.0 (22711859)|HEAP_ALLOCATE|[35]|Bytes:5
10:31:02.0 (22724270)|CODE_UNIT_FINISHED|resultsFound
10:31:02.0 (22741829)|CODE_UNIT_FINISHED|ContactSearchControllerExtension get(resultsFound)
10:31:02.0 (43617249)|CODE_UNIT_STARTED|[EXTERNAL]|01p4E0000008w7W|ContactSearchControllerExtension get(lastNameStartsWith)
10:31:02.0 (43634651)|SYSTEM_MODE_ENTER|true
10:31:02.0 (43652191)|CODE_UNIT_STARTED|[EXTERNAL]|01p4E0000008w7W|lastNameStartsWith
10:31:02.0 (43726296)|HEAP_ALLOCATE|[EXTERNAL]|Bytes:36
10:31:02.0 (43808442)|VARIABLE_ASSIGNMENT|[EXTERNAL]|this|{"ctt":"0x7eafe424","hasSearched":false,"results":"0x42fd9c56"}|0x522ad9d9
10:31:02.0 (43829798)|SYSTEM_MODE_ENTER|false
10:31:02.0 (43840249)|HEAP_ALLOCATE|[45]|Bytes:5
10:31:02.0 (43846884)|STATEMENT_EXECUTE|[44]
10:31:02.0 (43856425)|STATEMENT_EXECUTE|[45]
10:31:02.0 (43863398)|HEAP_ALLOCATE|[45]|Bytes:5
10:31:02.0 (43878750)|VARIABLE_ASSIGNMENT|[45]|this.lastNameStartsWith|true|0x522ad9d9
10:31:02.0 (43882330)|STATEMENT_EXECUTE|[46]
10:31:02.0 (43890691)|SYSTEM_MODE_EXIT|false
10:31:02.0 (43908650)|CODE_UNIT_FINISHED|lastNameStartsWith
10:31:02.0 (43927773)|CODE_UNIT_FINISHED|ContactSearchControllerExtension get(lastNameStartsWith)
10:31:02.0 (44844209)|CODE_UNIT_STARTED|[EXTERNAL]|01p4E0000008w7W|ContactSearchControllerExtension get(firstNameStartsWith)
10:31:02.0 (44856521)|SYSTEM_MODE_ENTER|true
10:31:02.0 (44868766)|CODE_UNIT_STARTED|[EXTERNAL]|01p4E0000008w7W|firstNameStartsWith
10:31:02.0 (44907658)|HEAP_ALLOCATE|[EXTERNAL]|Bytes:36
10:31:02.0 (44953277)|VARIABLE_ASSIGNMENT|[EXTERNAL]|this|{"ctt":"0x7eafe424","hasSearched":false,"lastNameStartsWith":true,"results":"0x42fd9c56"}|0x522ad9d9
10:31:02.0 (44967706)|SYSTEM_MODE_ENTER|false
10:31:02.0 (44973682)|HEAP_ALLOCATE|[55]|Bytes:5
10:31:02.0 (44977905)|STATEMENT_EXECUTE|[54]
10:31:02.0 (44981802)|STATEMENT_EXECUTE|[55]
10:31:02.0 (44985640)|HEAP_ALLOCATE|[55]|Bytes:5
10:31:02.0 (44998224)|VARIABLE_ASSIGNMENT|[55]|this.firstNameStartsWith|true|0x522ad9d9
10:31:02.0 (45001353)|STATEMENT_EXECUTE|[56]
10:31:02.0 (45008728)|SYSTEM_MODE_EXIT|false
10:31:02.0 (45022207)|CODE_UNIT_FINISHED|firstNameStartsWith
10:31:02.0 (45044538)|CODE_UNIT_FINISHED|ContactSearchControllerExtension get(firstNameStartsWith)
10:31:02.0 (45407938)|CODE_UNIT_STARTED|[EXTERNAL]|01p4E0000008w7W|ContactSearchControllerExtension get(contactEmail)
10:31:02.0 (45417260)|SYSTEM_MODE_ENTER|true
10:31:02.0 (45428536)|CODE_UNIT_STARTED|[EXTERNAL]|01p4E0000008w7W|contactEmail
10:31:02.0 (45467081)|HEAP_ALLOCATE|[EXTERNAL]|Bytes:36
10:31:02.0 (45512303)|VARIABLE_ASSIGNMENT|[EXTERNAL]|this|{"ctt":"0x7eafe424","firstNameStartsWith":true,"hasSearched":false,"lastNameStartsWith":true,"results":"0x42fd9c56"}|0x522ad9d9
10:31:02.0 (45526258)|SYSTEM_MODE_ENTER|false
10:31:02.0 (45531831)|HEAP_ALLOCATE|[75]|Bytes:5
10:31:02.0 (45535648)|STATEMENT_EXECUTE|[74]
10:31:02.0 (45539883)|STATEMENT_EXECUTE|[75]
10:31:02.0 (45558417)|VARIABLE_ASSIGNMENT|[75]|this.contactEmail|""|0x522ad9d9
10:31:02.0 (45561688)|STATEMENT_EXECUTE|[76]
10:31:02.0 (45567774)|SYSTEM_MODE_EXIT|false
10:31:02.0 (45581013)|CODE_UNIT_FINISHED|contactEmail
10:31:02.0 (45598366)|CODE_UNIT_FINISHED|ContactSearchControllerExtension get(contactEmail)
10:31:02.0 (45812909)|CODE_UNIT_STARTED|[EXTERNAL]|01p4E0000008w7W|ContactSearchControllerExtension get(emailStartsWith)
10:31:02.0 (45822168)|SYSTEM_MODE_ENTER|true
10:31:02.0 (45833452)|CODE_UNIT_STARTED|[EXTERNAL]|01p4E0000008w7W|emailStartsWith
10:31:02.0 (45870579)|HEAP_ALLOCATE|[EXTERNAL]|Bytes:36
10:31:02.0 (45916120)|VARIABLE_ASSIGNMENT|[EXTERNAL]|this|{"contactEmail":"","ctt":"0x7eafe424","firstNameStartsWith":true,"hasSearched":false,"lastNameStartsWith":true,"results":"0x42fd9c56"}|0x522ad9d9
10:31:02.0 (45930111)|SYSTEM_MODE_ENTER|false
10:31:02.0 (45935802)|HEAP_ALLOCATE|[65]|Bytes:5
10:31:02.0 (45939705)|STATEMENT_EXECUTE|[64]
10:31:02.0 (45943488)|STATEMENT_EXECUTE|[65]
10:31:02.0 (45947657)|HEAP_ALLOCATE|[65]|Bytes:5
10:31:02.0 (45959540)|VARIABLE_ASSIGNMENT|[65]|this.emailStartsWith|true|0x522ad9d9
10:31:02.0 (45962811)|STATEMENT_EXECUTE|[66]
10:31:02.0 (45968963)|SYSTEM_MODE_EXIT|false
10:31:02.0 (45982271)|CODE_UNIT_FINISHED|emailStartsWith
10:31:02.0 (45999279)|CODE_UNIT_FINISHED|ContactSearchControllerExtension get(emailStartsWith)
10:31:02.0 (49437378)|VF_SERIALIZE_VIEWSTATE_BEGIN|0664E0000000AIz
10:31:02.0 (52681644)|VF_SERIALIZE_VIEWSTATE_END
10:31:02.56 (56895142)|CUMULATIVE_LIMIT_USAGE
10:31:02.56 (56895142)|LIMIT_USAGE_FOR_NS|(default)|
  Number of SOQL queries: 0 out of 100
  Number of query rows: 0 out of 50000
  Number of SOSL queries: 0 out of 20
  Number of DML statements: 0 out of 150
  Number of DML rows: 0 out of 10000
  Maximum CPU time: 0 out of 10000
  Maximum heap size: 0 out of 6000000
  Number of callouts: 0 out of 100
  Number of Email Invocations: 0 out of 10
  Number of future calls: 0 out of 50
  Number of queueable jobs added to the queue: 0 out of 50
  Number of Mobile Apex push calls: 0 out of 10

10:31:02.56 (56895142)|CUMULATIVE_LIMIT_USAGE_END

10:31:02.0 (56951001)|CODE_UNIT_FINISHED|VF: /apex/ContactsSearch
10:31:02.0 (57824308)|EXECUTION_FINISHED
