36.0 APEX_CODE,FINEST;APEX_PROFILING,INFO;CALLOUT,INFO;DB,INFO;SYSTEM,DEBUG;VALIDATION,INFO;VISUALFORCE,INFO;WORKFLOW,INFO
13:30:45.0 (534825)|EXECUTION_STARTED
13:30:45.0 (568433)|CODE_UNIT_STARTED|[EXTERNAL]|01p36000004ZxaQ|AccountController.findAll
13:30:45.0 (793718)|HEAP_ALLOCATE|[72]|Bytes:3
13:30:45.0 (851730)|HEAP_ALLOCATE|[77]|Bytes:152
13:30:45.0 (870056)|HEAP_ALLOCATE|[342]|Bytes:408
13:30:45.0 (889807)|HEAP_ALLOCATE|[355]|Bytes:408
13:30:45.0 (906974)|HEAP_ALLOCATE|[467]|Bytes:48
13:30:45.0 (938485)|HEAP_ALLOCATE|[139]|Bytes:6
13:30:45.0 (958858)|HEAP_ALLOCATE|[EXTERNAL]|Bytes:4
13:30:45.0 (977679)|METHOD_ENTRY|[1]|01p36000004ZxaQ|AccountController.AccountController()
13:30:45.0 (982283)|STATEMENT_EXECUTE|[1]
13:30:45.0 (988552)|STATEMENT_EXECUTE|[1]
13:30:45.0 (1025839)|HEAP_ALLOCATE|[50]|Bytes:5
13:30:45.0 (1056024)|HEAP_ALLOCATE|[56]|Bytes:5
13:30:45.0 (1064600)|HEAP_ALLOCATE|[64]|Bytes:7
13:30:45.0 (1088499)|SYSTEM_MODE_ENTER|false
13:30:45.0 (1108748)|HEAP_ALLOCATE|[EXTERNAL]|Bytes:5
13:30:45.0 (1116623)|SYSTEM_MODE_EXIT|false
13:30:45.0 (1128796)|METHOD_EXIT|[1]|AccountController
13:30:45.0 (1141184)|SYSTEM_MODE_ENTER|false
13:30:45.0 (1157324)|HEAP_ALLOCATE|[5]|Bytes:5
13:30:45.0 (1161367)|STATEMENT_EXECUTE|[4]
13:30:45.0 (1162901)|STATEMENT_EXECUTE|[5]
13:30:45.0 (1166131)|HEAP_ALLOCATE|[5]|Bytes:157
13:30:45.0 (1178944)|HEAP_ALLOCATE|[5]|Bytes:4
13:30:45.0 (2657161)|SOQL_EXECUTE_BEGIN|[5]|Aggregations:0|SELECT id, name, Location__Latitude__s, Location__Longitude__s FROM Account WHERE (Location__Latitude__s != NULL AND Location__Longitude__s != NULL) LIMIT 50
13:30:45.0 (6839268)|SOQL_EXECUTE_END|[5]|Rows:3
13:30:45.0 (6858795)|HEAP_ALLOCATE|[5]|Bytes:16
13:30:45.0 (6879592)|HEAP_ALLOCATE|[5]|Bytes:520
13:30:45.0 (6928389)|HEAP_ALLOCATE|[5]|Bytes:16
13:30:45.0 (6945434)|SYSTEM_MODE_EXIT|false
13:30:45.6 (6988689)|CUMULATIVE_LIMIT_USAGE
13:30:45.6 (6988689)|LIMIT_USAGE_FOR_NS|(default)|
  Number of SOQL queries: 1 out of 100
  Number of query rows: 3 out of 50000
  Number of SOSL queries: 0 out of 20
  Number of DML statements: 0 out of 150
  Number of DML rows: 0 out of 10000
  Maximum CPU time: 0 out of 10000
  Maximum heap size: 0 out of 6000000
  Number of callouts: 0 out of 100
  Number of Email Invocations: 0 out of 10
  Number of future calls: 0 out of 50
  Number of queueable jobs added to the queue: 0 out of 50
  Number of Mobile Apex push calls: 0 out of 10

13:30:45.6 (6988689)|CUMULATIVE_LIMIT_USAGE_END

13:30:45.0 (7026299)|CODE_UNIT_FINISHED|AccountController.findAll
13:30:45.0 (8692093)|EXECUTION_FINISHED
