36.0 APEX_CODE,FINEST;APEX_PROFILING,INFO;CALLOUT,INFO;DB,INFO;SYSTEM,DEBUG;VALIDATION,INFO;VISUALFORCE,INFO;WORKFLOW,INFO
13:32:54.0 (77244)|EXECUTION_STARTED
13:32:54.0 (113875)|CODE_UNIT_STARTED|[EXTERNAL]|01p36000004ZxaQ|AccountController.findAll
13:32:54.0 (273259)|HEAP_ALLOCATE|[72]|Bytes:3
13:32:54.0 (315315)|HEAP_ALLOCATE|[77]|Bytes:152
13:32:54.0 (332057)|HEAP_ALLOCATE|[342]|Bytes:408
13:32:54.0 (352156)|HEAP_ALLOCATE|[355]|Bytes:408
13:32:54.0 (369348)|HEAP_ALLOCATE|[467]|Bytes:48
13:32:54.0 (397825)|HEAP_ALLOCATE|[139]|Bytes:6
13:32:54.0 (478804)|HEAP_ALLOCATE|[EXTERNAL]|Bytes:4
13:32:54.0 (496457)|METHOD_ENTRY|[1]|01p36000004ZxaQ|AccountController.AccountController()
13:32:54.0 (500008)|STATEMENT_EXECUTE|[1]
13:32:54.0 (505902)|STATEMENT_EXECUTE|[1]
13:32:54.0 (540441)|HEAP_ALLOCATE|[50]|Bytes:5
13:32:54.0 (562732)|HEAP_ALLOCATE|[56]|Bytes:5
13:32:54.0 (571286)|HEAP_ALLOCATE|[64]|Bytes:7
13:32:54.0 (590947)|SYSTEM_MODE_ENTER|false
13:32:54.0 (609429)|HEAP_ALLOCATE|[EXTERNAL]|Bytes:5
13:32:54.0 (615604)|SYSTEM_MODE_EXIT|false
13:32:54.0 (626780)|METHOD_EXIT|[1]|AccountController
13:32:54.0 (638106)|SYSTEM_MODE_ENTER|false
13:32:54.0 (651315)|HEAP_ALLOCATE|[5]|Bytes:5
13:32:54.0 (655611)|STATEMENT_EXECUTE|[4]
13:32:54.0 (657054)|STATEMENT_EXECUTE|[5]
13:32:54.0 (659615)|HEAP_ALLOCATE|[5]|Bytes:157
13:32:54.0 (667890)|HEAP_ALLOCATE|[5]|Bytes:4
13:32:54.0 (1326812)|SOQL_EXECUTE_BEGIN|[5]|Aggregations:0|SELECT id, name, Location__Latitude__s, Location__Longitude__s FROM Account WHERE (Location__Latitude__s != NULL AND Location__Longitude__s != NULL) LIMIT 50
13:32:54.0 (5113726)|SOQL_EXECUTE_END|[5]|Rows:3
13:32:54.0 (5131543)|HEAP_ALLOCATE|[5]|Bytes:16
13:32:54.0 (5149409)|HEAP_ALLOCATE|[5]|Bytes:520
13:32:54.0 (5259077)|HEAP_ALLOCATE|[5]|Bytes:16
13:32:54.0 (5275719)|SYSTEM_MODE_EXIT|false
13:32:54.5 (5318766)|CUMULATIVE_LIMIT_USAGE
13:32:54.5 (5318766)|LIMIT_USAGE_FOR_NS|(default)|
  Number of SOQL queries: 1 out of 100
  Number of query rows: 3 out of 50000
  Number of SOSL queries: 0 out of 20
  Number of DML statements: 0 out of 150
  Number of DML rows: 0 out of 10000
  Maximum CPU time: 0 out of 10000
  Maximum heap size: 0 out of 6000000
  Number of callouts: 0 out of 100
  Number of Email Invocations: 0 out of 10
  Number of future calls: 0 out of 50
  Number of queueable jobs added to the queue: 0 out of 50
  Number of Mobile Apex push calls: 0 out of 10

13:32:54.5 (5318766)|CUMULATIVE_LIMIT_USAGE_END

13:32:54.0 (5357555)|CODE_UNIT_FINISHED|AccountController.findAll
13:32:54.0 (7075915)|EXECUTION_FINISHED
