31.0 APEX_CODE,FINEST;APEX_PROFILING,INFO;CALLOUT,INFO;DB,INFO;SYSTEM,DEBUG;VALIDATION,INFO;VISUALFORCE,INFO;WORKFLOW,INFO
04:40:41.0 (399500)|EXECUTION_STARTED
04:40:41.0 (423509)|CODE_UNIT_STARTED|[EXTERNAL]|06636000000wQIN|VF: /apex/EmployeeSkillsList
04:40:41.0 (1173913)|VF_DESERIALIZE_VIEWSTATE_BEGIN|06636000000wQIN
04:40:41.0 (20766189)|HEAP_ALLOCATE|[72]|Bytes:3
04:40:41.0 (20799665)|HEAP_ALLOCATE|[77]|Bytes:152
04:40:41.0 (20814022)|HEAP_ALLOCATE|[342]|Bytes:408
04:40:41.0 (20830912)|HEAP_ALLOCATE|[355]|Bytes:408
04:40:41.0 (20846764)|HEAP_ALLOCATE|[467]|Bytes:48
04:40:41.0 (20884745)|HEAP_ALLOCATE|[139]|Bytes:6
04:40:41.0 (22972127)|VF_DESERIALIZE_VIEWSTATE_END
04:40:41.0 (25695767)|CODE_UNIT_STARTED|[EXTERNAL]|01p36000003OvYr|EmployeeSkillsListController get(EmployeeSkills)
04:40:41.0 (25717327)|SYSTEM_MODE_ENTER|true
04:40:41.0 (26103489)|CODE_UNIT_STARTED|[EXTERNAL]|01p36000003OvYr|EmployeeSkillsListController invoke(getEmployeeSkills)
04:40:41.0 (26154690)|HEAP_ALLOCATE|[EXTERNAL]|Bytes:28
04:40:41.0 (26171057)|METHOD_ENTRY|[47]|01p36000003OvYr|EmployeeSkillsListController.EmployeeSkillsListController()
04:40:41.0 (26175063)|STATEMENT_EXECUTE|[47]
04:40:41.0 (26180984)|STATEMENT_EXECUTE|[47]
04:40:41.0 (26214413)|HEAP_ALLOCATE|[50]|Bytes:5
04:40:41.0 (26237507)|HEAP_ALLOCATE|[56]|Bytes:5
04:40:41.0 (26246849)|HEAP_ALLOCATE|[64]|Bytes:7
04:40:41.0 (26267452)|SYSTEM_MODE_ENTER|false
04:40:41.0 (26279124)|HEAP_ALLOCATE|[EXTERNAL]|Bytes:5
04:40:41.0 (26286177)|SYSTEM_MODE_EXIT|false
04:40:41.0 (26296119)|METHOD_EXIT|[47]|EmployeeSkillsListController
04:40:41.0 (26304798)|HEAP_ALLOCATE|[EXTERNAL]|Bytes:8
04:40:41.0 (26319710)|VARIABLE_SCOPE_BEGIN|[61]|this|EmployeeSkillsListController|true|false
04:40:41.0 (26370648)|VARIABLE_ASSIGNMENT|[61]|this|{"sortOrder":"CreatedDate"}|0x1c349e80
04:40:41.0 (26386425)|SYSTEM_MODE_ENTER|false
04:40:41.0 (26391897)|HEAP_ALLOCATE|[64]|Bytes:5
04:40:41.0 (26395742)|STATEMENT_EXECUTE|[62]
04:40:41.0 (26397113)|STATEMENT_EXECUTE|[63]
04:40:41.0 (26400426)|HEAP_ALLOCATE|[64]|Bytes:124
04:40:41.0 (26406107)|HEAP_ALLOCATE|[66]|Bytes:16
04:40:41.0 (26419241)|HEAP_ALLOCATE|[64]|Bytes:151
04:40:41.0 (28164164)|SOQL_EXECUTE_BEGIN|[63]|Aggregations:0|SELECT  Id,Name,CreatedDate, Employee__c, Employee_Email__c,Status__c,Grade__c, Project__c FROM Employee_Skills__c ORDER BY CreatedDate ASC Limit 10000
04:40:41.0 (31993204)|SOQL_EXECUTE_END|[63]|Rows:13
04:40:41.0 (32011824)|HEAP_ALLOCATE|[63]|Bytes:56
04:40:41.0 (32070723)|HEAP_ALLOCATE|[63]|Bytes:3181
04:40:41.0 (32109766)|HEAP_ALLOCATE|[63]|Bytes:56
04:40:41.0 (32122673)|VARIABLE_SCOPE_BEGIN|[63]|results|List<Employee_Skills__c>|true|false
04:40:41.0 (32142757)|VARIABLE_ASSIGNMENT|[63]|results|{"s":1,"v":"List of size 13 too large to display"}|0x7e20c541
04:40:41.0 (32146431)|STATEMENT_EXECUTE|[68]
04:40:41.0 (32151317)|SYSTEM_MODE_EXIT|false
04:40:41.0 (32164415)|CODE_UNIT_FINISHED|EmployeeSkillsListController invoke(getEmployeeSkills)
04:40:41.0 (32186505)|CODE_UNIT_FINISHED|EmployeeSkillsListController get(EmployeeSkills)
04:40:41.0 (34633119)|CODE_UNIT_STARTED|[EXTERNAL]|01p36000003OvYr|EmployeeSkillsListController invoke(sortByEmployee)
04:40:41.0 (34667453)|HEAP_ALLOCATE|[EXTERNAL]|Bytes:8
04:40:41.0 (34677131)|VARIABLE_SCOPE_BEGIN|[124]|this|EmployeeSkillsListController|true|false
04:40:41.0 (34696625)|VARIABLE_ASSIGNMENT|[124]|this|{"sortOrder":"CreatedDate"}|0x1c349e80
04:40:41.0 (34708129)|SYSTEM_MODE_ENTER|false
04:40:41.0 (34718387)|HEAP_ALLOCATE|[125]|Bytes:5
04:40:41.0 (34723144)|STATEMENT_EXECUTE|[124]
04:40:41.0 (34724700)|STATEMENT_EXECUTE|[125]
04:40:41.0 (34727322)|HEAP_ALLOCATE|[125]|Bytes:11
04:40:41.0 (34738978)|VARIABLE_ASSIGNMENT|[125]|this.sortOrder|"Employee__c"|0x1c349e80
04:40:41.0 (34743750)|SYSTEM_MODE_EXIT|false
04:40:41.0 (34786581)|CODE_UNIT_FINISHED|EmployeeSkillsListController invoke(sortByEmployee)
04:40:41.0 (34822213)|VF_APEX_CALL|j_id10|{! sortByEmployee }|PageReference: none
04:40:41.0 (37460470)|CODE_UNIT_STARTED|[EXTERNAL]|01p36000003OvYr|EmployeeSkillsListController get(EmployeeSkills)
04:40:41.0 (37473020)|SYSTEM_MODE_ENTER|true
04:40:41.0 (37488090)|CODE_UNIT_STARTED|[EXTERNAL]|01p36000003OvYr|EmployeeSkillsListController invoke(getEmployeeSkills)
04:40:41.0 (37509543)|HEAP_ALLOCATE|[EXTERNAL]|Bytes:8
04:40:41.0 (37515299)|VARIABLE_SCOPE_BEGIN|[61]|this|EmployeeSkillsListController|true|false
04:40:41.0 (37534625)|VARIABLE_ASSIGNMENT|[61]|this|{"sortOrder":"Employee__c"}|0x1c349e80
04:40:41.0 (37545857)|SYSTEM_MODE_ENTER|false
04:40:41.0 (37551353)|HEAP_ALLOCATE|[64]|Bytes:5
04:40:41.0 (37555144)|STATEMENT_EXECUTE|[62]
04:40:41.0 (37556787)|STATEMENT_EXECUTE|[63]
04:40:41.0 (37564830)|HEAP_ALLOCATE|[64]|Bytes:151
04:40:41.0 (37816584)|SOQL_EXECUTE_BEGIN|[63]|Aggregations:0|SELECT  Id,Name,CreatedDate, Employee__c, Employee_Email__c,Status__c,Grade__c, Project__c FROM Employee_Skills__c ORDER BY Employee__c ASC Limit 10000
04:40:41.0 (50845406)|SOQL_EXECUTE_END|[63]|Rows:13
04:40:41.0 (50858996)|HEAP_ALLOCATE|[63]|Bytes:56
04:40:41.0 (50904634)|HEAP_ALLOCATE|[63]|Bytes:3181
04:40:41.0 (50919526)|HEAP_ALLOCATE|[63]|Bytes:56
04:40:41.0 (50931696)|VARIABLE_SCOPE_BEGIN|[63]|results|List<Employee_Skills__c>|true|false
04:40:41.0 (50946912)|VARIABLE_ASSIGNMENT|[63]|results|{"s":1,"v":"List of size 13 too large to display"}|0x700cc367
04:40:41.0 (50950690)|STATEMENT_EXECUTE|[68]
04:40:41.0 (50955551)|SYSTEM_MODE_EXIT|false
04:40:41.0 (50966917)|CODE_UNIT_FINISHED|EmployeeSkillsListController invoke(getEmployeeSkills)
04:40:41.0 (50983528)|CODE_UNIT_FINISHED|EmployeeSkillsListController get(EmployeeSkills)
04:40:41.0 (130858134)|VF_SERIALIZE_VIEWSTATE_BEGIN|06636000000wQIN
04:40:41.0 (132535202)|VF_SERIALIZE_VIEWSTATE_END
04:40:41.136 (136571540)|CUMULATIVE_LIMIT_USAGE
04:40:41.136 (136571540)|LIMIT_USAGE_FOR_NS|(default)|
  Number of SOQL queries: 2 out of 100
  Number of query rows: 26 out of 50000
  Number of SOSL queries: 0 out of 20
  Number of DML statements: 0 out of 150
  Number of DML rows: 0 out of 10000
  Maximum CPU time: 0 out of 10000
  Maximum heap size: 0 out of 6000000
  Number of callouts: 0 out of 100
  Number of Email Invocations: 0 out of 10
  Number of future calls: 0 out of 50
  Number of queueable jobs added to the queue: 0 out of 50
  Number of Mobile Apex push calls: 0 out of 10

04:40:41.136 (136571540)|CUMULATIVE_LIMIT_USAGE_END

04:40:41.0 (136622465)|CODE_UNIT_FINISHED|VF: /apex/EmployeeSkillsList
04:40:41.0 (137901013)|EXECUTION_FINISHED
