36.0 APEX_CODE,FINEST;APEX_PROFILING,INFO;CALLOUT,INFO;DB,INFO;SYSTEM,DEBUG;VALIDATION,INFO;VISUALFORCE,INFO;WORKFLOW,INFO
04:43:12.0 (65478)|EXECUTION_STARTED
04:43:12.0 (101447)|CODE_UNIT_STARTED|[EXTERNAL]|06636000001UOJW|VF: /apex/MapsEmployee
04:43:12.39 (39269103)|CUMULATIVE_LIMIT_USAGE
04:43:12.39 (39269103)|LIMIT_USAGE_FOR_NS|(default)|
  Number of SOQL queries: 0 out of 100
  Number of query rows: 0 out of 50000
  Number of SOSL queries: 0 out of 20
  Number of DML statements: 0 out of 150
  Number of DML rows: 0 out of 10000
  Maximum CPU time: 0 out of 10000
  Maximum heap size: 0 out of 6000000
  Number of callouts: 0 out of 100
  Number of Email Invocations: 0 out of 10
  Number of future calls: 0 out of 50
  Number of queueable jobs added to the queue: 0 out of 50
  Number of Mobile Apex push calls: 0 out of 10

04:43:12.39 (39269103)|CUMULATIVE_LIMIT_USAGE_END

04:43:12.0 (39330360)|CODE_UNIT_FINISHED|VF: /apex/MapsEmployee
04:43:12.0 (40398702)|EXECUTION_FINISHED
