31.0 APEX_CODE,FINEST;APEX_PROFILING,INFO;CALLOUT,INFO;DB,INFO;SYSTEM,DEBUG;VALIDATION,INFO;VISUALFORCE,INFO;WORKFLOW,INFO
04:40:30.136 (136662834)|EXECUTION_STARTED
04:40:30.136 (136716358)|CODE_UNIT_STARTED|[EXTERNAL]|06636000000wQIN|VF: /apex/EmployeeSkillsList
04:40:30.136 (138820996)|CODE_UNIT_STARTED|[EXTERNAL]|01p36000003OvYr|EmployeeSkillsListController <init>
04:40:30.136 (138835859)|SYSTEM_MODE_ENTER|true
04:40:30.136 (139453680)|HEAP_ALLOCATE|[72]|Bytes:3
04:40:30.136 (139511048)|HEAP_ALLOCATE|[77]|Bytes:152
04:40:30.136 (139527594)|HEAP_ALLOCATE|[342]|Bytes:408
04:40:30.136 (139543911)|HEAP_ALLOCATE|[355]|Bytes:408
04:40:30.136 (139559629)|HEAP_ALLOCATE|[467]|Bytes:48
04:40:30.136 (139595443)|HEAP_ALLOCATE|[139]|Bytes:6
04:40:30.136 (139620513)|HEAP_ALLOCATE|[EXTERNAL]|Bytes:28
04:40:30.136 (139631471)|METHOD_ENTRY|[47]|01p36000003OvYr|EmployeeSkillsListController.EmployeeSkillsListController()
04:40:30.136 (139635813)|STATEMENT_EXECUTE|[47]
04:40:30.136 (139642229)|STATEMENT_EXECUTE|[47]
04:40:30.136 (139677391)|HEAP_ALLOCATE|[50]|Bytes:5
04:40:30.136 (139703275)|HEAP_ALLOCATE|[56]|Bytes:5
04:40:30.136 (139712398)|HEAP_ALLOCATE|[64]|Bytes:7
04:40:30.136 (139736293)|SYSTEM_MODE_ENTER|false
04:40:30.136 (139752087)|HEAP_ALLOCATE|[EXTERNAL]|Bytes:5
04:40:30.136 (139759582)|SYSTEM_MODE_EXIT|false
04:40:30.136 (139767460)|METHOD_EXIT|[47]|EmployeeSkillsListController
04:40:30.136 (139787359)|HEAP_ALLOCATE|[EXTERNAL]|Bytes:8
04:40:30.136 (139799729)|VARIABLE_SCOPE_BEGIN|[47]|this|EmployeeSkillsListController|true|false
04:40:30.136 (139859608)|VARIABLE_ASSIGNMENT|[47]|this|{}|0x7bb4c184
04:40:30.136 (139869300)|SYSTEM_MODE_ENTER|false
04:40:30.136 (139873994)|HEAP_ALLOCATE|[48]|Bytes:5
04:40:30.136 (139883258)|HEAP_ALLOCATE|[48]|Bytes:6
04:40:30.136 (139907456)|SYSTEM_MODE_EXIT|false
04:40:30.136 (139911103)|STATEMENT_EXECUTE|[47]
04:40:30.136 (139914813)|SYSTEM_MODE_ENTER|false
04:40:30.136 (139918134)|HEAP_ALLOCATE|[48]|Bytes:5
04:40:30.136 (139920570)|STATEMENT_EXECUTE|[48]
04:40:30.136 (139923423)|HEAP_ALLOCATE|[48]|Bytes:11
04:40:30.136 (139939557)|VARIABLE_ASSIGNMENT|[48]|this.sortOrder|"CreatedDate"|0x7bb4c184
04:40:30.136 (139943628)|SYSTEM_MODE_EXIT|false
04:40:30.136 (139959814)|CODE_UNIT_FINISHED|EmployeeSkillsListController <init>
04:40:30.136 (140010478)|CODE_UNIT_STARTED|[EXTERNAL]|01p36000003OvYr|EmployeeSkillsListController get(EmployeeSkills)
04:40:30.136 (140018851)|SYSTEM_MODE_ENTER|true
04:40:30.136 (140037098)|CODE_UNIT_STARTED|[EXTERNAL]|01p36000003OvYr|EmployeeSkillsListController invoke(getEmployeeSkills)
04:40:30.136 (140070139)|HEAP_ALLOCATE|[EXTERNAL]|Bytes:8
04:40:30.136 (140079414)|VARIABLE_SCOPE_BEGIN|[61]|this|EmployeeSkillsListController|true|false
04:40:30.136 (140098582)|VARIABLE_ASSIGNMENT|[61]|this|{"sortOrder":"CreatedDate"}|0x7bb4c184
04:40:30.136 (140113874)|SYSTEM_MODE_ENTER|false
04:40:30.136 (140118671)|HEAP_ALLOCATE|[64]|Bytes:5
04:40:30.136 (140122361)|STATEMENT_EXECUTE|[62]
04:40:30.136 (140124072)|STATEMENT_EXECUTE|[63]
04:40:30.136 (140127032)|HEAP_ALLOCATE|[64]|Bytes:124
04:40:30.136 (140133024)|HEAP_ALLOCATE|[66]|Bytes:16
04:40:30.136 (140153610)|HEAP_ALLOCATE|[64]|Bytes:151
04:40:30.136 (140590631)|SOQL_EXECUTE_BEGIN|[63]|Aggregations:0|SELECT  Id,Name,CreatedDate, Employee__c, Employee_Email__c,Status__c,Grade__c, Project__c FROM Employee_Skills__c ORDER BY CreatedDate ASC Limit 10000
04:40:30.136 (258337994)|SOQL_EXECUTE_END|[63]|Rows:13
04:40:30.136 (258364795)|HEAP_ALLOCATE|[63]|Bytes:56
04:40:30.136 (258434280)|HEAP_ALLOCATE|[63]|Bytes:3181
04:40:30.136 (258502640)|HEAP_ALLOCATE|[63]|Bytes:56
04:40:30.136 (258530853)|VARIABLE_SCOPE_BEGIN|[63]|results|List<Employee_Skills__c>|true|false
04:40:30.136 (258565848)|VARIABLE_ASSIGNMENT|[63]|results|{"s":1,"v":"List of size 13 too large to display"}|0x71107dec
04:40:30.136 (258571013)|STATEMENT_EXECUTE|[68]
04:40:30.136 (258580513)|SYSTEM_MODE_EXIT|false
04:40:30.136 (258604589)|CODE_UNIT_FINISHED|EmployeeSkillsListController invoke(getEmployeeSkills)
04:40:30.136 (258631444)|CODE_UNIT_FINISHED|EmployeeSkillsListController get(EmployeeSkills)
04:40:30.136 (391146584)|VF_SERIALIZE_VIEWSTATE_BEGIN|06636000000wQIN
04:40:30.136 (400420861)|VF_SERIALIZE_VIEWSTATE_END
04:40:30.404 (404942684)|CUMULATIVE_LIMIT_USAGE
04:40:30.404 (404942684)|LIMIT_USAGE_FOR_NS|(default)|
  Number of SOQL queries: 1 out of 100
  Number of query rows: 13 out of 50000
  Number of SOSL queries: 0 out of 20
  Number of DML statements: 0 out of 150
  Number of DML rows: 0 out of 10000
  Maximum CPU time: 0 out of 10000
  Maximum heap size: 0 out of 6000000
  Number of callouts: 0 out of 100
  Number of Email Invocations: 0 out of 10
  Number of future calls: 0 out of 50
  Number of queueable jobs added to the queue: 0 out of 50
  Number of Mobile Apex push calls: 0 out of 10

04:40:30.404 (404942684)|CUMULATIVE_LIMIT_USAGE_END

04:40:30.136 (404988122)|CODE_UNIT_FINISHED|VF: /apex/EmployeeSkillsList
04:40:30.136 (406049135)|EXECUTION_FINISHED
