31.0 APEX_CODE,FINEST;APEX_PROFILING,INFO;CALLOUT,INFO;DB,INFO;SYSTEM,DEBUG;VALIDATION,INFO;VISUALFORCE,INFO;WORKFLOW,INFO
04:40:39.0 (410596)|EXECUTION_STARTED
04:40:39.0 (440273)|CODE_UNIT_STARTED|[EXTERNAL]|06636000000wQIN|VF: /apex/EmployeeSkillsList
04:40:39.0 (1163717)|VF_DESERIALIZE_VIEWSTATE_BEGIN|06636000000wQIN
04:40:39.0 (17263493)|HEAP_ALLOCATE|[72]|Bytes:3
04:40:39.0 (17324216)|HEAP_ALLOCATE|[77]|Bytes:152
04:40:39.0 (17345374)|HEAP_ALLOCATE|[342]|Bytes:408
04:40:39.0 (17364882)|HEAP_ALLOCATE|[355]|Bytes:408
04:40:39.0 (17383434)|HEAP_ALLOCATE|[467]|Bytes:48
04:40:39.0 (17425873)|HEAP_ALLOCATE|[139]|Bytes:6
04:40:39.0 (19080334)|VF_DESERIALIZE_VIEWSTATE_END
04:40:39.0 (21390015)|CODE_UNIT_STARTED|[EXTERNAL]|01p36000003OvYr|EmployeeSkillsListController get(EmployeeSkills)
04:40:39.0 (21403320)|SYSTEM_MODE_ENTER|true
04:40:39.0 (21679298)|CODE_UNIT_STARTED|[EXTERNAL]|01p36000003OvYr|EmployeeSkillsListController invoke(getEmployeeSkills)
04:40:39.0 (21735027)|HEAP_ALLOCATE|[EXTERNAL]|Bytes:28
04:40:39.0 (21755062)|METHOD_ENTRY|[47]|01p36000003OvYr|EmployeeSkillsListController.EmployeeSkillsListController()
04:40:39.0 (21760892)|STATEMENT_EXECUTE|[47]
04:40:39.0 (21768372)|STATEMENT_EXECUTE|[47]
04:40:39.0 (21806314)|HEAP_ALLOCATE|[50]|Bytes:5
04:40:39.0 (21834498)|HEAP_ALLOCATE|[56]|Bytes:5
04:40:39.0 (21843914)|HEAP_ALLOCATE|[64]|Bytes:7
04:40:39.0 (21870373)|SYSTEM_MODE_ENTER|false
04:40:39.0 (21888542)|HEAP_ALLOCATE|[EXTERNAL]|Bytes:5
04:40:39.0 (21896039)|SYSTEM_MODE_EXIT|false
04:40:39.0 (21908432)|METHOD_EXIT|[47]|EmployeeSkillsListController
04:40:39.0 (21918778)|HEAP_ALLOCATE|[EXTERNAL]|Bytes:8
04:40:39.0 (21930261)|VARIABLE_SCOPE_BEGIN|[61]|this|EmployeeSkillsListController|true|false
04:40:39.0 (22000947)|VARIABLE_ASSIGNMENT|[61]|this|{"sortOrder":"CreatedDate"}|0x4c709e54
04:40:39.0 (22018232)|SYSTEM_MODE_ENTER|false
04:40:39.0 (22023258)|HEAP_ALLOCATE|[64]|Bytes:5
04:40:39.0 (22027018)|STATEMENT_EXECUTE|[62]
04:40:39.0 (22028438)|STATEMENT_EXECUTE|[63]
04:40:39.0 (22031938)|HEAP_ALLOCATE|[64]|Bytes:124
04:40:39.0 (22038082)|HEAP_ALLOCATE|[66]|Bytes:16
04:40:39.0 (22059079)|HEAP_ALLOCATE|[64]|Bytes:151
04:40:39.0 (23732963)|SOQL_EXECUTE_BEGIN|[63]|Aggregations:0|SELECT  Id,Name,CreatedDate, Employee__c, Employee_Email__c,Status__c,Grade__c, Project__c FROM Employee_Skills__c ORDER BY CreatedDate ASC Limit 10000
04:40:39.0 (27832023)|SOQL_EXECUTE_END|[63]|Rows:13
04:40:39.0 (27858843)|HEAP_ALLOCATE|[63]|Bytes:56
04:40:39.0 (27921146)|HEAP_ALLOCATE|[63]|Bytes:3181
04:40:39.0 (27965109)|HEAP_ALLOCATE|[63]|Bytes:56
04:40:39.0 (27985666)|VARIABLE_SCOPE_BEGIN|[63]|results|List<Employee_Skills__c>|true|false
04:40:39.0 (28008260)|VARIABLE_ASSIGNMENT|[63]|results|{"s":1,"v":"List of size 13 too large to display"}|0xa01a679
04:40:39.0 (28012373)|STATEMENT_EXECUTE|[68]
04:40:39.0 (28017479)|SYSTEM_MODE_EXIT|false
04:40:39.0 (28033350)|CODE_UNIT_FINISHED|EmployeeSkillsListController invoke(getEmployeeSkills)
04:40:39.0 (28056770)|CODE_UNIT_FINISHED|EmployeeSkillsListController get(EmployeeSkills)
04:40:39.0 (30383219)|CODE_UNIT_STARTED|[EXTERNAL]|01p36000003OvYr|EmployeeSkillsListController invoke(sortByCreatedDate)
04:40:39.0 (30420792)|HEAP_ALLOCATE|[EXTERNAL]|Bytes:8
04:40:39.0 (30430173)|VARIABLE_SCOPE_BEGIN|[79]|this|EmployeeSkillsListController|true|false
04:40:39.0 (30452129)|VARIABLE_ASSIGNMENT|[79]|this|{"sortOrder":"CreatedDate"}|0x4c709e54
04:40:39.0 (30462709)|SYSTEM_MODE_ENTER|false
04:40:39.0 (30467911)|HEAP_ALLOCATE|[80]|Bytes:5
04:40:39.0 (30471668)|STATEMENT_EXECUTE|[79]
04:40:39.0 (30473287)|STATEMENT_EXECUTE|[80]
04:40:39.0 (30475957)|HEAP_ALLOCATE|[80]|Bytes:11
04:40:39.0 (30491053)|VARIABLE_ASSIGNMENT|[80]|this.sortOrder|"CreatedDate"|0x4c709e54
04:40:39.0 (30495213)|SYSTEM_MODE_EXIT|false
04:40:39.0 (30533836)|CODE_UNIT_FINISHED|EmployeeSkillsListController invoke(sortByCreatedDate)
04:40:39.0 (30566061)|VF_APEX_CALL|j_id7|{! sortByCreatedDate }|PageReference: none
04:40:39.0 (33177086)|CODE_UNIT_STARTED|[EXTERNAL]|01p36000003OvYr|EmployeeSkillsListController get(EmployeeSkills)
04:40:39.0 (33187338)|SYSTEM_MODE_ENTER|true
04:40:39.0 (33202006)|CODE_UNIT_STARTED|[EXTERNAL]|01p36000003OvYr|EmployeeSkillsListController invoke(getEmployeeSkills)
04:40:39.0 (33227629)|HEAP_ALLOCATE|[EXTERNAL]|Bytes:8
04:40:39.0 (33233142)|VARIABLE_SCOPE_BEGIN|[61]|this|EmployeeSkillsListController|true|false
04:40:39.0 (33253991)|VARIABLE_ASSIGNMENT|[61]|this|{"sortOrder":"CreatedDate"}|0x4c709e54
04:40:39.0 (33264538)|SYSTEM_MODE_ENTER|false
04:40:39.0 (33269657)|HEAP_ALLOCATE|[64]|Bytes:5
04:40:39.0 (33273544)|STATEMENT_EXECUTE|[62]
04:40:39.0 (33275200)|STATEMENT_EXECUTE|[63]
04:40:39.0 (33282263)|HEAP_ALLOCATE|[64]|Bytes:151
04:40:39.0 (33544780)|SOQL_EXECUTE_BEGIN|[63]|Aggregations:0|SELECT  Id,Name,CreatedDate, Employee__c, Employee_Email__c,Status__c,Grade__c, Project__c FROM Employee_Skills__c ORDER BY CreatedDate ASC Limit 10000
04:40:39.0 (35971171)|SOQL_EXECUTE_END|[63]|Rows:13
04:40:39.0 (35993734)|HEAP_ALLOCATE|[63]|Bytes:56
04:40:39.0 (36040807)|HEAP_ALLOCATE|[63]|Bytes:3181
04:40:39.0 (36057716)|HEAP_ALLOCATE|[63]|Bytes:56
04:40:39.0 (36069549)|VARIABLE_SCOPE_BEGIN|[63]|results|List<Employee_Skills__c>|true|false
04:40:39.0 (36084692)|VARIABLE_ASSIGNMENT|[63]|results|{"s":1,"v":"List of size 13 too large to display"}|0x50ccdf1f
04:40:39.0 (36088072)|STATEMENT_EXECUTE|[68]
04:40:39.0 (36093060)|SYSTEM_MODE_EXIT|false
04:40:39.0 (36104862)|CODE_UNIT_FINISHED|EmployeeSkillsListController invoke(getEmployeeSkills)
04:40:39.0 (36121044)|CODE_UNIT_FINISHED|EmployeeSkillsListController get(EmployeeSkills)
04:40:39.0 (119709554)|VF_SERIALIZE_VIEWSTATE_BEGIN|06636000000wQIN
04:40:39.0 (121353562)|VF_SERIALIZE_VIEWSTATE_END
04:40:39.125 (125378941)|CUMULATIVE_LIMIT_USAGE
04:40:39.125 (125378941)|LIMIT_USAGE_FOR_NS|(default)|
  Number of SOQL queries: 2 out of 100
  Number of query rows: 26 out of 50000
  Number of SOSL queries: 0 out of 20
  Number of DML statements: 0 out of 150
  Number of DML rows: 0 out of 10000
  Maximum CPU time: 0 out of 10000
  Maximum heap size: 0 out of 6000000
  Number of callouts: 0 out of 100
  Number of Email Invocations: 0 out of 10
  Number of future calls: 0 out of 50
  Number of queueable jobs added to the queue: 0 out of 50
  Number of Mobile Apex push calls: 0 out of 10

04:40:39.125 (125378941)|CUMULATIVE_LIMIT_USAGE_END

04:40:39.0 (125440655)|CODE_UNIT_FINISHED|VF: /apex/EmployeeSkillsList
04:40:39.0 (126434524)|EXECUTION_FINISHED
