36.0 APEX_CODE,FINEST;APEX_PROFILING,INFO;CALLOUT,INFO;DB,INFO;SYSTEM,DEBUG;VALIDATION,INFO;VISUALFORCE,INFO;WORKFLOW,INFO
04:50:19.0 (444613)|EXECUTION_STARTED
04:50:19.0 (472204)|CODE_UNIT_STARTED|[EXTERNAL]|06636000001UOJW|VF: /apex/MapsEmployee
04:50:19.46 (46730307)|CUMULATIVE_LIMIT_USAGE
04:50:19.46 (46730307)|LIMIT_USAGE_FOR_NS|(default)|
  Number of SOQL queries: 0 out of 100
  Number of query rows: 0 out of 50000
  Number of SOSL queries: 0 out of 20
  Number of DML statements: 0 out of 150
  Number of DML rows: 0 out of 10000
  Maximum CPU time: 0 out of 10000
  Maximum heap size: 0 out of 6000000
  Number of callouts: 0 out of 100
  Number of Email Invocations: 0 out of 10
  Number of future calls: 0 out of 50
  Number of queueable jobs added to the queue: 0 out of 50
  Number of Mobile Apex push calls: 0 out of 10

04:50:19.46 (46730307)|CUMULATIVE_LIMIT_USAGE_END

04:50:19.0 (46796277)|CODE_UNIT_FINISHED|VF: /apex/MapsEmployee
04:50:19.0 (47841767)|EXECUTION_FINISHED
