31.0 APEX_CODE,FINEST;APEX_PROFILING,INFO;CALLOUT,INFO;DB,INFO;SYSTEM,DEBUG;VALIDATION,INFO;VISUALFORCE,INFO;WORKFLOW,INFO
04:40:52.0 (431509)|EXECUTION_STARTED
04:40:52.0 (468887)|CODE_UNIT_STARTED|[EXTERNAL]|06636000000wQIN|VF: /apex/EmployeeSkillsList
04:40:52.0 (7578137)|CODE_UNIT_STARTED|[EXTERNAL]|01p36000003OvYr|EmployeeSkillsListController <init>
04:40:52.0 (7590889)|SYSTEM_MODE_ENTER|true
04:40:52.0 (8051699)|HEAP_ALLOCATE|[72]|Bytes:3
04:40:52.0 (8102080)|HEAP_ALLOCATE|[77]|Bytes:152
04:40:52.0 (8120898)|HEAP_ALLOCATE|[342]|Bytes:408
04:40:52.0 (8140145)|HEAP_ALLOCATE|[355]|Bytes:408
04:40:52.0 (8158138)|HEAP_ALLOCATE|[467]|Bytes:48
04:40:52.0 (8192164)|HEAP_ALLOCATE|[139]|Bytes:6
04:40:52.0 (8210869)|HEAP_ALLOCATE|[EXTERNAL]|Bytes:28
04:40:52.0 (8226681)|METHOD_ENTRY|[47]|01p36000003OvYr|EmployeeSkillsListController.EmployeeSkillsListController()
04:40:52.0 (8231749)|STATEMENT_EXECUTE|[47]
04:40:52.0 (8239205)|STATEMENT_EXECUTE|[47]
04:40:52.0 (8274984)|HEAP_ALLOCATE|[50]|Bytes:5
04:40:52.0 (8301535)|HEAP_ALLOCATE|[56]|Bytes:5
04:40:52.0 (8310400)|HEAP_ALLOCATE|[64]|Bytes:7
04:40:52.0 (8331576)|SYSTEM_MODE_ENTER|false
04:40:52.0 (8352542)|HEAP_ALLOCATE|[EXTERNAL]|Bytes:5
04:40:52.0 (8360510)|SYSTEM_MODE_EXIT|false
04:40:52.0 (8375862)|METHOD_EXIT|[47]|EmployeeSkillsListController
04:40:52.0 (8394595)|HEAP_ALLOCATE|[EXTERNAL]|Bytes:8
04:40:52.0 (8407971)|VARIABLE_SCOPE_BEGIN|[47]|this|EmployeeSkillsListController|true|false
04:40:52.0 (8475139)|VARIABLE_ASSIGNMENT|[47]|this|{}|0x5d2f2abc
04:40:52.0 (8485547)|SYSTEM_MODE_ENTER|false
04:40:52.0 (8491016)|HEAP_ALLOCATE|[48]|Bytes:5
04:40:52.0 (8500037)|HEAP_ALLOCATE|[48]|Bytes:6
04:40:52.0 (8527178)|SYSTEM_MODE_EXIT|false
04:40:52.0 (8531026)|STATEMENT_EXECUTE|[47]
04:40:52.0 (8535015)|SYSTEM_MODE_ENTER|false
04:40:52.0 (8538325)|HEAP_ALLOCATE|[48]|Bytes:5
04:40:52.0 (8540819)|STATEMENT_EXECUTE|[48]
04:40:52.0 (8544155)|HEAP_ALLOCATE|[48]|Bytes:11
04:40:52.0 (8561897)|VARIABLE_ASSIGNMENT|[48]|this.sortOrder|"CreatedDate"|0x5d2f2abc
04:40:52.0 (8566064)|SYSTEM_MODE_EXIT|false
04:40:52.0 (8582057)|CODE_UNIT_FINISHED|EmployeeSkillsListController <init>
04:40:52.0 (8630580)|CODE_UNIT_STARTED|[EXTERNAL]|01p36000003OvYr|EmployeeSkillsListController get(EmployeeSkills)
04:40:52.0 (8638226)|SYSTEM_MODE_ENTER|true
04:40:52.0 (8656678)|CODE_UNIT_STARTED|[EXTERNAL]|01p36000003OvYr|EmployeeSkillsListController invoke(getEmployeeSkills)
04:40:52.0 (8694682)|HEAP_ALLOCATE|[EXTERNAL]|Bytes:8
04:40:52.0 (8704801)|VARIABLE_SCOPE_BEGIN|[61]|this|EmployeeSkillsListController|true|false
04:40:52.0 (8724536)|VARIABLE_ASSIGNMENT|[61]|this|{"sortOrder":"CreatedDate"}|0x5d2f2abc
04:40:52.0 (8740663)|SYSTEM_MODE_ENTER|false
04:40:52.0 (8745763)|HEAP_ALLOCATE|[64]|Bytes:5
04:40:52.0 (8749177)|STATEMENT_EXECUTE|[62]
04:40:52.0 (8750659)|STATEMENT_EXECUTE|[63]
04:40:52.0 (8753533)|HEAP_ALLOCATE|[64]|Bytes:124
04:40:52.0 (8759953)|HEAP_ALLOCATE|[66]|Bytes:16
04:40:52.0 (8779841)|HEAP_ALLOCATE|[64]|Bytes:151
04:40:52.0 (10616177)|SOQL_EXECUTE_BEGIN|[63]|Aggregations:0|SELECT  Id,Name,CreatedDate, Employee__c, Employee_Email__c,Status__c,Grade__c, Project__c FROM Employee_Skills__c ORDER BY CreatedDate ASC Limit 10000
04:40:52.0 (14542267)|SOQL_EXECUTE_END|[63]|Rows:13
04:40:52.0 (14565256)|HEAP_ALLOCATE|[63]|Bytes:56
04:40:52.0 (14624293)|HEAP_ALLOCATE|[63]|Bytes:3181
04:40:52.0 (14668516)|HEAP_ALLOCATE|[63]|Bytes:56
04:40:52.0 (14683900)|VARIABLE_SCOPE_BEGIN|[63]|results|List<Employee_Skills__c>|true|false
04:40:52.0 (14708080)|VARIABLE_ASSIGNMENT|[63]|results|{"s":1,"v":"List of size 13 too large to display"}|0x67ae4225
04:40:52.0 (14711561)|STATEMENT_EXECUTE|[68]
04:40:52.0 (14716723)|SYSTEM_MODE_EXIT|false
04:40:52.0 (14730179)|CODE_UNIT_FINISHED|EmployeeSkillsListController invoke(getEmployeeSkills)
04:40:52.0 (14745778)|CODE_UNIT_FINISHED|EmployeeSkillsListController get(EmployeeSkills)
04:40:52.0 (130624075)|VF_SERIALIZE_VIEWSTATE_BEGIN|06636000000wQIN
04:40:52.0 (139446236)|VF_SERIALIZE_VIEWSTATE_END
04:40:52.144 (144207002)|CUMULATIVE_LIMIT_USAGE
04:40:52.144 (144207002)|LIMIT_USAGE_FOR_NS|(default)|
  Number of SOQL queries: 1 out of 100
  Number of query rows: 13 out of 50000
  Number of SOSL queries: 0 out of 20
  Number of DML statements: 0 out of 150
  Number of DML rows: 0 out of 10000
  Maximum CPU time: 0 out of 10000
  Maximum heap size: 0 out of 6000000
  Number of callouts: 0 out of 100
  Number of Email Invocations: 0 out of 10
  Number of future calls: 0 out of 50
  Number of queueable jobs added to the queue: 0 out of 50
  Number of Mobile Apex push calls: 0 out of 10

04:40:52.144 (144207002)|CUMULATIVE_LIMIT_USAGE_END

04:40:52.0 (144271407)|CODE_UNIT_FINISHED|VF: /apex/EmployeeSkillsList
04:40:52.0 (145259956)|EXECUTION_FINISHED
