36.0 APEX_CODE,FINEST;APEX_PROFILING,INFO;CALLOUT,INFO;DB,INFO;SYSTEM,DEBUG;VALIDATION,INFO;VISUALFORCE,INFO;WORKFLOW,INFO
13:39:51.0 (565337)|EXECUTION_STARTED
13:39:51.0 (602177)|CODE_UNIT_STARTED|[EXTERNAL]|01p36000004ZxaQ|AccountController.findAll
13:39:51.0 (1020544)|HEAP_ALLOCATE|[72]|Bytes:3
13:39:51.0 (1099631)|HEAP_ALLOCATE|[77]|Bytes:152
13:39:51.0 (1114761)|HEAP_ALLOCATE|[342]|Bytes:408
13:39:51.0 (1130371)|HEAP_ALLOCATE|[355]|Bytes:408
13:39:51.0 (1144919)|HEAP_ALLOCATE|[467]|Bytes:48
13:39:51.0 (1176556)|HEAP_ALLOCATE|[139]|Bytes:6
13:39:51.0 (1193596)|HEAP_ALLOCATE|[EXTERNAL]|Bytes:4
13:39:51.0 (1241600)|METHOD_ENTRY|[1]|01p36000004ZxaQ|AccountController.AccountController()
13:39:51.0 (1246116)|STATEMENT_EXECUTE|[1]
13:39:51.0 (1252276)|STATEMENT_EXECUTE|[1]
13:39:51.0 (1284965)|HEAP_ALLOCATE|[50]|Bytes:5
13:39:51.0 (1306788)|HEAP_ALLOCATE|[56]|Bytes:5
13:39:51.0 (1315498)|HEAP_ALLOCATE|[64]|Bytes:7
13:39:51.0 (1340301)|SYSTEM_MODE_ENTER|false
13:39:51.0 (1486875)|HEAP_ALLOCATE|[EXTERNAL]|Bytes:5
13:39:51.0 (1498542)|SYSTEM_MODE_EXIT|false
13:39:51.0 (1509943)|METHOD_EXIT|[1]|AccountController
13:39:51.0 (1520550)|SYSTEM_MODE_ENTER|false
13:39:51.0 (1534719)|HEAP_ALLOCATE|[5]|Bytes:5
13:39:51.0 (1538962)|STATEMENT_EXECUTE|[4]
13:39:51.0 (1540369)|STATEMENT_EXECUTE|[5]
13:39:51.0 (1543574)|HEAP_ALLOCATE|[5]|Bytes:157
13:39:51.0 (1552149)|HEAP_ALLOCATE|[5]|Bytes:4
13:39:51.0 (3318386)|SOQL_EXECUTE_BEGIN|[5]|Aggregations:0|SELECT id, name, Location__Latitude__s, Location__Longitude__s FROM Account WHERE (Location__Latitude__s != NULL AND Location__Longitude__s != NULL) LIMIT 50
13:39:51.0 (7088799)|SOQL_EXECUTE_END|[5]|Rows:3
13:39:51.0 (7103920)|HEAP_ALLOCATE|[5]|Bytes:16
13:39:51.0 (7123593)|HEAP_ALLOCATE|[5]|Bytes:520
13:39:51.0 (7155256)|HEAP_ALLOCATE|[5]|Bytes:16
13:39:51.0 (7175597)|SYSTEM_MODE_EXIT|false
13:39:51.7 (7219744)|CUMULATIVE_LIMIT_USAGE
13:39:51.7 (7219744)|LIMIT_USAGE_FOR_NS|(default)|
  Number of SOQL queries: 1 out of 100
  Number of query rows: 3 out of 50000
  Number of SOSL queries: 0 out of 20
  Number of DML statements: 0 out of 150
  Number of DML rows: 0 out of 10000
  Maximum CPU time: 0 out of 10000
  Maximum heap size: 0 out of 6000000
  Number of callouts: 0 out of 100
  Number of Email Invocations: 0 out of 10
  Number of future calls: 0 out of 50
  Number of queueable jobs added to the queue: 0 out of 50
  Number of Mobile Apex push calls: 0 out of 10

13:39:51.7 (7219744)|CUMULATIVE_LIMIT_USAGE_END

13:39:51.0 (7263270)|CODE_UNIT_FINISHED|AccountController.findAll
13:39:51.0 (9486894)|EXECUTION_FINISHED
