36.0 APEX_CODE,FINEST;APEX_PROFILING,INFO;CALLOUT,INFO;DB,INFO;SYSTEM,DEBUG;VALIDATION,INFO;VISUALFORCE,INFO;WORKFLOW,INFO
13:33:56.0 (577870)|EXECUTION_STARTED
13:33:56.0 (627942)|CODE_UNIT_STARTED|[EXTERNAL]|01p36000004ZxaQ|AccountController.findAll
13:33:56.0 (916206)|HEAP_ALLOCATE|[72]|Bytes:3
13:33:56.0 (999345)|HEAP_ALLOCATE|[77]|Bytes:152
13:33:56.0 (1014839)|HEAP_ALLOCATE|[342]|Bytes:408
13:33:56.0 (1031345)|HEAP_ALLOCATE|[355]|Bytes:408
13:33:56.0 (1045560)|HEAP_ALLOCATE|[467]|Bytes:48
13:33:56.0 (1078436)|HEAP_ALLOCATE|[139]|Bytes:6
13:33:56.0 (1110896)|HEAP_ALLOCATE|[EXTERNAL]|Bytes:4
13:33:56.0 (1152136)|METHOD_ENTRY|[1]|01p36000004ZxaQ|AccountController.AccountController()
13:33:56.0 (1159406)|STATEMENT_EXECUTE|[1]
13:33:56.0 (1166078)|STATEMENT_EXECUTE|[1]
13:33:56.0 (1202324)|HEAP_ALLOCATE|[50]|Bytes:5
13:33:56.0 (1230001)|HEAP_ALLOCATE|[56]|Bytes:5
13:33:56.0 (1239686)|HEAP_ALLOCATE|[64]|Bytes:7
13:33:56.0 (1263856)|SYSTEM_MODE_ENTER|false
13:33:56.0 (1283855)|HEAP_ALLOCATE|[EXTERNAL]|Bytes:5
13:33:56.0 (1293244)|SYSTEM_MODE_EXIT|false
13:33:56.0 (1312418)|METHOD_EXIT|[1]|AccountController
13:33:56.0 (1323258)|SYSTEM_MODE_ENTER|false
13:33:56.0 (1344649)|HEAP_ALLOCATE|[5]|Bytes:5
13:33:56.0 (1350930)|STATEMENT_EXECUTE|[4]
13:33:56.0 (1353810)|STATEMENT_EXECUTE|[5]
13:33:56.0 (1358874)|HEAP_ALLOCATE|[5]|Bytes:157
13:33:56.0 (1370408)|HEAP_ALLOCATE|[5]|Bytes:4
13:33:56.0 (3081577)|SOQL_EXECUTE_BEGIN|[5]|Aggregations:0|SELECT id, name, Location__Latitude__s, Location__Longitude__s FROM Account WHERE (Location__Latitude__s != NULL AND Location__Longitude__s != NULL) LIMIT 50
13:33:56.0 (7095874)|SOQL_EXECUTE_END|[5]|Rows:3
13:33:56.0 (7111136)|HEAP_ALLOCATE|[5]|Bytes:16
13:33:56.0 (7126515)|HEAP_ALLOCATE|[5]|Bytes:520
13:33:56.0 (7170094)|HEAP_ALLOCATE|[5]|Bytes:16
13:33:56.0 (7195560)|SYSTEM_MODE_EXIT|false
13:33:56.7 (7238435)|CUMULATIVE_LIMIT_USAGE
13:33:56.7 (7238435)|LIMIT_USAGE_FOR_NS|(default)|
  Number of SOQL queries: 1 out of 100
  Number of query rows: 3 out of 50000
  Number of SOSL queries: 0 out of 20
  Number of DML statements: 0 out of 150
  Number of DML rows: 0 out of 10000
  Maximum CPU time: 0 out of 10000
  Maximum heap size: 0 out of 6000000
  Number of callouts: 0 out of 100
  Number of Email Invocations: 0 out of 10
  Number of future calls: 0 out of 50
  Number of queueable jobs added to the queue: 0 out of 50
  Number of Mobile Apex push calls: 0 out of 10

13:33:56.7 (7238435)|CUMULATIVE_LIMIT_USAGE_END

13:33:56.0 (7279266)|CODE_UNIT_FINISHED|AccountController.findAll
13:33:56.0 (9045363)|EXECUTION_FINISHED
