36.0 APEX_CODE,FINEST;APEX_PROFILING,INFO;CALLOUT,INFO;DB,INFO;SYSTEM,DEBUG;VALIDATION,INFO;VISUALFORCE,INFO;WORKFLOW,INFO
09:04:09.0 (425458)|EXECUTION_STARTED
09:04:09.0 (455043)|CODE_UNIT_STARTED|[EXTERNAL]|0663600000274j4|VF: /apex/EmployeeFormSDLS
09:04:09.40 (40352678)|CUMULATIVE_LIMIT_USAGE
09:04:09.40 (40352678)|LIMIT_USAGE_FOR_NS|(default)|
  Number of SOQL queries: 0 out of 100
  Number of query rows: 0 out of 50000
  Number of SOSL queries: 0 out of 20
  Number of DML statements: 0 out of 150
  Number of DML rows: 0 out of 10000
  Maximum CPU time: 0 out of 10000
  Maximum heap size: 0 out of 6000000
  Number of callouts: 0 out of 100
  Number of Email Invocations: 0 out of 10
  Number of future calls: 0 out of 50
  Number of queueable jobs added to the queue: 0 out of 50
  Number of Mobile Apex push calls: 0 out of 10

09:04:09.40 (40352678)|CUMULATIVE_LIMIT_USAGE_END

09:04:09.0 (40399908)|CODE_UNIT_FINISHED|VF: /apex/EmployeeFormSDLS
09:04:09.0 (41596185)|EXECUTION_FINISHED
